# starting on alcc114 at Sat Apr 15 07:54:54 CEST 2017
# ../casimir_fixed -R 75e-6 -L 125e-9 -T 295 --material ../../data/materials/GoldEpsIm.dat --cutoff 1e-12 --epsrel 1e-9 --eta 8

# L      = 1.25e-07
# R      = 7.5e-05
# LbyR   = 0.00166666666666667
# T      = 295
# cutoff = 1e-12
# epsrel = 1e-09
# ldim   = 4800
# cores  = 32
# alpha  = 0.00332778702163062
# filename = ../../data/materials/GoldEpsIm.dat
# model  = optical data (xi=0: Drude)
# plasma = -153.583563275334 (logdetD(xi=0) for plasma model with omegap=9eV)
#
# xi=0, logdetD=-89.6145931756119, t=56.5929
# xi=60.8096696777551, logdetD=-113.808083283011, t=282.817
# xi=121.61933935551, logdetD=-85.8521403785591, t=296.234
# xi=182.429009033265, logdetD=-65.0738467026665, t=300.795
# xi=243.23867871102, logdetD=-49.5508412497614, t=313.711
# xi=304.048348388775, logdetD=-37.8689150867936, t=324.287
# xi=364.858018066531, logdetD=-29.0268598186038, t=340.363
# xi=425.667687744286, logdetD=-22.3199472012329, t=361.324
# xi=486.477357422041, logdetD=-17.1888228001111, t=377.235
# xi=547.287027099796, logdetD=-13.262442851292, t=385.78
# xi=608.096696777551, logdetD=-10.2423569574695, t=398.87
# xi=668.906366455306, logdetD=-7.93318373116944, t=407.44
# xi=729.716036133061, logdetD=-6.14788949703855, t=413.325
# xi=790.525705810816, logdetD=-4.77294359459194, t=416.459
# xi=851.335375488571, logdetD=-3.71021653098959, t=418.152
# xi=912.145045166326, logdetD=-2.88642657045264, t=417.053
# xi=972.954714844081, logdetD=-2.24974192213676, t=414.04
# xi=1033.76438452184, logdetD=-1.75447934232192, t=413.36
# xi=1094.57405419959, logdetD=-1.37004574654721, t=410.65
# xi=1155.38372387735, logdetD=-1.07086583915631, t=413.187
# xi=1216.1933935551, logdetD=-0.837600504353995, t=413.384
# xi=1277.00306323286, logdetD=-0.656017803861287, t=413.569
# xi=1337.81273291061, logdetD=-0.514060470353143, t=414.092
# xi=1398.62240258837, logdetD=-0.403232466329743, t=413.992
# xi=1459.43207226612, logdetD=-0.316530995767665, t=411.31
# xi=1520.24174194388, logdetD=-0.248618906129967, t=408.144
# xi=1581.05141162163, logdetD=-0.195472445544272, t=408.975
# xi=1641.86108129939, logdetD=-0.153754294895829, t=407.816
# xi=1702.67075097714, logdetD=-0.121038688258975, t=405.873
# xi=1763.4804206549, logdetD=-0.0953398719483247, t=405.388
# xi=1824.29009033265, logdetD=-0.0751353831023815, t=406.081
# xi=1885.09976001041, logdetD=-0.0592588187219729, t=405.897
# xi=1945.90942968816, logdetD=-0.0467546793051138, t=405.039
# xi=2006.71909936592, logdetD=-0.0369139200402638, t=393.414
# xi=2067.52876904367, logdetD=-0.0291582100117212, t=394.656
# xi=2128.33843872143, logdetD=-0.0230420406302788, t=393.275
# xi=2189.14810839918, logdetD=-0.0182202062853638, t=394.187
# xi=2249.95777807694, logdetD=-0.014412089963659, t=393.367
# xi=2310.76744775469, logdetD=-0.0114063761970736, t=391.414
# xi=2371.57711743245, logdetD=-0.00903105467956778, t=390.687
# xi=2432.3867871102, logdetD=-0.00715310238560667, t=390.949
# xi=2493.19645678796, logdetD=-0.00566858196371914, t=380.435
# xi=2554.00612646571, logdetD=-0.00449342443480161, t=381.346
# xi=2614.81579614347, logdetD=-0.00356362899288717, t=379.7
# xi=2675.62546582122, logdetD=-0.00282716000443137, t=380.478
# xi=2736.43513549898, logdetD=-0.00224364362343959, t=378.195
# xi=2797.24480517673, logdetD=-0.00178133253247076, t=373.354
# xi=2858.05447485449, logdetD=-0.00141463390421619, t=369.205
# xi=2918.86414453224, logdetD=-0.00112390006582863, t=367.859
# xi=2979.67381421, logdetD=-0.000893167434225337, t=368.239
# xi=3040.48348388775, logdetD=-0.000710015007884464, t=360.86
# xi=3101.29315356551, logdetD=-0.000564626934249736, t=358.791
# xi=3162.10282324326, logdetD=-0.000449108260357064, t=356.985
# xi=3222.91249292102, logdetD=-0.00035735761640355, t=355.239
# xi=3283.72216259877, logdetD=-0.000284419604055055, t=354.172
# xi=3344.53183227653, logdetD=-0.00022642900526891, t=350.445
# xi=3405.34150195428, logdetD=-0.000180319049804143, t=345.905
# xi=3466.15117163204, logdetD=-0.000143626975211173, t=343.389
# xi=3526.9608413098, logdetD=-0.000114439237448188, t=340.165
# xi=3587.77051098755, logdetD=-9.12020269472944e-05, t=332.775
# xi=3648.58018066531, logdetD=-7.27007276096797e-05, t=335.056
# xi=3709.38985034306, logdetD=-5.79684785478826e-05, t=327.237
# xi=3770.19952002082, logdetD=-4.62296916950581e-05, t=328.356
# xi=3831.00918969857, logdetD=-3.69128972483317e-05, t=324.065
# xi=3891.81885937633, logdetD=-2.95062614876763e-05, t=315.47
# xi=3952.62852905408, logdetD=-2.35722876745526e-05, t=315.368
# xi=4013.43819873184, logdetD=-1.88204130450092e-05, t=312.979
# xi=4074.24786840959, logdetD=-1.50170303541143e-05, t=303.404
# xi=4135.05753808735, logdetD=-1.1974389979937e-05, t=302.35
# xi=4195.8672077651, logdetD=-9.5483453133659e-06, t=298.314
# xi=4256.67687744286, logdetD=-7.64128918844532e-06, t=293.434
# xi=4317.48654712061, logdetD=-6.11215299763277e-06, t=290.524
# xi=4378.29621679837, logdetD=-4.8865452821549e-06, t=286.128
# xi=4439.10588647612, logdetD=-3.90463435043792e-06, t=276.798
# xi=4499.91555615388, logdetD=-3.11831380882493e-06, t=275.257
# xi=4560.72522583163, logdetD=-2.48891329610127e-06, t=272.173
# xi=4621.53489550939, logdetD=-1.99287747684499e-06, t=262.396
# xi=4682.34456518714, logdetD=-1.59580408155249e-06, t=257.909
# xi=4743.1542348649, logdetD=-1.27728977224e-06, t=256.548
# xi=4803.96390454265, logdetD=-1.02188921128422e-06, t=249.321
# xi=4864.77357422041, logdetD=-8.1717388273021e-07, t=246.73
# xi=4925.58324389816, logdetD=-6.53151044042199e-07, t=240.055
# xi=4986.39291357592, logdetD=-5.22993728451656e-07, t=232.658
# xi=5047.20258325367, logdetD=-4.19189001433462e-07, t=230.864
# xi=5108.01225293143, logdetD=-3.35861146910295e-07, t=222.18
# xi=5168.82192260918, logdetD=-2.68992236532695e-07, t=219.906
# xi=5229.63159228694, logdetD=-2.15349818606353e-07, t=209.955
# xi=5290.44126196469, logdetD=-1.72332398136535e-07, t=208.586
# xi=5351.25093164245, logdetD=-1.38011079998759e-07, t=197.135
# xi=5412.0606013202, logdetD=-1.10712387162653e-07, t=196.06
# xi=5472.87027099796, logdetD=-8.87839720591388e-08, t=195.786
#
# L/R, L, R, T, ldim, F*(L+R)/(ħc)
0.001666666666666667, 1.25e-07, 7.499999999999999e-05, 295, 4800, -10158.13794852033
# finished at Sat Apr 15 16:27:59 CEST 2017
