# compiler: gcc
# compile time: Mar 16 2018 09:39:59
# compiled on: Linux jonas.physik.uni-augsburg.de 4.9.0-6-amd64 #1 SMP Debian 4.9.82-1+deb9u2 (2018-02-21) x86_64 GNU/Linux
# LAPACK support: false
# git HEAD: d8690740b22f555dc742fbe5355a8f48d72307b3
# git branch: master
# pid: 14286
# start time: Sat Mar 17 07:30:55 2018
#
# LbyR = 0.00353
# RbyL = 283.28611898017
# L = 7.06e-07
# R = 0.0002
# high-temperature limit
# cutoff = 1e-12
# epsrel = 1e-06
# iepsrel = 1e-09
# ldim = 2833
# cores = 8
# alpha = 0.00703516586449832
# omegap = 9
# gamma = 0
#
# L/R, L, R, ldim, omegap, F_Drude/(kB*T), F_PR/(kB*T), F_Plasma/(kB*T)
0.00353, 7.06e-07, 0.0002, 2833, 9, -42.0578311667869, -82.16484980418235, -79.71748975373558
