# compiler: gcc
# compile time: Mar 16 2018 09:39:59
# compiled on: Linux jonas.physik.uni-augsburg.de 4.9.0-6-amd64 #1 SMP Debian 4.9.82-1+deb9u2 (2018-02-21) x86_64 GNU/Linux
# LAPACK support: false
# git HEAD: d8690740b22f555dc742fbe5355a8f48d72307b3
# git branch: master
# pid: 16417
# start time: Sat Mar 17 07:42:38 2018
#
# LbyR = 0.00421
# RbyL = 237.529691211401
# L = 8.42e-07
# R = 0.0002
# high-temperature limit
# cutoff = 1e-12
# epsrel = 1e-06
# iepsrel = 1e-09
# ldim = 2376
# cores = 8
# alpha = 0.00838470041126856
# omegap = 9
# gamma = 0
#
# L/R, L, R, ldim, omegap, F_Drude/(kB*T), F_PR/(kB*T), F_Plasma/(kB*T)
0.00421, 8.42e-07, 0.0002, 2376, 9, -35.19070396334385, -68.55485795092443, -66.82214277780176
