# starting on alcc115 at Wed Apr 12 19:29:34 CEST 2017
# ../casimir_fixed -R 30e-6 -L 655e-9 -T 295 --material ../../data/materials/GoldEpsIm.dat --cutoff 1e-12 --epsrel 1e-9 --eta 9

# L      = 6.55e-07
# R      = 3e-05
# LbyR   = 0.0218333333333333
# T      = 295
# cutoff = 1e-12
# epsrel = 1e-09
# ldim   = 413
# cores  = 9
# alpha  = 0.0427336486706899
# filename = ../../data/materials/GoldEpsIm.dat
# model  = optical data (xi=0: Drude)
# plasma = -11.6722062346107 (logdetD(xi=0) for plasma model with omegap=9eV)
#
# xi=0, logdetD=-6.47206855201456, t=1.18434
# xi=24.8135830145968, logdetD=-3.71082954540796, t=7.03584
# xi=49.6271660291935, logdetD=-1.17776888938457, t=7.42634
# xi=74.4407490437903, logdetD=-0.379739393643299, t=7.97286
# xi=99.2543320583871, logdetD=-0.123097103237079, t=8.93524
# xi=124.067915072984, logdetD=-0.0399989968276383, t=9.50996
# xi=148.881498087581, logdetD=-0.0130177925461239, t=9.61267
# xi=173.695081102177, logdetD=-0.00424554409970747, t=9.32737
# xi=198.508664116774, logdetD=-0.00138571683028324, t=9.22637
# xi=223.322247131371, logdetD=-0.000452929821592093, t=8.8081
# xi=248.135830145968, logdetD=-0.000148133425889975, t=8.46375
# xi=272.949413160565, logdetD=-4.85833571582063e-05, t=8.38547
# xi=297.762996175161, logdetD=-1.59409152471539e-05, t=7.92718
# xi=322.576579189758, logdetD=-5.23985873132725e-06, t=7.59511
# xi=347.390162204355, logdetD=-1.72460015816603e-06, t=7.28909
# xi=372.203745218952, logdetD=-5.68092287499334e-07, t=6.68275
# xi=397.017328233548, logdetD=-1.87496063441173e-07, t=6.24619
# xi=421.830911248145, logdetD=-6.19191568980582e-08, t=5.99663
# xi=446.644494262742, logdetD=-2.04764448709132e-08, t=5.68801
# xi=471.458077277339, logdetD=-6.7782155125849e-09, t=5.5981
# xi=496.271660291935, logdetD=-2.245378813681e-09, t=5.60401
#
# L/R, L, R, T, ldim, F*(L+R)/(ħc)
0.02183333333333333, 6.55e-07, 3e-05, 295, 413, -68.61182364010595
# finished at Wed Apr 12 19:32:09 CEST 2017
