# starting on alcc116 at Wed Apr 12 19:22:06 CEST 2017
# ../casimir_fixed -R 30e-6 -L 785e-9 -T 295 --material ../../data/materials/GoldEpsIm.dat --cutoff 1e-12 --epsrel 1e-9 --eta 9

# L      = 7.85e-07
# R      = 3e-05
# LbyR   = 0.0261666666666667
# T      = 295
# cutoff = 1e-12
# epsrel = 1e-09
# ldim   = 344
# cores  = 9
# alpha  = 0.0509988630826701
# filename = ../../data/materials/GoldEpsIm.dat
# model  = optical data (xi=0: Drude)
# plasma = -9.62051071011784 (logdetD(xi=0) for plasma model with omegap=9eV)
#
# xi=0, logdetD=-5.34402151369314, t=0.922764
# xi=24.9188110619593, logdetD=-2.49506982774095, t=4.88724
# xi=49.8376221239185, logdetD=-0.643817019244675, t=5.22611
# xi=74.7564331858778, logdetD=-0.168531293425879, t=5.64794
# xi=99.6752442478371, logdetD=-0.0442975321983612, t=6.37527
# xi=124.594055309796, logdetD=-0.0116641121442529, t=6.35079
# xi=149.512866371756, logdetD=-0.00307546503508053, t=6.34079
# xi=174.431677433715, logdetD=-0.000812547198464443, t=6.11333
# xi=199.350488495674, logdetD=-0.000214846491029523, t=5.9633
# xi=224.269299557633, logdetD=-5.68888090024986e-05, t=5.8039
# xi=249.188110619593, logdetD=-1.50728317508644e-05, t=5.46693
# xi=274.106921681552, logdetD=-4.00476570022907e-06, t=5.20627
# xi=299.025732743511, logdetD=-1.06450851923915e-06, t=4.91549
# xi=323.944543805471, logdetD=-2.83463591347365e-07, t=4.4609
# xi=348.86335486743, logdetD=-7.55787825152046e-08, t=4.20353
# xi=373.782165929389, logdetD=-2.01675383196218e-08, t=3.95949
# xi=398.700976991348, logdetD=-5.391808699379e-09, t=3.94809
# xi=423.619788053308, logdetD=-1.44231006686849e-09, t=3.9598
#
# L/R, L, R, T, ldim, F*(L+R)/(ħc)
0.02616666666666666, 7.85e-07, 3e-05, 295, 344, -47.90529539826222
# finished at Wed Apr 12 19:23:37 CEST 2017
