# starting on alcc115 at Wed Apr 12 19:45:55 CEST 2017
# ../casimir_fixed -R 30e-6 -L 500e-9 -T 295 --material ../../data/materials/GoldEpsIm.dat --cutoff 1e-12 --epsrel 1e-9 --eta 9

# L      = 5e-07
# R      = 3e-05
# LbyR   = 0.0166666666666667
# T      = 295
# cutoff = 1e-12
# epsrel = 1e-09
# ldim   = 540
# cores  = 9
# alpha  = 0.0327868852459016
# filename = ../../data/materials/GoldEpsIm.dat
# model  = optical data (xi=0: Drude)
# plasma = -15.491008676954 (logdetD(xi=0) for plasma model with omegap=9eV)
#
# xi=0, logdetD=-8.58881223502092, t=1.83485
# xi=24.6881188042799, logdetD=-6.29324854869254, t=12.4059
# xi=49.3762376085599, logdetD=-2.55808169486025, t=12.8616
# xi=74.0643564128398, logdetD=-1.05673417758327, t=13.1532
# xi=98.7524752171198, logdetD=-0.439542808512753, t=14.7288
# xi=123.4405940214, logdetD=-0.183447674863489, t=16.1028
# xi=148.12871282568, logdetD=-0.076724752518843, t=16.6974
# xi=172.81683162996, logdetD=-0.0321636246997435, t=17.014
# xi=197.50495043424, logdetD=-0.0134950221730859, t=16.656
# xi=222.193069238519, logdetD=-0.00567026723387639, t=16.5875
# xi=246.881188042799, logdetD=-0.00238393605870147, t=16.0733
# xi=271.569306847079, logdetD=-0.0010050544844166, t=15.9494
# xi=296.257425651359, logdetD=-0.000423905562135842, t=15.2969
# xi=320.945544455639, logdetD=-0.000179111638452002, t=15.248
# xi=345.633663259919, logdetD=-7.57771674055807e-05, t=14.4997
# xi=370.321782064199, logdetD=-3.20859552484283e-05, t=13.9189
# xi=395.009900868479, logdetD=-1.3612465670847e-05, t=13.3969
# xi=419.698019672759, logdetD=-5.77862478138916e-06, t=12.9371
# xi=444.386138477039, logdetD=-2.45650042134606e-06, t=12.4583
# xi=469.074257281319, logdetD=-1.04532492092532e-06, t=11.8615
# xi=493.762376085599, logdetD=-4.45156319748787e-07, t=11.3125
# xi=518.450494889879, logdetD=-1.8983694532001e-07, t=10.7697
# xi=543.138613694159, logdetD=-8.10004005808386e-08, t=9.69596
# xi=567.826732498439, logdetD=-3.45985350318068e-08, t=9.16478
# xi=592.514851302719, logdetD=-1.47898257537412e-08, t=9.13661
# xi=617.202970106998, logdetD=-6.32610717575004e-09, t=9.09411
#
# L/R, L, R, T, ldim, F*(L+R)/(ħc)
0.01666666666666667, 5e-07, 3e-05, 295, 540, -117.5441854586122
# finished at Wed Apr 12 19:51:34 CEST 2017
