# starting on alcc119 at Wed Apr 12 21:37:41 CEST 2017
# ../casimir_fixed -R 30e-6 -L 180e-9 -T 295 --material ../../data/materials/GoldEpsIm.dat --cutoff 1e-12 --epsrel 1e-9 --eta 9

# L      = 1.8e-07
# R      = 3e-05
# LbyR   = 0.006
# T      = 295
# cutoff = 1e-12
# epsrel = 1e-09
# ldim   = 1500
# cores  = 9
# alpha  = 0.0119284294234592
# filename = ../../data/materials/GoldEpsIm.dat
# model  = optical data (xi=0: Drude)
# plasma = -42.7676364307855 (logdetD(xi=0) for plasma model with omegap=9eV)
#
# xi=0, logdetD=-24.5601392793343, t=8.33633
# xi=24.4290959184645, logdetD=-29.2924735580823, t=91.8337
# xi=48.8581918369291, logdetD=-20.1086732010496, t=94.0448
# xi=73.2872877553936, logdetD=-13.9067337676701, t=94.7646
# xi=97.7163836738582, logdetD=-9.67437533201511, t=97.8192
# xi=122.145479592323, logdetD=-6.75906645934854, t=100.714
# xi=146.574575510787, logdetD=-4.73767831805415, t=103.901
# xi=171.003671429252, logdetD=-3.33174247824848, t=109.018
# xi=195.432767347716, logdetD=-2.34666720709948, t=111.861
# xi=219.861863266181, logdetD=-1.65595871375482, t=115.557
# xi=244.290959184645, logdetD=-1.16958101097758, t=118.18
# xi=268.72005510311, logdetD=-0.828462118791221, t=121.069
# xi=293.149151021575, logdetD=-0.587124745102042, t=123.548
# xi=317.578246940039, logdetD=-0.416834312243206, t=125.5
# xi=342.007342858504, logdetD=-0.296308917508309, t=126.64
# xi=366.436438776968, logdetD=-0.210800217519662, t=127.077
# xi=390.865534695433, logdetD=-0.1502499342432, t=128.564
# xi=415.294630613897, logdetD=-0.107152526921696, t=127.11
# xi=439.723726532362, logdetD=-0.0765190622436529, t=127.273
# xi=464.152822450826, logdetD=-0.0546962392810888, t=127.715
# xi=488.581918369291, logdetD=-0.0391250004844055, t=126.033
# xi=513.011014287756, logdetD=-0.0280245972677257, t=125.967
# xi=537.44011020622, logdetD=-0.0200840690819668, t=126.275
# xi=561.869206124685, logdetD=-0.0144084410506596, t=126.658
# xi=586.298302043149, logdetD=-0.0103445254340423, t=124.874
# xi=610.727397961614, logdetD=-0.00743137783809333, t=124.708
# xi=635.156493880078, logdetD=-0.00534405948406627, t=124.86
# xi=659.585589798543, logdetD=-0.00384477001844221, t=122.907
# xi=684.014685717007, logdetD=-0.00276842564518783, t=122.338
# xi=708.443781635472, logdetD=-0.00199459874537742, t=121.529
# xi=732.872877553936, logdetD=-0.00143781797801342, t=120.338
# xi=757.301973472401, logdetD=-0.00103728383671108, t=118.875
# xi=781.731069390866, logdetD=-0.000748617168811867, t=119.18
# xi=806.16016530933, logdetD=-0.000540655415819841, t=117.155
# xi=830.589261227795, logdetD=-0.000390653271736632, t=115.511
# xi=855.018357146259, logdetD=-0.000282394245704202, t=115.549
# xi=879.447453064724, logdetD=-0.000204266377910024, t=114.49
# xi=903.876548983188, logdetD=-0.000147802704895102, t=112.899
# xi=928.305644901653, logdetD=-0.000107008566023916, t=112.014
# xi=952.734740820117, logdetD=-7.7504617085292e-05, t=109.778
# xi=977.163836738582, logdetD=-5.61570595663552e-05, t=106.831
# xi=1001.59293265705, logdetD=-4.07106349199121e-05, t=107.551
# xi=1026.02202857551, logdetD=-2.9521355659168e-05, t=105.231
# xi=1050.45112449398, logdetD=-2.1418003164421e-05, t=104.591
# xi=1074.88022041244, logdetD=-1.55441207765634e-05, t=102.376
# xi=1099.3093163309, logdetD=-1.12849703888676e-05, t=100.532
# xi=1123.73841224937, logdetD=-8.19641435694395e-06, t=98.5049
# xi=1148.16750816783, logdetD=-5.95465138208129e-06, t=97.079
# xi=1172.5966040863, logdetD=-4.32787408025868e-06, t=94.6724
# xi=1197.02570000476, logdetD=-3.14640978485192e-06, t=92.5624
# xi=1221.45479592323, logdetD=-2.28815940800569e-06, t=89.9557
# xi=1245.88389184169, logdetD=-1.66462867049769e-06, t=88.2485
# xi=1270.31298776016, logdetD=-1.21127946616624e-06, t=86.2114
# xi=1294.74208367862, logdetD=-8.81727606522508e-07, t=83.8121
# xi=1319.17117959709, logdetD=-6.4199163774889e-07, t=81.8235
# xi=1343.60027551555, logdetD=-4.67563618467344e-07, t=79.5442
# xi=1368.02937143401, logdetD=-3.40634851510435e-07, t=77.0219
# xi=1392.45846735248, logdetD=-2.48211886547153e-07, t=75.157
# xi=1416.88756327094, logdetD=-1.80925739463966e-07, t=72.2583
# xi=1441.31665918941, logdetD=-1.31907283983067e-07, t=70.4542
# xi=1465.74575510787, logdetD=-9.61926584895649e-08, t=68.5945
# xi=1490.17485102634, logdetD=-7.01671446026658e-08, t=64.3312
# xi=1514.6039469448, logdetD=-5.1191908679681e-08, t=64.3651
# xi=1539.03304286327, logdetD=-3.73936602532773e-08, t=64.329
# xi=1563.46213878173, logdetD=-2.73447729412292e-08, t=64.1119
# xi=1587.8912347002, logdetD=-1.99848357660535e-08, t=64.1004
#
# L/R, L, R, T, ldim, F*(L+R)/(ħc)
0.006, 1.8e-07, 3e-05, 295, 1500, -840.8191325777564
# finished at Wed Apr 12 23:30:48 CEST 2017
