# starting on alcc69 at Tue Apr  1 10:34:07 CEST 2014
# L/R=0.150478, precision=5e-09, lmax=54, cores=1
# m=0, value=-0.208107765148672, logdet_EE=-0.127537150350756, logdet_MM=-0.0805706147979158, time=0.00284982
# m=1, value=-0.270976530126825, logdet_EE=-0.161141229595832, logdet_MM=-0.109835300530993, time=0.00280118
# m=2, value=-0.0931931654659903, logdet_EE=-0.0515956871667595, logdet_MM=-0.0415974782992308, time=0.00267911
# m=3, value=-0.0319299278124912, logdet_EE=-0.0171577665724683, logdet_MM=-0.0147721612400228, time=0.00259185
# m=4, value=-0.0109165465861558, logdet_EE=-0.00577151552249528, logdet_MM=-0.00514503106366055, time=0.00246
# m=5, value=-0.00372382059484321, logdet_EE=-0.00194870445588681, logdet_MM=-0.00177511613895639, time=0.00221801
# m=6, value=-0.00126780642429554, logdet_EE=-0.000658786635476472, logdet_MM=-0.00060901978881907, time=0.00227404
# m=7, value=-0.000430997558063432, logdet_EE=-0.000222804197617154, logdet_MM=-0.000208193360446278, time=0.00216794
# m=8, value=-0.000146359468113149, logdet_EE=-7.53626339395088e-05, logdet_MM=-7.09968341736398e-05, time=0.00188208
# m=9, value=-4.96602999566688e-05, logdet_EE=-2.5491381591053e-05, logdet_MM=-2.41689183656157e-05, time=0.00184107
# m=10, value=-1.68388948103667e-05, logdet_EE=-8.62194087419018e-06, logdet_MM=-8.21695393617651e-06, time=0.0017488
# m=11, value=-5.70644788471869e-06, logdet_EE=-2.91578913073265e-06, logdet_MM=-2.79065875398604e-06, time=0.00170207
# m=12, value=-1.93266490858366e-06, logdet_EE=-9.85806075708022e-07, logdet_MM=-9.46858832875637e-07, time=0.00158
# m=13, value=-6.54073383693955e-07, logdet_EE=-3.33134904269151e-07, logdet_MM=-3.20938479424804e-07, time=0.00157905
# m=14, value=-2.21132239349624e-07, logdet_EE=-1.12485328762881e-07, logdet_MM=-1.08646910586743e-07, time=0.00140405
# m=15, value=-7.46491558622038e-08, logdet_EE=-3.79309584343943e-08, logdet_MM=-3.67181974278095e-08, time=0.001302
# m=16, value=-2.51435858929433e-08, logdet_EE=-1.27638961688905e-08, logdet_MM=-1.23796897240527e-08, time=0.00118184
# m=17, value=-8.44122327735998e-09, logdet_EE=-4.28156665751116e-09, logdet_MM=-4.15965661984882e-09, time=0.00112104
# m=18, value=-2.82068501904915e-09, logdet_EE=-1.42967504509918e-09, logdet_MM=-1.39100997394997e-09, time=0.001127
# waiting for last threads to finish
# L/R, value_perf, value_Drude, time
0.150477848158905, -0.620768043753283, -0.366147524075233, 0.0716769695281982
# finished at Tue Apr  1 10:34:07 CEST 2014
