# starting on alcc119 at Di 20. Feb 18:38:15 CET 2018
# compiler: icc
# compile time: Feb  1 2018 09:49:34
# compiled on: Linux alcc83 3.16.0-4-amd64 #1 SMP Debian 3.16.51-3 (2017-12-13) x86_64 GNU/Linux
# LAPACK support: false
# git HEAD: b96c9c30c7b1cdd2d059ceccd0396c6d55d3da95
# git branch: dev
#
# LbyR = 0.025075
# L = 4.689025e-06
# R = 0.000187
# T = 300
# cutoff = 5e-08
# epsrel = 1e-07
# iepsrel = 2e-07
# ldim = 320
# cores = 4
# alpha = 0.0489232495183279
# filename = /alcc/gpfs1/home/u/hartmmic/libcasimir-dev/data/materials/GoldDalvit.dat
# model = optical data (xi=0: Drude)
# plasma = -10.3245194111377 (logdetD(xi=0) for plasma model with omegap=1.36734e+16eV)
#
# xi=0, logdetD=-5.59124317010471, t=0.851758
# xi=157.791878499914, logdetD=-0.00407818080219968, t=7.26828
# xi=315.583756999828, logdetD=-1.68838576984278e-06, t=4.59401
# xi=473.375635499742, logdetD=-6.96351084717938e-10, t=2.56492
#
# 153 determinants computed
#
# L/R, L, R, T, ldim, F*(L+R)/(ħc)
0.025075, 4.689025e-06, 0.000187, 300, 320, -140.6198067431193
# finished at Di 20. Feb 18:38:31 CET 2018
