# starting on alcc115 at Mi 14. Feb 09:56:27 CET 2018
# compiler: icc
# compile time: Feb  1 2018 09:49:34
# compiled on: Linux alcc83 3.16.0-4-amd64 #1 SMP Debian 3.16.51-3 (2017-12-13) x86_64 GNU/Linux
# LAPACK support: false
# git HEAD: b96c9c30c7b1cdd2d059ceccd0396c6d55d3da95
# git branch: dev
#
# LbyR = 0.0088
# L = 1.6456e-06
# R = 0.000187
# T = 300
# cutoff = 5e-08
# epsrel = 1e-07
# iepsrel = 2e-07
# ldim = 910
# cores = 4
# alpha = 0.0174464710547185
# filename = /alcc/gpfs1/home/u/hartmmic/libcasimir-dev/data/materials/GoldDalvit.dat
# model = optical data (xi=0: Drude)
# plasma = -31.4432828925675 (logdetD(xi=0) for plasma model with omegap=1.36734e+16eV)
#
# xi=0, logdetD=-16.6117566224695, t=3.68142
# xi=155.286634666452, logdetD=-1.74986654999975, t=55.9637
# xi=310.573269332904, logdetD=-0.108119289550285, t=57.2886
# xi=465.859903999356, logdetD=-0.00672359565428245, t=55.3608
# xi=621.146538665808, logdetD=-0.00041866111534424, t=50.3309
# xi=776.43317333226, logdetD=-2.61001636362823e-05, t=42.8474
# xi=931.719807998712, logdetD=-1.62893692169996e-06, t=34.1842
#
# 489 determinants computed
#
# L/R, L, R, T, ldim, F*(L+R)/(ħc)
0.008800000000000001, 1.6456e-06, 0.000187, 300, 910, -502.7468027575098
# finished at Mi 14. Feb 10:01:28 CET 2018
