# starting on alcc118 at Di 20. Feb 18:37:45 CET 2018
# compiler: icc
# compile time: Feb  1 2018 09:49:34
# compiled on: Linux alcc83 3.16.0-4-amd64 #1 SMP Debian 3.16.51-3 (2017-12-13) x86_64 GNU/Linux
# LAPACK support: false
# git HEAD: b96c9c30c7b1cdd2d059ceccd0396c6d55d3da95
# git branch: dev
#
# LbyR = 0.02175
# L = 4.06725e-06
# R = 0.000187
# T = 300
# cutoff = 5e-08
# epsrel = 1e-07
# iepsrel = 2e-07
# ldim = 368
# cores = 4
# alpha = 0.0425740151700514
# filename = /alcc/gpfs1/home/u/hartmmic/libcasimir-dev/data/materials/GoldDalvit.dat
# model = optical data (xi=0: Drude)
# plasma = -12.0558559310521 (logdetD(xi=0) for plasma model with omegap=1.36734e+16eV)
#
# xi=0, logdetD=-6.49819443277393, t=1.02255
# xi=157.280054490927, logdetD=-0.0130848314850452, t=9.73171
# xi=314.560108981854, logdetD=-1.50843714175861e-05, t=7.10419
# xi=471.840163472781, logdetD=-1.73562211092594e-08, t=3.53798
#
# 163 determinants computed
#
# L/R, L, R, T, ldim, F*(L+R)/(ħc)
0.02175, 4.06725e-06, 0.000187, 300, 368, -163.3179734052733
# finished at Di 20. Feb 18:38:07 CET 2018
