# starting on alcc121 at Mi 14. Feb 09:31:30 CET 2018
# compiler: icc
# compile time: Feb  1 2018 09:49:34
# compiled on: Linux alcc83 3.16.0-4-amd64 #1 SMP Debian 3.16.51-3 (2017-12-13) x86_64 GNU/Linux
# LAPACK support: false
# git HEAD: b96c9c30c7b1cdd2d059ceccd0396c6d55d3da95
# git branch: dev
#
# LbyR = 0.003725
# L = 6.96575e-07
# R = 0.000187
# T = 300
# cutoff = 5e-08
# epsrel = 1e-07
# iepsrel = 2e-07
# ldim = 2148
# cores = 7
# alpha = 0.00742235173976936
# filename = /alcc/gpfs1/home/u/hartmmic/libcasimir-dev/data/materials/GoldDalvit.dat
# model = optical data (xi=0: Drude)
# plasma = -75.4045976833549 (logdetD(xi=0) for plasma model with omegap=1.36734e+16eV)
#
# xi=0, logdetD=-39.832001904589, t=13.9037
# xi=154.505429600104, logdetD=-20.1234373489272, t=138.08
# xi=309.010859200207, logdetD=-5.82765557684848, t=154.784
# xi=463.516288800311, logdetD=-1.71964462551518, t=152.74
# xi=618.021718400414, logdetD=-0.510413634383015, t=156.848
# xi=772.527148000518, logdetD=-0.1518908393706, t=156.253
# xi=927.032577600621, logdetD=-0.0452776024326907, t=154.123
# xi=1081.53800720072, logdetD=-0.0135323800116394, t=150.023
# xi=1236.04343680083, logdetD=-0.00404179804137431, t=145.165
# xi=1390.54886640093, logdetD=-0.00121135130875513, t=137.372
# xi=1545.05429600104, logdetD=-0.000363178258038399, t=131.655
# xi=1699.55972560114, logdetD=-0.000109053563857517, t=123.504
# xi=1854.06515520124, logdetD=-3.28094905512341e-05, t=114.172
# xi=2008.57058480135, logdetD=-9.87783561667407e-06, t=104.864
# xi=2163.07601440145, logdetD=-2.97939309727691e-06, t=92.2614
#
# 1746 determinants computed
#
# L/R, L, R, T, ldim, F*(L+R)/(ħc)
0.003725, 6.96575e-07, 0.000187, 300, 2148, -2376.093292780641
# finished at Mi 14. Feb 10:03:37 CET 2018
