# starting on alcc116 at Thu Apr 13 03:21:18 CEST 2017
# ../casimir_fixed -R 50e-6 -L 470e-9 -T 295 --material ../../data/materials/GoldEpsIm.dat --cutoff 1e-12 --epsrel 1e-9 --eta 8.5

# L      = 4.7e-07
# R      = 5e-05
# LbyR   = 0.0094
# T      = 295
# cutoff = 1e-12
# epsrel = 1e-09
# ldim   = 905
# cores  = 9
# alpha  = 0.0186249256984347
# filename = ../../data/materials/GoldEpsIm.dat
# model  = optical data (xi=0: Drude)
# plasma = -28.4242394447119 (logdetD(xi=0) for plasma model with omegap=9eV)
#
# xi=0, logdetD=-15.5254374260524, t=3.97037
# xi=40.852765772197, logdetD=-11.7938183963395, t=35.6328
# xi=81.705531544394, logdetD=-5.01819727128183, t=37.5993
# xi=122.558297316591, logdetD=-2.17278184822201, t=41.4487
# xi=163.411063088788, logdetD=-0.947884832492791, t=44.7137
# xi=204.263828860985, logdetD=-0.415090130207951, t=47.1978
# xi=245.116594633182, logdetD=-0.182196820040551, t=49.0572
# xi=285.969360405379, logdetD=-0.080167866253593, t=49.6546
# xi=326.822126177576, logdetD=-0.0353075919693601, t=49.2383
# xi=367.674891949773, logdetD=-0.0155730000982656, t=49.1158
# xi=408.52765772197, logdetD=-0.00687298251931175, t=48.2653
# xi=449.380423494167, logdetD=-0.0030417634509562, t=47.2673
# xi=490.233189266364, logdetD=-0.00134676438440919, t=46.8485
# xi=531.085955038561, logdetD=-0.000597355803466729, t=45.6709
# xi=571.938720810758, logdetD=-0.000265297948106114, t=44.8462
# xi=612.791486582955, logdetD=-0.000117922266741309, t=43.328
# xi=653.644252355152, logdetD=-5.25171918045723e-05, t=42.3164
# xi=694.497018127349, logdetD=-2.34029970597792e-05, t=40.4102
# xi=735.349783899546, logdetD=-1.04434543435355e-05, t=39.0828
# xi=776.202549671743, logdetD=-4.66505588504912e-06, t=37.0472
# xi=817.05531544394, logdetD=-2.08542181169711e-06, t=35.5703
# xi=857.908081216137, logdetD=-9.33544948802618e-07, t=33.3972
# xi=898.760846988334, logdetD=-4.18130770273509e-07, t=31.2075
# xi=939.613612760531, logdetD=-1.87477804169658e-07, t=29.0297
# xi=980.466378532728, logdetD=-8.41238712293154e-08, t=27.1629
# xi=1021.31914430493, logdetD=-3.7770558915492e-08, t=25.3773
# xi=1062.17191007712, logdetD=-1.69757727978058e-08, t=25.2477
# xi=1103.02467584932, logdetD=-7.63301590192962e-09, t=25.0552
#
# L/R, L, R, T, ldim, F*(L+R)/(ħc)
0.0094, 4.7e-07, 5e-05, 295, 905, -369.7781260627896
# finished at Thu Apr 13 03:39:13 CEST 2017
