# starting on alcc116 at Thu Apr 13 02:33:20 CEST 2017
# ../casimir_fixed -R 50e-6 -L 615e-9 -T 295 --material ../../data/materials/GoldEpsIm.dat --cutoff 1e-12 --epsrel 1e-9 --eta 8.5

# L      = 6.15e-07
# R      = 5e-05
# LbyR   = 0.0123
# T      = 295
# cutoff = 1e-12
# epsrel = 1e-09
# ldim   = 692
# cores  = 9
# alpha  = 0.0243010965128914
# filename = ../../data/materials/GoldEpsIm.dat
# model  = optical data (xi=0: Drude)
# plasma = -21.6056835187962 (logdetD(xi=0) for plasma model with omegap=9eV)
#
# xi=0, logdetD=-11.7716078014464, t=2.74815
# xi=40.9701355173321, logdetD=-7.08094839318925, t=21.4118
# xi=81.9402710346642, logdetD=-2.38924719287277, t=22.3481
# xi=122.910406551996, logdetD=-0.820492689100197, t=25.4573
# xi=163.880542069328, logdetD=-0.283528788857664, t=27.676
# xi=204.85067758666, logdetD=-0.098252163746497, t=28.9397
# xi=245.820813103993, logdetD=-0.0341084039816493, t=29.3073
# xi=286.790948621325, logdetD=-0.0118666812737297, t=28.7426
# xi=327.761084138657, logdetD=-0.00413200990259022, t=28.0988
# xi=368.731219655989, logdetD=-0.00144084677801371, t=27.1109
# xi=409.701355173321, logdetD=-0.000502740921210618, t=27.0343
# xi=450.671490690653, logdetD=-0.000175907539054683, t=26.0527
# xi=491.641626207985, logdetD=-6.15766430607104e-05, t=24.5243
# xi=532.611761725317, logdetD=-2.15936939683935e-05, t=23.7062
# xi=573.581897242649, logdetD=-7.58225291666885e-06, t=22.761
# xi=614.552032759981, logdetD=-2.66457767451381e-06, t=21.2808
# xi=655.522168277314, logdetD=-9.38204346492382e-07, t=19.803
# xi=696.492303794646, logdetD=-3.30538736231922e-07, t=18.5759
# xi=737.462439311978, logdetD=-1.1661074152656e-07, t=16.7851
# xi=778.43257482931, logdetD=-4.11794878051906e-08, t=15.1517
# xi=819.402710346642, logdetD=-1.45522832880184e-08, t=15.053
# xi=860.372845863974, logdetD=-5.14952595980409e-09, t=14.9414
#
# L/R, L, R, T, ldim, F*(L+R)/(ħc)
0.0123, 6.15e-07, 5e-05, 295, 692, -216.6220723371619
# finished at Thu Apr 13 02:41:28 CEST 2017
