# starting on alcc117 at Di 20. Feb 14:59:32 CET 2018
# compiler: icc
# compile time: Feb  1 2018 09:49:34
# compiled on: Linux alcc83 3.16.0-4-amd64 #1 SMP Debian 3.16.51-3 (2017-12-13) x86_64 GNU/Linux
# LAPACK support: false
# git HEAD: b96c9c30c7b1cdd2d059ceccd0396c6d55d3da95
# git branch: dev
#
# LbyR = 0.013525
# L = 4.328e-08
# R = 3.2e-06
# T = 300
# cutoff = 5e-08
# epsrel = 1e-07
# iepsrel = 2e-07
# ldim = 592
# cores = 4
# alpha = 0.0266890308576503
# filename = /alcc/gpfs1/home/u/hartmmic/libcasimir-dev/data/materials/GoldDalvit.dat
# model = optical data (xi=0: Drude)
# plasma = -15.0247913832286 (logdetD(xi=0) for plasma model with omegap=1.36734e+16eV)
#
# xi=0, logdetD=-10.6706222530665, t=1.53425
# xi=2.66975766453609, logdetD=-13.6610733791486, t=19.1189
# xi=5.33951532907219, logdetD=-12.2256739105689, t=19.3537
# xi=8.00927299360828, logdetD=-10.8257229189495, t=20.4499
# xi=10.6790306581444, logdetD=-9.56023815256467, t=20.4563
# xi=13.3487883226805, logdetD=-8.438034698924, t=20.9381
# xi=16.0185459872166, logdetD=-7.44904317567616, t=21.0066
# xi=18.6883036517527, logdetD=-6.58652782294344, t=21.1625
# xi=21.3580613162888, logdetD=-5.81630786618882, t=21.2758
# xi=24.0278189808248, logdetD=-5.1498598733792, t=21.495
# xi=26.6975766453609, logdetD=-4.55918337905762, t=22.3275
# xi=29.367334309897, logdetD=-4.04036622428389, t=22.5234
# xi=32.0370919744331, logdetD=-3.58564192631548, t=22.4506
# xi=34.7068496389692, logdetD=-3.18320364047951, t=22.544
# xi=37.3766073035053, logdetD=-2.82995783523197, t=23.0906
# xi=40.0463649680414, logdetD=-2.51788998566351, t=23.0689
# xi=42.7161226325775, logdetD=-2.24138033343611, t=22.6683
# xi=45.3858802971136, logdetD=-1.99825854371136, t=23.1844
# xi=48.0556379616497, logdetD=-1.78227352974039, t=22.8456
# xi=50.7253956261858, logdetD=-1.59092356485159, t=22.8374
# xi=53.3951532907219, logdetD=-1.42151161459021, t=23.2074
# xi=56.064910955258, logdetD=-1.27072029954563, t=23.1885
# xi=58.7346686197941, logdetD=-1.13700821190186, t=23.1787
# xi=61.4044262843302, logdetD=-1.01800584802378, t=23.2116
# xi=64.0741839488663, logdetD=-0.911879984373582, t=23.313
# xi=66.7439416134024, logdetD=-0.817625504465031, t=23.1682
# xi=69.4136992779384, logdetD=-0.733405689465429, t=23.0642
# xi=72.0834569424745, logdetD=-0.658254712559584, t=23.2307
# xi=74.7532146070106, logdetD=-0.591214405582935, t=23.5233
# xi=77.4229722715467, logdetD=-0.531204845275626, t=23.6975
# xi=80.0927299360828, logdetD=-0.477610863535057, t=23.2463
# xi=82.7624876006189, logdetD=-0.429629654491695, t=23.422
# xi=85.432245265155, logdetD=-0.386613100603413, t=23.2348
# xi=88.1020029296911, logdetD=-0.348148332971696, t=23.4256
# xi=90.7717605942272, logdetD=-0.313613865611545, t=23.8194
# xi=93.4415182587633, logdetD=-0.282634365365334, t=23.7822
# xi=96.1112759232994, logdetD=-0.254847311514687, t=23.5313
# xi=98.7810335878355, logdetD=-0.229863857665351, t=23.644
# xi=101.450791252372, logdetD=-0.20743641759692, t=23.7036
# xi=104.120548916908, logdetD=-0.187267530025682, t=23.7426
# xi=106.790306581444, logdetD=-0.169111245041285, t=23.6084
# xi=109.46006424598, logdetD=-0.152796644234992, t=23.383
# xi=112.129821910516, logdetD=-0.138093669775954, t=23.6562
# xi=114.799579575052, logdetD=-0.124850980334247, t=23.6882
# xi=117.469337239588, logdetD=-0.112924088628947, t=23.8529
# xi=120.139094904124, logdetD=-0.102162968402057, t=23.5667
# xi=122.80885256866, logdetD=-0.0924650398148299, t=23.4425
# xi=125.478610233196, logdetD=-0.0837131244065773, t=23.6276
# xi=128.148367897733, logdetD=-0.0758088401085493, t=23.5165
# xi=130.818125562269, logdetD=-0.0686797797619513, t=23.3796
# xi=133.487883226805, logdetD=-0.0622353995517709, t=23.6208
# xi=136.157640891341, logdetD=-0.0564125477562227, t=23.5214
# xi=138.827398555877, logdetD=-0.0511512861420583, t=23.553
# xi=141.497156220413, logdetD=-0.0463907927592471, t=23.7916
# xi=144.166913884949, logdetD=-0.0420873549339786, t=23.3072
# xi=146.836671549485, logdetD=-0.0381927153785977, t=23.5178
# xi=149.506429214021, logdetD=-0.034665918046921, t=23.5401
# xi=152.176186878557, logdetD=-0.0314755635762615, t=23.6378
# xi=154.845944543093, logdetD=-0.0285843871965555, t=23.1471
# xi=157.51570220763, logdetD=-0.0259652626389844, t=23.507
# xi=160.185459872166, logdetD=-0.0235925290415799, t=23.3234
# xi=162.855217536702, logdetD=-0.0214405864074375, t=23.6726
# xi=165.524975201238, logdetD=-0.0195100278988232, t=23.2697
# xi=168.194732865774, logdetD=-0.0177705065162653, t=23.3604
# xi=170.86449053031, logdetD=-0.0161767442250273, t=23.5606
# xi=173.534248194846, logdetD=-0.0147170056555265, t=23.3906
# xi=176.204005859382, logdetD=-0.0133804787732637, t=23.2344
# xi=178.873763523918, logdetD=-0.0121572030317475, t=23.382
# xi=181.543521188454, logdetD=-0.0110537095548604, t=23.3699
# xi=184.21327885299, logdetD=-0.0100794727345237, t=22.8254
# xi=186.883036517527, logdetD=-0.00918658652354474, t=22.9331
# xi=189.552794182063, logdetD=-0.00836850048866406, t=23.0144
# xi=192.222551846599, logdetD=-0.00761917987455546, t=23.1386
# xi=194.892309511135, logdetD=-0.0069330655053947, t=22.8381
# xi=197.562067175671, logdetD=-0.00630864073153238, t=22.7229
# xi=200.231824840207, logdetD=-0.00575842469251259, t=23.1131
# xi=202.901582504743, logdetD=-0.00525396883265239, t=22.7327
# xi=205.571340169279, logdetD=-0.00479159149682144, t=22.6322
# xi=208.241097833815, logdetD=-0.00436790084297067, t=22.7624
# xi=210.910855498351, logdetD=-0.0039797723451979, t=22.6797
# xi=213.580613162888, logdetD=-0.00362432801320714, t=22.4389
# xi=216.250370827424, logdetD=-0.00331101348227667, t=22.5551
# xi=218.92012849196, logdetD=-0.00302387559172877, t=22.6095
# xi=221.589886156496, logdetD=-0.00276058049320247, t=22.5086
# xi=224.259643821032, logdetD=-0.00251920922239015, t=22.1976
# xi=226.929401485568, logdetD=-0.00229799398398769, t=22.296
# xi=229.599159150104, logdetD=-0.0020953064064626, t=22.135
# xi=232.26891681464, logdetD=-0.00191481728509993, t=22.0274
# xi=234.938674479176, logdetD=-0.00175028443529061, t=21.8714
# xi=237.608432143712, logdetD=-0.00159935090228018, t=22.2061
# xi=240.278189808248, logdetD=-0.00146092431475024, t=21.9646
# xi=242.947947472785, logdetD=-0.00133399828833327, t=21.9259
# xi=245.617705137321, logdetD=-0.001217645727805, t=21.8754
# xi=248.287462801857, logdetD=-0.00111317554122296, t=22.0302
# xi=250.957220466393, logdetD=-0.00101832967239899, t=21.6451
# xi=253.626978130929, logdetD=-0.000931287347929395, t=21.7432
# xi=256.296735795465, logdetD=-0.000851423162876469, t=21.756
# xi=258.966493460001, logdetD=-0.000778160882623173, t=21.4421
# xi=261.636251124537, logdetD=-0.000710969628328209, t=21.4882
# xi=264.306008789073, logdetD=-0.000650227425017392, t=21.7175
# xi=266.975766453609, logdetD=-0.000595255566214398, t=21.7265
# xi=269.645524118146, logdetD=-0.000544786269701149, t=21.263
# xi=272.315281782682, logdetD=-0.000498459568299059, t=21.1013
# xi=274.985039447218, logdetD=-0.00045594375670042, t=21.3251
# xi=277.654797111754, logdetD=-0.0004169332011205, t=21.0325
# xi=280.32455477629, logdetD=-0.000381465897669883, t=20.7191
# xi=282.994312440826, logdetD=-0.000349446992125473, t=20.9113
# xi=285.664070105362, logdetD=-0.00032003918776371, t=20.7689
# xi=288.333827769898, logdetD=-0.000293034269605006, t=20.4994
# xi=291.003585434434, logdetD=-0.000268240344852399, t=20.6419
# xi=293.67334309897, logdetD=-0.000245480579411076, t=20.3579
# xi=296.343100763506, logdetD=-0.000224688843153075, t=20.3307
# xi=299.012858428043, logdetD=-0.000205954722484407, t=20.4838
# xi=301.682616092579, logdetD=-0.000188741881765408, t=20.3114
# xi=304.352373757115, logdetD=-0.000172929329684261, t=20.4481
# xi=307.022131421651, logdetD=-0.000158405541442987, t=20.308
# xi=309.691889086187, logdetD=-0.000145067731864246, t=20.3682
# xi=312.361646750723, logdetD=-0.000132833698909061, t=20.0055
# xi=315.031404415259, logdetD=-0.00012182689126652, t=20.1642
# xi=317.701162079795, logdetD=-0.000111710228409785, t=20.2986
# xi=320.370919744331, logdetD=-0.000102413101900887, t=19.5799
# xi=323.040677408867, logdetD=-9.38704196058212e-05, t=19.8668
# xi=325.710435073404, logdetD=-8.60221787761177e-05, t=19.7449
# xi=328.38019273794, logdetD=-7.88130747410127e-05, t=19.5254
# xi=331.049950402476, logdetD=-7.23068323792994e-05, t=19.716
# xi=333.719708067012, logdetD=-6.63381718275554e-05, t=19.6777
# xi=336.389465731548, logdetD=-6.08510670364573e-05, t=19.1802
# xi=339.059223396084, logdetD=-5.58073740374942e-05, t=19.179
# xi=341.72898106062, logdetD=-5.11719259477763e-05, t=19.2202
# xi=344.398738725156, logdetD=-4.69123034738905e-05, t=19.121
# xi=347.068496389692, logdetD=-4.30503915051006e-05, t=18.7692
# xi=349.738254054228, logdetD=-3.95165411147157e-05, t=18.8254
# xi=352.408011718764, logdetD=-3.62666975954809e-05, t=18.9222
# xi=355.077769383301, logdetD=-3.32784249124385e-05, t=18.5193
# xi=357.747527047837, logdetD=-3.05310352657324e-05, t=18.6141
# xi=360.417284712373, logdetD=-2.80054538964864e-05, t=18.2319
# xi=363.087042376909, logdetD=-2.57065815939491e-05, t=18.1249
# xi=365.756800041445, logdetD=-2.36074395425931e-05, t=18.1435
# xi=368.426557705981, logdetD=-2.16763725099734e-05, t=17.7844
# xi=371.096315370517, logdetD=-1.9900138082357e-05, t=18.0072
# xi=373.766073035053, logdetD=-1.82665234129518e-05, t=17.8707
# xi=376.435830699589, logdetD=-1.67642664018165e-05, t=17.652
# xi=379.105588364125, logdetD=-1.53921143117481e-05, t=17.6184
# xi=381.775346028661, logdetD=-1.41413932407705e-05, t=17.6608
# xi=384.445103693198, logdetD=-1.29904584387234e-05, t=17.2865
# xi=387.114861357734, logdetD=-1.19314679876223e-05, t=17.2005
# xi=389.78461902227, logdetD=-1.09571890019416e-05, t=17.2598
# xi=392.454376686806, logdetD=-1.00609501026446e-05, t=16.9558
# xi=395.124134351342, logdetD=-9.23983775815842e-06, t=17.1266
# xi=397.793892015878, logdetD=-8.49250043449856e-06, t=16.9913
# xi=400.463649680414, logdetD=-7.80458422285146e-06, t=16.6594
# xi=403.13340734495, logdetD=-7.17143106586161e-06, t=16.7083
# xi=405.803165009486, logdetD=-6.58874409803221e-06, t=16.7077
# xi=408.472922674022, logdetD=-6.05255955187645e-06, t=16.3801
# xi=411.142680338559, logdetD=-5.56000149330221e-06, t=16.5041
# xi=413.812438003095, logdetD=-5.11225537464513e-06, t=16.6317
# xi=416.482195667631, logdetD=-4.69999308545324e-06, t=16.2648
# xi=419.151953332167, logdetD=-4.32044012993034e-06, t=16.3782
# xi=421.821710996703, logdetD=-3.97103633351335e-06, t=16.2636
# xi=424.491468661239, logdetD=-3.64941973936899e-06, t=15.8531
# xi=427.161226325775, logdetD=-3.35341137716349e-06, t=15.9951
# xi=429.830983990311, logdetD=-3.08434214681082e-06, t=15.9333
# xi=432.500741654847, logdetD=-2.83666056095775e-06, t=15.6331
# xi=435.170499319383, logdetD=-2.60856728447533e-06, t=15.6567
# xi=437.840256983919, logdetD=-2.39853303103574e-06, t=15.5096
# xi=440.510014648456, logdetD=-2.20514635591097e-06, t=15.2069
# xi=443.179772312992, logdetD=-2.02710529361489e-06, t=15.2158
# xi=445.849529977528, logdetD=-1.86479150299477e-06, t=15.1834
# xi=448.519287642064, logdetD=-1.71563868058241e-06, t=14.9044
# xi=451.1890453066, logdetD=-1.578245675407e-06, t=14.9642
# xi=453.858802971136, logdetD=-1.45169650108135e-06, t=14.7574
# xi=456.528560635672, logdetD=-1.33514574372177e-06, t=14.5554
# xi=459.198318300208, logdetD=-1.22781336189627e-06, t=14.6189
# xi=461.868075964744, logdetD=-1.12970498276314e-06, t=14.4303
# xi=464.53783362928, logdetD=-1.03968720828614e-06, t=14.1717
#
# 11463 determinants computed
#
# L/R, L, R, T, ldim, F*(L+R)/(ħc)
0.013525, 4.328e-08, 3.2e-06, 300, 592, -108.2552935326224
# finished at Di 20. Feb 15:59:45 CET 2018
