# starting on alcc123 at Di 20. Feb 14:18:40 CET 2018
# compiler: icc
# compile time: Feb  1 2018 09:49:34
# compiled on: Linux alcc83 3.16.0-4-amd64 #1 SMP Debian 3.16.51-3 (2017-12-13) x86_64 GNU/Linux
# LAPACK support: false
# git HEAD: b96c9c30c7b1cdd2d059ceccd0396c6d55d3da95
# git branch: dev
#
# LbyR = 0.018075
# L = 5.784e-08
# R = 3.2e-06
# T = 300
# cutoff = 5e-08
# epsrel = 1e-07
# iepsrel = 2e-07
# ldim = 443
# cores = 4
# alpha = 0.0355081894752351
# filename = /alcc/gpfs1/home/u/hartmmic/libcasimir-dev/data/materials/GoldDalvit.dat
# model = optical data (xi=0: Drude)
# plasma = -11.5204307857322 (logdetD(xi=0) for plasma model with omegap=1.36734e+16eV)
#
# xi=0, logdetD=-7.89128957650579, t=1.0273
# xi=2.68174296077806, logdetD=-10.2750141691105, t=11.4719
# xi=5.36348592155612, logdetD=-8.93977957825644, t=11.6218
# xi=8.04522888233418, logdetD=-7.6955941642077, t=11.803
# xi=10.7269718431122, logdetD=-6.60964934331064, t=12.4239
# xi=13.4087148038903, logdetD=-5.67644016137307, t=12.4634
# xi=16.0904577646684, logdetD=-4.87794361960268, t=12.7834
# xi=18.7722007254464, logdetD=-4.20009935721087, t=12.8977
# xi=21.4539436862245, logdetD=-3.61258200143672, t=12.8684
# xi=24.1356866470026, logdetD=-3.11651524097624, t=13.0657
# xi=26.8174296077806, logdetD=-2.68871426756335, t=13.0898
# xi=29.4991725685587, logdetD=-2.32244924522611, t=13.1594
# xi=32.1809155293367, logdetD=-2.00927740798353, t=13.2124
# xi=34.8626584901148, logdetD=-1.7391619501472, t=13.2153
# xi=37.5444014508929, logdetD=-1.50772433307282, t=13.2599
# xi=40.2261444116709, logdetD=-1.30825796857055, t=13.1198
# xi=42.907887372449, logdetD=-1.13586377340421, t=13.3028
# xi=45.589630333227, logdetD=-0.987791669982261, t=13.5084
# xi=48.2713732940051, logdetD=-0.859451168457745, t=13.2197
# xi=50.9531162547832, logdetD=-0.748447916149188, t=13.2869
# xi=53.6348592155612, logdetD=-0.652468693848271, t=13.4278
# xi=56.3166021763393, logdetD=-0.569087086312566, t=13.5252
# xi=58.9983451371174, logdetD=-0.496865041473744, t=13.5707
# xi=61.6800880978954, logdetD=-0.43410211878321, t=13.3736
# xi=64.3618310586735, logdetD=-0.379457699122779, t=13.6311
# xi=67.0435740194515, logdetD=-0.33203660812488, t=13.5127
# xi=69.7253169802296, logdetD=-0.290666889275406, t=13.6037
# xi=72.4070599410077, logdetD=-0.254612691618277, t=13.4865
# xi=75.0888029017857, logdetD=-0.223193145554992, t=13.5801
# xi=77.7705458625638, logdetD=-0.195730528478145, t=13.7218
# xi=80.4522888233418, logdetD=-0.171768900769057, t=13.477
# xi=83.1340317841199, logdetD=-0.150816471590661, t=13.609
# xi=85.815774744898, logdetD=-0.132471998394787, t=13.5895
# xi=88.497517705676, logdetD=-0.116443715242215, t=13.6757
# xi=91.1792606664541, logdetD=-0.102390227932887, t=13.7282
# xi=93.8610036272322, logdetD=-0.0900757173995573, t=13.5305
# xi=96.5427465880102, logdetD=-0.0792848776389474, t=13.4904
# xi=99.2244895487883, logdetD=-0.069809491010887, t=13.6276
# xi=101.906232509566, logdetD=-0.0614991979039128, t=13.6093
# xi=104.587975470344, logdetD=-0.0541992575264924, t=13.604
# xi=107.269718431122, logdetD=-0.0477809380940208, t=13.5831
# xi=109.951461391901, logdetD=-0.0421457338857155, t=13.7024
# xi=112.633204352679, logdetD=-0.0371856460176394, t=13.8084
# xi=115.314947313457, logdetD=-0.032821605785927, t=13.4396
# xi=117.996690274235, logdetD=-0.0289818001664548, t=13.6674
# xi=120.678433235013, logdetD=-0.025598031008918, t=13.6853
# xi=123.360176195791, logdetD=-0.0226187747236131, t=13.4415
# xi=126.041919156569, logdetD=-0.0199924872848752, t=13.5842
# xi=128.723662117347, logdetD=-0.017675745424178, t=13.4073
# xi=131.405405078125, logdetD=-0.0156341780258199, t=13.4207
# xi=134.087148038903, logdetD=-0.0138316599833663, t=13.3356
# xi=136.768890999681, logdetD=-0.012240688556553, t=13.3503
# xi=139.450633960459, logdetD=-0.0108363413587559, t=13.3611
# xi=142.132376921237, logdetD=-0.00959524020401311, t=13.2117
# xi=144.814119882015, logdetD=-0.00849916124335629, t=13.3064
# xi=147.495862842793, logdetD=-0.00753021289002504, t=13.3151
# xi=150.177605803571, logdetD=-0.00667318760336922, t=13.0473
# xi=152.85934876435, logdetD=-0.00591575525148462, t=13.0357
# xi=155.541091725128, logdetD=-0.00524533183916578, t=13.1258
# xi=158.222834685906, logdetD=-0.00465206445957506, t=13.284
# xi=160.904577646684, logdetD=-0.00412703314678918, t=12.96
# xi=163.586320607462, logdetD=-0.00366194356886843, t=12.971
# xi=166.26806356824, logdetD=-0.0032534941222933, t=12.9993
# xi=168.949806529018, logdetD=-0.00289343040559309, t=12.9218
# xi=171.631549489796, logdetD=-0.00257171580414797, t=13.0342
# xi=174.313292450574, logdetD=-0.00228437559481524, t=13.0193
# xi=176.995035411352, logdetD=-0.00202783931000807, t=12.7194
# xi=179.67677837213, logdetD=-0.00179890015143926, t=12.7406
# xi=182.358521332908, logdetD=-0.00159696658575167, t=12.7748
# xi=185.040264293686, logdetD=-0.00142183897217395, t=12.6173
# xi=187.722007254464, logdetD=-0.00126528851056713, t=12.7486
# xi=190.403750215242, logdetD=-0.00112539209097596, t=12.7108
# xi=193.08549317602, logdetD=-0.00100042220861233, t=12.3653
# xi=195.767236136798, logdetD=-0.000888827315719005, t=12.6262
# xi=198.448979097577, logdetD=-0.000789668553865568, t=12.4463
# xi=201.130722058355, logdetD=-0.000703784130764418, t=12.3765
# xi=203.812465019133, logdetD=-0.000626972228266611, t=12.2701
# xi=206.494207979911, logdetD=-0.000558295301584972, t=12.3627
# xi=209.175950940689, logdetD=-0.000496911115937448, t=12.0817
# xi=211.857693901467, logdetD=-0.000442063175179858, t=12.1911
# xi=214.539436862245, logdetD=-0.000393072100875749, t=12.1976
# xi=217.221179823023, logdetD=-0.000350616901275265, t=12.0402
# xi=219.902922783801, logdetD=-0.000312652374598491, t=12.0213
# xi=222.584665744579, logdetD=-0.000278690856095463, t=12.0388
# xi=225.266408705357, logdetD=-0.000248318824959325, t=11.8938
# xi=227.948151666135, logdetD=-0.00022116481497418, t=11.8558
# xi=230.629894626913, logdetD=-0.000196895186489824, t=12.0625
# xi=233.311637587691, logdetD=-0.000175687397659417, t=11.6401
# xi=235.993380548469, logdetD=-0.000156800607371972, t=11.6665
# xi=238.675123509247, logdetD=-0.000139896699669138, t=11.582
# xi=241.356866470026, logdetD=-0.000124771332378121, t=11.4658
# xi=244.038609430804, logdetD=-0.000111240917806069, t=11.4232
# xi=246.720352391582, logdetD=-9.91405383987809e-05, t=11.276
# xi=249.40209535236, logdetD=-8.84948726013021e-05, t=11.3115
# xi=252.083838313138, logdetD=-7.90438241503217e-05, t=11.2583
# xi=254.765581273916, logdetD=-7.05809081535778e-05, t=11.1602
# xi=257.447324234694, logdetD=-6.30045508660124e-05, t=11.1049
# xi=260.129067195472, logdetD=-5.62234796759245e-05, t=11.2005
# xi=262.81081015625, logdetD=-5.01556896728559e-05, t=10.8186
# xi=265.492553117028, logdetD=-4.4787504214265e-05, t=10.9317
# xi=268.174296077806, logdetD=-4.00330719124446e-05, t=10.6741
# xi=270.856039038584, logdetD=-3.57737519635323e-05, t=10.6947
# xi=273.537781999362, logdetD=-3.19587806069635e-05, t=10.7162
# xi=276.21952496014, logdetD=-2.85425330847314e-05, t=10.5433
# xi=278.901267920918, logdetD=-2.54840100710371e-05, t=10.5465
# xi=281.583010881696, logdetD=-2.27655219760947e-05, t=10.4724
# xi=284.264753842475, logdetD=-2.0362238391052e-05, t=10.2571
# xi=286.946496803253, logdetD=-1.82082747493071e-05, t=10.2221
# xi=289.628239764031, logdetD=-1.62781334213711e-05, t=10.2405
# xi=292.309982724809, logdetD=-1.45488940694492e-05, t=10.2553
# xi=294.991725685587, logdetD=-1.29999555203919e-05, t=10.2491
# xi=297.673468646365, logdetD=-1.16178276741731e-05, t=9.98597
# xi=300.355211607143, logdetD=-1.03976622446949e-05, t=9.99345
# xi=303.036954567921, logdetD=-9.30361960292208e-06, t=9.98519
# xi=305.718697528699, logdetD=-8.32283398552785e-06, t=9.86329
# xi=308.400440489477, logdetD=-7.44373779577686e-06, t=9.67684
# xi=311.082183450255, logdetD=-6.65593184604969e-06, t=9.55605
# xi=313.763926411033, logdetD=-5.95063102403084e-06, t=9.60377
# xi=316.445669371811, logdetD=-5.32864130975005e-06, t=9.6012
# xi=319.127412332589, logdetD=-4.77072173511287e-06, t=9.24895
# xi=321.809155293367, logdetD=-4.27035266638343e-06, t=9.28805
# xi=324.490898254145, logdetD=-3.82167120451827e-06, t=9.0908
# xi=327.172641214923, logdetD=-3.41940568927673e-06, t=9.14579
# xi=329.854384175702, logdetD=-3.05881615915119e-06, t=9.09577
# xi=332.53612713648, logdetD=-2.74000068923817e-06, t=8.94741
# xi=335.217870097258, logdetD=-2.45442998493696e-06, t=8.83228
# xi=337.899613058036, logdetD=-2.19821637995891e-06, t=8.87544
# xi=340.581356018814, logdetD=-1.96837679368942e-06, t=8.71437
# xi=343.263098979592, logdetD=-1.76222823318378e-06, t=8.72359
# xi=345.94484194037, logdetD=-1.5773578467567e-06, t=8.458
# xi=348.626584901148, logdetD=-1.41330010044072e-06, t=8.4554
# xi=351.308327861926, logdetD=-1.2666303480837e-06, t=8.43279
# xi=353.990070822704, logdetD=-1.1349898792884e-06, t=8.20261
# xi=356.671813783482, logdetD=-1.01685520889237e-06, t=8.27564
# xi=359.35355674426, logdetD=-9.10855729157458e-07, t=8.09223
# xi=362.035299705038, logdetD=-8.15758842334979e-07, t=7.94277
# xi=364.717042665816, logdetD=-7.31096845191853e-07, t=8.03241
#
# 7826 determinants computed
#
# L/R, L, R, T, ldim, F*(L+R)/(ħc)
0.018075, 5.784e-08, 3.2e-06, 300, 443, -67.88540941492849
# finished at Di 20. Feb 14:45:38 CET 2018
