# starting on alcc120 at Di 20. Feb 14:59:40 CET 2018
# compiler: icc
# compile time: Feb  1 2018 09:49:34
# compiled on: Linux alcc83 3.16.0-4-amd64 #1 SMP Debian 3.16.51-3 (2017-12-13) x86_64 GNU/Linux
# LAPACK support: false
# git HEAD: b96c9c30c7b1cdd2d059ceccd0396c6d55d3da95
# git branch: dev
#
# LbyR = 0.0137
# L = 4.384e-08
# R = 3.2e-06
# T = 300
# cutoff = 5e-08
# epsrel = 1e-07
# iepsrel = 2e-07
# ldim = 584
# cores = 4
# alpha = 0.0270296932031173
# filename = /alcc/gpfs1/home/u/hartmmic/libcasimir-dev/data/materials/GoldDalvit.dat
# model = optical data (xi=0: Drude)
# plasma = -14.8509435195974 (logdetD(xi=0) for plasma model with omegap=1.36734e+16eV)
#
# xi=0, logdetD=-10.5294577965733, t=1.43107
# xi=2.67021863746848, logdetD=-13.492653292666, t=18.8431
# xi=5.34043727493696, logdetD=-12.0615404046021, t=19.0249
# xi=8.01065591240543, logdetD=-10.668452706977, t=20.2161
# xi=10.6808745498739, logdetD=-9.41098991665847, t=20.4036
# xi=13.3510931873424, logdetD=-8.29732937181248, t=20.4013
# xi=16.0213118248109, logdetD=-7.31704203917322, t=20.6216
# xi=18.6915304622793, logdetD=-6.46304311078655, t=20.732
# xi=21.3617490997478, logdetD=-5.70134970552007, t=21.2104
# xi=24.0319677372163, logdetD=-5.04291782774398, t=21.0197
# xi=26.7021863746848, logdetD=-4.45998484840692, t=21.3298
# xi=29.3724050121533, logdetD=-3.94848849011857, t=22.2926
# xi=32.0426236496217, logdetD=-3.50061774137258, t=22.2113
# xi=34.7128422870902, logdetD=-3.10464865937937, t=22.5223
# xi=37.3830609245587, logdetD=-2.75741010111581, t=22.527
# xi=40.0532795620272, logdetD=-2.45094669399096, t=22.3068
# xi=42.7234981994957, logdetD=-2.17966788634108, t=22.5991
# xi=45.3937168369641, logdetD=-1.94136191251379, t=22.6761
# xi=48.0639354744326, logdetD=-1.7298591439109, t=22.7225
# xi=50.7341541119011, logdetD=-1.54265518827787, t=22.7913
# xi=53.4043727493696, logdetD=-1.37706581141639, t=23.0078
# xi=56.074591386838, logdetD=-1.22981593711722, t=22.8558
# xi=58.7448100243065, logdetD=-1.09936255984875, t=22.5698
# xi=61.415028661775, logdetD=-0.983367492371892, t=22.633
# xi=64.0852472992435, logdetD=-0.880019641321448, t=22.8736
# xi=66.755465936712, logdetD=-0.788314118249387, t=22.7467
# xi=69.4256845741804, logdetD=-0.70644775279092, t=23.0379
# xi=72.0959032116489, logdetD=-0.633463222900733, t=22.9349
# xi=74.7661218491174, logdetD=-0.568414100657998, t=22.8139
# xi=77.4363404865859, logdetD=-0.510240379372648, t=22.7296
# xi=80.1065591240543, logdetD=-0.458332457306632, t=22.9916
# xi=82.7767777615228, logdetD=-0.411902861317796, t=23.1191
# xi=85.4469963989913, logdetD=-0.370315348202368, t=23.2643
# xi=88.1172150364598, logdetD=-0.333161349854979, t=22.9264
# xi=90.7874336739283, logdetD=-0.299834128032781, t=22.886
# xi=93.4576523113967, logdetD=-0.269964521135773, t=23.0229
# xi=96.1278709488652, logdetD=-0.243196938864924, t=23.2443
# xi=98.7980895863337, logdetD=-0.219151959500137, t=23.4804
# xi=101.468308223802, logdetD=-0.197586218447627, t=23.1129
# xi=104.138526861271, logdetD=-0.178209722945167, t=23.158
# xi=106.808745498739, logdetD=-0.16078255075279, t=23.2836
# xi=109.478964136208, logdetD=-0.145136976478682, t=23.1831
# xi=112.149182773676, logdetD=-0.131049709005012, t=23.4985
# xi=114.819401411145, logdetD=-0.118372961149799, t=22.9537
# xi=117.489620048613, logdetD=-0.106965972749671, t=23.1221
# xi=120.159838686082, logdetD=-0.0966832452931873, t=23.0916
# xi=122.83005732355, logdetD=-0.0874247001572749, t=23.2857
# xi=125.500275961018, logdetD=-0.0790768174389779, t=23.2651
# xi=128.170494598487, logdetD=-0.0715442387425829, t=22.8414
# xi=130.840713235955, logdetD=-0.0647564566073117, t=23.1102
# xi=133.510931873424, logdetD=-0.0586261201797613, t=23.0114
# xi=136.181150510892, logdetD=-0.0530919904296736, t=23.2213
# xi=138.851369148361, logdetD=-0.048096072019227, t=22.7768
# xi=141.521587785829, logdetD=-0.0435797468319411, t=23.0403
# xi=144.191806423298, logdetD=-0.0395006756562744, t=22.983
# xi=146.862025060766, logdetD=-0.0358124066147153, t=23.1568
# xi=149.532243698235, logdetD=-0.0324754994459578, t=23.1105
# xi=152.202462335703, logdetD=-0.0294596050058533, t=22.9947
# xi=154.872680973172, logdetD=-0.0267289951514004, t=22.9934
# xi=157.54289961064, logdetD=-0.0242575472657835, t=23.1077
# xi=160.213118248109, logdetD=-0.0220206008215027, t=22.8447
# xi=162.883336885577, logdetD=-0.0199936405521636, t=22.7094
# xi=165.553555523046, logdetD=-0.0181766543357044, t=23.0645
# xi=168.223774160514, logdetD=-0.0165408148697268, t=22.8286
# xi=170.893992797983, logdetD=-0.0150435083408646, t=22.6598
# xi=173.564211435451, logdetD=-0.0136734552402419, t=22.9264
# xi=176.23443007292, logdetD=-0.0124202734929536, t=22.9253
# xi=178.904648710388, logdetD=-0.0112744081500358, t=22.7826
# xi=181.574867347857, logdetD=-0.0102416246723188, t=22.6263
# xi=184.245085985325, logdetD=-0.00933039148303282, t=22.5645
# xi=186.915304622793, logdetD=-0.0084960560725238, t=22.6231
# xi=189.585523260262, logdetD=-0.00773235705955078, t=22.3351
# xi=192.25574189773, logdetD=-0.00703353160411088, t=22.552
# xi=194.925960535199, logdetD=-0.00639427620408556, t=22.4655
# xi=197.596179172667, logdetD=-0.0058130325885771, t=22.3596
# xi=200.266397810136, logdetD=-0.00530117347046176, t=22.1294
# xi=202.936616447604, logdetD=-0.00483233573463321, t=22.1659
# xi=205.606835085073, logdetD=-0.00440301939256758, t=22.1073
# xi=208.277053722541, logdetD=-0.0040100031282868, t=21.8009
# xi=210.94727236001, logdetD=-0.00365032239691264, t=21.8201
# xi=213.617490997478, logdetD=-0.00332124924969138, t=22.3411
# xi=216.287709634947, logdetD=-0.0030313517456595, t=22.1402
# xi=218.957928272415, logdetD=-0.00276592662393045, t=21.9763
# xi=221.628146909884, logdetD=-0.00252277451123228, t=21.9487
# xi=224.298365547352, logdetD=-0.0023000828197317, t=21.6626
# xi=226.968584184821, logdetD=-0.0020961834132209, t=21.7561
# xi=229.638802822289, logdetD=-0.00190954116468221, t=21.6345
# xi=232.309021459758, logdetD=-0.00174345276143993, t=21.7198
# xi=234.979240097226, logdetD=-0.00159218250649193, t=21.7185
# xi=237.649458734695, logdetD=-0.00145354770690009, t=21.529
# xi=240.319677372163, logdetD=-0.0013265221449884, t=21.5642
# xi=242.989896009632, logdetD=-0.00121016129476892, t=21.398
# xi=245.6601146471, logdetD=-0.00110359590825581, t=21.2956
# xi=248.330333284568, logdetD=-0.00100798505541441, t=21.2808
# xi=251.000551922037, logdetD=-0.000921255714120473, t=21.2712
# xi=253.670770559505, logdetD=-0.000841737751702147, t=20.8854
# xi=256.340989196974, logdetD=-0.000768846816772818, t=20.971
# xi=259.011207834442, logdetD=-0.000702045019676282, t=20.9784
# xi=261.681426471911, logdetD=-0.000640837289905536, t=20.8974
# xi=264.351645109379, logdetD=-0.000585549014901724, t=20.7737
# xi=267.021863746848, logdetD=-0.000535553371412034, t=21.1138
# xi=269.692082384316, logdetD=-0.000489696185469295, t=21.0637
# xi=272.362301021785, logdetD=-0.000447642935646649, t=20.7166
# xi=275.032519659253, logdetD=-0.000409085661664909, t=20.7408
# xi=277.702738296722, logdetD=-0.000373740883846495, t=20.7162
# xi=280.37295693419, logdetD=-0.000341633950427079, t=20.369
# xi=283.043175571659, logdetD=-0.000312671197524191, t=20.3979
# xi=285.713394209127, logdetD=-0.000286095453088257, t=20.2587
# xi=288.383612846596, logdetD=-0.000261714264498066, t=19.9781
# xi=291.053831484064, logdetD=-0.000239350437643105, t=19.5044
# xi=293.724050121533, logdetD=-0.000218840840360442, t=19.9364
# xi=296.394268759001, logdetD=-0.000200121544185473, t=19.7182
# xi=299.06448739647, logdetD=-0.000183267431371699, t=19.1784
# xi=301.734706033938, logdetD=-0.00016779653257756, t=19.4995
# xi=304.404924671406, logdetD=-0.00015359761926547, t=19.4383
# xi=307.075143308875, logdetD=-0.000140568265941391, t=19.3168
# xi=309.745361946343, logdetD=-0.000128614162435399, t=19.2115
# xi=312.415580583812, logdetD=-0.000117659572054354, t=18.797
# xi=315.08579922128, logdetD=-0.000107811053117323, t=19.0996
# xi=317.756017858749, logdetD=-9.87675222533914e-05, t=18.9665
# xi=320.426236496217, logdetD=-9.04644193006567e-05, t=19.1531
# xi=323.096455133686, logdetD=-8.2842283696907e-05, t=18.6986
# xi=325.766673771154, logdetD=-7.58463587636646e-05, t=18.7204
# xi=328.436892408623, logdetD=-6.9426221729955e-05, t=18.8776
# xi=331.107111046091, logdetD=-6.363640407807e-05, t=18.3934
# xi=333.77732968356, logdetD=-5.8329843066085e-05, t=18.3755
# xi=336.447548321028, logdetD=-5.34560043027257e-05, t=18.6415
# xi=339.117766958497, logdetD=-4.89802317194268e-05, t=18.3256
# xi=341.787985595965, logdetD=-4.48706061196214e-05, t=18.4171
# xi=344.458204233434, logdetD=-4.10977292760918e-05, t=18.3625
# xi=347.128422870902, logdetD=-3.76798452708429e-05, t=17.9436
# xi=349.798641508371, logdetD=-3.45550768990406e-05, t=18.1204
# xi=352.468860145839, logdetD=-3.16841350956457e-05, t=18.0816
# xi=355.139078783308, logdetD=-2.90467457845608e-05, t=17.8162
# xi=357.809297420776, logdetD=-2.66242327560151e-05, t=17.7866
# xi=360.479516058245, logdetD=-2.43993922617939e-05, t=17.833
# xi=363.149734695713, logdetD=-2.23759541725956e-05, t=17.3699
# xi=365.819953333182, logdetD=-2.05299064011273e-05, t=17.4402
# xi=368.49017197065, logdetD=-1.88332603835307e-05, t=17.2979
# xi=371.160390608118, logdetD=-1.72741144260533e-05, t=17.1453
# xi=373.830609245587, logdetD=-1.58415025961872e-05, t=17.0492
# xi=376.500827883055, logdetD=-1.45253221593035e-05, t=17.116
# xi=379.171046520524, logdetD=-1.33241726416007e-05, t=16.8768
# xi=381.841265157992, logdetD=-1.22302386740035e-05, t=16.8795
# xi=384.511483795461, logdetD=-1.12245244108441e-05, t=16.7167
# xi=387.181702432929, logdetD=-1.03000200333614e-05, t=16.4046
# xi=389.851921070398, logdetD=-9.45026587705344e-06, t=16.2745
# xi=392.522139707866, logdetD=-8.66931007109159e-06, t=16.6324
# xi=395.192358345335, logdetD=-7.95445710259918e-06, t=16.2703
# xi=397.862576982803, logdetD=-7.30436474004489e-06, t=15.9306
# xi=400.532795620272, logdetD=-6.70652105709515e-06, t=16.0918
# xi=403.20301425774, logdetD=-6.15678490393633e-06, t=15.9167
# xi=405.873232895209, logdetD=-5.65133951247004e-06, t=15.9944
# xi=408.543451532677, logdetD=-5.18666762474047e-06, t=16.0039
# xi=411.213670170146, logdetD=-4.76019571967282e-06, t=15.5183
# xi=413.883888807614, logdetD=-4.37283438892281e-06, t=15.5326
# xi=416.554107445083, logdetD=-4.01650469294474e-06, t=15.4275
# xi=419.224326082551, logdetD=-3.68875313005873e-06, t=15.1713
# xi=421.89454472002, logdetD=-3.38731802304312e-06, t=15.0125
# xi=424.564763357488, logdetD=-3.11011488107791e-06, t=15.1923
# xi=427.234981994957, logdetD=-2.85522226264276e-06, t=14.7765
# xi=429.905200632425, logdetD=-2.62371182683015e-06, t=14.6686
# xi=432.575419269893, logdetD=-2.41080142362082e-06, t=14.5434
# xi=435.245637907362, logdetD=-2.21491248493977e-06, t=14.4634
# xi=437.91585654483, logdetD=-2.03470127785419e-06, t=14.407
# xi=440.586075182299, logdetD=-1.86892897229865e-06, t=14.7106
# xi=443.256293819767, logdetD=-1.71645353336951e-06, t=13.9485
# xi=445.926512457236, logdetD=-1.57756202537019e-06, t=13.9921
# xi=448.596731094704, logdetD=-1.45004800698477e-06, t=13.6942
# xi=451.266949732173, logdetD=-1.33269729622918e-06, t=13.7599
# xi=453.937168369641, logdetD=-1.22470950501911e-06, t=13.6063
# xi=456.60738700711, logdetD=-1.12534651397978e-06, t=13.4108
# xi=459.277605644578, logdetD=-1.03392781602531e-06, t=13.4419
#
# 11259 determinants computed
#
# L/R, L, R, T, ldim, F*(L+R)/(ħc)
0.0137, 4.384e-08, 3.2e-06, 300, 584, -106.0676547603215
# finished at Di 20. Feb 15:57:36 CET 2018
