# starting on alcc115 at Mi 21. Feb 08:15:47 CET 2018
# compiler: icc
# compile time: Feb  1 2018 09:49:34
# compiled on: Linux alcc83 3.16.0-4-amd64 #1 SMP Debian 3.16.51-3 (2017-12-13) x86_64 GNU/Linux
# LAPACK support: false
# git HEAD: b96c9c30c7b1cdd2d059ceccd0396c6d55d3da95
# git branch: dev
#
# LbyR = 0.008275
# L = 2.648e-08
# R = 3.2e-06
# T = 300
# cutoff = 5e-08
# epsrel = 1e-07
# iepsrel = 2e-07
# ldim = 967
# cores = 4
# alpha = 0.0164141727207359
# filename = /alcc/gpfs1/home/u/hartmmic/libcasimir-dev/data/materials/GoldDalvit.dat
# model = optical data (xi=0: Drude)
# plasma = -23.2928330439197 (logdetD(xi=0) for plasma model with omegap=1.36734e+16eV)
#
# xi=0, logdetD=-17.691768878504, t=2.71196
# xi=2.65592847656459, logdetD=-21.7108908850684, t=46.0655
# xi=5.31185695312919, logdetD=-20.1173511793255, t=46.7246
# xi=7.96778542969378, logdetD=-18.4539469031255, t=47.601
# xi=10.6237139062584, logdetD=-16.8741089500759, t=47.4023
# xi=13.279642382823, logdetD=-15.4111560843198, t=49.4646
# xi=15.9355708593876, logdetD=-14.0691719698705, t=49.7646
# xi=18.5914993359522, logdetD=-12.8563297384556, t=49.9253
# xi=21.2474278125168, logdetD=-11.7288593861829, t=50.8896
# xi=23.9033562890814, logdetD=-10.7223756724602, t=50.8933
# xi=26.5592847656459, logdetD=-9.79788048576273, t=51.2784
# xi=29.2152132422105, logdetD=-8.95891615341427, t=51.5215
# xi=31.8711417187751, logdetD=-8.20039918468036, t=51.7528
# xi=34.5270701953397, logdetD=-7.50687239930224, t=51.9508
# xi=37.1829986719043, logdetD=-6.87972654639948, t=51.9992
# xi=39.8389271484689, logdetD=-6.30849722860137, t=53.991
# xi=42.4948556250335, logdetD=-5.78656706450602, t=53.8743
# xi=45.1507841015981, logdetD=-5.31459317702148, t=54.077
# xi=47.8067125781627, logdetD=-4.88248765889206, t=54.3304
# xi=50.4626410547273, logdetD=-4.48843561238942, t=54.9366
# xi=53.1185695312919, logdetD=-4.12958564278524, t=55.466
# xi=55.7744980078565, logdetD=-3.80072596929735, t=55.3428
# xi=58.4304264844211, logdetD=-3.50092073070699, t=55.3852
# xi=61.0863549609857, logdetD=-3.22644836304453, t=55.8571
# xi=63.7422834375503, logdetD=-2.97460107441663, t=55.8856
# xi=66.3982119141149, logdetD=-2.74481881702385, t=56.554
# xi=69.0541403906795, logdetD=-2.53360961631952, t=56.6227
# xi=71.7100688672441, logdetD=-2.33986783905482, t=56.4592
# xi=74.3659973438087, logdetD=-2.16227184298425, t=56.7267
# xi=77.0219258203732, logdetD=-1.99880185483701, t=57.0841
# xi=79.6778542969378, logdetD=-1.84881960544421, t=56.4133
# xi=82.3337827735024, logdetD=-1.71081530193403, t=56.7687
# xi=84.989711250067, logdetD=-1.58362834468719, t=56.9794
# xi=87.6456397266316, logdetD=-1.46684206886934, t=57.317
# xi=90.3015682031962, logdetD=-1.35906200227617, t=57.1932
# xi=92.9574966797608, logdetD=-1.2597238483456, t=57.1938
# xi=95.6134251563254, logdetD=-1.16820276708256, t=56.6018
# xi=98.26935363289, logdetD=-1.08363366507212, t=57.0007
# xi=100.925282109455, logdetD=-1.00566602981589, t=56.8006
# xi=103.581210586019, logdetD=-0.933629738315227, t=56.976
# xi=106.237139062584, logdetD=-0.866994439653014, t=56.9221
# xi=108.893067539148, logdetD=-0.805517055855421, t=58.4803
# xi=111.548996015713, logdetD=-0.748586128419297, t=57.5814
# xi=114.204924492278, logdetD=-0.695915067096104, t=57.6685
# xi=116.860852968842, logdetD=-0.647196754954486, t=58.0427
# xi=119.516781445407, logdetD=-0.602033143459141, t=57.8346
# xi=122.172709921971, logdetD=-0.560236984493942, t=57.9646
# xi=124.828638398536, logdetD=-0.521491303194252, t=58.3036
# xi=127.484566875101, logdetD=-0.485540732915907, t=58.0176
# xi=130.140495351665, logdetD=-0.45224972626975, t=58.29
# xi=132.79642382823, logdetD=-0.421332073479682, t=58.2134
# xi=135.452352304794, logdetD=-0.392639385900833, t=58.2107
# xi=138.108280781359, logdetD=-0.366015337340372, t=58.3451
# xi=140.764209257924, logdetD=-0.341266860819281, t=58.4879
# xi=143.420137734488, logdetD=-0.31829333659118, t=57.7279
# xi=146.076066211053, logdetD=-0.296937602277867, t=58.352
# xi=148.731994687617, logdetD=-0.277071514660599, t=58.0948
# xi=151.387923164182, logdetD=-0.258619853866517, t=57.9171
# xi=154.043851640746, logdetD=-0.241441990408613, t=58.6718
# xi=156.699780117311, logdetD=-0.225459337963967, t=58.0984
# xi=159.355708593876, logdetD=-0.210589931041744, t=58.1841
# xi=162.01163707044, logdetD=-0.196736237814727, t=58.3701
# xi=164.667565547005, logdetD=-0.184025203081442, t=58.5909
# xi=167.323494023569, logdetD=-0.172298551963599, t=58.4979
# xi=169.979422500134, logdetD=-0.161227855528647, t=59.017
# xi=172.635350976699, logdetD=-0.150778780357698, t=58.2304
# xi=175.291279453263, logdetD=-0.140918772199427, t=58.2162
# xi=177.947207929828, logdetD=-0.131616961920825, t=58.4151
# xi=180.603136406392, logdetD=-0.123015638740688, t=58.3248
# xi=183.259064882957, logdetD=-0.115302979942794, t=58.9012
# xi=185.914993359522, logdetD=-0.108021745668394, t=58.5674
# xi=188.570921836086, logdetD=-0.101149275700664, t=58.4626
# xi=191.226850312651, logdetD=-0.0946640795290354, t=58.7454
# xi=193.882778789215, logdetD=-0.0885457756465868, t=58.713
# xi=196.53870726578, logdetD=-0.082821569256892, t=58.6538
# xi=199.194635742345, logdetD=-0.0777059058157749, t=58.2211
# xi=201.850564218909, logdetD=-0.0728758678806192, t=57.8658
# xi=204.506492695474, logdetD=-0.0683164236019129, t=58.3827
# xi=207.162421172038, logdetD=-0.0640133155110077, t=58.1391
# xi=209.818349648603, logdetD=-0.0599530204268236, t=57.8357
# xi=212.474278125168, logdetD=-0.0561227115196461, t=57.9424
# xi=215.130206601732, logdetD=-0.0526999841748913, t=58.1789
# xi=217.786135078297, logdetD=-0.0494713949657413, t=58.249
# xi=220.442063554861, logdetD=-0.0464230918476909, t=58.0827
# xi=223.097992031426, logdetD=-0.0435455674472843, t=58.3321
# xi=225.753920507991, logdetD=-0.0408298032993306, t=57.6219
# xi=228.409848984555, logdetD=-0.0382672447530704, t=57.6463
# xi=231.06577746112, logdetD=-0.0359455875366388, t=57.9783
# xi=233.721705937684, logdetD=-0.033772613234048, t=57.9164
# xi=236.377634414249, logdetD=-0.0317204931654463, t=58.3728
# xi=239.033562890814, logdetD=-0.0297828550698197, t=57.7982
# xi=241.689491367378, logdetD=-0.027953653930916, t=57.6438
# xi=244.345419843943, logdetD=-0.0262271552663396, t=57.6844
# xi=247.001348320507, logdetD=-0.0246452463400202, t=57.9425
# xi=249.657276797072, logdetD=-0.023173650280528, t=57.6504
# xi=252.313205273636, logdetD=-0.0217835348620202, t=57.9893
# xi=254.969133750201, logdetD=-0.020470607893081, t=57.7282
# xi=257.625062226766, logdetD=-0.0192307972184986, t=57.7664
# xi=260.28099070333, logdetD=-0.0180602396204607, t=57.866
# xi=262.936919179895, logdetD=-0.0169776713182218, t=57.5923
# xi=265.592847656459, logdetD=-0.0159754391093897, t=57.3978
# xi=268.248776133024, logdetD=-0.0150284373338948, t=57.2227
# xi=270.904704609589, logdetD=-0.0141337608624403, t=57.7387
# xi=273.560633086153, logdetD=-0.0132886533391824, t=57.6123
# xi=276.216561562718, logdetD=-0.0124904996452673, t=57.4634
# xi=278.872490039282, logdetD=-0.0117465655546873, t=56.9279
# xi=281.528418515847, logdetD=-0.0110604763064231, t=57.2245
# xi=284.184346992412, logdetD=-0.0104120120012712, t=57.1734
# xi=286.840275468976, logdetD=-0.00979919734114023, t=56.5665
# xi=289.496203945541, logdetD=-0.00922015802776699, t=56.3866
# xi=292.152132422105, logdetD=-0.00867311566188622, t=56.6149
# xi=294.80806089867, logdetD=-0.00815986814862718, t=56.9029
# xi=297.463989375235, logdetD=-0.00768797898812272, t=56.751
# xi=300.119917851799, logdetD=-0.00724184118981614, t=56.8908
# xi=302.775846328364, logdetD=-0.0068201058168536, t=56.4931
# xi=305.431774804928, logdetD=-0.00642149278967036, t=56.6795
# xi=308.087703281493, logdetD=-0.00604478742212467, t=56.7386
# xi=310.743631758058, logdetD=-0.00568936923717803, t=56.4203
# xi=313.399560234622, logdetD=-0.00536339433133215, t=56.1207
# xi=316.055488711187, logdetD=-0.00505512114896178, t=56.3511
# xi=318.711417187751, logdetD=-0.00476362468446509, t=56.1565
# xi=321.367345664316, logdetD=-0.00448802706923218, t=55.2746
# xi=324.023274140881, logdetD=-0.00422749519828597, t=55.298
# xi=326.679202617445, logdetD=-0.00398123848731976, t=55.5645
# xi=329.33513109401, logdetD=-0.0037544194187148, t=55.5227
# xi=331.991059570574, logdetD=-0.00354055318978917, t=55.5457
# xi=334.646988047139, logdetD=-0.0033382680846834, t=55.4756
# xi=337.302916523704, logdetD=-0.00314695970568536, t=55.624
# xi=339.958845000268, logdetD=-0.0029660544200101, t=55.5823
# xi=342.614773476833, logdetD=-0.0027950078165234, t=55.3767
# xi=345.270701953397, logdetD=-0.00263645267675489, t=55.019
# xi=347.926630429962, logdetD=-0.00248752993577305, t=55.005
# xi=350.582558906527, logdetD=-0.00234663225648722, t=55.5364
# xi=353.238487383091, logdetD=-0.0022133419798788, t=55.7082
# xi=355.894415859656, logdetD=-0.00208726266612172, t=55.1976
# xi=358.55034433622, logdetD=-0.00196801803249935, t=55.1761
# xi=361.206272812785, logdetD=-0.00185686532848425, t=55.343
# xi=363.862201289349, logdetD=-0.00175280651902006, t=55.2477
# xi=366.518129765914, logdetD=-0.00165432848447478, t=54.1631
# xi=369.174058242479, logdetD=-0.00156114159633543, t=54.4561
# xi=371.829986719043, logdetD=-0.00147297091391004, t=54.8573
# xi=374.485915195608, logdetD=-0.00138955544669522, t=54.4839
# xi=377.141843672172, logdetD=-0.00131142116399094, t=53.8093
# xi=379.797772148737, logdetD=-0.00123847635996552, t=53.6837
# xi=382.453700625302, logdetD=-0.00116942552516183, t=53.7134
# xi=385.109629101866, logdetD=-0.00110406715046752, t=53.9629
# xi=387.765557578431, logdetD=-0.00104220992475558, t=53.6437
# xi=390.421486054995, logdetD=-0.000983672226728515, t=53.6075
# xi=393.07741453156, logdetD=-0.000928605477586524, t=53.4457
# xi=395.733343008125, logdetD=-0.000877317393579926, t=53.6363
# xi=398.389271484689, logdetD=-0.000828754859808073, t=52.9933
# xi=401.045199961254, logdetD=-0.000782777237869866, t=53.1459
# xi=403.701128437818, logdetD=-0.000739250992199721, t=52.8365
# xi=406.357056914383, logdetD=-0.000698049334839296, t=53.0742
# xi=409.012985390948, logdetD=-0.000659143949639397, t=52.6238
# xi=411.668913867512, logdetD=-0.000622981074887757, t=53.282
# xi=414.324842344077, logdetD=-0.000588731567636114, t=53.2916
# xi=416.980770820641, logdetD=-0.000556296983823874, t=53.0721
# xi=419.636699297206, logdetD=-0.000525583838378372, t=52.6007
# xi=422.292627773771, logdetD=-0.000496503360714091, t=52.3816
# xi=424.948556250335, logdetD=-0.000468971260847975, t=52.3489
# xi=427.6044847269, logdetD=-0.00044338569214267, t=52.3484
# xi=430.260413203464, logdetD=-0.000419166849369814, t=52.2344
# xi=432.916341680029, logdetD=-0.000396225854230854, t=51.9378
# xi=435.572270156594, logdetD=-0.000374497076398621, t=52.1212
# xi=438.228198633158, logdetD=-0.000353918188630962, t=52.3874
# xi=440.884127109723, logdetD=-0.000334430002681418, t=51.5995
# xi=443.540055586287, logdetD=-0.000316243729337967, t=51.5806
# xi=446.195984062852, logdetD=-0.000299075292472574, t=51.206
# xi=448.851912539417, logdetD=-0.000282808924983545, t=51.7496
# xi=451.507841015981, logdetD=-0.000267398428406448, t=51.0418
# xi=454.163769492546, logdetD=-0.000252799925269675, t=50.8974
# xi=456.81969796911, logdetD=-0.000238971743625952, t=50.8782
# xi=459.475626445675, logdetD=-0.000226018940763591, t=51.2492
# xi=462.13155492224, logdetD=-0.000213819931823455, t=50.3977
# xi=464.787483398804, logdetD=-0.00020225930000834, t=50.1658
# xi=467.443411875369, logdetD=-0.000191304444121084, t=50.5983
# xi=470.099340351933, logdetD=-0.000180924397215897, t=50.533
# xi=472.755268828498, logdetD=-0.00017108974484215, t=50.0643
# xi=475.411197305062, logdetD=-0.00016184663185458, t=50.1515
# xi=478.067125781627, logdetD=-0.000153159465618315, t=50.031
# xi=480.723054258192, logdetD=-0.000144925128035823, t=50.3785
# xi=483.378982734756, logdetD=-0.000137120557464201, t=49.6021
# xi=486.034911211321, logdetD=-0.000129723846318814, t=49.4944
# xi=488.690839687885, logdetD=-0.000122714183213787, t=49.904
# xi=491.34676816445, logdetD=-0.000116106157316386, t=49.7184
# xi=494.002696641015, logdetD=-0.000109906903840132, t=49.2877
# xi=496.658625117579, logdetD=-0.000104029575313639, t=49.2306
# xi=499.314553594144, logdetD=-9.84578219093668e-05, t=49.5156
# xi=501.970482070708, logdetD=-9.31761099169594e-05, t=49.6868
# xi=504.626410547273, logdetD=-8.8169680911629e-05, t=48.8181
# xi=507.282339023838, logdetD=-8.34371860275634e-05, t=49.0792
# xi=509.938267500402, logdetD=-7.90045661859481e-05, t=48.9695
# xi=512.594195976967, logdetD=-7.48012929824173e-05, t=48.3525
# xi=515.250124453531, logdetD=-7.08157488460554e-05, t=48.2726
# xi=517.906052930096, logdetD=-6.7036895917381e-05, t=48.3368
# xi=520.561981406661, logdetD=-6.34542452823434e-05, t=48.3186
# xi=523.217909883225, logdetD=-6.00592349749498e-05, t=47.4611
# xi=525.87383835979, logdetD=-5.68838453866525e-05, t=47.6742
# xi=528.529766836354, logdetD=-5.38721745099214e-05, t=47.7908
# xi=531.185695312919, logdetD=-5.10159512272406e-05, t=47.7935
# xi=533.841623789483, logdetD=-4.83073150341413e-05, t=47.2386
# xi=536.497552266048, logdetD=-4.57387974009309e-05, t=47.2291
# xi=539.153480742613, logdetD=-4.33033006633988e-05, t=47.0128
# xi=541.809409219177, logdetD=-4.10205280195479e-05, t=47.0474
# xi=544.465337695742, logdetD=-3.88588116445122e-05, t=46.4905
# xi=547.121266172306, logdetD=-3.68082875653866e-05, t=46.0931
# xi=549.777194648871, logdetD=-3.48633480843657e-05, t=46.2429
# xi=552.433123125436, logdetD=-3.30186639883113e-05, t=45.8094
# xi=555.089051602, logdetD=-3.12691698932781e-05, t=45.7885
# xi=557.744980078565, logdetD=-2.9624935838641e-05, t=45.8841
# xi=560.400908555129, logdetD=-2.80706771410609e-05, t=45.9213
# xi=563.056837031694, logdetD=-2.65960985361217e-05, t=45.3995
# xi=565.712765508259, logdetD=-2.51971920309739e-05, t=45.474
# xi=568.368693984823, logdetD=-2.38701477288204e-05, t=45.2545
# xi=571.024622461388, logdetD=-2.2611344532498e-05, t=45.368
# xi=573.680550937952, logdetD=-2.14253489710634e-05, t=44.7753
# xi=576.336479414517, logdetD=-2.03060500735471e-05, t=44.4977
# xi=578.992407891082, logdetD=-1.9243948555136e-05, t=45.0145
# xi=581.648336367646, logdetD=-1.82361737380071e-05, t=44.813
# xi=584.304264844211, logdetD=-1.72799976040254e-05, t=44.0713
# xi=586.960193320775, logdetD=-1.63728266206769e-05, t=44.0647
# xi=589.61612179734, logdetD=-1.55161892594032e-05, t=43.812
# xi=592.272050273905, logdetD=-1.47088908349931e-05, t=43.5927
# xi=594.927978750469, logdetD=-1.39427177753965e-05, t=43.4462
# xi=597.583907227034, logdetD=-1.32156116071387e-05, t=43.4269
# xi=600.239835703598, logdetD=-1.25256148137805e-05, t=43.5927
# xi=602.895764180163, logdetD=-1.18708669876051e-05, t=42.6678
# xi=605.551692656728, logdetD=-1.12513082271698e-05, t=43.2954
# xi=608.207621133292, logdetD=-1.06681897982666e-05, t=42.8539
# xi=610.863549609857, logdetD=-1.01146873203541e-05, t=41.746
# xi=613.519478086421, logdetD=-9.58932191803595e-06, t=40.0675
# xi=616.175406562986, logdetD=-9.09068712305248e-06, t=40.5684
# xi=618.831335039551, logdetD=-8.61744596918626e-06, t=40.2262
# xi=621.487263516115, logdetD=-8.16878573394381e-06, t=40.0916
# xi=624.14319199268, logdetD=-7.74700611712234e-06, t=41.6407
# xi=626.799120469244, logdetD=-7.34658631879691e-06, t=42.4216
# xi=629.455048945809, logdetD=-6.96646179480124e-06, t=42.1819
# xi=632.110977422374, logdetD=-6.60562046495972e-06, t=41.8205
# xi=634.766905898938, logdetD=-6.26310028252981e-06, t=40.1628
# xi=637.422834375503, logdetD=-5.93798602527588e-06, t=41.4606
# xi=640.078762852067, logdetD=-5.63231464298733e-06, t=41.5715
# xi=642.734691328632, logdetD=-5.3422541302585e-06, t=40.7813
# xi=645.390619805196, logdetD=-5.0668539239552e-06, t=41.0478
# xi=648.046548281761, logdetD=-4.80538397714781e-06, t=41.2169
# xi=650.702476758326, logdetD=-4.55715122646954e-06, t=40.3449
# xi=653.35840523489, logdetD=-4.32149591541679e-06, t=40.5265
# xi=656.014333711455, logdetD=-4.09947812002678e-06, t=40.0595
# xi=658.670262188019, logdetD=-3.88909392949546e-06, t=40.1709
# xi=661.326190664584, logdetD=-3.68931380584456e-06, t=39.6247
# xi=663.982119141149, logdetD=-3.49961096547325e-06, t=39.5605
# xi=666.638047617713, logdetD=-3.31948498684418e-06, t=39.4574
# xi=669.293976094278, logdetD=-3.14845966272959e-06, t=39.9733
# xi=671.949904570842, logdetD=-2.98702551229119e-06, t=38.933
# xi=674.605833047407, logdetD=-2.83424586044769e-06, t=38.7604
# xi=677.261761523972, logdetD=-2.68914625867854e-06, t=39.3795
# xi=679.917690000536, logdetD=-2.55134613016762e-06, t=38.3773
# xi=682.573618477101, logdetD=-2.42048371801315e-06, t=38.2495
# xi=685.229546953665, logdetD=-2.29621490103109e-06, t=38.7483
# xi=687.88547543023, logdetD=-2.17870884570091e-06, t=38.6264
# xi=690.541403906795, logdetD=-2.06763187626025e-06, t=37.5385
# xi=693.197332383359, logdetD=-1.96212413807006e-06, t=37.9842
# xi=695.853260859924, logdetD=-1.86191050725505e-06, t=37.5122
# xi=698.509189336488, logdetD=-1.76672892678495e-06, t=36.7871
#
# 21796 determinants computed
#
# L/R, L, R, T, ldim, F*(L+R)/(ħc)
0.008274999999999999, 2.648e-08, 3.2e-06, 300, 967, -232.1551889169525
# finished at Mi 21. Feb 12:02:46 CET 2018
