# starting on alcc117 at Thu Apr 20 12:41:45 CEST 2017

# L      = 8.875e-08
# R      = 1e-05
# LbyR   = 0.008875
# T      = 295
# cutoff = 1e-13
# epsrel = 1e-10
# ldim   = 1200
# cores  = 14
# alpha  = 0.0175938545409491
# filename = /alcc/gpfs1/home/u/hartmmic/libcasimir-dev/data/materials/GoldEpsIm.dat
# model  = optical data (xi=0: Drude)
# plasma = -26.2366992282548 (logdetD(xi=0) for plasma model with omegap=9eV)
#
# xi=0, logdetD=-16.4679184049705, t=4.94038
# xi=8.16630356021899, logdetD=-21.6092310234574, t=36.6569
# xi=16.332607120438, logdetD=-17.5584675778488, t=38.6192
# xi=24.498910680657, logdetD=-14.2304232654276, t=36.0813
# xi=32.665214240876, logdetD=-11.5510031063169, t=37.1459
# xi=40.831517801095, logdetD=-9.39530119744294, t=36.6927
# xi=48.997821361314, logdetD=-7.65725031252766, t=37.0128
# xi=57.1641249215329, logdetD=-6.25672133332946, t=37.3972
# xi=65.3304284817519, logdetD=-5.11807397593326, t=37.2822
# xi=73.4967320419709, logdetD=-4.19344454777083, t=37.8831
# xi=81.6630356021899, logdetD=-3.43837874728413, t=37.4481
# xi=89.8293391624089, logdetD=-2.82707165397732, t=38.1115
# xi=97.9956427226279, logdetD=-2.32545967422097, t=38.7207
# xi=106.161946282847, logdetD=-1.91611448283941, t=39.1172
# xi=114.328249843066, logdetD=-1.58072243316977, t=39.5961
# xi=122.494553403285, logdetD=-1.30501284385141, t=40.3245
# xi=130.660856963504, logdetD=-1.07933488275437, t=40.9921
# xi=138.827160523723, logdetD=-0.89315018520981, t=41.851
# xi=146.993464083942, logdetD=-0.740019351783117, t=42.355
# xi=155.159767644161, logdetD=-0.613702377562357, t=42.7842
# xi=163.32607120438, logdetD=-0.509284089802683, t=43.3461
# xi=171.492374764599, logdetD=-0.423175883208826, t=43.5428
# xi=179.658678324818, logdetD=-0.351795225267739, t=44.0454
# xi=187.824981885037, logdetD=-0.292743199314259, t=44.5079
# xi=195.991285445256, logdetD=-0.243775945356217, t=44.9353
# xi=204.157589005475, logdetD=-0.203114603814232, t=45.489
# xi=212.323892565694, logdetD=-0.16939938921267, t=46.4958
# xi=220.490196125913, logdetD=-0.141339603064084, t=46.4921
# xi=228.656499686132, logdetD=-0.118021244801378, t=46.8908
# xi=236.822803246351, logdetD=-0.0986054438293142, t=47.9739
# xi=244.98910680657, logdetD=-0.0824238728000741, t=47.9868
# xi=253.155410366789, logdetD=-0.0689500197864992, t=46.8309
# xi=261.321713927008, logdetD=-0.0576995956747569, t=47.1593
# xi=269.488017487227, logdetD=-0.0483165925456513, t=47.5981
# xi=277.654321047446, logdetD=-0.0404780020915825, t=47.9264
# xi=285.820624607665, logdetD=-0.0339254327149709, t=48.0627
# xi=293.986928167884, logdetD=-0.0284510043595604, t=48.6071
# xi=302.153231728103, logdetD=-0.0238674776981924, t=48.6374
# xi=310.319535288322, logdetD=-0.020033511796109, t=48.7113
# xi=318.485838848541, logdetD=-0.0168218366085657, t=48.8029
# xi=326.65214240876, logdetD=-0.014130286237442, t=49.0357
# xi=334.818445968979, logdetD=-0.0118754010310963, t=49.0322
# xi=342.984749529198, logdetD=-0.00998310422434472, t=49.1495
# xi=351.151053089417, logdetD=-0.00839636602779873, t=49.3904
# xi=359.317356649636, logdetD=-0.00706410673552979, t=49.5233
# xi=367.483660209855, logdetD=-0.00594519607285712, t=48.7828
# xi=375.649963770074, logdetD=-0.0050056453215562, t=47.6708
# xi=383.816267330293, logdetD=-0.0042156065749087, t=48.1416
# xi=391.982570890512, logdetD=-0.00355175008212786, t=48.5748
# xi=400.148874450731, logdetD=-0.00299326173779687, t=47.7366
# xi=408.31517801095, logdetD=-0.00252333538158966, t=47.9498
# xi=416.481481571169, logdetD=-0.00212795844524999, t=47.8784
# xi=424.647785131388, logdetD=-0.00179492276953604, t=47.8192
# xi=432.814088691607, logdetD=-0.00151457117447612, t=47.7927
# xi=440.980392251826, logdetD=-0.00127831348714867, t=47.9047
# xi=449.146695812045, logdetD=-0.00107919622500982, t=47.278
# xi=457.312999372264, logdetD=-0.000911380620985991, t=46.6942
# xi=465.479302932483, logdetD=-0.000769810384538344, t=46.6157
# xi=473.645606492702, logdetD=-0.000650446800393471, t=46.2979
# xi=481.811910052921, logdetD=-0.000549705801409687, t=46.2149
# xi=489.97821361314, logdetD=-0.000464679506280699, t=46.7713
# xi=498.144517173359, logdetD=-0.000392912250138863, t=46.2624
# xi=506.310820733578, logdetD=-0.00033228736438419, t=45.9772
# xi=514.477124293796, logdetD=-0.000281357332177804, t=45.7642
# xi=522.643427854015, logdetD=-0.000238495474643969, t=46.0476
# xi=530.809731414235, logdetD=-0.000202048564437994, t=45.5599
# xi=538.976034974453, logdetD=-0.000171069868928678, t=45.042
# xi=547.142338534672, logdetD=-0.000144750828768776, t=44.0443
# xi=555.308642094891, logdetD=-0.000122401070794242, t=44.9924
# xi=563.47494565511, logdetD=-0.000103503668095197, t=44.0608
# xi=571.641249215329, logdetD=-8.78384327720368e-05, t=44.2144
# xi=579.807552775548, logdetD=-7.45082988966363e-05, t=43.9375
# xi=587.973856335767, logdetD=-6.31694556064513e-05, t=43.9355
# xi=596.140159895986, logdetD=-5.35282088774077e-05, t=43.7787
# xi=604.306463456205, logdetD=-4.53337339773984e-05, t=43.0873
# xi=612.472767016424, logdetD=-3.83718731620014e-05, t=42.7622
# xi=620.639070576643, logdetD=-3.25823077122942e-05, t=42.2618
# xi=628.805374136862, logdetD=-2.76681437170251e-05, t=42.4814
# xi=636.971677697081, logdetD=-2.34850728888045e-05, t=42.4709
# xi=645.1379812573, logdetD=-1.99255488106806e-05, t=41.087
# xi=653.304284817519, logdetD=-1.68976974638517e-05, t=41.2681
# xi=661.470588377738, logdetD=-1.43230534549697e-05, t=41.1296
# xi=669.636891937957, logdetD=-1.21625894347217e-05, t=41.2277
# xi=677.803195498176, logdetD=-1.03382779895575e-05, t=41.0756
# xi=685.969499058395, logdetD=-8.78433540445289e-06, t=40.9385
# xi=694.135802618614, logdetD=-7.46109282328826e-06, t=39.5206
# xi=702.302106178833, logdetD=-6.33465211583849e-06, t=39.167
# xi=710.468409739052, logdetD=-5.37605397053243e-06, t=39.3557
# xi=718.634713299271, logdetD=-4.56593739618326e-06, t=39.2482
# xi=726.80101685949, logdetD=-3.88446594841074e-06, t=39.1367
# xi=734.967320419709, logdetD=-3.30362889731574e-06, t=38.9526
# xi=743.133623979928, logdetD=-2.80869916742799e-06, t=37.6122
# xi=751.299927540147, logdetD=-2.38708734829432e-06, t=37.7001
# xi=759.466231100366, logdetD=-2.02803546346191e-06, t=37.6481
# xi=767.632534660585, logdetD=-1.72286903717001e-06, t=37.5416
# xi=775.798838220804, logdetD=-1.46688244325858e-06, t=37.205
# xi=783.965141781023, logdetD=-1.24857159656008e-06, t=36.0039
# xi=792.131445341242, logdetD=-1.06243599836547e-06, t=35.63
# xi=800.297748901461, logdetD=-9.03773193592365e-07, t=35.5702
# xi=808.46405246168, logdetD=-7.68562911768039e-07, t=35.5931
# xi=816.630356021899, logdetD=-6.53368752448311e-07, t=35.6001
# xi=824.796659582118, logdetD=-5.56469287759729e-07, t=34.1969
# xi=832.962963142337, logdetD=-4.7400500172915e-07, t=34.052
# xi=841.129266702556, logdetD=-4.03654908534717e-07, t=34.6219
# xi=849.295570262775, logdetD=-3.4365273563054e-07, t=33.2573
# xi=857.461873822994, logdetD=-2.92488152584412e-07, t=33.2761
# xi=865.628177383213, logdetD=-2.488699241063e-07, t=32.783
# xi=873.794480943432, logdetD=-2.11981545694741e-07, t=32.415
# xi=881.960784503651, logdetD=-1.80689918075234e-07, t=32.21
# xi=890.12708806387, logdetD=-1.53981089751272e-07, t=31.2466
# xi=898.293391624089, logdetD=-1.31188488958746e-07, t=31.3992
# xi=906.459695184308, logdetD=-1.11741869359086e-07, t=31.1834
# xi=914.625998744527, logdetD=-9.51536591617641e-08, t=30.8298
# xi=922.792302304746, logdetD=-8.10620902886572e-08, t=29.809
# xi=930.958605864965, logdetD=-6.91389164463111e-08, t=29.5932
# xi=939.124909425184, logdetD=-5.89569693760881e-08, t=29.5464
# xi=947.291212985403, logdetD=-5.02635543097921e-08, t=28.001
# xi=955.457516545622, logdetD=-4.28424539414699e-08, t=27.8185
# xi=963.623820105841, logdetD=-3.65086800650059e-08, t=27.7944
# xi=971.79012366606, logdetD=-3.11079387163082e-08, t=27.8475
# xi=979.956427226279, logdetD=-2.65474735592191e-08, t=27.8085
# xi=988.122730786498, logdetD=-2.26512202435695e-08, t=27.7715
# xi=996.289034346717, logdetD=-1.93229977293202e-08, t=27.7791
# xi=1004.45533790694, logdetD=-1.6480481046115e-08, t=27.728
# xi=1012.62164146716, logdetD=-1.40532142641572e-08, t=29.303
# xi=1020.78794502737, logdetD=-1.1980907255356e-08, t=29.255
# xi=1028.95424858759, logdetD=-1.02264482087505e-08, t=29.3312
# xi=1037.12055214781, logdetD=-8.73029173351991e-09, t=29.3977
# xi=1045.28685570803, logdetD=-7.45169299827281e-09, t=29.2622
# xi=1053.45315926825, logdetD=-6.35918835284725e-09, t=29.3139
# xi=1061.61946282847, logdetD=-5.42584244197001e-09, t=29.4907
# xi=1069.78576638869, logdetD=-4.62859931172718e-09, t=29.4635
# xi=1077.95206994891, logdetD=-3.95120089403225e-09, t=29.2738
# xi=1086.11837350913, logdetD=-3.37482120212053e-09, t=29.2222
# xi=1094.28467706934, logdetD=-2.88204944719931e-09, t=29.3127
# xi=1102.45098062956, logdetD=-2.46081855841127e-09, t=29.2479
# xi=1110.61728418978, logdetD=-2.10079525308761e-09, t=28.9892
# xi=1118.78358775, logdetD=-1.79313193647703e-09, t=29.0367
# xi=1126.94989131022, logdetD=-1.53090526233618e-09, t=28.9769
#
# L/R, L, R, T, ldim, F*(L+R)/(ħc)
0.008874999999999999, 8.875e-08, 1e-05, 295, 1200, -326.4461400969824

# finished at Thu Apr 20 14:12:53 CEST 2017
