# starting on alcc117 at Fr 23. Feb 11:12:22 CET 2018
# compiler: icc
# compile time: Feb  1 2018 09:49:34
# compiled on: Linux alcc83 3.16.0-4-amd64 #1 SMP Debian 3.16.51-3 (2017-12-13) x86_64 GNU/Linux
# LAPACK support: false
# git HEAD: b96c9c30c7b1cdd2d059ceccd0396c6d55d3da95
# git branch: dev
#
# LbyR = 0.00425
# L = 1.64475e-06
# R = 0.000387
# T = 300
# cutoff = 5e-08
# epsrel = 1e-07
# iepsrel = 2e-07
# ldim = 1883
# cores = 9
# alpha = 0.00846402788150361
# filename = /alcc/gpfs1/home/u/hartmmic/libcasimir-dev/data/materials/GoldDalvit.dat
# model = optical data (xi=0: Drude)
# plasma = -66.9898816320843 (logdetD(xi=0) for plasma model with omegap=1.36734e+16eV)
#
# xi=0, logdetD=-34.8552354496783, t=11.5389
# xi=319.919125112298, logdetD=-3.63326026275708, t=92.1202
# xi=639.838250224596, logdetD=-0.224662061400802, t=93.1533
# xi=959.757375336894, logdetD=-0.0139874405948251, t=89.2866
# xi=1279.67650044919, logdetD=-0.000872075346665597, t=82.3332
# xi=1599.59562556149, logdetD=-5.44384811108707e-05, t=70.1655
# xi=1919.51475067379, logdetD=-3.40208160472029e-06, t=55.9215
#
# 723 determinants computed
#
# L/R, L, R, T, ldim, F*(L+R)/(ħc)
0.00425, 1.64475e-06, 0.000387, 300, 1883, -2169.098431610195
# finished at Fr 23. Feb 11:20:37 CET 2018
