# starting on alcc116 at Fr 23. Feb 11:21:40 CET 2018
# compiler: icc
# compile time: Feb  1 2018 09:49:34
# compiled on: Linux alcc83 3.16.0-4-amd64 #1 SMP Debian 3.16.51-3 (2017-12-13) x86_64 GNU/Linux
# LAPACK support: false
# git HEAD: b96c9c30c7b1cdd2d059ceccd0396c6d55d3da95
# git branch: dev
#
# LbyR = 0.01755
# L = 6.79185e-06
# R = 0.000387
# T = 300
# cutoff = 5e-08
# epsrel = 1e-07
# iepsrel = 2e-07
# ldim = 456
# cores = 4
# alpha = 0.0344946194290207
# filename = /alcc/gpfs1/home/u/hartmmic/libcasimir-dev/data/materials/GoldDalvit.dat
# model = optical data (xi=0: Drude)
# plasma = -15.2490943733362 (logdetD(xi=0) for plasma model with omegap=1.36734e+16eV)
#
# xi=0, logdetD=-8.13817073505931, t=1.44
# xi=324.156042577066, logdetD=-0.000183086741091071, t=13.1419
# xi=648.312085154133, logdetD=-2.36568853851044e-09, t=4.92027
#
# 120 determinants computed
#
# L/R, L, R, T, ldim, F*(L+R)/(ħc)
0.01755, 6.79185e-06, 0.000387, 300, 456, -419.875555024515
# finished at Fr 23. Feb 11:22:00 CET 2018
