# starting on alcc124 at Fr 23. Feb 11:21:36 CET 2018
# compiler: icc
# compile time: Feb  1 2018 09:49:34
# compiled on: Linux alcc83 3.16.0-4-amd64 #1 SMP Debian 3.16.51-3 (2017-12-13) x86_64 GNU/Linux
# LAPACK support: false
# git HEAD: b96c9c30c7b1cdd2d059ceccd0396c6d55d3da95
# git branch: dev
#
# LbyR = 0.01685
# L = 6.52095e-06
# R = 0.000387
# T = 300
# cutoff = 5e-08
# epsrel = 1e-07
# iepsrel = 2e-07
# ldim = 475
# cores = 4
# alpha = 0.0331415646358853
# filename = /alcc/gpfs1/home/u/hartmmic/libcasimir-dev/data/materials/GoldDalvit.dat
# model = optical data (xi=0: Drude)
# plasma = -15.9306507237905 (logdetD(xi=0) for plasma model with omegap=1.36734e+16eV)
#
# xi=0, logdetD=-8.49138136058438, t=1.50227
# xi=323.933046921026, logdetD=-0.000297871010340921, t=14.2952
# xi=647.866093842052, logdetD=-6.01710396560163e-09, t=5.47465
#
# 123 determinants computed
#
# L/R, L, R, T, ldim, F*(L+R)/(ħc)
0.01685, 6.52095e-06, 0.000387, 300, 475, -437.8085137781048
# finished at Fr 23. Feb 11:21:58 CET 2018
