# starting on alcc122 at Fr 23. Feb 10:52:47 CET 2018
# compiler: icc
# compile time: Feb  1 2018 09:49:34
# compiled on: Linux alcc83 3.16.0-4-amd64 #1 SMP Debian 3.16.51-3 (2017-12-13) x86_64 GNU/Linux
# LAPACK support: false
# git HEAD: b96c9c30c7b1cdd2d059ceccd0396c6d55d3da95
# git branch: dev
#
# LbyR = 0.003375
# L = 1.306125e-06
# R = 0.000387
# T = 300
# cutoff = 5e-08
# epsrel = 1e-07
# iepsrel = 2e-07
# ldim = 2371
# cores = 10
# alpha = 0.00672729537809892
# filename = /alcc/gpfs1/home/u/hartmmic/libcasimir-dev/data/materials/GoldDalvit.dat
# model = optical data (xi=0: Drude)
# plasma = -84.6150355288503 (logdetD(xi=0) for plasma model with omegap=1.36734e+16eV)
#
# xi=0, logdetD=-44.0106792308074, t=16.6577
# xi=319.640380542248, logdetD=-8.02152660653899, t=126.081
# xi=639.280761084495, logdetD=-0.862461211574767, t=130.758
# xi=958.921141626743, logdetD=-0.0937269387011296, t=129.927
# xi=1278.56152216899, logdetD=-0.0102067080695148, t=123.629
# xi=1598.20190271124, logdetD=-0.00111306068817662, t=114.344
# xi=1917.84228325349, logdetD=-0.000121545453500577, t=105.371
# xi=2237.48266379573, logdetD=-1.33049060413946e-05, t=90.6265
# xi=2557.12304433798, logdetD=-1.4550928280148e-06, t=71.0962
#
# 1081 determinants computed
#
# L/R, L, R, T, ldim, F*(L+R)/(ħc)
0.003375, 1.306125e-06, 0.000387, 300, 2371, -3153.526954710887
# finished at Fr 23. Feb 11:07:56 CET 2018
