# starting on alcc116 at Fr 23. Feb 11:21:03 CET 2018
# compiler: icc
# compile time: Feb  1 2018 09:49:34
# compiled on: Linux alcc83 3.16.0-4-amd64 #1 SMP Debian 3.16.51-3 (2017-12-13) x86_64 GNU/Linux
# LAPACK support: false
# git HEAD: b96c9c30c7b1cdd2d059ceccd0396c6d55d3da95
# git branch: dev
#
# LbyR = 0.01405
# L = 5.43735e-06
# R = 0.000387
# T = 300
# cutoff = 5e-08
# epsrel = 1e-07
# iepsrel = 2e-07
# ldim = 570
# cores = 4
# alpha = 0.0277106651545782
# filename = /alcc/gpfs1/home/u/hartmmic/libcasimir-dev/data/materials/GoldDalvit.dat
# model = optical data (xi=0: Drude)
# plasma = -19.3443401496631 (logdetD(xi=0) for plasma model with omegap=1.36734e+16eV)
#
# xi=0, logdetD=-10.2577112870483, t=1.92681
# xi=323.041064296864, logdetD=-0.00212662502792619, t=22.0757
# xi=646.082128593729, logdetD=-2.56386129822362e-07, t=10.9969
#
# 134 determinants computed
#
# L/R, L, R, T, ldim, F*(L+R)/(ħc)
0.01405, 5.43735e-06, 0.000387, 300, 570, -527.604383671658
# finished at Fr 23. Feb 11:21:39 CET 2018
