# starting on alcc124 at Fr 23. Feb 11:30:42 CET 2018
# compiler: icc
# compile time: Feb  1 2018 09:49:34
# compiled on: Linux alcc83 3.16.0-4-amd64 #1 SMP Debian 3.16.51-3 (2017-12-13) x86_64 GNU/Linux
# LAPACK support: false
# git HEAD: b96c9c30c7b1cdd2d059ceccd0396c6d55d3da95
# git branch: dev
#
# LbyR = 0.020525
# L = 7.943175e-06
# R = 0.000387
# T = 300
# cutoff = 5e-08
# epsrel = 1e-07
# iepsrel = 2e-07
# ldim = 390
# cores = 4
# alpha = 0.0402243943068519
# filename = /alcc/gpfs1/home/u/hartmmic/libcasimir-dev/data/materials/GoldDalvit.dat
# model = optical data (xi=0: Drude)
# plasma = -12.8769342881419 (logdetD(xi=0) for plasma model with omegap=1.36734e+16eV)
#
# xi=0, logdetD=-6.90686164534711, t=1.2589
# xi=325.103774115238, logdetD=-2.35182579222846e-05, t=8.39965
# xi=650.207548230477, logdetD=-4.54454625052592e-11, t=3.47521
#
# 111 determinants computed
#
# L/R, L, R, T, ldim, F*(L+R)/(ħc)
0.020525, 7.943175e-06, 0.000387, 300, 390, -357.3763895530323
# finished at Fr 23. Feb 11:30:56 CET 2018
