# starting on alcc114 at Fr 23. Feb 11:12:22 CET 2018
# compiler: icc
# compile time: Feb  1 2018 09:49:34
# compiled on: Linux alcc83 3.16.0-4-amd64 #1 SMP Debian 3.16.51-3 (2017-12-13) x86_64 GNU/Linux
# LAPACK support: false
# git HEAD: b96c9c30c7b1cdd2d059ceccd0396c6d55d3da95
# git branch: dev
#
# LbyR = 0.0039
# L = 1.5093e-06
# R = 0.000387
# T = 300
# cutoff = 5e-08
# epsrel = 1e-07
# iepsrel = 2e-07
# ldim = 2052
# cores = 10
# alpha = 0.00776969817710928
# filename = /alcc/gpfs1/home/u/hartmmic/libcasimir-dev/data/materials/GoldDalvit.dat
# model = optical data (xi=0: Drude)
# plasma = -73.0998269885513 (logdetD(xi=0) for plasma model with omegap=1.36734e+16eV)
#
# xi=0, logdetD=-38.024093610577, t=13.0955
# xi=319.807627284278, logdetD=-4.95493064974483, t=96.2032
# xi=639.615254568556, logdetD=-0.38236342212057, t=98.5344
# xi=959.422881852834, logdetD=-0.02974995282755, t=97.0084
# xi=1279.23050913711, logdetD=-0.00231841058220498, t=89.6322
# xi=1599.03813642139, logdetD=-0.000180909937569165, t=80.4727
# xi=1918.84576370567, logdetD=-1.41342154006991e-05, t=68.0945
# xi=2238.65339098995, logdetD=-1.10676552403703e-06, t=52.1631
#
# 887 determinants computed
#
# L/R, L, R, T, ldim, F*(L+R)/(ħc)
0.003900000000000001, 1.5093e-06, 0.000387, 300, 2052, -2481.99694531422
# finished at Fr 23. Feb 11:22:18 CET 2018
