# starting on alcc116 at Wed Apr 12 17:22:05 CEST 2017
# ../casimir_fixed -R 10e-6 -L 410e-9 -T 295 --material ../../data/materials/GoldEpsIm.dat --cutoff 1e-13 --epsrel 1e-10 -l 250

# L      = 4.1e-07
# R      = 1e-05
# LbyR   = 0.041
# T      = 295
# cutoff = 1e-13
# epsrel = 1e-10
# ldim   = 250
# cores  = 8
# alpha  = 0.0787704130643612
# filename = ../../data/materials/GoldEpsIm.dat
# model  = optical data (xi=0: Drude)
# plasma = -5.67629319174793 (logdetD(xi=0) for plasma model with omegap=9eV)
#
# xi=0, logdetD=-3.29707306351817, t=0.567318
# xi=8.4263382541821, logdetD=-2.89483510778493, t=2.90914
# xi=16.8526765083642, logdetD=-1.37488154770146, t=2.78759
# xi=25.2790147625463, logdetD=-0.658645184181715, t=2.84913
# xi=33.7053530167284, logdetD=-0.317247976741122, t=2.99136
# xi=42.1316912709105, logdetD=-0.153290596953329, t=3.10339
# xi=50.5580295250926, logdetD=-0.0742222906485002, t=3.21366
# xi=58.9843677792747, logdetD=-0.0360206803247159, t=3.31937
# xi=67.4107060334568, logdetD=-0.0174955979624198, t=3.43196
# xi=75.8370442876389, logdetD=-0.00850941894295278, t=3.4273
# xi=84.263382541821, logdetD=-0.00414097889349556, t=3.50967
# xi=92.6897207960031, logdetD=-0.00202060333845574, t=3.52222
# xi=101.116059050185, logdetD=-0.000986321802571376, t=3.41415
# xi=109.542397304367, logdetD=-0.00048229110208233, t=3.43225
# xi=117.968735558549, logdetD=-0.000236124738905912, t=3.44433
# xi=126.395073812732, logdetD=-0.000115696764458078, t=3.27377
# xi=134.821412066914, logdetD=-5.679812448885e-05, t=3.27128
# xi=143.247750321096, logdetD=-2.7899992936766e-05, t=3.30083
# xi=151.674088575278, logdetD=-1.37237364257907e-05, t=3.17464
# xi=160.10042682946, logdetD=-6.7573884449635e-06, t=3.13247
# xi=168.526765083642, logdetD=-3.32974164622892e-06, t=2.9833
# xi=176.953103337824, logdetD=-1.64304435874916e-06, t=2.98679
# xi=185.379441592006, logdetD=-8.11201577786683e-07, t=2.80581
# xi=193.805779846188, logdetD=-4.00937176855626e-07, t=2.80237
# xi=202.23211810037, logdetD=-1.98319084998251e-07, t=2.71056
# xi=210.658456354553, logdetD=-9.81585952344991e-08, t=2.58732
# xi=219.084794608735, logdetD=-4.86347324452619e-08, t=2.58045
# xi=227.511132862917, logdetD=-2.41084486317107e-08, t=2.44386
# xi=235.937471117099, logdetD=-1.19608901040333e-08, t=2.43555
# xi=244.363809371281, logdetD=-5.93777726865572e-09, t=2.43959
# xi=252.790147625463, logdetD=-2.94927126534807e-09, t=2.42855
# xi=261.216485879645, logdetD=-1.46607343584292e-09, t=2.43613
# xi=269.642824133827, logdetD=-7.29067373054731e-10, t=2.42646
# xi=278.069162388009, logdetD=-3.62811416108194e-10, t=2.41298
# xi=286.495500642191, logdetD=-1.80636538030675e-10, t=2.40682
#
# L/R, L, R, T, ldim, F*(L+R)/(ħc)
0.041, 4.1e-07, 1e-05, 295, 250, -19.28969370421503
# finished at Wed Apr 12 17:23:46 CEST 2017
