# starting on alcc116 at Wed Apr 12 17:17:36 CEST 2017
# ../casimir_fixed -R 10e-6 -L 620e-9 -T 295 --material ../../data/materials/GoldEpsIm.dat --cutoff 1e-13 --epsrel 1e-10 -l 250

# L      = 6.2e-07
# R      = 1e-05
# LbyR   = 0.062
# T      = 295
# cutoff = 1e-13
# epsrel = 1e-10
# ldim   = 250
# cores  = 8
# alpha  = 0.116760828625235
# filename = ../../data/materials/GoldEpsIm.dat
# model  = optical data (xi=0: Drude)
# plasma = -3.57757268719374 (logdetD(xi=0) for plasma model with omegap=9eV)
#
# xi=0, logdetD=-2.08602374624246, t=0.451391
# xi=8.59632202299846, logdetD=-1.34602674290458, t=2.43515
# xi=17.1926440459969, logdetD=-0.457453522521223, t=2.24344
# xi=25.7889660689954, logdetD=-0.156735416880079, t=2.30712
# xi=34.3852880919938, logdetD=-0.0538888204975319, t=2.37546
# xi=42.9816101149923, logdetD=-0.0185586642442141, t=2.42402
# xi=51.5779321379907, logdetD=-0.0063989745998022, t=2.51047
# xi=60.1742541609892, logdetD=-0.00221041175317085, t=2.62416
# xi=68.7705761839877, logdetD=-0.000764022341249869, t=2.56927
# xi=77.3668982069861, logdetD=-0.000264423860551971, t=2.58077
# xi=85.9632202299846, logdetD=-9.15634433161916e-05, t=2.5658
# xi=94.559542252983, logdetD=-3.17927172058458e-05, t=2.45262
# xi=103.155864275981, logdetD=-1.10434435645997e-05, t=2.44028
# xi=111.75218629898, logdetD=-3.84280661725573e-06, t=2.33037
# xi=120.348508321978, logdetD=-1.33889704243257e-06, t=2.29792
# xi=128.944830344977, logdetD=-4.66879318133913e-07, t=2.12779
# xi=137.541152367975, logdetD=-1.63119674272312e-07, t=2.12708
# xi=146.137474390974, logdetD=-5.7026151052903e-08, t=1.97709
# xi=154.733796413972, logdetD=-1.9964009817921e-08, t=1.79611
# xi=163.330118436971, logdetD=-6.99627445449657e-09, t=1.79616
# xi=171.926440459969, logdetD=-2.45367425391309e-09, t=1.87495
# xi=180.522762482968, logdetD=-8.61747197999846e-10, t=1.86686
# xi=189.119084505966, logdetD=-3.02822494397292e-10, t=1.80902
# xi=197.715406528965, logdetD=-1.06529282096637e-10, t=1.81233
#
# L/R, L, R, T, ldim, F*(L+R)/(ħc)
0.062, 6.2e-07, 1e-05, 295, 250, -8.442707879668944
# finished at Wed Apr 12 17:18:28 CEST 2017
