# starting on alcc118 at Mon Apr 10 15:39:17 CEST 2017
# /alcc/gpfs1/home/u/hartmmic/libcasimir-dev/src/casimir -R 0.0001513 -L 600e-9 -T 295 --material /alcc/gpfs1/home/theo1/hartmmic/libcasimir-dev/data/materials/GoldEpsIm.dat --cutoff 1e-12 --epsrel 1e-09 --eta 8

# L      = 6e-07
# R      = 0.0001513
# LbyR   = 0.00396563119629874
# T      = 295
# cutoff = 1e-12
# epsrel = 1e-09
# ldim   = 2018
# cores  = 16
# alpha  = 0.00789993416721527
# filename = /alcc/gpfs1/home/theo1/hartmmic/libcasimir-dev/data/materials/GoldEpsIm.dat
# model  = optical data (xi=0: Drude)
# plasma = -70.3736837518964 (logdetD(xi=0) for plasma model with omegap=9eV)
#
# xi=0, logdetD=-37.3872343115677, t=12.2801
# xi=122.954926110496, logdetD=-22.6472134464699, t=109.502
# xi=245.909852220992, logdetD=-7.80678075342917, t=125.442
# xi=368.864778331487, logdetD=-2.74343343018963, t=140.079
# xi=491.819704441983, logdetD=-0.970702697336773, t=144.479
# xi=614.774630552479, logdetD=-0.344526235707763, t=145.127
# xi=737.729556662975, logdetD=-0.122516084673637, t=142.629
# xi=860.684482773471, logdetD=-0.043666006232387, t=143.237
# xi=983.639408883966, logdetD=-0.015576653730028, t=140.559
# xi=1106.59433499446, logdetD=-0.00556464539401959, t=139.257
# xi=1229.54926110496, logdetD=-0.00198918146482993, t=136.711
# xi=1352.50418721545, logdetD=-0.000713058869161954, t=132.005
# xi=1475.45911332595, logdetD=-0.000255720520838446, t=127.484
# xi=1598.41403943645, logdetD=-9.1871503235462e-05, t=122.805
# xi=1721.36896554694, logdetD=-3.30483856731361e-05, t=118.062
# xi=1844.32389165744, logdetD=-1.18979060003503e-05, t=109.703
# xi=1967.27881776793, logdetD=-4.29161075694852e-06, t=105.245
# xi=2090.23374387843, logdetD=-1.5488702261846e-06, t=96.5849
# xi=2213.18866998892, logdetD=-5.59744179534121e-07, t=87.5197
# xi=2336.14359609942, logdetD=-2.02477655271216e-07, t=78.267
# xi=2459.09852220992, logdetD=-7.32923820433628e-08, t=68.8863
# xi=2582.05344832041, logdetD=-2.65651849464671e-08, t=68.2796
#
# L/R, L, R, T, ldim, F*(L+R)/(ħc)
0.003965631196298744, 6e-07, 0.0001513, 295, 2018, -2089.82763000644
# finished at Mon Apr 10 16:20:52 CEST 2017
