# starting on alcc122 at Thu Apr 20 19:25:33 CEST 2017

# L      = 8.25e-07
# R      = 0.0001513
# LbyR   = 0.00545274289491077
# T      = 295
# cutoff = 1e-12
# epsrel = 1e-09
# ldim   = 1468
# cores  = 16
# alpha  = 0.0108463434675431
# filename = /alcc/gpfs1/home/theo1/hartmmic/libcasimir-dev/data/materials/GoldEpsIm.dat
# model  = optical data (xi=0: Drude)
# plasma = -51.1281088224381 (logdetD(xi=0) for plasma model with omegap=9eV)
#
# xi=0, logdetD=-27.0688020176383, t=9.35511
# xi=123.137051577085, logdetD=-11.342230132197, t=58.8628
# xi=246.27410315417, logdetD=-2.73112660464154, t=69.5125
# xi=369.411154731254, logdetD=-0.669112477884556, t=75.3567
# xi=492.548206308339, logdetD=-0.164698744256025, t=76.9469
# xi=615.685257885424, logdetD=-0.0406218554633958, t=75.3083
# xi=738.822309462509, logdetD=-0.0100341427536309, t=75.1852
# xi=861.959361039593, logdetD=-0.00248381880751472, t=73.8567
# xi=985.096412616678, logdetD=-0.000615351996773007, t=71.0295
# xi=1108.23346419376, logdetD=-0.000152669778026059, t=67.5188
# xi=1231.37051577085, logdetD=-3.79005481882538e-05, t=64.2864
# xi=1354.50756734793, logdetD=-9.43482649870078e-06, t=59.3316
# xi=1477.64461892502, logdetD=-2.34954151700227e-06, t=54.5651
# xi=1600.7816705021, logdetD=-5.86098173620199e-07, t=48.4941
# xi=1723.91872207919, logdetD=-1.4637467224513e-07, t=42.0295
# xi=1847.05577365627, logdetD=-3.6581311767905e-08, t=37.7146
# xi=1970.19282523336, logdetD=-9.15850848766205e-09, t=37.4286
#
# L/R, L, R, T, ldim, F*(L+R)/(ħc)
0.005452742894910774, 8.25e-07, 0.0001513, 295, 1468, -1116.903302889722

# finished at Thu Apr 20 19:42:10 CEST 2017
