# starting on alcc115 at Mon Apr 10 20:13:54 CEST 2017
# /alcc/gpfs1/home/u/hartmmic/libcasimir-dev/src/casimir -R 0.0001513 -L 405e-9 -T 295 --material /alcc/gpfs1/home/theo1/hartmmic/libcasimir-dev/data/materials/GoldEpsIm.dat --cutoff 1e-12 --epsrel 1e-9 --eta 8

# L      = 4.05e-07
# R      = 0.0001513
# LbyR   = 0.00267680105750165
# T      = 295
# cutoff = 1e-12
# epsrel = 1e-09
# ldim   = 2989
# cores  = 16
# alpha  = 0.00533930984476451
# filename = /alcc/gpfs1/home/theo1/hartmmic/libcasimir-dev/data/materials/GoldEpsIm.dat
# model  = optical data (xi=0: Drude)
# plasma = -103.664207881716 (logdetD(xi=0) for plasma model with omegap=9eV)
#
# xi=0, logdetD=-55.6129562483758, t=23.9703
# xi=122.797084039452, logdetD=-46.3768530515687, t=230.718
# xi=245.594168078904, logdetD=-21.8602488361918, t=256.267
# xi=368.391252118356, logdetD=-10.4918689839386, t=291.752
# xi=491.188336157808, logdetD=-5.0776104681071, t=308.574
# xi=613.98542019726, logdetD=-2.46822201970975, t=317.434
# xi=736.782504236712, logdetD=-1.20309608388716, t=317.86
# xi=859.579588276164, logdetD=-0.588009897280037, t=317.155
# xi=982.376672315616, logdetD=-0.287696972644201, t=313.253
# xi=1105.17375635507, logdetD=-0.140978098795627, t=311.992
# xi=1227.97084039452, logdetD=-0.0691273388280301, t=307.909
# xi=1350.76792443397, logdetD=-0.0339905947431314, t=309.061
# xi=1473.56500847342, logdetD=-0.0167206678874636, t=304.178
# xi=1596.36209251288, logdetD=-0.00823988448002845, t=300.358
# xi=1719.15917655233, logdetD=-0.0040657886201835, t=294.502
# xi=1841.95626059178, logdetD=-0.00200782810041298, t=289.303
# xi=1964.75334463123, logdetD=-0.00099345588763963, t=282.062
# xi=2087.55042867069, logdetD=-0.00049184978683142, t=276.621
# xi=2210.34751271014, logdetD=-0.000243846543707438, t=270.85
# xi=2333.14459674959, logdetD=-0.00012101488618053, t=261.513
# xi=2455.94168078904, logdetD=-6.01013122521313e-05, t=254.856
# xi=2578.73876482849, logdetD=-2.98904209133739e-05, t=243.18
# xi=2701.53584886795, logdetD=-1.48735609592119e-05, t=237.532
# xi=2824.3329329074, logdetD=-7.4089773446548e-06, t=224.495
# xi=2947.13001694685, logdetD=-3.69345653141506e-06, t=215.241
# xi=3069.9271009863, logdetD=-1.84235232163017e-06, t=203.152
# xi=3192.72418502575, logdetD=-9.19929530447679e-07, t=188.839
# xi=3315.52126906521, logdetD=-4.59544342796312e-07, t=177.347
# xi=3438.31835310466, logdetD=-2.29750946813764e-07, t=161.718
# xi=3561.11543714411, logdetD=-1.14930990442165e-07, t=148.698
# xi=3683.91252118356, logdetD=-5.75215950849121e-08, t=143.332
# xi=3806.70960522301, logdetD=-2.88109325163593e-08, t=142.747
#
# L/R, L, R, T, ldim, F*(L+R)/(ħc)
0.002676801057501652, 4.05e-07, 0.0001513, 295, 2989, -4551.241455513865
# finished at Mon Apr 10 22:26:02 CEST 2017
