# starting on alcc118 at Di 20. Feb 19:04:28 CET 2018
# compiler: icc
# compile time: Feb  1 2018 09:49:34
# compiled on: Linux alcc83 3.16.0-4-amd64 #1 SMP Debian 3.16.51-3 (2017-12-13) x86_64 GNU/Linux
# LAPACK support: false
# git HEAD: b96c9c30c7b1cdd2d059ceccd0396c6d55d3da95
# git branch: dev
#
# LbyR = 0.024025
# L = 1.0571e-06
# R = 4.4e-05
# T = 300
# cutoff = 5e-08
# epsrel = 1e-07
# iepsrel = 2e-07
# ldim = 333
# cores = 4
# alpha = 0.0469226825516955
# filename = /alcc/gpfs1/home/u/hartmmic/libcasimir-dev/data/materials/GoldDalvit.dat
# model = optical data (xi=0: Drude)
# plasma = -10.6440038837455 (logdetD(xi=0) for plasma model with omegap=1.36734e+16eV)
#
# xi=0, logdetD=-5.8503686525534, t=0.893052
# xi=37.0894705565875, logdetD=-1.69029416425379, t=7.97562
# xi=74.1789411131751, logdetD=-0.27374063787377, t=8.00528
# xi=111.268411669763, logdetD=-0.044846965395439, t=8.21945
# xi=148.35788222635, logdetD=-0.00736474698018803, t=7.85133
# xi=185.447352782938, logdetD=-0.00121103394701676, t=7.45581
# xi=222.536823339525, logdetD=-0.000199393213331632, t=6.76306
# xi=259.626293896113, logdetD=-3.29100765994138e-05, t=6.20755
# xi=296.7157644527, logdetD=-5.42756790835268e-06, t=5.52019
# xi=333.805235009288, logdetD=-8.9808316443989e-07, t=4.65674
# xi=370.894705565875, logdetD=-1.48629247674949e-07, t=3.91582
#
# 510 determinants computed
#
# L/R, L, R, T, ldim, F*(L+R)/(ħc)
0.024025, 1.0571e-06, 4.4e-05, 300, 333, -58.35537787135384
# finished at Di 20. Feb 19:05:36 CET 2018
