# starting on alcc117 at Di 20. Feb 19:02:28 CET 2018
# compiler: icc
# compile time: Feb  1 2018 09:49:34
# compiled on: Linux alcc83 3.16.0-4-amd64 #1 SMP Debian 3.16.51-3 (2017-12-13) x86_64 GNU/Linux
# LAPACK support: false
# git HEAD: b96c9c30c7b1cdd2d059ceccd0396c6d55d3da95
# git branch: dev
#
# LbyR = 0.020525
# L = 9.031e-07
# R = 4.4e-05
# T = 300
# cutoff = 5e-08
# epsrel = 1e-07
# iepsrel = 2e-07
# ldim = 390
# cores = 4
# alpha = 0.0402243943068519
# filename = /alcc/gpfs1/home/u/hartmmic/libcasimir-dev/data/materials/GoldDalvit.dat
# model = optical data (xi=0: Drude)
# plasma = -12.5977776009042 (logdetD(xi=0) for plasma model with omegap=1.36734e+16eV)
#
# xi=0, logdetD=-6.90686164534711, t=1.04815
# xi=36.9627030001821, logdetD=-2.56053291548393, t=11.0493
# xi=73.9254060003643, logdetD=-0.532415913794969, t=10.9582
# xi=110.888109000546, logdetD=-0.112259826497286, t=11.2203
# xi=147.850812000729, logdetD=-0.0237504728342298, t=10.8472
# xi=184.813515000911, logdetD=-0.00503288642734429, t=10.6634
# xi=221.776218001093, logdetD=-0.00106794132294011, t=10.1922
# xi=258.738921001275, logdetD=-0.000227172937342605, t=9.42754
# xi=295.701624001457, logdetD=-4.82885715317194e-05, t=8.85354
# xi=332.664327001639, logdetD=-1.02991023732835e-05, t=7.9058
# xi=369.627030001821, logdetD=-2.19722783494703e-06, t=7.05194
# xi=406.589733002004, logdetD=-4.69439121804648e-07, t=5.8187
#
# 601 determinants computed
#
# L/R, L, R, T, ldim, F*(L+R)/(ħc)
0.020525, 9.031e-07, 4.4e-05, 300, 390, -78.69745905924944
# finished at Di 20. Feb 19:04:14 CET 2018
