# starting on alcc123 at Do 15. Feb 09:38:10 CET 2018
# compiler: icc
# compile time: Feb  1 2018 09:49:34
# compiled on: Linux alcc83 3.16.0-4-amd64 #1 SMP Debian 3.16.51-3 (2017-12-13) x86_64 GNU/Linux
# LAPACK support: false
# git HEAD: b96c9c30c7b1cdd2d059ceccd0396c6d55d3da95
# git branch: dev
#
# LbyR = 0.006525
# L = 2.871e-07
# R = 4.4e-05
# T = 300
# cutoff = 5e-08
# epsrel = 1e-07
# iepsrel = 2e-07
# ldim = 1227
# cores = 6
# alpha = 0.0129654007600407
# filename = /alcc/gpfs1/home/u/hartmmic/libcasimir-dev/data/materials/GoldDalvit.dat
# model = optical data (xi=0: Drude)
# plasma = -40.6008777326482 (logdetD(xi=0) for plasma model with omegap=1.36734e+16eV)
#
# xi=0, logdetD=-22.549413978181, t=5.77033
# xi=36.4556327745605, logdetD=-22.7129039841629, t=48.6155
# xi=72.9112655491209, logdetD=-12.8914625430807, t=53.3781
# xi=109.366898323681, logdetD=-7.41728181612323, t=55.4193
# xi=145.822531098242, logdetD=-4.30101241085136, t=58.8483
# xi=182.278163872802, logdetD=-2.50604241143738, t=59.4837
# xi=218.733796647363, logdetD=-1.46488630710584, t=59.0676
# xi=255.189429421923, logdetD=-0.859288047804866, t=59.3975
# xi=291.645062196484, logdetD=-0.503938973226797, t=60.56
# xi=328.100694971044, logdetD=-0.296622649918414, t=60.6536
# xi=364.556327745605, logdetD=-0.174671559961876, t=60.9729
# xi=401.011960520165, logdetD=-0.103019696949867, t=60.8028
# xi=437.467593294726, logdetD=-0.0608775651481379, t=59.7943
# xi=473.923226069286, logdetD=-0.035999811279401, t=60.1919
# xi=510.378858843847, logdetD=-0.0213281075189529, t=59.4544
# xi=546.834491618407, logdetD=-0.0126500823854706, t=59.1692
# xi=583.290124392968, logdetD=-0.00750896886513505, t=57.7489
# xi=619.745757167528, logdetD=-0.00446568559269982, t=57.5401
# xi=656.201389942088, logdetD=-0.00265757163332523, t=56.8023
# xi=692.657022716649, logdetD=-0.0015832422757074, t=55.4382
# xi=729.112655491209, logdetD=-0.000944385913954714, t=54.8978
# xi=765.56828826577, logdetD=-0.000563680546080231, t=53.254
# xi=802.02392104033, logdetD=-0.00033684443752741, t=52.3277
# xi=838.479553814891, logdetD=-0.00020145454124992, t=51.3657
# xi=874.935186589451, logdetD=-0.000120556773623051, t=49.8675
# xi=911.390819364012, logdetD=-7.22300025016155e-05, t=48.2308
# xi=947.846452138572, logdetD=-4.3298242438751e-05, t=46.543
# xi=984.302084913133, logdetD=-2.59740550700779e-05, t=44.8591
# xi=1020.75771768769, logdetD=-1.55943255921861e-05, t=44.1065
# xi=1057.21335046225, logdetD=-9.3669940262853e-06, t=42.5829
# xi=1093.66898323681, logdetD=-5.63088344875056e-06, t=40.7519
# xi=1130.12461601137, logdetD=-3.38686375529633e-06, t=39.1851
# xi=1166.58024878594, logdetD=-2.0380352644195e-06, t=37.0352
#
# 3026 determinants computed
#
# L/R, L, R, T, ldim, F*(L+R)/(ħc)
0.006525, 2.871e-07, 4.4e-05, 300, 1227, -750.2717300847108
# finished at Do 15. Feb 10:06:45 CET 2018
