# starting on alcc119 at Do 15. Feb 09:44:52 CET 2018
# compiler: icc
# compile time: Feb  1 2018 09:49:34
# compiled on: Linux alcc83 3.16.0-4-amd64 #1 SMP Debian 3.16.51-3 (2017-12-13) x86_64 GNU/Linux
# LAPACK support: false
# git HEAD: b96c9c30c7b1cdd2d059ceccd0396c6d55d3da95
# git branch: dev
#
# LbyR = 0.003725
# L = 1.639e-07
# R = 4.4e-05
# T = 300
# cutoff = 5e-08
# epsrel = 1e-07
# iepsrel = 2e-07
# ldim = 2148
# cores = 10
# alpha = 0.00742235173976936
# filename = /alcc/gpfs1/home/u/hartmmic/libcasimir-dev/data/materials/GoldDalvit.dat
# model = optical data (xi=0: Drude)
# plasma = -69.4133873044823 (logdetD(xi=0) for plasma model with omegap=1.36734e+16eV)
#
# xi=0, logdetD=-39.832001904589, t=12.5557
# xi=36.3542187294361, logdetD=-48.1220948235445, t=80.3521
# xi=72.7084374588723, logdetD=-33.7266802806507, t=88.0751
# xi=109.062656188308, logdetD=-23.8122373775193, t=90.9087
# xi=145.416874917745, logdetD=-16.9102878762904, t=92.922
# xi=181.771093647181, logdetD=-12.0608965264872, t=96.1915
# xi=218.125312376617, logdetD=-8.63043853023768, t=97.7619
# xi=254.479531106053, logdetD=-6.1988906357514, t=98.7679
# xi=290.833749835489, logdetD=-4.45257728845688, t=98.9931
# xi=327.187968564925, logdetD=-3.21067765616211, t=99.7427
# xi=363.542187294361, logdetD=-2.31659933187844, t=100.234
# xi=399.896406023797, logdetD=-1.67431530721263, t=100.514
# xi=436.250624753234, logdetD=-1.21252697194847, t=101.279
# xi=472.60484348267, logdetD=-0.878758978901833, t=100.944
# xi=508.959062212106, logdetD=-0.638054672864847, t=101.901
# xi=545.313280941542, logdetD=-0.463800112108939, t=103.135
# xi=581.667499670978, logdetD=-0.337397493754626, t=103.068
# xi=618.021718400414, logdetD=-0.245898890876616, t=103.048
# xi=654.37593712985, logdetD=-0.179327874287723, t=101.509
# xi=690.730155859287, logdetD=-0.130914927414598, t=102.099
# xi=727.084374588723, logdetD=-0.0956872420282823, t=102.621
# xi=763.438593318159, logdetD=-0.0699822055910151, t=101.429
# xi=799.792812047595, logdetD=-0.0512412340614002, t=101.367
# xi=836.147030777031, logdetD=-0.0375483940741847, t=100.512
# xi=872.501249506467, logdetD=-0.0275309090413155, t=100.621
# xi=908.855468235903, logdetD=-0.0202092653889047, t=98.9406
# xi=945.20968696534, logdetD=-0.0148422784284182, t=99.416
# xi=981.563905694776, logdetD=-0.0109084051468742, t=97.9914
# xi=1017.91812442421, logdetD=-0.00802368684755179, t=98.0966
# xi=1054.27234315365, logdetD=-0.00590460220274886, t=98.3895
# xi=1090.62656188308, logdetD=-0.00434857645192753, t=96.7335
# xi=1126.98078061252, logdetD=-0.00320440558705907, t=95.0579
# xi=1163.33499934196, logdetD=-0.00236233256863903, t=94.6479
# xi=1199.68921807139, logdetD=-0.00174292253978352, t=93.2466
# xi=1236.04343680083, logdetD=-0.0012864237662507, t=92.5505
# xi=1272.39765553026, logdetD=-0.000949984031748355, t=91.8102
# xi=1308.7518742597, logdetD=-0.000701942007706674, t=90.1093
# xi=1345.10609298914, logdetD=-0.000518850556611452, t=88.9664
# xi=1381.46031171857, logdetD=-0.000383734698937748, t=89.1592
# xi=1417.81453044801, logdetD=-0.000283924152219511, t=86.7202
# xi=1454.16874917745, logdetD=-0.000210146741925061, t=85.6449
# xi=1490.52296790688, logdetD=-0.000155630466580066, t=84.1048
# xi=1526.87718663632, logdetD=-0.000115291885780008, t=82.2681
# xi=1563.23140536575, logdetD=-8.54428208855221e-05, t=82.1473
# xi=1599.58562409519, logdetD=-6.33494952684162e-05, t=80.7912
# xi=1635.93984282463, logdetD=-4.69822147513244e-05, t=79.633
# xi=1672.29406155406, logdetD=-3.48588800198177e-05, t=77.2965
# xi=1708.6482802835, logdetD=-2.58722965449484e-05, t=76.1544
# xi=1745.00249901293, logdetD=-1.92076800010744e-05, t=74.244
# xi=1781.35671774237, logdetD=-1.42661838824037e-05, t=72.8966
# xi=1817.71093647181, logdetD=-1.05985522592794e-05, t=70.2604
# xi=1854.06515520124, logdetD=-7.87629036024041e-06, t=69.1927
# xi=1890.41937393068, logdetD=-5.85526039347478e-06, t=67.5531
# xi=1926.77359266012, logdetD=-4.35380973810137e-06, t=65.3334
# xi=1963.12781138955, logdetD=-3.23849259141469e-06, t=63.5257
#
# 6859 determinants computed
#
# L/R, L, R, T, ldim, F*(L+R)/(ħc)
0.003725, 1.639e-07, 4.4e-05, 300, 2148, -2146.320794308791
# finished at Do 15. Feb 11:06:56 CET 2018
