# starting on alcc114 at Do 15. Feb 09:58:20 CET 2018
# compiler: icc
# compile time: Feb  1 2018 09:49:34
# compiled on: Linux alcc83 3.16.0-4-amd64 #1 SMP Debian 3.16.51-3 (2017-12-13) x86_64 GNU/Linux
# LAPACK support: false
# git HEAD: b96c9c30c7b1cdd2d059ceccd0396c6d55d3da95
# git branch: dev
#
# LbyR = 0.00355
# L = 1.562e-07
# R = 4.4e-05
# T = 300
# cutoff = 5e-08
# epsrel = 1e-07
# iepsrel = 2e-07
# ldim = 2254
# cores = 11
# alpha = 0.00707488416122764
# filename = /alcc/gpfs1/home/u/hartmmic/libcasimir-dev/data/materials/GoldDalvit.dat
# model = optical data (xi=0: Drude)
# plasma = -72.5990133453315 (logdetD(xi=0) for plasma model with omegap=1.36734e+16eV)
#
# xi=0, logdetD=-41.8182798922192, t=13.6215
# xi=36.3478803516159, logdetD=-51.0269220909429, t=80.097
# xi=72.6957607032317, logdetD=-36.2534715286689, t=87.6223
# xi=109.043641054848, logdetD=-25.9337591888047, t=90.2646
# xi=145.391521406463, logdetD=-18.6555399994705, t=92.697
# xi=181.739401758079, logdetD=-13.4767019367789, t=94.337
# xi=218.087282109695, logdetD=-9.76707915478372, t=96.4127
# xi=254.435162461311, logdetD=-7.10504298489544, t=97.5246
# xi=290.783042812927, logdetD=-5.16872746539588, t=97.5903
# xi=327.130923164543, logdetD=-3.77476250657555, t=98.0094
# xi=363.478803516159, logdetD=-2.75846274000265, t=99.0664
# xi=399.826683867774, logdetD=-2.01919811673277, t=99.6617
# xi=436.17456421939, logdetD=-1.48101697199794, t=99.6697
# xi=472.522444571006, logdetD=-1.08709335617361, t=100.227
# xi=508.870324922622, logdetD=-0.799435755272534, t=101.056
# xi=545.218205274238, logdetD=-0.588552470316108, t=100.524
# xi=581.566085625854, logdetD=-0.433635334897169, t=101.424
# xi=617.91396597747, logdetD=-0.320085921528072, t=101.281
# xi=654.261846329086, logdetD=-0.236420019971112, t=102.262
# xi=690.609726680701, logdetD=-0.174803795400072, t=102.228
# xi=726.957607032317, logdetD=-0.129401563996813, t=101.404
# xi=763.305487383933, logdetD=-0.0958508085804162, t=102.495
# xi=799.653367735549, logdetD=-0.0710802437280822, t=99.8566
# xi=836.001248087165, logdetD=-0.0527522039340017, t=100.492
# xi=872.349128438781, logdetD=-0.0391731575413502, t=100.256
# xi=908.697008790397, logdetD=-0.0291229888353901, t=99.2933
# xi=945.044889142012, logdetD=-0.0216621919718284, t=98.7631
# xi=981.392769493628, logdetD=-0.0161242106116703, t=97.7594
# xi=1017.74064984524, logdetD=-0.01201172936973, t=98.2292
# xi=1054.08853019686, logdetD=-0.00895232425323671, t=96.1162
# xi=1090.43641054848, logdetD=-0.00667736329068943, t=96.4398
# xi=1126.78429090009, logdetD=-0.00498330454717496, t=96.4766
# xi=1163.13217125171, logdetD=-0.00372068129142033, t=94.6883
# xi=1199.48005160332, logdetD=-0.0027801635716517, t=94.2716
# xi=1235.82793195494, logdetD=-0.00207819704836702, t=94.1638
# xi=1272.17581230656, logdetD=-0.00155427891880826, t=92.1288
# xi=1308.52369265817, logdetD=-0.00116311719425082, t=90.9766
# xi=1344.87157300979, logdetD=-0.000870710661962715, t=90.2148
# xi=1381.2194533614, logdetD=-0.000652186335365787, t=89.0203
# xi=1417.56733371302, logdetD=-0.000488710672450476, t=88.1442
# xi=1453.91521406463, logdetD=-0.000366337087637533, t=86.9822
# xi=1490.26309441625, logdetD=-0.000274765013725715, t=86.382
# xi=1526.61097476787, logdetD=-0.000206145620857928, t=85.6754
# xi=1562.95885511948, logdetD=-0.000154724641372733, t=82.646
# xi=1599.3067354711, logdetD=-0.000116181129884273, t=82.2861
# xi=1635.65461582271, logdetD=-8.72638813510447e-05, t=80.6914
# xi=1672.00249617433, logdetD=-6.55727124403147e-05, t=79.8596
# xi=1708.35037652595, logdetD=-4.92893968053421e-05, t=78.6969
# xi=1744.69825687756, logdetD=-3.70597430625039e-05, t=76.8628
# xi=1781.04613722918, logdetD=-2.78768970477959e-05, t=75.4518
# xi=1817.39401758079, logdetD=-2.09745423335272e-05, t=74.3688
# xi=1853.74189793241, logdetD=-1.57861876174632e-05, t=71.9457
# xi=1890.08977828402, logdetD=-1.18853385708004e-05, t=71.6328
# xi=1926.43765863564, logdetD=-8.95045101249468e-06, t=69.1504
# xi=1962.78553898726, logdetD=-6.74262153867334e-06, t=68.0283
# xi=1999.13341933887, logdetD=-5.08072773114861e-06, t=65.1119
# xi=2035.48129969049, logdetD=-3.82930165818576e-06, t=64.3439
#
# 7321 determinants computed
#
# L/R, L, R, T, ldim, F*(L+R)/(ħc)
0.00355, 1.562e-07, 4.4e-05, 300, 2254, -2342.583441122967
# finished at Do 15. Feb 11:22:57 CET 2018
