# starting on alcc114 at Do 15. Feb 09:12:50 CET 2018
# compiler: icc
# compile time: Feb  1 2018 09:49:34
# compiled on: Linux alcc83 3.16.0-4-amd64 #1 SMP Debian 3.16.51-3 (2017-12-13) x86_64 GNU/Linux
# LAPACK support: false
# git HEAD: b96c9c30c7b1cdd2d059ceccd0396c6d55d3da95
# git branch: dev
#
# LbyR = 0.013875
# L = 6.105e-07
# R = 4.4e-05
# T = 300
# cutoff = 5e-08
# epsrel = 1e-07
# iepsrel = 2e-07
# ldim = 577
# cores = 4
# alpha = 0.027370237948465
# filename = /alcc/gpfs1/home/u/hartmmic/libcasimir-dev/data/materials/GoldDalvit.dat
# model = optical data (xi=0: Drude)
# plasma = -18.9976611807477 (logdetD(xi=0) for plasma model with omegap=1.36734e+16eV)
#
# xi=0, logdetD=-10.391865336726, t=1.80336
# xi=36.7218446430118, logdetD=-6.20117111387033, t=21.4321
# xi=73.4436892860237, logdetD=-2.07172225841519, t=23.1252
# xi=110.165533929036, logdetD=-0.70421043752751, t=23.3537
# xi=146.887378572047, logdetD=-0.240843207762022, t=23.6662
# xi=183.609223215059, logdetD=-0.0826020959880345, t=23.7551
# xi=220.331067858071, logdetD=-0.0283806785349516, t=23.4892
# xi=257.052912501083, logdetD=-0.00977669498089975, t=22.9797
# xi=293.774757144095, logdetD=-0.00336557020045821, t=22.34
# xi=330.496601787107, logdetD=-0.00116254057594956, t=21.6543
# xi=367.218446430118, logdetD=-0.0004017017567663, t=20.7121
# xi=403.94029107313, logdetD=-0.000139016578855026, t=20.0621
# xi=440.662135716142, logdetD=-4.82026646303126e-05, t=18.5352
# xi=477.383980359154, logdetD=-1.67257353964205e-05, t=17.3669
# xi=514.105825002166, logdetD=-5.81452370207802e-06, t=16.0801
# xi=550.827669645178, logdetD=-2.02363039532863e-06, t=14.5718
# xi=587.549514288189, logdetD=-7.04833544730482e-07, t=12.6947
#
# 1044 determinants computed
#
# L/R, L, R, T, ldim, F*(L+R)/(ħc)
0.013875, 6.105e-07, 4.4e-05, 300, 577, -169.9544322394349
# finished at Do 15. Feb 09:18:18 CET 2018
