# starting on alcc115 at Mi 14. Feb 10:16:26 CET 2018
# compiler: icc
# compile time: Feb  1 2018 09:49:34
# compiled on: Linux alcc83 3.16.0-4-amd64 #1 SMP Debian 3.16.51-3 (2017-12-13) x86_64 GNU/Linux
# LAPACK support: false
# git HEAD: b96c9c30c7b1cdd2d059ceccd0396c6d55d3da95
# git branch: dev
#
# LbyR = 0.00495
# L = 3.861e-07
# R = 7.8e-05
# T = 300
# cutoff = 5e-08
# epsrel = 1e-07
# iepsrel = 2e-07
# ldim = 1617
# cores = 8
# alpha = 0.0098512363799194
# filename = /alcc/gpfs1/home/u/hartmmic/libcasimir-dev/data/materials/GoldDalvit.dat
# model = optical data (xi=0: Drude)
# plasma = -54.9845171313351 (logdetD(xi=0) for plasma model with omegap=1.36734e+16eV)
#
# xi=0, logdetD=-29.8628316323304, t=8.55439
# xi=64.524768526952, logdetD=-25.4937953574418, t=65.0056
# xi=129.049537053904, logdetD=-12.2594522345804, t=68.5161
# xi=193.574305580856, logdetD=-5.99777740816848, t=75.1295
# xi=258.099074107808, logdetD=-2.95846700708779, t=75.4861
# xi=322.62384263476, logdetD=-1.46585254790545, t=73.5061
# xi=387.148611161712, logdetD=-0.728329035691145, t=75.52
# xi=451.673379688664, logdetD=-0.363024379485984, t=77.3622
# xi=516.198148215616, logdetD=-0.180863306902574, t=77.2795
# xi=580.722916742568, logdetD=-0.0904259868983581, t=76.1982
# xi=645.24768526952, logdetD=-0.0452269172811086, t=75.7562
# xi=709.772453796472, logdetD=-0.0226552854967641, t=75.03
# xi=774.297222323424, logdetD=-0.0113705534773705, t=73.6646
# xi=838.821990850375, logdetD=-0.00571090045150097, t=71.7803
# xi=903.346759377327, logdetD=-0.00287373125541836, t=71.224
# xi=967.871527904279, logdetD=-0.00144772380747565, t=69.4467
# xi=1032.39629643123, logdetD=-0.000729926787741475, t=67.2487
# xi=1096.92106495818, logdetD=-0.000368724843888804, t=64.8715
# xi=1161.44583348514, logdetD=-0.000186388798647171, t=63.5259
# xi=1225.97060201209, logdetD=-9.43207149464484e-05, t=61.2665
# xi=1290.49537053904, logdetD=-4.7789991489672e-05, t=59.3257
# xi=1355.02013906599, logdetD=-2.42297357147513e-05, t=55.8929
# xi=1419.54490759294, logdetD=-1.2299083340588e-05, t=54.0007
# xi=1484.0696761199, logdetD=-6.24806769679374e-06, t=51.0064
# xi=1548.59444464685, logdetD=-3.17600728233567e-06, t=47.4817
# xi=1613.1192131738, logdetD=-1.6163075063095e-06, t=43.7355
#
# 2739 determinants computed
#
# L/R, L, R, T, ldim, F*(L+R)/(ħc)
0.00495, 3.861e-07, 7.8e-05, 300, 1617, -1325.992904658452
# finished at Mi 14. Feb 10:44:25 CET 2018
