# starting on alcc118 at Mi 14. Feb 10:01:28 CET 2018
# compiler: icc
# compile time: Feb  1 2018 09:49:34
# compiled on: Linux alcc83 3.16.0-4-amd64 #1 SMP Debian 3.16.51-3 (2017-12-13) x86_64 GNU/Linux
# LAPACK support: false
# git HEAD: b96c9c30c7b1cdd2d059ceccd0396c6d55d3da95
# git branch: dev
#
# LbyR = 0.017025
# L = 1.32795e-06
# R = 7.8e-05
# T = 300
# cutoff = 5e-08
# epsrel = 1e-07
# iepsrel = 2e-07
# ldim = 470
# cores = 4
# alpha = 0.03348000294978
# filename = /alcc/gpfs1/home/u/hartmmic/libcasimir-dev/data/materials/GoldDalvit.dat
# model = optical data (xi=0: Drude)
# plasma = -15.5438978320023 (logdetD(xi=0) for plasma model with omegap=1.36734e+16eV)
#
# xi=0, logdetD=-8.40034443395048, t=1.37531
# xi=65.3000673776042, logdetD=-1.5260653069837, t=15.7324
# xi=130.600134755208, logdetD=-0.158697130738564, t=16.0588
# xi=195.900202132813, logdetD=-0.0166517711281916, t=15.7246
# xi=261.200269510417, logdetD=-0.00175007924058721, t=14.8966
# xi=326.500336888021, logdetD=-0.000184159728043851, t=13.4682
# xi=391.800404265625, logdetD=-1.94035445579364e-05, t=11.7856
# xi=457.100471643229, logdetD=-2.04925670454809e-06, t=9.99951
# xi=522.400539020833, logdetD=-2.16221231376753e-07, t=7.49691
#
# 480 determinants computed
#
# L/R, L, R, T, ldim, F*(L+R)/(ħc)
0.017025, 1.32795e-06, 7.8e-05, 300, 470, -122.7090061228266
# finished at Mi 14. Feb 10:03:15 CET 2018
