# starting on alcc122 at Mi 14. Feb 10:41:45 CET 2018
# compiler: icc
# compile time: Feb  1 2018 09:49:34
# compiled on: Linux alcc83 3.16.0-4-amd64 #1 SMP Debian 3.16.51-3 (2017-12-13) x86_64 GNU/Linux
# LAPACK support: false
# git HEAD: b96c9c30c7b1cdd2d059ceccd0396c6d55d3da95
# git branch: dev
#
# LbyR = 0.004425
# L = 3.4515e-07
# R = 7.8e-05
# T = 300
# cutoff = 5e-08
# epsrel = 1e-07
# iepsrel = 2e-07
# ldim = 1808
# cores = 9
# alpha = 0.00881101127510765
# filename = /alcc/gpfs1/home/u/hartmmic/libcasimir-dev/data/materials/GoldDalvit.dat
# model = optical data (xi=0: Drude)
# plasma = -61.3788217360288 (logdetD(xi=0) for plasma model with omegap=1.36734e+16eV)
#
# xi=0, logdetD=-33.4589264040344, t=10.1194
# xi=64.4910598812714, logdetD=-30.5392743229653, t=70.7848
# xi=128.982119762543, logdetD=-15.7129110787894, t=73.3739
# xi=193.473179643814, logdetD=-8.21751402555906, t=82.5881
# xi=257.964239525086, logdetD=-4.33317848318706, t=82.5483
# xi=322.455299406357, logdetD=-2.29573696150232, t=82.1677
# xi=386.946359287629, logdetD=-1.21995619263214, t=81.2169
# xi=451.4374191689, logdetD=-0.650433600700094, t=82.8493
# xi=515.928479050171, logdetD=-0.346663485202016, t=83.4016
# xi=580.419538931443, logdetD=-0.185422953895826, t=83.8708
# xi=644.910598812714, logdetD=-0.0992179653477678, t=83.4462
# xi=709.401658693986, logdetD=-0.0531727643211229, t=82.6992
# xi=773.892718575257, logdetD=-0.0285513656807497, t=82.4973
# xi=838.383778456528, logdetD=-0.0153416967688996, t=81.3871
# xi=902.8748383378, logdetD=-0.00825914782843078, t=80.2433
# xi=967.365898219071, logdetD=-0.00445135532359668, t=78.3841
# xi=1031.85695810034, logdetD=-0.00240104922923668, t=77.3807
# xi=1096.34801798161, logdetD=-0.00129758917960351, t=74.8109
# xi=1160.83907786289, logdetD=-0.000701724758644475, t=73.8437
# xi=1225.33013774416, logdetD=-0.000379897025974686, t=72.5816
# xi=1289.82119762543, logdetD=-0.000205924427318839, t=69.7228
# xi=1354.3122575067, logdetD=-0.000111694789846579, t=67.6185
# xi=1418.80331738797, logdetD=-6.0655747862739e-05, t=65.8118
# xi=1483.29437726924, logdetD=-3.29657048447424e-05, t=62.667
# xi=1547.78543715051, logdetD=-1.79274551775119e-05, t=59.6935
# xi=1612.27649703179, logdetD=-9.76079169537487e-06, t=58.2568
# xi=1676.76755691306, logdetD=-5.31710786356624e-06, t=53.6525
# xi=1741.25861679433, logdetD=-2.89854217508504e-06, t=51.3176
#
# 3137 determinants computed
#
# L/R, L, R, T, ldim, F*(L+R)/(ħc)
0.004425, 3.4515e-07, 7.8e-05, 300, 1808, -1651.381779442769
# finished at Mi 14. Feb 11:15:14 CET 2018
