# starting on alcc115 at Mi 14. Feb 10:38:41 CET 2018
# compiler: icc
# compile time: Feb  1 2018 09:49:34
# compiled on: Linux alcc83 3.16.0-4-amd64 #1 SMP Debian 3.16.51-3 (2017-12-13) x86_64 GNU/Linux
# LAPACK support: false
# git HEAD: b96c9c30c7b1cdd2d059ceccd0396c6d55d3da95
# git branch: dev
#
# LbyR = 0.0039
# L = 3.042e-07
# R = 7.8e-05
# T = 300
# cutoff = 5e-08
# epsrel = 1e-07
# iepsrel = 2e-07
# ldim = 2052
# cores = 10
# alpha = 0.00776969817710927
# filename = /alcc/gpfs1/home/u/hartmmic/libcasimir-dev/data/materials/GoldDalvit.dat
# model = optical data (xi=0: Drude)
# plasma = -69.4083493461801 (logdetD(xi=0) for plasma model with omegap=1.36734e+16eV)
#
# xi=0, logdetD=-38.024093610577, t=12.231
# xi=64.4573512355909, logdetD=-37.0810295782687, t=78.1572
# xi=128.914702471182, logdetD=-20.4228920620338, t=87.3811
# xi=193.372053706773, logdetD=-11.419390081966, t=90.8491
# xi=257.829404942364, logdetD=-6.43738927368964, t=92.7179
# xi=322.286756177955, logdetD=-3.64670331144102, t=94.3265
# xi=386.744107413545, logdetD=-2.07245044537068, t=94.377
# xi=451.201458649136, logdetD=-1.18188251907907, t=95.4793
# xi=515.658809884727, logdetD=-0.673841714807168, t=97.0216
# xi=580.116161120318, logdetD=-0.385585967233578, t=95.2763
# xi=644.573512355909, logdetD=-0.220735540275972, t=95.7282
# xi=709.0308635915, logdetD=-0.126561793170798, t=96.3349
# xi=773.488214827091, logdetD=-0.0727064783909033, t=95.3225
# xi=837.945566062682, logdetD=-0.0417976129798365, t=95.3834
# xi=902.402917298273, logdetD=-0.0240736470402845, t=93.4158
# xi=966.860268533864, logdetD=-0.0138811054920155, t=91.9512
# xi=1031.31761976945, logdetD=-0.00801041068420102, t=90.0772
# xi=1095.77497100505, logdetD=-0.00463136739398729, t=89.7046
# xi=1160.23232224064, logdetD=-0.00267950644709476, t=88.0693
# xi=1224.68967347623, logdetD=-0.00155191487853372, t=85.9121
# xi=1289.14702471182, logdetD=-0.00089995832281937, t=84.1223
# xi=1353.60437594741, logdetD=-0.00052222721087201, t=82.3915
# xi=1418.061727183, logdetD=-0.000303396394413457, t=81.5819
# xi=1482.51907841859, logdetD=-0.000176405981313431, t=78.3484
# xi=1546.97642965418, logdetD=-0.000102632135983871, t=76.4113
# xi=1611.43378088977, logdetD=-5.97812620672089e-05, t=74.5627
# xi=1675.89113212536, logdetD=-3.48396021703597e-05, t=71.9869
# xi=1740.34848336095, logdetD=-2.03187850614149e-05, t=69.5179
# xi=1804.80583459655, logdetD=-1.18598459767524e-05, t=65.4818
# xi=1869.26318583214, logdetD=-6.92574157069794e-06, t=62.5784
# xi=1933.72053706773, logdetD=-4.04757791205035e-06, t=60.535
# xi=1998.17788830332, logdetD=-2.36683415968009e-06, t=56.6058
#
# 3865 determinants computed
#
# L/R, L, R, T, ldim, F*(L+R)/(ħc)
0.0039, 3.042e-07, 7.8e-05, 300, 2052, -2110.256583576178
# finished at Mi 14. Feb 11:22:25 CET 2018
