# starting on alcc115 at Mi 14. Feb 10:03:08 CET 2018
# compiler: icc
# compile time: Feb  1 2018 09:49:34
# compiled on: Linux alcc83 3.16.0-4-amd64 #1 SMP Debian 3.16.51-3 (2017-12-13) x86_64 GNU/Linux
# LAPACK support: false
# git HEAD: b96c9c30c7b1cdd2d059ceccd0396c6d55d3da95
# git branch: dev
#
# LbyR = 0.018075
# L = 1.40985e-06
# R = 7.8e-05
# T = 300
# cutoff = 5e-08
# epsrel = 1e-07
# iepsrel = 2e-07
# ldim = 443
# cores = 4
# alpha = 0.0355081894752351
# filename = /alcc/gpfs1/home/u/hartmmic/libcasimir-dev/data/materials/GoldDalvit.dat
# model = optical data (xi=0: Drude)
# plasma = -14.5858154530763 (logdetD(xi=0) for plasma model with omegap=1.36734e+16eV)
#
# xi=0, logdetD=-7.89128957650579, t=1.31557
# xi=65.3674846689652, logdetD=-1.25461387843117, t=14.0705
# xi=130.73496933793, logdetD=-0.114149924171633, t=14.3332
# xi=196.102454006896, logdetD=-0.010468484655724, t=13.8533
# xi=261.469938675861, logdetD=-0.000961407601131171, t=12.8156
# xi=326.837423344826, logdetD=-8.84001677361255e-05, t=11.6753
# xi=392.204908013792, logdetD=-8.13825057656271e-06, t=9.92771
# xi=457.572392682757, logdetD=-7.50948759320224e-07, t=8.01342
#
# 407 determinants computed
#
# L/R, L, R, T, ldim, F*(L+R)/(ħc)
0.018075, 1.40985e-06, 7.8e-05, 300, 443, -110.8173666492517
# finished at Mi 14. Feb 10:04:34 CET 2018
