# starting on alcc119 at Mi 14. Feb 10:10:01 CET 2018
# compiler: icc
# compile time: Feb  1 2018 09:49:34
# compiled on: Linux alcc83 3.16.0-4-amd64 #1 SMP Debian 3.16.51-3 (2017-12-13) x86_64 GNU/Linux
# LAPACK support: false
# git HEAD: b96c9c30c7b1cdd2d059ceccd0396c6d55d3da95
# git branch: dev
#
# LbyR = 0.011775
# L = 9.1845e-07
# R = 7.8e-05
# T = 300
# cutoff = 5e-08
# epsrel = 1e-07
# iepsrel = 2e-07
# ldim = 680
# cores = 4
# alpha = 0.0232759259716834
# filename = /alcc/gpfs1/home/u/hartmmic/libcasimir-dev/data/materials/GoldDalvit.dat
# model = optical data (xi=0: Drude)
# plasma = -22.8859831198919 (logdetD(xi=0) for plasma model with omegap=1.36734e+16eV)
#
# xi=0, logdetD=-12.313796201415, t=2.32585
# xi=64.9629809207989, logdetD=-4.36942157606347, t=30.2215
# xi=129.925961841598, logdetD=-0.88439967633463, t=32.4887
# xi=194.888942762397, logdetD=-0.181714805598345, t=32.8881
# xi=259.851923683195, logdetD=-0.0374721289889948, t=32.5015
# xi=324.814904603994, logdetD=-0.00774052556641403, t=31.3715
# xi=389.777885524793, logdetD=-0.00160120305811832, t=30.6555
# xi=454.740866445592, logdetD=-0.000332062021824522, t=28.5446
# xi=519.703847366391, logdetD=-6.88147489838677e-05, t=26.3378
# xi=584.66682828719, logdetD=-1.43092615331571e-05, t=23.7563
# xi=649.629809207989, logdetD=-2.97629702345498e-06, t=20.7669
# xi=714.592790128788, logdetD=-6.19960409596055e-07, t=17.0856
#
# 778 determinants computed
#
# L/R, L, R, T, ldim, F*(L+R)/(ħc)
0.011775, 9.1845e-07, 7.8e-05, 300, 680, -240.6892094359706
# finished at Mi 14. Feb 10:15:11 CET 2018
