# starting on alcc124 at Mi 14. Feb 10:25:23 CET 2018
# compiler: icc
# compile time: Feb  1 2018 09:49:34
# compiled on: Linux alcc83 3.16.0-4-amd64 #1 SMP Debian 3.16.51-3 (2017-12-13) x86_64 GNU/Linux
# LAPACK support: false
# git HEAD: b96c9c30c7b1cdd2d059ceccd0396c6d55d3da95
# git branch: dev
#
# LbyR = 0.0025
# L = 1.95e-07
# R = 7.8e-05
# T = 300
# cutoff = 5e-08
# epsrel = 1e-07
# iepsrel = 2e-07
# ldim = 3200
# cores = 16
# alpha = 0.00498753117206983
# filename = /alcc/gpfs1/home/u/hartmmic/libcasimir-dev/data/materials/GoldDalvit.dat
# model = optical data (xi=0: Drude)
# plasma = -106.082524304371 (logdetD(xi=0) for plasma model with omegap=1.36734e+16eV)
#
# xi=0, logdetD=-59.5797897867921, t=24.8286
# xi=64.3674615137761, logdetD=-68.773921944064, t=111.233
# xi=128.734923027552, logdetD=-45.592456166466, t=123.947
# xi=193.102384541328, logdetD=-30.5306877692277, t=128.566
# xi=257.469846055105, logdetD=-20.5844137639524, t=131.558
# xi=321.837307568881, logdetD=-13.944296069087, t=133.407
# xi=386.204769082657, logdetD=-9.47869018238831, t=135.302
# xi=450.572230596433, logdetD=-6.46764826684699, t=137.309
# xi=514.939692110209, logdetD=-4.41326221073115, t=136.96
# xi=579.307153623985, logdetD=-3.02308670746819, t=137.215
# xi=643.674615137761, logdetD=-2.07204045528736, t=138.581
# xi=708.042076651538, logdetD=-1.4225521067964, t=137.606
# xi=772.409538165314, logdetD=-0.978588460396373, t=139.178
# xi=836.77699967909, logdetD=-0.673676343921854, t=138.239
# xi=901.144461192866, logdetD=-0.464635444106789, t=136.695
# xi=965.511922706642, logdetD=-0.320818314087933, t=136.131
# xi=1029.87938422042, logdetD=-0.221689944866759, t=137.153
# xi=1094.24684573419, logdetD=-0.153476577604375, t=137.499
# xi=1158.61430724797, logdetD=-0.106320880224875, t=136.188
# xi=1222.98176876175, logdetD=-0.0737310430413777, t=137.367
# xi=1287.34923027552, logdetD=-0.051193109190137, t=136.806
# xi=1351.7166917893, logdetD=-0.0355669041324711, t=133.996
# xi=1416.08415330308, logdetD=-0.0247391436873162, t=134.257
# xi=1480.45161481685, logdetD=-0.0172213772845174, t=133.599
# xi=1544.81907633063, logdetD=-0.0119953442726906, t=132.11
# xi=1609.1865378444, logdetD=-0.00836494846948607, t=130.503
# xi=1673.55399935818, logdetD=-0.00583629697363614, t=131.186
# xi=1737.92146087196, logdetD=-0.00407498180450798, t=127.603
# xi=1802.28892238573, logdetD=-0.00284753687413425, t=127.99
# xi=1866.65638389951, logdetD=-0.00199076286344702, t=126.816
# xi=1931.02384541328, logdetD=-0.00139287516602978, t=123.926
# xi=1995.39130692706, logdetD=-0.000975103793070005, t=122.964
# xi=2059.75876844084, logdetD=-0.000682942813065537, t=122.924
# xi=2124.12622995461, logdetD=-0.000478699722499061, t=118.659
# xi=2188.49369146839, logdetD=-0.000335669598806741, t=117.971
# xi=2252.86115298216, logdetD=-0.000235498500220432, t=115.397
# xi=2317.22861449594, logdetD=-0.000165317117057833, t=113.602
# xi=2381.59607600972, logdetD=-0.000116092465978589, t=111.349
# xi=2445.96353752349, logdetD=-8.15714968369818e-05, t=109.644
# xi=2510.33099903727, logdetD=-5.73396975587762e-05, t=107.009
# xi=2574.69846055105, logdetD=-4.03200681533713e-05, t=103.915
# xi=2639.06592206482, logdetD=-2.83686500016024e-05, t=102.165
# xi=2703.4333835786, logdetD=-1.99658464161363e-05, t=99.1324
# xi=2767.80084509237, logdetD=-1.4057527011102e-05, t=97.0005
# xi=2832.16830660615, logdetD=-9.9019377300684e-06, t=93.0518
# xi=2896.53576811993, logdetD=-6.9767514604955e-06, t=92.1523
# xi=2960.9032296337, logdetD=-4.91784683256606e-06, t=90.9854
#
# 7307 determinants computed
#
# L/R, L, R, T, ldim, F*(L+R)/(ħc)
0.0025, 1.95e-07, 7.8e-05, 300, 3200, -4902.034648381917
# finished at Mi 14. Feb 12:00:55 CET 2018
