# starting on alcc118 at Di 20. Feb 19:19:57 CET 2018
# compiler: icc
# compile time: Feb  1 2018 09:49:34
# compiled on: Linux alcc83 3.16.0-4-amd64 #1 SMP Debian 3.16.51-3 (2017-12-13) x86_64 GNU/Linux
# LAPACK support: false
# git HEAD: b96c9c30c7b1cdd2d059ceccd0396c6d55d3da95
# git branch: dev
#
# LbyR = 0.024025
# L = 1.87395e-06
# R = 7.8e-05
# T = 300
# cutoff = 5e-08
# epsrel = 1e-07
# iepsrel = 2e-07
# ldim = 333
# cores = 4
# alpha = 0.0469226825516955
# filename = /alcc/gpfs1/home/u/hartmmic/libcasimir-dev/data/materials/GoldDalvit.dat
# model = optical data (xi=0: Drude)
# plasma = -10.7422344489046 (logdetD(xi=0) for plasma model with omegap=1.36734e+16eV)
#
# xi=0, logdetD=-5.8503686525534, t=0.85462
# xi=65.7495159866779, logdetD=-0.43776571220986, t=8.18086
# xi=131.499031973356, logdetD=-0.0186395554250769, t=8.0099
# xi=197.248547960034, logdetD=-0.000796435781197449, t=7.35314
# xi=262.998063946712, logdetD=-3.40565116247737e-05, t=6.22515
# xi=328.74757993339, logdetD=-1.45761283237018e-06, t=4.92313
# xi=394.497095920068, logdetD=-6.24331208188742e-08, t=3.38635
#
# 309 determinants computed
#
# L/R, L, R, T, ldim, F*(L+R)/(ħc)
0.024025, 1.87395e-06, 7.8e-05, 300, 333, -70.78975793367918
# finished at Di 20. Feb 19:20:37 CET 2018
