# starting on alcc120 at Di 20. Feb 19:28:47 CET 2018
# compiler: icc
# compile time: Feb  1 2018 09:49:34
# compiled on: Linux alcc83 3.16.0-4-amd64 #1 SMP Debian 3.16.51-3 (2017-12-13) x86_64 GNU/Linux
# LAPACK support: false
# git HEAD: b96c9c30c7b1cdd2d059ceccd0396c6d55d3da95
# git branch: dev
#
# LbyR = 0.02315
# L = 1.5742e-06
# R = 6.8e-05
# T = 300
# cutoff = 5e-08
# epsrel = 1e-07
# iepsrel = 2e-07
# ldim = 346
# cores = 4
# alpha = 0.0452524067829741
# filename = /alcc/gpfs1/home/u/hartmmic/libcasimir-dev/data/materials/GoldDalvit.dat
# model = optical data (xi=0: Drude)
# plasma = -11.1624738435212 (logdetD(xi=0) for plasma model with omegap=1.36734e+16eV)
#
# xi=0, logdetD=-6.08437734031563, t=0.908676
# xi=57.271112486115, logdetD=-0.745235334098582, t=8.72067
# xi=114.54222497223, logdetD=-0.0518592918588309, t=8.85748
# xi=171.813337458345, logdetD=-0.00362979639396841, t=8.31197
# xi=229.08444994446, logdetD=-0.000254325508417106, t=7.51213
# xi=286.355562430575, logdetD=-1.78390182934877e-05, t=6.38477
# xi=343.62667491669, logdetD=-1.25264667566131e-06, t=5.09962
# xi=400.897787402805, logdetD=-8.8147118765981e-08, t=3.7418
#
# 365 determinants computed
#
# L/R, L, R, T, ldim, F*(L+R)/(ħc)
0.02315, 1.5742e-06, 6.8e-05, 300, 346, -70.06114293587025
# finished at Di 20. Feb 19:29:38 CET 2018
