# starting on alcc121 at Mo 17. Apr 03:08:36 CEST 2017

# L      = 6.375e-07
# R      = 1e-05
# LbyR   = 0.06375
# T      = 295
# cutoff = 1e-13
# epsrel = 1e-10
# ldim   = 250
# cores  = 3
# alpha  = 0.119858989424207
# filename = /alcc/gpfs1/home/u/hartmmic/libcasimir-dev/data/materials/GoldEpsIm.dat
# model  = optical data (xi=0: Drude)
# plasma = -3.46525574132703 (logdetD(xi=0) for plasma model with omegap=9eV)
#
# xi=0, logdetD=-2.02160490327644, t=0.453298
# xi=8.61048733706649, logdetD=-1.27128718864489, t=7.1515
# xi=17.220974674133, logdetD=-0.420208678456661, t=7.08613
# xi=25.8314620111995, logdetD=-0.140001945251447, t=7.20101
# xi=34.441949348266, logdetD=-0.0467985019537454, t=7.62622
# xi=43.0524366853324, logdetD=-0.0156674971501177, t=7.88621
# xi=51.6629240223989, logdetD=-0.0052512370991381, t=7.92928
# xi=60.2734113594654, logdetD=-0.00176325276205877, t=8.15693
# xi=68.8838986965319, logdetD=-0.000592427647686, t=8.16667
# xi=77.4943860335984, logdetD=-0.00019930480589678, t=8.1993
# xi=86.1048733706649, logdetD=-6.70853786483312e-05, t=7.84651
# xi=94.7153607077314, logdetD=-2.26424311118089e-05, t=7.64167
# xi=103.325848044798, logdetD=-7.64522825057709e-06, t=7.32528
# xi=111.936335381864, logdetD=-2.58598405285439e-06, t=7.02039
# xi=120.546822718931, logdetD=-8.75823444708541e-07, t=6.71407
# xi=129.157310055997, logdetD=-2.96870242664007e-07, t=6.45176
# xi=137.767797393064, logdetD=-1.00823455575906e-07, t=6.10643
# xi=146.37828473013, logdetD=-3.42627837999813e-08, t=5.78918
# xi=154.988772067197, logdetD=-1.16597846788116e-08, t=5.41849
# xi=163.599259404263, logdetD=-3.97195077865534e-09, t=5.6139
# xi=172.20974674133, logdetD=-1.35409284783593e-09, t=5.63651
# xi=180.820234078396, logdetD=-4.62281147819145e-10, t=5.60133
# xi=189.430721415463, logdetD=-1.57909908572375e-10, t=5.60721
#
# L/R, L, R, T, ldim, F*(L+R)/(ħc)
0.06375, 6.375e-07, 1e-05, 295, 250, -7.983065717754631

# finished at Mo 17. Apr 03:11:09 CEST 2017
