# starting on alcc115 at Mo 17. Apr 02:16:06 CEST 2017

# L      = 4.075e-07
# R      = 1e-05
# LbyR   = 0.04075
# T      = 295
# cutoff = 1e-13
# epsrel = 1e-10
# ldim   = 250
# cores  = 3
# alpha  = 0.0783089118424213
# filename = /alcc/gpfs1/home/u/hartmmic/libcasimir-dev/data/materials/GoldEpsIm.dat
# model  = optical data (xi=0: Drude)
# plasma = -5.71422469949492 (logdetD(xi=0) for plasma model with omegap=9eV)
#
# xi=0, logdetD=-3.31912432454847, t=0.5499
# xi=8.42431463788667, logdetD=-2.92481435729543, t=9.14133
# xi=16.8486292757733, logdetD=-1.39469929659271, t=8.95481
# xi=25.27294391366, logdetD=-0.670809710008008, t=9.3239
# xi=33.6972585515467, logdetD=-0.32440356827823, t=9.76796
# xi=42.1215731894334, logdetD=-0.157379797037312, t=10.04
# xi=50.54588782732, logdetD=-0.07651038395343, t=10.344
# xi=58.9702024652067, logdetD=-0.0372815729106593, t=10.8761
# xi=67.3945171030934, logdetD=-0.0181814900722746, t=11.1293
# xi=75.81883174098, logdetD=-0.00887891704629288, t=11.0277
# xi=84.2431463788667, logdetD=-0.00433833364513462, t=11.1531
# xi=92.6674610167534, logdetD=-0.00212549890555146, t=11.1305
# xi=101.09177565464, logdetD=-0.00104173739150397, t=11.0557
# xi=109.516090292527, logdetD=-0.000511456234007246, t=10.7199
# xi=117.940404930413, logdetD=-0.000251420170028889, t=10.7828
# xi=126.3647195683, logdetD=-0.000123691266602862, t=10.5221
# xi=134.789034206187, logdetD=-6.09692430554967e-05, t=10.3015
# xi=143.213348844073, logdetD=-3.00704354700117e-05, t=10.1391
# xi=151.63766348196, logdetD=-1.48513740937171e-05, t=9.9268
# xi=160.061978119847, logdetD=-7.34229192477023e-06, t=9.79725
# xi=168.486292757733, logdetD=-3.6326342406522e-06, t=9.64818
# xi=176.91060739562, logdetD=-1.79977682398833e-06, t=9.27573
# xi=185.334922033507, logdetD=-8.92187765716329e-07, t=8.9032
# xi=193.759236671393, logdetD=-4.42753314630895e-07, t=8.75204
# xi=202.18355130928, logdetD=-2.19891211333722e-07, t=8.27805
# xi=210.607865947167, logdetD=-1.09277189830913e-07, t=8.03349
# xi=219.032180585053, logdetD=-5.43632528090401e-08, t=7.94918
# xi=227.45649522294, logdetD=-2.70573777520465e-08, t=7.30752
# xi=235.880809860827, logdetD=-1.34783711060922e-08, t=7.30523
# xi=244.305124498713, logdetD=-6.71823469233826e-09, t=7.29492
# xi=252.7294391366, logdetD=-3.35045070957621e-09, t=7.27883
# xi=261.153753774487, logdetD=-1.67225060515742e-09, t=7.27928
# xi=269.578068412374, logdetD=-8.34968905231172e-10, t=7.26148
# xi=278.00238305026, logdetD=-4.17196306373685e-10, t=7.27477
# xi=286.426697688147, logdetD=-2.08555597500475e-10, t=7.20086
#
# L/R, L, R, T, ldim, F*(L+R)/(ħc)
0.04075, 4.075e-07, 1e-05, 295, 250, -19.52440263436131

# finished at Mo 17. Apr 02:21:22 CEST 2017
