# starting on alcc115 at Mo 17. Apr 03:20:38 CEST 2017

# L      = 7.725e-07
# R      = 1e-05
# LbyR   = 0.07725
# T      = 295
# cutoff = 1e-13
# epsrel = 1e-10
# ldim   = 250
# cores  = 3
# alpha  = 0.143420747273149
# filename = /alcc/gpfs1/home/u/hartmmic/libcasimir-dev/data/materials/GoldEpsIm.dat
# model  = optical data (xi=0: Drude)
# plasma = -2.77217750439764 (logdetD(xi=0) for plasma model with omegap=9eV)
#
# xi=0, logdetD=-1.62449921391414, t=0.392102
# xi=8.71976261701986, logdetD=-0.837440903212223, t=6.61646
# xi=17.4395252340397, logdetD=-0.223395699266365, t=6.31475
# xi=26.1592878510596, logdetD=-0.0599585588413183, t=6.39925
# xi=34.8790504680794, logdetD=-0.0161227857356783, t=6.77341
# xi=43.5988130850993, logdetD=-0.00433910487576993, t=6.88488
# xi=52.3185757021191, logdetD=-0.001168790677086, t=7.06201
# xi=61.038338319139, logdetD=-0.000315374430167659, t=7.17662
# xi=69.7581009361589, logdetD=-8.51485792211221e-05, t=7.09821
# xi=78.4778635531787, logdetD=-2.30193815945898e-05, t=6.881
# xi=87.1976261701986, logdetD=-6.22649607799674e-06, t=6.62853
# xi=95.9173887872184, logdetD=-1.68882854396252e-06, t=6.26702
# xi=104.637151404238, logdetD=-4.58252813714314e-07, t=5.86896
# xi=113.356914021258, logdetD=-1.24565483067646e-07, t=5.53884
# xi=122.076676638278, logdetD=-3.3903898767577e-08, t=5.2319
# xi=130.796439255298, logdetD=-9.2355829537624e-09, t=4.96174
# xi=139.516201872318, logdetD=-2.52073324131024e-09, t=4.96465
# xi=148.235964489338, logdetD=-6.88427143137658e-10, t=4.99726
# xi=156.955727106357, logdetD=-1.88277326742502e-10, t=5.0433
# xi=165.675489723377, logdetD=-5.15448474864576e-11, t=5.18344
#
# L/R, L, R, T, ldim, F*(L+R)/(ħc)
0.07725, 7.725e-07, 1e-05, 295, 250, -5.426570370663577

# finished at Mo 17. Apr 03:22:35 CEST 2017
