# starting on alcc115 at Mo 17. Apr 01:02:01 CEST 2017

# L      = 2.975e-07
# R      = 1e-05
# LbyR   = 0.02975
# T      = 295
# cutoff = 1e-13
# epsrel = 1e-10
# ldim   = 337
# cores  = 4
# alpha  = 0.0577810148094198
# filename = /alcc/gpfs1/home/u/hartmmic/libcasimir-dev/data/materials/GoldEpsIm.dat
# model  = optical data (xi=0: Drude)
# plasma = -7.99927197288442 (logdetD(xi=0) for plasma model with omegap=9eV)
#
# xi=0, logdetD=-4.66085916597408, t=0.883928
# xi=8.33527552088763, logdetD=-4.81000190317703, t=11.7778
# xi=16.6705510417753, logdetD=-2.73942024474323, t=11.4914
# xi=25.0058265626629, logdetD=-1.57101324700356, t=11.2435
# xi=33.3411020835505, logdetD=-0.906071305533174, t=11.2241
# xi=41.6763776044381, logdetD=-0.524558548357496, t=11.6756
# xi=50.0116531253258, logdetD=-0.304499434855646, t=12.0961
# xi=58.3469286462134, logdetD=-0.177242643405888, t=12.3793
# xi=66.682204167101, logdetD=-0.103283638424317, t=12.7525
# xi=75.0174796879887, logdetD=-0.0602784208177351, t=13.0838
# xi=83.3527552088763, logdetD=-0.035201656440413, t=13.5623
# xi=91.6880307297639, logdetD=-0.02061359612308, t=14.0093
# xi=100.023306250652, logdetD=-0.0120755748311442, t=14.1081
# xi=108.358581771539, logdetD=-0.00708613897393498, t=14.2872
# xi=116.693857292427, logdetD=-0.0041633682094324, t=14.2805
# xi=125.029132813314, logdetD=-0.00244803869217039, t=14.2192
# xi=133.364408334202, logdetD=-0.0014421604614953, t=14.0862
# xi=141.69968385509, logdetD=-0.000850075284936914, t=13.9781
# xi=150.034959375977, logdetD=-0.000501753101321556, t=13.6851
# xi=158.370234896865, logdetD=-0.000296451096608574, t=13.3839
# xi=166.705510417753, logdetD=-0.000175280864377714, t=13.4598
# xi=175.04078593864, logdetD=-0.0001037806250094, t=13.2543
# xi=183.376061459528, logdetD=-6.14800199060017e-05, t=12.9758
# xi=191.711336980415, logdetD=-3.64598576179534e-05, t=12.8241
# xi=200.046612501303, logdetD=-2.16387848117656e-05, t=12.5779
# xi=208.381888022191, logdetD=-1.28506031406256e-05, t=12.4583
# xi=216.717163543078, logdetD=-7.6395128896811e-06, t=12.0196
# xi=225.052439063966, logdetD=-4.54371178157396e-06, t=11.7528
# xi=233.387714584854, logdetD=-2.70474161853966e-06, t=11.6272
# xi=241.722990105741, logdetD=-1.61103921553596e-06, t=11.4155
# xi=250.058265626629, logdetD=-9.60100201715469e-07, t=11.1473
# xi=258.393541147516, logdetD=-5.72633849696947e-07, t=10.8027
# xi=266.728816668404, logdetD=-3.4167175271806e-07, t=10.5178
# xi=275.064092189292, logdetD=-2.04006101472459e-07, t=10.2149
# xi=283.399367710179, logdetD=-1.21868090607588e-07, t=10.0288
# xi=291.734643231067, logdetD=-7.28336930237287e-08, t=9.57878
# xi=300.069918751955, logdetD=-4.35565651171226e-08, t=9.37129
# xi=308.405194272842, logdetD=-2.60567702926365e-08, t=8.92257
# xi=316.74046979373, logdetD=-1.55969504228055e-08, t=8.97844
# xi=325.075745314618, logdetD=-9.33969030708615e-09, t=8.89768
# xi=333.411020835505, logdetD=-5.5949156663396e-09, t=8.93698
# xi=341.746296356393, logdetD=-3.35337337125209e-09, t=8.98865
# xi=350.08157187728, logdetD=-2.01045822992502e-09, t=8.85987
# xi=358.416847398168, logdetD=-1.20593114229935e-09, t=8.93227
# xi=366.752122919056, logdetD=-7.23592440043377e-10, t=8.89176
# xi=375.087398439943, logdetD=-4.34322159993729e-10, t=8.88976
#
# L/R, L, R, T, ldim, F*(L+R)/(ħc)
0.02975, 2.975e-07, 1e-05, 295, 337, -36.11512291157332

# finished at Mo 17. Apr 01:10:45 CEST 2017
