# starting on alcc115 at Mo 17. Apr 01:44:36 CEST 2017

# L      = 3.825e-07
# R      = 1e-05
# LbyR   = 0.03825
# T      = 295
# cutoff = 1e-13
# epsrel = 1e-10
# ldim   = 262
# cores  = 3
# alpha  = 0.073681675896942
# filename = /alcc/gpfs1/home/u/hartmmic/libcasimir-dev/data/materials/GoldEpsIm.dat
# model  = optical data (xi=0: Drude)
# plasma = -6.12039697898084 (logdetD(xi=0) for plasma model with omegap=9eV)
#
# xi=0, logdetD=-3.55567581077091, t=0.569444
# xi=8.40407847493234, logdetD=-3.24905604181435, t=10.1866
# xi=16.8081569498647, logdetD=-1.61276592790495, t=9.78566
# xi=25.212235424797, logdetD=-0.807273264669804, t=10.1608
# xi=33.6163138997294, logdetD=-0.406343149333735, t=10.5665
# xi=42.0203923746617, logdetD=-0.205219029181286, t=10.8226
# xi=50.4244708495941, logdetD=-0.103874654517964, t=11.4275
# xi=58.8285493245264, logdetD=-0.0527039231857591, t=11.8775
# xi=67.2326277994588, logdetD=-0.0267645639564647, t=12.094
# xi=75.6367062743911, logdetD=-0.0136108249009859, t=12.3344
# xi=84.0407847493234, logdetD=-0.006925423851142, t=12.4286
# xi=92.4448632242558, logdetD=-0.00353333052517765, t=12.4359
# xi=100.848941699188, logdetD=-0.00180335418452689, t=12.1382
# xi=109.25302017412, logdetD=-0.00092199559767828, t=12.1297
# xi=117.657098649053, logdetD=-0.00047197176850854, t=12.0561
# xi=126.061177123985, logdetD=-0.000241795652348277, t=11.9061
# xi=134.465255598918, logdetD=-0.00012411139044355, t=11.7037
# xi=142.86933407385, logdetD=-6.3742674587007e-05, t=11.4813
# xi=151.273412548782, logdetD=-3.27827420502002e-05, t=11.3254
# xi=159.677491023715, logdetD=-1.68770674327279e-05, t=11.1946
# xi=168.081569498647, logdetD=-8.69505969104765e-06, t=10.8251
# xi=176.485647973579, logdetD=-4.48594528658147e-06, t=10.6152
# xi=184.889726448512, logdetD=-2.31566236255105e-06, t=10.42
# xi=193.293804923444, logdetD=-1.19664039986115e-06, t=10.0129
# xi=201.697883398376, logdetD=-6.18859443265374e-07, t=9.74677
# xi=210.101961873309, logdetD=-3.20254683920437e-07, t=9.38675
# xi=218.506040348241, logdetD=-1.6590244148435e-07, t=9.13158
# xi=226.910118823173, logdetD=-8.59833526031313e-08, t=8.84057
# xi=235.314197298106, logdetD=-4.46012616115186e-08, t=8.47542
# xi=243.718275773038, logdetD=-2.31497139237709e-08, t=8.09565
# xi=252.12235424797, logdetD=-1.20219407261818e-08, t=8.08354
# xi=260.526432722903, logdetD=-6.24818152400394e-09, t=8.06902
# xi=268.930511197835, logdetD=-3.24865559202174e-09, t=8.08964
# xi=277.334589672767, logdetD=-1.69026620288584e-09, t=8.09517
# xi=285.7386681477, logdetD=-8.79869108919153e-10, t=8.098
# xi=294.142746622632, logdetD=-4.58221141130687e-10, t=8.1224
# xi=302.546825097564, logdetD=-2.3878630016126e-10, t=7.99812
#
# L/R, L, R, T, ldim, F*(L+R)/(ħc)
0.03825, 3.825e-07, 1e-05, 295, 262, -22.12202448453549

# finished at Mo 17. Apr 01:50:47 CEST 2017
