# starting on alcc121 at Mo 17. Apr 03:22:38 CEST 2017

# L      = 1.275e-07
# R      = 1e-05
# LbyR   = 0.01275
# T      = 295
# cutoff = 1e-13
# epsrel = 1e-10
# ldim   = 785
# cores  = 8
# alpha  = 0.0251789681560109
# filename = /alcc/gpfs1/home/u/hartmmic/libcasimir-dev/data/materials/GoldEpsIm.dat
# model  = optical data (xi=0: Drude)
# plasma = -18.688896065903 (logdetD(xi=0) for plasma model with omegap=9eV)
#
# xi=0, logdetD=-11.3425078939915, t=2.7642
# xi=8.1976696127982, logdetD=-14.4924878861642, t=28.8347
# xi=16.3953392255964, logdetD=-10.9801505301481, t=29.3626
# xi=24.5930088383946, logdetD=-8.31896074097577, t=29.7317
# xi=32.7906784511928, logdetD=-6.32177592776771, t=29.0167
# xi=40.988348063991, logdetD=-4.8182094218122, t=29.4584
# xi=49.1860176767892, logdetD=-3.68169518874242, t=29.1482
# xi=57.3836872895874, logdetD=-2.82151130343063, t=29.6223
# xi=65.5813569023856, logdetD=-2.16524677930263, t=29.5403
# xi=73.7790265151838, logdetD=-1.66459853941598, t=29.7868
# xi=81.976696127982, logdetD=-1.2807835105785, t=30.1809
# xi=90.1743657407802, logdetD=-0.988296121037297, t=31.0302
# xi=98.3720353535784, logdetD=-0.762973158004747, t=31.899
# xi=106.569704966377, logdetD=-0.590061860498898, t=32.7408
# xi=114.767374579175, logdetD=-0.456905227527959, t=33.3861
# xi=122.965044191973, logdetD=-0.35407311356779, t=34.199
# xi=131.162713804771, logdetD=-0.274892462667317, t=33.9606
# xi=139.360383417569, logdetD=-0.213535136451527, t=35.3311
# xi=147.558053030368, logdetD=-0.166089343378261, t=35.0999
# xi=155.755722643166, logdetD=-0.129307247370616, t=35.842
# xi=163.953392255964, logdetD=-0.100740014098254, t=36.3901
# xi=172.151061868762, logdetD=-0.0785877680627337, t=37.1017
# xi=180.34873148156, logdetD=-0.0613373522207376, t=37.6324
# xi=188.546401094359, logdetD=-0.047922072677859, t=38.1384
# xi=196.744070707157, logdetD=-0.0374682741375377, t=38.7643
# xi=204.941740319955, logdetD=-0.0293121209149899, t=38.7644
# xi=213.139409932753, logdetD=-0.0229542410526365, t=38.1495
# xi=221.337079545551, logdetD=-0.0179832279159871, t=38.6949
# xi=229.53474915835, logdetD=-0.014100242250606, t=38.6202
# xi=237.732418771148, logdetD=-0.0110621096730254, t=38.5348
# xi=245.930088383946, logdetD=-0.0086829658885141, t=38.8058
# xi=254.127757996744, logdetD=-0.00682081250761649, t=38.7686
# xi=262.325427609542, logdetD=-0.00536002820978911, t=38.0728
# xi=270.523097222341, logdetD=-0.00421493151463358, t=38.1528
# xi=278.720766835139, logdetD=-0.00331603494661059, t=37.9706
# xi=286.918436447937, logdetD=-0.00260997677987928, t=37.8871
# xi=295.116106060735, logdetD=-0.00205554100158661, t=37.8893
# xi=303.313775673533, logdetD=-0.00161940936688762, t=37.8801
# xi=311.511445286332, logdetD=-0.00127653868528369, t=37.3367
# xi=319.70911489913, logdetD=-0.00100665617701021, t=37.1364
# xi=327.906784511928, logdetD=-0.000794133237973427, t=37.0226
# xi=336.104454124726, logdetD=-0.000626800755083183, t=37.0492
# xi=344.302123737524, logdetD=-0.000494867099351473, t=37.0085
# xi=352.499793350323, logdetD=-0.000390894595525327, t=36.0248
# xi=360.697462963121, logdetD=-0.000308868495443719, t=35.9352
# xi=368.895132575919, logdetD=-0.000244136763074497, t=35.8325
# xi=377.092802188717, logdetD=-0.000193054744617904, t=35.7242
# xi=385.290471801515, logdetD=-0.000152698868366751, t=35.797
# xi=393.488141414314, logdetD=-0.000120830311283951, t=34.9534
# xi=401.685811027112, logdetD=-9.56395892124113e-05, t=34.9183
# xi=409.88348063991, logdetD=-7.57232415411543e-05, t=34.3924
# xi=418.081150252708, logdetD=-5.99763963626748e-05, t=34.6299
# xi=426.278819865506, logdetD=-4.75146156298115e-05, t=33.8863
# xi=434.476489478305, logdetD=-3.76562401704721e-05, t=33.5408
# xi=442.674159091103, logdetD=-2.98504948454214e-05, t=33.5437
# xi=450.871828703901, logdetD=-2.36691443961315e-05, t=32.7648
# xi=459.069498316699, logdetD=-1.8773750073079e-05, t=32.4986
# xi=467.267167929497, logdetD=-1.48937763799166e-05, t=32.7353
# xi=475.464837542296, logdetD=-1.18196245633936e-05, t=32.6336
# xi=483.662507155094, logdetD=-9.38196211649437e-06, t=31.8783
# xi=491.860176767892, logdetD=-7.44884574725958e-06, t=31.7909
# xi=500.05784638069, logdetD=-5.91566782924016e-06, t=31.0165
# xi=508.255515993488, logdetD=-4.69888870556259e-06, t=30.9056
# xi=516.453185606287, logdetD=-3.7369335303419e-06, t=30.1346
# xi=524.650855219085, logdetD=-2.97519393020687e-06, t=30.1014
# xi=532.848524831883, logdetD=-2.36737645655049e-06, t=30.1126
# xi=541.046194444681, logdetD=-1.88260851454249e-06, t=29.3338
# xi=549.243864057479, logdetD=-1.49617024373521e-06, t=29.1053
# xi=557.441533670278, logdetD=-1.18827566997812e-06, t=28.3973
# xi=565.639203283076, logdetD=-9.43755901345933e-07, t=28.1483
# xi=573.836872895874, logdetD=-7.52258509351486e-07, t=27.8978
# xi=582.034542508672, logdetD=-5.99327924765302e-07, t=27.2974
# xi=590.23221212147, logdetD=-4.7724666902882e-07, t=26.9449
# xi=598.429881734269, logdetD=-3.79833393729425e-07, t=26.6494
# xi=606.627551347067, logdetD=-3.02138050683339e-07, t=26.2218
# xi=614.825220959865, logdetD=-2.40197966307666e-07, t=26.2165
# xi=623.022890572663, logdetD=-1.91564662381874e-07, t=25.2007
# xi=631.220560185462, logdetD=-1.52788413868727e-07, t=24.9617
# xi=639.41822979826, logdetD=-1.21808625596898e-07, t=24.4477
# xi=647.615899411058, logdetD=-9.70668180058736e-08, t=23.8473
# xi=655.813569023856, logdetD=-7.73146373762818e-08, t=23.579
# xi=664.011238636654, logdetD=-6.15519785015397e-08, t=22.9194
# xi=672.208908249453, logdetD=-4.90915870490741e-08, t=22.1138
# xi=680.406577862251, logdetD=-3.91926635578585e-08, t=22.0815
# xi=688.604247475049, logdetD=-3.12780731142627e-08, t=21.9659
# xi=696.801917087847, logdetD=-2.49520944302984e-08, t=21.9918
# xi=704.999586700645, logdetD=-1.9897560943389e-08, t=22.1308
# xi=713.197256313444, logdetD=-1.58603302501042e-08, t=22.1141
# xi=721.394925926242, logdetD=-1.26517487660255e-08, t=22.0543
# xi=729.59259553904, logdetD=-1.01094033959285e-08, t=22.0888
# xi=737.790265151838, logdetD=-8.07528991368578e-09, t=22.0215
# xi=745.987934764636, logdetD=-6.44827807370122e-09, t=21.8866
# xi=754.185604377435, logdetD=-5.14727808399913e-09, t=21.8872
# xi=762.383273990233, logdetD=-4.10728394259115e-09, t=21.8712
# xi=770.580943603031, logdetD=-3.27718339650761e-09, t=21.9666
# xi=778.778613215829, logdetD=-2.62068580256232e-09, t=21.7908
# xi=786.976282828627, logdetD=-2.09509291621445e-09, t=21.8042
# xi=795.173952441426, logdetD=-1.6744106919954e-09, t=21.7886
# xi=803.371622054224, logdetD=-1.33778753316547e-09, t=21.762
# xi=811.569291667022, logdetD=-1.06850037423827e-09, t=21.6619
#
# L/R, L, R, T, ldim, F*(L+R)/(ħc)
0.01275, 1.275e-07, 1e-05, 295, 785, -173.8251991323207

# finished at Mo 17. Apr 04:13:33 CEST 2017
