# starting on alcc118 at Fri Aug  4 16:57:33 CEST 2017

# L      = 9.6747e-07
# R      = 0.0001
# LbyR   = 0.0096747
# T      = 0
# cutoff = 1e-12
# epsrel = 2e-07
# ldim   = 1034
# cores  = 8
# alpha  = 0.0191639941062205
# omegap = 9
# gamma  = 0.035
# quad   = adaptive Gauss-Kronrod
#
# xi=52.1811890808, logdetD=-9.26593351412029, t=41.0587
# xi=12161.6176356, logdetD=-1.00518423326453e-103, t=7.74994
# xi=0.223890980253, logdetD=-24.5354131157777, t=39.2269
# xi=1998.47900125, logdetD=-1.09964897654129e-16, t=23.3085
# xi=1.36247440788, logdetD=-26.2772984158779, t=40.3774
# xi=720.097886173, logdetD=-1.39455028115284e-05, t=44.2365
# xi=3.78125883462, logdetD=-25.7416400380549, t=36.2106
# xi=351.590455106, logdetD=-0.0222996549932383, t=54.4759
# xi=7.74445510207, logdetD=-23.8871169976607, t=38.1566
# xi=199.954978499, logdetD=-0.464442953412212, t=54.4917
# xi=13.6174478591, logdetD=-21.0819456526165, t=39.7356
# xi=123.46726082, logdetD=-2.15982648454916, t=47.4492
# xi=22.0534291909, logdetD=-17.55908591586, t=38.1778
# xi=79.5537215616, logdetD=-5.26694852244661, t=42.3995
# xi=34.2268902125, logdetD=-13.5225005795785, t=39.2087
# xi=156.543567242, logdetD=-1.10973315457878, t=50.7594
# xi=24375.4164602, logdetD=-9.25883200805939e-207, t=6.7969
# xi=52.6289710413, logdetD=-9.1798307117229, t=41.1132
# xi=4049.13919158, logdetD=-1.97832464300176e-34, t=13.4754
# xi=54.9061378966, logdetD=-8.7546992485842, t=40.9262
# xi=1492.37696143, logdetD=-2.7162903332358e-12, t=26.2548
# xi=59.74370675, logdetD=-7.91819521161912, t=40.5349
# xi=755.362099293, logdetD=-6.88435072678058e-06, t=42.6458
# xi=67.6700992849, logdetD=-6.72218920217069, t=41.6529
# xi=452.091146079, logdetD=-0.00298227189208246, t=53.0188
# xi=79.4160847991, logdetD=-5.28180412179574, t=42.3027
# xi=299.115710721, logdetD=-0.0637531911228622, t=53.6905
# xi=96.2880474626, logdetD=-3.7444310443668, t=44.5811
# xi=211.288632204, logdetD=-0.370076999869922, t=54.519
# xi=120.634969506, logdetD=-2.28691587187628, t=47.1406
# xi=17.3937296936, logdetD=-19.4247872425074, t=39.6265
# xi=51.7372169741, logdetD=-9.35213695800396, t=40.7813
# xi=0.11170584504, logdetD=-23.4453199759589, t=38.9611
# xi=49.5914773502, logdetD=-9.78074224611067, t=40.6375
# xi=0.672458111479, logdetD=-25.855095034736, t=40.1665
# xi=45.5759550588, logdetD=-10.6390624744317, t=39.753
# xi=1.8245232701, logdetD=-26.2984662102899, t=39.9804
# xi=40.2375129142, logdetD=-11.9046908290293, t=39.378
# xi=3.60473009757, logdetD=-25.8121105317424, t=36.6032
# xi=34.2862091574, logdetD=-13.5054410031732, t=39.352
# xi=6.02284852845, logdetD=-24.7265743886806, t=37.5037
# xi=28.2784474879, logdetD=-15.3552946776921, t=39.0759
# xi=9.10308752197, logdetD=-23.2211844228759, t=38.3283
# xi=22.5712038975, logdetD=-17.3636136176798, t=38.1932
# xi=12.8869994826, logdetD=-21.4173443657659, t=39.4447
# xi=31.3087134485, logdetD=-14.3906846180123, t=39.6075
# xi=51.9587298411, logdetD=-9.3090228551209, t=40.81
# xi=17.4929529747, logdetD=-19.3830112753093, t=39.6036
# xi=50.8700657078, logdetD=-9.52293284053587, t=41.0389
# xi=17.9889135291, logdetD=-19.1755529030756, t=39.5937
# xi=48.7706430682, logdetD=-9.95009502951537, t=40.5306
# xi=18.9968437794, logdetD=-18.7608713877386, t=38.9396
# xi=45.846888813, logdetD=-10.5787338892688, t=39.8841
# xi=20.5258117439, logdetD=-18.1493617837816, t=38.2893
# xi=42.3946521095, logdetD=-11.3751548200292, t=39.7656
# xi=22.5490281625, logdetD=-17.3719383846422, t=38.0269
# xi=38.6841662242, logdetD=-12.3021055260823, t=39.241
# xi=25.040688527, logdetD=-16.4624112244077, t=38.4152
# xi=34.9287399869, logdetD=-13.3221131820397, t=39.3905
# xi=27.9775571526, logdetD=-15.4547639797543, t=39.0183
# xi=7.45445558297, logdetD=-24.0294435176717, t=37.9136
# xi=17.2947886194, logdetD=-19.466534579074, t=39.7445
# xi=0.0557932034234, logdetD=-22.2459227086421, t=38.9777
# xi=16.8085576539, logdetD=-19.6730057418473, t=39.9693
# xi=0.334076437009, logdetD=-25.0850571545925, t=40.0094
# xi=15.8612375994, logdetD=-20.081532330911, t=40.1343
# xi=0.896586984419, logdetD=-26.0799305637677, t=40.2299
# xi=14.5203516676, logdetD=-20.6738848305939, t=39.875
# xi=1.74218894846, logdetD=-26.3026423316319, t=40.0416
# xi=12.9038109764, logdetD=-21.4095731022461, t=39.2972
# xi=2.84711466644, logdetD=-26.08245721508, t=38.1014
# xi=11.1248026997, logdetD=-22.2448212628606, t=38.788
# xi=4.18638330474, logdetD=-25.572343633606, t=36.1618
# xi=9.27880738297, logdetD=-23.1354391338661, t=38.4167
# xi=5.73528806886, logdetD=-24.8642403183867, t=37.4724
# xi=365.268323566, logdetD=-0.0169584511140913, t=54.3866
# xi=48803.0141095, logdetD=0, t=1.01415
# xi=157.439131163, logdetD=-1.0899426109259, t=51.019
# xi=8150.45957225, logdetD=-1.30009468272293e-69, t=8.85835
# xi=161.993464874, logdetD=-0.994650694909735, t=51.0457
# xi=3036.93511193, logdetD=-1.10419062346927e-25, t=17.1402
# xi=171.668602581, logdetD=-0.819046653147311, t=51.8309
# xi=1562.90538767, logdetD=-6.6308757118506e-13, t=25.927
# xi=187.521387651, logdetD=-0.595922620361961, t=53.2801
# xi=956.363481239, logdetD=-1.23217465114511e-07, t=30.8244
# xi=211.013358679, logdetD=-0.372123852160053, t=54.5592
# xi=650.412610522, logdetD=-5.62693776211828e-05, t=47.4991
# xi=244.757284006, logdetD=-0.18929941976128, t=54.1392
# xi=474.758453489, logdetD=-0.00189439705340788, t=52.0496
# xi=293.451128092, logdetD=-0.0714085412138945, t=53.6292
# xi=86.968648468, logdetD=-4.52665299824742, t=43.2187
# xi=155.655623029, logdetD=-1.12971168407976, t=50.8408
# xi=52.4046007709, logdetD=-9.22286933283544, t=41.0239
# xi=151.364143781, logdetD=-1.231482754014, t=50.0794
# xi=53.5261053038, logdetD=-9.00982697895619, t=41.0498
# xi=143.333099198, logdetD=-1.44736102152115, t=49.1542
# xi=55.830235621, logdetD=-8.58807863547409, t=40.7336
# xi=132.656214909, logdetD=-1.7944994975532, t=48.3974
# xi=59.3906492759, logdetD=-7.97633757564732, t=40.3247
# xi=120.753607396, logdetD=-2.28144388066214, t=46.8934
# xi=64.2268861377, logdetD=-7.21695393086187, t=41.1001
# xi=108.738084057, logdetD=-2.90881423133186, t=45.5555
# xi=70.3873641247, logdetD=-6.35652001355016, t=41.6485
# xi=97.3235968758, logdetD=-3.6664676003832, t=44.4912
# xi=77.9551880459, logdetD=-5.44215510263954, t=41.8334
# xi=12.0418128648, logdetD=-21.8111046213982, t=39.2341
# xi=17.3442239559, logdetD=-19.4456645030331, t=39.821
# xi=7.49087527185, logdetD=-24.0115762162531, t=38.0065
# xi=17.0999080546, logdetD=-19.5490263221933, t=39.8647
# xi=7.67203096305, logdetD=-23.9226707694277, t=38.117
# xi=16.6189508122, logdetD=-19.7541102183724, t=39.9314
# xi=8.03570160052, logdetD=-23.7441255245666, t=38.0864
# xi=15.92674821, logdetD=-20.0530149681716, t=39.8
# xi=8.57616132042, logdetD=-23.4789868348211, t=38.2941
# xi=15.0739174379, logdetD=-20.4273465167095, t=40.078
# xi=9.2713108791, logdetD=-23.1390944870463, t=38.5272
# xi=14.1113915114, logdetD=-20.8578057704415, t=39.7599
# xi=10.0975420149, logdetD=-22.7378967420879, t=39.0779
# xi=13.0849921362, logdetD=-21.3259745371992, t=39.3774
# xi=11.031456199, logdetD=-22.2893274076577, t=38.8877
# xi=3.47874593872, logdetD=-25.8609509105484, t=37.2422
# xi=7.41808032308, logdetD=-24.0472863394175, t=37.9035
# xi=0.0278816958696, logdetD=-21.0109995334352, t=38.3739
# xi=7.23845631141, logdetD=-24.1353475894789, t=38.1977
# xi=0.166505215424, logdetD=-24.0892510300542, t=38.9942
# xi=6.88432329197, logdetD=-24.3086244567607, t=37.7639
# xi=0.444474966066, logdetD=-25.4324195957944, t=40.1625
# xi=6.37341703859, logdetD=-24.5573095188182, t=37.703
# xi=0.85679149739, logdetD=-26.0487518818226, t=40.4114
# xi=5.74194663757, logdetD=-24.8610668373085, t=37.451
# xi=1.38575255628, logdetD=-26.2814375513332, t=40.3624
# xi=5.02657895735, logdetD=-25.1969943944294, t=36.362
# xi=2.01246385347, logdetD=-26.2792403069137, t=39.7825
# xi=4.26059619296, logdetD=-25.5403563558341, t=36.1784
# xi=2.71826062623, logdetD=-26.1215734366718, t=38.4177
# xi=782.717836212, logdetD=-3.981544239166e-06, t=41.0758
# xi=97658.209408, logdetD=0, t=1.13105
# xi=367.059451408, logdetD=-0.0163611758354071, t=54.3838
# xi=16353.1003336, logdetD=-3.48280841839373e-139, t=7.24601
# xi=376.168118829, logdetD=-0.0136340700396331, t=53.4683
# xi=6126.05141295, logdetD=-2.70045541569108e-52, t=10.3017
# xi=395.518394243, logdetD=-0.00925542733441135, t=53.9238
# xi=3177.99196442, logdetD=-6.64670582971481e-27, t=16.5911
# xi=427.223964382, logdetD=-0.00490622195710712, t=52.991
# xi=1964.90815156, logdetD=-2.15029577414549e-16, t=23.5529
# xi=474.207906439, logdetD=-0.00191539191342979, t=52.9038
# xi=1353.00641013, logdetD=-4.40933542498238e-11, t=26.7958
# xi=541.695757093, logdetD=-0.000496010763107783, t=50.739
# xi=1001.69809606, logdetD=-4.97355409716805e-08, t=27.8515
# xi=639.083445266, logdetD=-7.0594287801513e-05, t=47.6547
# xi=226.118486017, logdetD=-0.274957906616835, t=54.7287
# xi=363.492435139, logdetD=-0.0175721682685958, t=54.0394
# xi=156.990390623, logdetD=-1.09981435370324, t=51.2674
# xi=354.909476643, logdetD=-0.0208662046449249, t=54.0482
# xi=159.233399688, logdetD=-1.05135215384084, t=51.0889
# xi=338.847387478, logdetD=-0.0287794665893848, t=54.0644
# xi=163.841660323, logdetD=-0.958408617962083, t=51.2528
# xi=317.493618899, logdetD=-0.044129261599448, t=54.0589
# xi=170.962487633, logdetD=-0.830737205177606, t=51.8233
# xi=293.688403872, logdetD=-0.0710701541123459, t=53.5222
# xi=180.634961356, logdetD=-0.684185818297894, t=52.9709
# xi=269.657357194, logdetD=-0.114980630976656, t=54.4423
# xi=192.95591733, logdetD=-0.534399066147538, t=53.4551
# xi=246.828382832, logdetD=-0.181609135161009, t=54.098
# xi=208.091565173, logdetD=-0.394560731047433, t=54.3389
# xi=5.39805404284, logdetD=-25.0239272470668, t=37.0248
# xi=7.43626240448, logdetD=-24.0383680011517, t=37.9419
# xi=3.49460357158, logdetD=-25.8548748249516, t=37.2817
# xi=7.34626000594, logdetD=-24.0825068344983, t=37.95
# xi=3.57332806451, logdetD=-25.8244033196547, t=36.8353
# xi=7.16802023924, logdetD=-24.1698525915102, t=38.0107
# xi=3.73060167488, logdetD=-25.762090570447, t=36.3582
# xi=6.90899239905, logdetD=-24.2965726888186, t=37.8681
# xi=3.96245867443, logdetD=-25.6671115467294, t=36.2083
# xi=6.58572783146, logdetD=-24.4542040113766, t=37.765
# xi=4.25743483375, logdetD=-25.5417244449523, t=36.1419
# xi=6.21529297735, logdetD=-24.633825857626, t=37.5725
# xi=4.60337337574, logdetD=-25.3893933078989, t=36.142
# xi=5.81358652005, logdetD=-24.8268781384375, t=37.4209
# xi=4.98843378371, logdetD=-25.2145647207295, t=36.3626
# xi=1.6832641639, logdetD=-26.3038151679762, t=40.0875
# xi=3.46289733646, logdetD=-25.8670022283328, t=37.0715
# xi=0.0139371244602, logdetD=-19.8164510080377, t=38.5192
# xi=3.38448416826, logdetD=-25.8966195856601, t=37.4192
# xi=0.0831199937114, logdetD=-22.9440205766547, t=38.8441
# xi=3.22914900575, logdetD=-25.9536012293342, t=37.7326
# xi=0.221294996976, logdetD=-24.5184281205891, t=39.1274
# xi=3.00329698252, logdetD=-26.0319238035897, t=37.8242
# xi=0.424907355504, logdetD=-25.3804175347229, t=40.2012
# xi=2.72125190117, logdetD=-26.1206939818742, t=38.3773
# xi=0.683796637045, logdetD=-25.8698508823678, t=40.2369
# xi=2.39780023424, logdetD=-26.2067595197456, t=39.1332
# xi=0.987195420146, logdetD=-26.1402123623838, t=40.4948
# xi=2.04673989884, logdetD=-26.274445753125, t=39.706
# xi=1.3246285539, logdetD=-26.2696855543482, t=40.204
# xi=2.56628798758, logdetD=-26.1643092760234, t=38.8424
# xi=3.47082050925, logdetD=-25.863979679081, t=37.1358
# xi=1.69068860264, logdetD=-26.3037556836029, t=40.0322
# xi=3.43157511088, logdetD=-25.8788980243373, t=37.3972
# xi=1.72751459088, logdetD=-26.3030819728814, t=40.066
# xi=3.35366702533, logdetD=-25.9081078899201, t=37.6206
# xi=1.80092390529, logdetD=-26.2999508186189, t=40.1202
# xi=3.24000178048, logdetD=-25.9496974097036, t=37.6443
# xi=1.90875713599, logdetD=-26.2914067291054, t=39.8339
# xi=3.09740401724, logdetD=-25.9999916785658, t=37.6615
# xi=2.04528074513, logdetD=-26.2746572941616, t=40.0151
# xi=2.93297349007, logdetD=-26.0550751141086, t=37.9458
# xi=2.20444950032, logdetD=-26.2479463669099, t=39.552
# xi=2.75341231018, logdetD=-26.1111503483325, t=38.1842
# xi=2.38043414451, logdetD=-26.210807606787, t=39.0334
# xi=0.828272842552, logdetD=-26.0244034107656, t=40.3836
# xi=1.6758417713, logdetD=-26.3038484453523, t=39.9664
# xi=0.00696763173433, logdetD=-18.7282739554022, t=38.1489
# xi=1.63908632239, logdetD=-26.3036183674456, t=40.2614
# xi=0.0415269225084, logdetD=-21.720148727821, t=38.506
# xi=1.56611621078, logdetD=-26.3011082017955, t=40.1911
# xi=0.110413372672, logdetD=-23.4259285439159, t=39.141
# xi=1.4596434801, logdetD=-26.2920223206504, t=40.1928
# xi=0.211592188403, logdetD=-24.4526621725654, t=39.0463
# xi=1.32604918145, logdetD=-26.2699917272958, t=40.3173
# xi=0.339672736098, logdetD=-25.1063660776952, t=39.6994
# xi=1.17197319526, logdetD=-26.2264416501004, t=40.2427
# xi=0.488972371951, logdetD=-25.5389460228865, t=40.2382
# xi=1.0036858082, logdetD=-26.1497553842998, t=40.3674
# xi=0.654013158107, logdetD=-25.8301210412638, t=40.3213
# xi=1.25234853794, logdetD=-26.251874142285, t=40.4246
# xi=1.67955271188, logdetD=-26.3038350972554, t=40.095
# xi=0.831867897295, logdetD=-26.0275701159283, t=40.416
# xi=1.66116618113, logdetD=-26.3038361541471, t=40.0487
# xi=0.849692304965, logdetD=-26.0428534730783, t=40.3432
# xi=1.62462642273, logdetD=-26.3033429780444, t=40.0323
# xi=0.885186773515, logdetD=-26.0713163971806, t=40.3327
# xi=1.57122124641, logdetD=-26.3013770034305, t=40.2566
# xi=0.937236783473, logdetD=-26.1087005660272, t=40.5914
# xi=1.50406246324, logdetD=-26.2966465665247, t=40.2875
# xi=1.00298401808, logdetD=-26.1493575237248, t=40.4082
# xi=1.42639957741, logdetD=-26.2877250228252, t=40.1841
# xi=1.07942404517, logdetD=-26.1886447583063, t=40.3889
# xi=1.3413179116, logdetD=-26.2731807839485, t=40.2079
# xi=1.16367445738, logdetD=-26.2234448919049, t=40.4156
# xi=0.410875504573, logdetD=-25.3409296754429, t=40.3195
# xi=0.82467827537, logdetD=-26.0212082735766, t=40.4333
# xi=0.00348358328982, logdetD=-17.7913580621265, t=37.8687
# xi=0.806870676029, logdetD=-26.0049443857676, t=40.3271
# xi=0.020755202534, logdetD=-20.4933970563853, t=38.495
# xi=0.771480861701, logdetD=-25.9703607544308, t=40.2672
# xi=0.0551483404609, logdetD=-22.2253110299705, t=38.7294
# xi=0.719755030607, logdetD=-25.9138443271577, t=40.2297
# xi=0.1055820292, logdetD=-23.3510898743325, t=39.078
# xi=0.654705768713, logdetD=-25.8310812166992, t=40.3578
# xi=0.169285387592, logdetD=-24.1149752503925, t=39.0249
# xi=0.579479137485, logdetD=-25.7154343958516, t=40.2563
# xi=0.243346029081, logdetD=-24.6552618606199, t=39.2076
# xi=0.497062497755, logdetD=-25.5567487101844, t=40.161
# xi=0.324970072154, logdetD=-25.0493240029191, t=39.5038
# xi=0.618749277638, logdetD=-25.7787822591778, t=40.3691
# xi=0.826475498022, logdetD=-26.0228094123987, t=40.3998
# xi=0.412644775406, logdetD=-25.3460153281969, t=40.1499
# xi=0.817569598614, logdetD=-26.0148034773777, t=40.358
# xi=0.421415096474, logdetD=-25.3707679915634, t=40.42
# xi=0.799861632873, logdetD=-25.9983393231527, t=40.4878
# xi=0.438870946127, logdetD=-25.417874606261, t=40.1889
# xi=0.773958341875, logdetD=-25.9728843458313, t=40.4041
# xi=0.46444737559, logdetD=-25.4821252373102, t=40.2832
# xi=0.741346996466, logdetD=-25.9383523897065, t=40.4012
# xi=0.496718253607, logdetD=-25.5560002494756, t=40.256
# xi=0.703583382325, logdetD=-25.8945694877962, t=40.1031
# xi=0.534186907094, logdetD=-25.6330280491175, t=40.265
# xi=0.662148686968, logdetD=-25.8412878923032, t=40.2765
# xi=0.575421096326, logdetD=-25.7084813395679, t=40.1953
# xi=0.204632114042, logdetD=-24.4031254697543, t=39.3071
# xi=0.409106352774, logdetD=-25.3358127505148, t=40.1767
# xi=0.00174173350639, logdetD=-17.0253014563186, t=37.6093
# xi=0.400340135305, logdetD=-25.3099816146269, t=39.6309
# xi=0.0103755378185, logdetD=-19.3370919605533, t=38.351
# xi=0.382909836, logdetD=-25.2561431734939, t=39.672
# xi=0.0275596068733, logdetD=-20.990447825785, t=38.8845
# xi=0.357412551525, logdetD=-25.1708529495581, t=39.4771
# xi=0.0527376606107, logdetD=-22.1459748031385, t=38.8721
# xi=0.325312075245, logdetD=-25.0506904605371, t=39.6974
# xi=0.0845056179021, logdetD=-22.9724978047749, t=38.8799
# xi=0.288139653897, logdetD=-24.8897827368201, t=39.7227
# xi=0.121389964591, logdetD=-23.582919822496, t=39.0356
# xi=0.247353142619, logdetD=-24.678437943953, t=39.2486
# xi=0.16198065064, logdetD=-24.0462635713945, t=38.8748
# xi=0.307551212657, logdetD=-24.9770529573775, t=39.5527
# xi=0.409990913795, logdetD=-25.3383751398241, t=40.081
# xi=0.205509809925, logdetD=-24.409486703493, t=39.1454
# xi=0.405607292269, logdetD=-25.3255981614648, t=40.1891
# xi=0.209860133393, logdetD=-24.4405259871253, t=39.3443
# xi=0.396888951633, logdetD=-25.2995891124721, t=39.6955
# xi=0.218516554114, logdetD=-24.4999700156547, t=39.2271
# xi=0.384130434074, logdetD=-25.2600256055347, t=39.7384
# xi=0.231194793885, logdetD=-24.5819001773232, t=38.9645
# xi=0.368058960221, logdetD=-25.2074683242775, t=39.4758
# xi=0.247182647929, logdetD=-24.6774616489979, t=39.2589
# xi=0.349435887396, logdetD=-25.1424143596741, t=39.6912
# xi=0.265733277208, logdetD=-24.7788847763172, t=39.1882
# xi=0.328987017329, logdetD=-25.0652518108475, t=39.7648
# xi=0.286132901974, logdetD=-24.8803179738111, t=39.2874
# xi=0.102115829904, logdetD=-23.2949698253938, t=39.0674
# xi=0.203754447569, logdetD=-24.3967305455698, t=39.1826
# xi=0.000870852219294, logdetD=-16.4274835370019, t=38.1433
# xi=0.199405137979, logdetD=-24.3645294115733, t=39.1824
# xi=0.00518725320098, logdetD=-18.309276176074, t=37.842
# xi=0.190755029989, logdetD=-24.2978340030914, t=39.0343
# xi=0.013776165481, logdetD=-19.797184272335, t=38.2883
# xi=0.178096344578, logdetD=-24.193250363967, t=39.0529
# xi=0.0263555120189, logdetD=-20.9115433304837, t=38.5722
# xi=0.162150591633, logdetD=-24.0479040599305, t=39.0557
# xi=0.0422186231563, logdetD=-21.7496327217555, t=38.4255
# xi=0.143673152083, logdetD=-23.8564517797797, t=39.217
# xi=0.0606244664452, logdetD=-22.3928412701537, t=38.7462
# xi=0.123384133998, logdetD=-23.6096901316162, t=38.9607
# xi=0.0808648151926, logdetD=-22.8965406317469, t=38.6842
#
# ier=0, integral=-25.5785891959514, neval=315, abserr=1.74637e-06, absrel=6.82748e-08
#
# L/R, L, R, T, ldim, F*(L+R)/(ħc)
0.0096747, 9.674700000000001e-07, 0.0001, 0, 1034, -424.854953021635

# finished at Fri Aug  4 20:27:25 CEST 2017
