# starting on alcc119 at Fri Aug  4 15:42:06 CEST 2017

# L      = 6.66176e-06
# R      = 0.0001
# LbyR   = 0.0666176
# T      = 0
# cutoff = 1e-12
# epsrel = 2e-07
# ldim   = 151
# cores  = 8
# alpha  = 0.124913746032317
# omegap = 9
# gamma  = 0.035
# quad   = adaptive Gauss-Kronrod
#
# xi=8.00552406571, logdetD=-1.36376846257185, t=1.33117
# xi=1865.80881683, logdetD=-2.84998425795283e-102, t=0.356004
# xi=0.0343488652153, logdetD=-3.15723478780467, t=0.793296
# xi=306.602283719, logdetD=-6.67900067458709e-17, t=0.566796
# xi=0.20902784803, logdetD=-3.29048160115898, t=0.809221
# xi=110.475845012, logdetD=-3.43767577952406e-06, t=0.878463
# xi=0.580112472186, logdetD=-3.27814478780225, t=0.838216
# xi=53.9402397532, logdetD=-0.0041845552919439, t=1.01443
# xi=1.18813738797, logdetD=-3.13876331338996, t=0.874766
# xi=30.6766561022, logdetD=-0.0777152939935242, t=1.00483
# xi=2.08915911021, logdetD=-2.85985741341083, t=0.874326
# xi=18.9420775041, logdetD=-0.340229625253901, t=0.856617
# xi=3.38338894205, logdetD=-2.45166727244149, t=0.829188
# xi=12.2049582176, logdetD=-0.798321219634043, t=0.814014
# xi=5.2510147453, logdetD=-1.93870783813793, t=0.7997
# xi=24.0165721971, logdetD=-0.179527206166996, t=0.909981
# xi=3739.62315772, logdetD=-1.00236342404501e-204, t=0.329801
# xi=8.07422179614, logdetD=-1.3518439035364, t=0.862869
# xi=621.210091503, logdetD=-4.0990677940725e-34, t=0.456715
# xi=8.42357976177, logdetD=-1.29280552620055, t=0.871331
# xi=228.957214089, logdetD=-1.1660614945312e-12, t=0.618214
# xi=9.16574901008, logdetD=-1.17586225788236, t=0.870853
# xi=115.886003572, logdetD=-1.74149239186314e-06, t=0.87038
# xi=10.3817988416, logdetD=-1.00686986852798, t=0.871941
# xi=69.3588362701, logdetD=-0.000603171743122967, t=1.02372
# xi=12.1838422861, logdetD=-0.800467138751003, t=0.813553
# xi=45.8896790738, logdetD=-0.0115015728940988, t=1.01215
# xi=14.7723019498, logdetD=-0.576352634062983, t=0.826426
# xi=32.415440501, logdetD=-0.0624658224512976, t=1.03973
# xi=18.5075535563, logdetD=-0.359407121199758, t=0.855247
# xi=2.6685080219, logdetD=-2.67378542556059, t=0.857458
# xi=7.93741083473, logdetD=-1.37569591052059, t=0.860471
# xi=0.0171376667819, logdetD=-3.07213024914715, t=0.794667
# xi=7.60821614791, logdetD=-1.43483446197646, t=0.856962
# xi=0.103167054823, logdetD=-3.2535086307735, t=0.805551
# xi=6.99216348781, logdetD=-1.55242684796227, t=0.831748
# xi=0.279914375363, logdetD=-3.29802249023521, t=0.815258
# xi=6.17315135308, logdetD=-1.72370791250811, t=0.794178
# xi=0.553029818884, logdetD=-3.28203176128137, t=0.835349
# xi=5.26011532828, logdetD=-1.93646536684083, t=0.801266
# xi=0.924012267408, logdetD=-3.2085996972045, t=0.864369
# xi=4.33841765382, logdetD=-2.17624866827149, t=0.801023
# xi=1.39657580659, logdetD=-3.07796336723695, t=0.881779
# xi=3.46282480673, logdetD=-2.42775769142779, t=0.82946
# xi=1.97709531557, logdetD=-2.89592397350591, t=0.879086
# xi=4.80331443943, logdetD=-2.0520870927281, t=0.797408
# xi=7.97139485501, logdetD=-1.36973185678477, t=0.862972
# xi=2.68373064098, logdetD=-2.66894491475252, t=0.859257
# xi=7.80437438131, logdetD=-1.39929515977341, t=0.862542
# xi=2.75981982607, logdetD=-2.64480923137, t=0.850159
# xi=7.48228554505, logdetD=-1.45812539554222, t=0.852742
# xi=2.91445428376, logdetD=-2.59609371775547, t=0.845935
# xi=7.03372955266, logdetD=-1.54419872527824, t=0.832225
# xi=3.14902520963, logdetD=-2.523177829177, t=0.837766
# xi=6.50409493726, logdetD=-1.65235900688004, t=0.800652
# xi=3.45942265389, logdetD=-2.42877819050658, t=0.830155
# xi=5.93484029639, logdetD=-1.77694768666828, t=0.792742
# xi=3.84168774526, logdetD=-2.31615883222634, t=0.816004
# xi=5.35869100486, logdetD=-1.91233259737246, t=0.798837
# xi=4.29225571571, logdetD=-2.188936627813, t=0.804052
# xi=1.1436462951, logdetD=-3.15118935037073, t=0.875853
# xi=2.65332869838, logdetD=-2.67861591835136, t=0.857133
# xi=0.00855967141756, logdetD=-2.96727501294406, t=0.803033
# xi=2.57873220558, logdetD=-2.70240619597817, t=0.861941
# xi=0.0512532773472, logdetD=-3.19750413539016, t=0.802159
# xi=2.43339643175, logdetD=-2.74896928778894, t=0.867191
# xi=0.137552417015, logdetD=-3.27120372144283, t=0.806441
# xi=2.22768064058, logdetD=-2.81519784869278, t=0.868891
# xi=0.267282823554, logdetD=-3.29723502827673, t=0.813733
# xi=1.97967449824, logdetD=-2.89509516763151, t=0.877142
# xi=0.436798114063, logdetD=-3.29483703151004, t=0.827368
# xi=1.70674293376, logdetD=-2.98215200752229, t=0.881019
# xi=0.642265783605, logdetD=-3.26815213716178, t=0.842707
# xi=1.4235343639, logdetD=-3.06984450940755, t=0.877352
# xi=0.879895369728, logdetD=-3.21916074793726, t=0.861862
# xi=56.03866846, logdetD=-0.00321499219210274, t=1.01742
# xi=7487.2518395, logdetD=0, t=0.137268
# xi=24.153967658, logdetD=-0.176450236672006, t=0.909078
# xi=1250.42570707, logdetD=-1.40671678956183e-68, t=0.340546
# xi=24.8526835893, logdetD=-0.161601836112098, t=0.919062
# xi=465.919952245, logdetD=-1.29650194679598e-25, t=0.473111
# xi=26.3370220859, logdetD=-0.13408307015062, t=0.935915
# xi=239.77753121, logdetD=-2.99023857731324e-13, t=0.611108
# xi=28.769121749, logdetD=-0.0987645725973122, t=0.963594
# xi=146.723196606, logdetD=-3.60877767838572e-08, t=0.748253
# xi=32.373208638, logdetD=-0.0627980760918213, t=1.03525
# xi=99.7848822133, logdetD=-1.31783648465501e-05, t=0.938261
# xi=37.5501279653, logdetD=-0.0327774466470832, t=1.05878
# xi=72.8364050677, logdetD=-0.000389651799737411, t=1.00519
# xi=45.0206311784, logdetD=-0.0128278585139346, t=1.04901
# xi=13.3425401095, logdetD=-0.690912668288995, t=0.809354
# xi=23.8803457352, logdetD=-0.182631126039009, t=0.905611
# xi=8.03979939928, logdetD=-1.35780579049803, t=0.8649
# xi=23.2219563615, logdetD=-0.198408425093563, t=0.896602
# xi=8.21185817536, logdetD=-1.32826741906839, t=0.91262
# xi=21.9898510413, logdetD=-0.231702149379926, t=0.88698
# xi=8.56535281644, logdetD=-1.26959400254664, t=0.874959
# xi=20.3518267719, logdetD=-0.28481333227342, t=0.860572
# xi=9.11158370348, logdetD=-1.18402379943554, t=0.870133
# xi=18.5257547223, logdetD=-0.358582410875462, t=0.858121
# xi=9.85354860053, logdetD=-1.07703590173436, t=0.874592
# xi=16.6823593734, logdetD=-0.452598356694552, t=0.852194
# xi=10.7986756789, logdetD=-0.954775253948198, t=0.852039
# xi=14.9311736792, logdetD=-0.564869593599334, t=0.827688
# xi=11.9597146969, logdetD=-0.82360713800694, t=0.815568
# xi=1.84742863055, logdetD=-2.93747035542309, t=0.885674
# xi=2.66091295975, logdetD=-2.67620192772401, t=0.861631
# xi=1.14923372423, logdetD=-3.1496413871482, t=0.874895
# xi=2.62343054775, logdetD=-2.68814098510888, t=0.861059
# xi=1.17702623473, logdetD=-3.14188761314226, t=0.87911
# xi=2.54964313802, logdetD=-2.71170495747815, t=0.862059
# xi=1.23281978968, logdetD=-3.12606621858607, t=0.878093
# xi=2.44344692656, logdetD=-2.7457416052003, t=0.865878
# xi=1.31573593955, logdetD=-3.10199100714114, t=0.87807
# xi=2.31260749208, logdetD=-2.78782671907848, t=0.87485
# xi=1.42238426664, logdetD=-3.07019187401718, t=0.880346
# xi=2.16493886657, logdetD=-2.83542888646021, t=0.871546
# xi=1.54914284302, logdetD=-3.03142807790177, t=0.878959
# xi=2.00747091607, logdetD=-2.88615844083309, t=0.876903
# xi=1.69242191749, logdetD=-2.98666870935938, t=0.882995
# xi=0.533701604381, logdetD=-3.28461571840076, t=0.834585
# xi=1.13806568217, logdetD=-3.15273169839629, t=0.872924
# xi=0.00427754888704, logdetD=-2.8437923457928, t=0.803755
# xi=1.1105081586, logdetD=-3.16029187261922, t=0.87235
# xi=0.025544866505, logdetD=-3.12339465661912, t=0.794367
# xi=1.05617784418, logdetD=-3.17490699168116, t=0.871519
# xi=0.068190378566, logdetD=-3.2225388902506, t=0.801735
# xi=0.977795722597, logdetD=-3.19523616581768, t=0.868337
# xi=0.131447080308, logdetD=-3.2686310490491, t=0.806675
# xi=0.880916912797, logdetD=-3.21892056171035, t=0.862321
# xi=0.212599130719, logdetD=-3.29107127885781, t=0.813835
# xi=0.771166765651, logdetD=-3.24341113119351, t=0.855552
# xi=0.308747809203, logdetD=-3.29910353341212, t=0.81687
# xi=0.653651362836, logdetD=-3.26617259646588, t=0.845425
# xi=0.417029608629, logdetD=-3.29627952608792, t=0.826598
# xi=120.082860986, logdetD=-1.02755991982681e-06, t=0.875695
# xi=14982.5092031, logdetD=0, t=0.110463
# xi=56.3134593817, logdetD=-0.00310591558922378, t=1.01223
# xi=2508.85693821, logdetD=-1.87234409955296e-137, t=0.312477
# xi=57.7108912442, logdetD=-0.00260589001044804, t=1.01848
# xi=939.845428555, logdetD=-1.44705561124436e-51, t=0.391595
# xi=60.6795682375, logdetD=-0.00179472926113394, t=1.02675
# xi=487.560586486, logdetD=-8.48479664168119e-27, t=0.46697
# xi=65.5437675637, logdetD=-0.00097411136900196, t=1.03296
# xi=301.451917277, logdetD=-1.27693252226719e-16, t=0.566678
# xi=72.7519413417, logdetD=-0.000393809183823635, t=1.00677
# xi=207.575288492, logdetD=-1.71598528115441e-11, t=0.634642
# xi=83.1057799964, logdetD=-0.000107210903330666, t=0.976981
# xi=153.678334201, logdetD=-1.50526908280999e-08, t=0.678076
# xi=98.0467864224, logdetD=-1.63959408600754e-05, t=0.938696
# xi=34.6906042848, logdetD=-0.0469392698950207, t=1.06569
# xi=55.766215536, logdetD=-0.00332692155148322, t=1.01563
# xi=24.0851228643, logdetD=-0.177985346249258, t=0.908292
# xi=54.4494367888, logdetD=-0.00392530226521691, t=1.01293
# xi=24.4292404164, logdetD=-0.170443710883495, t=0.914322
# xi=51.9852261484, logdetD=-0.0053492184803079, t=1.05209
# xi=25.1362296986, logdetD=-0.155939680665796, t=0.92508
# xi=48.7091776095, logdetD=-0.00807197438127197, t=1.01101
# xi=26.2286914727, logdetD=-0.135921966098216, t=0.936012
# xi=45.0570335103, logdetD=-0.0127693511676757, t=1.0176
# xi=27.7126212668, logdetD=-0.112789591368264, t=0.951372
# xi=41.3702428124, logdetD=-0.0202878894614226, t=1.06358
# xi=29.6028754235, logdetD=-0.0889404577956565, t=0.985246
# xi=37.8678714241, logdetD=-0.0314953126165877, t=1.06212
# xi=31.9249534594, logdetD=-0.0664355554959073, t=1.0359
# xi=0.82815766197, logdetD=-3.23103674765076, t=0.860477
# xi=1.14085513739, logdetD=-3.15196122786873, t=0.873505
# xi=0.536134447781, logdetD=-3.28429952941966, t=0.835209
# xi=1.12704716597, logdetD=-3.15576585000031, t=0.87592
# xi=0.548212187554, logdetD=-3.28269105436303, t=0.835692
# xi=1.09970201024, logdetD=-3.16323022611246, t=0.87146
# xi=0.572340761372, logdetD=-3.27929094323393, t=0.838122
# xi=1.05996252471, logdetD=-3.17390203268589, t=0.876774
# xi=0.607911755872, logdetD=-3.27385168509534, t=0.842992
# xi=1.01036798076, logdetD=-3.18690412175196, t=0.870099
# xi=0.653166354009, logdetD=-3.26625780934263, t=0.843416
# xi=0.953536674463, logdetD=-3.20132696100412, t=0.865304
# xi=0.706239489595, logdetD=-3.25648704969437, t=0.848192
# xi=0.891907747105, logdetD=-3.21632302721761, t=0.862705
# xi=0.76531461642, logdetD=-3.24463634028449, t=0.85329
# xi=0.258242711797, logdetD=-3.29654090293673, t=0.810438
# xi=0.531270146435, logdetD=-3.28492907048468, t=0.831769
# xi=0.00213820319618, logdetD=-2.70589444952808, t=0.810715
# xi=0.519240169424, logdetD=-3.2864397308561, t=0.833723
# xi=0.0127520879022, logdetD=-3.02990974349682, t=0.7966
# xi=0.495408988041, logdetD=-3.28923017665355, t=0.831647
# xi=0.0339505951305, logdetD=-3.15596817407141, t=0.789731
# xi=0.460759263895, logdetD=-3.29277384523459, t=0.826788
# xi=0.0651883584891, logdetD=-3.21879137799238, t=0.786407
# xi=0.417488523498, logdetD=-3.29624883637317, t=0.826263
# xi=0.104906586652, logdetD=-3.2546254962115, t=0.80679
# xi=0.367865275171, logdetD=-3.29872809588844, t=0.820672
# xi=0.151453365336, logdetD=-3.27636977095321, t=0.80783
# xi=0.314006365226, logdetD=-3.2992027862698, t=0.817093
# xi=0.203221619767, logdetD=-3.28946422549058, t=0.812032
# xi=0.393714298314, logdetD=-3.29765439086041, t=0.824015
# xi=0.5324857023, logdetD=-3.2847727498689, t=0.835024
# xi=0.259381752974, logdetD=-3.29663464193323, t=0.812486
# xi=0.526464758995, logdetD=-3.28554047932253, t=0.831968
# xi=0.265031515662, logdetD=-3.29707269368756, t=0.812771
# xi=0.514512270659, logdetD=-3.28701503329144, t=0.832724
# xi=0.276293812355, logdetD=-3.29781766570081, t=0.81518
# xi=0.497073997037, logdetD=-3.28904423543116, t=0.832106
# xi=0.292837351102, logdetD=-3.29862390186694, t=0.818789
# xi=0.475196959634, logdetD=-3.29137454721252, t=0.828576
# xi=0.31378250505, logdetD=-3.29919913825394, t=0.819227
# xi=0.449970387268, logdetD=-3.2937439498075, t=0.828004
# xi=0.338201827849, logdetD=-3.29930952238881, t=0.819036
# xi=0.422422503209, logdetD=-3.29591033717046, t=0.823747
# xi=0.365201007613, logdetD=-3.29880990926679, t=0.819136
# xi=0.127071810567, logdetD=-3.26665757768937, t=0.804454
# xi=0.257103984535, logdetD=-3.29644533648032, t=0.811792
# xi=0.00106895884346, logdetD=-2.56097142582581, t=0.810295
# xi=0.251465043837, logdetD=-3.29594426482646, t=0.815604
# xi=0.00637096975696, logdetD=-2.91682413902618, t=0.804149
# xi=0.240270128679, logdetD=-3.29480605631519, t=0.813444
# xi=0.0169393784939, logdetD=-3.07053665876161, t=0.795046
# xi=0.223935314874, logdetD=-3.29277226041891, t=0.813179
# xi=0.0324620114301, logdetD=-3.1510487626348, t=0.808959
# xi=0.203439569343, logdetD=-3.2895037663637, t=0.808849
# xi=0.0521118493311, logdetD=-3.19904379283901, t=0.786806
# xi=0.179801568042, logdetD=-3.28453604356559, t=0.808941
# xi=0.0750170733952, logdetD=-3.23023481743765, t=0.78573
# xi=0.153983284657, logdetD=-3.27721786109494, t=0.806518
# xi=0.10033727036, logdetD=-3.25162748013619, t=0.811591
# xi=0.192132577577, logdetD=-3.28730524860857, t=0.807948
# xi=0.257673308935, logdetD=-3.29649334898126, t=0.812922
# xi=0.127623356014, logdetD=-3.26691266531174, t=0.804811
# xi=0.254852487542, logdetD=-3.2962508690905, t=0.812549
# xi=0.13035793771, logdetD=-3.26815033503848, t=0.805558
# xi=0.249246637611, logdetD=-3.29573416741163, t=0.812852
# xi=0.135803421556, logdetD=-3.27048726723303, t=0.805082
# xi=0.241053332097, logdetD=-3.29489214668769, t=0.814473
# xi=0.143788820407, logdetD=-3.27363272166403, t=0.805569
# xi=0.230749978257, logdetD=-3.29367757191289, t=0.810815
# xi=0.15387561755, logdetD=-3.27718230156032, t=0.806125
# xi=0.218835107928, logdetD=-3.29203818026412, t=0.810698
# xi=0.165602879561, logdetD=-3.28079432591462, t=0.807719
# xi=0.205782064576, logdetD=-3.28992202177389, t=0.809563
# xi=0.1785283938, logdetD=-3.28422597052328, t=0.810953
# xi=0.0630356225647, logdetD=-3.2159476900501, t=0.785423
# xi=0.12652033992, logdetD=-3.26640065151787, t=0.804391
# xi=0.000534443740222, logdetD=-2.41846818529426, t=0.81178
# xi=0.123788336921, logdetD=-3.26509957347585, t=0.804232
# xi=0.00318421784366, logdetD=-2.78649519672061, t=0.807361
# xi=0.118358908898, logdetD=-3.26236671850727, t=0.806888
# xi=0.00846073795023, logdetD=-2.96535247785372, t=0.803599
# xi=0.11042324486, logdetD=-3.25798241903406, t=0.808133
# xi=0.0161981643301, logdetD=-3.06435739614248, t=0.795643
# xi=0.100443529167, logdetD=-3.25169960495795, t=0.8032
# xi=0.0259713944472, logdetD=-3.12538010084767, t=0.794795
# xi=0.0889024236978, logdetD=-3.24310654801336, t=0.80617
# xi=0.0373336163169, logdetD=-3.16612887127229, t=0.788278
# xi=0.0762582428274, logdetD=-3.23152479560652, t=0.790311
# xi=0.0498561987393, logdetD=-3.19491982927536, t=0.791285
# xi=0.0949271628345, logdetD=-3.24779187129189, t=0.806595
# xi=0.126796065894, logdetD=-3.26652934551106, t=0.808592
# xi=0.0633070602318, logdetD=-3.21631387203412, t=0.801598
# xi=0.125429742258, logdetD=-3.26588696367289, t=0.804552
# xi=0.0646525837357, logdetD=-3.21809636134214, t=0.783372
# xi=0.122713024828, logdetD=-3.26457423470231, t=0.806395
# xi=0.0673306220661, logdetD=-3.22149029633711, t=0.785268
# xi=0.118738998495, logdetD=-3.26256471764143, t=0.803612
# xi=0.0712545020158, logdetD=-3.22612571390192, t=0.784561
# xi=0.113735837105, logdetD=-3.25987258752898, t=0.804514
# xi=0.0762054296419, logdetD=-3.23147053414099, t=0.78616
# xi=0.107942225899, logdetD=-3.25650634635665, t=0.802082
# xi=0.0819537886288, logdetD=-3.23707030986702, t=0.802301
# xi=0.10158540543, logdetD=-3.25246725956614, t=0.806604
# xi=0.0882798478858, logdetD=-3.24259494675578, t=0.805045
# xi=0.0313942120224, logdetD=-3.14732705559606, t=0.796247
# xi=0.0627642031594, logdetD=-3.2155792678377, t=0.784965
# xi=0.000267212950626, logdetD=-2.28782169982181, t=0.807377
# xi=0.0614193092207, logdetD=-3.21371951604828, t=0.788232
# xi=0.00159179235207, logdetD=-2.64454528847245, t=0.809444
# xi=0.0587451907688, logdetD=-3.20984311076979, t=0.786133
# xi=0.00422813469667, logdetD=-2.84158421206951, t=0.807025
# xi=0.0548334530705, logdetD=-3.2036975835012, t=0.784969
# xi=0.0080908967125, logdetD=-2.95791140408595, t=0.802926
# xi=0.0499086681066, logdetD=-3.19501871447156, t=0.804405
# xi=0.0129646673393, logdetD=-3.03236703626569, t=0.799146
# xi=0.0442057564075, logdetD=-3.18333557498079, t=0.804377
# xi=0.0186233832534, logdetD=-3.08335092533471, t=0.793535
# xi=0.0379483789244, logdetD=-3.16784038758687, t=0.7894
# xi=0.0248507176575, logdetD=-3.12006676367093, t=0.79572
# xi=0.0471838353578, logdetD=-3.18968234641559, t=0.787924
# xi=0.0628999105794, logdetD=-3.21576376036113, t=0.784282
# xi=0.0315288662079, logdetD=-3.14780577650777, t=0.793212
# xi=0.0622273849386, logdetD=-3.21484383705082, t=0.801817
# xi=0.0321962833333, logdetD=-3.15013828095051, t=0.807946
# xi=0.0608898361591, logdetD=-3.21297130773229, t=0.787275
# xi=0.0335243324948, logdetD=-3.15458991285297, t=0.790053
# xi=0.0589324522596, logdetD=-3.21012268986437, t=0.802948
# xi=0.0354694003514, logdetD=-3.16069350510254, t=0.790499
# xi=0.056466801841, logdetD=-3.20633690878908, t=0.784173
# xi=0.0379222220015, logdetD=-3.16776834253641, t=0.790099
# xi=0.0536096906807, logdetD=-3.20164622923436, t=0.786917
# xi=0.0407682190311, logdetD=-3.17522896148627, t=0.80484
# xi=0.0504724696951, logdetD=-3.1960721612557, t=0.785103
# xi=0.0438978849102, logdetD=-3.18264560826899, t=0.783924
# xi=0.0156663876041, logdetD=-3.05969311354143, t=0.798795
# xi=0.0312595623489, logdetD=-3.14684555927251, t=0.793281
# xi=0.000133604245554, logdetD=-2.17632029582874, t=0.808649
# xi=0.0305923007703, logdetD=-3.14441733581693, t=0.79493
# xi=0.000795817057199, logdetD=-2.49944518648321, t=0.807242
# xi=0.0292652200943, logdetD=-3.13936803448729, t=0.793295
# xi=0.00211350922112, logdetD=-2.70349976884748, t=0.809397
# xi=0.027323152225, logdetD=-3.13139436598615, t=0.79302
# xi=0.00404340509383, logdetD=-2.83305632392049, t=0.806831
# xi=0.0248767896335, logdetD=-3.1201939952419, t=0.812129
# xi=0.0064770889597, logdetD=-2.91973310320907, t=0.805131
# xi=0.0220420212122, logdetD=-3.10521760191797, t=0.793381
# xi=0.00930087323894, logdetD=-2.98085306548589, t=0.801846
# xi=0.0189293243686, logdetD=-3.08551640505314, t=0.79239
# xi=0.0124061033391, logdetD=-3.02579635774532, t=0.796491
# xi=0.0235225976466, logdetD=-3.11333965696307, t=0.792014
# xi=0.0313268866217, logdetD=-3.14708665606156, t=0.790861
# xi=0.0157334508807, logdetD=-3.0602925728846, t=0.798956
# xi=0.030993236392, logdetD=-3.14588487013858, t=0.80903
# xi=0.0160658352131, logdetD=-3.06321548810748, t=0.795448
# xi=0.0303295750464, logdetD=-3.14344149348057, t=0.811886
# xi=0.0167271425386, logdetD=-3.0688038137017, t=0.797111
# xi=0.0293581664495, logdetD=-3.13973167906341, t=0.793533
# xi=0.0176954991977, logdetD=-3.07648732425855, t=0.793735
# xi=0.0281341789897, logdetD=-3.13481428138616, t=0.792799
# xi=0.0189163076616, logdetD=-3.08542520939742, t=0.793611
# xi=0.0267153943552, logdetD=-3.12874087229007, t=0.793222
# xi=0.020332338188, logdetD=-3.09488857110327, t=0.792829
# xi=0.0251569313289, logdetD=-3.12154994361521, t=0.811508
# xi=0.0218889290394, logdetD=-3.10433654532802, t=0.793096
# xi=0.00782553672113, logdetD=-2.95230904224007, t=0.802707
# xi=0.015599325449, logdetD=-3.05909032837339, t=0.795218
# xi=6.68015653515e-05, logdetD=-2.08779954635386, t=0.811618
# xi=0.0152669797754, logdetD=-3.05605271376541, t=0.794624
# xi=0.000397888751839, logdetD=-2.36091682727629, t=0.807164
# xi=0.0146059131526, logdetD=-3.04974831033989, t=0.798264
# xi=0.00105661513401, logdetD=-2.5585363264101, t=0.809255
# xi=0.0136383020956, logdetD=-3.0398253995917, t=0.799267
# xi=0.00202119211821, logdetD=-2.69427445316996, t=0.80971
# xi=0.0124190989337, logdetD=-3.02595349634759, t=0.800597
# xi=0.00323723489298, logdetD=-2.78976256687972, t=0.808087
# xi=0.0110058591071, logdetD=-3.00752369185745, t=0.798848
# xi=0.00464773673313, logdetD=-2.85944381307696, t=0.808915
# xi=0.00945348564576, logdetD=-2.98348184806554, t=0.800829
# xi=0.00619824897851, logdetD=-2.9119621619445, t=0.804245
#
# ier=0, integral=-3.66343728104269, neval=345, abserr=7.1762e-07, absrel=1.95887e-07
#
# L/R, L, R, T, ldim, F*(L+R)/(ħc)
0.0666176, 6.66176e-06, 0.0001, 0, 151, -9.335308090660098

# finished at Fri Aug  4 15:46:55 CEST 2017
