# starting on alcc123 at Sa 19. Mai 15:29:48 CEST 2018
# compiler: icc
# compile time: Mar 20 2018 10:17:31
# compiled on: Linux alcc83 3.16.0-4-amd64 #1 SMP Debian 3.16.51-3 (2017-12-13) x86_64 GNU/Linux
# LAPACK support: false
# git HEAD: 6d0c9d2b97f5bf34953fe6036ede8a0e34487fd7
# git branch: master
# pid: 28854
# start time: Sat May 19 15:29:48 2018
#
# LbyR = 0.011434034416826
# RbyL = 87.4581939799331
# L = 5.98e-07
# R = 5.23e-05
# T = 295
# cutoff = 1e-10
# epsrel = 1e-09
# iepsrel = 1e-08
# ldim = 875
# cores = 4
# alpha = 0.0226095504555938
# filename = /alcc/gpfs1/home/u/hartmmic/libcasimir-dev/data/materials/GoldDalvit.dat
# model = optical data (xi=0: Drude)
# plasma = -23.324419964128 (logdetD(xi=0) for plasma model with omegap=9eV)
#
# xi=0, logdetD=-12.6926668155037, t=1.44428
# xi=42.8181019183213, logdetD=-7.83868069509238, t=52.6737
# xi=85.6362038366426, logdetD=-2.71719536574293, t=54.7423
# xi=128.454305754964, logdetD=-0.95877874848878, t=56.1669
# xi=171.272407673285, logdetD=-0.340495058890348, t=57.4132
# xi=214.090509591607, logdetD=-0.1212765702595, t=57.297
# xi=256.908611509928, logdetD=-0.0432755145074915, t=56.9457
# xi=299.726713428249, logdetD=-0.0154762981173027, t=56.5683
# xi=342.54481534657, logdetD=-0.0055393747557605, t=55.5645
# xi=385.362917264892, logdetD=-0.00198555215198478, t=54.2244
# xi=428.181019183213, logdetD=-0.000712154590987746, t=52.6757
# xi=470.999121101534, logdetD=-0.000256144065956128, t=51.3324
# xi=513.817223019856, logdetD=-9.21701973310496e-05, t=48.623
# xi=556.635324938177, logdetD=-3.32263610852956e-05, t=47.0102
# xi=599.453426856498, logdetD=-1.19934536817525e-05, t=44.3597
# xi=642.27152877482, logdetD=-4.33287126391968e-06, t=41.6753
# xi=685.089630693141, logdetD=-1.56841139238333e-06, t=39.0307
# xi=727.907732611462, logdetD=-5.680887540667e-07, t=35.7805
# xi=770.725834529784, logdetD=-2.06054854015547e-07, t=33.3558
# xi=813.543936448105, logdetD=-7.48163934068384e-08, t=29.8347
# xi=856.362038366426, logdetD=-2.71858046781809e-08, t=28.2296
# xi=899.180140284747, logdetD=-9.89234637276288e-09, t=27.8187
#
# 2089 determinants computed
# stop time: Sat May 19 15:46:11 2018
#
# L/R, L, R, T, ldim, F*(L+R)/(ħc)
0.01143403441682601, 5.98e-07, 5.23e-05, 295, 875, -250.6471601018301
# finished at Sa 19. Mai 15:46:12 CEST 2018
