# starting on alcc116 at Sa 19. Mai 15:01:41 CEST 2018
# compiler: icc
# compile time: Mar 20 2018 10:17:31
# compiled on: Linux alcc83 3.16.0-4-amd64 #1 SMP Debian 3.16.51-3 (2017-12-13) x86_64 GNU/Linux
# LAPACK support: false
# git HEAD: 6d0c9d2b97f5bf34953fe6036ede8a0e34487fd7
# git branch: master
# pid: 32552
# start time: Sat May 19 15:01:41 2018
#
# LbyR = 0.0107456978967495
# RbyL = 93.0604982206406
# L = 5.62e-07
# R = 5.23e-05
# T = 295
# cutoff = 1e-10
# epsrel = 1e-09
# iepsrel = 1e-08
# ldim = 931
# cores = 4
# alpha = 0.0212629109757482
# filename = /alcc/gpfs1/home/u/hartmmic/libcasimir-dev/data/materials/GoldDalvit.dat
# model = optical data (xi=0: Drude)
# plasma = -24.8549012401612 (logdetD(xi=0) for plasma model with omegap=9eV)
#
# xi=0, logdetD=-13.530982985219, t=1.57968
# xi=42.7889618436671, logdetD=-8.85573018085398, t=58.4996
# xi=85.5779236873342, logdetD=-3.25139229168396, t=61.7285
# xi=128.366885531001, logdetD=-1.21525525965071, t=62.9159
# xi=171.155847374668, logdetD=-0.457310774425397, t=63.9821
# xi=213.944809218335, logdetD=-0.172635516857604, t=64.3403
# xi=256.733771062002, logdetD=-0.0652979230873541, t=63.6577
# xi=299.52273290567, logdetD=-0.0247542499913139, t=64.0613
# xi=342.311694749337, logdetD=-0.00939238525798984, t=63.1079
# xi=385.100656593004, logdetD=-0.00356886033338661, t=61.4032
# xi=427.889618436671, logdetD=-0.00135691909642249, t=59.9898
# xi=470.678580280338, logdetD=-0.000517360032581596, t=58.159
# xi=513.467542124005, logdetD=-0.000197344837189862, t=56.3035
# xi=556.256503967672, logdetD=-7.54123825101881e-05, t=54.0604
# xi=599.045465811339, logdetD=-2.8855405314459e-05, t=52.4764
# xi=641.834427655006, logdetD=-1.10504663270222e-05, t=49.2782
# xi=684.623389498673, logdetD=-4.24019502982011e-06, t=46.9619
# xi=727.41235134234, logdetD=-1.62803125995407e-06, t=43.9117
# xi=770.201313186007, logdetD=-6.25964975551492e-07, t=40.8733
# xi=812.990275029675, logdetD=-2.4092679988635e-07, t=37.3564
# xi=855.779236873342, logdetD=-9.28009111297801e-08, t=34.3708
# xi=898.568198717009, logdetD=-3.57957996278779e-08, t=31.3378
# xi=941.357160560676, logdetD=-1.38151567162386e-08, t=31.2885
# xi=984.146122404343, logdetD=-5.33764194845253e-09, t=31.2463
#
# 2351 determinants computed
# stop time: Sat May 19 15:21:34 2018
#
# L/R, L, R, T, ldim, F*(L+R)/(ħc)
0.01074569789674952, 5.62e-07, 5.23e-05, 295, 931, -283.6126845797322
# finished at Sa 19. Mai 15:21:35 CEST 2018
