# starting on alcc119 at Sa 19. Mai 14:48:06 CEST 2018
# compiler: icc
# compile time: Mar 20 2018 10:17:31
# compiled on: Linux alcc83 3.16.0-4-amd64 #1 SMP Debian 3.16.51-3 (2017-12-13) x86_64 GNU/Linux
# LAPACK support: false
# git HEAD: 6d0c9d2b97f5bf34953fe6036ede8a0e34487fd7
# git branch: master
# pid: 10406
# start time: Sat May 19 14:48:06 2018
#
# LbyR = 0.0102868068833652
# RbyL = 97.2118959107807
# L = 5.38e-07
# R = 5.23e-05
# T = 295
# cutoff = 1e-10
# epsrel = 1e-09
# iepsrel = 1e-08
# ldim = 973
# cores = 4
# alpha = 0.0203641318747871
# filename = /alcc/gpfs1/home/u/hartmmic/libcasimir-dev/data/materials/GoldDalvit.dat
# model = optical data (xi=0: Drude)
# plasma = -25.9862782442063 (logdetD(xi=0) for plasma model with omegap=9eV)
#
# xi=0, logdetD=-14.152344743076, t=1.69281
# xi=42.7695351272309, logdetD=-9.62777839859471, t=63.8372
# xi=85.5390702544619, logdetD=-3.67310579954772, t=66.2619
# xi=128.308605381693, logdetD=-1.42656476913542, t=68.2485
# xi=171.078140508924, logdetD=-0.557945337728997, t=69.2375
# xi=213.847675636155, logdetD=-0.218946022531779, t=70.0909
# xi=256.617210763386, logdetD=-0.0860936645734818, t=69.6289
# xi=299.386745890617, logdetD=-0.0339315691118385, t=68.6661
# xi=342.156281017847, logdetD=-0.0133850107786919, t=68.4749
# xi=384.925816145078, logdetD=-0.00528764482347313, t=67.0871
# xi=427.695351272309, logdetD=-0.00209014176591162, t=65.561
# xi=470.46488639954, logdetD=-0.000828518177497342, t=64.6561
# xi=513.234421526771, logdetD=-0.00032856455765159, t=62.6214
# xi=556.003956654002, logdetD=-0.000130533456374622, t=59.8794
# xi=598.773491781233, logdetD=-5.19265329301566e-05, t=57.8791
# xi=641.543026908464, logdetD=-2.06740119853108e-05, t=55.4351
# xi=684.312562035695, logdetD=-8.2472890785822e-06, t=52.7522
# xi=727.082097162926, logdetD=-3.29206877186937e-06, t=50.0525
# xi=769.851632290157, logdetD=-1.31594192747282e-06, t=47.0173
# xi=812.621167417388, logdetD=-5.26565348342931e-07, t=43.2606
# xi=855.390702544619, logdetD=-2.10862932256274e-07, t=40.4304
# xi=898.16023767185, logdetD=-8.45592781412411e-08, t=36.1937
# xi=940.929772799081, logdetD=-3.39286698736917e-08, t=34.029
# xi=983.699307926311, logdetD=-1.36283464574258e-08, t=34.0079
#
# 2396 determinants computed
# stop time: Sat May 19 15:10:03 2018
#
# L/R, L, R, T, ldim, F*(L+R)/(ħc)
0.0102868068833652, 5.38e-07, 5.23e-05, 295, 973, -309.3457171940767
# finished at Sa 19. Mai 15:10:03 CEST 2018
