# starting on alcc117 at Do 17. Mai 22:09:25 CEST 2018
# compiler: icc
# compile time: Mar 20 2018 10:17:31
# compiled on: Linux alcc83 3.16.0-4-amd64 #1 SMP Debian 3.16.51-3 (2017-12-13) x86_64 GNU/Linux
# LAPACK support: false
# git HEAD: 6d0c9d2b97f5bf34953fe6036ede8a0e34487fd7
# git branch: master
# pid: 6012
# start time: Thu May 17 22:09:26 2018
#
# LbyR = 0.00279158699808795
# RbyL = 358.219178082192
# L = 1.46e-07
# R = 5.23e-05
# T = 295
# cutoff = 1e-10
# epsrel = 1e-09
# iepsrel = 1e-08
# ldim = 3583
# cores = 14
# alpha = 0.00556763146855814
# filename = /alcc/gpfs1/home/u/hartmmic/libcasimir-dev/data/materials/GoldDalvit.dat
# model = optical data (xi=0: Drude)
# plasma = -92.2719263777388 (logdetD(xi=0) for plasma model with omegap=9eV)
#
# xi=0, logdetD=-53.3066600717996, t=2.93299
# xi=42.4522320921071, logdetD=-66.1851047980156, t=170.981
# xi=84.9044641842141, logdetD=-48.1224077611066, t=174.675
# xi=127.356696276321, logdetD=-35.2025484213125, t=177.427
# xi=169.808928368428, logdetD=-25.8863197761321, t=180.047
# xi=212.261160460535, logdetD=-19.1118311046363, t=182.79
# xi=254.713392552642, logdetD=-14.1546550445678, t=185.188
# xi=297.16562464475, logdetD=-10.5175330981781, t=187.997
# xi=339.617856736857, logdetD=-7.82726483528585, t=190.715
# xi=382.070088828964, logdetD=-5.83633151408577, t=192.336
# xi=424.522320921071, logdetD=-4.35583018746999, t=193.674
# xi=466.974553013178, logdetD=-3.26043913024087, t=194.436
# xi=509.426785105285, logdetD=-2.44180059391551, t=195.647
# xi=551.879017197392, logdetD=-1.83200568997444, t=197.362
# xi=594.331249289499, logdetD=-1.37624756134398, t=199.214
# xi=636.783481381606, logdetD=-1.03470056970806, t=198.884
# xi=679.235713473713, logdetD=-0.779376874208366, t=199.553
# xi=721.68794556582, logdetD=-0.587387728550321, t=197.971
# xi=764.140177657927, logdetD=-0.44327916299003, t=197.149
# xi=806.592409750034, logdetD=-0.334846974962728, t=197.92
# xi=849.044641842141, logdetD=-0.253116528465456, t=199.593
# xi=891.496873934249, logdetD=-0.191591644870976, t=200.33
# xi=933.949106026356, logdetD=-0.145096098341684, t=198.486
# xi=976.401338118463, logdetD=-0.109997345054042, t=200.094
# xi=1018.85357021057, logdetD=-0.0834511027344043, t=199.233
# xi=1061.30580230268, logdetD=-0.063349430614358, t=200.08
# xi=1103.75803439478, logdetD=-0.0481383594684496, t=198.658
# xi=1146.21026648689, logdetD=-0.0365959721122872, t=198.048
# xi=1188.662498579, logdetD=-0.0278441747872287, t=197.194
# xi=1231.11473067111, logdetD=-0.0211978595731867, t=197.35
# xi=1273.56696276321, logdetD=-0.0161462684307382, t=193.626
# xi=1316.01919485532, logdetD=-0.0123081890579885, t=195.531
# xi=1358.47142694743, logdetD=-0.0093860346090147, t=195.182
# xi=1400.92365903953, logdetD=-0.00716252139403804, t=193.532
# xi=1443.37589113164, logdetD=-0.00546836663261639, t=191.189
# xi=1485.82812322375, logdetD=-0.00417677254262265, t=191.816
# xi=1528.28035531585, logdetD=-0.00319226256064449, t=190.607
# xi=1570.73258740796, logdetD=-0.00244061584049203, t=190.278
# xi=1613.18481950007, logdetD=-0.00186702135064388, t=187.499
# xi=1655.63705159218, logdetD=-0.00142879796023328, t=187.437
# xi=1698.08928368428, logdetD=-0.00109385328134987, t=186.023
# xi=1740.54151577639, logdetD=-0.000837862926225637, t=185.238
# xi=1782.9937478685, logdetD=-0.000641964695235119, t=182.382
# xi=1825.4459799606, logdetD=-0.000492110681335996, t=180.9
# xi=1867.89821205271, logdetD=-0.000377362282495918, t=181.977
# xi=1910.35044414482, logdetD=-0.00028946823948496, t=179.532
# xi=1952.80267623693, logdetD=-0.000222142778713249, t=177.082
# xi=1995.25490832903, logdetD=-0.000170518846768913, t=175.621
# xi=2037.70714042114, logdetD=-0.000130947820258568, t=176.014
# xi=2080.15937251325, logdetD=-0.000100588112307341, t=172.678
# xi=2122.61160460535, logdetD=-7.72903820080676e-05, t=169.893
# xi=2165.06383669746, logdetD=-5.94106970097876e-05, t=167.493
# xi=2207.51606878957, logdetD=-4.56772629428222e-05, t=165.605
# xi=2249.96830088168, logdetD=-3.51316866764674e-05, t=165.278
# xi=2292.42053297378, logdetD=-2.70273369490889e-05, t=161.51
# xi=2334.87276506589, logdetD=-2.0798135791203e-05, t=160.497
# xi=2377.324997158, logdetD=-1.60097100299434e-05, t=160.458
# xi=2419.7772292501, logdetD=-1.23261704964332e-05, t=157.274
# xi=2462.22946134221, logdetD=-9.49332429419302e-06, t=153.178
# xi=2504.68169343432, logdetD=-7.31307275319642e-06, t=152.158
# xi=2547.13392552642, logdetD=-5.63491059892463e-06, t=149.806
# xi=2589.58615761853, logdetD=-4.34304130960376e-06, t=149.278
# xi=2632.03838971064, logdetD=-3.34793961160107e-06, t=143.589
# xi=2674.49062180275, logdetD=-2.58399038786681e-06, t=143.213
# xi=2716.94285389485, logdetD=-1.99656973483895e-06, t=140.109
# xi=2759.39508598696, logdetD=-1.54180644573912e-06, t=138.274
# xi=2801.84731807907, logdetD=-1.18991383497103e-06, t=133.642
# xi=2844.29955017117, logdetD=-9.17759985614729e-07, t=131.855
# xi=2886.75178226328, logdetD=-7.07387689750849e-07, t=132.492
# xi=2929.20401435539, logdetD=-5.45245638620639e-07, t=126.136
# xi=2971.6562464475, logdetD=-4.21787426978774e-07, t=124.773
# xi=3014.1084785396, logdetD=-3.26125369292301e-07, t=120.71
# xi=3056.56071063171, logdetD=-2.52032355558649e-07, t=118.37
# xi=3099.01294272382, logdetD=-1.94670223929037e-07, t=115.08
# xi=3141.46517481592, logdetD=-1.50281087717075e-07, t=112.054
# xi=3183.91740690803, logdetD=-1.1594720080991e-07, t=108.901
# xi=3226.36963900014, logdetD=-8.9742815911088e-08, t=106.983
# xi=3268.82187109224, logdetD=-6.94653136288049e-08, t=106.54
# xi=3311.27410318435, logdetD=-5.37462928964098e-08, t=106.783
# xi=3353.72633527646, logdetD=-4.1565597474021e-08, t=106.562
#
# 15849 determinants computed
# stop time: Fri May 18 01:53:34 2018
#
# L/R, L, R, T, ldim, F*(L+R)/(ħc)
0.002791586998087954, 1.46e-07, 5.23e-05, 295, 3583, -3742.981734346813
# finished at Fr 18. Mai 01:53:35 CEST 2018
