# starting on alcc116 at Sa 19. Mai 16:49:36 CEST 2018
# compiler: icc
# compile time: Mar 20 2018 10:17:31
# compiled on: Linux alcc83 3.16.0-4-amd64 #1 SMP Debian 3.16.51-3 (2017-12-13) x86_64 GNU/Linux
# LAPACK support: false
# git HEAD: 6d0c9d2b97f5bf34953fe6036ede8a0e34487fd7
# git branch: master
# pid: 30520
# start time: Sat May 19 16:49:37 2018
#
# LbyR = 0.0150286806883365
# RbyL = 66.5394402035623
# L = 7.86e-07
# R = 5.23e-05
# T = 295
# cutoff = 1e-10
# epsrel = 1e-09
# iepsrel = 1e-08
# ldim = 666
# cores = 4
# alpha = 0.0296123271672381
# filename = /alcc/gpfs1/home/u/hartmmic/libcasimir-dev/data/materials/GoldDalvit.dat
# model = optical data (xi=0: Drude)
# plasma = -17.5753572978503 (logdetD(xi=0) for plasma model with omegap=9eV)
#
# xi=0, logdetD=-9.56523532947983, t=1.01266
# xi=42.9702778637379, logdetD=-4.36480987416687, t=32.2903
# xi=85.9405557274757, logdetD=-1.12125922064123, t=33.6596
# xi=128.910833591214, logdetD=-0.292732105324664, t=33.9955
# xi=171.881111454951, logdetD=-0.0767766681665844, t=34.4749
# xi=214.851389318689, logdetD=-0.0201766912494357, t=33.3731
# xi=257.821667182427, logdetD=-0.00531011410644263, t=33.3825
# xi=300.791945046165, logdetD=-0.00140044028057854, t=32.6065
# xi=343.762222909903, logdetD=-0.00036964646251149, t=30.7015
# xi=386.732500773641, logdetD=-9.77107604820562e-05, t=29.3909
# xi=429.702778637379, logdetD=-2.58452501651456e-05, t=27.5611
# xi=472.673056501116, logdetD=-6.85560986662638e-06, t=26.0584
# xi=515.643334364854, logdetD=-1.81934366322951e-06, t=24.1405
# xi=558.613612228592, logdetD=-4.83698271434813e-07, t=21.5067
# xi=601.58389009233, logdetD=-1.28767404022619e-07, t=19.0034
# xi=644.554167956068, logdetD=-3.43089030254611e-08, t=16.5539
# xi=687.524445819806, logdetD=-9.15921186692349e-09, t=16.407
#
# 1416 determinants computed
# stop time: Sat May 19 16:57:04 2018
#
# L/R, L, R, T, ldim, F*(L+R)/(ħc)
0.01502868068833652, 7.86e-07, 5.23e-05, 295, 666, -145.8824281098025
# finished at Sa 19. Mai 16:57:04 CEST 2018
