# starting on alcc118 at Mo 19. Feb 11:53:28 CET 2018
# compiler: icc
# compile time: Feb  1 2018 09:49:34
# compiled on: Linux alcc83 3.16.0-4-amd64 #1 SMP Debian 3.16.51-3 (2017-12-13) x86_64 GNU/Linux
# LAPACK support: false
# git HEAD: b96c9c30c7b1cdd2d059ceccd0396c6d55d3da95
# git branch: dev
#
# LbyR = 0.013875
# L = 5.2725e-07
# R = 3.8e-05
# T = 300
# cutoff = 5e-08
# epsrel = 1e-07
# iepsrel = 2e-07
# ldim = 577
# cores = 4
# alpha = 0.027370237948465
# filename = /alcc/gpfs1/home/u/hartmmic/libcasimir-dev/data/materials/GoldDalvit.dat
# model = optical data (xi=0: Drude)
# plasma = -18.8973612273429 (logdetD(xi=0) for plasma model with omegap=1.36734e+16eV)
#
# xi=0, logdetD=-10.391865336726, t=1.77941
# xi=31.7143203735102, logdetD=-7.12860336156814, t=21.147
# xi=63.4286407470205, logdetD=-2.72810399667647, t=22.9732
# xi=95.1429611205307, logdetD=-1.06202677152475, t=23.288
# xi=126.857281494041, logdetD=-0.416268790993867, t=23.2939
# xi=158.571601867551, logdetD=-0.163701648421942, t=23.554
# xi=190.285922241061, logdetD=-0.0645085738221444, t=23.4641
# xi=222.000242614572, logdetD=-0.0254897303975198, t=23.5522
# xi=253.714562988082, logdetD=-0.0100652437593312, t=22.9447
# xi=285.428883361592, logdetD=-0.00398811285650494, t=22.0374
# xi=317.143203735102, logdetD=-0.00158071787512455, t=21.7402
# xi=348.857524108613, logdetD=-0.000627489272287778, t=21.0914
# xi=380.571844482123, logdetD=-0.000249574085226051, t=20.1227
# xi=412.286164855633, logdetD=-9.93356355693473e-05, t=19.5402
# xi=444.000485229143, logdetD=-3.96123440034865e-05, t=18.3496
# xi=475.714805602653, logdetD=-1.58143836880068e-05, t=17.3738
# xi=507.429125976164, logdetD=-6.31863376405773e-06, t=16.0421
# xi=539.143446349674, logdetD=-2.52939637467811e-06, t=14.8744
# xi=570.857766723184, logdetD=-1.01319740480373e-06, t=13.4472
#
# 1171 determinants computed
#
# L/R, L, R, T, ldim, F*(L+R)/(ħc)
0.013875, 5.2725e-07, 3.8e-05, 300, 577, -169.6089302844936
# finished at Mo 19. Feb 11:59:39 CET 2018
