# starting on alcc121 at Di 20. Feb 19:49:08 CET 2018
# compiler: icc
# compile time: Feb  1 2018 09:49:34
# compiled on: Linux alcc83 3.16.0-4-amd64 #1 SMP Debian 3.16.51-3 (2017-12-13) x86_64 GNU/Linux
# LAPACK support: false
# git HEAD: b96c9c30c7b1cdd2d059ceccd0396c6d55d3da95
# git branch: dev
#
# LbyR = 0.026125
# L = 9.9275e-07
# R = 3.8e-05
# T = 300
# cutoff = 5e-08
# epsrel = 1e-07
# iepsrel = 2e-07
# ldim = 307
# cores = 4
# alpha = 0.0509197222560604
# filename = /alcc/gpfs1/home/u/hartmmic/libcasimir-dev/data/materials/GoldDalvit.dat
# model = optical data (xi=0: Drude)
# plasma = -9.69353251536003 (logdetD(xi=0) for plasma model with omegap=1.36734e+16eV)
#
# xi=0, logdetD=-5.35307571510433, t=0.763272
# xi=32.0975041235539, logdetD=-1.72820030693793, t=6.81064
# xi=64.1950082471078, logdetD=-0.310940315027526, t=6.8001
# xi=96.2925123706616, logdetD=-0.0566246053427147, t=6.94179
# xi=128.390016494216, logdetD=-0.010338964829931, t=6.69504
# xi=160.487520617769, logdetD=-0.00189035101920487, t=6.31507
# xi=192.585024741323, logdetD=-0.000346068513567497, t=5.96017
# xi=224.682528864877, logdetD=-6.35106504441198e-05, t=5.46384
# xi=256.780032988431, logdetD=-1.16465138581443e-05, t=4.88889
# xi=288.877537111985, logdetD=-2.14286345115561e-06, t=4.26626
# xi=320.975041235539, logdetD=-3.94357483088276e-07, t=3.58929
#
# 491 determinants computed
#
# L/R, L, R, T, ldim, F*(L+R)/(ħc)
0.026125, 9.927499999999999e-07, 3.8e-05, 300, 307, -48.88767167727631
# finished at Di 20. Feb 19:50:06 CET 2018
