# starting on alcc114 at Mo 19. Feb 08:16:46 CET 2018
# compiler: icc
# compile time: Feb  1 2018 09:49:34
# compiled on: Linux alcc83 3.16.0-4-amd64 #1 SMP Debian 3.16.51-3 (2017-12-13) x86_64 GNU/Linux
# LAPACK support: false
# git HEAD: b96c9c30c7b1cdd2d059ceccd0396c6d55d3da95
# git branch: dev
#
# LbyR = 0.004075
# L = 1.5485e-07
# R = 3.8e-05
# T = 300
# cutoff = 5e-08
# epsrel = 1e-07
# iepsrel = 2e-07
# ldim = 1964
# cores = 7
# alpha = 0.0081169235365884
# filename = /alcc/gpfs1/home/u/hartmmic/libcasimir-dev/data/materials/GoldDalvit.dat
# model = optical data (xi=0: Drude)
# plasma = -62.9384097597215 (logdetD(xi=0) for plasma model with omegap=1.36734e+16eV)
#
# xi=0, logdetD=-36.3715708656587, t=10.9018
# xi=31.4077733734753, logdetD=-44.4868013578148, t=97.9067
# xi=62.8155467469506, logdetD=-31.6957768049454, t=101.047
# xi=94.2233201204259, logdetD=-22.7296232740935, t=107.687
# xi=125.631093493901, logdetD=-16.3892372584928, t=111.415
# xi=157.038866867377, logdetD=-11.8668494282703, t=114.399
# xi=188.446640240852, logdetD=-8.61996536603435, t=116.499
# xi=219.854413614327, logdetD=-6.28478047768721, t=122.32
# xi=251.262186987802, logdetD=-4.58232623501696, t=123.129
# xi=282.669960361278, logdetD=-3.35404469393954, t=124.232
# xi=314.077733734753, logdetD=-2.45652936444959, t=123.787
# xi=345.485507108228, logdetD=-1.80222308500958, t=122.635
# xi=376.893280481704, logdetD=-1.32484099525894, t=123.653
# xi=408.301053855179, logdetD=-0.974639981332713, t=124.088
# xi=439.708827228654, logdetD=-0.718346646616297, t=125.869
# xi=471.11660060213, logdetD=-0.530039655246561, t=126.395
# xi=502.524373975605, logdetD=-0.391399365867945, t=124.777
# xi=533.93214734908, logdetD=-0.289556798927182, t=126.369
# xi=565.339920722556, logdetD=-0.214349660079606, t=126.232
# xi=596.747694096031, logdetD=-0.15884016570785, t=125.557
# xi=628.155467469506, logdetD=-0.117847257011825, t=125.278
# xi=659.563240842981, logdetD=-0.0874874689314666, t=126.187
# xi=690.971014216457, logdetD=-0.065023252304642, t=124.547
# xi=722.378787589932, logdetD=-0.0483648391493662, t=125.648
# xi=753.786560963407, logdetD=-0.0359953802652228, t=123.129
# xi=785.194334336883, logdetD=-0.0268202503344465, t=124.422
# xi=816.602107710358, logdetD=-0.0199939092638628, t=123.434
# xi=848.009881083833, logdetD=-0.0149156418383183, t=121.637
# xi=879.417654457309, logdetD=-0.0111361977915867, t=122.34
# xi=910.825427830784, logdetD=-0.00831830632780571, t=120.893
# xi=942.233201204259, logdetD=-0.00621829905133168, t=118.578
# xi=973.640974577735, logdetD=-0.00465105359199608, t=119.975
# xi=1005.04874795121, logdetD=-0.00348035503823471, t=119.356
# xi=1036.45652132469, logdetD=-0.00260638415008868, t=116.783
# xi=1067.86429469816, logdetD=-0.00195263774796119, t=115.658
# xi=1099.27206807164, logdetD=-0.00146362789543658, t=115.168
# xi=1130.67984144511, logdetD=-0.00109772070476806, t=114.46
# xi=1162.08761481859, logdetD=-0.000823585743760162, t=112.958
# xi=1193.49538819206, logdetD=-0.000618262844779358, t=110.832
# xi=1224.90316156554, logdetD=-0.000464322477135154, t=109.222
# xi=1256.31093493901, logdetD=-0.000348831068251325, t=108.986
# xi=1287.71870831249, logdetD=-0.00026221771886688, t=107.429
# xi=1319.12648168596, logdetD=-0.000197170082898735, t=106.261
# xi=1350.53425505944, logdetD=-0.000148317592675113, t=104.594
# xi=1381.94202843291, logdetD=-0.000111618205674843, t=103.173
# xi=1413.34980180639, logdetD=-8.40233943589038e-05, t=101.612
# xi=1444.75757517986, logdetD=-6.32783414365879e-05, t=98.9959
# xi=1476.16534855334, logdetD=-4.76707181831579e-05, t=97.535
# xi=1507.57312192681, logdetD=-3.59225253416103e-05, t=95.2671
# xi=1538.98089530029, logdetD=-2.70816531919628e-05, t=93.4972
# xi=1570.38866867377, logdetD=-2.04215896160912e-05, t=92.8517
# xi=1601.79644204724, logdetD=-1.54042532471645e-05, t=89.9181
# xi=1633.20421542072, logdetD=-1.1623617805554e-05, t=89.1117
# xi=1664.61198879419, logdetD=-8.77285796536004e-06, t=86.4058
# xi=1696.01976216767, logdetD=-6.62355922448196e-06, t=84.2658
# xi=1727.42753554114, logdetD=-5.00213100551148e-06, t=81.766
# xi=1758.83530891462, logdetD=-3.77846389781366e-06, t=79.3091
# xi=1790.24308228809, logdetD=-2.85514896616446e-06, t=77.441
#
# 6783 determinants computed
#
# L/R, L, R, T, ldim, F*(L+R)/(ħc)
0.004075, 1.5485e-07, 3.8e-05, 300, 1964, -1774.705657241319
# finished at Mo 19. Feb 10:02:54 CET 2018
