# starting on alcc118 at Di 13. Feb 14:18:27 CET 2018
# compiler: icc
# compile time: Feb  1 2018 09:49:34
# compiled on: Linux alcc83 3.16.0-4-amd64 #1 SMP Debian 3.16.51-3 (2017-12-13) x86_64 GNU/Linux
# LAPACK support: false
# git HEAD: b96c9c30c7b1cdd2d059ceccd0396c6d55d3da95
# git branch: dev
#
# LbyR = 0.01055
# L = 2.532e-07
# R = 2.4e-05
# T = 300
# cutoff = 5e-08
# epsrel = 1e-07
# iepsrel = 2e-07
# ldim = 759
# cores = 4
# alpha = 0.0208797189649201
# filename = /alcc/gpfs1/home/u/hartmmic/libcasimir-dev/data/materials/GoldDalvit.dat
# model = optical data (xi=0: Drude)
# plasma = -24.3189431776599 (logdetD(xi=0) for plasma model with omegap=1.36734e+16eV)
#
# xi=0, logdetD=-13.7893420360418, t=2.7743
# xi=19.9644084351418, logdetD=-14.7448484303606, t=32.8266
# xi=39.9288168702837, logdetD=-8.88369184308184, t=35.1281
# xi=59.8932253054255, logdetD=-5.40993459939624, t=36.5935
# xi=79.8576337405673, logdetD=-3.31769159614596, t=38.284
# xi=99.8220421757092, logdetD=-2.04404518324423, t=39.2385
# xi=119.786450610851, logdetD=-1.26340806459941, t=38.8864
# xi=139.750859045993, logdetD=-0.783682335853742, t=39.494
# xi=159.715267481135, logdetD=-0.486031223315344, t=39.7109
# xi=179.679675916276, logdetD=-0.302547638910685, t=39.6735
# xi=199.644084351418, logdetD=-0.188419664604722, t=40.2122
# xi=219.60849278656, logdetD=-0.117528680891638, t=39.9011
# xi=239.572901221702, logdetD=-0.0734514727266651, t=39.8251
# xi=259.537309656844, logdetD=-0.0459368372517704, t=39.7369
# xi=279.501718091986, logdetD=-0.0287823356145397, t=39.7261
# xi=299.466126527128, logdetD=-0.0180540563396645, t=39.1577
# xi=319.430534962269, logdetD=-0.0113335075832316, t=39.3055
# xi=339.394943397411, logdetD=-0.00712801678694133, t=38.3616
# xi=359.359351832553, logdetD=-0.00448598077975053, t=38.0402
# xi=379.323760267695, logdetD=-0.00282622721694993, t=37.3864
# xi=399.288168702837, logdetD=-0.00178275742898551, t=37.0335
# xi=419.252577137979, logdetD=-0.00112526722426958, t=35.8743
# xi=439.21698557312, logdetD=-0.00071109693679368, t=36.0768
# xi=459.181394008262, logdetD=-0.000449729167775148, t=35.268
# xi=479.145802443404, logdetD=-0.000284602408866728, t=34.271
# xi=499.110210878546, logdetD=-0.000180316735223218, t=33.6335
# xi=519.074619313688, logdetD=-0.000114303497655504, t=32.8421
# xi=539.03902774883, logdetD=-7.2510270651409e-05, t=31.8889
# xi=559.003436183971, logdetD=-4.6035928861789e-05, t=31.1587
# xi=578.967844619113, logdetD=-2.9241638220736e-05, t=29.9896
# xi=598.932253054255, logdetD=-1.85887393521409e-05, t=29.5298
# xi=618.896661489397, logdetD=-1.18234525064791e-05, t=28.6128
# xi=638.861069924539, logdetD=-7.52372772037377e-06, t=27.3771
# xi=658.825478359681, logdetD=-4.79144827205112e-06, t=26.6408
# xi=678.789886794822, logdetD=-3.05259502692767e-06, t=25.4831
# xi=698.754295229964, logdetD=-1.94579635678373e-06, t=24.6123
# xi=718.718703665106, logdetD=-1.24101584091975e-06, t=23.2818
#
# 2658 determinants computed
#
# L/R, L, R, T, ldim, F*(L+R)/(ħc)
0.01055, 2.532e-07, 2.4e-05, 300, 759, -283.6390323408326
# finished at Di 13. Feb 14:39:25 CET 2018
