# starting on alcc118 at Di 13. Feb 14:39:26 CET 2018
# compiler: icc
# compile time: Feb  1 2018 09:49:34
# compiled on: Linux alcc83 3.16.0-4-amd64 #1 SMP Debian 3.16.51-3 (2017-12-13) x86_64 GNU/Linux
# LAPACK support: false
# git HEAD: b96c9c30c7b1cdd2d059ceccd0396c6d55d3da95
# git branch: dev
#
# LbyR = 0.00845
# L = 2.028e-07
# R = 2.4e-05
# T = 300
# cutoff = 5e-08
# epsrel = 1e-07
# iepsrel = 2e-07
# ldim = 947
# cores = 4
# alpha = 0.0167583915910556
# filename = /alcc/gpfs1/home/u/hartmmic/libcasimir-dev/data/materials/GoldDalvit.dat
# model = optical data (xi=0: Drude)
# plasma = -30.2127421723905 (logdetD(xi=0) for plasma model with omegap=1.36734e+16eV)
#
# xi=0, logdetD=-17.3168265114823, t=3.58664
# xi=19.9229208712273, logdetD=-19.926477518194, t=47.438
# xi=39.8458417424547, logdetD=-13.0811293573321, t=50.7094
# xi=59.768762613682, logdetD=-8.65938802759518, t=52.7582
# xi=79.6916834849093, logdetD=-5.76847877897845, t=54.9786
# xi=99.6146043561367, logdetD=-3.85995429280331, t=56.1891
# xi=119.537525227364, logdetD=-2.59137074384764, t=57.6617
# xi=139.460446098591, logdetD=-1.74613060671365, t=57.7107
# xi=159.383366969819, logdetD=-1.17653819774158, t=58.5108
# xi=179.306287841046, logdetD=-0.795770577868586, t=59.2003
# xi=199.229208712273, logdetD=-0.538527545762905, t=59.8436
# xi=219.152129583501, logdetD=-0.365036766583473, t=59.7194
# xi=239.075050454728, logdetD=-0.247923331601489, t=60.1351
# xi=258.997971325955, logdetD=-0.168503917487444, t=60.2611
# xi=278.920892197183, logdetD=-0.11473804403306, t=60.633
# xi=298.84381306841, logdetD=-0.0782144390310671, t=59.539
# xi=318.766733939637, logdetD=-0.0533585157263288, t=59.9539
# xi=338.689654810865, logdetD=-0.036469379075079, t=59.6373
# xi=358.612575682092, logdetD=-0.0249420424577298, t=59.6366
# xi=378.535496553319, logdetD=-0.0170761626798189, t=58.9162
# xi=398.458417424547, logdetD=-0.0117051639351597, t=58.9261
# xi=418.381338295774, logdetD=-0.00802856201368229, t=57.7998
# xi=438.304259167001, logdetD=-0.00551317828170808, t=57.8878
# xi=458.227180038229, logdetD=-0.00378887994200974, t=56.9024
# xi=478.150100909456, logdetD=-0.00260544063797804, t=56.402
# xi=498.073021780683, logdetD=-0.00179373124338603, t=55.6767
# xi=517.995942651911, logdetD=-0.00123554070274406, t=55.2208
# xi=537.918863523138, logdetD=-0.000851669163076855, t=54.7739
# xi=557.841784394365, logdetD=-0.000587543740241248, t=53.435
# xi=577.764705265593, logdetD=-0.000405523367842646, t=53.0213
# xi=597.68762613682, logdetD=-0.000280113499761193, t=51.987
# xi=617.610547008047, logdetD=-0.000193596758493681, t=51.2575
# xi=637.533467879275, logdetD=-0.000133861846870247, t=50.7862
# xi=657.456388750502, logdetD=-9.26319484704282e-05, t=49.3143
# xi=677.379309621729, logdetD=-6.41260624247635e-05, t=48.6572
# xi=697.302230492957, logdetD=-4.44155909118526e-05, t=46.9513
# xi=717.225151364184, logdetD=-3.07814906625466e-05, t=46.1919
# xi=737.148072235411, logdetD=-2.134027908367e-05, t=45.2849
# xi=757.070993106639, logdetD=-1.48032972776942e-05, t=44.0617
# xi=776.993913977866, logdetD=-1.02730423478257e-05, t=42.2931
# xi=796.916834849093, logdetD=-7.13162069781865e-06, t=41.1441
# xi=816.839755720321, logdetD=-4.95368760420721e-06, t=40.5024
# xi=836.762676591548, logdetD=-3.44191584962662e-06, t=38.9728
# xi=856.685597462775, logdetD=-2.39245400383486e-06, t=37.8862
# xi=876.608518334003, logdetD=-1.66370599244752e-06, t=36.1464
#
# 3599 determinants computed
#
# L/R, L, R, T, ldim, F*(L+R)/(ħc)
0.008449999999999999, 2.028e-07, 2.4e-05, 300, 947, -430.8897386222303
# finished at Di 13. Feb 15:18:16 CET 2018
