# starting on alcc122 at Di 13. Feb 13:21:21 CET 2018
# compiler: icc
# compile time: Feb  1 2018 09:49:34
# compiled on: Linux alcc83 3.16.0-4-amd64 #1 SMP Debian 3.16.51-3 (2017-12-13) x86_64 GNU/Linux
# LAPACK support: false
# git HEAD: b96c9c30c7b1cdd2d059ceccd0396c6d55d3da95
# git branch: dev
#
# LbyR = 0.0179
# L = 4.296e-07
# R = 2.4e-05
# T = 300
# cutoff = 5e-08
# epsrel = 1e-07
# iepsrel = 2e-07
# ldim = 447
# cores = 4
# alpha = 0.0351704489635524
# filename = /alcc/gpfs1/home/u/hartmmic/libcasimir-dev/data/materials/GoldDalvit.dat
# model = optical data (xi=0: Drude)
# plasma = -14.2481445363327 (logdetD(xi=0) for plasma model with omegap=1.36734e+16eV)
#
# xi=0, logdetD=-7.9719672800971, t=1.27456
# xi=20.1096149088426, logdetD=-6.47870363280432, t=13.0257
# xi=40.2192298176852, logdetD=-2.91496643902237, t=14.1165
# xi=60.3288447265277, logdetD=-1.33122599478046, t=14.0967
# xi=80.4384596353703, logdetD=-0.612293389865974, t=14.064
# xi=100.548074544213, logdetD=-0.282698559099622, t=14.3841
# xi=120.657689453055, logdetD=-0.130833459036111, t=14.5044
# xi=140.767304361898, logdetD=-0.0607258441602176, t=14.3527
# xi=160.876919270741, logdetD=-0.0281688818392048, t=14.1432
# xi=180.986534179583, logdetD=-0.0131116112876187, t=13.8843
# xi=201.096149088426, logdetD=-0.00610494795002469, t=13.7711
# xi=221.205763997268, logdetD=-0.00284685077592452, t=13.535
# xi=241.315378906111, logdetD=-0.00133008777488962, t=13.1402
# xi=261.424993814954, logdetD=-0.000621874041560561, t=12.8304
# xi=281.534608723796, logdetD=-0.000291299993407994, t=12.5274
# xi=301.644223632639, logdetD=-0.000136607351059485, t=11.9027
# xi=321.753838541481, logdetD=-6.41149234768702e-05, t=11.3287
# xi=341.863453450324, logdetD=-3.0148890000804e-05, t=10.9165
# xi=361.973068359167, logdetD=-1.41864786356561e-05, t=10.5434
# xi=382.082683268009, logdetD=-6.68258076146762e-06, t=9.84743
# xi=402.192298176852, logdetD=-3.15175495135248e-06, t=9.35191
# xi=422.301913085694, logdetD=-1.48743427468787e-06, t=8.54752
# xi=442.411527994537, logdetD=-7.02797861285806e-07, t=7.84109
#
# 1270 determinants computed
#
# L/R, L, R, T, ldim, F*(L+R)/(ħc)
0.0179, 4.296e-07, 2.4e-05, 300, 447, -101.4583115246285
# finished at Di 13. Feb 13:25:56 CET 2018
