# starting on alcc118 at Di 20. Feb 19:45:10 CET 2018
# compiler: icc
# compile time: Feb  1 2018 09:49:34
# compiled on: Linux alcc83 3.16.0-4-amd64 #1 SMP Debian 3.16.51-3 (2017-12-13) x86_64 GNU/Linux
# LAPACK support: false
# git HEAD: b96c9c30c7b1cdd2d059ceccd0396c6d55d3da95
# git branch: dev
#
# LbyR = 0.02665
# L = 6.396e-07
# R = 2.4e-05
# T = 300
# cutoff = 5e-08
# epsrel = 1e-07
# iepsrel = 2e-07
# ldim = 301
# cores = 4
# alpha = 0.0519164272147275
# filename = /alcc/gpfs1/home/u/hartmmic/libcasimir-dev/data/materials/GoldDalvit.dat
# model = optical data (xi=0: Drude)
# plasma = -9.36984967184615 (logdetD(xi=0) for plasma model with omegap=1.36734e+16eV)
#
# xi=0, logdetD=-5.24107577843064, t=0.737896
# xi=20.2824797584863, logdetD=-3.04879654476457, t=6.58974
# xi=40.5649595169727, logdetD=-0.975111402315925, t=6.52883
# xi=60.847439275459, logdetD=-0.316544114754051, t=6.67165
# xi=81.1299190339453, logdetD=-0.103292784326865, t=6.663
# xi=101.412398792432, logdetD=-0.0337863100044433, t=6.58961
# xi=121.694878550918, logdetD=-0.0110686381923499, t=6.34404
# xi=141.977358309404, logdetD=-0.00363528360420916, t=6.2341
# xi=162.259838067891, logdetD=-0.00119303768953473, t=5.91444
# xi=182.542317826377, logdetD=-0.000392859663799426, t=5.80925
# xi=202.824797584863, logdetD=-0.000129406510477881, t=5.46267
# xi=223.10727734335, logdetD=-4.26907379796186e-05, t=5.11562
# xi=243.389757101836, logdetD=-1.41105983987327e-05, t=4.80035
# xi=263.672236860322, logdetD=-4.66723645897314e-06, t=4.45459
# xi=283.954716618809, logdetD=-1.54661375075764e-06, t=4.01277
# xi=304.237196377295, logdetD=-5.13079514194833e-07, t=3.57675
#
# 725 determinants computed
#
# L/R, L, R, T, ldim, F*(L+R)/(ħc)
0.02665, 6.396e-07, 2.4e-05, 300, 301, -45.93235621915277
# finished at Di 20. Feb 19:46:36 CET 2018
