# starting on alcc122 at Di 13. Feb 13:29:50 CET 2018
# compiler: icc
# compile time: Feb  1 2018 09:49:34
# compiled on: Linux alcc83 3.16.0-4-amd64 #1 SMP Debian 3.16.51-3 (2017-12-13) x86_64 GNU/Linux
# LAPACK support: false
# git HEAD: b96c9c30c7b1cdd2d059ceccd0396c6d55d3da95
# git branch: dev
#
# LbyR = 0.012825
# L = 3.078e-07
# R = 2.4e-05
# T = 300
# cutoff = 5e-08
# epsrel = 1e-07
# iepsrel = 2e-07
# ldim = 624
# cores = 4
# alpha = 0.0253252042554242
# filename = /alcc/gpfs1/home/u/hartmmic/libcasimir-dev/data/materials/GoldDalvit.dat
# model = optical data (xi=0: Drude)
# plasma = -20.0192574666411 (logdetD(xi=0) for plasma model with omegap=1.36734e+16eV)
#
# xi=0, logdetD=-11.2739270728155, t=1.92348
# xi=20.0093532960492, logdetD=-11.0931034733725, t=22.9949
# xi=40.0187065920984, logdetD=-6.09972875620747, t=24.8278
# xi=60.0280598881476, logdetD=-3.39652449029767, t=26.3898
# xi=80.0374131841968, logdetD=-1.90528248075776, t=26.8951
# xi=100.046766480246, logdetD=-1.07361985316864, t=27.0158
# xi=120.056119776295, logdetD=-0.606802831005746, t=27.0678
# xi=140.065473072344, logdetD=-0.344110355967671, t=27.3398
# xi=160.074826368394, logdetD=-0.195077375389809, t=27.4033
# xi=180.084179664443, logdetD=-0.110987108939967, t=27.2451
# xi=200.093532960492, logdetD=-0.0631698373752154, t=27.3598
# xi=220.102886256541, logdetD=-0.036009311033049, t=26.9118
# xi=240.11223955259, logdetD=-0.0205660865306925, t=26.9883
# xi=260.12159284864, logdetD=-0.0117541191828856, t=26.4845
# xi=280.130946144689, logdetD=-0.00673032142231097, t=26.1895
# xi=300.140299440738, logdetD=-0.00385806484286055, t=25.8565
# xi=320.149652736787, logdetD=-0.00221334327218511, t=25.334
# xi=340.159006032837, logdetD=-0.00127218229544331, t=24.8157
# xi=360.168359328886, logdetD=-0.000731709981527894, t=24.7857
# xi=380.177712624935, logdetD=-0.000421302858033232, t=24.0297
# xi=400.187065920984, logdetD=-0.000242878893548297, t=23.4807
# xi=420.196419217033, logdetD=-0.000140109129794675, t=22.8102
# xi=440.205772513083, logdetD=-8.09199844037674e-05, t=22.1213
# xi=460.215125809132, logdetD=-4.67730935975459e-05, t=21.7209
# xi=480.224479105181, logdetD=-2.70522026595937e-05, t=20.9315
# xi=500.23383240123, logdetD=-1.56646245367882e-05, t=20.4727
# xi=520.243185697279, logdetD=-9.07534114136236e-06, t=19.2413
# xi=540.252538993329, logdetD=-5.26164613206246e-06, t=18.2593
# xi=560.261892289378, logdetD=-3.05306740225622e-06, t=17.5727
# xi=580.271245585427, logdetD=-1.77237819189122e-06, t=16.703
# xi=600.280598881476, logdetD=-1.02971601980632e-06, t=15.6859
#
# 2025 determinants computed
#
# L/R, L, R, T, ldim, F*(L+R)/(ħc)
0.012825, 3.078e-07, 2.4e-05, 300, 624, -194.957262083139
# finished at Di 13. Feb 13:41:47 CET 2018
