# starting on alcc116 at Di 20. Feb 19:43:45 CET 2018
# compiler: icc
# compile time: Feb  1 2018 09:49:34
# compiled on: Linux alcc83 3.16.0-4-amd64 #1 SMP Debian 3.16.51-3 (2017-12-13) x86_64 GNU/Linux
# LAPACK support: false
# git HEAD: b96c9c30c7b1cdd2d059ceccd0396c6d55d3da95
# git branch: dev
#
# LbyR = 0.025775
# L = 6.186e-07
# R = 2.4e-05
# T = 300
# cutoff = 5e-08
# epsrel = 1e-07
# iepsrel = 2e-07
# ldim = 311
# cores = 4
# alpha = 0.0502546854817089
# filename = /alcc/gpfs1/home/u/hartmmic/libcasimir-dev/data/materials/GoldDalvit.dat
# model = optical data (xi=0: Drude)
# plasma = -9.7106136551573 (logdetD(xi=0) for plasma model with omegap=1.36734e+16eV)
#
# xi=0, logdetD=-5.43029458046184, t=0.75631
# xi=20.265193273522, logdetD=-3.26637923036089, t=6.82562
# xi=40.5303865470439, logdetD=-1.08085627578401, t=7.07618
# xi=60.7955798205659, logdetD=-0.363071366460434, t=7.00309
# xi=81.0607730940878, logdetD=-0.12262145979989, t=6.9864
# xi=101.32596636761, logdetD=-0.0415173585960912, t=6.98601
# xi=121.591159641132, logdetD=-0.0140798976068219, t=6.91328
# xi=141.856352914654, logdetD=-0.00478705956815045, t=6.75276
# xi=162.121546188176, logdetD=-0.00162634402128934, t=6.36954
# xi=182.386739461698, logdetD=-0.000554400723572999, t=6.19359
# xi=202.65193273522, logdetD=-0.000189047373711802, t=6.00851
# xi=222.917126008742, logdetD=-6.45619738263397e-05, t=5.55359
# xi=243.182319282264, logdetD=-2.2091146888322e-05, t=5.24141
# xi=263.447512555785, logdetD=-7.5642213530015e-06, t=4.79636
# xi=283.712705829307, logdetD=-2.59489900272744e-06, t=4.43917
# xi=303.977899102829, logdetD=-8.91170451975095e-07, t=4.04237
# xi=324.243092376351, logdetD=-3.06292030002736e-07, t=3.65684
#
# 785 determinants computed
#
# L/R, L, R, T, ldim, F*(L+R)/(ħc)
0.025775, 6.186e-07, 2.4e-05, 300, 311, -49.09513697465388
# finished at Di 20. Feb 19:45:21 CET 2018
