# starting on alcc120 at Di 20. Feb 19:40:31 CET 2018
# compiler: icc
# compile time: Feb  1 2018 09:49:34
# compiled on: Linux alcc83 3.16.0-4-amd64 #1 SMP Debian 3.16.51-3 (2017-12-13) x86_64 GNU/Linux
# LAPACK support: false
# git HEAD: b96c9c30c7b1cdd2d059ceccd0396c6d55d3da95
# git branch: dev
#
# LbyR = 0.0207
# L = 4.968e-07
# R = 2.4e-05
# T = 300
# cutoff = 5e-08
# epsrel = 1e-07
# iepsrel = 2e-07
# ldim = 387
# cores = 4
# alpha = 0.0405603997256785
# filename = /alcc/gpfs1/home/u/hartmmic/libcasimir-dev/data/materials/GoldDalvit.dat
# model = optical data (xi=0: Drude)
# plasma = -12.2467471459039 (logdetD(xi=0) for plasma model with omegap=1.36734e+16eV)
#
# xi=0, logdetD=-6.84550355854794, t=1.02965
# xi=20.1649316607286, logdetD=-4.99970587402409, t=10.0594
# xi=40.3298633214572, logdetD=-2.01605769238241, t=10.4735
# xi=60.4947949821858, logdetD=-0.825499869403728, t=10.5122
# xi=80.6597266429143, logdetD=-0.340251243630537, t=10.8768
# xi=100.824658303643, logdetD=-0.140710625317668, t=10.9098
# xi=120.989589964372, logdetD=-0.0583105583974922, t=10.7661
# xi=141.1545216251, logdetD=-0.0242298439286055, t=10.7796
# xi=161.319453285829, logdetD=-0.0100614143390854, t=10.5581
# xi=181.484384946557, logdetD=-0.0041922125196218, t=10.387
# xi=201.649316607286, logdetD=-0.00174728288929276, t=10.0893
# xi=221.814248268014, logdetD=-0.000729358765773402, t=9.70459
# xi=241.979179928743, logdetD=-0.000305038687514554, t=9.44314
# xi=262.144111589472, logdetD=-0.000127666604187731, t=8.94
# xi=282.3090432502, logdetD=-5.35324590965521e-05, t=8.55773
# xi=302.473974910929, logdetD=-2.24725563618479e-05, t=8.06178
# xi=322.638906571657, logdetD=-9.44142143676155e-06, t=7.60015
# xi=342.803838232386, logdetD=-3.97417071148114e-06, t=7.23142
# xi=362.968769893115, logdetD=-1.67394720595698e-06, t=6.72552
# xi=383.133701553843, logdetD=-7.05825072447203e-07, t=6.15519
# xi=403.298633214572, logdetD=-2.9797755070795e-07, t=5.45689
#
# 1083 determinants computed
#
# L/R, L, R, T, ldim, F*(L+R)/(ħc)
0.0207, 4.967999999999999e-07, 2.4e-05, 300, 387, -76.02800729322206
# finished at Di 20. Feb 19:43:36 CET 2018
