# starting on alcc121 at Fr 23. Feb 11:47:07 CET 2018
# compiler: icc
# compile time: Feb  1 2018 09:49:34
# compiled on: Linux alcc83 3.16.0-4-amd64 #1 SMP Debian 3.16.51-3 (2017-12-13) x86_64 GNU/Linux
# LAPACK support: false
# git HEAD: b96c9c30c7b1cdd2d059ceccd0396c6d55d3da95
# git branch: dev
#
# LbyR = 0.016675
# L = 7.4704e-06
# R = 0.000448
# T = 300
# cutoff = 5e-08
# epsrel = 1e-07
# iepsrel = 2e-07
# ldim = 480
# cores = 4
# alpha = 0.032803009811395
# filename = /alcc/gpfs1/home/u/hartmmic/libcasimir-dev/data/materials/GoldDalvit.dat
# model = optical data (xi=0: Drude)
# plasma = -16.117864634095 (logdetD(xi=0) for plasma model with omegap=1.36734e+16eV)
#
# xi=0, logdetD=-8.58433689455187, t=1.52847
# xi=374.927724824659, logdetD=-6.30626872865494e-05, t=13.5898
# xi=749.855449649319, logdetD=-2.65934749864053e-10, t=5.18802
#
# 122 determinants computed
#
# L/R, L, R, T, ldim, F*(L+R)/(ħc)
0.016675, 7.4704e-06, 0.000448, 300, 480, -512.2486496497442
# finished at Fr 23. Feb 11:47:28 CET 2018
