# starting on alcc115 at Fr 23. Feb 11:46:56 CET 2018
# compiler: icc
# compile time: Feb  1 2018 09:49:34
# compiled on: Linux alcc83 3.16.0-4-amd64 #1 SMP Debian 3.16.51-3 (2017-12-13) x86_64 GNU/Linux
# LAPACK support: false
# git HEAD: b96c9c30c7b1cdd2d059ceccd0396c6d55d3da95
# git branch: dev
#
# LbyR = 0.01475
# L = 6.608e-06
# R = 0.000448
# T = 300
# cutoff = 5e-08
# epsrel = 1e-07
# iepsrel = 2e-07
# ldim = 543
# cores = 4
# alpha = 0.0290711998029071
# filename = /alcc/gpfs1/home/u/hartmmic/libcasimir-dev/data/materials/GoldDalvit.dat
# model = optical data (xi=0: Drude)
# plasma = -18.3781548334758 (logdetD(xi=0) for plasma model with omegap=1.36734e+16eV)
#
# xi=0, logdetD=-9.75302943299587, t=1.85426
# xi=374.217826508789, logdetD=-0.000294904945777132, t=18.3844
# xi=748.435653017578, logdetD=-5.16009642567291e-09, t=7.00428
#
# 131 determinants computed
#
# L/R, L, R, T, ldim, F*(L+R)/(ħc)
0.01475, 6.608e-06, 0.000448, 300, 543, -580.9120723144874
# finished at Fr 23. Feb 11:47:23 CET 2018
