# starting on alcc115 at Fr 23. Feb 11:47:28 CET 2018
# compiler: icc
# compile time: Feb  1 2018 09:49:34
# compiled on: Linux alcc83 3.16.0-4-amd64 #1 SMP Debian 3.16.51-3 (2017-12-13) x86_64 GNU/Linux
# LAPACK support: false
# git HEAD: b96c9c30c7b1cdd2d059ceccd0396c6d55d3da95
# git branch: dev
#
# LbyR = 0.0214
# L = 9.5872e-06
# R = 0.000448
# T = 300
# cutoff = 5e-08
# epsrel = 1e-07
# iepsrel = 2e-07
# ldim = 374
# cores = 4
# alpha = 0.0419032700215391
# filename = /alcc/gpfs1/home/u/hartmmic/libcasimir-dev/data/materials/GoldDalvit.dat
# model = optical data (xi=0: Drude)
# plasma = -12.3110486433977 (logdetD(xi=0) for plasma model with omegap=1.36734e+16eV)
#
# xi=0, logdetD=-6.61015726430243, t=1.11421
# xi=376.670202509068, logdetD=-1.50540545937316e-06, t=6.19666
# xi=753.340405018136, logdetD=-1.92276273687269e-13, t=2.90149
#
# 107 determinants computed
#
# L/R, L, R, T, ldim, F*(L+R)/(ħc)
0.0214, 9.5872e-06, 0.000448, 300, 374, -396.2720002224698
# finished at Fr 23. Feb 11:47:39 CET 2018
