# L      = 6.24e-07
# R      = 0.0001513
# LbyR   = 0.00412425644415069
# T      = 295
# cutoff = 1e-09
# epsrel = 5e-08
# ldim   = 1698
# cores  = 28
# alpha  = 0.00821463363260578
# filename = /alcc/gpfs1/home/theo1/hartmmic/libcasimir-dev/data/materials/GoldEpsIm.dat
# model  = optical data (xi=0: Drude)
# plasma = -67.676371218289 (logdetD(xi=0) for plasma model with omegap=9eV)
#
# xi=0, logdetD=-35.9317524495249, t=8.76575
# xi=122.974352826932, logdetD=-20.9247968955099, t=53.0241
# xi=245.948705653864, logdetD=-6.94188195265837, t=51.18
# xi=368.923058480796, logdetD=-2.34757361281311, t=55.9528
# xi=491.897411307728, logdetD=-0.799146464016559, t=57.257
# xi=614.87176413466, logdetD=-0.272841656756592, t=57.786
# xi=737.846116961592, logdetD=-0.0933239960930653, t=58.3331
# xi=860.820469788524, logdetD=-0.0319914350815633, t=56.3138
# xi=983.794822615456, logdetD=-0.0109758040406268, t=56.2815
# xi=1106.76917544239, logdetD=-0.00377095263420797, t=54.1731
# xi=1229.74352826932, logdetD=-0.00129632383152904, t=53.2148
# xi=1352.71788109625, logdetD=-0.000446845815547412, t=50.8957
# xi=1475.69223392318, logdetD=-0.000154081963142663, t=49.361
# xi=1598.66658675012, logdetD=-5.32200548278014e-05, t=46.4698
# xi=1721.64093957705, logdetD=-1.84035508831527e-05, t=43.4035
# xi=1844.61529240398, logdetD=-6.36828894460575e-06, t=39.9012
# xi=1967.58964523091, logdetD=-2.20756812159483e-06, t=36.7438
# xi=2090.56399805784, logdetD=-7.65576757169895e-07, t=33.4343
#
# L/R, L, R, T, ldim, F*(L+R)/(ħc)
0.004124256444150694, 6.24e-07, 0.0001513, 295, 1698, -1933.482531389183
