# starting on alcc122 at Do 15. Feb 16:04:37 CET 2018
# compiler: icc
# compile time: Feb  1 2018 09:49:34
# compiled on: Linux alcc83 3.16.0-4-amd64 #1 SMP Debian 3.16.51-3 (2017-12-13) x86_64 GNU/Linux
# LAPACK support: false
# git HEAD: b96c9c30c7b1cdd2d059ceccd0396c6d55d3da95
# git branch: dev
#
# LbyR = 0.018075
# L = 2.187075e-06
# R = 0.000121
# T = 300
# cutoff = 5e-08
# epsrel = 1e-07
# iepsrel = 2e-07
# ldim = 443
# cores = 4
# alpha = 0.0355081894752351
# filename = /alcc/gpfs1/home/u/hartmmic/libcasimir-dev/data/materials/GoldDalvit.dat
# model = optical data (xi=0: Drude)
# plasma = -14.6679543261187 (logdetD(xi=0) for plasma model with omegap=1.36734e+16eV)
#
# xi=0, logdetD=-7.89128957650579, t=1.316
# xi=101.40340570442, logdetD=-0.347806437512823, t=14.4904
# xi=202.806811408841, logdetD=-0.00884987319209919, t=14.1173
# xi=304.210217113261, logdetD=-0.000225719707284489, t=12.2772
# xi=405.613622817682, logdetD=-5.76097185255729e-06, t=9.67099
# xi=507.017028522102, logdetD=-1.47124495219981e-07, t=6.45022
#
# 293 determinants computed
#
# L/R, L, R, T, ldim, F*(L+R)/(ħc)
0.018075, 2.187075e-06, 0.000121, 300, 443, -138.8758886833409
# finished at Do 15. Feb 16:05:36 CET 2018
