# starting on alcc119 at Do 15. Feb 16:22:17 CET 2018
# compiler: icc
# compile time: Feb  1 2018 09:49:34
# compiled on: Linux alcc83 3.16.0-4-amd64 #1 SMP Debian 3.16.51-3 (2017-12-13) x86_64 GNU/Linux
# LAPACK support: false
# git HEAD: b96c9c30c7b1cdd2d059ceccd0396c6d55d3da95
# git branch: dev
#
# LbyR = 0.012125
# L = 1.467125e-06
# R = 0.000121
# T = 300
# cutoff = 5e-08
# epsrel = 1e-07
# iepsrel = 2e-07
# ldim = 660
# cores = 4
# alpha = 0.023959491169569
# filename = /alcc/gpfs1/home/u/hartmmic/libcasimir-dev/data/materials/GoldDalvit.dat
# model = optical data (xi=0: Drude)
# plasma = -22.3812187331767 (logdetD(xi=0) for plasma model with omegap=1.36734e+16eV)
#
# xi=0, logdetD=-11.947106253145, t=2.26031
# xi=100.810767378225, logdetD=-1.7044826290779, t=30.6074
# xi=201.62153475645, logdetD=-0.141092756447423, t=31.0331
# xi=302.432302134675, logdetD=-0.0117718247085822, t=30.6761
# xi=403.243069512901, logdetD=-0.00098360200549101, t=28.3235
# xi=504.053836891126, logdetD=-8.22877477184301e-05, t=24.9991
# xi=604.864604269351, logdetD=-6.89260930127607e-06, t=21.4971
# xi=705.675371647576, logdetD=-5.78652905311597e-07, t=16.3228
#
# 492 determinants computed
#
# L/R, L, R, T, ldim, F*(L+R)/(ħc)
0.012125, 1.467125e-06, 0.000121, 300, 660, -251.3207043762668
# finished at Do 15. Feb 16:25:24 CET 2018
