# starting on alcc123 at Do 15. Feb 16:22:17 CET 2018
# compiler: icc
# compile time: Feb  1 2018 09:49:34
# compiled on: Linux alcc83 3.16.0-4-amd64 #1 SMP Debian 3.16.51-3 (2017-12-13) x86_64 GNU/Linux
# LAPACK support: false
# git HEAD: b96c9c30c7b1cdd2d059ceccd0396c6d55d3da95
# git branch: dev
#
# LbyR = 0.011775
# L = 1.424775e-06
# R = 0.000121
# T = 300
# cutoff = 5e-08
# epsrel = 1e-07
# iepsrel = 2e-07
# ldim = 680
# cores = 4
# alpha = 0.0232759259716834
# filename = /alcc/gpfs1/home/u/hartmmic/libcasimir-dev/data/materials/GoldDalvit.dat
# model = optical data (xi=0: Drude)
# plasma = -23.0776583844713 (logdetD(xi=0) for plasma model with omegap=1.36734e+16eV)
#
# xi=0, logdetD=-12.313796201415, t=2.41871
# xi=100.775906300214, logdetD=-1.88287968660361, t=32.4586
# xi=201.551812600427, logdetD=-0.167020959039403, t=33.117
# xi=302.327718900641, logdetD=-0.0149404121082107, t=32.3553
# xi=403.103625200855, logdetD=-0.00133853203177562, t=30.1254
# xi=503.879531501068, logdetD=-0.000120072687727216, t=27.4685
# xi=604.655437801282, logdetD=-1.07846019475432e-05, t=23.194
# xi=705.431344101495, logdetD=-9.70886311202791e-07, t=18.2113
#
# 497 determinants computed
#
# L/R, L, R, T, ldim, F*(L+R)/(ħc)
0.011775, 1.424775e-06, 0.000121, 300, 680, -263.7838457488215
# finished at Do 15. Feb 16:25:37 CET 2018
