# starting on alcc115 at Di 11. Jul 15:47:15 CEST 2017

# L      = 0.0229356303267
# R      = 1
# LbyR   = 0.0229356303267
# T      = 0
# cutoff = 1e-12
# epsrel = 2e-07
# ldim   = 437
# cores  = 8
# alpha  = 0.0448427636045387
# omegap = 9
# gamma  = 0.035
# quad   = adaptive Gauss-Kronrod
#
# xi=22.300142088, logdetD=-4.14972378036655, t=8.00279
# xi=5197.38637755, logdetD=-3.77384078585631e-101, t=2.84842
# xi=0.0956820026491, logdetD=-11.4232448360927, t=7.50655
# xi=854.069569377, logdetD=-2.51629247487152e-16, t=5.89475
# xi=0.582266778932, logdetD=-11.350793504199, t=7.57231
# xi=307.740882525, logdetD=-1.10464016402284e-05, t=8.69749
# xi=1.61595798733, logdetD=-10.9850287598018, t=7.4234
# xi=150.255623602, logdetD=-0.0128755036834822, t=10.4921
# xi=3.30966871803, logdetD=-10.2249452670758, t=7.61606
# xi=85.4527179293, logdetD=-0.235559704298428, t=10.0204
# xi=5.81954967842, logdetD=-9.09219866752967, t=7.61773
# xi=52.7649428463, logdetD=-1.02702924506499, t=8.76109
# xi=9.42474890181, logdetD=-7.64601251661814, t=8.05521
# xi=33.998061863, logdetD=-2.41422596055385, t=8.31741
# xi=14.6271966664, logdetD=-5.95955641942016, t=7.64266
# xi=66.900426264, logdetD=-0.542554665608733, t=9.05235
# xi=10417.0728972, logdetD=-5.05005598610319e-203, t=2.77986
# xi=22.4915060933, logdetD=-4.11275722631197, t=7.73548
# xi=1730.43928084, logdetD=-2.00156032453029e-33, t=3.75971
# xi=23.4646756459, logdetD=-3.93000715576723, t=7.84462
# xi=637.781907138, logdetD=-4.12286812658718e-12, t=6.37356
# xi=25.5320580627, logdetD=-3.56926895224744, t=7.84549
# xi=322.811389293, logdetD=-5.62008693585087e-06, t=8.59357
# xi=28.9194795241, logdetD=-3.05061148353284, t=8.07913
# xi=193.205577947, logdetD=-0.00187716214538773, t=10.2238
# xi=33.9392414448, logdetD=-2.42075596605901, t=8.43173
# xi=127.830027781, logdetD=-0.035190336288522, t=10.6234
# xi=41.1496398916, logdetD=-1.74053978175684, t=8.36348
# xi=90.296265814, logdetD=-0.189514225752494, t=10.3041
# xi=51.5545354207, logdetD=-1.08488751790561, t=8.70344
# xi=7.433380696, logdetD=-8.41517824621421, t=8.151
# xi=22.110406261, logdetD=-4.18671819454597, t=7.77721
# xi=0.0477385866503, logdetD=-11.4185102290746, t=7.42451
# xi=21.1934034227, logdetD=-4.3704305638737, t=7.77964
# xi=0.287381558342, logdetD=-11.4099857760587, t=7.57614
# xi=19.4773306533, logdetD=-4.73724082729406, t=7.97942
# xi=0.779727884375, logdetD=-11.295303369064, t=7.48309
# xi=17.1958951312, logdetD=-5.2755883404483, t=7.98012
# xi=1.54051670306, logdetD=-11.0162331482814, t=7.2959
# xi=14.6525471983, logdetD=-5.95236801954624, t=7.59158
# xi=2.57392329161, logdetD=-10.5632190512187, t=7.56626
# xi=12.0850714236, logdetD=-6.72888490608777, t=7.82593
# xi=3.89029358578, logdetD=-9.95720207847171, t=7.59358
# xi=9.6460249925, logdetD=-7.56502833461531, t=8.06686
# xi=5.50738541248, logdetD=-9.22847295807447, t=7.62311
# xi=156.100994616, logdetD=-0.00990721684737384, t=10.4841
# xi=20856.4459365, logdetD=0, t=0.725287
# xi=67.2831542746, logdetD=-0.533281118996668, t=9.13796
# xi=3483.17870377, logdetD=-1.14729194473291e-67, t=3.03435
# xi=69.2294933797, logdetD=-0.488528849416815, t=9.13761
# xi=1297.86395636, logdetD=-5.56912944629043e-25, t=4.76327
# xi=73.3642582133, logdetD=-0.405578125413697, t=9.46943
# xi=667.922920674, logdetD=-1.06663275939401e-12, t=6.39176
# xi=80.1391011361, logdetD=-0.299074786656212, t=9.80421
# xi=408.711297981, logdetD=-1.19370674832417e-07, t=7.03453
# xi=90.1786249777, logdetD=-0.190517818037331, t=10.3093
# xi=277.960197649, logdetD=-4.19903173695235e-05, t=9.12698
# xi=104.599421871, logdetD=-0.0997426473925776, t=10.5402
# xi=202.892673716, logdetD=-0.00121585769933668, t=10.122
# xi=125.409212929, logdetD=-0.0392251281114808, t=10.6424
# xi=37.16690348, logdetD=-2.08781767074213, t=8.23505
# xi=66.52095461, logdetD=-0.551909374601221, t=9.02452
# xi=22.3956192613, logdetD=-4.13123693803555, t=7.74248
# xi=64.6869489334, logdetD=-0.599459092362598, t=8.98221
# xi=22.8749052047, logdetD=-4.03972405345573, t=7.69109
# xi=61.2548033945, logdetD=-0.699802608707175, t=8.87087
# xi=23.8595978568, logdetD=-3.85827692247313, t=7.85367
# xi=56.6919323504, logdetD=-0.859904940808699, t=8.89497
# xi=25.3811754941, logdetD=-3.59439387208587, t=7.90698
# xi=51.6052364846, logdetD=-1.08239910726668, t=8.67038
# xi=27.4479886712, logdetD=-3.26560611800544, t=7.89875
# xi=46.4702849352, logdetD=-1.3662517689211, t=8.59698
# xi=30.0807292596, logdetD=-2.89129132891965, t=8.1564
# xi=41.592192073, logdetD=-1.70577461967792, t=8.36236
# xi=33.314912913, logdetD=-2.49119334699767, t=8.37881
# xi=13.3800852528, logdetD=-6.32471421231016, t=7.5682
# xi=22.2050719537, logdetD=-4.16821758745194, t=7.68084
# xi=7.47578473671, logdetD=-8.39803345609992, t=8.16266
# xi=21.7398206766, logdetD=-4.25997069194091, t=7.73911
# xi=7.68773833587, logdetD=-8.31283827585945, t=8.18661
# xi=20.842611855, logdetD=-4.4429185388943, t=7.77356
# xi=8.11848719752, logdetD=-8.14227560170091, t=8.13821
# xi=19.593116846, logdetD=-4.71150522322737, t=8.02293
# xi=8.77190662811, logdetD=-7.89011662757578, t=8.05167
# xi=18.117769688, logdetD=-5.05070254048636, t=8.0415
# xi=9.636547975, logdetD=-7.56847876888373, t=8.01501
# xi=16.5320572136, logdetD=-5.44403314972647, t=7.93187
# xi=10.701383429, logdetD=-7.19073211344686, t=7.99887
# xi=14.9271390396, logdetD=-5.87508708702148, t=7.71584
# xi=11.9564829926, logdetD=-6.77046931407618, t=7.77964
# xi=3.185734584, logdetD=-10.2821672928562, t=7.5892
# xi=7.39109725914, logdetD=-8.43230758449071, t=8.18167
# xi=0.0238437717845, logdetD=-11.4096316556435, t=7.37176
# xi=7.18330169509, logdetD=-8.5169700043322, t=8.1374
# xi=0.14277083648, logdetD=-11.4230232149602, t=7.53202
# xi=6.77845519407, logdetD=-8.68421273515995, t=8.01117
# xi=0.383165226761, logdetD=-11.3946573168353, t=7.57712
# xi=6.20541446179, logdetD=-8.92605627031736, t=7.65989
# xi=0.744541505842, logdetD=-11.3059078251317, t=7.52638
# xi=5.51456996897, logdetD=-9.22531835272311, t=7.69294
# xi=1.21674233035, logdetD=-11.1443290582862, t=7.40718
# xi=4.7542933627, logdetD=-9.56359520842685, t=7.50502
# xi=1.78909189643, logdetD=-10.9119070147069, t=7.35754
# xi=3.96538918895, logdetD=-9.92269982577044, t=7.54225
# xi=2.45103151354, logdetD=-10.6190618101047, t=7.46029
# xi=5.14618663569, logdetD=-9.38813361485441, t=7.58263
# xi=7.41222393427, logdetD=-8.42374485247565, t=8.18646
# xi=3.20129889465, logdetD=-10.2749826937417, t=7.56377
# xi=7.30781314159, logdetD=-8.46614383479768, t=8.18057
# xi=3.27871755307, logdetD=-10.2392379787332, t=7.58315
# xi=7.10227135473, logdetD=-8.5502014199971, t=8.09895
# xi=3.4341357609, logdetD=-10.1674676801295, t=7.6081
# xi=6.80645179499, logdetD=-8.67255012132839, t=7.98008
# xi=3.66510651413, logdetD=-10.060885096648, t=7.64644
# xi=6.441986214, logdetD=-8.82549563890933, t=7.87619
# xi=3.96218548462, logdetD=-9.92417087377337, t=7.65149
# xi=6.03064133468, logdetD=-9.00098663542387, t=7.59771
# xi=4.31528345056, logdetD=-9.76258886563273, t=7.58998
# xi=5.59199951164, logdetD=-9.19137431352951, t=7.6847
# xi=4.71440082161, logdetD=-9.5815772498039, t=7.52919
# xi=1.4866761392, logdetD=-11.0382253006398, t=7.30065
# xi=3.17018926051, logdetD=-10.2893424492546, t=7.53091
# xi=0.0119155157347, logdetD=-11.3965907549068, t=7.37408
# xi=3.09342518033, logdetD=-10.324761581896, t=7.65566
# xi=0.0711576341542, logdetD=-11.4218293309949, t=7.50139
# xi=2.94208296697, logdetD=-10.3945024619845, t=7.60266
# xi=0.189950728844, logdetD=-11.4204228769276, t=7.52253
# xi=2.72374217702, logdetD=-10.4947740930263, t=7.48179
# xi=0.36615823572, logdetD=-11.3976935581744, t=7.63082
# xi=2.45387711808, logdetD=-10.6177723338895, t=7.43159
# xi=0.592214923583, logdetD=-11.3482510109552, t=7.56077
# xi=2.14815773538, logdetD=-10.7550794744115, t=7.40641
# xi=0.860046132904, logdetD=-11.2700840979008, t=7.47672
# xi=1.82080750087, logdetD=-10.8983105080885, t=7.4161
# xi=1.16167529458, logdetD=-11.1649718176625, t=7.51894
# xi=334.50213132, logdetD=-3.327203499698e-06, t=8.27715
# xi=41735.192015, logdetD=0, t=0.743037
# xi=156.866450637, logdetD=-0.00957299588994316, t=10.479
# xi=6988.65754963, logdetD=-4.02172667105755e-136, t=2.91528
# xi=160.759128847, logdetD=-0.00803999248188668, t=10.4821
# xi=2618.02805482, logdetD=-9.17834388432576e-51, t=3.35004
# xi=169.028658515, logdetD=-0.00554937522279357, t=10.4151
# xi=1358.14598344, logdetD=-3.71033750684377e-26, t=4.44444
# xi=182.57834436, logdetD=-0.00302289774128204, t=10.1943
# xi=839.72273805, logdetD=-4.79052935507992e-16, t=5.94202
# xi=202.657392043, logdetD=-0.00122875129577841, t=10.1571
# xi=578.220537387, logdetD=-5.9625753296875e-11, t=6.48164
# xi=231.498985831, logdetD=-0.000337185856776079, t=9.78039
# xi=428.08548952, logdetD=-5.00706326615851e-08, t=6.66571
# xi=273.118567947, logdetD=-5.21711324258911e-05, t=9.38587
# xi=96.633949048, logdetD=-0.142592407300253, t=10.4748
# xi=155.342051308, logdetD=-0.0102501133439311, t=10.5795
# xi=67.0913806106, logdetD=-0.53790772852226, t=9.06904
# xi=151.674039955, logdetD=-0.0120822219355962, t=10.4888
# xi=68.0499524974, logdetD=-0.515178079333146, t=9.15578
# xi=144.809748877, logdetD=-0.0164361246262231, t=10.4632
# xi=70.0193378015, logdetD=-0.471462612763727, t=9.18915
# xi=135.684006789, logdetD=-0.0247450778586121, t=10.6419
# xi=73.0624930763, logdetD=-0.411121806381024, t=9.30713
# xi=125.510615057, logdetD=-0.0390471843752491, t=10.6795
# xi=77.1961194304, logdetD=-0.341375271479618, t=9.5587
# xi=115.240711958, logdetD=-0.0618863673416874, t=10.5519
# xi=82.4616006071, logdetD=-0.269436103160286, t=9.81147
# xi=105.484526234, logdetD=-0.0958599014197108, t=10.4964
# xi=88.9299679139, logdetD=-0.2015039071713, t=10.28
# xi=2.30691125048, logdetD=-10.6841118464377, t=7.42084
# xi=3.17795955103, logdetD=-10.2857560546725, t=7.65276
# xi=1.49345305387, logdetD=-11.0354705516278, t=7.30011
# xi=3.13949614475, logdetD=-10.3035070089487, t=7.53223
# xi=1.52709673676, logdetD=-11.0217372456227, t=7.34839
# xi=3.06332363521, logdetD=-10.3386435917716, t=7.54911
# xi=1.5943091541, logdetD=-10.9940275862577, t=7.33789
# xi=2.95262555143, logdetD=-10.3896492425073, t=7.54572
# xi=1.6933955131, logdetD=-10.9525665953114, t=7.32852
# xi=2.81447527321, logdetD=-10.4531679046203, t=7.484
# xi=1.81945646306, logdetD=-10.898890862313, t=7.37127
# xi=2.65616631118, logdetD=-10.5256899273725, t=7.58191
# xi=1.96729668625, logdetD=-10.8348161382051, t=7.42771
# xi=2.48449312332, logdetD=-10.6038874985715, t=7.45943
# xi=2.13185602193, logdetD=-10.7623191383692, t=7.47578
# xi=0.719359422194, logdetD=-11.3133195074372, t=7.57372
# xi=1.47990308384, logdetD=-11.0409745225386, t=7.29439
# xi=0.00595616660401, logdetD=-11.3781195848487, t=7.36435
# xi=1.44639244863, logdetD=-11.0545172603032, t=7.30054
# xi=0.0355221431855, logdetD=-11.4151974173817, t=7.4192
# xi=1.38000844596, logdetD=-11.0810394879007, t=7.4122
# xi=0.094572583777, logdetD=-11.4232099731355, t=7.51133
# xi=1.28348837239, logdetD=-11.1188124725916, t=7.33231
# xi=0.181588318873, logdetD=-11.4210204789006, t=7.59014
# xi=1.16295364522, logdetD=-11.164497026116, t=7.38195
# xi=0.292227188265, logdetD=-11.4093198562911, t=7.64867
# xi=1.02472340826, logdetD=-11.2145114923224, t=7.44122
# xi=0.421887628965, logdetD=-11.3872842737377, t=7.63992
# xi=0.874694336509, logdetD=-11.2653419991997, t=7.45669
# xi=0.566092982666, logdetD=-11.3548631216366, t=7.55296
# xi=1.09672829941, logdetD=-11.1888022856246, t=7.43957
# xi=1.48328912931, logdetD=-11.0396006041106, t=7.29865
# xi=0.722532328786, logdetD=-11.3123940410481, t=7.54919
# xi=1.46651722405, logdetD=-11.0463961446152, t=7.30212
# xi=0.738270275443, logdetD=-11.3077677423035, t=7.53933
# xi=1.43322244085, logdetD=-11.0598119974433, t=7.30986
# xi=0.76964246475, logdetD=-11.2983717723273, t=7.55201
# xi=1.3846464855, logdetD=-11.0792002170863, t=7.30655
# xi=0.815726051741, logdetD=-11.2841685166794, t=7.47003
# xi=1.32370593513, logdetD=-11.1031931974971, t=7.35027
# xi=0.874070752885, logdetD=-11.2655447308955, t=7.48584
# xi=1.25343493931, logdetD=-11.1303662779896, t=7.36265
# xi=0.942093078924, logdetD=-11.2429975144618, t=7.46461
# xi=1.17669771091, logdetD=-11.1593788481172, t=7.38585
# xi=1.01730183978, logdetD=-11.2171160312957, t=7.47241
# xi=0.353970509333, logdetD=-11.3997899668375, t=7.59764
# xi=0.71618739004, logdetD=-11.3142422649896, t=7.53563
# xi=0.00297768564553, logdetD=-11.352166257205, t=7.3189
# xi=0.700479589056, logdetD=-11.3187751723235, t=7.54733
# xi=0.0177469369466, logdetD=-11.4046438821931, t=7.37388
# xi=0.669295097369, logdetD=-11.3275894068676, t=7.5376
# xi=0.0471862359285, logdetD=-11.4183929294554, t=7.48664
# xi=0.623792933381, logdetD=-11.339987928939, t=7.54905
# xi=0.090425993528, logdetD=-11.4230584690027, t=7.49633
# xi=0.56670010176, logdetD=-11.354711811098, t=7.56792
# xi=0.145162469691, logdetD=-11.422940264225, t=7.51525
# xi=0.500854220418, logdetD=-11.3704318326933, t=7.55751
# xi=0.208967130947, logdetD=-11.4188698942668, t=7.58069
# xi=0.428934957767, logdetD=-11.3858764761996, t=7.54947
# xi=0.279498926915, logdetD=-11.4110419488741, t=7.60364
# xi=0.535203410112, logdetD=-11.3624082678068, t=7.55098
# xi=0.717773296835, logdetD=-11.3137812254083, t=7.48781
# xi=0.355506891179, logdetD=-11.3995294205192, t=7.63107
# xi=0.709915632883, logdetD=-11.316059478776, t=7.51034
# xi=0.363124326325, logdetD=-11.3982217099187, t=7.62493
# xi=0.694300009352, logdetD=-11.3205415710818, t=7.52622
# xi=0.378293235005, logdetD=-11.395540086475, t=7.57894
# xi=0.671476784332, logdetD=-11.3269809405563, t=7.5064
# xi=0.400537316411, logdetD=-11.3914267724326, t=7.5929
# xi=0.642775820758, logdetD=-11.3348841714519, t=7.58997
# xi=0.428635040888, logdetD=-11.3859367901791, t=7.57375
# xi=0.609585826058, logdetD=-11.3437412406988, t=7.53507
# xi=0.461302434928, logdetD=-11.3791626459971, t=7.5428
# xi=0.573225343092, logdetD=-11.3530783608748, t=7.57121
# xi=0.497307673528, logdetD=-11.3712373980423, t=7.58235
# xi=0.175591669984, logdetD=-11.4214151102345, t=7.56651
# xi=0.352434335852, logdetD=-11.4000493924037, t=7.58511
# xi=0.00148874342856, logdetD=-11.3158494496939, t=7.28782
# xi=0.344824083909, logdetD=-11.4013184615549, t=7.59482
# xi=0.00886993902833, logdetD=-11.3894942015009, t=7.37509
# xi=0.329699900235, logdetD=-11.4037593943564, t=7.60253
# xi=0.0235681832833, logdetD=-11.4094497745277, t=7.37428
# xi=0.307594359842, logdetD=-11.4071260745172, t=7.57989
# xi=0.0451215139897, logdetD=-11.4179317884665, t=7.44104
# xi=0.279794920839, logdetD=-11.4110029030055, t=7.6115
# xi=0.0723457679525, logdetD=-11.4219348716276, t=7.47656
# xi=0.247646083399, logdetD=-11.4149533644411, t=7.59244
# xi=0.103996308261, logdetD=-11.4234358782707, t=7.47665
# xi=0.212424525424, logdetD=-11.4185599202452, t=7.56421
# xi=0.138879142293, logdetD=-11.4231455582739, t=7.47665
# xi=0.264428562308, logdetD=-11.4129653270667, t=7.55236
# xi=0.35320239655, logdetD=-11.3999198199395, t=7.56184
# xi=0.176347785199, logdetD=-11.4213669501337, t=7.57109
# xi=0.349396373235, logdetD=-11.4005592267445, t=7.5593
# xi=0.180095867782, logdetD=-11.4211213888377, t=7.56177
# xi=0.341828700687, logdetD=-11.4018105360494, t=7.6046
# xi=0.187555796051, logdetD=-11.420599536547, t=7.56816
# xi=0.330758675646, logdetD=-11.4035920877195, t=7.57466
# xi=0.198486133615, logdetD=-11.419758286653, t=7.53333
# xi=0.31682189787, logdetD=-11.4057503778776, t=7.5863
# xi=0.212277409317, logdetD=-11.418573277713, t=7.56134
# xi=0.300683247603, logdetD=-11.4081279278642, t=7.59778
# xi=0.22829000526, logdetD=-11.4170341126717, t=7.58585
# xi=0.282975724833, logdetD=-11.4105802754544, t=7.56584
# xi=0.245911839775, logdetD=-11.4151492452859, t=7.60042
# xi=0.0874515376, logdetD=-11.4229280487515, t=7.45551
# xi=0.17483560564, logdetD=-11.42146279989, t=7.55992
# xi=0.000744346868214, logdetD=-11.2652609268437, t=7.2656
# xi=0.17108927677, logdetD=-11.4216921410353, t=7.52785
# xi=0.00443408767926, logdetD=-11.3681337835782, t=7.35763
# xi=0.163640267692, logdetD=-11.4221128901651, t=7.53913
# xi=0.0117778678484, logdetD=-11.3963307026942, t=7.40195
# xi=0.152743753514, logdetD=-11.4226397307461, t=7.53581
# xi=0.022537955645, logdetD=-11.4087397382149, t=7.45199
# xi=0.139025300663, logdetD=-11.423141251506, t=7.48625
# xi=0.0361143032508, logdetD=-11.4154008678986, t=7.40396
# xi=0.123139302425, logdetD=-11.4234692601019, t=7.5224
# xi=0.0518771899629, logdetD=-11.4193160118339, t=7.42785
# xi=0.105708787467, logdetD=-11.4234607760325, t=7.52541
# xi=0.0692240170914, logdetD=-11.4216475399448, t=7.48086
# xi=0.13143502213, logdetD=-11.4233341276221, t=7.56017
# xi=0.175213631454, logdetD=-11.4214390139416, t=7.54115
# xi=0.0878266295295, logdetD=-11.4229455424517, t=7.50339
# xi=0.173340247872, logdetD=-11.4215557376155, t=7.57452
# xi=0.0896857828601, logdetD=-11.4230277666636, t=7.50329
# xi=0.169614379635, logdetD=-11.4217792141405, t=7.52463
# xi=0.0933851890149, logdetD=-11.4231700568939, t=7.48078
# xi=0.164161902231, logdetD=-11.4220849881491, t=7.51728
# xi=0.0988033589206, logdetD=-11.4233307287057, t=7.5249
# xi=0.157293600516, logdetD=-11.422432954367, t=7.51202
# xi=0.105635924892, logdetD=-11.4234598118835, t=7.50531
# xi=0.149334847995, logdetD=-11.4227818111478, t=7.52391
# xi=0.113563717953, logdetD=-11.4235173766654, t=7.4874
# xi=0.140595823146, logdetD=-11.4230935459891, t=7.50454
# xi=0.122281697341, logdetD=-11.4234784501134, t=7.46708
# xi=0.0436401997808, logdetD=-11.4175773212498, t=7.38037
# xi=0.087076458239, logdetD=-11.4229102463159, t=7.44552
# xi=0.000372167222902, logdetD=-11.195223020772, t=7.20384
# xi=0.085217738199, logdetD=-11.4228173749729, t=7.52193
# xi=0.00221682344665, logdetD=-11.3381757684575, t=7.28467
# xi=0.0815210298518, logdetD=-11.4226086302511, t=7.55499
# xi=0.00588737920821, logdetD=-11.3777531972788, t=7.34834
# xi=0.0761112166934, logdetD=-11.4222403111755, t=7.48038
# xi=0.0112632861224, logdetD=-11.3953166544577, t=7.37375
# xi=0.0692966430388, logdetD=-11.4216545992989, t=7.50069
# xi=0.0180425419913, logdetD=-11.4049437591414, t=7.34041
# xi=0.0614001283245, logdetD=-11.4207698103568, t=7.46069
# xi=0.0259084593424, logdetD=-11.4108978340095, t=7.35558
# xi=0.052729417785, logdetD=-11.4194672298386, t=7.41644
# xi=0.0345583705638, logdetD=-11.4148541704954, t=7.40391
# xi=0.0655244135789, logdetD=-11.4212626266912, t=7.47855
# xi=0.0872639963485, logdetD=-11.4229191862698, t=7.49192
# xi=0.0438270108607, logdetD=-11.4176231761183, t=7.43087
# xi=0.0863345821755, logdetD=-11.4228741138687, t=7.51147
# xi=0.0447528987577, logdetD=-11.4178455045124, t=7.46496
# xi=0.0844858909237, logdetD=-11.4227786381574, t=7.53051
# xi=0.0465950326642, logdetD=-11.4182646123674, t=7.40361
# xi=0.0817799406875, logdetD=-11.4226243346406, t=7.54575
# xi=0.04929248144, logdetD=-11.4188273984571, t=7.45369
# xi=0.0783704082143, logdetD=-11.4224037159307, t=7.48673
# xi=0.0526931585206, logdetD=-11.41946089098, t=7.51199
# xi=0.0744182498446, logdetD=-11.4221082834361, t=7.45835
# xi=0.0566376450626, logdetD=-11.4201041781092, t=7.40703
# xi=0.0700770041446, logdetD=-11.4217293001976, t=7.4748
# xi=0.0609736756426, logdetD=-11.4207146547114, t=7.49065
# xi=0.0217987703695, logdetD=-11.4081987778041, t=7.39919
# xi=0.0434533918247, logdetD=-11.4175311245695, t=7.43805
# xi=0.00018608205869, logdetD=-11.0990773597624, t=7.2592
# xi=0.0425276116156, logdetD=-11.4172970077282, t=7.41463
# xi=0.00110835663329, logdetD=-11.2963300817995, t=7.28982
# xi=0.0406861482091, logdetD=-11.4168042718101, t=7.36542
# xi=0.00294330107901, logdetD=-11.3516525201934, t=7.37596
# xi=0.0379907763783, logdetD=-11.4160108724153, t=7.44775
# xi=0.00563022121392, logdetD=-11.3763248925544, t=7.36574
# xi=0.034594571018, logdetD=-11.4148673441812, t=7.416
# xi=0.00901762301795, logdetD=-11.3899192793245, t=7.3853
# xi=0.0306578582332, logdetD=-11.4132901638598, t=7.43805
# xi=0.0129467088832, logdetD=-11.3984049807359, t=7.36337
# xi=0.0263335755907, logdetD=-11.411139243762, t=7.48445
# xi=0.0172658069332, logdetD=-11.4041392454366, t=7.36091
# xi=0.0327141448724, logdetD=-11.4141520397065, t=7.3869
# xi=0.0435467954123, logdetD=-11.4175542658333, t=7.38255
# xi=0.0218919929976, logdetD=-11.4082685429067, t=7.35537
# xi=0.0430838918478, logdetD=-11.4174387266001, t=7.42493
# xi=0.0223540188683, logdetD=-11.4086076973634, t=7.41081
# xi=0.0421630763504, logdetD=-11.4172023933484, t=7.39924
# xi=0.0232732022355, logdetD=-11.4092514250658, t=7.41229
# xi=0.040815130933, logdetD=-11.4168400169677, t=7.40214
# xi=0.0246190316297, logdetD=-11.4101263442689, t=7.43057
# xi=0.0391164697088, logdetD=-11.4163533736861, t=7.41089
# xi=0.026315488736, logdetD=-11.4111290966554, t=7.4034
# xi=0.0371471426862, logdetD=-11.4157429221513, t=7.38066
# xi=0.0282829062309, logdetD=-11.4121728167256, t=7.42868
# xi=0.034983535128, logdetD=-11.4150074913094, t=7.4618
# xi=0.0304452157388, logdetD=-11.4131957696832, t=7.35378
# xi=0.0108940606194, logdetD=-11.3945452046235, t=7.37327
# xi=0.0217055485201, logdetD=-11.4081285543115, t=7.40432
# xi=9.30406411592e-05, logdetD=-10.9686250061273, t=7.11073
# xi=0.0212435494924, logdetD=-11.407773590001, t=7.40059
# xi=0.000554164545168, logdetD=-11.2381779853009, t=7.31557
# xi=0.0203245332592, logdetD=-11.4070311026975, t=7.37294
# xi=0.00147155342746, logdetD=-11.3151319958316, t=7.27673
# xi=0.01897922158, logdetD=-11.405846690338, t=7.40055
# xi=0.00281475527974, logdetD=-11.3496501108515, t=7.29381
# xi=0.0172838791284, logdetD=-11.4041585846635, t=7.36012
# xi=0.00450790006762, logdetD=-11.3687313001889, t=7.23072
# xi=0.0153183993784, logdetD=-11.4018570309928, t=7.24992
# xi=0.00647147588151, logdetD=-11.3806768943007, t=7.20277
# xi=0.0131590182484, logdetD=-11.3987517377086, t=7.26622
# xi=0.00862956276222, logdetD=-11.3887792104375, t=7.2263
# xi=0.0163450833775, logdetD=-11.4031115134522, t=7.29217
# xi=0.0217521593475, logdetD=-11.4081637236572, t=7.48568
# xi=0.0109406263062, logdetD=-11.3946446438368, t=7.41891
# xi=0.0215211564784, logdetD=-11.4079882819492, t=7.36416
# xi=0.0111714102341, logdetD=-11.3951282688284, t=7.33854
# xi=0.0210616274723, logdetD=-11.4076305534679, t=7.47548
# xi=0.0116305321043, logdetD=-11.3960472463141, t=7.43827
# xi=0.0203889069328, logdetD=-11.4070847719003, t=7.36849
# xi=0.0123027248005, logdetD=-11.3972987243898, t=7.30045
# xi=0.0195410964276, logdetD=-11.406356463283, t=7.4404
# xi=0.013149985487, logdetD=-11.3987371564752, t=7.42613
# xi=0.0185581144701, logdetD=-11.405449328288, t=7.35982
# xi=0.0141324911115, logdetD=-11.4002400416309, t=7.29155
# xi=0.0174780581388, logdetD=-11.4043644619195, t=7.46058
# xi=0.0152122236434, logdetD=-11.4017200498507, t=7.45542
# xi=0.00544570014359, logdetD=-11.3752386813564, t=7.3655
# xi=0.010847495127, logdetD=-11.3944451267722, t=7.29604
# xi=4.65202235325e-05, logdetD=-10.794419556195, t=7.11636
# xi=0.0106167179001, logdetD=-11.3939394743942, t=7.4117
# xi=0.000277078829842, logdetD=-11.1579321042326, t=7.16617
# xi=0.0101576377522, logdetD=-11.3928828952841, t=7.28461
# xi=0.000735752438122, logdetD=-11.2642641470593, t=7.28959
# xi=0.00948557429517, logdetD=-11.3912001695337, t=7.41145
# xi=0.00140728882488, logdetD=-11.3123360610036, t=7.24336
# xi=0.00863859186406, logdetD=-11.3888066036355, t=7.32589
# xi=0.00225372224256, logdetD=-11.3390122789324, t=7.36896
# xi=0.00765656996612, logdetD=-11.3855502145734, t=7.41207
# xi=0.00323526850513, logdetD=-11.355752979559, t=7.22278
# xi=0.00657756845621, logdetD=-11.3811659475789, t=7.41509
# xi=0.00431394668971, logdetD=-11.3671288973285, t=7.37308
#
# ier=0, integral=-11.4224393306634, neval=405, abserr=1.95595e-06, absrel=1.71238e-07
#
# L/R, L, R, T, ldim, F*(L+R)/(ħc)
0.0229356303267, 0.0229356303267, 1, 0, 437, -81.08053721552317

# finished at Di 11. Jul 16:39:03 CEST 2017
