# starting on alcc116 at Mi 12. Jul 03:15:45 CEST 2017

# L      = 0.00644505731207
# R      = 1
# LbyR   = 0.00644505731207
# T      = 0
# cutoff = 1e-12
# epsrel = 2e-07
# ldim   = 1552
# cores  = 16
# alpha  = 0.0128075691072157
# omegap = 9
# gamma  = 0.035
# quad   = adaptive Gauss-Kronrod
#
# xi=78.0788291384, logdetD=-14.9366453992613, t=47.8661
# xi=18197.4554842, logdetD=-1.34332327275871e-100, t=11.3112
# xi=0.33500857111, logdetD=-43.974009923836, t=44.6753
# xi=2990.32856905, logdetD=-8.94861390449934e-16, t=31.6134
# xi=2.03867348315, logdetD=-43.3467492892666, t=46.0759
# xi=1077.48406673, logdetD=-3.93315852188792e-05, t=55.8502
# xi=5.65790599404, logdetD=-41.3296254259504, t=42.1414
# xi=526.085579008, logdetD=-0.0459001268126335, t=64.4283
# xi=11.588045373, logdetD=-37.9294502702379, t=45.0362
# xi=299.193078514, logdetD=-0.841025710423563, t=64.57
# xi=20.3758174818, logdetD=-33.355788732148, t=46.0016
# xi=184.744336639, logdetD=-3.6741188871166, t=57.0002
# xi=32.9985950884, logdetD=-27.8196017773211, t=44.0721
# xi=119.036410295, logdetD=-8.6595129081828, t=50.3483
# xi=51.2137718576, logdetD=-21.5505209436298, t=46.1136
# xi=234.236487415, logdetD=-1.93885794588031, t=59.589
# xi=36472.9897976, logdetD=-1.7991498652538e-202, t=9.75588
# xi=78.7488462806, logdetD=-14.8023799770462, t=47.7203
# xi=6058.73596724, logdetD=-7.11398331369084e-33, t=19.5251
# xi=82.1561761047, logdetD=-14.1390186089816, t=47.9334
# xi=2233.04696259, logdetD=-1.46671246673934e-11, t=35.2381
# xi=89.3946411264, logdetD=-12.8314506511991, t=48.6727
# xi=1130.24998715, logdetD=-2.00094933176119e-05, t=55.1989
# xi=101.254919884, logdetD=-10.9554827777311, t=49.0717
# xi=676.464986166, logdetD=-0.00668862289556952, t=63.5766
# xi=118.830464102, logdetD=-8.68304179229764, t=50.6382
# xi=447.567502416, logdetD=-0.125496951084072, t=63.986
# xi=144.076019315, logdetD=-6.23523688194381, t=52.9076
# xi=316.151649729, logdetD=-0.676506345145868, t=64.6309
# xi=180.506372853, logdetD=-3.88155731911942, t=56.3432
# xi=26.0262763795, logdetD=-30.7373109741909, t=43.8124
# xi=77.4145126888, logdetD=-15.0710399411076, t=47.5927
# xi=0.16714570408, logdetD=-43.9564347900058, t=44.4406
# xi=74.2038377231, logdetD=-15.7388594548903, t=47.2853
# xi=1.00620056602, logdetD=-43.8044878699245, t=45.8668
# xi=68.1954027982, logdetD=-17.0744839018467, t=47.451
# xi=2.7300382221, logdetD=-42.9893429590416, t=45.0318
# xi=60.2074799583, logdetD=-19.0406305994478, t=47.0642
# xi=5.39376565264, logdetD=-41.4832263289653, t=42.1362
# xi=51.3025309266, logdetD=-21.5240637264554, t=46.2796
# xi=9.01200163244, logdetD=-39.3846072774477, t=42.9536
# xi=42.3131037947, logdetD=-24.3934882080478, t=45.8425
# xi=13.620970081, logdetD=-36.8158464289908, t=44.9218
# xi=33.7733425321, logdetD=-27.5150611221717, t=44.1679
# xi=19.2828459533, logdetD=-33.890638435151, t=45.7571
# xi=546.551803969, logdetD=-0.0353155700469406, t=64.4585
# xi=73024.0584244, logdetD=0, t=2.64187
# xi=235.5765217, logdetD=-1.90567376521394, t=59.961
# xi=12195.5507636, logdetD=-4.08073594454403e-67, t=13.8215
# xi=242.391181348, logdetD=-1.74555120443191, t=60.9953
# xi=4544.17275432, logdetD=-1.97963156879724e-24, t=23.3914
# xi=256.868111391, logdetD=-1.4488348271978, t=62.3052
# xi=2338.57880345, logdetD=-3.79434866227543e-12, t=35.223
# xi=280.588668907, logdetD=-1.06803081402828, t=63.2406
# xi=1431.00880147, logdetD=-4.24877458059234e-07, t=42.9255
# xi=315.739757342, logdetD=-0.68009168699884, t=64.5808
# xi=973.213833969, logdetD=-0.000149530924727026, t=59.1461
# xi=366.230867769, logdetD=-0.355892512868115, t=64.5136
# xi=710.382128597, logdetD=-0.00433191625645069, t=63.6341
# xi=439.091574845, logdetD=-0.139892484437189, t=64.3315
# xi=130.131381897, logdetD=-7.48415828826597, t=51.9756
# xi=232.907854516, logdetD=-1.97233381080722, t=59.6634
# xi=78.4131205465, logdetD=-14.8694962677171, t=47.6569
# xi=226.486504584, logdetD=-2.14250996321012, t=59.7702
# xi=80.0912302704, logdetD=-14.5371987706777, t=48.0585
# xi=214.469634735, logdetD=-2.50173387018532, t=58.992
# xi=83.5389055826, logdetD=-13.8788243374396, t=48.5441
# xi=198.493789055, logdetD=-3.0751722046682, t=57.2224
# xi=88.8663604436, logdetD=-12.9224437933657, t=48.9841
# xi=180.683890992, logdetD=-3.87263477677247, t=56.5874
# xi=96.1028324032, logdetD=-11.7325653646539, t=48.8685
# xi=162.705036728, logdetD=-4.89093575994213, t=54.8574
# xi=105.3207693, logdetD=-10.3801081114933, t=49.629
# xi=145.625514203, logdetD=-6.11029761814406, t=52.9852
# xi=116.644521045, logdetD=-8.93688003536776, t=50.5105
# xi=46.847297483, logdetD=-22.8969720059812, t=45.7381
# xi=77.7459628839, logdetD=-15.0038268091962, t=47.7688
# xi=26.1747443953, logdetD=-30.6717001727433, t=43.998
# xi=76.1169923228, logdetD=-15.3372375270308, t=47.4131
# xi=26.9168512747, logdetD=-30.3461061404555, t=43.8354
# xi=72.9756215634, logdetD=-16.0025618878037, t=47.6176
# xi=28.4250195472, logdetD=-29.6963355585786, t=43.8906
# xi=68.6008015765, logdetD=-16.9806746934316, t=47.4561
# xi=30.712817709, logdetD=-28.7403512213851, t=43.889
# xi=63.4352121282, logdetD=-18.2183918551794, t=47.4197
# xi=33.7401609306, logdetD=-27.5280275087806, t=43.9413
# xi=57.8832038554, logdetD=-19.6574277172122, t=46.5012
# xi=37.468437869, logdetD=-26.1129119213024, t=45.3732
# xi=52.2639512341, logdetD=-21.2397405118106, t=46.1668
# xi=41.8628809175, logdetD=-24.5478713944157, t=46.1467
# xi=11.1541184483, logdetD=-38.1712885920459, t=44.7715
# xi=25.8782306303, logdetD=-30.8028927002028, t=43.9884
# xi=0.0834834942231, logdetD=-43.8991008411392, t=44.0438
# xi=25.1506821565, logdetD=-31.1274843893963, t=44.1526
# xi=0.499879314824, logdetD=-43.9531142336435, t=45.2148
# xi=23.7332050545, logdetD=-31.771012758018, t=44.6767
# xi=1.34156509649, logdetD=-43.6708111817653, t=46.1761
# xi=21.7268344562, logdetD=-32.7076462262821, t=45.2465
# xi=2.60684119373, logdetD=-43.0548340011042, t=45.1832
# xi=19.3080010289, logdetD=-33.8782219462136, t=45.5808
# xi=4.26014400006, logdetD=-42.1376726887774, t=42.3497
# xi=16.6460669925, logdetD=-35.2204279734066, t=44.1914
# xi=6.26409463864, logdetD=-40.9765473874174, t=42.3849
# xi=13.8839000993, logdetD=-36.6742196139676, t=44.7079
# xi=8.58172427797, logdetD=-39.6318115818118, t=42.6294
# xi=18.0181913396, logdetD=-34.5214125279577, t=44.7976
# xi=25.9522008342, logdetD=-30.7701054785269, t=43.707
# xi=11.2086133097, logdetD=-38.1408400699068, t=44.6444
# xi=25.5866304083, logdetD=-30.9325282916845, t=43.6742
# xi=11.4796769729, logdetD=-37.9897143368077, t=44.7833
# xi=24.866973018, logdetD=-31.2551027605766, t=44.3002
# xi=12.0238381556, logdetD=-37.6880071839316, t=45.323
# xi=23.8312287268, logdetD=-31.7260313658803, t=44.6451
# xi=12.8325292351, logdetD=-37.2438707556652, t=45.2354
# xi=22.555136148, logdetD=-32.3172596278571, t=45.1719
# xi=13.8726830639, logdetD=-36.6802502356614, t=44.7978
# xi=21.1149064659, logdetD=-32.9994520451912, t=45.6468
# xi=15.1089745478, logdetD=-36.021740182961, t=44.3554
# xi=19.5791028007, logdetD=-33.7447269901451, t=45.7522
# xi=16.5063924162, logdetD=-35.2924442846154, t=44.2214
# xi=5.20525527589, logdetD=-41.5926789522825, t=42.0798
# xi=11.0996900662, logdetD=-38.2017218853462, t=44.4546
# xi=0.0417194434669, logdetD=-43.8096834424947, t=43.7485
# xi=10.8309182585, logdetD=-38.3523224698716, t=44.5028
# xi=0.249142123718, logdetD=-43.9728692759321, t=44.578
# xi=10.3010282348, logdetD=-38.6507550057478, t=44.3144
# xi=0.665068879093, logdetD=-43.9147726097895, t=45.6213
# xi=9.53655807293, logdetD=-39.0846940641655, t=43.4105
# xi=1.28201902085, logdetD=-43.6959038070163, t=46.0193
# xi=8.59168750912, logdetD=-39.6260760670783, t=42.8735
# xi=2.07350462832, logdetD=-43.3294229183739, t=45.884
# xi=7.52128126006, logdetD=-40.2449595784341, t=42.6402
# xi=3.01125413449, logdetD=-42.8375819188009, t=45.0656
# xi=6.37513954814, logdetD=-40.9118392895274, t=42.5237
# xi=4.06733941345, logdetD=-42.2476866392853, t=43.3312
# xi=1171.18243708, logdetD=-1.18454714119607e-05, t=52.9405
# xi=146126.195678, logdetD=0, t=2.87554
# xi=549.231872537, logdetD=-0.034123847649648, t=64.8016
# xi=24469.1803564, logdetD=-1.43226759843996e-135, t=11.1861
# xi=562.861191834, logdetD=-0.0286578626757622, t=64.7085
# xi=9166.42433778, logdetD=-3.2631026361674e-50, t=16.2306
# xi=591.815051921, logdetD=-0.0197782776231946, t=63.6861
# xi=4755.23643604, logdetD=-1.31885078380183e-25, t=22.9296
# xi=639.256166952, logdetD=-0.0107721767619786, t=63.3737
# xi=2940.09643208, logdetD=-1.70367637848029e-15, t=31.9653
# xi=709.558343823, logdetD=-0.00437786303220216, t=63.5498
# xi=2024.50649708, logdetD=-2.12142660381637e-10, t=35.9464
# xi=810.540564676, logdetD=-0.00120107769825625, t=62.4245
# xi=1498.84308633, logdetD=-1.78207317039754e-07, t=39.6598
# xi=956.261978829, logdetD=-0.000185790315076755, t=59.5853
# xi=338.341592933, logdetD=-0.508902961733815, t=65.137
# xi=543.89453817, logdetD=-0.0365382421036108, t=64.4803
# xi=234.905070231, logdetD=-1.9222293304662, t=59.734
# xi=531.051838307, logdetD=-0.0430712756086218, t=64.2975
# xi=238.261289679, logdetD=-1.84089798573361, t=60.4857
# xi=507.018098608, logdetD=-0.0585981601293175, t=64.5271
# xi=245.156640303, logdetD=-1.68449640457383, t=61.042
# xi=475.066407248, logdetD=-0.0882342638997033, t=64.1034
# xi=255.811550026, logdetD=-1.46866137871562, t=61.9479
# xi=439.446611122, logdetD=-0.139257589465959, t=63.8827
# xi=270.284493945, logdetD=-1.21925412374608, t=62.638
# xi=403.488902594, logdetD=-0.220758911367565, t=64.8807
# xi=288.720367739, logdetD=-0.962091872102468, t=63.6744
# xi=369.329857544, logdetD=-0.34203032076933, t=64.5985
# xi=311.367871228, logdetD=-0.719340983520073, t=64.8588
# xi=8.07712025569, logdetD=-39.9229483886126, t=42.8291
# xi=11.126895955, logdetD=-38.1865071476547, t=44.512
# xi=5.22898308716, logdetD=-41.5789114696952, t=42.0341
# xi=10.9922251661, logdetD=-38.2618742349506, t=44.593
# xi=5.34677872082, logdetD=-41.5105228934639, t=42.1563
# xi=10.7255246072, logdetD=-38.4115207339837, t=44.5244
# xi=5.58210757338, logdetD=-41.3737264301723, t=42.0316
# xi=10.3379406745, logdetD=-38.6299020027961, t=44.3901
# xi=5.92903571687, logdetD=-41.1717654747871, t=42.488
# xi=9.85423918394, logdetD=-38.9038975393637, t=43.8116
# xi=6.37040919932, logdetD=-40.9145957108065, t=42.5021
# xi=9.29995668884, logdetD=-39.2197630356119, t=43.3276
# xi=6.88803780818, logdetD=-40.6130853974275, t=42.6381
# xi=8.69888242441, logdetD=-39.5644007486942, t=43.1068
# xi=7.46420455202, logdetD=-40.2780918321198, t=42.2739
# xi=2.51867190769, logdetD=-43.1012838952782, t=45.2303
# xi=5.18154097712, logdetD=-41.6064356695352, t=42.1296
# xi=0.0208541502901, logdetD=-43.6822291800986, t=43.493
# xi=5.06421117936, logdetD=-41.674453014693, t=42.1751
# xi=0.124372631235, logdetD=-43.9359893158907, t=44.1621
# xi=4.83178283062, logdetD=-41.8089346417971, t=42.0514
# xi=0.331124195566, logdetD=-43.9741897110251, t=44.8715
# xi=4.49383994655, logdetD=-42.0036872408853, t=42.3107
# xi=0.635789819942, logdetD=-43.9224868441907, t=45.6798
# xi=4.07181526479, logdetD=-42.2451387751647, t=43.2898
# xi=1.02316642702, logdetD=-43.7982231992237, t=45.8162
# xi=3.58783381703, logdetD=-42.5186524873702, t=44.5067
# xi=1.47714270015, logdetD=-43.6118634742272, t=46.0625
# xi=3.06254145732, logdetD=-42.8096010653083, t=44.6768
# xi=1.98204464777, logdetD=-43.3747310063623, t=45.763
# xi=3.83994241664, logdetD=-42.3767089236424, t=43.8826
# xi=5.19339643817, logdetD=-41.5995586613744, t=42.1948
# xi=2.52978111187, logdetD=-43.0954516062401, t=45.5623
# xi=5.13467346141, logdetD=-41.6336146881377, t=42.0849
# xi=2.58488391988, logdetD=-43.0664357078332, t=45.2086
# xi=5.01809941993, logdetD=-41.7011620430859, t=42.2939
# xi=2.69472644011, logdetD=-43.0081814790571, t=44.9641
# xi=4.84802186156, logdetD=-41.7995514226245, t=42.205
# xi=2.85607754275, logdetD=-42.9216904071935, t=44.6957
# xi=4.63465251166, logdetD=-41.9226666340731, t=42.0704
# xi=3.06035812238, logdetD=-42.8107939807758, t=44.7618
# xi=4.38861474857, logdetD=-42.064095412045, t=42.298
# xi=3.29852268436, logdetD=-42.6798109567236, t=44.9717
# xi=4.11993695623, logdetD=-42.2177268120326, t=43.3072
# xi=3.5618488984, logdetD=-42.5332080553939, t=44.5094
# xi=1.23934649426, logdetD=-43.7135589861694, t=45.8993
# xi=2.50756576515, logdetD=-43.1071085650777, t=45.4838
# xi=0.0104256828422, logdetD=-43.5039398173805, t=43.3427
# xi=2.4525685053, logdetD=-43.1358617570561, t=45.6143
# xi=0.0621368263984, logdetD=-43.865110490066, t=44.0343
# xi=2.3433831652, logdetD=-43.1924782834303, t=45.2821
# xi=0.165211774804, logdetD=-43.9557505873522, t=44.2514
# xi=2.18406778176, logdetD=-43.2738742503198, t=45.8199
# xi=0.316605861544, logdetD=-43.9746934702486, t=44.8357
# xi=1.98417033593, logdetD=-43.3736849572652, t=45.8462
# xi=0.508253069581, logdetD=-43.9515108957832, t=45.1401
# xi=1.75362609552, logdetD=-43.4850050438137, t=46.0209
# xi=0.731650446368, logdetD=-43.896011964733, t=45.685
# xi=1.50181730443, logdetD=-43.6008846146551, t=46.186
# xi=0.978601341319, logdetD=-43.8145463177372, t=45.8311
# xi=1.87389189932, logdetD=-43.4274876521917, t=45.9745
# xi=2.5131184538, logdetD=-43.1041971858123, t=45.31
# xi=1.24472578266, logdetD=-43.7113489862081, t=45.964
# xi=2.48560664698, logdetD=-43.1186072345997, t=45.323
# xi=1.27139648345, logdetD=-43.7003249502485, t=46.2672
# xi=2.43093212532, logdetD=-43.1471313216606, t=45.2357
# xi=1.32450693559, logdetD=-43.6780520419406, t=45.8344
# xi=2.35102184136, logdetD=-43.1885384033555, t=45.6039
# xi=1.40238948111, logdetD=-43.6446638255804, t=46.1584
# xi=2.25053200492, logdetD=-43.2401018835403, t=45.9928
# xi=1.50076721431, logdetD=-43.6013533338872, t=46.0598
# xi=2.13432485632, logdetD=-43.2989666766616, t=45.672
# xi=1.61514459665, logdetD=-43.5495587593869, t=46.0602
# xi=2.00701697077, logdetD=-43.3624207539298, t=45.9151
# xi=1.74120867559, logdetD=-43.4908696953439, t=46.119
# xi=0.614793930223, logdetD=-43.9277987041196, t=45.4542
# xi=1.2339679354, logdetD=-43.7157640992288, t=45.8492
# xi=0.00521249341509, logdetD=-43.2565816224563, t=42.3411
# xi=1.20732238495, logdetD=-43.7266196319662, t=46.0706
# xi=0.0310560556577, logdetD=-43.760698665618, t=43.5006
# xi=1.15436852715, logdetD=-43.7478421928309, t=45.6736
# xi=0.0825185843397, logdetD=-43.8978709119047, t=43.8563
# xi=1.07697105118, logdetD=-43.7779636874417, t=46.0909
# xi=0.157982624835, logdetD=-43.9530237898316, t=44.1519
# xi=0.979637696108, logdetD=-43.8141716519024, t=45.8744
# xi=0.253302101509, logdetD=-43.973216850001, t=44.6679
# xi=0.86707592069, logdetD=-43.8533826447055, t=45.5926
# xi=0.364119203889, logdetD=-43.9721067000481, t=44.9403
# xi=0.74375571958, logdetD=-43.8924328292835, t=45.5946
# xi=0.486253440862, logdetD=-43.9556311230371, t=45.2085
# xi=0.925835918637, logdetD=-43.8332970398579, t=45.937
# xi=1.23665712365, logdetD=-43.7146621553187, t=45.6479
# xi=0.617441294101, logdetD=-43.9271394473492, t=45.5626
# xi=1.22333120658, logdetD=-43.7201113470644, t=46.153
# xi=0.630564344997, logdetD=-43.9238265116099, t=45.671
# xi=1.1968347381, logdetD=-43.7308604740895, t=45.9851
# xi=0.65668357161, logdetD=-43.9170172353096, t=45.51
# xi=1.15807558624, logdetD=-43.7463721841366, t=45.9036
# xi=0.694953639832, logdetD=-43.9065523552447, t=45.4329
# xi=1.10927915766, logdetD=-43.7655251000739, t=45.9602
# xi=0.743240626296, logdetD=-43.8925861245077, t=45.6312
# xi=1.05277337793, logdetD=-43.7871472342712, t=45.9749
# xi=0.799305055742, logdetD=-43.8754020073916, t=45.833
# xi=0.990774551226, logdetD=-43.810130392113, t=45.6194
# xi=0.861003864689, logdetD=-43.8554074041454, t=45.6176
# xi=0.306191486817, logdetD=-43.9748821692673, t=44.6717
# xi=0.612146744455, logdetD=-43.9284548234812, t=45.4418
# xi=0.00260615971475, logdetD=-42.9162334934418, t=42.0309
# xi=0.599029833784, logdetD=-43.9316595841194, t=45.4385
# xi=0.0155249402864, logdetD=-43.6134893922551, t=43.4845
# xi=0.572948838213, logdetD=-43.9377942733552, t=45.1258
# xi=0.0412375009863, logdetD=-43.8078892689625, t=43.6085
# xi=0.534797194814, logdetD=-43.9461579201968, t=45.4435
# xi=0.0789114787247, logdetD=-43.8930605708999, t=43.8776
# xi=0.486765180846, logdetD=-43.9555387077558, t=44.8591
# xi=0.12644594379, logdetD=-43.9372943673433, t=44.2107
# xi=0.431144004208, logdetD=-43.9645395052059, t=44.9141
# xi=0.181636073677, logdetD=-43.961012491573, t=44.4612
# xi=0.370115056778, logdetD=-43.9716006813522, t=44.7452
# xi=0.242372007381, logdetD=-43.9722248758442, t=44.6577
#
# ier=0, integral=-41.5524654770383, neval=285, abserr=7.70388e-06, absrel=1.85401e-07
#
# L/R, L, R, T, ldim, F*(L+R)/(ħc)
0.00644505731207, 0.00644505731207, 1, 0, 1552, -1032.714361790967

# finished at Mi 12. Jul 06:57:19 CEST 2017
