# starting on alcc123 at Mo 19. Feb 13:07:52 CET 2018
# compiler: icc
# compile time: Feb  1 2018 09:49:34
# compiled on: Linux alcc83 3.16.0-4-amd64 #1 SMP Debian 3.16.51-3 (2017-12-13) x86_64 GNU/Linux
# LAPACK support: false
# git HEAD: b96c9c30c7b1cdd2d059ceccd0396c6d55d3da95
# git branch: dev
#
# LbyR = 0.004425
# L = 1.239e-07
# R = 2.8e-05
# T = 300
# cutoff = 5e-08
# epsrel = 1e-07
# iepsrel = 2e-07
# ldim = 1808
# cores = 8
# alpha = 0.00881101127510765
# filename = /alcc/gpfs1/home/u/hartmmic/libcasimir-dev/data/materials/GoldDalvit.dat
# model = optical data (xi=0: Drude)
# plasma = -56.4704104157112 (logdetD(xi=0) for plasma model with omegap=1.36734e+16eV)
#
# xi=0, logdetD=-33.4589264040344, t=9.2662
# xi=23.1506368804564, logdetD=-42.4622143937629, t=71.9656
# xi=46.3012737609128, logdetD=-32.0179236717543, t=74.6424
# xi=69.4519106413692, logdetD=-24.2297360085554, t=78.882
# xi=92.6025475218256, logdetD=-18.4135759139879, t=81.6706
# xi=115.753184402282, logdetD=-14.0432193079893, t=82.7626
# xi=138.903821282738, logdetD=-10.7410407407562, t=84.2652
# xi=162.054458163195, logdetD=-8.24453401884187, t=86.3992
# xi=185.205095043651, logdetD=-6.32788421601906, t=87.2769
# xi=208.355731924108, logdetD=-4.87548437059041, t=88.2481
# xi=231.506368804564, logdetD=-3.75872330365983, t=88.841
# xi=254.657005685021, logdetD=-2.90263613882892, t=88.7496
# xi=277.807642565477, logdetD=-2.24599993707801, t=89.197
# xi=300.958279445933, logdetD=-1.73921075597082, t=89.6158
# xi=324.10891632639, logdetD=-1.34927220200713, t=90.0485
# xi=347.259553206846, logdetD=-1.04792046442903, t=89.9502
# xi=370.410190087303, logdetD=-0.814501004508332, t=90.1157
# xi=393.560826967759, logdetD=-0.63423318435653, t=90.6224
# xi=416.711463848215, logdetD=-0.494171256301044, t=91.5396
# xi=439.862100728672, logdetD=-0.385432380782382, t=92.1852
# xi=463.012737609128, logdetD=-0.300976928317456, t=92.1828
# xi=486.163374489585, logdetD=-0.235168918253831, t=91.5908
# xi=509.314011370041, logdetD=-0.183956702082657, t=92.1917
# xi=532.464648250497, logdetD=-0.144006898679329, t=91.7379
# xi=555.615285130954, logdetD=-0.112797992767308, t=92.9579
# xi=578.76592201141, logdetD=-0.0884527415059377, t=92.1683
# xi=601.916558891867, logdetD=-0.0693961043843664, t=93.141
# xi=625.067195772323, logdetD=-0.0544832288043451, t=90.8883
# xi=648.21783265278, logdetD=-0.0428090860039489, t=91.6141
# xi=671.368469533236, logdetD=-0.0336517689285375, t=90.8922
# xi=694.519106413692, logdetD=-0.0264736500324687, t=89.9843
# xi=717.669743294149, logdetD=-0.0208381389723747, t=90.9099
# xi=740.820380174605, logdetD=-0.0164094183645736, t=90.582
# xi=763.971017055062, logdetD=-0.0129320160013349, t=89.1231
# xi=787.121653935518, logdetD=-0.0101954170199575, t=88.9729
# xi=810.272290815974, logdetD=-0.00804204989418837, t=89.453
# xi=833.422927696431, logdetD=-0.00634714015462067, t=89.0625
# xi=856.573564576887, logdetD=-0.00501121773175799, t=87.6032
# xi=879.724201457344, logdetD=-0.00395870979781559, t=87.1878
# xi=902.8748383378, logdetD=-0.00312856113736328, t=86.3258
# xi=926.025475218256, logdetD=-0.00247333645356195, t=85.5779
# xi=949.176112098713, logdetD=-0.00195646282493111, t=85.4701
# xi=972.326748979169, logdetD=-0.0015480721790029, t=84.332
# xi=995.477385859626, logdetD=-0.00122541320979998, t=84.8653
# xi=1018.62802274008, logdetD=-0.000970429065689408, t=83.6741
# xi=1041.77865962054, logdetD=-0.000768718642292263, t=82.6551
# xi=1064.92929650099, logdetD=-0.000609200369221576, t=82.2545
# xi=1088.07993338145, logdetD=-0.000482941348340035, t=80.6168
# xi=1111.23057026191, logdetD=-0.000382954454876958, t=80.313
# xi=1134.38120714236, logdetD=-0.000303803530941277, t=78.8629
# xi=1157.53184402282, logdetD=-0.000241070890858508, t=79.0585
# xi=1180.68248090328, logdetD=-0.000191352287197724, t=77.3364
# xi=1203.83311778373, logdetD=-0.000151940088370451, t=77.1708
# xi=1226.98375466419, logdetD=-0.000120673164963608, t=76.0257
# xi=1250.13439154465, logdetD=-9.58738181214645e-05, t=74.6134
# xi=1273.2850284251, logdetD=-7.61909329352151e-05, t=73.0063
# xi=1296.43566530556, logdetD=-6.05625139961264e-05, t=74.5937
# xi=1319.58630218602, logdetD=-4.81568932171394e-05, t=71.7188
# xi=1342.73693906647, logdetD=-3.83001733294089e-05, t=70.8479
# xi=1365.88757594693, logdetD=-3.04687760191871e-05, t=70.3047
# xi=1389.03821282738, logdetD=-2.42454751288791e-05, t=69.1377
# xi=1412.18884970784, logdetD=-1.92969640903128e-05, t=67.434
# xi=1435.3394865883, logdetD=-1.53787199638545e-05, t=66.5542
# xi=1458.49012346875, logdetD=-1.22682181628383e-05, t=65.6583
# xi=1481.64076034921, logdetD=-9.78104022620866e-06, t=64.0138
# xi=1504.79139722967, logdetD=-7.79324956259381e-06, t=63.151
# xi=1527.94203411012, logdetD=-6.20538942080771e-06, t=61.8606
# xi=1551.09267099058, logdetD=-4.93767473791495e-06, t=59.7549
# xi=1574.24330787104, logdetD=-3.9318298217856e-06, t=59.4074
# xi=1597.39394475149, logdetD=-3.14013193358344e-06, t=57.7953
#
# 7960 determinants computed
#
# L/R, L, R, T, ldim, F*(L+R)/(ħc)
0.004425, 1.239e-07, 2.8e-05, 300, 1808, -1435.850543389193
# finished at Mo 19. Feb 14:42:16 CET 2018
