# starting on alcc120 at Mo 19. Feb 12:54:31 CET 2018
# compiler: icc
# compile time: Feb  1 2018 09:49:34
# compiled on: Linux alcc83 3.16.0-4-amd64 #1 SMP Debian 3.16.51-3 (2017-12-13) x86_64 GNU/Linux
# LAPACK support: false
# git HEAD: b96c9c30c7b1cdd2d059ceccd0396c6d55d3da95
# git branch: dev
#
# LbyR = 0.01265
# L = 3.542e-07
# R = 2.8e-05
# T = 300
# cutoff = 5e-08
# epsrel = 1e-07
# iepsrel = 2e-07
# ldim = 633
# cores = 4
# alpha = 0.0249839529946181
# filename = /alcc/gpfs1/home/u/hartmmic/libcasimir-dev/data/materials/GoldDalvit.dat
# model = optical data (xi=0: Drude)
# plasma = -20.4781497562179 (logdetD(xi=0) for plasma model with omegap=1.36734e+16eV)
#
# xi=0, logdetD=-11.4352176726361, t=2.04229
# xi=23.3402119988991, logdetD=-10.4326473722915, t=24.3331
# xi=46.6804239977981, logdetD=-5.30733746039624, t=25.697
# xi=70.0206359966972, logdetD=-2.73890595734026, t=27.5641
# xi=93.3608479955962, logdetD=-1.42419820788314, t=27.6505
# xi=116.701059994495, logdetD=-0.743818832752073, t=27.6792
# xi=140.041271993394, logdetD=-0.38956933471582, t=28.2949
# xi=163.381483992293, logdetD=-0.204684786082382, t=28.3471
# xi=186.721695991192, logdetD=-0.107497630634767, t=28.0205
# xi=210.061907990091, logdetD=-0.0566552903306917, t=27.6662
# xi=233.402119988991, logdetD=-0.0298702588773777, t=27.6683
# xi=256.74233198789, logdetD=-0.0157724787519071, t=27.2272
# xi=280.082543986789, logdetD=-0.00834436135795288, t=27.0496
# xi=303.422755985688, logdetD=-0.00441764078690994, t=26.6635
# xi=326.762967984587, logdetD=-0.00234314796842841, t=26.2559
# xi=350.103179983486, logdetD=-0.00124423275548465, t=25.7328
# xi=373.443391982385, logdetD=-0.000661231062222491, t=25.0955
# xi=396.783603981284, logdetD=-0.000352071300504416, t=24.5846
# xi=420.123815980183, logdetD=-0.000187585793700958, t=23.6807
# xi=443.464027979082, logdetD=-0.000100054698587881, t=23.1889
# xi=466.804239977981, logdetD=-5.34338838502135e-05, t=22.658
# xi=490.14445197688, logdetD=-2.85547198610253e-05, t=21.2447
# xi=513.484663975779, logdetD=-1.52774892177391e-05, t=20.5772
# xi=536.824875974678, logdetD=-8.1804337033646e-06, t=19.5849
# xi=560.165087973577, logdetD=-4.38293898551095e-06, t=18.4081
# xi=583.505299972476, logdetD=-2.35105918557196e-06, t=17.5202
# xi=606.845511971375, logdetD=-1.26178273440096e-06, t=16.3607
# xi=630.185723970274, logdetD=-6.77669853044331e-07, t=15.046
#
# 1834 determinants computed
#
# L/R, L, R, T, ldim, F*(L+R)/(ħc)
0.01265, 3.542e-07, 2.8e-05, 300, 633, -201.9786765697317
# finished at Mo 19. Feb 13:05:27 CET 2018
