# starting on alcc116 at Di 20. Feb 19:39:01 CET 2018
# compiler: icc
# compile time: Feb  1 2018 09:49:34
# compiled on: Linux alcc83 3.16.0-4-amd64 #1 SMP Debian 3.16.51-3 (2017-12-13) x86_64 GNU/Linux
# LAPACK support: false
# git HEAD: b96c9c30c7b1cdd2d059ceccd0396c6d55d3da95
# git branch: dev
#
# LbyR = 0.026825
# L = 7.511e-07
# R = 2.8e-05
# T = 300
# cutoff = 5e-08
# epsrel = 1e-07
# iepsrel = 2e-07
# ldim = 299
# cores = 4
# alpha = 0.0522484357120249
# filename = /alcc/gpfs1/home/u/hartmmic/libcasimir-dev/data/materials/GoldDalvit.dat
# model = optical data (xi=0: Drude)
# plasma = -9.34856206392731 (logdetD(xi=0) for plasma model with omegap=1.36734e+16eV)
#
# xi=0, logdetD=-5.20472332785088, t=0.742903
# xi=23.6669265647257, logdetD=-2.51531783714933, t=6.59418
# xi=47.3338531294515, logdetD=-0.67081639749257, t=6.48327
# xi=71.0007796941772, logdetD=-0.181498798280019, t=6.54948
# xi=94.667706258903, logdetD=-0.0493171007136906, t=6.53967
# xi=118.334632823629, logdetD=-0.0134261838598298, t=6.36126
# xi=142.001559388354, logdetD=-0.00366029007159255, t=6.2173
# xi=165.66848595308, logdetD=-0.00100034541357766, t=5.8688
# xi=189.335412517806, logdetD=-0.000273184344584383, t=5.55573
# xi=213.002339082532, logdetD=-7.48568024542097e-05, t=5.23344
# xi=236.669265647257, logdetD=-2.05182918123102e-05, t=4.87597
# xi=260.336192211983, logdetD=-5.63253885566298e-06, t=4.41941
# xi=284.003118776709, logdetD=-1.5491390813746e-06, t=3.92589
# xi=307.670045341435, logdetD=-4.26346544253805e-07, t=3.53834
#
# 627 determinants computed
#
# L/R, L, R, T, ldim, F*(L+R)/(ħc)
0.026825, 7.511e-07, 2.8e-05, 300, 299, -45.48507339827813
# finished at Di 20. Feb 19:40:14 CET 2018
