# starting on alcc114 at Mo 19. Feb 12:20:24 CET 2018
# compiler: icc
# compile time: Feb  1 2018 09:49:34
# compiled on: Linux alcc83 3.16.0-4-amd64 #1 SMP Debian 3.16.51-3 (2017-12-13) x86_64 GNU/Linux
# LAPACK support: false
# git HEAD: b96c9c30c7b1cdd2d059ceccd0396c6d55d3da95
# git branch: dev
#
# LbyR = 0.004075
# L = 1.141e-07
# R = 2.8e-05
# T = 300
# cutoff = 5e-08
# epsrel = 1e-07
# iepsrel = 2e-07
# ldim = 1964
# cores = 8
# alpha = 0.0081169235365884
# filename = /alcc/gpfs1/home/u/hartmmic/libcasimir-dev/data/materials/GoldDalvit.dat
# model = optical data (xi=0: Drude)
# plasma = -60.9021780097342 (logdetD(xi=0) for plasma model with omegap=1.36734e+16eV)
#
# xi=0, logdetD=-36.3715708656587, t=10.4072
# xi=23.1425698541397, logdetD=-46.5978233166365, t=84.2022
# xi=46.2851397082794, logdetD=-35.7737400940788, t=87.8671
# xi=69.4277095624191, logdetD=-27.5413401643935, t=90.0543
# xi=92.5702794165588, logdetD=-21.2848368335104, t=91.5475
# xi=115.712849270699, logdetD=-16.5044301585215, t=92.7977
# xi=138.855419124838, logdetD=-12.8329587417172, t=98.6518
# xi=161.997988978978, logdetD=-10.0129019495301, t=101.374
# xi=185.140558833118, logdetD=-7.8117096646078, t=103.367
# xi=208.283128687257, logdetD=-6.11766513023227, t=103.614
# xi=231.425698541397, logdetD=-4.79381985300679, t=104.089
# xi=254.568268395537, logdetD=-3.76272256979757, t=105.133
# xi=277.710838249676, logdetD=-2.95926059714837, t=105.769
# xi=300.853408103816, logdetD=-2.32909702970802, t=106.276
# xi=323.995977957956, logdetD=-1.83651083940182, t=106.648
# xi=347.138547812096, logdetD=-1.44970160952562, t=106.101
# xi=370.281117666235, logdetD=-1.14524025774256, t=107.381
# xi=393.423687520375, logdetD=-0.906369100939394, t=107.023
# xi=416.566257374515, logdetD=-0.71776627119594, t=108.479
# xi=439.708827228654, logdetD=-0.568984876832652, t=107.695
# xi=462.851397082794, logdetD=-0.451574976797704, t=108.712
# xi=485.993966936934, logdetD=-0.358606977858383, t=107.852
# xi=509.136536791073, logdetD=-0.285097728796942, t=108.304
# xi=532.279106645213, logdetD=-0.226828951139574, t=107.157
# xi=555.421676499353, logdetD=-0.180572492256079, t=107.679
# xi=578.564246353493, logdetD=-0.14391093467708, t=107.398
# xi=601.706816207632, logdetD=-0.114748771729595, t=107.721
# xi=624.849386061772, logdetD=-0.0915596668604515, t=107.71
# xi=647.991955915912, logdetD=-0.0731145216469105, t=107.708
# xi=671.134525770051, logdetD=-0.0584117628175774, t=106.772
# xi=694.277095624191, logdetD=-0.0467013113533048, t=106.863
# xi=717.419665478331, logdetD=-0.0373590199683927, t=107.116
# xi=740.56223533247, logdetD=-0.0298985197991943, t=106.176
# xi=763.70480518661, logdetD=-0.0239464456544097, t=106.271
# xi=786.84737504075, logdetD=-0.0191865563426845, t=106.501
# xi=809.98994489489, logdetD=-0.0153806551591558, t=105.096
# xi=833.132514749029, logdetD=-0.0123367577076966, t=104.282
# xi=856.275084603169, logdetD=-0.00989874696882562, t=103.531
# xi=879.417654457309, logdetD=-0.00794700747013854, t=103.48
# xi=902.560224311448, logdetD=-0.00638273501345461, t=103.958
# xi=925.702794165588, logdetD=-0.00512810505493984, t=101.67
# xi=948.845364019728, logdetD=-0.00412245629705103, t=102.482
# xi=971.987933873867, logdetD=-0.00331501801775998, t=101.371
# xi=995.130503728007, logdetD=-0.00266677841473351, t=100.901
# xi=1018.27307358215, logdetD=-0.00214623530948742, t=99.4024
# xi=1041.41564343629, logdetD=-0.00172778525392547, t=99.208
# xi=1064.55821329043, logdetD=-0.00139152462481302, t=97.6936
# xi=1087.70078314457, logdetD=-0.00112107124863065, t=97.537
# xi=1110.84335299871, logdetD=-0.000903428550908317, t=97.1485
# xi=1133.98592285285, logdetD=-0.000728361635098202, t=95.4756
# xi=1157.12849270699, logdetD=-0.000587362807113211, t=95.4451
# xi=1180.27106256112, logdetD=-0.000473808235455527, t=93.7267
# xi=1203.41363241526, logdetD=-0.000382338884830581, t=94.2767
# xi=1226.5562022694, logdetD=-0.000308598570959022, t=93.0196
# xi=1249.69877212354, logdetD=-0.000249166855645678, t=91.2341
# xi=1272.84134197768, logdetD=-0.000201233639768246, t=90.1415
# xi=1295.98391183182, logdetD=-0.000162557973270392, t=90.0157
# xi=1319.12648168596, logdetD=-0.000131362054481247, t=88.5076
# xi=1342.2690515401, logdetD=-0.000106174300756294, t=87.2864
# xi=1365.41162139424, logdetD=-8.58382744681947e-05, t=86.7378
# xi=1388.55419124838, logdetD=-6.94167186323846e-05, t=84.8286
# xi=1411.69676110252, logdetD=-5.6147440457375e-05, t=84.4358
# xi=1434.83933095666, logdetD=-4.5474553712626e-05, t=82.8221
# xi=1457.9819008108, logdetD=-3.68669267309987e-05, t=82.1543
# xi=1481.12447066494, logdetD=-2.98708962077904e-05, t=82.0483
# xi=1504.26704051908, logdetD=-2.41874539478401e-05, t=80.9535
# xi=1527.40961037322, logdetD=-1.95726480539473e-05, t=79.5169
# xi=1550.55218022736, logdetD=-1.58275097960382e-05, t=78.6932
# xi=1573.6947500815, logdetD=-1.28083868516011e-05, t=76.1017
# xi=1596.83731993564, logdetD=-1.0395766560063e-05, t=75.3319
# xi=1619.97988978978, logdetD=-8.43333818631409e-06, t=74.2563
# xi=1643.12245964392, logdetD=-6.83776324384634e-06, t=73.2653
# xi=1666.26502949806, logdetD=-5.541026509503e-06, t=70.5134
# xi=1689.4075993522, logdetD=-4.48763450779113e-06, t=70.973
# xi=1712.55016920634, logdetD=-3.63443778440884e-06, t=67.9185
#
# 8887 determinants computed
#
# L/R, L, R, T, ldim, F*(L+R)/(ħc)
0.004075, 1.141e-07, 2.8e-05, 300, 1964, -1660.06056303485
# finished at Mo 19. Feb 14:19:10 CET 2018
