# starting on alcc120 at Mo 19. Feb 12:55:23 CET 2018
# compiler: icc
# compile time: Feb  1 2018 09:49:34
# compiled on: Linux alcc83 3.16.0-4-amd64 #1 SMP Debian 3.16.51-3 (2017-12-13) x86_64 GNU/Linux
# LAPACK support: false
# git HEAD: b96c9c30c7b1cdd2d059ceccd0396c6d55d3da95
# git branch: dev
#
# LbyR = 0.013
# L = 3.64e-07
# R = 2.8e-05
# T = 300
# cutoff = 5e-08
# epsrel = 1e-07
# iepsrel = 2e-07
# ldim = 616
# cores = 4
# alpha = 0.0256663376110563
# filename = /alcc/gpfs1/home/u/hartmmic/libcasimir-dev/data/materials/GoldDalvit.dat
# model = optical data (xi=0: Drude)
# plasma = -19.9202885425437 (logdetD(xi=0) for plasma model with omegap=1.36734e+16eV)
#
# xi=0, logdetD=-11.1169914073263, t=1.96746
# xi=23.3482790252158, logdetD=-9.9863792586371, t=22.5091
# xi=46.6965580504315, logdetD=-4.99887239727584, t=24.5999
# xi=70.0448370756473, logdetD=-2.5388854515955, t=26.1369
# xi=93.3931161008631, logdetD=-1.29927382693462, t=25.7975
# xi=116.741395126079, logdetD=-0.667785737628097, t=26.285
# xi=140.089674151295, logdetD=-0.344169144143627, t=26.629
# xi=163.43795317651, logdetD=-0.17794007266936, t=26.5214
# xi=186.786232201726, logdetD=-0.0919555980346369, t=26.8614
# xi=210.134511226942, logdetD=-0.0476875703000402, t=26.4751
# xi=233.482790252158, logdetD=-0.0247392431555678, t=26.5016
# xi=256.831069277373, logdetD=-0.0128537288057985, t=26.0145
# xi=280.179348302589, logdetD=-0.00669120214122976, t=25.6719
# xi=303.527627327805, logdetD=-0.00348564991229303, t=25.2174
# xi=326.875906353021, logdetD=-0.00181918213358676, t=24.8701
# xi=350.224185378236, logdetD=-0.000950521393049009, t=24.2979
# xi=373.572464403452, logdetD=-0.000497047494884817, t=23.1133
# xi=396.920743428668, logdetD=-0.000260411538002185, t=23.0742
# xi=420.269022453884, logdetD=-0.000136525811589605, t=22.3887
# xi=443.6173014791, logdetD=-7.16535463677312e-05, t=21.3325
# xi=466.965580504315, logdetD=-3.76532383635123e-05, t=20.7502
# xi=490.313859529531, logdetD=-1.97992467178314e-05, t=19.5172
# xi=513.662138554747, logdetD=-1.04233570505348e-05, t=18.9657
# xi=537.010417579963, logdetD=-5.49182016970456e-06, t=17.8553
# xi=560.358696605178, logdetD=-2.89527021186071e-06, t=16.9612
# xi=583.706975630394, logdetD=-1.52816487404245e-06, t=15.7518
# xi=607.05525465561, logdetD=-8.06999571060675e-07, t=14.6436
#
# 1738 determinants computed
#
# L/R, L, R, T, ldim, F*(L+R)/(ħc)
0.013, 3.64e-07, 2.8e-05, 300, 616, -191.4705198482313
# finished at Mo 19. Feb 13:05:24 CET 2018
