# starting on alcc119 at Sa 15. Apr 02:59:02 CEST 2017

# L      = 7.6e-07
# R      = 2e-05
# LbyR   = 0.038
# T      = 295
# cutoff = 1e-12
# epsrel = 1e-09
# ldim   = 237
# cores  = 4
# alpha  = 0.0732177263969171
# filename = /alcc/gpfs1/home/u/hartmmic/libcasimir-dev/data/materials/GoldEpsIm.dat
# model  = optical data (xi=0: Drude)
# plasma = -6.33638830607765 (logdetD(xi=0) for plasma model with omegap=9eV)
#
# xi=0, logdetD=-3.58106187670167, t=0.496573
# xi=16.8041097172738, logdetD=-1.77752634803727, t=5.79544
# xi=33.6082194345476, logdetD=-0.478886189847598, t=6.13251
# xi=50.4123291518215, logdetD=-0.130649559354778, t=6.6056
# xi=67.2164388690953, logdetD=-0.0357777432117769, t=7.09823
# xi=84.0205485863691, logdetD=-0.00981362254165794, t=7.00421
# xi=100.824658303643, logdetD=-0.00269521223173405, t=7.0245
# xi=117.628768020917, logdetD=-0.000741663313151713, t=6.93669
# xi=134.432877738191, logdetD=-0.000204240504802386, t=6.78641
# xi=151.236987455464, logdetD=-5.6322391845425e-05, t=6.47521
# xi=168.041097172738, logdetD=-1.55410090250702e-05, t=6.27971
# xi=184.845206890012, logdetD=-4.300155505605e-06, t=5.94761
# xi=201.649316607286, logdetD=-1.19034793871232e-06, t=5.63601
# xi=218.45342632456, logdetD=-3.3009330998875e-07, t=5.26439
# xi=235.257536041834, logdetD=-9.1654259216175e-08, t=4.92635
# xi=252.061645759107, logdetD=-2.54693912561508e-08, t=4.50357
# xi=268.865755476381, logdetD=-7.09110693021869e-09, t=4.45332
# xi=285.669865193655, logdetD=-1.97539473260075e-09, t=4.47432
#
# L/R, L, R, T, ldim, F*(L+R)/(ħc)
0.038, 7.6e-07, 2e-05, 295, 237, -22.60934344872002

# finished at Sa 15. Apr 03:00:44 CEST 2017
