# starting on alcc118 at Fr 14. Apr 22:51:59 CEST 2017

# L      = 3.75e-07
# R      = 2e-05
# LbyR   = 0.01875
# T      = 295
# cutoff = 1e-12
# epsrel = 1e-09
# ldim   = 480
# cores  = 5
# alpha  = 0.0368098159509202
# filename = /alcc/gpfs1/home/u/hartmmic/libcasimir-dev/data/materials/GoldEpsIm.dat
# model  = optical data (xi=0: Drude)
# plasma = -13.4599986608991 (logdetD(xi=0) for plasma model with omegap=9eV)
#
# xi=0, logdetD=-7.59427199441541, t=1.48614
# xi=16.4924728077772, logdetD=-6.84112685838824, t=18.391
# xi=32.9849456155543, logdetD=-3.409472357752, t=18.6252
# xi=49.4774184233315, logdetD=-1.72165883231292, t=18.9299
# xi=65.9698912311087, logdetD=-0.875560535043349, t=19.1942
# xi=82.4623640388859, logdetD=-0.44707383736785, t=20.4331
# xi=98.954836846663, logdetD=-0.228877970665345, t=22.1157
# xi=115.44730965444, logdetD=-0.117481180014907, t=23.5164
# xi=131.939782462217, logdetD=-0.0603640703483828, t=24.5325
# xi=148.432255269995, logdetD=-0.0310625308281954, t=24.6548
# xi=164.924728077772, logdetD=-0.0159941444205434, t=24.5587
# xi=181.417200885549, logdetD=-0.00825811823566052, t=24.0857
# xi=197.909673693326, logdetD=-0.00426554695113768, t=23.926
# xi=214.402146501103, logdetD=-0.00220714242312194, t=23.5902
# xi=230.89461930888, logdetD=-0.00114349371286938, t=23.0118
# xi=247.387092116658, logdetD=-0.000592910448511271, t=22.6485
# xi=263.879564924435, logdetD=-0.000308020931761756, t=22.1588
# xi=280.372037732212, logdetD=-0.000160114611439158, t=21.6554
# xi=296.864510539989, logdetD=-8.33453207205629e-05, t=21.3055
# xi=313.356983347766, logdetD=-4.3428081077044e-05, t=20.5432
# xi=329.849456155543, logdetD=-2.26456998688425e-05, t=20.0984
# xi=346.341928963321, logdetD=-1.18251829635321e-05, t=19.6883
# xi=362.834401771098, logdetD=-6.17832241716145e-06, t=19.1524
# xi=379.326874578875, logdetD=-3.23147353471284e-06, t=18.544
# xi=395.819347386652, logdetD=-1.69149358520018e-06, t=17.5447
# xi=412.311820194429, logdetD=-8.85960817080096e-07, t=17.2289
# xi=428.804293002206, logdetD=-4.64527398572964e-07, t=16.5691
# xi=445.296765809984, logdetD=-2.43674959429275e-07, t=16.0628
# xi=461.789238617761, logdetD=-1.27932120490479e-07, t=14.8829
# xi=478.281711425538, logdetD=-6.72066355754076e-08, t=14.2887
# xi=494.774184233315, logdetD=-3.53241689456847e-08, t=13.3497
# xi=511.266657041092, logdetD=-1.85814233118573e-08, t=13.3118
# xi=527.75912984887, logdetD=-9.77807993469308e-09, t=13.3245
# xi=544.251602656647, logdetD=-5.14903520012498e-09, t=13.2348
#
# L/R, L, R, T, ldim, F*(L+R)/(ħc)
0.01875, 3.75e-07, 2e-05, 295, 480, -92.20035098723056

# finished at Fr 14. Apr 23:02:46 CEST 2017
