# starting on alcc116 at Sa 15. Apr 04:47:06 CEST 2017

# L      = 2.45e-07
# R      = 2e-05
# LbyR   = 0.01225
# T      = 295
# cutoff = 1e-12
# epsrel = 1e-09
# ldim   = 735
# cores  = 8
# alpha  = 0.024203507038775
# filename = /alcc/gpfs1/home/u/hartmmic/libcasimir-dev/data/materials/GoldEpsIm.dat
# model  = optical data (xi=0: Drude)
# plasma = -20.7059378985568 (logdetD(xi=0) for plasma model with omegap=9eV)
#
# xi=0, logdetD=-11.8212371518075, t=2.78424
# xi=16.3872447604147, logdetD=-12.9360680228974, t=25.4935
# xi=32.7744895208293, logdetD=-7.97514906624471, t=25.0506
# xi=49.161734281244, logdetD=-4.96323012621559, t=25.6408
# xi=65.5489790416587, logdetD=-3.10931429131567, t=26.3295
# xi=81.9362238020733, logdetD=-1.95658255630969, t=26.9392
# xi=98.323468562488, logdetD=-1.23512339020311, t=28.2148
# xi=114.710713322903, logdetD=-0.782126178271818, t=30.2831
# xi=131.097958083317, logdetD=-0.495957099445701, t=31.0021
# xi=147.485202843732, logdetD=-0.315038365381725, t=32.204
# xi=163.872447604147, logdetD=-0.200268362679741, t=33.2503
# xi=180.259692364561, logdetD=-0.127669648465204, t=34.2802
# xi=196.646937124976, logdetD=-0.081423785006656, t=34.989
# xi=213.034181885391, logdetD=-0.0520207272238181, t=35.3674
# xi=229.421426645805, logdetD=-0.0332768737925875, t=34.9012
# xi=245.80867140622, logdetD=-0.0213034951798179, t=34.9827
# xi=262.195916166635, logdetD=-0.0136640904464023, t=35.0618
# xi=278.583160927049, logdetD=-0.00876917717142891, t=34.1629
# xi=294.970405687464, logdetD=-0.0056353843444912, t=34.3279
# xi=311.357650447879, logdetD=-0.00362506856553277, t=34.1685
# xi=327.744895208293, logdetD=-0.00233359294041568, t=33.6564
# xi=344.132139968708, logdetD=-0.00150428873029069, t=33.4925
# xi=360.519384729123, logdetD=-0.000970222182431716, t=32.5245
# xi=376.906629489537, logdetD=-0.000626429063221742, t=32.6517
# xi=393.293874249952, logdetD=-0.000404769191940751, t=32.3193
# xi=409.681119010367, logdetD=-0.000261706169126756, t=31.6198
# xi=426.068363770781, logdetD=-0.000169383042841768, t=31.6142
# xi=442.455608531196, logdetD=-0.00010968001492406, t=30.7297
# xi=458.842853291611, logdetD=-7.10809735904487e-05, t=30.6405
# xi=475.230098052025, logdetD=-4.60938846580493e-05, t=29.8172
# xi=491.61734281244, logdetD=-2.99062707685623e-05, t=29.231
# xi=508.004587572855, logdetD=-1.94191408280741e-05, t=28.5084
# xi=524.391832333269, logdetD=-1.26144560014287e-05, t=28.5087
# xi=540.779077093684, logdetD=-8.19989262471748e-06, t=27.5902
# xi=557.166321854099, logdetD=-5.33285455857624e-06, t=26.9265
# xi=573.553566614513, logdetD=-3.46981383541057e-06, t=26.4927
# xi=589.940811374928, logdetD=-2.25907561082362e-06, t=25.7357
# xi=606.328056135343, logdetD=-1.47129730430628e-06, t=25.0917
# xi=622.715300895757, logdetD=-9.58785965566453e-07, t=24.3285
# xi=639.102545656172, logdetD=-6.25051715116688e-07, t=23.3802
# xi=655.489790416587, logdetD=-4.07641202335503e-07, t=22.6483
# xi=671.877035177001, logdetD=-2.65991039544392e-07, t=22.1982
# xi=688.264279937416, logdetD=-1.73612204638922e-07, t=21.3395
# xi=704.651524697831, logdetD=-1.13372491654342e-07, t=20.6496
# xi=721.038769458245, logdetD=-7.40589873727738e-08, t=19.8508
# xi=737.42601421866, logdetD=-4.83943328874948e-08, t=18.5115
# xi=753.813258979075, logdetD=-3.16372972629773e-08, t=18.4468
# xi=770.200503739489, logdetD=-2.06876769426685e-08, t=18.4337
# xi=786.587748499904, logdetD=-1.3533449354151e-08, t=18.3712
# xi=802.974993260319, logdetD=-8.85576167584862e-09, t=18.2097
#
# L/R, L, R, T, ldim, F*(L+R)/(ħc)
0.01225, 2.45e-07, 2e-05, 295, 735, -209.8665916794368

# finished at Sa 15. Apr 05:10:09 CEST 2017
