# starting on alcc119 at Fr 14. Apr 22:57:31 CEST 2017

# L      = 4.5e-07
# R      = 2e-05
# LbyR   = 0.0225
# T      = 295
# cutoff = 1e-12
# epsrel = 1e-09
# ldim   = 401
# cores  = 4
# alpha  = 0.0440097799511002
# filename = /alcc/gpfs1/home/u/hartmmic/libcasimir-dev/data/materials/GoldEpsIm.dat
# model  = optical data (xi=0: Drude)
# plasma = -11.13376037444 (logdetD(xi=0) for plasma model with omegap=9eV)
#
# xi=0, logdetD=-6.270066169428, t=1.16581
# xi=16.5531812966402, logdetD=-5.03257127186217, t=17.3797
# xi=33.1063625932803, logdetD=-2.22283083799373, t=16.7896
# xi=49.6595438899205, logdetD=-0.995693961919288, t=16.9982
# xi=66.2127251865606, logdetD=-0.449018909160903, t=17.8
# xi=82.7659064832008, logdetD=-0.203206098895133, t=19.039
# xi=99.3190877798409, logdetD=-0.0921661100501868, t=20.9965
# xi=115.872269076481, logdetD=-0.0419022816607382, t=21.785
# xi=132.425450373121, logdetD=-0.0190673486499882, t=21.8945
# xi=148.978631669761, logdetD=-0.00868883351043829, t=21.4603
# xi=165.531812966402, logdetD=-0.00396174644467741, t=21.1596
# xi=182.084994263042, logdetD=-0.00181136879430242, t=20.6902
# xi=198.638175559682, logdetD=-0.000828520880816851, t=20.2418
# xi=215.191356856322, logdetD=-0.000379636253246459, t=19.7251
# xi=231.744538152962, logdetD=-0.000174174889890485, t=19.5558
# xi=248.297719449602, logdetD=-7.99761655162572e-05, t=18.9455
# xi=264.850900746243, logdetD=-3.679397941539e-05, t=18.5068
# xi=281.404082042883, logdetD=-1.69377684835885e-05, t=18.0191
# xi=297.957263339523, logdetD=-7.80797513660672e-06, t=17.1557
# xi=314.510444636163, logdetD=-3.60298124877206e-06, t=16.7828
# xi=331.063625932803, logdetD=-1.66384323324753e-06, t=16.0458
# xi=347.616807229443, logdetD=-7.69432613085701e-07, t=15.3791
# xi=364.169988526084, logdetD=-3.56015346405092e-07, t=14.4248
# xi=380.723169822724, logdetD=-1.64904732613987e-07, t=13.8524
# xi=397.276351119364, logdetD=-7.64425732691239e-08, t=12.849
# xi=413.829532416004, logdetD=-3.5457582517798e-08, t=12.1933
# xi=430.382713712644, logdetD=-1.64638928112864e-08, t=12.3706
# xi=446.935895009284, logdetD=-7.64811847181055e-09, t=12.3029
# xi=463.489076305924, logdetD=-3.55583340002984e-09, t=12.2418
#
# L/R, L, R, T, ldim, F*(L+R)/(ħc)
0.0225, 4.5e-07, 2e-05, 295, 401, -64.32172837045593

# finished at Fr 14. Apr 23:05:39 CEST 2017
