# starting on alcc114 at Sa 15. Apr 02:19:05 CEST 2017

# L      = 5.65e-07
# R      = 2e-05
# LbyR   = 0.02825
# T      = 295
# cutoff = 1e-12
# epsrel = 1e-09
# ldim   = 319
# cores  = 4
# alpha  = 0.0549477267201556
# filename = /alcc/gpfs1/home/u/hartmmic/libcasimir-dev/data/materials/GoldEpsIm.dat
# model  = optical data (xi=0: Drude)
# plasma = -8.74613059307017 (logdetD(xi=0) for plasma model with omegap=9eV)
#
# xi=0, logdetD=-4.92559076515985, t=0.827324
# xi=16.6462676462301, logdetD=-3.30828063614191, t=10.4612
# xi=33.2925352924601, logdetD=-1.21579675190944, t=10.6859
# xi=49.9388029386902, logdetD=-0.453229020935054, t=11.237
# xi=66.5850705849203, logdetD=-0.169926789539269, t=12.0237
# xi=83.2313382311503, logdetD=-0.0638828783783228, t=12.8584
# xi=99.8776058773804, logdetD=-0.0240578457774872, t=13.1681
# xi=116.52387352361, logdetD=-0.0090792901166713, t=13.4203
# xi=133.170141169841, logdetD=-0.00342914569542572, t=12.9191
# xi=149.816408816071, logdetD=-0.00129694778059043, t=12.6343
# xi=166.462676462301, logdetD=-0.000490808060831695, t=12.6513
# xi=183.108944108531, logdetD=-0.000186252269125941, t=12.1792
# xi=199.755211754761, logdetD=-7.07089195743192e-05, t=11.7996
# xi=216.401479400991, logdetD=-2.68918842690276e-05, t=11.5209
# xi=233.047747047221, logdetD=-1.02406420815606e-05, t=11.0722
# xi=249.694014693451, logdetD=-3.90295691920226e-06, t=10.6229
# xi=266.340282339681, logdetD=-1.49040359016782e-06, t=10.0736
# xi=282.986549985911, logdetD=-5.69478332925984e-07, t=9.53727
# xi=299.632817632141, logdetD=-2.17897284676169e-07, t=9.30098
# xi=316.279085278371, logdetD=-8.34573537857669e-08, t=8.69333
# xi=332.925352924601, logdetD=-3.19888801269728e-08, t=7.90064
# xi=349.571620570831, logdetD=-1.22782122833296e-08, t=7.86106
# xi=366.217888217061, logdetD=-4.7152329884467e-09, t=7.8644
#
# L/R, L, R, T, ldim, F*(L+R)/(ħc)
0.02825, 5.65e-07, 2e-05, 295, 319, -40.86635360801392

# finished at Sa 15. Apr 02:23:07 CEST 2017
