# starting on alcc122 at Mi 14. Feb 14:38:45 CET 2018
# compiler: icc
# compile time: Feb  1 2018 09:49:34
# compiled on: Linux alcc83 3.16.0-4-amd64 #1 SMP Debian 3.16.51-3 (2017-12-13) x86_64 GNU/Linux
# LAPACK support: false
# git HEAD: b96c9c30c7b1cdd2d059ceccd0396c6d55d3da95
# git branch: dev
#
# LbyR = 0.018425
# L = 1.4003e-07
# R = 7.6e-06
# T = 300
# cutoff = 5e-08
# epsrel = 1e-07
# iepsrel = 2e-07
# ldim = 435
# cores = 4
# alpha = 0.0361833222868645
# filename = /alcc/gpfs1/home/u/hartmmic/libcasimir-dev/data/materials/GoldDalvit.dat
# model = optical data (xi=0: Drude)
# plasma = -12.7068193961785 (logdetD(xi=0) for plasma model with omegap=1.36734e+16eV)
#
# xi=0, logdetD=-7.73455171641853, t=1.154
# xi=6.37132915327672, logdetD=-9.7435925470493, t=11.359
# xi=12.7426583065534, logdetD=-7.20692684037704, t=11.6592
# xi=19.1139874598301, logdetD=-5.32658983128186, t=12.4649
# xi=25.4853166131069, logdetD=-3.94836857235568, t=12.5466
# xi=31.8566457663836, logdetD=-2.93548710118603, t=12.7345
# xi=38.2279749196603, logdetD=-2.18806164794641, t=12.9165
# xi=44.599304072937, logdetD=-1.63641097212696, t=12.9959
# xi=50.9706332262137, logdetD=-1.22359499574141, t=13.1222
# xi=57.3419623794904, logdetD=-0.918342080585769, t=13.1133
# xi=63.7132915327672, logdetD=-0.689602217019757, t=13.1798
# xi=70.0846206860439, logdetD=-0.518674522787727, t=13.2748
# xi=76.4559498393206, logdetD=-0.390872806344526, t=13.2528
# xi=82.8272789925973, logdetD=-0.294770170918911, t=13.3751
# xi=89.198608145874, logdetD=-0.222702303167091, t=13.4471
# xi=95.5699372991507, logdetD=-0.168436932737755, t=13.3821
# xi=101.941266452427, logdetD=-0.127490091113988, t=13.4698
# xi=108.312595605704, logdetD=-0.0966731394069643, t=13.3822
# xi=114.683924758981, logdetD=-0.0733502885433183, t=13.6121
# xi=121.055253912258, logdetD=-0.0557105721643199, t=13.3061
# xi=127.426583065534, logdetD=-0.042362997545482, t=13.2638
# xi=133.797912218811, logdetD=-0.0322326552427176, t=13.3529
# xi=140.169241372088, logdetD=-0.0245524463211755, t=13.1765
# xi=146.540570525364, logdetD=-0.0187165379389095, t=13.3987
# xi=152.911899678641, logdetD=-0.0142760072260459, t=13.0303
# xi=159.283228831918, logdetD=-0.0109013737076785, t=12.9067
# xi=165.654557985195, logdetD=-0.0083285609738955, t=13.1048
# xi=172.025887138471, logdetD=-0.00636742116453123, t=13.0588
# xi=178.397216291748, logdetD=-0.00487195979133596, t=12.9385
# xi=184.768545445025, logdetD=-0.00372943701094409, t=12.8201
# xi=191.139874598301, logdetD=-0.00285705096521362, t=12.7199
# xi=197.511203751578, logdetD=-0.00218994234278358, t=12.6134
# xi=203.882532904855, logdetD=-0.00167933426333615, t=12.2445
# xi=210.253862058132, logdetD=-0.00128878798850308, t=12.4721
# xi=216.625191211408, logdetD=-0.000989445803677011, t=12.2384
# xi=222.996520364685, logdetD=-0.000760022013881562, t=12.1511
# xi=229.367849517962, logdetD=-0.000584131378173486, t=11.9781
# xi=235.739178671239, logdetD=-0.000449106239127555, t=12.0727
# xi=242.110507824515, logdetD=-0.000345488329089537, t=11.9292
# xi=248.481836977792, logdetD=-0.000265887894571808, t=11.6446
# xi=254.853166131069, logdetD=-0.000204697009117121, t=11.3445
# xi=261.224495284345, logdetD=-0.000157679291279944, t=11.2121
# xi=267.595824437622, logdetD=-0.000121497983300355, t=11.1642
# xi=273.967153590899, logdetD=-9.36559393531351e-05, t=11.0529
# xi=280.338482744176, logdetD=-7.22256669199683e-05, t=10.8902
# xi=286.709811897452, logdetD=-5.57147364618412e-05, t=10.71
# xi=293.081141050729, logdetD=-4.29969583809738e-05, t=10.6215
# xi=299.452470204006, logdetD=-3.31930181430852e-05, t=10.5697
# xi=305.823799357282, logdetD=-2.56315014463176e-05, t=10.3435
# xi=312.195128510559, logdetD=-1.98013226940807e-05, t=10.1018
# xi=318.566457663836, logdetD=-1.53010177220609e-05, t=10.0609
# xi=324.937786817113, logdetD=-1.1827231212808e-05, t=9.77192
# xi=331.309115970389, logdetD=-9.14524621313264e-06, t=9.51152
# xi=337.680445123666, logdetD=-7.07305340409975e-06, t=9.25149
# xi=344.051774276943, logdetD=-5.47229018905907e-06, t=9.25816
# xi=350.423103430219, logdetD=-4.23491609252824e-06, t=9.05722
# xi=356.794432583496, logdetD=-3.27806346152266e-06, t=8.91333
# xi=363.165761736773, logdetD=-2.53830282804163e-06, t=8.59914
# xi=369.53709089005, logdetD=-1.96587851931919e-06, t=8.41611
# xi=375.908420043326, logdetD=-1.52293506150625e-06, t=8.24617
# xi=382.279749196603, logdetD=-1.18012209039667e-06, t=7.93655
# xi=388.65107834988, logdetD=-9.14649057806545e-07, t=7.66888
# xi=395.022407503156, logdetD=-7.09830959008732e-07, t=7.51672
#
# 3524 determinants computed
#
# L/R, L, R, T, ldim, F*(L+R)/(ħc)
0.018425, 1.4003e-07, 7.6e-06, 300, 435, -84.79625843479656
# finished at Mi 14. Feb 14:50:49 CET 2018
