# starting on alcc116 at Thu Apr 13 03:39:13 CEST 2017
# ../casimir_fixed -R 50e-6 -L 435e-9 -T 295 --material ../../data/materials/GoldEpsIm.dat --cutoff 1e-12 --epsrel 1e-9 --eta 8.5

# L      = 4.35e-07
# R      = 5e-05
# LbyR   = 0.0087
# T      = 295
# cutoff = 1e-12
# epsrel = 1e-09
# ldim   = 978
# cores  = 9
# alpha  = 0.0172499256468722
# filename = ../../data/materials/GoldEpsIm.dat
# model  = optical data (xi=0: Drude)
# plasma = -30.7300089536454 (logdetD(xi=0) for plasma model with omegap=9eV)
#
# xi=0, logdetD=-16.8074059018808, t=4.48238
# xi=40.8244351440609, logdetD=-13.5055324970088, t=41.0443
# xi=81.6488702881219, logdetD=-6.0791625704378, t=43.3789
# xi=122.473305432183, logdetD=-2.78354342687479, t=47.7793
# xi=163.297740576244, logdetD=-1.2844591790489, t=51.0034
# xi=204.122175720305, logdetD=-0.595109181503913, t=54.0384
# xi=244.946610864366, logdetD=-0.276412784963205, t=57.115
# xi=285.771046008427, logdetD=-0.128713251515369, t=57.3847
# xi=326.595481152488, logdetD=-0.0599953755292963, t=57.7687
# xi=367.419916296548, logdetD=-0.0280064239230016, t=57.0911
# xi=408.244351440609, logdetD=-0.0130818396030933, t=56.105
# xi=449.06878658467, logdetD=-0.00612754100335335, t=56.0893
# xi=489.893221728731, logdetD=-0.00287136106833841, t=55.015
# xi=530.717656872792, logdetD=-0.00134791445241047, t=54.1599
# xi=571.542092016853, logdetD=-0.000633569412154119, t=53.6738
# xi=612.366527160914, logdetD=-0.000298047708128004, t=52.3739
# xi=653.190962304975, logdetD=-0.000140481781124242, t=50.6012
# xi=694.015397449036, logdetD=-6.62549484763445e-05, t=49.2784
# xi=734.839832593097, logdetD=-3.12910060330496e-05, t=47.8013
# xi=775.664267737158, logdetD=-1.47931825424837e-05, t=46.8334
# xi=816.488702881219, logdetD=-6.99889617799718e-06, t=44.3271
# xi=857.31313802528, logdetD=-3.31591707271554e-06, t=42.3438
# xi=898.137573169341, logdetD=-1.5718672977778e-06, t=40.6961
# xi=938.962008313402, logdetD=-7.45919507647672e-07, t=38.7152
# xi=979.786443457463, logdetD=-3.54244540095514e-07, t=36.1629
# xi=1020.61087860152, logdetD=-1.68338180477187e-07, t=33.8459
# xi=1061.43531374558, logdetD=-8.00770919626252e-08, t=31.1813
# xi=1102.25974888965, logdetD=-3.810910458054e-08, t=29.8185
# xi=1143.08418403371, logdetD=-1.81513971337371e-08, t=29.6708
# xi=1183.90861917777, logdetD=-8.65058926650367e-09, t=29.4089
#
# L/R, L, R, T, ldim, F*(L+R)/(ħc)
0.008699999999999999, 4.35e-07, 5e-05, 295, 978, -431.0286589414964
# finished at Thu Apr 13 04:01:43 CEST 2017
