# starting on alcc115 at Wed Apr 12 20:02:28 CEST 2017
# ../casimir_fixed -R 30e-6 -L 385e-9 -T 295 --material ../../data/materials/GoldEpsIm.dat --cutoff 1e-12 --epsrel 1e-9 --eta 9

# L      = 3.85e-07
# R      = 3e-05
# LbyR   = 0.0128333333333333
# T      = 295
# cutoff = 1e-12
# epsrel = 1e-09
# ldim   = 702
# cores  = 9
# alpha  = 0.0253414513740332
# filename = ../../data/materials/GoldEpsIm.dat
# model  = optical data (xi=0: Drude)
# plasma = -20.2545809518563 (logdetD(xi=0) for plasma model with omegap=9eV)
#
# xi=0, logdetD=-11.266356606394, t=2.6654
# xi=24.59503245469, logdetD=-9.89450904844083, t=21.3956
# xi=49.1900649093801, logdetD=-4.8388676010289, t=20.987
# xi=73.7850973640701, logdetD=-2.40209945203703, t=21.5643
# xi=98.3801298187601, logdetD=-1.20149549031368, t=23.3593
# xi=122.97516227345, logdetD=-0.603496100640659, t=25.0583
# xi=147.57019472814, logdetD=-0.303937589082928, t=26.6832
# xi=172.16522718283, logdetD=-0.15347821861363, t=28.0029
# xi=196.76025963752, logdetD=-0.077582498142345, t=28.209
# xi=221.35529209221, logdetD=-0.0392767987499425, t=28.4498
# xi=245.9503245469, logdetD=-0.0198966822989659, t=28.703
# xi=270.54535700159, logdetD=-0.0101071123767394, t=28.1033
# xi=295.14038945628, logdetD=-0.00513632134241967, t=27.9113
# xi=319.73542191097, logdetD=-0.00261483255397426, t=27.0571
# xi=344.33045436566, logdetD=-0.00133286854014454, t=27.1614
# xi=368.92548682035, logdetD=-0.000679964111505973, t=26.3669
# xi=393.52051927504, logdetD=-0.000347554916449205, t=25.9081
# xi=418.115551729731, logdetD=-0.000177755430658997, t=25.3336
# xi=442.710584184421, logdetD=-9.1038257393143e-05, t=24.7966
# xi=467.305616639111, logdetD=-4.66730184852755e-05, t=24.2411
# xi=491.900649093801, logdetD=-2.3946108568907e-05, t=23.5704
# xi=516.495681548491, logdetD=-1.2303035127643e-05, t=22.9693
# xi=541.090714003181, logdetD=-6.32457142263493e-06, t=22.0942
# xi=565.685746457871, logdetD=-3.25475340998063e-06, t=21.4766
# xi=590.280778912561, logdetD=-1.67627518090051e-06, t=20.5645
# xi=614.875811367251, logdetD=-8.63868196219983e-07, t=19.7851
# xi=639.470843821941, logdetD=-4.45658939594065e-07, t=18.7627
# xi=664.065876276631, logdetD=-2.30017291031803e-07, t=17.8403
# xi=688.660908731321, logdetD=-1.1881945231989e-07, t=16.6483
# xi=713.255941186011, logdetD=-6.14155598873755e-08, t=15.8944
# xi=737.850973640701, logdetD=-3.17611627887302e-08, t=15.1673
# xi=762.446006095391, logdetD=-1.64384672975596e-08, t=15.0936
# xi=787.041038550081, logdetD=-8.51125232822458e-09, t=15.1539
#
# L/R, L, R, T, ldim, F*(L+R)/(ħc)
0.01283333333333333, 3.85e-07, 3e-05, 295, 702, -197.1960126346744
# finished at Wed Apr 12 20:14:45 CEST 2017
