# starting on alcc119 at Wed Apr 12 19:57:54 CEST 2017
# ../casimir_fixed -R 30e-6 -L 425e-9 -T 295 --material ../../data/materials/GoldEpsIm.dat --cutoff 1e-12 --epsrel 1e-9 --eta 9

# L      = 4.25e-07
# R      = 3e-05
# LbyR   = 0.0141666666666667
# T      = 295
# cutoff = 1e-12
# epsrel = 1e-09
# ldim   = 636
# cores  = 9
# alpha  = 0.0279375513557929
# filename = ../../data/materials/GoldEpsIm.dat
# model  = optical data (xi=0: Drude)
# plasma = -18.3137129517412 (logdetD(xi=0) for plasma model with omegap=9eV)
#
# xi=0, logdetD=-10.1701225023074, t=2.40742
# xi=24.627410315417, logdetD=-8.38811116819894, t=17.2724
# xi=49.2548206308339, logdetD=-3.84578938752361, t=17.4948
# xi=73.8822309462509, logdetD=-1.79087043711823, t=17.8383
# xi=98.5096412616678, logdetD=-0.840145144122107, t=19.6477
# xi=123.137051577085, logdetD=-0.395686486010805, t=21.367
# xi=147.764461892502, logdetD=-0.186816509737608, t=22.2788
# xi=172.391872207919, logdetD=-0.0884245924962508, t=23.2642
# xi=197.019282523336, logdetD=-0.0418940743817305, t=23.6654
# xi=221.646692838753, logdetD=-0.0198779173041225, t=23.4259
# xi=246.27410315417, logdetD=-0.00943744995058383, t=22.9463
# xi=270.901513469587, logdetD=-0.00449303332721561, t=22.7528
# xi=295.528923785003, logdetD=-0.00213995563888876, t=22.3138
# xi=320.15633410042, logdetD=-0.00102103260506843, t=21.6575
# xi=344.783744415837, logdetD=-0.000487786136815817, t=21.5875
# xi=369.411154731254, logdetD=-0.000233226289669475, t=20.6992
# xi=394.038565046671, logdetD=-0.000111729371536245, t=20.6755
# xi=418.665975362088, logdetD=-5.35576251981963e-05, t=20.0672
# xi=443.293385677505, logdetD=-2.57086223151073e-05, t=19.493
# xi=467.920795992922, logdetD=-1.23531725090288e-05, t=18.8275
# xi=492.548206308339, logdetD=-5.94026889674589e-06, t=18.1946
# xi=517.175616623756, logdetD=-2.86050364510559e-06, t=17.5848
# xi=541.803026939173, logdetD=-1.37822540251948e-06, t=16.6771
# xi=566.43043725459, logdetD=-6.64761229483025e-07, t=15.9597
# xi=591.057847570007, logdetD=-3.2088594638009e-07, t=15.1297
# xi=615.685257885424, logdetD=-1.54991918577786e-07, t=14.0536
# xi=640.312668200841, logdetD=-7.49408956426245e-08, t=13.3297
# xi=664.940078516258, logdetD=-3.62517919007551e-08, t=12.445
# xi=689.567488831675, logdetD=-1.75512142812239e-08, t=12.4177
# xi=714.194899147092, logdetD=-8.50248392200438e-09, t=12.3583
#
# L/R, L, R, T, ldim, F*(L+R)/(ħc)
0.01416666666666667, 4.25e-07, 3e-05, 295, 636, -162.27588799242
# finished at Wed Apr 12 20:07:02 CEST 2017
