# starting on alcc114 at Di 20. Feb 12:08:38 CET 2018
# compiler: icc
# compile time: Feb  1 2018 09:49:34
# compiled on: Linux alcc83 3.16.0-4-amd64 #1 SMP Debian 3.16.51-3 (2017-12-13) x86_64 GNU/Linux
# LAPACK support: false
# git HEAD: b96c9c30c7b1cdd2d059ceccd0396c6d55d3da95
# git branch: dev
#
# LbyR = 0.00635
# L = 1.016e-07
# R = 1.6e-05
# T = 300
# cutoff = 5e-08
# epsrel = 1e-07
# iepsrel = 2e-07
# ldim = 1260
# cores = 6
# alpha = 0.0126198638644607
# filename = /alcc/gpfs1/home/u/hartmmic/libcasimir-dev/data/materials/GoldDalvit.dat
# model = optical data (xi=0: Drude)
# plasma = -37.9192236564631 (logdetD(xi=0) for plasma model with omegap=1.36734e+16eV)
#
# xi=0, logdetD=-23.1826675741065, t=5.13042
# xi=13.2542888715419, logdetD=-30.0600981135814, t=48.7323
# xi=26.5085777430838, logdetD=-23.6781167088504, t=50.7205
# xi=39.7628666146257, logdetD=-18.6583509202408, t=53.7755
# xi=53.0171554861676, logdetD=-14.744476378969, t=54.2786
# xi=66.2714443577094, logdetD=-11.6842584186662, t=55.1617
# xi=79.5257332292513, logdetD=-9.28183349446995, t=55.8162
# xi=92.7800221007932, logdetD=-7.39754470626795, t=58.6195
# xi=106.034310972335, logdetD=-5.89440765175516, t=59.9986
# xi=119.288599843877, logdetD=-4.7141790171065, t=60.939
# xi=132.542888715419, logdetD=-3.77227499362398, t=62.1693
# xi=145.797177586961, logdetD=-3.02346927225505, t=62.5706
# xi=159.051466458503, logdetD=-2.42802053624596, t=62.0088
# xi=172.305755330045, logdetD=-1.95124734602117, t=62.9165
# xi=185.560044201586, logdetD=-1.57095194449526, t=62.2502
# xi=198.814333073128, logdetD=-1.26614896408256, t=63.2213
# xi=212.06862194467, logdetD=-1.02125311640026, t=62.7808
# xi=225.322910816212, logdetD=-0.825209370464538, t=63.1408
# xi=238.577199687754, logdetD=-0.66720534240271, t=62.8337
# xi=251.831488559296, logdetD=-0.53999408985181, t=63.4076
# xi=265.085777430838, logdetD=-0.437546471135881, t=63.4412
# xi=278.34006630238, logdetD=-0.354743887509925, t=63.1992
# xi=291.594355173922, logdetD=-0.287929745608572, t=63.7881
# xi=304.848644045463, logdetD=-0.233874893273683, t=63.964
# xi=318.102932917005, logdetD=-0.190075156543913, t=63.1738
# xi=331.357221788547, logdetD=-0.154650535217365, t=63.0253
# xi=344.611510660089, logdetD=-0.125888578923574, t=63.1694
# xi=357.865799531631, logdetD=-0.102546209065816, t=63.1128
# xi=371.120088403173, logdetD=-0.0835973684973327, t=62.8662
# xi=384.374377274715, logdetD=-0.0681804854553665, t=63.0034
# xi=397.628666146257, logdetD=-0.0556488842433776, t=62.8767
# xi=410.882955017799, logdetD=-0.0454451803775651, t=63.3163
# xi=424.13724388934, logdetD=-0.0371282699397981, t=62.0245
# xi=437.391532760882, logdetD=-0.0303568000784985, t=62.5311
# xi=450.645821632424, logdetD=-0.024829611591095, t=63.1333
# xi=463.900110503966, logdetD=-0.0203190614846507, t=61.9128
# xi=477.154399375508, logdetD=-0.0166373344525291, t=61.7448
# xi=490.40868824705, logdetD=-0.0136274714008393, t=61.5316
# xi=503.662977118592, logdetD=-0.01116835625052, t=61.1249
# xi=516.917265990134, logdetD=-0.00915675507084194, t=61.3804
# xi=530.171554861676, logdetD=-0.00750999422930383, t=61.1824
# xi=543.425843733217, logdetD=-0.00616290107712841, t=60.1668
# xi=556.680132604759, logdetD=-0.00505895097542951, t=60.6692
# xi=569.934421476301, logdetD=-0.00415437697478773, t=59.9328
# xi=583.188710347843, logdetD=-0.00341302669807331, t=60.4195
# xi=596.442999219385, logdetD=-0.00280475372680198, t=59.251
# xi=609.697288090927, logdetD=-0.0023058848745078, t=59.0186
# xi=622.951576962469, logdetD=-0.00189636102173094, t=58.6924
# xi=636.205865834011, logdetD=-0.00155999116781322, t=57.7533
# xi=649.460154705553, logdetD=-0.00128385280448856, t=57.2949
# xi=662.714443577094, logdetD=-0.00105685167765722, t=57.4804
# xi=675.968732448636, logdetD=-0.00087026034034539, t=57.3432
# xi=689.223021320178, logdetD=-0.000716858806381415, t=56.2963
# xi=702.47731019172, logdetD=-0.000590632543152129, t=55.9789
# xi=715.731599063262, logdetD=-0.000486801278706053, t=55.9916
# xi=728.985887934804, logdetD=-0.000401328301029008, t=55.4385
# xi=742.240176806346, logdetD=-0.000330936831258286, t=54.6718
# xi=755.494465677888, logdetD=-0.000272988385330863, t=54.1773
# xi=768.74875454943, logdetD=-0.000225232471701281, t=53.5318
# xi=782.003043420971, logdetD=-0.000185878800381225, t=53.4953
# xi=795.257332292513, logdetD=-0.000153444101875453, t=52.6627
# xi=808.511621164055, logdetD=-0.000126693215864312, t=52.7866
# xi=821.765910035597, logdetD=-0.000104743815815942, t=52.7432
# xi=835.020198907139, logdetD=-8.66828152425981e-05, t=51.6472
# xi=848.274487778681, logdetD=-7.16937289606149e-05, t=50.6821
# xi=861.528776650223, logdetD=-5.92598605190392e-05, t=50.7557
# xi=874.783065521765, logdetD=-4.89506324748958e-05, t=49.9555
# xi=888.037354393306, logdetD=-4.04073409851198e-05, t=49.3081
# xi=901.291643264848, logdetD=-3.33795839754635e-05, t=48.2169
# xi=914.54593213639, logdetD=-2.76554267479951e-05, t=47.4987
# xi=927.800221007932, logdetD=-2.29013677994876e-05, t=46.9009
# xi=941.054509879474, logdetD=-1.89546045526547e-05, t=46.3627
# xi=954.308798751016, logdetD=-1.5679432876617e-05, t=46.0058
# xi=967.563087622558, logdetD=-1.29627683725006e-05, t=45.1244
# xi=980.8173764941, logdetD=-1.07166259665485e-05, t=44.3695
# xi=994.071665365642, logdetD=-8.88786421462489e-06, t=43.8793
# xi=1007.32595423718, logdetD=-7.36797776226649e-06, t=43.1858
# xi=1020.58024310873, logdetD=-6.10524946344769e-06, t=42.5509
# xi=1033.83453198027, logdetD=-5.05655809752973e-06, t=41.7627
# xi=1047.08882085181, logdetD=-4.18595847941861e-06, t=41.2418
# xi=1060.34310972335, logdetD=-3.46349504704668e-06, t=40.1131
# xi=1073.59739859489, logdetD=-2.87486230017695e-06, t=39.1958
# xi=1086.85168746643, logdetD=-2.38553389744333e-06, t=39.1054
# xi=1100.10597633798, logdetD=-1.97871739839119e-06, t=38.659
#
# 7962 determinants computed
#
# L/R, L, R, T, ldim, F*(L+R)/(ħc)
0.00635, 1.016e-07, 1.6e-05, 300, 1260, -662.8674101569181
# finished at Di 20. Feb 13:25:58 CET 2018
