# starting on alcc115 at Di 20. Feb 12:08:38 CET 2018
# compiler: icc
# compile time: Feb  1 2018 09:49:34
# compiled on: Linux alcc83 3.16.0-4-amd64 #1 SMP Debian 3.16.51-3 (2017-12-13) x86_64 GNU/Linux
# LAPACK support: false
# git HEAD: b96c9c30c7b1cdd2d059ceccd0396c6d55d3da95
# git branch: dev
#
# LbyR = 0.00565
# L = 9.04e-08
# R = 1.6e-05
# T = 300
# cutoff = 5e-08
# epsrel = 1e-07
# iepsrel = 2e-07
# ldim = 1416
# cores = 7
# alpha = 0.0112365136976085
# filename = /alcc/gpfs1/home/u/hartmmic/libcasimir-dev/data/materials/GoldDalvit.dat
# model = optical data (xi=0: Drude)
# plasma = -42.1790288640145 (logdetD(xi=0) for plasma model with omegap=1.36734e+16eV)
#
# xi=0, logdetD=-26.1084848222403, t=6.16691
# xi=13.2450694128942, logdetD=-34.0847939387359, t=50.4695
# xi=26.4901388257884, logdetD=-27.4198480630056, t=54.7072
# xi=39.7352082386827, logdetD=-22.0467139602932, t=55.9457
# xi=52.9802776515769, logdetD=-17.7677787144843, t=56.7565
# xi=66.2253470644711, logdetD=-14.3549882348704, t=57.529
# xi=79.4704164773653, logdetD=-11.6237195296924, t=58.6008
# xi=92.7154858902595, logdetD=-9.44164697986099, t=61.6868
# xi=105.960555303154, logdetD=-7.66672157747445, t=62.2405
# xi=119.205624716048, logdetD=-6.2481605599974, t=63.4931
# xi=132.450694128942, logdetD=-5.09455199300729, t=64.3736
# xi=145.695763541836, logdetD=-4.16052249778706, t=64.685
# xi=158.940832954731, logdetD=-3.40423732892581, t=64.6781
# xi=172.185902367625, logdetD=-2.78737871738763, t=65.5391
# xi=185.430971780519, logdetD=-2.2864004643241, t=64.6274
# xi=198.676041193413, logdetD=-1.87746834779697, t=64.9879
# xi=211.921110606308, logdetD=-1.54281560877743, t=64.1583
# xi=225.166180019202, logdetD=-1.27007523802912, t=65.0116
# xi=238.411249432096, logdetD=-1.04617697806054, t=64.1144
# xi=251.65631884499, logdetD=-0.862600704984696, t=64.7475
# xi=264.901388257884, logdetD=-0.712056917125777, t=65.7032
# xi=278.146457670779, logdetD=-0.588127510286982, t=65.5363
# xi=291.391527083673, logdetD=-0.486299923963399, t=65.6551
# xi=304.636596496567, logdetD=-0.402400499890771, t=65.3624
# xi=317.881665909461, logdetD=-0.333161062604484, t=65.9708
# xi=331.126735322356, logdetD=-0.276140263666686, t=66.1236
# xi=344.37180473525, logdetD=-0.228987207656309, t=66.517
# xi=357.616874148144, logdetD=-0.190014977725463, t=65.9626
# xi=370.861943561038, logdetD=-0.157797756458074, t=66.6895
# xi=384.107012973932, logdetD=-0.131100946557103, t=66.3674
# xi=397.352082386827, logdetD=-0.109002554140523, t=65.7787
# xi=410.597151799721, logdetD=-0.090677610151306, t=66.1407
# xi=423.842221212615, logdetD=-0.0754652206831211, t=66.4561
# xi=437.087290625509, logdetD=-0.0628529009093576, t=66.1584
# xi=450.332360038404, logdetD=-0.0523678396733081, t=66.0896
# xi=463.577429451298, logdetD=-0.0436537755598006, t=65.4321
# xi=476.822498864192, logdetD=-0.0364102264471597, t=65.6097
# xi=490.067568277086, logdetD=-0.0303790994075034, t=66.1484
# xi=503.31263768998, logdetD=-0.0253610426719381, t=65.2559
# xi=516.557707102875, logdetD=-0.0211805026942549, t=64.8226
# xi=529.802776515769, logdetD=-0.0176949720191272, t=65.0588
# xi=543.047845928663, logdetD=-0.0147914105467563, t=64.5996
# xi=556.292915341557, logdetD=-0.0123679575607013, t=64.0327
# xi=569.537984754451, logdetD=-0.0103455949630158, t=64.5916
# xi=582.783054167346, logdetD=-0.00865765455469124, t=63.7562
# xi=596.02812358024, logdetD=-0.00724712125800516, t=63.8715
# xi=609.273192993134, logdetD=-0.00606900815357708, t=63.5436
# xi=622.518262406028, logdetD=-0.00508404882132566, t=63.672
# xi=635.763331818923, logdetD=-0.00426009051665399, t=62.4226
# xi=649.008401231817, logdetD=-0.00357124103865889, t=62.2836
# xi=662.253470644711, logdetD=-0.00299450297928649, t=62.605
# xi=675.498540057605, logdetD=-0.00251169080615142, t=61.4425
# xi=688.743609470499, logdetD=-0.00210744571015709, t=61.5437
# xi=701.988678883394, logdetD=-0.00176866509759535, t=61.668
# xi=715.233748296288, logdetD=-0.00148485824548963, t=61.1294
# xi=728.478817709182, logdetD=-0.00124691783780652, t=60.1296
# xi=741.723887122076, logdetD=-0.00104734004047724, t=60.2181
# xi=754.968956534971, logdetD=-0.000880016906735899, t=59.5404
# xi=768.214025947865, logdetD=-0.000739574554850841, t=58.9275
# xi=781.459095360759, logdetD=-0.000621705592268038, t=59.1409
# xi=794.704164773653, logdetD=-0.000522767910942793, t=59.0829
# xi=807.949234186548, logdetD=-0.000439658874471868, t=58.0896
# xi=821.194303599442, logdetD=-0.000370248821021535, t=57.9285
# xi=834.439373012336, logdetD=-0.00031210484593694, t=57.735
# xi=847.68444242523, logdetD=-0.000262936932944233, t=56.6056
# xi=860.929511838124, logdetD=-0.000221378105173224, t=56.5364
# xi=874.174581251019, logdetD=-0.00018626731759985, t=55.9837
# xi=887.419650663913, logdetD=-0.000156618703526252, t=55.6867
# xi=900.664720076807, logdetD=-0.000131785890703446, t=55.5432
# xi=913.909789489701, logdetD=-0.000111216998488203, t=54.764
# xi=927.154858902595, logdetD=-9.38114170061105e-05, t=54.3926
# xi=940.39992831549, logdetD=-7.90884594407764e-05, t=53.553
# xi=953.644997728384, logdetD=-6.66397711872691e-05, t=53.1707
# xi=966.890067141278, logdetD=-5.61185321584689e-05, t=53.0398
# xi=980.135136554172, logdetD=-4.72576685274357e-05, t=52.353
# xi=993.380205967067, logdetD=-3.99223117611272e-05, t=50.8183
# xi=1006.62527537996, logdetD=-3.37109698967002e-05, t=50.7584
# xi=1019.87034479286, logdetD=-2.84532346193598e-05, t=49.8773
# xi=1033.11541420575, logdetD=-2.40043052136452e-05, t=49.5037
# xi=1046.36048361864, logdetD=-2.02411687525211e-05, t=48.3445
# xi=1059.60555303154, logdetD=-1.70593457920116e-05, t=48.2126
# xi=1072.85062244443, logdetD=-1.44235001070841e-05, t=47.8058
# xi=1086.09569185733, logdetD=-1.21911747261466e-05, t=47.2452
# xi=1099.34076127022, logdetD=-1.03003204310046e-05, t=47.0915
# xi=1112.58583068311, logdetD=-8.6992145082679e-06, t=46.0345
# xi=1125.83090009601, logdetD=-7.34390474082517e-06, t=45.5453
# xi=1139.0759695089, logdetD=-6.19704923107306e-06, t=44.2851
# xi=1152.3210389218, logdetD=-5.24124533985311e-06, t=44.1664
# xi=1165.56610833469, logdetD=-4.43389499538508e-06, t=43.3848
# xi=1178.81117774759, logdetD=-3.74961961034569e-06, t=42.7577
# xi=1192.05624716048, logdetD=-3.16982261442399e-06, t=42.1752
# xi=1205.30131657337, logdetD=-2.67869591659916e-06, t=41.7749
# xi=1218.54638598627, logdetD=-2.26280545178438e-06, t=40.7428
#
# 9416 determinants computed
#
# L/R, L, R, T, ldim, F*(L+R)/(ħc)
0.005650000000000001, 9.04e-08, 1.6e-05, 300, 1416, -810.3351804050706
# finished at Di 20. Feb 13:38:41 CET 2018
