# starting on alcc125 at Di 20. Feb 09:23:53 CET 2018
# compiler: icc
# compile time: Feb  1 2018 09:49:34
# compiled on: Linux alcc83 3.16.0-4-amd64 #1 SMP Debian 3.16.51-3 (2017-12-13) x86_64 GNU/Linux
# LAPACK support: false
# git HEAD: b96c9c30c7b1cdd2d059ceccd0396c6d55d3da95
# git branch: dev
#
# LbyR = 0.00775
# L = 1.24e-07
# R = 1.6e-05
# T = 300
# cutoff = 5e-08
# epsrel = 1e-07
# iepsrel = 2e-07
# ldim = 1033
# cores = 5
# alpha = 0.0153807988092285
# filename = /alcc/gpfs1/home/u/hartmmic/libcasimir-dev/data/materials/GoldDalvit.dat
# model = optical data (xi=0: Drude)
# plasma = -31.5326175157867 (logdetD(xi=0) for plasma model with omegap=1.36734e+16eV)
#
# xi=0, logdetD=-18.9183751847507, t=3.80614
# xi=13.2727277888372, logdetD=-24.07007921639, t=41.2554
# xi=26.5454555776744, logdetD=-18.1952668523568, t=43.9125
# xi=39.8181833665117, logdetD=-13.7830274161479, t=45.5755
# xi=53.0909111553489, logdetD=-10.4796564476358, t=46.2614
# xi=66.3636389441861, logdetD=-7.99444587960326, t=46.797
# xi=79.6363667330234, logdetD=-6.11541654245438, t=48.901
# xi=92.9090945218606, logdetD=-4.69429400140238, t=50.4182
# xi=106.181822310698, logdetD=-3.60301084805456, t=51.1979
# xi=119.454550099535, logdetD=-2.77595464795086, t=51.6307
# xi=132.727277888372, logdetD=-2.13998972209229, t=52.4145
# xi=146.000005677209, logdetD=-1.65246596408678, t=51.041
# xi=159.272733466047, logdetD=-1.27853327202413, t=51.6001
# xi=172.545461254884, logdetD=-0.989947239550385, t=51.7138
# xi=185.818189043721, logdetD=-0.76791487409748, t=52.4069
# xi=199.090916832558, logdetD=-0.596337862595187, t=51.8282
# xi=212.363644621396, logdetD=-0.46345086150734, t=52.7107
# xi=225.636372410233, logdetD=-0.360833550417207, t=53.1373
# xi=238.90910019907, logdetD=-0.281112101054146, t=53.2245
# xi=252.181827987907, logdetD=-0.219226404859448, t=52.7408
# xi=265.454555776744, logdetD=-0.171166664691364, t=53.2977
# xi=278.727283565582, logdetD=-0.133723001479313, t=53.2909
# xi=292.000011354419, logdetD=-0.104587807615396, t=53.1531
# xi=305.272739143256, logdetD=-0.0818629049112415, t=53.2997
# xi=318.545466932093, logdetD=-0.0641125272513028, t=53.4172
# xi=331.818194720931, logdetD=-0.050267795663545, t=53.2708
# xi=345.090922509768, logdetD=-0.0394321148671758, t=52.9989
# xi=358.363650298605, logdetD=-0.030953783035343, t=52.9476
# xi=371.636378087442, logdetD=-0.0243176892449929, t=52.0931
# xi=384.90910587628, logdetD=-0.0191130183728365, t=52.3364
# xi=398.181833665117, logdetD=-0.0150338375857281, t=52.0006
# xi=411.454561453954, logdetD=-0.0118317577373478, t=52.0992
# xi=424.727289242791, logdetD=-0.009315743413259, t=51.7054
# xi=438.000017031628, logdetD=-0.00734047676923254, t=51.1025
# xi=451.272744820466, logdetD=-0.00578624038031936, t=51.0912
# xi=464.545472609303, logdetD=-0.00456343050835716, t=50.8353
# xi=477.81820039814, logdetD=-0.00360110468048303, t=50.2339
# xi=491.090928186977, logdetD=-0.00284271750733451, t=50.0358
# xi=504.363655975815, logdetD=-0.00224531192098477, t=49.7674
# xi=517.636383764652, logdetD=-0.00177418977477975, t=48.7551
# xi=530.909111553489, logdetD=-0.00140239666690142, t=49.0909
# xi=544.181839342326, logdetD=-0.0011091527712833, t=48.7331
# xi=557.454567131163, logdetD=-0.000877491527514585, t=48.0125
# xi=570.727294920001, logdetD=-0.000694490181104584, t=47.911
# xi=584.000022708838, logdetD=-0.000549894090941612, t=47.2125
# xi=597.272750497675, logdetD=-0.000435526176536853, t=47.1325
# xi=610.545478286512, logdetD=-0.000345094862407629, t=46.242
# xi=623.81820607535, logdetD=-0.000273529463317516, t=46.2792
# xi=637.090933864187, logdetD=-0.000216864340534724, t=45.5372
# xi=650.363661653024, logdetD=-0.000172014496246204, t=45.3859
# xi=663.636389441861, logdetD=-0.000136473438450236, t=44.095
# xi=676.909117230698, logdetD=-0.000108309880314843, t=43.8369
# xi=690.181845019536, logdetD=-8.59879865965325e-05, t=43.5735
# xi=703.454572808373, logdetD=-6.82821252423256e-05, t=42.9563
# xi=716.72730059721, logdetD=-5.42409406633784e-05, t=42.3592
# xi=730.000028386047, logdetD=-4.30984134974681e-05, t=41.7797
# xi=743.272756174885, logdetD=-3.42525286412569e-05, t=41.0239
# xi=756.545483963722, logdetD=-2.72318971401165e-05, t=40.5656
# xi=769.818211752559, logdetD=-2.16546333018945e-05, t=40.0434
# xi=783.090939541396, logdetD=-1.72240672698362e-05, t=39.7343
# xi=796.363667330234, logdetD=-1.37038305899607e-05, t=38.8531
# xi=809.636395119071, logdetD=-1.09051289996408e-05, t=38.4535
# xi=822.909122907908, logdetD=-8.68945436496443e-06, t=37.0946
# xi=836.181850696745, logdetD=-6.93081467155434e-06, t=36.5348
# xi=849.454578485582, logdetD=-5.52482188583881e-06, t=35.7906
# xi=862.72730627442, logdetD=-4.40131269367786e-06, t=35.3706
# xi=876.000034063257, logdetD=-3.50399168349125e-06, t=34.8485
# xi=889.272761852094, logdetD=-2.78770539618266e-06, t=33.4713
# xi=902.545489640931, logdetD=-2.219470831675e-06, t=33.325
# xi=915.818217429769, logdetD=-1.77228251806765e-06, t=32.3594
#
# 5957 determinants computed
#
# L/R, L, R, T, ldim, F*(L+R)/(ħc)
0.00775, 1.24e-07, 1.6e-05, 300, 1033, -467.7352871063954
# finished at Di 20. Feb 10:17:52 CET 2018
