# starting on alcc115 at Di 20. Feb 10:47:00 CET 2018
# compiler: icc
# compile time: Feb  1 2018 09:49:34
# compiled on: Linux alcc83 3.16.0-4-amd64 #1 SMP Debian 3.16.51-3 (2017-12-13) x86_64 GNU/Linux
# LAPACK support: false
# git HEAD: b96c9c30c7b1cdd2d059ceccd0396c6d55d3da95
# git branch: dev
#
# LbyR = 0.0067
# L = 1.072e-07
# R = 1.6e-05
# T = 300
# cutoff = 5e-08
# epsrel = 1e-07
# iepsrel = 2e-07
# ldim = 1195
# cores = 5
# alpha = 0.0133108175225986
# filename = /alcc/gpfs1/home/u/hartmmic/libcasimir-dev/data/materials/GoldDalvit.dat
# model = optical data (xi=0: Drude)
# plasma = -36.0947864500822 (logdetD(xi=0) for plasma model with omegap=1.36734e+16eV)
#
# xi=0, logdetD=-21.9492828480326, t=4.68467
# xi=13.2588986008657, logdetD=-28.3428829686816, t=53.5101
# xi=26.5177972017314, logdetD=-22.0944899498348, t=57.1616
# xi=39.7766958025972, logdetD=-17.2378858718315, t=58.5473
# xi=53.0355944034629, logdetD=-13.4901558185668, t=59.7531
# xi=66.2944930043286, logdetD=-10.5883198462078, t=62.2595
# xi=79.5533916051943, logdetD=-8.33175783654386, t=64.0332
# xi=92.8122902060601, logdetD=-6.57798592498924, t=64.7483
# xi=106.071188806926, logdetD=-5.19235218988211, t=65.8504
# xi=119.330087407792, logdetD=-4.11397132346288, t=67.004
# xi=132.588986008657, logdetD=-3.26134804820417, t=67.3219
# xi=145.847884609523, logdetD=-2.58966738459188, t=67.8989
# xi=159.106783210389, logdetD=-2.06034773281112, t=68.8038
# xi=172.365681811254, logdetD=-1.64041291573782, t=67.7603
# xi=185.62458041212, logdetD=-1.3084590279466, t=68.628
# xi=198.883479012986, logdetD=-1.0448186712841, t=68.5589
# xi=212.142377613852, logdetD=-0.834930493144618, t=69.2663
# xi=225.401276214717, logdetD=-0.668413131736748, t=70.0056
# xi=238.660174815583, logdetD=-0.535433819306184, t=69.7606
# xi=251.919073416449, logdetD=-0.429341391681201, t=69.6466
# xi=265.177972017314, logdetD=-0.3446732535105, t=69.9849
# xi=278.43687061818, logdetD=-0.276865879622949, t=70.2276
# xi=291.695769219046, logdetD=-0.222645655226909, t=70.194
# xi=304.954667819912, logdetD=-0.179178577765248, t=70.2756
# xi=318.213566420777, logdetD=-0.144279299078719, t=69.6886
# xi=331.472465021643, logdetD=-0.116307634591869, t=70.3998
# xi=344.731363622509, logdetD=-0.0938042448255752, t=70.804
# xi=357.990262223375, logdetD=-0.0757070887863428, t=69.8639
# xi=371.24916082424, logdetD=-0.0611493398181275, t=69.4692
# xi=384.508059425106, logdetD=-0.0494131535636563, t=69.8878
# xi=397.766958025972, logdetD=-0.0399598257831664, t=70.0361
# xi=411.025856626837, logdetD=-0.0323326033244751, t=69.6259
# xi=424.284755227703, logdetD=-0.0261724395443782, t=68.7058
# xi=437.543653828569, logdetD=-0.0212023158351012, t=68.9778
# xi=450.802552429435, logdetD=-0.0171824798099789, t=69.0864
# xi=464.0614510303, logdetD=-0.0139318573468268, t=67.793
# xi=477.320349631166, logdetD=-0.0113026278210756, t=68.3619
# xi=490.579248232032, logdetD=-0.00917279960334863, t=68.1847
# xi=503.838146832898, logdetD=-0.00744847868775046, t=67.55
# xi=517.097045433763, logdetD=-0.00605079185599164, t=67.5796
# xi=530.355944034629, logdetD=-0.00491703192395895, t=66.9652
# xi=543.614842635495, logdetD=-0.00399799325167059, t=66.9395
# xi=556.87374123636, logdetD=-0.00325170532994869, t=65.6198
# xi=570.132639837226, logdetD=-0.00264576282050667, t=65.4477
# xi=583.391538438092, logdetD=-0.00215367129239484, t=65.9341
# xi=596.650437038958, logdetD=-0.00175359585982861, t=65.4769
# xi=609.909335639823, logdetD=-0.00142845910732445, t=64.7029
# xi=623.168234240689, logdetD=-0.00116398373073534, t=63.8943
# xi=636.427132841555, logdetD=-0.000948732899061919, t=63.7093
# xi=649.68603144242, logdetD=-0.000773629962481027, t=62.9558
# xi=662.944930043286, logdetD=-0.000630998733419248, t=62.3817
# xi=676.203828644152, logdetD=-0.000514825706033212, t=61.5186
# xi=689.462727245018, logdetD=-0.000420185849319645, t=61.5141
# xi=702.721625845883, logdetD=-0.000343022056881884, t=60.829
# xi=715.980524446749, logdetD=-0.000280125989616928, t=61.0499
# xi=729.239423047615, logdetD=-0.00022882242785187, t=60.4586
# xi=742.498321648481, logdetD=-0.000186956717416601, t=59.9536
# xi=755.757220249346, logdetD=-0.000152804943124924, t=58.8449
# xi=769.016118850212, logdetD=-0.000124916993632827, t=58.4136
# xi=782.275017451078, logdetD=-0.000102145137658817, t=57.6115
# xi=795.533916051943, logdetD=-8.3547869336064e-05, t=57.0212
# xi=808.792814652809, logdetD=-6.83495816830267e-05, t=56.5804
# xi=822.051713253675, logdetD=-5.59897552787374e-05, t=55.2322
# xi=835.310611854541, logdetD=-4.59103993529062e-05, t=54.5782
# xi=848.569510455406, logdetD=-3.76232910923545e-05, t=54.0764
# xi=861.828409056272, logdetD=-3.08129628791603e-05, t=53.322
# xi=875.087307657138, logdetD=-2.52190108983064e-05, t=53.3841
# xi=888.346206258003, logdetD=-2.06265496858568e-05, t=52.8584
# xi=901.605104858869, logdetD=-1.68827775882934e-05, t=51.8716
# xi=914.864003459735, logdetD=-1.38592813025044e-05, t=51.3088
# xi=928.122902060601, logdetD=-1.13715281009053e-05, t=50.5979
# xi=941.381800661466, logdetD=-9.32542994962667e-06, t=49.3253
# xi=954.640699262332, logdetD=-7.64330006889031e-06, t=48.2052
# xi=967.899597863198, logdetD=-6.26101025220787e-06, t=46.8212
# xi=981.158496464064, logdetD=-5.12862181894492e-06, t=45.7404
# xi=994.417395064929, logdetD=-4.2144079295341e-06, t=45.2653
# xi=1007.6762936658, logdetD=-3.46165445484755e-06, t=44.1133
# xi=1020.93519226666, logdetD=-2.84206992512084e-06, t=43.4025
# xi=1034.19409086753, logdetD=-2.33228682574161e-06, t=42.1617
# xi=1047.45298946839, logdetD=-1.91300981877922e-06, t=41.3799
#
# 7311 determinants computed
#
# L/R, L, R, T, ldim, F*(L+R)/(ħc)
0.0067, 1.072e-07, 1.6e-05, 300, 1195, -603.9146532221489
# finished at Di 20. Feb 12:08:24 CET 2018
