# starting on alcc123 at Di 20. Feb 09:23:37 CET 2018
# compiler: icc
# compile time: Feb  1 2018 09:49:34
# compiled on: Linux alcc83 3.16.0-4-amd64 #1 SMP Debian 3.16.51-3 (2017-12-13) x86_64 GNU/Linux
# LAPACK support: false
# git HEAD: b96c9c30c7b1cdd2d059ceccd0396c6d55d3da95
# git branch: dev
#
# LbyR = 0.00985
# L = 1.576e-07
# R = 1.6e-05
# T = 300
# cutoff = 5e-08
# epsrel = 1e-07
# iepsrel = 2e-07
# ldim = 813
# cores = 4
# alpha = 0.0195078477001535
# filename = /alcc/gpfs1/home/u/hartmmic/libcasimir-dev/data/materials/GoldDalvit.dat
# model = optical data (xi=0: Drude)
# plasma = -25.1311550281447 (logdetD(xi=0) for plasma model with omegap=1.36734e+16eV)
#
# xi=0, logdetD=-14.7977131358926, t=2.76292
# xi=13.3003861647802, logdetD=-18.1443035230612, t=35.3786
# xi=26.6007723295604, logdetD=-12.9173095045895, t=37.7333
# xi=39.9011584943407, logdetD=-9.23596197840632, t=38.8554
# xi=53.2015446591209, logdetD=-6.63546978853935, t=40.676
# xi=66.5019308239011, logdetD=-4.78560475258156, t=41.715
# xi=79.8023169886814, logdetD=-3.46195090624003, t=42.5886
# xi=93.1027031534616, logdetD=-2.51346435380104, t=43.2094
# xi=106.403089318242, logdetD=-1.82475559825428, t=43.8101
# xi=119.703475483022, logdetD=-1.32984504138416, t=43.7183
# xi=133.003861647802, logdetD=-0.969730623200783, t=43.8427
# xi=146.304247812582, logdetD=-0.708308096336623, t=44.4968
# xi=159.604633977363, logdetD=-0.518385067056713, t=44.8467
# xi=172.905020142143, logdetD=-0.379664997492361, t=44.6953
# xi=186.205406306923, logdetD=-0.278581598060222, t=44.8444
# xi=199.505792471703, logdetD=-0.204637045386112, t=44.7589
# xi=212.806178636484, logdetD=-0.150435367421881, t=44.7758
# xi=226.106564801264, logdetD=-0.110793668150174, t=45.024
# xi=239.406950966044, logdetD=-0.081649403764486, t=44.868
# xi=252.707337130824, logdetD=-0.0602334649249193, t=45.184
# xi=266.007723295604, logdetD=-0.0444880054541842, t=44.8387
# xi=279.308109460385, logdetD=-0.0328786550073042, t=44.6406
# xi=292.608495625165, logdetD=-0.0243265624696362, t=44.3304
# xi=305.908881789945, logdetD=-0.0180129520348277, t=44.3704
# xi=319.209267954725, logdetD=-0.0133457910424753, t=43.8677
# xi=332.509654119506, logdetD=-0.00989925096080821, t=43.8087
# xi=345.810040284286, logdetD=-0.00734646948327661, t=43.4873
# xi=359.110426449066, logdetD=-0.00545586947857809, t=42.9955
# xi=372.410812613846, logdetD=-0.00405508261190162, t=43.0027
# xi=385.711198778627, logdetD=-0.00301535250876018, t=42.5202
# xi=399.011584943407, logdetD=-0.00224395917329642, t=42.5799
# xi=412.311971108187, logdetD=-0.00167083899988181, t=41.4683
# xi=425.612357272967, logdetD=-0.00124464778922696, t=41.5301
# xi=438.912743437747, logdetD=-0.000927899277260891, t=41.0821
# xi=452.213129602528, logdetD=-0.000692027507180289, t=40.7929
# xi=465.513515767308, logdetD=-0.000516382401637859, t=40.2215
# xi=478.813901932088, logdetD=-0.000385541842695341, t=39.615
# xi=492.114288096868, logdetD=-0.000287956709154018, t=38.741
# xi=505.414674261649, logdetD=-0.00021519396796934, t=39.084
# xi=518.715060426429, logdetD=-0.000160884812077516, t=38.7033
# xi=532.015446591209, logdetD=-0.000120323018738211, t=37.8276
# xi=545.315832755989, logdetD=-9.0039624473874e-05, t=36.8612
# xi=558.616218920769, logdetD=-6.73985529985013e-05, t=36.3524
# xi=571.91660508555, logdetD=-5.0470775415602e-05, t=35.7943
# xi=585.21699125033, logdetD=-3.78111559004271e-05, t=35.4707
# xi=598.51737741511, logdetD=-2.83349587536574e-05, t=34.3773
# xi=611.81776357989, logdetD=-2.12429458172229e-05, t=33.8986
# xi=625.118149744671, logdetD=-1.59311999762597e-05, t=33.567
# xi=638.418535909451, logdetD=-1.19509005389892e-05, t=32.1815
# xi=651.718922074231, logdetD=-8.96903630455475e-06, t=32.0065
# xi=665.019308239011, logdetD=-6.73281726156014e-06, t=31.2093
# xi=678.319694403791, logdetD=-5.05573674073959e-06, t=29.7783
# xi=691.620080568572, logdetD=-3.79770718029719e-06, t=29.841
# xi=704.920466733352, logdetD=-2.85336584316107e-06, t=29.3484
# xi=718.220852898132, logdetD=-2.14458772997834e-06, t=27.9411
# xi=731.521239062912, logdetD=-1.61229063290288e-06, t=27.2748
# xi=744.821625227693, logdetD=-1.21238144700974e-06, t=26.45
#
# 4268 determinants computed
#
# L/R, L, R, T, ldim, F*(L+R)/(ħc)
0.009850000000000001, 1.576e-07, 1.6e-05, 300, 813, -304.3210768192352
# finished at Di 20. Feb 10:00:27 CET 2018
