# starting on alcc118 at Di 20. Feb 08:22:50 CET 2018
# compiler: icc
# compile time: Feb  1 2018 09:49:34
# compiled on: Linux alcc83 3.16.0-4-amd64 #1 SMP Debian 3.16.51-3 (2017-12-13) x86_64 GNU/Linux
# LAPACK support: false
# git HEAD: b96c9c30c7b1cdd2d059ceccd0396c6d55d3da95
# git branch: dev
#
# LbyR = 0.00285
# L = 4.56e-08
# R = 1.6e-05
# T = 300
# cutoff = 5e-08
# epsrel = 1e-07
# iepsrel = 2e-07
# ldim = 2808
# cores = 8
# alpha = 0.00568380116667498
# filename = /alcc/gpfs1/home/u/hartmmic/libcasimir-dev/data/materials/GoldDalvit.dat
# model = optical data (xi=0: Drude)
# plasma = -77.0852591633428 (logdetD(xi=0) for plasma model with omegap=1.36734e+16eV)
#
# xi=0, logdetD=-52.2043742065147, t=16.1858
# xi=13.2081915783036, logdetD=-67.5339872391451, t=158.089
# xi=26.4163831566071, logdetD=-59.4202011386322, t=161.336
# xi=39.6245747349107, logdetD=-52.0483335817672, t=165.214
# xi=52.8327663132142, logdetD=-45.5833292489923, t=173.223
# xi=66.0409578915178, logdetD=-39.9517860626028, t=175.094
# xi=79.2491494698213, logdetD=-35.0503306963894, t=176.853
# xi=92.4573410481249, logdetD=-30.8156777039598, t=178.276
# xi=105.665532626428, logdetD=-27.0663196037608, t=180.902
# xi=118.873724204732, logdetD=-23.8432580765229, t=182.146
# xi=132.081915783036, logdetD=-21.0051568954815, t=184.145
# xi=145.290107361339, logdetD=-18.5265861420967, t=185.235
# xi=158.498298939643, logdetD=-16.3656247915332, t=186.286
# xi=171.706490517946, logdetD=-14.4631237784767, t=195.371
# xi=184.91468209625, logdetD=-12.8011051227526, t=197.157
# xi=198.122873674553, logdetD=-11.3397551086558, t=198.146
# xi=211.331065252857, logdetD=-10.0509278886937, t=200.397
# xi=224.53925683116, logdetD=-8.92257044130242, t=200.81
# xi=237.747448409464, logdetD=-7.92461009998551, t=200.845
# xi=250.955639987768, logdetD=-7.04424657818541, t=202.964
# xi=264.163831566071, logdetD=-6.26804783427083, t=203.516
# xi=277.372023144375, logdetD=-5.58007888144107, t=205.39
# xi=290.580214722678, logdetD=-4.97249442674647, t=205.075
# xi=303.788406300982, logdetD=-4.43395314935146, t=206.324
# xi=316.996597879285, logdetD=-3.95564249931492, t=206.92
# xi=330.204789457589, logdetD=-3.53249175770036, t=205.275
# xi=343.412981035892, logdetD=-3.15591320748793, t=208.121
# xi=356.621172614196, logdetD=-2.82120943743094, t=208.2
# xi=369.8293641925, logdetD=-2.52378934549651, t=207.869
# xi=383.037555770803, logdetD=-2.25861326474737, t=208.473
# xi=396.245747349107, logdetD=-2.02269780349337, t=207.136
# xi=409.45393892741, logdetD=-1.81230972983541, t=209.607
# xi=422.662130505714, logdetD=-1.62442617037832, t=208.233
# xi=435.870322084017, logdetD=-1.45705910218178, t=207.594
# xi=449.078513662321, logdetD=-1.3073767745051, t=209.781
# xi=462.286705240624, logdetD=-1.17361692810516, t=209.571
# xi=475.494896818928, logdetD=-1.05409670029223, t=209.459
# xi=488.703088397232, logdetD=-0.947049440879133, t=208.894
# xi=501.911279975535, logdetD=-0.851316891074869, t=210.084
# xi=515.119471553839, logdetD=-0.765553149475481, t=209.478
# xi=528.327663132142, logdetD=-0.688642867880362, t=210.132
# xi=541.535854710446, logdetD=-0.619792584439762, t=210.515
# xi=554.744046288749, logdetD=-0.5579806037962, t=211.727
# xi=567.952237867053, logdetD=-0.50251828367705, t=208.626
# xi=581.160429445356, logdetD=-0.452754569678768, t=209.46
# xi=594.36862102366, logdetD=-0.408025732954704, t=209.112
# xi=607.576812601964, logdetD=-0.367867132708223, t=209.77
# xi=620.785004180267, logdetD=-0.331762817486411, t=209.032
# xi=633.993195758571, logdetD=-0.299278810315515, t=209.535
# xi=647.201387336874, logdetD=-0.270089888076495, t=208.982
# xi=660.409578915178, logdetD=-0.243804259838374, t=211.185
# xi=673.617770493481, logdetD=-0.220143051779217, t=208.652
# xi=686.825962071785, logdetD=-0.198843936229419, t=209.659
# xi=700.034153650088, logdetD=-0.179644946055698, t=210.349
# xi=713.242345228392, logdetD=-0.162354085909181, t=209.209
# xi=726.450536806696, logdetD=-0.146764608760531, t=208.494
# xi=739.658728384999, logdetD=-0.132700782021462, t=208.155
# xi=752.866919963303, logdetD=-0.120025937065273, t=208.576
# xi=766.075111541606, logdetD=-0.10858302918158, t=209.8
# xi=779.28330311991, logdetD=-0.0982557429915209, t=209.267
# xi=792.491494698213, logdetD=-0.0889349667785299, t=209.207
# xi=805.699686276517, logdetD=-0.080513385936846, t=208.475
# xi=818.90787785482, logdetD=-0.0729834140302871, t=208.175
# xi=832.116069433124, logdetD=-0.0662219645839961, t=205.668
# xi=845.324261011428, logdetD=-0.0600522303191709, t=207.214
# xi=858.532452589731, logdetD=-0.0544243243110781, t=207.283
# xi=871.740644168035, logdetD=-0.0492924728953914, t=207.749
# xi=884.948835746338, logdetD=-0.0446146800398219, t=206.852
# xi=898.157027324642, logdetD=-0.0404099364831789, t=206.264
# xi=911.365218902945, logdetD=-0.0367076268123644, t=206.787
# xi=924.573410481249, logdetD=-0.0333281239904457, t=204.586
# xi=937.781602059552, logdetD=-0.0302442193712619, t=207.68
# xi=950.989793637856, logdetD=-0.0274309486396562, t=206.413
# xi=964.19798521616, logdetD=-0.0248654087613576, t=205.847
# xi=977.406176794463, logdetD=-0.0225394854389376, t=206.374
# xi=990.614368372767, logdetD=-0.0204951916380815, t=205.252
# xi=1003.82255995107, logdetD=-0.0186284074155228, t=202.204
# xi=1017.03075152937, logdetD=-0.0169241871297874, t=202.839
# xi=1030.23894310768, logdetD=-0.0153688175679537, t=204.53
# xi=1043.44713468598, logdetD=-0.0139497178037604, t=204.056
# xi=1056.65532626428, logdetD=-0.0126553468600376, t=202.45
# xi=1069.86351784259, logdetD=-0.011517249648699, t=200.702
# xi=1083.07170942089, logdetD=-0.0104783504637886, t=201.169
# xi=1096.2799009992, logdetD=-0.00952950800308991, t=200.591
# xi=1109.4880925775, logdetD=-0.0086631378283846, t=202.217
# xi=1122.6962841558, logdetD=-0.00787228248283909, t=201.86
# xi=1135.90447573411, logdetD=-0.00715055896280006, t=199.987
# xi=1149.11266731241, logdetD=-0.0065097105878526, t=197.215
# xi=1162.32085889071, logdetD=-0.00592768376456559, t=198.443
# xi=1175.52905046902, logdetD=-0.00539587761657004, t=197.931
# xi=1188.73724204732, logdetD=-0.0049100720798098, t=196.644
# xi=1201.94543362562, logdetD=-0.00446639496128266, t=197.174
# xi=1215.15362520393, logdetD=-0.00406129365225798, t=196.758
# xi=1228.36181678223, logdetD=-0.00369870284403699, t=196.013
# xi=1241.57000836053, logdetD=-0.00337067469449025, t=196.383
# xi=1254.77819993884, logdetD=-0.00307082234561101, t=195.422
# xi=1267.98639151714, logdetD=-0.00279678376918363, t=195.196
# xi=1281.19458309544, logdetD=-0.00254639140588494, t=195.572
# xi=1294.40277467375, logdetD=-0.00231765636048728, t=193.791
# xi=1307.61096625205, logdetD=-0.00211157220644065, t=192.837
# xi=1320.81915783036, logdetD=-0.00192569354948407, t=191.972
# xi=1334.02734940866, logdetD=-0.00175571014910549, t=192.277
# xi=1347.23554098696, logdetD=-0.00160029283020643, t=191.211
# xi=1360.44373256527, logdetD=-0.00145822168985815, t=190.311
# xi=1373.65192414357, logdetD=-0.00132837723144245, t=192.26
# xi=1386.86011572187, logdetD=-0.00121074735252627, t=188.247
# xi=1400.06830730018, logdetD=-0.0011048985937849, t=189.219
# xi=1413.27649887848, logdetD=-0.00100806255825455, t=188.835
# xi=1426.48469045678, logdetD=-0.000919487554378835, t=188.219
# xi=1439.69288203509, logdetD=-0.000838483588432979, t=185.929
# xi=1452.90107361339, logdetD=-0.000764417362404619, t=187.837
# xi=1466.10926519169, logdetD=-0.000697008213930737, t=184.852
# xi=1479.31745677, logdetD=-0.000636460682458239, t=183.788
# xi=1492.5256483483, logdetD=-0.000581047256508513, t=182.769
# xi=1505.73383992661, logdetD=-0.00053034086354252, t=184.078
# xi=1518.94203150491, logdetD=-0.000483949424424599, t=181.65
# xi=1532.15022308321, logdetD=-0.00044151302211148, t=180.664
# xi=1545.35841466152, logdetD=-0.000402739283119364, t=182.216
# xi=1558.56660623982, logdetD=-0.000367961491498763, t=180.698
# xi=1571.77479781812, logdetD=-0.000336120921406004, t=181.094
# xi=1584.98298939643, logdetD=-0.000306973891106418, t=179.267
# xi=1598.19118097473, logdetD=-0.000280296650878899, t=178.149
# xi=1611.39937255303, logdetD=-0.000255883768030236, t=178.478
# xi=1624.60756413134, logdetD=-0.000233546647699621, t=177.139
# xi=1637.81575570964, logdetD=-0.000213450958784819, t=175.089
# xi=1651.02394728794, logdetD=-0.000195085794387695, t=175.801
# xi=1664.23213886625, logdetD=-0.000178268102402975, t=174.83
# xi=1677.44033044455, logdetD=-0.000162869681623394, t=173.414
# xi=1690.64852202286, logdetD=-0.000148772807879922, t=173.233
# xi=1703.85671360116, logdetD=-0.000135869387037527, t=173.066
# xi=1717.06490517946, logdetD=-0.000124209620238995, t=171.068
# xi=1730.27309675777, logdetD=-0.000113579604362832, t=169.137
# xi=1743.48128833607, logdetD=-0.000103841908634417, t=167.654
# xi=1756.68947991437, logdetD=-9.49228048452474e-05, t=170.884
# xi=1769.89767149268, logdetD=-8.67545785344516e-05, t=168.389
# xi=1783.10586307098, logdetD=-7.92750432733247e-05, t=167.234
# xi=1796.31405464928, logdetD=-7.24905369533645e-05, t=164.281
# xi=1809.52224622759, logdetD=-6.63176385702581e-05, t=165.411
# xi=1822.73043780589, logdetD=-6.06610437570201e-05, t=164.387
# xi=1835.93862938419, logdetD=-5.54782042909253e-05, t=163.455
# xi=1849.1468209625, logdetD=-5.07300348189973e-05, t=163.693
# xi=1862.3550125408, logdetD=-4.63806366277622e-05, t=161.727
# xi=1875.5632041191, logdetD=-4.24222174205334e-05, t=160.666
# xi=1888.77139569741, logdetD=-3.88266844405969e-05, t=158.767
# xi=1901.97958727571, logdetD=-3.55308450380612e-05, t=158.936
# xi=1915.18777885402, logdetD=-3.25100635727789e-05, t=158.512
# xi=1928.39597043232, logdetD=-2.9741707229818e-05, t=156.148
# xi=1941.60416201062, logdetD=-2.72049837085125e-05, t=155.495
# xi=1954.81235358893, logdetD=-2.48895219753655e-05, t=156.821
# xi=1968.02054516723, logdetD=-2.27892806709903e-05, t=154.244
# xi=1981.22873674553, logdetD=-2.08635194441898e-05, t=153.665
# xi=1994.43692832384, logdetD=-1.90979311462989e-05, t=150.315
# xi=2007.64511990214, logdetD=-1.74793695611369e-05, t=150.243
# xi=2020.85331148044, logdetD=-1.5995755517695e-05, t=150.716
# xi=2034.06150305875, logdetD=-1.4638045852965e-05, t=149.891
# xi=2047.26969463705, logdetD=-1.34079800302685e-05, t=148.686
# xi=2060.47788621535, logdetD=-1.22797801416808e-05, t=147.425
# xi=2073.68607779366, logdetD=-1.12451136951641e-05, t=146.621
# xi=2086.89426937196, logdetD=-1.0296322476924e-05, t=145.797
# xi=2100.10246095027, logdetD=-9.42636910002815e-06, t=143.125
# xi=2113.31065252857, logdetD=-8.62878708471398e-06, t=144.798
# xi=2126.51884410687, logdetD=-7.90620096089454e-06, t=142.412
# xi=2139.72703568518, logdetD=-7.24360888067436e-06, t=143.362
# xi=2152.93522726348, logdetD=-6.63577919717841e-06, t=141.183
# xi=2166.14341884178, logdetD=-6.07823909010748e-06, t=140.145
# xi=2179.35161042009, logdetD=-5.56687692012675e-06, t=138.404
# xi=2192.55980199839, logdetD=-5.09791445073806e-06, t=137.31
#
# 23621 determinants computed
#
# L/R, L, R, T, ldim, F*(L+R)/(ħc)
0.00285, 4.56e-08, 1.6e-05, 300, 2808, -2503.430594224611
# finished at Di 20. Feb 17:02:14 CET 2018
