# starting on alcc125 at Di 20. Feb 12:08:38 CET 2018
# compiler: icc
# compile time: Feb  1 2018 09:49:34
# compiled on: Linux alcc83 3.16.0-4-amd64 #1 SMP Debian 3.16.51-3 (2017-12-13) x86_64 GNU/Linux
# LAPACK support: false
# git HEAD: b96c9c30c7b1cdd2d059ceccd0396c6d55d3da95
# git branch: dev
#
# LbyR = 0.005475
# L = 8.76e-08
# R = 1.6e-05
# T = 300
# cutoff = 5e-08
# epsrel = 1e-07
# iepsrel = 2e-07
# ldim = 1462
# cores = 7
# alpha = 0.010890375195803
# filename = /alcc/gpfs1/home/u/hartmmic/libcasimir-dev/data/materials/GoldDalvit.dat
# model = optical data (xi=0: Drude)
# plasma = -43.397490159179 (logdetD(xi=0) for plasma model with omegap=1.36734e+16eV)
#
# xi=0, logdetD=-26.9569794141539, t=6.37277
# xi=13.2427645482323, logdetD=-35.2394408496024, t=55.2434
# xi=26.4855290964646, logdetD=-28.5001273432121, t=57.2953
# xi=39.7282936446969, logdetD=-23.0323144912247, t=58.8804
# xi=52.9710581929292, logdetD=-18.6543860134445, t=59.3348
# xi=66.2138227411615, logdetD=-15.1449623454655, t=60.6849
# xi=79.4565872893938, logdetD=-12.322632625988, t=64.2431
# xi=92.6993518376261, logdetD=-10.0573063816693, t=65.314
# xi=105.942116385858, logdetD=-8.20554968709181, t=65.8839
# xi=119.184880934091, logdetD=-6.71899349661927, t=66.7217
# xi=132.427645482323, logdetD=-5.50434744768555, t=67.6189
# xi=145.670410030555, logdetD=-4.51637629213787, t=67.8834
# xi=158.913174578788, logdetD=-3.71278494101891, t=68.1458
# xi=172.15593912702, logdetD=-3.0542926920301, t=68.6491
# xi=185.398703675252, logdetD=-2.51708737093261, t=68.9409
# xi=198.641468223485, logdetD=-2.07657447037036, t=68.6617
# xi=211.884232771717, logdetD=-1.7144149176655, t=69.0883
# xi=225.126997319949, logdetD=-1.41793340630551, t=68.8146
# xi=238.369761868181, logdetD=-1.17342305703547, t=69.0038
# xi=251.612526416414, logdetD=-0.97203236348364, t=69.0918
# xi=264.855290964646, logdetD=-0.806130629634059, t=69.8653
# xi=278.098055512878, logdetD=-0.668930329799652, t=69.0814
# xi=291.340820061111, logdetD=-0.555687728948046, t=70.276
# xi=304.583584609343, logdetD=-0.461956620614519, t=70.1762
# xi=317.826349157575, logdetD=-0.384248383514486, t=70.6419
# xi=331.069113705808, logdetD=-0.319964175761809, t=70.5208
# xi=344.31187825404, logdetD=-0.266560529130391, t=70.5184
# xi=357.554642802272, logdetD=-0.222220709912893, t=70.8675
# xi=370.797407350505, logdetD=-0.185399535732487, t=70.8052
# xi=384.040171898737, logdetD=-0.15474765365047, t=70.0326
# xi=397.282936446969, logdetD=-0.129260099179923, t=70.2199
# xi=410.525700995201, logdetD=-0.108028103065544, t=70.2898
# xi=423.768465543434, logdetD=-0.09032163847342, t=69.8193
# xi=437.011230091666, logdetD=-0.0755749381596326, t=70.2631
# xi=450.253994639898, logdetD=-0.0632592645113627, t=70.5282
# xi=463.496759188131, logdetD=-0.0529770462459653, t=69.9609
# xi=476.739523736363, logdetD=-0.0443910277956346, t=69.782
# xi=489.982288284595, logdetD=-0.0372093588866817, t=69.8418
# xi=503.225052832828, logdetD=-0.0312068093840545, t=69.1987
# xi=516.46781738106, logdetD=-0.0261832225055869, t=69.2378
# xi=529.710581929292, logdetD=-0.0219756097757656, t=68.7289
# xi=542.953346477525, logdetD=-0.018454591529397, t=69.1251
# xi=556.196111025757, logdetD=-0.0155023070781507, t=69.0258
# xi=569.438875573989, logdetD=-0.013027377964042, t=67.7362
# xi=582.681640122221, logdetD=-0.0109522836070279, t=68.5346
# xi=595.924404670454, logdetD=-0.00921027530708166, t=68.4586
# xi=609.167169218686, logdetD=-0.00774867045075855, t=68.0703
# xi=622.409933766918, logdetD=-0.00652110742576316, t=66.4814
# xi=635.652698315151, logdetD=-0.0054894958568324, t=67.1846
# xi=648.895462863383, logdetD=-0.00462311359597659, t=67.5203
# xi=662.138227411615, logdetD=-0.00389441090939909, t=67.4452
# xi=675.380991959848, logdetD=-0.0032815926205065, t=66.111
# xi=688.62375650808, logdetD=-0.0027661530070534, t=65.6923
# xi=701.866521056312, logdetD=-0.00233220443955524, t=65.9733
# xi=715.109285604544, logdetD=-0.00196701233819216, t=64.6085
# xi=728.352050152777, logdetD=-0.00165943753251622, t=64.4521
# xi=741.594814701009, logdetD=-0.00140026967682259, t=64.5969
# xi=754.837579249241, logdetD=-0.00118199542565393, t=64.7198
# xi=768.080343797474, logdetD=-0.000997947031285654, t=64.2519
# xi=781.323108345706, logdetD=-0.000842773735393391, t=63.3283
# xi=794.565872893938, logdetD=-0.000711927500344789, t=63.4347
# xi=807.808637442171, logdetD=-0.000601510610562581, t=62.8238
# xi=821.051401990403, logdetD=-0.000508887094052344, t=62.2714
# xi=834.294166538635, logdetD=-0.000430951476868765, t=62.1227
# xi=847.536931086868, logdetD=-0.000364736944171711, t=61.6626
# xi=860.7796956351, logdetD=-0.000308505788343658, t=61.3274
# xi=874.022460183332, logdetD=-0.000260775019364081, t=60.7656
# xi=887.265224731564, logdetD=-0.000220279360399139, t=59.9577
# xi=900.507989279797, logdetD=-0.000186208641872531, t=59.5313
# xi=913.750753828029, logdetD=-0.000157870963318213, t=58.8798
# xi=926.993518376261, logdetD=-0.000133778748912412, t=58.3741
# xi=940.236282924494, logdetD=-0.000113303953052888, t=57.091
# xi=953.479047472726, logdetD=-9.59104933147594e-05, t=57.5853
# xi=966.721812020958, logdetD=-8.11408925272433e-05, t=56.2731
# xi=979.964576569191, logdetD=-6.86446468804594e-05, t=56.075
# xi=993.207341117423, logdetD=-5.82573145879937e-05, t=55.1854
# xi=1006.45010566566, logdetD=-4.9420436767263e-05, t=54.911
# xi=1019.69287021389, logdetD=-4.1905178255481e-05, t=54.5611
# xi=1032.93563476212, logdetD=-3.55161652981877e-05, t=53.5879
# xi=1046.17839931035, logdetD=-3.00866299390445e-05, t=53.1615
# xi=1059.42116385858, logdetD=-2.54742564802938e-05, t=52.4897
# xi=1072.66392840682, logdetD=-2.16376736010792e-05, t=51.5643
# xi=1085.90669295505, logdetD=-1.83732661794927e-05, t=51.9529
# xi=1099.14945750328, logdetD=-1.55952593131808e-05, t=50.8586
# xi=1112.39222205151, logdetD=-1.32319275370922e-05, t=50.2385
# xi=1125.63498659975, logdetD=-1.12220311852019e-05, t=49.99
# xi=1138.87775114798, logdetD=-9.51329334945424e-06, t=49.0436
# xi=1152.12051569621, logdetD=-8.08317013310892e-06, t=48.4679
# xi=1165.36328024444, logdetD=-6.86963993845377e-06, t=47.9818
# xi=1178.60604479268, logdetD=-5.8362955897175e-06, t=47.6197
# xi=1191.84880934091, logdetD=-4.95663177404995e-06, t=46.5468
# xi=1205.09157388914, logdetD=-4.20801158324271e-06, t=45.9823
# xi=1218.33433843737, logdetD=-3.57110529460645e-06, t=45.0987
# xi=1231.5771029856, logdetD=-3.03536698545527e-06, t=44.7667
# xi=1244.81986753384, logdetD=-2.58168533782249e-06, t=44.3721
#
# 9763 determinants computed
#
# L/R, L, R, T, ldim, F*(L+R)/(ħc)
0.005475000000000001, 8.76e-08, 1.6e-05, 300, 1462, -855.0158913769457
# finished at Di 20. Feb 13:46:36 CET 2018
