# starting on alcc124 at Fr 15. Jun 11:30:23 CEST 2018
# compiler: icc
# compile time: Mar 20 2018 10:17:31
# compiled on: Linux alcc83 3.16.0-4-amd64 #1 SMP Debian 3.16.51-3 (2017-12-13) x86_64 GNU/Linux
# LAPACK support: false
# git HEAD: 6d0c9d2b97f5bf34953fe6036ede8a0e34487fd7
# git branch: master
# pid: 21293
# start time: Fri Jun 15 11:30:23 2018
#
# LbyR = 0.0665271075787681
# RbyL = 15.0314666666667
# L = 1.5e-07
# R = 2.25472e-06
# T = 0
# cutoff = 5e-11
# epsrel = 5e-08
# iepsrel = 1e-07
# ldim = 151
# cores = 8
# alpha = 0.124754649189926
# omegap = 9
# gamma = 0.035
# quad = adaptive Gauss-Kronrod
#
# xi=8.01573333333, logdetD=-0.966920279694903, t=0.979271
# xi=1868.18824151, logdetD=-9.50082871672964e-108, t=0.257956
# xi=0.0343926695627, logdetD=-2.48129728506562, t=0.769089
# xi=306.993286824, logdetD=-7.82258175232397e-20, t=0.393295
# xi=0.209294416617, logdetD=-2.77903208424068, t=0.772516
# xi=110.616732411, logdetD=-1.10069301374015e-07, t=0.579028
# xi=0.58085227678, logdetD=-2.82328096189876, t=0.762157
# xi=54.0090285469, logdetD=-0.000666226192790458, t=0.763256
# xi=1.18965259328, logdetD=-2.6927880274781, t=0.763957
# xi=30.7157773626, logdetD=-0.0264122926868398, t=0.780538
# xi=2.09182336858, logdetD=-2.40635739690587, t=0.786577
# xi=18.9662339162, logdetD=-0.170367248731614, t=0.792751
# xi=3.38770370307, logdetD=-1.99288558890543, t=0.783907
# xi=12.2205229307, logdetD=-0.496626698540571, t=0.788749
# xi=5.25771124817, logdetD=-1.49329850779248, t=0.780823
# xi=24.0472, logdetD=-0.0760815528429579, t=0.782012
# xi=3744.39221635, logdetD=-7.865673631196e-211, t=0.227591
# xi=8.08451867246, logdetD=-0.956453762000634, t=0.784368
# xi=622.002306981, logdetD=-4.02822633339179e-38, t=0.3338
# xi=8.43432216657, logdetD=-0.904940494650618, t=0.779346
# xi=229.249198156, logdetD=-3.7745146629621e-15, t=0.432369
# xi=9.17743788689, logdetD=-0.804474481954155, t=0.780381
# xi=116.033790427, logdetD=-4.88028186861366e-08, t=0.57413
# xi=10.3950385199, logdetD=-0.663312104246181, t=0.790148
# xi=69.4472880585, logdetD=-5.96847077878082e-05, t=0.699393
# xi=12.1993800705, logdetD=-0.498294396946218, t=0.79227
# xi=45.9482011657, logdetD=-0.00237039621917473, t=0.786426
# xi=14.7911407395, logdetD=-0.330363393882999, t=0.792106
# xi=32.4567791947, logdetD=-0.0200403333233479, t=0.788801
# xi=18.5311558297, logdetD=-0.182541177066829, t=0.796014
# xi=2.67191111111, logdetD=-2.21638793620127, t=0.790215
# xi=7.94753323905, logdetD=-0.977409758919931, t=0.790888
# xi=0.0171595220689, logdetD=-2.35136852571395, t=0.767276
# xi=7.61791873754, logdetD=-1.02971501257837, t=0.790599
# xi=0.103298621484, logdetD=-2.67994371359447, t=0.766218
# xi=7.00108043911, logdetD=-1.13512974255876, t=0.790729
# xi=0.280271343969, logdetD=-2.80758308602555, t=0.765055
# xi=6.18102383634, logdetD=-1.29181042121485, t=0.793629
# xi=0.553735085569, logdetD=-2.8256442418816, t=0.783871
# xi=5.26682343692, logdetD=-1.49117101147392, t=0.788454
# xi=0.925190639798, logdetD=-2.76239830138757, t=0.767948
# xi=4.34395034182, logdetD=-1.72155436304616, t=0.792718
# xi=1.3983568288, logdetD=-2.63071719789914, t=0.767461
# xi=3.46724087055, logdetD=-1.96906576448933, t=0.797276
# xi=1.97961666146, logdetD=-2.44340551537538, t=0.789067
# xi=4.80944, logdetD=-1.60154266272724, t=0.791255
# xi=7.9815605984, logdetD=-0.972162185683853, t=0.791997
# xi=2.68715314326, logdetD=-2.21147676270909, t=0.787956
# xi=7.81432712719, logdetD=-0.99822347219965, t=0.794225
# xi=2.7633393632, logdetD=-2.18701431554472, t=0.789344
# xi=7.49182753817, logdetD=-1.05044748623698, t=0.789446
# xi=2.91817102279, logdetD=-2.13777213103897, t=0.791125
# xi=7.04269951225, logdetD=-1.1276947049169, t=0.791555
# xi=3.15304109177, logdetD=-2.06441272782566, t=0.789077
# xi=6.51238946555, logdetD=-1.22610948607627, t=0.790307
# xi=3.46383437902, logdetD=-1.97008144147084, t=0.789562
# xi=5.94240886683, logdetD=-1.3412237802298, t=0.799513
# xi=3.8465869646, logdetD=-1.85853881945164, t=0.781598
# xi=5.36552482487, logdetD=-1.46830917974829, t=0.78258
# xi=4.29772953441, logdetD=-1.73390197146619, t=0.789505
# xi=1.1451047619, logdetD=-2.70536262426901, t=0.770532
# xi=2.65671242973, logdetD=-2.22129063447194, t=0.787532
# xi=0.00857058737703, logdetD=-2.23293088152154, t=0.772297
# xi=2.58202080568, logdetD=-2.24546084913393, t=0.787054
# xi=0.0513186395172, logdetD=-2.55670166245517, t=0.77175
# xi=2.43649968835, logdetD=-2.29288108926898, t=0.791024
# xi=0.137727834567, logdetD=-2.72443057481987, t=0.769041
# xi=2.23052155238, logdetD=-2.36057022597526, t=0.790122
# xi=0.267623683422, logdetD=-2.80370469970978, t=0.771328
# xi=1.9821991333, logdetD=-2.44255353302063, t=0.786326
# xi=0.437355153028, logdetD=-2.8292151621449, t=0.770608
# xi=1.70891950524, logdetD=-2.53215385848932, t=0.770108
# xi=0.643084850941, logdetD=-2.81613732353081, t=0.771968
# xi=1.42534976576, logdetD=-2.62238558427877, t=0.769593
# xi=0.881017480814, logdetD=-2.77256785602016, t=0.770264
# xi=56.1101333333, logdetD=-0.000479047078657745, t=0.767791
# xi=7496.80016603, logdetD=0, t=0.0998049
# xi=24.1847706783, logdetD=-0.0744387713854744, t=0.801932
# xi=1252.0203473, logdetD=-1.4306906503979e-73, t=0.29409
# xi=24.8843776665, logdetD=-0.0666175118699603, t=0.829519
# xi=466.514129646, logdetD=-3.46656593456538e-29, t=0.369069
# xi=26.3706091071, logdetD=-0.0526225994481769, t=0.789592
# xi=240.083314188, logdetD=-8.25854035965338e-16, t=0.446312
# xi=28.8058103731, logdetD=-0.035758551645284, t=0.786186
# xi=146.91030945, logdetD=-5.02908478094772e-10, t=0.531412
# xi=32.4144934743, logdetD=-0.02017514522928, t=0.781978
# xi=99.9121356647, logdetD=-5.5466564235822e-07, t=0.608997
# xi=37.5980148123, logdetD=-0.0088737483068886, t=0.787971
# xi=72.9292917227, logdetD=-3.47665557631401e-05, t=0.701235
# xi=45.0780449927, logdetD=-0.00271934593268121, t=0.788269
# xi=13.3595555556, logdetD=-0.414561925856634, t=0.791778
# xi=23.9107998114, logdetD=-0.0777461466265306, t=0.789851
# xi=8.05005237747, logdetD=-0.961684114026679, t=0.792684
# xi=23.2515708084, logdetD=-0.0863191103421822, t=0.793204
# xi=8.2223305763, logdetD=-0.93582074639365, t=0.789486
# xi=22.0178942116, logdetD=-0.104982981371258, t=0.78899
# xi=8.57627602127, logdetD=-0.884830140317923, t=0.792352
# xi=20.377781006, logdetD=-0.136185696500331, t=0.794407
# xi=9.12320350447, logdetD=-0.811415529534044, t=0.792783
# xi=18.5493802072, logdetD=-0.182014209966754, t=0.788728
# xi=9.86611461293, logdetD=-0.721313445407942, t=0.79548
# xi=16.703634017, logdetD=-0.243925993648168, t=0.795803
# xi=10.8124469909, logdetD=-0.620844608634688, t=0.78911
# xi=14.9502150744, logdetD=-0.322133144410795, t=0.792848
# xi=11.9749666563, logdetD=-0.516344242208948, t=0.79135
# xi=1.84978461538, logdetD=-2.48614433039458, t=0.791981
# xi=2.66430636314, logdetD=-2.21884034949627, t=0.786036
# xi=1.15069931656, logdetD=-2.70379914210272, t=0.768207
# xi=2.62677615065, logdetD=-2.23096299092486, t=0.788119
# xi=1.17852727023, logdetD=-2.69595461041069, t=0.766999
# xi=2.55289464147, logdetD=-2.25491894738272, t=0.789349
# xi=1.23439197747, logdetD=-2.67988954710084, t=0.766172
# xi=2.44656300034, logdetD=-2.28958928886077, t=0.787599
# xi=1.31741386847, logdetD=-2.65532782505656, t=0.768013
# xi=2.31555670922, logdetD=-2.33256289152754, t=0.792389
# xi=1.42419820181, logdetD=-2.62274218521798, t=0.767166
# xi=2.16769976519, logdetD=-2.38129899523267, t=0.79029
# xi=1.55111843059, logdetD=-2.58289273095433, t=0.780457
# xi=2.01003099929, logdetD=-2.43336865414159, t=0.785284
# xi=1.69458022569, logdetD=-2.53680581190883, t=0.769305
# xi=0.534382222222, logdetD=-2.82701784371071, t=0.767371
# xi=1.13951703214, logdetD=-2.70691951885381, t=0.769568
# xi=0.00428300395044, logdetD=-2.13371267282255, t=0.785658
# xi=1.11192436507, logdetD=-2.71453690768687, t=0.767488
# xi=0.0255774433077, logdetD=-2.42526311785936, t=0.768615
# xi=1.0575247644, logdetD=-2.72918593297821, t=0.766634
# xi=0.0682773402462, logdetD=-2.60892093807891, t=0.789342
# xi=0.979042683836, logdetD=-2.74934174798647, t=0.768298
# xi=0.131614711859, logdetD=-2.71773508738113, t=0.768416
# xi=0.882040326635, logdetD=-2.77233832588484, t=0.769725
# xi=0.212870253684, logdetD=-2.78093151147263, t=0.781652
# xi=0.772150217555, logdetD=-2.79516525248622, t=0.769134
# xi=0.309141548449, logdetD=-2.81491921559691, t=0.768442
# xi=0.654484949949, logdetD=-2.81459517835898, t=0.767965
# xi=0.417561437257, logdetD=-2.82851558424643, t=0.769583
# xi=120.236, logdetD=-2.60275112122861e-08, t=0.550916
# xi=15001.6160654, logdetD=0, t=0.115994
# xi=56.3852746898, logdetD=-0.00045881172221527, t=0.763996
# xi=2512.05642793, logdetD=-3.09534063238757e-143, t=0.268768
# xi=57.7844886663, logdetD=-0.000368439770640206, t=0.770676
# xi=941.043992625, logdetD=-3.57456062700606e-56, t=0.29434
# xi=60.7569515476, logdetD=-0.000231353222700432, t=0.770611
# xi=488.182361709, logdetD=-1.93437936066967e-30, t=0.371567
# xi=65.6273540795, logdetD=-0.000108155682620449, t=0.743711
# xi=301.836352234, logdetD=-1.58743597530119e-19, t=0.415842
# xi=72.844720282, logdetD=-3.52253035501767e-05, t=0.745218
# xi=207.840004663, logdetD=-7.75349184388039e-14, t=0.48955
# xi=83.2117629579, logdetD=-7.10837742415714e-06, t=0.679048
# xi=153.874316779, logdetD=-1.81577391006964e-10, t=0.52544
# xi=98.1718233187, logdetD=-7.22402043582374e-07, t=0.644936
# xi=34.7348444444, logdetD=-0.0139662609359394, t=0.790189
# xi=55.8373329562, logdetD=-0.000499995025121256, t=0.766899
# xi=24.1158380883, logdetD=-0.0752574381146388, t=0.793519
# xi=54.5188749501, logdetD=-0.000614957896994143, t=0.771259
# xi=24.4603944859, logdetD=-0.071253401355702, t=0.793933
# xi=52.0515217565, logdetD=-0.000906239125508653, t=0.76774
# xi=25.1682853759, logdetD=-0.0636830799582083, t=0.793447
# xi=48.7712953454, logdetD=-0.00151878854157395, t=0.76996
# xi=26.2621403423, logdetD=-0.0535360969392576, t=0.789174
# xi=45.1144937477, logdetD=-0.00270374437685202, t=0.789216
# xi=27.7479625592, logdetD=-0.0422926525560126, t=0.787025
# xi=41.4230013673, logdetD=-0.00484457804930344, t=0.789617
# xi=29.6406273152, logdetD=-0.0313232724713447, t=0.785534
# xi=37.9161634822, logdetD=-0.00843782443508788, t=0.788158
# xi=31.9656666458, logdetD=-0.0216632516816168, t=0.78908
# xi=0.829213793103, logdetD=-2.78379369588425, t=0.769253
# xi=1.14231004469, logdetD=-2.70614189753929, t=0.765401
# xi=0.536818168174, logdetD=-2.82686002671593, t=0.772418
# xi=1.12848446427, logdetD=-2.70997952030786, t=0.763909
# xi=0.548911310421, logdetD=-2.82601190377167, t=0.765248
# xi=1.10110443587, logdetD=-2.71749071414544, t=0.766661
# xi=0.573070654875, logdetD=-2.82400925117817, t=0.767295
# xi=1.06131427145, logdetD=-2.72818231992087, t=0.771007
# xi=0.608687012276, logdetD=-2.82036489467684, t=0.768459
# xi=1.01165648068, logdetD=-2.74111739498803, t=0.769169
# xi=0.653999322601, logdetD=-2.81466223930831, t=0.783596
# xi=0.954752698675, logdetD=-2.75531531763563, t=0.767339
# xi=0.707140141182, logdetD=-2.80664498499238, t=0.76946
# xi=0.893045177311, logdetD=-2.76985049014218, t=0.77441
# xi=0.766290605209, logdetD=-2.79626796502072, t=0.769969
# xi=0.258572043011, logdetD=-2.80064876249894, t=0.769461
# xi=0.531947663492, logdetD=-2.82717112056863, t=0.770275
# xi=0.00214092999938, logdetD=-2.05697553377732, t=0.770783
# xi=0.519902344917, logdetD=-2.82786268601012, t=0.767536
# xi=0.0127683503576, logdetD=-2.29899964199317, t=0.770135
# xi=0.496040772156, logdetD=-2.82888883448884, t=0.769767
# xi=0.0339938915729, logdetD=-2.47908508908649, t=0.772176
# xi=0.461346859984, logdetD=-2.82948925188168, t=0.768891
# xi=0.0652714917596, logdetD=-2.60082471035559, t=0.768596
# xi=0.41802093737, logdetD=-2.82853699408016, t=0.766603
# xi=0.1050403717, logdetD=-2.682654809993, t=0.769223
# xi=0.368334405613, logdetD=-2.82463436829287, t=0.764795
# xi=0.15164651046, logdetD=-2.73817545658342, t=0.776839
# xi=0.314406810592, logdetD=-2.81605277109174, t=0.768972
# xi=0.2034807838, logdetD=-2.77581366598377, t=0.770152
# xi=0.394216393443, logdetD=-2.82708230707895, t=0.76979
# xi=0.533164769529, logdetD=-2.82709505157931, t=0.766417
# xi=0.259712536781, logdetD=-2.8010473588631, t=0.765244
# xi=0.527136147848, logdetD=-2.82746081162342, t=0.765804
# xi=0.265369504487, logdetD=-2.80296634829061, t=0.765775
# xi=0.515168416768, logdetD=-2.82810334859907, t=0.76963
# xi=0.276646163737, logdetD=-2.80651604310305, t=0.773462
# xi=0.497707904502, logdetD=-2.82883262746336, t=0.809948
# xi=0.293210800093, logdetD=-2.81111668272814, t=0.765032
# xi=0.475802967797, logdetD=-2.82937491931827, t=0.765843
# xi=0.314182664933, logdetD=-2.81600570692689, t=0.764263
# xi=0.450544224542, logdetD=-2.82944001946364, t=0.765232
# xi=0.338633129154, logdetD=-2.82055131319098, t=0.766791
# xi=0.422961209276, logdetD=-2.82875132030605, t=0.780509
# xi=0.365666740373, logdetD=-2.82432610751588, t=0.765594
# xi=0.127233862434, logdetD=-2.71265818680296, t=0.767095
# xi=0.257431863555, logdetD=-2.80024626651443, t=0.768153
# xi=0.00107032206301, logdetD=-2.00219507098663, t=0.767601
# xi=0.25178573164, logdetD=-2.79819279634409, t=0.765639
# xi=0.00637909451366, logdetD=-2.18806073258806, t=0.766109
# xi=0.240576539855, logdetD=-2.79380385325659, t=0.766336
# xi=0.0169609809083, logdetD=-2.3492618515264, t=0.76667
# xi=0.224220894623, logdetD=-2.78658222978232, t=0.767959
# xi=0.0325034095147, logdetD=-2.47058062433725, t=0.765215
# xi=0.203699011323, logdetD=-2.77593748020619, t=0.778791
# xi=0.0521783064189, logdetD=-2.5597894441503, t=0.765874
# xi=0.180030865001, logdetD=-2.76099730346578, t=0.769139
# xi=0.0751127410083, logdetD=-2.62586950301108, t=0.764175
# xi=0.154179656131, logdetD=-2.74047560592095, t=0.765756
# xi=0.10046522826, logdetD=-2.67540335390327, t=0.765561
# xi=0.1923776, logdetD=-2.76918666917899, t=0.767292
# xi=0.258001914002, logdetD=-2.80044800398884, t=0.76524
# xi=0.127786111255, logdetD=-2.71331166747711, t=0.764567
# xi=0.255177495278, logdetD=-2.79943850954177, t=0.764686
# xi=0.130524180303, logdetD=-2.71649385080175, t=0.776483
# xi=0.249564496331, logdetD=-2.79735676734576, t=0.776554
# xi=0.135976608653, logdetD=-2.72255679791493, t=0.764852
# xi=0.241360742075, logdetD=-2.79412501819837, t=0.764622
# xi=0.143972191107, logdetD=-2.73083960612355, t=0.770821
# xi=0.231044248596, logdetD=-2.78972005767722, t=0.770167
# xi=0.154071851718, logdetD=-2.74037888848482, t=0.76557
# xi=0.219114183496, logdetD=-2.78410900842659, t=0.766391
# xi=0.165814069247, logdetD=-2.75033781625835, t=0.766035
# xi=0.206044493887, logdetD=-2.77725326909676, t=0.765877
# xi=0.178756067109, logdetD=-2.76009800073773, t=0.766679
# xi=0.0631160104987, logdetD=-2.59474829173877, t=0.76526
# xi=0.126681688509, logdetD=-2.71200080250342, t=0.766757
# xi=0.000535125304492, logdetD=-1.96637181911776, t=0.768459
# xi=0.123946201447, logdetD=-2.70868400094353, t=0.76673
# xi=0.00318827860618, logdetD=-2.09825877427853, t=0.765373
# xi=0.118509849394, logdetD=-2.70178097473138, t=0.765206
# xi=0.00847152774204, logdetD=-2.23109507022546, t=0.767484
# xi=0.110564065179, logdetD=-2.69087490782743, t=0.765971
# xi=0.0162188214905, logdetD=-2.34119375652471, t=0.77325
# xi=0.100571622576, logdetD=-2.67557684219158, t=0.765669
# xi=0.0260045151916, logdetD=-2.42838091959588, t=0.765966
# xi=0.0890157989907, logdetD=-2.65522619619859, t=0.782999
# xi=0.0373812270513, logdetD=-2.49709559408567, t=0.765263
# xi=0.0763554932763, logdetD=-2.62875363467638, t=0.763716
# xi=0.0499197792459, logdetD=-2.55155415911046, t=0.764679
# xi=0.0950482213439, logdetD=-2.66624366886259, t=0.767541
# xi=0.12695776611, logdetD=-2.71232998470522, t=0.766092
# xi=0.0633877943243, logdetD=-2.5955275287711, t=0.786818
# xi=0.125589700031, logdetD=-2.71068885620349, t=0.765603
# xi=0.0647350337445, logdetD=-2.5993342730276, t=0.76506
# xi=0.122869518032, logdetD=-2.70735043046063, t=0.765047
# xi=0.0674164873179, logdetD=-2.60664530968373, t=0.763808
# xi=0.118890423711, logdetD=-2.70227830240769, t=0.778578
# xi=0.0713453713048, logdetD=-2.61676562006703, t=0.762391
# xi=0.1138808819, logdetD=-2.69555229972467, t=0.766513
# xi=0.0763026127394, logdetD=-2.62863206301028, t=0.768774
# xi=0.10807988223, logdetD=-2.68724702303145, t=0.766141
# xi=0.0820583024812, logdetD=-2.6412973943851, t=0.766243
# xi=0.101714955049, logdetD=-2.67742626527595, t=0.766068
# xi=0.0883924292215, logdetD=-2.65403424412752, t=0.763171
# xi=0.031434248366, logdetD=-2.46423810979315, t=0.766705
# xi=0.0628442449582, logdetD=-2.59396524530695, t=0.765667
# xi=0.000267553721387, logdetD=-1.94528792493183, t=0.767622
# xi=0.0614976359061, logdetD=-2.59002713661422, t=0.764237
# xi=0.00159382232962, logdetD=-2.03110769563322, t=0.784841
# xi=0.0588201072101, logdetD=-2.5818965173734, t=0.766916
# xi=0.00423352674325, logdetD=-2.13223870798797, t=0.763988
# xi=0.0549033809593, logdetD=-2.56921907511877, t=0.762607
# xi=0.00810121485397, logdetD=-2.22408833438503, t=0.76421
# xi=0.0499723155262, logdetD=-2.55175031089524, t=0.785624
# xi=0.0129812008926, logdetD=-2.30186053977518, t=0.764048
# xi=0.0442621310301, logdetD=-2.52901494351036, t=0.764646
# xi=0.0186471332418, logdetD=-2.36651062953285, t=0.764792
# xi=0.037996773652, logdetD=-2.50018955008592, t=0.762815
# xi=0.0248824092276, logdetD=-2.42008259832016, t=0.781299
#
# ier=0, integral=-2.63373515150123, neval=285, epsrel=3.45282e-08
#
# 11733 determinants computed
# stop time: Fri Jun 15 11:33:56 2018
#
# L/R, L, R, T, ldim, F*(L+R)/(ħc)
0.06652710757876809, 1.5e-07, 2.25472e-06, 0, 151, -6.719941435098822
# finished at Fr 15. Jun 11:33:56 CEST 2018
