# starting on alcc121 at Fr 15. Jun 22:01:31 CEST 2018
# compiler: icc
# compile time: Mar 20 2018 10:17:31
# compiled on: Linux alcc83 3.16.0-4-amd64 #1 SMP Debian 3.16.51-3 (2017-12-13) x86_64 GNU/Linux
# LAPACK support: false
# git HEAD: 6d0c9d2b97f5bf34953fe6036ede8a0e34487fd7
# git branch: master
# pid: 5949
# start time: Fri Jun 15 22:01:36 2018
#
# LbyR = 0.00576745616733313
# RbyL = 173.386666666667
# L = 1.5e-07
# R = 2.6008e-05
# T = 0
# cutoff = 5e-11
# epsrel = 5e-08
# iepsrel = 1e-07
# ldim = 1734
# cores = 8
# alpha = 0.0114687667252848
# omegap = 9
# gamma = 0.035
# quad = adaptive Gauss-Kronrod
#
# xi=87.1933333333, logdetD=-11.6168203858788, t=81.1949
# xi=20321.728942, logdetD=-1.11591519355171e-106, t=10.5617
# xi=0.374115676845, logdetD=-36.5274287494647, t=71.6594
# xi=3339.40350508, logdetD=-9.04032904393194e-19, t=35.2018
# xi=2.27665730308, logdetD=-40.1051369273719, t=72.933
# xi=1203.2637839, logdetD=-1.27485402296293e-06, t=59.6451
# xi=6.31837962674, logdetD=-39.1706067144989, t=74.4833
# xi=587.497990922, logdetD=-0.00774611668365777, t=85.4476
# xi=12.9407717052, logdetD=-35.7979500844425, t=74.8853
# xi=334.119275529, logdetD=-0.308682380869427, t=88.1145
# xi=22.7543812482, logdetD=-30.8548271161027, t=77.0132
# xi=206.310400703, logdetD=-2.00454950646274, t=85.8659
# xi=36.8506742843, logdetD=-24.8480609033323, t=78.9423
# xi=132.932083079, logdetD=-5.89576517801428, t=83.7081
# xi=57.192193199, logdetD=-18.2289757149785, t=79.3978
# xi=261.58, logdetD=-0.891920073041358, t=87.7575
# xi=40730.6512173, logdetD=-9.31122262139803e-210, t=7.83313
# xi=87.941564687, logdetD=-11.4878592925159, t=81.2926
# xi=6766.0003435, logdetD=-4.6677559019548e-37, t=20.4858
# xi=91.7466479395, logdetD=-10.8543409971025, t=81.5789
# xi=2493.72090113, logdetD=-4.36316620255626e-14, t=40.9029
# xi=99.8300925868, logdetD=-9.62426477606777, t=82.0815
# xi=1262.18931518, logdetD=-5.65147171573289e-07, t=56.3571
# xi=113.074876744, logdetD=-7.90732404996404, t=82.8928
# xi=755.431884392, logdetD=-0.000692815608660249, t=80.4442
# xi=132.70209583, logdetD=-5.9158103219337, t=84.0152
# xi=499.81413474, logdetD=-0.0275946111602892, t=86.8105
# xi=160.894681902, logdetD=-3.90524117407168, t=85.1564
# xi=353.05749949, logdetD=-0.234068890363902, t=87.307
# xi=201.577719731, logdetD=-2.14863994587934, t=84.5465
# xi=29.0644444444, logdetD=-28.0032758211532, t=77.1142
# xi=86.4514681406, logdetD=-11.7461480581559, t=80.6259
# xi=0.186657398067, logdetD=-34.5875874563666, t=70.5938
# xi=82.865996181, logdetD=-12.3923093277513, t=80.5168
# xi=1.12365902923, logdetD=-39.1780717528205, t=71.1665
# xi=76.1561687541, logdetD=-13.701340791055, t=79.6486
# xi=3.04872825757, logdetD=-40.1778938905683, t=72.6861
# xi=67.2357785984, logdetD=-15.6654043561698, t=79.6739
# xi=6.02340495705, logdetD=-39.300625142058, t=73.6276
# xi=57.2913135263, logdetD=-18.2016547392418, t=78.733
# xi=10.0640144199, logdetD=-37.3121207030547, t=74.4648
# xi=47.2525088332, logdetD=-21.1974333572801, t=78.8869
# xi=15.2110091519, logdetD=-34.6095382511865, t=75.4213
# xi=37.7158615938, logdetD=-24.5208603732695, t=78.1413
# xi=21.5338220793, logdetD=-31.4377619892566, t=76.3536
# xi=52.316, logdetD=-19.6270529060531, t=78.9864
# xi=86.8216100557, logdetD=-11.6814387717625, t=80.8166
# xi=29.230243821, logdetD=-27.9319903152128, t=77.571
# xi=85.0024821988, logdetD=-12.0030168527743, t=80.7773
# xi=30.0589802815, logdetD=-27.5784197520386, t=77.1615
# xi=81.4944046473, logdetD=-12.649033102308, t=80.3767
# xi=31.743204038, logdetD=-26.873828581132, t=77.3326
# xi=76.6088916138, logdetD=-13.60870300306, t=80.1694
# xi=34.2980675, logdetD=-25.8400297611652, t=77.7879
# xi=70.8402989287, logdetD=-14.8389628471112, t=79.2916
# xi=37.6788065498, logdetD=-24.534781978082, t=77.9181
# xi=64.6401789558, logdetD=-16.2898729412871, t=79.3705
# xi=41.8423025633, logdetD=-23.020783587968, t=78.4973
# xi=58.3649648894, logdetD=-17.9084299662698, t=78.6104
# xi=46.7497293494, logdetD=-21.3603522563006, t=78.2594
# xi=12.4561904762, logdetD=-36.0533409587379, t=74.2541
# xi=28.8991166277, logdetD=-28.0745415978143, t=77.2856
# xi=0.0932289100637, logdetD=-32.7080607186764, t=69.9975
# xi=28.086638043, logdetD=-28.4274317446178, t=77.424
# xi=0.558232547861, logdetD=-37.5922284430269, t=70.679
# xi=26.5036922585, logdetD=-29.1277749188552, t=76.9888
# xi=1.49817221823, logdetD=-39.6621531155791, t=71.4595
# xi=24.2631087059, logdetD=-30.1482866730805, t=76.6633
# xi=2.91114986816, logdetD=-40.1814944623849, t=72.7061
# xi=21.5619136236, logdetD=-31.4242323806617, t=76.0068
# xi=4.75745038629, logdetD=-39.7986732768824, t=72.959
# xi=18.5892396695, logdetD=-32.884785511272, t=75.5311
# xi=6.99533148596, logdetD=-38.8585924882928, t=73.6109
# xi=15.5046322119, logdetD=-34.4572608305717, t=75.2133
# xi=9.58350879235, logdetD=-37.562344363071, t=73.9888
# xi=610.353333333, logdetD=-0.00556830578271241, t=84.0261
# xi=81548.4957679, logdetD=0, t=1.25975
# xi=263.076462707, logdetD=-0.872592284446158, t=87.1475
# xi=13619.1940203, logdetD=-1.67137614762023e-72, t=12.9344
# xi=270.686629212, logdetD=-0.780604439513166, t=87.4493
# xi=5074.6351356, logdetD=-4.00959597388019e-28, t=25.3354
# xi=286.853518507, logdetD=-0.616143619424968, t=87.1419
# xi=2611.57196369, logdetD=-9.54585293642618e-15, t=39.9889
# xi=313.343086821, logdetD=-0.418226875580668, t=87.3889
# xi=1598.05710212, logdetD=-5.81927790217402e-09, t=45.6212
# xi=352.597524993, logdetD=-0.235646830147008, t=86.8474
# xi=1086.82160281, logdetD=-6.42691477043017e-06, t=65.781
# xi=408.982697137, logdetD=-0.103487815846105, t=86.8408
# xi=793.308332314, logdetD=-0.000403455435580433, t=77.8194
# xi=490.348772796, logdetD=-0.0316618787581773, t=86.8745
# xi=145.322222222, logdetD=-4.91133066172789, t=83.9609
# xi=260.096269615, logdetD=-0.911506780542633, t=86.771
# xi=87.5666481295, logdetD=-11.5522936438926, t=80.5439
# xi=252.925325695, logdetD=-1.01241766615614, t=85.557
# xi=89.4406513918, logdetD=-11.2338752627831, t=80.5836
# xi=239.505670842, logdetD=-1.23230466557016, t=86.6475
# xi=93.2907898485, logdetD=-10.6075471176096, t=81.2942
# xi=221.66489053, logdetD=-1.60047931624983, t=85.9818
# xi=99.2401432474, logdetD=-9.70902448452054, t=81.3486
# xi=201.775960386, logdetD=-2.14240087311397, t=84.7389
# xi=107.321362173, logdetD=-8.61123794070302, t=81.4602
# xi=181.698351, logdetD=-2.8765525808075, t=84.415
# xi=117.615351637, logdetD=-7.39325313489704, t=82.459
# xi=162.625056521, logdetD=-3.807111113053, t=83.5468
# xi=130.260977492, logdetD=-6.13286532546475, t=82.4383
# xi=20.1215384615, logdetD=-32.1247369477735, t=75.6732
# xi=28.9817217169, logdetD=-28.0389112013121, t=77.1934
# xi=12.5170467757, logdetD=-36.0212514646807, t=73.939
# xi=28.573476558, logdetD=-28.2154467455395, t=77.5051
# xi=12.8197529587, logdetD=-35.8616996379768, t=74.2308
# xi=27.7698102197, logdetD=-28.5662468855556, t=77.0763
# xi=13.4274366024, logdetD=-35.5418778071891, t=75.2886
# xi=26.6131586891, logdetD=-29.0787957685334, t=77.1419
# xi=14.3305299458, logdetD=-35.0683725362789, t=75.4161
# xi=25.1881018995, logdetD=-29.7228177488796, t=77.102
# xi=15.4921057599, logdetD=-34.4637491605149, t=75.3887
# xi=23.5797475206, logdetD=-30.4663774739655, t=76.9755
# xi=16.872715288, logdetD=-33.7533329734613, t=75.8254
# xi=21.8646623638, logdetD=-31.2787580329779, t=75.8556
# xi=18.4332602314, logdetD=-32.9629835366544, t=75.7359
# xi=5.81288888889, logdetD=-39.3907517452116, t=73.8273
# xi=12.3954084163, logdetD=-36.0853947083735, t=73.9726
# xi=0.0465895477793, logdetD=-31.0218646493098, t=69.6416
# xi=12.0952616278, logdetD=-36.2437137358365, t=74.1869
# xi=0.278225640426, logdetD=-35.7058266476142, t=70.5686
# xi=11.5035150817, logdetD=-36.5558363003342, t=74.1955
# xi=0.742705456835, logdetD=-38.2943559744934, t=71.1668
# xi=10.6498047689, logdetD=-37.0052324000264, t=73.8571
# xi=1.43167505274, logdetD=-39.5942897400128, t=71.8396
# xi=9.59463507773, logdetD=-37.5565697550166, t=73.8695
# xi=2.31555444953, logdetD=-40.115234339745, t=72.5548
# xi=8.39927533801, logdetD=-38.1695618214954, t=73.5944
# xi=3.36277180892, logdetD=-40.1496760040177, t=72.5772
# xi=7.11933918326, logdetD=-38.799714489919, t=73.5056
# xi=4.54213882522, logdetD=-39.8702240863359, t=72.7773
# xi=1307.9, logdetD=-3.01365607029199e-07, t=53.5147
# xi=163184.184869, logdetD=0, t=1.53171
# xi=613.346258748, logdetD=-0.00533291428497735, t=84.1814
# xi=27325.581374, logdetD=-3.64894988453591e-142, t=9.21777
# xi=628.566591758, logdetD=-0.00428177105008767, t=83.9437
# xi=10236.4636045, logdetD=-4.1602654597076e-55, t=15.921
# xi=660.900370347, logdetD=-0.00268774121854883, t=82.1193
# xi=5310.33726071, logdetD=-2.23787512811905e-29, t=23.8086
# xi=713.879506975, logdetD=-0.0012558856687203, t=81.8012
# xi=3283.30753757, logdetD=-1.8345541506372e-18, t=35.1433
# xi=792.388383319, logdetD=-0.000408781703287068, t=78.4926
# xi=2260.83653896, logdetD=-8.96420305983208e-13, t=41.7917
# xi=905.158727608, logdetD=-8.24335243806889e-05, t=73.7505
# xi=1673.80999796, logdetD=-2.10079833028874e-09, t=45.0792
# xi=1067.89087893, logdetD=-8.37109930586332e-06, t=66.588
# xi=377.837777778, logdetD=-0.163007018699077, t=87.3392
# xi=607.385872563, logdetD=-0.00581199661381452, t=83.7901
# xi=262.326629592, logdetD=-0.882223848070887, t=86.9144
# xi=593.043984724, logdetD=-0.00714954573500985, t=84.2003
# xi=266.074636117, logdetD=-0.835121984892423, t=87.0406
# xi=566.204675016, logdetD=-0.010539557722926, t=84.8508
# xi=273.77491303, logdetD=-0.746105613354372, t=87.0602
# xi=530.523114393, logdetD=-0.0176722808720675, t=85.073
# xi=285.673619828, logdetD=-0.626872910881179, t=87.1197
# xi=490.745254105, logdetD=-0.0314800141023882, t=86.0121
# xi=301.83605768, logdetD=-0.494874507606542, t=86.5453
# xi=450.590035333, logdetD=-0.0564476753314275, t=86.1841
# xi=322.424036608, logdetD=-0.366228259704411, t=86.6349
# xi=412.443446375, logdetD=-0.0983959619333367, t=86.3521
# xi=347.715288317, logdetD=-0.25306672780116, t=86.4978
# xi=9.02, logdetD=-37.8533162898704, t=74.2326
# xi=12.4257901748, logdetD=-36.0693723246196, t=74.5405
# xi=5.83938655773, logdetD=-39.3795395230605, t=73.7226
# xi=12.2753986395, logdetD=-36.1486908195641, t=73.9209
# xi=5.97093302255, logdetD=-39.3233092056472, t=73.5841
# xi=11.9775648863, logdetD=-36.3058033601349, t=74.2405
# xi=6.23373290455, logdetD=-39.2083327150165, t=73.5459
# xi=11.5447364819, logdetD=-36.5341013161239, t=74.2444
# xi=6.62115958079, logdetD=-39.0331767865607, t=73.5553
# xi=11.0045702708, logdetD=-36.8187008451186, t=74.4101
# xi=7.11405663886, logdetD=-38.8022321369525, t=73.7397
# xi=10.3855838068, logdetD=-37.1438578503485, t=74.2866
# xi=7.69211043824, logdetD=-38.522225408664, t=73.5759
# xi=9.71434335311, logdetD=-37.4943778543694, t=74.0671
# xi=8.33553580086, logdetD=-38.2017203495458, t=73.7629
# xi=2.81268817204, logdetD=-40.1803051439032, t=72.399
# xi=5.78640630994, logdetD=-39.4019180729973, t=73.341
# xi=0.0232885520658, logdetD=-29.5979987388095, t=70.0669
# xi=5.65538006019, logdetD=-39.4565655750456, t=73.3282
# xi=0.138891225862, logdetD=-33.7708833265702, t=70.4909
# xi=5.39581927129, logdetD=-39.5616589734322, t=73.2345
# xi=0.369777860111, logdetD=-36.4954460318764, t=70.6185
# xi=5.01842674551, logdetD=-39.7058914007004, t=72.8607
# xi=0.710008517186, logdetD=-38.1878423626537, t=70.9056
# xi=4.54713716346, logdetD=-39.8686189306072, t=72.8962
# xi=1.14260539394, logdetD=-39.2095098657673, t=71.1101
# xi=4.00665831449, logdetD=-40.0243697919539, t=72.7145
# xi=1.64957642496, logdetD=-39.7943019488771, t=72.0787
# xi=3.42004613904, logdetD=-40.1418860727176, t=72.6887
# xi=2.21341792086, logdetD=-40.0868632276089, t=72.2986
# xi=4.28819672131, logdetD=-39.9479523922024, t=72.8053
# xi=5.79964571398, logdetD=-39.3963406742512, t=73.6835
# xi=2.8250942052, logdetD=-40.1806384753467, t=72.6968
# xi=5.73406773154, logdetD=-39.4238682924885, t=73.8143
# xi=2.88662941979, logdetD=-40.1815047654657, t=72.7593
# xi=5.60388546102, logdetD=-39.4777597730662, t=74.0978
# xi=3.00929436735, logdetD=-40.1795213060912, t=73.3033
# xi=5.4139539597, logdetD=-39.5544618979361, t=74.3584
# xi=3.18948073324, logdetD=-40.1684507042753, t=73.0174
# xi=5.17567701505, logdetD=-39.647133055914, t=73.7828
# xi=3.41760793328, logdetD=-40.1422328874548, t=72.9556
# xi=4.90091812168, logdetD=-39.7484359356234, t=73.7823
# xi=3.68357455022, logdetD=-40.0969980972174, t=73.2296
# xi=4.60087632334, logdetD=-39.8511885622879, t=73.5331
# xi=3.97764005568, logdetD=-40.0315937262133, t=73.4858
# xi=1.38402116402, logdetD=-39.5414841420009, t=72.2039
# xi=2.80028555793, logdetD=-40.1799174251284, t=72.929
# xi=0.0116427212001, logdetD=-28.4544957001843, t=70.5057
# xi=2.73886821262, logdetD=-40.1771754859893, t=73.3156
# xi=0.0693903466051, logdetD=-31.9613556087532, t=70.4667
# xi=2.61693716089, logdetD=-40.1674506043649, t=72.8553
# xi=0.184497712249, logdetD=-34.5551325422586, t=71.2429
# xi=2.43902415315, logdetD=-40.1419222041258, t=72.9549
# xi=0.353564733559, logdetD=-36.3721344779249, t=71.6756
# xi=2.21579175046, logdetD=-40.0875920900679, t=73.0312
# xi=0.567583809885, logdetD=-37.6346602545182, t=71.555
# xi=1.9583350106, logdetD=-39.9867707484442, t=73.0892
# xi=0.817059399554, logdetD=-38.514065803643, t=71.6706
# xi=1.67713141034, logdetD=-39.8153612690592, t=72.5541
# xi=1.09283801891, logdetD=-39.1249577945034, t=71.8191
# xi=2.09264, logdetD=-40.0450792636036, t=72.8516
# xi=2.8064864377, logdetD=-40.1801181146378, t=73.0792
# xi=1.39002840173, logdetD=-39.548343038669, t=72.1403
# xi=2.77576304995, logdetD=-40.1789883272522, t=73.3032
# xi=1.41981249724, logdetD=-39.581482944111, t=71.9869
# xi=2.71470611756, logdetD=-40.1757116281679, t=73.361
# xi=1.47912277901, logdetD=-39.6433742798694, t=72.1471
# xi=2.62546753518, logdetD=-40.1683255262792, t=73.0151
# xi=1.56609691563, logdetD=-39.7250500506959, t=72.4441
# xi=2.51324705362, logdetD=-40.1543180866704, t=73.2902
# xi=1.67595873833, logdetD=-39.8144823819443, t=72.844
# xi=2.3834745051, logdetD=-40.1308909869529, t=73.1572
# xi=1.80368792349, logdetD=-39.9017090962817, t=72.4323
# xi=2.24130537905, logdetD=-40.0952120025197, t=72.9008
# xi=1.9444680476, logdetD=-39.9799694880321, t=72.7487
# xi=0.68656167979, logdetD=-38.1072875875991, t=71.5621
# xi=1.37801474102, logdetD=-39.5345662713479, t=72.2269
# xi=0.00582097196967, logdetD=-27.5744230584216, t=70.3395
# xi=1.34825873176, logdetD=-39.4993926069826, t=71.8769
# xi=0.0346813732079, logdetD=-30.3816891224476, t=70.8728
# xi=1.28912332432, logdetD=-39.4248090167675, t=71.902
# xi=0.0921513617703, logdetD=-32.6779425088882, t=70.6028
# xi=1.20269088167, logdetD=-39.3034925119805, t=72.1077
# xi=0.176424670044, logdetD=-34.430535512194, t=70.9407
# xi=1.0939953522, logdetD=-39.1269976935874, t=71.7454
# xi=0.282871231737, logdetD=-35.7521510415266, t=71.3248
# xi=0.968293718187, logdetD=-38.882525316372, t=71.9495
# xi=0.40662452893, logdetD=-36.7546846153705, t=71.6048
# xi=0.830577777505, logdetD=-38.5509814294019, t=71.6593
# xi=0.543016062375, logdetD=-37.5212643756398, t=71.9148
# xi=1.03391304348, logdetD=-39.0161374829305, t=71.9726
# xi=1.38101785069, logdetD=-39.5380326108428, t=72.4679
# xi=0.689518082744, logdetD=-38.117646397846, t=71.7078
# xi=1.36613633746, logdetD=-39.520706873553, t=72.1398
# xi=0.704173048292, logdetD=-38.1681313254666, t=71.4142
# xi=1.33654681321, logdetD=-39.4851264071932, t=72.1026
# xi=0.733341293482, logdetD=-38.264514982776, t=71.9076
# xi=1.29326312562, logdetD=-39.4302421556568, t=72.1462
# xi=0.776078804431, logdetD=-38.3966206329434, t=71.8579
# xi=1.2387704634, logdetD=-39.3560178867514, t=71.9123
# xi=0.83000255499, logdetD=-38.5494282852045, t=71.6802
# xi=1.17566850169, logdetD=-39.2622687756071, t=71.6316
# xi=0.892611645557, logdetD=-38.7097929574158, t=71.0344
# xi=1.10643226412, logdetD=-39.1486925551394, t=71.3316
# xi=0.961512842899, logdetD=-38.8679041031159, t=71.2806
# xi=0.341934640523, logdetD=-36.279805008335, t=70.873
# xi=0.683605475738, logdetD=-38.0968698209626, t=70.7508
# xi=0.00291038883697, logdetD=-26.9216134072408, t=69.5922
# xi=0.668957367191, logdetD=-38.0443517993698, t=70.9588
# xi=0.0173372386383, logdetD=-29.0773667611548, t=69.9611
# xi=0.639831815929, logdetD=-37.935282590091, t=71.0061
# xi=0.0460513459155, logdetD=-30.9957358456527, t=69.4437
# xi=0.597226554083, logdetD=-37.7635854494045, t=70.957
# xi=0.0881231819714, logdetD=-32.5626697786528, t=69.9523
# xi=0.543587540143, logdetD=-37.52397369371, t=70.826
# xi=0.141206565816, logdetD=-33.8160506240376, t=70.1357
# xi=0.481473445343, logdetD=-37.2073511990268, t=70.9096
# xi=0.202839295776, logdetD=-34.8199128107049, t=70.4271
# xi=0.413320305561, logdetD=-36.7989497951264, t=70.5157
# xi=0.270665216979, logdetD=-35.6286997968715, t=70.5673
#
# ier=0, integral=-32.9843740291234, neval=285, epsrel=4.39407e-08
#
# 33925 determinants computed
# stop time: Sat Jun 16 03:47:16 2018
#
# L/R, L, R, T, ldim, F*(L+R)/(ħc)
0.005767456167333128, 1.5e-07, 2.6008e-05, 0, 1734, -915.464809298675
# finished at Sa 16. Jun 03:47:18 CEST 2018
