# starting on alcc123 at Mi 23. Mai 18:45:04 CEST 2018
# compiler: icc
# compile time: Mar 20 2018 10:17:31
# compiled on: Linux alcc83 3.16.0-4-amd64 #1 SMP Debian 3.16.51-3 (2017-12-13) x86_64 GNU/Linux
# LAPACK support: false
# git HEAD: 6d0c9d2b97f5bf34953fe6036ede8a0e34487fd7
# git branch: master
# pid: 22547
# start time: Wed May 23 18:45:05 2018
#
# LbyR = 0.00503373819163293
# RbyL = 198.659517426273
# L = 7.46e-07
# R = 0.0001482
# T = 295
# cutoff = 4e-10
# epsrel = 1e-09
# iepsrel = 1e-08
# ldim = 1788
# cores = 7
# alpha = 0.0100170531602057
# filename = /alcc/gpfs1/home/u/hartmmic/libcasimir-dev/data/materials/GoldDalvit.dat
# model = optical data (xi=0: Drude)
# plasma = -55.3923436208335 (logdetD(xi=0) for plasma model with omegap=9eV)
#
# xi=0, logdetD=-29.3586737612886, t=2.39115
# xi=120.563821095812, logdetD=-14.0015942777145, t=109.904
# xi=241.127642191625, logdetD=-3.82398822723645, t=115.488
# xi=361.691463287437, logdetD=-1.06356646455801, t=119.444
# xi=482.25528438325, logdetD=-0.297412101130116, t=120.363
# xi=602.819105479062, logdetD=-0.083360918424857, t=119.98
# xi=723.382926574875, logdetD=-0.0234025047311737, t=119.242
# xi=843.946747670687, logdetD=-0.00658410581329409, t=116.157
# xi=964.5105687665, logdetD=-0.00185398163338856, t=112.109
# xi=1085.07438986231, logdetD=-0.000522822114322264, t=108.405
# xi=1205.63821095812, logdetD=-0.000147532264646885, t=103.627
# xi=1326.20203205394, logdetD=-4.17489972368305e-05, t=97.9253
# xi=1446.76585314975, logdetD=-1.18196585988908e-05, t=90.9645
# xi=1567.32967424556, logdetD=-3.35234726049559e-06, t=83.1708
# xi=1687.89349534137, logdetD=-9.52042507975197e-07, t=75.7984
# xi=1808.45731643719, logdetD=-2.70596822407964e-07, t=66.1889
# xi=1929.021137533, logdetD=-7.70595355757151e-08, t=54.6401
# xi=2049.58495862881, logdetD=-2.19574469742849e-08, t=54.3066
#
# 2443 determinants computed
# stop time: Wed May 23 19:12:55 2018
#
# L/R, L, R, T, ldim, F*(L+R)/(ħc)
0.005033738191632929, 7.46e-07, 0.0001482, 295, 1788, -1304.108931475682
# finished at Mi 23. Mai 19:12:55 CEST 2018
