# starting on alcc114 at Sa 26. Mai 09:04:49 CEST 2018
# compiler: icc
# compile time: Mar 20 2018 10:17:31
# compiled on: Linux alcc83 3.16.0-4-amd64 #1 SMP Debian 3.16.51-3 (2017-12-13) x86_64 GNU/Linux
# LAPACK support: false
# git HEAD: 6d0c9d2b97f5bf34953fe6036ede8a0e34487fd7
# git branch: master
# pid: 7886
# start time: Sat May 26 09:04:49 2018
#
# LbyR = 0.00236167341430499
# RbyL = 423.428571428572
# L = 3.5e-07
# R = 0.0001482
# T = 295
# cutoff = 4e-10
# epsrel = 1e-09
# iepsrel = 1e-08
# ldim = 3811
# cores = 16
# alpha = 0.00471221810838102
# filename = /alcc/gpfs1/home/u/hartmmic/libcasimir-dev/data/materials/GoldDalvit.dat
# model = optical data (xi=0: Drude)
# plasma = -116.952827867852 (logdetD(xi=0) for plasma model with omegap=9eV)
#
# xi=0, logdetD=-63.0976924406161, t=3.24243
# xi=120.243280274616, logdetD=-57.5406349681011, t=181.187
# xi=240.486560549232, logdetD=-29.6553278742873, t=190.368
# xi=360.729840823848, logdetD=-15.5435103748388, t=194.747
# xi=480.973121098464, logdetD=-8.21565548925195, t=201.376
# xi=601.216401373079, logdetD=-4.36305618577764, t=203.881
# xi=721.459681647695, logdetD=-2.3240930006618, t=206.852
# xi=841.702961922311, logdetD=-1.24156824258072, t=208.877
# xi=961.946242196927, logdetD=-0.664058229543051, t=207.757
# xi=1082.18952247154, logdetD=-0.355742899548489, t=206.674
# xi=1202.43280274616, logdetD=-0.190704982299863, t=208.096
# xi=1322.67608302077, logdetD=-0.102518592600006, t=207.343
# xi=1442.91936329539, logdetD=-0.0551352796734026, t=206.926
# xi=1563.16264357001, logdetD=-0.0297048143945822, t=206.077
# xi=1683.40592384462, logdetD=-0.0160242505551099, t=204.587
# xi=1803.64920411924, logdetD=-0.00865136867053358, t=201.127
# xi=1923.89248439385, logdetD=-0.00467983585992897, t=199.06
# xi=2044.13576466847, logdetD=-0.00253302016271895, t=195.155
# xi=2164.37904494309, logdetD=-0.00137292914773194, t=193.714
# xi=2284.6223252177, logdetD=-0.000744900925826619, t=188.902
# xi=2404.86560549232, logdetD=-0.000404460599480594, t=184.483
# xi=2525.10888576693, logdetD=-0.000219918762279531, t=181.977
# xi=2645.35216604155, logdetD=-0.00011964386136041, t=179.673
# xi=2765.59544631617, logdetD=-6.51609248830459e-05, t=173.004
# xi=2885.83872659078, logdetD=-3.55160921505653e-05, t=168.296
# xi=3006.0820068654, logdetD=-1.93704187265407e-05, t=162.959
# xi=3126.32528714001, logdetD=-1.05756471040894e-05, t=157.726
# xi=3246.56856741463, logdetD=-5.77669208863855e-06, t=151.439
# xi=3366.81184768924, logdetD=-3.15807388686647e-06, t=146.338
# xi=3487.05512796386, logdetD=-1.72755044412046e-06, t=137.778
# xi=3607.29840823848, logdetD=-9.45515332271596e-07, t=131.801
# xi=3727.54168851309, logdetD=-5.17911247553702e-07, t=123.924
# xi=3847.78496878771, logdetD=-2.83799533840821e-07, t=115.384
# xi=3968.02824906232, logdetD=-1.55620780587302e-07, t=108.027
# xi=4088.27152933694, logdetD=-8.53754864800749e-08, t=102.755
# xi=4208.51480961156, logdetD=-4.68587640566895e-08, t=102.969
#
# 7341 determinants computed
# stop time: Sat May 26 10:47:14 2018
#
# L/R, L, R, T, ldim, F*(L+R)/(ħc)
0.002361673414304993, 3.5e-07, 0.0001482, 295, 3811, -5812.593158459624
# finished at Sa 26. Mai 10:47:14 CEST 2018
