# starting on alcc122 at Do 24. Mai 12:39:43 CEST 2018
# compiler: icc
# compile time: Mar 20 2018 10:17:31
# compiled on: Linux alcc83 3.16.0-4-amd64 #1 SMP Debian 3.16.51-3 (2017-12-13) x86_64 GNU/Linux
# LAPACK support: false
# git HEAD: 6d0c9d2b97f5bf34953fe6036ede8a0e34487fd7
# git branch: master
# pid: 31273
# start time: Thu May 24 12:39:43 2018
#
# LbyR = 0.00376518218623482
# RbyL = 265.591397849462
# L = 5.58e-07
# R = 0.0001482
# T = 295
# cutoff = 4e-10
# epsrel = 1e-09
# iepsrel = 1e-08
# ldim = 2391
# cores = 10
# alpha = 0.00750211753317469
# filename = /alcc/gpfs1/home/u/hartmmic/libcasimir-dev/data/materials/GoldDalvit.dat
# model = optical data (xi=0: Drude)
# plasma = -74.0437004461832 (logdetD(xi=0) for plasma model with omegap=9eV)
#
# xi=0, logdetD=-39.4020093812044, t=2.58788
# xi=120.411645150396, logdetD=-25.5761922486838, t=126.007
# xi=240.823290300792, logdetD=-9.42872958355957, t=133.894
# xi=361.234935451188, logdetD=-3.5436580556666, t=137.268
# xi=481.646580601584, logdetD=-1.34150165278001, t=140.44
# xi=602.05822575198, logdetD=-0.509556031443786, t=139.986
# xi=722.469870902375, logdetD=-0.193949045761753, t=141.299
# xi=842.881516052771, logdetD=-0.0739928017758811, t=141.357
# xi=963.293161203167, logdetD=-0.0282541320514919, t=140.062
# xi=1083.70480635356, logdetD=-0.0108046682482113, t=137.481
# xi=1204.11645150396, logdetD=-0.00413445030379831, t=135.059
# xi=1324.52809665435, logdetD=-0.00158650891805127, t=131.033
# xi=1444.93974180475, logdetD=-0.00060906481240992, t=128.623
# xi=1565.35138695515, logdetD=-0.000234244504177327, t=124.14
# xi=1685.76303210554, logdetD=-9.02074989339675e-05, t=118.51
# xi=1806.17467725594, logdetD=-3.47682925822588e-05, t=113.392
# xi=1926.58632240633, logdetD=-1.34268237618333e-05, t=109.12
# xi=2046.99796755673, logdetD=-5.18837263371754e-06, t=101.658
# xi=2167.40961270713, logdetD=-2.00768052345959e-06, t=95.0356
# xi=2287.82125785752, logdetD=-7.7767784951288e-07, t=86.3415
# xi=2408.23290300792, logdetD=-3.01460151551559e-07, t=78.6063
# xi=2528.64454815831, logdetD=-1.17021180036576e-07, t=70.5544
# xi=2649.05619330871, logdetD=-4.54499703128727e-08, t=65.924
# xi=2769.46783845911, logdetD=-1.76710506355301e-08, t=65.9875
#
# 3811 determinants computed
# stop time: Thu May 24 13:24:08 2018
#
# L/R, L, R, T, ldim, F*(L+R)/(ħc)
0.003765182186234818, 5.58e-07, 0.0001482, 295, 2391, -2315.574475254924
# finished at Do 24. Mai 13:24:08 CEST 2018
