# starting on alcc121 at Sa 26. Mai 17:21:48 CEST 2018
# compiler: icc
# compile time: Mar 20 2018 10:17:31
# compiled on: Linux alcc83 3.16.0-4-amd64 #1 SMP Debian 3.16.51-3 (2017-12-13) x86_64 GNU/Linux
# LAPACK support: false
# git HEAD: 6d0c9d2b97f5bf34953fe6036ede8a0e34487fd7
# git branch: master
# pid: 31126
# start time: Sat May 26 17:21:48 2018
#
# LbyR = 0.00632928475033738
# RbyL = 157.995735607676
# L = 9.38e-07
# R = 0.0001482
# T = 295
# cutoff = 4e-10
# epsrel = 1e-09
# iepsrel = 1e-08
# ldim = 1422
# cores = 4
# alpha = 0.012578953720715
# filename = /alcc/gpfs1/home/u/hartmmic/libcasimir-dev/data/materials/GoldDalvit.dat
# model = optical data (xi=0: Drude)
# plasma = -43.932766596195 (logdetD(xi=0) for plasma model with omegap=9eV)
#
# xi=0, logdetD=-23.2599485303893, t=3.3021
# xi=120.719234827302, logdetD=-8.10822939238582, t=141.742
# xi=241.438469654603, logdetD=-1.63052876052365, t=149.908
# xi=362.157704481905, logdetD=-0.333088582424976, t=152.592
# xi=482.876939309207, logdetD=-0.0683017931542117, t=151.426
# xi=603.596174136508, logdetD=-0.0140297786317309, t=150.097
# xi=724.31540896381, logdetD=-0.00288596733081297, t=143.953
# xi=845.034643791112, logdetD=-0.00059491467053713, t=138.607
# xi=965.753878618413, logdetD=-0.000122742704079717, t=130.159
# xi=1086.47311344572, logdetD=-2.53617944871321e-05, t=119.888
# xi=1207.19234827302, logdetD=-5.24381601031424e-06, t=108.44
# xi=1327.91158310032, logdetD=-1.08726119279623e-06, t=94.8319
# xi=1448.63081792762, logdetD=-2.25531058201302e-07, t=81.2554
# xi=1569.35005275492, logdetD=-4.68645308951144e-08, t=67.211
# xi=1690.06928758222, logdetD=-9.75034198441911e-09, t=66.8657
#
# 1783 determinants computed
# stop time: Sat May 26 17:50:08 2018
#
# L/R, L, R, T, ldim, F*(L+R)/(ħc)
0.006329284750337382, 9.38e-07, 0.0001482, 295, 1422, -837.2202913392756
# finished at Sa 26. Mai 17:50:08 CEST 2018
