# starting on alcc123 at Do 24. Mai 12:18:13 CEST 2018
# compiler: icc
# compile time: Mar 20 2018 10:17:31
# compiled on: Linux alcc83 3.16.0-4-amd64 #1 SMP Debian 3.16.51-3 (2017-12-13) x86_64 GNU/Linux
# LAPACK support: false
# git HEAD: 6d0c9d2b97f5bf34953fe6036ede8a0e34487fd7
# git branch: master
# pid: 868
# start time: Thu May 24 12:18:13 2018
#
# LbyR = 0.00403508771929825
# RbyL = 247.826086956522
# L = 5.98e-07
# R = 0.0001482
# T = 295
# cutoff = 4e-10
# epsrel = 1e-09
# iepsrel = 1e-08
# ldim = 2231
# cores = 9
# alpha = 0.00803774244277477
# filename = /alcc/gpfs1/home/u/hartmmic/libcasimir-dev/data/materials/GoldDalvit.dat
# model = optical data (xi=0: Drude)
# plasma = -69.1195577639392 (logdetD(xi=0) for plasma model with omegap=9eV)
#
# xi=0, logdetD=-36.7358352143936, t=2.59504
# xi=120.444023011123, logdetD=-22.3301680801821, t=124.596
# xi=240.888046022246, logdetD=-7.72232206691161, t=131.625
# xi=361.332069033368, logdetD=-2.72247819216643, t=135.095
# xi=481.776092044491, logdetD=-0.966400052184725, t=137.862
# xi=602.220115055614, logdetD=-0.344111191517176, t=138.453
# xi=722.664138066737, logdetD=-0.122766109520686, t=137.881
# xi=843.10816107786, logdetD=-0.0438975267186135, t=137.339
# xi=963.552184088983, logdetD=-0.0157102995169592, t=135.242
# xi=1083.99620710011, logdetD=-0.00563073347703872, t=132.806
# xi=1204.44023011123, logdetD=-0.00201940749545137, t=128.875
# xi=1324.88425312235, logdetD=-0.000726279463808588, t=125.607
# xi=1445.32827613347, logdetD=-0.000261325442905012, t=121.947
# xi=1565.7722991446, logdetD=-9.4198932886456e-05, t=117.086
# xi=1686.21632215572, logdetD=-3.39999519798045e-05, t=110.866
# xi=1806.66034516684, logdetD=-1.22822508997101e-05, t=104.045
# xi=1927.10436817797, logdetD=-4.44555659162513e-06, t=99.1353
# xi=2047.54839118909, logdetD=-1.61005492365648e-06, t=91.4874
# xi=2167.99241420021, logdetD=-5.83927018992913e-07, t=83.0556
# xi=2288.43643721133, logdetD=-2.11989924810935e-07, t=72.7415
# xi=2408.88046022246, logdetD=-7.70182039736111e-08, t=65.1467
# xi=2529.32448323358, logdetD=-2.80202490517712e-08, t=64.8401
#
# 3358 determinants computed
# stop time: Thu May 24 12:58:11 2018
#
# L/R, L, R, T, ldim, F*(L+R)/(ħc)
0.004035087719298246, 5.98e-07, 0.0001482, 295, 2231, -2018.31454638337
# finished at Do 24. Mai 12:58:13 CEST 2018
