# starting on alcc120 at Do 24. Mai 20:39:44 CEST 2018
# compiler: icc
# compile time: Mar 20 2018 10:17:31
# compiled on: Linux alcc83 3.16.0-4-amd64 #1 SMP Debian 3.16.51-3 (2017-12-13) x86_64 GNU/Linux
# LAPACK support: false
# git HEAD: 6d0c9d2b97f5bf34953fe6036ede8a0e34487fd7
# git branch: master
# pid: 9181
# start time: Thu May 24 20:39:44 2018
#
# LbyR = 0.00357624831309042
# RbyL = 279.622641509434
# L = 5.3e-07
# R = 0.0001482
# T = 295
# cutoff = 4e-10
# epsrel = 1e-09
# iepsrel = 1e-08
# ldim = 2517
# cores = 11
# alpha = 0.00712700867343508
# filename = /alcc/gpfs1/home/u/hartmmic/libcasimir-dev/data/materials/GoldDalvit.dat
# model = optical data (xi=0: Drude)
# plasma = -77.9192377538833 (logdetD(xi=0) for plasma model with omegap=9eV)
#
# xi=0, logdetD=-41.5079573353961, t=2.42445
# xi=120.388980647887, logdetD=-28.2104327379309, t=126.442
# xi=240.777961295774, logdetD=-10.8764014667052, t=134.075
# xi=361.166941943661, logdetD=-4.27486609402175, t=138.528
# xi=481.555922591548, logdetD=-1.69281563322697, t=140.573
# xi=601.944903239435, logdetD=-0.672729351593764, t=141.618
# xi=722.333883887322, logdetD=-0.267923855159726, t=142.564
# xi=842.722864535209, logdetD=-0.106957067148584, t=142.428
# xi=963.111845183096, logdetD=-0.0427371962801185, t=141.228
# xi=1083.50082583098, logdetD=-0.0171017767166559, t=139.962
# xi=1203.88980647887, logdetD=-0.0068478230698432, t=137.712
# xi=1324.27878712676, logdetD=-0.00274966929827831, t=134.298
# xi=1444.66776777464, logdetD=-0.00110459499030531, t=131.286
# xi=1565.05674842253, logdetD=-0.000444538287903728, t=128.403
# xi=1685.44572907042, logdetD=-0.00017913550844578, t=123.264
# xi=1805.83470971831, logdetD=-7.22472382037494e-05, t=118.723
# xi=1926.22369036619, logdetD=-2.91951012102953e-05, t=113.106
# xi=2046.61267101408, logdetD=-1.18050333136468e-05, t=108.049
# xi=2167.00165166197, logdetD=-4.78003351327456e-06, t=101.946
# xi=2287.39063230985, logdetD=-1.93748230946167e-06, t=93.9202
# xi=2407.77961295774, logdetD=-7.85907489854317e-07, t=87.6336
# xi=2528.16859360563, logdetD=-3.19235905405457e-07, t=79.0795
# xi=2648.55757425352, logdetD=-1.29744562922378e-07, t=70.8938
# xi=2768.9465549014, logdetD=-5.27872529283951e-08, t=66.6163
# xi=2889.33553554929, logdetD=-2.14932315185934e-08, t=66.2764
#
# 4096 determinants computed
# stop time: Thu May 24 21:26:36 2018
#
# L/R, L, R, T, ldim, F*(L+R)/(ħc)
0.003576248313090418, 5.3e-07, 0.0001482, 295, 2517, -2564.724728542682
# finished at Do 24. Mai 21:26:38 CEST 2018
