# starting on alcc116 at Fr 25. Mai 15:49:27 CEST 2018
# compiler: icc
# compile time: Mar 20 2018 10:17:31
# compiled on: Linux alcc83 3.16.0-4-amd64 #1 SMP Debian 3.16.51-3 (2017-12-13) x86_64 GNU/Linux
# LAPACK support: false
# git HEAD: 6d0c9d2b97f5bf34953fe6036ede8a0e34487fd7
# git branch: master
# pid: 6391
# start time: Fri May 25 15:49:28 2018
#
# LbyR = 0.001417004048583
# RbyL = 705.714285714286
# L = 2.1e-07
# R = 0.0001482
# T = 295
# cutoff = 4e-10
# epsrel = 1e-09
# iepsrel = 1e-08
# ldim = 6352
# cores = 28
# alpha = 0.00282999797857287
# filename = /alcc/gpfs1/home/u/hartmmic/libcasimir-dev/data/materials/GoldDalvit.dat
# model = optical data (xi=0: Drude)
# plasma = -190.182040807981 (logdetD(xi=0) for plasma model with omegap=9eV)
#
# xi=0, logdetD=-105.492595708252, t=3.85489
# xi=120.129957762072, logdetD=-119.732273940402, t=261.913
# xi=240.259915524143, logdetD=-77.8246478120699, t=271.498
# xi=360.389873286215, logdetD=-51.1538609587157, t=278.464
# xi=480.519831048287, logdetD=-33.8650851975527, t=286.504
# xi=600.649788810358, logdetD=-22.5276678077542, t=294.644
# xi=720.77974657243, logdetD=-15.0378430782103, t=298.714
# xi=840.909704334502, logdetD=-10.0719299482594, t=304.696
# xi=961.039662096573, logdetD=-6.75648521567158, t=307.139
# xi=1081.16961985864, logdetD=-4.54090983488917, t=309.896
# xi=1201.29957762072, logdetD=-3.05450348707652, t=313.404
# xi=1321.42953538279, logdetD=-2.06061107590992, t=315.209
# xi=1441.55949314486, logdetD=-1.39079365731547, t=316.323
# xi=1561.68945090693, logdetD=-0.94038300744542, t=318.424
# xi=1681.819408669, logdetD=-0.636643927542875, t=317.279
# xi=1801.94936643107, logdetD=-0.4313562065579, t=318.466
# xi=1922.07932419315, logdetD=-0.292818221578202, t=317.058
# xi=2042.20928195522, logdetD=-0.198888359813225, t=313.413
# xi=2162.33923971729, logdetD=-0.135271370055032, t=313.715
# xi=2282.46919747936, logdetD=-0.0920934624034997, t=312.214
# xi=2402.59915524143, logdetD=-0.0627431317593355, t=313.289
# xi=2522.7291130035, logdetD=-0.042805350657539, t=312.315
# xi=2642.85907076558, logdetD=-0.0292187783776667, t=311.921
# xi=2762.98902852765, logdetD=-0.0199656924195408, t=309.996
# xi=2883.11898628972, logdetD=-0.013653362369037, t=304.675
# xi=3003.24894405179, logdetD=-0.00934252284389513, t=305.532
# xi=3123.37890181386, logdetD=-0.00639935560081708, t=300.747
# xi=3243.50885957593, logdetD=-0.00438539525402707, t=300.385
# xi=3363.63881733801, logdetD=-0.00300779429802531, t=298.553
# xi=3483.76877510008, logdetD=-0.00206419436631228, t=296.3
# xi=3603.89873286215, logdetD=-0.00141736357202992, t=288.65
# xi=3724.02869062422, logdetD=-0.000974002044512856, t=288.108
# xi=3844.15864838629, logdetD=-0.000669589819846566, t=286.51
# xi=3964.28860614836, logdetD=-0.000460636586067646, t=279.62
# xi=4084.41856391044, logdetD=-0.000317044144692213, t=276.451
# xi=4204.54852167251, logdetD=-0.000218311141795805, t=278.032
# xi=4324.67847943458, logdetD=-0.000150421567744466, t=273.626
# xi=4444.80843719665, logdetD=-0.000103678737977287, t=265.686
# xi=4564.93839495872, logdetD=-7.15024579818206e-05, t=263.677
# xi=4685.06835272079, logdetD=-4.93316692854673e-05, t=256.75
# xi=4805.19831048287, logdetD=-3.40485774721884e-05, t=255.094
# xi=4925.32826824494, logdetD=-2.35125325382274e-05, t=251.214
# xi=5045.45822600701, logdetD=-1.62414579847401e-05, t=247.873
# xi=5165.58818376908, logdetD=-1.12244526665224e-05, t=238.734
# xi=5285.71814153115, logdetD=-7.759788822083e-06, t=236.142
# xi=5405.84809929322, logdetD=-5.36638371733088e-06, t=230.646
# xi=5525.9780570553, logdetD=-3.7128097869027e-06, t=224.584
# xi=5646.10801481737, logdetD=-2.56940396561636e-06, t=217.645
# xi=5766.23797257944, logdetD=-1.77888439237001e-06, t=213.261
# xi=5886.36793034151, logdetD=-1.23192712368682e-06, t=204.074
# xi=6006.49788810358, logdetD=-8.53398949131095e-07, t=199.776
# xi=6126.62784586565, logdetD=-5.91396717483618e-07, t=192.093
# xi=6246.75780362773, logdetD=-4.09921698850846e-07, t=185.453
# xi=6366.8877613898, logdetD=-2.84240117159929e-07, t=181.179
# xi=6487.01771915187, logdetD=-1.97139603496204e-07, t=173.26
# xi=6607.14767691394, logdetD=-1.36765900963931e-07, t=163.416
# xi=6727.27763467601, logdetD=-9.49113715423981e-08, t=162.9
#
# 15398 determinants computed
# stop time: Fri May 25 20:02:09 2018
#
# L/R, L, R, T, ldim, F*(L+R)/(ħc)
0.001417004048582996, 2.1e-07, 0.0001482, 295, 6352, -15436.46386657126
# finished at Fr 25. Mai 20:02:11 CEST 2018
