# starting on alcc114 at Fr 25. Mai 20:03:08 CEST 2018
# compiler: icc
# compile time: Mar 20 2018 10:17:31
# compiled on: Linux alcc83 3.16.0-4-amd64 #1 SMP Debian 3.16.51-3 (2017-12-13) x86_64 GNU/Linux
# LAPACK support: false
# git HEAD: 6d0c9d2b97f5bf34953fe6036ede8a0e34487fd7
# git branch: master
# pid: 18543
# start time: Fri May 25 20:03:10 2018
#
# LbyR = 0.00303643724696356
# RbyL = 329.333333333333
# L = 4.5e-07
# R = 0.0001482
# T = 295
# cutoff = 4e-10
# epsrel = 1e-09
# iepsrel = 1e-08
# ldim = 2964
# cores = 13
# alpha = 0.00605449041372351
# filename = /alcc/gpfs1/home/u/hartmmic/libcasimir-dev/data/materials/GoldDalvit.dat
# model = optical data (xi=0: Drude)
# plasma = -91.5530674405481 (logdetD(xi=0) for plasma model with omegap=9eV)
#
# xi=0, logdetD=-48.9700298657594, t=2.82158
# xi=120.324224926433, logdetD=-37.9469270513954, t=142.299
# xi=240.648449852866, logdetD=-16.6347175961616, t=149.992
# xi=360.9726747793, logdetD=-7.4297443394389, t=154.695
# xi=481.296899705733, logdetD=-3.34536555540359, t=158.558
# xi=601.621124632166, logdetD=-1.51251453452927, t=159.644
# xi=721.945349558599, logdetD=-0.685564914286249, t=160.481
# xi=842.269574485032, logdetD=-0.311534153498446, t=162.019
# xi=962.593799411466, logdetD=-0.141708990350748, t=159.82
# xi=1082.9180243379, logdetD=-0.0645565820950855, t=159.475
# xi=1203.24224926433, logdetD=-0.0294280252822621, t=157.891
# xi=1323.56647419077, logdetD=-0.0134522233683843, t=156.247
# xi=1443.8906991172, logdetD=-0.0061520046539634, t=155.648
# xi=1564.21492404363, logdetD=-0.00281849488549167, t=152.179
# xi=1684.53914897006, logdetD=-0.00129294411160819, t=148.738
# xi=1804.8633738965, logdetD=-0.000593616684322954, t=145.597
# xi=1925.18759882293, logdetD=-0.000273073186536864, t=141.239
# xi=2045.51182374936, logdetD=-0.000125695512927104, t=137.059
# xi=2165.8360486758, logdetD=-5.79384749864741e-05, t=133.74
# xi=2286.16027360223, logdetD=-2.67336834897728e-05, t=126.904
# xi=2406.48449852866, logdetD=-1.23446848397889e-05, t=121.494
# xi=2526.8087234551, logdetD=-5.70835703669539e-06, t=117.943
# xi=2647.13294838153, logdetD=-2.64109556320456e-06, t=110.619
# xi=2767.45717330796, logdetD=-1.22327740879342e-06, t=104.049
# xi=2887.7813982344, logdetD=-5.67028469114677e-07, t=97.7479
# xi=3008.10562316083, logdetD=-2.63001080131402e-07, t=88.578
# xi=3128.42984808726, logdetD=-1.22112642005086e-07, t=79.7419
# xi=3248.7540730137, logdetD=-5.67235185613001e-08, t=76.5484
# xi=3369.07829794013, logdetD=-2.63712708220751e-08, t=76.3436
#
# 5185 determinants computed
# stop time: Fri May 25 21:05:28 2018
#
# L/R, L, R, T, ldim, F*(L+R)/(ħc)
0.003036437246963563, 4.5e-07, 0.0001482, 295, 2964, -3547.071627365747
# finished at Fr 25. Mai 21:05:29 CEST 2018
