# starting on alcc122 at Do 24. Mai 08:14:36 CEST 2018
# compiler: icc
# compile time: Mar 20 2018 10:17:31
# compiled on: Linux alcc83 3.16.0-4-amd64 #1 SMP Debian 3.16.51-3 (2017-12-13) x86_64 GNU/Linux
# LAPACK support: false
# git HEAD: 6d0c9d2b97f5bf34953fe6036ede8a0e34487fd7
# git branch: master
# pid: 22763
# start time: Thu May 24 08:14:36 2018
#
# LbyR = 0.00446693657219973
# RbyL = 223.867069486405
# L = 6.62e-07
# R = 0.0001482
# T = 295
# cutoff = 4e-10
# epsrel = 1e-09
# iepsrel = 1e-08
# ldim = 2015
# cores = 8
# alpha = 0.00889414356921175
# filename = /alcc/gpfs1/home/u/hartmmic/libcasimir-dev/data/materials/GoldDalvit.dat
# model = optical data (xi=0: Drude)
# plasma = -62.4483276267259 (logdetD(xi=0) for plasma model with omegap=9eV)
#
# xi=0, logdetD=-33.1405814968996, t=2.45648
# xi=120.495827588286, logdetD=-18.1369003961472, t=117.552
# xi=240.991655176572, logdetD=-5.66319671317957, t=124.017
# xi=361.487482764858, logdetD=-1.80213579855321, t=126.964
# xi=481.983310353144, logdetD=-0.577052739728758, t=129.861
# xi=602.479137941429, logdetD=-0.185280869650807, t=129.752
# xi=722.974965529715, logdetD=-0.0595949987192691, t=128.932
# xi=843.470793118001, logdetD=-0.019210721280322, t=126.622
# xi=963.966620706287, logdetD=-0.0061980312844275, t=124.732
# xi=1084.46244829457, logdetD=-0.00200263070002446, t=122.376
# xi=1204.95827588286, logdetD=-0.000647484539676609, t=118.59
# xi=1325.45410347114, logdetD=-0.000209933556172551, t=112.806
# xi=1445.94993105943, logdetD=-6.80979910362702e-05, t=108.448
# xi=1566.44575864772, logdetD=-2.21296191629361e-05, t=101.236
# xi=1686.941586236, logdetD=-7.20080396658173e-06, t=95.3391
# xi=1807.43741382429, logdetD=-2.34505693534868e-06, t=87.4848
# xi=1927.93324141257, logdetD=-7.65193280225039e-07, t=79.3002
# xi=2048.42906900086, logdetD=-2.49833513856558e-07, t=70.7095
# xi=2168.92489658915, logdetD=-8.16822725866535e-08, t=59.4526
# xi=2289.42072417743, logdetD=-2.67323397274167e-08, t=59.2703
#
# 2890 determinants computed
# stop time: Thu May 24 08:48:22 2018
#
# L/R, L, R, T, ldim, F*(L+R)/(ħc)
0.00446693657219973, 6.62e-07, 0.0001482, 295, 2015, -1650.140902785589
# finished at Do 24. Mai 08:48:22 CEST 2018
