# starting on alcc114 at Sa 26. Mai 10:47:16 CEST 2018
# compiler: icc
# compile time: Mar 20 2018 10:17:31
# compiled on: Linux alcc83 3.16.0-4-amd64 #1 SMP Debian 3.16.51-3 (2017-12-13) x86_64 GNU/Linux
# LAPACK support: false
# git HEAD: 6d0c9d2b97f5bf34953fe6036ede8a0e34487fd7
# git branch: master
# pid: 4011
# start time: Sat May 26 10:47:16 2018
#
# LbyR = 0.00249662618083671
# RbyL = 400.540540540541
# L = 3.7e-07
# R = 0.0001482
# T = 295
# cutoff = 4e-10
# epsrel = 1e-09
# iepsrel = 1e-08
# ldim = 3605
# cores = 16
# alpha = 0.00498081712324157
# filename = /alcc/gpfs1/home/u/hartmmic/libcasimir-dev/data/materials/GoldDalvit.dat
# model = optical data (xi=0: Drude)
# plasma = -110.822768666233 (logdetD(xi=0) for plasma model with omegap=9eV)
#
# xi=0, logdetD=-59.6609524579832, t=2.98192
# xi=120.259469204979, logdetD=-52.6734995730826, t=164.788
# xi=240.518938409959, logdetD=-26.2777932760853, t=171.828
# xi=360.778407614938, logdetD=-13.3388090838018, t=177.884
# xi=481.037876819917, logdetD=-6.82793111661451, t=179.791
# xi=601.297346024897, logdetD=-3.51132280057151, t=183.088
# xi=721.556815229876, logdetD=-1.81101497977422, t=184.586
# xi=841.816284434856, logdetD=-0.936688267617091, t=187.113
# xi=962.075753639835, logdetD=-0.485027171915509, t=188.127
# xi=1082.33522284481, logdetD=-0.251547374689107, t=188.502
# xi=1202.59469204979, logdetD=-0.130545932483167, t=187.844
# xi=1322.85416125477, logdetD=-0.0679391195365738, t=185.911
# xi=1443.11363045975, logdetD=-0.0353722570176871, t=186.388
# xi=1563.37309966473, logdetD=-0.0184491891552664, t=183.212
# xi=1683.63256886971, logdetD=-0.0096348986061438, t=182.3
# xi=1803.89203807469, logdetD=-0.00503587545399257, t=179.678
# xi=1924.15150727967, logdetD=-0.00263720264537871, t=175.952
# xi=2044.41097648465, logdetD=-0.00138189721796126, t=174.805
# xi=2164.67044568963, logdetD=-0.000725121726655466, t=171.527
# xi=2284.92991489461, logdetD=-0.000380880006413161, t=168.699
# xi=2405.18938409959, logdetD=-0.000200213632830683, t=163.564
# xi=2525.44885330457, logdetD=-0.000105392158091413, t=158.661
# xi=2645.70832250955, logdetD=-5.5509263509671e-05, t=155.144
# xi=2765.96779171453, logdetD=-2.92679060593273e-05, t=149.125
# xi=2886.2272609195, logdetD=-1.54439734301133e-05, t=144.233
# xi=3006.48673012448, logdetD=-8.15459235479434e-06, t=139.705
# xi=3126.74619932946, logdetD=-4.31021940889309e-06, t=135.01
# xi=3247.00566853444, logdetD=-2.27929410981755e-06, t=128.748
# xi=3367.26513773942, logdetD=-1.20634515471976e-06, t=121.078
# xi=3487.5246069444, logdetD=-6.38862638210173e-07, t=114.097
# xi=3607.78407614938, logdetD=-3.3851027217412e-07, t=107.535
# xi=3728.04354535436, logdetD=-1.79508129186972e-07, t=98.2299
# xi=3848.30301455934, logdetD=-9.52280408029929e-08, t=90.853
# xi=3968.56248376432, logdetD=-5.05526665317862e-08, t=90.6933
#
# 6750 determinants computed
# stop time: Sat May 26 12:14:18 2018
#
# L/R, L, R, T, ldim, F*(L+R)/(ħc)
0.002496626180836707, 3.7e-07, 0.0001482, 295, 3605, -5214.34255411807
# finished at Sa 26. Mai 12:14:18 CEST 2018
