# starting on alcc124 at Di 20. Feb 19:07:58 CET 2018
# compiler: icc
# compile time: Feb  1 2018 09:49:34
# compiled on: Linux alcc83 3.16.0-4-amd64 #1 SMP Debian 3.16.51-3 (2017-12-13) x86_64 GNU/Linux
# LAPACK support: false
# git HEAD: b96c9c30c7b1cdd2d059ceccd0396c6d55d3da95
# git branch: dev
#
# LbyR = 0.02315
# L = 1.18065e-06
# R = 5.1e-05
# T = 300
# cutoff = 5e-08
# epsrel = 1e-07
# iepsrel = 2e-07
# ldim = 346
# cores = 4
# alpha = 0.0452524067829741
# filename = /alcc/gpfs1/home/u/hartmmic/libcasimir-dev/data/materials/GoldDalvit.dat
# model = optical data (xi=0: Drude)
# plasma = -11.110022290989 (logdetD(xi=0) for plasma model with omegap=1.36734e+16eV)
#
# xi=0, logdetD=-6.08437734031562, t=0.885864
# xi=42.9533343645863, logdetD=-1.42943851782838, t=8.77986
# xi=85.9066687291725, logdetD=-0.189239419420989, t=8.89451
# xi=128.860003093759, logdetD=-0.0253070653191626, t=8.62177
# xi=171.813337458345, logdetD=-0.00339071510711725, t=8.33838
# xi=214.766671822931, logdetD=-0.000454860384587145, t=7.7752
# xi=257.720006187518, logdetD=-6.10962827049483e-05, t=6.94987
# xi=300.673340552104, logdetD=-8.22628796129958e-06, t=6.0483
# xi=343.62667491669, logdetD=-1.10668961387278e-06, t=5.14747
# xi=386.580009281276, logdetD=-1.4936356092322e-07, t=4.13248
#
# 469 determinants computed
#
# L/R, L, R, T, ldim, F*(L+R)/(ħc)
0.02315, 1.18065e-06, 5.1e-05, 300, 346, -64.12511701734725
# finished at Di 20. Feb 19:09:04 CET 2018
