# starting on alcc116 at So 18. Feb 20:53:27 CET 2018
# compiler: icc
# compile time: Feb  1 2018 09:49:34
# compiled on: Linux alcc83 3.16.0-4-amd64 #1 SMP Debian 3.16.51-3 (2017-12-13) x86_64 GNU/Linux
# LAPACK support: false
# git HEAD: b96c9c30c7b1cdd2d059ceccd0396c6d55d3da95
# git branch: dev
#
# LbyR = 0.0025
# L = 1.275e-07
# R = 5.1e-05
# T = 300
# cutoff = 5e-08
# epsrel = 1e-07
# iepsrel = 2e-07
# ldim = 3200
# cores = 7
# alpha = 0.00498753117206983
# filename = /alcc/gpfs1/home/u/hartmmic/libcasimir-dev/data/materials/GoldDalvit.dat
# model = optical data (xi=0: Drude)
# plasma = -101.825646989238 (logdetD(xi=0) for plasma model with omegap=1.36734e+16eV)
#
# xi=0, logdetD=-59.5797897867921, t=24.1274
# xi=42.0864171436229, logdetD=-75.1772291839338, t=243.119
# xi=84.1728342872457, logdetD=-56.2214218039304, t=253.338
# xi=126.259251430869, logdetD=-42.249576255644, t=267.927
# xi=168.345668574491, logdetD=-31.8985716032412, t=272.431
# xi=210.432085718114, logdetD=-24.1742517411284, t=281.303
# xi=252.518502861737, logdetD=-18.3754409067971, t=284.004
# xi=294.60492000536, logdetD=-14.01823954474, t=297.742
# xi=336.691337148983, logdetD=-10.6940191749779, t=302.437
# xi=378.777754292606, logdetD=-8.18970559662442, t=308.401
# xi=420.864171436229, logdetD=-6.27577330590957, t=322.447
# xi=462.950588579852, logdetD=-4.81728092931789, t=319.841
# xi=505.037005723474, logdetD=-3.7051551349035, t=317.168
# xi=547.123422867097, logdetD=-2.85193350612009, t=321.526
# xi=589.20984001072, logdetD=-2.199279779179, t=321.698
# xi=631.296257154343, logdetD=-1.69787371346164, t=319.709
# xi=673.382674297966, logdetD=-1.31179758116957, t=320.067
# xi=715.469091441589, logdetD=-1.01537083644912, t=321.333
# xi=757.555508585212, logdetD=-0.786421412417286, t=324.26
# xi=799.641925728835, logdetD=-0.609719225137705, t=322.608
# xi=841.728342872457, logdetD=-0.473282517264536, t=321.855
# xi=883.81476001608, logdetD=-0.367598802781598, t=322.301
# xi=925.901177159703, logdetD=-0.285836863183107, t=324.257
# xi=967.987594303326, logdetD=-0.222431183102943, t=321.783
# xi=1010.07401144695, logdetD=-0.173190729963618, t=319.565
# xi=1052.16042859057, logdetD=-0.135004053915716, t=320.515
# xi=1094.24684573419, logdetD=-0.105289200260959, t=321.188
# xi=1136.33326287782, logdetD=-0.0821723710451586, t=320.042
# xi=1178.41968002144, logdetD=-0.0641821383784919, t=317.475
# xi=1220.50609716506, logdetD=-0.0501536072954457, t=317.73
# xi=1262.59251430869, logdetD=-0.0392215746029297, t=316.631
# xi=1304.67893145231, logdetD=-0.0306893571733722, t=315.591
# xi=1346.76534859593, logdetD=-0.0240237254282169, t=311.443
# xi=1388.85176573955, logdetD=-0.0188205550129643, t=306.75
# xi=1430.93818288318, logdetD=-0.0147499568190704, t=305.826
# xi=1473.0246000268, logdetD=-0.0115657184915946, t=305.593
# xi=1515.11101717042, logdetD=-0.00907412084302341, t=301.508
# xi=1557.19743431405, logdetD=-0.00712181635198902, t=302.85
# xi=1599.28385145767, logdetD=-0.00559271426729522, t=299.84
# xi=1641.37026860129, logdetD=-0.00439375099237059, t=292.26
# xi=1683.45668574491, logdetD=-0.00345299644375843, t=295.144
# xi=1725.54310288854, logdetD=-0.00271523244608005, t=289.081
# xi=1767.62952003216, logdetD=-0.00213574476164264, t=291.452
# xi=1809.71593717578, logdetD=-0.00168059734051308, t=285.826
# xi=1851.80235431941, logdetD=-0.00132302518532546, t=284.33
# xi=1893.88877146303, logdetD=-0.00104182577870275, t=281.41
# xi=1935.97518860665, logdetD=-0.000820750960254045, t=281.318
# xi=1978.06160575027, logdetD=-0.000646798978027172, t=278.76
# xi=2020.1480228939, logdetD=-0.000509854039871279, t=272.47
# xi=2062.23444003752, logdetD=-0.000402082793031404, t=270.562
# xi=2104.32085718114, logdetD=-0.000317169520231707, t=269.263
# xi=2146.40727432477, logdetD=-0.000250267468828275, t=265.071
# xi=2188.49369146839, logdetD=-0.000197545549357787, t=264.005
# xi=2230.58010861201, logdetD=-0.000155965927548375, t=258.721
# xi=2272.66652575563, logdetD=-0.000123180864343754, t=249.327
# xi=2314.75294289926, logdetD=-9.73129678069972e-05, t=247.915
# xi=2356.83936004288, logdetD=-7.68945408854158e-05, t=243.85
# xi=2398.9257771865, logdetD=-6.07818973908868e-05, t=239.548
# xi=2441.01219433013, logdetD=-4.8055231337378e-05, t=235.85
# xi=2483.09861147375, logdetD=-3.8003101741575e-05, t=234.345
# xi=2525.18502861737, logdetD=-3.00620635829767e-05, t=229.318
# xi=2567.27144576099, logdetD=-2.3784885499293e-05, t=224.597
# xi=2609.35786290462, logdetD=-1.8843272512922e-05, t=219.773
# xi=2651.44428004824, logdetD=-1.49431352633914e-05, t=217.03
# xi=2693.53069719186, logdetD=-1.18432024128059e-05, t=212.419
# xi=2735.61711433549, logdetD=-9.38050768276621e-06, t=209.431
# xi=2777.70353147911, logdetD=-7.42506484602783e-06, t=205.473
# xi=2819.78994862273, logdetD=-5.8732287655354e-06, t=202.891
#
# 10040 determinants computed
#
# L/R, L, R, T, ldim, F*(L+R)/(ħc)
0.0025, 1.275e-07, 5.1e-05, 300, 3200, -4530.698161528787
# finished at Mo 19. Feb 02:11:17 CET 2018
