# starting on alcc118 at Mo 19. Feb 07:51:25 CET 2018
# compiler: icc
# compile time: Feb  1 2018 09:49:34
# compiled on: Linux alcc83 3.16.0-4-amd64 #1 SMP Debian 3.16.51-3 (2017-12-13) x86_64 GNU/Linux
# LAPACK support: false
# git HEAD: b96c9c30c7b1cdd2d059ceccd0396c6d55d3da95
# git branch: dev
#
# LbyR = 0.005475
# L = 2.79225e-07
# R = 5.1e-05
# T = 300
# cutoff = 5e-08
# epsrel = 1e-07
# iepsrel = 2e-07
# ldim = 1462
# cores = 7
# alpha = 0.010890375195803
# filename = /alcc/gpfs1/home/u/hartmmic/libcasimir-dev/data/materials/GoldDalvit.dat
# model = optical data (xi=0: Drude)
# plasma = -48.6350229187569 (logdetD(xi=0) for plasma model with omegap=1.36734e+16eV)
#
# xi=0, logdetD=-26.9569794141539, t=7.225
# xi=42.2113119974905, logdetD=-27.4491955099052, t=58.8427
# xi=84.422623994981, logdetD=-15.7794916823862, t=63.8096
# xi=126.633935992471, logdetD=-9.19525361138098, t=67.1142
# xi=168.845247989962, logdetD=-5.40046368315287, t=69.4541
# xi=211.056559987452, logdetD=-3.18722451533771, t=69.8667
# xi=253.267871984943, logdetD=-1.8871831972967, t=71.1044
# xi=295.479183982433, logdetD=-1.12138024849568, t=70.8745
# xi=337.690495979924, logdetD=-0.66620693852972, t=71.8119
# xi=379.901807977414, logdetD=-0.397248036463925, t=72.4199
# xi=422.113119974905, logdetD=-0.236980076670633, t=72.4942
# xi=464.324431972395, logdetD=-0.141594251970365, t=72.5014
# xi=506.535743969886, logdetD=-0.0847657014992691, t=72.1366
# xi=548.747055967376, logdetD=-0.0507810376175902, t=72.0932
# xi=590.958367964867, logdetD=-0.0304784015655957, t=71.9858
# xi=633.169679962357, logdetD=-0.0183135074017785, t=70.7321
# xi=675.380991959848, logdetD=-0.0110127663725611, t=70.3169
# xi=717.592303957338, logdetD=-0.00663500977395096, t=69.1942
# xi=759.803615954829, logdetD=-0.00400014065976687, t=68.0622
# xi=802.014927952319, logdetD=-0.00241420439069557, t=67.2545
# xi=844.226239949809, logdetD=-0.00145885484562996, t=66.1664
# xi=886.4375519473, logdetD=-0.000882127321162221, t=65.0391
# xi=928.64886394479, logdetD=-0.000534026693670408, t=63.2412
# xi=970.860175942281, logdetD=-0.000323553326326117, t=62.0532
# xi=1013.07148793977, logdetD=-0.000196153298663612, t=60.3427
# xi=1055.28279993726, logdetD=-0.000119057509933799, t=58.9424
# xi=1097.49411193475, logdetD=-7.23010731592056e-05, t=57.8298
# xi=1139.70542393224, logdetD=-4.39389554442812e-05, t=56.46
# xi=1181.91673592973, logdetD=-2.6724668916773e-05, t=54.1908
# xi=1224.12804792722, logdetD=-1.62623048711884e-05, t=52.0547
# xi=1266.33935992471, logdetD=-9.9036417335743e-06, t=49.6164
# xi=1308.5506719222, logdetD=-6.03466426825476e-06, t=47.7599
# xi=1350.7619839197, logdetD=-3.67878699769568e-06, t=46.0405
# xi=1392.97329591719, logdetD=-2.24439875259975e-06, t=43.3101
#
# 3426 determinants computed
#
# L/R, L, R, T, ldim, F*(L+R)/(ħc)
0.005475000000000001, 2.79225e-07, 5.1e-05, 300, 1462, -1063.519114011047
# finished at Mo 19. Feb 08:26:37 CET 2018
