# starting on alcc119 at Mo 19. Feb 07:51:25 CET 2018
# compiler: icc
# compile time: Feb  1 2018 09:49:34
# compiled on: Linux alcc83 3.16.0-4-amd64 #1 SMP Debian 3.16.51-3 (2017-12-13) x86_64 GNU/Linux
# LAPACK support: false
# git HEAD: b96c9c30c7b1cdd2d059ceccd0396c6d55d3da95
# git branch: dev
#
# LbyR = 0.00565
# L = 2.8815e-07
# R = 5.1e-05
# T = 300
# cutoff = 5e-08
# epsrel = 1e-07
# iepsrel = 2e-07
# ldim = 1416
# cores = 7
# alpha = 0.0112365136976085
# filename = /alcc/gpfs1/home/u/hartmmic/libcasimir-dev/data/materials/GoldDalvit.dat
# model = optical data (xi=0: Drude)
# plasma = -47.1675545519773 (logdetD(xi=0) for plasma model with omegap=1.36734e+16eV)
#
# xi=0, logdetD=-26.1084848222403, t=6.7927
# xi=42.2186587536003, logdetD=-26.2144594905213, t=56.1559
# xi=84.4373175072007, logdetD=-14.845866484371, t=58.8806
# xi=126.655976260801, logdetD=-8.52551391815608, t=63.9614
# xi=168.874635014401, logdetD=-4.93467475289624, t=65.7195
# xi=211.093293768002, logdetD=-2.87014255601656, t=66.2635
# xi=253.311952521602, logdetD=-1.67476101697415, t=66.8124
# xi=295.530611275202, logdetD=-0.980674405670064, t=68.286
# xi=337.749270028803, logdetD=-0.574120500757676, t=67.5744
# xi=379.967928782403, logdetD=-0.337341462635027, t=68.2708
# xi=422.186587536003, logdetD=-0.198302819317945, t=67.7839
# xi=464.405246289604, logdetD=-0.116753273827255, t=68.0105
# xi=506.623905043204, logdetD=-0.068872988807152, t=67.7378
# xi=548.842563796804, logdetD=-0.0406570044892405, t=67.5136
# xi=591.061222550405, logdetD=-0.0240453758249782, t=66.2555
# xi=633.279881304005, logdetD=-0.0142369582750139, t=65.7235
# xi=675.498540057605, logdetD=-0.008436245556234, t=65.2861
# xi=717.717198811206, logdetD=-0.00500844043662207, t=64.7702
# xi=759.935857564806, logdetD=-0.00297539846527561, t=62.8753
# xi=802.154516318406, logdetD=-0.0017695123650327, t=62.7763
# xi=844.373175072007, logdetD=-0.00105366374038603, t=61.2818
# xi=886.591833825607, logdetD=-0.000627815563156407, t=59.982
# xi=928.810492579207, logdetD=-0.000374520044282757, t=58.6147
# xi=971.029151332808, logdetD=-0.00022359882772382, t=57.1669
# xi=1013.24781008641, logdetD=-0.000133576768757515, t=55.7201
# xi=1055.46646884001, logdetD=-7.98921049396346e-05, t=53.7384
# xi=1097.68512759361, logdetD=-4.78083159419815e-05, t=52.4561
# xi=1139.90378634721, logdetD=-2.86299037010326e-05, t=50.7779
# xi=1182.12244510081, logdetD=-1.71590668130423e-05, t=49.3651
# xi=1224.34110385441, logdetD=-1.02890242223283e-05, t=47.6094
# xi=1266.55976260801, logdetD=-6.174436592767e-06, t=45.4145
# xi=1308.77842136161, logdetD=-3.70736441469196e-06, t=43.383
# xi=1350.99708011521, logdetD=-2.2270292752374e-06, t=41.8029
#
# 3274 determinants computed
#
# L/R, L, R, T, ldim, F*(L+R)/(ħc)
0.00565, 2.8815e-07, 5.1e-05, 300, 1416, -1001.115969963451
# finished at Mo 19. Feb 08:23:30 CET 2018
