# starting on alcc119 at So 18. Feb 21:09:25 CET 2018
# compiler: icc
# compile time: Feb  1 2018 09:49:34
# compiled on: Linux alcc83 3.16.0-4-amd64 #1 SMP Debian 3.16.51-3 (2017-12-13) x86_64 GNU/Linux
# LAPACK support: false
# git HEAD: b96c9c30c7b1cdd2d059ceccd0396c6d55d3da95
# git branch: dev
#
# LbyR = 0.003025
# L = 1.54275e-07
# R = 5.1e-05
# T = 300
# cutoff = 5e-08
# epsrel = 1e-07
# iepsrel = 2e-07
# ldim = 2645
# cores = 7
# alpha = 0.00603175394431844
# filename = /alcc/gpfs1/home/u/hartmmic/libcasimir-dev/data/materials/GoldDalvit.dat
# model = optical data (xi=0: Drude)
# plasma = -85.4546359195532 (logdetD(xi=0) for plasma model with omegap=1.36734e+16eV)
#
# xi=0, logdetD=-49.1569607857041, t=17.7201
# xi=42.1084574119524, logdetD=-60.0919695950644, t=169.336
# xi=84.2169148239049, logdetD=-42.8249715191701, t=181.591
# xi=126.325372235857, logdetD=-30.7308291695348, t=187.643
# xi=168.43382964781, logdetD=-22.1758975578181, t=191.722
# xi=210.542287059762, logdetD=-16.070253299739, t=203.866
# xi=252.650744471715, logdetD=-11.6834504562058, t=207.815
# xi=294.759201883667, logdetD=-8.52594511269721, t=210.953
# xi=336.86765929562, logdetD=-6.22201324824742, t=215.586
# xi=378.976116707572, logdetD=-4.55837892100939, t=222.19
# xi=421.084574119524, logdetD=-3.34166754006436, t=221.456
# xi=463.193031531477, logdetD=-2.45387161510486, t=219.9
# xi=505.301488943429, logdetD=-1.8055552818914, t=219.519
# xi=547.409946355382, logdetD=-1.32952461771221, t=221.492
# xi=589.518403767334, logdetD=-0.980826940625094, t=222.016
# xi=631.626861179287, logdetD=-0.724392030234933, t=224.167
# xi=673.735318591239, logdetD=-0.535418113710437, t=224.182
# xi=715.843776003192, logdetD=-0.396474093253947, t=225.448
# xi=757.952233415144, logdetD=-0.293773332589399, t=223.888
# xi=800.060690827096, logdetD=-0.217900754589167, t=225.455
# xi=842.169148239049, logdetD=-0.16181804414834, t=225.41
# xi=884.277605651001, logdetD=-0.120243773965649, t=224.066
# xi=926.386063062954, logdetD=-0.0894529887460578, t=222.862
# xi=968.494520474906, logdetD=-0.0665986561342381, t=222.527
# xi=1010.60297788686, logdetD=-0.0496126182286096, t=222.481
# xi=1052.71143529881, logdetD=-0.0370013814651635, t=220.623
# xi=1094.81989271076, logdetD=-0.0276097605381818, t=219.047
# xi=1136.92835012272, logdetD=-0.0206165855587631, t=217.048
# xi=1179.03680753467, logdetD=-0.015407126394003, t=216.546
# xi=1221.14526494662, logdetD=-0.011519392764569, t=214.416
# xi=1263.25372235857, logdetD=-0.00861938505631103, t=214.777
# xi=1305.36217977053, logdetD=-0.00645306528534113, t=214.864
# xi=1347.47063718248, logdetD=-0.00483335102514473, t=212.153
# xi=1389.57909459443, logdetD=-0.00362304150979529, t=208.716
# xi=1431.68755200638, logdetD=-0.00271685644993767, t=207.926
# xi=1473.79600941834, logdetD=-0.00203838325825362, t=204.552
# xi=1515.90446683029, logdetD=-0.00153023170719748, t=202.68
# xi=1558.01292424224, logdetD=-0.00114917022813008, t=201.538
# xi=1600.12138165419, logdetD=-0.000863493192484367, t=198.874
# xi=1642.22983906615, logdetD=-0.000649106154003989, t=197.415
# xi=1684.3382964781, logdetD=-0.000488114209844137, t=194.656
# xi=1726.44675389005, logdetD=-0.000367264217857205, t=192.732
# xi=1768.555211302, logdetD=-0.000276419017602819, t=188.864
# xi=1810.66366871396, logdetD=-0.000208127710035262, t=185.877
# xi=1852.77212612591, logdetD=-0.000156777102715394, t=183.819
# xi=1894.88058353786, logdetD=-0.000118129455258388, t=182.125
# xi=1936.98904094981, logdetD=-8.90478575717226e-05, t=177.334
# xi=1979.09749836176, logdetD=-6.71476025611838e-05, t=173.392
# xi=2021.20595577372, logdetD=-5.06472800890095e-05, t=170.679
# xi=2063.31441318567, logdetD=-3.82186120907123e-05, t=164.398
# xi=2105.42287059762, logdetD=-2.88469418817038e-05, t=162.227
# xi=2147.53132800957, logdetD=-2.17801766172492e-05, t=159.793
# xi=2189.63978542153, logdetD=-1.6450254075977e-05, t=154.606
# xi=2231.74824283348, logdetD=-1.24274764355833e-05, t=153.844
# xi=2273.85670024543, logdetD=-9.39169240053063e-06, t=150.009
# xi=2315.96515765738, logdetD=-7.09934209232262e-06, t=145.138
# xi=2358.07361506934, logdetD=-5.36770922382389e-06, t=142.308
# xi=2400.18207248129, logdetD=-4.05987935973187e-06, t=136.487
#
# 7803 determinants computed
#
# L/R, L, R, T, ldim, F*(L+R)/(ħc)
0.003025, 1.54275e-07, 5.1e-05, 300, 2645, -3219.207076414596
# finished at Mo 19. Feb 00:18:09 CET 2018
