# starting on alcc124 at Mo 19. Feb 07:54:57 CET 2018
# compiler: icc
# compile time: Feb  1 2018 09:49:34
# compiled on: Linux alcc83 3.16.0-4-amd64 #1 SMP Debian 3.16.51-3 (2017-12-13) x86_64 GNU/Linux
# LAPACK support: false
# git HEAD: b96c9c30c7b1cdd2d059ceccd0396c6d55d3da95
# git branch: dev
#
# LbyR = 0.010025
# L = 5.11275e-07
# R = 5.1e-05
# T = 300
# cutoff = 5e-08
# epsrel = 1e-07
# iepsrel = 2e-07
# ldim = 799
# cores = 4
# alpha = 0.0198509937872825
# filename = /alcc/gpfs1/home/u/hartmmic/libcasimir-dev/data/materials/GoldDalvit.dat
# model = optical data (xi=0: Drude)
# plasma = -26.6509358074151 (logdetD(xi=0) for plasma model with omegap=1.36734e+16eV)
#
# xi=0, logdetD=-14.5323890502864, t=2.92569
# xi=42.4023276563468, logdetD=-10.1645808711387, t=37.9293
# xi=84.8046553126937, logdetD=-3.98757876412693, t=41.604
# xi=127.20698296904, logdetD=-1.59242996138547, t=43.7609
# xi=169.609310625387, logdetD=-0.640518416402743, t=43.7242
# xi=212.011638281734, logdetD=-0.258542614148411, t=44.3346
# xi=254.413965938081, logdetD=-0.104584169998036, t=44.2171
# xi=296.816293594428, logdetD=-0.0424236899067295, t=44.3869
# xi=339.218621250775, logdetD=-0.0171978875242307, t=44.1104
# xi=381.620948907121, logdetD=-0.00699572286941514, t=42.5477
# xi=424.023276563468, logdetD=-0.00284667304151506, t=41.5863
# xi=466.425604219815, logdetD=-0.00116013869923568, t=40.9987
# xi=508.827931876162, logdetD=-0.000473723787524378, t=39.3143
# xi=551.230259532509, logdetD=-0.000193577350145739, t=37.7283
# xi=593.632587188856, logdetD=-7.92511246896452e-05, t=35.6433
# xi=636.034914845202, logdetD=-3.24828792578505e-05, t=34.1118
# xi=678.437242501549, logdetD=-1.33246246206481e-05, t=31.4275
# xi=720.839570157896, logdetD=-5.47621685920102e-06, t=29.2724
# xi=763.241897814243, logdetD=-2.25212537884618e-06, t=27.086
# xi=805.64422547059, logdetD=-9.2718021129619e-07, t=24.4749
#
# 1441 determinants computed
#
# L/R, L, R, T, ldim, F*(L+R)/(ħc)
0.010025, 5.11275e-07, 5.1e-05, 300, 799, -325.088706548612
# finished at Mo 19. Feb 08:07:09 CET 2018
