# starting on alcc118 at Sa 15. Apr 04:41:39 CEST 2017

# L      = 4.65e-07
# R      = 4e-05
# LbyR   = 0.011625
# T      = 295
# cutoff = 1e-12
# epsrel = 1e-09
# ldim   = 689
# cores  = 4
# alpha  = 0.0229828246632893
# filename = /alcc/gpfs1/home/u/hartmmic/libcasimir-dev/data/materials/GoldEpsIm.dat
# model  = optical data (xi=0: Drude)
# plasma = -22.6981066964121 (logdetD(xi=0) for plasma model with omegap=9eV)
#
# xi=0, logdetD=-12.4777265615971, t=2.76559
# xi=32.754253357875, logdetD=-9.59658460644899, t=52.6806
# xi=65.50850671575, logdetD=-4.11984282607577, t=55.4987
# xi=98.262760073625, logdetD=-1.79872549428989, t=61.1996
# xi=131.0170134315, logdetD=-0.791163545048562, t=67.7341
# xi=163.771266789375, logdetD=-0.349301837969375, t=72.9574
# xi=196.52552014725, logdetD=-0.154575924946931, t=74.633
# xi=229.279773505125, logdetD=-0.0685710058444637, t=75.8358
# xi=262.034026863, logdetD=-0.0304469683926015, t=75.6681
# xi=294.788280220875, logdetD=-0.0135388131856066, t=73.8239
# xi=327.54253357875, logdetD=-0.00602396554307058, t=72.0727
# xi=360.296786936625, logdetD=-0.00268774533115437, t=72.4878
# xi=393.0510402945, logdetD=-0.0011997098504914, t=71.0024
# xi=425.805293652375, logdetD=-0.000536458212385782, t=69.3221
# xi=458.55954701025, logdetD=-0.000240187801074497, t=67.5889
# xi=491.313800368125, logdetD=-0.000107627390328639, t=65.1459
# xi=524.068053726, logdetD=-4.8320748536507e-05, t=63.1826
# xi=556.822307083875, logdetD=-2.17071881583966e-05, t=61.0817
# xi=589.57656044175, logdetD=-9.76495906571707e-06, t=58.6909
# xi=622.330813799625, logdetD=-4.39714679713005e-06, t=55.4644
# xi=655.0850671575, logdetD=-1.98147690095526e-06, t=54.0533
# xi=687.839320515375, logdetD=-8.94136941192534e-07, t=50.4027
# xi=720.59357387325, logdetD=-4.0368876406951e-07, t=47.6772
# xi=753.347827231125, logdetD=-1.82449297965426e-07, t=44.2341
# xi=786.102080589, logdetD=-8.25202107028316e-08, t=40.5367
# xi=818.856333946875, logdetD=-3.73451696711219e-08, t=38.0256
# xi=851.61058730475, logdetD=-1.69177031872631e-08, t=37.8775
# xi=884.364840662625, logdetD=-7.66707155452861e-09, t=37.7356
#
# L/R, L, R, T, ldim, F*(L+R)/(ħc)
0.011625, 4.65e-07, 4e-05, 295, 689, -241.5965235950264

# finished at Sa 15. Apr 05:08:39 CEST 2017
