# starting on alcc115 at Sa 15. Apr 05:05:08 CEST 2017

# L      = 5.4e-07
# R      = 4e-05
# LbyR   = 0.0135
# T      = 295
# cutoff = 1e-12
# epsrel = 1e-09
# ldim   = 593
# cores  = 4
# alpha  = 0.0266403552047361
# filename = /alcc/gpfs1/home/u/hartmmic/libcasimir-dev/data/materials/GoldEpsIm.dat
# model  = optical data (xi=0: Drude)
# plasma = -19.4761103293205 (logdetD(xi=0) for plasma model with omegap=9eV)
#
# xi=0, logdetD=-10.6910883023226, t=2.13899
# xi=32.814961846738, logdetD=-7.29383721045867, t=39.4617
# xi=65.629923693476, logdetD=-2.77680469783188, t=41.0093
# xi=98.444885540214, logdetD=-1.07545659679861, t=46.0741
# xi=131.259847386952, logdetD=-0.419363169102139, t=51.7895
# xi=164.07480923369, logdetD=-0.164055639202481, t=54.8444
# xi=196.889771080428, logdetD=-0.0643070609739174, t=55.6721
# xi=229.704732927166, logdetD=-0.0252645537640006, t=55.1089
# xi=262.519694773904, logdetD=-0.00993431030391597, t=54.6912
# xi=295.334656620642, logdetD=-0.00391187961475289, t=53.3243
# xi=328.14961846738, logdetD=-0.00154133311535384, t=52.4577
# xi=360.964580314118, logdetD=-0.000608994436009813, t=51.375
# xi=393.779542160856, logdetD=-0.000240721242855691, t=49.1335
# xi=426.594504007594, logdetD=-9.53209527277764e-05, t=47.7633
# xi=459.409465854332, logdetD=-3.77935100510261e-05, t=46.0712
# xi=492.22442770107, logdetD=-1.49968618434613e-05, t=44.0978
# xi=525.039389547808, logdetD=-5.96236550199176e-06, t=41.8949
# xi=557.854351394546, logdetD=-2.37186262351693e-06, t=39.8605
# xi=590.669313241284, logdetD=-9.44821094931684e-07, t=37.9044
# xi=623.484275088022, logdetD=-3.76733044296857e-07, t=35.2214
# xi=656.29923693476, logdetD=-1.50322618899343e-07, t=32.7198
# xi=689.114198781498, logdetD=-6.00619880358899e-08, t=29.7623
# xi=721.929160628236, logdetD=-2.40098465811102e-08, t=28.3349
# xi=754.744122474974, logdetD=-9.60766117569149e-09, t=28.3161
#
# L/R, L, R, T, ldim, F*(L+R)/(ħc)
0.0135, 5.4e-07, 4e-05, 295, 593, -179.461455151864

# finished at Sa 15. Apr 05:22:07 CEST 2017
