# starting on alcc114 at Sa 15. Apr 03:45:05 CEST 2017

# L      = 3.55e-07
# R      = 4e-05
# LbyR   = 0.008875
# T      = 295
# cutoff = 1e-12
# epsrel = 1e-09
# ldim   = 902
# cores  = 5
# alpha  = 0.0175938545409491
# filename = /alcc/gpfs1/home/u/hartmmic/libcasimir-dev/data/materials/GoldEpsIm.dat
# model  = optical data (xi=0: Drude)
# plasma = -29.7948484088984 (logdetD(xi=0) for plasma model with omegap=9eV)
#
# xi=0, logdetD=-16.4679184049705, t=4.11494
# xi=32.665214240876, logdetD=-15.0815120736795, t=70.3904
# xi=65.3304284817519, logdetD=-7.7325673144234, t=72.1916
# xi=97.9956427226279, logdetD=-4.02525167070424, t=77.4946
# xi=130.660856963504, logdetD=-2.11191236085112, t=82.7892
# xi=163.32607120438, logdetD=-1.11301706394001, t=88.6608
# xi=195.991285445256, logdetD=-0.588271495359425, t=92.7052
# xi=228.656499686132, logdetD=-0.311794703181328, t=97.5622
# xi=261.321713927008, logdetD=-0.165444716723439, t=97.5859
# xi=293.986928167884, logdetD=-0.0879254999933257, t=98.3747
# xi=326.65214240876, logdetD=-0.0467585519018713, t=98.2846
# xi=359.317356649636, logdetD=-0.0249352667581927, t=97.3876
# xi=391.982570890512, logdetD=-0.0133029286895635, t=97.218
# xi=424.647785131388, logdetD=-0.0071096152355734, t=96.6301
# xi=457.312999372264, logdetD=-0.00380447340100049, t=95.3843
# xi=489.97821361314, logdetD=-0.00203749043643893, t=94.0102
# xi=522.643427854015, logdetD=-0.00109328127379619, t=92.5735
# xi=555.308642094891, logdetD=-0.000586984929040278, t=90.3227
# xi=587.973856335767, logdetD=-0.00031558753201204, t=89.5704
# xi=620.639070576643, logdetD=-0.000169843823571944, t=88.0438
# xi=653.304284817519, logdetD=-9.14750776554196e-05, t=85.2145
# xi=685.969499058395, logdetD=-4.93355101658e-05, t=82.8474
# xi=718.634713299271, logdetD=-2.66227869700794e-05, t=80.6462
# xi=751.299927540147, logdetD=-1.4381714827852e-05, t=78.3001
# xi=783.965141781023, logdetD=-7.7750470565414e-06, t=75.7615
# xi=816.630356021899, logdetD=-4.20595745188927e-06, t=73.2549
# xi=849.295570262775, logdetD=-2.27758165710267e-06, t=70.2518
# xi=881.960784503651, logdetD=-1.23390016777318e-06, t=67.3876
# xi=914.625998744527, logdetD=-6.69035359736299e-07, t=64.2485
# xi=947.291212985403, logdetD=-3.62973725279147e-07, t=61.1647
# xi=979.956427226279, logdetD=-1.97025380386036e-07, t=57.5857
# xi=1012.62164146716, logdetD=-1.07030816089805e-07, t=53.2335
# xi=1045.28685570803, logdetD=-5.81641675958232e-08, t=49.688
# xi=1077.95206994891, logdetD=-3.16295047509571e-08, t=49.1672
# xi=1110.61728418978, logdetD=-1.72079417803061e-08, t=48.9588
# xi=1143.28249843066, logdetD=-9.36585126087433e-09, t=48.8741
#
# L/R, L, R, T, ldim, F*(L+R)/(ħc)
0.008874999999999999, 3.55e-07, 4e-05, 295, 902, -411.2479496065457

# finished at Sa 15. Apr 04:31:13 CEST 2017
