# starting on alcc120 at Sa 15. Apr 08:43:06 CEST 2017

# L      = 7.4e-07
# R      = 0.000125
# LbyR   = 0.00592
# T      = 295
# cutoff = 1e-12
# epsrel = 1e-09
# ldim   = 1352
# cores  = 6
# alpha  = 0.0117703197073326
# filename = /alcc/gpfs1/home/u/hartmmic/libcasimir-dev/data/materials/GoldEpsIm.dat
# model  = optical data (xi=0: Drude)
# plasma = -46.8139203401915 (logdetD(xi=0) for plasma model with omegap=9eV)
#
# xi=0, logdetD=-24.8978874516946, t=12.3835
# xi=101.779805195087, logdetD=-12.0177077063863, t=153.803
# xi=203.559610390174, logdetD=-3.31453534264328, t=176.852
# xi=305.339415585262, logdetD=-0.930872871344688, t=194.799
# xi=407.119220780349, logdetD=-0.262850735856747, t=201.003
# xi=508.899025975436, logdetD=-0.0743943608649452, t=201.521
# xi=610.678831170523, logdetD=-0.021089404771816, t=201.056
# xi=712.45863636561, logdetD=-0.00599125334862893, t=197.78
# xi=814.238441560698, logdetD=-0.00170348003236086, t=192.335
# xi=916.018246755785, logdetD=-0.000485048525417674, t=185.799
# xi=1017.79805195087, logdetD=-0.000138198453903957, t=178.395
# xi=1119.57785714596, logdetD=-3.94846570212872e-05, t=166.405
# xi=1221.35766234105, logdetD=-1.128574471377e-05, t=154.031
# xi=1323.13746753613, logdetD=-3.23139127081915e-06, t=142.44
# xi=1424.91727273122, logdetD=-9.2636101806634e-07, t=129.526
# xi=1526.69707792631, logdetD=-2.65762908931139e-07, t=113.912
# xi=1628.4768831214, logdetD=-7.63847887076368e-08, t=96.8207
# xi=1730.25668831648, logdetD=-2.19649120986225e-08, t=92.849
#
# L/R, L, R, T, ldim, F*(L+R)/(ħc)
0.00592, 7.4e-07, 0.000125, 295, 1352, -942.079896950925

# finished at Sa 15. Apr 09:29:38 CEST 2017
