# starting on alcc114 at Sa 15. Apr 16:38:05 CEST 2017

# L      = 4.25e-07
# R      = 0.000125
# LbyR   = 0.0034
# T      = 295
# cutoff = 1e-12
# epsrel = 1e-09
# ldim   = 2353
# cores  = 10
# alpha  = 0.00677695834163843
# filename = /alcc/gpfs1/home/u/hartmmic/libcasimir-dev/data/materials/GoldEpsIm.dat
# model  = optical data (xi=0: Drude)
# plasma = -81.3257936123647 (logdetD(xi=0) for plasma model with omegap=9eV)
#
# xi=0, logdetD=-43.6836531475751, t=19.3941
# xi=101.524829541863, logdetD=-35.3048055569253, t=229.675
# xi=203.049659083725, logdetD=-16.1162155451982, t=251.126
# xi=304.574488625588, logdetD=-7.49224235167935, t=283.678
# xi=406.099318167451, logdetD=-3.51167138275966, t=304.78
# xi=507.624147709313, logdetD=-1.65298556042814, t=312.659
# xi=609.148977251176, logdetD=-0.780130104489087, t=312.392
# xi=710.673806793039, logdetD=-0.369149881757803, t=312.174
# xi=812.198636334901, logdetD=-0.174858928441029, t=309.298
# xi=913.723465876764, logdetD=-0.0829526054104704, t=308.533
# xi=1015.24829541863, logdetD=-0.0393777040035532, t=307.054
# xi=1116.77312496049, logdetD=-0.0187447958336928, t=303.087
# xi=1218.29795450235, logdetD=-0.00892682783614978, t=299.46
# xi=1319.82278404421, logdetD=-0.00425879857924072, t=294.756
# xi=1421.34761358608, logdetD=-0.00203438910108707, t=289.563
# xi=1522.87244312794, logdetD=-0.000972611800983701, t=285.693
# xi=1624.3972726698, logdetD=-0.000465892585700385, t=278.258
# xi=1725.92210221167, logdetD=-0.000223302579507146, t=270.008
# xi=1827.44693175353, logdetD=-0.000107176976894931, t=264.019
# xi=1928.97176129539, logdetD=-5.14928030340581e-05, t=254.501
# xi=2030.49659083725, logdetD=-2.47578695275267e-05, t=244.165
# xi=2132.02142037912, logdetD=-1.19201437269655e-05, t=235.268
# xi=2233.54624992098, logdetD=-5.74225728809135e-06, t=223.42
# xi=2335.07107946284, logdetD=-2.76912191753499e-06, t=212.591
# xi=2436.5959090047, logdetD=-1.33638147039871e-06, t=200.005
# xi=2538.12073854657, logdetD=-6.45328949620167e-07, t=185.639
# xi=2639.64556808843, logdetD=-3.11940173860581e-07, t=172.745
# xi=2741.17039763029, logdetD=-1.50851414633451e-07, t=156.642
# xi=2842.69522717215, logdetD=-7.30097803081356e-08, t=145.481
# xi=2944.22005671402, logdetD=-3.53557464246536e-08, t=144.929
#
# L/R, L, R, T, ldim, F*(L+R)/(ħc)
0.0034, 4.25e-07, 0.000125, 295, 2353, -2824.515819726719

# finished at Sa 15. Apr 18:41:37 CEST 2017
