# starting on alcc114 at Sa 15. Apr 13:26:11 CEST 2017

# L      = 5.85e-07
# R      = 0.000125
# LbyR   = 0.00468
# T      = 295
# cutoff = 1e-12
# epsrel = 1e-09
# ldim   = 1710
# cores  = 8
# alpha  = 0.00931639925150297
# filename = /alcc/gpfs1/home/u/hartmmic/libcasimir-dev/data/materials/GoldEpsIm.dat
# model  = optical data (xi=0: Drude)
# plasma = -59.2777092005397 (logdetD(xi=0) for plasma model with omegap=9eV)
#
# xi=0, logdetD=-31.6113934949867, t=11.5254
# xi=101.65434098477, logdetD=-19.6630489680974, t=157.915
# xi=203.308681969541, logdetD=-6.94429560647824, t=178.471
# xi=304.963022954311, logdetD=-2.4998500344527, t=200.415
# xi=406.617363939081, logdetD=-0.906174107211586, t=207.296
# xi=508.271704923852, logdetD=-0.329523329766502, t=211.391
# xi=609.926045908622, logdetD=-0.12006361594662, t=209.163
# xi=711.580386893393, logdetD=-0.0438452080109802, t=209.176
# xi=813.234727878163, logdetD=-0.0160256014092372, t=205.124
# xi=914.889068862933, logdetD=-0.00586595393192721, t=201.966
# xi=1016.5434098477, logdetD=-0.00214850182836757, t=197.621
# xi=1118.19775083247, logdetD=-0.000789125855524353, t=194.198
# xi=1219.85209181724, logdetD=-0.000289965298118898, t=186.275
# xi=1321.50643280201, logdetD=-0.000106738561133958, t=179.289
# xi=1423.16077378679, logdetD=-3.934159308745e-05, t=172.251
# xi=1524.81511477156, logdetD=-1.45122620432926e-05, t=162.841
# xi=1626.46945575633, logdetD=-5.36351944825697e-06, t=152.926
# xi=1728.1237967411, logdetD=-1.98340847532672e-06, t=142.061
# xi=1829.77813772587, logdetD=-7.34441404994112e-07, t=130.31
# xi=1931.43247871064, logdetD=-2.72219168182665e-07, t=117.327
# xi=2033.08681969541, logdetD=-1.00966703433481e-07, t=104.394
# xi=2134.74116068018, logdetD=-3.7498370878122e-08, t=98.9664
# xi=2236.39550166495, logdetD=-1.39332252691355e-08, t=98.3585
#
# L/R, L, R, T, ldim, F*(L+R)/(ħc)
0.00468, 5.85e-07, 0.000125, 295, 1710, -1499.378692312173

# finished at Sa 15. Apr 14:28:21 CEST 2017
