# starting on alcc114 at Sa 15. Apr 11:15:05 CEST 2017

# L      = 6.45e-07
# R      = 0.000125
# LbyR   = 0.00516
# T      = 295
# cutoff = 1e-12
# epsrel = 1e-09
# ldim   = 1551
# cores  = 7
# alpha  = 0.0102670221656254
# filename = /alcc/gpfs1/home/u/hartmmic/libcasimir-dev/data/materials/GoldEpsIm.dat
# model  = optical data (xi=0: Drude)
# plasma = -53.7594404962777 (logdetD(xi=0) for plasma model with omegap=9eV)
#
# xi=0, logdetD=-28.6294628929579, t=10.2313
# xi=101.702907775861, logdetD=-16.1415746485315, t=149.621
# xi=203.405815551722, logdetD=-5.17996568039547, t=171.556
# xi=305.108723327582, logdetD=-1.69400417911195, t=190.948
# xi=406.811631103443, logdetD=-0.557517447342325, t=198.191
# xi=508.514538879304, logdetD=-0.184001758359382, t=200.713
# xi=610.217446655165, logdetD=-0.0608361884742229, t=197.079
# xi=711.920354431025, logdetD=-0.020158501272539, t=197.159
# xi=813.623262206886, logdetD=-0.00668539500143121, t=194.949
# xi=915.326169982747, logdetD=-0.00222037556533185, t=189.845
# xi=1017.02907775861, logdetD=-0.000737901830641332, t=184.013
# xi=1118.73198553447, logdetD=-0.000245914279071187, t=178.238
# xi=1220.43489331033, logdetD=-8.19890049698484e-05, t=169.958
# xi=1322.13780108619, logdetD=-2.73841192329943e-05, t=162.099
# xi=1423.84070886205, logdetD=-9.15779093911952e-06, t=153.688
# xi=1525.54361663791, logdetD=-3.06497326980756e-06, t=140.281
# xi=1627.24652441377, logdetD=-1.02774241595603e-06, t=129.055
# xi=1728.94943218963, logdetD=-3.4480796605038e-07, t=116.952
# xi=1830.65233996549, logdetD=-1.15835073183876e-07, t=101.888
# xi=1932.35524774135, logdetD=-3.89498036943316e-08, t=95.119
# xi=2034.05815551722, logdetD=-1.3105501886197e-08, t=92.3811
#
# L/R, L, R, T, ldim, F*(L+R)/(ħc)
0.00516, 6.45e-07, 0.000125, 295, 1551, -1235.445972319918

# finished at Sa 15. Apr 12:08:50 CEST 2017
