# starting on alcc117 at Sa 15. Apr 19:53:35 CEST 2017

# L      = 3.9e-07
# R      = 0.000125
# LbyR   = 0.00312
# T      = 295
# cutoff = 1e-12
# epsrel = 1e-09
# ldim   = 2565
# cores  = 11
# alpha  = 0.00622059175372837
# filename = /alcc/gpfs1/home/u/hartmmic/libcasimir-dev/data/materials/GoldEpsIm.dat
# model  = optical data (xi=0: Drude)
# plasma = -88.460911299744 (logdetD(xi=0) for plasma model with omegap=9eV)
#
# xi=0, logdetD=-47.6458832811092, t=22.3194
# xi=101.496498913727, logdetD=-40.764119859246, t=250.571
# xi=202.992997827453, logdetD=-19.6914079216609, t=271.174
# xi=304.48949674118, logdetD=-9.6813437745021, t=307.044
# xi=405.985995654906, logdetD=-4.79960279917887, t=332.152
# xi=507.482494568633, logdetD=-2.39015609347867, t=341.796
# xi=608.97899348236, logdetD=-1.19362541444762, t=344.965
# xi=710.475492396086, logdetD=-0.597720306729761, t=345.663
# xi=811.971991309813, logdetD=-0.299643992371658, t=341.954
# xi=913.468490223539, logdetD=-0.150447305980754, t=341.878
# xi=1014.96498913727, logdetD=-0.0755870162910171, t=338.246
# xi=1116.46148805099, logdetD=-0.0380820819267783, t=336.814
# xi=1217.95798696472, logdetD=-0.0191946137794093, t=331.785
# xi=1319.45448587845, logdetD=-0.00969191300023133, t=330.071
# xi=1420.95098479217, logdetD=-0.00489998401625621, t=326.009
# xi=1522.4474837059, logdetD=-0.00247934510209165, t=320.11
# xi=1623.94398261963, logdetD=-0.00125695239575681, t=312.452
# xi=1725.44048153335, logdetD=-0.000637620415506801, t=307.062
# xi=1826.93698044708, logdetD=-0.000323896093008247, t=290.774
# xi=1928.43347936081, logdetD=-0.000164697694094165, t=284.675
# xi=2029.92997827453, logdetD=-8.38094214094434e-05, t=276.898
# xi=2131.42647718826, logdetD=-4.2707277929235e-05, t=270.934
# xi=2232.92297610199, logdetD=-2.17744347862276e-05, t=264.399
# xi=2334.41947501571, logdetD=-1.11135700701294e-05, t=254.432
# xi=2435.91597392944, logdetD=-5.67666431214827e-06, t=242.956
# xi=2537.41247284316, logdetD=-2.90134630994657e-06, t=230.04
# xi=2638.90897175689, logdetD=-1.48439667195395e-06, t=217.044
# xi=2740.40547067062, logdetD=-7.59790304705153e-07, t=206.867
# xi=2841.90196958434, logdetD=-3.89221241316294e-07, t=191.956
# xi=2943.39846849807, logdetD=-1.99504283232685e-07, t=175.006
# xi=3044.8949674118, logdetD=-1.02311180841396e-07, t=157.877
# xi=3146.39146632552, logdetD=-5.25084382525586e-08, t=153.442
# xi=3247.88796523925, logdetD=-2.6958176561796e-08, t=153.663
#
# L/R, L, R, T, ldim, F*(L+R)/(ħc)
0.00312, 3.9e-07, 0.000125, 295, 2565, -3345.214900231402

# finished at Sa 15. Apr 22:21:28 CEST 2017
