# starting on alcc114 at Sa 15. Apr 09:08:37 CEST 2017

# L      = 6.05e-07
# R      = 0.000125
# LbyR   = 0.00484
# T      = 295
# cutoff = 1e-12
# epsrel = 1e-09
# ldim   = 1653
# cores  = 7
# alpha  = 0.00963337446757693
# filename = /alcc/gpfs1/home/u/hartmmic/libcasimir-dev/data/materials/GoldEpsIm.dat
# model  = optical data (xi=0: Drude)
# plasma = -57.3198314417039 (logdetD(xi=0) for plasma model with omegap=9eV)
#
# xi=0, logdetD=-30.5516376468392, t=10.962
# xi=101.670529915134, logdetD=-18.3913442199645, t=172.024
# xi=203.341059830268, logdetD=-6.29098302777846, t=192.828
# xi=305.011589745402, logdetD=-2.19335910048621, t=216.86
# xi=406.682119660535, logdetD=-0.769890175629289, t=223.945
# xi=508.352649575669, logdetD=-0.271062920802475, t=227.225
# xi=610.023179490803, logdetD=-0.0956170503847545, t=225.969
# xi=711.693709405937, logdetD=-0.0338045344749789, t=223.673
# xi=813.364239321071, logdetD=-0.0119616878506791, t=221.306
# xi=915.034769236205, logdetD=-0.00423878473606405, t=217.707
# xi=1016.70529915134, logdetD=-0.00150301420510844, t=211.839
# xi=1118.37582906647, logdetD=-0.00053443922053684, t=206.161
# xi=1220.04635898161, logdetD=-0.000190117543800018, t=199.945
# xi=1321.71688889674, logdetD=-6.77517480204347e-05, t=190.265
# xi=1423.38741881187, logdetD=-2.41753225488723e-05, t=181.855
# xi=1525.05794872701, logdetD=-8.63324536743117e-06, t=171.35
# xi=1626.72847864214, logdetD=-3.08890446400642e-06, t=159.124
# xi=1728.39900855728, logdetD=-1.10580544590468e-06, t=147.032
# xi=1830.06953847241, logdetD=-3.96398178650125e-07, t=132.778
# xi=1931.74006838754, logdetD=-1.4223172547759e-07, t=118.795
# xi=2033.41059830268, logdetD=-5.10686342852316e-08, t=106.057
# xi=2135.08112821781, logdetD=-1.83604356297964e-08, t=105.022
#
# L/R, L, R, T, ldim, F*(L+R)/(ħc)
0.004840000000000001, 6.05e-07, 0.000125, 295, 1653, -1402.61430068199

# finished at Sa 15. Apr 10:13:00 CEST 2017
