# starting on alcc117 at Di 18. Apr 08:56:51 CEST 2017

# L      = 1.6e-07
# R      = 0.000125
# LbyR   = 0.00128
# T      = 295
# cutoff = 1e-12
# epsrel = 1e-09
# ldim   = 6250
# cores  = 26
# alpha  = 0.00255672738894215
# filename = /alcc/gpfs1/home/u/hartmmic/libcasimir-dev/data/materials/GoldEpsIm.dat
# model  = optical data (xi=0: Drude)
# plasma = -205.922693627989 (logdetD(xi=0) for plasma model with omegap=9eV)
#
# xi=0, logdetD=-116.838505363595, t=92.6198
# xi=101.310326214547, logdetD=-142.231063213465, t=602.99
# xi=202.620652429094, logdetD=-100.772133854057, t=612.866
# xi=303.93097864364, logdetD=-71.9613632908298, t=643.737
# xi=405.241304858187, logdetD=-51.6920757478681, t=704.456
# xi=506.551631072734, logdetD=-37.292636697954, t=753.552
# xi=607.861957287281, logdetD=-26.9933156561985, t=797.072
# xi=709.172283501828, logdetD=-19.6038441157404, t=833.318
# xi=810.482609716374, logdetD=-14.2601762939564, t=862.081
# xi=911.792935930921, logdetD=-10.393209778478, t=867.247
# xi=1013.10326214547, logdetD=-7.58189479610155, t=866.484
# xi=1114.41358836001, logdetD=-5.54730515706548, t=865.921
# xi=1215.72391457456, logdetD=-4.06082983166368, t=872.507
# xi=1317.03424078911, logdetD=-2.97804360887051, t=877.07
# xi=1418.34456700366, logdetD=-2.18676124560162, t=877.008
# xi=1519.6548932182, logdetD=-1.60701873750035, t=871.983
# xi=1620.96521943275, logdetD=-1.18319978176317, t=863.068
# xi=1722.2755456473, logdetD=-0.871648327335442, t=862.353
# xi=1823.58587186184, logdetD=-0.64298753645364, t=854.911
# xi=1924.89619807639, logdetD=-0.474769831615817, t=851.887
# xi=2026.20652429094, logdetD=-0.350809423253908, t=847.236
# xi=2127.51685050548, logdetD=-0.259564167371958, t=840.528
# xi=2228.82717672003, logdetD=-0.19215146346852, t=840.983
# xi=2330.13750293458, logdetD=-0.142394406124561, t=840.22
# xi=2431.44782914912, logdetD=-0.105601018340629, t=822.531
# xi=2532.75815536367, logdetD=-0.0783621440588532, t=821.844
# xi=2634.06848157822, logdetD=-0.0582083173890543, t=819.751
# xi=2735.37880779276, logdetD=-0.0432572633138759, t=819.903
# xi=2836.68913400731, logdetD=-0.0321731945417921, t=814.113
# xi=2937.99946022186, logdetD=-0.0239434985298319, t=815.567
# xi=3039.3097864364, logdetD=-0.0178280967696688, t=801.315
# xi=3140.62011265095, logdetD=-0.013285128190432, t=801.59
# xi=3241.9304388655, logdetD=-0.00990361031591872, t=796.12
# xi=3343.24076508004, logdetD=-0.00738785349025106, t=790.889
# xi=3444.55109129459, logdetD=-0.0055138092496554, t=781.263
# xi=3545.86141750914, logdetD=-0.00411696676484619, t=778.174
# xi=3647.17174372368, logdetD=-0.00307594263920287, t=773.012
# xi=3748.48206993823, logdetD=-0.00229891249498848, t=765.726
# xi=3849.79239615278, logdetD=-0.00171915898385495, t=753.351
# xi=3951.10272236733, logdetD=-0.0012861197784317, t=754.341
# xi=4052.41304858187, logdetD=-0.00096252823639126, t=747.361
# xi=4153.72337479642, logdetD=-0.000720727568512226, t=736.006
# xi=4255.03370101097, logdetD=-0.000539824675553257, t=733.918
# xi=4356.34402722551, logdetD=-0.000404526992616335, t=717.909
# xi=4457.65435344006, logdetD=-0.000303239544730367, t=715.43
# xi=4558.96467965461, logdetD=-0.000227389436610521, t=709.74
# xi=4660.27500586915, logdetD=-0.000170585819164561, t=696.812
# xi=4761.5853320837, logdetD=-0.000128004018480542, t=689.481
# xi=4862.89565829825, logdetD=-9.60924189739554e-05, t=676.523
# xi=4964.20598451279, logdetD=-7.21566022860404e-05, t=671.894
# xi=5065.51631072734, logdetD=-5.4199129752555e-05, t=663.151
# xi=5166.82663694189, logdetD=-4.07256253744059e-05, t=648.293
# xi=5268.13696315643, logdetD=-3.06082210482556e-05, t=644.985
# xi=5369.44728937098, logdetD=-2.3012856915097e-05, t=626.073
# xi=5470.75761558553, logdetD=-1.73064013336203e-05, t=616.297
# xi=5572.06794180007, logdetD=-1.30184233605207e-05, t=609.545
# xi=5673.37826801462, logdetD=-9.79594060014267e-06, t=593.121
# xi=5774.68859422917, logdetD=-7.3725513544372e-06, t=586.952
# xi=5875.99892044371, logdetD=-5.55051166965946e-06, t=566.908
# xi=5977.30924665826, logdetD=-4.17962982476052e-06, t=553.139
# xi=6078.61957287281, logdetD=-3.14808231900501e-06, t=552.58
# xi=6179.92989908735, logdetD=-2.37176685616522e-06, t=537.776
# xi=6281.2402253019, logdetD=-1.7871971823712e-06, t=519.488
# xi=6382.55055151645, logdetD=-1.34834405643027e-06, t=504.08
# xi=6483.860877731, logdetD=-1.01837322857644e-06, t=495.323
# xi=6585.17120394554, logdetD=-7.68710201608418e-07, t=479.803
# xi=6686.48153016009, logdetD=-5.7990364943747e-07, t=465.612
# xi=6787.79185637464, logdetD=-4.37194067928197e-07, t=450.763
# xi=6889.10218258918, logdetD=-3.29385588123855e-07, t=434.781
# xi=6990.41250880373, logdetD=-2.48163176874717e-07, t=418.752
# xi=7091.72283501828, logdetD=-1.87644464747436e-07, t=402.729
# xi=7193.03316123282, logdetD=-1.41814588303755e-07, t=385.776
# xi=7294.34348744737, logdetD=-1.07123262420831e-07, t=384.677
#
# L/R, L, R, T, ldim, F*(L+R)/(ħc)
0.00128, 1.6e-07, 0.000125, 295, 6250, -18126.97554406871

# finished at Di 18. Apr 23:02:39 CEST 2017
