# starting on alcc115 at Do 15. Feb 10:58:57 CET 2018
# compiler: icc
# compile time: Feb  1 2018 09:49:34
# compiled on: Linux alcc83 3.16.0-4-amd64 #1 SMP Debian 3.16.51-3 (2017-12-13) x86_64 GNU/Linux
# LAPACK support: false
# git HEAD: b96c9c30c7b1cdd2d059ceccd0396c6d55d3da95
# git branch: dev
#
# LbyR = 0.00985
# L = 3.2505e-07
# R = 3.3e-05
# T = 300
# cutoff = 5e-08
# epsrel = 1e-07
# iepsrel = 2e-07
# ldim = 813
# cores = 4
# alpha = 0.0195078477001535
# filename = /alcc/gpfs1/home/u/hartmmic/libcasimir-dev/data/materials/GoldDalvit.dat
# model = optical data (xi=0: Drude)
# plasma = -26.5676866829828 (logdetD(xi=0) for plasma model with omegap=1.36734e+16eV)
#
# xi=0, logdetD=-14.7977131358926, t=2.86579
# xi=27.4320464648592, logdetD=-14.0942542290714, t=37.9273
# xi=54.8640929297184, logdetD=-7.51800283309657, t=40.59
# xi=82.2961393945776, logdetD=-4.06718824631893, t=42.7536
# xi=109.728185859437, logdetD=-2.21739311172486, t=44.8136
# xi=137.160232324296, logdetD=-1.21447255085534, t=44.948
# xi=164.592278789155, logdetD=-0.667166140402183, t=44.8992
# xi=192.024325254014, logdetD=-0.367724115151014, t=45.4316
# xi=219.456371718874, logdetD=-0.202609862351153, t=45.1281
# xi=246.888418183733, logdetD=-0.112034150273112, t=45.6129
# xi=274.320464648592, logdetD=-0.061974079164039, t=45.8373
# xi=301.752511113451, logdetD=-0.0343350988820094, t=45.3128
# xi=329.184557578311, logdetD=-0.0190590236002512, t=44.6803
# xi=356.61660404317, logdetD=-0.0105868637195143, t=44.0425
# xi=384.048650508029, logdetD=-0.00589175422206581, t=43.9761
# xi=411.480696972888, logdetD=-0.00328256242171676, t=42.9646
# xi=438.912743437747, logdetD=-0.0018303310734089, t=42.3976
# xi=466.344789902607, logdetD=-0.00102251666260287, t=41.0398
# xi=493.776836367466, logdetD=-0.000571613177958536, t=40.5113
# xi=521.208882832325, logdetD=-0.000319890730980481, t=39.7043
# xi=548.640929297184, logdetD=-0.000179243122365347, t=38.494
# xi=576.072975762043, logdetD=-0.000100499893767017, t=37.6267
# xi=603.505022226903, logdetD=-5.641598564681e-05, t=35.9372
# xi=630.937068691762, logdetD=-3.16949512075642e-05, t=35.2386
# xi=658.369115156621, logdetD=-1.78173980444251e-05, t=33.4744
# xi=685.80116162148, logdetD=-1.00278821926343e-05, t=31.9531
# xi=713.23320808634, logdetD=-5.64675928822504e-06, t=30.6364
# xi=740.665254551199, logdetD=-3.18203084498995e-06, t=29.2972
# xi=768.097301016058, logdetD=-1.79458773751331e-06, t=26.9004
# xi=795.529347480917, logdetD=-1.01257961007962e-06, t=26.3246
#
# 2211 determinants computed
#
# L/R, L, R, T, ldim, F*(L+R)/(ħc)
0.009849999999999999, 3.2505e-07, 3.3e-05, 300, 813, -331.8029989284917
# finished at Do 15. Feb 11:18:08 CET 2018
