# starting on alcc119 at Do 15. Feb 11:22:24 CET 2018
# compiler: icc
# compile time: Feb  1 2018 09:49:34
# compiled on: Linux alcc83 3.16.0-4-amd64 #1 SMP Debian 3.16.51-3 (2017-12-13) x86_64 GNU/Linux
# LAPACK support: false
# git HEAD: b96c9c30c7b1cdd2d059ceccd0396c6d55d3da95
# git branch: dev
#
# LbyR = 0.00705
# L = 2.3265e-07
# R = 3.3e-05
# T = 300
# cutoff = 5e-08
# epsrel = 1e-07
# iepsrel = 2e-07
# ldim = 1135
# cores = 5
# alpha = 0.0140012908991609
# filename = /alcc/gpfs1/home/u/hartmmic/libcasimir-dev/data/materials/GoldDalvit.dat
# model = optical data (xi=0: Drude)
# plasma = -36.9169257959586 (logdetD(xi=0) for plasma model with omegap=1.36734e+16eV)
#
# xi=0, logdetD=-20.8385183535849, t=4.62343
# xi=27.355985931016, logdetD=-22.8871371558286, t=51.3956
# xi=54.7119718620319, logdetD=-14.2555029439301, t=55.3128
# xi=82.0679577930479, logdetD=-8.97493152155936, t=57.7867
# xi=109.423943724064, logdetD=-5.69040432267076, t=60.3826
# xi=136.77992965508, logdetD=-3.62501051465407, t=62.4778
# xi=164.135915586096, logdetD=-2.31698790646097, t=63.4809
# xi=191.491901517112, logdetD=-1.48637022711279, t=63.3095
# xi=218.847887448128, logdetD=-0.953440764136411, t=63.9274
# xi=246.203873379144, logdetD=-0.613894113184957, t=64.0079
# xi=273.55985931016, logdetD=-0.395471947898389, t=64.79
# xi=300.915845241176, logdetD=-0.255173777434782, t=64.6025
# xi=328.271831172191, logdetD=-0.164969302171593, t=65.3584
# xi=355.627817103207, logdetD=-0.106728162914481, t=64.5855
# xi=382.983803034223, logdetD=-0.0691768734496294, t=64.5541
# xi=410.339788965239, logdetD=-0.0448876741346865, t=63.9751
# xi=437.695774896255, logdetD=-0.0291496712672278, t=63.7154
# xi=465.051760827271, logdetD=-0.0189650196929531, t=63.7346
# xi=492.407746758287, logdetD=-0.0123468449988138, t=62.785
# xi=519.763732689303, logdetD=-0.00804670335629177, t=62.1035
# xi=547.119718620319, logdetD=-0.00525065794044889, t=61.7859
# xi=574.475704551335, logdetD=-0.00342835967791946, t=61.2651
# xi=601.831690482351, logdetD=-0.0022411309991118, t=60.1578
# xi=629.187676413367, logdetD=-0.00146620972145727, t=59.367
# xi=656.543662344383, logdetD=-0.00095981908803501, t=59.1695
# xi=683.899648275399, logdetD=-0.000629059407541108, t=57.8143
# xi=711.255634206415, logdetD=-0.000412495813140021, t=57.0928
# xi=738.611620137431, logdetD=-0.000270684635314716, t=55.8076
# xi=765.967606068447, logdetD=-0.000177772603120294, t=54.2027
# xi=793.323591999463, logdetD=-0.000116808269703362, t=53.6282
# xi=820.679577930479, logdetD=-7.68114454291705e-05, t=52.0484
# xi=848.035563861495, logdetD=-5.05387869979884e-05, t=51.1036
# xi=875.391549792511, logdetD=-3.32673854407242e-05, t=49.8288
# xi=902.747535723527, logdetD=-2.19158398351694e-05, t=47.8836
# xi=930.103521654543, logdetD=-1.44433229491541e-05, t=46.9032
# xi=957.459507585559, logdetD=-9.52363803102475e-06, t=45.2106
# xi=984.815493516575, logdetD=-6.28335310017725e-06, t=43.9465
# xi=1012.17147944759, logdetD=-4.1470132965963e-06, t=41.9173
# xi=1039.52746537861, logdetD=-2.73858619523198e-06, t=40.4191
# xi=1066.88345130962, logdetD=-1.80924962701568e-06, t=39.2285
#
# 3523 determinants computed
#
# L/R, L, R, T, ldim, F*(L+R)/(ħc)
0.00705, 2.3265e-07, 3.3e-05, 300, 1135, -629.9400032072838
# finished at Do 15. Feb 11:59:31 CET 2018
