# starting on alcc121 at Do 15. Feb 10:29:01 CET 2018
# compiler: icc
# compile time: Feb  1 2018 09:49:34
# compiled on: Linux alcc83 3.16.0-4-amd64 #1 SMP Debian 3.16.51-3 (2017-12-13) x86_64 GNU/Linux
# LAPACK support: false
# git HEAD: b96c9c30c7b1cdd2d059ceccd0396c6d55d3da95
# git branch: dev
#
# LbyR = 0.017375
# L = 5.73375e-07
# R = 3.3e-05
# T = 300
# cutoff = 5e-08
# epsrel = 1e-07
# iepsrel = 2e-07
# ldim = 461
# cores = 4
# alpha = 0.034156530286276
# filename = /alcc/gpfs1/home/u/hartmmic/libcasimir-dev/data/materials/GoldDalvit.dat
# model = optical data (xi=0: Drude)
# plasma = -14.888855016752 (logdetD(xi=0) for plasma model with omegap=1.36734e+16eV)
#
# xi=0, logdetD=-8.22379426155557, t=1.31334
# xi=27.6364591495629, logdetD=-5.25627637500155, t=13.7141
# xi=55.2729182991259, logdetD=-1.8677120642227, t=14.9029
# xi=82.9093774486888, logdetD=-0.674743937017004, t=15.0677
# xi=110.545836598252, logdetD=-0.245291474872573, t=15.3988
# xi=138.182295747815, logdetD=-0.0894348940898634, t=15.474
# xi=165.818754897378, logdetD=-0.0326687455367511, t=14.9952
# xi=193.455214046941, logdetD=-0.0119647011343673, t=15.0341
# xi=221.091673196504, logdetD=-0.00437891140052582, t=14.8297
# xi=248.728132346067, logdetD=-0.00160808339819519, t=14.153
# xi=276.364591495629, logdetD=-0.000590735058108187, t=13.5469
# xi=304.001050645192, logdetD=-0.00021734074097257, t=12.8869
# xi=331.637509794755, logdetD=-8.01179384272536e-05, t=12.3581
# xi=359.273968944318, logdetD=-2.95548426395485e-05, t=11.6508
# xi=386.910428093881, logdetD=-1.09230602781563e-05, t=10.7992
# xi=414.546887243444, logdetD=-4.04158596771714e-06, t=10.2371
# xi=442.183346393007, logdetD=-1.49658965006819e-06, t=8.99755
# xi=469.81980554257, logdetD=-5.55225935128969e-07, t=8.18247
#
# 997 determinants computed
#
# L/R, L, R, T, ldim, F*(L+R)/(ħc)
0.017375, 5.73375e-07, 3.3e-05, 300, 461, -108.1754123688845
# finished at Do 15. Feb 10:32:46 CET 2018
