# starting on alcc114 at Di 20. Feb 19:00:45 CET 2018
# compiler: icc
# compile time: Feb  1 2018 09:49:34
# compiled on: Linux alcc83 3.16.0-4-amd64 #1 SMP Debian 3.16.51-3 (2017-12-13) x86_64 GNU/Linux
# LAPACK support: false
# git HEAD: b96c9c30c7b1cdd2d059ceccd0396c6d55d3da95
# git branch: dev
#
# LbyR = 0.0242
# L = 7.986e-07
# R = 3.3e-05
# T = 300
# cutoff = 5e-08
# epsrel = 1e-07
# iepsrel = 2e-07
# ldim = 331
# cores = 4
# alpha = 0.0472563952353056
# filename = /alcc/gpfs1/home/u/hartmmic/libcasimir-dev/data/materials/GoldDalvit.dat
# model = optical data (xi=0: Drude)
# plasma = -10.4894105121199 (logdetD(xi=0) for plasma model with omegap=1.36734e+16eV)
#
# xi=0, logdetD=-5.80560967239985, t=0.826727
# xi=27.8218567008059, logdetD=-2.57985988031636, t=7.66001
# xi=55.6437134016117, logdetD=-0.636401625360802, t=7.9307
# xi=83.4655701024176, logdetD=-0.159276270769785, t=8.14078
# xi=111.287426803223, logdetD=-0.040023217559576, t=7.938
# xi=139.109283504029, logdetD=-0.0100752954062516, t=7.78194
# xi=166.931140204835, logdetD=-0.00253981790208356, t=7.4104
# xi=194.752996905641, logdetD=-0.000641832954754659, t=7.07799
# xi=222.574853606447, logdetD=-0.000162075399257977, t=6.65414
# xi=250.396710307253, logdetD=-4.10661201343614e-05, t=6.1838
# xi=278.218567008059, logdetD=-1.04083812689088e-05, t=5.84887
# xi=306.040423708865, logdetD=-2.64198869080231e-06, t=5.05774
# xi=333.86228040967, logdetD=-6.71883623604628e-07, t=4.49
# xi=361.684137110476, logdetD=-1.70975029979813e-07, t=3.88963
#
# 660 determinants computed
#
# L/R, L, R, T, ldim, F*(L+R)/(ħc)
0.0242, 7.986e-07, 3.3e-05, 300, 331, -56.07459632898486
# finished at Di 20. Feb 19:02:12 CET 2018
