# starting on alcc119 at Do 15. Feb 10:48:23 CET 2018
# compiler: icc
# compile time: Feb  1 2018 09:49:34
# compiled on: Linux alcc83 3.16.0-4-amd64 #1 SMP Debian 3.16.51-3 (2017-12-13) x86_64 GNU/Linux
# LAPACK support: false
# git HEAD: b96c9c30c7b1cdd2d059ceccd0396c6d55d3da95
# git branch: dev
#
# LbyR = 0.01475
# L = 4.8675e-07
# R = 3.3e-05
# T = 300
# cutoff = 5e-08
# epsrel = 1e-07
# iepsrel = 2e-07
# ldim = 543
# cores = 4
# alpha = 0.0290711998029071
# filename = /alcc/gpfs1/home/u/hartmmic/libcasimir-dev/data/materials/GoldDalvit.dat
# model = optical data (xi=0: Drude)
# plasma = -17.6441546928684 (logdetD(xi=0) for plasma model with omegap=1.36734e+16eV)
#
# xi=0, logdetD=-9.75302943299587, t=1.64436
# xi=27.5651523990849, logdetD=-7.16993706608402, t=18.9341
# xi=55.1303047981698, logdetD=-2.93297489845153, t=19.9807
# xi=82.6954571972547, logdetD=-1.21977562155702, t=20.4151
# xi=110.26060959634, logdetD=-0.510874356411713, t=21.0393
# xi=137.825761995425, logdetD=-0.214729058934384, t=20.9136
# xi=165.390914394509, logdetD=-0.090451142842865, t=20.8817
# xi=192.956066793594, logdetD=-0.0382076411914432, t=20.9412
# xi=220.521219192679, logdetD=-0.0161290363072398, t=20.5151
# xi=248.086371591764, logdetD=-0.00683207435511161, t=20.2466
# xi=275.651523990849, logdetD=-0.0028949351337597, t=19.8477
# xi=303.216676389934, logdetD=-0.00122853475355295, t=19.2261
# xi=330.781828789019, logdetD=-0.000522366030998243, t=18.4882
# xi=358.346981188104, logdetD=-0.000222266310547933, t=18.3053
# xi=385.912133587189, logdetD=-9.47527917066428e-05, t=17.3699
# xi=413.477285986274, logdetD=-4.04396902059101e-05, t=16.4337
# xi=441.042438385358, logdetD=-1.72732967010942e-05, t=15.2249
# xi=468.607590784443, logdetD=-7.39211658196245e-06, t=14.5013
# xi=496.172743183528, logdetD=-3.1655598651988e-06, t=13.3398
# xi=523.737895582613, logdetD=-1.35704566846032e-06, t=12.351
# xi=551.303047981698, logdetD=-5.8246740420894e-07, t=11.2618
#
# 1265 determinants computed
#
# L/R, L, R, T, ldim, F*(L+R)/(ħc)
0.01475, 4.8675e-07, 3.3e-05, 300, 543, -149.8771685485814
# finished at Do 15. Feb 10:54:26 CET 2018
