# starting on alcc114 at Do 15. Feb 11:22:58 CET 2018
# compiler: icc
# compile time: Feb  1 2018 09:49:34
# compiled on: Linux alcc83 3.16.0-4-amd64 #1 SMP Debian 3.16.51-3 (2017-12-13) x86_64 GNU/Linux
# LAPACK support: false
# git HEAD: b96c9c30c7b1cdd2d059ceccd0396c6d55d3da95
# git branch: dev
#
# LbyR = 0.0074
# L = 2.442e-07
# R = 3.3e-05
# T = 300
# cutoff = 5e-08
# epsrel = 1e-07
# iepsrel = 2e-07
# ldim = 1082
# cores = 5
# alpha = 0.0146912844947389
# filename = /alcc/gpfs1/home/u/hartmmic/libcasimir-dev/data/materials/GoldDalvit.dat
# model = optical data (xi=0: Drude)
# plasma = -35.2188285127757 (logdetD(xi=0) for plasma model with omegap=1.36734e+16eV)
#
# xi=0, logdetD=-19.832969221345, t=4.40405
# xi=27.3654934977464, logdetD=-21.4090479549743, t=47.5593
# xi=54.7309869954927, logdetD=-13.075910608082, t=51.5218
# xi=82.0964804932391, logdetD=-8.07668805567721, t=53.5615
# xi=109.461973990985, logdetD=-5.02484997797275, t=55.3827
# xi=136.827467488732, logdetD=-3.1410618811685, t=57.5832
# xi=164.192960986478, logdetD=-1.97001024759513, t=57.2638
# xi=191.558454484225, logdetD=-1.24003607803391, t=57.2085
# xi=218.923947981971, logdetD=-0.780459204759138, t=57.5028
# xi=246.289441479717, logdetD=-0.493046672185247, t=58.2561
# xi=273.654934977464, logdetD=-0.311630739592966, t=59.1527
# xi=301.02042847521, logdetD=-0.197281130338565, t=59.1666
# xi=328.385921972956, logdetD=-0.12513384935486, t=58.5421
# xi=355.751415470703, logdetD=-0.0794275849998353, t=59.4174
# xi=383.116908968449, logdetD=-0.0505096071174802, t=58.9916
# xi=410.482402466196, logdetD=-0.0321559593286631, t=58.6325
# xi=437.847895963942, logdetD=-0.020487559951168, t=57.6603
# xi=465.213389461688, logdetD=-0.0130777697479849, t=57.3595
# xi=492.578882959435, logdetD=-0.00835336431622991, t=57.129
# xi=519.944376457181, logdetD=-0.00534133551106469, t=55.9431
# xi=547.309869954927, logdetD=-0.00341958537153342, t=55.3392
# xi=574.675363452674, logdetD=-0.00219066041559097, t=54.6236
# xi=602.04085695042, logdetD=-0.00140503152790705, t=53.8158
# xi=629.406350448167, logdetD=-0.000901874262768328, t=52.8189
# xi=656.771843945913, logdetD=-0.00057925673484486, t=52.1191
# xi=684.137337443659, logdetD=-0.000372482584459029, t=51.6965
# xi=711.502830941406, logdetD=-0.000239644194668146, t=51.1138
# xi=738.868324439152, logdetD=-0.000154292363937231, t=49.1556
# xi=766.233817936898, logdetD=-9.94212990177408e-05, t=48.3452
# xi=793.599311434645, logdetD=-6.40946927789566e-05, t=46.9046
# xi=820.964804932391, logdetD=-4.13531296104186e-05, t=46.2038
# xi=848.330298430138, logdetD=-2.66956903536279e-05, t=44.7967
# xi=875.695791927884, logdetD=-1.72412490884462e-05, t=42.8019
# xi=903.06128542563, logdetD=-1.11440146302666e-05, t=41.8095
# xi=930.426778923377, logdetD=-7.20582650316937e-06, t=40.5527
# xi=957.792272421123, logdetD=-4.66178524543364e-06, t=38.409
# xi=985.157765918869, logdetD=-3.01767916009203e-06, t=37.4972
# xi=1012.52325941662, logdetD=-1.95410843154784e-06, t=35.7417
#
# 3261 determinants computed
#
# L/R, L, R, T, ldim, F*(L+R)/(ħc)
0.007399999999999999, 2.442e-07, 3.3e-05, 300, 1082, -574.7371056670748
# finished at Do 15. Feb 11:55:05 CET 2018
