# starting on alcc125 at Do 15. Feb 11:22:59 CET 2018
# compiler: icc
# compile time: Feb  1 2018 09:49:34
# compiled on: Linux alcc83 3.16.0-4-amd64 #1 SMP Debian 3.16.51-3 (2017-12-13) x86_64 GNU/Linux
# LAPACK support: false
# git HEAD: b96c9c30c7b1cdd2d059ceccd0396c6d55d3da95
# git branch: dev
#
# LbyR = 0.007225
# L = 2.38425e-07
# R = 3.3e-05
# T = 300
# cutoff = 5e-08
# epsrel = 1e-07
# iepsrel = 2e-07
# ldim = 1108
# cores = 5
# alpha = 0.0143463476383132
# filename = /alcc/gpfs1/home/u/hartmmic/libcasimir-dev/data/materials/GoldDalvit.dat
# model = optical data (xi=0: Drude)
# plasma = -36.0484784198802 (logdetD(xi=0) for plasma model with omegap=1.36734e+16eV)
#
# xi=0, logdetD=-20.3235479088143, t=4.55685
# xi=27.3607397143812, logdetD=-22.1298100649485, t=49.4501
# xi=54.7214794287623, logdetD=-13.6491643658692, t=53.338
# xi=82.0822191431435, logdetD=-8.51154428249461, t=55.061
# xi=109.442958857525, logdetD=-5.34573889168333, t=56.7653
# xi=136.803698571906, logdetD=-3.37339156790173, t=60.2451
# xi=164.164438286287, logdetD=-2.13584476346195, t=60.9698
# xi=191.525178000668, logdetD=-1.35723212032944, t=59.6614
# xi=218.885917715049, logdetD=-0.862373577394087, t=60.7631
# xi=246.246657429431, logdetD=-0.550001979074702, t=61.6817
# xi=273.607397143812, logdetD=-0.350955037599521, t=61.3557
# xi=300.968136858193, logdetD=-0.224302565722514, t=61.858
# xi=328.328876572574, logdetD=-0.143635677778045, t=61.7645
# xi=355.689616286955, logdetD=-0.0920446231525456, t=61.4044
# xi=383.050356001336, logdetD=-0.05909361201014, t=61.6037
# xi=410.411095715718, logdetD=-0.0379810698082942, t=60.9091
# xi=437.771835430099, logdetD=-0.0244306306379102, t=60.5963
# xi=465.13257514448, logdetD=-0.0157440350022091, t=60.9408
# xi=492.493314858861, logdetD=-0.0101526892470492, t=59.9799
# xi=519.854054573242, logdetD=-0.00655399567102483, t=59.2695
# xi=547.214794287623, logdetD=-0.00423609479383161, t=58.9463
# xi=574.575534002005, logdetD=-0.00273969788094752, t=58.2614
# xi=601.936273716386, logdetD=-0.00177397911339161, t=57.6988
# xi=629.297013430767, logdetD=-0.00114958953400575, t=56.8223
# xi=656.657753145148, logdetD=-0.000745421517164894, t=55.6824
# xi=684.018492859529, logdetD=-0.00048391652971959, t=54.4255
# xi=711.37923257391, logdetD=-0.000314314808071707, t=54.2797
# xi=738.739972288292, logdetD=-0.000204303415272022, t=52.3515
# xi=766.100712002673, logdetD=-0.000132905745705464, t=51.0095
# xi=793.461451717054, logdetD=-8.65006741222284e-05, t=50.3742
# xi=820.822191431435, logdetD=-5.63428589147865e-05, t=50.3543
# xi=848.182931145816, logdetD=-3.67201784131523e-05, t=48.8175
# xi=875.543670860197, logdetD=-2.39422855271844e-05, t=47.6952
# xi=902.904410574579, logdetD=-1.56232696554732e-05, t=44.9711
# xi=930.26515028896, logdetD=-1.01987662365716e-05, t=44.3692
# xi=957.625890003341, logdetD=-6.66116091375681e-06, t=42.5228
# xi=984.986629717722, logdetD=-4.35316171614908e-06, t=40.4229
# xi=1012.3473694321, logdetD=-2.845868304736e-06, t=38.9145
# xi=1039.70810914648, logdetD=-1.86153643441383e-06, t=37.423
#
# 3390 determinants computed
#
# L/R, L, R, T, ldim, F*(L+R)/(ħc)
0.007225, 2.38425e-07, 3.3e-05, 300, 1108, -601.4028913114746
# finished at Do 15. Feb 11:57:37 CET 2018
