# starting on alcc92 at Sa 22. Apr 16:11:52 CEST 2017
# 0.00180931950382 4422

# L      = 0.00180931950382
# R      = 1
# LbyR   = 0.00180931950382
# T      = 0
# cutoff = 1e-11
# epsrel = 5e-07
# ldim   = 4422
# cores  = 26
# alpha  = 0.00361210355822229
# quad   = adaptive Gauss-Kronrod
#
# xi=276.846990647, logdetD=-53.4042240649552, t=303.661
# xi=64523.3905765, logdetD=-3.53159889809225e-100, t=26.8028
# xi=1.18785227412, logdetD=-162.193013569033, t=269.295
# xi=10602.9185443, logdetD=-3.09025573106912e-15, t=111.048
# xi=7.22859992843, logdetD=-158.539233041045, t=259.412
# xi=3820.47508442, logdetD=-0.000140237748171487, t=326.77
# xi=20.0614464267, logdetD=-149.992270644178, t=263.321
# xi=1865.36108416, logdetD=-0.163739509632457, t=394.636
# xi=41.0881608292, logdetD=-136.890316940661, t=266.51
# xi=1060.85995811, logdetD=-3.00086336958718, t=392.492
# xi=72.247289234, logdetD=-119.935971319805, t=273.01
# xi=655.054823464, logdetD=-13.1152557672501, t=386.395
# xi=117.004338393, logdetD=-99.7753346251807, t=276.623
# xi=422.071800146, logdetD=-30.9318290636035, t=343.273
# xi=181.590563984, logdetD=-77.1519943849125, t=284.465
# xi=830.540971942, logdetD=-6.91931180955664, t=395.456
# xi=129323.628144, logdetD=-4.45046519561629e-202, t=18.6744
# xi=279.222695195, logdetD=-52.9229815865832, t=303.175
# xi=21482.6840792, logdetD=-2.22196415217764e-32, t=53.0697
# xi=291.304190504, logdetD=-50.5457289670156, t=307.719
# xi=7917.79715948, logdetD=-5.16569350342897e-11, t=132.945
# xi=316.969883501, logdetD=-45.8617633181945, t=313.161
# xi=4007.56915896, logdetD=-7.13347595446266e-05, t=318.073
# xi=359.023312306, logdetD=-39.1457143108666, t=325.938
# xi=2398.56690687, logdetD=-0.0238589666182182, t=388.922
# xi=421.341569115, logdetD=-31.0159743368697, t=343.572
# xi=1586.95663758, logdetD=-0.447704273524259, t=392.019
# xi=510.855667433, logdetD=-22.2650633306004, t=361.412
# xi=1120.99059094, logdetD=-2.41376234134225, t=393.913
# xi=640.028118616, logdetD=-13.8561220777862, t=384.369
# xi=92.2823302157, logdetD=-110.369637242667, t=270.79
# xi=274.491499256, logdetD=-53.8859578354946, t=301.665
# xi=0.59265470147, logdetD=-162.435624705962, t=267.943
# xi=263.107290348, logdetD=-56.2801721049488, t=299.131
# xi=3.56772254099, logdetD=-160.882853693524, t=267.139
# xi=241.802960534, logdetD=-61.0708260402836, t=295.893
# xi=9.67999743952, logdetD=-156.907308057591, t=254.927
# xi=213.479887248, logdetD=-68.1291793079572, t=288.113
# xi=19.1248742543, logdetD=-150.6075596224, t=263.764
# xi=181.905280296, logdetD=-77.0568004569698, t=284.762
# xi=31.9541873153, logdetD=-142.40888996471, t=260.501
# xi=150.031136222, logdetD=-87.393251334623, t=281.775
# xi=48.2963771131, logdetD=-132.719560127603, t=264.63
# xi=119.751389042, logdetD=-98.6725088716949, t=278.37
# xi=68.371899684, logdetD=-121.899308172382, t=270.599
# xi=1937.92893453, logdetD=-0.12598014051864, t=393.531
# xi=258924.103278, logdetD=0, t=4.7547
# xi=835.292381038, logdetD=-6.80085123105868, t=394.062
# xi=43242.2151491, logdetD=-1.13149544949665e-66, t=34.8932
# xi=859.455371655, logdetD=-6.22926207934614, t=392.344
# xi=16112.4413096, logdetD=-6.48856197441163e-24, t=71.9702
# xi=910.786757648, logdetD=-5.17014047059753, t=394.41
# xi=8291.98530858, logdetD=-1.33333335696935e-11, t=130.56
# xi=994.893615258, logdetD=-3.81100075636748, t=393.51
# xi=5073.98080438, logdetD=-1.51263987730405e-06, t=226.454
# xi=1119.53012888, logdetD=-2.42655658661815, t=392.76
# xi=3450.7602658, logdetD=-0.000533261529139906, t=346.37
# xi=1298.55832551, logdetD=-1.26972348303691, t=394.346
# xi=2518.82817253, logdetD=-0.0154521476621127, t=380.955
# xi=1556.90322788, logdetD=-0.499062588904122, t=395.446
# xi=461.411651079, logdetD=-26.7292029893616, t=352.826
# xi=825.829989159, logdetD=-7.03881470666254, t=394.579
# xi=278.03230005, logdetD=-53.1635404313349, t=303.047
# xi=803.061571342, logdetD=-7.64632982256989, t=396.222
# xi=283.982435729, logdetD=-51.972585144423, t=306.225
# xi=760.452911714, logdetD=-8.92881939826659, t=396.761
# xi=296.206985526, logdetD=-49.6134656680735, t=308.436
# xi=703.806765143, logdetD=-10.9763373683629, t=392.737
# xi=315.096739156, logdetD=-46.1876406273097, t=313.472
# xi=640.65755124, logdetD=-13.8242544137575, t=385.371
# xi=340.755365278, logdetD=-41.9271567361076, t=320.448
# xi=576.909263091, logdetD=-17.4616773786356, t=372.458
# xi=373.439744873, logdetD=-37.086728111333, t=328.384
# xi=516.349768732, logdetD=-21.8185647800337, t=363.846
# xi=413.590790015, logdetD=-31.9238023576417, t=341.553
# xi=166.108194388, logdetD=-81.9991899118868, t=278.293
# xi=275.666734464, logdetD=-53.6450305178843, t=301.813
# xi=92.8087587477, logdetD=-110.130747893637, t=270.817
# xi=269.890833331, logdetD=-54.8402214596506, t=301.925
# xi=95.4400745416, logdetD=-108.94575799075, t=270.851
# xi=258.75235891, logdetD=-57.2257809396727, t=299.453
# xi=100.787642535, logdetD=-106.583302413363, t=274.137
# xi=243.240397967, logdetD=-60.7342446167725, t=293.562
# xi=108.899573045, logdetD=-103.11273605574, t=276.517
# xi=224.924576515, logdetD=-65.1764427224529, t=292.448
# xi=119.633735811, logdetD=-98.7194538318178, t=274.415
# xi=205.238615553, logdetD=-70.3451150836325, t=287.404
# xi=132.853225167, logdetD=-93.6008632374975, t=275.631
# xi=185.314223819, logdetD=-76.0339151553171, t=285.646
# xi=148.434764324, logdetD=-87.9501514731632, t=282.08
# xi=39.5495700925, logdetD=-137.801357185124, t=267.778
# xi=91.7573989304, logdetD=-110.608455287035, t=269.181
# xi=0.296010511421, logdetD=-162.522443459402, t=269.275
# xi=89.1777034133, logdetD=-111.790987275348, t=269.156
# xi=1.77244056453, logdetD=-161.906460171055, t=270.608
# xi=84.1517024559, logdetD=-114.138150699852, t=268.645
# xi=4.75683695336, logdetD=-160.143834175552, t=261.509
# xi=77.0376400602, logdetD=-117.561474651272, t=272.062
# xi=9.24317318208, logdetD=-157.199519871106, t=254.83
# xi=68.4610929652, logdetD=-121.853686639411, t=269.432
# xi=15.1053500565, logdetD=-153.272788607895, t=253.388
# xi=59.0225750547, logdetD=-126.798624440517, t=264.278
# xi=22.2108319115, logdetD=-148.589522852509, t=265.184
# xi=49.2286577984, logdetD=-132.19163283964, t=265.324
# xi=30.4285369945, logdetD=-143.356709309986, t=261.66
# xi=63.8877670724, logdetD=-124.219827285124, t=266.554
# xi=92.0196778168, logdetD=-110.489055188412, t=270.568
# xi=39.7427945368, logdetD=-137.686535840345, t=267.96
# xi=90.7234612443, logdetD=-111.080630604, t=269.586
# xi=40.7039149871, logdetD=-137.11714396864, t=267.693
# xi=88.1717454337, logdetD=-112.256162019201, t=273.689
# xi=42.6333674075, logdetD=-135.982801391223, t=267.489
# xi=84.4992686141, logdetD=-113.973966012084, t=271.097
# xi=45.5007732612, logdetD=-134.318288628571, t=267.554
# xi=79.9745799869, logdetD=-116.133549453876, t=272.54
# xi=49.1888851413, logdetD=-132.214102231302, t=265.814
# xi=74.8679043654, logdetD=-118.629911143557, t=272.772
# xi=53.572449555, logdetD=-129.765655216731, t=265.739
# xi=69.4223485389, logdetD=-121.363321906888, t=271.374
# xi=58.5273257461, logdetD=-127.064780531826, t=263.868
# xi=18.4564660431, logdetD=-151.048102212321, t=264.427
# xi=39.3565813658, logdetD=-137.916155787655, t=267.968
# xi=0.147926172853, logdetD=-162.549468723442, t=272.513
# xi=38.4035872322, logdetD=-138.48476351354, t=266.282
# xi=0.883392437564, logdetD=-162.32537038099, t=274.747
# xi=36.524736588, logdetD=-139.614218387117, t=265.617
# xi=2.35815930876, logdetD=-161.590528407666, t=275.084
# xi=33.8141264765, logdetD=-141.263531573718, t=262.125
# xi=4.54570223184, logdetD=-160.277232789276, t=268.188
# xi=30.4638639914, logdetD=-143.334677415818, t=260.807
# xi=7.35210200739, logdetD=-158.457642509069, t=263.934
# xi=26.6684849868, logdetD=-145.724587220909, t=265.486
# xi=10.6771150952, logdetD=-156.239160355708, t=258.125
# xi=22.6045679519, logdetD=-148.334020655619, t=266.318
# xi=14.4217157068, logdetD=-153.729403074011, t=256.521
# xi=4152.70485971, logdetD=-4.22244642981233e-05, t=305.67
# xi=518125.053547, logdetD=0, t=7.55584
# xi=1947.43175272, logdetD=-0.121728814939719, t=391.733
# xi=86761.2772889, logdetD=-3.65236109405671e-135, t=21.2603
# xi=1995.75773396, logdetD=-0.102229651072747, t=396.59
# xi=32501.7296099, logdetD=-9.47342501063028e-50, t=39.7627
# xi=2098.42050594, logdetD=-0.0705532256569976, t=393.327
# xi=16860.8176078, logdetD=-4.29197600847973e-25, t=69.3995
# xi=2266.63422116, logdetD=-0.0384259372650145, t=387.448
# xi=10424.8085994, logdetD=-5.89228120654806e-15, t=122.11
# xi=2515.9072484, logdetD=-0.015616047627969, t=381.926
# xi=7178.36752224, logdetD=-7.50085416399086e-10, t=138.003
# xi=2873.96364167, logdetD=-0.00428406141042645, t=371.223
# xi=5314.5033357, logdetD=-6.3414567830446e-07, t=204.121
# xi=3390.6534464, logdetD=-0.000662587227438854, t=354.081
# xi=1199.6702928, logdetD=-1.81568990501381, t=399.469
# xi=1928.50696896, logdetD=-0.130341881271616, t=396.867
# xi=832.911590748, logdetD=-6.85995100210439, t=398.76
# xi=1882.97013333, logdetD=-0.153647819105783, t=397.958
# xi=844.811862106, logdetD=-6.56961829713023, t=394.012
# xi=1797.75281408, logdetD=-0.209039023448771, t=396.614
# xi=869.2609617, logdetD=-6.01132143444728, t=394.471
# xi=1684.46052093, logdetD=-0.314766062501823, t=396.613
# xi=907.040468959, logdetD=-5.24090812062583, t=396.169
# xi=1558.16209313, logdetD=-0.496797492210761, t=393.765
# xi=958.357721203, logdetD=-4.35071861822594, t=393.2
# xi=1430.66551683, logdetD=-0.787574122740978, t=394.419
# xi=1023.72648039, logdetD=-3.43291800905632, t=392.714
# xi=1309.54652811, logdetD=-1.22026258530826, t=408.874
# xi=1104.02857068, logdetD=-2.5666182079838, t=392.584
# xi=28.6393438601, logdetD=-144.477799562216, t=264.558
# xi=39.4530462914, logdetD=-137.858759333131, t=266.652
# xi=18.5405986207, logdetD=-150.992587513385, t=261.731
# xi=38.9755390972, logdetD=-138.143162058542, t=267.118
# xi=18.9582709532, logdetD=-150.717257540575, t=264.06
# xi=38.0298890671, logdetD=-138.708515935705, t=266.082
# xi=19.7926851647, logdetD=-150.168591686626, t=264.012
# xi=36.65561839, logdetD=-139.53517603019, t=264.141
# xi=21.0228011072, logdetD=-149.363224023466, t=265.281
# xi=34.9405401349, logdetD=-140.575288922268, t=263.913
# xi=22.5877953792, logdetD=-148.344895237068, t=265.854
# xi=32.975200203, logdetD=-141.778767448169, t=260.852
# xi=24.4231702717, logdetD=-147.15997774299, t=264.151
# xi=30.843948965, logdetD=-143.097889344574, t=260.751
# xi=26.4661059932, logdetD=-145.853314226582, t=263.838
# xi=8.93054808539, logdetD=-157.408379600147, t=259.793
# xi=18.3723813774, logdetD=-151.103603316686, t=263.212
# xi=0.0739433315539, logdetD=-162.556879045552, t=264.661
# xi=17.9563607764, logdetD=-151.378464491585, t=259.44
# xi=0.440992635986, logdetD=-162.484248933129, t=270.189
# xi=17.1322309886, logdetD=-151.924205617235, t=260.071
# xi=1.17407930017, logdetD=-162.199297874406, t=274.665
# xi=15.9339744125, logdetD=-152.720449145501, t=258.692
# xi=2.25434346644, logdetD=-161.648144781447, t=276.152
# xi=14.4375858984, logdetD=-153.718794460001, t=258.693
# xi=3.62787902145, logdetD=-160.846290568744, t=266.94
# xi=12.7215149887, logdetD=-154.867815331628, t=256.322
# xi=5.23755947426, logdetD=-159.837355877131, t=267.226
# xi=10.8589664516, logdetD=-156.117198617363, t=257.747
# xi=7.02780897355, logdetD=-158.671679359833, t=263.576
# xi=13.6154257695, logdetD=-154.268850061081, t=255.012
# xi=18.4144177239, logdetD=-151.075854470044, t=262.129
# xi=8.9699384013, logdetD=-157.382077731526, t=259.191
# xi=18.2062014945, logdetD=-151.213344973258, t=262.623
# xi=9.16531846453, logdetD=-157.251556522614, t=259.787
# xi=17.7928606065, logdetD=-151.486605029058, t=262.963
# xi=9.55479114884, logdetD=-156.991103760813, t=259.155
# xi=17.1898103209, logdetD=-151.886024261955, t=261.254
# xi=10.1268997178, logdetD=-156.608001340655, t=258.091
# xi=16.4332587298, logdetD=-152.388296991518, t=258.351
# xi=10.8512249202, logdetD=-156.122391025937, t=257.002
# xi=15.5608735385, logdetD=-152.968986842173, t=257.247
# xi=11.6956938113, logdetD=-155.555870784319, t=258.562
# xi=14.6082127585, logdetD=-153.604761717425, t=257.802
# xi=12.6293793022, logdetD=-154.929591338016, t=255.96
# xi=4.39439667694, logdetD=-160.372320250741, t=267.555
# xi=8.89116862527, logdetD=-157.434669870569, t=260.365
# xi=0.0369667290372, logdetD=-162.558784237, t=267.841
# xi=8.69616280805, logdetD=-157.564791143359, t=260.503
# xi=0.220320842239, logdetD=-162.538065062972, t=271.583
# xi=8.30902031163, logdetD=-157.822749577399, t=258.627
# xi=0.58579749695, logdetD=-162.437977734272, t=271.026
# xi=7.74412986752, logdetD=-158.198079295979, t=261.075
# xi=1.12260110656, logdetD=-162.222557096891, t=272.819
# xi=7.03534610464, logdetD=-158.666712474117, t=263.324
# xi=1.80213169631, logdetD=-161.891035978807, t=276.035
# xi=6.21789686938, logdetD=-159.202898207387, t=259.865
# xi=2.59424003303, logdetD=-161.457326843072, t=274.976
# xi=5.32504913075, logdetD=-159.781209494624, t=266.202
# xi=3.46986294976, logdetD=-160.942105856042, t=271.127
#
# ier=0, integral=-149.118432920489, neval=225, abserr=3.72037e-05, absrel=2.49491e-07
#
# L/R, L, R, T, ldim, F*(L+R)/(ħc)
0.00180931950382, 0.00180931950382, 1, 0, 4422, -13140.78365853565
# finished at So 23. Apr 09:58:27 CEST 2017
