# starting on alcc58 at Tue Apr 25 10:55:00 CEST 2017
# 0.0005 16000

# L      = 0.0005
# R      = 1
# LbyR   = 0.0005
# T      = 0
# cutoff = 1e-11
# epsrel = 5e-07
# ldim   = 16000
# cores  = 24
# alpha  = 0.000999500249875063
# quad   = adaptive Gauss-Kronrod
#
# xi=1000.5, logdetD=-193.429344249364, t=5264.59
# xi=233181.701274, logdetD=-1.27698717557216e-99, t=253.651
# xi=4.29279074872, logdetD=-594.047103228703, t=3796.23
# xi=38317.9892213, logdetD=-1.11774045720681e-14, t=1255.22
# xi=26.1235067482, logdetD=-578.452894029441, t=3531.96
# xi=13806.8516223, logdetD=-0.000507504163635738, t=4539.71
# xi=72.5002540319, logdetD=-545.705169828716, t=3557.43
# xi=6741.24634816, logdetD=-0.592615384987098, t=5793.59
# xi=148.488899278, logdetD=-497.16464945242, t=3749.08
# xi=3833.85199748, logdetD=-10.8621315384094, t=6441.07
# xi=261.095172859, logdetD=-435.111382881794, t=3896.95
# xi=2367.30892159, logdetD=-47.4801631363013, t=6520.79
# xi=422.84310293, logdetD=-361.706893669709, t=4115.86
# xi=1525.32933466, logdetD=-112.003387102548, t=5911.09
# xi=656.251884268, logdetD=-279.548512845042, t=4622.3
# xi=3001.5, logdetD=-25.0473622558619, t=6572.63
# xi=467363.902549, logdetD=-1.60988539970831e-201, t=175.685
# xi=1009.0855815, logdetD=-191.685034564674, t=5286.17
# xi=77636.4784426, logdetD=-8.03274184126142e-32, t=538.576
# xi=1052.7470135, logdetD=-183.068874519178, t=5367.97
# xi=28614.2032447, logdetD=-1.86886754491421e-10, t=1559.62
# xi=1145.50050806, logdetD=-166.094175430653, t=5501.49
# xi=14482.9926963, logdetD=-0.000258150021431034, t=4380.33
# xi=1297.47779856, logdetD=-141.759381337298, t=5712.13
# xi=8668.20399496, logdetD=-0.0863485497459806, t=5484.75
# xi=1522.69034572, logdetD=-112.308184311809, t=5906.31
# xi=5735.11784319, logdetD=-1.62040113904565, t=6012.79
# xi=1846.18620586, logdetD=-80.6132284243674, t=6227.05
# xi=4051.15866932, logdetD=-8.7369005488389, t=6486.68
# xi=2313.00376854, logdetD=-50.1627241149769, t=6546.43
# xi=333.5, logdetD=-400.248299581327, t=3912.74
# xi=991.987467024, logdetD=-195.17546401832, t=5273.16
# xi=2.14180052105, logdetD=-595.360682408862, t=3783.22
# xi=950.845965049, logdetD=-203.85411515541, t=5206.04
# xi=12.8934267767, logdetD=-588.069847290934, t=3728.89
# xi=873.854042799, logdetD=-221.221826819114, t=5025.22
# xi=34.9826357715, logdetD=-572.029028003612, t=3531.39
# xi=771.497016068, logdetD=-246.816992808347, t=4866.79
# xi=69.1155668575, logdetD=-548.014243171125, t=3565.13
# xi=657.389240573, logdetD=-279.203098756576, t=4625.1
# xi=115.479544619, logdetD=-517.503638502029, t=3644.33
# xi=542.198964992, logdetD=-316.72171239971, t=4399.66
# xi=174.538741377, logdetD=-481.852588297936, t=3767.68
# xi=432.770695671, logdetD=-357.697958157611, t=4306.84
# xi=247.089865322, logdetD=-442.276334949876, t=4367.62
# xi=7003.5, logdetD=-0.45595179277314, t=5889.22
# xi=935728.305097, logdetD=0, t=26.8576
# xi=3018.67116299, logdetD=-24.6184999238107, t=6618.49
# xi=156273.456885, logdetD=-4.09061104539135e-66, t=322.658
# xi=3105.99402699, logdetD=-22.5491958678406, t=6486.92
# xi=58228.9064894, logdetD=-2.34608129980733e-23, t=770.212
# xi=3291.50101613, logdetD=-18.7149750132796, t=6537.2
# xi=29966.4853927, logdetD=-4.82362996233683e-11, t=1537
# xi=3595.45559711, logdetD=-13.7947926938687, t=6486.41
# xi=18336.9079899, logdetD=-5.47371146803568e-06, t=3147.25
# xi=4045.88069144, logdetD=-8.78321362297893, t=6512.15
# xi=12470.7356864, logdetD=-0.00192984305943869, t=4854.48
# xi=4692.87241172, logdetD=-4.59576183374663, t=6235.75
# xi=9102.81733864, logdetD=-0.0559228606122539, t=5418.12
# xi=5626.50753707, logdetD=-1.80629142880313, t=6025.51
# xi=1667.5, logdetD=-96.7811068436023, t=6047.04
# xi=2984.47493405, logdetD=-25.4799993545295, t=6559.75
# xi=1004.78360104, logdetD=-192.556959606114, t=5307.29
# xi=2902.1919301, logdetD=-27.6794096418407, t=6401.55
# xi=1026.28685355, logdetD=-188.240316211549, t=5333.56
# xi=2748.2080856, logdetD=-32.322560377533, t=6544.38
# xi=1070.46527154, logdetD=-179.690148146627, t=5396.98
# xi=2543.49403214, logdetD=-39.7357198830264, t=6510.54
# xi=1138.73113372, logdetD=-167.275074443763, t=5496.39
# xi=2315.27848115, logdetD=-50.0473353939162, t=6514.45
# xi=1231.45908924, logdetD=-151.837033962619, t=5643.18
# xi=2084.89792998, logdetD=-63.2184948868876, t=6354.25
# xi=1349.57748275, logdetD=-134.299808443209, t=5696.31
# xi=1866.04139134, logdetD=-78.9962238456426, t=6158.51
# xi=1494.67973064, logdetD=-115.596625737022, t=5873.53
# xi=600.3, logdetD=-297.13939765729, t=4497.13
# xi=996.234660838, logdetD=-194.30218139996, t=5258.88
# xi=335.402465131, logdetD=-399.378554408912, t=3920.9
# xi=975.361076228, logdetD=-198.634430280704, t=5226.76
# xi=344.911802565, logdetD=-395.064780211078, t=3956.41
# xi=935.107636474, logdetD=-207.282008225839, t=5211.01
# xi=364.237429926, logdetD=-386.467084089611, t=3984.33
# xi=879.048811754, logdetD=-220.001500489978, t=5088.24
# xi=393.553213553, logdetD=-373.842062935385, t=4047.38
# xi=812.857088594, logdetD=-236.108738820682, t=4992.29
# xi=432.345507528, logdetD=-357.86859983921, t=4079.79
# xi=741.713805092, logdetD=-254.854183831933, t=4838.59
# xi=480.119547151, logdetD=-339.267876219294, t=4198.18
# xi=669.70885433, logdetD=-275.491649816697, t=4657.59
# xi=536.429821248, logdetD=-318.743904230028, t=4339.23
# xi=142.928571429, logdetD=-500.51531236416, t=3757.67
# xi=331.602945783, logdetD=-401.11782121669, t=3917.54
# xi=1.06975523188, logdetD=-595.917913642604, t=3750.09
# xi=322.280159363, logdetD=-405.423890280693, t=3910.94
# xi=6.40543998931, logdetD=-592.642744942258, t=3808.77
# xi=304.116646203, logdetD=-413.973673346002, t=3916.22
# xi=17.190778779, logdetD=-584.959149118623, t=3677.86
# xi=278.407067745, logdetD=-426.450953297204, t=3913.86
# xi=33.4039923896, logdetD=-573.169407363519, t=3514.23
# xi=247.412201778, logdetD=-442.109799280438, t=3863.27
# xi=54.5893697318, logdetD=-558.074673757732, t=3646.17
# xi=213.302251197, logdetD=-460.174949838282, t=3833.81
# xi=80.267938891, logdetD=-540.455774680259, t=3638.96
# xi=177.907919505, logdetD=-479.917200077414, t=3750.3
# xi=109.965982263, logdetD=-521.008979485527, t=3643.01
# xi=15007.5, logdetD=-0.000152803086774113, t=4254.39
# xi=1872457.11019, logdetD=0, t=35.5455
# xi=7037.84232599, logdetD=-0.440564911805582, t=5726.48
# xi=313547.41377, logdetD=-1.32087509637926e-134, t=210.054
# xi=7212.48805399, logdetD=-0.369991513753037, t=5684.32
# xi=117458.312979, logdetD=-3.42462037508368e-49, t=392.144
# xi=7583.50203225, logdetD=-0.25534567749135, t=5654.86
# xi=60933.4707853, logdetD=-1.55180974946214e-24, t=729.341
# xi=8191.41119422, logdetD=-0.139069309353495, t=5549.21
# xi=37674.3159799, logdetD=-2.13126039015532e-14, t=1275.14
# xi=9092.26138288, logdetD=-0.0565160397552021, t=5415.03
# xi=25941.9713728, logdetD=-2.71386905713456e-09, t=1619.01
# xi=10386.2448234, logdetD=-0.0155041709828307, t=5234.01
# xi=19206.1346773, logdetD=-2.29471547098563e-06, t=2971.37
# xi=12253.5150741, logdetD=-0.00239787165070787, t=4942.4
# xi=4335.5, logdetD=-6.57200114967358, t=6519.46
# xi=6969.4498681, logdetD=-0.471738315693254, t=5747.79
# xi=3010.06720208, logdetD=-24.8324584188852, t=6539.33
# xi=6804.88386019, logdetD=-0.556090135042922, t=5754.67
# xi=3053.07370711, logdetD=-23.7813719287447, t=6443.98
# xi=6496.9161712, logdetD=-0.756570470008763, t=5828.82
# xi=3141.43054309, logdetD=-21.7602008726303, t=6542.26
# xi=6087.48806427, logdetD=-1.13923849275181, t=5904.25
# xi=3277.96226743, logdetD=-18.9711639938795, t=6680.16
# xi=5631.05696229, logdetD=-1.79809294352482, t=6049.24
# xi=3463.41817847, logdetD=-15.7485870807626, t=6454.38
# xi=5170.29585997, logdetD=-2.85056663541751, t=6159.66
# xi=3699.65496551, logdetD=-12.4261408061954, t=6566.92
# xi=4732.58278269, logdetD=-4.41673030265941, t=6282.31
# xi=3989.85946129, logdetD=-9.29021516048731, t=6551.2
# xi=230.884615385, logdetD=-450.750181495539, t=3883.98
# xi=332.550797971, logdetD=-400.683088361993, t=3936.49
# xi=143.626867105, logdetD=-500.092884078771, t=3757.12
# xi=327.866388443, logdetD=-402.837089658144, t=3915.96
# xi=147.100269537, logdetD=-497.998660545671, t=3769.29
# xi=318.644718153, logdetD=-407.118031043436, t=3943.06
# xi=154.073136181, logdetD=-493.829253447637, t=3771.89
# xi=305.372718883, logdetD=-413.375485426164, t=3911.53
# xi=164.435681751, logdetD=-487.717131095014, t=3767.44
# xi=289.020903171, logdetD=-421.245323539453, t=3906.74
# xi=177.764184718, logdetD=-479.999561755271, t=3737.23
# xi=270.565839067, logdetD=-430.347188014207, t=3864.91
# xi=193.605990278, logdetD=-471.03035300462, t=3768.19
# xi=250.886092533, logdetD=-440.31992481338, t=3844.66
# xi=211.512464961, logdetD=-461.148186605304, t=3835.89
# xi=66.7, logdetD=-549.670269464784, t=3575.6
# xi=142.231127615, logdetD=-500.937696512354, t=3764.11
# xi=0.534591817644, logdetD=-596.140505052398, t=3754.02
# xi=138.787092957, logdetD=-503.030398447003, t=3770.89
# xi=3.19250041952, logdetD=-594.740500817085, t=3822.16
# xi=131.997096558, logdetD=-507.190331329322, t=3709.82
# xi=8.52217458786, logdetD=-591.179659415604, t=3808.9
# xi=122.201196627, logdetD=-513.273102734857, t=3664.95
# xi=16.4277569799, logdetD=-585.513477853919, t=3687.22
# xi=110.093650836, logdetD=-520.927449640747, t=3655.49
# xi=26.5698320982, logdetD=-578.128068947268, t=3540.11
# xi=96.3774941778, logdetD=-529.786581002221, t=3647.11
# xi=38.5861288495, logdetD=-569.434406709251, t=3551.63
# xi=81.6908653511, logdetD=-539.501633586959, t=3652.61
# xi=52.1187769856, logdetD=-559.809914418544, t=3626.74
# xi=103.5, logdetD=-525.160903141508, t=3649.87
# xi=142.579743136, logdetD=-500.72650994841, t=3750.34
# xi=67.0040475304, logdetD=-549.461453768825, t=3578.93
# xi=140.854075298, logdetD=-501.773049665123, t=3748.93
# xi=68.5134775869, logdetD=-548.426382288943, t=3564.71
# xi=137.436581567, logdetD=-503.854174639429, t=3742.63
# xi=71.5289751243, logdetD=-546.366434794331, t=3573.97
# xi=132.47009156, logdetD=-506.899067800991, t=3692.14
# xi=75.9745029503, logdetD=-543.348725834978, t=3607.59
# xi=126.271953772, logdetD=-510.733573966895, t=3678.91
# xi=81.6302507896, logdetD=-539.542231664136, t=3624.73
# xi=119.169392905, logdetD=-515.175505049259, t=3652.89
# xi=88.2631297514, logdetD=-535.124336119048, t=3642.32
# xi=111.467243575, logdetD=-520.05135656189, t=3628.5
# xi=95.6461147882, logdetD=-530.264707987942, t=3649.27
# xi=32.2741935484, logdetD=-573.986837327047, t=3522.98
# xi=66.3961256185, logdetD=-549.879073213183, t=3568.7
# xi=0.267224516498, logdetD=-596.221462503546, t=3706.32
# xi=64.8926647705, logdetD=-550.913732648384, t=3559.09
# xi=1.59370752513, logdetD=-595.658688914674, t=3781.91
# xi=61.9143342105, logdetD=-552.9711078427, t=3586.93
# xi=4.24301646579, logdetD=-594.079180154312, t=3824.05
# xi=57.583943255, logdetD=-555.980773755988, t=3640.75
# xi=8.1469935176, logdetD=-591.441817105004, t=3773.96
# xi=52.1761304233, logdetD=-559.7695530504, t=3626.87
# xi=13.1108268595, logdetD=-587.913337318248, t=3721.96
# xi=45.9744052716, logdetD=-564.155271381274, t=3619.29
# xi=18.928066517, logdetD=-583.69517811373, t=3650.48
# xi=39.243323214, logdetD=-568.962548475541, t=3557.31
# xi=25.3978663868, logdetD=-578.981179700179, t=3536.9
# xi=49.2049180328, logdetD=-561.865372226262, t=3622.8
# xi=66.5480411749, logdetD=-549.774672836733, t=3559.96
# xi=32.4165465896, logdetD=-573.88378541908, t=3517.2
# xi=65.7955665426, logdetD=-550.292054966181, t=3574.67
# xi=33.1226324777, logdetD=-573.372878655476, t=3521.35
# xi=64.3017899352, logdetD=-551.321080795939, t=3558.04
# xi=34.5301515544, logdetD=-572.355672352267, t=3542.66
# xi=62.1224207127, logdetD=-552.827031707384, t=3634.96
# xi=36.5977002095, logdetD=-570.86462993004, t=3559.62
# xi=59.3883116472, logdetD=-554.724086061498, t=3637.87
# xi=39.2153460193, logdetD=-568.982627078981, t=3572.73
# xi=56.2355904207, logdetD=-556.922309757843, t=3652.54
# xi=42.2671802603, logdetD=-566.797066202809, t=3599.03
# xi=52.7927604729, logdetD=-559.33584745983, t=3639.52
# xi=45.6414352287, logdetD=-564.391943995063, t=3602.19
# xi=15.880952381, logdetD=-585.910321648127, t=3703.72
# xi=32.131879739, logdetD=-574.089876893912, t=3535.32
# xi=0.133594417318, logdetD=-596.246766248264, t=3669.89
# xi=31.4271463421, logdetD=-574.600358049883, t=3522.35
# xi=0.79621960905, logdetD=-596.038777938843, t=3749.56
# xi=30.0280483539, logdetD=-575.614907320116, t=3532.55
# xi=2.11701920374, logdetD=-595.37461495891, t=3790.26
# xi=27.9865853493, logdetD=-577.097641304451, t=3542.28
# xi=4.05697892721, logdetD=-594.198541640651, t=3823.33
# xi=25.4251048972, logdetD=-578.961345571264, t=3546.97
# xi=6.51274105578, logdetD=-592.569653230339, t=3814.98
# xi=22.4709172503, logdetD=-581.113693464268, t=3585.74
# xi=9.37534898601, logdetD=-590.579949165439, t=3771.28
# xi=19.2442462273, logdetD=-583.464938083479, t=3654.04
# xi=12.5397710595, logdetD=-588.324178743057, t=3750.63
#
# ier=0, integral=-540.71860904754, neval=225, abserr=2.13871e-05, absrel=3.95531e-08
#
# L/R, L, R, T, ldim, F*(L+R)/(ħc)
0.0005, 0.0005, 1, 0, 16000, -172202.1369428317
# finished at Sat May  6 12:17:56 CEST 2017
