# starting on alcc120 at Thu Apr 13 17:40:03 CEST 2017

# L      = 0.0160750076801
# R      = 1
# LbyR   = 0.0160750076801
# T      = 0
# cutoff = 1e-11
# epsrel = 5e-07
# ldim   = 498
# cores  = 6
# alpha  = 0.0316413799347401
# quad   = adaptive Gauss-Kronrod
#
# xi=31.6041842063, logdetD=-5.95078098647602, t=10.0837
# xi=7365.83452336, logdetD=-3.96388657712277e-101, t=1.71144
# xi=0.135602348407, logdetD=-16.8115931566679, t=10.3155
# xi=1210.40358797, logdetD=-3.48016594308711e-16, t=4.57714
# xi=0.825199519626, logdetD=-16.6523537894744, t=10.2014
# xi=436.136213875, logdetD=-1.57699001655189e-05, t=10.1643
# xi=2.29016630028, logdetD=-16.0307594764525, t=9.89037
# xi=212.945118808, logdetD=-0.0183952117963926, t=12.7799
# xi=4.69052526274, logdetD=-14.8418224117936, t=10.0773
# xi=121.105212142, logdetD=-0.336714546364629, t=13.026
# xi=8.24757615036, logdetD=-13.1399368355505, t=10.7316
# xi=74.7794774926, logdetD=-1.46915285888323, t=10.7479
# xi=13.3569328489, logdetD=-11.0130405325347, t=9.85967
# xi=48.182697919, logdetD=-3.45713294614673, t=9.98855
# xi=20.7299404659, logdetD=-8.56233692103417, t=10.4065
# xi=94.812552619, logdetD=-0.77579845882847, t=11.7084
# xi=14763.2732309, logdetD=-4.98326783556222e-203, t=1.67896
# xi=31.8753889031, logdetD=-5.89757381230873, t=10.3317
# xi=2452.41136015, logdetD=-2.50261699821929e-33, t=2.39158
# xi=33.2545832456, logdetD=-5.63460133587945, t=9.99905
# xi=903.876611956, logdetD=-5.81461480132982e-12, t=5.43563
# xi=36.1845168069, logdetD=-5.11581484822685, t=10.1663
# xi=457.494421823, logdetD=-8.0221025624945e-06, t=9.82392
# xi=40.9852347318, logdetD=-4.37057739821454, t=10.153
# xi=273.814608491, logdetD=-0.00268145659511742, t=12.3231
# xi=48.099336507, logdetD=-3.46650093577976, t=10.213
# xi=181.163139192, logdetD=-0.0502822687875797, t=13.0826
# xi=58.3180499042, logdetD=-2.49117054866886, t=10.6591
# xi=127.969580044, logdetD=-0.270878769313573, t=13.1661
# xi=73.0640651382, logdetD=-1.55198907246125, t=10.4693
# xi=10.5347280688, logdetD=-12.1400780038833, t=10.3356
# xi=31.3352869947, logdetD=-6.0040328334496, t=9.87986
# xi=0.0676560301855, logdetD=-16.8158193500657, t=10.4048
# xi=30.0356931846, logdetD=-6.26854804345454, t=10.0032
# xi=0.407282593605, logdetD=-16.769750239298, t=10.6526
# xi=27.6036423169, logdetD=-6.79705683239112, t=9.66211
# xi=1.10504514237, logdetD=-16.5516959263889, t=10.0262
# xi=24.3703486361, logdetD=-7.57368853082316, t=9.9039
# xi=2.18324948175, logdetD=-16.0814552420503, t=10.0002
# xi=20.7658677205, logdetD=-8.55193358900301, t=10.4128
# xi=3.64781289374, logdetD=-15.362974139929, t=10.118
# xi=17.1271923699, logdetD=-9.67758826932755, t=9.95886
# xi=5.51339783471, logdetD=-14.4347668462632, t=9.91377
# xi=13.6705295203, logdetD=-10.8947968529442, t=9.92352
# xi=7.80517103363, logdetD=-13.3423886152785, t=10.624
# xi=221.229289444, logdetD=-0.0141540625104167, t=12.7351
# xi=29558.150646, logdetD=0, t=0.274954
# xi=95.3549620126, logdetD=-0.762531548836275, t=11.4785
# xi=4936.42690451, logdetD=-1.27191016682584e-67, t=1.9445
# xi=98.1133506975, logdetD=-0.698510841207172, t=11.6773
# xi=1839.35740812, logdetD=-7.30979868575789e-25, t=2.98442
# xi=103.97321782, logdetD=-0.579857279374009, t=11.9692
# xi=946.593027852, logdetD=-1.5009479486312e-12, t=5.37669
# xi=113.57465367, logdetD=-0.427538359760884, t=12.283
# xi=579.233401188, logdetD=-1.70153346903574e-07, t=7.15005
# xi=127.80285722, logdetD=-0.272313635334846, t=12.6773
# xi=393.930462589, logdetD=-5.99590816892521e-05, t=10.7542
# xi=148.240284015, logdetD=-0.142543577036788, t=13.3725
# xi=287.543344295, logdetD=-0.0017367488265972, t=12.118
# xi=177.732314483, logdetD=-0.0560482873995487, t=13.252
# xi=52.6736403439, logdetD=-2.98898898741249, t=10.109
# xi=94.2747581957, logdetD=-0.789181676196766, t=11.4628
# xi=31.7394962667, logdetD=-5.924171699441, t=10.0618
# xi=91.6755705756, logdetD=-0.857211186784839, t=11.5986
# xi=32.4187493935, logdetD=-5.79246803335907, t=10.15
# xi=86.8114688402, logdetD=-1.00078909140769, t=11.2034
# xi=33.8142744911, logdetD=-5.53141260605247, t=9.86314
# xi=80.3448814786, logdetD=-1.22991794352939, t=10.8363
# xi=35.9706831698, logdetD=-5.151934975506, t=10.2939
# xi=73.1359196473, logdetD=-1.54842625199828, t=10.7251
# xi=38.8998099938, logdetD=-4.67940488190004, t=10.0448
# xi=65.8585689462, logdetD=-1.9549180000114, t=10.0947
# xi=42.6309798757, logdetD=-4.14180116139301, t=10.0375
# xi=58.945243247, logdetD=-2.44134928830454, t=10.3639
# xi=47.2145262736, logdetD=-3.56755717350826, t=10.3423
# xi=18.9625105238, logdetD=-9.09120831359771, t=10.4154
# xi=31.4694490094, logdetD=-5.97740144130828, t=9.86795
# xi=10.5948238793, logdetD=-12.1148659897805, t=10.2934
# xi=30.8100860777, logdetD=-6.10949027625684, t=9.86332
# xi=10.8952085389, logdetD=-11.9896516603938, t=10.5984
# xi=29.5385447235, logdetD=-6.37295118365309, t=9.88614
# xi=11.5056739932, logdetD=-11.7392947180884, t=10.3047
# xi=27.7677367047, logdetD=-6.75995984130109, t=9.56135
# xi=12.4317123999, logdetD=-11.3698966230776, t=10.1333
# xi=25.676846738, logdetD=-7.24911429893109, t=9.78599
# xi=13.6570985114, logdetD=-10.8998333521171, t=10.1488
# xi=23.429544952, logdetD=-7.81695251761343, t=9.92875
# xi=15.1662035075, logdetD=-10.3491516967068, t=9.78181
# xi=21.1550244846, logdetD=-8.44010789985996, t=10.083
# xi=16.9449544073, logdetD=-9.7379858728786, t=9.83441
# xi=4.51488345805, logdetD=-14.9293700862587, t=9.97255
# xi=10.4748031803, logdetD=-12.1652719847359, t=10.3621
# xi=0.0337918454814, logdetD=-16.8168636981866, t=10.1131
# xi=10.1803113669, logdetD=-12.2898645636169, t=10.2675
# xi=0.202337536576, logdetD=-16.8047809366144, t=10.2218
# xi=9.60655522921, logdetD=-12.5363473640493, t=10.5073
# xi=0.543029024668, logdetD=-16.7371853906762, t=10.1927
# xi=8.79443103785, logdetD=-12.8937125152175, t=10.505
# xi=1.05517833954, logdetD=-16.5705881372064, t=9.98428
# xi=7.81535312333, logdetD=-13.3376967091684, t=10.4084
# xi=1.72439030156, logdetD=-16.292658429928, t=9.72725
# xi=6.73787470111, logdetD=-13.8424447418985, t=9.89932
# xi=2.53553495909, logdetD=-15.9128644938432, t=9.89932
# xi=5.61982474743, logdetD=-14.3825843682354, t=10.0521
# xi=3.47364833569, logdetD=-15.4499832685564, t=10.1042
# xi=474.062763095, logdetD=-4.74863014179771e-06, t=9.33377
# xi=59147.9054763, logdetD=0, t=0.301143
# xi=222.314108232, logdetD=-0.01367652943517, t=12.8819
# xi=9904.45799322, logdetD=-4.09498248327086e-136, t=1.68928
# xi=227.830885601, logdetD=-0.011486207749225, t=12.8979
# xi=3710.31900044, logdetD=-1.06594458351931e-50, t=1.95122
# xi=239.550619847, logdetD=-0.00792776863728221, t=12.9332
# xi=1924.79023991, logdetD=-4.83515818863298e-26, t=2.76189
# xi=258.753491546, logdetD=-0.00431825906702915, t=12.6715
# xi=1190.07098658, logdetD=-6.63556152234472e-16, t=4.63864
# xi=287.209898647, logdetD=-0.00175516767991751, t=12.1915
# xi=819.465109385, logdetD=-8.44173176631115e-11, t=5.57205
# xi=328.084752236, logdetD=-0.000481589845730441, t=11.8247
# xi=606.690872796, logdetD=-7.13376782858882e-08, t=6.61336
# xi=387.068813172, logdetD=-7.44987777806517e-05, t=11.0406
# xi=136.951464894, logdetD=-0.203796920149658, t=13.0941
# xi=220.153700598, logdetD=-0.0146439930852454, t=12.8123
# xi=95.0831767397, logdetD=-0.769150439257576, t=11.7171
# xi=214.955325358, logdetD=-0.0172617416021988, t=12.9476
# xi=96.4416829934, logdetD=-0.736633557558532, t=11.7525
# xi=205.227121887, logdetD=-0.0234828617558668, t=12.8417
# xi=99.2327331885, logdetD=-0.674097808171277, t=11.9163
# xi=192.293947163, logdetD=-0.035355799844601, t=13.3616
# xi=103.545550546, logdetD=-0.587786509506957, t=12.3456
# xi=177.876023501, logdetD=-0.0557939900741207, t=13.0822
# xi=109.403804194, logdetD=-0.488032224089963, t=12.3463
# xi=163.321322099, logdetD=-0.0884348412506173, t=13.4457
# xi=116.866143958, logdetD=-0.385154940459372, t=12.8449
# xi=149.4946707, logdetD=-0.13699358926067, t=13.2242
# xi=126.033236754, logdetD=-0.28802098298471, t=12.6867
#
# ier=0, integral=-16.4488594111916, neval=135, abserr=6.4156e-06, absrel=3.90033e-07
#
# L/R, L, R, T, ldim, F*(L+R)/(ħc)
0.0160750076801, 0.0160750076801, 1, 0, 498, -165.4742801302731

# finished at Thu Apr 13 18:02:31 CEST 2017
