# starting on alcc114 at Sa 15. Apr 05:52:37 CEST 2017

# L      = 7.65e-07
# R      = 4e-05
# LbyR   = 0.019125
# T      = 295
# cutoff = 1e-12
# epsrel = 1e-09
# ldim   = 419
# cores  = 4
# alpha  = 0.0375321967373973
# filename = /alcc/gpfs1/home/u/hartmmic/libcasimir-dev/data/materials/GoldEpsIm.dat
# model  = optical data (xi=0: Drude)
# plasma = -13.5442451303334 (logdetD(xi=0) for plasma model with omegap=9eV)
#
# xi=0, logdetD=-7.43836173717183, t=1.32518
# xi=32.9970873133269, logdetD=-3.54201684387379, t=20.0741
# xi=65.9941746266539, logdetD=-0.941963342806378, t=20.8176
# xi=98.9912619399808, logdetD=-0.254463001494919, t=24.7819
# xi=131.988349253308, logdetD=-0.0690564659009199, t=26.7766
# xi=164.985436566635, logdetD=-0.0187777261059185, t=26.6001
# xi=197.982523879962, logdetD=-0.00511333526850828, t=25.7655
# xi=230.979611193289, logdetD=-0.00139526940617257, t=25.0322
# xi=263.976698506615, logdetD=-0.000381027607238122, t=24.3702
# xi=296.973785819942, logdetD=-0.000104200339873974, t=23.3471
# xi=329.970873133269, logdetD=-2.85128473915498e-05, t=22.3093
# xi=362.967960446596, logdetD=-7.82365812915313e-06, t=21.0381
# xi=395.965047759923, logdetD=-2.14756878066197e-06, t=19.5573
# xi=428.96213507325, logdetD=-5.90518300611833e-07, t=18.3128
# xi=461.959222386577, logdetD=-1.62570770512225e-07, t=16.5671
# xi=494.956309699904, logdetD=-4.47884802046101e-08, t=14.8611
# xi=527.953397013231, logdetD=-1.23617547184834e-08, t=14.5497
# xi=560.950484326558, logdetD=-3.4134664276622e-09, t=14.5968
#
# L/R, L, R, T, ldim, F*(L+R)/(ħc)
0.019125, 7.65e-07, 4e-05, 295, 419, -89.82937506577152

# finished at Sa 15. Apr 05:58:38 CEST 2017
