# starting on alcc115 at Sa 15. Apr 05:03:38 CEST 2017

# L      = 5.35e-07
# R      = 4e-05
# LbyR   = 0.013375
# T      = 295
# cutoff = 1e-12
# epsrel = 1e-09
# ldim   = 599
# cores  = 4
# alpha  = 0.0263969409152584
# filename = /alcc/gpfs1/home/u/hartmmic/libcasimir-dev/data/materials/GoldEpsIm.dat
# model  = optical data (xi=0: Drude)
# plasma = -19.6634582437292 (logdetD(xi=0) for plasma model with omegap=9eV)
#
# xi=0, logdetD=-10.794569749641, t=2.22014
# xi=32.8109146141471, logdetD=-7.423559593431, t=40.1483
# xi=65.6218292282942, logdetD=-2.84887492321618, t=41.7477
# xi=98.4327438424414, logdetD=-1.11222058677035, t=46.7763
# xi=131.243658456588, logdetD=-0.437197916401875, t=52.4379
# xi=164.054573070736, logdetD=-0.172418429601085, t=55.7045
# xi=196.865487684883, logdetD=-0.0681340614337487, t=56.4572
# xi=229.67640229903, logdetD=-0.0269857392633919, t=56.1254
# xi=262.487316913177, logdetD=-0.010697420335571, t=55.9692
# xi=295.298231527324, logdetD=-0.00424664498374018, t=54.7122
# xi=328.109146141471, logdetD=-0.00168684887513208, t=53.2246
# xi=360.920060755618, logdetD=-0.000671911540649057, t=52.1742
# xi=393.730975369765, logdetD=-0.000267751745350006, t=50.7273
# xi=426.541889983913, logdetD=-0.000106887147977745, t=48.5305
# xi=459.35280459806, logdetD=-4.27241887072981e-05, t=47.2786
# xi=492.163719212207, logdetD=-1.70913709202664e-05, t=44.9592
# xi=524.974633826354, logdetD=-6.85039426286121e-06, t=43.3059
# xi=557.785548440501, logdetD=-2.74731012466763e-06, t=40.9815
# xi=590.596463054648, logdetD=-1.10329025137658e-06, t=38.3078
# xi=623.407377668795, logdetD=-4.43503382730726e-07, t=36.2726
# xi=656.218292282942, logdetD=-1.78406925732801e-07, t=34.0807
# xi=689.02920689709, logdetD=-7.18641502620979e-08, t=31.1064
# xi=721.840121511237, logdetD=-2.89619918923034e-08, t=29.4572
# xi=754.651036125384, logdetD=-1.16838091858099e-08, t=28.6548
# xi=787.461950739531, logdetD=-4.71682661044722e-09, t=28.4863
#
# L/R, L, R, T, ldim, F*(L+R)/(ħc)
0.013375, 5.35e-07, 4e-05, 295, 599, -182.816886941481

# finished at Sa 15. Apr 05:21:28 CEST 2017
