# starting on alcc116 at Di 15. Mai 16:56:29 CEST 2018
# compiler: icc
# compile time: Mar 20 2018 10:17:31
# compiled on: Linux alcc83 3.16.0-4-amd64 #1 SMP Debian 3.16.51-3 (2017-12-13) x86_64 GNU/Linux
# LAPACK support: false
# git HEAD: 6d0c9d2b97f5bf34953fe6036ede8a0e34487fd7
# git branch: master
# pid: 17266
# start time: Tue May 15 16:56:29 2018
#
# LbyR = 0.0325714285714286
# RbyL = 30.7017543859649
# L = 3.42e-07
# R = 1.05e-05
# T = 295
# cutoff = 1e-10
# epsrel = 1e-09
# iepsrel = 1e-08
# ldim = 308
# cores = 4
# alpha = 0.0630879911455451
# filename = /alcc/gpfs1/home/u/hartmmic/libcasimir-dev/data/materials/GoldDalvit.dat
# model = optical data (xi=0: Drude)
# plasma = -7.29042216069411 (logdetD(xi=0) for plasma model with omegap=9eV)
#
# xi=0, logdetD=-4.22946632103176, t=0.322633
# xi=8.77601915003289, logdetD=-4.08914039314394, t=6.95275
# xi=17.5520383000658, logdetD=-2.16508944654392, t=7.0101
# xi=26.3280574500987, logdetD=-1.15585535173362, t=7.18072
# xi=35.1040766001315, logdetD=-0.620675650577861, t=7.28039
# xi=43.8800957501644, logdetD=-0.334512775457486, t=7.44833
# xi=52.6561149001973, logdetD=-0.180733077219241, t=7.55238
# xi=61.4321340502302, logdetD=-0.0978995347170979, t=7.36344
# xi=70.2081532002631, logdetD=-0.0530829996892044, t=7.38317
# xi=78.984172350296, logdetD=-0.0288247430347474, t=7.29969
# xi=87.7601915003289, logdetD=-0.0156613095807389, t=7.37114
# xi=96.5362106503618, logdetD=-0.00853242841133459, t=7.26854
# xi=105.312229800395, logdetD=-0.00465026888577089, t=7.16604
# xi=114.088248950428, logdetD=-0.00253882798095529, t=7.06488
# xi=122.86426810046, logdetD=-0.00138779556271388, t=7.05397
# xi=131.640287250493, logdetD=-0.000759207231356998, t=6.81337
# xi=140.416306400526, logdetD=-0.000416123766984436, t=6.68829
# xi=149.192325550559, logdetD=-0.000228211554522419, t=6.67586
# xi=157.968344700592, logdetD=-0.000125327495739506, t=6.46359
# xi=166.744363850625, logdetD=-6.88952901275701e-05, t=6.36108
# xi=175.520383000658, logdetD=-3.79013516815842e-05, t=6.19787
# xi=184.296402150691, logdetD=-2.08796777308022e-05, t=5.94628
# xi=193.072421300724, logdetD=-1.15088380025347e-05, t=5.84422
# xi=201.848440450756, logdetD=-6.3504581443576e-06, t=5.75014
# xi=210.624459600789, logdetD=-3.5068541421613e-06, t=5.54406
# xi=219.400478750822, logdetD=-1.93778174622584e-06, t=5.3319
# xi=228.176497900855, logdetD=-1.07187776965935e-06, t=5.27021
# xi=236.952517050888, logdetD=-5.93184450019957e-07, t=4.91949
# xi=245.728536200921, logdetD=-3.28552878091654e-07, t=4.6891
# xi=254.504555350954, logdetD=-1.82090345081637e-07, t=4.55098
# xi=263.280574500987, logdetD=-1.00971583877391e-07, t=4.25384
# xi=272.05659365102, logdetD=-5.60353338309896e-08, t=4.31925
# xi=280.832612801052, logdetD=-3.11097441927894e-08, t=3.89876
# xi=289.608631951085, logdetD=-1.72835573768317e-08, t=3.86026
# xi=298.384651101118, logdetD=-9.60688002898322e-09, t=3.84357
# xi=307.160670251151, logdetD=-5.34228262241035e-09, t=3.84559
# xi=315.936689401184, logdetD=-2.97269160438571e-09, t=3.82412
#
# 2154 determinants computed
# stop time: Tue May 15 17:00:06 2018
#
# L/R, L, R, T, ldim, F*(L+R)/(ħc)
0.03257142857142858, 3.42e-07, 1.05e-05, 295, 308, -30.3792435522215
# finished at Di 15. Mai 17:00:06 CEST 2018
