# starting on alcc118 at Di 15. Mai 17:18:30 CEST 2018
# compiler: icc
# compile time: Mar 20 2018 10:17:31
# compiled on: Linux alcc83 3.16.0-4-amd64 #1 SMP Debian 3.16.51-3 (2017-12-13) x86_64 GNU/Linux
# LAPACK support: false
# git HEAD: 6d0c9d2b97f5bf34953fe6036ede8a0e34487fd7
# git branch: master
# pid: 25012
# start time: Tue May 15 17:18:30 2018
#
# LbyR = 0.0447619047619048
# RbyL = 22.3404255319149
# L = 4.7e-07
# R = 1.05e-05
# T = 295
# cutoff = 1e-10
# epsrel = 1e-09
# iepsrel = 1e-08
# ldim = 224
# cores = 4
# alpha = 0.0856882406563355
# filename = /alcc/gpfs1/home/u/hartmmic/libcasimir-dev/data/materials/GoldDalvit.dat
# model = optical data (xi=0: Drude)
# plasma = -5.16757202218724 (logdetD(xi=0) for plasma model with omegap=9eV)
#
# xi=0, logdetD=-2.99532604792001, t=0.237508
# xi=8.87962830435905, logdetD=-2.40233524510272, t=3.91971
# xi=17.7592566087181, logdetD=-1.03571979297272, t=3.87793
# xi=26.6388849130771, logdetD=-0.450735026466069, t=3.91187
# xi=35.5185132174362, logdetD=-0.197167191257647, t=3.96732
# xi=44.3981415217952, logdetD=-0.0864872712775049, t=3.94934
# xi=53.2777698261543, logdetD=-0.0380060231179451, t=3.9568
# xi=62.1573981305133, logdetD=-0.0167371076379106, t=3.94664
# xi=71.0370264348724, logdetD=-0.00737618604271986, t=3.91538
# xi=79.9166547392314, logdetD=-0.00325508545838353, t=3.88969
# xi=88.7962830435905, logdetD=-0.00143721283819334, t=3.75271
# xi=97.6759113479495, logdetD=-0.000636293334567434, t=3.72478
# xi=106.555539652309, logdetD=-0.000281810739246191, t=3.60295
# xi=115.435167956668, logdetD=-0.000125030628351877, t=3.5674
# xi=124.314796261027, logdetD=-5.55420998539641e-05, t=3.41803
# xi=133.194424565386, logdetD=-2.46933706420831e-05, t=3.29623
# xi=142.074052869745, logdetD=-1.09995804381325e-05, t=3.16458
# xi=150.953681174104, logdetD=-4.90266890711195e-06, t=3.04734
# xi=159.833309478463, logdetD=-2.18821654923473e-06, t=2.92784
# xi=168.712937782822, logdetD=-9.77661759680084e-07, t=2.80525
# xi=177.592566087181, logdetD=-4.37133210008288e-07, t=2.65922
# xi=186.47219439154, logdetD=-1.95725539169947e-07, t=2.54983
# xi=195.351822695899, logdetD=-8.76844433064749e-08, t=2.38815
# xi=204.231451000258, logdetD=-3.93247549248557e-08, t=2.24568
# xi=213.111079304617, logdetD=-1.76502058662393e-08, t=2.10755
# xi=221.990707608976, logdetD=-7.92699464751705e-09, t=2.08839
# xi=230.870335913335, logdetD=-3.56386034222249e-09, t=2.08132
# xi=239.749964217694, logdetD=-1.60300822207042e-09, t=2.06082
#
# 1408 determinants computed
# stop time: Tue May 15 17:19:57 2018
#
# L/R, L, R, T, ldim, F*(L+R)/(ħc)
0.04476190476190477, 4.7e-07, 1.05e-05, 295, 224, -16.21848115699892
# finished at Di 15. Mai 17:19:57 CEST 2018
