# starting on alcc116 at Di 15. Mai 17:38:00 CEST 2018
# compiler: icc
# compile time: Mar 20 2018 10:17:31
# compiled on: Linux alcc83 3.16.0-4-amd64 #1 SMP Debian 3.16.51-3 (2017-12-13) x86_64 GNU/Linux
# LAPACK support: false
# git HEAD: 6d0c9d2b97f5bf34953fe6036ede8a0e34487fd7
# git branch: master
# pid: 837
# start time: Tue May 15 17:38:00 2018
#
# LbyR = 0.0744761904761905
# RbyL = 13.4271099744246
# L = 7.82e-07
# R = 1.05e-05
# T = 295
# cutoff = 1e-10
# epsrel = 1e-09
# iepsrel = 1e-08
# ldim = 135
# cores = 4
# alpha = 0.138627902854104
# filename = /alcc/gpfs1/home/u/hartmmic/libcasimir-dev/data/materials/GoldDalvit.dat
# model = optical data (xi=0: Drude)
# plasma = -2.89792132350565 (logdetD(xi=0) for plasma model with omegap=9eV)
#
# xi=0, logdetD=-1.69409374161081, t=0.124379
# xi=9.13217561802906, logdetD=-0.856832766579603, t=1.58975
# xi=18.2643512360581, logdetD=-0.224931293565337, t=1.39712
# xi=27.3965268540872, logdetD=-0.0594366930109967, t=1.40245
# xi=36.5287024721162, logdetD=-0.0157363582260746, t=1.41926
# xi=45.6608780901453, logdetD=-0.00417002259505017, t=1.39205
# xi=54.7930537081743, logdetD=-0.00110600981216045, t=1.33747
# xi=63.9252293262034, logdetD=-0.000293859866772795, t=1.32447
# xi=73.0574049442325, logdetD=-7.81246822273463e-05, t=1.33903
# xi=82.1895805622615, logdetD=-2.07972171382221e-05, t=1.1663
# xi=91.3217561802906, logdetD=-5.53934033331003e-06, t=1.14244
# xi=100.45393179832, logdetD=-1.47945984025432e-06, t=1.08181
# xi=109.586107416349, logdetD=-3.95298366556032e-07, t=0.985794
# xi=118.718283034378, logdetD=-1.05807675850742e-07, t=0.949375
# xi=127.850458652407, logdetD=-2.83572491307079e-08, t=0.867743
# xi=136.982634270436, logdetD=-7.60618509024923e-09, t=0.864288
# xi=146.114809888465, logdetD=-2.04413041693545e-09, t=0.851895
# xi=155.246985506494, logdetD=-5.49676524900133e-10, t=0.852795
#
# 725 determinants computed
# stop time: Tue May 15 17:38:20 2018
#
# L/R, L, R, T, ldim, F*(L+R)/(ħc)
0.07447619047619047, 7.82e-07, 1.05e-05, 295, 135, -5.841804879405526
# finished at Di 15. Mai 17:38:21 CEST 2018
