# starting on alcc118 at Di 15. Mai 17:00:29 CEST 2018
# compiler: icc
# compile time: Mar 20 2018 10:17:31
# compiled on: Linux alcc83 3.16.0-4-amd64 #1 SMP Debian 3.16.51-3 (2017-12-13) x86_64 GNU/Linux
# LAPACK support: false
# git HEAD: 6d0c9d2b97f5bf34953fe6036ede8a0e34487fd7
# git branch: master
# pid: 18482
# start time: Tue May 15 17:00:29 2018
#
# LbyR = 0.0337142857142857
# RbyL = 29.6610169491525
# L = 3.54e-07
# R = 1.05e-05
# T = 295
# cutoff = 1e-10
# epsrel = 1e-09
# iepsrel = 1e-08
# ldim = 297
# cores = 4
# alpha = 0.0652294085129906
# filename = /alcc/gpfs1/home/u/hartmmic/libcasimir-dev/data/materials/GoldDalvit.dat
# model = optical data (xi=0: Drude)
# plasma = -7.02745679359693 (logdetD(xi=0) for plasma model with omegap=9eV)
#
# xi=0, logdetD=-4.07543901216942, t=0.350385
# xi=8.78573250825096, logdetD=-3.87253818198436, t=6.51688
# xi=17.5714650165019, logdetD=-2.01103678852499, t=6.45312
# xi=26.3571975247529, logdetD=-1.05320485326233, t=6.70701
# xi=35.1429300330039, logdetD=-0.554792184447927, t=6.80336
# xi=43.9286625412548, logdetD=-0.29329516520488, t=6.94488
# xi=52.7143950495058, logdetD=-0.155427680561767, t=6.8102
# xi=61.5001275577567, logdetD=-0.0825750846380212, t=6.88638
# xi=70.2858600660077, logdetD=-0.043912491061331, t=6.98738
# xi=79.0715925742587, logdetD=-0.0233859088676264, t=6.96806
# xi=87.8573250825096, logdetD=-0.0124614561449878, t=6.72112
# xi=96.6430575907606, logdetD=-0.00665830519672307, t=6.75704
# xi=105.428790099012, logdetD=-0.00355892662142332, t=6.69526
# xi=114.214522607263, logdetD=-0.00190556937284074, t=6.57201
# xi=123.000255115513, logdetD=-0.00102157070800424, t=6.53844
# xi=131.785987623764, logdetD=-0.000548094875139834, t=6.29519
# xi=140.571720132015, logdetD=-0.000294626375751481, t=6.12579
# xi=149.357452640266, logdetD=-0.000158467932966098, t=6.23659
# xi=158.143185148517, logdetD=-8.53504463424819e-05, t=5.96002
# xi=166.928917656768, logdetD=-4.6015642595547e-05, t=5.88849
# xi=175.714650165019, logdetD=-2.48272088112026e-05, t=5.62231
# xi=184.50038267327, logdetD=-1.3413896285024e-05, t=5.50971
# xi=193.286115181521, logdetD=-7.25138702865433e-06, t=5.34742
# xi=202.071847689772, logdetD=-3.92422239815967e-06, t=5.20099
# xi=210.857580198023, logdetD=-2.12532619910531e-06, t=5.01796
# xi=219.643312706274, logdetD=-1.1517874787626e-06, t=4.88902
# xi=228.429045214525, logdetD=-6.24845475959041e-07, t=4.60575
# xi=237.214777722776, logdetD=-3.39138521302472e-07, t=4.38786
# xi=246.000510231027, logdetD=-1.84226768234783e-07, t=4.25191
# xi=254.786242739278, logdetD=-1.00136991476038e-07, t=4.10168
# xi=263.571975247529, logdetD=-5.44586556450299e-08, t=3.9099
# xi=272.35770775578, logdetD=-2.96407904838214e-08, t=3.67585
# xi=281.143440264031, logdetD=-1.61392819515064e-08, t=3.66382
# xi=289.929172772282, logdetD=-8.79388259395559e-09, t=3.62751
# xi=298.714905280533, logdetD=-4.79390492708116e-09, t=3.61307
# xi=307.500637788784, logdetD=-2.61452707972864e-09, t=3.613
#
# 2063 determinants computed
# stop time: Tue May 15 17:03:45 2018
#
# L/R, L, R, T, ldim, F*(L+R)/(ħc)
0.03371428571428572, 3.54e-07, 1.05e-05, 295, 297, -28.39843179626864
# finished at Di 15. Mai 17:03:45 CEST 2018
