# starting on alcc116 at Di 15. Mai 17:09:59 CEST 2018
# compiler: icc
# compile time: Mar 20 2018 10:17:31
# compiled on: Linux alcc83 3.16.0-4-amd64 #1 SMP Debian 3.16.51-3 (2017-12-13) x86_64 GNU/Linux
# LAPACK support: false
# git HEAD: 6d0c9d2b97f5bf34953fe6036ede8a0e34487fd7
# git branch: master
# pid: 21568
# start time: Tue May 15 17:09:59 2018
#
# LbyR = 0.039047619047619
# RbyL = 25.609756097561
# L = 4.1e-07
# R = 1.05e-05
# T = 295
# cutoff = 1e-10
# epsrel = 1e-09
# iepsrel = 1e-08
# ldim = 257
# cores = 4
# alpha = 0.075160403299725
# filename = /alcc/gpfs1/home/u/hartmmic/libcasimir-dev/data/materials/GoldDalvit.dat
# model = optical data (xi=0: Drude)
# plasma = -6.00007782827737 (logdetD(xi=0) for plasma model with omegap=9eV)
#
# xi=0, logdetD=-3.47687796190053, t=0.242825
# xi=8.83106151326866, logdetD=-3.04522356190093, t=4.92051
# xi=17.6621230265373, logdetD=-1.44517419358401, t=5.01133
# xi=26.493184539806, logdetD=-0.692103741253754, t=5.13427
# xi=35.3242460530746, logdetD=-0.333308184823687, t=5.19306
# xi=44.1553075663433, logdetD=-0.161033894281389, t=5.14938
# xi=52.986369079612, logdetD=-0.0779659518450765, t=5.19421
# xi=61.8174305928806, logdetD=-0.0378355198014612, t=5.29014
# xi=70.6484921061493, logdetD=-0.0183763407993308, t=5.12088
# xi=79.4795536194179, logdetD=-0.00893750278452193, t=5.14476
# xi=88.3106151326866, logdetD=-0.00434918509652749, t=5.01909
# xi=97.1416766459553, logdetD=-0.00212215164425317, t=4.92752
# xi=105.972738159224, logdetD=-0.00103587150989541, t=4.91284
# xi=114.803799672493, logdetD=-0.000506511750201807, t=4.79362
# xi=123.634861185761, logdetD=-0.000247979433078958, t=4.68315
# xi=132.46592269903, logdetD=-0.000121503833384129, t=4.59012
# xi=141.296984212299, logdetD=-5.96482780885299e-05, t=4.41095
# xi=150.128045725567, logdetD=-2.92997285724864e-05, t=4.3247
# xi=158.959107238836, logdetD=-1.44121176314784e-05, t=4.20106
# xi=167.790168752105, logdetD=-7.09627592857557e-06, t=3.96965
# xi=176.621230265373, logdetD=-3.49670108180082e-06, t=3.9428
# xi=185.452291778642, logdetD=-1.72541560788597e-06, t=3.72747
# xi=194.283353291911, logdetD=-8.51862940715425e-07, t=3.58035
# xi=203.114414805179, logdetD=-4.21030631756216e-07, t=3.45245
# xi=211.945476318448, logdetD=-2.08256357857716e-07, t=3.27014
# xi=220.776537831716, logdetD=-1.03076173864799e-07, t=3.14016
# xi=229.607599344985, logdetD=-5.1070772814524e-08, t=2.93211
# xi=238.438660858254, logdetD=-2.53157518344261e-08, t=2.72148
# xi=247.269722371522, logdetD=-1.25597318158124e-08, t=2.71131
# xi=256.100783884791, logdetD=-6.23498824689603e-09, t=2.72559
# xi=264.93184539806, logdetD=-3.09685470092737e-09, t=2.67692
#
# 1660 determinants computed
# stop time: Tue May 15 17:12:06 2018
#
# L/R, L, R, T, ldim, F*(L+R)/(ħc)
0.03904761904761905, 4.1e-07, 1.05e-05, 295, 257, -21.27065884222072
# finished at Di 15. Mai 17:12:07 CEST 2018
