# starting on alcc118 at Di 15. Mai 16:34:28 CEST 2018
# compiler: icc
# compile time: Mar 20 2018 10:17:31
# compiled on: Linux alcc83 3.16.0-4-amd64 #1 SMP Debian 3.16.51-3 (2017-12-13) x86_64 GNU/Linux
# LAPACK support: false
# git HEAD: 6d0c9d2b97f5bf34953fe6036ede8a0e34487fd7
# git branch: master
# pid: 11531
# start time: Tue May 15 16:34:28 2018
#
# LbyR = 0.0268571428571429
# RbyL = 37.2340425531915
# L = 2.82e-07
# R = 1.05e-05
# T = 295
# cutoff = 1e-10
# epsrel = 1e-09
# iepsrel = 1e-08
# ldim = 373
# cores = 4
# alpha = 0.0523094045631608
# filename = /alcc/gpfs1/home/u/hartmmic/libcasimir-dev/data/materials/GoldDalvit.dat
# model = optical data (xi=0: Drude)
# plasma = -8.93035319800171 (logdetD(xi=0) for plasma model with omegap=9eV)
#
# xi=0, logdetD=-5.19809820319056, t=0.450289
# xi=8.7274523589425, logdetD=-5.47411332802757, t=9.97132
# xi=17.454904717885, logdetD=-3.19533895460143, t=10.2454
# xi=26.1823570768275, logdetD=-1.87816023965977, t=10.4297
# xi=34.90980943577, logdetD=-1.11029749659706, t=10.6128
# xi=43.6372617947125, logdetD=-0.658930572473775, t=10.6252
# xi=52.364714153655, logdetD=-0.392142321926427, t=10.6731
# xi=61.0921665125975, logdetD=-0.234030163728412, t=10.888
# xi=69.81961887154, logdetD=-0.139832086165994, t=10.9194
# xi=78.5470712304825, logdetD=-0.0836809141498703, t=10.7942
# xi=87.274523589425, logdetD=-0.0501104558219806, t=10.9636
# xi=96.0019759483675, logdetD=-0.0300902746594422, t=10.9314
# xi=104.72942830731, logdetD=-0.0180755353342709, t=10.794
# xi=113.456880666253, logdetD=-0.010876905991893, t=10.8587
# xi=122.184333025195, logdetD=-0.00655319522865655, t=10.8172
# xi=130.911785384138, logdetD=-0.00395128836579795, t=10.5395
# xi=139.63923774308, logdetD=-0.00238695905749053, t=10.4333
# xi=148.366690102023, logdetD=-0.00144277536092547, t=10.3028
# xi=157.094142460965, logdetD=-0.000873252832569941, t=10.1123
# xi=165.821594819908, logdetD=-0.000529066676939672, t=9.99782
# xi=174.54904717885, logdetD=-0.000320773287451625, t=10.017
# xi=183.276499537793, logdetD=-0.000194753435859474, t=9.79624
# xi=192.003951896735, logdetD=-0.000118306106107386, t=9.55054
# xi=200.731404255678, logdetD=-7.19434966492687e-05, t=9.49049
# xi=209.45885661462, logdetD=-4.37836663130548e-05, t=9.30956
# xi=218.186308973563, logdetD=-2.6662743994344e-05, t=8.82543
# xi=226.913761332505, logdetD=-1.6253558028343e-05, t=8.77179
# xi=235.641213691448, logdetD=-9.91275975321796e-06, t=8.54677
# xi=244.36866605039, logdetD=-6.05076336319013e-06, t=8.26052
# xi=253.096118409333, logdetD=-3.69564947957055e-06, t=8.11243
# xi=261.823570768275, logdetD=-2.25840195402684e-06, t=7.8162
# xi=270.551023127218, logdetD=-1.38121557243484e-06, t=7.61718
# xi=279.27847548616, logdetD=-8.4507093014881e-07, t=7.44059
# xi=288.005927845103, logdetD=-5.17400478426722e-07, t=7.04174
# xi=296.733380204045, logdetD=-3.16937153463644e-07, t=6.87655
# xi=305.460832562988, logdetD=-1.94229437383642e-07, t=6.57319
# xi=314.18828492193, logdetD=-1.19106632448757e-07, t=6.28678
# xi=322.915737280873, logdetD=-7.30638462988355e-08, t=5.89877
# xi=331.643189639815, logdetD=-4.48457668828409e-08, t=5.77421
# xi=340.370641998758, logdetD=-2.75368444946631e-08, t=5.53547
# xi=349.0980943577, logdetD=-1.69151338809979e-08, t=5.52092
# xi=357.825546716643, logdetD=-1.03959515809292e-08, t=5.52035
# xi=366.552999075585, logdetD=-6.39113728568423e-09, t=5.58438
# xi=375.280451434528, logdetD=-3.93103289925481e-09, t=5.5074
#
# 2798 determinants computed
# stop time: Tue May 15 16:40:49 2018
#
# L/R, L, R, T, ldim, F*(L+R)/(ħc)
0.02685714285714286, 2.82e-07, 1.05e-05, 295, 373, -44.14652986370183
# finished at Di 15. Mai 16:40:50 CEST 2018
