# starting on alcc59 at Wed Apr 30 01:48:11 CEST 2014
# casimir, -T, 0.200000,1.600000,450, -Q, 0.316811905151959, -p, 1e-08, -L, 20
# Compiler icc, using long double and plain matrix elements and plain integration
# precision=1e-08
# lfac=5
# cores=1
# L=0.316812
# T=0.2...1.6 (450)
#
# R/(L+R), T, F, lmax, nmax, time
0.316811905151959, 0.2, -0.00682540896802738, 20, 74, 1.93268
0.316811905151959, 0.203118040089087, -0.00682540484615428, 20, 73, 1.9036
0.316811905151959, 0.206236080178174, -0.00682540053432291, 20, 72, 1.87568
0.316811905151959, 0.209354120267261, -0.0068253960270696, 20, 71, 1.85055
0.316811905151959, 0.212472160356347, -0.00682539131885821, 20, 70, 1.82282
0.316811905151959, 0.215590200445434, -0.00682538640408261, 20, 69, 1.7978
0.316811905151959, 0.218708240534521, -0.0068253812770675, 20, 68, 1.76947
0.316811905151959, 0.221826280623608, -0.00682537593207007, 20, 67, 1.74553
0.316811905151959, 0.224944320712695, -0.00682537036328006, 20, 66, 1.72035
0.316811905151959, 0.228062360801782, -0.00682536456482063, 20, 65, 1.69484
0.316811905151959, 0.231180400890869, -0.0068253585307476, 20, 64, 1.66745
0.316811905151959, 0.234298440979955, -0.00682535225504943, 20, 63, 1.63789
0.316811905151959, 0.237416481069042, -0.00682534573164518, 20, 62, 1.61024
0.316811905151959, 0.240534521158129, -0.00682533897023387, 20, 62, 1.61276
0.316811905151959, 0.243652561247216, -0.00682533193428782, 20, 61, 1.58729
0.316811905151959, 0.246770601336303, -0.00682532463223333, 20, 60, 1.55958
0.316811905151959, 0.24988864142539, -0.00682531705773894, 20, 59, 1.53407
0.316811905151959, 0.253006681514477, -0.00682530922081918, 20, 59, 1.5402
0.316811905151959, 0.256124721603563, -0.00682530108412639, 20, 58, 1.50685
0.316811905151959, 0.25924276169265, -0.00682529265591906, 20, 57, 1.48127
0.316811905151959, 0.262360801781737, -0.00682528394622572, 20, 57, 1.4969
0.316811905151959, 0.265478841870824, -0.0068252749175178, 20, 56, 1.48929
0.316811905151959, 0.268596881959911, -0.0068252655777428, 20, 55, 1.42803
0.316811905151959, 0.271714922048998, -0.00682525593779, 20, 55, 1.42797
0.316811905151959, 0.274832962138085, -0.00682524595837871, 20, 54, 1.40032
0.316811905151959, 0.277951002227172, -0.00682523566456691, 20, 54, 1.40238
0.316811905151959, 0.281069042316258, -0.0068252250190116, 20, 53, 1.37533
0.316811905151959, 0.284187082405345, -0.00682521402894552, 20, 52, 1.34735
0.316811905151959, 0.287305122494432, -0.00682520270645864, 20, 52, 1.35872
0.316811905151959, 0.290423162583519, -0.00682519100985205, 20, 51, 1.32862
0.316811905151959, 0.293541202672606, -0.00682517896690747, 20, 51, 1.3296
0.316811905151959, 0.296659242761693, -0.0068251665364892, 20, 50, 1.29421
0.316811905151959, 0.29977728285078, -0.0068251537459647, 20, 50, 1.29639
0.316811905151959, 0.302895322939866, -0.0068251405541931, 20, 49, 1.26868
0.316811905151959, 0.306013363028953, -0.00682512698870146, 20, 49, 1.26867
0.316811905151959, 0.30913140311804, -0.00682511300777848, 20, 48, 1.24123
0.316811905151959, 0.312249443207127, -0.00682509863969643, 20, 48, 1.24332
0.316811905151959, 0.315367483296214, -0.0068250838415805, 20, 47, 1.21586
0.316811905151959, 0.318485523385301, -0.0068250686430749, 20, 47, 1.21609
0.316811905151959, 0.321603563474388, -0.00682505299975703, 20, 46, 1.19047
0.316811905151959, 0.324721603563474, -0.00682503694281486, 20, 46, 1.19054
0.316811905151959, 0.327839643652561, -0.00682502044439734, 20, 46, 1.19259
0.316811905151959, 0.330957683741648, -0.00682500348171548, 20, 45, 1.16504
0.316811905151959, 0.334075723830735, -0.00682498608244125, 20, 45, 1.16495
0.316811905151959, 0.337193763919822, -0.00682496820302097, 20, 44, 1.13747
0.316811905151959, 0.340311804008909, -0.00682494987450257, 20, 44, 1.13734
0.316811905151959, 0.343429844097996, -0.00682493106903504, 20, 44, 1.19938
0.316811905151959, 0.346547884187082, -0.00682491176315202, 20, 43, 1.11284
0.316811905151959, 0.349665924276169, -0.00682489198552715, 20, 43, 1.11215
0.316811905151959, 0.352783964365256, -0.00682487170955767, 20, 43, 1.15379
0.316811905151959, 0.355902004454343, -0.00682485091230706, 20, 42, 1.15431
0.316811905151959, 0.35902004454343, -0.00682482962107245, 20, 42, 1.10655
0.316811905151959, 0.362138084632517, -0.00682480779140269, 20, 41, 1.05995
0.316811905151959, 0.365256124721604, -0.00682478545623191, 20, 41, 1.07065
0.316811905151959, 0.36837416481069, -0.00682476258664973, 20, 41, 1.05855
0.316811905151959, 0.371492204899777, -0.00682473915687271, 20, 40, 1.03103
0.316811905151959, 0.374610244988864, -0.00682471520011707, 20, 40, 1.03197
0.316811905151959, 0.377728285077951, -0.00682469068734085, 20, 40, 1.03339
0.316811905151959, 0.380846325167038, -0.00682466559210167, 20, 39, 1.00558
0.316811905151959, 0.383964365256125, -0.00682463994893591, 20, 39, 1.00563
0.316811905151959, 0.387082405345212, -0.00682461372813176, 20, 39, 1.01008
0.316811905151959, 0.390200445434298, -0.00682458692264666, 20, 39, 1.0094
0.316811905151959, 0.393318485523385, -0.00682455950777294, 20, 38, 0.979611
0.316811905151959, 0.396436525612472, -0.00682453151424206, 20, 38, 0.989059
0.316811905151959, 0.399554565701559, -0.00682450291446561, 20, 38, 0.992223
0.316811905151959, 0.402672605790646, -0.00682447368214643, 20, 37, 0.981179
0.316811905151959, 0.405790645879733, -0.00682444385144578, 20, 37, 0.952479
0.316811905151959, 0.40890868596882, -0.00682441339301991, 20, 37, 0.952778
0.316811905151959, 0.412026726057906, -0.00682438229988029, 20, 37, 0.958397
0.316811905151959, 0.415144766146993, -0.00682435054638629, 20, 36, 0.924914
0.316811905151959, 0.41826280623608, -0.00682431816536899, 20, 36, 0.927011
0.316811905151959, 0.421380846325167, -0.00682428512833726, 20, 36, 0.927325
0.316811905151959, 0.424498886414254, -0.00682425142836387, 20, 36, 0.927973
0.316811905151959, 0.427616926503341, -0.00682421703986772, 20, 35, 0.899349
0.316811905151959, 0.430734966592428, -0.0068241819957135, 20, 35, 0.902929
0.316811905151959, 0.433853006681514, -0.0068241462675661, 20, 35, 0.899284
0.316811905151959, 0.436971046770601, -0.00682410984858681, 20, 35, 0.899783
0.316811905151959, 0.440089086859688, -0.00682407271265325, 20, 34, 0.87229
0.316811905151959, 0.443207126948775, -0.0068240348940249, 20, 34, 0.873747
0.316811905151959, 0.446325167037862, -0.00682399636382956, 20, 34, 0.873893
0.316811905151959, 0.449443207126949, -0.00682395711534379, 20, 34, 0.881578
0.316811905151959, 0.452561247216036, -0.00682391712123628, 20, 33, 0.849922
0.316811905151959, 0.455679287305123, -0.0068238764186545, 20, 33, 0.84987
0.316811905151959, 0.458797327394209, -0.00682383497742991, 20, 33, 0.846224
0.316811905151959, 0.461915367483296, -0.00682379279097971, 20, 33, 0.866814
0.316811905151959, 0.465033407572383, -0.00682374985274841, 20, 33, 0.897731
0.316811905151959, 0.46815144766147, -0.00682370613617384, 20, 32, 0.821522
0.316811905151959, 0.471269487750557, -0.00682366167726269, 20, 32, 0.820704
0.316811905151959, 0.474387527839644, -0.00682361644680346, 20, 32, 0.82086
0.316811905151959, 0.477505567928731, -0.00682357043841296, 20, 32, 0.820823
0.316811905151959, 0.480623608017817, -0.00682352364614088, 20, 32, 0.823138
0.316811905151959, 0.483741648106904, -0.00682347604260478, 20, 31, 0.796392
0.316811905151959, 0.486859688195991, -0.00682342766487976, 20, 31, 0.795534
0.316811905151959, 0.489977728285078, -0.00682337848379831, 20, 31, 0.840837
0.316811905151959, 0.493095768374165, -0.00682332849321569, 20, 31, 0.832004
0.316811905151959, 0.496213808463252, -0.0068232776870315, 20, 31, 0.83501
0.316811905151959, 0.499331848552339, -0.00682322603779483, 20, 30, 0.797323
0.316811905151959, 0.502449888641425, -0.00682317358473344, 20, 30, 0.775365
0.316811905151959, 0.505567928730512, -0.00682312029778247, 20, 30, 0.798741
0.316811905151959, 0.508685968819599, -0.00682306617107396, 20, 30, 0.800457
0.316811905151959, 0.511804008908686, -0.00682301119879183, 20, 30, 0.812969
0.316811905151959, 0.514922048997773, -0.00682295537517429, 20, 30, 0.787887
0.316811905151959, 0.51804008908686, -0.00682289867358345, 20, 29, 0.786758
0.316811905151959, 0.521158129175947, -0.00682284113254813, 20, 29, 0.782469
0.316811905151959, 0.524276169265034, -0.00682278272298587, 20, 29, 0.805247
0.316811905151959, 0.52739420935412, -0.00682272343940147, 20, 29, 0.819509
0.316811905151959, 0.530512249443207, -0.00682266327636126, 20, 29, 0.777987
0.316811905151959, 0.533630289532294, -0.00682260222849518, 20, 29, 0.743173
0.316811905151959, 0.536748329621381, -0.00682254026898046, 20, 28, 0.717001
0.316811905151959, 0.539866369710468, -0.0068224774379144, 20, 28, 0.723251
0.316811905151959, 0.542984409799555, -0.00682241370606963, 20, 28, 0.718592
0.316811905151959, 0.546102449888642, -0.00682234906837628, 20, 28, 0.720544
0.316811905151959, 0.549220489977728, -0.00682228351983478, 20, 28, 0.728782
0.316811905151959, 0.552338530066815, -0.00682221705551793, 20, 28, 0.74456
0.316811905151959, 0.555456570155902, -0.00682214967057278, 20, 28, 0.761625
0.316811905151959, 0.558574610244989, -0.00682208133937308, 20, 27, 0.708103
0.316811905151959, 0.561692650334076, -0.00682201210106959, 20, 27, 0.7028
0.316811905151959, 0.564810690423163, -0.00682194192782132, 20, 27, 0.713378
0.316811905151959, 0.567928730512249, -0.00682187081511283, 20, 27, 0.702649
0.316811905151959, 0.571046770601336, -0.00682179875850927, 20, 27, 0.69432
0.316811905151959, 0.574164810690423, -0.00682172575365814, 20, 27, 0.733974
0.316811905151959, 0.57728285077951, -0.00682165179629131, 20, 27, 0.695712
0.316811905151959, 0.580400890868597, -0.00682157686082248, 20, 26, 0.663803
0.316811905151959, 0.583518930957684, -0.00682150098809397, 20, 26, 0.663826
0.316811905151959, 0.586636971046771, -0.00682142415035438, 20, 26, 0.667534
0.316811905151959, 0.589755011135857, -0.00682134634370922, 20, 26, 0.667795
0.316811905151959, 0.592873051224944, -0.00682126756435406, 20, 26, 0.667635
0.316811905151959, 0.595991091314031, -0.0068211878085762, 20, 26, 0.667912
0.316811905151959, 0.599109131403118, -0.00682110707275628, 20, 26, 0.667872
0.316811905151959, 0.602227171492205, -0.00682102535336989, 20, 26, 0.664919
0.316811905151959, 0.605345211581292, -0.00682094262593941, 20, 25, 0.648602
0.316811905151959, 0.608463251670379, -0.00682085893125337, 20, 25, 0.641231
0.316811905151959, 0.611581291759466, -0.00682077424281928, 20, 25, 0.636298
0.316811905151959, 0.614699331848552, -0.00682068855752585, 20, 25, 0.645826
0.316811905151959, 0.617817371937639, -0.00682060187236225, 20, 25, 0.65873
0.316811905151959, 0.620935412026726, -0.00682051418441967, 20, 25, 0.646382
0.316811905151959, 0.624053452115813, -0.00682042549089277, 20, 25, 0.639932
0.316811905151959, 0.6271714922049, -0.00682033578908138, 20, 25, 0.645232
0.316811905151959, 0.630289532293987, -0.00682024505427387, 20, 24, 0.610735
0.316811905151959, 0.633407572383074, -0.00682015333025884, 20, 24, 0.611148
0.316811905151959, 0.63652561247216, -0.00682006059031354, 20, 24, 0.62598
0.316811905151959, 0.639643652561247, -0.00681996683218816, 20, 24, 0.672035
0.316811905151959, 0.642761692650334, -0.00681987205374297, 20, 24, 0.654132
0.316811905151959, 0.645879732739421, -0.00681977625294965, 20, 24, 0.610613
0.316811905151959, 0.648997772828508, -0.00681967942789274, 20, 24, 0.629414
0.316811905151959, 0.652115812917595, -0.00681958157677083, 20, 24, 0.619076
0.316811905151959, 0.655233853006682, -0.00681948269789799, 20, 24, 0.610972
0.316811905151959, 0.658351893095768, -0.0068193827670739, 20, 23, 0.600659
0.316811905151959, 0.661469933184855, -0.00681928183011431, 20, 23, 0.583244
0.316811905151959, 0.664587973273942, -0.0068191798608737, 20, 23, 0.5844
0.316811905151959, 0.667706013363029, -0.00681907685815565, 20, 23, 0.583045
0.316811905151959, 0.670824053452116, -0.00681897282088385, 20, 23, 0.583211
0.316811905151959, 0.673942093541203, -0.00681886774810327, 20, 23, 0.58398
0.316811905151959, 0.67706013363029, -0.00681876163898143, 20, 23, 0.583109
0.316811905151959, 0.680178173719376, -0.00681865449280954, 20, 23, 0.583002
0.316811905151959, 0.683296213808463, -0.00681854630900395, 20, 23, 0.585341
0.316811905151959, 0.68641425389755, -0.0068184370871062, 20, 23, 0.585625
0.316811905151959, 0.689532293986637, -0.0068183268039563, 20, 22, 0.557709
0.316811905151959, 0.692650334075724, -0.00681821550694922, 20, 22, 0.557588
0.316811905151959, 0.695768374164811, -0.00681810317107912, 20, 22, 0.557857
0.316811905151959, 0.698886414253898, -0.00681798979641667, 20, 22, 0.557741
0.316811905151959, 0.702004454342984, -0.0068178753831626, 20, 22, 0.562265
0.316811905151959, 0.705122494432071, -0.00681775993164883, 20, 22, 0.558655
0.316811905151959, 0.708240534521158, -0.00681764344233951, 20, 22, 0.558481
0.316811905151959, 0.711358574610245, -0.006817525915832, 20, 22, 0.557559
0.316811905151959, 0.714476614699332, -0.00681740735285795, 20, 22, 0.557734
0.316811905151959, 0.717594654788419, -0.0068172877542842, 20, 22, 0.560244
0.316811905151959, 0.720712694877506, -0.00681716712111378, 20, 22, 0.557553
0.316811905151959, 0.723830734966592, -0.00681704543150259, 20, 21, 0.530185
0.316811905151959, 0.726948775055679, -0.00681692273456434, 20, 21, 0.530015
0.316811905151959, 0.730066815144766, -0.00681679900671346, 20, 21, 0.538957
0.316811905151959, 0.733184855233853, -0.00681667424951891, 20, 21, 0.530262
0.316811905151959, 0.73630289532294, -0.00681654846468929, 20, 21, 0.530649
0.316811905151959, 0.739420935412027, -0.00681642165407368, 20, 21, 0.530194
0.316811905151959, 0.742538975501114, -0.00681629381966257, 20, 21, 0.53
0.316811905151959, 0.7456570155902, -0.00681616496358863, 20, 21, 0.530043
0.316811905151959, 0.748775055679287, -0.00681603508812766, 20, 21, 0.530172
0.316811905151959, 0.751893095768374, -0.00681590419569955, 20, 21, 0.53336
0.316811905151959, 0.755011135857461, -0.00681577228886797, 20, 21, 0.532341
0.316811905151959, 0.758129175946548, -0.00681563937034288, 20, 21, 0.532479
0.316811905151959, 0.761247216035635, -0.00681550544298005, 20, 21, 0.532168
0.316811905151959, 0.764365256124722, -0.00681537048821427, 20, 20, 0.504681
0.316811905151959, 0.767483296213809, -0.00681523455400395, 20, 20, 0.504631
0.316811905151959, 0.770601336302895, -0.00681509762027779, 20, 20, 0.504608
0.316811905151959, 0.773719376391982, -0.00681495969049304, 20, 20, 0.504548
0.316811905151959, 0.776837416481069, -0.00681482076825569, 20, 20, 0.504455
0.316811905151959, 0.779955456570156, -0.00681468085732117, 20, 20, 0.504519
0.316811905151959, 0.783073496659243, -0.00681453996159496, 20, 20, 0.504542
0.316811905151959, 0.78619153674833, -0.00681439808513331, 20, 20, 0.505174
0.316811905151959, 0.789309576837417, -0.00681425523214372, 20, 20, 0.504528
0.316811905151959, 0.792427616926503, -0.00681411140698566, 20, 20, 0.504973
0.316811905151959, 0.79554565701559, -0.00681396661417105, 20, 20, 0.504837
0.316811905151959, 0.798663697104677, -0.00681382085836483, 20, 20, 0.504876
0.316811905151959, 0.801781737193764, -0.00681367414438551, 20, 20, 0.504458
0.316811905151959, 0.804899777282851, -0.00681352645467216, 20, 19, 0.477014
0.316811905151959, 0.808017817371938, -0.00681337784108225, 20, 19, 0.477075
0.316811905151959, 0.811135857461025, -0.00681322828457863, 20, 19, 0.477041
0.316811905151959, 0.814253897550111, -0.0068130777906079, 20, 19, 0.476959
0.316811905151959, 0.817371937639198, -0.00681292636477192, 20, 19, 0.476961
0.316811905151959, 0.820489977728285, -0.00681277401282823, 20, 19, 0.4769
0.316811905151959, 0.823608017817372, -0.00681262074069054, 20, 19, 0.476892
0.316811905151959, 0.826726057906459, -0.00681246655442913, 20, 19, 0.476953
0.316811905151959, 0.829844097995546, -0.00681231146027125, 20, 19, 0.476965
0.316811905151959, 0.832962138084633, -0.00681215546460184, 20, 19, 0.482704
0.316811905151959, 0.836080178173719, -0.00681199857396252, 20, 19, 0.48313
0.316811905151959, 0.839198218262806, -0.00681184079505402, 20, 19, 0.479757
0.316811905151959, 0.842316258351893, -0.00681168213473503, 20, 19, 0.480151
0.316811905151959, 0.84543429844098, -0.00681152260002295, 20, 19, 0.479158
0.316811905151959, 0.848552338530067, -0.00681136219809414, 20, 19, 0.479836
0.316811905151959, 0.851670378619154, -0.00681120091361017, 20, 18, 0.451427
0.316811905151959, 0.854788418708241, -0.00681103880100304, 20, 18, 0.452206
0.316811905151959, 0.857906458797328, -0.00681087584355341, 20, 18, 0.451466
0.316811905151959, 0.861024498886414, -0.00681071204908366, 20, 18, 0.451576
0.316811905151959, 0.864142538975501, -0.00681054742557567, 20, 18, 0.451576
0.316811905151959, 0.867260579064588, -0.00681038198117111, 20, 18, 0.451852
0.316811905151959, 0.870378619153675, -0.00681021572417162, 20, 18, 0.451521
0.316811905151959, 0.873496659242762, -0.00681004866303895, 20, 18, 0.451475
0.316811905151959, 0.876614699331849, -0.00680988080639513, 20, 18, 0.451467
0.316811905151959, 0.879732739420936, -0.00680971216302262, 20, 18, 0.451644
0.316811905151959, 0.882850779510022, -0.00680954274186443, 20, 18, 0.451427
0.316811905151959, 0.885968819599109, -0.00680937255202417, 20, 18, 0.451614
0.316811905151959, 0.889086859688196, -0.00680920160276617, 20, 18, 0.4516
0.316811905151959, 0.892204899777283, -0.00680902990351554, 20, 18, 0.451681
0.316811905151959, 0.89532293986637, -0.00680885746385818, 20, 18, 0.451467
0.316811905151959, 0.898440979955457, -0.00680868429354085, 20, 18, 0.451656
0.316811905151959, 0.901559020044544, -0.00680851040247114, 20, 18, 0.451447
0.316811905151959, 0.90467706013363, -0.00680833577819827, 20, 17, 0.423863
0.316811905151959, 0.907795100222717, -0.00680816047748367, 20, 17, 0.423838
0.316811905151959, 0.910913140311804, -0.00680798448660558, 20, 17, 0.423889
0.316811905151959, 0.914031180400891, -0.00680780781612125, 20, 17, 0.423875
0.316811905151959, 0.917149220489978, -0.00680763047674812, 20, 17, 0.423882
0.316811905151959, 0.920267260579065, -0.00680745247936378, 20, 17, 0.424246
0.316811905151959, 0.923385300668152, -0.00680727383500585, 20, 17, 0.42384
0.316811905151959, 0.926503340757238, -0.00680709455487194, 20, 17, 0.423951
0.316811905151959, 0.929621380846325, -0.00680691465031947, 20, 17, 0.423844
0.316811905151959, 0.932739420935412, -0.00680673413286559, 20, 17, 0.423824
0.316811905151959, 0.935857461024499, -0.00680655301418698, 20, 17, 0.423871
0.316811905151959, 0.938975501113586, -0.00680637130612007, 20, 17, 0.425942
0.316811905151959, 0.942093541202673, -0.0068061890206594, 20, 17, 0.426673
0.316811905151959, 0.945211581291759, -0.00680600616995957, 20, 17, 0.425905
0.316811905151959, 0.948329621380847, -0.00680582276633363, 20, 17, 0.425953
0.316811905151959, 0.951447661469933, -0.00680563882225313, 20, 17, 0.426047
0.316811905151959, 0.95456570155902, -0.00680545435034794, 20, 17, 0.426007
0.316811905151959, 0.957683741648107, -0.0068052693634059, 20, 17, 0.425993
0.316811905151959, 0.960801781737194, -0.00680508387516619, 20, 17, 0.428963
0.316811905151959, 0.963919821826281, -0.00680489789714686, 20, 17, 0.428601
0.316811905151959, 0.967037861915368, -0.00680471142219015, 20, 16, 0.400742
0.316811905151959, 0.970155902004454, -0.00680452450745894, 20, 16, 0.401157
0.316811905151959, 0.973273942093541, -0.00680433714390729, 20, 16, 0.401211
0.316811905151959, 0.976391982182628, -0.00680414934526986, 20, 16, 0.400678
0.316811905151959, 0.979510022271715, -0.00680396112543669, 20, 16, 0.400902
0.316811905151959, 0.982628062360802, -0.00680377249845292, 20, 16, 0.400634
0.316811905151959, 0.985746102449889, -0.00680358347851827, 20, 16, 0.400718
0.316811905151959, 0.988864142538975, -0.00680339407998676, 20, 16, 0.400926
0.316811905151959, 0.991982182628063, -0.00680320431736621, 20, 16, 0.401022
0.316811905151959, 0.995100222717149, -0.00680301420531787, 20, 16, 0.400704
0.316811905151959, 0.998218262806236, -0.00680282375865594, 20, 16, 0.400719
0.316811905151959, 1.00133630289532, -0.00680263299234713, 20, 16, 0.400641
0.316811905151959, 1.00445434298441, -0.00680244192151018, 20, 16, 0.400695
0.316811905151959, 1.0075723830735, -0.00680225056141536, 20, 16, 0.401157
0.316811905151959, 1.01069042316258, -0.00680205892748399, 20, 16, 0.402229
0.316811905151959, 1.01380846325167, -0.0068018670352879, 20, 16, 0.400987
0.316811905151959, 1.01692650334076, -0.00680167490054893, 20, 16, 0.400643
0.316811905151959, 1.02004454342984, -0.00680148253913836, 20, 16, 0.400658
0.316811905151959, 1.02316258351893, -0.00680128996707637, 20, 16, 0.400692
0.316811905151959, 1.02628062360802, -0.00680109720053144, 20, 16, 0.40433
0.316811905151959, 1.0293986636971, -0.00680090425581981, 20, 16, 0.404767
0.316811905151959, 1.03251670378619, -0.00680071114940488, 20, 16, 0.401081
0.316811905151959, 1.03563474387528, -0.00680051787701674, 20, 15, 0.381262
0.316811905151959, 1.03875278396437, -0.00680032449839845, 20, 15, 0.373233
0.316811905151959, 1.04187082405345, -0.00680013100827171, 20, 15, 0.37806
0.316811905151959, 1.04498886414254, -0.00679993742368646, 20, 15, 0.37828
0.316811905151959, 1.04810690423163, -0.00679974376183635, 20, 15, 0.373547
0.316811905151959, 1.05122494432071, -0.00679955004005812, 20, 15, 0.373463
0.316811905151959, 1.0543429844098, -0.00679935627583092, 20, 15, 0.37954
0.316811905151959, 1.05746102449889, -0.00679916248677558, 20, 15, 0.383161
0.316811905151959, 1.06057906458797, -0.00679896869065399, 20, 15, 0.373073
0.316811905151959, 1.06369710467706, -0.00679877490536834, 20, 15, 0.373077
0.316811905151959, 1.06681514476615, -0.00679858114896043, 20, 15, 0.373049
0.316811905151959, 1.06993318485523, -0.0067983874396109, 20, 15, 0.376783
0.316811905151959, 1.07305122494432, -0.00679819379563894, 20, 15, 0.378794
0.316811905151959, 1.07616926503341, -0.00679800023549989, 20, 15, 0.382435
0.316811905151959, 1.07928730512249, -0.00679780677778691, 20, 15, 0.375095
0.316811905151959, 1.08240534521158, -0.0067976134412286, 20, 15, 0.375095
0.316811905151959, 1.08552338530067, -0.00679742024468857, 20, 15, 0.375088
0.316811905151959, 1.08864142538976, -0.00679722720716471, 20, 15, 0.378947
0.316811905151959, 1.09175946547884, -0.00679703434778833, 20, 15, 0.375018
0.316811905151959, 1.09487750556793, -0.00679684168582334, 20, 15, 0.388048
0.316811905151959, 1.09799554565702, -0.00679664924066545, 20, 15, 0.39816
0.316811905151959, 1.1011135857461, -0.00679645703184133, 20, 15, 0.380179
0.316811905151959, 1.10423162583519, -0.00679626507900774, 20, 15, 0.378915
0.316811905151959, 1.10734966592428, -0.00679607340195068, 20, 15, 0.382307
0.316811905151959, 1.11046770601336, -0.00679588202058449, 20, 15, 0.375978
0.316811905151959, 1.11358574610245, -0.00679569093413681, 20, 14, 0.359903
0.316811905151959, 1.11670378619154, -0.00679550020554929, 20, 14, 0.347485
0.316811905151959, 1.11982182628062, -0.00679530983309434, 20, 14, 0.395932
0.316811905151959, 1.12293986636971, -0.00679511983719437, 20, 14, 0.39046
0.316811905151959, 1.1260579064588, -0.00679493023839547, 20, 14, 0.356166
0.316811905151959, 1.12917594654788, -0.00679474105736651, 20, 14, 0.353628
0.316811905151959, 1.13229398663697, -0.00679455231489824, 20, 14, 0.348938
0.316811905151959, 1.13541202672606, -0.00679436403190232, 20, 14, 0.351186
0.316811905151959, 1.13853006681514, -0.00679417622941038, 20, 14, 0.347984
0.316811905151959, 1.14164810690423, -0.00679398892857315, 20, 14, 0.348031
0.316811905151959, 1.14476614699332, -0.00679380215065938, 20, 14, 0.347508
0.316811905151959, 1.14788418708241, -0.00679361591705495, 20, 14, 0.347514
0.316811905151959, 1.15100222717149, -0.0067934302492619, 20, 14, 0.34755
0.316811905151959, 1.15412026726058, -0.0067932451688974, 20, 14, 0.35726
0.316811905151959, 1.15723830734967, -0.00679306069769282, 20, 14, 0.351785
0.316811905151959, 1.16035634743875, -0.00679287685749267, 20, 14, 0.351353
0.316811905151959, 1.16347438752784, -0.00679269367025365, 20, 14, 0.37057
0.316811905151959, 1.16659242761693, -0.00679251115804359, 20, 14, 0.347659
0.316811905151959, 1.16971046770601, -0.00679232934304048, 20, 14, 0.367248
0.316811905151959, 1.1728285077951, -0.00679214824753138, 20, 14, 0.373694
0.316811905151959, 1.17594654788419, -0.00679196789391145, 20, 14, 0.371801
0.316811905151959, 1.17906458797327, -0.00679178830468292, 20, 14, 0.362654
0.316811905151959, 1.18218262806236, -0.00679160950245394, 20, 14, 0.414164
0.316811905151959, 1.18530066815145, -0.00679143150993763, 20, 14, 0.349491
0.316811905151959, 1.18841870824053, -0.00679125434995098, 20, 14, 0.367543
0.316811905151959, 1.19153674832962, -0.0067910780454138, 20, 14, 0.367689
0.316811905151959, 1.19465478841871, -0.00679090261934763, 20, 14, 0.351368
0.316811905151959, 1.1977728285078, -0.00679072809487468, 20, 14, 0.368404
0.316811905151959, 1.20089086859688, -0.00679055449521673, 20, 14, 0.351226
0.316811905151959, 1.20400890868597, -0.00679038184369407, 20, 14, 0.347633
0.316811905151959, 1.20712694877506, -0.00679021014409611, 20, 13, 0.340461
0.316811905151959, 1.21024498886414, -0.00679003946019814, 20, 13, 0.330936
0.316811905151959, 1.21336302895323, -0.00678986979492502, 20, 13, 0.341242
0.316811905151959, 1.21648106904232, -0.00678970117198262, 20, 13, 0.320163
0.316811905151959, 1.2195991091314, -0.0067895336151697, 20, 13, 0.32038
0.316811905151959, 1.22271714922049, -0.00678936714837671, 20, 13, 0.32474
0.316811905151959, 1.22583518930958, -0.00678920179558473, 20, 13, 0.339273
0.316811905151959, 1.22895322939866, -0.00678903758086437, 20, 13, 0.32974
0.316811905151959, 1.23207126948775, -0.00678887452837456, 20, 13, 0.342276
0.316811905151959, 1.23518930957684, -0.00678871266236153, 20, 13, 0.360568
0.316811905151959, 1.23830734966592, -0.0067885520071576, 20, 13, 0.357474
0.316811905151959, 1.24142538975501, -0.00678839258718006, 20, 13, 0.323746
0.316811905151959, 1.2445434298441, -0.00678823442693003, 20, 13, 0.341339
0.316811905151959, 1.24766146993318, -0.00678807755099134, 20, 13, 0.320116
0.316811905151959, 1.25077951002227, -0.00678792198402984, 20, 13, 0.331159
0.316811905151959, 1.25389755011136, -0.0067877677507903, 20, 13, 0.339624
0.316811905151959, 1.25701559020045, -0.00678761487609819, 20, 13, 0.322111
0.316811905151959, 1.26013363028953, -0.00678746338485658, 20, 13, 0.327243
0.316811905151959, 1.26325167037862, -0.00678731330204544, 20, 13, 0.32208
0.316811905151959, 1.26636971046771, -0.00678716465272052, 20, 13, 0.353172
0.316811905151959, 1.26948775055679, -0.00678701746201211, 20, 13, 0.347142
0.316811905151959, 1.27260579064588, -0.00678687175512395, 20, 13, 0.364635
0.316811905151959, 1.27572383073497, -0.00678672755733201, 20, 13, 0.323182
0.316811905151959, 1.27884187082405, -0.00678658489398333, 20, 13, 0.334417
0.316811905151959, 1.28195991091314, -0.00678644379049484, 20, 13, 0.336092
0.316811905151959, 1.28507795100223, -0.00678630427235219, 20, 13, 0.327349
0.316811905151959, 1.28819599109131, -0.00678616636510856, 20, 13, 0.322055
0.316811905151959, 1.2913140311804, -0.00678603009438349, 20, 13, 0.328009
0.316811905151959, 1.29443207126949, -0.00678589548586167, 20, 13, 0.346909
0.316811905151959, 1.29755011135857, -0.00678576256529181, 20, 13, 0.332728
0.316811905151959, 1.30066815144766, -0.00678563135848535, 20, 13, 0.341835
0.316811905151959, 1.30378619153675, -0.0067855018913154, 20, 13, 0.328197
0.316811905151959, 1.30690423162584, -0.00678537418971546, 20, 13, 0.346102
0.316811905151959, 1.31002227171492, -0.00678524827967828, 20, 13, 0.340536
0.316811905151959, 1.31314031180401, -0.0067851241872546, 20, 13, 0.352997
0.316811905151959, 1.3162583518931, -0.00678500191993295, 20, 12, 0.299
0.316811905151959, 1.31937639198218, -0.00678488154199669, 20, 12, 0.320972
0.316811905151959, 1.32249443207127, -0.00678476306012091, 20, 12, 0.300538
0.316811905151959, 1.32561247216036, -0.00678464650057854, 20, 12, 0.302311
0.316811905151959, 1.32873051224944, -0.00678453188969455, 20, 12, 0.29478
0.316811905151959, 1.33184855233853, -0.00678441925384463, 20, 12, 0.295229
0.316811905151959, 1.33496659242762, -0.00678430861945411, 20, 12, 0.300086
0.316811905151959, 1.3380846325167, -0.00678420001299673, 20, 12, 0.294557
0.316811905151959, 1.34120267260579, -0.00678409346099343, 20, 12, 0.311113
0.316811905151959, 1.34432071269488, -0.00678398899001118, 20, 12, 0.299008
0.316811905151959, 1.34743875278396, -0.00678388662666181, 20, 12, 0.298713
0.316811905151959, 1.35055679287305, -0.00678378639760076, 20, 12, 0.317893
0.316811905151959, 1.35367483296214, -0.00678368832952597, 20, 12, 0.294518
0.316811905151959, 1.35679287305122, -0.00678359244917662, 20, 12, 0.3017
0.316811905151959, 1.35991091314031, -0.00678349878333196, 20, 12, 0.316571
0.316811905151959, 1.3630289532294, -0.00678340735881017, 20, 12, 0.295058
0.316811905151959, 1.36614699331849, -0.00678331820246712, 20, 12, 0.325332
0.316811905151959, 1.36926503340757, -0.00678323134119518, 20, 12, 0.307417
0.316811905151959, 1.37238307349666, -0.00678314680192208, 20, 12, 0.307225
0.316811905151959, 1.37550111358575, -0.0067830646116097, 20, 12, 0.294555
0.316811905151959, 1.37861915367483, -0.00678298479725287, 20, 12, 0.327799
0.316811905151959, 1.38173719376392, -0.00678290738587823, 20, 12, 0.311223
0.316811905151959, 1.38485523385301, -0.00678283240454303, 20, 12, 0.326799
0.316811905151959, 1.38797327394209, -0.00678275988033393, 20, 12, 0.325732
0.316811905151959, 1.39109131403118, -0.00678268984036586, 20, 12, 0.294546
0.316811905151959, 1.39420935412027, -0.00678262231178084, 20, 12, 0.318947
0.316811905151959, 1.39732739420935, -0.00678255732174678, 20, 12, 0.310364
0.316811905151959, 1.40044543429844, -0.00678249489745633, 20, 12, 0.30209
0.316811905151959, 1.40356347438753, -0.00678243506612573, 20, 12, 0.294942
0.316811905151959, 1.40668151447661, -0.0067823778549936, 20, 12, 0.294517
0.316811905151959, 1.4097995545657, -0.0067823232913198, 20, 12, 0.298095
0.316811905151959, 1.41291759465479, -0.00678227140238429, 20, 12, 0.294509
0.316811905151959, 1.41603563474388, -0.00678222221548594, 20, 12, 0.298597
0.316811905151959, 1.41915367483296, -0.00678217575794135, 20, 12, 0.294466
0.316811905151959, 1.42227171492205, -0.00678213205708378, 20, 12, 0.31242
0.316811905151959, 1.42538975501114, -0.00678209114026191, 20, 12, 0.295316
0.316811905151959, 1.42850779510022, -0.00678205303483872, 20, 12, 0.294527
0.316811905151959, 1.43162583518931, -0.0067820177681904, 20, 12, 0.294471
0.316811905151959, 1.4347438752784, -0.00678198536770512, 20, 12, 0.298118
0.316811905151959, 1.43786191536748, -0.00678195586078194, 20, 12, 0.294469
0.316811905151959, 1.44097995545657, -0.00678192927482965, 20, 12, 0.300812
0.316811905151959, 1.44409799554566, -0.00678190563726567, 20, 12, 0.294491
0.316811905151959, 1.44721603563474, -0.00678188495822694, 20, 11, 0.267018
0.316811905151959, 1.45033407572383, -0.00678186730047304, 20, 11, 0.267228
0.316811905151959, 1.45345211581292, -0.0067818526733674, 20, 11, 0.267031
0.316811905151959, 1.456570155902, -0.00678184110435201, 20, 11, 0.266888
0.316811905151959, 1.45968819599109, -0.0067818326208718, 20, 11, 0.266935
0.316811905151959, 1.46280623608018, -0.00678182725037352, 20, 11, 0.266885
0.316811905151959, 1.46592427616927, -0.00678182502030465, 20, 11, 0.270941
0.316811905151959, 1.46904231625835, -0.00678182595811226, 20, 11, 0.279136
0.316811905151959, 1.47216035634744, -0.00678183009124193, 20, 11, 0.266849
0.316811905151959, 1.47527839643653, -0.0067818374471367, 20, 11, 0.278997
0.316811905151959, 1.47839643652561, -0.00678184805323589, 20, 11, 0.266922
0.316811905151959, 1.4815144766147, -0.0067818619369741, 20, 11, 0.26689
0.316811905151959, 1.48463251670379, -0.00678187912578004, 20, 11, 0.266893
0.316811905151959, 1.48775055679287, -0.00678189964707556, 20, 11, 0.267241
0.316811905151959, 1.49086859688196, -0.00678192352827446, 20, 11, 0.266864
0.316811905151959, 1.49398663697105, -0.00678195079678149, 20, 11, 0.266824
0.316811905151959, 1.49710467706013, -0.00678198147999129, 20, 11, 0.266991
0.316811905151959, 1.50022271714922, -0.00678201560528786, 20, 11, 0.268894
0.316811905151959, 1.50334075723831, -0.00678205320004118, 20, 11, 0.268915
0.316811905151959, 1.50645879732739, -0.00678209429160973, 20, 11, 0.269172
0.316811905151959, 1.50957683741648, -0.006782138907337, 20, 11, 0.268947
0.316811905151959, 1.51269487750557, -0.00678218707455112, 20, 11, 0.273089
0.316811905151959, 1.51581291759465, -0.00678223882056374, 20, 11, 0.269474
0.316811905151959, 1.51893095768374, -0.00678229417266908, 20, 11, 0.273149
0.316811905151959, 1.52204899777283, -0.00678235315814284, 20, 11, 0.268949
0.316811905151959, 1.52516703786192, -0.00678241580424118, 20, 11, 0.269168
0.316811905151959, 1.528285077951, -0.00678248213819973, 20, 11, 0.272652
0.316811905151959, 1.53140311804009, -0.00678255218723256, 20, 11, 0.288947
0.316811905151959, 1.53452115812918, -0.00678262597853115, 20, 11, 0.270083
0.316811905151959, 1.53763919821826, -0.00678270353926342, 20, 11, 0.276394
0.316811905151959, 1.54075723830735, -0.00678278489657272, 20, 11, 0.276004
0.316811905151959, 1.54387527839644, -0.00678287007757679, 20, 11, 0.272046
0.316811905151959, 1.54699331848552, -0.00678295910936686, 20, 11, 0.270239
0.316811905151959, 1.55011135857461, -0.00678305201900658, 20, 11, 0.268955
0.316811905151959, 1.5532293986637, -0.00678314883353108, 20, 11, 0.268896
0.316811905151959, 1.55634743875278, -0.006783249579946, 20, 11, 0.268919
0.316811905151959, 1.55946547884187, -0.00678335428522651, 20, 11, 0.268933
0.316811905151959, 1.56258351893096, -0.00678346297631635, 20, 11, 0.269463
0.316811905151959, 1.56570155902004, -0.00678357568012687, 20, 11, 0.276362
0.316811905151959, 1.56881959910913, -0.00678369242353609, 20, 11, 0.268986
0.316811905151959, 1.57193763919822, -0.00678381323338775, 20, 11, 0.280953
0.316811905151959, 1.57505567928731, -0.00678393813649032, 20, 11, 0.268924
0.316811905151959, 1.57817371937639, -0.00678406715961617, 20, 11, 0.28311
0.316811905151959, 1.58129175946548, -0.00678420032950054, 20, 11, 0.272315
0.316811905151959, 1.58440979955457, -0.00678433767284065, 20, 11, 0.272539
0.316811905151959, 1.58752783964365, -0.00678447921629482, 20, 11, 0.269387
0.316811905151959, 1.59064587973274, -0.0067846249864815, 20, 11, 0.269882
0.316811905151959, 1.59376391982183, -0.00678477500997838, 20, 11, 0.268926
0.316811905151959, 1.59688195991091, -0.00678492931332151, 20, 11, 0.269012
0.316811905151959, 1.6, -0.0067850879230044, 20, 11, 0.268741
# finished at Wed Apr 30 01:52:37 CEST 2014
