# starting on alcc60 at Wed Apr 30 01:52:41 CEST 2014
# casimir, -T, 0.200000,1.600000,450, -Q, 0.31975123940274, -p, 1e-08, -L, 20
# Compiler icc, using long double and plain matrix elements and plain integration
# precision=1e-08
# lfac=5
# cores=1
# L=0.319751
# T=0.2...1.6 (450)
#
# R/(L+R), T, F, lmax, nmax, time
0.31975123940274, 0.2, -0.00704379485248386, 20, 74, 1.96458
0.31975123940274, 0.203118040089087, -0.00704379061600376, 20, 73, 1.9205
0.31975123940274, 0.206236080178174, -0.00704378618424752, 20, 72, 1.89209
0.31975123940274, 0.209354120267261, -0.0070437815516016, 20, 71, 1.85703
0.31975123940274, 0.212472160356347, -0.00704377671237797, 20, 70, 1.83039
0.31975123940274, 0.215590200445434, -0.00704377166081512, 20, 69, 1.80352
0.31975123940274, 0.218708240534521, -0.0070437663910806, 20, 68, 1.77657
0.31975123940274, 0.221826280623608, -0.00704376089727107, 20, 67, 1.74975
0.31975123940274, 0.224944320712695, -0.00704375517341389, 20, 66, 1.72242
0.31975123940274, 0.228062360801782, -0.00704374921346694, 20, 65, 1.70063
0.31975123940274, 0.231180400890869, -0.00704374301131801, 20, 64, 1.66885
0.31975123940274, 0.234298440979955, -0.00704373656078487, 20, 63, 1.64756
0.31975123940274, 0.237416481069042, -0.00704372987164372, 20, 63, 1.64364
0.31975123940274, 0.240534521158129, -0.0070437229067862, 20, 62, 1.61725
0.31975123940274, 0.243652561247216, -0.00704371567481198, 20, 61, 1.58972
0.31975123940274, 0.246770601336303, -0.00704370816928181, 20, 60, 1.56194
0.31975123940274, 0.24988864142539, -0.00704370040027011, 20, 60, 1.56652
0.31975123940274, 0.253006681514477, -0.00704369232982624, 20, 59, 1.5393
0.31975123940274, 0.256124721603563, -0.00704368396639828, 20, 58, 1.51387
0.31975123940274, 0.25924276169265, -0.00704367531948936, 20, 58, 1.51403
0.31975123940274, 0.262360801781737, -0.00704366635208273, 20, 57, 1.48872
0.31975123940274, 0.265478841870824, -0.00704365707177389, 20, 56, 1.46361
0.31975123940274, 0.268596881959911, -0.00704364748854954, 20, 56, 1.47159
0.31975123940274, 0.271714922048998, -0.00704363756432536, 20, 55, 1.50779
0.31975123940274, 0.274832962138085, -0.00704362730679848, 20, 54, 1.50921
0.31975123940274, 0.277951002227172, -0.00704361672734133, 20, 54, 1.49425
0.31975123940274, 0.281069042316258, -0.00704360578514567, 20, 53, 1.46084
0.31975123940274, 0.284187082405345, -0.007043594506496, 20, 53, 1.48415
0.31975123940274, 0.287305122494432, -0.00704358285206455, 20, 52, 1.38744
0.31975123940274, 0.290423162583519, -0.00704357084679426, 20, 52, 1.51992
0.31975123940274, 0.293541202672606, -0.00704355845225895, 20, 51, 1.42652
0.31975123940274, 0.296659242761693, -0.00704354567543541, 20, 50, 1.40566
0.31975123940274, 0.29977728285078, -0.00704353252983205, 20, 50, 1.29935
0.31975123940274, 0.302895322939866, -0.0070435189704613, 20, 49, 1.27324
0.31975123940274, 0.306013363028953, -0.00704350502833492, 20, 49, 1.31841
0.31975123940274, 0.30913140311804, -0.00704349065783725, 20, 48, 1.2708
0.31975123940274, 0.312249443207127, -0.0070434758908091, 20, 48, 1.25523
0.31975123940274, 0.315367483296214, -0.0070434606988908, 20, 48, 1.24786
0.31975123940274, 0.318485523385301, -0.00704344505982916, 20, 47, 1.22027
0.31975123940274, 0.321603563474388, -0.0070434289999889, 20, 47, 1.22603
0.31975123940274, 0.324721603563474, -0.00704341247753974, 20, 46, 1.19331
0.31975123940274, 0.327839643652561, -0.00704339552088211, 20, 46, 1.19656
0.31975123940274, 0.330957683741648, -0.0070433780856926, 20, 45, 1.16727
0.31975123940274, 0.334075723830735, -0.00704336020317317, 20, 45, 1.16706
0.31975123940274, 0.337193763919822, -0.00704334184511861, 20, 45, 1.1672
0.31975123940274, 0.340311804008909, -0.00704332298813209, 20, 44, 1.14161
0.31975123940274, 0.343429844097996, -0.00704330366028797, 20, 44, 1.14201
0.31975123940274, 0.346547884187082, -0.00704328381672408, 20, 43, 1.11408
0.31975123940274, 0.349665924276169, -0.00704326348975952, 20, 43, 1.11413
0.31975123940274, 0.352783964365256, -0.00704324265051864, 20, 43, 1.11416
0.31975123940274, 0.355902004454343, -0.00704322127416598, 20, 42, 1.08717
0.31975123940274, 0.35902004454343, -0.00704319939150907, 20, 42, 1.08652
0.31975123940274, 0.362138084632517, -0.0070431769744735, 20, 42, 1.08848
0.31975123940274, 0.365256124721604, -0.00704315399838173, 20, 41, 1.0609
0.31975123940274, 0.36837416481069, -0.0070431304935165, 20, 41, 1.06085
0.31975123940274, 0.371492204899777, -0.00704310643209139, 20, 41, 1.06104
0.31975123940274, 0.374610244988864, -0.00704308178954482, 20, 40, 1.0361
0.31975123940274, 0.377728285077951, -0.00704305659584435, 20, 40, 1.03586
0.31975123940274, 0.380846325167038, -0.00704303082336886, 20, 40, 1.03781
0.31975123940274, 0.383964365256125, -0.00704300444649662, 20, 39, 1.01023
0.31975123940274, 0.387082405345212, -0.00704297749734143, 20, 39, 1.01031
0.31975123940274, 0.390200445434298, -0.00704294994720303, 20, 39, 1.01045
0.31975123940274, 0.393318485523385, -0.00704292176928445, 20, 38, 0.982646
0.31975123940274, 0.396436525612472, -0.00704289299819638, 20, 38, 0.982662
0.31975123940274, 0.399554565701559, -0.00704286360396449, 20, 38, 0.982653
0.31975123940274, 0.402672605790646, -0.00704283357937226, 20, 38, 0.98475
0.31975123940274, 0.405790645879733, -0.00704280289879981, 20, 37, 0.957321
0.31975123940274, 0.40890868596882, -0.00704277159434656, 20, 37, 0.962692
0.31975123940274, 0.412026726057906, -0.00704273963750217, 20, 37, 0.957207
0.31975123940274, 0.415144766146993, -0.00704270700042917, 20, 36, 0.929589
0.31975123940274, 0.41826280623608, -0.00704267372005614, 20, 36, 0.929538
0.31975123940274, 0.421380846325167, -0.00704263976540007, 20, 36, 0.929704
0.31975123940274, 0.424498886414254, -0.00704260512935071, 20, 36, 0.933191
0.31975123940274, 0.427616926503341, -0.00704256978412694, 20, 35, 0.903996
0.31975123940274, 0.430734966592428, -0.00704253376669393, 20, 35, 0.90392
0.31975123940274, 0.433853006681514, -0.00704249704623034, 20, 35, 0.904098
0.31975123940274, 0.436971046770601, -0.00704245961571618, 20, 35, 0.903966
0.31975123940274, 0.440089086859688, -0.00704242144676328, 20, 34, 0.876815
0.31975123940274, 0.443207126948775, -0.00704238257787197, 20, 34, 0.885376
0.31975123940274, 0.446325167037862, -0.00704234297761759, 20, 34, 0.886493
0.31975123940274, 0.449443207126949, -0.00704230263909802, 20, 34, 0.876416
0.31975123940274, 0.452561247216036, -0.00704226155543202, 20, 34, 0.878449
0.31975123940274, 0.455679287305123, -0.00704221969974303, 20, 33, 0.867493
0.31975123940274, 0.458797327394209, -0.00704217710772111, 20, 33, 0.852887
0.31975123940274, 0.461915367483296, -0.00704213374975626, 20, 33, 0.868269
0.31975123940274, 0.465033407572383, -0.0070420896191182, 20, 33, 0.865153
0.31975123940274, 0.46815144766147, -0.00704204470910704, 20, 33, 0.858282
0.31975123940274, 0.471269487750557, -0.00704199899352907, 20, 32, 0.844228
0.31975123940274, 0.474387527839644, -0.00704195250716236, 20, 32, 0.829731
0.31975123940274, 0.477505567928731, -0.0070419052212507, 20, 32, 0.8275
0.31975123940274, 0.480623608017817, -0.00704185712927729, 20, 32, 0.842287
0.31975123940274, 0.483741648106904, -0.00704180822476498, 20, 32, 0.835106
0.31975123940274, 0.486859688195991, -0.00704175848143033, 20, 31, 0.799582
0.31975123940274, 0.489977728285078, -0.00704170793490021, 20, 31, 0.799231
0.31975123940274, 0.493095768374165, -0.0070416565563894, 20, 31, 0.799344
0.31975123940274, 0.496213808463252, -0.00704160433963455, 20, 31, 0.799174
0.31975123940274, 0.499331848552339, -0.00704155127841993, 20, 31, 0.799104
0.31975123940274, 0.502449888641425, -0.00704149734555896, 20, 30, 0.770356
0.31975123940274, 0.505567928730512, -0.00704144257936556, 20, 30, 0.783971
0.31975123940274, 0.508685968819599, -0.00704138695010524, 20, 30, 0.784908
0.31975123940274, 0.511804008908686, -0.00704133045180678, 20, 30, 0.775149
0.31975123940274, 0.514922048997773, -0.00704127307855438, 20, 30, 0.781654
0.31975123940274, 0.51804008908686, -0.00704121482449033, 20, 30, 0.786258
0.31975123940274, 0.521158129175947, -0.00704115566316403, 20, 29, 0.76053
0.31975123940274, 0.524276169265034, -0.00704109563241385, 20, 29, 0.76253
0.31975123940274, 0.52739420935412, -0.00704103470339728, 20, 29, 0.759042
0.31975123940274, 0.530512249443207, -0.00704097287053592, 20, 29, 0.744957
0.31975123940274, 0.533630289532294, -0.00704091012831642, 20, 29, 0.764114
0.31975123940274, 0.536748329621381, -0.00704084647129262, 20, 29, 0.752723
0.31975123940274, 0.539866369710468, -0.00704078187277155, 20, 28, 0.724621
0.31975123940274, 0.542984409799555, -0.00704071637234638, 20, 28, 0.721642
0.31975123940274, 0.546102449888642, -0.00704064994096143, 20, 28, 0.718664
0.31975123940274, 0.549220489977728, -0.00704058257348455, 20, 28, 0.71855
0.31975123940274, 0.552338530066815, -0.00704051426485762, 20, 28, 0.718432
0.31975123940274, 0.555456570155902, -0.00704044501009892, 20, 28, 0.719115
0.31975123940274, 0.558574610244989, -0.00704037478118694, 20, 27, 0.691699
0.31975123940274, 0.561692650334076, -0.00704030362190608, 20, 27, 0.701932
0.31975123940274, 0.564810690423163, -0.00704023150177904, 20, 27, 0.704505
0.31975123940274, 0.567928730512249, -0.00704015841617148, 20, 27, 0.701467
0.31975123940274, 0.571046770601336, -0.00704008436053161, 20, 27, 0.70078
0.31975123940274, 0.574164810690423, -0.00704000933039208, 20, 27, 0.700581
0.31975123940274, 0.57728285077951, -0.00703993332137183, 20, 27, 0.710157
0.31975123940274, 0.580400890868597, -0.00703985632917781, 20, 27, 0.707153
0.31975123940274, 0.583518930957684, -0.00703977832822693, 20, 26, 0.676268
0.31975123940274, 0.586636971046771, -0.00703969935928682, 20, 26, 0.670208
0.31975123940274, 0.589755011135857, -0.0070396193946294, 20, 26, 0.664776
0.31975123940274, 0.592873051224944, -0.00703953843035113, 20, 26, 0.679565
0.31975123940274, 0.595991091314031, -0.00703945646264256, 20, 26, 0.679716
0.31975123940274, 0.599109131403118, -0.00703937348779008, 20, 26, 0.664698
0.31975123940274, 0.602227171492205, -0.00703928950217785, 20, 26, 0.667453
0.31975123940274, 0.605345211581292, -0.00703920447894212, 20, 25, 0.639696
0.31975123940274, 0.608463251670379, -0.00703911846358841, 20, 25, 0.639492
0.31975123940274, 0.611581291759466, -0.00703903142701424, 20, 25, 0.639411
0.31975123940274, 0.614699331848552, -0.007038943366029, 20, 25, 0.640327
0.31975123940274, 0.617817371937639, -0.0070388542775452, 20, 25, 0.638785
0.31975123940274, 0.620935412026726, -0.0070387641585801, 20, 25, 0.638453
0.31975123940274, 0.624053452115813, -0.00703867300625719, 20, 25, 0.651122
0.31975123940274, 0.6271714922049, -0.00703858081780778, 20, 25, 0.64275
0.31975123940274, 0.630289532293987, -0.00703848759057238, 20, 25, 0.643155
0.31975123940274, 0.633407572383074, -0.00703839329972679, 20, 24, 0.614865
0.31975123940274, 0.63652561247216, -0.00703829798943197, 20, 24, 0.652709
0.31975123940274, 0.639643652561247, -0.00703820163285457, 20, 24, 0.618415
0.31975123940274, 0.642761692650334, -0.00703810422780311, 20, 24, 0.668582
0.31975123940274, 0.645879732739421, -0.00703800577220051, 20, 24, 0.615596
0.31975123940274, 0.648997772828508, -0.00703790626408561, 20, 24, 0.613605
0.31975123940274, 0.652115812917595, -0.00703780570161453, 20, 24, 0.628286
0.31975123940274, 0.655233853006682, -0.00703770408306196, 20, 24, 0.610998
0.31975123940274, 0.658351893095768, -0.0070376014068229, 20, 24, 0.617564
0.31975123940274, 0.661469933184855, -0.00703749764852579, 20, 23, 0.585443
0.31975123940274, 0.664587973273942, -0.00703739285460202, 20, 23, 0.628281
0.31975123940274, 0.667706013363029, -0.00703728699872956, 20, 23, 0.589881
0.31975123940274, 0.670824053452116, -0.00703718007981076, 20, 23, 0.585713
0.31975123940274, 0.673942093541203, -0.00703707209687258, 20, 23, 0.586638
0.31975123940274, 0.67706013363029, -0.00703696304906794, 20, 23, 0.590492
0.31975123940274, 0.680178173719376, -0.00703685293567687, 20, 23, 0.59323
0.31975123940274, 0.683296213808463, -0.00703674175610777, 20, 23, 0.60926
0.31975123940274, 0.68641425389755, -0.00703662950989857, 20, 23, 0.620274
0.31975123940274, 0.689532293986637, -0.00703651619671782, 20, 23, 0.624959
0.31975123940274, 0.692650334075724, -0.00703640179318228, 20, 22, 0.620783
0.31975123940274, 0.695768374164811, -0.00703628634755331, 20, 22, 0.568228
0.31975123940274, 0.698886414253898, -0.00703616983458813, 20, 22, 0.590779
0.31975123940274, 0.702004454342984, -0.00703605225450276, 20, 22, 0.629954
0.31975123940274, 0.705122494432071, -0.00703593360764805, 20, 22, 0.59586
0.31975123940274, 0.708240534521158, -0.00703581389451078, 20, 22, 0.64117
0.31975123940274, 0.711358574610245, -0.00703569311571469, 20, 22, 0.607923
0.31975123940274, 0.714476614699332, -0.00703557127202159, 20, 22, 0.55771
0.31975123940274, 0.717594654788419, -0.00703544836433227, 20, 22, 0.57692
0.31975123940274, 0.720712694877506, -0.00703532439368758, 20, 22, 0.562003
0.31975123940274, 0.723830734966592, -0.00703519936126977, 20, 22, 0.564257
0.31975123940274, 0.726948775055679, -0.00703507324496298, 20, 21, 0.537029
0.31975123940274, 0.730066815144766, -0.00703494609500798, 20, 21, 0.532015
0.31975123940274, 0.733184855233853, -0.00703481788752703, 20, 21, 0.532136
0.31975123940274, 0.73630289532294, -0.00703468862428732, 20, 21, 0.532063
0.31975123940274, 0.739420935412027, -0.0070345583072005, 20, 21, 0.532926
0.31975123940274, 0.742538975501114, -0.00703442693832358, 20, 21, 0.53212
0.31975123940274, 0.7456570155902, -0.00703429451985983, 20, 21, 0.53211
0.31975123940274, 0.748775055679287, -0.00703416105490117, 20, 21, 0.53451
0.31975123940274, 0.751893095768374, -0.00703402654446552, 20, 21, 0.534559
0.31975123940274, 0.755011135857461, -0.00703389099193873, 20, 21, 0.53467
0.31975123940274, 0.758129175946548, -0.00703375440011738, 20, 21, 0.539259
0.31975123940274, 0.761247216035635, -0.00703361677194832, 20, 21, 0.542428
0.31975123940274, 0.764365256124722, -0.00703347808658746, 20, 20, 0.506974
0.31975123940274, 0.767483296213809, -0.00703333839701701, 20, 20, 0.507
0.31975123940274, 0.770601336302895, -0.00703319768070615, 20, 20, 0.530714
0.31975123940274, 0.773719376391982, -0.00703305594122101, 20, 20, 0.53489
0.31975123940274, 0.776837416481069, -0.00703291318228069, 20, 20, 0.509277
0.31975123940274, 0.779955456570156, -0.00703276940775795, 20, 20, 0.507459
0.31975123940274, 0.783073496659243, -0.00703262462167987, 20, 20, 0.50689
0.31975123940274, 0.78619153674833, -0.00703247882822851, 20, 20, 0.506925
0.31975123940274, 0.789309576837417, -0.00703233203174156, 20, 20, 0.506971
0.31975123940274, 0.792427616926503, -0.00703218423671294, 20, 20, 0.507494
0.31975123940274, 0.79554565701559, -0.00703203544779337, 20, 20, 0.507208
0.31975123940274, 0.798663697104677, -0.00703188566979099, 20, 20, 0.506955
0.31975123940274, 0.801781737193764, -0.00703173490767231, 20, 20, 0.509426
0.31975123940274, 0.804899777282851, -0.00703158316656086, 20, 20, 0.509094
0.31975123940274, 0.808017817371938, -0.00703143042856438, 20, 19, 0.484344
0.31975123940274, 0.811135857461025, -0.00703127674718201, 20, 19, 0.481377
0.31975123940274, 0.814253897550111, -0.00703112210301165, 20, 19, 0.481925
0.31975123940274, 0.817371937639198, -0.00703096650182561, 20, 19, 0.481485
0.31975123940274, 0.820489977728285, -0.00703080994955632, 20, 19, 0.505663
0.31975123940274, 0.823608017817372, -0.00703065245229677, 20, 19, 0.487301
0.31975123940274, 0.826726057906459, -0.00703049401630098, 20, 19, 0.481072
0.31975123940274, 0.829844097995546, -0.0070303346479844, 20, 19, 0.492854
0.31975123940274, 0.832962138084633, -0.00703017435392428, 20, 19, 0.481455
0.31975123940274, 0.836080178173719, -0.00703001314086006, 20, 19, 0.481507
0.31975123940274, 0.839198218262806, -0.00702985101569376, 20, 19, 0.481543
0.31975123940274, 0.842316258351893, -0.00702968798549021, 20, 19, 0.513965
0.31975123940274, 0.84543429844098, -0.00702952405747746, 20, 19, 0.483519
0.31975123940274, 0.848552338530067, -0.00702935923904704, 20, 19, 0.485765
0.31975123940274, 0.851670378619154, -0.00702919353775419, 20, 19, 0.485834
0.31975123940274, 0.854788418708241, -0.00702902693789883, 20, 18, 0.454033
0.31975123940274, 0.857906458797328, -0.00702885949583767, 20, 18, 0.497536
0.31975123940274, 0.861024498886414, -0.00702869119445106, 20, 18, 0.499951
0.31975123940274, 0.864142538975501, -0.00702852204195946, 20, 18, 0.470817
0.31975123940274, 0.867260579064588, -0.00702835204674767, 20, 18, 0.45769
0.31975123940274, 0.870378619153675, -0.0070281812173649, 20, 18, 0.454313
0.31975123940274, 0.873496659242762, -0.00702800956252509, 20, 18, 0.466945
0.31975123940274, 0.876614699331849, -0.00702783709110695, 20, 18, 0.458727
0.31975123940274, 0.879732739420936, -0.00702766381215416, 20, 18, 0.459845
0.31975123940274, 0.882850779510022, -0.00702748973487548, 20, 18, 0.461347
0.31975123940274, 0.885968819599109, -0.00702731486864484, 20, 18, 0.492884
0.31975123940274, 0.889086859688196, -0.00702713922300141, 20, 18, 0.514708
0.31975123940274, 0.892204899777283, -0.00702696280764972, 20, 18, 0.485534
0.31975123940274, 0.89532293986637, -0.00702678563245963, 20, 18, 0.4693
0.31975123940274, 0.898440979955457, -0.00702660770746638, 20, 18, 0.492735
0.31975123940274, 0.901559020044544, -0.00702642904287119, 20, 18, 0.455878
0.31975123940274, 0.90467706013363, -0.00702624964903897, 20, 18, 0.455807
0.31975123940274, 0.907795100222717, -0.00702606951314209, 20, 17, 0.428927
0.31975123940274, 0.910913140311804, -0.00702588869413951, 20, 17, 0.429152
0.31975123940274, 0.914031180400891, -0.00702570717788888, 20, 17, 0.428701
0.31975123940274, 0.917149220489978, -0.00702552497542399, 20, 17, 0.428756
0.31975123940274, 0.920267260579065, -0.00702534209794327, 20, 17, 0.428195
0.31975123940274, 0.923385300668152, -0.00702515855680972, 20, 17, 0.428188
0.31975123940274, 0.926503340757238, -0.00702497436355076, 20, 17, 0.428316
0.31975123940274, 0.929621380846325, -0.00702478952985815, 20, 17, 0.428196
0.31975123940274, 0.932739420935412, -0.00702460406758782, 20, 17, 0.431962
0.31975123940274, 0.935857461024499, -0.00702441798875973, 20, 17, 0.429143
0.31975123940274, 0.938975501113586, -0.00702423130555771, 20, 17, 0.428791
0.31975123940274, 0.942093541202673, -0.00702404403032922, 20, 17, 0.444174
0.31975123940274, 0.945211581291759, -0.00702385617558519, 20, 17, 0.432468
0.31975123940274, 0.948329621380847, -0.00702366775399975, 20, 17, 0.439839
0.31975123940274, 0.951447661469933, -0.00702347877841003, 20, 17, 0.450228
0.31975123940274, 0.95456570155902, -0.00702328926181586, 20, 17, 0.429237
0.31975123940274, 0.957683741648107, -0.00702309921737951, 20, 17, 0.432103
0.31975123940274, 0.960801781737194, -0.0070229086584254, 20, 17, 0.428445
0.31975123940274, 0.963919821826281, -0.00702271759843981, 20, 17, 0.435876
0.31975123940274, 0.967037861915368, -0.00702252605107049, 20, 17, 0.43256
0.31975123940274, 0.970155902004454, -0.0070223340080255, 20, 16, 0.400838
0.31975123940274, 0.973273942093541, -0.00702214152885363, 20, 16, 0.42372
0.31975123940274, 0.976391982182628, -0.0070219486041214, 20, 16, 0.436145
0.31975123940274, 0.979510022271715, -0.00702175524812434, 20, 16, 0.417159
0.31975123940274, 0.982628062360802, -0.00702156147531738, 20, 16, 0.400666
0.31975123940274, 0.985746102449889, -0.00702136730031435, 20, 16, 0.401102
0.31975123940274, 0.988864142538975, -0.00702117273788759, 20, 16, 0.400732
0.31975123940274, 0.991982182628063, -0.00702097780296757, 20, 16, 0.401556
0.31975123940274, 0.995100222717149, -0.00702078251064238, 20, 16, 0.40084
0.31975123940274, 0.998218262806236, -0.00702058687615731, 20, 16, 0.400697
0.31975123940274, 1.00133630289532, -0.00702039091491436, 20, 16, 0.400651
0.31975123940274, 1.00445434298441, -0.00702019464247175, 20, 16, 0.420657
0.31975123940274, 1.0075723830735, -0.00701999807454344, 20, 16, 0.401065
0.31975123940274, 1.01069042316258, -0.00701980122699858, 20, 16, 0.401142
0.31975123940274, 1.01380846325167, -0.00701960411586098, 20, 16, 0.401126
0.31975123940274, 1.01692650334076, -0.00701940675730858, 20, 16, 0.426056
0.31975123940274, 1.02004454342984, -0.0070192091676729, 20, 16, 0.404841
0.31975123940274, 1.02316258351893, -0.00701901136343839, 20, 16, 0.404292
0.31975123940274, 1.02628062360802, -0.00701881336124195, 20, 16, 0.400596
0.31975123940274, 1.0293986636971, -0.00701861517787225, 20, 16, 0.40985
0.31975123940274, 1.03251670378619, -0.00701841683026973, 20, 16, 0.403045
0.31975123940274, 1.03563474387528, -0.00701821833552356, 20, 16, 0.406448
0.31975123940274, 1.03875278396437, -0.00701801968902193, 20, 15, 0.375185
0.31975123940274, 1.04187082405345, -0.00701782095313927, 20, 15, 0.375142
0.31975123940274, 1.04498886414254, -0.00701762212220679, 20, 15, 0.375502
0.31975123940274, 1.04810690423163, -0.00701742321391488, 20, 15, 0.379429
0.31975123940274, 1.05122494432071, -0.00701722424610083, 20, 15, 0.375514
0.31975123940274, 1.0543429844098, -0.00701702523674822, 20, 15, 0.375108
0.31975123940274, 1.05746102449889, -0.00701682620398618, 20, 15, 0.394813
0.31975123940274, 1.06057906458797, -0.00701662716608867, 20, 15, 0.387655
0.31975123940274, 1.06369710467706, -0.00701642814147376, 20, 15, 0.375532
0.31975123940274, 1.06681514476615, -0.00701622914870291, 20, 15, 0.375607
0.31975123940274, 1.06993318485523, -0.00701603020648016, 20, 15, 0.375557
0.31975123940274, 1.07305122494432, -0.00701583133365141, 20, 15, 0.382197
0.31975123940274, 1.07616926503341, -0.00701563254920363, 20, 15, 0.377207
0.31975123940274, 1.07928730512249, -0.00701543387226408, 20, 15, 0.413634
0.31975123940274, 1.08240534521158, -0.00701523532209947, 20, 15, 0.403175
0.31975123940274, 1.08552338530067, -0.0070150369181152, 20, 15, 0.375589
0.31975123940274, 1.08864142538976, -0.0070148386798545, 20, 15, 0.375794
0.31975123940274, 1.09175946547884, -0.0070146406269976, 20, 15, 0.376257
0.31975123940274, 1.09487750556793, -0.00701444277936091, 20, 15, 0.375302
0.31975123940274, 1.09799554565702, -0.00701424515689611, 20, 15, 0.375269
0.31975123940274, 1.1011135857461, -0.00701404777968937, 20, 15, 0.391675
0.31975123940274, 1.10423162583519, -0.00701385066796037, 20, 15, 0.377279
0.31975123940274, 1.10734966592428, -0.0070136538420615, 20, 15, 0.375632
0.31975123940274, 1.11046770601336, -0.0070134573224769, 20, 15, 0.375242
0.31975123940274, 1.11358574610245, -0.00701326112982161, 20, 15, 0.37526
0.31975123940274, 1.11670378619154, -0.00701306528484059, 20, 15, 0.375935
0.31975123940274, 1.11982182628062, -0.0070128697877274, 20, 14, 0.348061
0.31975123940274, 1.12293986636971, -0.00701267470197783, 20, 14, 0.347775
0.31975123940274, 1.1260579064588, -0.00701248002684602, 20, 14, 0.347732
0.31975123940274, 1.12917594654788, -0.00701228578359079, 20, 14, 0.347763
0.31975123940274, 1.13229398663697, -0.00701209199359601, 20, 14, 0.347783
0.31975123940274, 1.13541202672606, -0.00701189867836963, 20, 14, 0.34773
0.31975123940274, 1.13853006681514, -0.00701170585954272, 20, 14, 0.347716
0.31975123940274, 1.14164810690423, -0.00701151355886851, 20, 14, 0.34773
0.31975123940274, 1.14476614699332, -0.00701132179822136, 20, 14, 0.34787
0.31975123940274, 1.14788418708241, -0.00701113059959581, 20, 14, 0.347624
0.31975123940274, 1.15100222717149, -0.00701093998510554, 20, 14, 0.347602
0.31975123940274, 1.15412026726058, -0.00701074997698236, 20, 14, 0.347625
0.31975123940274, 1.15723830734967, -0.00701056059757522, 20, 14, 0.347659
0.31975123940274, 1.16035634743875, -0.00701037186934916, 20, 14, 0.347665
0.31975123940274, 1.16347438752784, -0.00701018381488424, 20, 14, 0.348012
0.31975123940274, 1.16659242761693, -0.0070099964568746, 20, 14, 0.348147
0.31975123940274, 1.16971046770601, -0.00700980981812728, 20, 14, 0.347781
0.31975123940274, 1.1728285077951, -0.00700962392156125, 20, 14, 0.347708
0.31975123940274, 1.17594654788419, -0.00700943879020632, 20, 14, 0.347733
0.31975123940274, 1.17906458797327, -0.00700925444720205, 20, 14, 0.347693
0.31975123940274, 1.18218262806236, -0.0070090709157967, 20, 14, 0.347633
0.31975123940274, 1.18530066815145, -0.00700888821934613, 20, 14, 0.347695
0.31975123940274, 1.18841870824053, -0.0070087063813127, 20, 14, 0.347688
0.31975123940274, 1.19153674832962, -0.00700852542526421, 20, 14, 0.347654
0.31975123940274, 1.19465478841871, -0.00700834537487275, 20, 14, 0.347702
0.31975123940274, 1.1977728285078, -0.00700816625391361, 20, 14, 0.347693
0.31975123940274, 1.20089086859688, -0.00700798808626418, 20, 14, 0.347743
0.31975123940274, 1.20400890868597, -0.00700781089590353, 20, 14, 0.349772
0.31975123940274, 1.20712694877506, -0.00700763470690836, 20, 14, 0.349777
0.31975123940274, 1.21024498886414, -0.00700745952272919, 20, 13, 0.322168
0.31975123940274, 1.21336302895323, -0.00700728541015129, 20, 13, 0.324186
0.31975123940274, 1.21648106904232, -0.00700711237170815, 20, 13, 0.323517
0.31975123940274, 1.2195991091314, -0.00700694043186869, 20, 13, 0.32225
0.31975123940274, 1.22271714922049, -0.00700676961519578, 20, 13, 0.32258
0.31975123940274, 1.22583518930958, -0.00700659994634516, 20, 13, 0.322263
0.31975123940274, 1.22895322939866, -0.00700643145006426, 20, 13, 0.322237
0.31975123940274, 1.23207126948775, -0.00700626415119103, 20, 13, 0.322522
0.31975123940274, 1.23518930957684, -0.0070060980746528, 20, 13, 0.322256
0.31975123940274, 1.23830734966592, -0.00700593324546513, 20, 13, 0.3222
0.31975123940274, 1.24142538975501, -0.00700576968873056, 20, 13, 0.322546
0.31975123940274, 1.2445434298441, -0.00700560742963754, 20, 13, 0.322262
0.31975123940274, 1.24766146993318, -0.00700544649345918, 20, 13, 0.322392
0.31975123940274, 1.25077951002227, -0.00700528690555208, 20, 13, 0.32283
0.31975123940274, 1.25389755011136, -0.00700512869135516, 20, 13, 0.322094
0.31975123940274, 1.25701559020045, -0.00700497187638848, 20, 13, 0.322048
0.31975123940274, 1.26013363028953, -0.00700481648625201, 20, 13, 0.322115
0.31975123940274, 1.26325167037862, -0.00700466254662447, 20, 13, 0.323341
0.31975123940274, 1.26636971046771, -0.00700451008326212, 20, 13, 0.323517
0.31975123940274, 1.26948775055679, -0.00700435912199753, 20, 13, 0.322495
0.31975123940274, 1.27260579064588, -0.00700420968873845, 20, 13, 0.322202
0.31975123940274, 1.27572383073497, -0.00700406180946653, 20, 13, 0.322108
0.31975123940274, 1.27884187082405, -0.00700391551023614, 20, 13, 0.322137
0.31975123940274, 1.28195991091314, -0.00700377081717315, 20, 13, 0.32213
0.31975123940274, 1.28507795100223, -0.00700362775647379, 20, 13, 0.322135
0.31975123940274, 1.28819599109131, -0.00700348635440328, 20, 13, 0.322103
0.31975123940274, 1.2913140311804, -0.00700334663729476, 20, 13, 0.322082
0.31975123940274, 1.29443207126949, -0.007003208631548, 20, 13, 0.322145
0.31975123940274, 1.29755011135857, -0.00700307236362823, 20, 13, 0.327631
0.31975123940274, 1.30066815144766, -0.00700293786006486, 20, 13, 0.322001
0.31975123940274, 1.30378619153675, -0.00700280514745028, 20, 13, 0.322203
0.31975123940274, 1.30690423162584, -0.00700267425243866, 20, 13, 0.323045
0.31975123940274, 1.31002227171492, -0.00700254520174471, 20, 13, 0.322151
0.31975123940274, 1.31314031180401, -0.00700241802214243, 20, 13, 0.322234
0.31975123940274, 1.3162583518931, -0.00700229274046393, 20, 13, 0.322944
0.31975123940274, 1.31937639198218, -0.00700216938359818, 20, 13, 0.324692
0.31975123940274, 1.32249443207127, -0.00700204795966917, 20, 12, 0.294762
0.31975123940274, 1.32561247216036, -0.00700192853420485, 20, 12, 0.294618
0.31975123940274, 1.32873051224944, -0.00700181111450728, 20, 12, 0.294872
0.31975123940274, 1.33184855233853, -0.00700169572768255, 20, 12, 0.294622
0.31975123940274, 1.33496659242762, -0.00700158240088738, 20, 12, 0.294591
0.31975123940274, 1.3380846325167, -0.00700147116132788, 20, 12, 0.294917
0.31975123940274, 1.34120267260579, -0.00700136203625836, 20, 12, 0.294631
0.31975123940274, 1.34432071269488, -0.0070012550529801, 20, 12, 0.294599
0.31975123940274, 1.34743875278396, -0.00700115023884009, 20, 12, 0.294582
0.31975123940274, 1.35055679287305, -0.00700104762122984, 20, 12, 0.294888
0.31975123940274, 1.35367483296214, -0.00700094722758415, 20, 12, 0.294627
0.31975123940274, 1.35679287305122, -0.0070008490853799, 20, 12, 0.29464
0.31975123940274, 1.35991091314031, -0.0070007532221348, 20, 12, 0.294956
0.31975123940274, 1.3630289532294, -0.0070006596654062, 20, 12, 0.294665
0.31975123940274, 1.36614699331849, -0.00700056844278984, 20, 12, 0.294644
0.31975123940274, 1.36926503340757, -0.00700047958191868, 20, 12, 0.294597
0.31975123940274, 1.37238307349666, -0.00700039311046161, 20, 12, 0.294538
0.31975123940274, 1.37550111358575, -0.0070003090561223, 20, 12, 0.295046
0.31975123940274, 1.37861915367483, -0.00700022744663796, 20, 12, 0.294724
0.31975123940274, 1.38173719376392, -0.00700014830977812, 20, 12, 0.294564
0.31975123940274, 1.38485523385301, -0.00700007167334343, 20, 12, 0.29453
0.31975123940274, 1.38797327394209, -0.00699999756516444, 20, 12, 0.294534
0.31975123940274, 1.39109131403118, -0.0069999260131004, 20, 12, 0.294553
0.31975123940274, 1.39420935412027, -0.00699985704503806, 20, 12, 0.294549
0.31975123940274, 1.39732739420935, -0.00699979068889044, 20, 12, 0.294551
0.31975123940274, 1.40044543429844, -0.00699972697259566, 20, 12, 0.294567
0.31975123940274, 1.40356347438753, -0.00699966592411571, 20, 12, 0.29453
0.31975123940274, 1.40668151447661, -0.00699960757143528, 20, 12, 0.294553
0.31975123940274, 1.4097995545657, -0.00699955194256055, 20, 12, 0.294549
0.31975123940274, 1.41291759465479, -0.006999499065518, 20, 12, 0.294583
0.31975123940274, 1.41603563474388, -0.00699944896835321, 20, 12, 0.29453
0.31975123940274, 1.41915367483296, -0.00699940167912968, 20, 12, 0.294503
0.31975123940274, 1.42227171492205, -0.00699935722592765, 20, 12, 0.294508
0.31975123940274, 1.42538975501114, -0.00699931563684293, 20, 12, 0.294529
0.31975123940274, 1.42850779510022, -0.00699927693998568, 20, 12, 0.294566
0.31975123940274, 1.43162583518931, -0.00699924116347926, 20, 12, 0.294508
0.31975123940274, 1.4347438752784, -0.00699920833545908, 20, 12, 0.294786
0.31975123940274, 1.43786191536748, -0.00699917848407137, 20, 12, 0.294772
0.31975123940274, 1.44097995545657, -0.0069991516374721, 20, 12, 0.294575
0.31975123940274, 1.44409799554566, -0.00699912782382658, 20, 12, 0.296627
0.31975123940274, 1.44721603563474, -0.00699910707130489, 20, 12, 0.296581
0.31975123940274, 1.45033407572383, -0.00699908940808595, 20, 12, 0.296589
0.31975123940274, 1.45345211581292, -0.00699907484472453, 20, 11, 0.268984
0.31975123940274, 1.456570155902, -0.00699906344542835, 20, 11, 0.269048
0.31975123940274, 1.45968819599109, -0.00699905521996177, 20, 11, 0.269013
0.31975123940274, 1.46280623608018, -0.00699905019651758, 20, 11, 0.268992
0.31975123940274, 1.46592427616927, -0.00699904840328901, 20, 11, 0.268991
0.31975123940274, 1.46904231625835, -0.00699904986846859, 20, 11, 0.26894
0.31975123940274, 1.47216035634744, -0.00699905462024699, 20, 11, 0.268939
0.31975123940274, 1.47527839643653, -0.00699906268681193, 20, 11, 0.268967
0.31975123940274, 1.47839643652561, -0.00699907409634707, 20, 11, 0.26897
0.31975123940274, 1.4815144766147, -0.00699908887703085, 20, 11, 0.268951
0.31975123940274, 1.48463251670379, -0.00699910705703539, 20, 11, 0.268934
0.31975123940274, 1.48775055679287, -0.00699912866452545, 20, 11, 0.26893
0.31975123940274, 1.49086859688196, -0.00699915372765722, 20, 11, 0.268955
0.31975123940274, 1.49398663697105, -0.0069991822745773, 20, 11, 0.269249
0.31975123940274, 1.49710467706013, -0.00699921433342161, 20, 11, 0.269052
0.31975123940274, 1.50022271714922, -0.00699924993231422, 20, 11, 0.269572
0.31975123940274, 1.50334075723831, -0.00699928909936635, 20, 11, 0.268999
0.31975123940274, 1.50645879732739, -0.00699933186267528, 20, 11, 0.268997
0.31975123940274, 1.50957683741648, -0.00699937825032322, 20, 11, 0.269015
0.31975123940274, 1.51269487750557, -0.0069994282903763, 20, 11, 0.269014
0.31975123940274, 1.51581291759465, -0.00699948201088346, 20, 11, 0.268997
0.31975123940274, 1.51893095768374, -0.00699953943987542, 20, 11, 0.268982
0.31975123940274, 1.52204899777283, -0.00699960060536363, 20, 11, 0.269027
0.31975123940274, 1.52516703786192, -0.00699966553533917, 20, 11, 0.269013
0.31975123940274, 1.528285077951, -0.00699973425777177, 20, 11, 0.268976
0.31975123940274, 1.53140311804009, -0.00699980680060872, 20, 11, 0.268955
0.31975123940274, 1.53452115812918, -0.00699988319177385, 20, 11, 0.268965
0.31975123940274, 1.53763919821826, -0.00699996345916653, 20, 11, 0.268963
0.31975123940274, 1.54075723830735, -0.00700004763066057, 20, 11, 0.268974
0.31975123940274, 1.54387527839644, -0.0070001357341033, 20, 11, 0.268987
0.31975123940274, 1.54699331848552, -0.00700022779731448, 20, 11, 0.269006
0.31975123940274, 1.55011135857461, -0.00700032384808531, 20, 11, 0.269229
0.31975123940274, 1.5532293986637, -0.00700042391417744, 20, 11, 0.269543
0.31975123940274, 1.55634743875278, -0.00700052802332199, 20, 11, 0.274793
0.31975123940274, 1.55946547884187, -0.00700063620321849, 20, 11, 0.270034
0.31975123940274, 1.56258351893096, -0.00700074848153396, 20, 11, 0.269591
0.31975123940274, 1.56570155902004, -0.00700086488590193, 20, 11, 0.269056
0.31975123940274, 1.56881959910913, -0.00700098544392138, 20, 11, 0.276084
0.31975123940274, 1.57193763919822, -0.0070011101831559, 20, 11, 0.275622
0.31975123940274, 1.57505567928731, -0.00700123913113262, 20, 11, 0.269021
0.31975123940274, 1.57817371937639, -0.00700137231534129, 20, 11, 0.268915
0.31975123940274, 1.58129175946548, -0.00700150976323335, 20, 11, 0.269404
0.31975123940274, 1.58440979955457, -0.00700165150222094, 20, 11, 0.293456
0.31975123940274, 1.58752783964365, -0.00700179755967599, 20, 11, 0.278846
0.31975123940274, 1.59064587973274, -0.00700194796292928, 20, 11, 0.278207
0.31975123940274, 1.59376391982183, -0.00700210273926951, 20, 11, 0.268782
0.31975123940274, 1.59688195991091, -0.00700226191594237, 20, 11, 0.269262
0.31975123940274, 1.6, -0.00700242552014963, 20, 11, 0.268706
# finished at Wed Apr 30 01:57:10 CEST 2014
