# starting on alcc59 at Wed Apr 30 05:24:48 CEST 2014
# casimir, -T, 0.200000,1.600000,450, -Q, 0.723413498087389, -p, 1e-08, -L, 20
# Compiler icc, using long double and plain matrix elements and plain integration
# precision=1e-08
# lfac=5
# cores=1
# L=0.723413
# T=0.2...1.6 (450)
#
# R/(L+R), T, F, lmax, nmax, time
0.723413498087389, 0.2, -0.278901649869621, 20, 168, 5.94796
0.723413498087389, 0.203118040089087, -0.278901606375786, 20, 165, 5.5518
0.723413498087389, 0.206236080178174, -0.278901561263006, 20, 163, 5.50586
0.723413498087389, 0.209354120267261, -0.278901513703073, 20, 160, 5.39425
0.723413498087389, 0.212472160356347, -0.278901464418385, 20, 158, 5.31403
0.723413498087389, 0.215590200445434, -0.278901412963887, 20, 156, 5.31588
0.723413498087389, 0.218708240534521, -0.278901358890387, 20, 153, 5.36327
0.723413498087389, 0.221826280623608, -0.278901302931786, 20, 151, 5.08142
0.723413498087389, 0.224944320712695, -0.278901244632293, 20, 149, 5.00957
0.723413498087389, 0.228062360801782, -0.27890118393376, 20, 147, 4.94148
0.723413498087389, 0.231180400890869, -0.278901120777067, 20, 145, 4.87361
0.723413498087389, 0.234298440979955, -0.278901055111661, 20, 143, 4.81268
0.723413498087389, 0.237416481069042, -0.278900986857534, 20, 141, 4.75596
0.723413498087389, 0.240534521158129, -0.27890091641239, 20, 140, 4.70593
0.723413498087389, 0.243652561247216, -0.278900842832519, 20, 138, 4.63705
0.723413498087389, 0.246770601336303, -0.278900766488649, 20, 136, 4.56875
0.723413498087389, 0.24988864142539, -0.278900687326394, 20, 134, 4.50082
0.723413498087389, 0.253006681514477, -0.278900605743244, 20, 133, 4.46719
0.723413498087389, 0.256124721603563, -0.27890052074957, 20, 131, 4.40099
0.723413498087389, 0.25924276169265, -0.278900433215829, 20, 130, 4.36594
0.723413498087389, 0.262360801781737, -0.278900342147307, 20, 128, 4.29786
0.723413498087389, 0.265478841870824, -0.278900248416367, 20, 127, 4.27813
0.723413498087389, 0.268596881959911, -0.278900151025471, 20, 125, 4.19812
0.723413498087389, 0.271714922048998, -0.278900050846297, 20, 124, 4.16334
0.723413498087389, 0.274832962138085, -0.278899946847791, 20, 122, 4.09541
0.723413498087389, 0.277951002227172, -0.278899839965319, 20, 121, 4.06177
0.723413498087389, 0.281069042316258, -0.278899729623974, 20, 120, 4.02757
0.723413498087389, 0.284187082405345, -0.278899615257291, 20, 118, 3.96561
0.723413498087389, 0.287305122494432, -0.278899497824917, 20, 117, 3.97596
0.723413498087389, 0.290423162583519, -0.278899376740569, 20, 116, 4.0769
0.723413498087389, 0.293541202672606, -0.27889925195174, 20, 115, 3.87945
0.723413498087389, 0.296659242761693, -0.278899122841068, 20, 113, 4.06921
0.723413498087389, 0.29977728285078, -0.278898990422572, 20, 112, 3.84386
0.723413498087389, 0.302895322939866, -0.278898854090308, 20, 111, 3.94264
0.723413498087389, 0.306013363028953, -0.278898713778558, 20, 110, 3.98667
0.723413498087389, 0.30913140311804, -0.278898569421325, 20, 109, 3.76667
0.723413498087389, 0.312249443207127, -0.278898420952351, 20, 108, 3.7076
0.723413498087389, 0.315367483296214, -0.278898268305155, 20, 107, 3.73378
0.723413498087389, 0.318485523385301, -0.27889811142601, 20, 106, 3.59064
0.723413498087389, 0.321603563474388, -0.278897950222153, 20, 105, 3.67055
0.723413498087389, 0.324721603563474, -0.278897784639464, 20, 104, 3.61827
0.723413498087389, 0.327839643652561, -0.278897614610749, 20, 103, 3.52974
0.723413498087389, 0.330957683741648, -0.278897440068681, 20, 102, 3.42022
0.723413498087389, 0.334075723830735, -0.278897260945808, 20, 101, 3.41109
0.723413498087389, 0.337193763919822, -0.278897077174572, 20, 100, 3.41006
0.723413498087389, 0.340311804008909, -0.278896888687311, 20, 99, 3.64645
0.723413498087389, 0.343429844097996, -0.278896695416265, 20, 98, 3.47925
0.723413498087389, 0.346547884187082, -0.278896497293591, 20, 97, 3.45375
0.723413498087389, 0.349665924276169, -0.278896294265603, 20, 96, 3.45385
0.723413498087389, 0.352783964365256, -0.278896086867441, 20, 96, 3.31409
0.723413498087389, 0.355902004454343, -0.278895873808955, 20, 95, 3.21175
0.723413498087389, 0.35902004454343, -0.278895655630026, 20, 94, 3.24785
0.723413498087389, 0.362138084632517, -0.278895432262697, 20, 93, 3.1673
0.723413498087389, 0.365256124721604, -0.278895203638942, 20, 92, 3.08067
0.723413498087389, 0.36837416481069, -0.278894970347416, 20, 92, 3.08082
0.723413498087389, 0.371492204899777, -0.278894731044904, 20, 91, 3.04693
0.723413498087389, 0.374610244988864, -0.278894486286033, 20, 90, 3.01325
0.723413498087389, 0.377728285077951, -0.278894236002886, 20, 89, 2.9802
0.723413498087389, 0.380846325167038, -0.278893980809291, 20, 89, 2.98003
0.723413498087389, 0.383964365256125, -0.278893719321938, 20, 88, 2.94655
0.723413498087389, 0.387082405345212, -0.278893452111823, 20, 87, 2.91198
0.723413498087389, 0.390200445434298, -0.278893179809264, 20, 87, 2.91376
0.723413498087389, 0.393318485523385, -0.278892901004908, 20, 86, 2.87939
0.723413498087389, 0.396436525612472, -0.278892616280865, 20, 85, 2.84633
0.723413498087389, 0.399554565701559, -0.278892326266135, 20, 85, 2.84745
0.723413498087389, 0.402672605790646, -0.278892029562169, 20, 84, 2.81128
0.723413498087389, 0.405790645879733, -0.27889172674339, 20, 83, 2.7782
0.723413498087389, 0.40890868596882, -0.278891418468097, 20, 83, 2.77891
0.723413498087389, 0.412026726057906, -0.278891103288997, 20, 82, 2.74557
0.723413498087389, 0.415144766146993, -0.278890781801915, 20, 81, 2.71133
0.723413498087389, 0.41826280623608, -0.278890454710988, 20, 81, 2.71052
0.723413498087389, 0.421380846325167, -0.278890120489155, 20, 80, 2.67659
0.723413498087389, 0.424498886414254, -0.278889780519428, 20, 80, 2.67596
0.723413498087389, 0.427616926503341, -0.278889433317467, 20, 79, 2.64221
0.723413498087389, 0.430734966592428, -0.278889080230501, 20, 79, 2.64402
0.723413498087389, 0.433853006681514, -0.278888719806487, 20, 78, 2.60756
0.723413498087389, 0.436971046770601, -0.278888352657841, 20, 77, 2.57477
0.723413498087389, 0.440089086859688, -0.278887979500659, 20, 77, 2.57906
0.723413498087389, 0.443207126948775, -0.278887598754806, 20, 76, 2.54305
0.723413498087389, 0.446325167037862, -0.27888721189847, 20, 76, 2.54035
0.723413498087389, 0.449443207126949, -0.278886817340652, 20, 75, 2.50711
0.723413498087389, 0.452561247216036, -0.27888641655988, 20, 75, 2.51038
0.723413498087389, 0.455679287305123, -0.2788860079618, 20, 74, 2.47241
0.723413498087389, 0.458797327394209, -0.278885593035696, 20, 74, 2.47328
0.723413498087389, 0.461915367483296, -0.278885170173492, 20, 73, 2.43953
0.723413498087389, 0.465033407572383, -0.278884740885848, 20, 73, 2.43919
0.723413498087389, 0.46815144766147, -0.278884303540298, 20, 72, 2.40785
0.723413498087389, 0.471269487750557, -0.278883859679907, 20, 72, 2.40542
0.723413498087389, 0.474387527839644, -0.278883407636612, 20, 71, 2.37149
0.723413498087389, 0.477505567928731, -0.278882948997566, 20, 71, 2.37176
0.723413498087389, 0.480623608017817, -0.278882482848208, 20, 71, 2.37072
0.723413498087389, 0.483741648106904, -0.278882008429119, 20, 70, 2.39806
0.723413498087389, 0.486859688195991, -0.278881527201709, 20, 70, 2.42701
0.723413498087389, 0.489977728285078, -0.278881037575917, 20, 69, 2.45931
0.723413498087389, 0.493095768374165, -0.278880541078772, 20, 69, 2.33912
0.723413498087389, 0.496213808463252, -0.27888003605081, 20, 68, 2.35002
0.723413498087389, 0.499331848552339, -0.278879524118932, 20, 68, 2.34131
0.723413498087389, 0.502449888641425, -0.278879004326968, 20, 68, 2.27085
0.723413498087389, 0.505567928730512, -0.278878475912942, 20, 67, 2.23598
0.723413498087389, 0.508685968819599, -0.278877940398272, 20, 67, 2.23517
0.723413498087389, 0.511804008908686, -0.278877396125069, 20, 66, 2.20274
0.723413498087389, 0.514922048997773, -0.27887684471905, 20, 66, 2.20125
0.723413498087389, 0.51804008908686, -0.27887628526199, 20, 66, 2.20111
0.723413498087389, 0.521158129175947, -0.278875716953612, 20, 65, 2.42261
0.723413498087389, 0.524276169265034, -0.278875141363338, 20, 65, 2.20568
0.723413498087389, 0.52739420935412, -0.278874556779881, 20, 64, 2.15028
0.723413498087389, 0.530512249443207, -0.278873964906197, 20, 64, 2.23066
0.723413498087389, 0.533630289532294, -0.278873364791493, 20, 64, 2.29371
0.723413498087389, 0.536748329621381, -0.278872755590462, 20, 63, 2.1073
0.723413498087389, 0.539866369710468, -0.278872138978734, 20, 63, 2.1774
0.723413498087389, 0.542984409799555, -0.27887151402487, 20, 63, 2.11588
0.723413498087389, 0.546102449888642, -0.278870879891721, 20, 62, 2.16112
0.723413498087389, 0.549220489977728, -0.27887023824523, 20, 62, 2.13378
0.723413498087389, 0.552338530066815, -0.27886958816426, 20, 62, 2.13639
0.723413498087389, 0.555456570155902, -0.278868928811827, 20, 61, 2.07949
0.723413498087389, 0.558574610244989, -0.278868261861476, 20, 61, 2.04456
0.723413498087389, 0.561692650334076, -0.278867586393507, 20, 61, 2.10421
0.723413498087389, 0.564810690423163, -0.278866901563022, 20, 60, 2.00285
0.723413498087389, 0.567928730512249, -0.278866209068591, 20, 60, 2.03774
0.723413498087389, 0.571046770601336, -0.278865507983026, 20, 60, 2.02947
0.723413498087389, 0.574164810690423, -0.278864797445078, 20, 59, 1.96344
0.723413498087389, 0.57728285077951, -0.278864079196448, 20, 59, 1.96306
0.723413498087389, 0.580400890868597, -0.278863352293186, 20, 59, 1.96301
0.723413498087389, 0.583518930957684, -0.278862615872396, 20, 58, 1.93417
0.723413498087389, 0.586636971046771, -0.278861871690766, 20, 58, 1.93191
0.723413498087389, 0.589755011135857, -0.278861118801405, 20, 58, 1.93061
0.723413498087389, 0.592873051224944, -0.278860357191588, 20, 58, 1.93049
0.723413498087389, 0.595991091314031, -0.278859586021168, 20, 57, 1.89754
0.723413498087389, 0.599109131403118, -0.278858807009999, 20, 57, 1.89675
0.723413498087389, 0.602227171492205, -0.278858019239722, 20, 57, 1.9049
0.723413498087389, 0.605345211581292, -0.278857221826615, 20, 56, 1.86502
0.723413498087389, 0.608463251670379, -0.278856416591847, 20, 56, 1.86269
0.723413498087389, 0.611581291759466, -0.278855602570535, 20, 56, 1.86278
0.723413498087389, 0.614699331848552, -0.278854779758556, 20, 56, 2.03805
0.723413498087389, 0.617817371937639, -0.278853947298163, 20, 55, 1.87059
0.723413498087389, 0.620935412026726, -0.278853106970478, 20, 55, 1.84577
0.723413498087389, 0.624053452115813, -0.278852257840209, 20, 55, 1.92053
0.723413498087389, 0.6271714922049, -0.278851398984807, 20, 54, 1.80455
0.723413498087389, 0.630289532293987, -0.27885053233165, 20, 54, 1.79503
0.723413498087389, 0.633407572383074, -0.27884965687592, 20, 54, 1.79494
0.723413498087389, 0.63652561247216, -0.278848772622779, 20, 54, 1.79493
0.723413498087389, 0.639643652561247, -0.278847878654157, 20, 53, 1.76158
0.723413498087389, 0.642761692650334, -0.278846976903265, 20, 53, 1.76473
0.723413498087389, 0.645879732739421, -0.278846066371409, 20, 53, 1.7606
0.723413498087389, 0.648997772828508, -0.278845147069239, 20, 53, 1.76145
0.723413498087389, 0.652115812917595, -0.278844218070836, 20, 52, 1.72724
0.723413498087389, 0.655233853006682, -0.278843281341479, 20, 52, 1.73529
0.723413498087389, 0.658351893095768, -0.278842335875161, 20, 52, 1.72862
0.723413498087389, 0.661469933184855, -0.278841381688191, 20, 52, 1.72727
0.723413498087389, 0.664587973273942, -0.278840417833902, 20, 51, 1.69325
0.723413498087389, 0.667706013363029, -0.278839446336958, 20, 51, 1.69335
0.723413498087389, 0.670824053452116, -0.278838466170039, 20, 51, 1.69306
0.723413498087389, 0.673942093541203, -0.278837477355279, 20, 51, 1.6931
0.723413498087389, 0.67706013363029, -0.278836479916156, 20, 51, 1.69311
0.723413498087389, 0.680178173719376, -0.27883547295147, 20, 50, 1.65937
0.723413498087389, 0.683296213808463, -0.278834458412239, 20, 50, 1.65953
0.723413498087389, 0.68641425389755, -0.278833435321626, 20, 50, 1.66918
0.723413498087389, 0.689532293986637, -0.278832403709109, 20, 50, 1.66382
0.723413498087389, 0.692650334075724, -0.278831362625779, 20, 49, 1.6338
0.723413498087389, 0.695768374164811, -0.278830314138933, 20, 49, 1.64559
0.723413498087389, 0.698886414253898, -0.278829257249747, 20, 49, 1.65361
0.723413498087389, 0.702004454342984, -0.278828191936869, 20, 49, 1.62611
0.723413498087389, 0.705122494432071, -0.278827118265763, 20, 49, 1.62668
0.723413498087389, 0.708240534521158, -0.27882603530348, 20, 48, 1.59604
0.723413498087389, 0.711358574610245, -0.27882494510608, 20, 48, 1.59187
0.723413498087389, 0.714476614699332, -0.278823846664655, 20, 48, 1.59299
0.723413498087389, 0.717594654788419, -0.278822740022462, 20, 48, 1.59323
0.723413498087389, 0.720712694877506, -0.278821625224213, 20, 48, 1.59215
0.723413498087389, 0.723830734966592, -0.278820501336685, 20, 47, 1.55834
0.723413498087389, 0.726948775055679, -0.278819370438832, 20, 47, 1.55842
0.723413498087389, 0.730066815144766, -0.27881823152258, 20, 47, 1.56211
0.723413498087389, 0.733184855233853, -0.278817084638979, 20, 47, 1.55911
0.723413498087389, 0.73630289532294, -0.278815929840561, 20, 47, 1.55986
0.723413498087389, 0.739420935412027, -0.278814766177142, 20, 46, 1.52449
0.723413498087389, 0.742538975501114, -0.278813595785461, 20, 46, 1.52946
0.723413498087389, 0.7456570155902, -0.2788124176403, 20, 46, 1.53949
0.723413498087389, 0.748775055679287, -0.278811231800596, 20, 46, 1.53211
0.723413498087389, 0.751893095768374, -0.27881003832679, 20, 46, 1.52828
0.723413498087389, 0.755011135857461, -0.278808836233709, 20, 45, 1.4981
0.723413498087389, 0.758129175946548, -0.278807627753356, 20, 45, 1.49118
0.723413498087389, 0.761247216035635, -0.278806411824041, 20, 45, 1.49083
0.723413498087389, 0.764365256124722, -0.278805188512652, 20, 45, 1.49862
0.723413498087389, 0.767483296213809, -0.278803957887586, 20, 45, 1.49924
0.723413498087389, 0.770601336302895, -0.278802720018757, 20, 45, 1.49061
0.723413498087389, 0.773719376391982, -0.278801473944292, 20, 44, 1.4568
0.723413498087389, 0.776837416481069, -0.278800221875532, 20, 44, 1.4567
0.723413498087389, 0.779955456570156, -0.278798962776938, 20, 44, 1.45672
0.723413498087389, 0.783073496659243, -0.278797696724888, 20, 44, 1.45663
0.723413498087389, 0.78619153674833, -0.278796423797276, 20, 44, 1.45644
0.723413498087389, 0.789309576837417, -0.278795144073515, 20, 44, 1.4565
0.723413498087389, 0.792427616926503, -0.278793856594123, 20, 43, 1.42273
0.723413498087389, 0.79554565701559, -0.278792563593095, 20, 43, 1.42288
0.723413498087389, 0.798663697104677, -0.278791264038548, 20, 43, 1.42271
0.723413498087389, 0.801781737193764, -0.278789958016341, 20, 43, 1.42355
0.723413498087389, 0.804899777282851, -0.278788645613846, 20, 43, 1.42296
0.723413498087389, 0.808017817371938, -0.278787326919952, 20, 43, 1.42632
0.723413498087389, 0.811135857461025, -0.278786000956128, 20, 42, 1.39255
0.723413498087389, 0.814253897550111, -0.278784670023157, 20, 42, 1.39252
0.723413498087389, 0.817371937639198, -0.278783333069875, 20, 42, 1.39346
0.723413498087389, 0.820489977728285, -0.278781990191558, 20, 42, 1.39263
0.723413498087389, 0.823608017817372, -0.278780641484989, 20, 42, 1.39298
0.723413498087389, 0.826726057906459, -0.278779287048451, 20, 42, 1.38896
0.723413498087389, 0.829844097995546, -0.278777926981727, 20, 42, 1.38889
0.723413498087389, 0.832962138084633, -0.27877656033816, 20, 41, 1.3667
0.723413498087389, 0.836080178173719, -0.27877518938442, 20, 41, 1.35643
0.723413498087389, 0.839198218262806, -0.278773813104459, 20, 41, 1.36229
0.723413498087389, 0.842316258351893, -0.278772431604354, 20, 41, 1.3593
0.723413498087389, 0.84543429844098, -0.278771044991648, 20, 41, 1.37082
0.723413498087389, 0.848552338530067, -0.278769653375369, 20, 41, 1.35631
0.723413498087389, 0.851670378619154, -0.278768255743111, 20, 40, 1.32274
0.723413498087389, 0.854788418708241, -0.278766854523793, 20, 40, 1.3493
0.723413498087389, 0.857906458797328, -0.278765448632338, 20, 40, 1.41315
0.723413498087389, 0.861024498886414, -0.278764038183944, 20, 40, 1.45636
0.723413498087389, 0.864142538975501, -0.27876262329526, 20, 40, 1.3638
0.723413498087389, 0.867260579064588, -0.27876120408437, 20, 40, 1.32163
0.723413498087389, 0.870378619153675, -0.278759780670811, 20, 40, 1.32532
0.723413498087389, 0.873496659242762, -0.278758353211171, 20, 40, 1.34308
0.723413498087389, 0.876614699331849, -0.278756920675892, 20, 39, 1.36894
0.723413498087389, 0.879732739420936, -0.278755485452745, 20, 39, 1.31838
0.723413498087389, 0.882850779510022, -0.278754046515291, 20, 39, 1.28871
0.723413498087389, 0.885968819599109, -0.278752603990469, 20, 39, 1.28899
0.723413498087389, 0.889086859688196, -0.278751158006621, 20, 39, 1.28844
0.723413498087389, 0.892204899777283, -0.278749708693484, 20, 39, 1.28799
0.723413498087389, 0.89532293986637, -0.278748256182188, 20, 39, 1.2888
0.723413498087389, 0.898440979955457, -0.278746799468217, 20, 38, 1.25527
0.723413498087389, 0.901559020044544, -0.27874534102808, 20, 38, 1.25441
0.723413498087389, 0.90467706013363, -0.278743879787361, 20, 38, 1.25474
0.723413498087389, 0.907795100222717, -0.278742415882958, 20, 38, 1.26357
0.723413498087389, 0.910913140311804, -0.278740949453112, 20, 38, 1.27079
0.723413498087389, 0.914031180400891, -0.278739480637409, 20, 38, 1.29571
0.723413498087389, 0.917149220489978, -0.278738009576777, 20, 38, 1.29497
0.723413498087389, 0.920267260579065, -0.278736536413472, 20, 38, 1.30105
0.723413498087389, 0.923385300668152, -0.278735060138227, 20, 37, 1.27449
0.723413498087389, 0.926503340757238, -0.278733583269369, 20, 37, 1.2624
0.723413498087389, 0.929621380846325, -0.278732104728575, 20, 37, 1.22404
0.723413498087389, 0.932739420935412, -0.278730624663595, 20, 37, 1.24359
0.723413498087389, 0.935857461024499, -0.278729143223464, 20, 37, 1.24189
0.723413498087389, 0.938975501113586, -0.278727660558491, 20, 37, 1.22022
0.723413498087389, 0.942093541202673, -0.27872617682026, 20, 37, 1.22012
0.723413498087389, 0.945211581291759, -0.278724692161615, 20, 37, 1.22002
0.723413498087389, 0.948329621380847, -0.278723206736653, 20, 37, 1.22025
0.723413498087389, 0.951447661469933, -0.278721719568638, 20, 36, 1.18713
0.723413498087389, 0.95456570155902, -0.278720233143091, 20, 36, 1.18617
0.723413498087389, 0.957683741648107, -0.278718746417283, 20, 36, 1.18619
0.723413498087389, 0.960801781737194, -0.278717259550464, 20, 36, 1.18633
0.723413498087389, 0.963919821826281, -0.278715772703086, 20, 36, 1.18698
0.723413498087389, 0.967037861915368, -0.278714286036796, 20, 36, 1.18611
0.723413498087389, 0.970155902004454, -0.278712799714424, 20, 36, 1.1899
0.723413498087389, 0.973273942093541, -0.278711313899981, 20, 36, 1.18618
0.723413498087389, 0.976391982182628, -0.278709828758645, 20, 36, 1.18656
0.723413498087389, 0.979510022271715, -0.278708343310956, 20, 35, 1.15326
0.723413498087389, 0.982628062360802, -0.278706860079786, 20, 35, 1.1528
0.723413498087389, 0.985746102449889, -0.278705378020644, 20, 35, 1.15223
0.723413498087389, 0.988864142538975, -0.278703897303491, 20, 35, 1.15222
0.723413498087389, 0.991982182628063, -0.2787024180994, 20, 35, 1.153
0.723413498087389, 0.995100222717149, -0.278700940580547, 20, 35, 1.15222
0.723413498087389, 0.998218262806236, -0.278699464920206, 20, 35, 1.15257
0.723413498087389, 1.00133630289532, -0.278697991292732, 20, 35, 1.15244
0.723413498087389, 1.00445434298441, -0.27869651987356, 20, 35, 1.16214
0.723413498087389, 1.0075723830735, -0.278695049643869, 20, 34, 1.12067
0.723413498087389, 1.01069042316258, -0.278693583236546, 20, 34, 1.14325
0.723413498087389, 1.01380846325167, -0.278692119566697, 20, 34, 1.1485
0.723413498087389, 1.01692650334076, -0.278690658814149, 20, 34, 1.23618
0.723413498087389, 1.02004454342984, -0.278689201159751, 20, 34, 1.11974
0.723413498087389, 1.02316258351893, -0.278687746785356, 20, 34, 1.1187
0.723413498087389, 1.02628062360802, -0.278686295873817, 20, 34, 1.14223
0.723413498087389, 1.0293986636971, -0.278684848608974, 20, 34, 1.19195
0.723413498087389, 1.03251670378619, -0.27868340517565, 20, 34, 1.17743
0.723413498087389, 1.03563474387528, -0.278681965759632, 20, 34, 1.12488
0.723413498087389, 1.03875278396437, -0.278680529329865, 20, 33, 1.08539
0.723413498087389, 1.04187082405345, -0.278679098573671, 20, 33, 1.08522
0.723413498087389, 1.04498886414254, -0.278677672394507, 20, 33, 1.1054
0.723413498087389, 1.04810690423163, -0.278676250982107, 20, 33, 1.16327
0.723413498087389, 1.05122494432071, -0.278674834527119, 20, 33, 1.15462
0.723413498087389, 1.0543429844098, -0.278673423221089, 20, 33, 1.15287
0.723413498087389, 1.05746102449889, -0.278672017256445, 20, 33, 1.08516
0.723413498087389, 1.06057906458797, -0.278670616826501, 20, 33, 1.10039
0.723413498087389, 1.06369710467706, -0.278669222125436, 20, 33, 1.08569
0.723413498087389, 1.06681514476615, -0.278667833348288, 20, 33, 1.08451
0.723413498087389, 1.06993318485523, -0.278666450690941, 20, 33, 1.08452
0.723413498087389, 1.07305122494432, -0.278665073132423, 20, 32, 1.05061
0.723413498087389, 1.07616926503341, -0.278663703367808, 20, 32, 1.05062
0.723413498087389, 1.07928730512249, -0.278662340312469, 20, 32, 1.05061
0.723413498087389, 1.08240534521158, -0.278660984165739, 20, 32, 1.05069
0.723413498087389, 1.08552338530067, -0.278659635127735, 20, 32, 1.05046
0.723413498087389, 1.08864142538976, -0.278658293399355, 20, 32, 1.05052
0.723413498087389, 1.09175946547884, -0.27865695918226, 20, 32, 1.05057
0.723413498087389, 1.09487750556793, -0.278655632678867, 20, 32, 1.05055
0.723413498087389, 1.09799554565702, -0.278654314092342, 20, 32, 1.07456
0.723413498087389, 1.1011135857461, -0.278653003626584, 20, 32, 1.06392
0.723413498087389, 1.10423162583519, -0.278651701486219, 20, 32, 1.05048
0.723413498087389, 1.10734966592428, -0.278650406613131, 20, 31, 1.01678
0.723413498087389, 1.11046770601336, -0.27864912180278, 20, 31, 1.0169
0.723413498087389, 1.11358574610245, -0.278647845932864, 20, 31, 1.01675
0.723413498087389, 1.11670378619154, -0.278646579210955, 20, 31, 1.01669
0.723413498087389, 1.11982182628062, -0.278645321845292, 20, 31, 1.01673
0.723413498087389, 1.12293986636971, -0.278644074044769, 20, 31, 1.01671
0.723413498087389, 1.1260579064588, -0.278642836018927, 20, 31, 1.02038
0.723413498087389, 1.12917594654788, -0.278641607977938, 20, 31, 1.02385
0.723413498087389, 1.13229398663697, -0.278640390132601, 20, 31, 1.02027
0.723413498087389, 1.13541202672606, -0.278639182694331, 20, 31, 1.01698
0.723413498087389, 1.13853006681514, -0.278637985875144, 20, 31, 1.0174
0.723413498087389, 1.14164810690423, -0.278636799887652, 20, 31, 1.01742
0.723413498087389, 1.14476614699332, -0.278635624945051, 20, 31, 1.01647
0.723413498087389, 1.14788418708241, -0.278634460027933, 20, 30, 0.982653
0.723413498087389, 1.15100222717149, -0.278633307876078, 20, 30, 0.98266
0.723413498087389, 1.15412026726058, -0.278632167409274, 20, 30, 0.982691
0.723413498087389, 1.15723830734967, -0.278631038843082, 20, 30, 0.98282
0.723413498087389, 1.16035634743875, -0.278629922393592, 20, 30, 0.982788
0.723413498087389, 1.16347438752784, -0.27862881832488, 20, 30, 0.983558
0.723413498087389, 1.16659242761693, -0.278627726759151, 20, 30, 0.983583
0.723413498087389, 1.16971046770601, -0.278626647961441, 20, 30, 0.98355
0.723413498087389, 1.1728285077951, -0.278625582149842, 20, 30, 0.983559
0.723413498087389, 1.17594654788419, -0.278624529542924, 20, 30, 0.983463
0.723413498087389, 1.17906458797327, -0.278623490359721, 20, 30, 0.983505
0.723413498087389, 1.18218262806236, -0.278622464819726, 20, 30, 0.983498
0.723413498087389, 1.18530066815145, -0.278621453142875, 20, 30, 0.983606
0.723413498087389, 1.18841870824053, -0.278620454292209, 20, 29, 0.949675
0.723413498087389, 1.19153674832962, -0.278619471061498, 20, 29, 0.950398
0.723413498087389, 1.19465478841871, -0.278618502353635, 20, 29, 0.949989
0.723413498087389, 1.1977728285078, -0.278617548390372, 20, 29, 0.949656
0.723413498087389, 1.20089086859688, -0.278616609393852, 20, 29, 0.949731
0.723413498087389, 1.20400890868597, -0.2786156855866, 20, 29, 0.949613
0.723413498087389, 1.20712694877506, -0.278614777191516, 20, 29, 0.949541
0.723413498087389, 1.21024498886414, -0.27861388443186, 20, 29, 0.949551
0.723413498087389, 1.21336302895323, -0.278613007531252, 20, 29, 0.949579
0.723413498087389, 1.21648106904232, -0.278612146713651, 20, 29, 0.949573
0.723413498087389, 1.2195991091314, -0.278611302203355, 20, 29, 0.949607
0.723413498087389, 1.22271714922049, -0.278610474224988, 20, 29, 0.949613
0.723413498087389, 1.22583518930958, -0.278609663003489, 20, 29, 0.949534
0.723413498087389, 1.22895322939866, -0.278608868764108, 20, 29, 0.949497
0.723413498087389, 1.23207126948775, -0.278608090453088, 20, 28, 0.915729
0.723413498087389, 1.23518930957684, -0.278607330912188, 20, 28, 0.916039
0.723413498087389, 1.23830734966592, -0.278606589028342, 20, 28, 0.915774
0.723413498087389, 1.24142538975501, -0.278605865028052, 20, 28, 0.915747
0.723413498087389, 1.2445434298441, -0.278605159138075, 20, 28, 0.915755
0.723413498087389, 1.24766146993318, -0.278604471585417, 20, 28, 0.915774
0.723413498087389, 1.25077951002227, -0.278603802597322, 20, 28, 0.915731
0.723413498087389, 1.25389755011136, -0.278603152401267, 20, 28, 0.915896
0.723413498087389, 1.25701559020045, -0.278602521224944, 20, 28, 0.915691
0.723413498087389, 1.26013363028953, -0.278601909296271, 20, 28, 0.915664
0.723413498087389, 1.26325167037862, -0.278601316843359, 20, 28, 0.917424
0.723413498087389, 1.26636971046771, -0.27860074409452, 20, 28, 0.915545
0.723413498087389, 1.26948775055679, -0.278600191278251, 20, 28, 0.915572
0.723413498087389, 1.27260579064588, -0.27859965862323, 20, 28, 0.915682
0.723413498087389, 1.27572383073497, -0.278599146358304, 20, 28, 0.915769
0.723413498087389, 1.27884187082405, -0.278598653407036, 20, 27, 0.881785
0.723413498087389, 1.28195991091314, -0.278598182665932, 20, 27, 0.881802
0.723413498087389, 1.28507795100223, -0.27859773299997, 20, 27, 0.881833
0.723413498087389, 1.28819599109131, -0.278597304638701, 20, 27, 0.881749
0.723413498087389, 1.2913140311804, -0.278596897811799, 20, 27, 0.881863
0.723413498087389, 1.29443207126949, -0.278596512749054, 20, 27, 0.882049
0.723413498087389, 1.29755011135857, -0.278596149680365, 20, 27, 0.883143
0.723413498087389, 1.30066815144766, -0.27859580883573, 20, 27, 0.881811
0.723413498087389, 1.30378619153675, -0.278595490445242, 20, 27, 0.881809
0.723413498087389, 1.30690423162584, -0.278595194739076, 20, 27, 0.881774
0.723413498087389, 1.31002227171492, -0.278594921947486, 20, 27, 0.881728
0.723413498087389, 1.31314031180401, -0.278594672300795, 20, 27, 0.885473
0.723413498087389, 1.3162583518931, -0.278594446029388, 20, 27, 0.885666
0.723413498087389, 1.31937639198218, -0.278594243363701, 20, 27, 0.881824
0.723413498087389, 1.32249443207127, -0.278594064534221, 20, 27, 0.881691
0.723413498087389, 1.32561247216036, -0.278593909771469, 20, 27, 0.88173
0.723413498087389, 1.32873051224944, -0.278593777963283, 20, 26, 0.847973
0.723413498087389, 1.33184855233853, -0.278593672081636, 20, 26, 0.848032
0.723413498087389, 1.33496659242762, -0.278593590956123, 20, 26, 0.847994
0.723413498087389, 1.3380846325167, -0.278593534817443, 20, 26, 0.848254
0.723413498087389, 1.34120267260579, -0.278593503896295, 20, 26, 0.84787
0.723413498087389, 1.34432071269488, -0.278593498423369, 20, 26, 0.847915
0.723413498087389, 1.34743875278396, -0.278593518629338, 20, 26, 0.84784
0.723413498087389, 1.35055679287305, -0.278593564744852, 20, 26, 0.847859
0.723413498087389, 1.35367483296214, -0.278593637000533, 20, 26, 0.848848
0.723413498087389, 1.35679287305122, -0.278593735626959, 20, 26, 0.852381
0.723413498087389, 1.35991091314031, -0.278593860854676, 20, 26, 0.852414
0.723413498087389, 1.3630289532294, -0.278594012914172, 20, 26, 0.847783
0.723413498087389, 1.36614699331849, -0.278594192035877, 20, 26, 0.84778
0.723413498087389, 1.36926503340757, -0.278594398450161, 20, 26, 0.847819
0.723413498087389, 1.37238307349666, -0.278594632387323, 20, 26, 0.847763
0.723413498087389, 1.37550111358575, -0.278594894077583, 20, 26, 0.848046
0.723413498087389, 1.37861915367483, -0.278595183751079, 20, 26, 0.847829
0.723413498087389, 1.38173719376392, -0.278595501637858, 20, 26, 0.847849
0.723413498087389, 1.38485523385301, -0.278595846624938, 20, 25, 0.814299
0.723413498087389, 1.38797327394209, -0.278596221681902, 20, 25, 0.814112
0.723413498087389, 1.39109131403118, -0.278596625639536, 20, 25, 0.814146
0.723413498087389, 1.39420935412027, -0.278597058727551, 20, 25, 0.815124
0.723413498087389, 1.39732739420935, -0.278597521175532, 20, 25, 0.814083
0.723413498087389, 1.40044543429844, -0.278598013212934, 20, 25, 0.81401
0.723413498087389, 1.40356347438753, -0.278598535069078, 20, 25, 0.814048
0.723413498087389, 1.40668151447661, -0.278599086973132, 20, 25, 0.814075
0.723413498087389, 1.4097995545657, -0.27859966915413, 20, 25, 0.813772
0.723413498087389, 1.41291759465479, -0.278600281840941, 20, 25, 0.815019
0.723413498087389, 1.41603563474388, -0.278600925262281, 20, 25, 0.813979
0.723413498087389, 1.41915367483296, -0.278601599646694, 20, 25, 0.814027
0.723413498087389, 1.42227171492205, -0.278602305222556, 20, 25, 0.813929
0.723413498087389, 1.42538975501114, -0.278603042218066, 20, 25, 0.813934
0.723413498087389, 1.42850779510022, -0.278603810861242, 20, 25, 0.814151
0.723413498087389, 1.43162583518931, -0.278604611379909, 20, 25, 0.81372
0.723413498087389, 1.4347438752784, -0.278605444001703, 20, 25, 0.813727
0.723413498087389, 1.43786191536748, -0.27860630895406, 20, 25, 0.813699
0.723413498087389, 1.44097995545657, -0.278607206464212, 20, 25, 0.813707
0.723413498087389, 1.44409799554566, -0.27860813538719, 20, 24, 0.77994
0.723413498087389, 1.44721603563474, -0.27860909874666, 20, 24, 0.780002
0.723413498087389, 1.45033407572383, -0.278610095342311, 20, 24, 0.780259
0.723413498087389, 1.45345211581292, -0.278611125400583, 20, 24, 0.78002
0.723413498087389, 1.456570155902, -0.278612189147683, 20, 24, 0.780085
0.723413498087389, 1.45968819599109, -0.278613286809582, 20, 24, 0.780102
0.723413498087389, 1.46280623608018, -0.278614418612005, 20, 24, 0.780073
0.723413498087389, 1.46592427616927, -0.278615584780432, 20, 24, 0.780027
0.723413498087389, 1.46904231625835, -0.278616785540088, 20, 24, 0.78004
0.723413498087389, 1.47216035634744, -0.278618021115943, 20, 24, 0.780001
0.723413498087389, 1.47527839643653, -0.278619291732705, 20, 24, 0.78127
0.723413498087389, 1.47839643652561, -0.278620597614814, 20, 24, 0.785518
0.723413498087389, 1.4815144766147, -0.27862193898644, 20, 24, 0.842443
0.723413498087389, 1.48463251670379, -0.278623316071479, 20, 24, 0.799722
0.723413498087389, 1.48775055679287, -0.278624729093543, 20, 24, 0.786179
0.723413498087389, 1.49086859688196, -0.278626178275964, 20, 24, 0.783982
0.723413498087389, 1.49398663697105, -0.278627663841782, 20, 24, 0.783931
0.723413498087389, 1.49710467706013, -0.278629186013745, 20, 24, 0.782565
0.723413498087389, 1.50022271714922, -0.278630745014302, 20, 24, 0.783972
0.723413498087389, 1.50334075723831, -0.278632341065604, 20, 24, 0.781024
0.723413498087389, 1.50645879732739, -0.278633974389492, 20, 24, 0.831465
0.723413498087389, 1.50957683741648, -0.278635643821657, 20, 23, 0.810898
0.723413498087389, 1.51269487750557, -0.278637352406232, 20, 23, 0.746391
0.723413498087389, 1.51581291759465, -0.278639098925157, 20, 23, 0.746375
0.723413498087389, 1.51893095768374, -0.278640883599078, 20, 23, 0.7682
0.723413498087389, 1.52204899777283, -0.278642706648314, 20, 23, 0.750569
0.723413498087389, 1.52516703786192, -0.278644568292851, 20, 23, 0.755673
0.723413498087389, 1.528285077951, -0.278646468752338, 20, 23, 0.755641
0.723413498087389, 1.53140311804009, -0.278648408246085, 20, 23, 0.74614
0.723413498087389, 1.53452115812918, -0.278650386993058, 20, 23, 0.770532
0.723413498087389, 1.53763919821826, -0.278652405211873, 20, 23, 0.75025
0.723413498087389, 1.54075723830735, -0.2786544631208, 20, 23, 0.815058
0.723413498087389, 1.54387527839644, -0.278656560937751, 20, 23, 0.837347
0.723413498087389, 1.54699331848552, -0.27865869888028, 20, 23, 0.774088
0.723413498087389, 1.55011135857461, -0.27866087716558, 20, 23, 0.764818
0.723413498087389, 1.5532293986637, -0.27866309601048, 20, 23, 0.757398
0.723413498087389, 1.55634743875278, -0.27866535563144, 20, 23, 0.768265
0.723413498087389, 1.55946547884187, -0.278667656244544, 20, 23, 0.747137
0.723413498087389, 1.56258351893096, -0.278669998065511, 20, 23, 0.780837
0.723413498087389, 1.56570155902004, -0.278672381309674, 20, 23, 0.831155
0.723413498087389, 1.56881959910913, -0.278674806191986, 20, 23, 0.775526
0.723413498087389, 1.57193763919822, -0.278677272927015, 20, 23, 0.806979
0.723413498087389, 1.57505567928731, -0.278679781728942, 20, 23, 0.764765
0.723413498087389, 1.57817371937639, -0.278682332811558, 20, 23, 0.768768
0.723413498087389, 1.58129175946548, -0.278684924990374, 20, 22, 0.721851
0.723413498087389, 1.58440979955457, -0.278687561323637, 20, 22, 0.712746
0.723413498087389, 1.58752783964365, -0.278690240574837, 20, 22, 0.712335
0.723413498087389, 1.59064587973274, -0.278692962956233, 20, 22, 0.73232
0.723413498087389, 1.59376391982183, -0.278695728679677, 20, 22, 0.712589
0.723413498087389, 1.59688195991091, -0.278698537956606, 20, 22, 0.71299
0.723413498087389, 1.6, -0.278701390998047, 20, 22, 0.712535
# finished at Wed Apr 30 05:37:37 CEST 2014
