# starting on alcc62 at Tue Apr 29 20:55:21 CEST 2014
# casimir, -T, 0.200000,1.600000,450, -Q, 0.186654005121699, -p, 1e-08, -L, 20
# Compiler icc, using long double and plain matrix elements and plain integration
# precision=1e-08
# lfac=5
# cores=1
# L=0.186654
# T=0.2...1.6 (450)
#
# R/(L+R), T, F, lmax, nmax, time
0.186654005121699, 0.2, -0.00123267394939691, 20, 65, 1.46576
0.186654005121699, 0.203118040089087, -0.00123267310021177, 20, 64, 1.44062
0.186654005121699, 0.206236080178174, -0.00123267221191048, 20, 63, 1.41435
0.186654005121699, 0.209354120267261, -0.00123267128335736, 20, 62, 1.3899
0.186654005121699, 0.212472160356347, -0.00123267031340169, 20, 61, 1.36654
0.186654005121699, 0.215590200445434, -0.00123266930087761, 20, 60, 1.34658
0.186654005121699, 0.218708240534521, -0.00123266824460735, 20, 59, 1.32473
0.186654005121699, 0.221826280623608, -0.00123266714603957, 20, 59, 1.32742
0.186654005121699, 0.224944320712695, -0.00123266599889476, 20, 58, 1.3004
0.186654005121699, 0.228062360801782, -0.00123266480441185, 20, 57, 1.2777
0.186654005121699, 0.231180400890869, -0.00123266356135329, 20, 56, 1.25568
0.186654005121699, 0.234298440979955, -0.0012326622711753, 20, 56, 1.25403
0.186654005121699, 0.237416481069042, -0.00123266092752731, 20, 55, 1.22979
0.186654005121699, 0.240534521158129, -0.00123265953156504, 20, 54, 1.20921
0.186654005121699, 0.243652561247216, -0.00123265808468314, 20, 54, 1.2098
0.186654005121699, 0.246770601336303, -0.00123265658058989, 20, 53, 1.18758
0.186654005121699, 0.24988864142539, -0.00123265502032628, 20, 52, 1.16336
0.186654005121699, 0.253006681514477, -0.00123265340540095, 20, 52, 1.16292
0.186654005121699, 0.256124721603563, -0.00123265172927549, 20, 51, 1.1397
0.186654005121699, 0.25924276169265, -0.00123264999301751, 20, 50, 1.11709
0.186654005121699, 0.262360801781737, -0.00123264819842748, 20, 50, 1.11642
0.186654005121699, 0.265478841870824, -0.00123264633838621, 20, 49, 1.09362
0.186654005121699, 0.268596881959911, -0.0012326444172116, 20, 49, 1.09377
0.186654005121699, 0.271714922048998, -0.00123264242801807, 20, 48, 1.07301
0.186654005121699, 0.274832962138085, -0.0012326403749074, 20, 48, 1.07886
0.186654005121699, 0.277951002227172, -0.00123263825110896, 20, 47, 1.05608
0.186654005121699, 0.281069042316258, -0.00123263606063763, 20, 47, 1.16766
0.186654005121699, 0.284187082405345, -0.00123263379672679, 20, 46, 1.04745
0.186654005121699, 0.287305122494432, -0.00123263146340329, 20, 46, 1.03074
0.186654005121699, 0.290423162583519, -0.00123262905380333, 20, 45, 1.01092
0.186654005121699, 0.293541202672606, -0.00123262657207493, 20, 45, 1.00337
0.186654005121699, 0.296659242761693, -0.00123262401114662, 20, 44, 0.979936
0.186654005121699, 0.29977728285078, -0.001232621375405, 20, 44, 0.979919
0.186654005121699, 0.302895322939866, -0.00123261865744845, 20, 43, 0.960373
0.186654005121699, 0.306013363028953, -0.00123261586203518, 20, 43, 0.956685
0.186654005121699, 0.30913140311804, -0.00123261298435487, 20, 43, 0.961863
0.186654005121699, 0.312249443207127, -0.00123261002050809, 20, 42, 0.93699
0.186654005121699, 0.315367483296214, -0.00123260697455827, 20, 42, 0.939825
0.186654005121699, 0.318485523385301, -0.00123260383925359, 20, 41, 0.914681
0.186654005121699, 0.321603563474388, -0.00123260061927235, 20, 41, 0.913036
0.186654005121699, 0.324721603563474, -0.00123259730980874, 20, 41, 0.91908
0.186654005121699, 0.327839643652561, -0.00123259390681274, 20, 40, 0.889753
0.186654005121699, 0.330957683741648, -0.00123259041457457, 20, 40, 0.894137
0.186654005121699, 0.334075723830735, -0.00123258682541161, 20, 39, 0.867025
0.186654005121699, 0.337193763919822, -0.00123258314455624, 20, 39, 0.874887
0.186654005121699, 0.340311804008909, -0.00123257936687878, 20, 39, 0.866661
0.186654005121699, 0.343429844097996, -0.00123257548788832, 20, 38, 0.843498
0.186654005121699, 0.346547884187082, -0.0012325715127471, 20, 38, 0.843591
0.186654005121699, 0.349665924276169, -0.00123256743635535, 20, 38, 0.843595
0.186654005121699, 0.352783964365256, -0.00123256325414174, 20, 37, 0.820436
0.186654005121699, 0.355902004454343, -0.00123255897139777, 20, 37, 0.820379
0.186654005121699, 0.35902004454343, -0.00123255458294938, 20, 37, 0.820448
0.186654005121699, 0.362138084632517, -0.00123255008734548, 20, 37, 0.822908
0.186654005121699, 0.365256124721604, -0.00123254548034299, 20, 36, 0.799766
0.186654005121699, 0.36837416481069, -0.00123254076645308, 20, 36, 0.799866
0.186654005121699, 0.371492204899777, -0.00123253594092727, 20, 36, 0.802212
0.186654005121699, 0.374610244988864, -0.00123253099928228, 20, 35, 0.776655
0.186654005121699, 0.377728285077951, -0.00123252594654815, 20, 35, 0.776703
0.186654005121699, 0.380846325167038, -0.00123252077769737, 20, 35, 0.776712
0.186654005121699, 0.383964365256125, -0.00123251549126507, 20, 35, 0.776693
0.186654005121699, 0.387082405345212, -0.00123251008290367, 20, 34, 0.753408
0.186654005121699, 0.390200445434298, -0.00123250455733373, 20, 34, 0.753412
0.186654005121699, 0.393318485523385, -0.00123249890970683, 20, 34, 0.755869
0.186654005121699, 0.396436525612472, -0.00123249313521418, 20, 33, 0.73008
0.186654005121699, 0.399554565701559, -0.00123248723957097, 20, 33, 0.730102
0.186654005121699, 0.402672605790646, -0.0012324812174067, 20, 33, 0.73428
0.186654005121699, 0.405790645879733, -0.00123247506726648, 20, 33, 0.73461
0.186654005121699, 0.40890868596882, -0.00123246878769472, 20, 33, 0.732499
0.186654005121699, 0.412026726057906, -0.00123246237428739, 20, 32, 0.706902
0.186654005121699, 0.415144766146993, -0.00123245583190549, 20, 32, 0.710767
0.186654005121699, 0.41826280623608, -0.0012324491556695, 20, 32, 0.715227
0.186654005121699, 0.421380846325167, -0.00123244234413681, 20, 32, 0.735307
0.186654005121699, 0.424498886414254, -0.0012324353927018, 20, 31, 0.683708
0.186654005121699, 0.427616926503341, -0.0012324283066909, 20, 31, 0.683922
0.186654005121699, 0.430734966592428, -0.00123242108100744, 20, 31, 0.706463
0.186654005121699, 0.433853006681514, -0.00123241371423396, 20, 31, 0.70689
0.186654005121699, 0.436971046770601, -0.00123240620493526, 20, 31, 0.716955
0.186654005121699, 0.440089086859688, -0.00123239854863997, 20, 30, 0.692806
0.186654005121699, 0.443207126948775, -0.00123239075046408, 20, 30, 0.683297
0.186654005121699, 0.446325167037862, -0.0012323828054743, 20, 30, 0.690246
0.186654005121699, 0.449443207126949, -0.00123237471227391, 20, 30, 0.669627
0.186654005121699, 0.452561247216036, -0.00123236646947087, 20, 30, 0.684327
0.186654005121699, 0.455679287305123, -0.00123235807257054, 20, 29, 0.706369
0.186654005121699, 0.458797327394209, -0.00123234952681059, 20, 29, 0.667169
0.186654005121699, 0.461915367483296, -0.00123234082725377, 20, 29, 0.671461
0.186654005121699, 0.465033407572383, -0.00123233197253903, 20, 29, 0.6644
0.186654005121699, 0.46815144766147, -0.00123232296131171, 20, 29, 0.673076
0.186654005121699, 0.471269487750557, -0.00123231378890917, 20, 28, 0.621067
0.186654005121699, 0.474387527839644, -0.00123230446103665, 20, 28, 0.616902
0.186654005121699, 0.477505567928731, -0.00123229497257919, 20, 28, 0.617326
0.186654005121699, 0.480623608017817, -0.00123228532221925, 20, 28, 0.619225
0.186654005121699, 0.483741648106904, -0.00123227550864723, 20, 28, 0.61685
0.186654005121699, 0.486859688195991, -0.00123226553056203, 20, 28, 0.616965
0.186654005121699, 0.489977728285078, -0.00123225538340778, 20, 27, 0.59372
0.186654005121699, 0.493095768374165, -0.00123224507282472, 20, 27, 0.593674
0.186654005121699, 0.496213808463252, -0.00123223459383277, 20, 27, 0.593791
0.186654005121699, 0.499331848552339, -0.00123222394517496, 20, 27, 0.596048
0.186654005121699, 0.502449888641425, -0.00123221312560425, 20, 27, 0.593773
0.186654005121699, 0.505567928730512, -0.001232202133884, 20, 27, 0.594614
0.186654005121699, 0.508685968819599, -0.00123219096538054, 20, 26, 0.570443
0.186654005121699, 0.511804008908686, -0.00123217962609358, 20, 26, 0.570482
0.186654005121699, 0.514922048997773, -0.00123216811096711, 20, 26, 0.570522
0.186654005121699, 0.51804008908686, -0.00123215641881555, 20, 26, 0.57718
0.186654005121699, 0.521158129175947, -0.00123214454846505, 20, 26, 0.582541
0.186654005121699, 0.524276169265034, -0.00123213249875395, 20, 26, 0.58061
0.186654005121699, 0.52739420935412, -0.00123212026853314, 20, 26, 0.570596
0.186654005121699, 0.530512249443207, -0.00123210785331787, 20, 25, 0.547702
0.186654005121699, 0.533630289532294, -0.00123209525906026, 20, 25, 0.549235
0.186654005121699, 0.536748329621381, -0.00123208248088244, 20, 25, 0.547148
0.186654005121699, 0.539866369710468, -0.0012320695177027, 20, 25, 0.552062
0.186654005121699, 0.542984409799555, -0.00123205636842742, 20, 25, 0.549849
0.186654005121699, 0.546102449888642, -0.00123204303200298, 20, 25, 0.549885
0.186654005121699, 0.549220489977728, -0.00123202950738176, 20, 25, 0.54995
0.186654005121699, 0.552338530066815, -0.00123201579000705, 20, 24, 0.526769
0.186654005121699, 0.555456570155902, -0.00123200188629216, 20, 24, 0.52679
0.186654005121699, 0.558574610244989, -0.00123198779128749, 20, 24, 0.526736
0.186654005121699, 0.561692650334076, -0.00123197350401182, 20, 24, 0.526723
0.186654005121699, 0.564810690423163, -0.00123195902349969, 20, 24, 0.531888
0.186654005121699, 0.567928730512249, -0.00123194434880187, 20, 24, 0.527241
0.186654005121699, 0.571046770601336, -0.00123192947898559, 20, 24, 0.532956
0.186654005121699, 0.574164810690423, -0.00123191441313498, 20, 24, 0.52678
0.186654005121699, 0.57728285077951, -0.00123189914679271, 20, 23, 0.50358
0.186654005121699, 0.580400890868597, -0.00123188368656577, 20, 23, 0.503598
0.186654005121699, 0.583518930957684, -0.00123186802762257, 20, 23, 0.50357
0.186654005121699, 0.586636971046771, -0.00123185216912176, 20, 23, 0.503588
0.186654005121699, 0.589755011135857, -0.00123183611024001, 20, 23, 0.505946
0.186654005121699, 0.592873051224944, -0.00123181985017225, 20, 23, 0.503519
0.186654005121699, 0.595991091314031, -0.00123180338813206, 20, 23, 0.50356
0.186654005121699, 0.599109131403118, -0.00123178672335195, 20, 23, 0.503773
0.186654005121699, 0.602227171492205, -0.00123176985508364, 20, 23, 0.506032
0.186654005121699, 0.605345211581292, -0.00123175277910011, 20, 22, 0.4804
0.186654005121699, 0.608463251670379, -0.00123173550203876, 20, 22, 0.480329
0.186654005121699, 0.611581291759466, -0.00123171801932782, 20, 22, 0.480363
0.186654005121699, 0.614699331848552, -0.00123170033030227, 20, 22, 0.480396
0.186654005121699, 0.617817371937639, -0.00123168243431736, 20, 22, 0.482675
0.186654005121699, 0.620935412026726, -0.00123166433074889, 20, 22, 0.480347
0.186654005121699, 0.624053452115813, -0.00123164601899355, 20, 22, 0.480318
0.186654005121699, 0.6271714922049, -0.00123162749846915, 20, 22, 0.480339
0.186654005121699, 0.630289532293987, -0.00123160876861492, 20, 22, 0.482729
0.186654005121699, 0.633407572383074, -0.00123158982889175, 20, 22, 0.482896
0.186654005121699, 0.63652561247216, -0.00123157067538553, 20, 21, 0.457272
0.186654005121699, 0.639643652561247, -0.00123155131472019, 20, 21, 0.457294
0.186654005121699, 0.642761692650334, -0.0012315317426702, 20, 21, 0.4572
0.186654005121699, 0.645879732739421, -0.00123151195878863, 20, 21, 0.457183
0.186654005121699, 0.648997772828508, -0.00123149196265119, 20, 21, 0.459585
0.186654005121699, 0.652115812917595, -0.00123147175385648, 20, 21, 0.457228
0.186654005121699, 0.655233853006682, -0.00123145133202625, 20, 21, 0.457189
0.186654005121699, 0.658351893095768, -0.00123143069680562, 20, 21, 0.457162
0.186654005121699, 0.661469933184855, -0.00123140984786338, 20, 21, 0.459551
0.186654005121699, 0.664587973273942, -0.00123138878489218, 20, 21, 0.459469
0.186654005121699, 0.667706013363029, -0.0012313675039705, 20, 20, 0.433958
0.186654005121699, 0.670824053452116, -0.00123134601244821, 20, 20, 0.433921
0.186654005121699, 0.673942093541203, -0.00123132430609014, 20, 20, 0.434141
0.186654005121699, 0.67706013363029, -0.00123130238468941, 20, 20, 0.433941
0.186654005121699, 0.680178173719376, -0.00123128024806387, 20, 20, 0.433943
0.186654005121699, 0.683296213808463, -0.00123125789605633, 20, 20, 0.436292
0.186654005121699, 0.68641425389755, -0.00123123532853478, 20, 20, 0.434007
0.186654005121699, 0.689532293986637, -0.00123121254539262, 20, 20, 0.434577
0.186654005121699, 0.692650334075724, -0.00123118954654885, 20, 20, 0.433994
0.186654005121699, 0.695768374164811, -0.0012311663319483, 20, 20, 0.436366
0.186654005121699, 0.698886414253898, -0.00123114290156181, 20, 20, 0.436321
0.186654005121699, 0.702004454342984, -0.00123111925538647, 20, 20, 0.436309
0.186654005121699, 0.705122494432071, -0.00123109538986191, 20, 19, 0.410737
0.186654005121699, 0.708240534521158, -0.00123107131251771, 20, 19, 0.416784
0.186654005121699, 0.711358574610245, -0.00123104701950814, 20, 19, 0.410952
0.186654005121699, 0.714476614699332, -0.00123102251093939, 20, 19, 0.41096
0.186654005121699, 0.717594654788419, -0.00123099778694465, 20, 19, 0.410741
0.186654005121699, 0.720712694877506, -0.00123097284769569, 20, 19, 0.421297
0.186654005121699, 0.723830734966592, -0.00123094769335728, 20, 19, 0.413448
0.186654005121699, 0.726948775055679, -0.00123092232415603, 20, 19, 0.415836
0.186654005121699, 0.730066815144766, -0.00123089674033483, 20, 19, 0.41412
0.186654005121699, 0.733184855233853, -0.00123087094216443, 20, 19, 0.413847
0.186654005121699, 0.73630289532294, -0.0012308449299436, 20, 19, 0.415956
0.186654005121699, 0.739420935412027, -0.00123081870399933, 20, 19, 0.416244
0.186654005121699, 0.742538975501114, -0.00123079226468698, 20, 19, 0.415905
0.186654005121699, 0.7456570155902, -0.00123076561239043, 20, 19, 0.415886
0.186654005121699, 0.748775055679287, -0.00123073874417995, 20, 18, 0.390619
0.186654005121699, 0.751893095768374, -0.00123071166745765, 20, 18, 0.391305
0.186654005121699, 0.755011135857461, -0.00123068437905266, 20, 18, 0.391887
0.186654005121699, 0.758129175946548, -0.00123065687946631, 20, 18, 0.390353
0.186654005121699, 0.761247216035635, -0.00123062916922902, 20, 18, 0.390381
0.186654005121699, 0.764365256124722, -0.00123060124890047, 20, 18, 0.393445
0.186654005121699, 0.767483296213809, -0.00123057311906971, 20, 18, 0.390322
0.186654005121699, 0.770601336302895, -0.00123054478035535, 20, 18, 0.390647
0.186654005121699, 0.773719376391982, -0.00123051623340565, 20, 18, 0.39053
0.186654005121699, 0.776837416481069, -0.00123048747889865, 20, 18, 0.390854
0.186654005121699, 0.779955456570156, -0.00123045851754235, 20, 18, 0.39884
0.186654005121699, 0.783073496659243, -0.00123042935007477, 20, 18, 0.392675
0.186654005121699, 0.78619153674833, -0.00123039997726411, 20, 18, 0.392722
0.186654005121699, 0.789309576837417, -0.00123037039990885, 20, 18, 0.392964
0.186654005121699, 0.792427616926503, -0.00123034061526248, 20, 17, 0.36715
0.186654005121699, 0.79554565701559, -0.00123031063161488, 20, 17, 0.368
0.186654005121699, 0.798663697104677, -0.00123028044597913, 20, 17, 0.368238
0.186654005121699, 0.801781737193764, -0.00123025005927765, 20, 17, 0.367175
0.186654005121699, 0.804899777282851, -0.00123021947246354, 20, 17, 0.36744
0.186654005121699, 0.808017817371938, -0.00123018868652068, 20, 17, 0.367104
0.186654005121699, 0.811135857461025, -0.00123015770246384, 20, 17, 0.369514
0.186654005121699, 0.814253897550111, -0.0012301265213388, 20, 17, 0.367433
0.186654005121699, 0.817371937639198, -0.00123009514422241, 20, 17, 0.369429
0.186654005121699, 0.820489977728285, -0.00123006357222267, 20, 17, 0.367726
0.186654005121699, 0.823608017817372, -0.0012300318064789, 20, 17, 0.367376
0.186654005121699, 0.826726057906459, -0.00122999984816171, 20, 17, 0.369612
0.186654005121699, 0.829844097995546, -0.00122996769847316, 20, 17, 0.376446
0.186654005121699, 0.832962138084633, -0.00122993535864682, 20, 17, 0.378159
0.186654005121699, 0.836080178173719, -0.0012299028299478, 20, 17, 0.378466
0.186654005121699, 0.839198218262806, -0.00122987011367288, 20, 17, 0.380199
0.186654005121699, 0.842316258351893, -0.00122983721115056, 20, 17, 0.368305
0.186654005121699, 0.84543429844098, -0.00122980412025374, 20, 16, 0.344099
0.186654005121699, 0.848552338530067, -0.00122977084960662, 20, 16, 0.347405
0.186654005121699, 0.851670378619154, -0.00122973739686944, 20, 16, 0.352962
0.186654005121699, 0.854788418708241, -0.00122970376349952, 20, 16, 0.34915
0.186654005121699, 0.857906458797328, -0.00122966995098605, 20, 16, 0.356716
0.186654005121699, 0.861024498886414, -0.00122963596085016, 20, 16, 0.34889
0.186654005121699, 0.864142538975501, -0.00122960179464499, 20, 16, 0.34898
0.186654005121699, 0.867260579064588, -0.0012295674539557, 20, 16, 0.358776
0.186654005121699, 0.870378619153675, -0.00122953294039954, 20, 16, 0.345823
0.186654005121699, 0.873496659242762, -0.0012294982556259, 20, 16, 0.353571
0.186654005121699, 0.876614699331849, -0.00122946340131632, 20, 16, 0.34911
0.186654005121699, 0.879732739420936, -0.00122942837918451, 20, 16, 0.347437
0.186654005121699, 0.882850779510022, -0.00122939319097646, 20, 16, 0.346273
0.186654005121699, 0.885968819599109, -0.00122935783847035, 20, 16, 0.346298
0.186654005121699, 0.889086859688196, -0.00122932232347667, 20, 16, 0.357019
0.186654005121699, 0.892204899777283, -0.00122928664783819, 20, 16, 0.354138
0.186654005121699, 0.89532293986637, -0.00122925081343, 20, 16, 0.354893
0.186654005121699, 0.898440979955457, -0.00122921482215951, 20, 16, 0.347771
0.186654005121699, 0.901559020044544, -0.00122917867596647, 20, 16, 0.345052
0.186654005121699, 0.90467706013363, -0.00122914237682296, 20, 16, 0.345116
0.186654005121699, 0.907795100222717, -0.00122910592349415, 20, 15, 0.32177
0.186654005121699, 0.910913140311804, -0.00122906932472017, 20, 15, 0.321787
0.186654005121699, 0.914031180400891, -0.00122903257909053, 20, 15, 0.32181
0.186654005121699, 0.917149220489978, -0.00122899568870777, 20, 15, 0.321636
0.186654005121699, 0.920267260579065, -0.00122895865570671, 20, 15, 0.321822
0.186654005121699, 0.923385300668152, -0.00122892148225442, 20, 15, 0.321857
0.186654005121699, 0.926503340757238, -0.00122888417055023, 20, 15, 0.324216
0.186654005121699, 0.929621380846325, -0.00122884672282568, 20, 15, 0.321929
0.186654005121699, 0.932739420935412, -0.00122880914134456, 20, 15, 0.321697
0.186654005121699, 0.935857461024499, -0.00122877142840287, 20, 15, 0.321386
0.186654005121699, 0.938975501113586, -0.00122873358632875, 20, 15, 0.322412
0.186654005121699, 0.942093541202673, -0.00122869561748255, 20, 15, 0.32076
0.186654005121699, 0.945211581291759, -0.00122865752425673, 20, 15, 0.323637
0.186654005121699, 0.948329621380847, -0.00122861930907585, 20, 15, 0.323059
0.186654005121699, 0.951447661469933, -0.00122858097439655, 20, 15, 0.323071
0.186654005121699, 0.95456570155902, -0.00122854252270749, 20, 15, 0.331937
0.186654005121699, 0.957683741648107, -0.00122850395652934, 20, 15, 0.328845
0.186654005121699, 0.960801781737194, -0.00122846527841472, 20, 15, 0.338173
0.186654005121699, 0.963919821826281, -0.00122842649094814, 20, 15, 0.33056
0.186654005121699, 0.967037861915368, -0.001228387596746, 20, 15, 0.321189
0.186654005121699, 0.970155902004454, -0.00122834859845649, 20, 15, 0.320658
0.186654005121699, 0.973273942093541, -0.00122830949875957, 20, 15, 0.320868
0.186654005121699, 0.976391982182628, -0.00122827029716575, 20, 14, 0.311399
0.186654005121699, 0.979510022271715, -0.00122823100302851, 20, 14, 0.305773
0.186654005121699, 0.982628062360802, -0.00122819161570024, 20, 14, 0.29829
0.186654005121699, 0.985746102449889, -0.0012281521379882, 20, 14, 0.302376
0.186654005121699, 0.988864142538975, -0.00122811257273107, 20, 14, 0.3098
0.186654005121699, 0.991982182628063, -0.00122807292279885, 20, 14, 0.298619
0.186654005121699, 0.995100222717149, -0.00122803319109278, 20, 14, 0.304356
0.186654005121699, 0.998218262806236, -0.00122799338054534, 20, 14, 0.313795
0.186654005121699, 1.00133630289532, -0.00122795349412008, 20, 14, 0.306899
0.186654005121699, 1.00445434298441, -0.00122791353481161, 20, 14, 0.305731
0.186654005121699, 1.0075723830735, -0.0012278735056455, 20, 14, 0.300819
0.186654005121699, 1.01069042316258, -0.00122783340967821, 20, 14, 0.297523
0.186654005121699, 1.01380846325167, -0.00122779324999698, 20, 14, 0.297561
0.186654005121699, 1.01692650334076, -0.00122775302971975, 20, 14, 0.29992
0.186654005121699, 1.02004454342984, -0.0012277127519951, 20, 14, 0.312531
0.186654005121699, 1.02316258351893, -0.00122767242000211, 20, 14, 0.304557
0.186654005121699, 1.02628062360802, -0.0012276320369503, 20, 14, 0.310256
0.186654005121699, 1.0293986636971, -0.00122759160607952, 20, 14, 0.303895
0.186654005121699, 1.03251670378619, -0.00122755113065986, 20, 14, 0.301471
0.186654005121699, 1.03563474387528, -0.00122751061399151, 20, 14, 0.300188
0.186654005121699, 1.03875278396437, -0.00122747005940472, 20, 14, 0.2979
0.186654005121699, 1.04187082405345, -0.00122742947025963, 20, 14, 0.29786
0.186654005121699, 1.04498886414254, -0.0012273888499462, 20, 14, 0.297881
0.186654005121699, 1.04810690423163, -0.00122734820188406, 20, 14, 0.297853
0.186654005121699, 1.05122494432071, -0.00122730752952245, 20, 14, 0.301963
0.186654005121699, 1.0543429844098, -0.00122726683634004, 20, 14, 0.302467
0.186654005121699, 1.05746102449889, -0.00122722612278497, 20, 13, 0.28091
0.186654005121699, 1.06057906458797, -0.00122718539869933, 20, 13, 0.274678
0.186654005121699, 1.06369710467706, -0.00122714466439337, 20, 13, 0.274668
0.186654005121699, 1.06681514476615, -0.00122710392346307, 20, 13, 0.27462
0.186654005121699, 1.06993318485523, -0.00122706317953324, 20, 13, 0.2745
0.186654005121699, 1.07305122494432, -0.00122702243625732, 20, 13, 0.274239
0.186654005121699, 1.07616926503341, -0.00122698169731734, 20, 13, 0.274241
0.186654005121699, 1.07928730512249, -0.00122694096644088, 20, 13, 0.276892
0.186654005121699, 1.08240534521158, -0.0012269002473323, 20, 13, 0.279289
0.186654005121699, 1.08552338530067, -0.0012268595437756, 20, 13, 0.277205
0.186654005121699, 1.08864142538976, -0.00122681885956562, 20, 13, 0.277125
0.186654005121699, 1.09175946547884, -0.00122677819852505, 20, 13, 0.276907
0.186654005121699, 1.09487750556793, -0.00122673756450431, 20, 13, 0.276894
0.186654005121699, 1.09799554565702, -0.00122669696138137, 20, 13, 0.285554
0.186654005121699, 1.1011135857461, -0.00122665639306164, 20, 13, 0.288241
0.186654005121699, 1.10423162583519, -0.00122661586347777, 20, 13, 0.288708
0.186654005121699, 1.10734966592428, -0.00122657537658957, 20, 13, 0.2859
0.186654005121699, 1.11046770601336, -0.00122653493638379, 20, 13, 0.284486
0.186654005121699, 1.11358574610245, -0.00122649454687399, 20, 13, 0.280642
0.186654005121699, 1.11670378619154, -0.00122645421210039, 20, 13, 0.279417
0.186654005121699, 1.11982182628062, -0.0012264139361297, 20, 13, 0.279492
0.186654005121699, 1.12293986636971, -0.00122637372305496, 20, 13, 0.285921
0.186654005121699, 1.1260579064588, -0.00122633357699536, 20, 13, 0.282317
0.186654005121699, 1.12917594654788, -0.00122629350209613, 20, 13, 0.280479
0.186654005121699, 1.13229398663697, -0.0012262535025283, 20, 13, 0.281554
0.186654005121699, 1.13541202672606, -0.00122621358248856, 20, 13, 0.286426
0.186654005121699, 1.13853006681514, -0.00122617374619913, 20, 13, 0.283979
0.186654005121699, 1.14164810690423, -0.00122613399790752, 20, 13, 0.279825
0.186654005121699, 1.14476614699332, -0.0012260943418864, 20, 13, 0.292987
0.186654005121699, 1.14788418708241, -0.00122605478243341, 20, 13, 0.281171
0.186654005121699, 1.15100222717149, -0.00122601532387096, 20, 13, 0.288268
0.186654005121699, 1.15412026726058, -0.00122597596771478, 20, 12, 0.255848
0.186654005121699, 1.15723830734967, -0.00122593672415751, 20, 12, 0.256148
0.186654005121699, 1.16035634743875, -0.00122589759459619, 20, 12, 0.255652
0.186654005121699, 1.16347438752784, -0.00122585858345112, 20, 12, 0.254124
0.186654005121699, 1.16659242761693, -0.00122581969516642, 20, 12, 0.253755
0.186654005121699, 1.16971046770601, -0.0012257809342099, 20, 12, 0.25403
0.186654005121699, 1.1728285077951, -0.00122574230507285, 20, 12, 0.253852
0.186654005121699, 1.17594654788419, -0.00122570381226984, 20, 12, 0.265087
0.186654005121699, 1.17906458797327, -0.00122566546033853, 20, 12, 0.262455
0.186654005121699, 1.18218262806236, -0.00122562725383952, 20, 12, 0.268164
0.186654005121699, 1.18530066815145, -0.00122558919735609, 20, 12, 0.258248
0.186654005121699, 1.18841870824053, -0.00122555129549405, 20, 12, 0.259676
0.186654005121699, 1.19153674832962, -0.00122551355288155, 20, 12, 0.254039
0.186654005121699, 1.19465478841871, -0.00122547597416883, 20, 12, 0.254037
0.186654005121699, 1.1977728285078, -0.00122543856402809, 20, 12, 0.254098
0.186654005121699, 1.20089086859688, -0.00122540132715323, 20, 12, 0.256382
0.186654005121699, 1.20400890868597, -0.00122536426825969, 20, 12, 0.256397
0.186654005121699, 1.20712694877506, -0.00122532739208421, 20, 12, 0.256418
0.186654005121699, 1.21024498886414, -0.00122529070338465, 20, 12, 0.256456
0.186654005121699, 1.21336302895323, -0.0012252542069398, 20, 12, 0.256177
0.186654005121699, 1.21648106904232, -0.00122521790754911, 20, 12, 0.256442
0.186654005121699, 1.2195991091314, -0.00122518181003257, 20, 12, 0.256052
0.186654005121699, 1.22271714922049, -0.00122514591923042, 20, 12, 0.256469
0.186654005121699, 1.22583518930958, -0.00122511024000298, 20, 12, 0.253826
0.186654005121699, 1.22895322939866, -0.00122507477723043, 20, 12, 0.254065
0.186654005121699, 1.23207126948775, -0.00122503953581262, 20, 12, 0.254443
0.186654005121699, 1.23518930957684, -0.0012250045206688, 20, 12, 0.25417
0.186654005121699, 1.23830734966592, -0.00122496973673746, 20, 12, 0.253759
0.186654005121699, 1.24142538975501, -0.00122493518897608, 20, 12, 0.256088
0.186654005121699, 1.2445434298441, -0.00122490088236095, 20, 12, 0.25606
0.186654005121699, 1.24766146993318, -0.0012248668218869, 20, 12, 0.256064
0.186654005121699, 1.25077951002227, -0.00122483301256712, 20, 12, 0.254242
0.186654005121699, 1.25389755011136, -0.00122479945943293, 20, 12, 0.273697
0.186654005121699, 1.25701559020045, -0.00122476616753354, 20, 12, 0.253711
0.186654005121699, 1.26013363028953, -0.00122473314193589, 20, 12, 0.253764
0.186654005121699, 1.26325167037862, -0.00122470038772433, 20, 12, 0.253866
0.186654005121699, 1.26636971046771, -0.00122466791000047, 20, 12, 0.253748
0.186654005121699, 1.26948775055679, -0.00122463571129518, 20, 11, 0.230584
0.186654005121699, 1.27260579064588, -0.00122460380205258, 20, 11, 0.231288
0.186654005121699, 1.27572383073497, -0.00122457218469688, 20, 11, 0.230623
0.186654005121699, 1.27884187082405, -0.00122454086439674, 20, 11, 0.230567
0.186654005121699, 1.28195991091314, -0.00122450984633692, 20, 11, 0.230577
0.186654005121699, 1.28507795100223, -0.00122447913571804, 20, 11, 0.230605
0.186654005121699, 1.28819599109131, -0.00122444873775636, 20, 11, 0.235208
0.186654005121699, 1.2913140311804, -0.00122441865768353, 20, 11, 0.230695
0.186654005121699, 1.29443207126949, -0.00122438890074641, 20, 11, 0.231057
0.186654005121699, 1.29755011135857, -0.00122435947220677, 20, 11, 0.236634
0.186654005121699, 1.30066815144766, -0.00122433037734113, 20, 11, 0.230966
0.186654005121699, 1.30378619153675, -0.00122430162144046, 20, 11, 0.232279
0.186654005121699, 1.30690423162584, -0.00122427320981003, 20, 11, 0.237362
0.186654005121699, 1.31002227171492, -0.00122424514776908, 20, 11, 0.234944
0.186654005121699, 1.31314031180401, -0.00122421744065067, 20, 11, 0.23089
0.186654005121699, 1.3162583518931, -0.00122419009380141, 20, 11, 0.239169
0.186654005121699, 1.31937639198218, -0.00122416311258122, 20, 11, 0.241441
0.186654005121699, 1.32249443207127, -0.0012241365023631, 20, 11, 0.260525
0.186654005121699, 1.32561247216036, -0.00122411026853293, 20, 11, 0.236573
0.186654005121699, 1.32873051224944, -0.00122408441648916, 20, 11, 0.252907
0.186654005121699, 1.33184855233853, -0.00122405895164266, 20, 11, 0.236818
0.186654005121699, 1.33496659242762, -0.00122403387941641, 20, 11, 0.236544
0.186654005121699, 1.3380846325167, -0.00122400920524532, 20, 11, 0.23343
0.186654005121699, 1.34120267260579, -0.00122398493457596, 20, 11, 0.232896
0.186654005121699, 1.34432071269488, -0.00122396107286632, 20, 11, 0.23345
0.186654005121699, 1.34743875278396, -0.00122393762558559, 20, 11, 0.243275
0.186654005121699, 1.35055679287305, -0.00122391459821394, 20, 11, 0.242542
0.186654005121699, 1.35367483296214, -0.00122389199624221, 20, 11, 0.238144
0.186654005121699, 1.35679287305122, -0.00122386982517176, 20, 11, 0.234641
0.186654005121699, 1.35991091314031, -0.00122384809051417, 20, 11, 0.236306
0.186654005121699, 1.3630289532294, -0.00122382679779102, 20, 11, 0.248988
0.186654005121699, 1.36614699331849, -0.00122380595253367, 20, 11, 0.233284
0.186654005121699, 1.36926503340757, -0.00122378556028299, 20, 11, 0.233365
0.186654005121699, 1.37238307349666, -0.00122376562658914, 20, 11, 0.232844
0.186654005121699, 1.37550111358575, -0.00122374615701131, 20, 11, 0.232852
0.186654005121699, 1.37861915367483, -0.00122372715711751, 20, 11, 0.247857
0.186654005121699, 1.38173719376392, -0.00122370863248432, 20, 11, 0.250971
0.186654005121699, 1.38485523385301, -0.00122369058869663, 20, 11, 0.237827
0.186654005121699, 1.38797327394209, -0.00122367303134743, 20, 11, 0.230451
0.186654005121699, 1.39109131403118, -0.00122365596603755, 20, 11, 0.230471
0.186654005121699, 1.39420935412027, -0.00122363939837543, 20, 11, 0.234137
0.186654005121699, 1.39732739420935, -0.00122362333397688, 20, 11, 0.23415
0.186654005121699, 1.40044543429844, -0.00122360777846482, 20, 11, 0.234627
0.186654005121699, 1.40356347438753, -0.00122359273746909, 20, 11, 0.241828
0.186654005121699, 1.40668151447661, -0.00122357821662615, 20, 11, 0.25809
0.186654005121699, 1.4097995545657, -0.00122356421926202, 20, 10, 0.238458
0.186654005121699, 1.41291759465479, -0.00122355075576821, 20, 10, 0.222859
0.186654005121699, 1.41603563474388, -0.00122353782936903, 20, 10, 0.207363
0.186654005121699, 1.41915367483296, -0.00122352544572539, 20, 10, 0.207528
0.186654005121699, 1.42227171492205, -0.00122351361050366, 20, 10, 0.226612
0.186654005121699, 1.42538975501114, -0.00122350232937539, 20, 10, 0.211421
0.186654005121699, 1.42850779510022, -0.00122349160801712, 20, 10, 0.217491
0.186654005121699, 1.43162583518931, -0.00122348145211011, 20, 10, 0.207321
0.186654005121699, 1.4347438752784, -0.0012234718673401, 20, 10, 0.211071
0.186654005121699, 1.43786191536748, -0.00122346285939712, 20, 10, 0.208154
0.186654005121699, 1.44097995545657, -0.00122345443397518, 20, 10, 0.213839
0.186654005121699, 1.44409799554566, -0.00122344659677209, 20, 10, 0.209725
0.186654005121699, 1.44721603563474, -0.00122343935348921, 20, 10, 0.207394
0.186654005121699, 1.45033407572383, -0.00122343270983121, 20, 10, 0.207337
0.186654005121699, 1.45345211581292, -0.00122342667150581, 20, 10, 0.210079
0.186654005121699, 1.456570155902, -0.00122342124422361, 20, 10, 0.21112
0.186654005121699, 1.45968819599109, -0.00122341643369777, 20, 10, 0.207752
0.186654005121699, 1.46280623608018, -0.00122341224564386, 20, 10, 0.211009
0.186654005121699, 1.46592427616927, -0.00122340868577956, 20, 10, 0.211003
0.186654005121699, 1.46904231625835, -0.00122340575982445, 20, 10, 0.213419
0.186654005121699, 1.47216035634744, -0.0012234034734998, 20, 10, 0.210024
0.186654005121699, 1.47527839643653, -0.0012234018325283, 20, 10, 0.210173
0.186654005121699, 1.47839643652561, -0.00122340084263384, 20, 10, 0.209722
0.186654005121699, 1.4815144766147, -0.0012234005095413, 20, 10, 0.220465
0.186654005121699, 1.48463251670379, -0.00122340083897629, 20, 10, 0.209774
0.186654005121699, 1.48775055679287, -0.00122340183666493, 20, 10, 0.209721
0.186654005121699, 1.49086859688196, -0.00122340350833362, 20, 10, 0.221737
0.186654005121699, 1.49398663697105, -0.0012234058597088, 20, 10, 0.209733
0.186654005121699, 1.49710467706013, -0.00122340889651676, 20, 10, 0.243125
0.186654005121699, 1.50022271714922, -0.00122341262448335, 20, 10, 0.21146
0.186654005121699, 1.50334075723831, -0.00122341704933381, 20, 10, 0.211076
0.186654005121699, 1.50645879732739, -0.0012234221767925, 20, 10, 0.220416
0.186654005121699, 1.50957683741648, -0.0012234280125827, 20, 10, 0.208275
0.186654005121699, 1.51269487750557, -0.00122343456242637, 20, 10, 0.21634
0.186654005121699, 1.51581291759465, -0.00122344183204394, 20, 10, 0.211476
0.186654005121699, 1.51893095768374, -0.00122344982715406, 20, 10, 0.209822
0.186654005121699, 1.52204899777283, -0.00122345855347339, 20, 10, 0.231639
0.186654005121699, 1.52516703786192, -0.0012234680167164, 20, 10, 0.211676
0.186654005121699, 1.528285077951, -0.0012234782225951, 20, 10, 0.221693
0.186654005121699, 1.53140311804009, -0.00122348917681885, 20, 10, 0.207389
0.186654005121699, 1.53452115812918, -0.00122350088509414, 20, 10, 0.211782
0.186654005121699, 1.53763919821826, -0.00122351335312436, 20, 10, 0.211106
0.186654005121699, 1.54075723830735, -0.00122352658660957, 20, 10, 0.218473
0.186654005121699, 1.54387527839644, -0.00122354059124631, 20, 10, 0.223022
0.186654005121699, 1.54699331848552, -0.00122355537272735, 20, 10, 0.216874
0.186654005121699, 1.55011135857461, -0.00122357093674149, 20, 10, 0.207835
0.186654005121699, 1.5532293986637, -0.00122358728897335, 20, 10, 0.208173
0.186654005121699, 1.55634743875278, -0.00122360443510315, 20, 10, 0.214638
0.186654005121699, 1.55946547884187, -0.00122362238080646, 20, 10, 0.207303
0.186654005121699, 1.56258351893096, -0.00122364113175406, 20, 10, 0.207311
0.186654005121699, 1.56570155902004, -0.00122366069361166, 20, 10, 0.215189
0.186654005121699, 1.56881959910913, -0.00122368107203971, 20, 10, 0.208967
0.186654005121699, 1.57193763919822, -0.0012237022726932, 20, 10, 0.207822
0.186654005121699, 1.57505567928731, -0.00122372430122143, 20, 10, 0.207347
0.186654005121699, 1.57817371937639, -0.00122374716326782, 20, 10, 0.207816
0.186654005121699, 1.58129175946548, -0.00122377086446969, 20, 10, 0.208193
0.186654005121699, 1.58440979955457, -0.00122379541045806, 20, 10, 0.216033
0.186654005121699, 1.58752783964365, -0.00122382080493614, 20, 9, 0.184097
0.186654005121699, 1.59064587973274, -0.00122384705744569, 20, 9, 0.196329
0.186654005121699, 1.59376391982183, -0.00122387417159145, 20, 9, 0.196503
0.186654005121699, 1.59688195991091, -0.00122390215297728, 20, 9, 0.184189
0.186654005121699, 1.6, -0.00122393100719975, 20, 9, 0.184263
# finished at Tue Apr 29 20:58:43 CEST 2014
