# starting on alcc59 at Wed Apr 30 02:33:15 CEST 2014
# casimir, -T, 0.200000,1.600000,450, -Q, 0.370304026091146, -p, 1e-08, -L, 20
# Compiler icc, using long double and plain matrix elements and plain integration
# precision=1e-08
# lfac=5
# cores=1
# L=0.370304
# T=0.2...1.6 (450)
#
# R/(L+R), T, F, lmax, nmax, time
0.370304026091146, 0.2, -0.0117681613442907, 20, 79, 2.31164
0.370304026091146, 0.203118040089087, -0.0117681547994371, 20, 78, 2.25011
0.370304026091146, 0.206236080178174, -0.0117681479527688, 20, 77, 2.18933
0.370304026091146, 0.209354120267261, -0.01176814079566, 20, 76, 2.10432
0.370304026091146, 0.212472160356347, -0.0117681332964398, 20, 74, 2.10607
0.370304026091146, 0.215590200445434, -0.0117681254922027, 20, 73, 2.01264
0.370304026091146, 0.218708240534521, -0.0117681173507781, 20, 72, 2.10192
0.370304026091146, 0.221826280623608, -0.0117681088630874, 20, 71, 1.95018
0.370304026091146, 0.224944320712695, -0.0117681000199762, 20, 70, 1.9005
0.370304026091146, 0.228062360801782, -0.0117680908120828, 20, 69, 1.87218
0.370304026091146, 0.231180400890869, -0.0117680812551025, 20, 69, 1.90636
0.370304026091146, 0.234298440979955, -0.0117680712904604, 20, 68, 1.9503
0.370304026091146, 0.237416481069042, -0.0117680609328019, 20, 67, 1.85115
0.370304026091146, 0.240534521158129, -0.0117680501724747, 20, 66, 1.87685
0.370304026091146, 0.243652561247216, -0.0117680389996187, 20, 65, 1.82442
0.370304026091146, 0.246770601336303, -0.0117680274043772, 20, 64, 1.85466
0.370304026091146, 0.24988864142539, -0.0117680154030812, 20, 64, 1.7404
0.370304026091146, 0.253006681514477, -0.0117680029352499, 20, 63, 1.70661
0.370304026091146, 0.256124721603563, -0.0117679900151746, 20, 62, 1.68097
0.370304026091146, 0.25924276169265, -0.0117679766325129, 20, 61, 1.66095
0.370304026091146, 0.262360801781737, -0.0117679628046123, 20, 61, 1.68333
0.370304026091146, 0.265478841870824, -0.0117679484688096, 20, 60, 1.74697
0.370304026091146, 0.268596881959911, -0.0117679336395689, 20, 59, 1.61303
0.370304026091146, 0.271714922048998, -0.0117679183342789, 20, 59, 1.63504
0.370304026091146, 0.274832962138085, -0.0117679024899266, 20, 58, 1.61739
0.370304026091146, 0.277951002227172, -0.0117678861205862, 20, 57, 1.5452
0.370304026091146, 0.281069042316258, -0.0117678692449641, 20, 57, 1.585
0.370304026091146, 0.284187082405345, -0.0117678517972878, 20, 56, 1.52677
0.370304026091146, 0.287305122494432, -0.0117678337922959, 20, 55, 1.49022
0.370304026091146, 0.290423162583519, -0.0117678152517227, 20, 55, 1.48897
0.370304026091146, 0.293541202672606, -0.0117677961041222, 20, 54, 1.45865
0.370304026091146, 0.296659242761693, -0.0117677763982491, 20, 54, 1.48028
0.370304026091146, 0.29977728285078, -0.0117677560646827, 20, 53, 1.43455
0.370304026091146, 0.302895322939866, -0.0117677351503716, 20, 53, 1.43314
0.370304026091146, 0.306013363028953, -0.0117677135869457, 20, 52, 1.41205
0.370304026091146, 0.30913140311804, -0.0117676914206435, 20, 52, 1.40553
0.370304026091146, 0.312249443207127, -0.0117676685832211, 20, 51, 1.37785
0.370304026091146, 0.315367483296214, -0.0117676451210051, 20, 51, 1.37784
0.370304026091146, 0.318485523385301, -0.0117676209650531, 20, 50, 1.34857
0.370304026091146, 0.321603563474388, -0.0117675961626751, 20, 50, 1.35569
0.370304026091146, 0.324721603563474, -0.0117675706433313, 20, 49, 1.32479
0.370304026091146, 0.327839643652561, -0.0117675444563087, 20, 49, 1.32535
0.370304026091146, 0.330957683741648, -0.0117675175284018, 20, 48, 1.32589
0.370304026091146, 0.334075723830735, -0.0117674899118669, 20, 48, 1.29526
0.370304026091146, 0.337193763919822, -0.0117674615299333, 20, 47, 1.32316
0.370304026091146, 0.340311804008909, -0.0117674324389663, 20, 47, 1.2713
0.370304026091146, 0.343429844097996, -0.011767402591043, 20, 47, 1.27227
0.370304026091146, 0.346547884187082, -0.0117673719467385, 20, 46, 1.24833
0.370304026091146, 0.349665924276169, -0.0117673405564495, 20, 46, 1.26441
0.370304026091146, 0.352783964365256, -0.0117673083439284, 20, 45, 1.30328
0.370304026091146, 0.355902004454343, -0.0117672753659439, 20, 45, 1.29289
0.370304026091146, 0.35902004454343, -0.0117672415743444, 20, 45, 1.22325
0.370304026091146, 0.362138084632517, -0.0117672069279308, 20, 44, 1.19437
0.370304026091146, 0.365256124721604, -0.0117671714802074, 20, 44, 1.18549
0.370304026091146, 0.36837416481069, -0.0117671351847558, 20, 44, 1.19206
0.370304026091146, 0.371492204899777, -0.0117670980011621, 20, 43, 1.15792
0.370304026091146, 0.374610244988864, -0.0117670599811626, 20, 43, 1.15773
0.370304026091146, 0.377728285077951, -0.0117670210792918, 20, 43, 1.16915
0.370304026091146, 0.380846325167038, -0.0117669812551671, 20, 42, 1.14179
0.370304026091146, 0.383964365256125, -0.0117669405602968, 20, 42, 1.13475
0.370304026091146, 0.387082405345212, -0.0117668989493997, 20, 42, 1.13028
0.370304026091146, 0.390200445434298, -0.0117668563814779, 20, 41, 1.1041
0.370304026091146, 0.393318485523385, -0.0117668129092835, 20, 41, 1.10267
0.370304026091146, 0.396436525612472, -0.0117667684869611, 20, 41, 1.10282
0.370304026091146, 0.399554565701559, -0.0117667230722648, 20, 40, 1.07544
0.370304026091146, 0.402672605790646, -0.0117666767206296, 20, 40, 1.07712
0.370304026091146, 0.405790645879733, -0.0117666293848839, 20, 40, 1.07776
0.370304026091146, 0.40890868596882, -0.0117665810206261, 20, 39, 1.05968
0.370304026091146, 0.412026726057906, -0.0117665316879668, 20, 39, 1.04766
0.370304026091146, 0.415144766146993, -0.0117664813373944, 20, 39, 1.04957
0.370304026091146, 0.41826280623608, -0.0117664299579279, 20, 39, 1.04948
0.370304026091146, 0.421380846325167, -0.0117663775069215, 20, 38, 1.02083
0.370304026091146, 0.424498886414254, -0.0117663240409065, 20, 38, 1.02046
0.370304026091146, 0.427616926503341, -0.0117662695125395, 20, 38, 1.02024
0.370304026091146, 0.430734966592428, -0.0117662138753792, 20, 37, 0.993297
0.370304026091146, 0.433853006681514, -0.0117661571942911, 20, 37, 0.992774
0.370304026091146, 0.436971046770601, -0.0117660994177147, 20, 37, 0.993301
0.370304026091146, 0.440089086859688, -0.0117660405349198, 20, 37, 0.992977
0.370304026091146, 0.443207126948775, -0.011765980499422, 20, 36, 0.963968
0.370304026091146, 0.446325167037862, -0.0117659193765705, 20, 36, 0.964929
0.370304026091146, 0.449443207126949, -0.0117658571149687, 20, 36, 0.967382
0.370304026091146, 0.452561247216036, -0.0117657937039423, 20, 36, 0.967028
0.370304026091146, 0.455679287305123, -0.0117657291330506, 20, 36, 0.96715
0.370304026091146, 0.458797327394209, -0.0117656633592566, 20, 35, 0.937754
0.370304026091146, 0.461915367483296, -0.0117655964412453, 20, 35, 0.940326
0.370304026091146, 0.465033407572383, -0.0117655283316154, 20, 35, 0.939409
0.370304026091146, 0.46815144766147, -0.0117654590201016, 20, 35, 0.939778
0.370304026091146, 0.471269487750557, -0.0117653884615449, 20, 34, 0.910024
0.370304026091146, 0.474387527839644, -0.0117653167198196, 20, 34, 0.911002
0.370304026091146, 0.477505567928731, -0.01176524374524, 20, 34, 0.910866
0.370304026091146, 0.480623608017817, -0.0117651695278237, 20, 34, 0.915458
0.370304026091146, 0.483741648106904, -0.0117650940576484, 20, 34, 0.911904
0.370304026091146, 0.486859688195991, -0.0117650172906603, 20, 33, 0.882515
0.370304026091146, 0.489977728285078, -0.0117649392894075, 20, 33, 0.882546
0.370304026091146, 0.493095768374165, -0.0117648600055742, 20, 33, 0.882448
0.370304026091146, 0.496213808463252, -0.0117647794295702, 20, 33, 0.882807
0.370304026091146, 0.499331848552339, -0.0117646975518788, 20, 33, 0.884293
0.370304026091146, 0.502449888641425, -0.0117646143282986, 20, 32, 0.855371
0.370304026091146, 0.505567928730512, -0.0117645298228944, 20, 32, 0.855588
0.370304026091146, 0.508685968819599, -0.011764443987296, 20, 32, 0.86022
0.370304026091146, 0.511804008908686, -0.011764356812443, 20, 32, 0.857322
0.370304026091146, 0.514922048997773, -0.0117642682891329, 20, 32, 0.857516
0.370304026091146, 0.51804008908686, -0.0117641783717701, 20, 31, 0.827779
0.370304026091146, 0.521158129175947, -0.0117640871289079, 20, 31, 0.830136
0.370304026091146, 0.524276169265034, -0.0117639945106351, 20, 31, 0.829364
0.370304026091146, 0.52739420935412, -0.0117639005083294, 20, 31, 0.833888
0.370304026091146, 0.530512249443207, -0.0117638051134666, 20, 31, 0.833021
0.370304026091146, 0.533630289532294, -0.0117637083176246, 20, 31, 0.829376
0.370304026091146, 0.536748329621381, -0.0117636100764552, 20, 30, 0.8004
0.370304026091146, 0.539866369710468, -0.0117635104576154, 20, 30, 0.803682
0.370304026091146, 0.542984409799555, -0.0117634094127743, 20, 30, 0.803683
0.370304026091146, 0.546102449888642, -0.0117633069339918, 20, 30, 0.809425
0.370304026091146, 0.549220489977728, -0.0117632030134412, 20, 30, 0.801753
0.370304026091146, 0.552338530066815, -0.0117630976434123, 20, 30, 0.801758
0.370304026091146, 0.555456570155902, -0.011762990779297, 20, 29, 0.772377
0.370304026091146, 0.558574610244989, -0.0117628824914456, 20, 29, 0.77274
0.370304026091146, 0.561692650334076, -0.0117627727313291, 20, 29, 0.776286
0.370304026091146, 0.564810690423163, -0.0117626614917727, 20, 29, 0.77247
0.370304026091146, 0.567928730512249, -0.0117625487657288, 20, 29, 0.779164
0.370304026091146, 0.571046770601336, -0.0117624345462799, 20, 29, 0.774143
0.370304026091146, 0.574164810690423, -0.0117623187868294, 20, 28, 0.748436
0.370304026091146, 0.57728285077951, -0.0117622015642896, 20, 28, 0.744771
0.370304026091146, 0.580400890868597, -0.0117620828280149, 20, 28, 0.750724
0.370304026091146, 0.583518930957684, -0.0117619625716755, 20, 28, 0.744787
0.370304026091146, 0.586636971046771, -0.0117618407890818, 20, 28, 0.744767
0.370304026091146, 0.589755011135857, -0.0117617174741876, 20, 28, 0.744979
0.370304026091146, 0.592873051224944, -0.0117615926210924, 20, 28, 0.747321
0.370304026091146, 0.595991091314031, -0.0117614662241334, 20, 28, 0.752671
0.370304026091146, 0.599109131403118, -0.0117613382408565, 20, 27, 0.723305
0.370304026091146, 0.602227171492205, -0.0117612087427597, 20, 27, 0.726371
0.370304026091146, 0.605345211581292, -0.0117610776840397, 20, 27, 0.753514
0.370304026091146, 0.608463251670379, -0.0117609450595968, 20, 27, 0.719843
0.370304026091146, 0.611581291759466, -0.0117608108644895, 20, 27, 0.732658
0.370304026091146, 0.614699331848552, -0.011760675093937, 20, 27, 0.771616
0.370304026091146, 0.617817371937639, -0.0117605377433216, 20, 27, 0.731317
0.370304026091146, 0.620935412026726, -0.0117603987686413, 20, 26, 0.689808
0.370304026091146, 0.624053452115813, -0.0117602582483568, 20, 26, 0.69554
0.370304026091146, 0.6271714922049, -0.011760116134825, 20, 26, 0.69153
0.370304026091146, 0.630289532293987, -0.0117599724241353, 20, 26, 0.691587
0.370304026091146, 0.633407572383074, -0.0117598271125494, 20, 26, 0.691545
0.370304026091146, 0.63652561247216, -0.0117596801965032, 20, 26, 0.692561
0.370304026091146, 0.639643652561247, -0.0117595316726093, 20, 26, 0.695279
0.370304026091146, 0.642761692650334, -0.0117593815376594, 20, 26, 0.691576
0.370304026091146, 0.645879732739421, -0.011759229747625, 20, 25, 0.662111
0.370304026091146, 0.648997772828508, -0.0117590763853045, 20, 25, 0.663074
0.370304026091146, 0.652115812917595, -0.0117589214030766, 20, 25, 0.662307
0.370304026091146, 0.655233853006682, -0.0117587647984986, 20, 25, 0.66406
0.370304026091146, 0.658351893095768, -0.0117586065693153, 20, 25, 0.667845
0.370304026091146, 0.661469933184855, -0.0117584467134605, 20, 25, 0.667718
0.370304026091146, 0.664587973273942, -0.0117582852290594, 20, 25, 0.66451
0.370304026091146, 0.667706013363029, -0.0117581221144304, 20, 25, 0.664009
0.370304026091146, 0.670824053452116, -0.0117579573680876, 20, 25, 0.663985
0.370304026091146, 0.673942093541203, -0.0117577909474162, 20, 24, 0.634652
0.370304026091146, 0.67706013363029, -0.0117576229375075, 20, 24, 0.634565
0.370304026091146, 0.680178173719376, -0.0117574532923183, 20, 24, 0.635036
0.370304026091146, 0.683296213808463, -0.0117572820111887, 20, 24, 0.634689
0.370304026091146, 0.68641425389755, -0.0117571090936617, 20, 24, 0.635246
0.370304026091146, 0.689532293986637, -0.0117569345394845, 20, 24, 0.638422
0.370304026091146, 0.692650334075724, -0.0117567583486111, 20, 24, 0.636463
0.370304026091146, 0.695768374164811, -0.0117565805212034, 20, 24, 0.636377
0.370304026091146, 0.698886414253898, -0.0117564010576334, 20, 24, 0.636376
0.370304026091146, 0.702004454342984, -0.0117562199584849, 20, 24, 0.640036
0.370304026091146, 0.705122494432071, -0.011756037183598, 20, 23, 0.619889
0.370304026091146, 0.708240534521158, -0.0117558528192569, 20, 23, 0.612508
0.370304026091146, 0.711358574610245, -0.011755666822101, 20, 23, 0.607674
0.370304026091146, 0.714476614699332, -0.0117554791935998, 20, 23, 0.607119
0.370304026091146, 0.717594654788419, -0.0117552899355469, 20, 23, 0.615306
0.370304026091146, 0.720712694877506, -0.0117550990496363, 20, 23, 0.609099
0.370304026091146, 0.723830734966592, -0.0117549065381028, 20, 23, 0.609016
0.370304026091146, 0.726948775055679, -0.0117547124032973, 20, 23, 0.609056
0.370304026091146, 0.730066815144766, -0.0117545166477948, 20, 23, 0.609022
0.370304026091146, 0.733184855233853, -0.0117543192743961, 20, 23, 0.615813
0.370304026091146, 0.73630289532294, -0.0117541202861288, 20, 23, 0.643654
0.370304026091146, 0.739420935412027, -0.0117539196458828, 20, 22, 0.582231
0.370304026091146, 0.742538975501114, -0.0117537174410491, 20, 22, 0.586926
0.370304026091146, 0.7456570155902, -0.0117535136315577, 20, 22, 0.582297
0.370304026091146, 0.748775055679287, -0.0117533082213777, 20, 22, 0.586131
0.370304026091146, 0.751893095768374, -0.0117531012147101, 20, 22, 0.581526
0.370304026091146, 0.755011135857461, -0.0117528926159893, 20, 22, 0.58199
0.370304026091146, 0.758129175946548, -0.0117526824298846, 20, 22, 0.622341
0.370304026091146, 0.761247216035635, -0.0117524706613009, 20, 22, 0.611639
0.370304026091146, 0.764365256124722, -0.0117522573153805, 20, 22, 0.606241
0.370304026091146, 0.767483296213809, -0.011752042397504, 20, 22, 0.609484
0.370304026091146, 0.770601336302895, -0.0117518259132911, 20, 22, 0.593931
0.370304026091146, 0.773719376391982, -0.0117516078686022, 20, 22, 0.62784
0.370304026091146, 0.776837416481069, -0.0117513882295242, 20, 21, 0.552184
0.370304026091146, 0.779955456570156, -0.011751167085439, 20, 21, 0.557509
0.370304026091146, 0.783073496659243, -0.0117509443996865, 20, 21, 0.558152
0.370304026091146, 0.78619153674833, -0.0117507201791159, 20, 21, 0.573868
0.370304026091146, 0.789309576837417, -0.0117504944308206, 20, 21, 0.591695
0.370304026091146, 0.792427616926503, -0.0117502671621389, 20, 21, 0.600175
0.370304026091146, 0.79554565701559, -0.011750038380655, 20, 21, 0.611235
0.370304026091146, 0.798663697104677, -0.0117498080942002, 20, 21, 0.577375
0.370304026091146, 0.801781737193764, -0.0117495763108534, 20, 21, 0.593666
0.370304026091146, 0.804899777282851, -0.0117493430389422, 20, 21, 0.590797
0.370304026091146, 0.808017817371938, -0.0117491082870434, 20, 21, 0.553881
0.370304026091146, 0.811135857461025, -0.0117488720639838, 20, 21, 0.553936
0.370304026091146, 0.814253897550111, -0.0117486343788412, 20, 21, 0.553886
0.370304026091146, 0.817371937639198, -0.0117483952005924, 20, 20, 0.524586
0.370304026091146, 0.820489977728285, -0.0117481546224174, 20, 20, 0.524639
0.370304026091146, 0.823608017817372, -0.011747912610697, 20, 20, 0.524578
0.370304026091146, 0.826726057906459, -0.0117476691755331, 20, 20, 0.524634
0.370304026091146, 0.829844097995546, -0.0117474243272806, 20, 20, 0.526366
0.370304026091146, 0.832962138084633, -0.0117471780765479, 20, 20, 0.526276
0.370304026091146, 0.836080178173719, -0.0117469304341972, 20, 20, 0.526328
0.370304026091146, 0.839198218262806, -0.0117466814113451, 20, 20, 0.526311
0.370304026091146, 0.842316258351893, -0.0117464310193633, 20, 20, 0.526271
0.370304026091146, 0.84543429844098, -0.0117461792698788, 20, 20, 0.526291
0.370304026091146, 0.848552338530067, -0.0117459261747746, 20, 20, 0.527245
0.370304026091146, 0.851670378619154, -0.0117456717461897, 20, 20, 0.526253
0.370304026091146, 0.854788418708241, -0.0117454159965198, 20, 20, 0.526341
0.370304026091146, 0.857906458797328, -0.0117451589384172, 20, 20, 0.526298
0.370304026091146, 0.861024498886414, -0.0117449005429207, 20, 19, 0.497039
0.370304026091146, 0.864142538975501, -0.0117446409097974, 20, 19, 0.497046
0.370304026091146, 0.867260579064588, -0.0117443800075483, 20, 19, 0.497007
0.370304026091146, 0.870378619153675, -0.0117441178498691, 20, 19, 0.496956
0.370304026091146, 0.873496659242762, -0.0117438544507125, 20, 19, 0.497005
0.370304026091146, 0.876614699331849, -0.0117435898242887, 20, 19, 0.497012
0.370304026091146, 0.879732739420936, -0.011743323985065, 20, 19, 0.496952
0.370304026091146, 0.882850779510022, -0.0117430569477667, 20, 19, 0.497781
0.370304026091146, 0.885968819599109, -0.0117427887273763, 20, 19, 0.496986
0.370304026091146, 0.889086859688196, -0.0117425193391343, 20, 19, 0.498697
0.370304026091146, 0.892204899777283, -0.0117422487985389, 20, 19, 0.502417
0.370304026091146, 0.89532293986637, -0.0117419771214791, 20, 19, 0.500732
0.370304026091146, 0.898440979955457, -0.0117417043237018, 20, 19, 0.500732
0.370304026091146, 0.901559020044544, -0.0117414304216119, 20, 19, 0.50074
0.370304026091146, 0.90467706013363, -0.0117411554317382, 20, 19, 0.500769
0.370304026091146, 0.907795100222717, -0.0117408793708668, 20, 19, 0.500759
0.370304026091146, 0.910913140311804, -0.0117406022560414, 20, 19, 0.500719
0.370304026091146, 0.914031180400891, -0.0117403240650131, 20, 18, 0.471433
0.370304026091146, 0.917149220489978, -0.0117400448970012, 20, 18, 0.47143
0.370304026091146, 0.920267260579065, -0.0117397647275417, 20, 18, 0.471431
0.370304026091146, 0.923385300668152, -0.0117394835747158, 20, 18, 0.471374
0.370304026091146, 0.926503340757238, -0.0117392014568601, 20, 18, 0.471419
0.370304026091146, 0.929621380846325, -0.0117389183925661, 20, 18, 0.471396
0.370304026091146, 0.932739420935412, -0.0117386344006803, 20, 18, 0.471385
0.370304026091146, 0.935857461024499, -0.0117383495003038, 20, 18, 0.471474
0.370304026091146, 0.938975501113586, -0.0117380637107914, 20, 18, 0.471436
0.370304026091146, 0.942093541202673, -0.011737777051752, 20, 18, 0.471424
0.370304026091146, 0.945211581291759, -0.0117374895430476, 20, 18, 0.471518
0.370304026091146, 0.948329621380847, -0.0117372012047931, 20, 18, 0.471505
0.370304026091146, 0.951447661469933, -0.0117369120573555, 20, 18, 0.471468
0.370304026091146, 0.95456570155902, -0.0117366221213541, 20, 18, 0.471445
0.370304026091146, 0.957683741648107, -0.0117363314176591, 20, 18, 0.473206
0.370304026091146, 0.960801781737194, -0.0117360399673917, 20, 18, 0.473153
0.370304026091146, 0.963919821826281, -0.0117357477919231, 20, 18, 0.473177
0.370304026091146, 0.967037861915368, -0.0117354549128742, 20, 18, 0.473134
0.370304026091146, 0.970155902004454, -0.0117351613121958, 20, 17, 0.443875
0.370304026091146, 0.973273942093541, -0.0117348670942919, 20, 17, 0.470354
0.370304026091146, 0.976391982182628, -0.0117345722390113, 20, 17, 0.499958
0.370304026091146, 0.979510022271715, -0.0117342767689756, 20, 17, 0.496817
0.370304026091146, 0.982628062360802, -0.0117339807070518, 20, 17, 0.494797
0.370304026091146, 0.985746102449889, -0.011733684076352, 20, 17, 0.472972
0.370304026091146, 0.988864142538975, -0.0117333869002321, 20, 17, 0.49227
0.370304026091146, 0.991982182628063, -0.0117330892022917, 20, 17, 0.491953
0.370304026091146, 0.995100222717149, -0.0117327910063724, 20, 17, 0.443825
0.370304026091146, 0.998218262806236, -0.0117324923365579, 20, 17, 0.456361
0.370304026091146, 1.00133630289532, -0.0117321932171725, 20, 17, 0.455828
0.370304026091146, 1.00445434298441, -0.0117318936727806, 20, 17, 0.484299
0.370304026091146, 1.0075723830735, -0.0117315937281855, 20, 17, 0.464275
0.370304026091146, 1.01069042316258, -0.0117312934084287, 20, 17, 0.503741
0.370304026091146, 1.01380846325167, -0.011730992738789, 20, 17, 0.489629
0.370304026091146, 1.01692650334076, -0.0117306917447811, 20, 17, 0.466083
0.370304026091146, 1.02004454342984, -0.0117303904521553, 20, 17, 0.444097
0.370304026091146, 1.02316258351893, -0.0117300888868959, 20, 17, 0.443817
0.370304026091146, 1.02628062360802, -0.0117297870752203, 20, 17, 0.489776
0.370304026091146, 1.0293986636971, -0.0117294850435784, 20, 17, 0.475736
0.370304026091146, 1.03251670378619, -0.0117291828186506, 20, 17, 0.45034
0.370304026091146, 1.03563474387528, -0.011728880388683, 20, 16, 0.415167
0.370304026091146, 1.03875278396437, -0.011728577860381, 20, 16, 0.416174
0.370304026091146, 1.04187082405345, -0.0117282752200816, 20, 16, 0.427232
0.370304026091146, 1.04498886414254, -0.0117279724953859, 20, 16, 0.419899
0.370304026091146, 1.04810690423163, -0.0117276697141199, 20, 16, 0.416572
0.370304026091146, 1.05122494432071, -0.0117273669043336, 20, 16, 0.420527
0.370304026091146, 1.0543429844098, -0.0117270640942994, 20, 16, 0.417307
0.370304026091146, 1.05746102449889, -0.011726761312511, 20, 16, 0.437294
0.370304026091146, 1.06057906458797, -0.0117264585876824, 20, 16, 0.419214
0.370304026091146, 1.06369710467706, -0.0117261559487464, 20, 16, 0.416336
0.370304026091146, 1.06681514476615, -0.0117258534248535, 20, 16, 0.416356
0.370304026091146, 1.06993318485523, -0.0117255510453704, 20, 16, 0.416835
0.370304026091146, 1.07305122494432, -0.0117252488398788, 20, 16, 0.419946
0.370304026091146, 1.07616926503341, -0.0117249468381743, 20, 16, 0.416285
0.370304026091146, 1.07928730512249, -0.0117246450702647, 20, 16, 0.416272
0.370304026091146, 1.08240534521158, -0.0117243435663687, 20, 16, 0.416268
0.370304026091146, 1.08552338530067, -0.0117240423569149, 20, 16, 0.422454
0.370304026091146, 1.08864142538976, -0.0117237414725399, 20, 16, 0.416283
0.370304026091146, 1.09175946547884, -0.0117234409440872, 20, 16, 0.416327
0.370304026091146, 1.09487750556793, -0.0117231408026056, 20, 16, 0.416224
0.370304026091146, 1.09799554565702, -0.0117228410793481, 20, 16, 0.416293
0.370304026091146, 1.1011135857461, -0.0117225418057698, 20, 16, 0.416702
0.370304026091146, 1.10423162583519, -0.0117222430135272, 20, 16, 0.419938
0.370304026091146, 1.10734966592428, -0.0117219446951618, 20, 15, 0.38703
0.370304026091146, 1.11046770601336, -0.0117216469634923, 20, 15, 0.386948
0.370304026091146, 1.11358574610245, -0.0117213498092029, 20, 15, 0.386871
0.370304026091146, 1.11670378619154, -0.0117210532647454, 20, 15, 0.386953
0.370304026091146, 1.11982182628062, -0.0117207573627645, 20, 15, 0.386942
0.370304026091146, 1.12293986636971, -0.0117204621360965, 20, 15, 0.390123
0.370304026091146, 1.1260579064588, -0.0117201676177679, 20, 15, 0.386926
0.370304026091146, 1.12917594654788, -0.0117198738409935, 20, 15, 0.387397
0.370304026091146, 1.13229398663697, -0.011719580839175, 20, 15, 0.390335
0.370304026091146, 1.13541202672606, -0.0117192886458993, 20, 15, 0.388697
0.370304026091146, 1.13853006681514, -0.0117189972949372, 20, 15, 0.388652
0.370304026091146, 1.14164810690423, -0.0117187068202413, 20, 15, 0.389086
0.370304026091146, 1.14476614699332, -0.0117184172559448, 20, 15, 0.38862
0.370304026091146, 1.14788418708241, -0.0117181286363597, 20, 15, 0.388617
0.370304026091146, 1.15100222717149, -0.0117178409959748, 20, 15, 0.388643
0.370304026091146, 1.15412026726058, -0.0117175543694549, 20, 15, 0.388628
0.370304026091146, 1.15723830734967, -0.0117172687916381, 20, 15, 0.388696
0.370304026091146, 1.16035634743875, -0.0117169842975348, 20, 15, 0.388636
0.370304026091146, 1.16347438752784, -0.0117167009223259, 20, 15, 0.388588
0.370304026091146, 1.16659242761693, -0.0117164187013608, 20, 15, 0.388591
0.370304026091146, 1.16971046770601, -0.0117161376701559, 20, 15, 0.38862
0.370304026091146, 1.1728285077951, -0.0117158578643931, 20, 15, 0.388607
0.370304026091146, 1.17594654788419, -0.0117155793199173, 20, 15, 0.388626
0.370304026091146, 1.17906458797327, -0.0117153020727357, 20, 15, 0.388609
0.370304026091146, 1.18218262806236, -0.0117150261590152, 20, 15, 0.388619
0.370304026091146, 1.18530066815145, -0.011714751615081, 20, 15, 0.388637
0.370304026091146, 1.18841870824053, -0.0117144784774148, 20, 15, 0.388623
0.370304026091146, 1.19153674832962, -0.0117142067828307, 20, 15, 0.390668
0.370304026091146, 1.19465478841871, -0.011713936531043, 20, 14, 0.361336
0.370304026091146, 1.1977728285078, -0.0117136678344746, 20, 14, 0.361287
0.370304026091146, 1.20089086859688, -0.0117134006915353, 20, 14, 0.361342
0.370304026091146, 1.20400890868597, -0.0117131351394671, 20, 14, 0.361307
0.370304026091146, 1.20712694877506, -0.0117128712156574, 20, 14, 0.361319
0.370304026091146, 1.21024498886414, -0.0117126089576371, 20, 14, 0.361402
0.370304026091146, 1.21336302895323, -0.0117123484030792, 20, 14, 0.361339
0.370304026091146, 1.21648106904232, -0.0117120895897964, 20, 14, 0.361892
0.370304026091146, 1.2195991091314, -0.0117118325557398, 20, 14, 0.361376
0.370304026091146, 1.22271714922049, -0.0117115773389966, 20, 14, 0.364991
0.370304026091146, 1.22583518930958, -0.0117113239777887, 20, 14, 0.36137
0.370304026091146, 1.22895322939866, -0.0117110725104704, 20, 14, 0.361361
0.370304026091146, 1.23207126948775, -0.0117108229755268, 20, 14, 0.361808
0.370304026091146, 1.23518930957684, -0.0117105754115723, 20, 14, 0.365151
0.370304026091146, 1.23830734966592, -0.0117103298573477, 20, 14, 0.377453
0.370304026091146, 1.24142538975501, -0.0117100863517197, 20, 14, 0.386748
0.370304026091146, 1.2445434298441, -0.0117098449336777, 20, 14, 0.379304
0.370304026091146, 1.24766146993318, -0.0117096056423329, 20, 14, 0.36679
0.370304026091146, 1.25077951002227, -0.011709368516916, 20, 14, 0.363184
0.370304026091146, 1.25389755011136, -0.0117091335967753, 20, 14, 0.370562
0.370304026091146, 1.25701559020045, -0.011708900921375, 20, 14, 0.362998
0.370304026091146, 1.26013363028953, -0.0117086705302932, 20, 14, 0.385145
0.370304026091146, 1.26325167037862, -0.0117084424632199, 20, 14, 0.385249
0.370304026091146, 1.26636971046771, -0.0117082167599552, 20, 14, 0.368277
0.370304026091146, 1.26948775055679, -0.0117079934604077, 20, 14, 0.363664
0.370304026091146, 1.27260579064588, -0.011707772604592, 20, 14, 0.366926
0.370304026091146, 1.27572383073497, -0.0117075542326273, 20, 14, 0.363249
0.370304026091146, 1.27884187082405, -0.0117073383847353, 20, 14, 0.379682
0.370304026091146, 1.28195991091314, -0.0117071251012383, 20, 14, 0.363117
0.370304026091146, 1.28507795100223, -0.0117069144225572, 20, 14, 0.379861
0.370304026091146, 1.28819599109131, -0.01170670638921, 20, 14, 0.367389
0.370304026091146, 1.2913140311804, -0.0117065010418092, 20, 14, 0.367271
0.370304026091146, 1.29443207126949, -0.011706298386074, 20, 13, 0.334335
0.370304026091146, 1.29755011135857, -0.0117060985344292, 20, 13, 0.334243
0.370304026091146, 1.30066815144766, -0.0117059014910413, 20, 13, 0.337532
0.370304026091146, 1.30378619153675, -0.0117057072968872, 20, 13, 0.333945
0.370304026091146, 1.30690423162584, -0.011705515993029, 20, 13, 0.348384
0.370304026091146, 1.31002227171492, -0.0117053276206119, 20, 13, 0.345841
0.370304026091146, 1.31314031180401, -0.0117051422208627, 20, 13, 0.409476
0.370304026091146, 1.3162583518931, -0.0117049598350877, 20, 13, 0.337661
0.370304026091146, 1.31937639198218, -0.0117047805046706, 20, 13, 0.334236
0.370304026091146, 1.32249443207127, -0.011704604271071, 20, 13, 0.36614
0.370304026091146, 1.32561247216036, -0.0117044311758221, 20, 13, 0.337696
0.370304026091146, 1.32873051224944, -0.0117042612605291, 20, 13, 0.37022
0.370304026091146, 1.33184855233853, -0.0117040945668671, 20, 13, 0.359502
0.370304026091146, 1.33496659242762, -0.0117039311365795, 20, 13, 0.33954
0.370304026091146, 1.3380846325167, -0.0117037710114757, 20, 13, 0.350807
0.370304026091146, 1.34120267260579, -0.0117036142334295, 20, 13, 0.334564
0.370304026091146, 1.34432071269488, -0.0117034608443772, 20, 13, 0.36812
0.370304026091146, 1.34743875278396, -0.0117033108863156, 20, 13, 0.417261
0.370304026091146, 1.35055679287305, -0.0117031644013001, 20, 13, 0.343633
0.370304026091146, 1.35367483296214, -0.0117030214314431, 20, 13, 0.356375
0.370304026091146, 1.35679287305122, -0.0117028820189115, 20, 13, 0.337893
0.370304026091146, 1.35991091314031, -0.0117027462059257, 20, 13, 0.333938
0.370304026091146, 1.3630289532294, -0.011702614034757, 20, 13, 0.333856
0.370304026091146, 1.36614699331849, -0.0117024855477261, 20, 13, 0.34236
0.370304026091146, 1.36926503340757, -0.011702360787201, 20, 13, 0.333781
0.370304026091146, 1.37238307349666, -0.0117022397955955, 20, 13, 0.337579
0.370304026091146, 1.37550111358575, -0.0117021226153668, 20, 13, 0.333764
0.370304026091146, 1.37861915367483, -0.0117020092890142, 20, 13, 0.33739
0.370304026091146, 1.38173719376392, -0.011701899859077, 20, 13, 0.334168
0.370304026091146, 1.38485523385301, -0.0117017943681326, 20, 13, 0.335488
0.370304026091146, 1.38797327394209, -0.0117016928587947, 20, 13, 0.339105
0.370304026091146, 1.39109131403118, -0.0117015953737116, 20, 13, 0.335548
0.370304026091146, 1.39420935412027, -0.011701501955564, 20, 13, 0.335524
0.370304026091146, 1.39732739420935, -0.0117014126470638, 20, 13, 0.335469
0.370304026091146, 1.40044543429844, -0.0117013274909517, 20, 13, 0.342407
0.370304026091146, 1.40356347438753, -0.0117012465299955, 20, 13, 0.335482
0.370304026091146, 1.40668151447661, -0.0117011698069887, 20, 13, 0.34456
0.370304026091146, 1.4097995545657, -0.0117010973307111, 20, 12, 0.316686
0.370304026091146, 1.41291759465479, -0.0117010292135645, 20, 12, 0.307329
0.370304026091146, 1.41603563474388, -0.0117009654628164, 20, 12, 0.306342
0.370304026091146, 1.41915367483296, -0.0117009061213464, 20, 12, 0.306352
0.370304026091146, 1.42227171492205, -0.0117008512320505, 20, 12, 0.306384
0.370304026091146, 1.42538975501114, -0.0117008008378392, 20, 12, 0.309117
0.370304026091146, 1.42850779510022, -0.0117007549816356, 20, 12, 0.313138
0.370304026091146, 1.43162583518931, -0.011700713706374, 20, 12, 0.313229
0.370304026091146, 1.4347438752784, -0.0117006770549978, 20, 12, 0.306319
0.370304026091146, 1.43786191536748, -0.0117006450704578, 20, 12, 0.309905
0.370304026091146, 1.44097995545657, -0.0117006177957109, 20, 12, 0.310024
0.370304026091146, 1.44409799554566, -0.0117005952737175, 20, 12, 0.306729
0.370304026091146, 1.44721603563474, -0.0117005775474407, 20, 12, 0.306203
0.370304026091146, 1.45033407572383, -0.011700564659844, 20, 12, 0.306301
0.370304026091146, 1.45345211581292, -0.0117005566538898, 20, 12, 0.306723
0.370304026091146, 1.456570155902, -0.0117005535725375, 20, 12, 0.306251
0.370304026091146, 1.45968819599109, -0.0117005554587421, 20, 12, 0.306221
0.370304026091146, 1.46280623608018, -0.0117005623554522, 20, 12, 0.306933
0.370304026091146, 1.46592427616927, -0.0117005743056086, 20, 12, 0.306321
0.370304026091146, 1.46904231625835, -0.0117005913521424, 20, 12, 0.306167
0.370304026091146, 1.47216035634744, -0.0117006135379734, 20, 12, 0.306309
0.370304026091146, 1.47527839643653, -0.0117006409060085, 20, 12, 0.317265
0.370304026091146, 1.47839643652561, -0.0117006734991398, 20, 12, 0.315132
0.370304026091146, 1.4815144766147, -0.0117007113602434, 20, 12, 0.308015
0.370304026091146, 1.48463251670379, -0.0117007545321773, 20, 12, 0.306238
0.370304026091146, 1.48775055679287, -0.0117008030577802, 20, 12, 0.306208
0.370304026091146, 1.49086859688196, -0.0117008569798692, 20, 12, 0.306168
0.370304026091146, 1.49398663697105, -0.0117009163412391, 20, 12, 0.306231
0.370304026091146, 1.49710467706013, -0.01170098118466, 20, 12, 0.306173
0.370304026091146, 1.50022271714922, -0.0117010515528761, 20, 12, 0.306196
0.370304026091146, 1.50334075723831, -0.0117011274886041, 20, 12, 0.306337
0.370304026091146, 1.50645879732739, -0.0117012090345314, 20, 12, 0.320604
0.370304026091146, 1.50957683741648, -0.0117012962333147, 20, 12, 0.314315
0.370304026091146, 1.51269487750557, -0.0117013891275785, 20, 12, 0.306898
0.370304026091146, 1.51581291759465, -0.0117014877599132, 20, 12, 0.306321
0.370304026091146, 1.51893095768374, -0.011701592172874, 20, 12, 0.30651
0.370304026091146, 1.52204899777283, -0.0117017024089791, 20, 12, 0.323964
0.370304026091146, 1.52516703786192, -0.0117018185107082, 20, 12, 0.308528
0.370304026091146, 1.528285077951, -0.0117019405205008, 20, 12, 0.311307
0.370304026091146, 1.53140311804009, -0.0117020684807552, 20, 12, 0.314045
0.370304026091146, 1.53452115812918, -0.0117022024338263, 20, 12, 0.310048
0.370304026091146, 1.53763919821826, -0.0117023424220249, 20, 12, 0.307477
0.370304026091146, 1.54075723830735, -0.0117024884876154, 20, 12, 0.323079
0.370304026091146, 1.54387527839644, -0.0117026406728149, 20, 12, 0.310606
0.370304026091146, 1.54699331848552, -0.0117027990197914, 20, 12, 0.312451
0.370304026091146, 1.55011135857461, -0.0117029635390156, 20, 11, 0.287222
0.370304026091146, 1.5532293986637, -0.0117031343371195, 20, 11, 0.278575
0.370304026091146, 1.55634743875278, -0.0117033114231455, 20, 11, 0.278754
0.370304026091146, 1.55946547884187, -0.0117034948390532, 20, 11, 0.278669
0.370304026091146, 1.56258351893096, -0.0117036846267461, 20, 11, 0.280676
0.370304026091146, 1.56570155902004, -0.0117038808280701, 20, 11, 0.28677
0.370304026091146, 1.56881959910913, -0.0117040834848119, 20, 11, 0.282451
0.370304026091146, 1.57193763919822, -0.011704292638698, 20, 11, 0.281845
0.370304026091146, 1.57505567928731, -0.0117045083313927, 20, 11, 0.287414
0.370304026091146, 1.57817371937639, -0.0117047306044974, 20, 11, 0.282996
0.370304026091146, 1.58129175946548, -0.0117049594995488, 20, 11, 0.281282
0.370304026091146, 1.58440979955457, -0.0117051950580178, 20, 11, 0.279514
0.370304026091146, 1.58752783964365, -0.0117054373213078, 20, 11, 0.279553
0.370304026091146, 1.59064587973274, -0.0117056863307538, 20, 11, 0.280435
0.370304026091146, 1.59376391982183, -0.0117059421276209, 20, 11, 0.280089
0.370304026091146, 1.59688195991091, -0.0117062047531028, 20, 11, 0.280329
0.370304026091146, 1.6, -0.0117064742483207, 20, 11, 0.279324
# finished at Wed Apr 30 02:38:12 CEST 2014
