# starting on alcc59 at Wed Apr 30 00:06:04 CEST 2014
# casimir, -T, 0.200000,1.600000,450, -Q, 0.229217048854393, -p, 1e-08, -L, 20
# Compiler icc, using long double and plain matrix elements and plain integration
# precision=1e-08
# lfac=5
# cores=1
# L=0.229217
# T=0.2...1.6 (450)
#
# R/(L+R), T, F, lmax, nmax, time
0.229217048854393, 0.2, -0.00235671847630396, 20, 67, 1.64242
0.229217048854393, 0.203118040089087, -0.00235671690616324, 20, 66, 1.58687
0.229217048854393, 0.206236080178174, -0.00235671526367197, 20, 65, 1.56078
0.229217048854393, 0.209354120267261, -0.00235671354673443, 20, 64, 1.53776
0.229217048854393, 0.212472160356347, -0.00235671175322678, 20, 63, 1.51241
0.229217048854393, 0.215590200445434, -0.00235670988585149, 20, 63, 1.51533
0.229217048854393, 0.218708240534521, -0.00235670793298532, 20, 62, 1.48894
0.229217048854393, 0.221826280623608, -0.00235670589707402, 20, 61, 1.46459
0.229217048854393, 0.224944320712695, -0.00235670377589049, 20, 60, 1.4404
0.229217048854393, 0.228062360801782, -0.00235670156718005, 20, 59, 1.41503
0.229217048854393, 0.231180400890869, -0.00235669926865973, 20, 58, 1.39149
0.229217048854393, 0.234298440979955, -0.00235669688338636, 20, 58, 1.39171
0.229217048854393, 0.237416481069042, -0.00235669439886751, 20, 57, 1.36615
0.229217048854393, 0.240534521158129, -0.00235669181763017, 20, 56, 1.34308
0.229217048854393, 0.243652561247216, -0.00235668914249312, 20, 56, 1.34665
0.229217048854393, 0.246770601336303, -0.00235668636133316, 20, 55, 1.31973
0.229217048854393, 0.24988864142539, -0.00235668347634639, 20, 54, 1.29422
0.229217048854393, 0.253006681514477, -0.00235668049040599, 20, 54, 1.29425
0.229217048854393, 0.256124721603563, -0.00235667739120793, 20, 53, 1.27107
0.229217048854393, 0.25924276169265, -0.00235667418087895, 20, 52, 1.2454
0.229217048854393, 0.262360801781737, -0.00235667086265802, 20, 52, 1.24543
0.229217048854393, 0.265478841870824, -0.00235666742348703, 20, 51, 1.22543
0.229217048854393, 0.268596881959911, -0.00235666387117211, 20, 51, 1.22795
0.229217048854393, 0.271714922048998, -0.00235666019323303, 20, 50, 1.19666
0.229217048854393, 0.274832962138085, -0.00235665639162897, 20, 49, 1.17112
0.229217048854393, 0.277951002227172, -0.00235665247017505, 20, 49, 1.17349
0.229217048854393, 0.281069042316258, -0.00235664841464605, 20, 48, 1.148
0.229217048854393, 0.284187082405345, -0.0023566442341101, 20, 48, 1.14947
0.229217048854393, 0.287305122494432, -0.00235663991440832, 20, 47, 1.12235
0.229217048854393, 0.290423162583519, -0.00235663546459192, 20, 47, 1.12481
0.229217048854393, 0.293541202672606, -0.00235663087035306, 20, 46, 1.09928
0.229217048854393, 0.296659242761693, -0.00235662614094711, 20, 46, 1.09937
0.229217048854393, 0.29977728285078, -0.00235662126169496, 20, 45, 1.07378
0.229217048854393, 0.302895322939866, -0.00235661624229051, 20, 45, 1.07608
0.229217048854393, 0.306013363028953, -0.00235661107337206, 20, 45, 1.07598
0.229217048854393, 0.30913140311804, -0.00235660574753901, 20, 44, 1.05049
0.229217048854393, 0.312249443207127, -0.00235660027281396, 20, 44, 1.05042
0.229217048854393, 0.315367483296214, -0.00235659463542469, 20, 43, 1.02488
0.229217048854393, 0.318485523385301, -0.00235658884426687, 20, 43, 1.02731
0.229217048854393, 0.321603563474388, -0.00235658288450611, 20, 42, 1.0095
0.229217048854393, 0.324721603563474, -0.00235657676622445, 20, 42, 1.00176
0.229217048854393, 0.327839643652561, -0.0023565704797612, 20, 42, 1.00171
0.229217048854393, 0.330957683741648, -0.00235656401702759, 20, 41, 0.976249
0.229217048854393, 0.334075723830735, -0.00235655738723925, 20, 41, 0.978549
0.229217048854393, 0.337193763919822, -0.00235655058118032, 20, 41, 0.985495
0.229217048854393, 0.340311804008909, -0.00235654359093574, 20, 40, 0.994486
0.229217048854393, 0.343429844097996, -0.00235653642522961, 20, 40, 0.966012
0.229217048854393, 0.346547884187082, -0.00235652906887897, 20, 39, 0.92887
0.229217048854393, 0.349665924276169, -0.00235652153264559, 20, 39, 0.968313
0.229217048854393, 0.352783964365256, -0.00235651380645065, 20, 39, 1.03006
0.229217048854393, 0.355902004454343, -0.00235650588131882, 20, 38, 0.988243
0.229217048854393, 0.35902004454343, -0.00235649776814778, 20, 38, 0.953711
0.229217048854393, 0.362138084632517, -0.00235648945678021, 20, 38, 0.949366
0.229217048854393, 0.365256124721604, -0.00235648094452533, 20, 38, 1.00389
0.229217048854393, 0.36837416481069, -0.00235647222313445, 20, 37, 0.902908
0.229217048854393, 0.371492204899777, -0.00235646330184424, 20, 37, 0.88925
0.229217048854393, 0.374610244988864, -0.00235645417139837, 20, 37, 0.893148
0.229217048854393, 0.377728285077951, -0.00235644482312225, 20, 36, 0.89161
0.229217048854393, 0.380846325167038, -0.00235643526713883, 20, 36, 0.88452
0.229217048854393, 0.383964365256125, -0.00235642549372479, 20, 36, 0.877809
0.229217048854393, 0.387082405345212, -0.00235641550017666, 20, 36, 0.903032
0.229217048854393, 0.390200445434298, -0.00235640527814997, 20, 35, 0.85601
0.229217048854393, 0.393318485523385, -0.00235639483703038, 20, 35, 0.835989
0.229217048854393, 0.396436525612472, -0.00235638416751749, 20, 35, 0.832369
0.229217048854393, 0.399554565701559, -0.002356373260469, 20, 34, 0.83237
0.229217048854393, 0.402672605790646, -0.00235636212699278, 20, 34, 0.905017
0.229217048854393, 0.405790645879733, -0.00235635075689039, 20, 34, 0.839577
0.229217048854393, 0.40890868596882, -0.00235633914747942, 20, 34, 0.863298
0.229217048854393, 0.412026726057906, -0.002356327289553, 20, 33, 0.841472
0.229217048854393, 0.415144766146993, -0.00235631519438372, 20, 33, 0.827236
0.229217048854393, 0.41826280623608, -0.00235630285173402, 20, 33, 0.802199
0.229217048854393, 0.421380846325167, -0.00235629025894424, 20, 33, 0.808251
0.229217048854393, 0.424498886414254, -0.00235627741335696, 20, 33, 0.812579
0.229217048854393, 0.427616926503341, -0.00235626430638989, 20, 32, 0.788483
0.229217048854393, 0.430734966592428, -0.00235625094805234, 20, 32, 0.777694
0.229217048854393, 0.433853006681514, -0.00235623732886249, 20, 32, 0.822721
0.229217048854393, 0.436971046770601, -0.00235622344619843, 20, 32, 0.843677
0.229217048854393, 0.440089086859688, -0.0023562092909484, 20, 31, 0.794953
0.229217048854393, 0.443207126948775, -0.00235619487434828, 20, 31, 0.769065
0.229217048854393, 0.446325167037862, -0.00235618018633708, 20, 31, 0.74698
0.229217048854393, 0.449443207126949, -0.00235616522433799, 20, 31, 0.736303
0.229217048854393, 0.452561247216036, -0.00235614998578265, 20, 31, 0.77845
0.229217048854393, 0.455679287305123, -0.00235613446166425, 20, 30, 0.733462
0.229217048854393, 0.458797327394209, -0.00235611866315115, 20, 30, 0.717311
0.229217048854393, 0.461915367483296, -0.00235610258033291, 20, 30, 0.712645
0.229217048854393, 0.465033407572383, -0.00235608621069802, 20, 30, 0.717303
0.229217048854393, 0.46815144766147, -0.00235606955174653, 20, 30, 0.709614
0.229217048854393, 0.471269487750557, -0.00235605259428624, 20, 29, 0.684741
0.229217048854393, 0.474387527839644, -0.00235603535008038, 20, 29, 0.684196
0.229217048854393, 0.477505567928731, -0.00235601780903561, 20, 29, 0.686237
0.229217048854393, 0.480623608017817, -0.00235599996872023, 20, 29, 0.686128
0.229217048854393, 0.483741648106904, -0.00235598182671728, 20, 29, 0.687265
0.229217048854393, 0.486859688195991, -0.00235596338062525, 20, 29, 0.690826
0.229217048854393, 0.489977728285078, -0.0023559446216265, 20, 28, 0.664938
0.229217048854393, 0.493095768374165, -0.00235592556098665, 20, 28, 0.664444
0.229217048854393, 0.496213808463252, -0.00235590618906363, 20, 28, 0.673182
0.229217048854393, 0.499331848552339, -0.00235588650353745, 20, 28, 0.669705
0.229217048854393, 0.502449888641425, -0.00235586650210639, 20, 28, 0.661268
0.229217048854393, 0.505567928730512, -0.0023558461824879, 20, 28, 0.68326
0.229217048854393, 0.508685968819599, -0.00235582553589415, 20, 27, 0.679928
0.229217048854393, 0.511804008908686, -0.00235580457388705, 20, 27, 0.672242
0.229217048854393, 0.514922048997773, -0.00235578328688112, 20, 27, 0.638467
0.229217048854393, 0.51804008908686, -0.00235576167268805, 20, 27, 0.637461
0.229217048854393, 0.521158129175947, -0.00235573972914144, 20, 27, 0.641152
0.229217048854393, 0.524276169265034, -0.00235571745409739, 20, 27, 0.648423
0.229217048854393, 0.52739420935412, -0.00235569483843562, 20, 26, 0.636162
0.229217048854393, 0.530512249443207, -0.00235567189483858, 20, 26, 0.677361
0.229217048854393, 0.533630289532294, -0.00235564861336841, 20, 26, 0.728471
0.229217048854393, 0.536748329621381, -0.00235562499198821, 20, 26, 0.662016
0.229217048854393, 0.539866369710468, -0.00235560102868607, 20, 26, 0.667481
0.229217048854393, 0.542984409799555, -0.0023555767214758, 20, 26, 0.696486
0.229217048854393, 0.546102449888642, -0.00235555206839764, 20, 26, 0.616333
0.229217048854393, 0.549220489977728, -0.00235552706043043, 20, 25, 0.586414
0.229217048854393, 0.552338530066815, -0.00235550171060745, 20, 25, 0.586346
0.229217048854393, 0.555456570155902, -0.00235547600912134, 20, 25, 0.588723
0.229217048854393, 0.558574610244989, -0.00235544995413334, 20, 25, 0.588724
0.229217048854393, 0.561692650334076, -0.0023554235438336, 20, 25, 0.593588
0.229217048854393, 0.564810690423163, -0.00235539677644163, 20, 25, 0.588738
0.229217048854393, 0.567928730512249, -0.00235536965020702, 20, 25, 0.588643
0.229217048854393, 0.571046770601336, -0.00235534216341007, 20, 25, 0.589553
0.229217048854393, 0.574164810690423, -0.00235531430749169, 20, 24, 0.566787
0.229217048854393, 0.57728285077951, -0.00235528609524681, 20, 24, 0.563107
0.229217048854393, 0.580400890868597, -0.00235525751739781, 20, 24, 0.563149
0.229217048854393, 0.583518930957684, -0.00235522857236138, 20, 24, 0.563187
0.229217048854393, 0.586636971046771, -0.0023551992585871, 20, 24, 0.569779
0.229217048854393, 0.589755011135857, -0.00235516957455804, 20, 24, 0.566457
0.229217048854393, 0.592873051224944, -0.00235513951879134, 20, 24, 0.56439
0.229217048854393, 0.595991091314031, -0.00235510908983883, 20, 24, 0.603322
0.229217048854393, 0.599109131403118, -0.00235507827911346, 20, 23, 0.550695
0.229217048854393, 0.602227171492205, -0.00235504710029825, 20, 23, 0.537737
0.229217048854393, 0.605345211581292, -0.00235501554409599, 20, 23, 0.573497
0.229217048854393, 0.608463251670379, -0.00235498360920953, 20, 23, 0.539957
0.229217048854393, 0.611581291759466, -0.00235495129437863, 20, 23, 0.573152
0.229217048854393, 0.614699331848552, -0.00235491859838019, 20, 23, 0.608518
0.229217048854393, 0.617817371937639, -0.00235488552002894, 20, 23, 0.545684
0.229217048854393, 0.620935412026726, -0.00235485205817797, 20, 23, 0.53992
0.229217048854393, 0.624053452115813, -0.0023548182117192, 20, 23, 0.539903
0.229217048854393, 0.6271714922049, -0.00235478397228066, 20, 22, 0.514439
0.229217048854393, 0.630289532293987, -0.00235474935413491, 20, 22, 0.51431
0.229217048854393, 0.633407572383074, -0.00235471434822948, 20, 22, 0.514269
0.229217048854393, 0.63652561247216, -0.00235467895362301, 20, 22, 0.538607
0.229217048854393, 0.639643652561247, -0.00235464316941481, 20, 22, 0.606565
0.229217048854393, 0.642761692650334, -0.00235460699474544, 20, 22, 0.518027
0.229217048854393, 0.645879732739421, -0.00235457042879718, 20, 22, 0.51443
0.229217048854393, 0.648997772828508, -0.00235453347079452, 20, 22, 0.514423
0.229217048854393, 0.652115812917595, -0.00235449612000466, 20, 22, 0.514478
0.229217048854393, 0.655233853006682, -0.00235445837573792, 20, 22, 0.515028
0.229217048854393, 0.658351893095768, -0.00235442022999897, 20, 21, 0.489822
0.229217048854393, 0.661469933184855, -0.00235438169755329, 20, 21, 0.488868
0.229217048854393, 0.664587973273942, -0.00235434276976438, 20, 21, 0.488925
0.229217048854393, 0.667706013363029, -0.00235430344612516, 20, 21, 0.491232
0.229217048854393, 0.670824053452116, -0.00235426372617314, 20, 21, 0.491259
0.229217048854393, 0.673942093541203, -0.00235422360949134, 20, 21, 0.491229
0.229217048854393, 0.67706013363029, -0.0023541830957084, 20, 21, 0.491229
0.229217048854393, 0.680178173719376, -0.0023541421844991, 20, 21, 0.494871
0.229217048854393, 0.683296213808463, -0.00235410087558481, 20, 21, 0.491224
0.229217048854393, 0.68641425389755, -0.00235405916873383, 20, 21, 0.498534
0.229217048854393, 0.689532293986637, -0.00235401706376184, 20, 21, 0.494842
0.229217048854393, 0.692650334075724, -0.00235397456053229, 20, 21, 0.49118
0.229217048854393, 0.695768374164811, -0.00235393165218854, 20, 20, 0.466202
0.229217048854393, 0.698886414253898, -0.00235388835281541, 20, 20, 0.465819
0.229217048854393, 0.702004454342984, -0.00235384465501438, 20, 20, 0.465718
0.229217048854393, 0.705122494432071, -0.00235380055884807, 20, 20, 0.466155
0.229217048854393, 0.708240534521158, -0.00235375606442832, 20, 20, 0.466152
0.229217048854393, 0.711358574610245, -0.00235371117191653, 20, 20, 0.465655
0.229217048854393, 0.714476614699332, -0.00235366588152409, 20, 20, 0.465772
0.229217048854393, 0.717594654788419, -0.00235362019351268, 20, 20, 0.46568
0.229217048854393, 0.720712694877506, -0.00235357410819464, 20, 20, 0.465687
0.229217048854393, 0.723830734966592, -0.00235352762593333, 20, 20, 0.470061
0.229217048854393, 0.726948775055679, -0.00235348074714343, 20, 20, 0.469402
0.229217048854393, 0.730066815144766, -0.00235343347229129, 20, 20, 0.465709
0.229217048854393, 0.733184855233853, -0.0023533857949264, 20, 19, 0.440673
0.229217048854393, 0.73630289532294, -0.00235333773013381, 20, 19, 0.440237
0.229217048854393, 0.739420935412027, -0.00235328927094352, 20, 19, 0.440721
0.229217048854393, 0.742538975501114, -0.00235324041803563, 20, 19, 0.442608
0.229217048854393, 0.7456570155902, -0.00235319117214281, 20, 19, 0.442448
0.229217048854393, 0.748775055679287, -0.00235314153405116, 20, 19, 0.446813
0.229217048854393, 0.751893095768374, -0.00235309150460019, 20, 19, 0.442701
0.229217048854393, 0.755011135857461, -0.0023530410846831, 20, 19, 0.442986
0.229217048854393, 0.758129175946548, -0.00235299027524718, 20, 19, 0.442414
0.229217048854393, 0.761247216035635, -0.00235293907729402, 20, 19, 0.446094
0.229217048854393, 0.764365256124722, -0.00235288749187976, 20, 19, 0.442433
0.229217048854393, 0.767483296213809, -0.00235283552011542, 20, 19, 0.442471
0.229217048854393, 0.770601336302895, -0.00235278316316711, 20, 19, 0.442422
0.229217048854393, 0.773719376391982, -0.00235273042225625, 20, 19, 0.44271
0.229217048854393, 0.776837416481069, -0.00235267729184661, 20, 18, 0.416935
0.229217048854393, 0.779955456570156, -0.00235262378743309, 20, 18, 0.416857
0.229217048854393, 0.783073496659243, -0.00235256990301379, 20, 18, 0.416996
0.229217048854393, 0.78619153674833, -0.00235251564003711, 20, 18, 0.416833
0.229217048854393, 0.789309576837417, -0.0023524610000077, 20, 18, 0.416995
0.229217048854393, 0.792427616926503, -0.00235240598448662, 20, 18, 0.41695
0.229217048854393, 0.79554565701559, -0.00235235059509161, 20, 18, 0.416882
0.229217048854393, 0.798663697104677, -0.00235229483349727, 20, 18, 0.41693
0.229217048854393, 0.801781737193764, -0.00235223870143529, 20, 18, 0.416927
0.229217048854393, 0.804899777282851, -0.00235218220069464, 20, 18, 0.416976
0.229217048854393, 0.808017817371938, -0.00235212533312174, 20, 18, 0.416897
0.229217048854393, 0.811135857461025, -0.00235206810062065, 20, 18, 0.416835
0.229217048854393, 0.814253897550111, -0.00235201050515328, 20, 18, 0.420561
0.229217048854393, 0.817371937639198, -0.00235195254873952, 20, 18, 0.416921
0.229217048854393, 0.820489977728285, -0.0023518942334574, 20, 18, 0.416907
0.229217048854393, 0.823608017817372, -0.00235183555441885, 20, 17, 0.391396
0.229217048854393, 0.826726057906459, -0.00235177652839022, 20, 17, 0.391618
0.229217048854393, 0.829844097995546, -0.00235171715003904, 20, 17, 0.391417
0.229217048854393, 0.832962138084633, -0.00235165742168044, 20, 17, 0.393698
0.229217048854393, 0.836080178173719, -0.00235159734568793, 20, 17, 0.393716
0.229217048854393, 0.839198218262806, -0.0023515369244941, 20, 17, 0.39372
0.229217048854393, 0.842316258351893, -0.00235147616059037, 20, 17, 0.393728
0.229217048854393, 0.84543429844098, -0.00235141505652723, 20, 17, 0.393766
0.229217048854393, 0.848552338530067, -0.00235135361491436, 20, 17, 0.393773
0.229217048854393, 0.851670378619154, -0.00235129183842072, 20, 17, 0.39368
0.229217048854393, 0.854788418708241, -0.00235122972977469, 20, 17, 0.393671
0.229217048854393, 0.857906458797328, -0.00235116729176413, 20, 17, 0.393688
0.229217048854393, 0.861024498886414, -0.0023511045272365, 20, 17, 0.393722
0.229217048854393, 0.864142538975501, -0.00235104143909893, 20, 17, 0.393636
0.229217048854393, 0.867260579064588, -0.00235097803031834, 20, 17, 0.394267
0.229217048854393, 0.870378619153675, -0.00235091430392144, 20, 17, 0.394872
0.229217048854393, 0.873496659242762, -0.00235085026299488, 20, 17, 0.393682
0.229217048854393, 0.876614699331849, -0.00235078591068524, 20, 17, 0.397419
0.229217048854393, 0.879732739420936, -0.00235072124350317, 20, 16, 0.368151
0.229217048854393, 0.882850779510022, -0.00235065627857742, 20, 16, 0.369235
0.229217048854393, 0.885968819599109, -0.00235059101203576, 20, 16, 0.371916
0.229217048854393, 0.889086859688196, -0.00235052544726745, 20, 16, 0.434847
0.229217048854393, 0.892204899777283, -0.00235045958772174, 20, 16, 0.376126
0.229217048854393, 0.89532293986637, -0.00235039343690796, 20, 16, 0.374611
0.229217048854393, 0.898440979955457, -0.00235032699839551, 20, 16, 0.378427
0.229217048854393, 0.901559020044544, -0.00235026027581392, 20, 16, 0.368181
0.229217048854393, 0.90467706013363, -0.00235019327285284, 20, 16, 0.392023
0.229217048854393, 0.907795100222717, -0.0023501259932621, 20, 16, 0.404147
0.229217048854393, 0.910913140311804, -0.00235005844085162, 20, 16, 0.407458
0.229217048854393, 0.914031180400891, -0.00234999061949153, 20, 16, 0.369191
0.229217048854393, 0.917149220489978, -0.00234992253311206, 20, 16, 0.375827
0.229217048854393, 0.920267260579065, -0.0023498541857036, 20, 16, 0.372382
0.229217048854393, 0.923385300668152, -0.00234978558131663, 20, 16, 0.386935
0.229217048854393, 0.926503340757238, -0.00234971672406174, 20, 16, 0.392049
0.229217048854393, 0.929621380846325, -0.00234964761810956, 20, 16, 0.402513
0.229217048854393, 0.932739420935412, -0.00234957826769077, 20, 16, 0.373493
0.229217048854393, 0.935857461024499, -0.00234950867709601, 20, 16, 0.392825
0.229217048854393, 0.938975501113586, -0.00234943885067585, 20, 16, 0.426371
0.229217048854393, 0.942093541202673, -0.00234936878625576, 20, 15, 0.365635
0.229217048854393, 0.945211581291759, -0.00234929850191056, 20, 15, 0.365298
0.229217048854393, 0.948329621380847, -0.00234922799512221, 20, 15, 0.403208
0.229217048854393, 0.951447661469933, -0.00234915727048241, 20, 15, 0.371452
0.229217048854393, 0.95456570155902, -0.00234908633264208, 20, 15, 0.382963
0.229217048854393, 0.957683741648107, -0.00234901518631188, 20, 15, 0.356949
0.229217048854393, 0.960801781737194, -0.00234894383626169, 20, 15, 0.367981
0.229217048854393, 0.963919821826281, -0.0023488722873207, 20, 15, 0.34526
0.229217048854393, 0.967037861915368, -0.00234880054437721, 20, 15, 0.344983
0.229217048854393, 0.970155902004454, -0.00234872861237867, 20, 15, 0.344933
0.229217048854393, 0.973273942093541, -0.00234865649633147, 20, 15, 0.345074
0.229217048854393, 0.976391982182628, -0.00234858420130089, 20, 15, 0.344933
0.229217048854393, 0.979510022271715, -0.00234851173241099, 20, 15, 0.349195
0.229217048854393, 0.982628062360802, -0.00234843909484445, 20, 15, 0.344927
0.229217048854393, 0.985746102449889, -0.00234836629384251, 20, 15, 0.344935
0.229217048854393, 0.988864142538975, -0.0023482933347048, 20, 15, 0.349182
0.229217048854393, 0.991982182628063, -0.00234822022278922, 20, 15, 0.34545
0.229217048854393, 0.995100222717149, -0.0023481469635118, 20, 15, 0.345391
0.229217048854393, 0.998218262806236, -0.00234807356234657, 20, 15, 0.349211
0.229217048854393, 1.00133630289532, -0.0023480000248254, 20, 15, 0.345738
0.229217048854393, 1.00445434298441, -0.00234792635653785, 20, 15, 0.344925
0.229217048854393, 1.0075723830735, -0.00234785256313103, 20, 15, 0.348673
0.229217048854393, 1.01069042316258, -0.0023477786503094, 20, 15, 0.349074
0.229217048854393, 1.01380846325167, -0.00234770461738892, 20, 14, 0.319368
0.229217048854393, 1.01692650334076, -0.00234763048347771, 20, 14, 0.32311
0.229217048854393, 1.02004454342984, -0.00234755624758317, 20, 14, 0.319755
0.229217048854393, 1.02316258351893, -0.00234748191563903, 20, 14, 0.319475
0.229217048854393, 1.02628062360802, -0.00234740749363545, 20, 14, 0.323242
0.229217048854393, 1.0293986636971, -0.00234733298761879, 20, 14, 0.323972
0.229217048854393, 1.03251670378619, -0.00234725840369144, 20, 14, 0.319391
0.229217048854393, 1.03563474387528, -0.00234718374801161, 20, 14, 0.319357
0.229217048854393, 1.03875278396437, -0.00234710902679317, 20, 14, 0.319348
0.229217048854393, 1.04187082405345, -0.00234703424630538, 20, 14, 0.33159
0.229217048854393, 1.04498886414254, -0.00234695941287272, 20, 14, 0.344795
0.229217048854393, 1.04810690423163, -0.0023468845328747, 20, 14, 0.373144
0.229217048854393, 1.05122494432071, -0.00234680961274558, 20, 14, 0.328477
0.229217048854393, 1.0543429844098, -0.00234673465897422, 20, 14, 0.323184
0.229217048854393, 1.05746102449889, -0.00234665967810377, 20, 14, 0.344737
0.229217048854393, 1.06057906458797, -0.00234658467673152, 20, 14, 0.338458
0.229217048854393, 1.06369710467706, -0.0023465096615086, 20, 14, 0.325107
0.229217048854393, 1.06681514476615, -0.00234643463913978, 20, 14, 0.319405
0.229217048854393, 1.06993318485523, -0.00234635961638321, 20, 14, 0.319948
0.229217048854393, 1.07305122494432, -0.00234628460005017, 20, 14, 0.319812
0.229217048854393, 1.07616926503341, -0.00234620959700481, 20, 14, 0.319403
0.229217048854393, 1.07928730512249, -0.00234613461416391, 20, 14, 0.337195
0.229217048854393, 1.08240534521158, -0.00234605965849662, 20, 14, 0.325525
0.229217048854393, 1.08552338530067, -0.00234598473702416, 20, 14, 0.323859
0.229217048854393, 1.08864142538976, -0.0023459098568196, 20, 14, 0.319387
0.229217048854393, 1.09175946547884, -0.00234583502500754, 20, 14, 0.325146
0.229217048854393, 1.09487750556793, -0.00234576024876387, 20, 14, 0.335115
0.229217048854393, 1.09799554565702, -0.00234568552914478, 20, 13, 0.305218
0.229217048854393, 1.1011135857461, -0.00234561088612392, 20, 13, 0.304336
0.229217048854393, 1.10423162583519, -0.00234553632048359, 20, 13, 0.318264
0.229217048854393, 1.10734966592428, -0.00234546183960309, 20, 13, 0.314452
0.229217048854393, 1.11046770601336, -0.00234538745091159, 20, 13, 0.298217
0.229217048854393, 1.11358574610245, -0.00234531316188738, 20, 13, 0.296689
0.229217048854393, 1.11670378619154, -0.00234523898005829, 20, 13, 0.296276
0.229217048854393, 1.11982182628062, -0.00234516491300086, 20, 13, 0.303872
0.229217048854393, 1.12293986636971, -0.00234509096834024, 20, 13, 0.296291
0.229217048854393, 1.1260579064588, -0.00234501715374979, 20, 13, 0.296223
0.229217048854393, 1.12917594654788, -0.00234494347695083, 20, 13, 0.296224
0.229217048854393, 1.13229398663697, -0.00234486994571226, 20, 13, 0.296215
0.229217048854393, 1.13541202672606, -0.00234479656785031, 20, 13, 0.29652
0.229217048854393, 1.13853006681514, -0.00234472335122817, 20, 13, 0.297036
0.229217048854393, 1.14164810690423, -0.00234465030375566, 20, 13, 0.296255
0.229217048854393, 1.14476614699332, -0.00234457743338894, 20, 13, 0.29622
0.229217048854393, 1.14788418708241, -0.00234450474813011, 20, 13, 0.296235
0.229217048854393, 1.15100222717149, -0.00234443225602693, 20, 13, 0.296294
0.229217048854393, 1.15412026726058, -0.00234435996517246, 20, 13, 0.296358
0.229217048854393, 1.15723830734967, -0.00234428788370471, 20, 13, 0.296778
0.229217048854393, 1.16035634743875, -0.00234421601980628, 20, 13, 0.303566
0.229217048854393, 1.16347438752784, -0.00234414438170406, 20, 13, 0.296662
0.229217048854393, 1.16659242761693, -0.00234407297766881, 20, 13, 0.30048
0.229217048854393, 1.16971046770601, -0.00234400181601487, 20, 13, 0.297231
0.229217048854393, 1.1728285077951, -0.00234393090509974, 20, 13, 0.29621
0.229217048854393, 1.17594654788419, -0.00234386025332377, 20, 13, 0.296967
0.229217048854393, 1.17906458797327, -0.00234378986912976, 20, 13, 0.299937
0.229217048854393, 1.18218262806236, -0.00234371976100262, 20, 13, 0.296727
0.229217048854393, 1.18530066815145, -0.00234364993746896, 20, 13, 0.296721
0.229217048854393, 1.18841870824053, -0.00234358040709679, 20, 13, 0.29714
0.229217048854393, 1.19153674832962, -0.00234351117849505, 20, 13, 0.303634
0.229217048854393, 1.19465478841871, -0.00234344226031332, 20, 13, 0.300353
0.229217048854393, 1.1977728285078, -0.00234337365545931, 20, 12, 0.277682
0.229217048854393, 1.20089086859688, -0.00234330538453442, 20, 12, 0.270802
0.229217048854393, 1.20400890868597, -0.00234323745020172, 20, 12, 0.293906
0.229217048854393, 1.20712694877506, -0.00234316986127024, 20, 12, 0.300247
0.229217048854393, 1.21024498886414, -0.00234310262658763, 20, 12, 0.288508
0.229217048854393, 1.21336302895323, -0.00234303575503979, 20, 12, 0.319464
0.229217048854393, 1.21648106904232, -0.00234296925555048, 20, 12, 0.281483
0.229217048854393, 1.2195991091314, -0.00234290313708091, 20, 12, 0.291494
0.229217048854393, 1.22271714922049, -0.00234283740862938, 20, 12, 0.27067
0.229217048854393, 1.22583518930958, -0.00234277207923081, 20, 12, 0.270624
0.229217048854393, 1.22895322939866, -0.00234270715795645, 20, 12, 0.270604
0.229217048854393, 1.23207126948775, -0.00234264265391335, 20, 12, 0.270643
0.229217048854393, 1.23518930957684, -0.00234257857624408, 20, 12, 0.270618
0.229217048854393, 1.23830734966592, -0.00234251493412623, 20, 12, 0.270652
0.229217048854393, 1.24142538975501, -0.00234245173677204, 20, 12, 0.270634
0.229217048854393, 1.2445434298441, -0.00234238899342801, 20, 12, 0.270619
0.229217048854393, 1.24766146993318, -0.00234232671337443, 20, 12, 0.270641
0.229217048854393, 1.25077951002227, -0.00234226490592504, 20, 12, 0.270648
0.229217048854393, 1.25389755011136, -0.00234220358042656, 20, 12, 0.27077
0.229217048854393, 1.25701559020045, -0.00234214274625828, 20, 12, 0.28269
0.229217048854393, 1.26013363028953, -0.00234208241283168, 20, 12, 0.314807
0.229217048854393, 1.26325167037862, -0.00234202258958995, 20, 12, 0.270845
0.229217048854393, 1.26636971046771, -0.00234196328600763, 20, 12, 0.276978
0.229217048854393, 1.26948775055679, -0.00234190451159014, 20, 12, 0.276812
0.229217048854393, 1.27260579064588, -0.00234184627587339, 20, 12, 0.270874
0.229217048854393, 1.27572383073497, -0.00234178858842331, 20, 12, 0.270976
0.229217048854393, 1.27884187082405, -0.00234173145883549, 20, 12, 0.292856
0.229217048854393, 1.28195991091314, -0.00234167489673468, 20, 12, 0.295158
0.229217048854393, 1.28507795100223, -0.00234161891177441, 20, 12, 0.274313
0.229217048854393, 1.28819599109131, -0.00234156351363655, 20, 12, 0.270707
0.229217048854393, 1.2913140311804, -0.00234150871203084, 20, 12, 0.271011
0.229217048854393, 1.29443207126949, -0.00234145451669451, 20, 12, 0.274311
0.229217048854393, 1.29755011135857, -0.00234140093739184, 20, 12, 0.273651
0.229217048854393, 1.30066815144766, -0.00234134798391366, 20, 12, 0.277015
0.229217048854393, 1.30378619153675, -0.00234129566607702, 20, 12, 0.274635
0.229217048854393, 1.30690423162584, -0.00234124399372464, 20, 12, 0.274326
0.229217048854393, 1.31002227171492, -0.00234119297672457, 20, 12, 0.274664
0.229217048854393, 1.31314031180401, -0.00234114262496968, 20, 12, 0.27067
0.229217048854393, 1.3162583518931, -0.00234109294837727, 20, 12, 0.270652
0.229217048854393, 1.31937639198218, -0.00234104395174695, 20, 11, 0.245118
0.229217048854393, 1.32249443207127, -0.00234099565557825, 20, 11, 0.245866
0.229217048854393, 1.32561247216036, -0.00234094806445367, 20, 11, 0.246333
0.229217048854393, 1.32873051224944, -0.00234090118838433, 20, 11, 0.245894
0.229217048854393, 1.33184855233853, -0.00234085503740365, 20, 11, 0.247422
0.229217048854393, 1.33496659242762, -0.00234080962156635, 20, 11, 0.24749
0.229217048854393, 1.3380846325167, -0.00234076495094886, 20, 11, 0.248323
0.229217048854393, 1.34120267260579, -0.00234072103564833, 20, 11, 0.247936
0.229217048854393, 1.34432071269488, -0.00234067788578229, 20, 11, 0.251192
0.229217048854393, 1.34743875278396, -0.00234063551148824, 20, 11, 0.248948
0.229217048854393, 1.35055679287305, -0.00234059392292318, 20, 11, 0.263691
0.229217048854393, 1.35367483296214, -0.00234055313026316, 20, 11, 0.283582
0.229217048854393, 1.35679287305122, -0.00234051314370289, 20, 11, 0.257012
0.229217048854393, 1.35991091314031, -0.0023404739734552, 20, 11, 0.247582
0.229217048854393, 1.3630289532294, -0.00234043562975071, 20, 11, 0.259411
0.229217048854393, 1.36614699331849, -0.00234039812283725, 20, 11, 0.263138
0.229217048854393, 1.36926503340757, -0.00234036146297956, 20, 11, 0.279501
0.229217048854393, 1.37238307349666, -0.00234032566045871, 20, 11, 0.279829
0.229217048854393, 1.37550111358575, -0.00234029072557173, 20, 11, 0.254921
0.229217048854393, 1.37861915367483, -0.00234025666863117, 20, 11, 0.247484
0.229217048854393, 1.38173719376392, -0.0023402234999646, 20, 11, 0.247484
0.229217048854393, 1.38485523385301, -0.0023401912299142, 20, 11, 0.247545
0.229217048854393, 1.38797327394209, -0.00234015986883631, 20, 11, 0.252273
0.229217048854393, 1.39109131403118, -0.00234012942710097, 20, 11, 0.255287
0.229217048854393, 1.39420935412027, -0.00234009991509151, 20, 11, 0.247481
0.229217048854393, 1.39732739420935, -0.00234007134320404, 20, 11, 0.251129
0.229217048854393, 1.40044543429844, -0.00234004372184708, 20, 11, 0.267544
0.229217048854393, 1.40356347438753, -0.00234001706144105, 20, 11, 0.260928
0.229217048854393, 1.40668151447661, -0.00233999137241785, 20, 11, 0.26332
0.229217048854393, 1.4097995545657, -0.00233996666522044, 20, 11, 0.247474
0.229217048854393, 1.41291759465479, -0.00233994295030235, 20, 11, 0.247478
0.229217048854393, 1.41603563474388, -0.00233992023812727, 20, 11, 0.247445
0.229217048854393, 1.41915367483296, -0.00233989853916859, 20, 11, 0.247418
0.229217048854393, 1.42227171492205, -0.00233987786390895, 20, 11, 0.247432
0.229217048854393, 1.42538975501114, -0.00233985822283982, 20, 11, 0.24747
0.229217048854393, 1.42850779510022, -0.00233983962646104, 20, 11, 0.24744
0.229217048854393, 1.43162583518931, -0.0023398220852804, 20, 11, 0.247454
0.229217048854393, 1.4347438752784, -0.00233980560981315, 20, 11, 0.24743
0.229217048854393, 1.43786191536748, -0.00233979021058164, 20, 11, 0.24742
0.229217048854393, 1.44097995545657, -0.00233977589811478, 20, 11, 0.24743
0.229217048854393, 1.44409799554566, -0.00233976268294769, 20, 11, 0.247416
0.229217048854393, 1.44721603563474, -0.00233975057562122, 20, 11, 0.247406
0.229217048854393, 1.45033407572383, -0.00233973958668152, 20, 11, 0.247457
0.229217048854393, 1.45345211581292, -0.00233972972667958, 20, 11, 0.247583
0.229217048854393, 1.456570155902, -0.00233972100617084, 20, 11, 0.247419
0.229217048854393, 1.45968819599109, -0.00233971343571472, 20, 11, 0.247412
0.229217048854393, 1.46280623608018, -0.0023397070258742, 20, 11, 0.247451
0.229217048854393, 1.46592427616927, -0.00233970178264758, 20, 10, 0.221921
0.229217048854393, 1.46904231625835, -0.00233969772594294, 20, 10, 0.221891
0.229217048854393, 1.47216035634744, -0.0023396948615508, 20, 10, 0.221913
0.229217048854393, 1.47527839643653, -0.00233969320004446, 20, 10, 0.221911
0.229217048854393, 1.47839643652561, -0.00233969275199857, 20, 10, 0.221927
0.229217048854393, 1.4815144766147, -0.00233969352798877, 20, 10, 0.221895
0.229217048854393, 1.48463251670379, -0.00233969553859121, 20, 10, 0.221909
0.229217048854393, 1.48775055679287, -0.00233969879438215, 20, 10, 0.221907
0.229217048854393, 1.49086859688196, -0.00233970330593753, 20, 10, 0.221865
0.229217048854393, 1.49398663697105, -0.00233970908383257, 20, 10, 0.22184
0.229217048854393, 1.49710467706013, -0.00233971613864128, 20, 10, 0.229576
0.229217048854393, 1.50022271714922, -0.00233972448093612, 20, 10, 0.222003
0.229217048854393, 1.50334075723831, -0.00233973412128754, 20, 10, 0.222017
0.229217048854393, 1.50645879732739, -0.00233974507026356, 20, 10, 0.228071
0.229217048854393, 1.50957683741648, -0.00233975733842937, 20, 10, 0.221861
0.229217048854393, 1.51269487750557, -0.00233977093634692, 20, 10, 0.237604
0.229217048854393, 1.51581291759465, -0.00233978587457445, 20, 10, 0.23481
0.229217048854393, 1.51893095768374, -0.00233980216366617, 20, 10, 0.227917
0.229217048854393, 1.52204899777283, -0.00233981981417176, 20, 10, 0.227096
0.229217048854393, 1.52516703786192, -0.00233983883663603, 20, 10, 0.224946
0.229217048854393, 1.528285077951, -0.00233985924159845, 20, 10, 0.247434
0.229217048854393, 1.53140311804009, -0.0023398810395928, 20, 10, 0.248996
0.229217048854393, 1.53452115812918, -0.00233990424114672, 20, 10, 0.222922
0.229217048854393, 1.53763919821826, -0.00233992885678134, 20, 10, 0.237563
0.229217048854393, 1.54075723830735, -0.00233995489701084, 20, 10, 0.221818
0.229217048854393, 1.54387527839644, -0.00233998237234211, 20, 10, 0.221871
0.229217048854393, 1.54699331848552, -0.00234001129327426, 20, 10, 0.221849
0.229217048854393, 1.55011135857461, -0.00234004167029832, 20, 10, 0.226335
0.229217048854393, 1.5532293986637, -0.00234007351389678, 20, 10, 0.221972
0.229217048854393, 1.55634743875278, -0.00234010683454322, 20, 10, 0.221841
0.229217048854393, 1.55946547884187, -0.00234014164270189, 20, 10, 0.223833
0.229217048854393, 1.56258351893096, -0.00234017794882738, 20, 10, 0.221912
0.229217048854393, 1.56570155902004, -0.00234021576336416, 20, 10, 0.222015
0.229217048854393, 1.56881959910913, -0.00234025509674625, 20, 10, 0.221923
0.229217048854393, 1.57193763919822, -0.00234029595939678, 20, 10, 0.222042
0.229217048854393, 1.57505567928731, -0.00234033836172766, 20, 10, 0.222053
0.229217048854393, 1.57817371937639, -0.00234038231413916, 20, 10, 0.221788
0.229217048854393, 1.58129175946548, -0.00234042782701955, 20, 10, 0.221822
0.229217048854393, 1.58440979955457, -0.00234047491074471, 20, 10, 0.221826
0.229217048854393, 1.58752783964365, -0.00234052357567776, 20, 10, 0.221874
0.229217048854393, 1.59064587973274, -0.00234057383216868, 20, 10, 0.221914
0.229217048854393, 1.59376391982183, -0.00234062569055395, 20, 10, 0.221928
0.229217048854393, 1.59688195991091, -0.00234067916115616, 20, 10, 0.22193
0.229217048854393, 1.6, -0.00234073425428366, 20, 10, 0.221816
# finished at Wed Apr 30 00:09:50 CEST 2014
