# starting on alcc59 at Tue Apr 29 23:45:55 CEST 2014
# casimir, -T, 0.200000,1.600000,450, -Q, 0.217245171775884, -p, 1e-08, -L, 20
# Compiler icc, using long double and plain matrix elements and plain integration
# precision=1e-08
# lfac=5
# cores=1
# L=0.217245
# T=0.2...1.6 (450)
#
# R/(L+R), T, F, lmax, nmax, time
0.217245171775884, 0.2, -0.00198689699142872, 20, 67, 1.60916
0.217245171775884, 0.203118040089087, -0.00198689565401497, 20, 66, 1.57066
0.217245171775884, 0.206236080178174, -0.00198689425500184, 20, 65, 1.55098
0.217245171775884, 0.209354120267261, -0.00198689279260433, 20, 64, 1.52283
0.217245171775884, 0.212472160356347, -0.00198689126501433, 20, 63, 1.49948
0.217245171775884, 0.215590200445434, -0.00198688967040069, 20, 62, 1.4746
0.217245171775884, 0.218708240534521, -0.00198688800690919, 20, 61, 1.45101
0.217245171775884, 0.221826280623608, -0.0019868862726623, 20, 60, 1.42598
0.217245171775884, 0.224944320712695, -0.00198688446575874, 20, 59, 1.39986
0.217245171775884, 0.228062360801782, -0.00198688258854701, 20, 59, 1.40292
0.217245171775884, 0.231180400890869, -0.0019868806309375, 20, 58, 1.37811
0.217245171775884, 0.234298440979955, -0.00198687859490391, 20, 57, 1.3528
0.217245171775884, 0.237416481069042, -0.00198687647845776, 20, 56, 1.32735
0.217245171775884, 0.240534521158129, -0.00198687428407923, 20, 56, 1.32812
0.217245171775884, 0.243652561247216, -0.00198687200133009, 20, 55, 1.30538
0.217245171775884, 0.246770601336303, -0.00198686963216509, 20, 54, 1.27983
0.217245171775884, 0.24988864142539, -0.00198686717906854, 20, 54, 1.28251
0.217245171775884, 0.253006681514477, -0.00198686463152698, 20, 53, 1.25675
0.217245171775884, 0.256124721603563, -0.00198686199139684, 20, 52, 1.23039
0.217245171775884, 0.25924276169265, -0.00198685926143324, 20, 52, 1.23368
0.217245171775884, 0.262360801781737, -0.00198685643055503, 20, 51, 1.2143
0.217245171775884, 0.265478841870824, -0.00198685350537442, 20, 51, 1.22625
0.217245171775884, 0.268596881959911, -0.00198685047534928, 20, 50, 1.19095
0.217245171775884, 0.271714922048998, -0.00198684734213491, 20, 49, 1.15812
0.217245171775884, 0.274832962138085, -0.00198684410890399, 20, 49, 1.15818
0.217245171775884, 0.277951002227172, -0.00198684076371304, 20, 48, 1.1358
0.217245171775884, 0.281069042316258, -0.00198683731411401, 20, 48, 1.13715
0.217245171775884, 0.284187082405345, -0.00198683374826677, 20, 47, 1.11036
0.217245171775884, 0.287305122494432, -0.00198683007366012, 20, 47, 1.11258
0.217245171775884, 0.290423162583519, -0.00198682627837508, 20, 46, 1.08654
0.217245171775884, 0.293541202672606, -0.00198682237002319, 20, 46, 1.09082
0.217245171775884, 0.296659242761693, -0.00198681833642105, 20, 45, 1.06346
0.217245171775884, 0.29977728285078, -0.00198681418549733, 20, 45, 1.06384
0.217245171775884, 0.302895322939866, -0.00198680990460422, 20, 44, 1.03793
0.217245171775884, 0.306013363028953, -0.00198680550220198, 20, 44, 1.03857
0.217245171775884, 0.30913140311804, -0.00198680097018933, 20, 44, 1.04069
0.217245171775884, 0.312249443207127, -0.00198679630209319, 20, 43, 1.01575
0.217245171775884, 0.315367483296214, -0.00198679150507756, 20, 43, 1.01949
0.217245171775884, 0.318485523385301, -0.00198678656697354, 20, 42, 1.01502
0.217245171775884, 0.321603563474388, -0.00198678149587499, 20, 42, 1.06121
0.217245171775884, 0.324721603563474, -0.00198677628382641, 20, 42, 1.0639
0.217245171775884, 0.327839643652561, -0.00198677092418948, 20, 41, 1.04619
0.217245171775884, 0.330957683741648, -0.00198676542429363, 20, 41, 1.0066
0.217245171775884, 0.334075723830735, -0.00198675977150024, 20, 40, 0.943742
0.217245171775884, 0.337193763919822, -0.00198675397455536, 20, 40, 0.942706
0.217245171775884, 0.340311804008909, -0.00198674802511394, 20, 40, 0.943269
0.217245171775884, 0.343429844097996, -0.00198674191593955, 20, 39, 0.917258
0.217245171775884, 0.346547884187082, -0.00198673565551919, 20, 39, 0.919495
0.217245171775884, 0.349665924276169, -0.00198672923563544, 20, 39, 0.935066
0.217245171775884, 0.352783964365256, -0.00198672264899294, 20, 38, 0.894866
0.217245171775884, 0.355902004454343, -0.00198671590413292, 20, 38, 0.916799
0.217245171775884, 0.35902004454343, -0.00198670899280191, 20, 38, 0.900888
0.217245171775884, 0.362138084632517, -0.00198670190750604, 20, 37, 0.868951
0.217245171775884, 0.365256124721604, -0.00198669465716, 20, 37, 0.88424
0.217245171775884, 0.36837416481069, -0.00198668723330801, 20, 37, 0.919161
0.217245171775884, 0.371492204899777, -0.00198667963365118, 20, 37, 0.871414
0.217245171775884, 0.374610244988864, -0.00198667185118028, 20, 36, 0.845808
0.217245171775884, 0.377728285077951, -0.00198666389370371, 20, 36, 0.846104
0.217245171775884, 0.380846325167038, -0.00198665575337164, 20, 36, 0.848042
0.217245171775884, 0.383964365256125, -0.00198664742269185, 20, 35, 0.823224
0.217245171775884, 0.387082405345212, -0.00198663891049646, 20, 35, 0.82218
0.217245171775884, 0.390200445434298, -0.00198663020839727, 20, 35, 0.822073
0.217245171775884, 0.393318485523385, -0.00198662131409366, 20, 35, 0.823018
0.217245171775884, 0.396436525612472, -0.00198661222025026, 20, 34, 0.796987
0.217245171775884, 0.399554565701559, -0.00198660293535267, 20, 34, 0.800059
0.217245171775884, 0.402672605790646, -0.00198659345122701, 20, 34, 0.799095
0.217245171775884, 0.405790645879733, -0.00198658376558141, 20, 34, 0.798886
0.217245171775884, 0.40890868596882, -0.00198657387105423, 20, 33, 0.774793
0.217245171775884, 0.412026726057906, -0.00198656377620604, 20, 33, 0.77371
0.217245171775884, 0.415144766146993, -0.00198655347286114, 20, 33, 0.77338
0.217245171775884, 0.41826280623608, -0.00198654295874531, 20, 33, 0.773622
0.217245171775884, 0.421380846325167, -0.00198653222628236, 20, 32, 0.750487
0.217245171775884, 0.424498886414254, -0.00198652128453665, 20, 32, 0.751625
0.217245171775884, 0.427616926503341, -0.0019865101251116, 20, 32, 0.750465
0.217245171775884, 0.430734966592428, -0.00198649874575923, 20, 32, 0.750533
0.217245171775884, 0.433853006681514, -0.0019864871442353, 20, 32, 0.750238
0.217245171775884, 0.436971046770601, -0.00198647531330461, 20, 31, 0.725732
0.217245171775884, 0.440089086859688, -0.00198646326139047, 20, 31, 0.725013
0.217245171775884, 0.443207126948775, -0.00198645098051644, 20, 31, 0.72715
0.217245171775884, 0.446325167037862, -0.00198643846847485, 20, 31, 0.727831
0.217245171775884, 0.449443207126949, -0.00198642571740035, 20, 30, 0.701626
0.217245171775884, 0.452561247216036, -0.00198641273716044, 20, 30, 0.701638
0.217245171775884, 0.455679287305123, -0.00198639951908033, 20, 30, 0.701854
0.217245171775884, 0.458797327394209, -0.00198638606099705, 20, 30, 0.702006
0.217245171775884, 0.461915367483296, -0.00198637236075631, 20, 30, 0.702354
0.217245171775884, 0.465033407572383, -0.0019863584103766, 20, 29, 0.676151
0.217245171775884, 0.46815144766147, -0.00198634422012743, 20, 29, 0.675975
0.217245171775884, 0.471269487750557, -0.00198632978122751, 20, 29, 0.678273
0.217245171775884, 0.474387527839644, -0.00198631509157704, 20, 29, 0.690238
0.217245171775884, 0.477505567928731, -0.0019863001490875, 20, 29, 0.684215
0.217245171775884, 0.480623608017817, -0.00198628495168252, 20, 29, 0.684456
0.217245171775884, 0.483741648106904, -0.00198626949175668, 20, 28, 0.652955
0.217245171775884, 0.486859688195991, -0.00198625377901534, 20, 28, 0.652813
0.217245171775884, 0.489977728285078, -0.00198623780512886, 20, 28, 0.653063
0.217245171775884, 0.493095768374165, -0.00198622156808664, 20, 28, 0.653262
0.217245171775884, 0.496213808463252, -0.00198620506589262, 20, 28, 0.652975
0.217245171775884, 0.499331848552339, -0.00198618829656605, 20, 28, 0.655537
0.217245171775884, 0.502449888641425, -0.00198617125257377, 20, 27, 0.630487
0.217245171775884, 0.505567928730512, -0.0019861539437563, 20, 27, 0.629951
0.217245171775884, 0.508685968819599, -0.00198613636188655, 20, 27, 0.630466
0.217245171775884, 0.511804008908686, -0.00198611850506056, 20, 27, 0.629694
0.217245171775884, 0.514922048997773, -0.00198610037139189, 20, 27, 0.629777
0.217245171775884, 0.51804008908686, -0.0019860819590123, 20, 27, 0.629712
0.217245171775884, 0.521158129175947, -0.00198606326015117, 20, 26, 0.604239
0.217245171775884, 0.524276169265034, -0.00198604428549017, 20, 26, 0.604133
0.217245171775884, 0.52739420935412, -0.00198602502655397, 20, 26, 0.604782
0.217245171775884, 0.530512249443207, -0.00198600548156198, 20, 26, 0.60474
0.217245171775884, 0.533630289532294, -0.00198598564875395, 20, 26, 0.606955
0.217245171775884, 0.536748329621381, -0.00198596552639056, 20, 26, 0.60657
0.217245171775884, 0.539866369710468, -0.00198594511275411, 20, 26, 0.606679
0.217245171775884, 0.542984409799555, -0.00198592440021, 20, 25, 0.581551
0.217245171775884, 0.546102449888642, -0.00198590339961028, 20, 25, 0.58115
0.217245171775884, 0.549220489977728, -0.00198588210264952, 20, 25, 0.581304
0.217245171775884, 0.552338530066815, -0.00198586050770973, 20, 25, 0.581934
0.217245171775884, 0.555456570155902, -0.00198583861319645, 20, 25, 0.581228
0.217245171775884, 0.558574610244989, -0.0019858164175394, 20, 25, 0.581028
0.217245171775884, 0.561692650334076, -0.00198579391919301, 20, 25, 0.58123
0.217245171775884, 0.564810690423163, -0.00198577111663699, 20, 25, 0.581595
0.217245171775884, 0.567928730512249, -0.00198574800267937, 20, 24, 0.555467
0.217245171775884, 0.571046770601336, -0.00198572458784411, 20, 24, 0.558509
0.217245171775884, 0.574164810690423, -0.00198570086433292, 20, 24, 0.557768
0.217245171775884, 0.57728285077951, -0.00198567683073834, 20, 24, 0.558847
0.217245171775884, 0.580400890868597, -0.00198565248568003, 20, 24, 0.557852
0.217245171775884, 0.583518930957684, -0.0019856278278053, 20, 24, 0.557841
0.217245171775884, 0.586636971046771, -0.00198560285578968, 20, 24, 0.557994
0.217245171775884, 0.589755011135857, -0.00198557756833736, 20, 24, 0.558165
0.217245171775884, 0.592873051224944, -0.00198555195828722, 20, 23, 0.532508
0.217245171775884, 0.595991091314031, -0.00198552603678469, 20, 23, 0.532584
0.217245171775884, 0.599109131403118, -0.0019854997960755, 20, 23, 0.532714
0.217245171775884, 0.602227171492205, -0.00198547323498937, 20, 23, 0.533034
0.217245171775884, 0.605345211581292, -0.00198544635238638, 20, 23, 0.533398
0.217245171775884, 0.608463251670379, -0.00198541914715758, 20, 23, 0.532421
0.217245171775884, 0.611581291759466, -0.0019853916182254, 20, 23, 0.539703
0.217245171775884, 0.614699331848552, -0.00198536376454409, 20, 23, 0.535087
0.217245171775884, 0.617817371937639, -0.00198533558510026, 20, 23, 0.534731
0.217245171775884, 0.620935412026726, -0.00198530707297009, 20, 22, 0.509285
0.217245171775884, 0.624053452115813, -0.00198527823966596, 20, 22, 0.510016
0.217245171775884, 0.6271714922049, -0.00198524907770206, 20, 22, 0.50931
0.217245171775884, 0.630289532293987, -0.00198521958620381, 20, 22, 0.509197
0.217245171775884, 0.633407572383074, -0.00198518976433055, 20, 22, 0.513385
0.217245171775884, 0.63652561247216, -0.00198515961127594, 20, 22, 0.531033
0.217245171775884, 0.639643652561247, -0.00198512912626846, 20, 22, 0.516469
0.217245171775884, 0.642761692650334, -0.00198509830857175, 20, 22, 0.516596
0.217245171775884, 0.645879732739421, -0.0019850671574851, 20, 22, 0.509123
0.217245171775884, 0.648997772828508, -0.0019850356723438, 20, 22, 0.509093
0.217245171775884, 0.652115812917595, -0.00198500384659756, 20, 21, 0.4837
0.217245171775884, 0.655233853006682, -0.0019849716920457, 20, 21, 0.483562
0.217245171775884, 0.658351893095768, -0.00198493920161464, 20, 21, 0.483971
0.217245171775884, 0.661469933184855, -0.00198490637479216, 20, 21, 0.483604
0.217245171775884, 0.664587973273942, -0.00198487321110352, 20, 21, 0.485955
0.217245171775884, 0.667706013363029, -0.00198483971011181, 20, 21, 0.486006
0.217245171775884, 0.670824053452116, -0.00198480587141835, 20, 21, 0.486537
0.217245171775884, 0.673942093541203, -0.00198477169466311, 20, 21, 0.486078
0.217245171775884, 0.67706013363029, -0.00198473717952499, 20, 21, 0.485969
0.217245171775884, 0.680178173719376, -0.00198470232572223, 20, 21, 0.486648
0.217245171775884, 0.683296213808463, -0.00198466713301273, 20, 21, 0.485993
0.217245171775884, 0.68641425389755, -0.00198463159528013, 20, 20, 0.460837
0.217245171775884, 0.689532293986637, -0.00198459572471268, 20, 20, 0.460685
0.217245171775884, 0.692650334075724, -0.00198455951470775, 20, 20, 0.460371
0.217245171775884, 0.695768374164811, -0.00198452296518926, 20, 20, 0.461789
0.217245171775884, 0.698886414253898, -0.00198448607612207, 20, 20, 0.460495
0.217245171775884, 0.702004454342984, -0.00198444884751232, 20, 20, 0.460491
0.217245171775884, 0.705122494432071, -0.00198441127940777, 20, 20, 0.464128
0.217245171775884, 0.708240534521158, -0.00198437337189809, 20, 20, 0.460338
0.217245171775884, 0.711358574610245, -0.00198433512511518, 20, 20, 0.460595
0.217245171775884, 0.714476614699332, -0.00198429653923351, 20, 20, 0.46061
0.217245171775884, 0.717594654788419, -0.00198425761447036, 20, 20, 0.460885
0.217245171775884, 0.720712694877506, -0.00198421835108616, 20, 20, 0.460506
0.217245171775884, 0.723830734966592, -0.00198417874338084, 20, 19, 0.435399
0.217245171775884, 0.726948775055679, -0.00198413880421377, 20, 19, 0.437722
0.217245171775884, 0.730066815144766, -0.00198409852742628, 20, 19, 0.437258
0.217245171775884, 0.733184855233853, -0.00198405791345758, 20, 19, 0.437373
0.217245171775884, 0.73630289532294, -0.00198401696279108, 20, 19, 0.437303
0.217245171775884, 0.739420935412027, -0.00198397567595467, 20, 19, 0.437358
0.217245171775884, 0.742538975501114, -0.00198393405352094, 20, 19, 0.437183
0.217245171775884, 0.7456570155902, -0.00198389209610751, 20, 19, 0.437205
0.217245171775884, 0.748775055679287, -0.00198384980437723, 20, 19, 0.437183
0.217245171775884, 0.751893095768374, -0.00198380717903848, 20, 19, 0.437346
0.217245171775884, 0.755011135857461, -0.00198376422084535, 20, 19, 0.437752
0.217245171775884, 0.758129175946548, -0.00198372093059793, 20, 19, 0.437708
0.217245171775884, 0.761247216035635, -0.00198367730914252, 20, 19, 0.437237
0.217245171775884, 0.764365256124722, -0.00198363335737184, 20, 19, 0.437226
0.217245171775884, 0.767483296213809, -0.0019835890704428, 20, 18, 0.411741
0.217245171775884, 0.770601336302895, -0.00198354446136764, 20, 18, 0.411701
0.217245171775884, 0.773719376391982, -0.00198349952489946, 20, 18, 0.41187
0.217245171775884, 0.776837416481069, -0.00198345426212172, 20, 18, 0.411798
0.217245171775884, 0.779955456570156, -0.00198340867416512, 20, 18, 0.41207
0.217245171775884, 0.783073496659243, -0.0019833627622078, 20, 18, 0.415501
0.217245171775884, 0.78619153674833, -0.00198331652747553, 20, 18, 0.411845
0.217245171775884, 0.789309576837417, -0.00198326997124193, 20, 18, 0.412694
0.217245171775884, 0.792427616926503, -0.00198322309482862, 20, 18, 0.412537
0.217245171775884, 0.79554565701559, -0.00198317589960544, 20, 18, 0.411931
0.217245171775884, 0.798663697104677, -0.00198312838699061, 20, 18, 0.415711
0.217245171775884, 0.801781737193764, -0.00198308055845087, 20, 18, 0.414761
0.217245171775884, 0.804899777282851, -0.0019830324155017, 20, 18, 0.414815
0.217245171775884, 0.808017817371938, -0.00198298395970743, 20, 18, 0.414214
0.217245171775884, 0.811135857461025, -0.00198293519268143, 20, 18, 0.41411
0.217245171775884, 0.814253897550111, -0.00198288611020891, 20, 17, 0.389544
0.217245171775884, 0.817371937639198, -0.00198283672620001, 20, 17, 0.388875
0.217245171775884, 0.820489977728285, -0.00198278703606164, 20, 17, 0.389053
0.217245171775884, 0.823608017817372, -0.00198273704160715, 20, 17, 0.388567
0.217245171775884, 0.826726057906459, -0.00198268674469941, 20, 17, 0.388946
0.217245171775884, 0.829844097995546, -0.00198263614725097, 20, 17, 0.388541
0.217245171775884, 0.832962138084633, -0.00198258525122413, 20, 17, 0.38866
0.217245171775884, 0.836080178173719, -0.00198253405863108, 20, 17, 0.389381
0.217245171775884, 0.839198218262806, -0.00198248257153404, 20, 17, 0.388542
0.217245171775884, 0.842316258351893, -0.00198243079204536, 20, 17, 0.388602
0.217245171775884, 0.84543429844098, -0.00198237872232761, 20, 17, 0.38917
0.217245171775884, 0.848552338530067, -0.00198232636459368, 20, 17, 0.400618
0.217245171775884, 0.851670378619154, -0.00198227372110692, 20, 17, 0.388736
0.217245171775884, 0.854788418708241, -0.00198222079418114, 20, 17, 0.388962
0.217245171775884, 0.857906458797328, -0.00198216758618077, 20, 17, 0.394921
0.217245171775884, 0.861024498886414, -0.00198211409952092, 20, 17, 0.388771
0.217245171775884, 0.864142538975501, -0.00198206033666741, 20, 17, 0.388596
0.217245171775884, 0.867260579064588, -0.00198200630013689, 20, 17, 0.388615
0.217245171775884, 0.870378619153675, -0.00198195198698057, 20, 16, 0.363225
0.217245171775884, 0.873496659242762, -0.0019818974112425, 20, 16, 0.363183
0.217245171775884, 0.876614699331849, -0.00198184256965489, 20, 16, 0.364403
0.217245171775884, 0.879732739420936, -0.00198178746494017, 20, 16, 0.363033
0.217245171775884, 0.882850779510022, -0.00198173209987168, 20, 16, 0.363359
0.217245171775884, 0.885968819599109, -0.00198167647727376, 20, 16, 0.363649
0.217245171775884, 0.889086859688196, -0.00198162060002176, 20, 16, 0.36736
0.217245171775884, 0.892204899777283, -0.00198156447104204, 20, 16, 0.365437
0.217245171775884, 0.89532293986637, -0.00198150809331208, 20, 16, 0.366548
0.217245171775884, 0.898440979955457, -0.00198145146986046, 20, 16, 0.366904
0.217245171775884, 0.901559020044544, -0.00198139460376687, 20, 16, 0.365612
0.217245171775884, 0.90467706013363, -0.00198133749816217, 20, 16, 0.36545
0.217245171775884, 0.907795100222717, -0.00198128015622832, 20, 16, 0.3654
0.217245171775884, 0.910913140311804, -0.00198122258119848, 20, 16, 0.365549
0.217245171775884, 0.914031180400891, -0.00198116477635693, 20, 16, 0.365439
0.217245171775884, 0.917149220489978, -0.0019811067450391, 20, 16, 0.365459
0.217245171775884, 0.920267260579065, -0.00198104849063157, 20, 16, 0.365416
0.217245171775884, 0.923385300668152, -0.00198099001657202, 20, 16, 0.365559
0.217245171775884, 0.926503340757238, -0.00198093132634923, 20, 16, 0.365938
0.217245171775884, 0.929621380846325, -0.00198087242350307, 20, 16, 0.365352
0.217245171775884, 0.932739420935412, -0.00198081330628079, 20, 15, 0.340486
0.217245171775884, 0.935857461024499, -0.00198075398936939, 20, 15, 0.340146
0.217245171775884, 0.938975501113586, -0.0019806944707364, 20, 15, 0.340001
0.217245171775884, 0.942093541202673, -0.00198063475412723, 20, 15, 0.339846
0.217245171775884, 0.945211581291759, -0.00198057484333804, 20, 15, 0.34
0.217245171775884, 0.948329621380847, -0.00198051474221571, 20, 15, 0.340226
0.217245171775884, 0.951447661469933, -0.00198045445465779, 20, 15, 0.341167
0.217245171775884, 0.95456570155902, -0.00198039398461247, 20, 15, 0.3401
0.217245171775884, 0.957683741648107, -0.00198033333607848, 20, 15, 0.341049
0.217245171775884, 0.960801781737194, -0.00198027251310504, 20, 15, 0.339931
0.217245171775884, 0.963919821826281, -0.00198021151979178, 20, 15, 0.339903
0.217245171775884, 0.967037861915368, -0.0019801503602887, 20, 15, 0.339975
0.217245171775884, 0.970155902004454, -0.00198008903879605, 20, 15, 0.339933
0.217245171775884, 0.973273942093541, -0.00198002755956424, 20, 15, 0.339929
0.217245171775884, 0.976391982182628, -0.00197996592689381, 20, 15, 0.340497
0.217245171775884, 0.979510022271715, -0.00197990414513527, 20, 15, 0.340136
0.217245171775884, 0.982628062360802, -0.00197984221868903, 20, 15, 0.340724
0.217245171775884, 0.985746102449889, -0.00197978015200531, 20, 15, 0.339933
0.217245171775884, 0.988864142538975, -0.001979717949584, 20, 15, 0.340184
0.217245171775884, 0.991982182628063, -0.00197965561597459, 20, 15, 0.339852
0.217245171775884, 0.995100222717149, -0.00197959315577603, 20, 15, 0.339783
0.217245171775884, 0.998218262806236, -0.00197953057363661, 20, 15, 0.342176
0.217245171775884, 1.00133630289532, -0.00197946787425381, 20, 15, 0.342928
0.217245171775884, 1.00445434298441, -0.00197940505722276, 20, 14, 0.316852
0.217245171775884, 1.0075723830735, -0.00197934213796476, 20, 14, 0.316721
0.217245171775884, 1.01069042316258, -0.00197927911582977, 20, 14, 0.316632
0.217245171775884, 1.01380846325167, -0.00197921599571209, 20, 14, 0.316721
0.217245171775884, 1.01692650334076, -0.00197915278255452, 20, 14, 0.316747
0.217245171775884, 1.02004454342984, -0.00197908948134813, 20, 14, 0.316733
0.217245171775884, 1.02316258351893, -0.00197902609713219, 20, 14, 0.316815
0.217245171775884, 1.02628062360802, -0.00197896263499398, 20, 14, 0.316746
0.217245171775884, 1.0293986636971, -0.00197889910006863, 20, 14, 0.316931
0.217245171775884, 1.03251670378619, -0.00197883549753897, 20, 14, 0.316812
0.217245171775884, 1.03563474387528, -0.00197877183263538, 20, 14, 0.3167
0.217245171775884, 1.03875278396437, -0.00197870811063559, 20, 14, 0.316706
0.217245171775884, 1.04187082405345, -0.00197864433686452, 20, 14, 0.316753
0.217245171775884, 1.04498886414254, -0.00197858051669413, 20, 14, 0.31679
0.217245171775884, 1.04810690423163, -0.00197851665554318, 20, 14, 0.316694
0.217245171775884, 1.05122494432071, -0.00197845275887712, 20, 14, 0.316694
0.217245171775884, 1.0543429844098, -0.00197838883220784, 20, 14, 0.316668
0.217245171775884, 1.05746102449889, -0.00197832488109351, 20, 14, 0.316645
0.217245171775884, 1.06057906458797, -0.00197826091113838, 20, 14, 0.317164
0.217245171775884, 1.06369710467706, -0.00197819692799257, 20, 14, 0.317033
0.217245171775884, 1.06681514476615, -0.00197813293735187, 20, 14, 0.317188
0.217245171775884, 1.06993318485523, -0.00197806894495757, 20, 14, 0.316624
0.217245171775884, 1.07305122494432, -0.00197800495659617, 20, 14, 0.316686
0.217245171775884, 1.07616926503341, -0.00197794097809926, 20, 14, 0.316794
0.217245171775884, 1.07928730512249, -0.00197787701534324, 20, 14, 0.316768
0.217245171775884, 1.08240534521158, -0.0019778130742491, 20, 14, 0.31675
0.217245171775884, 1.08552338530067, -0.00197774915562655, 20, 13, 0.291175
0.217245171775884, 1.08864142538976, -0.00197768527609724, 20, 13, 0.29121
0.217245171775884, 1.09175946547884, -0.00197762143624075, 20, 13, 0.291162
0.217245171775884, 1.09487750556793, -0.00197755764215527, 20, 13, 0.291188
0.217245171775884, 1.09799554565702, -0.00197749389998235, 20, 13, 0.291218
0.217245171775884, 1.1011135857461, -0.00197743021590676, 20, 13, 0.291317
0.217245171775884, 1.10423162583519, -0.00197736659615615, 20, 13, 0.291421
0.217245171775884, 1.10734966592428, -0.00197730304700085, 20, 13, 0.291189
0.217245171775884, 1.11046770601336, -0.00197723957475364, 20, 13, 0.291215
0.217245171775884, 1.11358574610245, -0.00197717618576945, 20, 13, 0.292038
0.217245171775884, 1.11670378619154, -0.00197711288644517, 20, 13, 0.291523
0.217245171775884, 1.11982182628062, -0.00197704968321934, 20, 13, 0.292122
0.217245171775884, 1.12293986636971, -0.00197698658257191, 20, 13, 0.291326
0.217245171775884, 1.1260579064588, -0.00197692359102399, 20, 13, 0.297886
0.217245171775884, 1.12917594654788, -0.00197686071513757, 20, 13, 0.297009
0.217245171775884, 1.13229398663697, -0.00197679796151525, 20, 13, 0.291429
0.217245171775884, 1.13541202672606, -0.00197673533679998, 20, 13, 0.291485
0.217245171775884, 1.13853006681514, -0.00197667284767478, 20, 13, 0.297401
0.217245171775884, 1.14164810690423, -0.00197661050086246, 20, 13, 0.293682
0.217245171775884, 1.14476614699332, -0.00197654830312533, 20, 13, 0.29363
0.217245171775884, 1.14788418708241, -0.00197648626126495, 20, 13, 0.293928
0.217245171775884, 1.15100222717149, -0.00197642438212182, 20, 13, 0.294237
0.217245171775884, 1.15412026726058, -0.00197636267257509, 20, 13, 0.29355
0.217245171775884, 1.15723830734967, -0.00197630113954228, 20, 13, 0.293525
0.217245171775884, 1.16035634743875, -0.001976239789979, 20, 13, 0.293527
0.217245171775884, 1.16347438752784, -0.00197617863087861, 20, 13, 0.293556
0.217245171775884, 1.16659242761693, -0.00197611766927198, 20, 13, 0.293569
0.217245171775884, 1.16971046770601, -0.00197605691222712, 20, 13, 0.293511
0.217245171775884, 1.1728285077951, -0.00197599636684897, 20, 13, 0.293529
0.217245171775884, 1.17594654788419, -0.00197593604027899, 20, 13, 0.293509
0.217245171775884, 1.17906458797327, -0.00197587593969493, 20, 13, 0.293638
0.217245171775884, 1.18218262806236, -0.00197581607231049, 20, 13, 0.293472
0.217245171775884, 1.18530066815145, -0.00197575644064298, 20, 12, 0.27213
0.217245171775884, 1.18841870824053, -0.00197569706169661, 20, 12, 0.268571
0.217245171775884, 1.19153674832962, -0.0019756379377898, 20, 12, 0.275114
0.217245171775884, 1.19465478841871, -0.00197557907627765, 20, 12, 0.272009
0.217245171775884, 1.1977728285078, -0.0019755204845496, 20, 12, 0.268089
0.217245171775884, 1.20089086859688, -0.0019754621700291, 20, 12, 0.272022
0.217245171775884, 1.20400890868597, -0.00197540414017328, 20, 12, 0.26798
0.217245171775884, 1.20712694877506, -0.00197534640247264, 20, 12, 0.268046
0.217245171775884, 1.21024498886414, -0.00197528896445073, 20, 12, 0.278372
0.217245171775884, 1.21336302895323, -0.00197523183366376, 20, 12, 0.279104
0.217245171775884, 1.21648106904232, -0.00197517501770037, 20, 12, 0.285093
0.217245171775884, 1.2195991091314, -0.00197511852418121, 20, 12, 0.289105
0.217245171775884, 1.22271714922049, -0.00197506236075864, 20, 12, 0.310904
0.217245171775884, 1.22583518930958, -0.0019750065351164, 20, 12, 0.302087
0.217245171775884, 1.22895322939866, -0.00197495105496925, 20, 12, 0.289651
0.217245171775884, 1.23207126948775, -0.00197489592806266, 20, 12, 0.268082
0.217245171775884, 1.23518930957684, -0.00197484116217242, 20, 12, 0.268051
0.217245171775884, 1.23830734966592, -0.00197478676510435, 20, 12, 0.281677
0.217245171775884, 1.24142538975501, -0.00197473274469393, 20, 12, 0.271741
0.217245171775884, 1.2445434298441, -0.00197467910880595, 20, 12, 0.268525
0.217245171775884, 1.24766146993318, -0.00197462586533415, 20, 12, 0.271779
0.217245171775884, 1.25077951002227, -0.00197457302220091, 20, 12, 0.268126
0.217245171775884, 1.25389755011136, -0.00197452058735686, 20, 12, 0.27196
0.217245171775884, 1.25701559020045, -0.00197446856878055, 20, 12, 0.268177
0.217245171775884, 1.26013363028953, -0.00197441697447807, 20, 12, 0.276163
0.217245171775884, 1.26325167037862, -0.00197436581248273, 20, 12, 0.271761
0.217245171775884, 1.26636971046771, -0.00197431509085467, 20, 12, 0.268091
0.217245171775884, 1.26948775055679, -0.00197426481768054, 20, 12, 0.268068
0.217245171775884, 1.27260579064588, -0.00197421500107309, 20, 12, 0.26875
0.217245171775884, 1.27572383073497, -0.00197416564917085, 20, 12, 0.268457
0.217245171775884, 1.27884187082405, -0.00197411677013775, 20, 12, 0.268113
0.217245171775884, 1.28195991091314, -0.00197406837216277, 20, 12, 0.26815
0.217245171775884, 1.28507795100223, -0.00197402046345956, 20, 12, 0.268134
0.217245171775884, 1.28819599109131, -0.00197397305226609, 20, 12, 0.268038
0.217245171775884, 1.2913140311804, -0.00197392614684427, 20, 12, 0.268045
0.217245171775884, 1.29443207126949, -0.00197387975547958, 20, 12, 0.271826
0.217245171775884, 1.29755011135857, -0.00197383388648075, 20, 12, 0.268155
0.217245171775884, 1.30066815144766, -0.0019737885481793, 20, 12, 0.268577
0.217245171775884, 1.30378619153675, -0.00197374374459636, 20, 11, 0.242666
0.217245171775884, 1.30690423162584, -0.00197369949298891, 20, 11, 0.243091
0.217245171775884, 1.31002227171492, -0.00197365579719622, 20, 11, 0.243032
0.217245171775884, 1.31314031180401, -0.00197361266563802, 20, 11, 0.242576
0.217245171775884, 1.3162583518931, -0.00197357010675503, 20, 11, 0.246205
0.217245171775884, 1.31937639198218, -0.00197352812900852, 20, 11, 0.242993
0.217245171775884, 1.32249443207127, -0.00197348674088001, 20, 11, 0.258205
0.217245171775884, 1.32561247216036, -0.00197344595087085, 20, 11, 0.26108
0.217245171775884, 1.32873051224944, -0.00197340576750185, 20, 11, 0.247436
0.217245171775884, 1.33184855233853, -0.00197336619931295, 20, 11, 0.244949
0.217245171775884, 1.33496659242762, -0.00197332725486274, 20, 11, 0.246736
0.217245171775884, 1.3380846325167, -0.0019732889427282, 20, 11, 0.257804
0.217245171775884, 1.34120267260579, -0.00197325127150428, 20, 11, 0.258549
0.217245171775884, 1.34432071269488, -0.0019732142498035, 20, 11, 0.249001
0.217245171775884, 1.34743875278396, -0.0019731778862556, 20, 11, 0.244838
0.217245171775884, 1.35055679287305, -0.00197314218950716, 20, 11, 0.251607
0.217245171775884, 1.35367483296214, -0.00197310716822119, 20, 11, 0.265426
0.217245171775884, 1.35679287305122, -0.00197307283107681, 20, 11, 0.267699
0.217245171775884, 1.35991091314031, -0.00197303918676882, 20, 11, 0.245165
0.217245171775884, 1.3630289532294, -0.00197300624400735, 20, 11, 0.244815
0.217245171775884, 1.36614699331849, -0.00197297401151746, 20, 11, 0.264324
0.217245171775884, 1.36926503340757, -0.00197294249803879, 20, 11, 0.266048
0.217245171775884, 1.37238307349666, -0.00197291171232513, 20, 11, 0.244873
0.217245171775884, 1.37550111358575, -0.00197288166314412, 20, 11, 0.251753
0.217245171775884, 1.37861915367483, -0.00197285235927678, 20, 11, 0.267189
0.217245171775884, 1.38173719376392, -0.00197282380951721, 20, 11, 0.244851
0.217245171775884, 1.38485523385301, -0.00197279602267214, 20, 11, 0.244812
0.217245171775884, 1.38797327394209, -0.00197276900756063, 20, 11, 0.244763
0.217245171775884, 1.39109131403118, -0.00197274277301359, 20, 11, 0.244803
0.217245171775884, 1.39420935412027, -0.0019727173278735, 20, 11, 0.244791
0.217245171775884, 1.39732739420935, -0.00197269268099398, 20, 11, 0.24487
0.217245171775884, 1.40044543429844, -0.00197266884123941, 20, 11, 0.24482
0.217245171775884, 1.40356347438753, -0.00197264581748454, 20, 11, 0.24479
0.217245171775884, 1.40668151447661, -0.00197262361861418, 20, 11, 0.244766
0.217245171775884, 1.4097995545657, -0.00197260225352272, 20, 11, 0.244745
0.217245171775884, 1.41291759465479, -0.00197258173111384, 20, 11, 0.244777
0.217245171775884, 1.41603563474388, -0.00197256206030007, 20, 11, 0.244766
0.217245171775884, 1.41915367483296, -0.00197254325000247, 20, 11, 0.244779
0.217245171775884, 1.42227171492205, -0.00197252530915019, 20, 11, 0.24513
0.217245171775884, 1.42538975501114, -0.00197250824668013, 20, 11, 0.244806
0.217245171775884, 1.42850779510022, -0.00197249207153658, 20, 11, 0.244811
0.217245171775884, 1.43162583518931, -0.0019724767926708, 20, 11, 0.244824
0.217245171775884, 1.4347438752784, -0.00197246241904067, 20, 11, 0.244904
0.217245171775884, 1.43786191536748, -0.00197244895961033, 20, 11, 0.244866
0.217245171775884, 1.44097995545657, -0.00197243642334974, 20, 11, 0.244856
0.217245171775884, 1.44409799554566, -0.00197242481923442, 20, 11, 0.244836
0.217245171775884, 1.44721603563474, -0.0019724141523182, 20, 10, 0.21938
0.217245171775884, 1.45033407572383, -0.00197240443961762, 20, 10, 0.219359
0.217245171775884, 1.45345211581292, -0.00197239568600996, 20, 10, 0.219359
0.217245171775884, 1.456570155902, -0.00197238790048933, 20, 10, 0.219377
0.217245171775884, 1.45968819599109, -0.00197238109205343, 20, 10, 0.219352
0.217245171775884, 1.46280623608018, -0.00197237526970321, 20, 10, 0.219322
0.217245171775884, 1.46592427616927, -0.00197237044244252, 20, 10, 0.21939
0.217245171775884, 1.46904231625835, -0.00197236661927772, 20, 10, 0.21933
0.217245171775884, 1.47216035634744, -0.00197236380921728, 20, 10, 0.219349
0.217245171775884, 1.47527839643653, -0.00197236202127149, 20, 10, 0.219399
0.217245171775884, 1.47839643652561, -0.00197236126445203, 20, 10, 0.219369
0.217245171775884, 1.4815144766147, -0.00197236154777165, 20, 10, 0.219356
0.217245171775884, 1.48463251670379, -0.00197236288024375, 20, 10, 0.219396
0.217245171775884, 1.48775055679287, -0.0019723652708821, 20, 10, 0.219375
0.217245171775884, 1.49086859688196, -0.00197236872870038, 20, 10, 0.219704
0.217245171775884, 1.49398663697105, -0.00197237326271192, 20, 10, 0.219345
0.217245171775884, 1.49710467706013, -0.00197237888192924, 20, 10, 0.219355
0.217245171775884, 1.50022271714922, -0.00197238559536379, 20, 10, 0.219364
0.217245171775884, 1.50334075723831, -0.0019723934120255, 20, 10, 0.219354
0.217245171775884, 1.50645879732739, -0.0019724023409225, 20, 10, 0.219362
0.217245171775884, 1.50957683741648, -0.0019724123910607, 20, 10, 0.219356
0.217245171775884, 1.51269487750557, -0.0019724235714435, 20, 10, 0.219357
0.217245171775884, 1.51581291759465, -0.00197243589107138, 20, 10, 0.219335
0.217245171775884, 1.51893095768374, -0.00197244935894158, 20, 10, 0.219417
0.217245171775884, 1.52204899777283, -0.00197246398404772, 20, 10, 0.219361
0.217245171775884, 1.52516703786192, -0.00197247977537949, 20, 10, 0.219284
0.217245171775884, 1.528285077951, -0.00197249674192227, 20, 10, 0.219297
0.217245171775884, 1.53140311804009, -0.00197251489265681, 20, 10, 0.21927
0.217245171775884, 1.53452115812918, -0.00197253423655883, 20, 10, 0.219256
0.217245171775884, 1.53763919821826, -0.00197255478259874, 20, 10, 0.219258
0.217245171775884, 1.54075723830735, -0.00197257653974125, 20, 10, 0.219265
0.217245171775884, 1.54387527839644, -0.00197259951694507, 20, 10, 0.219732
0.217245171775884, 1.54699331848552, -0.00197262372316251, 20, 10, 0.219411
0.217245171775884, 1.55011135857461, -0.00197264916733918, 20, 10, 0.219359
0.217245171775884, 1.5532293986637, -0.00197267585841367, 20, 10, 0.219359
0.217245171775884, 1.55634743875278, -0.00197270380531716, 20, 10, 0.219339
0.217245171775884, 1.55946547884187, -0.00197273301697312, 20, 10, 0.219336
0.217245171775884, 1.56258351893096, -0.00197276350229697, 20, 10, 0.219614
0.217245171775884, 1.56570155902004, -0.00197279527019573, 20, 10, 0.219279
0.217245171775884, 1.56881959910913, -0.00197282832956773, 20, 10, 0.219261
0.217245171775884, 1.57193763919822, -0.00197286268930222, 20, 10, 0.219281
0.217245171775884, 1.57505567928731, -0.00197289835827909, 20, 10, 0.219261
0.217245171775884, 1.57817371937639, -0.00197293534536854, 20, 10, 0.21923
0.217245171775884, 1.58129175946548, -0.00197297365943072, 20, 10, 0.21924
0.217245171775884, 1.58440979955457, -0.00197301330931543, 20, 10, 0.219246
0.217245171775884, 1.58752783964365, -0.00197305430386181, 20, 10, 0.219245
0.217245171775884, 1.59064587973274, -0.00197309665189799, 20, 10, 0.219244
0.217245171775884, 1.59376391982183, -0.00197314036224078, 20, 10, 0.219282
0.217245171775884, 1.59688195991091, -0.0019731854436954, 20, 10, 0.221583
0.217245171775884, 1.6, -0.00197323190505504, 20, 10, 0.221494
# finished at Tue Apr 29 23:49:33 CEST 2014
