# starting on alcc59 at Wed Apr 30 02:44:15 CEST 2014
# casimir, -T, 0.200000,1.600000,450, -Q, 0.383855652346514, -p, 1e-08, -L, 20
# Compiler icc, using long double and plain matrix elements and plain integration
# precision=1e-08
# lfac=5
# cores=1
# L=0.383856
# T=0.2...1.6 (450)
#
# R/(L+R), T, F, lmax, nmax, time
0.383855652346514, 0.2, -0.0134017904278796, 20, 80, 2.21332
0.383855652346514, 0.203118040089087, -0.0134017831511994, 20, 79, 2.18623
0.383855652346514, 0.206236080178174, -0.0134017755386752, 20, 78, 2.16239
0.383855652346514, 0.209354120267261, -0.013401767580827, 20, 77, 2.12935
0.383855652346514, 0.212472160356347, -0.0134017592679538, 20, 76, 2.10679
0.383855652346514, 0.215590200445434, -0.0134017505902239, 20, 75, 2.06141
0.383855652346514, 0.218708240534521, -0.0134017415376804, 20, 74, 2.0357
0.383855652346514, 0.221826280623608, -0.013401732100336, 20, 73, 2.02384
0.383855652346514, 0.224944320712695, -0.0134017222678106, 20, 72, 1.99112
0.383855652346514, 0.228062360801782, -0.013401712029883, 20, 71, 1.96752
0.383855652346514, 0.231180400890869, -0.0134017013761264, 20, 70, 1.93005
0.383855652346514, 0.234298440979955, -0.0134016902960012, 20, 69, 1.90294
0.383855652346514, 0.237416481069042, -0.0134016787789553, 20, 68, 1.87234
0.383855652346514, 0.240534521158129, -0.0134016668140261, 20, 67, 1.84045
0.383855652346514, 0.243652561247216, -0.0134016543904369, 20, 66, 1.8269
0.383855652346514, 0.246770601336303, -0.0134016414971967, 20, 65, 1.79009
0.383855652346514, 0.24988864142539, -0.0134016281547478, 20, 65, 1.80601
0.383855652346514, 0.253006681514477, -0.0134016142913169, 20, 64, 1.76239
0.383855652346514, 0.256124721603563, -0.0134015999250219, 20, 63, 1.73941
0.383855652346514, 0.25924276169265, -0.0134015850445666, 20, 62, 1.70009
0.383855652346514, 0.262360801781737, -0.01340156967088, 20, 62, 1.70223
0.383855652346514, 0.265478841870824, -0.0134015537306402, 20, 61, 1.71669
0.383855652346514, 0.268596881959911, -0.0134015372418174, 20, 60, 1.64497
0.383855652346514, 0.271714922048998, -0.0134015202253125, 20, 60, 1.65778
0.383855652346514, 0.274832962138085, -0.0134015026079633, 20, 59, 1.64613
0.383855652346514, 0.277951002227172, -0.0134014844069443, 20, 58, 1.58857
0.383855652346514, 0.281069042316258, -0.0134014656443998, 20, 58, 1.58852
0.383855652346514, 0.284187082405345, -0.0134014462446569, 20, 57, 1.56071
0.383855652346514, 0.287305122494432, -0.0134014262255158, 20, 56, 1.53332
0.383855652346514, 0.290423162583519, -0.0134014056118153, 20, 56, 1.53501
0.383855652346514, 0.293541202672606, -0.0134013843223851, 20, 55, 1.50566
0.383855652346514, 0.296659242761693, -0.0134013624130566, 20, 55, 1.50545
0.383855652346514, 0.29977728285078, -0.0134013398052383, 20, 54, 1.47819
0.383855652346514, 0.302895322939866, -0.013401316552372, 20, 54, 1.478
0.383855652346514, 0.306013363028953, -0.0134012925775026, 20, 53, 1.45432
0.383855652346514, 0.30913140311804, -0.0134012679327203, 20, 53, 1.45037
0.383855652346514, 0.312249443207127, -0.0134012425417226, 20, 52, 1.42126
0.383855652346514, 0.315367483296214, -0.0134012164562307, 20, 52, 1.42115
0.383855652346514, 0.318485523385301, -0.0134011895997753, 20, 51, 1.39645
0.383855652346514, 0.321603563474388, -0.0134011620244141, 20, 51, 1.39935
0.383855652346514, 0.324721603563474, -0.0134011336524167, 20, 50, 1.36618
0.383855652346514, 0.327839643652561, -0.0134011045377092, 20, 50, 1.36796
0.383855652346514, 0.330957683741648, -0.0134010746001496, 20, 49, 1.33902
0.383855652346514, 0.334075723830735, -0.0134010438963477, 20, 49, 1.33865
0.383855652346514, 0.337193763919822, -0.0134010123427612, 20, 48, 1.31473
0.383855652346514, 0.340311804008909, -0.013400979999893, 20, 48, 1.32608
0.383855652346514, 0.343429844097996, -0.0134009467795186, 20, 47, 1.32142
0.383855652346514, 0.346547884187082, -0.0134009127474359, 20, 47, 1.36498
0.383855652346514, 0.349665924276169, -0.0134008778486733, 20, 47, 1.29214
0.383855652346514, 0.352783964365256, -0.0134008420376543, 20, 46, 1.34583
0.383855652346514, 0.355902004454343, -0.0134008053741265, 20, 46, 1.28402
0.383855652346514, 0.35902004454343, -0.0134007677690137, 20, 45, 1.2694
0.383855652346514, 0.362138084632517, -0.0134007292899803, 20, 45, 1.32623
0.383855652346514, 0.365256124721604, -0.0134006898811012, 20, 45, 1.31362
0.383855652346514, 0.36837416481069, -0.0134006494943758, 20, 44, 1.21533
0.383855652346514, 0.371492204899777, -0.0134006081941092, 20, 44, 1.2034
0.383855652346514, 0.374610244988864, -0.0134005659261282, 20, 44, 1.20475
0.383855652346514, 0.377728285077951, -0.013400522642971, 20, 43, 1.17185
0.383855652346514, 0.380846325167038, -0.0134004784075521, 20, 43, 1.17577
0.383855652346514, 0.383964365256125, -0.0134004331665058, 20, 43, 1.17179
0.383855652346514, 0.387082405345212, -0.0134003868721523, 20, 42, 1.14417
0.383855652346514, 0.390200445434298, -0.0134003395877424, 20, 42, 1.14432
0.383855652346514, 0.393318485523385, -0.0134002912598251, 20, 42, 1.14427
0.383855652346514, 0.396436525612472, -0.0134002418397289, 20, 41, 1.115
0.383855652346514, 0.399554565701559, -0.0134001913927905, 20, 41, 1.1185
0.383855652346514, 0.402672605790646, -0.0134001398645719, 20, 41, 1.11655
0.383855652346514, 0.405790645879733, -0.0134000872045631, 20, 40, 1.08724
0.383855652346514, 0.40890868596882, -0.0134000334822487, 20, 40, 1.09426
0.383855652346514, 0.412026726057906, -0.0133999786408884, 20, 40, 1.08943
0.383855652346514, 0.415144766146993, -0.0133999226684424, 20, 40, 1.10802
0.383855652346514, 0.41826280623608, -0.0133998655170131, 20, 39, 1.06657
0.383855652346514, 0.421380846325167, -0.0133998072504781, 20, 39, 1.06549
0.383855652346514, 0.424498886414254, -0.0133997478156143, 20, 39, 1.06185
0.383855652346514, 0.427616926503341, -0.0133996871609176, 20, 38, 1.03249
0.383855652346514, 0.430734966592428, -0.0133996253581995, 20, 38, 1.03247
0.383855652346514, 0.433853006681514, -0.0133995623502487, 20, 38, 1.03801
0.383855652346514, 0.436971046770601, -0.0133994981251092, 20, 38, 1.03473
0.383855652346514, 0.440089086859688, -0.0133994326319415, 20, 37, 1.05367
0.383855652346514, 0.443207126948775, -0.0133993659415449, 20, 37, 1.10058
0.383855652346514, 0.446325167037862, -0.0133992979976279, 20, 37, 1.02097
0.383855652346514, 0.449443207126949, -0.0133992287884325, 20, 37, 1.01754
0.383855652346514, 0.452561247216036, -0.0133991582626635, 20, 36, 0.993259
0.383855652346514, 0.455679287305123, -0.0133990864926382, 20, 36, 1.02298
0.383855652346514, 0.458797327394209, -0.0133990134216979, 20, 36, 0.981883
0.383855652346514, 0.461915367483296, -0.0133989390383301, 20, 36, 0.994703
0.383855652346514, 0.465033407572383, -0.0133988632895991, 20, 35, 0.969427
0.383855652346514, 0.46815144766147, -0.0133987862519907, 20, 35, 0.960009
0.383855652346514, 0.471269487750557, -0.0133987078671332, 20, 35, 1.00196
0.383855652346514, 0.474387527839644, -0.0133986281240049, 20, 35, 1.01853
0.383855652346514, 0.477505567928731, -0.0133985470110465, 20, 35, 0.961263
0.383855652346514, 0.480623608017817, -0.0133984644777878, 20, 34, 0.92286
0.383855652346514, 0.483741648106904, -0.0133983805969499, 20, 34, 0.937763
0.383855652346514, 0.486859688195991, -0.0133982953128695, 20, 34, 0.92319
0.383855652346514, 0.489977728285078, -0.0133982086147335, 20, 34, 0.922422
0.383855652346514, 0.493095768374165, -0.0133981204918043, 20, 34, 0.922405
0.383855652346514, 0.496213808463252, -0.0133980308942312, 20, 33, 0.894828
0.383855652346514, 0.499331848552339, -0.0133979398942612, 20, 33, 0.894814
0.383855652346514, 0.502449888641425, -0.0133978474372836, 20, 33, 0.898577
0.383855652346514, 0.505567928730512, -0.0133977535129634, 20, 33, 0.894763
0.383855652346514, 0.508685968819599, -0.0133976581110562, 20, 33, 0.8951
0.383855652346514, 0.511804008908686, -0.01339756118112, 20, 32, 0.866184
0.383855652346514, 0.514922048997773, -0.013397462798116, 20, 32, 0.865708
0.383855652346514, 0.51804008908686, -0.0133973629068911, 20, 32, 0.865355
0.383855652346514, 0.521158129175947, -0.0133972614976569, 20, 32, 0.867209
0.383855652346514, 0.524276169265034, -0.0133971585607292, 20, 32, 0.867186
0.383855652346514, 0.52739420935412, -0.0133970540435343, 20, 31, 0.839244
0.383855652346514, 0.530512249443207, -0.0133969480271905, 20, 31, 0.838672
0.383855652346514, 0.533630289532294, -0.0133968404542799, 20, 31, 0.849795
0.383855652346514, 0.536748329621381, -0.0133967313156269, 20, 31, 0.838453
0.383855652346514, 0.539866369710468, -0.0133966206021732, 20, 31, 0.837847
0.383855652346514, 0.542984409799555, -0.0133965083049825, 20, 31, 0.837879
0.383855652346514, 0.546102449888642, -0.0133963943725323, 20, 30, 0.808741
0.383855652346514, 0.549220489977728, -0.0133962788859786, 20, 30, 0.810359
0.383855652346514, 0.552338530066815, -0.0133961617891887, 20, 30, 0.811093
0.383855652346514, 0.555456570155902, -0.013396043073795, 20, 30, 0.81029
0.383855652346514, 0.558574610244989, -0.0133959227315636, 20, 30, 0.810299
0.383855652346514, 0.561692650334076, -0.0133958007543984, 20, 30, 0.810275
0.383855652346514, 0.564810690423163, -0.0133956770899762, 20, 29, 0.78586
0.383855652346514, 0.567928730512249, -0.0133955518236642, 20, 29, 0.781669
0.383855652346514, 0.571046770601336, -0.0133954248987837, 20, 29, 0.783305
0.383855652346514, 0.574164810690423, -0.0133952963073894, 20, 29, 0.783111
0.383855652346514, 0.57728285077951, -0.0133951660424008, 20, 29, 0.783276
0.383855652346514, 0.580400890868597, -0.0133950340966511, 20, 29, 0.79254
0.383855652346514, 0.583518930957684, -0.0133949004631298, 20, 29, 0.784563
0.383855652346514, 0.586636971046771, -0.01339476509145, 20, 28, 0.759658
0.383855652346514, 0.589755011135857, -0.0133946280662091, 20, 28, 0.759196
0.383855652346514, 0.592873051224944, -0.0133944893327234, 20, 28, 0.759479
0.383855652346514, 0.595991091314031, -0.0133943488846755, 20, 28, 0.755511
0.383855652346514, 0.599109131403118, -0.0133942067159148, 20, 28, 0.755731
0.383855652346514, 0.602227171492205, -0.0133940628204604, 20, 28, 0.7561
0.383855652346514, 0.605345211581292, -0.0133939171925049, 20, 28, 0.755398
0.383855652346514, 0.608463251670379, -0.0133937697814091, 20, 27, 0.72609
0.383855652346514, 0.611581291759466, -0.0133936206759449, 20, 27, 0.726106
0.383855652346514, 0.614699331848552, -0.0133934698212294, 20, 27, 0.749717
0.383855652346514, 0.617817371937639, -0.0133933172122111, 20, 27, 0.77603
0.383855652346514, 0.620935412026726, -0.0133931628440219, 20, 27, 0.772033
0.383855652346514, 0.624053452115813, -0.0133930067119795, 20, 27, 0.728395
0.383855652346514, 0.6271714922049, -0.0133928488115907, 20, 27, 0.728127
0.383855652346514, 0.630289532293987, -0.0133926891385536, 20, 27, 0.728187
0.383855652346514, 0.633407572383074, -0.0133925276441581, 20, 26, 0.709824
0.383855652346514, 0.63652561247216, -0.013392364417724, 20, 26, 0.719126
0.383855652346514, 0.639643652561247, -0.0133921994065481, 20, 26, 0.710684
0.383855652346514, 0.642761692650334, -0.0133920326071525, 20, 26, 0.732803
0.383855652346514, 0.645879732739421, -0.0133918640162599, 20, 26, 0.712167
0.383855652346514, 0.648997772828508, -0.0133916936307971, 20, 26, 0.703251
0.383855652346514, 0.652115812917595, -0.0133915214478964, 20, 26, 0.710145
0.383855652346514, 0.655233853006682, -0.0133913474648989, 20, 26, 0.700257
0.383855652346514, 0.658351893095768, -0.0133911716324364, 20, 25, 0.671009
0.383855652346514, 0.661469933184855, -0.0133909940461934, 20, 25, 0.670988
0.383855652346514, 0.664587973273942, -0.0133908146527966, 20, 25, 0.679243
0.383855652346514, 0.667706013363029, -0.0133906334504744, 20, 25, 0.674646
0.383855652346514, 0.670824053452116, -0.0133904504376725, 20, 25, 0.679322
0.383855652346514, 0.673942093541203, -0.0133902656130555, 20, 25, 0.676109
0.383855652346514, 0.67706013363029, -0.0133900789755101, 20, 25, 0.672177
0.383855652346514, 0.680178173719376, -0.0133898905241466, 20, 25, 0.67855
0.383855652346514, 0.683296213808463, -0.0133897002583013, 20, 25, 0.732816
0.383855652346514, 0.68641425389755, -0.0133895081775387, 20, 25, 0.728777
0.383855652346514, 0.689532293986637, -0.0133893142376505, 20, 24, 0.678526
0.383855652346514, 0.692650334075724, -0.0133891185303498, 20, 24, 0.704421
0.383855652346514, 0.695768374164811, -0.0133889210079065, 20, 24, 0.659768
0.383855652346514, 0.698886414253898, -0.0133887216708427, 20, 24, 0.644233
0.383855652346514, 0.702004454342984, -0.0133885205199161, 20, 24, 0.656762
0.383855652346514, 0.705122494432071, -0.0133883175561221, 20, 24, 0.647589
0.383855652346514, 0.708240534521158, -0.0133881127806955, 20, 24, 0.656038
0.383855652346514, 0.711358574610245, -0.0133879061954106, 20, 24, 0.655301
0.383855652346514, 0.714476614699332, -0.0133876978013905, 20, 24, 0.645524
0.383855652346514, 0.717594654788419, -0.0133874876008983, 20, 24, 0.645471
0.383855652346514, 0.720712694877506, -0.0133872755516854, 20, 23, 0.616112
0.383855652346514, 0.723830734966592, -0.0133870617487014, 20, 23, 0.616152
0.383855652346514, 0.726948775055679, -0.0133868461463397, 20, 23, 0.616149
0.383855652346514, 0.730066815144766, -0.0133866287475843, 20, 23, 0.616121
0.383855652346514, 0.733184855233853, -0.0133864095556708, 20, 23, 0.616201
0.383855652346514, 0.73630289532294, -0.0133861885740876, 20, 23, 0.616198
0.383855652346514, 0.739420935412027, -0.0133859658065778, 20, 23, 0.616095
0.383855652346514, 0.742538975501114, -0.0133857412571409, 20, 23, 0.616134
0.383855652346514, 0.7456570155902, -0.0133855149300339, 20, 23, 0.617938
0.383855652346514, 0.748775055679287, -0.0133852868297728, 20, 23, 0.617845
0.383855652346514, 0.751893095768374, -0.0133850569611343, 20, 23, 0.617855
0.383855652346514, 0.755011135857461, -0.0133848252844781, 20, 22, 0.588584
0.383855652346514, 0.758129175946548, -0.0133845918979035, 20, 22, 0.58857
0.383855652346514, 0.761247216035635, -0.0133843567585951, 20, 22, 0.588513
0.383855652346514, 0.764365256124722, -0.0133841198724053, 20, 22, 0.588606
0.383855652346514, 0.767483296213809, -0.0133838812454524, 20, 22, 0.588616
0.383855652346514, 0.770601336302895, -0.0133836408841215, 20, 22, 0.588506
0.383855652346514, 0.773719376391982, -0.0133833987950655, 20, 22, 0.588415
0.383855652346514, 0.776837416481069, -0.0133831549852069, 20, 22, 0.588471
0.383855652346514, 0.779955456570156, -0.0133829094617384, 20, 22, 0.588497
0.383855652346514, 0.783073496659243, -0.0133826622321243, 20, 22, 0.588507
0.383855652346514, 0.78619153674833, -0.0133824133041018, 20, 22, 0.588464
0.383855652346514, 0.789309576837417, -0.0133821626856814, 20, 22, 0.588448
0.383855652346514, 0.792427616926503, -0.0133819103399916, 20, 21, 0.559177
0.383855652346514, 0.79554565701559, -0.0133816563692313, 20, 21, 0.559253
0.383855652346514, 0.798663697104677, -0.0133814007335131, 20, 21, 0.559285
0.383855652346514, 0.801781737193764, -0.0133811434419697, 20, 21, 0.560883
0.383855652346514, 0.804899777282851, -0.013380884504011, 20, 21, 0.560956
0.383855652346514, 0.808017817371938, -0.0133806239293245, 20, 21, 0.560949
0.383855652346514, 0.811135857461025, -0.0133803617278767, 20, 21, 0.560905
0.383855652346514, 0.814253897550111, -0.0133800979099135, 20, 21, 0.560947
0.383855652346514, 0.817371937639198, -0.0133798324859611, 20, 21, 0.560929
0.383855652346514, 0.820489977728285, -0.013379565466827, 20, 21, 0.560944
0.383855652346514, 0.823608017817372, -0.0133792968636001, 20, 21, 0.560988
0.383855652346514, 0.826726057906459, -0.013379026687652, 20, 21, 0.561005
0.383855652346514, 0.829844097995546, -0.0133787549506371, 20, 21, 0.560987
0.383855652346514, 0.832962138084633, -0.0133784816180791, 20, 20, 0.53164
0.383855652346514, 0.836080178173719, -0.0133782067982893, 20, 20, 0.531496
0.383855652346514, 0.839198218262806, -0.0133779304538716, 20, 20, 0.531594
0.383855652346514, 0.842316258351893, -0.0133776525976342, 20, 20, 0.531573
0.383855652346514, 0.84543429844098, -0.0133773732426694, 20, 20, 0.531573
0.383855652346514, 0.848552338530067, -0.0133770924023547, 20, 20, 0.531519
0.383855652346514, 0.851670378619154, -0.0133768100903527, 20, 20, 0.531516
0.383855652346514, 0.854788418708241, -0.013376526320612, 20, 20, 0.537333
0.383855652346514, 0.857906458797328, -0.0133762411073671, 20, 20, 0.531496
0.383855652346514, 0.861024498886414, -0.0133759544651391, 20, 20, 0.531488
0.383855652346514, 0.864142538975501, -0.0133756664087358, 20, 20, 0.531543
0.383855652346514, 0.867260579064588, -0.0133753769532518, 20, 20, 0.531766
0.383855652346514, 0.870378619153675, -0.0133750861140691, 20, 20, 0.533386
0.383855652346514, 0.873496659242762, -0.0133747939068568, 20, 20, 0.533363
0.383855652346514, 0.876614699331849, -0.0133745003475717, 20, 20, 0.533392
0.383855652346514, 0.879732739420936, -0.0133742054066765, 20, 19, 0.504109
0.383855652346514, 0.882850779510022, -0.0133739091953271, 20, 19, 0.504067
0.383855652346514, 0.885968819599109, -0.0133736116812968, 20, 19, 0.504016
0.383855652346514, 0.889086859688196, -0.0133733128817063, 20, 19, 0.503922
0.383855652346514, 0.892204899777283, -0.0133730128139633, 20, 19, 0.503946
0.383855652346514, 0.89532293986637, -0.0133727114957621, 20, 19, 0.503944
0.383855652346514, 0.898440979955457, -0.0133724089450839, 20, 19, 0.504739
0.383855652346514, 0.901559020044544, -0.0133721051801962, 20, 19, 0.504071
0.383855652346514, 0.90467706013363, -0.0133718002196533, 20, 19, 0.503948
0.383855652346514, 0.907795100222717, -0.0133714940822958, 20, 19, 0.503868
0.383855652346514, 0.910913140311804, -0.0133711867872502, 20, 19, 0.50391
0.383855652346514, 0.914031180400891, -0.0133708783539293, 20, 19, 0.50392
0.383855652346514, 0.917149220489978, -0.0133705688020315, 20, 19, 0.503933
0.383855652346514, 0.920267260579065, -0.0133702581515404, 20, 19, 0.503971
0.383855652346514, 0.923385300668152, -0.013369946422725, 20, 19, 0.503986
0.383855652346514, 0.926503340757238, -0.0133696336361388, 20, 19, 0.504052
0.383855652346514, 0.929621380846325, -0.0133693197653146, 20, 18, 0.474703
0.383855652346514, 0.932739420935412, -0.0133690049289866, 20, 18, 0.47476
0.383855652346514, 0.935857461024499, -0.0133686890980631, 20, 18, 0.474714
0.383855652346514, 0.938975501113586, -0.0133683722942446, 20, 18, 0.47475
0.383855652346514, 0.942093541202673, -0.0133680545395133, 20, 18, 0.474841
0.383855652346514, 0.945211581291759, -0.0133677358561326, 20, 18, 0.47475
0.383855652346514, 0.948329621380847, -0.0133674162670443, 20, 18, 0.478481
0.383855652346514, 0.951447661469933, -0.0133670957942775, 20, 18, 0.478506
0.383855652346514, 0.95456570155902, -0.0133667744613341, 20, 18, 0.478496
0.383855652346514, 0.957683741648107, -0.0133664522915972, 20, 18, 0.478503
0.383855652346514, 0.960801781737194, -0.0133661293087281, 20, 18, 0.478492
0.383855652346514, 0.963919821826281, -0.013365805536666, 20, 18, 0.478486
0.383855652346514, 0.967037861915368, -0.0133654809996268, 20, 18, 0.47847
0.383855652346514, 0.970155902004454, -0.0133651557221031, 20, 18, 0.478399
0.383855652346514, 0.973273942093541, -0.0133648297288625, 20, 18, 0.47847
0.383855652346514, 0.976391982182628, -0.0133645030449474, 20, 18, 0.478442
0.383855652346514, 0.979510022271715, -0.0133641756956744, 20, 18, 0.478445
0.383855652346514, 0.982628062360802, -0.0133638477066326, 20, 18, 0.478469
0.383855652346514, 0.985746102449889, -0.0133635191036836, 20, 18, 0.478777
0.383855652346514, 0.988864142538975, -0.0133631898672076, 20, 17, 0.45322
0.383855652346514, 0.991982182628063, -0.01336286011786, 20, 17, 0.452881
0.383855652346514, 0.995100222717149, -0.0133625298336485, 20, 17, 0.452848
0.383855652346514, 0.998218262806236, -0.0133621990415237, 20, 17, 0.449597
0.383855652346514, 1.00133630289532, -0.0133618677687028, 20, 17, 0.453151
0.383855652346514, 1.00445434298441, -0.0133615360426688, 20, 17, 0.44915
0.383855652346514, 1.0075723830735, -0.0133612038911695, 20, 17, 0.449144
0.383855652346514, 1.01069042316258, -0.0133608713422162, 20, 17, 0.449149
0.383855652346514, 1.01380846325167, -0.013360538424083, 20, 17, 0.449159
0.383855652346514, 1.01692650334076, -0.0133602051653053, 20, 17, 0.449152
0.383855652346514, 1.02004454342984, -0.013359871594679, 20, 17, 0.449117
0.383855652346514, 1.02316258351893, -0.0133595377412592, 20, 17, 0.44914
0.383855652346514, 1.02628062360802, -0.0133592036343588, 20, 17, 0.449147
0.383855652346514, 1.0293986636971, -0.0133588693035479, 20, 17, 0.449168
0.383855652346514, 1.03251670378619, -0.0133585347786518, 20, 17, 0.449142
0.383855652346514, 1.03563474387528, -0.0133582000897504, 20, 17, 0.4491
0.383855652346514, 1.03875278396437, -0.0133578652671764, 20, 17, 0.44907
0.383855652346514, 1.04187082405345, -0.0133575303415147, 20, 17, 0.450845
0.383855652346514, 1.04498886414254, -0.0133571953435999, 20, 17, 0.450867
0.383855652346514, 1.04810690423163, -0.0133568603045165, 20, 17, 0.456708
0.383855652346514, 1.05122494432071, -0.0133565252555962, 20, 17, 0.450847
0.383855652346514, 1.0543429844098, -0.0133561901830328, 20, 16, 0.421588
0.383855652346514, 1.05746102449889, -0.0133558552119887, 20, 16, 0.421622
0.383855652346514, 1.06057906458797, -0.0133555203264305, 20, 16, 0.421661
0.383855652346514, 1.06369710467706, -0.0133551855586751, 20, 16, 0.421644
0.383855652346514, 1.06681514476615, -0.0133548509412797, 20, 16, 0.421636
0.383855652346514, 1.06993318485523, -0.0133545165070398, 20, 16, 0.421616
0.383855652346514, 1.07305122494432, -0.0133541822889884, 20, 16, 0.421573
0.383855652346514, 1.07616926503341, -0.013353848320394, 20, 16, 0.422325
0.383855652346514, 1.07928730512249, -0.0133535146347594, 20, 16, 0.4216
0.383855652346514, 1.08240534521158, -0.0133531812658201, 20, 16, 0.421549
0.383855652346514, 1.08552338530067, -0.0133528482475423, 20, 16, 0.42154
0.383855652346514, 1.08864142538976, -0.0133525156141221, 20, 16, 0.421574
0.383855652346514, 1.09175946547884, -0.0133521833999833, 20, 16, 0.421581
0.383855652346514, 1.09487750556793, -0.013351851639776, 20, 16, 0.421586
0.383855652346514, 1.09799554565702, -0.0133515203683748, 20, 16, 0.421604
0.383855652346514, 1.1011135857461, -0.0133511896208777, 20, 16, 0.421628
0.383855652346514, 1.10423162583519, -0.0133508594326036, 20, 16, 0.421579
0.383855652346514, 1.10734966592428, -0.0133505298390912, 20, 16, 0.421587
0.383855652346514, 1.11046770601336, -0.0133502008760972, 20, 16, 0.421587
0.383855652346514, 1.11358574610245, -0.0133498725795944, 20, 16, 0.421591
0.383855652346514, 1.11670378619154, -0.0133495449857703, 20, 16, 0.421603
0.383855652346514, 1.11982182628062, -0.0133492181310248, 20, 16, 0.421633
0.383855652346514, 1.12293986636971, -0.0133488920519692, 20, 16, 0.421609
0.383855652346514, 1.1260579064588, -0.0133485667854237, 20, 16, 0.421931
0.383855652346514, 1.12917594654788, -0.0133482423237122, 20, 15, 0.392359
0.383855652346514, 1.13229398663697, -0.0133479187958542, 20, 15, 0.392301
0.383855652346514, 1.13541202672606, -0.0133475961920784, 20, 15, 0.392301
0.383855652346514, 1.13853006681514, -0.0133472745500307, 20, 15, 0.39234
0.383855652346514, 1.14164810690423, -0.0133469539075566, 20, 15, 0.392285
0.383855652346514, 1.14476614699332, -0.0133466343026996, 20, 15, 0.392322
0.383855652346514, 1.14788418708241, -0.0133463157736994, 20, 15, 0.392248
0.383855652346514, 1.15100222717149, -0.0133459983589898, 20, 15, 0.392251
0.383855652346514, 1.15412026726058, -0.0133456820971971, 20, 15, 0.392251
0.383855652346514, 1.15723830734967, -0.013345367027138, 20, 15, 0.393971
0.383855652346514, 1.16035634743875, -0.0133450531878175, 20, 15, 0.393964
0.383855652346514, 1.16347438752784, -0.0133447406184277, 20, 15, 0.393944
0.383855652346514, 1.16659242761693, -0.0133444293583452, 20, 15, 0.393955
0.383855652346514, 1.16971046770601, -0.0133441194471294, 20, 15, 0.394021
0.383855652346514, 1.1728285077951, -0.0133438109245206, 20, 15, 0.394033
0.383855652346514, 1.17594654788419, -0.013343503830438, 20, 15, 0.394012
0.383855652346514, 1.17906458797327, -0.0133431982049778, 20, 15, 0.393998
0.383855652346514, 1.18218262806236, -0.0133428940884111, 20, 15, 0.394056
0.383855652346514, 1.18530066815145, -0.013342591521182, 20, 15, 0.394031
0.383855652346514, 1.18841870824053, -0.0133422905439055, 20, 15, 0.394063
0.383855652346514, 1.19153674832962, -0.0133419911973659, 20, 15, 0.394034
0.383855652346514, 1.19465478841871, -0.0133416935225141, 20, 15, 0.394039
0.383855652346514, 1.1977728285078, -0.0133413975604663, 20, 15, 0.394032
0.383855652346514, 1.20089086859688, -0.0133411033525015, 20, 15, 0.394004
0.383855652346514, 1.20400890868597, -0.0133408109400597, 20, 15, 0.394004
0.383855652346514, 1.20712694877506, -0.0133405203647396, 20, 15, 0.393981
0.383855652346514, 1.21024498886414, -0.0133402316682971, 20, 15, 0.393913
0.383855652346514, 1.21336302895323, -0.0133399448926426, 20, 15, 0.393928
0.383855652346514, 1.21648106904232, -0.0133396600368812, 20, 14, 0.364652
0.383855652346514, 1.2195991091314, -0.0133393772312806, 20, 14, 0.364636
0.383855652346514, 1.22271714922049, -0.0133390964730016, 20, 14, 0.364649
0.383855652346514, 1.22583518930958, -0.0133388178045584, 20, 14, 0.364695
0.383855652346514, 1.22895322939866, -0.0133385412686096, 20, 14, 0.364676
0.383855652346514, 1.23207126948775, -0.0133382669079557, 20, 14, 0.364709
0.383855652346514, 1.23518930957684, -0.0133379947655375, 20, 14, 0.364738
0.383855652346514, 1.23830734966592, -0.0133377248844335, 20, 14, 0.364752
0.383855652346514, 1.24142538975501, -0.0133374573078583, 20, 14, 0.364712
0.383855652346514, 1.2445434298441, -0.0133371920791602, 20, 14, 0.364704
0.383855652346514, 1.24766146993318, -0.0133369292418193, 20, 14, 0.364685
0.383855652346514, 1.25077951002227, -0.0133366688394451, 20, 14, 0.364672
0.383855652346514, 1.25389755011136, -0.0133364109157749, 20, 14, 0.364713
0.383855652346514, 1.25701559020045, -0.013336155514671, 20, 14, 0.364681
0.383855652346514, 1.26013363028953, -0.0133359026801194, 20, 14, 0.364675
0.383855652346514, 1.26325167037862, -0.0133356524562271, 20, 14, 0.364667
0.383855652346514, 1.26636971046771, -0.0133354048872202, 20, 14, 0.364688
0.383855652346514, 1.26948775055679, -0.0133351600174417, 20, 14, 0.36471
0.383855652346514, 1.27260579064588, -0.0133349178913494, 20, 14, 0.364658
0.383855652346514, 1.27572383073497, -0.0133346785535141, 20, 14, 0.364675
0.383855652346514, 1.27884187082405, -0.0133344420486169, 20, 14, 0.364655
0.383855652346514, 1.28195991091314, -0.0133342084214475, 20, 14, 0.364687
0.383855652346514, 1.28507795100223, -0.013333977716902, 20, 14, 0.370461
0.383855652346514, 1.28819599109131, -0.0133337499799806, 20, 14, 0.36464
0.383855652346514, 1.2913140311804, -0.013333525255786, 20, 14, 0.36459
0.383855652346514, 1.29443207126949, -0.0133333035895203, 20, 14, 0.364599
0.383855652346514, 1.29755011135857, -0.0133330850264841, 20, 14, 0.364688
0.383855652346514, 1.30066815144766, -0.0133328696120733, 20, 14, 0.364737
0.383855652346514, 1.30378619153675, -0.0133326573917777, 20, 14, 0.36655
0.383855652346514, 1.30690423162584, -0.0133324484111783, 20, 14, 0.366482
0.383855652346514, 1.31002227171492, -0.0133322427159459, 20, 14, 0.36648
0.383855652346514, 1.31314031180401, -0.0133320403518383, 20, 14, 0.366417
0.383855652346514, 1.3162583518931, -0.0133318413225982, 20, 13, 0.337195
0.383855652346514, 1.31937639198218, -0.0133316457603016, 20, 13, 0.337187
0.383855652346514, 1.32249443207127, -0.013331453666816, 20, 13, 0.337154
0.383855652346514, 1.32561247216036, -0.0133312650882312, 20, 13, 0.337191
0.383855652346514, 1.32873051224944, -0.0133310800707137, 20, 13, 0.337263
0.383855652346514, 1.33184855233853, -0.0133308986605045, 20, 13, 0.337066
0.383855652346514, 1.33496659242762, -0.0133307209039166, 20, 13, 0.337018
0.383855652346514, 1.3380846325167, -0.0133305468473336, 20, 13, 0.337076
0.383855652346514, 1.34120267260579, -0.0133303765372069, 20, 13, 0.337118
0.383855652346514, 1.34432071269488, -0.0133302100200543, 20, 13, 0.337087
0.383855652346514, 1.34743875278396, -0.0133300473424571, 20, 13, 0.3371
0.383855652346514, 1.35055679287305, -0.013329888551059, 20, 13, 0.337102
0.383855652346514, 1.35367483296214, -0.0133297336925631, 20, 13, 0.337084
0.383855652346514, 1.35679287305122, -0.0133295828137303, 20, 13, 0.33706
0.383855652346514, 1.35991091314031, -0.0133294359613772, 20, 13, 0.337123
0.383855652346514, 1.3630289532294, -0.0133292931823741, 20, 13, 0.337117
0.383855652346514, 1.36614699331849, -0.0133291545236426, 20, 13, 0.33712
0.383855652346514, 1.36926503340757, -0.0133290200321539, 20, 13, 0.337084
0.383855652346514, 1.37238307349666, -0.0133288897549264, 20, 13, 0.337098
0.383855652346514, 1.37550111358575, -0.0133287637390242, 20, 13, 0.337111
0.383855652346514, 1.37861915367483, -0.0133286420315544, 20, 13, 0.337092
0.383855652346514, 1.38173719376392, -0.0133285246796654, 20, 13, 0.337061
0.383855652346514, 1.38485523385301, -0.013328411730545, 20, 13, 0.337066
0.383855652346514, 1.38797327394209, -0.013328303231418, 20, 13, 0.337073
0.383855652346514, 1.39109131403118, -0.0133281992295446, 20, 13, 0.33703
0.383855652346514, 1.39420935412027, -0.0133280997722179, 20, 13, 0.337019
0.383855652346514, 1.39732739420935, -0.0133280049067622, 20, 13, 0.337055
0.383855652346514, 1.40044543429844, -0.0133279146805312, 20, 13, 0.337021
0.383855652346514, 1.40356347438753, -0.0133278291409054, 20, 13, 0.337043
0.383855652346514, 1.40668151447661, -0.0133277483352905, 20, 13, 0.337067
0.383855652346514, 1.4097995545657, -0.0133276723111156, 20, 13, 0.337092
0.383855652346514, 1.41291759465479, -0.0133276011158306, 20, 13, 0.337069
0.383855652346514, 1.41603563474388, -0.0133275347969049, 20, 13, 0.337028
0.383855652346514, 1.41915367483296, -0.013327473401825, 20, 13, 0.336997
0.383855652346514, 1.42227171492205, -0.0133274169786886, 20, 13, 0.339033
0.383855652346514, 1.42538975501114, -0.0133273655738184, 20, 13, 0.339047
0.383855652346514, 1.42850779510022, -0.0133273192353373, 20, 13, 0.339042
0.383855652346514, 1.43162583518931, -0.0133272780107811, 20, 13, 0.339028
0.383855652346514, 1.4347438752784, -0.0133272419476931, 20, 13, 0.339141
0.383855652346514, 1.43786191536748, -0.013327211055038, 20, 12, 0.309863
0.383855652346514, 1.44097995545657, -0.0133271854591896, 20, 12, 0.309828
0.383855652346514, 1.44409799554566, -0.0133271651673946, 20, 12, 0.309832
0.383855652346514, 1.44721603563474, -0.0133271502272101, 20, 12, 0.309827
0.383855652346514, 1.45033407572383, -0.013327140686191, 20, 12, 0.309826
0.383855652346514, 1.45345211581292, -0.0133271365918883, 20, 12, 0.309836
0.383855652346514, 1.456570155902, -0.0133271379918468, 20, 12, 0.309851
0.383855652346514, 1.45968819599109, -0.0133271449336038, 20, 12, 0.309829
0.383855652346514, 1.46280623608018, -0.0133271574646866, 20, 12, 0.309818
0.383855652346514, 1.46592427616927, -0.0133271756326114, 20, 12, 0.309879
0.383855652346514, 1.46904231625835, -0.0133271994848808, 20, 12, 0.309823
0.383855652346514, 1.47216035634744, -0.0133272290689822, 20, 12, 0.309784
0.383855652346514, 1.47527839643653, -0.0133272644323861, 20, 12, 0.309841
0.383855652346514, 1.47839643652561, -0.0133273056225442, 20, 12, 0.309781
0.383855652346514, 1.4815144766147, -0.0133273526868876, 20, 12, 0.309791
0.383855652346514, 1.48463251670379, -0.0133274056728249, 20, 12, 0.309828
0.383855652346514, 1.48775055679287, -0.0133274646277407, 20, 12, 0.31157
0.383855652346514, 1.49086859688196, -0.0133275295989934, 20, 12, 0.311644
0.383855652346514, 1.49398663697105, -0.0133276006339138, 20, 12, 0.311643
0.383855652346514, 1.49710467706013, -0.0133276777798033, 20, 12, 0.311636
0.383855652346514, 1.50022271714922, -0.0133277610839317, 20, 12, 0.311658
0.383855652346514, 1.50334075723831, -0.0133278505935364, 20, 12, 0.311617
0.383855652346514, 1.50645879732739, -0.0133279463558195, 20, 12, 0.311636
0.383855652346514, 1.50957683741648, -0.0133280484179472, 20, 12, 0.311631
0.383855652346514, 1.51269487750557, -0.0133281568270471, 20, 12, 0.311592
0.383855652346514, 1.51581291759465, -0.0133282716302072, 20, 12, 0.31163
0.383855652346514, 1.51893095768374, -0.0133283928744741, 20, 12, 0.311613
0.383855652346514, 1.52204899777283, -0.0133285206068508, 20, 12, 0.311565
0.383855652346514, 1.52516703786192, -0.0133286548742959, 20, 12, 0.311567
0.383855652346514, 1.528285077951, -0.0133287957237211, 20, 12, 0.311625
0.383855652346514, 1.53140311804009, -0.0133289432019901, 20, 12, 0.311506
0.383855652346514, 1.53452115812918, -0.0133290973559166, 20, 12, 0.311551
0.383855652346514, 1.53763919821826, -0.0133292582322631, 20, 12, 0.311555
0.383855652346514, 1.54075723830735, -0.0133294258777388, 20, 12, 0.311557
0.383855652346514, 1.54387527839644, -0.0133296003389984, 20, 12, 0.311579
0.383855652346514, 1.54699331848552, -0.01332978166264, 20, 12, 0.311526
0.383855652346514, 1.55011135857461, -0.0133299698952043, 20, 12, 0.311562
0.383855652346514, 1.5532293986637, -0.0133301650831721, 20, 12, 0.312346
0.383855652346514, 1.55634743875278, -0.0133303672729635, 20, 12, 0.311559
0.383855652346514, 1.55946547884187, -0.0133305765109358, 20, 12, 0.311568
0.383855652346514, 1.56258351893096, -0.0133307928433824, 20, 12, 0.31153
0.383855652346514, 1.56570155902004, -0.013331016316531, 20, 12, 0.31154
0.383855652346514, 1.56881959910913, -0.0133312469765419, 20, 12, 0.311576
0.383855652346514, 1.57193763919822, -0.0133314848695071, 20, 12, 0.311522
0.383855652346514, 1.57505567928731, -0.0133317300414479, 20, 12, 0.311494
0.383855652346514, 1.57817371937639, -0.0133319825383145, 20, 12, 0.311499
0.383855652346514, 1.58129175946548, -0.0133322423702472, 20, 11, 0.282255
0.383855652346514, 1.58440979955457, -0.0133325096559272, 20, 11, 0.282238
0.383855652346514, 1.58752783964365, -0.0133327844038826, 20, 11, 0.282259
0.383855652346514, 1.59064587973274, -0.013333066659764, 20, 11, 0.282243
0.383855652346514, 1.59376391982183, -0.013333356469143, 20, 11, 0.282282
0.383855652346514, 1.59688195991091, -0.0133336538775107, 20, 11, 0.282273
0.383855652346514, 1.6, -0.0133339589302765, 20, 11, 0.282063
# finished at Wed Apr 30 02:49:19 CEST 2014
