# starting on alcc59 at Wed Apr 30 01:07:38 CEST 2014
# casimir, -T, 0.200000,1.600000,450, -Q, 0.277141490092018, -p, 1e-08, -L, 20
# Compiler icc, using long double and plain matrix elements and plain integration
# precision=1e-08
# lfac=5
# cores=1
# L=0.277141
# T=0.2...1.6 (450)
#
# R/(L+R), T, F, lmax, nmax, time
0.277141490092018, 0.2, -0.00436087930624166, 20, 71, 1.80924
0.277141490092018, 0.203118040089087, -0.00436087653844449, 20, 70, 1.7865
0.277141490092018, 0.206236080178174, -0.00436087364313848, 20, 69, 1.74378
0.277141490092018, 0.209354120267261, -0.0043608706166519, 20, 68, 1.7131
0.277141490092018, 0.212472160356347, -0.00436086745523864, 20, 67, 1.7128
0.277141490092018, 0.215590200445434, -0.00436086415513252, 20, 66, 1.66847
0.277141490092018, 0.218708240534521, -0.00436086071251209, 20, 65, 1.70606
0.277141490092018, 0.221826280623608, -0.00436085712351949, 20, 64, 1.72392
0.277141490092018, 0.224944320712695, -0.004360853384222, 20, 63, 1.69132
0.277141490092018, 0.228062360801782, -0.0043608494906695, 20, 62, 1.54024
0.277141490092018, 0.231180400890869, -0.00436084543885509, 20, 61, 1.54895
0.277141490092018, 0.234298440979955, -0.00436084123408524, 20, 61, 1.59377
0.277141490092018, 0.237416481069042, -0.00436083685436703, 20, 60, 1.56532
0.277141490092018, 0.240534521158129, -0.00436083230425087, 20, 59, 1.61079
0.277141490092018, 0.243652561247216, -0.00436082757953702, 20, 58, 1.48
0.277141490092018, 0.246770601336303, -0.00436082268575164, 20, 58, 1.50605
0.277141490092018, 0.24988864142539, -0.00436081760031395, 20, 57, 1.45846
0.277141490092018, 0.253006681514477, -0.00436081232767665, 20, 56, 1.41664
0.277141490092018, 0.256124721603563, -0.00436080686348143, 20, 55, 1.36094
0.277141490092018, 0.25924276169265, -0.0043608012145891, 20, 55, 1.36577
0.277141490092018, 0.262360801781737, -0.00436079535572529, 20, 54, 1.34093
0.277141490092018, 0.265478841870824, -0.00436078930264533, 20, 54, 1.33947
0.277141490092018, 0.268596881959911, -0.00436078303175291, 20, 53, 1.31365
0.277141490092018, 0.271714922048998, -0.00436077654744246, 20, 52, 1.28609
0.277141490092018, 0.274832962138085, -0.00436076985672752, 20, 52, 1.28823
0.277141490092018, 0.277951002227172, -0.00436076293388995, 20, 51, 1.26509
0.277141490092018, 0.281069042316258, -0.00436075579531647, 20, 51, 1.26288
0.277141490092018, 0.284187082405345, -0.00436074841603143, 20, 50, 1.23751
0.277141490092018, 0.287305122494432, -0.00436074081175067, 20, 50, 1.23957
0.277141490092018, 0.290423162583519, -0.00436073295785606, 20, 49, 1.21191
0.277141490092018, 0.293541202672606, -0.004360724869809, 20, 49, 1.21411
0.277141490092018, 0.296659242761693, -0.00436071652298463, 20, 48, 1.18627
0.277141490092018, 0.29977728285078, -0.0043607079329212, 20, 48, 1.19249
0.277141490092018, 0.302895322939866, -0.00436069907464959, 20, 47, 1.16519
0.277141490092018, 0.306013363028953, -0.00436068996414733, 20, 47, 1.16693
0.277141490092018, 0.30913140311804, -0.00436068057573458, 20, 46, 1.14257
0.277141490092018, 0.312249443207127, -0.0043606709262299, 20, 46, 1.14157
0.277141490092018, 0.315367483296214, -0.00436066098881265, 20, 45, 1.11211
0.277141490092018, 0.318485523385301, -0.00436065078156519, 20, 45, 1.11574
0.277141490092018, 0.321603563474388, -0.00436064027611592, 20, 44, 1.08824
0.277141490092018, 0.324721603563474, -0.00436062949230721, 20, 44, 1.09077
0.277141490092018, 0.327839643652561, -0.00436061841201797, 20, 44, 1.09139
0.277141490092018, 0.330957683741648, -0.0043606070203345, 20, 43, 1.06515
0.277141490092018, 0.334075723830735, -0.00436059533495737, 20, 43, 1.06106
0.277141490092018, 0.337193763919822, -0.00436058333888097, 20, 43, 1.06096
0.277141490092018, 0.340311804008909, -0.00436057101774286, 20, 42, 1.03547
0.277141490092018, 0.343429844097996, -0.00436055838783361, 20, 42, 1.06716
0.277141490092018, 0.346547884187082, -0.00436054542173948, 20, 41, 1.02925
0.277141490092018, 0.349665924276169, -0.00436053213881797, 20, 41, 1.0181
0.277141490092018, 0.352783964365256, -0.00436051852112117, 20, 41, 1.01242
0.277141490092018, 0.355902004454343, -0.00436050455292708, 20, 40, 0.98472
0.277141490092018, 0.35902004454343, -0.00436049025324025, 20, 40, 0.988193
0.277141490092018, 0.362138084632517, -0.00436047560429513, 20, 40, 0.986697
0.277141490092018, 0.365256124721604, -0.00436046059019961, 20, 39, 0.959258
0.277141490092018, 0.36837416481069, -0.00436044523021308, 20, 39, 0.961122
0.277141490092018, 0.371492204899777, -0.00436042950643595, 20, 39, 0.961172
0.277141490092018, 0.374610244988864, -0.00436041340251577, 20, 38, 0.934929
0.277141490092018, 0.377728285077951, -0.00436039693862628, 20, 38, 0.935638
0.277141490092018, 0.380846325167038, -0.0043603800963919, 20, 38, 0.935634
0.277141490092018, 0.383964365256125, -0.00436036287106171, 20, 38, 0.939574
0.277141490092018, 0.387082405345212, -0.00436034524728964, 20, 37, 0.908138
0.277141490092018, 0.390200445434298, -0.00436032724302863, 20, 37, 0.910569
0.277141490092018, 0.393318485523385, -0.0043603088411144, 20, 37, 0.918284
0.277141490092018, 0.396436525612472, -0.00436029002516239, 20, 36, 0.884887
0.277141490092018, 0.399554565701559, -0.00436027081537567, 20, 36, 0.895813
0.277141490092018, 0.402672605790646, -0.00436025119345136, 20, 36, 0.88485
0.277141490092018, 0.405790645879733, -0.00436023115466275, 20, 36, 0.886834
0.277141490092018, 0.40890868596882, -0.00436021068293531, 20, 35, 0.859314
0.277141490092018, 0.412026726057906, -0.00436018979780167, 20, 35, 0.86343
0.277141490092018, 0.415144766146993, -0.00436016848139968, 20, 35, 0.884168
0.277141490092018, 0.41826280623608, -0.00436014672903655, 20, 35, 0.907597
0.277141490092018, 0.421380846325167, -0.00436012452458276, 20, 34, 0.926433
0.277141490092018, 0.424498886414254, -0.00436010188777545, 20, 34, 0.870402
0.277141490092018, 0.427616926503341, -0.00436007880074617, 20, 34, 0.844464
0.277141490092018, 0.430734966592428, -0.00436005525885435, 20, 34, 0.841165
0.277141490092018, 0.433853006681514, -0.00436003124552204, 20, 33, 0.808321
0.277141490092018, 0.436971046770601, -0.00436000678158343, 20, 33, 0.81187
0.277141490092018, 0.440089086859688, -0.00435998184870951, 20, 33, 0.815893
0.277141490092018, 0.443207126948775, -0.00435995644232948, 20, 33, 0.817979
0.277141490092018, 0.446325167037862, -0.0043599305449864, 20, 32, 0.78519
0.277141490092018, 0.449443207126949, -0.00435990417957903, 20, 32, 0.785227
0.277141490092018, 0.452561247216036, -0.0043598773268245, 20, 32, 0.785103
0.277141490092018, 0.455679287305123, -0.00435984998223888, 20, 32, 0.785072
0.277141490092018, 0.458797327394209, -0.00435982214135459, 20, 32, 0.787185
0.277141490092018, 0.461915367483296, -0.00435979378704541, 20, 31, 0.759689
0.277141490092018, 0.465033407572383, -0.00435976494180535, 20, 31, 0.764027
0.277141490092018, 0.46815144766147, -0.00435973558678724, 20, 31, 0.766955
0.277141490092018, 0.471269487750557, -0.00435970571763124, 20, 31, 0.760234
0.277141490092018, 0.474387527839644, -0.00435967532999968, 20, 31, 0.771813
0.277141490092018, 0.477505567928731, -0.0043596444065827, 20, 30, 0.741728
0.277141490092018, 0.480623608017817, -0.00435961297064493, 20, 30, 0.733987
0.277141490092018, 0.483741648106904, -0.00435958100318247, 20, 30, 0.73767
0.277141490092018, 0.486859688195991, -0.0043595484999857, 20, 30, 0.734032
0.277141490092018, 0.489977728285078, -0.0043595154568726, 20, 30, 0.733978
0.277141490092018, 0.493095768374165, -0.00435948186969044, 20, 30, 0.734461
0.277141490092018, 0.496213808463252, -0.00435944772201675, 20, 29, 0.708674
0.277141490092018, 0.499331848552339, -0.00435941303579405, 20, 29, 0.708506
0.277141490092018, 0.502449888641425, -0.00435937779306919, 20, 29, 0.708487
0.277141490092018, 0.505567928730512, -0.00435934198984082, 20, 29, 0.70847
0.277141490092018, 0.508685968819599, -0.00435930562214182, 20, 29, 0.712557
0.277141490092018, 0.511804008908686, -0.00435926868604083, 20, 29, 0.712235
0.277141490092018, 0.514922048997773, -0.00435923116537596, 20, 28, 0.681074
0.277141490092018, 0.51804008908686, -0.00435919308223032, 20, 28, 0.685352
0.277141490092018, 0.521158129175947, -0.00435915441893981, 20, 28, 0.706257
0.277141490092018, 0.524276169265034, -0.00435911517176966, 20, 28, 0.692955
0.277141490092018, 0.52739420935412, -0.00435907533700306, 20, 28, 0.686662
0.277141490092018, 0.530512249443207, -0.00435903491096501, 20, 28, 0.685662
0.277141490092018, 0.533630289532294, -0.0043589938771299, 20, 27, 0.661692
0.277141490092018, 0.536748329621381, -0.00435895225910012, 20, 27, 0.664343
0.277141490092018, 0.539866369710468, -0.00435891003888568, 20, 27, 0.673369
0.277141490092018, 0.542984409799555, -0.00435886721300802, 20, 27, 0.659872
0.277141490092018, 0.546102449888642, -0.00435882377803479, 20, 27, 0.679554
0.277141490092018, 0.549220489977728, -0.00435877973058115, 20, 27, 0.667617
0.277141490092018, 0.552338530066815, -0.00435873506731099, 20, 27, 0.664018
0.277141490092018, 0.555456570155902, -0.00435868977215428, 20, 26, 0.636535
0.277141490092018, 0.558574610244989, -0.00435864386878568, 20, 26, 0.638418
0.277141490092018, 0.561692650334076, -0.00435859733975617, 20, 26, 0.635374
0.277141490092018, 0.564810690423163, -0.00435855018195099, 20, 26, 0.637871
0.277141490092018, 0.567928730512249, -0.00435850239230823, 20, 26, 0.634498
0.277141490092018, 0.571046770601336, -0.00435845396782007, 20, 26, 0.639699
0.277141490092018, 0.574164810690423, -0.00435840490553392, 20, 26, 0.650513
0.277141490092018, 0.57728285077951, -0.0043583551890789, 20, 25, 0.696555
0.277141490092018, 0.580400890868597, -0.00435830484392825, 20, 25, 0.64943
0.277141490092018, 0.583518930957684, -0.00435825385232675, 20, 25, 0.625887
0.277141490092018, 0.586636971046771, -0.00435820221156737, 20, 25, 0.616278
0.277141490092018, 0.589755011135857, -0.0043581499190022, 20, 25, 0.617031
0.277141490092018, 0.592873051224944, -0.00435809697204352, 20, 25, 0.629074
0.277141490092018, 0.595991091314031, -0.00435804336816495, 20, 25, 0.632869
0.277141490092018, 0.599109131403118, -0.00435798910490242, 20, 25, 0.612552
0.277141490092018, 0.602227171492205, -0.00435793416622366, 20, 24, 0.596973
0.277141490092018, 0.605345211581292, -0.00435787857838189, 20, 24, 0.58218
0.277141490092018, 0.608463251670379, -0.0043578223240194, 20, 24, 0.585404
0.277141490092018, 0.611581291759466, -0.00435776540094384, 20, 24, 0.58413
0.277141490092018, 0.614699331848552, -0.00435770780702886, 20, 24, 0.595053
0.277141490092018, 0.617817371937639, -0.00435764954021507, 20, 24, 0.590477
0.277141490092018, 0.620935412026726, -0.0043575905985379, 20, 24, 0.599224
0.277141490092018, 0.624053452115813, -0.0043575309800211, 20, 24, 0.593446
0.277141490092018, 0.6271714922049, -0.004357470682839, 20, 24, 0.617399
0.277141490092018, 0.630289532293987, -0.00435740969180182, 20, 23, 0.65869
0.277141490092018, 0.633407572383074, -0.0043573480332684, 20, 23, 0.585486
0.277141490092018, 0.63652561247216, -0.00435728569082324, 20, 23, 0.561722
0.277141490092018, 0.639643652561247, -0.00435722266291295, 20, 23, 0.562037
0.277141490092018, 0.642761692650334, -0.00435715894805733, 20, 23, 0.567629
0.277141490092018, 0.645879732739421, -0.0043570945448503, 20, 23, 0.564475
0.277141490092018, 0.648997772828508, -0.00435702945196082, 20, 23, 0.560016
0.277141490092018, 0.652115812917595, -0.00435696366813367, 20, 23, 0.563716
0.277141490092018, 0.655233853006682, -0.00435689719219039, 20, 23, 0.560129
0.277141490092018, 0.658351893095768, -0.00435683002303, 20, 23, 0.561245
0.277141490092018, 0.661469933184855, -0.00435676214664066, 20, 22, 0.539818
0.277141490092018, 0.664587973273942, -0.00435669358922125, 20, 22, 0.540344
0.277141490092018, 0.667706013363029, -0.00435662433565101, 20, 22, 0.536207
0.277141490092018, 0.670824053452116, -0.00435655438515625, 20, 22, 0.536108
0.277141490092018, 0.673942093541203, -0.00435648373704382, 20, 22, 0.534668
0.277141490092018, 0.67706013363029, -0.00435641239070193, 20, 22, 0.603438
0.277141490092018, 0.680178173719376, -0.00435634034560093, 20, 22, 0.577666
0.277141490092018, 0.683296213808463, -0.00435626760129404, 20, 22, 0.534322
0.277141490092018, 0.68641425389755, -0.00435619415741813, 20, 22, 0.534364
0.277141490092018, 0.689532293986637, -0.00435612001369442, 20, 22, 0.538006
0.277141490092018, 0.692650334075724, -0.00435604515619643, 20, 21, 0.506844
0.277141490092018, 0.695768374164811, -0.00435596961345868, 20, 21, 0.506799
0.277141490092018, 0.698886414253898, -0.00435589337044927, 20, 21, 0.506791
0.277141490092018, 0.702004454342984, -0.00435581642724228, 20, 21, 0.50684
0.277141490092018, 0.705122494432071, -0.00435573878399883, 20, 21, 0.506914
0.277141490092018, 0.708240534521158, -0.00435566044096771, 20, 21, 0.506746
0.277141490092018, 0.711358574610245, -0.00435558139848611, 20, 21, 0.506752
0.277141490092018, 0.714476614699332, -0.00435550165698025, 20, 21, 0.506726
0.277141490092018, 0.717594654788419, -0.00435542121696605, 20, 21, 0.508808
0.277141490092018, 0.720712694877506, -0.0043553400790497, 20, 21, 0.512754
0.277141490092018, 0.723830734966592, -0.00435525824392835, 20, 21, 0.509657
0.277141490092018, 0.726948775055679, -0.00435517571239067, 20, 21, 0.508734
0.277141490092018, 0.730066815144766, -0.00435509247195591, 20, 20, 0.487176
0.277141490092018, 0.733184855233853, -0.00435500855141374, 20, 20, 0.481721
0.277141490092018, 0.73630289532294, -0.00435492393728695, 20, 20, 0.4815
0.277141490092018, 0.739420935412027, -0.00435483863074322, 20, 20, 0.481257
0.277141490092018, 0.742538975501114, -0.00435475263304399, 20, 20, 0.481236
0.277141490092018, 0.7456570155902, -0.00435466594554496, 20, 20, 0.481154
0.277141490092018, 0.748775055679287, -0.0043545785696967, 20, 20, 0.481217
0.277141490092018, 0.751893095768374, -0.00435449050704512, 20, 20, 0.481669
0.277141490092018, 0.755011135857461, -0.00435440175923203, 20, 20, 0.481297
0.277141490092018, 0.758129175946548, -0.00435431232799565, 20, 20, 0.481238
0.277141490092018, 0.761247216035635, -0.00435422221517109, 20, 20, 0.481155
0.277141490092018, 0.764365256124722, -0.0043541314226908, 20, 20, 0.483211
0.277141490092018, 0.767483296213809, -0.00435403995258509, 20, 20, 0.486937
0.277141490092018, 0.770601336302895, -0.00435394779366876, 20, 19, 0.458481
0.277141490092018, 0.773719376391982, -0.00435385497583389, 20, 19, 0.455708
0.277141490092018, 0.776837416481069, -0.00435376148700891, 20, 19, 0.461943
0.277141490092018, 0.779955456570156, -0.00435366732955894, 20, 19, 0.458093
0.277141490092018, 0.783073496659243, -0.00435357250604937, 20, 19, 0.462169
0.277141490092018, 0.78619153674833, -0.00435347701911186, 20, 19, 0.468941
0.277141490092018, 0.789309576837417, -0.00435338087147841, 20, 19, 0.458946
0.277141490092018, 0.792427616926503, -0.00435328406598173, 20, 19, 0.481876
0.277141490092018, 0.79554565701559, -0.00435318660555568, 20, 19, 0.487919
0.277141490092018, 0.798663697104677, -0.00435308849323557, 20, 19, 0.510478
0.277141490092018, 0.801781737193764, -0.00435298973215857, 20, 19, 0.474049
0.277141490092018, 0.804899777282851, -0.00435289032556402, 20, 19, 0.461341
0.277141490092018, 0.808017817371938, -0.00435279027679383, 20, 19, 0.460808
0.277141490092018, 0.811135857461025, -0.00435268958929269, 20, 19, 0.460176
0.277141490092018, 0.814253897550111, -0.00435258825284341, 20, 18, 0.432642
0.277141490092018, 0.817371937639198, -0.00435248629964558, 20, 18, 0.437057
0.277141490092018, 0.820489977728285, -0.004352383718596, 20, 18, 0.436312
0.277141490092018, 0.823608017817372, -0.00435228051355926, 20, 18, 0.436844
0.277141490092018, 0.826726057906459, -0.00435217668850379, 20, 18, 0.460707
0.277141490092018, 0.829844097995546, -0.00435207224750221, 20, 18, 0.478689
0.277141490092018, 0.832962138084633, -0.00435196719473153, 20, 18, 0.433224
0.277141490092018, 0.836080178173719, -0.00435186153447341, 20, 18, 0.438314
0.277141490092018, 0.839198218262806, -0.00435175527111444, 20, 18, 0.436176
0.277141490092018, 0.842316258351893, -0.00435164840914633, 20, 18, 0.432869
0.277141490092018, 0.84543429844098, -0.00435154095316612, 20, 18, 0.436827
0.277141490092018, 0.848552338530067, -0.00435143290787642, 20, 18, 0.452324
0.277141490092018, 0.851670378619154, -0.00435132427808558, 20, 18, 0.433015
0.277141490092018, 0.854788418708241, -0.00435121506870784, 20, 18, 0.432514
0.277141490092018, 0.857906458797328, -0.00435110528476355, 20, 18, 0.432527
0.277141490092018, 0.861024498886414, -0.0043509949313793, 20, 18, 0.434544
0.277141490092018, 0.864142538975501, -0.00435088401378804, 20, 18, 0.434553
0.277141490092018, 0.867260579064588, -0.00435077252438869, 20, 17, 0.407042
0.277141490092018, 0.870378619153675, -0.00435066049541464, 20, 17, 0.407466
0.277141490092018, 0.873496659242762, -0.00435054791850875, 20, 17, 0.40721
0.277141490092018, 0.876614699331849, -0.00435043479933513, 20, 17, 0.410728
0.277141490092018, 0.879732739420936, -0.00435032114366449, 20, 17, 0.411629
0.277141490092018, 0.882850779510022, -0.00435020695737428, 20, 17, 0.414635
0.277141490092018, 0.885968819599109, -0.00435009224644877, 20, 17, 0.407023
0.277141490092018, 0.889086859688196, -0.00434997701697909, 20, 17, 0.407054
0.277141490092018, 0.892204899777283, -0.00434986127516331, 20, 17, 0.407035
0.277141490092018, 0.89532293986637, -0.00434974502730651, 20, 17, 0.407063
0.277141490092018, 0.898440979955457, -0.00434962827982081, 20, 17, 0.40705
0.277141490092018, 0.901559020044544, -0.00434951103922535, 20, 17, 0.407103
0.277141490092018, 0.90467706013363, -0.00434939331214638, 20, 17, 0.407022
0.277141490092018, 0.907795100222717, -0.0043492751053172, 20, 17, 0.407021
0.277141490092018, 0.910913140311804, -0.00434915642557821, 20, 17, 0.407009
0.277141490092018, 0.914031180400891, -0.00434903727987683, 20, 17, 0.407022
0.277141490092018, 0.917149220489978, -0.00434891767526754, 20, 17, 0.40712
0.277141490092018, 0.920267260579065, -0.00434879761891177, 20, 17, 0.409624
0.277141490092018, 0.923385300668152, -0.00434867710489531, 20, 16, 0.382115
0.277141490092018, 0.926503340757238, -0.00434855616782939, 20, 16, 0.385207
0.277141490092018, 0.929621380846325, -0.00434843480108536, 20, 16, 0.382353
0.277141490092018, 0.932739420935412, -0.00434831301225577, 20, 16, 0.381958
0.277141490092018, 0.935857461024499, -0.00434819080903957, 20, 16, 0.381517
0.277141490092018, 0.938975501113586, -0.00434806819924201, 20, 16, 0.381474
0.277141490092018, 0.942093541202673, -0.00434794519077452, 20, 16, 0.381497
0.277141490092018, 0.945211581291759, -0.00434782179165466, 20, 16, 0.381843
0.277141490092018, 0.948329621380847, -0.00434769801000595, 20, 16, 0.38161
0.277141490092018, 0.951447661469933, -0.00434757385405777, 20, 16, 0.381541
0.277141490092018, 0.95456570155902, -0.00434744933214519, 20, 16, 0.38142
0.277141490092018, 0.957683741648107, -0.00434732445270887, 20, 16, 0.38141
0.277141490092018, 0.960801781737194, -0.00434719922429485, 20, 16, 0.381386
0.277141490092018, 0.963919821826281, -0.0043470736555544, 20, 16, 0.381947
0.277141490092018, 0.967037861915368, -0.00434694775524384, 20, 16, 0.382036
0.277141490092018, 0.970155902004454, -0.00434682153222435, 20, 16, 0.38152
0.277141490092018, 0.973273942093541, -0.00434669499546176, 20, 16, 0.381598
0.277141490092018, 0.976391982182628, -0.00434656815402634, 20, 16, 0.385905
0.277141490092018, 0.979510022271715, -0.00434644101709261, 20, 16, 0.381453
0.277141490092018, 0.982628062360802, -0.00434631359393907, 20, 16, 0.381459
0.277141490092018, 0.985746102449889, -0.00434618589394797, 20, 16, 0.381454
0.277141490092018, 0.988864142538975, -0.00434605791363172, 20, 15, 0.357582
0.277141490092018, 0.991982182628063, -0.00434592968933129, 20, 15, 0.354352
0.277141490092018, 0.995100222717149, -0.00434580121691022, 20, 15, 0.355932
0.277141490092018, 0.998218262806236, -0.00434567250616629, 20, 15, 0.355969
0.277141490092018, 1.00133630289532, -0.0043455435669995, 20, 15, 0.355975
0.277141490092018, 1.00445434298441, -0.0043454144094118, 20, 15, 0.355951
0.277141490092018, 1.0075723830735, -0.00434528504350679, 20, 15, 0.356524
0.277141490092018, 1.01069042316258, -0.00434515547948943, 20, 15, 0.355939
0.277141490092018, 1.01380846325167, -0.0043450257276657, 20, 15, 0.355912
0.277141490092018, 1.01692650334076, -0.00434489579844232, 20, 15, 0.355962
0.277141490092018, 1.02004454342984, -0.0043447657023264, 20, 15, 0.355978
0.277141490092018, 1.02316258351893, -0.00434463544992507, 20, 15, 0.356271
0.277141490092018, 1.02628062360802, -0.00434450505194519, 20, 15, 0.355978
0.277141490092018, 1.0293986636971, -0.00434437451919296, 20, 15, 0.356089
0.277141490092018, 1.03251670378619, -0.00434424386257354, 20, 15, 0.359618
0.277141490092018, 1.03563474387528, -0.00434411309313542, 20, 15, 0.35833
0.277141490092018, 1.03875278396437, -0.00434398222189107, 20, 15, 0.358645
0.277141490092018, 1.04187082405345, -0.00434385126008515, 20, 15, 0.36195
0.277141490092018, 1.04498886414254, -0.0043437202190149, 20, 15, 0.358292
0.277141490092018, 1.04810690423163, -0.00434358911007461, 20, 15, 0.362035
0.277141490092018, 1.05122494432071, -0.00434345794475517, 20, 15, 0.359087
0.277141490092018, 1.0543429844098, -0.00434332673464363, 20, 15, 0.358329
0.277141490092018, 1.05746102449889, -0.00434319549142284, 20, 15, 0.36564
0.277141490092018, 1.06057906458797, -0.00434306422687091, 20, 15, 0.362001
0.277141490092018, 1.06369710467706, -0.0043429329400367, 20, 14, 0.330749
0.277141490092018, 1.06681514476615, -0.00434280166928058, 20, 14, 0.33076
0.277141490092018, 1.06993318485523, -0.00434267041305195, 20, 14, 0.330795
0.277141490092018, 1.07305122494432, -0.00434253918350815, 20, 14, 0.330832
0.277141490092018, 1.07616926503341, -0.00434240799289933, 20, 14, 0.332936
0.277141490092018, 1.07928730512249, -0.00434227685356804, 20, 14, 0.333054
0.277141490092018, 1.08240534521158, -0.00434214577794873, 20, 14, 0.338652
0.277141490092018, 1.08552338530067, -0.00434201477856725, 20, 14, 0.33693
0.277141490092018, 1.08864142538976, -0.00434188386804032, 20, 14, 0.332916
0.277141490092018, 1.09175946547884, -0.00434175305907512, 20, 14, 0.336514
0.277141490092018, 1.09487750556793, -0.00434162236446865, 20, 14, 0.333238
0.277141490092018, 1.09799554565702, -0.00434149179710731, 20, 14, 0.340345
0.277141490092018, 1.1011135857461, -0.00434136136996631, 20, 14, 0.333298
0.277141490092018, 1.10423162583519, -0.00434123109610916, 20, 14, 0.332775
0.277141490092018, 1.10734966592428, -0.00434110098868715, 20, 14, 0.33316
0.277141490092018, 1.11046770601336, -0.00434097106093875, 20, 14, 0.382562
0.277141490092018, 1.11358574610245, -0.00434084132618909, 20, 14, 0.353647
0.277141490092018, 1.11670378619154, -0.00434071179784939, 20, 14, 0.358578
0.277141490092018, 1.11982182628062, -0.0043405824894164, 20, 14, 0.344197
0.277141490092018, 1.12293986636971, -0.00434045341447182, 20, 14, 0.336707
0.277141490092018, 1.1260579064588, -0.00434032458668169, 20, 14, 0.333184
0.277141490092018, 1.12917594654788, -0.00434019601979586, 20, 14, 0.333238
0.277141490092018, 1.13229398663697, -0.00434006772764738, 20, 14, 0.332809
0.277141490092018, 1.13541202672606, -0.00433993972415183, 20, 14, 0.345393
0.277141490092018, 1.13853006681514, -0.00433981202330684, 20, 14, 0.364855
0.277141490092018, 1.14164810690423, -0.00433968463919138, 20, 14, 0.338311
0.277141490092018, 1.14476614699332, -0.00433955758596519, 20, 14, 0.336659
0.277141490092018, 1.14788418708241, -0.00433943087786813, 20, 14, 0.33423
0.277141490092018, 1.15100222717149, -0.00433930452921961, 20, 14, 0.332823
0.277141490092018, 1.15412026726058, -0.00433917854256939, 20, 13, 0.329231
0.277141490092018, 1.15723830734967, -0.00433905295673145, 20, 13, 0.309693
0.277141490092018, 1.16035634743875, -0.00433892777373637, 20, 13, 0.315803
0.277141490092018, 1.16347438752784, -0.00433880300821706, 20, 13, 0.312779
0.277141490092018, 1.16659242761693, -0.00433867867488264, 20, 13, 0.30572
0.277141490092018, 1.16971046770601, -0.00433855478851775, 20, 13, 0.305195
0.277141490092018, 1.1728285077951, -0.00433843136398194, 20, 13, 0.307216
0.277141490092018, 1.17594654788419, -0.00433830841620897, 20, 13, 0.305203
0.277141490092018, 1.17906458797327, -0.00433818596020617, 20, 13, 0.307237
0.277141490092018, 1.18218262806236, -0.00433806401105376, 20, 13, 0.307249
0.277141490092018, 1.18530066815145, -0.00433794258390415, 20, 13, 0.3073
0.277141490092018, 1.18841870824053, -0.00433782169398131, 20, 13, 0.307464
0.277141490092018, 1.19153674832962, -0.00433770135658003, 20, 13, 0.307176
0.277141490092018, 1.19465478841871, -0.00433758158706526, 20, 13, 0.307167
0.277141490092018, 1.1977728285078, -0.0043374624008714, 20, 13, 0.30717
0.277141490092018, 1.20089086859688, -0.00433734381350163, 20, 13, 0.307603
0.277141490092018, 1.20400890868597, -0.00433722584052717, 20, 13, 0.319152
0.277141490092018, 1.20712694877506, -0.00433710849758659, 20, 13, 0.307151
0.277141490092018, 1.21024498886414, -0.00433699180038511, 20, 13, 0.310838
0.277141490092018, 1.21336302895323, -0.00433687576469388, 20, 13, 0.317342
0.277141490092018, 1.21648106904232, -0.00433676040634923, 20, 13, 0.313656
0.277141490092018, 1.2195991091314, -0.00433664574125201, 20, 13, 0.307148
0.277141490092018, 1.22271714922049, -0.0043365317853668, 20, 13, 0.307175
0.277141490092018, 1.22583518930958, -0.00433641855472123, 20, 13, 0.307147
0.277141490092018, 1.22895322939866, -0.00433630606540524, 20, 13, 0.307182
0.277141490092018, 1.23207126948775, -0.0043361943335703, 20, 13, 0.307238
0.277141490092018, 1.23518930957684, -0.00433608337542872, 20, 13, 0.3072
0.277141490092018, 1.23830734966592, -0.00433597320725293, 20, 13, 0.307178
0.277141490092018, 1.24142538975501, -0.00433586384537464, 20, 13, 0.310798
0.277141490092018, 1.2445434298441, -0.0043357553061842, 20, 13, 0.307177
0.277141490092018, 1.24766146993318, -0.00433564760612977, 20, 13, 0.30793
0.277141490092018, 1.25077951002227, -0.00433554076171662, 20, 13, 0.307546
0.277141490092018, 1.25389755011136, -0.00433543478950636, 20, 13, 0.310992
0.277141490092018, 1.25701559020045, -0.00433532970611614, 20, 13, 0.310907
0.277141490092018, 1.26013363028953, -0.00433522551730031, 20, 12, 0.283296
0.277141490092018, 1.26325167037862, -0.00433512226216642, 20, 12, 0.279705
0.277141490092018, 1.26636971046771, -0.00433501994600268, 20, 12, 0.279687
0.277141490092018, 1.26948775055679, -0.00433491858564231, 20, 12, 0.279651
0.277141490092018, 1.27260579064588, -0.00433481819797019, 20, 12, 0.279632
0.277141490092018, 1.27572383073497, -0.00433471879992213, 20, 12, 0.279602
0.277141490092018, 1.27884187082405, -0.00433462040848406, 20, 12, 0.279606
0.277141490092018, 1.28195991091314, -0.00433452304069133, 20, 12, 0.279643
0.277141490092018, 1.28507795100223, -0.00433442671362783, 20, 12, 0.281661
0.277141490092018, 1.28819599109131, -0.00433433144442532, 20, 12, 0.279599
0.277141490092018, 1.2913140311804, -0.00433423725026256, 20, 12, 0.28163
0.277141490092018, 1.29443207126949, -0.00433414414836462, 20, 12, 0.281662
0.277141490092018, 1.29755011135857, -0.00433405215600203, 20, 12, 0.281705
0.277141490092018, 1.30066815144766, -0.00433396129049001, 20, 12, 0.281661
0.277141490092018, 1.30378619153675, -0.00433387156918771, 20, 12, 0.28169
0.277141490092018, 1.30690423162584, -0.00433378300949742, 20, 12, 0.28162
0.277141490092018, 1.31002227171492, -0.00433369562886377, 20, 12, 0.282075
0.277141490092018, 1.31314031180401, -0.00433360944477293, 20, 12, 0.28168
0.277141490092018, 1.3162583518931, -0.00433352447475185, 20, 12, 0.281613
0.277141490092018, 1.31937639198218, -0.00433344073636746, 20, 12, 0.285339
0.277141490092018, 1.32249443207127, -0.00433335824722588, 20, 12, 0.285781
0.277141490092018, 1.32561247216036, -0.00433327702497163, 20, 12, 0.286187
0.277141490092018, 1.32873051224944, -0.00433319708728681, 20, 12, 0.281637
0.277141490092018, 1.33184855233853, -0.00433311845189036, 20, 12, 0.281664
0.277141490092018, 1.33496659242762, -0.0043330411365372, 20, 12, 0.281608
0.277141490092018, 1.3380846325167, -0.00433296515901751, 20, 12, 0.28166
0.277141490092018, 1.34120267260579, -0.00433289053715589, 20, 12, 0.284569
0.277141490092018, 1.34432071269488, -0.00433281728881054, 20, 12, 0.33146
0.277141490092018, 1.34743875278396, -0.00433274543187255, 20, 12, 0.295193
0.277141490092018, 1.35055679287305, -0.00433267498426501, 20, 12, 0.328623
0.277141490092018, 1.35367483296214, -0.00433260596394228, 20, 12, 0.285838
0.277141490092018, 1.35679287305122, -0.00433253838888916, 20, 12, 0.290976
0.277141490092018, 1.35991091314031, -0.00433247227712009, 20, 12, 0.293951
0.277141490092018, 1.3630289532294, -0.0043324076466784, 20, 12, 0.30495
0.277141490092018, 1.36614699331849, -0.00433234451563546, 20, 12, 0.286709
0.277141490092018, 1.36926503340757, -0.00433228290208992, 20, 12, 0.282795
0.277141490092018, 1.37238307349666, -0.0043322228241669, 20, 12, 0.281853
0.277141490092018, 1.37550111358575, -0.00433216430001719, 20, 12, 0.281813
0.277141490092018, 1.37861915367483, -0.00433210734781646, 20, 12, 0.281786
0.277141490092018, 1.38173719376392, -0.0043320519857645, 20, 12, 0.336075
0.277141490092018, 1.38485523385301, -0.00433199822186777, 20, 11, 0.288172
0.277141490092018, 1.38797327394209, -0.00433194609527474, 20, 11, 0.289781
0.277141490092018, 1.39109131403118, -0.00433189561354484, 20, 11, 0.296951
0.277141490092018, 1.39420935412027, -0.00433184679496726, 20, 11, 0.254183
0.277141490092018, 1.39732739420935, -0.00433179965785126, 20, 11, 0.254155
0.277141490092018, 1.40044543429844, -0.00433175422052542, 20, 11, 0.261536
0.277141490092018, 1.40356347438753, -0.00433171050133681, 20, 11, 0.26154
0.277141490092018, 1.40668151447661, -0.00433166851865024, 20, 11, 0.254644
0.277141490092018, 1.4097995545657, -0.00433162829084742, 20, 11, 0.254659
0.277141490092018, 1.41291759465479, -0.00433158983632628, 20, 11, 0.254175
0.277141490092018, 1.41603563474388, -0.00433155317350007, 20, 11, 0.254149
0.277141490092018, 1.41915367483296, -0.00433151832079666, 20, 11, 0.254188
0.277141490092018, 1.42227171492205, -0.00433148529665773, 20, 11, 0.255526
0.277141490092018, 1.42538975501114, -0.00433145411953796, 20, 11, 0.25852
0.277141490092018, 1.42850779510022, -0.00433142480790433, 20, 11, 0.2562
0.277141490092018, 1.43162583518931, -0.00433139738023527, 20, 11, 0.256172
0.277141490092018, 1.4347438752784, -0.00433137185501992, 20, 11, 0.256174
0.277141490092018, 1.43786191536748, -0.00433134825075735, 20, 11, 0.25867
0.277141490092018, 1.44097995545657, -0.0043313265859558, 20, 11, 0.256355
0.277141490092018, 1.44409799554566, -0.00433130687913188, 20, 11, 0.258878
0.277141490092018, 1.44721603563474, -0.00433128914880983, 20, 11, 0.256226
0.277141490092018, 1.45033407572383, -0.00433127341352076, 20, 11, 0.262473
0.277141490092018, 1.45345211581292, -0.00433125969180183, 20, 11, 0.262953
0.277141490092018, 1.456570155902, -0.00433124800219556, 20, 11, 0.275732
0.277141490092018, 1.45968819599109, -0.00433123836324904, 20, 11, 0.276118
0.277141490092018, 1.46280623608018, -0.00433123079351313, 20, 11, 0.256193
0.277141490092018, 1.46592427616927, -0.00433122531154178, 20, 11, 0.256221
0.277141490092018, 1.46904231625835, -0.00433122193589122, 20, 11, 0.28425
0.277141490092018, 1.47216035634744, -0.00433122068511921, 20, 11, 0.256207
0.277141490092018, 1.47527839643653, -0.00433122157778432, 20, 11, 0.264827
0.277141490092018, 1.47839643652561, -0.00433122463244517, 20, 11, 0.278228
0.277141490092018, 1.4815144766147, -0.00433122986765966, 20, 11, 0.284848
0.277141490092018, 1.48463251670379, -0.00433123730198425, 20, 11, 0.284281
0.277141490092018, 1.48775055679287, -0.00433124695397322, 20, 11, 0.273907
0.277141490092018, 1.49086859688196, -0.00433125884217793, 20, 11, 0.296688
0.277141490092018, 1.49398663697105, -0.00433127298514606, 20, 11, 0.256201
0.277141490092018, 1.49710467706013, -0.00433128940142091, 20, 11, 0.287454
0.277141490092018, 1.50022271714922, -0.00433130810954066, 20, 11, 0.262861
0.277141490092018, 1.50334075723831, -0.00433132912803762, 20, 11, 0.280418
0.277141490092018, 1.50645879732739, -0.00433135247543754, 20, 11, 0.256744
0.277141490092018, 1.50957683741648, -0.00433137817025884, 20, 11, 0.259809
0.277141490092018, 1.51269487750557, -0.00433140623101194, 20, 11, 0.256226
0.277141490092018, 1.51581291759465, -0.00433143667619852, 20, 11, 0.256227
0.277141490092018, 1.51893095768374, -0.00433146952431078, 20, 11, 0.259801
0.277141490092018, 1.52204899777283, -0.00433150479383077, 20, 11, 0.256104
0.277141490092018, 1.52516703786192, -0.00433154250322967, 20, 11, 0.276677
0.277141490092018, 1.528285077951, -0.00433158267096707, 20, 11, 0.256142
0.277141490092018, 1.53140311804009, -0.00433162531549028, 20, 11, 0.256102
0.277141490092018, 1.53452115812918, -0.0043316704552336, 20, 11, 0.256152
0.277141490092018, 1.53763919821826, -0.00433171809938205, 20, 10, 0.228589
0.277141490092018, 1.54075723830735, -0.00433176828520021, 20, 10, 0.228568
0.277141490092018, 1.54387527839644, -0.00433182102144041, 20, 10, 0.228554
0.277141490092018, 1.54699331848552, -0.00433187632647877, 20, 10, 0.232272
0.277141490092018, 1.55011135857461, -0.00433193421867494, 20, 10, 0.234476
0.277141490092018, 1.5532293986637, -0.00433199471643849, 20, 10, 0.230913
0.277141490092018, 1.55634743875278, -0.00433205783795987, 20, 10, 0.231428
0.277141490092018, 1.55946547884187, -0.00433212360161244, 20, 10, 0.230931
0.277141490092018, 1.56258351893096, -0.00433219202568321, 20, 10, 0.234559
0.277141490092018, 1.56570155902004, -0.00433226312843937, 20, 10, 0.230918
0.277141490092018, 1.56881959910913, -0.00433233692812762, 20, 10, 0.234549
0.277141490092018, 1.57193763919822, -0.00433241344297349, 20, 10, 0.230904
0.277141490092018, 1.57505567928731, -0.00433249269118072, 20, 10, 0.230896
0.277141490092018, 1.57817371937639, -0.00433257469093055, 20, 10, 0.23106
0.277141490092018, 1.58129175946548, -0.00433265946038113, 20, 10, 0.230882
0.277141490092018, 1.58440979955457, -0.00433274701766685, 20, 10, 0.230965
0.277141490092018, 1.58752783964365, -0.00433283738089769, 20, 10, 0.230909
0.277141490092018, 1.59064587973274, -0.00433293056815858, 20, 10, 0.230895
0.277141490092018, 1.59376391982183, -0.0043330265975088, 20, 10, 0.230995
0.277141490092018, 1.59688195991091, -0.00433312548698129, 20, 10, 0.23089
0.277141490092018, 1.6, -0.00433322725458208, 20, 10, 0.230814
# finished at Wed Apr 30 01:11:43 CEST 2014
