# starting on alcc75 at Tue Apr 29 19:12:15 CEST 2014
# casimir, -T, 0.200000,1.600000,450, -Q, 0.169238890786573, -p, 1e-08, -L, 20
# Compiler icc, using long double and plain matrix elements and plain integration
# precision=1e-08
# lfac=5
# cores=1
# L=0.169239
# T=0.2...1.6 (450)
#
# R/(L+R), T, F, lmax, nmax, time
0.169238890786573, 0.2, -0.000908974570887768, 20, 64, 1.42169
0.169238890786573, 0.203118040089087, -0.000908973937597281, 20, 63, 1.39975
0.169238890786573, 0.206236080178174, -0.000908973275133756, 20, 62, 1.3872
0.169238890786573, 0.209354120267261, -0.00090897258264925, 20, 61, 1.39445
0.169238890786573, 0.212472160356347, -0.000908971859284827, 20, 60, 1.37128
0.169238890786573, 0.215590200445434, -0.000908971105981503, 20, 60, 1.3736
0.169238890786573, 0.218708240534521, -0.000908970318365669, 20, 59, 1.34614
0.169238890786573, 0.221826280623608, -0.000908969497252125, 20, 58, 1.32311
0.169238890786573, 0.224944320712695, -0.000908968641739415, 20, 57, 1.30073
0.169238890786573, 0.228062360801782, -0.00090896775091468, 20, 56, 1.27894
0.169238890786573, 0.231180400890869, -0.000908966825810734, 20, 56, 1.27876
0.169238890786573, 0.234298440979955, -0.000908965861811727, 20, 55, 1.25473
0.169238890786573, 0.237416481069042, -0.000908964859735923, 20, 54, 1.23101
0.169238890786573, 0.240534521158129, -0.000908963818626437, 20, 53, 1.20717
0.169238890786573, 0.243652561247216, -0.000908962739735447, 20, 53, 1.20988
0.169238890786573, 0.246770601336303, -0.000908961617990019, 20, 52, 1.18599
0.169238890786573, 0.24988864142539, -0.000908960456349703, 20, 52, 1.18689
0.169238890786573, 0.253006681514477, -0.000908959250136892, 20, 51, 1.16349
0.169238890786573, 0.256124721603563, -0.000908958000070722, 20, 50, 1.13842
0.169238890786573, 0.25924276169265, -0.000908956707367259, 20, 50, 1.13808
0.169238890786573, 0.262360801781737, -0.000908955366970816, 20, 49, 1.11834
0.169238890786573, 0.265478841870824, -0.0009089539818545, 20, 49, 1.11888
0.169238890786573, 0.268596881959911, -0.000908952547146885, 20, 48, 1.09299
0.169238890786573, 0.271714922048998, -0.000908951065652442, 20, 48, 1.09376
0.169238890786573, 0.274832962138085, -0.000908949532600325, 20, 47, 1.0708
0.169238890786573, 0.277951002227172, -0.000908947948608817, 20, 46, 1.04662
0.169238890786573, 0.281069042316258, -0.000908946315224091, 20, 46, 1.03856
0.169238890786573, 0.284187082405345, -0.000908944628857717, 20, 46, 1.02317
0.169238890786573, 0.287305122494432, -0.000908942886810572, 20, 45, 1.00864
0.169238890786573, 0.290423162583519, -0.000908941091850302, 20, 45, 1.02042
0.169238890786573, 0.293541202672606, -0.000908939239055554, 20, 44, 1.00116
0.169238890786573, 0.296659242761693, -0.00090893733133826, 20, 44, 1.00679
0.169238890786573, 0.29977728285078, -0.000908935363567278, 20, 43, 0.982919
0.169238890786573, 0.302895322939866, -0.000908933338890118, 20, 43, 0.982531
0.169238890786573, 0.306013363028953, -0.000908931251869258, 20, 42, 0.95854
0.169238890786573, 0.30913140311804, -0.000908929105995016, 20, 42, 0.96115
0.169238890786573, 0.312249443207127, -0.00090892689769925, 20, 42, 0.960878
0.169238890786573, 0.315367483296214, -0.000908924624064839, 20, 41, 0.937148
0.169238890786573, 0.318485523385301, -0.000908922288136871, 20, 41, 0.936908
0.169238890786573, 0.321603563474388, -0.000908919884441827, 20, 40, 0.913001
0.169238890786573, 0.324721603563474, -0.000908917416568596, 20, 40, 0.912693
0.169238890786573, 0.327839643652561, -0.000908914880872627, 20, 40, 0.913877
0.169238890786573, 0.330957683741648, -0.000908912274247051, 20, 39, 0.888869
0.169238890786573, 0.334075723830735, -0.000908909600067091, 20, 39, 0.887444
0.169238890786573, 0.337193763919822, -0.000908906854794248, 20, 39, 0.887387
0.169238890786573, 0.340311804008909, -0.000908904035335865, 20, 38, 0.865835
0.169238890786573, 0.343429844097996, -0.000908901144992918, 20, 38, 0.869057
0.169238890786573, 0.346547884187082, -0.000908898180259849, 20, 38, 0.868071
0.169238890786573, 0.349665924276169, -0.000908895137998837, 20, 37, 0.843481
0.169238890786573, 0.352783964365256, -0.000908892021574334, 20, 37, 0.843639
0.169238890786573, 0.355902004454343, -0.000908888827441929, 20, 37, 0.847216
0.169238890786573, 0.35902004454343, -0.000908885552357679, 20, 36, 0.819683
0.169238890786573, 0.362138084632517, -0.000908882199889477, 20, 36, 0.819564
0.169238890786573, 0.365256124721604, -0.000908878766381174, 20, 36, 0.819701
0.169238890786573, 0.36837416481069, -0.000908875248411438, 20, 35, 0.795814
0.169238890786573, 0.371492204899777, -0.000908871649912456, 20, 35, 0.796875
0.169238890786573, 0.374610244988864, -0.000908867967032533, 20, 35, 0.795932
0.169238890786573, 0.377728285077951, -0.000908864198680881, 20, 35, 0.798386
0.169238890786573, 0.380846325167038, -0.000908860341562264, 20, 34, 0.774284
0.169238890786573, 0.383964365256125, -0.000908856399314327, 20, 34, 0.77419
0.169238890786573, 0.387082405345212, -0.000908852368251619, 20, 34, 0.773909
0.169238890786573, 0.390200445434298, -0.000908848247281756, 20, 34, 0.774232
0.169238890786573, 0.393318485523385, -0.000908844033151394, 20, 33, 0.749786
0.169238890786573, 0.396436525612472, -0.000908839729404832, 20, 33, 0.749648
0.169238890786573, 0.399554565701559, -0.000908835332418144, 20, 33, 0.749649
0.169238890786573, 0.402672605790646, -0.000908830841102549, 20, 33, 0.749481
0.169238890786573, 0.405790645879733, -0.000908826252162164, 20, 32, 0.725311
0.169238890786573, 0.40890868596882, -0.000908821569239947, 20, 32, 0.725207
0.169238890786573, 0.412026726057906, -0.0009088167886755, 20, 32, 0.724954
0.169238890786573, 0.415144766146993, -0.00090881190938781, 20, 32, 0.723807
0.169238890786573, 0.41826280623608, -0.000908806927949381, 20, 31, 0.699149
0.169238890786573, 0.421380846325167, -0.000908801848304567, 20, 31, 0.700151
0.169238890786573, 0.424498886414254, -0.000908796666653706, 20, 31, 0.703743
0.169238890786573, 0.427616926503341, -0.000908791381925852, 20, 31, 0.704493
0.169238890786573, 0.430734966592428, -0.00090878599305421, 20, 31, 0.70426
0.169238890786573, 0.433853006681514, -0.000908780496728558, 20, 30, 0.680257
0.169238890786573, 0.436971046770601, -0.000908774896681059, 20, 30, 0.68006
0.169238890786573, 0.440089086859688, -0.000908769189259633, 20, 30, 0.67999
0.169238890786573, 0.443207126948775, -0.000908763373413271, 20, 30, 0.674876
0.169238890786573, 0.446325167037862, -0.000908757448093961, 20, 30, 0.665372
0.169238890786573, 0.449443207126949, -0.000908751410000532, 20, 29, 0.630772
0.169238890786573, 0.452561247216036, -0.000908745262903465, 20, 29, 0.630762
0.169238890786573, 0.455679287305123, -0.000908739003172525, 20, 29, 0.630769
0.169238890786573, 0.458797327394209, -0.000908732629781025, 20, 29, 0.630781
0.169238890786573, 0.461915367483296, -0.000908726141706568, 20, 29, 0.630767
0.169238890786573, 0.465033407572383, -0.000908719535546504, 20, 28, 0.613214
0.169238890786573, 0.46815144766147, -0.000908712815362867, 20, 28, 0.621167
0.169238890786573, 0.471269487750557, -0.000908705977419946, 20, 28, 0.618836
0.169238890786573, 0.474387527839644, -0.000908699020721266, 20, 28, 0.626058
0.169238890786573, 0.477505567928731, -0.000908691944275825, 20, 28, 0.625043
0.169238890786573, 0.480623608017817, -0.000908684747098481, 20, 28, 0.62515
0.169238890786573, 0.483741648106904, -0.000908677425888489, 20, 27, 0.604411
0.169238890786573, 0.486859688195991, -0.000908669984604096, 20, 27, 0.604836
0.169238890786573, 0.489977728285078, -0.000908662419635717, 20, 27, 0.605012
0.169238890786573, 0.493095768374165, -0.000908654730029408, 20, 27, 0.605858
0.169238890786573, 0.496213808463252, -0.000908646914838188, 20, 27, 0.60593
0.169238890786573, 0.499331848552339, -0.000908638973122374, 20, 27, 0.607115
0.169238890786573, 0.502449888641425, -0.000908630901547849, 20, 26, 0.582086
0.169238890786573, 0.505567928730512, -0.000908622704281094, 20, 26, 0.581947
0.169238890786573, 0.508685968819599, -0.000908614377683685, 20, 26, 0.581965
0.169238890786573, 0.511804008908686, -0.000908605920852324, 20, 26, 0.580162
0.169238890786573, 0.514922048997773, -0.000908597332892045, 20, 26, 0.581247
0.169238890786573, 0.51804008908686, -0.000908588612916531, 20, 26, 0.580865
0.169238890786573, 0.521158129175947, -0.000908579757410601, 20, 25, 0.551509
0.169238890786573, 0.524276169265034, -0.000908570771084917, 20, 25, 0.54316
0.169238890786573, 0.52739420935412, -0.000908561650105235, 20, 25, 0.54314
0.169238890786573, 0.530512249443207, -0.000908552393626743, 20, 25, 0.543856
0.169238890786573, 0.533630289532294, -0.000908543000814251, 20, 25, 0.543672
0.169238890786573, 0.536748329621381, -0.000908533470842483, 20, 25, 0.543255
0.169238890786573, 0.539866369710468, -0.000908523802896377, 20, 25, 0.543008
0.169238890786573, 0.542984409799555, -0.00090851399617136, 20, 25, 0.543874
0.169238890786573, 0.546102449888642, -0.000908504047439942, 20, 24, 0.520292
0.169238890786573, 0.549220489977728, -0.000908493961055913, 20, 24, 0.520126
0.169238890786573, 0.552338530066815, -0.00090848373351516, 20, 24, 0.519863
0.169238890786573, 0.555456570155902, -0.000908473364060937, 20, 24, 0.519931
0.169238890786573, 0.558574610244989, -0.000908462851947901, 20, 24, 0.520138
0.169238890786573, 0.561692650334076, -0.000908452196442373, 20, 24, 0.520407
0.169238890786573, 0.564810690423163, -0.000908441396823743, 20, 24, 0.523503
0.169238890786573, 0.567928730512249, -0.000908430452380152, 20, 24, 0.524212
0.169238890786573, 0.571046770601336, -0.000908419359983628, 20, 23, 0.499488
0.169238890786573, 0.574164810690423, -0.000908408124072113, 20, 23, 0.499547
0.169238890786573, 0.57728285077951, -0.000908396741256165, 20, 23, 0.498777
0.169238890786573, 0.580400890868597, -0.000908385210880196, 20, 23, 0.498619
0.169238890786573, 0.583518930957684, -0.000908373532301646, 20, 23, 0.498633
0.169238890786573, 0.586636971046771, -0.000908361704891235, 20, 23, 0.498622
0.169238890786573, 0.589755011135857, -0.000908349728033196, 20, 23, 0.499134
0.169238890786573, 0.592873051224944, -0.000908337601125506, 20, 23, 0.499313
0.169238890786573, 0.595991091314031, -0.000908325320947335, 20, 22, 0.475909
0.169238890786573, 0.599109131403118, -0.000908312892458664, 20, 22, 0.475864
0.169238890786573, 0.602227171492205, -0.000908300312171735, 20, 22, 0.475915
0.169238890786573, 0.605345211581292, -0.000908287579544465, 20, 22, 0.475902
0.169238890786573, 0.608463251670379, -0.00090827469404931, 20, 22, 0.475873
0.169238890786573, 0.611581291759466, -0.00090826165517349, 20, 22, 0.475504
0.169238890786573, 0.614699331848552, -0.000908248462419218, 20, 22, 0.476225
0.169238890786573, 0.617817371937639, -0.000908235115303905, 20, 22, 0.475346
0.169238890786573, 0.620935412026726, -0.000908221613360374, 20, 22, 0.475532
0.169238890786573, 0.624053452115813, -0.000908207956137066, 20, 22, 0.47668
0.169238890786573, 0.6271714922049, -0.00090819414068279, 20, 21, 0.452791
0.169238890786573, 0.630289532293987, -0.000908180171854017, 20, 21, 0.452541
0.169238890786573, 0.633407572383074, -0.00090816604646259, 20, 21, 0.452917
0.169238890786573, 0.63652561247216, -0.000908151764123668, 20, 21, 0.460823
0.169238890786573, 0.639643652561247, -0.000908137324468752, 20, 21, 0.464966
0.169238890786573, 0.642761692650334, -0.000908122727145894, 20, 21, 0.465493
0.169238890786573, 0.645879732739421, -0.00090810797181988, 20, 21, 0.464631
0.169238890786573, 0.648997772828508, -0.000908093058172433, 20, 21, 0.464694
0.169238890786573, 0.652115812917595, -0.000908077985902393, 20, 21, 0.464613
0.169238890786573, 0.655233853006682, -0.000908062754725897, 20, 21, 0.464547
0.169238890786573, 0.658351893095768, -0.000908047361720561, 20, 20, 0.441182
0.169238890786573, 0.661469933184855, -0.000908031812196932, 20, 20, 0.441187
0.169238890786573, 0.664587973273942, -0.000908016102997861, 20, 20, 0.440982
0.169238890786573, 0.667706013363029, -0.000908000233912537, 20, 20, 0.440774
0.169238890786573, 0.670824053452116, -0.000907984204748111, 20, 20, 0.440841
0.169238890786573, 0.673942093541203, -0.00090796801532986, 20, 20, 0.440838
0.169238890786573, 0.67706013363029, -0.000907951665502738, 20, 20, 0.443553
0.169238890786573, 0.680178173719376, -0.000907935155126058, 20, 20, 0.44438
0.169238890786573, 0.683296213808463, -0.000907918484081898, 20, 20, 0.44359
0.169238890786573, 0.68641425389755, -0.000907901652269756, 20, 20, 0.443488
0.169238890786573, 0.689532293986637, -0.000907884659608095, 20, 20, 0.443269
0.169238890786573, 0.692650334075724, -0.000907867506034486, 20, 20, 0.443525
0.169238890786573, 0.695768374164811, -0.00090785018893103, 20, 19, 0.419756
0.169238890786573, 0.698886414253898, -0.00090783271365178, 20, 19, 0.409968
0.169238890786573, 0.702004454342984, -0.000907815077369278, 20, 19, 0.409538
0.169238890786573, 0.705122494432071, -0.0009077972801008, 20, 19, 0.409522
0.169238890786573, 0.708240534521158, -0.000907779321883297, 20, 19, 0.40998
0.169238890786573, 0.711358574610245, -0.000907761202773556, 20, 19, 0.408581
0.169238890786573, 0.714476614699332, -0.000907742922848334, 20, 19, 0.408504
0.169238890786573, 0.717594654788419, -0.000907724482204505, 20, 19, 0.408511
0.169238890786573, 0.720712694877506, -0.000907705880959196, 20, 19, 0.408526
0.169238890786573, 0.723830734966592, -0.000907687119249926, 20, 19, 0.408373
0.169238890786573, 0.726948775055679, -0.000907668197234732, 20, 19, 0.408656
0.169238890786573, 0.730066815144766, -0.000907649115092301, 20, 19, 0.408369
0.169238890786573, 0.733184855233853, -0.000907629873022098, 20, 19, 0.408436
0.169238890786573, 0.73630289532294, -0.000907610468667165, 20, 18, 0.385194
0.169238890786573, 0.739420935412027, -0.000907590907640618, 20, 18, 0.385224
0.169238890786573, 0.742538975501114, -0.000907571187392324, 20, 18, 0.385227
0.169238890786573, 0.7456570155902, -0.000907551308207568, 20, 18, 0.385257
0.169238890786573, 0.748775055679287, -0.000907531270392874, 20, 18, 0.385186
0.169238890786573, 0.751893095768374, -0.000907511074276115, 20, 18, 0.385336
0.169238890786573, 0.755011135857461, -0.000907490720206634, 20, 18, 0.385483
0.169238890786573, 0.758129175946548, -0.000907470208555358, 20, 18, 0.386518
0.169238890786573, 0.761247216035635, -0.000907449539714906, 20, 18, 0.385247
0.169238890786573, 0.764365256124722, -0.000907428714099696, 20, 18, 0.385265
0.169238890786573, 0.767483296213809, -0.000907407732146048, 20, 18, 0.38525
0.169238890786573, 0.770601336302895, -0.000907386594312288, 20, 18, 0.385562
0.169238890786573, 0.773719376391982, -0.000907365301078838, 20, 18, 0.385821
0.169238890786573, 0.776837416481069, -0.000907343852948326, 20, 18, 0.385606
0.169238890786573, 0.779955456570156, -0.000907322250445663, 20, 18, 0.385698
0.169238890786573, 0.783073496659243, -0.000907300491629534, 20, 17, 0.362742
0.169238890786573, 0.78619153674833, -0.000907278582245428, 20, 17, 0.36271
0.169238890786573, 0.789309576837417, -0.000907256520182747, 20, 17, 0.363188
0.169238890786573, 0.792427616926503, -0.000907234306057686, 20, 17, 0.362866
0.169238890786573, 0.79554565701559, -0.000907211940509057, 20, 17, 0.362789
0.169238890786573, 0.798663697104677, -0.000907189424198369, 20, 17, 0.36282
0.169238890786573, 0.801781737193764, -0.000907166757809919, 20, 17, 0.362909
0.169238890786573, 0.804899777282851, -0.000907143942050858, 20, 17, 0.362711
0.169238890786573, 0.808017817371938, -0.000907120977651285, 20, 17, 0.362731
0.169238890786573, 0.811135857461025, -0.0009070978653643, 20, 17, 0.362712
0.169238890786573, 0.814253897550111, -0.000907074605966091, 20, 17, 0.362773
0.169238890786573, 0.817371937639198, -0.000907051200255997, 20, 17, 0.362791
0.169238890786573, 0.820489977728285, -0.00090702764905657, 20, 17, 0.36277
0.169238890786573, 0.823608017817372, -0.000907003953213642, 20, 17, 0.362787
0.169238890786573, 0.826726057906459, -0.000906980113596384, 20, 17, 0.362808
0.169238890786573, 0.829844097995546, -0.000906956131097366, 20, 17, 0.362788
0.169238890786573, 0.832962138084633, -0.000906932006632606, 20, 17, 0.362861
0.169238890786573, 0.836080178173719, -0.000906907738753885, 20, 16, 0.339587
0.169238890786573, 0.839198218262806, -0.000906883333379533, 20, 16, 0.339554
0.169238890786573, 0.842316258351893, -0.000906858788915241, 20, 16, 0.339568
0.169238890786573, 0.84543429844098, -0.000906834106374063, 20, 16, 0.342068
0.169238890786573, 0.848552338530067, -0.000906809286787524, 20, 16, 0.34093
0.169238890786573, 0.851670378619154, -0.000906784331215969, 20, 16, 0.340928
0.169238890786573, 0.854788418708241, -0.000906759240741735, 20, 16, 0.343026
0.169238890786573, 0.857906458797328, -0.000906734016470898, 20, 16, 0.341932
0.169238890786573, 0.861024498886414, -0.00090670865953333, 20, 16, 0.341929
0.169238890786573, 0.864142538975501, -0.000906683171082724, 20, 16, 0.341968
0.169238890786573, 0.867260579064588, -0.000906657552296631, 20, 16, 0.341921
0.169238890786573, 0.870378619153675, -0.000906631804376488, 20, 16, 0.341945
0.169238890786573, 0.873496659242762, -0.000906605928547655, 20, 16, 0.341971
0.169238890786573, 0.876614699331849, -0.000906579926059424, 20, 16, 0.341944
0.169238890786573, 0.879732739420936, -0.000906553798185065, 20, 16, 0.342174
0.169238890786573, 0.882850779510022, -0.000906527546221831, 20, 16, 0.345936
0.169238890786573, 0.885968819599109, -0.000906501171490982, 20, 16, 0.342412
0.169238890786573, 0.889086859688196, -0.000906474675337801, 20, 16, 0.341942
0.169238890786573, 0.892204899777283, -0.000906448059131609, 20, 16, 0.341941
0.169238890786573, 0.89532293986637, -0.000906421321920451, 20, 15, 0.318708
0.169238890786573, 0.898440979955457, -0.000906394469978389, 20, 15, 0.31873
0.169238890786573, 0.901559020044544, -0.00090636750222391, 20, 15, 0.318676
0.169238890786573, 0.90467706013363, -0.000906340420123409, 20, 15, 0.31861
0.169238890786573, 0.907795100222717, -0.000906313225167299, 20, 15, 0.31872
0.169238890786573, 0.910913140311804, -0.000906285918870011, 20, 15, 0.319229
0.169238890786573, 0.914031180400891, -0.00090625850277001, 20, 15, 0.322434
0.169238890786573, 0.917149220489978, -0.000906230978429783, 20, 15, 0.320119
0.169238890786573, 0.920267260579065, -0.000906203347435836, 20, 15, 0.318823
0.169238890786573, 0.923385300668152, -0.000906175611398697, 20, 15, 0.318851
0.169238890786573, 0.926503340757238, -0.000906147771952906, 20, 15, 0.318854
0.169238890786573, 0.929621380846325, -0.000906119830757005, 20, 15, 0.319048
0.169238890786573, 0.932739420935412, -0.000906091789493525, 20, 15, 0.318889
0.169238890786573, 0.935857461024499, -0.000906063649868972, 20, 15, 0.318899
0.169238890786573, 0.938975501113586, -0.000906035413613817, 20, 15, 0.319232
0.169238890786573, 0.942093541202673, -0.000906007082482469, 20, 15, 0.319039
0.169238890786573, 0.945211581291759, -0.000905978658253261, 20, 15, 0.322308
0.169238890786573, 0.948329621380847, -0.000905950142728424, 20, 15, 0.321822
0.169238890786573, 0.951447661469933, -0.000905921537734065, 20, 15, 0.319079
0.169238890786573, 0.95456570155902, -0.000905892845120134, 20, 15, 0.319747
0.169238890786573, 0.957683741648107, -0.000905864066760402, 20, 15, 0.319353
0.169238890786573, 0.960801781737194, -0.00090583520455243, 20, 15, 0.319263
0.169238890786573, 0.963919821826281, -0.000905806258148488, 20, 14, 0.301497
0.169238890786573, 0.967037861915368, -0.00090577723418197, 20, 14, 0.304095
0.169238890786573, 0.970155902004454, -0.000905748132192344, 20, 14, 0.303948
0.169238890786573, 0.973273942093541, -0.000905718954172618, 20, 14, 0.303902
0.169238890786573, 0.976391982182628, -0.000905689702139355, 20, 14, 0.304099
0.169238890786573, 0.979510022271715, -0.00090566037813264, 20, 14, 0.303854
0.169238890786573, 0.982628062360802, -0.00090563098421603, 20, 14, 0.303961
0.169238890786573, 0.985746102449889, -0.000905601522476513, 20, 14, 0.304195
0.169238890786573, 0.988864142538975, -0.000905571995024458, 20, 14, 0.303729
0.169238890786573, 0.991982182628063, -0.000905542403993574, 20, 14, 0.303796
0.169238890786573, 0.995100222717149, -0.000905512751540844, 20, 14, 0.304033
0.169238890786573, 0.998218262806236, -0.000905483039846491, 20, 14, 0.306013
0.169238890786573, 1.00133630289532, -0.000905453271113905, 20, 14, 0.303804
0.169238890786573, 1.00445434298441, -0.000905423447569595, 20, 14, 0.303834
0.169238890786573, 1.0075723830735, -0.000905393571463133, 20, 14, 0.302649
0.169238890786573, 1.01069042316258, -0.000905363645067083, 20, 14, 0.300009
0.169238890786573, 1.01380846325167, -0.000905333670676951, 20, 14, 0.296087
0.169238890786573, 1.01692650334076, -0.000905303650611102, 20, 14, 0.296501
0.169238890786573, 1.02004454342984, -0.000905273587210713, 20, 14, 0.296149
0.169238890786573, 1.02316258351893, -0.000905243482839692, 20, 14, 0.296128
0.169238890786573, 1.02628062360802, -0.000905213339884609, 20, 14, 0.296343
0.169238890786573, 1.0293986636971, -0.000905183160754628, 20, 14, 0.303307
0.169238890786573, 1.03251670378619, -0.000905152947881431, 20, 14, 0.296642
0.169238890786573, 1.03563474387528, -0.000905122703719137, 20, 14, 0.296827
0.169238890786573, 1.03875278396437, -0.000905092430744235, 20, 14, 0.296707
0.169238890786573, 1.04187082405345, -0.000905062131455489, 20, 14, 0.296919
0.169238890786573, 1.04498886414254, -0.000905031806252208, 20, 13, 0.272751
0.169238890786573, 1.04810690423163, -0.000905001462051668, 20, 13, 0.27344
0.169238890786573, 1.05122494432071, -0.000904971099158428, 20, 13, 0.273463
0.169238890786573, 1.0543429844098, -0.000904940720160054, 20, 13, 0.2739
0.169238890786573, 1.05746102449889, -0.000904910327665941, 20, 13, 0.273552
0.169238890786573, 1.06057906458797, -0.00090487992430723, 20, 13, 0.273563
0.169238890786573, 1.06369710467706, -0.000904849512736708, 20, 13, 0.273668
0.169238890786573, 1.06681514476615, -0.00090481909562873, 20, 13, 0.27355
0.169238890786573, 1.06993318485523, -0.000904788675679111, 20, 13, 0.27321
0.169238890786573, 1.07305122494432, -0.000904758255605039, 20, 13, 0.273099
0.169238890786573, 1.07616926503341, -0.000904727838144985, 20, 13, 0.273235
0.169238890786573, 1.07928730512249, -0.000904697426058589, 20, 13, 0.27254
0.169238890786573, 1.08240534521158, -0.000904667022126572, 20, 13, 0.272455
0.169238890786573, 1.08552338530067, -0.000904636629150628, 20, 13, 0.272424
0.169238890786573, 1.08864142538976, -0.000904606249953326, 20, 13, 0.272243
0.169238890786573, 1.09175946547884, -0.000904575887378001, 20, 13, 0.271768
0.169238890786573, 1.09487750556793, -0.000904545544288648, 20, 13, 0.272862
0.169238890786573, 1.09799554565702, -0.000904515223569819, 20, 13, 0.272358
0.169238890786573, 1.1011135857461, -0.000904484928126509, 20, 13, 0.272324
0.169238890786573, 1.10423162583519, -0.000904454660884042, 20, 13, 0.272341
0.169238890786573, 1.10734966592428, -0.000904424424787963, 20, 13, 0.27185
0.169238890786573, 1.11046770601336, -0.000904394222803929, 20, 13, 0.271654
0.169238890786573, 1.11358574610245, -0.000904364057917582, 20, 13, 0.27287
0.169238890786573, 1.11670378619154, -0.000904333933134441, 20, 13, 0.272164
0.169238890786573, 1.11982182628062, -0.000904303851479782, 20, 13, 0.272484
0.169238890786573, 1.12293986636971, -0.000904273815998513, 20, 13, 0.275636
0.169238890786573, 1.1260579064588, -0.000904243829755063, 20, 13, 0.273592
0.169238890786573, 1.12917594654788, -0.00090421389583553, 20, 13, 0.275491
0.169238890786573, 1.13229398663697, -0.000904184017338434, 20, 13, 0.275763
0.169238890786573, 1.13541202672606, -0.000904154197388294, 20, 13, 0.276527
0.169238890786573, 1.13853006681514, -0.00090412443709134, 20, 12, 0.256406
0.169238890786573, 1.14164810690423, -0.000904094743793941, 20, 12, 0.256131
0.169238890786573, 1.14476614699332, -0.000904065118517179, 20, 12, 0.257241
0.169238890786573, 1.14788418708241, -0.000904035564458962, 20, 12, 0.256857
0.169238890786573, 1.15100222717149, -0.000904006084835673, 20, 12, 0.255434
0.169238890786573, 1.15412026726058, -0.000903976682882046, 20, 12, 0.257039
0.169238890786573, 1.15723830734967, -0.000903947361851028, 20, 12, 0.257556
0.169238890786573, 1.16035634743875, -0.000903918125013642, 20, 12, 0.259124
0.169238890786573, 1.16347438752784, -0.000903888975658858, 20, 12, 0.253814
0.169238890786573, 1.16659242761693, -0.000903859917093459, 20, 12, 0.258968
0.169238890786573, 1.16971046770601, -0.000903830952641887, 20, 12, 0.261519
0.169238890786573, 1.1728285077951, -0.000903802085646125, 20, 12, 0.262977
0.169238890786573, 1.17594654788419, -0.000903773319465543, 20, 12, 0.263016
0.169238890786573, 1.17906458797327, -0.000903744657476763, 20, 12, 0.263062
0.169238890786573, 1.18218262806236, -0.000903716103073511, 20, 12, 0.262559
0.169238890786573, 1.18530066815145, -0.000903687659666484, 20, 12, 0.262963
0.169238890786573, 1.18841870824053, -0.000903659330683191, 20, 12, 0.262717
0.169238890786573, 1.19153674832962, -0.000903631119567822, 20, 12, 0.26272
0.169238890786573, 1.19465478841871, -0.00090360302978109, 20, 12, 0.263261
0.169238890786573, 1.1977728285078, -0.000903575064800089, 20, 12, 0.263006
0.169238890786573, 1.20089086859688, -0.000903547228118145, 20, 12, 0.263043
0.169238890786573, 1.20400890868597, -0.000903519523244669, 20, 12, 0.262924
0.169238890786573, 1.20712694877506, -0.000903491953704999, 20, 12, 0.262796
0.169238890786573, 1.21024498886414, -0.000903464523040251, 20, 12, 0.262867
0.169238890786573, 1.21336302895323, -0.00090343723480717, 20, 12, 0.26267
0.169238890786573, 1.21648106904232, -0.000903410092577978, 20, 12, 0.262509
0.169238890786573, 1.2195991091314, -0.000903383099940211, 20, 12, 0.263089
0.169238890786573, 1.22271714922049, -0.000903356260496574, 20, 12, 0.262774
0.169238890786573, 1.22583518930958, -0.000903329577864775, 20, 12, 0.262858
0.169238890786573, 1.22895322939866, -0.000903303055677374, 20, 12, 0.263012
0.169238890786573, 1.23207126948775, -0.000903276697581631, 20, 12, 0.262513
0.169238890786573, 1.23518930957684, -0.00090325050723933, 20, 12, 0.271917
0.169238890786573, 1.23830734966592, -0.000903224488326642, 20, 12, 0.26254
0.169238890786573, 1.24142538975501, -0.000903198644533942, 20, 12, 0.2631
0.169238890786573, 1.2445434298441, -0.000903172979565668, 20, 12, 0.262262
0.169238890786573, 1.24766146993318, -0.000903147497140145, 20, 12, 0.256592
0.169238890786573, 1.25077951002227, -0.000903122199080908, 20, 11, 0.233194
0.169238890786573, 1.25389755011136, -0.000903097093050801, 20, 11, 0.23289
0.169238890786573, 1.25701559020045, -0.000903072180794918, 20, 11, 0.232944
0.169238890786573, 1.26013363028953, -0.000903047466085798, 20, 11, 0.23286
0.169238890786573, 1.26325167037862, -0.000903022952709045, 20, 11, 0.232794
0.169238890786573, 1.26636971046771, -0.000902998644463153, 20, 11, 0.2329
0.169238890786573, 1.26948775055679, -0.000902974545159347, 20, 11, 0.232953
0.169238890786573, 1.27260579064588, -0.000902950658621417, 20, 11, 0.232862
0.169238890786573, 1.27572383073497, -0.000902926988685545, 20, 11, 0.229307
0.169238890786573, 1.27884187082405, -0.000902903539200145, 20, 11, 0.229255
0.169238890786573, 1.28195991091314, -0.000902880314025689, 20, 11, 0.22914
0.169238890786573, 1.28507795100223, -0.000902857317034544, 20, 11, 0.229218
0.169238890786573, 1.28819599109131, -0.000902834552110791, 20, 11, 0.229145
0.169238890786573, 1.2913140311804, -0.000902812023150074, 20, 11, 0.236997
0.169238890786573, 1.29443207126949, -0.000902789734059412, 20, 11, 0.229205
0.169238890786573, 1.29755011135857, -0.000902767688757038, 20, 11, 0.228551
0.169238890786573, 1.30066815144766, -0.000902745891172227, 20, 11, 0.228902
0.169238890786573, 1.30378619153675, -0.000902724345245118, 20, 11, 0.228921
0.169238890786573, 1.30690423162584, -0.000902703054926548, 20, 11, 0.228969
0.169238890786573, 1.31002227171492, -0.000902682024177881, 20, 11, 0.228975
0.169238890786573, 1.31314031180401, -0.000902661256970825, 20, 11, 0.229095
0.169238890786573, 1.3162583518931, -0.000902640757287271, 20, 11, 0.229008
0.169238890786573, 1.31937639198218, -0.000902620529119109, 20, 11, 0.228913
0.169238890786573, 1.32249443207127, -0.000902600576468061, 20, 11, 0.228982
0.169238890786573, 1.32561247216036, -0.000902580903345504, 20, 11, 0.229023
0.169238890786573, 1.32873051224944, -0.00090256151377229, 20, 11, 0.236809
0.169238890786573, 1.33184855233853, -0.00090254241177858, 20, 11, 0.22891
0.169238890786573, 1.33496659242762, -0.000902523601403662, 20, 11, 0.228891
0.169238890786573, 1.3380846325167, -0.000902505086695777, 20, 11, 0.228925
0.169238890786573, 1.34120267260579, -0.000902486871711946, 20, 11, 0.228854
0.169238890786573, 1.34432071269488, -0.000902468960517788, 20, 11, 0.228973
0.169238890786573, 1.34743875278396, -0.000902451357187346, 20, 11, 0.229072
0.169238890786573, 1.35055679287305, -0.000902434065802915, 20, 11, 0.2292
0.169238890786573, 1.35367483296214, -0.000902417090454856, 20, 11, 0.230038
0.169238890786573, 1.35679287305122, -0.000902400435241425, 20, 11, 0.228778
0.169238890786573, 1.35991091314031, -0.000902384104268597, 20, 11, 0.22878
0.169238890786573, 1.3630289532294, -0.000902368101649884, 20, 11, 0.228734
0.169238890786573, 1.36614699331849, -0.000902352431506157, 20, 11, 0.228911
0.169238890786573, 1.36926503340757, -0.000902337097965476, 20, 11, 0.228916
0.169238890786573, 1.37238307349666, -0.000902322105162901, 20, 11, 0.228879
0.169238890786573, 1.37550111358575, -0.000902307457240325, 20, 11, 0.229005
0.169238890786573, 1.37861915367483, -0.000902293158346288, 20, 11, 0.229622
0.169238890786573, 1.38173719376392, -0.000902279212635801, 20, 11, 0.228793
0.169238890786573, 1.38485523385301, -0.000902265624270172, 20, 11, 0.228852
0.169238890786573, 1.38797327394209, -0.000902252397416825, 20, 11, 0.228842
0.169238890786573, 1.39109131403118, -0.000902239534596907, 20, 10, 0.205615
0.169238890786573, 1.39420935412027, -0.000902227043373039, 20, 10, 0.205622
0.169238890786573, 1.39732739420935, -0.000902214926194855, 20, 10, 0.205664
0.169238890786573, 1.40044543429844, -0.000902203187252638, 20, 10, 0.205663
0.169238890786573, 1.40356347438753, -0.000902191830741884, 20, 10, 0.205948
0.169238890786573, 1.40668151447661, -0.000902180860863131, 20, 10, 0.206545
0.169238890786573, 1.4097995545657, -0.00090217028182178, 20, 10, 0.205991
0.169238890786573, 1.41291759465479, -0.00090216009782791, 20, 10, 0.206241
0.169238890786573, 1.41603563474388, -0.000902150313096111, 20, 10, 0.206146
0.169238890786573, 1.41915367483296, -0.000902140931845297, 20, 10, 0.206016
0.169238890786573, 1.42227171492205, -0.000902131958298536, 20, 10, 0.206139
0.169238890786573, 1.42538975501114, -0.00090212339668287, 20, 10, 0.206187
0.169238890786573, 1.42850779510022, -0.000902115251229137, 20, 10, 0.206114
0.169238890786573, 1.43162583518931, -0.000902107526171798, 20, 10, 0.206135
0.169238890786573, 1.4347438752784, -0.000902100225748751, 20, 10, 0.206121
0.169238890786573, 1.43786191536748, -0.000902093354201168, 20, 10, 0.206398
0.169238890786573, 1.44097995545657, -0.000902086915773308, 20, 10, 0.206218
0.169238890786573, 1.44409799554566, -0.000902080914712344, 20, 10, 0.206273
0.169238890786573, 1.44721603563474, -0.000902075355268187, 20, 10, 0.206227
0.169238890786573, 1.45033407572383, -0.000902070241693311, 20, 10, 0.20636
0.169238890786573, 1.45345211581292, -0.000902065578242577, 20, 10, 0.206389
0.169238890786573, 1.456570155902, -0.000902061369173061, 20, 10, 0.205875
0.169238890786573, 1.45968819599109, -0.000902057618743867, 20, 10, 0.206591
0.169238890786573, 1.46280623608018, -0.00090205433121597, 20, 10, 0.205581
0.169238890786573, 1.46592427616927, -0.000902051510852027, 20, 10, 0.205879
0.169238890786573, 1.46904231625835, -0.000902049161916212, 20, 10, 0.205848
0.169238890786573, 1.47216035634744, -0.000902047288674032, 20, 10, 0.20585
0.169238890786573, 1.47527839643653, -0.000902045895392171, 20, 10, 0.205719
0.169238890786573, 1.47839643652561, -0.000902044986338295, 20, 10, 0.206063
0.169238890786573, 1.4815144766147, -0.000902044565780895, 20, 10, 0.206501
0.169238890786573, 1.48463251670379, -0.00090204463798911, 20, 10, 0.207171
0.169238890786573, 1.48775055679287, -0.000902045207232555, 20, 10, 0.205433
0.169238890786573, 1.49086859688196, -0.000902046277781145, 20, 10, 0.206214
0.169238890786573, 1.49398663697105, -0.000902047853904933, 20, 10, 0.205707
0.169238890786573, 1.49710467706013, -0.000902049939873926, 20, 10, 0.205696
0.169238890786573, 1.50022271714922, -0.000902052539957931, 20, 10, 0.205671
0.169238890786573, 1.50334075723831, -0.000902055658426372, 20, 10, 0.20586
0.169238890786573, 1.50645879732739, -0.000902059299548121, 20, 10, 0.205864
0.169238890786573, 1.50957683741648, -0.00090206346759134, 20, 10, 0.206557
0.169238890786573, 1.51269487750557, -0.0009020681668233, 20, 10, 0.211899
0.169238890786573, 1.51581291759465, -0.000902073401510219, 20, 10, 0.212736
0.169238890786573, 1.51893095768374, -0.000902079175917088, 20, 10, 0.212474
0.169238890786573, 1.52204899777283, -0.000902085494307516, 20, 10, 0.212572
0.169238890786573, 1.52516703786192, -0.000902092360943553, 20, 10, 0.212682
0.169238890786573, 1.528285077951, -0.000902099780085524, 20, 10, 0.212657
0.169238890786573, 1.53140311804009, -0.000902107755991872, 20, 10, 0.213165
0.169238890786573, 1.53452115812918, -0.000902116292918981, 20, 10, 0.21259
0.169238890786573, 1.53763919821826, -0.000902125395121019, 20, 10, 0.212702
0.169238890786573, 1.54075723830735, -0.000902135066849773, 20, 10, 0.213265
0.169238890786573, 1.54387527839644, -0.000902145312354485, 20, 10, 0.214807
0.169238890786573, 1.54699331848552, -0.000902156135881689, 20, 10, 0.214168
0.169238890786573, 1.55011135857461, -0.000902167541675045, 20, 10, 0.214456
0.169238890786573, 1.5532293986637, -0.000902179533975185, 20, 10, 0.214744
0.169238890786573, 1.55634743875278, -0.000902192117019546, 20, 10, 0.21512
0.169238890786573, 1.55946547884187, -0.000902205295042211, 20, 10, 0.214889
0.169238890786573, 1.56258351893096, -0.000902219072273747, 20, 10, 0.214513
0.169238890786573, 1.56570155902004, -0.00090223345155897, 20, 9, 0.190207
0.169238890786573, 1.56881959910913, -0.000902248439944843, 20, 9, 0.190393
0.169238890786573, 1.57193763919822, -0.000902264040206053, 20, 9, 0.1904
0.169238890786573, 1.57505567928731, -0.000902280256557635, 20, 9, 0.190264
0.169238890786573, 1.57817371937639, -0.000902297093210321, 20, 9, 0.190147
0.169238890786573, 1.58129175946548, -0.000902314554370376, 20, 9, 0.190143
0.169238890786573, 1.58440979955457, -0.000902332644239447, 20, 9, 0.190284
0.169238890786573, 1.58752783964365, -0.000902351367014403, 20, 9, 0.190309
0.169238890786573, 1.59064587973274, -0.000902370726887196, 20, 9, 0.190417
0.169238890786573, 1.59376391982183, -0.000902390728044684, 20, 9, 0.190379
0.169238890786573, 1.59688195991091, -0.0009024113746685, 20, 9, 0.190309
0.169238890786573, 1.6, -0.000902432670934894, 20, 9, 0.190242
# finished at Tue Apr 29 19:15:34 CEST 2014
