# starting on alcc59 at Wed Apr 30 02:08:12 CEST 2014
# casimir, -T, 0.200000,1.600000,450, -Q, 0.338600132728993, -p, 1e-08, -L, 20
# Compiler icc, using long double and plain matrix elements and plain integration
# precision=1e-08
# lfac=5
# cores=1
# L=0.3386
# T=0.2...1.6 (450)
#
# R/(L+R), T, F, lmax, nmax, time
0.338600132728993, 0.2, -0.00857990876016627, 20, 76, 2.02407
0.338600132728993, 0.203118040089087, -0.00857990373849345, 20, 75, 1.98841
0.338600132728993, 0.206236080178174, -0.0085798984853538, 20, 74, 1.96038
0.338600132728993, 0.209354120267261, -0.00857989299410707, 20, 73, 1.9357
0.338600132728993, 0.212472160356347, -0.00857988724109386, 20, 71, 1.88014
0.338600132728993, 0.215590200445434, -0.00857988125322932, 20, 70, 1.85252
0.338600132728993, 0.218708240534521, -0.00857987500666805, 20, 69, 1.82705
0.338600132728993, 0.221826280623608, -0.00857986851211797, 20, 69, 1.82703
0.338600132728993, 0.224944320712695, -0.00857986172766273, 20, 68, 1.80134
0.338600132728993, 0.228062360801782, -0.00857985466345408, 20, 67, 1.77386
0.338600132728993, 0.231180400890869, -0.0085798473122699, 20, 66, 1.75083
0.338600132728993, 0.234298440979955, -0.00857983966680853, 20, 65, 1.80044
0.338600132728993, 0.237416481069042, -0.00857983171968302, 20, 64, 1.71752
0.338600132728993, 0.240534521158129, -0.00857982346343006, 20, 63, 1.66557
0.338600132728993, 0.243652561247216, -0.00857981490938166, 20, 63, 1.66711
0.338600132728993, 0.246770601336303, -0.00857980601377768, 20, 62, 1.64962
0.338600132728993, 0.24988864142539, -0.00857979678645448, 20, 61, 1.6162
0.338600132728993, 0.253006681514477, -0.00857978721965252, 20, 60, 1.59143
0.338600132728993, 0.256124721603563, -0.00857977732524173, 20, 60, 1.58697
0.338600132728993, 0.25924276169265, -0.00857976705814935, 20, 59, 1.55999
0.338600132728993, 0.262360801781737, -0.00857975642819355, 20, 58, 1.53493
0.338600132728993, 0.265478841870824, -0.00857974542730568, 20, 57, 1.50792
0.338600132728993, 0.268596881959911, -0.00857973406998429, 20, 57, 1.50707
0.338600132728993, 0.271714922048998, -0.00857972230596692, 20, 56, 1.4798
0.338600132728993, 0.274832962138085, -0.00857971016788003, 20, 56, 1.48169
0.338600132728993, 0.277951002227172, -0.00857969760866534, 20, 55, 1.45299
0.338600132728993, 0.281069042316258, -0.00857968463813673, 20, 54, 1.42339
0.338600132728993, 0.284187082405345, -0.00857967127109969, 20, 54, 1.42557
0.338600132728993, 0.287305122494432, -0.00857965745650714, 20, 53, 1.39815
0.338600132728993, 0.290423162583519, -0.00857964322815524, 20, 53, 1.39855
0.338600132728993, 0.293541202672606, -0.00857962853648422, 20, 52, 1.3742
0.338600132728993, 0.296659242761693, -0.00857961341398559, 20, 52, 1.37371
0.338600132728993, 0.29977728285078, -0.00857959781188685, 20, 51, 1.34474
0.338600132728993, 0.302895322939866, -0.00857958176205622, 20, 51, 1.34535
0.338600132728993, 0.306013363028953, -0.00857956521586628, 20, 50, 1.31732
0.338600132728993, 0.30913140311804, -0.00857954820521507, 20, 50, 1.31703
0.338600132728993, 0.312249443207127, -0.00857953068097482, 20, 49, 1.29017
0.338600132728993, 0.315367483296214, -0.00857951267573844, 20, 49, 1.29351
0.338600132728993, 0.318485523385301, -0.00857949413921029, 20, 48, 1.26984
0.338600132728993, 0.321603563474388, -0.00857947510537434, 20, 48, 1.26525
0.338600132728993, 0.324721603563474, -0.00857945552205726, 20, 47, 1.23901
0.338600132728993, 0.327839643652561, -0.00857943542540279, 20, 47, 1.271
0.338600132728993, 0.330957683741648, -0.00857941476054631, 20, 46, 1.21182
0.338600132728993, 0.334075723830735, -0.00857939356667356, 20, 46, 1.21429
0.338600132728993, 0.337193763919822, -0.00857937180919124, 20, 46, 1.21075
0.338600132728993, 0.340311804008909, -0.00857934945964032, 20, 45, 1.18351
0.338600132728993, 0.343429844097996, -0.00857932655292125, 20, 45, 1.18426
0.338600132728993, 0.346547884187082, -0.00857930303441116, 20, 44, 1.15987
0.338600132728993, 0.349665924276169, -0.00857927894371032, 20, 44, 1.15635
0.338600132728993, 0.352783964365256, -0.00857925424592534, 20, 44, 1.15797
0.338600132728993, 0.355902004454343, -0.00857922891128064, 20, 43, 1.13019
0.338600132728993, 0.35902004454343, -0.00857920297705104, 20, 43, 1.13032
0.338600132728993, 0.362138084632517, -0.00857917640957891, 20, 43, 1.13091
0.338600132728993, 0.365256124721604, -0.00857914917951866, 20, 42, 1.10278
0.338600132728993, 0.36837416481069, -0.00857912132300234, 20, 42, 1.10264
0.338600132728993, 0.371492204899777, -0.00857909280699265, 20, 42, 1.10249
0.338600132728993, 0.374610244988864, -0.00857906360208856, 20, 41, 1.07483
0.338600132728993, 0.377728285077951, -0.0085790337443913, 20, 41, 1.0783
0.338600132728993, 0.380846325167038, -0.00857900320090596, 20, 41, 1.08098
0.338600132728993, 0.383964365256125, -0.00857897194169381, 20, 40, 1.04986
0.338600132728993, 0.387082405345212, -0.00857894000392603, 20, 40, 1.05045
0.338600132728993, 0.390200445434298, -0.00857890735409018, 20, 40, 1.04978
0.338600132728993, 0.393318485523385, -0.00857887396117859, 20, 39, 1.02221
0.338600132728993, 0.396436525612472, -0.00857883986462014, 20, 39, 1.02196
0.338600132728993, 0.399554565701559, -0.0085788050297688, 20, 39, 1.02901
0.338600132728993, 0.402672605790646, -0.00857876942394467, 20, 38, 0.997713
0.338600132728993, 0.405790645879733, -0.00857873309018303, 20, 38, 0.995963
0.338600132728993, 0.40890868596882, -0.00857869599200805, 20, 38, 0.996274
0.338600132728993, 0.412026726057906, -0.00857865812092367, 20, 38, 0.997014
0.338600132728993, 0.415144766146993, -0.00857861944540132, 20, 37, 0.968857
0.338600132728993, 0.41826280623608, -0.00857858000610005, 20, 37, 0.9694
0.338600132728993, 0.421380846325167, -0.00857853976798827, 20, 37, 0.968732
0.338600132728993, 0.424498886414254, -0.00857849872264268, 20, 37, 0.972179
0.338600132728993, 0.427616926503341, -0.00857845683896022, 20, 36, 0.949025
0.338600132728993, 0.430734966592428, -0.00857841415688636, 20, 36, 0.941119
0.338600132728993, 0.433853006681514, -0.00857837064198633, 20, 36, 0.948249
0.338600132728993, 0.436971046770601, -0.0085783262859376, 20, 36, 0.9504
0.338600132728993, 0.440089086859688, -0.00857828105736716, 20, 35, 0.915783
0.338600132728993, 0.443207126948775, -0.00857823499709751, 20, 35, 0.916875
0.338600132728993, 0.446325167037862, -0.00857818807047636, 20, 35, 0.915919
0.338600132728993, 0.449443207126949, -0.00857814026932675, 20, 35, 0.915318
0.338600132728993, 0.452561247216036, -0.00857809156126037, 20, 34, 0.887612
0.338600132728993, 0.455679287305123, -0.00857804198964219, 20, 34, 0.888162
0.338600132728993, 0.458797327394209, -0.00857799151876086, 20, 34, 0.888092
0.338600132728993, 0.461915367483296, -0.00857794014061039, 20, 34, 0.887824
0.338600132728993, 0.465033407572383, -0.00857788782093292, 20, 33, 0.861106
0.338600132728993, 0.46815144766147, -0.00857783460754157, 20, 33, 0.861843
0.338600132728993, 0.471269487750557, -0.00857778046270065, 20, 33, 0.862078
0.338600132728993, 0.474387527839644, -0.00857772537859953, 20, 33, 0.862264
0.338600132728993, 0.477505567928731, -0.00857766934747881, 20, 33, 0.862528
0.338600132728993, 0.480623608017817, -0.00857761233563787, 20, 32, 0.848785
0.338600132728993, 0.483741648106904, -0.00857755439042309, 20, 32, 0.834615
0.338600132728993, 0.486859688195991, -0.0085774954748249, 20, 32, 0.834592
0.338600132728993, 0.489977728285078, -0.00857743558132015, 20, 32, 0.834589
0.338600132728993, 0.493095768374165, -0.00857737470243754, 20, 32, 0.834742
0.338600132728993, 0.496213808463252, -0.00857731280402944, 20, 31, 0.807097
0.338600132728993, 0.499331848552339, -0.0085772499352465, 20, 31, 0.809263
0.338600132728993, 0.502449888641425, -0.00857718605866706, 20, 31, 0.813222
0.338600132728993, 0.505567928730512, -0.00857712116709614, 20, 31, 0.807708
0.338600132728993, 0.508685968819599, -0.00857705525340031, 20, 31, 0.807393
0.338600132728993, 0.511804008908686, -0.00857698831051423, 20, 31, 0.809801
0.338600132728993, 0.514922048997773, -0.00857692030596622, 20, 30, 0.785769
0.338600132728993, 0.51804008908686, -0.00857685128656815, 20, 30, 0.782055
0.338600132728993, 0.521158129175947, -0.00857678121687347, 20, 30, 0.781956
0.338600132728993, 0.524276169265034, -0.0085767100901319, 20, 30, 0.782396
0.338600132728993, 0.52739420935412, -0.00857663789966672, 20, 30, 0.781569
0.338600132728993, 0.530512249443207, -0.00857656463887735, 20, 30, 0.781975
0.338600132728993, 0.533630289532294, -0.00857649027579632, 20, 29, 0.754003
0.338600132728993, 0.536748329621381, -0.00857641485759829, 20, 29, 0.754027
0.338600132728993, 0.539866369710468, -0.00857633834946536, 20, 29, 0.754725
0.338600132728993, 0.542984409799555, -0.00857626074515695, 20, 29, 0.753806
0.338600132728993, 0.546102449888642, -0.00857618203851711, 20, 29, 0.754732
0.338600132728993, 0.549220489977728, -0.00857610222347692, 20, 29, 0.754006
0.338600132728993, 0.552338530066815, -0.00857602126737725, 20, 28, 0.726349
0.338600132728993, 0.555456570155902, -0.0085759392204528, 20, 28, 0.727306
0.338600132728993, 0.558574610244989, -0.00857585604718167, 20, 28, 0.726367
0.338600132728993, 0.561692650334076, -0.00857577174189541, 20, 28, 0.726368
0.338600132728993, 0.564810690423163, -0.00857568629902456, 20, 28, 0.728873
0.338600132728993, 0.567928730512249, -0.00857559971308524, 20, 28, 0.729934
0.338600132728993, 0.571046770601336, -0.00857551197870503, 20, 28, 0.728509
0.338600132728993, 0.574164810690423, -0.00857542306419302, 20, 27, 0.7022
0.338600132728993, 0.57728285077951, -0.00857533301985431, 20, 27, 0.704724
0.338600132728993, 0.580400890868597, -0.00857524181130043, 20, 27, 0.705189
0.338600132728993, 0.583518930957684, -0.00857514943360046, 20, 27, 0.704249
0.338600132728993, 0.586636971046771, -0.00857505588193053, 20, 27, 0.700632
0.338600132728993, 0.589755011135857, -0.00857496115157604, 20, 27, 0.704317
0.338600132728993, 0.592873051224944, -0.00857486523793364, 20, 27, 0.700691
0.338600132728993, 0.595991091314031, -0.00857476810885052, 20, 26, 0.674429
0.338600132728993, 0.599109131403118, -0.00857466981794795, 20, 26, 0.673772
0.338600132728993, 0.602227171492205, -0.00857457033037758, 20, 26, 0.673154
0.338600132728993, 0.605345211581292, -0.00857446964202518, 20, 26, 0.673011
0.338600132728993, 0.608463251670379, -0.00857436774889483, 20, 26, 0.677471
0.338600132728993, 0.611581291759466, -0.0085742646471109, 20, 26, 0.673716
0.338600132728993, 0.614699331848552, -0.00857416033291997, 20, 26, 0.675052
0.338600132728993, 0.617817371937639, -0.00857405480269269, 20, 26, 0.67438
0.338600132728993, 0.620935412026726, -0.00857394802513421, 20, 25, 0.645559
0.338600132728993, 0.624053452115813, -0.00857384005503642, 20, 25, 0.646911
0.338600132728993, 0.6271714922049, -0.00857373085854092, 20, 25, 0.648338
0.338600132728993, 0.630289532293987, -0.00857362043254557, 20, 25, 0.647609
0.338600132728993, 0.633407572383074, -0.00857350877409205, 20, 25, 0.653185
0.338600132728993, 0.63652561247216, -0.00857339588035001, 20, 25, 0.712532
0.338600132728993, 0.639643652561247, -0.00857328174862322, 20, 25, 0.647508
0.338600132728993, 0.642761692650334, -0.00857316637635132, 20, 25, 0.647595
0.338600132728993, 0.645879732739421, -0.00857304976111139, 20, 25, 0.648665
0.338600132728993, 0.648997772828508, -0.00857293187351467, 20, 24, 0.620188
0.338600132728993, 0.652115812917595, -0.00857281276805347, 20, 24, 0.619876
0.338600132728993, 0.655233853006682, -0.00857269241297992, 20, 24, 0.620262
0.338600132728993, 0.658351893095768, -0.00857257080645608, 20, 24, 0.620443
0.338600132728993, 0.661469933184855, -0.00857244794678741, 20, 24, 0.620583
0.338600132728993, 0.664587973273942, -0.0085723238324245, 20, 24, 0.620217
0.338600132728993, 0.667706013363029, -0.00857219846196451, 20, 24, 0.619863
0.338600132728993, 0.670824053452116, -0.00857207183415277, 20, 24, 0.620463
0.338600132728993, 0.673942093541203, -0.00857194394788416, 20, 24, 0.619878
0.338600132728993, 0.67706013363029, -0.00857181477379468, 20, 23, 0.592437
0.338600132728993, 0.680178173719376, -0.00857168437034367, 20, 23, 0.592633
0.338600132728993, 0.683296213808463, -0.00857155270582321, 20, 23, 0.592787
0.338600132728993, 0.68641425389755, -0.00857141977975854, 20, 23, 0.592603
0.338600132728993, 0.689532293986637, -0.00857128559182983, 20, 23, 0.592249
0.338600132728993, 0.692650334075724, -0.00857115014187367, 20, 23, 0.592263
0.338600132728993, 0.695768374164811, -0.00857101342988435, 20, 23, 0.592223
0.338600132728993, 0.698886414253898, -0.00857087545601528, 20, 23, 0.592542
0.338600132728993, 0.702004454342984, -0.00857073622058028, 20, 23, 0.592232
0.338600132728993, 0.705122494432071, -0.00857059572405971, 20, 23, 0.59437
0.338600132728993, 0.708240534521158, -0.00857045393771036, 20, 22, 0.566765
0.338600132728993, 0.711358574610245, -0.00857031092350188, 20, 22, 0.566747
0.338600132728993, 0.714476614699332, -0.00857016665041313, 20, 22, 0.567297
0.338600132728993, 0.717594654788419, -0.00857002111959473, 20, 22, 0.567882
0.338600132728993, 0.720712694877506, -0.00856987433236353, 20, 22, 0.567096
0.338600132728993, 0.723830734966592, -0.00856972629020394, 20, 22, 0.56669
0.338600132728993, 0.726948775055679, -0.008569576994769, 20, 22, 0.566729
0.338600132728993, 0.730066815144766, -0.00856942644788161, 20, 22, 0.567184
0.338600132728993, 0.733184855233853, -0.00856927465153556, 20, 22, 0.567107
0.338600132728993, 0.73630289532294, -0.00856912160789675, 20, 22, 0.567224
0.338600132728993, 0.739420935412027, -0.00856896731930409, 20, 22, 0.566688
0.338600132728993, 0.742538975501114, -0.00856881178827062, 20, 22, 0.568593
0.338600132728993, 0.7456570155902, -0.00856865498956134, 20, 21, 0.539194
0.338600132728993, 0.748775055679287, -0.0085684969840865, 20, 21, 0.539625
0.338600132728993, 0.751893095768374, -0.0085683377445917, 20, 21, 0.539818
0.338600132728993, 0.755011135857461, -0.00856817727430971, 20, 21, 0.539756
0.338600132728993, 0.758129175946548, -0.00856801557665107, 20, 21, 0.53953
0.338600132728993, 0.761247216035635, -0.00856785265520507, 20, 21, 0.539823
0.338600132728993, 0.764365256124722, -0.0085676885137407, 20, 21, 0.539663
0.338600132728993, 0.767483296213809, -0.00856752315620748, 20, 21, 0.539248
0.338600132728993, 0.770601336302895, -0.00856735658673642, 20, 21, 0.539935
0.338600132728993, 0.773719376391982, -0.00856718880964075, 20, 21, 0.54019
0.338600132728993, 0.776837416481069, -0.00856701982941686, 20, 21, 0.540106
0.338600132728993, 0.779955456570156, -0.00856684965074496, 20, 21, 0.540142
0.338600132728993, 0.783073496659243, -0.00856667824926862, 20, 20, 0.512463
0.338600132728993, 0.78619153674833, -0.00856650569067729, 20, 20, 0.51277
0.338600132728993, 0.789309576837417, -0.00856633194862475, 20, 20, 0.513464
0.338600132728993, 0.792427616926503, -0.00856615702854642, 20, 20, 0.517649
0.338600132728993, 0.79554565701559, -0.00856598093606424, 20, 20, 0.511556
0.338600132728993, 0.798663697104677, -0.00856580367698735, 20, 20, 0.511986
0.338600132728993, 0.801781737193764, -0.00856562525731282, 20, 20, 0.512129
0.338600132728993, 0.804899777282851, -0.00856544568323189, 20, 20, 0.513715
0.338600132728993, 0.808017817371938, -0.00856526496110805, 20, 20, 0.514084
0.338600132728993, 0.811135857461025, -0.00856508309751156, 20, 20, 0.513954
0.338600132728993, 0.814253897550111, -0.00856490009919736, 20, 20, 0.514478
0.338600132728993, 0.817371937639198, -0.00856471597311128, 20, 20, 0.514191
0.338600132728993, 0.820489977728285, -0.00856453072639057, 20, 20, 0.51432
0.338600132728993, 0.823608017817372, -0.00856434436636438, 20, 20, 0.513811
0.338600132728993, 0.826726057906459, -0.00856415687152975, 20, 19, 0.48668
0.338600132728993, 0.829844097995546, -0.00856396830972716, 20, 19, 0.486045
0.338600132728993, 0.832962138084633, -0.00856377865761452, 20, 19, 0.486424
0.338600132728993, 0.836080178173719, -0.00856358792330367, 20, 19, 0.486287
0.338600132728993, 0.839198218262806, -0.00856339611509979, 20, 19, 0.486283
0.338600132728993, 0.842316258351893, -0.00856320324150178, 20, 19, 0.486219
0.338600132728993, 0.84543429844098, -0.00856300931120259, 20, 19, 0.486295
0.338600132728993, 0.848552338530067, -0.00856281433308968, 20, 19, 0.486305
0.338600132728993, 0.851670378619154, -0.00856261831624526, 20, 19, 0.48679
0.338600132728993, 0.854788418708241, -0.00856242126994665, 20, 19, 0.486883
0.338600132728993, 0.857906458797328, -0.00856222320366653, 20, 19, 0.487872
0.338600132728993, 0.861024498886414, -0.00856202412707325, 20, 19, 0.487687
0.338600132728993, 0.864142538975501, -0.00856182405003101, 20, 19, 0.48699
0.338600132728993, 0.867260579064588, -0.00856162298260011, 20, 19, 0.486886
0.338600132728993, 0.870378619153675, -0.00856142093503711, 20, 19, 0.48676
0.338600132728993, 0.873496659242762, -0.00856121791779506, 20, 19, 0.485949
0.338600132728993, 0.876614699331849, -0.00856101391350456, 20, 18, 0.458412
0.338600132728993, 0.879732739420936, -0.00856080899095364, 20, 18, 0.458325
0.338600132728993, 0.882850779510022, -0.00856060313113374, 20, 18, 0.458755
0.338600132728993, 0.885968819599109, -0.0085603963452936, 20, 18, 0.458992
0.338600132728993, 0.889086859688196, -0.00856018864487835, 20, 18, 0.458427
0.338600132728993, 0.892204899777283, -0.00855998004152952, 20, 18, 0.458987
0.338600132728993, 0.89532293986637, -0.00855977054708514, 20, 18, 0.458829
0.338600132728993, 0.898440979955457, -0.00855956017357977, 20, 18, 0.459078
0.338600132728993, 0.901559020044544, -0.00855934893324449, 20, 18, 0.459191
0.338600132728993, 0.90467706013363, -0.00855913683850688, 20, 18, 0.459534
0.338600132728993, 0.907795100222717, -0.00855892390199097, 20, 18, 0.458539
0.338600132728993, 0.910913140311804, -0.00855871013651723, 20, 18, 0.458775
0.338600132728993, 0.914031180400891, -0.0085584955551024, 20, 18, 0.458916
0.338600132728993, 0.917149220489978, -0.00855828017095945, 20, 18, 0.458428
0.338600132728993, 0.920267260579065, -0.00855806399749747, 20, 18, 0.458845
0.338600132728993, 0.923385300668152, -0.00855784704832141, 20, 18, 0.458805
0.338600132728993, 0.926503340757238, -0.00855762933723205, 20, 18, 0.459017
0.338600132728993, 0.929621380846325, -0.00855741084945584, 20, 17, 0.43167
0.338600132728993, 0.932739420935412, -0.00855719165857408, 20, 17, 0.431314
0.338600132728993, 0.935857461024499, -0.00855697174823525, 20, 17, 0.431056
0.338600132728993, 0.938975501113586, -0.0085567511330352, 20, 17, 0.433745
0.338600132728993, 0.942093541202673, -0.00855652982774415, 20, 17, 0.433947
0.338600132728993, 0.945211581291759, -0.00855630784734602, 20, 17, 0.434026
0.338600132728993, 0.948329621380847, -0.00855608520701167, 20, 17, 0.433835
0.338600132728993, 0.951447661469933, -0.00855586192210525, 20, 17, 0.433233
0.338600132728993, 0.95456570155902, -0.00855563800818386, 20, 17, 0.433549
0.338600132728993, 0.957683741648107, -0.00855541348099724, 20, 17, 0.433588
0.338600132728993, 0.960801781737194, -0.00855518835648735, 20, 17, 0.433768
0.338600132728993, 0.963919821826281, -0.00855496265078801, 20, 17, 0.433414
0.338600132728993, 0.967037861915368, -0.00855473638022455, 20, 17, 0.434178
0.338600132728993, 0.970155902004454, -0.00855450956131328, 20, 17, 0.433039
0.338600132728993, 0.973273942093541, -0.00855428221076115, 20, 17, 0.432926
0.338600132728993, 0.976391982182628, -0.0085540543454652, 20, 17, 0.433009
0.338600132728993, 0.979510022271715, -0.00855382598251215, 20, 17, 0.432888
0.338600132728993, 0.982628062360802, -0.00855359713917784, 20, 17, 0.433076
0.338600132728993, 0.985746102449889, -0.0085533678329268, 20, 17, 0.43461
0.338600132728993, 0.988864142538975, -0.00855313808141159, 20, 17, 0.433067
0.338600132728993, 0.991982182628063, -0.0085529078744079, 20, 16, 0.405369
0.338600132728993, 0.995100222717149, -0.00855267728777379, 20, 16, 0.411191
0.338600132728993, 0.998218262806236, -0.00855244630985329, 20, 16, 0.405284
0.338600132728993, 1.00133630289532, -0.00855221495905188, 20, 16, 0.405249
0.338600132728993, 1.00445434298441, -0.00855198325395977, 20, 16, 0.405311
0.338600132728993, 1.0075723830735, -0.00855175121335136, 20, 16, 0.405164
0.338600132728993, 1.01069042316258, -0.00855151885618456, 20, 16, 0.405269
0.338600132728993, 1.01380846325167, -0.00855128620160014, 20, 16, 0.405237
0.338600132728993, 1.01692650334076, -0.00855105326892106, 20, 16, 0.405301
0.338600132728993, 1.02004454342984, -0.0085508200776518, 20, 16, 0.405357
0.338600132728993, 1.02316258351893, -0.00855058664747761, 20, 16, 0.405256
0.338600132728993, 1.02628062360802, -0.00855035299826381, 20, 16, 0.405294
0.338600132728993, 1.0293986636971, -0.00855011915005507, 20, 16, 0.405359
0.338600132728993, 1.03251670378619, -0.00854988512307461, 20, 16, 0.406224
0.338600132728993, 1.03563474387528, -0.00854965093772346, 20, 16, 0.406534
0.338600132728993, 1.03875278396437, -0.00854941661457966, 20, 16, 0.405153
0.338600132728993, 1.04187082405345, -0.00854918217439743, 20, 16, 0.405156
0.338600132728993, 1.04498886414254, -0.0085489476381064, 20, 16, 0.408829
0.338600132728993, 1.04810690423163, -0.00854871302681075, 20, 16, 0.408794
0.338600132728993, 1.05122494432071, -0.00854847836178833, 20, 16, 0.405748
0.338600132728993, 1.0543429844098, -0.00854824366448984, 20, 16, 0.406805
0.338600132728993, 1.05746102449889, -0.00854800895653791, 20, 16, 0.405221
0.338600132728993, 1.06057906458797, -0.00854777425972626, 20, 16, 0.406284
0.338600132728993, 1.06369710467706, -0.00854753956906782, 20, 15, 0.378777
0.338600132728993, 1.06681514476615, -0.00854730496213323, 20, 15, 0.37765
0.338600132728993, 1.06993318485523, -0.00854707043264989, 20, 15, 0.377978
0.338600132728993, 1.07305122494432, -0.00854683600309141, 20, 15, 0.379197
0.338600132728993, 1.07616926503341, -0.00854660169609753, 20, 15, 0.37797
0.338600132728993, 1.07928730512249, -0.00854636753447307, 20, 15, 0.378211
0.338600132728993, 1.08240534521158, -0.00854613354118705, 20, 15, 0.377812
0.338600132728993, 1.08552338530067, -0.00854589973937161, 20, 15, 0.378572
0.338600132728993, 1.08864142538976, -0.00854566615232109, 20, 15, 0.377684
0.338600132728993, 1.09175946547884, -0.00854543280349093, 20, 15, 0.377833
0.338600132728993, 1.09487750556793, -0.0085451997164967, 20, 15, 0.378239
0.338600132728993, 1.09799554565702, -0.00854496691511306, 20, 15, 0.377973
0.338600132728993, 1.1011135857461, -0.00854473442327266, 20, 15, 0.377875
0.338600132728993, 1.10423162583519, -0.00854450226506514, 20, 15, 0.378111
0.338600132728993, 1.10734966592428, -0.00854427046473598, 20, 15, 0.378338
0.338600132728993, 1.11046770601336, -0.00854403904668544, 20, 15, 0.377745
0.338600132728993, 1.11358574610245, -0.00854380803546747, 20, 15, 0.377706
0.338600132728993, 1.11670378619154, -0.00854357745578857, 20, 15, 0.378282
0.338600132728993, 1.11982182628062, -0.00854334733250669, 20, 15, 0.377774
0.338600132728993, 1.12293986636971, -0.00854311769063009, 20, 15, 0.377685
0.338600132728993, 1.1260579064588, -0.00854288855532405, 20, 15, 0.379901
0.338600132728993, 1.12917594654788, -0.00854265995187812, 20, 15, 0.380141
0.338600132728993, 1.13229398663697, -0.00854243190575252, 20, 15, 0.379696
0.338600132728993, 1.13541202672606, -0.0085422044425451, 20, 15, 0.379996
0.338600132728993, 1.13853006681514, -0.00854197758799823, 20, 15, 0.380036
0.338600132728993, 1.14164810690423, -0.00854175136799751, 20, 15, 0.379676
0.338600132728993, 1.14476614699332, -0.0085415257821644, 20, 14, 0.355759
0.338600132728993, 1.14788418708241, -0.00854130091088732, 20, 14, 0.352161
0.338600132728993, 1.15100222717149, -0.00854107675258588, 20, 14, 0.35214
0.338600132728993, 1.15412026726058, -0.00854085333371053, 20, 14, 0.352114
0.338600132728993, 1.15723830734967, -0.00854063068084866, 20, 14, 0.352951
0.338600132728993, 1.16035634743875, -0.00854040882072335, 20, 14, 0.352047
0.338600132728993, 1.16347438752784, -0.00854018778019208, 20, 14, 0.352066
0.338600132728993, 1.16659242761693, -0.00853996758624553, 20, 14, 0.352028
0.338600132728993, 1.16971046770601, -0.00853974826600629, 20, 14, 0.352159
0.338600132728993, 1.1728285077951, -0.00853952984672756, 20, 14, 0.352362
0.338600132728993, 1.17594654788419, -0.00853931235579187, 20, 14, 0.352444
0.338600132728993, 1.17906458797327, -0.00853909582070984, 20, 14, 0.352111
0.338600132728993, 1.18218262806236, -0.00853888026911879, 20, 14, 0.352157
0.338600132728993, 1.18530066815145, -0.00853866572878153, 20, 14, 0.352142
0.338600132728993, 1.18841870824053, -0.00853845222758496, 20, 14, 0.352098
0.338600132728993, 1.19153674832962, -0.00853823979353879, 20, 14, 0.352469
0.338600132728993, 1.19465478841871, -0.00853802845477421, 20, 14, 0.352202
0.338600132728993, 1.1977728285078, -0.00853781823954257, 20, 14, 0.352124
0.338600132728993, 1.20089086859688, -0.00853760917621396, 20, 14, 0.352102
0.338600132728993, 1.20400890868597, -0.00853740129327597, 20, 14, 0.352145
0.338600132728993, 1.20712694877506, -0.00853719461933224, 20, 14, 0.352053
0.338600132728993, 1.21024498886414, -0.00853698918310119, 20, 14, 0.352134
0.338600132728993, 1.21336302895323, -0.00853678501341457, 20, 14, 0.352162
0.338600132728993, 1.21648106904232, -0.0085365821392161, 20, 14, 0.352451
0.338600132728993, 1.2195991091314, -0.00853638058956015, 20, 14, 0.352084
0.338600132728993, 1.22271714922049, -0.00853618039361031, 20, 14, 0.352145
0.338600132728993, 1.22583518930958, -0.008535981580638, 20, 14, 0.352341
0.338600132728993, 1.22895322939866, -0.00853578418002112, 20, 14, 0.352224
0.338600132728993, 1.23207126948775, -0.00853558822124258, 20, 14, 0.352266
0.338600132728993, 1.23518930957684, -0.00853539373388897, 20, 14, 0.352172
0.338600132728993, 1.23830734966592, -0.00853520074764913, 20, 14, 0.352494
0.338600132728993, 1.24142538975501, -0.00853500926759798, 20, 13, 0.330553
0.338600132728993, 1.2445434298441, -0.00853481937428014, 20, 13, 0.324669
0.338600132728993, 1.24766146993318, -0.0085346310716812, 20, 13, 0.324979
0.338600132728993, 1.25077951002227, -0.0085344443898878, 20, 13, 0.324517
0.338600132728993, 1.25389755011136, -0.00853425935908162, 20, 13, 0.324561
0.338600132728993, 1.25701559020045, -0.00853407600953788, 20, 13, 0.324514
0.338600132728993, 1.26013363028953, -0.00853389437162397, 20, 13, 0.324507
0.338600132728993, 1.26325167037862, -0.00853371447579804, 20, 13, 0.3245
0.338600132728993, 1.26636971046771, -0.0085335363526075, 20, 13, 0.324589
0.338600132728993, 1.26948775055679, -0.00853336003268766, 20, 13, 0.324527
0.338600132728993, 1.27260579064588, -0.00853318554676024, 20, 13, 0.324557
0.338600132728993, 1.27572383073497, -0.00853301292563197, 20, 13, 0.324615
0.338600132728993, 1.27884187082405, -0.0085328422001931, 20, 13, 0.324555
0.338600132728993, 1.28195991091314, -0.008532673401416, 20, 13, 0.324477
0.338600132728993, 1.28507795100223, -0.00853250656035371, 20, 13, 0.324709
0.338600132728993, 1.28819599109131, -0.00853234170813846, 20, 13, 0.324683
0.338600132728993, 1.2913140311804, -0.00853217887598025, 20, 13, 0.324506
0.338600132728993, 1.29443207126949, -0.0085320180951654, 20, 13, 0.324636
0.338600132728993, 1.29755011135857, -0.00853185939705505, 20, 13, 0.324567
0.338600132728993, 1.30066815144766, -0.00853170281308379, 20, 13, 0.32456
0.338600132728993, 1.30378619153675, -0.00853154837475814, 20, 13, 0.324504
0.338600132728993, 1.30690423162584, -0.00853139611365509, 20, 13, 0.324471
0.338600132728993, 1.31002227171492, -0.00853124606142069, 20, 13, 0.324507
0.338600132728993, 1.31314031180401, -0.00853109824976856, 20, 13, 0.324557
0.338600132728993, 1.3162583518931, -0.00853095271047845, 20, 13, 0.324495
0.338600132728993, 1.31937639198218, -0.00853080947539476, 20, 13, 0.324491
0.338600132728993, 1.32249443207127, -0.00853066857642509, 20, 13, 0.324526
0.338600132728993, 1.32561247216036, -0.00853053004553879, 20, 13, 0.324823
0.338600132728993, 1.32873051224944, -0.0085303939147655, 20, 13, 0.324765
0.338600132728993, 1.33184855233853, -0.00853026021619371, 20, 13, 0.324527
0.338600132728993, 1.33496659242762, -0.00853012898196925, 20, 13, 0.324494
0.338600132728993, 1.3380846325167, -0.00853000024429386, 20, 13, 0.324523
0.338600132728993, 1.34120267260579, -0.00852987403542377, 20, 13, 0.324836
0.338600132728993, 1.34432071269488, -0.0085297503876682, 20, 13, 0.324625
0.338600132728993, 1.34743875278396, -0.00852962933338791, 20, 13, 0.325297
0.338600132728993, 1.35055679287305, -0.00852951090499377, 20, 13, 0.324718
0.338600132728993, 1.35367483296214, -0.00852939511149442, 20, 12, 0.296925
0.338600132728993, 1.35679287305122, -0.00852928203337466, 20, 12, 0.296931
0.338600132728993, 1.35991091314031, -0.0085291716786104, 20, 12, 0.296945
0.338600132728993, 1.3630289532294, -0.00852906407980065, 20, 12, 0.297222
0.338600132728993, 1.36614699331849, -0.00852895926958712, 20, 12, 0.296952
0.338600132728993, 1.36926503340757, -0.00852885728065287, 20, 12, 0.296941
0.338600132728993, 1.37238307349666, -0.00852875814572078, 20, 12, 0.297081
0.338600132728993, 1.37550111358575, -0.00852866189755221, 20, 12, 0.296921
0.338600132728993, 1.37861915367483, -0.0085285685689455, 20, 12, 0.297297
0.338600132728993, 1.38173719376392, -0.00852847819273456, 20, 12, 0.301415
0.338600132728993, 1.38485523385301, -0.00852839080178743, 20, 12, 0.303059
0.338600132728993, 1.38797327394209, -0.00852830642900487, 20, 12, 0.296968
0.338600132728993, 1.39109131403118, -0.00852822510731893, 20, 12, 0.300591
0.338600132728993, 1.39420935412027, -0.00852814686969153, 20, 12, 0.301008
0.338600132728993, 1.39732739420935, -0.00852807174911302, 20, 12, 0.296932
0.338600132728993, 1.40044543429844, -0.0085279997786008, 20, 12, 0.297088
0.338600132728993, 1.40356347438753, -0.00852793099119787, 20, 12, 0.296984
0.338600132728993, 1.40668151447661, -0.00852786541998132, 20, 12, 0.299691
0.338600132728993, 1.4097995545657, -0.00852780309802135, 20, 12, 0.326855
0.338600132728993, 1.41291759465479, -0.0085277440584393, 20, 12, 0.315761
0.338600132728993, 1.41603563474388, -0.0085276883343666, 20, 12, 0.339549
0.338600132728993, 1.41915367483296, -0.00852763595895325, 20, 12, 0.332353
0.338600132728993, 1.42227171492205, -0.00852758696536647, 20, 12, 0.335541
0.338600132728993, 1.42538975501114, -0.00852754138678929, 20, 12, 0.299004
0.338600132728993, 1.42850779510022, -0.00852749925641919, 20, 12, 0.300446
0.338600132728993, 1.43162583518931, -0.0085274606074667, 20, 12, 0.299036
0.338600132728993, 1.4347438752784, -0.008527425473154, 20, 12, 0.298991
0.338600132728993, 1.43786191536748, -0.00852739388671359, 20, 12, 0.29899
0.338600132728993, 1.44097995545657, -0.00852736588138692, 20, 12, 0.298926
0.338600132728993, 1.44409799554566, -0.00852734149042298, 20, 12, 0.299047
0.338600132728993, 1.44721603563474, -0.00852732074707698, 20, 12, 0.298941
0.338600132728993, 1.45033407572383, -0.00852730368460899, 20, 12, 0.298896
0.338600132728993, 1.45345211581292, -0.00852729033628258, 20, 12, 0.310922
0.338600132728993, 1.456570155902, -0.00852728073536346, 20, 12, 0.299284
0.338600132728993, 1.45968819599109, -0.00852727491511819, 20, 12, 0.299297
0.338600132728993, 1.46280623608018, -0.00852727290881279, 20, 12, 0.310904
0.338600132728993, 1.46592427616927, -0.0085272747497114, 20, 12, 0.311004
0.338600132728993, 1.46904231625835, -0.00852728047107503, 20, 12, 0.299105
0.338600132728993, 1.47216035634744, -0.00852729010616016, 20, 12, 0.309117
0.338600132728993, 1.47527839643653, -0.00852730368821747, 20, 12, 0.312302
0.338600132728993, 1.47839643652561, -0.00852732125049049, 20, 12, 0.31971
0.338600132728993, 1.4815144766147, -0.00852734282621435, 20, 12, 0.299589
0.338600132728993, 1.48463251670379, -0.00852736844861441, 20, 12, 0.298819
0.338600132728993, 1.48775055679287, -0.00852739812893346, 20, 11, 0.288363
0.338600132728993, 1.49086859688196, -0.00852743194524331, 20, 11, 0.271797
0.338600132728993, 1.49398663697105, -0.00852746990779522, 20, 11, 0.271797
0.338600132728993, 1.49710467706013, -0.00852751204976438, 20, 11, 0.271887
0.338600132728993, 1.50022271714922, -0.00852755840430977, 20, 11, 0.27879
0.338600132728993, 1.50334075723831, -0.0085276090045729, 20, 11, 0.271409
0.338600132728993, 1.50645879732739, -0.00852766388367653, 20, 11, 0.27139
0.338600132728993, 1.50957683741648, -0.00852772307472343, 20, 11, 0.271385
0.338600132728993, 1.51269487750557, -0.00852778661079514, 20, 11, 0.284822
0.338600132728993, 1.51581291759465, -0.00852785452495073, 20, 11, 0.334892
0.338600132728993, 1.51893095768374, -0.00852792685022557, 20, 11, 0.289288
0.338600132728993, 1.52204899777283, -0.00852800361963007, 20, 11, 0.283428
0.338600132728993, 1.52516703786192, -0.00852808486614851, 20, 11, 0.271353
0.338600132728993, 1.528285077951, -0.0085281706227378, 20, 11, 0.272243
0.338600132728993, 1.53140311804009, -0.00852826092232628, 20, 11, 0.275559
0.338600132728993, 1.53452115812918, -0.00852835579781248, 20, 11, 0.271457
0.338600132728993, 1.53763919821826, -0.00852845528206397, 20, 11, 0.272078
0.338600132728993, 1.54075723830735, -0.00852855940791619, 20, 11, 0.271871
0.338600132728993, 1.54387527839644, -0.00852866820817117, 20, 11, 0.277453
0.338600132728993, 1.54699331848552, -0.00852878171559647, 20, 11, 0.271367
0.338600132728993, 1.55011135857461, -0.00852889996292394, 20, 11, 0.271854
0.338600132728993, 1.5532293986637, -0.00852902298284857, 20, 11, 0.275137
0.338600132728993, 1.55634743875278, -0.00852915080802736, 20, 11, 0.275298
0.338600132728993, 1.55946547884187, -0.00852928347107813, 20, 11, 0.271336
0.338600132728993, 1.56258351893096, -0.0085294210045784, 20, 11, 0.276565
0.338600132728993, 1.56570155902004, -0.00852956344106429, 20, 11, 0.275115
0.338600132728993, 1.56881959910913, -0.0085297108130293, 20, 11, 0.271396
0.338600132728993, 1.57193763919822, -0.00852986315292328, 20, 11, 0.271832
0.338600132728993, 1.57505567928731, -0.00853002049315129, 20, 11, 0.275094
0.338600132728993, 1.57817371937639, -0.00853018286607245, 20, 11, 0.271742
0.338600132728993, 1.58129175946548, -0.00853035030399889, 20, 11, 0.275029
0.338600132728993, 1.58440979955457, -0.00853052283919466, 20, 11, 0.271391
0.338600132728993, 1.58752783964365, -0.00853070050387458, 20, 11, 0.275032
0.338600132728993, 1.59064587973274, -0.00853088333020323, 20, 11, 0.271851
0.338600132728993, 1.59376391982183, -0.00853107135029388, 20, 11, 0.2719
0.338600132728993, 1.59688195991091, -0.00853126459620734, 20, 11, 0.271859
0.338600132728993, 1.6, -0.00853146309995103, 20, 11, 0.271202
# finished at Wed Apr 30 02:12:48 CEST 2014
