# starting on alcc59 at Wed Apr 30 05:02:18 CEST 2014
# casimir, -T, 0.200000,1.600000,450, -Q, 0.661886071686844, -p, 1e-08, -L, 20
# Compiler icc, using long double and plain matrix elements and plain integration
# precision=1e-08
# lfac=5
# cores=1
# L=0.661886
# T=0.2...1.6 (450)
#
# R/(L+R), T, F, lmax, nmax, time
0.661886071686844, 0.2, -0.154123254583134, 20, 139, 4.71089
0.661886071686844, 0.203118040089087, -0.154123219879698, 20, 136, 4.53727
0.661886071686844, 0.206236080178174, -0.154123183821983, 20, 134, 4.44498
0.661886071686844, 0.209354120267261, -0.154123146129726, 20, 132, 4.37887
0.661886071686844, 0.212472160356347, -0.154123107002085, 20, 131, 4.34554
0.661886071686844, 0.215590200445434, -0.15412306590512, 20, 129, 4.27728
0.661886071686844, 0.218708240534521, -0.154123023034801, 20, 127, 4.21026
0.661886071686844, 0.221826280623608, -0.154122978345427, 20, 125, 4.18419
0.661886071686844, 0.224944320712695, -0.1541229317839, 20, 123, 4.07863
0.661886071686844, 0.228062360801782, -0.154122883574575, 20, 122, 4.04355
0.661886071686844, 0.231180400890869, -0.154122833145466, 20, 120, 3.97632
0.661886071686844, 0.234298440979955, -0.154122780965754, 20, 119, 3.94301
0.661886071686844, 0.237416481069042, -0.154122726470181, 20, 117, 3.87575
0.661886071686844, 0.240534521158129, -0.154122669855626, 20, 115, 3.8094
0.661886071686844, 0.243652561247216, -0.154122611373468, 20, 114, 3.78171
0.661886071686844, 0.246770601336303, -0.154122550677659, 20, 113, 3.77326
0.661886071686844, 0.24988864142539, -0.154122487451877, 20, 111, 3.76187
0.661886071686844, 0.253006681514477, -0.154122422201753, 20, 110, 3.74538
0.661886071686844, 0.256124721603563, -0.154122354592279, 20, 109, 3.62728
0.661886071686844, 0.25924276169265, -0.154122284295755, 20, 107, 3.54685
0.661886071686844, 0.262360801781737, -0.154122211827546, 20, 106, 3.52829
0.661886071686844, 0.265478841870824, -0.15412213684756, 20, 105, 3.49732
0.661886071686844, 0.268596881959911, -0.15412205930461, 20, 104, 3.45686
0.661886071686844, 0.271714922048998, -0.154121978848312, 20, 102, 3.44288
0.661886071686844, 0.274832962138085, -0.154121896032181, 20, 101, 3.62651
0.661886071686844, 0.277951002227172, -0.154121810493043, 20, 100, 3.36721
0.661886071686844, 0.281069042316258, -0.154121722180946, 20, 99, 3.49504
0.661886071686844, 0.284187082405345, -0.154121631042825, 20, 98, 3.50302
0.661886071686844, 0.287305122494432, -0.154121537025322, 20, 97, 3.38668
0.661886071686844, 0.290423162583519, -0.154121440074733, 20, 96, 3.3064
0.661886071686844, 0.293541202672606, -0.154121340140005, 20, 95, 3.1577
0.661886071686844, 0.296659242761693, -0.154121237161036, 20, 94, 3.10972
0.661886071686844, 0.29977728285078, -0.154121131086231, 20, 93, 3.0759
0.661886071686844, 0.302895322939866, -0.154121021860787, 20, 92, 3.04127
0.661886071686844, 0.306013363028953, -0.154120909429689, 20, 91, 3.00838
0.661886071686844, 0.30913140311804, -0.154120793737643, 20, 90, 2.9743
0.661886071686844, 0.312249443207127, -0.154120674729144, 20, 89, 2.94133
0.661886071686844, 0.315367483296214, -0.154120552351568, 20, 88, 2.90781
0.661886071686844, 0.318485523385301, -0.154120426894451, 20, 88, 2.90931
0.661886071686844, 0.321603563474388, -0.154120297616895, 20, 87, 2.87526
0.661886071686844, 0.324721603563474, -0.154120164800751, 20, 86, 2.84442
0.661886071686844, 0.327839643652561, -0.154120028389577, 20, 85, 2.80786
0.661886071686844, 0.330957683741648, -0.154119888326712, 20, 84, 2.78189
0.661886071686844, 0.334075723830735, -0.154119744919265, 20, 84, 2.77843
0.661886071686844, 0.337193763919822, -0.154119597408778, 20, 83, 2.74178
0.661886071686844, 0.340311804008909, -0.154119446074968, 20, 82, 2.70818
0.661886071686844, 0.343429844097996, -0.154119290863914, 20, 81, 2.6759
0.661886071686844, 0.346547884187082, -0.15411913209687, 20, 81, 2.67635
0.661886071686844, 0.349665924276169, -0.154118968988663, 20, 80, 2.6417
0.661886071686844, 0.352783964365256, -0.154118801833977, 20, 79, 2.61097
0.661886071686844, 0.355902004454343, -0.154118630954458, 20, 79, 2.61117
0.661886071686844, 0.35902004454343, -0.154118455567369, 20, 78, 2.57565
0.661886071686844, 0.362138084632517, -0.154118275964173, 20, 77, 2.5405
0.661886071686844, 0.365256124721604, -0.154118092480015, 20, 77, 2.54825
0.661886071686844, 0.36837416481069, -0.154117904309409, 20, 76, 2.51069
0.661886071686844, 0.371492204899777, -0.154117711752848, 20, 75, 2.48105
0.661886071686844, 0.374610244988864, -0.154117515161918, 20, 75, 2.47532
0.661886071686844, 0.377728285077951, -0.154117313703797, 20, 74, 2.44072
0.661886071686844, 0.380846325167038, -0.154117107689761, 20, 73, 2.41113
0.661886071686844, 0.383964365256125, -0.154116897503214, 20, 73, 2.40664
0.661886071686844, 0.387082405345212, -0.154116682254861, 20, 72, 2.37724
0.661886071686844, 0.390200445434298, -0.154116462712654, 20, 72, 2.37692
0.661886071686844, 0.393318485523385, -0.15411623800963, 20, 71, 2.35221
0.661886071686844, 0.396436525612472, -0.154116008895568, 20, 71, 2.35636
0.661886071686844, 0.399554565701559, -0.154115774522786, 20, 70, 2.32543
0.661886071686844, 0.402672605790646, -0.154115535621827, 20, 70, 2.32773
0.661886071686844, 0.405790645879733, -0.15411529135367, 20, 69, 2.36534
0.661886071686844, 0.40890868596882, -0.154115042452207, 20, 69, 2.59138
0.661886071686844, 0.412026726057906, -0.154114788076637, 20, 68, 2.33517
0.661886071686844, 0.415144766146993, -0.154114528962732, 20, 68, 2.28153
0.661886071686844, 0.41826280623608, -0.154114264265468, 20, 67, 2.21922
0.661886071686844, 0.421380846325167, -0.154113994729114, 20, 67, 2.28529
0.661886071686844, 0.424498886414254, -0.154113719497869, 20, 66, 2.21309
0.661886071686844, 0.427616926503341, -0.154113439331222, 20, 66, 2.18754
0.661886071686844, 0.430734966592428, -0.154113153355768, 20, 65, 2.14117
0.661886071686844, 0.433853006681514, -0.154112862353401, 20, 65, 2.13939
0.661886071686844, 0.436971046770601, -0.154112565425795, 20, 64, 2.10535
0.661886071686844, 0.440089086859688, -0.154112263389307, 20, 64, 2.10729
0.661886071686844, 0.443207126948775, -0.154111955303979, 20, 63, 2.09609
0.661886071686844, 0.446325167037862, -0.154111642024726, 20, 63, 2.07684
0.661886071686844, 0.449443207126949, -0.154111323025018, 20, 63, 2.07312
0.661886071686844, 0.452561247216036, -0.154110997864246, 20, 62, 2.03942
0.661886071686844, 0.455679287305123, -0.154110667331135, 20, 62, 2.04087
0.661886071686844, 0.458797327394209, -0.154110330514071, 20, 61, 2.0064
0.661886071686844, 0.461915367483296, -0.154109988255675, 20, 61, 2.00614
0.661886071686844, 0.465033407572383, -0.154109639586703, 20, 60, 1.98742
0.661886071686844, 0.46815144766147, -0.154109285414903, 20, 60, 1.97281
0.661886071686844, 0.471269487750557, -0.154108925188941, 20, 60, 1.97712
0.661886071686844, 0.474387527839644, -0.154108558431973, 20, 59, 1.94479
0.661886071686844, 0.477505567928731, -0.154108186015984, 20, 59, 1.9524
0.661886071686844, 0.480623608017817, -0.154107807411098, 20, 59, 1.94763
0.661886071686844, 0.483741648106904, -0.154107422153116, 20, 58, 1.90593
0.661886071686844, 0.486859688195991, -0.154107031095531, 20, 58, 1.90681
0.661886071686844, 0.489977728285078, -0.154106633247538, 20, 57, 1.87602
0.661886071686844, 0.493095768374165, -0.154106229556081, 20, 57, 1.91131
0.661886071686844, 0.496213808463252, -0.1541058194591, 20, 57, 1.88488
0.661886071686844, 0.499331848552339, -0.154105402452797, 20, 56, 1.8784
0.661886071686844, 0.502449888641425, -0.154104979476183, 20, 56, 1.84012
0.661886071686844, 0.505567928730512, -0.154104549971908, 20, 56, 1.83941
0.661886071686844, 0.508685968819599, -0.154104113433999, 20, 55, 1.80637
0.661886071686844, 0.511804008908686, -0.154103670810534, 20, 55, 1.80755
0.661886071686844, 0.514922048997773, -0.154103221542661, 20, 55, 1.8061
0.661886071686844, 0.51804008908686, -0.154102765116472, 20, 54, 1.77232
0.661886071686844, 0.521158129175947, -0.154102302501653, 20, 54, 1.77231
0.661886071686844, 0.524276169265034, -0.154101833131439, 20, 54, 1.77632
0.661886071686844, 0.52739420935412, -0.154101356477909, 20, 53, 1.74665
0.661886071686844, 0.530512249443207, -0.154100873545525, 20, 53, 1.74012
0.661886071686844, 0.533630289532294, -0.154100383752878, 20, 53, 1.73931
0.661886071686844, 0.536748329621381, -0.154099887068267, 20, 53, 1.73928
0.661886071686844, 0.539866369710468, -0.154099382994502, 20, 52, 1.71787
0.661886071686844, 0.542984409799555, -0.154098872479063, 20, 52, 1.70602
0.661886071686844, 0.546102449888642, -0.154098354975514, 20, 52, 1.70959
0.661886071686844, 0.549220489977728, -0.154097829965814, 20, 51, 1.67678
0.661886071686844, 0.552338530066815, -0.154097298448013, 20, 51, 1.67322
0.661886071686844, 0.555456570155902, -0.154096759852889, 20, 51, 1.67309
0.661886071686844, 0.558574610244989, -0.154096214154031, 20, 51, 1.67512
0.661886071686844, 0.561692650334076, -0.15409566084459, 20, 50, 1.65124
0.661886071686844, 0.564810690423163, -0.154095100907442, 20, 50, 1.64295
0.661886071686844, 0.567928730512249, -0.154094533787154, 20, 50, 1.6514
0.661886071686844, 0.571046770601336, -0.154093959460582, 20, 50, 1.67047
0.661886071686844, 0.574164810690423, -0.154093377429697, 20, 49, 1.7203
0.661886071686844, 0.57728285077951, -0.15409278866842, 20, 49, 1.66074
0.661886071686844, 0.580400890868597, -0.154092192631848, 20, 49, 1.60609
0.661886071686844, 0.583518930957684, -0.154091588774286, 20, 48, 1.5727
0.661886071686844, 0.586636971046771, -0.154090978177001, 20, 48, 1.57235
0.661886071686844, 0.589755011135857, -0.154090360243501, 20, 48, 1.57438
0.661886071686844, 0.592873051224944, -0.154089734956994, 20, 48, 1.57201
0.661886071686844, 0.595991091314031, -0.154089102301523, 20, 48, 1.57209
0.661886071686844, 0.599109131403118, -0.154088461773697, 20, 47, 1.53924
0.661886071686844, 0.602227171492205, -0.154087814379585, 20, 47, 1.5388
0.661886071686844, 0.605345211581292, -0.15408715956994, 20, 47, 1.53887
0.661886071686844, 0.608463251670379, -0.154086497332698, 20, 47, 1.5494
0.661886071686844, 0.611581291759466, -0.154085827149606, 20, 46, 1.50501
0.661886071686844, 0.614699331848552, -0.154085150069094, 20, 46, 1.54378
0.661886071686844, 0.617817371937639, -0.154084465526407, 20, 46, 1.52808
0.661886071686844, 0.620935412026726, -0.154083773513557, 20, 46, 1.50477
0.661886071686844, 0.624053452115813, -0.154083073488177, 20, 45, 1.47092
0.661886071686844, 0.6271714922049, -0.154082366567095, 20, 45, 1.47281
0.661886071686844, 0.630289532293987, -0.154081652147471, 20, 45, 1.47269
0.661886071686844, 0.633407572383074, -0.154080930231828, 20, 45, 1.47272
0.661886071686844, 0.63652561247216, -0.154080200817426, 20, 45, 1.4726
0.661886071686844, 0.639643652561247, -0.154079463376308, 20, 44, 1.43892
0.661886071686844, 0.642761692650334, -0.154078719004466, 20, 44, 1.43881
0.661886071686844, 0.645879732739421, -0.154077967128065, 20, 44, 1.43886
0.661886071686844, 0.648997772828508, -0.154077207748818, 20, 44, 1.43891
0.661886071686844, 0.652115812917595, -0.154076440869484, 20, 44, 1.43881
0.661886071686844, 0.655233853006682, -0.154075665965914, 20, 43, 1.40495
0.661886071686844, 0.658351893095768, -0.154074884142407, 20, 43, 1.40565
0.661886071686844, 0.661469933184855, -0.154074094829961, 20, 43, 1.4056
0.661886071686844, 0.664587973273942, -0.154073298035992, 20, 43, 1.40565
0.661886071686844, 0.667706013363029, -0.154072493768994, 20, 43, 1.40551
0.661886071686844, 0.670824053452116, -0.154071681497873, 20, 42, 1.37162
0.661886071686844, 0.673942093541203, -0.154070862358236, 20, 42, 1.37155
0.661886071686844, 0.67706013363029, -0.154070035774284, 20, 42, 1.3723
0.661886071686844, 0.680178173719376, -0.154069201759308, 20, 42, 1.37174
0.661886071686844, 0.683296213808463, -0.154068360327741, 20, 42, 1.37183
0.661886071686844, 0.68641425389755, -0.154067510929952, 20, 41, 1.33788
0.661886071686844, 0.689532293986637, -0.154066654757523, 20, 41, 1.33793
0.661886071686844, 0.692650334075724, -0.154065791215292, 20, 41, 1.33848
0.661886071686844, 0.695768374164811, -0.154064920322593, 20, 41, 1.33843
0.661886071686844, 0.698886414253898, -0.154064042099996, 20, 41, 1.33847
0.661886071686844, 0.702004454342984, -0.154063156569234, 20, 41, 1.33905
0.661886071686844, 0.705122494432071, -0.154062263196405, 20, 40, 1.30466
0.661886071686844, 0.708240534521158, -0.15406136316204, 20, 40, 1.30468
0.661886071686844, 0.711358574610245, -0.154060455888655, 20, 40, 1.30467
0.661886071686844, 0.714476614699332, -0.154059541403069, 20, 40, 1.30518
0.661886071686844, 0.717594654788419, -0.154058619733318, 20, 40, 1.30469
0.661886071686844, 0.720712694877506, -0.154057690908657, 20, 40, 1.30459
0.661886071686844, 0.723830734966592, -0.154056754397348, 20, 39, 1.27077
0.661886071686844, 0.726948775055679, -0.154055811397675, 20, 39, 1.27139
0.661886071686844, 0.730066815144766, -0.154054861342411, 20, 39, 1.27162
0.661886071686844, 0.733184855233853, -0.154053904251465, 20, 39, 1.27247
0.661886071686844, 0.73630289532294, -0.154052940167784, 20, 39, 1.27253
0.661886071686844, 0.739420935412027, -0.15405196912834, 20, 39, 1.27309
0.661886071686844, 0.742538975501114, -0.154050990589528, 20, 38, 1.23864
0.661886071686844, 0.7456570155902, -0.154050005796942, 20, 38, 1.23856
0.661886071686844, 0.748775055679287, -0.154049014163915, 20, 38, 1.2386
0.661886071686844, 0.751893095768374, -0.154048015732687, 20, 38, 1.23852
0.661886071686844, 0.755011135857461, -0.154047010546759, 20, 38, 1.23907
0.661886071686844, 0.758129175946548, -0.154045998650905, 20, 38, 1.2386
0.661886071686844, 0.761247216035635, -0.154044980091171, 20, 38, 1.23838
0.661886071686844, 0.764365256124722, -0.154043954341715, 20, 37, 1.2046
0.661886071686844, 0.767483296213809, -0.154042922638301, 20, 37, 1.20459
0.661886071686844, 0.770601336302895, -0.154041884413947, 20, 37, 1.20449
0.661886071686844, 0.773719376391982, -0.154040839720073, 20, 37, 1.20531
0.661886071686844, 0.776837416481069, -0.15403978860931, 20, 37, 1.20534
0.661886071686844, 0.779955456570156, -0.154038731135644, 20, 37, 1.20546
0.661886071686844, 0.783073496659243, -0.154037667354325, 20, 37, 1.20544
0.661886071686844, 0.78619153674833, -0.154036596740813, 20, 36, 1.17172
0.661886071686844, 0.789309576837417, -0.154035520555407, 20, 36, 1.17153
0.661886071686844, 0.792427616926503, -0.15403443823307, 20, 36, 1.17165
0.661886071686844, 0.79554565701559, -0.154033349834427, 20, 36, 1.17152
0.661886071686844, 0.798663697104677, -0.154032255421385, 20, 36, 1.17152
0.661886071686844, 0.801781737193764, -0.154031155057144, 20, 36, 1.17152
0.661886071686844, 0.804899777282851, -0.154030048806193, 20, 36, 1.17147
0.661886071686844, 0.808017817371938, -0.154028936128046, 20, 35, 1.1376
0.661886071686844, 0.811135857461025, -0.154027818343231, 20, 35, 1.13763
0.661886071686844, 0.814253897550111, -0.15402669487018, 20, 35, 1.13756
0.661886071686844, 0.817371937639198, -0.154025565778742, 20, 35, 1.1375
0.661886071686844, 0.820489977728285, -0.154024431140048, 20, 35, 1.13746
0.661886071686844, 0.823608017817372, -0.154023291026535, 20, 35, 1.13832
0.661886071686844, 0.826726057906459, -0.154022145511856, 20, 35, 1.13908
0.661886071686844, 0.829844097995546, -0.154020994671016, 20, 35, 1.14246
0.661886071686844, 0.832962138084633, -0.154019837971996, 20, 34, 1.10841
0.661886071686844, 0.836080178173719, -0.154018676748832, 20, 34, 1.10823
0.661886071686844, 0.839198218262806, -0.154017510429537, 20, 34, 1.10446
0.661886071686844, 0.842316258351893, -0.154016339094389, 20, 34, 1.10434
0.661886071686844, 0.84543429844098, -0.154015162824935, 20, 34, 1.10431
0.661886071686844, 0.848552338530067, -0.15401398170399, 20, 34, 1.10515
0.661886071686844, 0.851670378619154, -0.154012795815633, 20, 34, 1.10428
0.661886071686844, 0.854788418708241, -0.154011605245209, 20, 34, 1.10436
0.661886071686844, 0.857906458797328, -0.154010409448659, 20, 33, 1.07053
0.661886071686844, 0.861024498886414, -0.154009209815386, 20, 33, 1.07061
0.661886071686844, 0.864142538975501, -0.15400800576108, 20, 33, 1.07051
0.661886071686844, 0.867260579064588, -0.15400679737628, 20, 33, 1.0705
0.661886071686844, 0.870378619153675, -0.154005584752766, 20, 33, 1.07042
0.661886071686844, 0.873496659242762, -0.154004367983557, 20, 33, 1.07041
0.661886071686844, 0.876614699331849, -0.154003147171643, 20, 33, 1.07146
0.661886071686844, 0.879732739420936, -0.154001922395058, 20, 33, 1.07238
0.661886071686844, 0.882850779510022, -0.154000693759213, 20, 33, 1.07234
0.661886071686844, 0.885968819599109, -0.153999460728186, 20, 32, 1.0384
0.661886071686844, 0.889086859688196, -0.153998224708157, 20, 32, 1.03841
0.661886071686844, 0.892204899777283, -0.153996985123964, 20, 32, 1.03849
0.661886071686844, 0.89532293986637, -0.153995742077355, 20, 32, 1.03847
0.661886071686844, 0.898440979955457, -0.153994495671277, 20, 32, 1.03838
0.661886071686844, 0.901559020044544, -0.153993246009876, 20, 32, 1.03841
0.661886071686844, 0.90467706013363, -0.153991993198487, 20, 32, 1.03836
0.661886071686844, 0.907795100222717, -0.153990737343636, 20, 32, 1.03845
0.661886071686844, 0.910913140311804, -0.15398947855303, 20, 32, 1.03853
0.661886071686844, 0.914031180400891, -0.153988216274466, 20, 31, 1.00463
0.661886071686844, 0.917149220489978, -0.153986951979858, 20, 31, 1.00458
0.661886071686844, 0.920267260579065, -0.153985685077296, 20, 31, 1.00455
0.661886071686844, 0.923385300668152, -0.153984415679306, 20, 31, 1.0045
0.661886071686844, 0.926503340757238, -0.15398314389957, 20, 31, 1.00484
0.661886071686844, 0.929621380846325, -0.15398186985291, 20, 31, 1.00642
0.661886071686844, 0.932739420935412, -0.153980593655286, 20, 31, 1.00484
0.661886071686844, 0.935857461024499, -0.153979315423787, 20, 31, 1.07186
0.661886071686844, 0.938975501113586, -0.153978035276633, 20, 31, 1.02714
0.661886071686844, 0.942093541202673, -0.153976753333188, 20, 31, 1.04848
0.661886071686844, 0.945211581291759, -0.153975469713851, 20, 31, 1.01025
0.661886071686844, 0.948329621380847, -0.153974183905546, 20, 30, 0.97972
0.661886071686844, 0.951447661469933, -0.15397289733716, 20, 30, 1.07401
0.661886071686844, 0.95456570155902, -0.15397160945874, 20, 30, 1.05549
0.661886071686844, 0.957683741648107, -0.153970320395252, 20, 30, 1.03516
0.661886071686844, 0.960801781737194, -0.153969030272733, 20, 30, 0.97636
0.661886071686844, 0.963919821826281, -0.153967739218291, 20, 30, 0.999258
0.661886071686844, 0.967037861915368, -0.153966447360089, 20, 30, 1.07151
0.661886071686844, 0.970155902004454, -0.153965154827347, 20, 30, 1.06757
0.661886071686844, 0.973273942093541, -0.15396386175033, 20, 30, 0.992638
0.661886071686844, 0.976391982182628, -0.153962568260341, 20, 30, 1.00585
0.661886071686844, 0.979510022271715, -0.153961273814366, 20, 29, 0.990327
0.661886071686844, 0.982628062360802, -0.153959979934462, 20, 29, 0.963554
0.661886071686844, 0.985746102449889, -0.153958686039524, 20, 29, 0.972726
0.661886071686844, 0.988864142538975, -0.153957392265056, 20, 29, 0.946086
0.661886071686844, 0.991982182628063, -0.153956098747557, 20, 29, 0.968713
0.661886071686844, 0.995100222717149, -0.153954805624512, 20, 29, 0.94179
0.661886071686844, 0.998218262806236, -0.153953513034386, 20, 29, 0.950186
0.661886071686844, 1.00133630289532, -0.153952221116616, 20, 29, 1.00605
0.661886071686844, 1.00445434298441, -0.1539509300116, 20, 29, 1.03703
0.661886071686844, 1.0075723830735, -0.153949639860695, 20, 29, 0.950539
0.661886071686844, 1.01069042316258, -0.153948350806205, 20, 29, 0.94266
0.661886071686844, 1.01380846325167, -0.153947062991402, 20, 29, 0.942283
0.661886071686844, 1.01692650334076, -0.153945775890807, 20, 28, 0.941338
0.661886071686844, 1.02004454342984, -0.153944491025157, 20, 28, 0.912135
0.661886071686844, 1.02316258351893, -0.153943207832477, 20, 28, 0.905536
0.661886071686844, 1.02628062360802, -0.153941926459792, 20, 28, 0.909811
0.661886071686844, 1.0293986636971, -0.153940647055022, 20, 28, 0.913068
0.661886071686844, 1.03251670378619, -0.153939369766967, 20, 28, 0.932402
0.661886071686844, 1.03563474387528, -0.153938094745306, 20, 28, 0.9512
0.661886071686844, 1.03875278396437, -0.153936822140582, 20, 28, 0.922865
0.661886071686844, 1.04187082405345, -0.153935552104198, 20, 28, 0.966455
0.661886071686844, 1.04498886414254, -0.153934284788406, 20, 28, 0.904121
0.661886071686844, 1.04810690423163, -0.153933020346301, 20, 28, 0.942994
0.661886071686844, 1.05122494432071, -0.153931758931808, 20, 28, 0.911593
0.661886071686844, 1.0543429844098, -0.153930500699678, 20, 28, 0.908015
0.661886071686844, 1.05746102449889, -0.15392924514471, 20, 27, 0.881861
0.661886071686844, 1.06057906458797, -0.153927993779499, 20, 27, 0.902434
0.661886071686844, 1.06369710467706, -0.153926746063937, 20, 27, 0.908667
0.661886071686844, 1.06681514476615, -0.153925502156077, 20, 27, 0.871808
0.661886071686844, 1.06993318485523, -0.153924262214742, 20, 27, 0.950962
0.661886071686844, 1.07305122494432, -0.153923026399524, 20, 27, 0.870474
0.661886071686844, 1.07616926503341, -0.153921794870768, 20, 27, 0.870346
0.661886071686844, 1.07928730512249, -0.15392056778957, 20, 27, 0.87175
0.661886071686844, 1.08240534521158, -0.153919345317762, 20, 27, 0.870301
0.661886071686844, 1.08552338530067, -0.153918127617908, 20, 27, 0.877543
0.661886071686844, 1.08864142538976, -0.153916914853291, 20, 27, 0.873909
0.661886071686844, 1.09175946547884, -0.153915707187906, 20, 27, 0.875258
0.661886071686844, 1.09487750556793, -0.153914504797373, 20, 27, 0.871166
0.661886071686844, 1.09799554565702, -0.153913307137516, 20, 26, 0.838344
0.661886071686844, 1.1011135857461, -0.153912115795579, 20, 26, 0.838395
0.661886071686844, 1.10423162583519, -0.153910930214034, 20, 26, 0.838277
0.661886071686844, 1.10734966592428, -0.153909750560385, 20, 26, 0.838219
0.661886071686844, 1.11046770601336, -0.153908577002791, 20, 26, 0.838252
0.661886071686844, 1.11358574610245, -0.153907409710054, 20, 26, 0.838271
0.661886071686844, 1.11670378619154, -0.153906248851608, 20, 26, 0.838806
0.661886071686844, 1.11982182628062, -0.153905094597514, 20, 26, 0.838296
0.661886071686844, 1.12293986636971, -0.153903947118451, 20, 26, 0.842438
0.661886071686844, 1.1260579064588, -0.153902806585702, 20, 26, 0.871444
0.661886071686844, 1.12917594654788, -0.153901673171153, 20, 26, 0.909667
0.661886071686844, 1.13229398663697, -0.153900547047274, 20, 26, 0.845664
0.661886071686844, 1.13541202672606, -0.153899428387118, 20, 26, 0.845011
0.661886071686844, 1.13853006681514, -0.153898317364309, 20, 26, 0.870387
0.661886071686844, 1.14164810690423, -0.153897214153033, 20, 26, 0.838161
0.661886071686844, 1.14476614699332, -0.153896118244692, 20, 25, 0.804359
0.661886071686844, 1.14788418708241, -0.153895031214529, 20, 25, 0.80441
0.661886071686844, 1.15100222717149, -0.153893952520119, 20, 25, 0.804349
0.661886071686844, 1.15412026726058, -0.153892882337882, 20, 25, 0.804323
0.661886071686844, 1.15723830734967, -0.15389182084475, 20, 25, 0.804258
0.661886071686844, 1.16035634743875, -0.153890768218162, 20, 25, 0.804249
0.661886071686844, 1.16347438752784, -0.153889724636048, 20, 25, 0.804339
0.661886071686844, 1.16659242761693, -0.153888690276828, 20, 25, 0.808031
0.661886071686844, 1.16971046770601, -0.153887665319395, 20, 25, 0.804349
0.661886071686844, 1.1728285077951, -0.153886649943112, 20, 25, 0.804361
0.661886071686844, 1.17594654788419, -0.153885644327805, 20, 25, 0.805322
0.661886071686844, 1.17906458797327, -0.153884648653743, 20, 25, 0.804266
0.661886071686844, 1.18218262806236, -0.153883663101642, 20, 25, 0.80421
0.661886071686844, 1.18530066815145, -0.15388268785265, 20, 25, 0.80415
0.661886071686844, 1.18841870824053, -0.153881723088339, 20, 25, 0.804213
0.661886071686844, 1.19153674832962, -0.153880768990695, 20, 25, 0.804202
0.661886071686844, 1.19465478841871, -0.153879825053875, 20, 24, 0.770379
0.661886071686844, 1.1977728285078, -0.153878892869399, 20, 24, 0.771178
0.661886071686844, 1.20089086859688, -0.153877971898415, 20, 24, 0.771139
0.661886071686844, 1.20400890868597, -0.153877062324588, 20, 24, 0.771028
0.661886071686844, 1.20712694877506, -0.153876164331915, 20, 24, 0.771093
0.661886071686844, 1.21024498886414, -0.153875278104754, 20, 24, 0.771071
0.661886071686844, 1.21336302895323, -0.153874403827814, 20, 24, 0.771105
0.661886071686844, 1.21648106904232, -0.153873541686147, 20, 24, 0.771159
0.661886071686844, 1.2195991091314, -0.153872691865139, 20, 24, 0.771189
0.661886071686844, 1.22271714922049, -0.153871854550501, 20, 24, 0.771123
0.661886071686844, 1.22583518930958, -0.153871029928263, 20, 24, 0.771069
0.661886071686844, 1.22895322939866, -0.153870218184763, 20, 24, 0.77111
0.661886071686844, 1.23207126948775, -0.15386941950664, 20, 24, 0.771107
0.661886071686844, 1.23518930957684, -0.153868634080824, 20, 24, 0.771098
0.661886071686844, 1.23830734966592, -0.153867862094533, 20, 24, 0.771173
0.661886071686844, 1.24142538975501, -0.153867103735255, 20, 24, 0.771019
0.661886071686844, 1.2445434298441, -0.153866359190751, 20, 24, 0.771071
0.661886071686844, 1.24766146993318, -0.153865627942064, 20, 23, 0.737302
0.661886071686844, 1.25077951002227, -0.153864911623167, 20, 23, 0.737324
0.661886071686844, 1.25389755011136, -0.153864209682419, 20, 23, 0.737403
0.661886071686844, 1.25701559020045, -0.153863522308634, 20, 23, 0.73737
0.661886071686844, 1.26013363028953, -0.153862849690846, 20, 23, 0.737642
0.661886071686844, 1.26325167037862, -0.153862192018304, 20, 23, 0.73725
0.661886071686844, 1.26636971046771, -0.153861549480468, 20, 23, 0.737208
0.661886071686844, 1.26948775055679, -0.153860922267, 20, 23, 0.73727
0.661886071686844, 1.27260579064588, -0.15386031056775, 20, 23, 0.737222
0.661886071686844, 1.27572383073497, -0.153859714572757, 20, 23, 0.737244
0.661886071686844, 1.27884187082405, -0.153859134472235, 20, 23, 0.737193
0.661886071686844, 1.28195991091314, -0.153858570456568, 20, 23, 0.737126
0.661886071686844, 1.28507795100223, -0.153858022716303, 20, 23, 0.737142
0.661886071686844, 1.28819599109131, -0.153857491442141, 20, 23, 0.73718
0.661886071686844, 1.2913140311804, -0.153856976824927, 20, 23, 0.737218
0.661886071686844, 1.29443207126949, -0.153856479055649, 20, 23, 0.737236
0.661886071686844, 1.29755011135857, -0.153855998325425, 20, 23, 0.737256
0.661886071686844, 1.30066815144766, -0.153855534825496, 20, 23, 0.73728
0.661886071686844, 1.30378619153675, -0.153855088747223, 20, 23, 0.73716
0.661886071686844, 1.30690423162584, -0.15385465956887, 20, 22, 0.703372
0.661886071686844, 1.31002227171492, -0.153854248939091, 20, 22, 0.703331
0.661886071686844, 1.31314031180401, -0.153853856304357, 20, 22, 0.703339
0.661886071686844, 1.3162583518931, -0.153853481856515, 20, 22, 0.704092
0.661886071686844, 1.31937639198218, -0.153853125787379, 20, 22, 0.704098
0.661886071686844, 1.32249443207127, -0.153852788288945, 20, 22, 0.704095
0.661886071686844, 1.32561247216036, -0.153852469553237, 20, 22, 0.704078
0.661886071686844, 1.32873051224944, -0.153852169772335, 20, 22, 0.704807
0.661886071686844, 1.33184855233853, -0.153851889138369, 20, 22, 0.751797
0.661886071686844, 1.33496659242762, -0.153851627843513, 20, 22, 0.77828
0.661886071686844, 1.3380846325167, -0.153851386079979, 20, 22, 0.730897
0.661886071686844, 1.34120267260579, -0.153851164040006, 20, 22, 0.704735
0.661886071686844, 1.34432071269488, -0.153850961915859, 20, 22, 0.704203
0.661886071686844, 1.34743875278396, -0.153850779899816, 20, 22, 0.726164
0.661886071686844, 1.35055679287305, -0.153850618184168, 20, 22, 0.715519
0.661886071686844, 1.35367483296214, -0.153850476961208, 20, 22, 0.704057
0.661886071686844, 1.35679287305122, -0.153850356423226, 20, 22, 0.737895
0.661886071686844, 1.35991091314031, -0.1538502567625, 20, 22, 0.756663
0.661886071686844, 1.3630289532294, -0.153850178171295, 20, 22, 0.70476
0.661886071686844, 1.36614699331849, -0.153850120841852, 20, 22, 0.707967
0.661886071686844, 1.36926503340757, -0.153850084966381, 20, 22, 0.728585
0.661886071686844, 1.37238307349666, -0.153850070021825, 20, 21, 0.672514
0.661886071686844, 1.37550111358575, -0.153850077660183, 20, 21, 0.670434
0.661886071686844, 1.37861915367483, -0.153850107327708, 20, 21, 0.670361
0.661886071686844, 1.38173719376392, -0.153850159216482, 20, 21, 0.694016
0.661886071686844, 1.38485523385301, -0.153850233518524, 20, 21, 0.70236
0.661886071686844, 1.38797327394209, -0.153850330425787, 20, 21, 0.675052
0.661886071686844, 1.39109131403118, -0.153850450130147, 20, 21, 0.721843
0.661886071686844, 1.39420935412027, -0.153850592823404, 20, 21, 0.692676
0.661886071686844, 1.39732739420935, -0.15385075869727, 20, 21, 0.703501
0.661886071686844, 1.40044543429844, -0.153850947943365, 20, 21, 0.670906
0.661886071686844, 1.40356347438753, -0.153851160753212, 20, 21, 0.671921
0.661886071686844, 1.40668151447661, -0.153851397318233, 20, 21, 0.695306
0.661886071686844, 1.4097995545657, -0.153851657829739, 20, 21, 0.72321
0.661886071686844, 1.41291759465479, -0.153851942478928, 20, 21, 0.683064
0.661886071686844, 1.41603563474388, -0.153852251456877, 20, 21, 0.682442
0.661886071686844, 1.41915367483296, -0.15385258495454, 20, 21, 0.699306
0.661886071686844, 1.42227171492205, -0.153852943162736, 20, 21, 0.673767
0.661886071686844, 1.42538975501114, -0.153853326272154, 20, 21, 0.670091
0.661886071686844, 1.42850779510022, -0.153853734473335, 20, 21, 0.670124
0.661886071686844, 1.43162583518931, -0.153854167956677, 20, 21, 0.674661
0.661886071686844, 1.4347438752784, -0.153854626912426, 20, 21, 0.671156
0.661886071686844, 1.43786191536748, -0.153855111530669, 20, 21, 0.682701
0.661886071686844, 1.44097995545657, -0.15385562200133, 20, 21, 0.670877
0.661886071686844, 1.44409799554566, -0.153856157792391, 20, 20, 0.673959
0.661886071686844, 1.44721603563474, -0.153856720565273, 20, 20, 0.672548
0.661886071686844, 1.45033407572383, -0.153857309758218, 20, 20, 0.660833
0.661886071686844, 1.45345211581292, -0.153857925560491, 20, 20, 0.642452
0.661886071686844, 1.456570155902, -0.153858568161172, 20, 20, 0.637081
0.661886071686844, 1.45968819599109, -0.153859237763706, 20, 20, 0.637685
0.661886071686844, 1.46280623608018, -0.153859934527687, 20, 20, 0.638435
0.661886071686844, 1.46592427616927, -0.153860658656083, 20, 20, 0.638583
0.661886071686844, 1.46904231625835, -0.153861410337206, 20, 20, 0.645236
0.661886071686844, 1.47216035634744, -0.153862189759117, 20, 20, 0.637938
0.661886071686844, 1.47527839643653, -0.153862997109658, 20, 20, 0.638105
0.661886071686844, 1.47839643652561, -0.153863832576448, 20, 20, 0.63801
0.661886071686844, 1.4815144766147, -0.153864696346879, 20, 20, 0.638107
0.661886071686844, 1.48463251670379, -0.153865588608114, 20, 20, 0.638117
0.661886071686844, 1.48775055679287, -0.15386650954708, 20, 20, 0.638082
0.661886071686844, 1.49086859688196, -0.153867459350462, 20, 20, 0.637956
0.661886071686844, 1.49398663697105, -0.153868438204704, 20, 20, 0.638344
0.661886071686844, 1.49710467706013, -0.153869446295998, 20, 20, 0.638826
0.661886071686844, 1.50022271714922, -0.153870483810286, 20, 20, 0.638329
0.661886071686844, 1.50334075723831, -0.153871550933251, 20, 20, 0.638309
0.661886071686844, 1.50645879732739, -0.153872647850318, 20, 20, 0.638053
0.661886071686844, 1.50957683741648, -0.153873774746644, 20, 20, 0.650037
0.661886071686844, 1.51269487750557, -0.153874931807118, 20, 20, 0.63862
0.661886071686844, 1.51581291759465, -0.153876119216356, 20, 20, 0.638297
0.661886071686844, 1.51893095768374, -0.153877337158695, 20, 20, 0.646387
0.661886071686844, 1.52204899777283, -0.153878585818194, 20, 20, 0.638175
0.661886071686844, 1.52516703786192, -0.153879864664307, 20, 19, 0.604325
0.661886071686844, 1.528285077951, -0.153881175335778, 20, 19, 0.604368
0.661886071686844, 1.53140311804009, -0.153882517273868, 20, 19, 0.604336
0.661886071686844, 1.53452115812918, -0.153883890661507, 20, 19, 0.604377
0.661886071686844, 1.53763919821826, -0.153885295681326, 20, 19, 0.604385
0.661886071686844, 1.54075723830735, -0.15388673251565, 20, 19, 0.60427
0.661886071686844, 1.54387527839644, -0.153888201346497, 20, 19, 0.604582
0.661886071686844, 1.54699331848552, -0.153889702355572, 20, 19, 0.604228
0.661886071686844, 1.55011135857461, -0.153891235724263, 20, 19, 0.60426
0.661886071686844, 1.5532293986637, -0.153892801633643, 20, 19, 0.60426
0.661886071686844, 1.55634743875278, -0.153894400264459, 20, 19, 0.608057
0.661886071686844, 1.55946547884187, -0.153896031797134, 20, 19, 0.61602
0.661886071686844, 1.56258351893096, -0.153897696411763, 20, 19, 0.614275
0.661886071686844, 1.56570155902004, -0.153899394288106, 20, 19, 0.606063
0.661886071686844, 1.56881959910913, -0.153901125605591, 20, 19, 0.603996
0.661886071686844, 1.57193763919822, -0.153902890543305, 20, 19, 0.604004
0.661886071686844, 1.57505567928731, -0.153904689279994, 20, 19, 0.604141
0.661886071686844, 1.57817371937639, -0.153906521994059, 20, 19, 0.604405
0.661886071686844, 1.58129175946548, -0.153908388863552, 20, 19, 0.607246
0.661886071686844, 1.58440979955457, -0.153910290066178, 20, 19, 0.604265
0.661886071686844, 1.58752783964365, -0.153912225779282, 20, 19, 0.604247
0.661886071686844, 1.59064587973274, -0.153914196179858, 20, 19, 0.604247
0.661886071686844, 1.59376391982183, -0.153916201444536, 20, 19, 0.604302
0.661886071686844, 1.59688195991091, -0.153918241749585, 20, 19, 0.604751
0.661886071686844, 1.6, -0.153920317270909, 20, 19, 0.604055
# finished at Wed Apr 30 05:12:45 CEST 2014
