# starting on alcc91 at Tue Apr 29 23:34:01 CEST 2014
# casimir, -T, 0.200000,1.600000,450, -Q, 0.212275132649827, -p, 1e-08, -L, 20
# Compiler icc, using long double and plain matrix elements and plain integration
# precision=1e-08
# lfac=5
# cores=1
# L=0.212275
# T=0.2...1.6 (450)
#
# R/(L+R), T, F, lmax, nmax, time
0.212275132649827, 0.2, -0.00184647511208719, 20, 66, 1.56942
0.212275132649827, 0.203118040089087, -0.00184647386410319, 20, 65, 1.5352
0.212275132649827, 0.206236080178174, -0.0018464725586165, 20, 64, 1.51177
0.212275132649827, 0.209354120267261, -0.00184647119395951, 20, 63, 1.48903
0.212275132649827, 0.212472160356347, -0.00184646977211564, 20, 63, 1.48912
0.212275132649827, 0.215590200445434, -0.00184646828421132, 20, 62, 1.47355
0.212275132649827, 0.218708240534521, -0.00184646673204725, 20, 61, 1.44055
0.212275132649827, 0.221826280623608, -0.00184646511387268, 20, 60, 1.42821
0.212275132649827, 0.224944320712695, -0.00184646342791505, 20, 59, 1.39135
0.212275132649827, 0.228062360801782, -0.00184646167237942, 20, 58, 1.36871
0.212275132649827, 0.231180400890869, -0.00184645984941948, 20, 58, 1.36804
0.212275132649827, 0.234298440979955, -0.00184645794967365, 20, 57, 1.34814
0.212275132649827, 0.237416481069042, -0.00184645597491148, 20, 56, 1.31993
0.212275132649827, 0.240534521158129, -0.0018464539232559, 20, 55, 1.30431
0.212275132649827, 0.243652561247216, -0.0018464517971226, 20, 55, 1.29628
0.212275132649827, 0.246770601336303, -0.00184644958656478, 20, 54, 1.27645
0.212275132649827, 0.24988864142539, -0.00184644729345531, 20, 53, 1.24818
0.212275132649827, 0.253006681514477, -0.00184644492031871, 20, 53, 1.24795
0.212275132649827, 0.256124721603563, -0.00184644245694458, 20, 52, 1.22441
0.212275132649827, 0.25924276169265, -0.00184643990520069, 20, 51, 1.2024
0.212275132649827, 0.262360801781737, -0.00184643726799483, 20, 51, 1.20192
0.212275132649827, 0.265478841870824, -0.00184643453434987, 20, 50, 1.1759
0.212275132649827, 0.268596881959911, -0.00184643171108317, 20, 50, 1.1838
0.212275132649827, 0.271714922048998, -0.00184642878764309, 20, 49, 1.15254
0.212275132649827, 0.274832962138085, -0.00184642577045812, 20, 49, 1.15633
0.212275132649827, 0.277951002227172, -0.00184642264922516, 20, 48, 1.12995
0.212275132649827, 0.281069042316258, -0.00184641943015536, 20, 48, 1.12965
0.212275132649827, 0.284187082405345, -0.00184641610303288, 20, 47, 1.10436
0.212275132649827, 0.287305122494432, -0.00184641267401193, 20, 47, 1.10841
0.212275132649827, 0.290423162583519, -0.00184640913280875, 20, 46, 1.09092
0.212275132649827, 0.293541202672606, -0.00184640548567923, 20, 46, 1.08092
0.212275132649827, 0.296659242761693, -0.00184640172211362, 20, 45, 1.05537
0.212275132649827, 0.29977728285078, -0.00184639784863528, 20, 45, 1.06596
0.212275132649827, 0.302895322939866, -0.00184639385433818, 20, 44, 1.03306
0.212275132649827, 0.306013363028953, -0.00184638974619603, 20, 44, 1.03485
0.212275132649827, 0.30913140311804, -0.00184638551271347, 20, 43, 1.00912
0.212275132649827, 0.312249443207127, -0.00184638116152595, 20, 43, 1.00913
0.212275132649827, 0.315367483296214, -0.00184637668519161, 20, 43, 1.00948
0.212275132649827, 0.318485523385301, -0.00184637207764753, 20, 42, 0.983841
0.212275132649827, 0.321603563474388, -0.00184636734554902, 20, 42, 0.989257
0.212275132649827, 0.324721603563474, -0.00184636247744949, 20, 41, 0.967924
0.212275132649827, 0.327839643652561, -0.00184635748106328, 20, 41, 0.96119
0.212275132649827, 0.330957683741648, -0.00184635234886252, 20, 41, 0.960486
0.212275132649827, 0.334075723830735, -0.00184634707445789, 20, 40, 0.93733
0.212275132649827, 0.337193763919822, -0.0018463416650552, 20, 40, 0.940269
0.212275132649827, 0.340311804008909, -0.00184633611338454, 20, 40, 0.937298
0.212275132649827, 0.343429844097996, -0.00184633041312104, 20, 39, 0.91234
0.212275132649827, 0.346547884187082, -0.00184632457124714, 20, 39, 0.914109
0.212275132649827, 0.349665924276169, -0.00184631858060152, 20, 39, 0.914069
0.212275132649827, 0.352783964365256, -0.00184631243480895, 20, 38, 0.888694
0.212275132649827, 0.355902004454343, -0.00184630614089568, 20, 38, 0.891753
0.212275132649827, 0.35902004454343, -0.00184629969166984, 20, 38, 0.891751
0.212275132649827, 0.362138084632517, -0.00184629308058727, 20, 37, 0.875451
0.212275132649827, 0.365256124721604, -0.00184628631499029, 20, 37, 0.865481
0.212275132649827, 0.36837416481069, -0.00184627938751505, 20, 37, 0.865702
0.212275132649827, 0.371492204899777, -0.00184627229131553, 20, 36, 0.840055
0.212275132649827, 0.374610244988864, -0.00184626503435096, 20, 36, 0.845556
0.212275132649827, 0.377728285077951, -0.00184625760892928, 20, 36, 0.842376
0.212275132649827, 0.380846325167038, -0.00184625001290062, 20, 36, 0.842753
0.212275132649827, 0.383964365256125, -0.00184624223972356, 20, 35, 0.816895
0.212275132649827, 0.387082405345212, -0.00184623429666682, 20, 35, 0.816813
0.212275132649827, 0.390200445434298, -0.0018462261764263, 20, 35, 0.824864
0.212275132649827, 0.393318485523385, -0.00184621787187215, 20, 34, 0.793666
0.212275132649827, 0.396436525612472, -0.00184620939153708, 20, 34, 0.798125
0.212275132649827, 0.399554565701559, -0.00184620072745473, 20, 34, 0.79374
0.212275132649827, 0.402672605790646, -0.00184619187748519, 20, 34, 0.801116
0.212275132649827, 0.405790645879733, -0.0018461828344937, 20, 33, 0.768437
0.212275132649827, 0.40890868596882, -0.0018461736070331, 20, 33, 0.768123
0.212275132649827, 0.412026726057906, -0.00184616418716012, 20, 33, 0.770506
0.212275132649827, 0.415144766146993, -0.00184615457274925, 20, 33, 0.77108
0.212275132649827, 0.41826280623608, -0.00184614475647502, 20, 32, 0.747598
0.212275132649827, 0.421380846325167, -0.0018461347473328, 20, 32, 0.744981
0.212275132649827, 0.424498886414254, -0.00184612453718593, 20, 32, 0.744996
0.212275132649827, 0.427616926503341, -0.00184611412393141, 20, 32, 0.745335
0.212275132649827, 0.430734966592428, -0.00184610350546901, 20, 32, 0.747267
0.212275132649827, 0.433853006681514, -0.0018460926748288, 20, 31, 0.721759
0.212275132649827, 0.436971046770601, -0.00184608164031894, 20, 31, 0.72929
0.212275132649827, 0.440089086859688, -0.00184607039424, 20, 31, 0.72513
0.212275132649827, 0.443207126948775, -0.00184605893452407, 20, 31, 0.721813
0.212275132649827, 0.446325167037862, -0.00184604725910892, 20, 31, 0.721787
0.212275132649827, 0.449443207126949, -0.00184603536115028, 20, 30, 0.696336
0.212275132649827, 0.452561247216036, -0.0018460232487995, 20, 30, 0.696301
0.212275132649827, 0.455679287305123, -0.0018460109145252, 20, 30, 0.698938
0.212275132649827, 0.458797327394209, -0.0018459983563068, 20, 30, 0.698731
0.212275132649827, 0.461915367483296, -0.0018459855721321, 20, 30, 0.701923
0.212275132649827, 0.465033407572383, -0.00184597255506386, 20, 29, 0.673217
0.212275132649827, 0.46815144766147, -0.00184595931359834, 20, 29, 0.673155
0.212275132649827, 0.471269487750557, -0.00184594584011977, 20, 29, 0.673148
0.212275132649827, 0.474387527839644, -0.00184593213266671, 20, 29, 0.673086
0.212275132649827, 0.477505567928731, -0.00184591818928844, 20, 29, 0.67308
0.212275132649827, 0.480623608017817, -0.00184590400271404, 20, 28, 0.650257
0.212275132649827, 0.483741648106904, -0.00184588958232942, 20, 28, 0.649998
0.212275132649827, 0.486859688195991, -0.00184587492016051, 20, 28, 0.660901
0.212275132649827, 0.489977728285078, -0.00184586001431634, 20, 28, 0.650092
0.212275132649827, 0.493095768374165, -0.00184584486291897, 20, 28, 0.650101
0.212275132649827, 0.496213808463252, -0.00184582946410418, 20, 28, 0.650074
0.212275132649827, 0.499331848552339, -0.00184581381069082, 20, 27, 0.624627
0.212275132649827, 0.502449888641425, -0.00184579791213453, 20, 27, 0.624995
0.212275132649827, 0.505567928730512, -0.00184578176058355, 20, 27, 0.624661
0.212275132649827, 0.508685968819599, -0.00184576535424374, 20, 27, 0.626992
0.212275132649827, 0.511804008908686, -0.00184574869133677, 20, 27, 0.627788
0.212275132649827, 0.514922048997773, -0.00184573177010082, 20, 27, 0.630008
0.212275132649827, 0.51804008908686, -0.00184571458879121, 20, 27, 0.626794
0.212275132649827, 0.521158129175947, -0.00184569714067842, 20, 26, 0.601316
0.212275132649827, 0.524276169265034, -0.00184567943462747, 20, 26, 0.609529
0.212275132649827, 0.52739420935412, -0.00184566146331297, 20, 26, 0.601381
0.212275132649827, 0.530512249443207, -0.00184564322507175, 20, 26, 0.601429
0.212275132649827, 0.533630289532294, -0.00184562471825978, 20, 26, 0.601382
0.212275132649827, 0.536748329621381, -0.00184560594125266, 20, 26, 0.601337
0.212275132649827, 0.539866369710468, -0.00184558689244626, 20, 26, 0.610833
0.212275132649827, 0.542984409799555, -0.00184556756524085, 20, 25, 0.578581
0.212275132649827, 0.546102449888642, -0.00184554796865673, 20, 25, 0.578238
0.212275132649827, 0.549220489977728, -0.0018455280955277, 20, 25, 0.578272
0.212275132649827, 0.552338530066815, -0.00184550794434242, 20, 25, 0.57828
0.212275132649827, 0.555456570155902, -0.00184548751361161, 20, 25, 0.578273
0.212275132649827, 0.558574610244989, -0.00184546680186865, 20, 25, 0.578304
0.212275132649827, 0.561692650334076, -0.00184544580767005, 20, 25, 0.578364
0.212275132649827, 0.564810690423163, -0.00184542452421952, 20, 24, 0.552677
0.212275132649827, 0.567928730512249, -0.00184540296144104, 20, 24, 0.556141
0.212275132649827, 0.571046770601336, -0.00184538111196083, 20, 24, 0.554666
0.212275132649827, 0.574164810690423, -0.0018453589744392, 20, 24, 0.555107
0.212275132649827, 0.57728285077951, -0.0018453365475613, 20, 24, 0.555098
0.212275132649827, 0.580400890868597, -0.00184531383003771, 20, 24, 0.55516
0.212275132649827, 0.583518930957684, -0.00184529082060489, 20, 24, 0.562718
0.212275132649827, 0.586636971046771, -0.00184526751802566, 20, 24, 0.555131
0.212275132649827, 0.589755011135857, -0.00184524391555333, 20, 23, 0.53038
0.212275132649827, 0.592873051224944, -0.00184522002363802, 20, 23, 0.529703
0.212275132649827, 0.595991091314031, -0.00184519583497093, 20, 23, 0.52998
0.212275132649827, 0.599109131403118, -0.0018451713484305, 20, 23, 0.532207
0.212275132649827, 0.602227171492205, -0.0018451465629232, 20, 23, 0.53008
0.212275132649827, 0.605345211581292, -0.00184512147738391, 20, 23, 0.529765
0.212275132649827, 0.608463251670379, -0.00184509609077644, 20, 23, 0.530263
0.212275132649827, 0.611581291759466, -0.00184507040209392, 20, 23, 0.529625
0.212275132649827, 0.614699331848552, -0.00184504441035926, 20, 23, 0.531962
0.212275132649827, 0.617817371937639, -0.0018450181090706, 20, 22, 0.506471
0.212275132649827, 0.620935412026726, -0.00184499150896073, 20, 22, 0.506422
0.212275132649827, 0.624053452115813, -0.00184496460299793, 20, 22, 0.506368
0.212275132649827, 0.6271714922049, -0.00184493739033325, 20, 22, 0.506322
0.212275132649827, 0.630289532293987, -0.00184490987014904, 20, 22, 0.50975
0.212275132649827, 0.633407572383074, -0.00184488204165928, 20, 22, 0.508225
0.212275132649827, 0.63652561247216, -0.00184485390411009, 20, 22, 0.506374
0.212275132649827, 0.639643652561247, -0.00184482545678006, 20, 22, 0.506409
0.212275132649827, 0.642761692650334, -0.00184479669898065, 20, 22, 0.506444
0.212275132649827, 0.645879732739421, -0.00184476763005658, 20, 22, 0.506678
0.212275132649827, 0.648997772828508, -0.00184473824387834, 20, 21, 0.480949
0.212275132649827, 0.652115812917595, -0.00184470855138555, 20, 21, 0.488569
0.212275132649827, 0.655233853006682, -0.00184467854595802, 20, 21, 0.480853
0.212275132649827, 0.658351893095768, -0.00184464822708144, 20, 21, 0.480922
0.212275132649827, 0.661469933184855, -0.00184461759427614, 20, 21, 0.481146
0.212275132649827, 0.664587973273942, -0.00184458664709742, 20, 21, 0.48873
0.212275132649827, 0.667706013363029, -0.00184455538513592, 20, 21, 0.483298
0.212275132649827, 0.670824053452116, -0.00184452380801798, 20, 21, 0.483309
0.212275132649827, 0.673942093541203, -0.00184449191540599, 20, 21, 0.483257
0.212275132649827, 0.67706013363029, -0.00184445970699869, 20, 21, 0.483339
0.212275132649827, 0.680178173719376, -0.00184442718253153, 20, 21, 0.483247
0.212275132649827, 0.683296213808463, -0.00184439433630347, 20, 20, 0.457818
0.212275132649827, 0.68641425389755, -0.00184436117955673, 20, 20, 0.457972
0.212275132649827, 0.689532293986637, -0.00184432770613691, 20, 20, 0.457754
0.212275132649827, 0.692650334075724, -0.00184429391593316, 20, 20, 0.457737
0.212275132649827, 0.695768374164811, -0.00184425980887253, 20, 20, 0.457731
0.212275132649827, 0.698886414253898, -0.00184422538492029, 20, 20, 0.461105
0.212275132649827, 0.702004454342984, -0.00184419064408024, 20, 20, 0.467656
0.212275132649827, 0.705122494432071, -0.00184415558639501, 20, 20, 0.457775
0.212275132649827, 0.708240534521158, -0.00184412021194633, 20, 20, 0.457692
0.212275132649827, 0.711358574610245, -0.00184408452085535, 20, 20, 0.457708
0.212275132649827, 0.714476614699332, -0.00184404851328294, 20, 20, 0.457786
0.212275132649827, 0.717594654788419, -0.00184401218942988, 20, 20, 0.460088
0.212275132649827, 0.720712694877506, -0.00184397554400776, 20, 19, 0.434531
0.212275132649827, 0.723830734966592, -0.00184393858882402, 20, 19, 0.44183
0.212275132649827, 0.726948775055679, -0.00184390131816517, 20, 19, 0.434867
0.212275132649827, 0.730066815144766, -0.0018438637323978, 20, 19, 0.434595
0.212275132649827, 0.733184855233853, -0.00184382583192945, 20, 19, 0.434496
0.212275132649827, 0.73630289532294, -0.00184378761720892, 20, 19, 0.437819
0.212275132649827, 0.739420935412027, -0.00184374908872647, 20, 19, 0.434639
0.212275132649827, 0.742538975501114, -0.0018437102470141, 20, 19, 0.434605
0.212275132649827, 0.7456570155902, -0.0018436710926458, 20, 19, 0.434619
0.212275132649827, 0.748775055679287, -0.00184363162623776, 20, 19, 0.434544
0.212275132649827, 0.751893095768374, -0.00184359184844862, 20, 19, 0.43463
0.212275132649827, 0.755011135857461, -0.00184355175997969, 20, 19, 0.434609
0.212275132649827, 0.758129175946548, -0.00184351136157515, 20, 19, 0.434612
0.212275132649827, 0.761247216035635, -0.00184347065402229, 20, 19, 0.434634
0.212275132649827, 0.764365256124722, -0.00184342963285386, 20, 18, 0.409091
0.212275132649827, 0.767483296213809, -0.00184338830996459, 20, 18, 0.409201
0.212275132649827, 0.770601336302895, -0.00184334668051546, 20, 18, 0.409362
0.212275132649827, 0.773719376391982, -0.00184330474547088, 20, 18, 0.410076
0.212275132649827, 0.776837416481069, -0.00184326250583908, 20, 18, 0.411567
0.212275132649827, 0.779955456570156, -0.00184321996267237, 20, 18, 0.408974
0.212275132649827, 0.783073496659243, -0.00184317711706731, 20, 18, 0.419008
0.212275132649827, 0.78619153674833, -0.00184313397016487, 20, 18, 0.411425
0.212275132649827, 0.789309576837417, -0.00184309052315066, 20, 18, 0.411546
0.212275132649827, 0.792427616926503, -0.00184304677725507, 20, 18, 0.411449
0.212275132649827, 0.79554565701559, -0.00184300273375342, 20, 18, 0.411455
0.212275132649827, 0.798663697104677, -0.00184295839396618, 20, 18, 0.411521
0.212275132649827, 0.801781737193764, -0.00184291375925908, 20, 18, 0.411517
0.212275132649827, 0.804899777282851, -0.00184286883104326, 20, 18, 0.411532
0.212275132649827, 0.808017817371938, -0.00184282361077544, 20, 18, 0.411398
0.212275132649827, 0.811135857461025, -0.00184277809459964, 20, 17, 0.386463
0.212275132649827, 0.814253897550111, -0.00184273229518792, 20, 17, 0.386506
0.212275132649827, 0.817371937639198, -0.00184268620833837, 20, 17, 0.386133
0.212275132649827, 0.820489977728285, -0.00184263983569367, 20, 17, 0.385964
0.212275132649827, 0.823608017817372, -0.00184259317894257, 20, 17, 0.385946
0.212275132649827, 0.826726057906459, -0.00184254623981997, 20, 17, 0.385927
0.212275132649827, 0.829844097995546, -0.00184249902010712, 20, 17, 0.385974
0.212275132649827, 0.832962138084633, -0.00184245152163164, 20, 17, 0.385936
0.212275132649827, 0.836080178173719, -0.00184240374626771, 20, 17, 0.385938
0.212275132649827, 0.839198218262806, -0.00184235569593617, 20, 17, 0.385921
0.212275132649827, 0.842316258351893, -0.00184230737260456, 20, 17, 0.385967
0.212275132649827, 0.84543429844098, -0.00184225877828729, 20, 17, 0.386
0.212275132649827, 0.848552338530067, -0.00184220991504569, 20, 17, 0.385957
0.212275132649827, 0.851670378619154, -0.00184216078498812, 20, 17, 0.386019
0.212275132649827, 0.854788418708241, -0.00184211139027002, 20, 17, 0.386538
0.212275132649827, 0.857906458797328, -0.00184206173309401, 20, 17, 0.388794
0.212275132649827, 0.861024498886414, -0.00184201181570997, 20, 17, 0.388271
0.212275132649827, 0.864142538975501, -0.00184196163502689, 20, 16, 0.362749
0.212275132649827, 0.867260579064588, -0.00184191120455178, 20, 16, 0.363077
0.212275132649827, 0.870378619153675, -0.00184186052087477, 20, 16, 0.363209
0.212275132649827, 0.873496659242762, -0.00184180958643733, 20, 16, 0.370553
0.212275132649827, 0.876614699331849, -0.00184175840372826, 20, 16, 0.362864
0.212275132649827, 0.879732739420936, -0.00184170697528386, 20, 16, 0.363178
0.212275132649827, 0.882850779510022, -0.00184165530368789, 20, 16, 0.36293
0.212275132649827, 0.885968819599109, -0.00184160339157166, 20, 16, 0.363263
0.212275132649827, 0.889086859688196, -0.00184155124161404, 20, 16, 0.362887
0.212275132649827, 0.892204899777283, -0.00184149885654153, 20, 16, 0.362869
0.212275132649827, 0.89532293986637, -0.00184144623912824, 20, 16, 0.363251
0.212275132649827, 0.898440979955457, -0.00184139339219594, 20, 16, 0.363322
0.212275132649827, 0.901559020044544, -0.00184134031861409, 20, 16, 0.364727
0.212275132649827, 0.90467706013363, -0.00184128702129982, 20, 16, 0.364072
0.212275132649827, 0.907795100222717, -0.00184123350321797, 20, 16, 0.362896
0.212275132649827, 0.910913140311804, -0.00184117976738105, 20, 16, 0.362948
0.212275132649827, 0.914031180400891, -0.0018411258168493, 20, 16, 0.363239
0.212275132649827, 0.917149220489978, -0.00184107165473063, 20, 16, 0.363111
0.212275132649827, 0.920267260579065, -0.00184101728418064, 20, 16, 0.363185
0.212275132649827, 0.923385300668152, -0.0018409627084026, 20, 16, 0.362848
0.212275132649827, 0.926503340757238, -0.00184090792547918, 20, 15, 0.337382
0.212275132649827, 0.929621380846325, -0.00184085294939347, 20, 15, 0.337719
0.212275132649827, 0.932739420935412, -0.00184079777795191, 20, 15, 0.337392
0.212275132649827, 0.935857461024499, -0.00184074241454977, 20, 15, 0.345382
0.212275132649827, 0.938975501113586, -0.00184068686262973, 20, 15, 0.337724
0.212275132649827, 0.942093541202673, -0.00184063112568186, 20, 15, 0.337325
0.212275132649827, 0.945211581291759, -0.00184057520724358, 20, 15, 0.337313
0.212275132649827, 0.948329621380847, -0.00184051911089962, 20, 15, 0.341374
0.212275132649827, 0.951447661469933, -0.00184046284028197, 20, 15, 0.33742
0.212275132649827, 0.95456570155902, -0.00184040639906982, 20, 15, 0.337346
0.212275132649827, 0.957683741648107, -0.00184034979098951, 20, 15, 0.340077
0.212275132649827, 0.960801781737194, -0.00184029301981447, 20, 15, 0.339741
0.212275132649827, 0.963919821826281, -0.00184023608936515, 20, 15, 0.339749
0.212275132649827, 0.967037861915368, -0.00184017900350897, 20, 15, 0.347357
0.212275132649827, 0.970155902004454, -0.00184012176616018, 20, 15, 0.339644
0.212275132649827, 0.973273942093541, -0.00184006438127989, 20, 15, 0.339648
0.212275132649827, 0.976391982182628, -0.00184000685287588, 20, 15, 0.339698
0.212275132649827, 0.979510022271715, -0.00183994918500258, 20, 15, 0.339648
0.212275132649827, 0.982628062360802, -0.00183989138176094, 20, 15, 0.33961
0.212275132649827, 0.985746102449889, -0.00183983344729838, 20, 15, 0.339718
0.212275132649827, 0.988864142538975, -0.00183977538580863, 20, 15, 0.339681
0.212275132649827, 0.991982182628063, -0.0018397172015317, 20, 15, 0.339645
0.212275132649827, 0.995100222717149, -0.00183965889875369, 20, 15, 0.341381
0.212275132649827, 0.998218262806236, -0.00183960047687362, 20, 14, 0.316396
0.212275132649827, 1.00133630289532, -0.0018395419504467, 20, 14, 0.314249
0.212275132649827, 1.00445434298441, -0.00183948331863319, 20, 14, 0.314199
0.212275132649827, 1.0075723830735, -0.0018394245859038, 20, 14, 0.314149
0.212275132649827, 1.01069042316258, -0.00183936575677473, 20, 14, 0.314179
0.212275132649827, 1.01380846325167, -0.00183930683580748, 20, 14, 0.314152
0.212275132649827, 1.01692650334076, -0.00183924782760879, 20, 14, 0.314139
0.212275132649827, 1.02004454342984, -0.00183918873683043, 20, 14, 0.314123
0.212275132649827, 1.02316258351893, -0.00183912956816915, 20, 14, 0.314178
0.212275132649827, 1.02628062360802, -0.00183907032636646, 20, 14, 0.314389
0.212275132649827, 1.0293986636971, -0.00183901101620852, 20, 14, 0.314107
0.212275132649827, 1.03251670378619, -0.001838951642526, 20, 14, 0.314149
0.212275132649827, 1.03563474387528, -0.00183889221019392, 20, 14, 0.314125
0.212275132649827, 1.03875278396437, -0.00183883272413146, 20, 14, 0.314164
0.212275132649827, 1.04187082405345, -0.00183877318930185, 20, 14, 0.32179
0.212275132649827, 1.04498886414254, -0.00183871361071217, 20, 14, 0.314015
0.212275132649827, 1.04810690423163, -0.00183865399341321, 20, 14, 0.316292
0.212275132649827, 1.05122494432071, -0.00183859434249928, 20, 14, 0.315773
0.212275132649827, 1.0543429844098, -0.00183853466310802, 20, 14, 0.314118
0.212275132649827, 1.05746102449889, -0.00183847496042027, 20, 14, 0.314193
0.212275132649827, 1.06057906458797, -0.00183841523965983, 20, 14, 0.31419
0.212275132649827, 1.06369710467706, -0.00183835550609334, 20, 14, 0.314152
0.212275132649827, 1.06681514476615, -0.00183829576503002, 20, 14, 0.314147
0.212275132649827, 1.06993318485523, -0.00183823602182154, 20, 14, 0.314107
0.212275132649827, 1.07305122494432, -0.00183817628186178, 20, 14, 0.314207
0.212275132649827, 1.07616926503341, -0.00183811655058667, 20, 14, 0.316453
0.212275132649827, 1.07928730512249, -0.00183805683347395, 20, 14, 0.316476
0.212275132649827, 1.08240534521158, -0.00183799713144058, 20, 13, 0.290997
0.212275132649827, 1.08552338530067, -0.00183793745952226, 20, 13, 0.290966
0.212275132649827, 1.08864142538976, -0.00183787781843267, 20, 13, 0.291102
0.212275132649827, 1.09175946547884, -0.00183781821381574, 20, 13, 0.291125
0.212275132649827, 1.09487750556793, -0.00183775865135608, 20, 13, 0.291004
0.212275132649827, 1.09799554565702, -0.00183769913677882, 20, 13, 0.290907
0.212275132649827, 1.1011135857461, -0.00183763967584937, 20, 13, 0.292458
0.212275132649827, 1.10423162583519, -0.00183758027437321, 20, 13, 0.2926
0.212275132649827, 1.10734966592428, -0.00183752093819563, 20, 13, 0.291034
0.212275132649827, 1.11046770601336, -0.00183746167320155, 20, 13, 0.291092
0.212275132649827, 1.11358574610245, -0.00183740248531525, 20, 13, 0.291058
0.212275132649827, 1.11670378619154, -0.00183734338050013, 20, 13, 0.291013
0.212275132649827, 1.11982182628062, -0.0018372843647585, 20, 13, 0.291029
0.212275132649827, 1.12293986636971, -0.00183722544413134, 20, 13, 0.291106
0.212275132649827, 1.1260579064588, -0.00183716662469801, 20, 13, 0.291019
0.212275132649827, 1.12917594654788, -0.00183710791257607, 20, 13, 0.290971
0.212275132649827, 1.13229398663697, -0.00183704931392096, 20, 13, 0.291014
0.212275132649827, 1.13541202672606, -0.00183699083492581, 20, 13, 0.291097
0.212275132649827, 1.13853006681514, -0.00183693248182115, 20, 13, 0.291016
0.212275132649827, 1.14164810690423, -0.00183687426087465, 20, 13, 0.291034
0.212275132649827, 1.14476614699332, -0.00183681617839088, 20, 13, 0.291102
0.212275132649827, 1.14788418708241, -0.00183675824071104, 20, 13, 0.290974
0.212275132649827, 1.15100222717149, -0.00183670045421269, 20, 13, 0.291286
0.212275132649827, 1.15412026726058, -0.00183664282530948, 20, 13, 0.291043
0.212275132649827, 1.15723830734967, -0.00183658536045089, 20, 13, 0.291294
0.212275132649827, 1.16035634743875, -0.00183652806612195, 20, 13, 0.302484
0.212275132649827, 1.16347438752784, -0.00183647094884297, 20, 13, 0.291016
0.212275132649827, 1.16659242761693, -0.00183641401516924, 20, 13, 0.290933
0.212275132649827, 1.16971046770601, -0.00183635727169081, 20, 13, 0.290978
0.212275132649827, 1.1728285077951, -0.00183630072503212, 20, 13, 0.291004
0.212275132649827, 1.17594654788419, -0.00183624438185182, 20, 13, 0.291207
0.212275132649827, 1.17906458797327, -0.00183618824440094, 20, 12, 0.265578
0.212275132649827, 1.18218262806236, -0.00183613232852965, 20, 12, 0.265469
0.212275132649827, 1.18530066815145, -0.00183607663630158, 20, 12, 0.26546
0.212275132649827, 1.18841870824053, -0.0018360211745098, 20, 12, 0.265471
0.212275132649827, 1.19153674832962, -0.00183596594998003, 20, 12, 0.265435
0.212275132649827, 1.19465478841871, -0.00183591096957037, 20, 12, 0.26549
0.212275132649827, 1.1977728285078, -0.00183585624017098, 20, 12, 0.265381
0.212275132649827, 1.20089086859688, -0.00183580176870381, 20, 12, 0.265451
0.212275132649827, 1.20400890868597, -0.00183574756212228, 20, 12, 0.265531
0.212275132649827, 1.20712694877506, -0.00183569362741098, 20, 12, 0.265499
0.212275132649827, 1.21024498886414, -0.00183563997158537, 20, 12, 0.265527
0.212275132649827, 1.21336302895323, -0.00183558660169147, 20, 12, 0.265493
0.212275132649827, 1.21648106904232, -0.00183553352480555, 20, 12, 0.265715
0.212275132649827, 1.2195991091314, -0.00183548074803383, 20, 12, 0.268203
0.212275132649827, 1.22271714922049, -0.00183542827851216, 20, 12, 0.266486
0.212275132649827, 1.22583518930958, -0.00183537612340569, 20, 12, 0.26549
0.212275132649827, 1.22895322939866, -0.00183532428990861, 20, 12, 0.265467
0.212275132649827, 1.23207126948775, -0.00183527278524378, 20, 12, 0.267789
0.212275132649827, 1.23518930957684, -0.0018352216166624, 20, 12, 0.267822
0.212275132649827, 1.23830734966592, -0.00183517079144376, 20, 12, 0.26777
0.212275132649827, 1.24142538975501, -0.00183512031689485, 20, 12, 0.267775
0.212275132649827, 1.2445434298441, -0.00183507020035009, 20, 12, 0.275683
0.212275132649827, 1.24766146993318, -0.00183502044917094, 20, 12, 0.267807
0.212275132649827, 1.25077951002227, -0.00183497107074566, 20, 12, 0.267836
0.212275132649827, 1.25389755011136, -0.0018349220724889, 20, 12, 0.26782
0.212275132649827, 1.25701559020045, -0.00183487346184143, 20, 12, 0.267837
0.212275132649827, 1.26013363028953, -0.00183482524626979, 20, 12, 0.267833
0.212275132649827, 1.26325167037862, -0.00183477743326594, 20, 12, 0.267816
0.212275132649827, 1.26636971046771, -0.00183473003034695, 20, 12, 0.267822
0.212275132649827, 1.26948775055679, -0.00183468304505469, 20, 12, 0.267903
0.212275132649827, 1.27260579064588, -0.00183463648495542, 20, 12, 0.267869
0.212275132649827, 1.27572383073497, -0.00183459035763955, 20, 12, 0.267861
0.212275132649827, 1.27884187082405, -0.00183454467072122, 20, 12, 0.267898
0.212275132649827, 1.28195991091314, -0.00183449943183801, 20, 12, 0.270899
0.212275132649827, 1.28507795100223, -0.0018344546486506, 20, 12, 0.274917
0.212275132649827, 1.28819599109131, -0.00183441032884241, 20, 12, 0.26789
0.212275132649827, 1.2913140311804, -0.00183436648011924, 20, 12, 0.267835
0.212275132649827, 1.29443207126949, -0.00183432311020901, 20, 12, 0.268251
0.212275132649827, 1.29755011135857, -0.00183428022283653, 20, 11, 0.242403
0.212275132649827, 1.30066815144766, -0.00183423783402332, 20, 11, 0.242434
0.212275132649827, 1.30378619153675, -0.00183419594732569, 20, 11, 0.2424
0.212275132649827, 1.30690423162584, -0.00183415457055683, 20, 11, 0.242457
0.212275132649827, 1.31002227171492, -0.00183411371155029, 20, 11, 0.242725
0.212275132649827, 1.31314031180401, -0.00183407337815959, 20, 11, 0.242416
0.212275132649827, 1.3162583518931, -0.00183403357825786, 20, 11, 0.242347
0.212275132649827, 1.31937639198218, -0.00183399431973753, 20, 11, 0.242412
0.212275132649827, 1.32249443207127, -0.00183395561050997, 20, 11, 0.242751
0.212275132649827, 1.32561247216036, -0.0018339174585051, 20, 11, 0.2424
0.212275132649827, 1.32873051224944, -0.00183387987167113, 20, 11, 0.242385
0.212275132649827, 1.33184855233853, -0.00183384285797411, 20, 11, 0.242451
0.212275132649827, 1.33496659242762, -0.00183380642539767, 20, 11, 0.242745
0.212275132649827, 1.3380846325167, -0.0018337705819426, 20, 11, 0.242425
0.212275132649827, 1.34120267260579, -0.00183373533562654, 20, 11, 0.242382
0.212275132649827, 1.34432071269488, -0.00183370069448362, 20, 11, 0.24239
0.212275132649827, 1.34743875278396, -0.00183366666656409, 20, 11, 0.243984
0.212275132649827, 1.35055679287305, -0.00183363325993401, 20, 11, 0.244852
0.212275132649827, 1.35367483296214, -0.00183360048267484, 20, 11, 0.242369
0.212275132649827, 1.35679287305122, -0.00183356834288314, 20, 11, 0.242357
0.212275132649827, 1.35991091314031, -0.00183353684867019, 20, 11, 0.242784
0.212275132649827, 1.3630289532294, -0.00183350600816165, 20, 11, 0.242416
0.212275132649827, 1.36614699331849, -0.00183347582949717, 20, 11, 0.242251
0.212275132649827, 1.36926503340757, -0.00183344632083011, 20, 11, 0.242284
0.212275132649827, 1.37238307349666, -0.0018334174903271, 20, 11, 0.242326
0.212275132649827, 1.37550111358575, -0.00183338934616777, 20, 11, 0.242299
0.212275132649827, 1.37861915367483, -0.00183336189654432, 20, 11, 0.242211
0.212275132649827, 1.38173719376392, -0.00183333514966122, 20, 11, 0.242241
0.212275132649827, 1.38485523385301, -0.00183330911373483, 20, 11, 0.249949
0.212275132649827, 1.38797327394209, -0.00183328379699305, 20, 11, 0.242212
0.212275132649827, 1.39109131403118, -0.00183325920767498, 20, 11, 0.242251
0.212275132649827, 1.39420935412027, -0.00183323535403056, 20, 11, 0.242308
0.212275132649827, 1.39732739420935, -0.0018332122443202, 20, 11, 0.242304
0.212275132649827, 1.40044543429844, -0.00183318988681444, 20, 11, 0.242235
0.212275132649827, 1.40356347438753, -0.00183316828979359, 20, 11, 0.242225
0.212275132649827, 1.40668151447661, -0.0018331474615474, 20, 11, 0.242315
0.212275132649827, 1.4097995545657, -0.00183312741037468, 20, 11, 0.242342
0.212275132649827, 1.41291759465479, -0.00183310814458296, 20, 11, 0.242275
0.212275132649827, 1.41603563474388, -0.00183308967248813, 20, 11, 0.244238
0.212275132649827, 1.41915367483296, -0.00183307200241409, 20, 11, 0.243335
0.212275132649827, 1.42227171492205, -0.0018330551426924, 20, 11, 0.242295
0.212275132649827, 1.42538975501114, -0.00183303910166194, 20, 11, 0.242277
0.212275132649827, 1.42850779510022, -0.00183302388766854, 20, 11, 0.242294
0.212275132649827, 1.43162583518931, -0.00183300950906464, 20, 11, 0.242238
0.212275132649827, 1.4347438752784, -0.00183299597420893, 20, 11, 0.244621
0.212275132649827, 1.43786191536748, -0.00183298329146602, 20, 11, 0.24464
0.212275132649827, 1.44097995545657, -0.0018329714655967, 20, 10, 0.219417
0.212275132649827, 1.44409799554566, -0.00183296051235937, 20, 10, 0.219171
0.212275132649827, 1.44721603563474, -0.00183295043635314, 20, 10, 0.219137
0.212275132649827, 1.45033407572383, -0.00183294124596309, 20, 10, 0.219224
0.212275132649827, 1.45345211581292, -0.00183293294957845, 20, 10, 0.2192
0.212275132649827, 1.456570155902, -0.00183292555559226, 20, 10, 0.219195
0.212275132649827, 1.45968819599109, -0.00183291907240102, 20, 10, 0.219205
0.212275132649827, 1.46280623608018, -0.00183291350840434, 20, 10, 0.219239
0.212275132649827, 1.46592427616927, -0.0018329088720046, 20, 10, 0.219272
0.212275132649827, 1.46904231625835, -0.00183290517160662, 20, 10, 0.219268
0.212275132649827, 1.47216035634744, -0.0018329024156173, 20, 10, 0.219264
0.212275132649827, 1.47527839643653, -0.00183290061244528, 20, 10, 0.219263
0.212275132649827, 1.47839643652561, -0.00183289977050059, 20, 10, 0.219264
0.212275132649827, 1.4815144766147, -0.00183289989819436, 20, 10, 0.219246
0.212275132649827, 1.48463251670379, -0.00183290100393841, 20, 10, 0.219226
0.212275132649827, 1.48775055679287, -0.00183290309614495, 20, 10, 0.220916
0.212275132649827, 1.49086859688196, -0.00183290618322625, 20, 10, 0.221544
0.212275132649827, 1.49398663697105, -0.00183291027359429, 20, 10, 0.219241
0.212275132649827, 1.49710467706013, -0.00183291537566039, 20, 10, 0.219213
0.212275132649827, 1.50022271714922, -0.00183292149783495, 20, 10, 0.219215
0.212275132649827, 1.50334075723831, -0.00183292864852706, 20, 10, 0.219245
0.212275132649827, 1.50645879732739, -0.00183293683614417, 20, 10, 0.219214
0.212275132649827, 1.50957683741648, -0.00183294606909179, 20, 10, 0.219249
0.212275132649827, 1.51269487750557, -0.00183295635577312, 20, 10, 0.219222
0.212275132649827, 1.51581291759465, -0.00183296770458874, 20, 10, 0.219229
0.212275132649827, 1.51893095768374, -0.00183298012393628, 20, 10, 0.219263
0.212275132649827, 1.52204899777283, -0.00183299362221011, 20, 10, 0.21926
0.212275132649827, 1.52516703786192, -0.00183300820780096, 20, 10, 0.219246
0.212275132649827, 1.528285077951, -0.00183302388909565, 20, 10, 0.219465
0.212275132649827, 1.53140311804009, -0.00183304067447674, 20, 10, 0.219149
0.212275132649827, 1.53452115812918, -0.00183305857232219, 20, 10, 0.219218
0.212275132649827, 1.53763919821826, -0.00183307759100509, 20, 10, 0.219224
0.212275132649827, 1.54075723830735, -0.00183309773889327, 20, 10, 0.226817
0.212275132649827, 1.54387527839644, -0.00183311902434904, 20, 10, 0.219094
0.212275132649827, 1.54699331848552, -0.00183314145572884, 20, 10, 0.21915
0.212275132649827, 1.55011135857461, -0.00183316504138293, 20, 10, 0.219135
0.212275132649827, 1.5532293986637, -0.00183318978965506, 20, 10, 0.219132
0.212275132649827, 1.55634743875278, -0.00183321570888219, 20, 10, 0.219104
0.212275132649827, 1.55946547884187, -0.00183324280739413, 20, 10, 0.219068
0.212275132649827, 1.56258351893096, -0.00183327109351326, 20, 10, 0.220196
0.212275132649827, 1.56570155902004, -0.00183330057555422, 20, 10, 0.221302
0.212275132649827, 1.56881959910913, -0.00183333126182357, 20, 10, 0.219125
0.212275132649827, 1.57193763919822, -0.00183336316061952, 20, 10, 0.219082
0.212275132649827, 1.57505567928731, -0.00183339628023159, 20, 10, 0.219155
0.212275132649827, 1.57817371937639, -0.00183343062894034, 20, 10, 0.219148
0.212275132649827, 1.58129175946548, -0.00183346621501702, 20, 10, 0.219526
0.212275132649827, 1.58440979955457, -0.00183350304672329, 20, 10, 0.219156
0.212275132649827, 1.58752783964365, -0.00183354113231095, 20, 10, 0.219136
0.212275132649827, 1.59064587973274, -0.00183358048002158, 20, 10, 0.219153
0.212275132649827, 1.59376391982183, -0.00183362109808629, 20, 10, 0.219105
0.212275132649827, 1.59688195991091, -0.00183366299472539, 20, 10, 0.219132
0.212275132649827, 1.6, -0.00183370617814812, 20, 10, 0.219064
# finished at Tue Apr 29 23:37:36 CEST 2014
