# starting on alcc60 at Wed Apr 30 03:42:47 CEST 2014
# casimir, -T, 0.200000,1.600000,450, -Q, 0.478205552608593, -p, 1e-08, -L, 20
# Compiler icc, using long double and plain matrix elements and plain integration
# precision=1e-08
# lfac=5
# cores=1
# L=0.478206
# T=0.2...1.6 (450)
#
# R/(L+R), T, F, lmax, nmax, time
0.478205552608593, 0.2, -0.0313226998162421, 20, 93, 2.76079
0.478205552608593, 0.203118040089087, -0.0313226859781988, 20, 92, 2.71741
0.478205552608593, 0.206236080178174, -0.0313226714453214, 20, 90, 2.6657
0.478205552608593, 0.209354120267261, -0.031322656313488, 20, 89, 2.62772
0.478205552608593, 0.212472160356347, -0.0313226405049341, 20, 88, 2.60012
0.478205552608593, 0.215590200445434, -0.0313226239429025, 20, 86, 2.53871
0.478205552608593, 0.218708240534521, -0.0313226067285012, 20, 85, 2.52333
0.478205552608593, 0.221826280623608, -0.0313225887814492, 20, 84, 2.56935
0.478205552608593, 0.224944320712695, -0.0313225700826298, 20, 83, 2.56655
0.478205552608593, 0.228062360801782, -0.0313225506131677, 20, 82, 2.51006
0.478205552608593, 0.231180400890869, -0.0313225303525315, 20, 81, 2.41851
0.478205552608593, 0.234298440979955, -0.0313225092814003, 20, 80, 2.3967
0.478205552608593, 0.237416481069042, -0.0313224873797643, 20, 79, 2.33169
0.478205552608593, 0.240534521158129, -0.0313224646274128, 20, 78, 2.3025
0.478205552608593, 0.243652561247216, -0.031322441003933, 20, 77, 2.41395
0.478205552608593, 0.246770601336303, -0.0313224164887207, 20, 76, 2.3158
0.478205552608593, 0.24988864142539, -0.0313223910614958, 20, 75, 2.41439
0.478205552608593, 0.253006681514477, -0.0313223647002368, 20, 74, 2.23549
0.478205552608593, 0.256124721603563, -0.0313223373842865, 20, 73, 2.19485
0.478205552608593, 0.25924276169265, -0.0313223090922859, 20, 72, 2.13699
0.478205552608593, 0.262360801781737, -0.0313222798026843, 20, 71, 2.09311
0.478205552608593, 0.265478841870824, -0.0313222494937432, 20, 70, 2.11495
0.478205552608593, 0.268596881959911, -0.0313222182173754, 20, 70, 2.15782
0.478205552608593, 0.271714922048998, -0.0313221858097028, 20, 69, 2.05863
0.478205552608593, 0.274832962138085, -0.0313221523166357, 20, 68, 2.04932
0.478205552608593, 0.277951002227172, -0.0313221177163277, 20, 67, 2.02355
0.478205552608593, 0.281069042316258, -0.0313220820620552, 20, 67, 2.06564
0.478205552608593, 0.284187082405345, -0.0313220451865513, 20, 66, 2.06448
0.478205552608593, 0.287305122494432, -0.0313220071365635, 20, 65, 1.98733
0.478205552608593, 0.290423162583519, -0.031321967964493, 20, 65, 1.9264
0.478205552608593, 0.293541202672606, -0.0313219275046626, 20, 64, 1.89431
0.478205552608593, 0.296659242761693, -0.0313218858019033, 20, 63, 1.85079
0.478205552608593, 0.29977728285078, -0.0313218429106356, 20, 63, 1.85571
0.478205552608593, 0.302895322939866, -0.0313217986619684, 20, 62, 1.82681
0.478205552608593, 0.306013363028953, -0.0313217531001391, 20, 61, 1.79299
0.478205552608593, 0.30913140311804, -0.0313217062853872, 20, 61, 1.79819
0.478205552608593, 0.312249443207127, -0.0313216580384762, 20, 60, 1.7629
0.478205552608593, 0.315367483296214, -0.0313216084886071, 20, 60, 1.76307
0.478205552608593, 0.318485523385301, -0.0313215574634232, 20, 59, 1.73223
0.478205552608593, 0.321603563474388, -0.0313215050079401, 20, 58, 1.70285
0.478205552608593, 0.324721603563474, -0.031321451188745, 20, 58, 1.70301
0.478205552608593, 0.327839643652561, -0.031321395813836, 20, 57, 1.67211
0.478205552608593, 0.330957683741648, -0.0313213390269985, 20, 57, 1.67341
0.478205552608593, 0.334075723830735, -0.0313212806380137, 20, 56, 1.64263
0.478205552608593, 0.337193763919822, -0.0313212207897011, 20, 56, 1.64273
0.478205552608593, 0.340311804008909, -0.0313211592922446, 20, 55, 1.61356
0.478205552608593, 0.343429844097996, -0.0313210962882052, 20, 55, 1.61509
0.478205552608593, 0.346547884187082, -0.0313210315853408, 20, 54, 1.58484
0.478205552608593, 0.349665924276169, -0.0313209653309866, 20, 54, 1.58417
0.478205552608593, 0.352783964365256, -0.0313208973275648, 20, 53, 1.55318
0.478205552608593, 0.355902004454343, -0.0313208277280745, 20, 53, 1.55343
0.478205552608593, 0.35902004454343, -0.0313207563279297, 20, 52, 1.52416
0.478205552608593, 0.362138084632517, -0.0313206832883349, 20, 52, 1.52408
0.478205552608593, 0.365256124721604, -0.0313206084860148, 20, 52, 1.52408
0.478205552608593, 0.36837416481069, -0.0313205318203104, 20, 51, 1.49326
0.478205552608593, 0.371492204899777, -0.0313204534350085, 20, 51, 1.49593
0.478205552608593, 0.374610244988864, -0.0313203731323514, 20, 50, 1.46378
0.478205552608593, 0.377728285077951, -0.0313202910690287, 20, 50, 1.46385
0.478205552608593, 0.380846325167038, -0.0313202071243451, 20, 50, 1.4646
0.478205552608593, 0.383964365256125, -0.0313201211965125, 20, 49, 1.43307
0.478205552608593, 0.387082405345212, -0.0313200334310679, 20, 49, 1.43455
0.478205552608593, 0.390200445434298, -0.031319943626827, 20, 48, 1.40536
0.478205552608593, 0.393318485523385, -0.0313198519460605, 20, 48, 1.40562
0.478205552608593, 0.396436525612472, -0.031319758265389, 20, 48, 1.40553
0.478205552608593, 0.399554565701559, -0.0313196624768528, 20, 47, 1.37466
0.478205552608593, 0.402672605790646, -0.0313195647390534, 20, 47, 1.37466
0.478205552608593, 0.405790645879733, -0.0313194649309286, 20, 47, 1.37686
0.478205552608593, 0.40890868596882, -0.0313193629453473, 20, 46, 1.34548
0.478205552608593, 0.412026726057906, -0.031319258939199, 20, 46, 1.34533
0.478205552608593, 0.415144766146993, -0.0313191527927022, 20, 46, 1.34535
0.478205552608593, 0.41826280623608, -0.031319044398017, 20, 45, 1.33797
0.478205552608593, 0.421380846325167, -0.0313189339137988, 20, 45, 1.3473
0.478205552608593, 0.424498886414254, -0.0313188212197574, 20, 45, 1.38968
0.478205552608593, 0.427616926503341, -0.0313187062057453, 20, 44, 1.35352
0.478205552608593, 0.430734966592428, -0.0313185890357551, 20, 44, 1.29237
0.478205552608593, 0.433853006681514, -0.0313184695871615, 20, 44, 1.28598
0.478205552608593, 0.436971046770601, -0.0313183477457581, 20, 43, 1.25507
0.478205552608593, 0.440089086859688, -0.0313182236847484, 20, 43, 1.267
0.478205552608593, 0.443207126948775, -0.0313180972771851, 20, 43, 1.26668
0.478205552608593, 0.446325167037862, -0.0313179684027905, 20, 42, 1.30154
0.478205552608593, 0.449443207126949, -0.03131783724839, 20, 42, 1.29052
0.478205552608593, 0.452561247216036, -0.0313177036804469, 20, 42, 1.30114
0.478205552608593, 0.455679287305123, -0.0313175676783757, 20, 42, 1.34414
0.478205552608593, 0.458797327394209, -0.0313174291243057, 20, 41, 1.22519
0.478205552608593, 0.461915367483296, -0.0313172881980166, 20, 41, 1.24341
0.478205552608593, 0.465033407572383, -0.0313171447711785, 20, 41, 1.21217
0.478205552608593, 0.46815144766147, -0.0313169988227578, 20, 41, 1.2044
0.478205552608593, 0.471269487750557, -0.0313168502387189, 20, 40, 1.16759
0.478205552608593, 0.474387527839644, -0.0313166991952405, 20, 40, 1.24153
0.478205552608593, 0.477505567928731, -0.0313165455664741, 20, 40, 1.20636
0.478205552608593, 0.480623608017817, -0.0313163893319916, 20, 40, 1.17502
0.478205552608593, 0.483741648106904, -0.0313162303774149, 20, 39, 1.168
0.478205552608593, 0.486859688195991, -0.0313160688813721, 20, 39, 1.13955
0.478205552608593, 0.489977728285078, -0.0313159047179155, 20, 39, 1.19054
0.478205552608593, 0.493095768374165, -0.0313157378673081, 20, 39, 1.16006
0.478205552608593, 0.496213808463252, -0.0313155682124781, 20, 38, 1.13048
0.478205552608593, 0.499331848552339, -0.031315395939746, 20, 38, 1.20196
0.478205552608593, 0.502449888641425, -0.0313152209204107, 20, 38, 1.11072
0.478205552608593, 0.505567928730512, -0.0313150431355232, 20, 38, 1.15795
0.478205552608593, 0.508685968819599, -0.0313148624626874, 20, 37, 1.13315
0.478205552608593, 0.511804008908686, -0.0313146791017064, 20, 37, 1.21145
0.478205552608593, 0.514922048997773, -0.0313144929181992, 20, 37, 1.14586
0.478205552608593, 0.51804008908686, -0.0313143038940854, 20, 37, 1.08603
0.478205552608593, 0.521158129175947, -0.0313141120114841, 20, 37, 1.08621
0.478205552608593, 0.524276169265034, -0.0313139171516067, 20, 36, 1.05197
0.478205552608593, 0.52739420935412, -0.0313137195098181, 20, 36, 1.04665
0.478205552608593, 0.530512249443207, -0.0313135189560375, 20, 36, 1.04668
0.478205552608593, 0.533630289532294, -0.0313133154733621, 20, 36, 1.0539
0.478205552608593, 0.536748329621381, -0.0313131090451131, 20, 36, 1.05104
0.478205552608593, 0.539866369710468, -0.0313128995530191, 20, 35, 1.01992
0.478205552608593, 0.542984409799555, -0.0313126871949318, 20, 35, 1.02008
0.478205552608593, 0.546102449888642, -0.031312471842742, 20, 35, 1.01891
0.478205552608593, 0.549220489977728, -0.0313122534785706, 20, 35, 1.01886
0.478205552608593, 0.552338530066815, -0.0313120320882167, 20, 35, 1.01897
0.478205552608593, 0.555456570155902, -0.031311807550758, 20, 34, 0.988284
0.478205552608593, 0.558574610244989, -0.031311580073582, 20, 34, 0.988104
0.478205552608593, 0.561692650334076, -0.0313113495247395, 20, 34, 0.992566
0.478205552608593, 0.564810690423163, -0.0313111158900739, 20, 34, 0.993517
0.478205552608593, 0.567928730512249, -0.0313108791557064, 20, 34, 0.98817
0.478205552608593, 0.571046770601336, -0.0313106393080437, 20, 34, 0.991798
0.478205552608593, 0.574164810690423, -0.0313103962312093, 20, 33, 0.958175
0.478205552608593, 0.57728285077951, -0.0313101501272717, 20, 33, 0.957429
0.478205552608593, 0.580400890868597, -0.0313099008700887, 20, 33, 0.963358
0.478205552608593, 0.583518930957684, -0.031309648447366, 20, 33, 0.958852
0.478205552608593, 0.586636971046771, -0.0313093928471254, 20, 33, 0.964328
0.478205552608593, 0.589755011135857, -0.0313091340577035, 20, 33, 0.964075
0.478205552608593, 0.592873051224944, -0.0313088719645082, 20, 32, 0.928076
0.478205552608593, 0.595991091314031, -0.0313086067727285, 20, 32, 0.928076
0.478205552608593, 0.599109131403118, -0.0313083383578349, 20, 32, 0.966432
0.478205552608593, 0.602227171492205, -0.0313080667095795, 20, 32, 0.93983
0.478205552608593, 0.605345211581292, -0.0313077918180542, 20, 32, 0.951805
0.478205552608593, 0.608463251670379, -0.0313075136736968, 20, 32, 0.978514
0.478205552608593, 0.611581291759466, -0.0313072321593457, 20, 31, 0.961837
0.478205552608593, 0.614699331848552, -0.0313069474918865, 20, 31, 0.909287
0.478205552608593, 0.617817371937639, -0.0313066595441537, 20, 31, 0.898577
0.478205552608593, 0.620935412026726, -0.0313063683081049, 20, 31, 0.898955
0.478205552608593, 0.624053452115813, -0.0313060737760715, 20, 31, 0.900064
0.478205552608593, 0.6271714922049, -0.0313057759407559, 20, 31, 0.900843
0.478205552608593, 0.630289532293987, -0.0313054747952395, 20, 31, 0.899115
0.478205552608593, 0.633407572383074, -0.0313051702261003, 20, 30, 0.867624
0.478205552608593, 0.63652561247216, -0.0313048624504081, 20, 30, 0.867708
0.478205552608593, 0.639643652561247, -0.0313045513452557, 20, 30, 0.879368
0.478205552608593, 0.642761692650334, -0.0313042369053664, 20, 30, 0.86809
0.478205552608593, 0.645879732739421, -0.0313039191258622, 20, 30, 0.871635
0.478205552608593, 0.648997772828508, -0.0313035980022684, 20, 30, 0.86804
0.478205552608593, 0.652115812917595, -0.0313032735305196, 20, 30, 0.867853
0.478205552608593, 0.655233853006682, -0.031302945596342, 20, 29, 0.836854
0.478205552608593, 0.658351893095768, -0.0313026144272043, 20, 29, 0.837021
0.478205552608593, 0.661469933184855, -0.0313022798994114, 20, 29, 0.836788
0.478205552608593, 0.664587973273942, -0.0313019420106527, 20, 29, 0.840709
0.478205552608593, 0.667706013363029, -0.0313016007590373, 20, 29, 0.840459
0.478205552608593, 0.670824053452116, -0.0313012561431124, 20, 29, 0.83827
0.478205552608593, 0.673942093541203, -0.0313009081618594, 20, 29, 0.838306
0.478205552608593, 0.67706013363029, -0.0313005568147, 20, 29, 0.838177
0.478205552608593, 0.680178173719376, -0.0313002019931424, 20, 28, 0.809342
0.478205552608593, 0.683296213808463, -0.0312998439232966, 20, 28, 0.810058
0.478205552608593, 0.68641425389755, -0.0312994824877477, 20, 28, 0.810321
0.478205552608593, 0.689532293986637, -0.0312991176877836, 20, 28, 0.809368
0.478205552608593, 0.692650334075724, -0.0312987495251483, 20, 28, 0.809184
0.478205552608593, 0.695768374164811, -0.0312983780020464, 20, 28, 0.809389
0.478205552608593, 0.698886414253898, -0.0312980031211465, 20, 28, 0.809166
0.478205552608593, 0.702004454342984, -0.0312976248855857, 20, 28, 0.809219
0.478205552608593, 0.705122494432071, -0.031297243184369, 20, 27, 0.779078
0.478205552608593, 0.708240534521158, -0.03129685825994, 20, 27, 0.778805
0.478205552608593, 0.711358574610245, -0.0312964699923796, 20, 27, 0.778597
0.478205552608593, 0.714476614699332, -0.0312960783867951, 20, 27, 0.779915
0.478205552608593, 0.717594654788419, -0.0312956834487675, 20, 27, 0.779899
0.478205552608593, 0.720712694877506, -0.0312952851843709, 20, 27, 0.780039
0.478205552608593, 0.723830734966592, -0.0312948836001651, 20, 27, 0.779888
0.478205552608593, 0.726948775055679, -0.031294478703202, 20, 27, 0.780228
0.478205552608593, 0.730066815144766, -0.0312940705010285, 20, 27, 0.779955
0.478205552608593, 0.733184855233853, -0.0312936588855252, 20, 26, 0.74951
0.478205552608593, 0.73630289532294, -0.0312932441065143, 20, 26, 0.749201
0.478205552608593, 0.739420935412027, -0.0312928260472489, 20, 26, 0.749063
0.478205552608593, 0.742538975501114, -0.0312924047173395, 20, 26, 0.749119
0.478205552608593, 0.7456570155902, -0.0312919801269021, 20, 26, 0.74959
0.478205552608593, 0.748775055679287, -0.0312915522865615, 20, 26, 0.749622
0.478205552608593, 0.751893095768374, -0.0312911212074539, 20, 26, 0.749014
0.478205552608593, 0.755011135857461, -0.0312906869012295, 20, 26, 0.760725
0.478205552608593, 0.758129175946548, -0.0312902493800554, 20, 26, 0.749699
0.478205552608593, 0.761247216035635, -0.0312898086566174, 20, 26, 0.749684
0.478205552608593, 0.764365256124722, -0.0312893646287191, 20, 25, 0.718153
0.478205552608593, 0.767483296213809, -0.0312889175494599, 20, 25, 0.732664
0.478205552608593, 0.770601336302895, -0.0312884673085004, 20, 25, 0.734525
0.478205552608593, 0.773719376391982, -0.0312880139206751, 20, 25, 0.721864
0.478205552608593, 0.776837416481069, -0.0312875574013373, 20, 25, 0.719701
0.478205552608593, 0.779955456570156, -0.031287097766377, 20, 25, 0.722503
0.478205552608593, 0.783073496659243, -0.0312866350322125, 20, 25, 0.721217
0.478205552608593, 0.78619153674833, -0.0312861692157944, 20, 25, 0.729516
0.478205552608593, 0.789309576837417, -0.0312857003346081, 20, 25, 0.720115
0.478205552608593, 0.792427616926503, -0.0312852284066754, 20, 25, 0.725613
0.478205552608593, 0.79554565701559, -0.0312847533284219, 20, 24, 0.703299
0.478205552608593, 0.798663697104677, -0.031284275371923, 20, 24, 0.693106
0.478205552608593, 0.801781737193764, -0.0312837944253563, 20, 24, 0.688954
0.478205552608593, 0.804899777282851, -0.0312833105089481, 20, 24, 0.704866
0.478205552608593, 0.808017817371938, -0.0312828236434645, 20, 24, 0.703174
0.478205552608593, 0.811135857461025, -0.0312823338502139, 20, 24, 0.690235
0.478205552608593, 0.814253897550111, -0.0312818411510476, 20, 24, 0.700472
0.478205552608593, 0.817371937639198, -0.0312813455683613, 20, 24, 0.707201
0.478205552608593, 0.820489977728285, -0.0312808471250961, 20, 24, 0.691522
0.478205552608593, 0.823608017817372, -0.0312803458447397, 20, 24, 0.689033
0.478205552608593, 0.826726057906459, -0.0312798417513272, 20, 24, 0.68881
0.478205552608593, 0.829844097995546, -0.0312793348694418, 20, 24, 0.689128
0.478205552608593, 0.832962138084633, -0.0312788251047076, 20, 23, 0.65874
0.478205552608593, 0.836080178173719, -0.0312783127300038, 20, 23, 0.658113
0.478205552608593, 0.839198218262806, -0.0312777976433151, 20, 23, 0.65901
0.478205552608593, 0.842316258351893, -0.0312772798714654, 20, 23, 0.660479
0.478205552608593, 0.84543429844098, -0.0312767594418183, 20, 23, 0.676269
0.478205552608593, 0.848552338530067, -0.0312762363822955, 20, 23, 0.672717
0.478205552608593, 0.851670378619154, -0.0312757107213651, 20, 23, 0.661315
0.478205552608593, 0.854788418708241, -0.0312751824880451, 20, 23, 0.670109
0.478205552608593, 0.857906458797328, -0.0312746517119037, 20, 23, 0.663372
0.478205552608593, 0.861024498886414, -0.0312741184230593, 20, 23, 0.674723
0.478205552608593, 0.864142538975501, -0.0312735826521806, 20, 23, 0.671485
0.478205552608593, 0.867260579064588, -0.0312730444304865, 20, 23, 0.674861
0.478205552608593, 0.870378619153675, -0.0312725037897467, 20, 23, 0.665476
0.478205552608593, 0.873496659242762, -0.0312719606443966, 20, 22, 0.628802
0.478205552608593, 0.876614699331849, -0.0312714152708052, 20, 22, 0.640907
0.478205552608593, 0.879732739420936, -0.03127086757627, 20, 22, 0.644509
0.478205552608593, 0.882850779510022, -0.0312703175947921, 20, 22, 0.629126
0.478205552608593, 0.885968819599109, -0.031269765360919, 20, 22, 0.629611
0.478205552608593, 0.889086859688196, -0.0312692109097445, 20, 22, 0.634995
0.478205552608593, 0.892204899777283, -0.0312686542769082, 20, 22, 0.634597
0.478205552608593, 0.89532293986637, -0.0312680954985946, 20, 22, 0.629411
0.478205552608593, 0.898440979955457, -0.031267534611533, 20, 22, 0.629209
0.478205552608593, 0.901559020044544, -0.0312669716529961, 20, 22, 0.628731
0.478205552608593, 0.90467706013363, -0.0312664066608002, 20, 22, 0.629219
0.478205552608593, 0.907795100222717, -0.031265839675204, 20, 22, 0.630965
0.478205552608593, 0.910913140311804, -0.0312652707313059, 20, 22, 0.64478
0.478205552608593, 0.914031180400891, -0.0312646998704459, 20, 22, 0.645328
0.478205552608593, 0.917149220489978, -0.0312641270142709, 20, 21, 0.599949
0.478205552608593, 0.920267260579065, -0.0312635524473821, 20, 21, 0.601227
0.478205552608593, 0.923385300668152, -0.0312629760846169, 20, 21, 0.615487
0.478205552608593, 0.926503340757238, -0.0312623979675968, 20, 21, 0.613359
0.478205552608593, 0.929621380846325, -0.031261818138466, 20, 21, 0.611975
0.478205552608593, 0.932739420935412, -0.0312612366399097, 20, 21, 0.614509
0.478205552608593, 0.935857461024499, -0.0312606535151399, 20, 21, 0.611981
0.478205552608593, 0.938975501113586, -0.0312600688078967, 20, 21, 0.601408
0.478205552608593, 0.942093541202673, -0.0312594825624474, 20, 21, 0.610489
0.478205552608593, 0.945211581291759, -0.0312588948235844, 20, 21, 0.610391
0.478205552608593, 0.948329621380847, -0.0312583056366243, 20, 21, 0.616371
0.478205552608593, 0.951447661469933, -0.0312577150474053, 20, 21, 0.602865
0.478205552608593, 0.95456570155902, -0.0312571231022864, 20, 21, 0.601597
0.478205552608593, 0.957683741648107, -0.0312565298481449, 20, 21, 0.601141
0.478205552608593, 0.960801781737194, -0.031255935332375, 20, 21, 0.601668
0.478205552608593, 0.963919821826281, -0.0312553394808611, 20, 20, 0.570326
0.478205552608593, 0.967037861915368, -0.0312547425933729, 20, 20, 0.570307
0.478205552608593, 0.970155902004454, -0.031254144589084, 20, 20, 0.570432
0.478205552608593, 0.973273942093541, -0.0312535455174614, 20, 20, 0.570881
0.478205552608593, 0.976391982182628, -0.0312529454284772, 20, 20, 0.571227
0.478205552608593, 0.979510022271715, -0.0312523443726064, 20, 20, 0.589316
0.478205552608593, 0.982628062360802, -0.0312517424008249, 20, 20, 0.571047
0.478205552608593, 0.985746102449889, -0.0312511395646071, 20, 20, 0.570562
0.478205552608593, 0.988864142538975, -0.0312505359159235, 20, 20, 0.570484
0.478205552608593, 0.991982182628063, -0.0312499315072389, 20, 20, 0.570519
0.478205552608593, 0.995100222717149, -0.0312493263915094, 20, 20, 0.570489
0.478205552608593, 0.998218262806236, -0.0312487206221804, 20, 20, 0.570488
0.478205552608593, 1.00133630289532, -0.0312481142531839, 20, 20, 0.570421
0.478205552608593, 1.00445434298441, -0.0312475073389361, 20, 20, 0.570533
0.478205552608593, 1.0075723830735, -0.0312468999343348, 20, 20, 0.57055
0.478205552608593, 1.01069042316258, -0.0312462920947567, 20, 20, 0.570392
0.478205552608593, 1.01380846325167, -0.0312456838760548, 20, 20, 0.570401
0.478205552608593, 1.01692650334076, -0.0312450752114824, 20, 19, 0.53958
0.478205552608593, 1.02004454342984, -0.0312444664109888, 20, 19, 0.539632
0.478205552608593, 1.02316258351893, -0.0312438574013629, 20, 19, 0.539444
0.478205552608593, 1.02628062360802, -0.0312432482403577, 20, 19, 0.539571
0.478205552608593, 1.0293986636971, -0.031242638986191, 20, 19, 0.541087
0.478205552608593, 1.03251670378619, -0.0312420296975275, 20, 19, 0.541158
0.478205552608593, 1.03563474387528, -0.0312414204334982, 20, 19, 0.541259
0.478205552608593, 1.03875278396437, -0.0312408112536828, 20, 19, 0.541143
0.478205552608593, 1.04187082405345, -0.0312402022181103, 20, 19, 0.541256
0.478205552608593, 1.04498886414254, -0.0312395933872558, 20, 19, 0.541168
0.478205552608593, 1.04810690423163, -0.0312389848220379, 20, 19, 0.547333
0.478205552608593, 1.05122494432071, -0.0312383765838149, 20, 19, 0.541126
0.478205552608593, 1.0543429844098, -0.0312377687343826, 20, 19, 0.541144
0.478205552608593, 1.05746102449889, -0.0312371613359701, 20, 19, 0.54105
0.478205552608593, 1.06057906458797, -0.0312365544512374, 20, 19, 0.541093
0.478205552608593, 1.06369710467706, -0.0312359481432715, 20, 19, 0.541067
0.478205552608593, 1.06681514476615, -0.0312353424755838, 20, 19, 0.541214
0.478205552608593, 1.06993318485523, -0.0312347375121061, 20, 19, 0.541053
0.478205552608593, 1.07305122494432, -0.0312341333171877, 20, 19, 0.541058
0.478205552608593, 1.07616926503341, -0.0312335299555921, 20, 19, 0.541068
0.478205552608593, 1.07928730512249, -0.0312329273754657, 20, 18, 0.510342
0.478205552608593, 1.08240534521158, -0.0312323258827664, 20, 18, 0.510325
0.478205552608593, 1.08552338530067, -0.0312317254197889, 20, 18, 0.510371
0.478205552608593, 1.08864142538976, -0.0312311260529361, 20, 18, 0.510388
0.478205552608593, 1.09175946547884, -0.0312305278490071, 20, 18, 0.510276
0.478205552608593, 1.09487750556793, -0.0312299308751927, 20, 18, 0.51128
0.478205552608593, 1.09799554565702, -0.0312293351990728, 20, 18, 0.510568
0.478205552608593, 1.1011135857461, -0.031228740888612, 20, 18, 0.510778
0.478205552608593, 1.10423162583519, -0.0312281480121567, 20, 18, 0.557871
0.478205552608593, 1.10734966592428, -0.031227556638431, 20, 18, 0.534015
0.478205552608593, 1.11046770601336, -0.0312269668365334, 20, 18, 0.571697
0.478205552608593, 1.11358574610245, -0.0312263786759331, 20, 18, 0.533748
0.478205552608593, 1.11670378619154, -0.0312257922264662, 20, 18, 0.549111
0.478205552608593, 1.11982182628062, -0.0312252075583319, 20, 18, 0.553156
0.478205552608593, 1.12293986636971, -0.0312246247420892, 20, 18, 0.559097
0.478205552608593, 1.1260579064588, -0.0312240438486527, 20, 18, 0.513736
0.478205552608593, 1.12917594654788, -0.0312234649492892, 20, 18, 0.511313
0.478205552608593, 1.13229398663697, -0.0312228881156134, 20, 18, 0.510474
0.478205552608593, 1.13541202672606, -0.0312223134195849, 20, 18, 0.510642
0.478205552608593, 1.13853006681514, -0.0312217409335038, 20, 18, 0.510149
0.478205552608593, 1.14164810690423, -0.0312211707300069, 20, 18, 0.510183
0.478205552608593, 1.14476614699332, -0.0312206027622348, 20, 17, 0.47937
0.478205552608593, 1.14788418708241, -0.0312200373492687, 20, 17, 0.47936
0.478205552608593, 1.15100222717149, -0.0312194744384677, 20, 17, 0.479375
0.478205552608593, 1.15412026726058, -0.031218914103793, 20, 17, 0.479435
0.478205552608593, 1.15723830734967, -0.0312183564195226, 20, 17, 0.479368
0.478205552608593, 1.16035634743875, -0.0312178014602512, 20, 17, 0.480884
0.478205552608593, 1.16347438752784, -0.0312172493008703, 20, 17, 0.480869
0.478205552608593, 1.16659242761693, -0.0312167000165883, 20, 17, 0.48088
0.478205552608593, 1.16971046770601, -0.031216153682911, 20, 17, 0.480852
0.478205552608593, 1.1728285077951, -0.0312156103756409, 20, 17, 0.480789
0.478205552608593, 1.17594654788419, -0.0312150701708737, 20, 17, 0.480818
0.478205552608593, 1.17906458797327, -0.0312145331449944, 20, 17, 0.48082
0.478205552608593, 1.18218262806236, -0.0312139993746734, 20, 17, 0.480836
0.478205552608593, 1.18530066815145, -0.0312134689368621, 20, 17, 0.480866
0.478205552608593, 1.18841870824053, -0.0312129419087894, 20, 17, 0.480805
0.478205552608593, 1.19153674832962, -0.0312124183679575, 20, 17, 0.480826
0.478205552608593, 1.19465478841871, -0.0312118983921377, 20, 17, 0.480806
0.478205552608593, 1.1977728285078, -0.031211382059367, 20, 17, 0.480787
0.478205552608593, 1.20089086859688, -0.0312108694479433, 20, 17, 0.480782
0.478205552608593, 1.20400890868597, -0.0312103606364223, 20, 17, 0.480775
0.478205552608593, 1.20712694877506, -0.0312098557036126, 20, 17, 0.480738
0.478205552608593, 1.21024498886414, -0.0312093547285723, 20, 17, 0.480774
0.478205552608593, 1.21336302895323, -0.0312088577906047, 20, 17, 0.480739
0.478205552608593, 1.21648106904232, -0.0312083649692542, 20, 17, 0.480771
0.478205552608593, 1.2195991091314, -0.0312078763443026, 20, 17, 0.48077
0.478205552608593, 1.22271714922049, -0.031207391880723, 20, 16, 0.449957
0.478205552608593, 1.22583518930958, -0.0312069118943866, 20, 16, 0.449995
0.478205552608593, 1.22895322939866, -0.031206436344911, 20, 16, 0.449975
0.478205552608593, 1.23207126948775, -0.0312059653129991, 20, 16, 0.450008
0.478205552608593, 1.23518930957684, -0.0312054988795705, 20, 16, 0.453709
0.478205552608593, 1.23830734966592, -0.0312050371257571, 20, 16, 0.450052
0.478205552608593, 1.24142538975501, -0.0312045801328994, 20, 16, 0.450073
0.478205552608593, 1.2445434298441, -0.0312041279825421, 20, 16, 0.450062
0.478205552608593, 1.24766146993318, -0.0312036807564305, 20, 16, 0.45006
0.478205552608593, 1.25077951002227, -0.0312032385365065, 20, 16, 0.450092
0.478205552608593, 1.25389755011136, -0.0312028014049042, 20, 16, 0.450587
0.478205552608593, 1.25701559020045, -0.0312023694439464, 20, 16, 0.453764
0.478205552608593, 1.26013363028953, -0.0312019427361401, 20, 16, 0.454169
0.478205552608593, 1.26325167037862, -0.0312015213641731, 20, 16, 0.457929
0.478205552608593, 1.26636971046771, -0.0312011054109094, 20, 16, 0.456263
0.478205552608593, 1.26948775055679, -0.0312006949593858, 20, 16, 0.46259
0.478205552608593, 1.27260579064588, -0.0312002900928077, 20, 16, 0.453579
0.478205552608593, 1.27572383073497, -0.0311998908945447, 20, 16, 0.458169
0.478205552608593, 1.27884187082405, -0.0311994974481276, 20, 16, 0.45365
0.478205552608593, 1.28195991091314, -0.0311991098372433, 20, 16, 0.454662
0.478205552608593, 1.28507795100223, -0.0311987281457319, 20, 16, 0.451076
0.478205552608593, 1.28819599109131, -0.0311983524575821, 20, 16, 0.453646
0.478205552608593, 1.2913140311804, -0.0311979828569273, 20, 16, 0.450598
0.478205552608593, 1.29443207126949, -0.0311976194280421, 20, 16, 0.450698
0.478205552608593, 1.29755011135857, -0.0311972622553379, 20, 16, 0.451418
0.478205552608593, 1.30066815144766, -0.0311969114233595, 20, 16, 0.463276
0.478205552608593, 1.30378619153675, -0.0311965670167807, 20, 16, 0.473146
0.478205552608593, 1.30690423162584, -0.0311962291204007, 20, 16, 0.450357
0.478205552608593, 1.31002227171492, -0.0311958977065395, 20, 15, 0.432774
0.478205552608593, 1.31314031180401, -0.0311955730905322, 20, 15, 0.423414
0.478205552608593, 1.3162583518931, -0.0311952552396044, 20, 15, 0.41925
0.478205552608593, 1.31937639198218, -0.0311949442390282, 20, 15, 0.42694
0.478205552608593, 1.32249443207127, -0.0311946401741814, 20, 15, 0.462513
0.478205552608593, 1.32561247216036, -0.0311943431305481, 20, 15, 0.421374
0.478205552608593, 1.32873051224944, -0.0311940531936965, 20, 15, 0.422377
0.478205552608593, 1.33184855233853, -0.031193770449303, 20, 15, 0.443723
0.478205552608593, 1.33496659242762, -0.0311934949831295, 20, 15, 0.442825
0.478205552608593, 1.3380846325167, -0.0311932268810249, 20, 15, 0.441888
0.478205552608593, 1.34120267260579, -0.0311929662289208, 20, 15, 0.475815
0.478205552608593, 1.34432071269488, -0.0311927131128282, 20, 15, 0.4559
0.478205552608593, 1.34743875278396, -0.0311924676188334, 20, 15, 0.444311
0.478205552608593, 1.35055679287305, -0.0311922298330946, 20, 15, 0.43643
0.478205552608593, 1.35367483296214, -0.0311919998418379, 20, 15, 0.479869
0.478205552608593, 1.35679287305122, -0.0311917777313539, 20, 15, 0.424346
0.478205552608593, 1.35991091314031, -0.0311915635908449, 20, 15, 0.426151
0.478205552608593, 1.3630289532294, -0.0311913575010182, 20, 15, 0.423225
0.478205552608593, 1.36614699331849, -0.0311911595511858, 20, 15, 0.43068
0.478205552608593, 1.36926503340757, -0.0311909698278595, 20, 15, 0.451592
0.478205552608593, 1.37238307349666, -0.0311907884175973, 20, 15, 0.443467
0.478205552608593, 1.37550111358575, -0.0311906154069996, 20, 15, 0.426505
0.478205552608593, 1.37861915367483, -0.0311904508827063, 20, 15, 0.447457
0.478205552608593, 1.38173719376392, -0.0311902949313922, 20, 15, 0.423357
0.478205552608593, 1.38485523385301, -0.0311901476397648, 20, 15, 0.44961
0.478205552608593, 1.38797327394209, -0.0311900090945593, 20, 15, 0.45038
0.478205552608593, 1.39109131403118, -0.0311898793825364, 20, 15, 0.438776
0.478205552608593, 1.39420935412027, -0.031189758590478, 20, 15, 0.422354
0.478205552608593, 1.39732739420935, -0.0311896468051839, 20, 15, 0.459151
0.478205552608593, 1.40044543429844, -0.0311895441134686, 20, 15, 0.439058
0.478205552608593, 1.40356347438753, -0.0311894506021575, 20, 15, 0.422472
0.478205552608593, 1.40668151447661, -0.0311893663580838, 20, 15, 0.422994
0.478205552608593, 1.4097995545657, -0.0311892913573843, 20, 14, 0.392071
0.478205552608593, 1.41291759465479, -0.0311892259129823, 20, 14, 0.391748
0.478205552608593, 1.41603563474388, -0.0311891699961313, 20, 14, 0.391669
0.478205552608593, 1.41915367483296, -0.0311891236936695, 20, 14, 0.391621
0.478205552608593, 1.42227171492205, -0.0311890870924255, 20, 14, 0.391707
0.478205552608593, 1.42538975501114, -0.0311890602792152, 20, 14, 0.391655
0.478205552608593, 1.42850779510022, -0.0311890433408382, 20, 14, 0.391701
0.478205552608593, 1.43162583518931, -0.0311890363640748, 20, 14, 0.391718
0.478205552608593, 1.4347438752784, -0.0311890394356828, 20, 14, 0.391686
0.478205552608593, 1.43786191536748, -0.031189052642394, 20, 14, 0.391742
0.478205552608593, 1.44097995545657, -0.0311890760709112, 20, 14, 0.391684
0.478205552608593, 1.44409799554566, -0.031189109807905, 20, 14, 0.391657
0.478205552608593, 1.44721603563474, -0.0311891539400106, 20, 14, 0.391719
0.478205552608593, 1.45033407572383, -0.0311892085538247, 20, 14, 0.405425
0.478205552608593, 1.45345211581292, -0.0311892737359021, 20, 14, 0.391675
0.478205552608593, 1.456570155902, -0.0311893495727531, 20, 14, 0.392268
0.478205552608593, 1.45968819599109, -0.03118943615084, 20, 14, 0.392343
0.478205552608593, 1.46280623608018, -0.0311895335565742, 20, 14, 0.392185
0.478205552608593, 1.46592427616927, -0.0311896418763131, 20, 14, 0.391851
0.478205552608593, 1.46904231625835, -0.031189761196357, 20, 14, 0.392124
0.478205552608593, 1.47216035634744, -0.0311898916029464, 20, 14, 0.391808
0.478205552608593, 1.47527839643653, -0.0311900331822585, 20, 14, 0.391831
0.478205552608593, 1.47839643652561, -0.0311901860204047, 20, 14, 0.39221
0.478205552608593, 1.4815144766147, -0.0311903502034276, 20, 14, 0.391804
0.478205552608593, 1.48463251670379, -0.0311905258172975, 20, 14, 0.391848
0.478205552608593, 1.48775055679287, -0.0311907129479105, 20, 14, 0.392212
0.478205552608593, 1.49086859688196, -0.0311909116810846, 20, 14, 0.391873
0.478205552608593, 1.49398663697105, -0.0311911221025576, 20, 14, 0.398367
0.478205552608593, 1.49710467706013, -0.0311913442979837, 20, 14, 0.39365
0.478205552608593, 1.50022271714922, -0.0311915783529311, 20, 14, 0.392257
0.478205552608593, 1.50334075723831, -0.031191824352879, 20, 14, 0.392774
0.478205552608593, 1.50645879732739, -0.0311920823832147, 20, 14, 0.391878
0.478205552608593, 1.50957683741648, -0.0311923525292312, 20, 14, 0.392085
0.478205552608593, 1.51269487750557, -0.031192634876124, 20, 14, 0.391775
0.478205552608593, 1.51581291759465, -0.0311929295089888, 20, 14, 0.39177
0.478205552608593, 1.51893095768374, -0.0311932365128186, 20, 14, 0.392071
0.478205552608593, 1.52204899777283, -0.031193555972501, 20, 14, 0.39175
0.478205552608593, 1.52516703786192, -0.0311938878637647, 20, 13, 0.361226
0.478205552608593, 1.528285077951, -0.0311942324936727, 20, 13, 0.360964
0.478205552608593, 1.53140311804009, -0.0311945898332693, 20, 13, 0.360931
0.478205552608593, 1.53452115812918, -0.0311949599670008, 20, 13, 0.361256
0.478205552608593, 1.53763919821826, -0.031195342979195, 20, 13, 0.360851
0.478205552608593, 1.54075723830735, -0.0311957389540587, 20, 13, 0.361609
0.478205552608593, 1.54387527839644, -0.0311961479756747, 20, 13, 0.362927
0.478205552608593, 1.54699331848552, -0.0311965701280051, 20, 13, 0.362411
0.478205552608593, 1.55011135857461, -0.0311970054948671, 20, 13, 0.36236
0.478205552608593, 1.5532293986637, -0.0311974541599631, 20, 13, 0.362823
0.478205552608593, 1.55634743875278, -0.0311979162068562, 20, 13, 0.362374
0.478205552608593, 1.55946547884187, -0.0311983917189741, 20, 13, 0.36285
0.478205552608593, 1.56258351893096, -0.0311988807796056, 20, 13, 0.362474
0.478205552608593, 1.56570155902004, -0.031199383471899, 20, 13, 0.362459
0.478205552608593, 1.56881959910913, -0.0311998998788594, 20, 13, 0.362313
0.478205552608593, 1.57193763919822, -0.0312004300833465, 20, 13, 0.362375
0.478205552608593, 1.57505567928731, -0.0312009741680725, 20, 13, 0.362604
0.478205552608593, 1.57817371937639, -0.0312015322155994, 20, 13, 0.362371
0.478205552608593, 1.58129175946548, -0.031202104308337, 20, 13, 0.36242
0.478205552608593, 1.58440979955457, -0.0312026905285406, 20, 13, 0.362338
0.478205552608593, 1.58752783964365, -0.0312032909583087, 20, 13, 0.362321
0.478205552608593, 1.59064587973274, -0.0312039056795812, 20, 13, 0.362578
0.478205552608593, 1.59376391982183, -0.0312045347741364, 20, 13, 0.36233
0.478205552608593, 1.59688195991091, -0.0312051783235898, 20, 13, 0.362299
0.478205552608593, 1.6, -0.0312058364093914, 20, 13, 0.362067
# finished at Wed Apr 30 03:49:06 CEST 2014
