# starting on alcc96 at Tue Apr 29 21:14:52 CEST 2014
# casimir, -T, 0.200000,1.600000,450, -Q, 0.190938160878538, -p, 1e-08, -L, 20
# Compiler icc, using long double and plain matrix elements and plain integration
# precision=1e-08
# lfac=5
# cores=1
# L=0.190938
# T=0.2...1.6 (450)
#
# R/(L+R), T, F, lmax, nmax, time
0.190938160878538, 0.2, -0.0013232796621944, 20, 65, 1.5518
0.190938160878538, 0.203118040089087, -0.00132327875329467, 20, 64, 1.54449
0.190938160878538, 0.206236080178174, -0.00132327780252245, 20, 63, 1.52985
0.190938160878538, 0.209354120267261, -0.00132327680866712, 20, 62, 1.5052
0.190938160878538, 0.212472160356347, -0.00132327577048643, 20, 61, 1.47259
0.190938160878538, 0.215590200445434, -0.00132327468939953, 20, 61, 1.49005
0.190938160878538, 0.218708240534521, -0.00132327355899524, 20, 60, 1.43809
0.190938160878538, 0.221826280623608, -0.0013232723805169, 20, 59, 1.4338
0.190938160878538, 0.224944320712695, -0.00132327115267236, 20, 58, 1.40985
0.190938160878538, 0.228062360801782, -0.00132326987415293, 20, 57, 1.37751
0.190938160878538, 0.231180400890869, -0.00132326854643905, 20, 57, 1.37238
0.190938160878538, 0.234298440979955, -0.00132326716289622, 20, 56, 1.36651
0.190938160878538, 0.237416481069042, -0.00132326572472055, 20, 55, 1.35175
0.190938160878538, 0.240534521158129, -0.00132326423053092, 20, 54, 1.31874
0.190938160878538, 0.243652561247216, -0.00132326268205935, 20, 54, 1.30423
0.190938160878538, 0.246770601336303, -0.00132326107214123, 20, 53, 1.27829
0.190938160878538, 0.24988864142539, -0.00132325940208904, 20, 52, 1.26203
0.190938160878538, 0.253006681514477, -0.00132325767375434, 20, 52, 1.26715
0.190938160878538, 0.256124721603563, -0.00132325587969457, 20, 51, 1.22469
0.190938160878538, 0.25924276169265, -0.00132325402432316, 20, 51, 1.21688
0.190938160878538, 0.262360801781737, -0.00132325210062764, 20, 50, 1.19178
0.190938160878538, 0.265478841870824, -0.00132325010970128, 20, 49, 1.19436
0.190938160878538, 0.268596881959911, -0.00132324805357748, 20, 49, 1.20201
0.190938160878538, 0.271714922048998, -0.00132324592441801, 20, 48, 1.15466
0.190938160878538, 0.274832962138085, -0.0013232437270741, 20, 48, 1.16229
0.190938160878538, 0.277951002227172, -0.0013232414538402, 20, 47, 1.11053
0.190938160878538, 0.281069042316258, -0.00132323910947298, 20, 47, 1.1369
0.190938160878538, 0.284187082405345, -0.00132323668627034, 20, 46, 1.09225
0.190938160878538, 0.287305122494432, -0.00132323418900465, 20, 46, 1.10265
0.190938160878538, 0.290423162583519, -0.00132323160986255, 20, 45, 1.09107
0.190938160878538, 0.293541202672606, -0.00132322895375757, 20, 45, 1.07157
0.190938160878538, 0.296659242761693, -0.00132322621263794, 20, 44, 1.06729
0.190938160878538, 0.29977728285078, -0.00132322339169326, 20, 44, 1.0484
0.190938160878538, 0.302895322939866, -0.0013232204857358, 20, 44, 1.06172
0.190938160878538, 0.306013363028953, -0.00132321749065415, 20, 43, 1.03877
0.190938160878538, 0.30913140311804, -0.00132321441073871, 20, 43, 1.01921
0.190938160878538, 0.312249443207127, -0.00132321123837075, 20, 42, 0.98207
0.190938160878538, 0.315367483296214, -0.00132320797837426, 20, 42, 1.01717
0.190938160878538, 0.318485523385301, -0.00132320462247552, 20, 41, 0.976054
0.190938160878538, 0.321603563474388, -0.00132320117621273, 20, 41, 0.989325
0.190938160878538, 0.324721603563474, -0.0013231976341582, 20, 41, 0.98645
0.190938160878538, 0.327839643652561, -0.00132319399175315, 20, 40, 0.968238
0.190938160878538, 0.330957683741648, -0.0013231902540838, 20, 40, 0.955455
0.190938160878538, 0.334075723830735, -0.00132318641594808, 20, 40, 0.932032
0.190938160878538, 0.337193763919822, -0.00132318247286168, 20, 39, 0.924899
0.190938160878538, 0.340311804008909, -0.00132317842968044, 20, 39, 0.953045
0.190938160878538, 0.343429844097996, -0.00132317428131548, 20, 39, 0.938156
0.190938160878538, 0.346547884187082, -0.00132317002327396, 20, 38, 0.919679
0.190938160878538, 0.349665924276169, -0.00132316566037578, 20, 38, 0.90349
0.190938160878538, 0.352783964365256, -0.00132316118754372, 20, 38, 0.905269
0.190938160878538, 0.355902004454343, -0.00132315660019326, 20, 37, 0.897799
0.190938160878538, 0.35902004454343, -0.00132315190330067, 20, 37, 0.873055
0.190938160878538, 0.362138084632517, -0.00132314709170036, 20, 37, 0.857333
0.190938160878538, 0.365256124721604, -0.0013231421606253, 20, 36, 0.830019
0.190938160878538, 0.36837416481069, -0.00132313711541518, 20, 36, 0.832819
0.190938160878538, 0.371492204899777, -0.00132313195070844, 20, 36, 0.830179
0.190938160878538, 0.374610244988864, -0.00132312666144808, 20, 35, 0.806165
0.190938160878538, 0.377728285077951, -0.00132312125358756, 20, 35, 0.811463
0.190938160878538, 0.380846325167038, -0.00132311572142546, 20, 35, 0.809107
0.190938160878538, 0.383964365256125, -0.00132311006340518, 20, 35, 0.811422
0.190938160878538, 0.387082405345212, -0.00132310427462524, 20, 34, 0.785158
0.190938160878538, 0.390200445434298, -0.00132309836067471, 20, 34, 0.787498
0.190938160878538, 0.393318485523385, -0.00132309231607559, 20, 34, 0.785053
0.190938160878538, 0.396436525612472, -0.00132308613926371, 20, 34, 0.787374
0.190938160878538, 0.399554565701559, -0.00132307982536615, 20, 33, 0.761251
0.190938160878538, 0.402672605790646, -0.00132307337991033, 20, 33, 0.761156
0.190938160878538, 0.405790645879733, -0.00132306679747201, 20, 33, 0.760972
0.190938160878538, 0.40890868596882, -0.00132306007649486, 20, 33, 0.763362
0.190938160878538, 0.412026726057906, -0.00132305321200992, 20, 32, 0.737088
0.190938160878538, 0.415144766146993, -0.00132304620976861, 20, 32, 0.736981
0.190938160878538, 0.41826280623608, -0.00132303906425416, 20, 32, 0.734621
0.190938160878538, 0.421380846325167, -0.00132303177392402, 20, 32, 0.737064
0.190938160878538, 0.424498886414254, -0.00132302433357536, 20, 31, 0.713237
0.190938160878538, 0.427616926503341, -0.00132301674949505, 20, 31, 0.713182
0.190938160878538, 0.430734966592428, -0.00132300901591447, 20, 31, 0.710849
0.190938160878538, 0.433853006681514, -0.0013230011313106, 20, 31, 0.710704
0.190938160878538, 0.436971046770601, -0.00132299309416328, 20, 31, 0.715688
0.190938160878538, 0.440089086859688, -0.00132298489941362, 20, 30, 0.689225
0.190938160878538, 0.443207126948775, -0.00132297655310547, 20, 30, 0.689132
0.190938160878538, 0.446325167037862, -0.00132296804965513, 20, 30, 0.686996
0.190938160878538, 0.449443207126949, -0.00132295938756895, 20, 30, 0.686854
0.190938160878538, 0.452561247216036, -0.00132295056535813, 20, 30, 0.689258
0.190938160878538, 0.455679287305123, -0.00132294157794157, 20, 29, 0.665347
0.190938160878538, 0.458797327394209, -0.0013229324315018, 20, 29, 0.665404
0.190938160878538, 0.461915367483296, -0.00132292312044696, 20, 29, 0.66294
0.190938160878538, 0.465033407572383, -0.00132291364332146, 20, 29, 0.66547
0.190938160878538, 0.46815144766147, -0.00132290399867642, 20, 29, 0.667695
0.190938160878538, 0.471269487750557, -0.0013228941812449, 20, 28, 0.644294
0.190938160878538, 0.474387527839644, -0.00132288419772272, 20, 28, 0.644205
0.190938160878538, 0.477505567928731, -0.00132287404232086, 20, 28, 0.644116
0.190938160878538, 0.480623608017817, -0.00132286371363021, 20, 28, 0.64184
0.190938160878538, 0.483741648106904, -0.00132285321025012, 20, 28, 0.646668
0.190938160878538, 0.486859688195991, -0.00132284253078886, 20, 28, 0.646672
0.190938160878538, 0.489977728285078, -0.00132283167008558, 20, 27, 0.620351
0.190938160878538, 0.493095768374165, -0.00132282063478106, 20, 27, 0.620235
0.190938160878538, 0.496213808463252, -0.00132280941922429, 20, 27, 0.620142
0.190938160878538, 0.499331848552339, -0.00132279802207092, 20, 27, 0.617919
0.190938160878538, 0.502449888641425, -0.0013227864419871, 20, 27, 0.62047
0.190938160878538, 0.505567928730512, -0.00132277467765005, 20, 27, 0.620184
0.190938160878538, 0.508685968819599, -0.00132276272774845, 20, 27, 0.620291
0.190938160878538, 0.511804008908686, -0.00132275058749689, 20, 26, 0.596415
0.190938160878538, 0.514922048997773, -0.00132273826298653, 20, 26, 0.596203
0.190938160878538, 0.51804008908686, -0.00132272574900398, 20, 26, 0.59643
0.190938160878538, 0.521158129175947, -0.00132271304429373, 20, 26, 0.593946
0.190938160878538, 0.524276169265034, -0.00132270014761319, 20, 26, 0.596301
0.190938160878538, 0.52739420935412, -0.00132268705773319, 20, 26, 0.596231
0.190938160878538, 0.530512249443207, -0.00132267376956032, 20, 25, 0.570005
0.190938160878538, 0.533630289532294, -0.00132266029008468, 20, 25, 0.572399
0.190938160878538, 0.536748329621381, -0.00132264661375784, 20, 25, 0.572504
0.190938160878538, 0.539866369710468, -0.00132263273941369, 20, 25, 0.572376
0.190938160878538, 0.542984409799555, -0.00132261866590086, 20, 25, 0.570026
0.190938160878538, 0.546102449888642, -0.00132260439208319, 20, 25, 0.572361
0.190938160878538, 0.549220489977728, -0.00132258991684008, 20, 25, 0.572283
0.190938160878538, 0.552338530066815, -0.00132257523906691, 20, 25, 0.57232
0.190938160878538, 0.555456570155902, -0.00132256035403505, 20, 24, 0.546055
0.190938160878538, 0.558574610244989, -0.00132254526834688, 20, 24, 0.548388
0.190938160878538, 0.561692650334076, -0.00132252997687197, 20, 24, 0.548538
0.190938160878538, 0.564810690423163, -0.00132251447857778, 20, 24, 0.54617
0.190938160878538, 0.567928730512249, -0.00132249877244902, 20, 24, 0.54836
0.190938160878538, 0.571046770601336, -0.00132248285748803, 20, 24, 0.548349
0.190938160878538, 0.574164810690423, -0.00132246673271516, 20, 24, 0.548474
0.190938160878538, 0.57728285077951, -0.00132245039716908, 20, 24, 0.548436
0.190938160878538, 0.580400890868597, -0.00132243384621304, 20, 23, 0.524564
0.190938160878538, 0.583518930957684, -0.00132241708669507, 20, 23, 0.524448
0.190938160878538, 0.586636971046771, -0.00132240011359377, 20, 23, 0.524567
0.190938160878538, 0.589755011135857, -0.00132238292602865, 20, 23, 0.522076
0.190938160878538, 0.592873051224944, -0.00132236552313877, 20, 23, 0.522169
0.190938160878538, 0.595991091314031, -0.00132234790408308, 20, 23, 0.524549
0.190938160878538, 0.599109131403118, -0.00132233006804076, 20, 23, 0.524447
0.190938160878538, 0.602227171492205, -0.00132231201421154, 20, 23, 0.524391
0.190938160878538, 0.605345211581292, -0.00132229374181605, 20, 23, 0.52695
0.190938160878538, 0.608463251670379, -0.00132227524644607, 20, 22, 0.500584
0.190938160878538, 0.611581291759466, -0.00132225653502806, 20, 22, 0.498258
0.190938160878538, 0.614699331848552, -0.00132223760279784, 20, 22, 0.500515
0.190938160878538, 0.617817371937639, -0.00132221844906606, 20, 22, 0.498159
0.190938160878538, 0.620935412026726, -0.00132219907316538, 20, 22, 0.498141
0.190938160878538, 0.624053452115813, -0.00132217947445076, 20, 22, 0.500534
0.190938160878538, 0.6271714922049, -0.00132215965229975, 20, 22, 0.500642
0.190938160878538, 0.630289532293987, -0.00132213960612814, 20, 22, 0.503338
0.190938160878538, 0.633407572383074, -0.00132211933532888, 20, 22, 0.503326
0.190938160878538, 0.63652561247216, -0.00132209883542707, 20, 21, 0.479359
0.190938160878538, 0.639643652561247, -0.00132207811414303, 20, 21, 0.476994
0.190938160878538, 0.642761692650334, -0.00132205716662384, 20, 21, 0.47705
0.190938160878538, 0.645879732739421, -0.00132203599239198, 20, 21, 0.479417
0.190938160878538, 0.648997772828508, -0.00132201459099408, 20, 21, 0.476914
0.190938160878538, 0.652115812917595, -0.00132199296200131, 20, 21, 0.477055
0.190938160878538, 0.655233853006682, -0.00132197110500955, 20, 21, 0.47941
0.190938160878538, 0.658351893095768, -0.00132194901963974, 20, 21, 0.479412
0.190938160878538, 0.661469933184855, -0.00132192670553809, 20, 21, 0.479277
0.190938160878538, 0.664587973273942, -0.00132190416237635, 20, 21, 0.479433
0.190938160878538, 0.667706013363029, -0.00132188138985205, 20, 21, 0.479253
0.190938160878538, 0.670824053452116, -0.00132185838385536, 20, 20, 0.453137
0.190938160878538, 0.673942093541203, -0.00132183515215142, 20, 20, 0.453095
0.190938160878538, 0.67706013363029, -0.0013218116903031, 20, 20, 0.45543
0.190938160878538, 0.680178173719376, -0.00132178799811636, 20, 20, 0.453125
0.190938160878538, 0.683296213808463, -0.0013217640754238, 20, 20, 0.453063
0.190938160878538, 0.68641425389755, -0.001321739922085, 20, 20, 0.453133
0.190938160878538, 0.689532293986637, -0.0013217155379867, 20, 20, 0.455346
0.190938160878538, 0.692650334075724, -0.00132169092304307, 20, 20, 0.455525
0.190938160878538, 0.695768374164811, -0.0013216660771959, 20, 20, 0.45554
0.190938160878538, 0.698886414253898, -0.00132164100041481, 20, 20, 0.4554
0.190938160878538, 0.702004454342984, -0.00132161569269753, 20, 20, 0.455345
0.190938160878538, 0.705122494432071, -0.00132159015407005, 20, 20, 0.455344
0.190938160878538, 0.708240534521158, -0.00132156438079143, 20, 19, 0.429049
0.190938160878538, 0.711358574610245, -0.00132153838086422, 20, 19, 0.431559
0.190938160878538, 0.714476614699332, -0.00132151215024811, 20, 19, 0.429224
0.190938160878538, 0.717594654788419, -0.00132148568908667, 20, 19, 0.43153
0.190938160878538, 0.720712694877506, -0.00132145899755249, 20, 19, 0.429118
0.190938160878538, 0.723830734966592, -0.00132143207584743, 20, 19, 0.42908
0.190938160878538, 0.726948775055679, -0.00132140492420281, 20, 19, 0.431494
0.190938160878538, 0.730066815144766, -0.0013213775428796, 20, 19, 0.431549
0.190938160878538, 0.733184855233853, -0.00132134993216857, 20, 19, 0.431542
0.190938160878538, 0.73630289532294, -0.00132132209239054, 20, 19, 0.431565
0.190938160878538, 0.739420935412027, -0.0013212940238965, 20, 19, 0.431512
0.190938160878538, 0.742538975501114, -0.00132126572706782, 20, 19, 0.431466
0.190938160878538, 0.7456570155902, -0.00132123720231639, 20, 19, 0.431459
0.190938160878538, 0.748775055679287, -0.00132120844620736, 20, 18, 0.405259
0.190938160878538, 0.751893095768374, -0.0013211794672879, 20, 18, 0.405138
0.190938160878538, 0.755011135857461, -0.0013211502618401, 20, 18, 0.405201
0.190938160878538, 0.758129175946548, -0.00132112083040174, 20, 18, 0.405093
0.190938160878538, 0.761247216035635, -0.00132109117354177, 20, 18, 0.405197
0.190938160878538, 0.764365256124722, -0.0013210612918604, 20, 18, 0.402787
0.190938160878538, 0.767483296213809, -0.00132103118598936, 20, 18, 0.407545
0.190938160878538, 0.770601336302895, -0.00132100085659194, 20, 18, 0.40758
0.190938160878538, 0.773719376391982, -0.00132097030436323, 20, 18, 0.407628
0.190938160878538, 0.776837416481069, -0.0013209395300302, 20, 18, 0.407622
0.190938160878538, 0.779955456570156, -0.00132090853435185, 20, 18, 0.407612
0.190938160878538, 0.783073496659243, -0.00132087731811938, 20, 18, 0.407576
0.190938160878538, 0.78619153674833, -0.00132084588215626, 20, 18, 0.407659
0.190938160878538, 0.789309576837417, -0.00132081422731841, 20, 18, 0.407615
0.190938160878538, 0.792427616926503, -0.0013207823544943, 20, 18, 0.407517
0.190938160878538, 0.79554565701559, -0.00132075026078016, 20, 17, 0.381217
0.190938160878538, 0.798663697104677, -0.00132071795507742, 20, 17, 0.381223
0.190938160878538, 0.801781737193764, -0.00132068543422712, 20, 17, 0.381355
0.190938160878538, 0.804899777282851, -0.00132065269925085, 20, 17, 0.381255
0.190938160878538, 0.808017817371938, -0.00132061975120315, 20, 17, 0.378945
0.190938160878538, 0.811135857461025, -0.00132058659117163, 20, 17, 0.381222
0.190938160878538, 0.814253897550111, -0.0013205532202771, 20, 17, 0.378897
0.190938160878538, 0.817371937639198, -0.00132051963967362, 20, 17, 0.383668
0.190938160878538, 0.820489977728285, -0.00132048585054865, 20, 17, 0.383636
0.190938160878538, 0.823608017817372, -0.00132045185412312, 20, 17, 0.383607
0.190938160878538, 0.826726057906459, -0.00132041765165152, 20, 17, 0.38376
0.190938160878538, 0.829844097995546, -0.00132038324442198, 20, 17, 0.383677
0.190938160878538, 0.832962138084633, -0.00132034863375639, 20, 17, 0.38361
0.190938160878538, 0.836080178173719, -0.0013203138210104, 20, 17, 0.383689
0.190938160878538, 0.839198218262806, -0.00132027880757359, 20, 17, 0.383559
0.190938160878538, 0.842316258351893, -0.00132024359486947, 20, 17, 0.383673
0.190938160878538, 0.84543429844098, -0.00132020818435557, 20, 17, 0.383658
0.190938160878538, 0.848552338530067, -0.00132017257377343, 20, 16, 0.357311
0.190938160878538, 0.851670378619154, -0.0013201367724245, 20, 16, 0.357421
0.190938160878538, 0.854788418708241, -0.00132010077782301, 20, 16, 0.357416
0.190938160878538, 0.857906458797328, -0.00132006459156465, 20, 16, 0.357365
0.190938160878538, 0.861024498886414, -0.00132002821527935, 20, 16, 0.357301
0.190938160878538, 0.864142538975501, -0.00131999165063125, 20, 16, 0.357302
0.190938160878538, 0.867260579064588, -0.00131995489931884, 20, 16, 0.354887
0.190938160878538, 0.870378619153675, -0.00131991796307494, 20, 16, 0.359828
0.190938160878538, 0.873496659242762, -0.00131988084366678, 20, 16, 0.357304
0.190938160878538, 0.876614699331849, -0.00131984354289603, 20, 16, 0.359678
0.190938160878538, 0.879732739420936, -0.0013198060625988, 20, 16, 0.359757
0.190938160878538, 0.882850779510022, -0.00131976840464575, 20, 16, 0.359643
0.190938160878538, 0.885968819599109, -0.00131973057094206, 20, 16, 0.35963
0.190938160878538, 0.889086859688196, -0.00131969256342744, 20, 16, 0.359699
0.190938160878538, 0.892204899777283, -0.00131965438407623, 20, 16, 0.359731
0.190938160878538, 0.89532293986637, -0.00131961603489733, 20, 16, 0.359664
0.190938160878538, 0.898440979955457, -0.00131957751793428, 20, 16, 0.359656
0.190938160878538, 0.901559020044544, -0.00131953883526524, 20, 16, 0.359728
0.190938160878538, 0.90467706013363, -0.00131949998900299, 20, 16, 0.359654
0.190938160878538, 0.907795100222717, -0.00131946098129498, 20, 16, 0.359662
0.190938160878538, 0.910913140311804, -0.00131942181082079, 20, 15, 0.333346
0.190938160878538, 0.914031180400891, -0.00131938248704399, 20, 15, 0.333407
0.190938160878538, 0.917149220489978, -0.00131934300845491, 20, 15, 0.333294
0.190938160878538, 0.920267260579065, -0.00131930337734067, 20, 15, 0.333366
0.190938160878538, 0.923385300668152, -0.00131926359602293, 20, 15, 0.330932
0.190938160878538, 0.926503340757238, -0.00131922366685791, 20, 15, 0.330937
0.190938160878538, 0.929621380846325, -0.00131918359223629, 20, 15, 0.333485
0.190938160878538, 0.932739420935412, -0.00131914337458331, 20, 15, 0.33335
0.190938160878538, 0.935857461024499, -0.00131910301635865, 20, 15, 0.335718
0.190938160878538, 0.938975501113586, -0.00131906252005649, 20, 15, 0.335798
0.190938160878538, 0.942093541202673, -0.00131902188822843, 20, 15, 0.338575
0.190938160878538, 0.945211581291759, -0.00131898112339146, 20, 15, 0.33854
0.190938160878538, 0.948329621380847, -0.00131894022816597, 20, 15, 0.338653
0.190938160878538, 0.951447661469933, -0.00131889920518367, 20, 15, 0.338576
0.190938160878538, 0.95456570155902, -0.00131885805711058, 20, 15, 0.338599
0.190938160878538, 0.957683741648107, -0.00131881678664699, 20, 15, 0.33859
0.190938160878538, 0.960801781737194, -0.00131877539652739, 20, 15, 0.338503
0.190938160878538, 0.963919821826281, -0.00131873388952045, 20, 15, 0.338597
0.190938160878538, 0.967037861915368, -0.00131869226842894, 20, 15, 0.338515
0.190938160878538, 0.970155902004454, -0.0013186505360897, 20, 15, 0.33855
0.190938160878538, 0.973273942093541, -0.00131860869537359, 20, 15, 0.33855
0.190938160878538, 0.976391982182628, -0.00131856674918541, 20, 15, 0.338546
0.190938160878538, 0.979510022271715, -0.00131852469698459, 20, 14, 0.312337
0.190938160878538, 0.982628062360802, -0.00131848254892694, 20, 14, 0.31227
0.190938160878538, 0.985746102449889, -0.00131844030430015, 20, 14, 0.312232
0.190938160878538, 0.988864142538975, -0.00131839796614507, 20, 14, 0.312225
0.190938160878538, 0.991982182628063, -0.0013183555375361, 20, 14, 0.312246
0.190938160878538, 0.995100222717149, -0.00131831302158111, 20, 14, 0.309798
0.190938160878538, 0.998218262806236, -0.00131827042142137, 20, 14, 0.309853
0.190938160878538, 1.00133630289532, -0.00131822774023146, 20, 14, 0.30998
0.190938160878538, 1.00445434298441, -0.00131818498121919, 20, 14, 0.31222
0.190938160878538, 1.0075723830735, -0.00131814214762554, 20, 14, 0.314689
0.190938160878538, 1.01069042316258, -0.00131809924272451, 20, 14, 0.312255
0.190938160878538, 1.01380846325167, -0.00131805626982311, 20, 14, 0.314593
0.190938160878538, 1.01692650334076, -0.0013180132322612, 20, 14, 0.312199
0.190938160878538, 1.02004454342984, -0.00131797013341144, 20, 14, 0.314712
0.190938160878538, 1.02316258351893, -0.00131792697667914, 20, 14, 0.314614
0.190938160878538, 1.02628062360802, -0.00131788376550222, 20, 14, 0.314591
0.190938160878538, 1.0293986636971, -0.00131784050335106, 20, 14, 0.314642
0.190938160878538, 1.03251670378619, -0.0013177971937284, 20, 14, 0.314555
0.190938160878538, 1.03563474387528, -0.00131775384016925, 20, 14, 0.314658
0.190938160878538, 1.03875278396437, -0.00131771044624073, 20, 14, 0.31457
0.190938160878538, 1.04187082405345, -0.00131766701554204, 20, 14, 0.314566
0.190938160878538, 1.04498886414254, -0.00131762355170424, 20, 14, 0.314545
0.190938160878538, 1.04810690423163, -0.0013175800583902, 20, 14, 0.314527
0.190938160878538, 1.05122494432071, -0.00131753653929447, 20, 14, 0.314623
0.190938160878538, 1.0543429844098, -0.00131749299814311, 20, 14, 0.314491
0.190938160878538, 1.05746102449889, -0.00131744943869362, 20, 14, 0.314617
0.190938160878538, 1.06057906458797, -0.0013174058613911, 20, 13, 0.288276
0.190938160878538, 1.06369710467706, -0.00131736227694399, 20, 13, 0.288236
0.190938160878538, 1.06681514476615, -0.00131731868564629, 20, 13, 0.288392
0.190938160878538, 1.06993318485523, -0.00131727509138055, 20, 13, 0.288305
0.190938160878538, 1.07305122494432, -0.00131723149805998, 20, 13, 0.288316
0.190938160878538, 1.07616926503341, -0.00131718790962837, 20, 13, 0.288252
0.190938160878538, 1.07928730512249, -0.0013171443300599, 20, 13, 0.28832
0.190938160878538, 1.08240534521158, -0.00131710076335903, 20, 13, 0.285855
0.190938160878538, 1.08552338530067, -0.00131705721356034, 20, 13, 0.285935
0.190938160878538, 1.08864142538976, -0.00131701368472838, 20, 13, 0.288267
0.190938160878538, 1.09175946547884, -0.0013169701809575, 20, 13, 0.288259
0.190938160878538, 1.09487750556793, -0.00131692670637174, 20, 13, 0.288219
0.190938160878538, 1.09799554565702, -0.00131688326512463, 20, 13, 0.288325
0.190938160878538, 1.1011135857461, -0.00131683986139907, 20, 13, 0.288211
0.190938160878538, 1.10423162583519, -0.00131679649940712, 20, 13, 0.288201
0.190938160878538, 1.10734966592428, -0.00131675318338989, 20, 13, 0.290593
0.190938160878538, 1.11046770601336, -0.00131670991761733, 20, 13, 0.288235
0.190938160878538, 1.11358574610245, -0.00131666670638812, 20, 13, 0.290601
0.190938160878538, 1.11670378619154, -0.00131662355402941, 20, 13, 0.290617
0.190938160878538, 1.11982182628062, -0.00131658046489675, 20, 13, 0.29067
0.190938160878538, 1.12293986636971, -0.00131653744337385, 20, 13, 0.290612
0.190938160878538, 1.1260579064588, -0.00131649449387241, 20, 13, 0.290633
0.190938160878538, 1.12917594654788, -0.00131645162083199, 20, 13, 0.290601
0.190938160878538, 1.13229398663697, -0.00131640882871976, 20, 13, 0.290612
0.190938160878538, 1.13541202672606, -0.00131636612203038, 20, 13, 0.29071
0.190938160878538, 1.13853006681514, -0.00131632350528579, 20, 13, 0.29062
0.190938160878538, 1.14164810690423, -0.00131628098303501, 20, 13, 0.290661
0.190938160878538, 1.14476614699332, -0.00131623855985399, 20, 13, 0.290634
0.190938160878538, 1.14788418708241, -0.00131619624034539, 20, 13, 0.290732
0.190938160878538, 1.15100222717149, -0.0013161540291384, 20, 13, 0.290662
0.190938160878538, 1.15412026726058, -0.00131611193088855, 20, 13, 0.29065
0.190938160878538, 1.15723830734967, -0.00131606994716629, 20, 12, 0.264311
0.190938160878538, 1.16035634743875, -0.00131602808907499, 20, 12, 0.264392
0.190938160878538, 1.16347438752784, -0.00131598635805387, 20, 12, 0.26433
0.190938160878538, 1.16659242761693, -0.00131594475886238, 20, 12, 0.264294
0.190938160878538, 1.16971046770601, -0.00131590329628532, 20, 12, 0.264344
0.190938160878538, 1.1728285077951, -0.00131586197513256, 20, 12, 0.264321
0.190938160878538, 1.17594654788419, -0.00131582080023892, 20, 12, 0.261883
0.190938160878538, 1.17906458797327, -0.00131577977646392, 20, 12, 0.261945
0.190938160878538, 1.18218262806236, -0.00131573890869159, 20, 12, 0.261906
0.190938160878538, 1.18530066815145, -0.00131569820183026, 20, 12, 0.261876
0.190938160878538, 1.18841870824053, -0.00131565766081234, 20, 12, 0.264409
0.190938160878538, 1.19153674832962, -0.00131561729059414, 20, 12, 0.26431
0.190938160878538, 1.19465478841871, -0.0013155770961556, 20, 12, 0.264315
0.190938160878538, 1.1977728285078, -0.00131553708250016, 20, 12, 0.264275
0.190938160878538, 1.20089086859688, -0.00131549725465445, 20, 12, 0.264407
0.190938160878538, 1.20400890868597, -0.00131545761766815, 20, 12, 0.264272
0.190938160878538, 1.20712694877506, -0.00131541817661374, 20, 12, 0.264242
0.190938160878538, 1.21024498886414, -0.00131537893658628, 20, 12, 0.264331
0.190938160878538, 1.21336302895323, -0.00131533990270318, 20, 12, 0.264288
0.190938160878538, 1.21648106904232, -0.00131530108010401, 20, 12, 0.266695
0.190938160878538, 1.2195991091314, -0.00131526247395026, 20, 12, 0.266849
0.190938160878538, 1.22271714922049, -0.00131522408942508, 20, 12, 0.264297
0.190938160878538, 1.22583518930958, -0.00131518593173311, 20, 12, 0.266766
0.190938160878538, 1.22895322939866, -0.00131514800610025, 20, 12, 0.266748
0.190938160878538, 1.23207126948775, -0.00131511031777337, 20, 12, 0.266614
0.190938160878538, 1.23518930957684, -0.00131507287202014, 20, 12, 0.266822
0.190938160878538, 1.23830734966592, -0.00131503567412878, 20, 12, 0.266724
0.190938160878538, 1.24142538975501, -0.00131499872940784, 20, 12, 0.26667
0.190938160878538, 1.2445434298441, -0.00131496204318595, 20, 12, 0.266676
0.190938160878538, 1.24766146993318, -0.00131492562081157, 20, 12, 0.266721
0.190938160878538, 1.25077951002227, -0.00131488946765281, 20, 12, 0.266835
0.190938160878538, 1.25389755011136, -0.00131485358909715, 20, 12, 0.266672
0.190938160878538, 1.25701559020045, -0.0013148179905512, 20, 12, 0.26676
0.190938160878538, 1.26013363028953, -0.0013147826774405, 20, 12, 0.266715
0.190938160878538, 1.26325167037862, -0.00131474765520925, 20, 12, 0.266907
0.190938160878538, 1.26636971046771, -0.00131471292932006, 20, 12, 0.266689
0.190938160878538, 1.26948775055679, -0.00131467850525377, 20, 12, 0.266771
0.190938160878538, 1.27260579064588, -0.00131464438564931, 20, 11, 0.240417
0.190938160878538, 1.27572383073497, -0.0013146105818892, 20, 11, 0.240361
0.190938160878538, 1.27884187082405, -0.00131457709649364, 20, 11, 0.240388
0.190938160878538, 1.28195991091314, -0.00131454393501417, 20, 11, 0.240399
0.190938160878538, 1.28507795100223, -0.00131451110301924, 20, 11, 0.240444
0.190938160878538, 1.28819599109131, -0.00131447860609404, 20, 11, 0.240412
0.190938160878538, 1.2913140311804, -0.00131444644984023, 20, 11, 0.240509
0.190938160878538, 1.29443207126949, -0.00131441463987566, 20, 11, 0.23801
0.190938160878538, 1.29755011135857, -0.00131438318183417, 20, 11, 0.238071
0.190938160878538, 1.30066815144766, -0.0013143520813653, 20, 11, 0.237976
0.190938160878538, 1.30378619153675, -0.00131432134413411, 20, 11, 0.238102
0.190938160878538, 1.30690423162584, -0.00131429097582083, 20, 11, 0.240348
0.190938160878538, 1.31002227171492, -0.00131426098212071, 20, 11, 0.240397
0.190938160878538, 1.31314031180401, -0.00131423136874372, 20, 11, 0.240404
0.190938160878538, 1.3162583518931, -0.00131420214141428, 20, 11, 0.240486
0.190938160878538, 1.31937639198218, -0.00131417330587107, 20, 11, 0.240483
0.190938160878538, 1.32249443207127, -0.00131414486786673, 20, 11, 0.240344
0.190938160878538, 1.32561247216036, -0.00131411683316762, 20, 11, 0.240346
0.190938160878538, 1.32873051224944, -0.00131408920755358, 20, 11, 0.240395
0.190938160878538, 1.33184855233853, -0.00131406199681765, 20, 11, 0.240347
0.190938160878538, 1.33496659242762, -0.00131403520676586, 20, 11, 0.240336
0.190938160878538, 1.3380846325167, -0.00131400884321693, 20, 11, 0.240334
0.190938160878538, 1.34120267260579, -0.00131398291200205, 20, 11, 0.240282
0.190938160878538, 1.34432071269488, -0.0013139574189646, 20, 11, 0.242738
0.190938160878538, 1.34743875278396, -0.00131393236995991, 20, 11, 0.240307
0.190938160878538, 1.35055679287305, -0.00131390777085502, 20, 11, 0.242851
0.190938160878538, 1.35367483296214, -0.00131388362752839, 20, 11, 0.242773
0.190938160878538, 1.35679287305122, -0.00131385994586966, 20, 11, 0.240304
0.190938160878538, 1.35991091314031, -0.00131383673177941, 20, 11, 0.242846
0.190938160878538, 1.3630289532294, -0.0013138139911689, 20, 11, 0.242856
0.190938160878538, 1.36614699331849, -0.00131379172995977, 20, 11, 0.242762
0.190938160878538, 1.36926503340757, -0.00131376995408384, 20, 11, 0.242698
0.190938160878538, 1.37238307349666, -0.00131374866948285, 20, 11, 0.242766
0.190938160878538, 1.37550111358575, -0.00131372788210815, 20, 11, 0.24273
0.190938160878538, 1.37861915367483, -0.0013137075979205, 20, 11, 0.242769
0.190938160878538, 1.38173719376392, -0.00131368782288979, 20, 11, 0.24286
0.190938160878538, 1.38485523385301, -0.00131366856299479, 20, 11, 0.242727
0.190938160878538, 1.38797327394209, -0.00131364982422288, 20, 11, 0.242744
0.190938160878538, 1.39109131403118, -0.00131363161256981, 20, 11, 0.242735
0.190938160878538, 1.39420935412027, -0.00131361393403944, 20, 11, 0.242694
0.190938160878538, 1.39732739420935, -0.00131359679464346, 20, 11, 0.240305
0.190938160878538, 1.40044543429844, -0.00131358020040118, 20, 11, 0.24047
0.190938160878538, 1.40356347438753, -0.00131356415733922, 20, 11, 0.240305
0.190938160878538, 1.40668151447661, -0.0013135486714913, 20, 11, 0.240301
0.190938160878538, 1.4097995545657, -0.00131353374889796, 20, 11, 0.2403
0.190938160878538, 1.41291759465479, -0.00131351939560629, 20, 11, 0.240356
0.190938160878538, 1.41603563474388, -0.00131350561521454, 20, 10, 0.216414
0.190938160878538, 1.41915367483296, -0.00131349241880718, 20, 10, 0.216389
0.190938160878538, 1.42227171492205, -0.00131347980987433, 20, 10, 0.216448
0.190938160878538, 1.42538975501114, -0.00131346779448703, 20, 10, 0.216417
0.190938160878538, 1.42850779510022, -0.00131345637872165, 20, 10, 0.216559
0.190938160878538, 1.43162583518931, -0.00131344556865954, 20, 10, 0.216422
0.190938160878538, 1.4347438752784, -0.00131343537038684, 20, 10, 0.216407
0.190938160878538, 1.43786191536748, -0.00131342578999421, 20, 10, 0.214003
0.190938160878538, 1.44097995545657, -0.00131341683357656, 20, 10, 0.214035
0.190938160878538, 1.44409799554566, -0.0013134085072328, 20, 10, 0.214047
0.190938160878538, 1.44721603563474, -0.00131340081706563, 20, 10, 0.214048
0.190938160878538, 1.45033407572383, -0.00131339376918122, 20, 10, 0.216438
0.190938160878538, 1.45345211581292, -0.00131338736968901, 20, 10, 0.216452
0.190938160878538, 1.456570155902, -0.00131338162470144, 20, 10, 0.216498
0.190938160878538, 1.45968819599109, -0.00131337654033369, 20, 10, 0.216471
0.190938160878538, 1.46280623608018, -0.00131337212270344, 20, 10, 0.216429
0.190938160878538, 1.46592427616927, -0.00131336837793061, 20, 10, 0.216441
0.190938160878538, 1.46904231625835, -0.00131336531213713, 20, 10, 0.216443
0.190938160878538, 1.47216035634744, -0.00131336293144667, 20, 10, 0.216496
0.190938160878538, 1.47527839643653, -0.0013133612419844, 20, 10, 0.216439
0.190938160878538, 1.47839643652561, -0.00131336024987673, 20, 10, 0.216458
0.190938160878538, 1.4815144766147, -0.0013133599612511, 20, 10, 0.216444
0.190938160878538, 1.48463251670379, -0.00131336038223566, 20, 10, 0.216441
0.190938160878538, 1.48775055679287, -0.00131336151895911, 20, 10, 0.216482
0.190938160878538, 1.49086859688196, -0.00131336337755038, 20, 10, 0.216443
0.190938160878538, 1.49398663697105, -0.00131336596413842, 20, 10, 0.216445
0.190938160878538, 1.49710467706013, -0.00131336928485197, 20, 10, 0.216476
0.190938160878538, 1.50022271714922, -0.00131337334581928, 20, 10, 0.216467
0.190938160878538, 1.50334075723831, -0.00131337815316787, 20, 10, 0.216436
0.190938160878538, 1.50645879732739, -0.00131338371302432, 20, 10, 0.216439
0.190938160878538, 1.50957683741648, -0.00131339003151399, 20, 10, 0.216466
0.190938160878538, 1.51269487750557, -0.0013133971147608, 20, 10, 0.21642
0.190938160878538, 1.51581291759465, -0.00131340496888699, 20, 10, 0.216451
0.190938160878538, 1.51893095768374, -0.00131341360001286, 20, 10, 0.216442
0.190938160878538, 1.52204899777283, -0.00131342301425654, 20, 10, 0.218855
0.190938160878538, 1.52516703786192, -0.00131343321773377, 20, 10, 0.214033
0.190938160878538, 1.528285077951, -0.00131344421655763, 20, 10, 0.216499
0.190938160878538, 1.53140311804009, -0.00131345601683834, 20, 10, 0.218879
0.190938160878538, 1.53452115812918, -0.00131346862468296, 20, 10, 0.218882
0.190938160878538, 1.53763919821826, -0.00131348204619525, 20, 10, 0.218853
0.190938160878538, 1.54075723830735, -0.00131349628747533, 20, 10, 0.218789
0.190938160878538, 1.54387527839644, -0.00131351135461953, 20, 10, 0.218929
0.190938160878538, 1.54699331848552, -0.00131352725372012, 20, 10, 0.21883
0.190938160878538, 1.55011135857461, -0.00131354399086507, 20, 10, 0.218805
0.190938160878538, 1.5532293986637, -0.00131356157213783, 20, 10, 0.216389
0.190938160878538, 1.55634743875278, -0.0013135800036171, 20, 10, 0.216345
0.190938160878538, 1.55946547884187, -0.00131359929137663, 20, 10, 0.216415
0.190938160878538, 1.56258351893096, -0.0013136194414849, 20, 10, 0.216421
0.190938160878538, 1.56570155902004, -0.00131364046000502, 20, 10, 0.216405
0.190938160878538, 1.56881959910913, -0.00131366235299438, 20, 10, 0.21656
0.190938160878538, 1.57193763919822, -0.00131368512650452, 20, 10, 0.216408
0.190938160878538, 1.57505567928731, -0.00131370878658084, 20, 10, 0.21639
0.190938160878538, 1.57817371937639, -0.00131373333926241, 20, 10, 0.216515
0.190938160878538, 1.58129175946548, -0.00131375879058175, 20, 10, 0.216455
0.190938160878538, 1.58440979955457, -0.00131378514656457, 20, 10, 0.216414
0.190938160878538, 1.58752783964365, -0.00131381241322961, 20, 10, 0.216413
0.190938160878538, 1.59064587973274, -0.00131384059443917, 20, 9, 0.192508
0.190938160878538, 1.59376391982183, -0.00131386970058626, 20, 9, 0.192524
0.190938160878538, 1.59688195991091, -0.00131389973542369, 20, 9, 0.192616
0.190938160878538, 1.6, -0.00131393070494013, 20, 9, 0.1924
# finished at Tue Apr 29 21:18:23 CEST 2014
