# starting on alcc94 at Wed Apr 30 05:31:48 CEST 2014
# casimir, -T, 0.200000,1.600000,450, -Q, 0.743478287829651, -p, 1e-08, -L, 20
# Compiler icc, using long double and plain matrix elements and plain integration
# precision=1e-08
# lfac=5
# cores=1
# L=0.743478
# T=0.2...1.6 (450)
#
# R/(L+R), T, F, lmax, nmax, time
0.743478287829651, 0.2, -0.343753065231859, 20, 180, 5.84149
0.743478287829651, 0.203118040089087, -0.343753018815863, 20, 177, 5.74857
0.743478287829651, 0.206236080178174, -0.343752970709649, 20, 175, 5.68814
0.743478287829651, 0.209354120267261, -0.343752919953265, 20, 172, 5.59048
0.743478287829651, 0.212472160356347, -0.343752866921565, 20, 169, 5.49581
0.743478287829651, 0.215590200445434, -0.343752812052711, 20, 167, 5.42785
0.743478287829651, 0.218708240534521, -0.343752754800328, 20, 165, 5.36688
0.743478287829651, 0.221826280623608, -0.343752694625044, 20, 162, 5.28492
0.743478287829651, 0.224944320712695, -0.343752632472442, 20, 160, 5.21368
0.743478287829651, 0.228062360801782, -0.343752567725477, 20, 158, 5.154
0.743478287829651, 0.231180400890869, -0.343752500353712, 20, 156, 5.08797
0.743478287829651, 0.234298440979955, -0.343752430296595, 20, 154, 5.0329
0.743478287829651, 0.237416481069042, -0.343752357489157, 20, 152, 4.97217
0.743478287829651, 0.240534521158129, -0.343752281868933, 20, 150, 4.8934
0.743478287829651, 0.243652561247216, -0.343752203369001, 20, 148, 4.81745
0.743478287829651, 0.246770601336303, -0.343752121925068, 20, 146, 4.75257
0.743478287829651, 0.24988864142539, -0.343752037468262, 20, 144, 4.6853
0.743478287829651, 0.253006681514477, -0.343751950486117, 20, 143, 4.65391
0.743478287829651, 0.256124721603563, -0.343751859827501, 20, 141, 4.58888
0.743478287829651, 0.25924276169265, -0.343751765954834, 20, 139, 4.52016
0.743478287829651, 0.262360801781737, -0.343751669367692, 20, 138, 4.49066
0.743478287829651, 0.265478841870824, -0.343751568891982, 20, 136, 4.41811
0.743478287829651, 0.268596881959911, -0.343751465033302, 20, 134, 4.35253
0.743478287829651, 0.271714922048998, -0.343751358251299, 20, 133, 4.31146
0.743478287829651, 0.274832962138085, -0.343751247336385, 20, 131, 4.24549
0.743478287829651, 0.277951002227172, -0.343751133413346, 20, 130, 4.21347
0.743478287829651, 0.281069042316258, -0.343751015202361, 20, 128, 4.14835
0.743478287829651, 0.284187082405345, -0.343750893866137, 20, 127, 4.11609
0.743478287829651, 0.287305122494432, -0.343750768708851, 20, 126, 4.08299
0.743478287829651, 0.290423162583519, -0.343750639053631, 20, 124, 4.01728
0.743478287829651, 0.293541202672606, -0.343750506073144, 20, 123, 3.98454
0.743478287829651, 0.296659242761693, -0.343750369067921, 20, 122, 3.95175
0.743478287829651, 0.29977728285078, -0.343750227967936, 20, 121, 3.9189
0.743478287829651, 0.302895322939866, -0.343750082082155, 20, 119, 3.85413
0.743478287829651, 0.306013363028953, -0.343749932604226, 20, 118, 3.821
0.743478287829651, 0.30913140311804, -0.343749778825927, 20, 117, 3.78845
0.743478287829651, 0.312249443207127, -0.343749620675925, 20, 116, 3.75531
0.743478287829651, 0.315367483296214, -0.343749458086054, 20, 115, 3.72351
0.743478287829651, 0.318485523385301, -0.343749290987945, 20, 114, 3.69047
0.743478287829651, 0.321603563474388, -0.343749118638406, 20, 112, 3.62436
0.743478287829651, 0.324721603563474, -0.343748942312807, 20, 111, 3.59223
0.743478287829651, 0.327839643652561, -0.343748761265967, 20, 110, 3.56915
0.743478287829651, 0.330957683741648, -0.343748575428925, 20, 109, 3.52445
0.743478287829651, 0.334075723830735, -0.343748384728896, 20, 108, 3.49439
0.743478287829651, 0.337193763919822, -0.343748189145981, 20, 107, 3.46163
0.743478287829651, 0.340311804008909, -0.3437479885116, 20, 106, 3.43256
0.743478287829651, 0.343429844097996, -0.343747782804041, 20, 105, 3.39734
0.743478287829651, 0.346547884187082, -0.343747571953955, 20, 104, 3.36688
0.743478287829651, 0.349665924276169, -0.343747356619256, 20, 104, 3.36602
0.743478287829651, 0.352783964365256, -0.343747135286952, 20, 103, 3.33676
0.743478287829651, 0.355902004454343, -0.3437469086017, 20, 102, 3.30019
0.743478287829651, 0.35902004454343, -0.34374667649431, 20, 101, 3.26805
0.743478287829651, 0.362138084632517, -0.343746438891595, 20, 100, 3.23448
0.743478287829651, 0.365256124721604, -0.343746195724419, 20, 99, 3.2053
0.743478287829651, 0.36837416481069, -0.343745946922297, 20, 98, 3.16853
0.743478287829651, 0.371492204899777, -0.343745693183883, 20, 98, 3.16901
0.743478287829651, 0.374610244988864, -0.343745432937629, 20, 97, 3.13705
0.743478287829651, 0.377728285077951, -0.343745166847887, 20, 96, 3.10509
0.743478287829651, 0.380846325167038, -0.343744894846018, 20, 95, 3.07685
0.743478287829651, 0.383964365256125, -0.343744616861981, 20, 94, 3.03805
0.743478287829651, 0.387082405345212, -0.343744333642147, 20, 94, 3.03724
0.743478287829651, 0.390200445434298, -0.343744043533716, 20, 93, 3.00225
0.743478287829651, 0.393318485523385, -0.343743747240219, 20, 92, 2.97053
0.743478287829651, 0.396436525612472, -0.343743445492883, 20, 92, 2.97264
0.743478287829651, 0.399554565701559, -0.343743136672352, 20, 91, 2.9434
0.743478287829651, 0.402672605790646, -0.343742821463323, 20, 90, 2.90888
0.743478287829651, 0.405790645879733, -0.343742499796843, 20, 89, 2.87199
0.743478287829651, 0.40890868596882, -0.343742172472863, 20, 89, 2.87362
0.743478287829651, 0.412026726057906, -0.343741837756543, 20, 88, 2.8392
0.743478287829651, 0.415144766146993, -0.343741496382487, 20, 87, 2.80756
0.743478287829651, 0.41826280623608, -0.343741149178697, 20, 87, 2.80749
0.743478287829651, 0.421380846325167, -0.343740794366989, 20, 86, 2.77448
0.743478287829651, 0.424498886414254, -0.343740433560753, 20, 86, 2.77369
0.743478287829651, 0.427616926503341, -0.343740065058431, 20, 85, 2.74078
0.743478287829651, 0.430734966592428, -0.343739689580037, 20, 84, 2.71019
0.743478287829651, 0.433853006681514, -0.34373930796485, 20, 84, 2.70888
0.743478287829651, 0.436971046770601, -0.343738918421542, 20, 83, 2.67737
0.743478287829651, 0.440089086859688, -0.343738522597167, 20, 83, 2.67706
0.743478287829651, 0.443207126948775, -0.343738118747747, 20, 82, 2.64614
0.743478287829651, 0.446325167037862, -0.343737707674832, 20, 81, 2.61376
0.743478287829651, 0.449443207126949, -0.343737290151264, 20, 81, 2.61132
0.743478287829651, 0.452561247216036, -0.34373686435216, 20, 80, 2.58008
0.743478287829651, 0.455679287305123, -0.343736432039401, 20, 80, 2.58169
0.743478287829651, 0.458797327394209, -0.343735991344364, 20, 79, 2.54624
0.743478287829651, 0.461915367483296, -0.343735544019517, 20, 79, 2.54752
0.743478287829651, 0.465033407572383, -0.343735088204232, 20, 78, 2.51493
0.743478287829651, 0.46815144766147, -0.343734625649575, 20, 78, 2.51606
0.743478287829651, 0.471269487750557, -0.3437341544934, 20, 77, 2.48171
0.743478287829651, 0.474387527839644, -0.343733676496741, 20, 77, 2.48106
0.743478287829651, 0.477505567928731, -0.343733189786417, 20, 76, 2.44977
0.743478287829651, 0.480623608017817, -0.343732696141386, 20, 76, 2.44956
0.743478287829651, 0.483741648106904, -0.343732193664117, 20, 75, 2.41844
0.743478287829651, 0.486859688195991, -0.343731684170563, 20, 75, 2.4166
0.743478287829651, 0.489977728285078, -0.343731165724948, 20, 74, 2.38424
0.743478287829651, 0.493095768374165, -0.343730640189181, 20, 74, 2.38709
0.743478287829651, 0.496213808463252, -0.343730105578231, 20, 73, 2.35785
0.743478287829651, 0.499331848552339, -0.343729563813349, 20, 73, 2.35976
0.743478287829651, 0.502449888641425, -0.343729013813567, 20, 73, 2.36028
0.743478287829651, 0.505567928730512, -0.343728454674527, 20, 72, 2.32812
0.743478287829651, 0.508685968819599, -0.343727888177209, 20, 72, 2.3278
0.743478287829651, 0.511804008908686, -0.343727312412414, 20, 71, 2.29518
0.743478287829651, 0.514922048997773, -0.343726729248643, 20, 71, 2.29499
0.743478287829651, 0.51804008908686, -0.343726136686835, 20, 70, 2.26287
0.743478287829651, 0.521158129175947, -0.343725536695508, 20, 70, 2.26471
0.743478287829651, 0.524276169265034, -0.343724928180298, 20, 70, 2.26291
0.743478287829651, 0.52739420935412, -0.34372431019863, 20, 69, 2.22975
0.743478287829651, 0.530512249443207, -0.343723684627075, 20, 69, 2.22798
0.743478287829651, 0.533630289532294, -0.343723049454313, 20, 68, 2.18664
0.743478287829651, 0.536748329621381, -0.343722406685801, 20, 68, 2.18635
0.743478287829651, 0.539866369710468, -0.343721755218676, 20, 68, 2.18848
0.743478287829651, 0.542984409799555, -0.34372109407944, 20, 67, 2.15462
0.743478287829651, 0.546102449888642, -0.343720425215928, 20, 67, 2.15505
0.743478287829651, 0.549220489977728, -0.343719746541506, 20, 66, 2.1231
0.743478287829651, 0.552338530066815, -0.34371906016524, 20, 66, 2.12245
0.743478287829651, 0.555456570155902, -0.343718364937539, 20, 66, 2.1242
0.743478287829651, 0.558574610244989, -0.343717659830408, 20, 65, 2.0889
0.743478287829651, 0.561692650334076, -0.343716946926389, 20, 65, 2.09034
0.743478287829651, 0.564810690423163, -0.343716225095726, 20, 65, 2.09033
0.743478287829651, 0.567928730512249, -0.343715493317757, 20, 64, 2.05702
0.743478287829651, 0.571046770601336, -0.343714753668564, 20, 64, 2.05709
0.743478287829651, 0.574164810690423, -0.343714005030041, 20, 64, 2.05679
0.743478287829651, 0.57728285077951, -0.343713246375369, 20, 63, 2.02469
0.743478287829651, 0.580400890868597, -0.34371247979614, 20, 63, 2.02534
0.743478287829651, 0.583518930957684, -0.343711704171469, 20, 63, 2.02609
0.743478287829651, 0.586636971046771, -0.343710918467547, 20, 62, 1.99561
0.743478287829651, 0.589755011135857, -0.343710124807266, 20, 62, 1.99233
0.743478287829651, 0.592873051224944, -0.343709322058784, 20, 62, 1.99106
0.743478287829651, 0.595991091314031, -0.343708509167199, 20, 61, 1.95948
0.743478287829651, 0.599109131403118, -0.343707688309805, 20, 61, 1.95863
0.743478287829651, 0.602227171492205, -0.343706858333054, 20, 61, 1.95867
0.743478287829651, 0.605345211581292, -0.343706018150392, 20, 60, 1.9266
0.743478287829651, 0.608463251670379, -0.343705170015929, 20, 60, 1.92598
0.743478287829651, 0.611581291759466, -0.343704312742909, 20, 60, 1.92595
0.743478287829651, 0.614699331848552, -0.343703446332915, 20, 60, 1.92771
0.743478287829651, 0.617817371937639, -0.343702569749459, 20, 59, 1.89345
0.743478287829651, 0.620935412026726, -0.343701685149666, 20, 59, 1.89379
0.743478287829651, 0.624053452115813, -0.343700791407919, 20, 59, 1.89529
0.743478287829651, 0.6271714922049, -0.343699887439534, 20, 58, 1.86098
0.743478287829651, 0.630289532293987, -0.343698975521042, 20, 58, 1.86126
0.743478287829651, 0.633407572383074, -0.343698054470612, 20, 58, 1.86109
0.743478287829651, 0.63652561247216, -0.343697124297304, 20, 58, 1.86078
0.743478287829651, 0.639643652561247, -0.343696183947253, 20, 57, 1.82844
0.743478287829651, 0.642761692650334, -0.343695235648681, 20, 57, 1.82892
0.743478287829651, 0.645879732739421, -0.343694278254719, 20, 57, 1.82803
0.743478287829651, 0.648997772828508, -0.343693310634146, 20, 56, 1.79601
0.743478287829651, 0.652115812917595, -0.343692335188653, 20, 56, 1.79569
0.743478287829651, 0.655233853006682, -0.343691350688606, 20, 56, 1.79503
0.743478287829651, 0.658351893095768, -0.34369035715345, 20, 56, 1.79504
0.743478287829651, 0.661469933184855, -0.343689353460363, 20, 55, 1.76324
0.743478287829651, 0.664587973273942, -0.343688342010531, 20, 55, 1.76316
0.743478287829651, 0.667706013363029, -0.3436873215847, 20, 55, 1.76244
0.743478287829651, 0.670824053452116, -0.343686292306429, 20, 55, 1.76402
0.743478287829651, 0.673942093541203, -0.343685252846504, 20, 54, 1.731
0.743478287829651, 0.67706013363029, -0.343684205743177, 20, 54, 1.73156
0.743478287829651, 0.680178173719376, -0.343683149767155, 20, 54, 1.73169
0.743478287829651, 0.683296213808463, -0.343682084950188, 20, 54, 1.73087
0.743478287829651, 0.68641425389755, -0.343681010135629, 20, 53, 1.69852
0.743478287829651, 0.689532293986637, -0.343679927829786, 20, 53, 1.69883
0.743478287829651, 0.692650334075724, -0.34367883677978, 20, 53, 1.69791
0.743478287829651, 0.695768374164811, -0.343677737023729, 20, 53, 1.6979
0.743478287829651, 0.698886414253898, -0.343676628601202, 20, 53, 1.69851
0.743478287829651, 0.702004454342984, -0.343675510411793, 20, 52, 1.66656
0.743478287829651, 0.705122494432071, -0.343674384867678, 20, 52, 1.66587
0.743478287829651, 0.708240534521158, -0.34367325077817, 20, 52, 1.66498
0.743478287829651, 0.711358574610245, -0.343672108189348, 20, 52, 1.66621
0.743478287829651, 0.714476614699332, -0.343670955946964, 20, 51, 1.63319
0.743478287829651, 0.717594654788419, -0.343669796596029, 20, 51, 1.63326
0.743478287829651, 0.720712694877506, -0.343668628883748, 20, 51, 1.63497
0.743478287829651, 0.723830734966592, -0.343667452865472, 20, 51, 1.633
0.743478287829651, 0.726948775055679, -0.343666268595392, 20, 51, 1.63268
0.743478287829651, 0.730066815144766, -0.343665074941607, 20, 50, 1.60039
0.743478287829651, 0.733184855233853, -0.343663874423542, 20, 50, 1.60223
0.743478287829651, 0.73630289532294, -0.343662665819183, 20, 50, 1.60045
0.743478287829651, 0.739420935412027, -0.343661449189398, 20, 50, 1.60008
0.743478287829651, 0.742538975501114, -0.343660224596607, 20, 50, 1.60081
0.743478287829651, 0.7456570155902, -0.343658990912746, 20, 49, 1.56814
0.743478287829651, 0.748775055679287, -0.343657750672978, 20, 49, 1.57031
0.743478287829651, 0.751893095768374, -0.343656502660738, 20, 49, 1.57136
0.743478287829651, 0.755011135857461, -0.343655246945174, 20, 49, 1.56999
0.743478287829651, 0.758129175946548, -0.343653983597006, 20, 49, 1.56779
0.743478287829651, 0.761247216035635, -0.343652711473231, 20, 48, 1.5348
0.743478287829651, 0.764365256124722, -0.343651433163787, 20, 48, 1.53589
0.743478287829651, 0.767483296213809, -0.343650147437364, 20, 48, 1.53524
0.743478287829651, 0.770601336302895, -0.343648854371438, 20, 48, 1.53544
0.743478287829651, 0.773719376391982, -0.343647554045053, 20, 48, 1.53478
0.743478287829651, 0.776837416481069, -0.34364624528033, 20, 47, 1.50372
0.743478287829651, 0.779955456570156, -0.343644930763239, 20, 47, 1.50186
0.743478287829651, 0.783073496659243, -0.343643609229268, 20, 47, 1.50235
0.743478287829651, 0.78619153674833, -0.343642280758412, 20, 47, 1.50523
0.743478287829651, 0.789309576837417, -0.34364094544097, 20, 47, 1.50313
0.743478287829651, 0.792427616926503, -0.343639603365897, 20, 47, 1.50265
0.743478287829651, 0.79554565701559, -0.343638253389282, 20, 46, 1.47019
0.743478287829651, 0.798663697104677, -0.343636898155499, 20, 46, 1.47234
0.743478287829651, 0.801781737193764, -0.343635536434854, 20, 46, 1.47081
0.743478287829651, 0.804899777282851, -0.343634168323026, 20, 46, 1.46999
0.743478287829651, 0.808017817371938, -0.34363279391726, 20, 46, 1.47036
0.743478287829651, 0.811135857461025, -0.343631411995359, 20, 45, 1.43853
0.743478287829651, 0.814253897550111, -0.343630025387059, 20, 45, 1.43748
0.743478287829651, 0.817371937639198, -0.343628632780249, 20, 45, 1.43739
0.743478287829651, 0.820489977728285, -0.343627234278853, 20, 45, 1.43726
0.743478287829651, 0.823608017817372, -0.343625829988338, 20, 45, 1.438
0.743478287829651, 0.826726057906459, -0.343624420015726, 20, 45, 1.43681
0.743478287829651, 0.829844097995546, -0.343623003126447, 20, 44, 1.40447
0.743478287829651, 0.832962138084633, -0.343621582203794, 20, 44, 1.40504
0.743478287829651, 0.836080178173719, -0.343620155923843, 20, 44, 1.40504
0.743478287829651, 0.839198218262806, -0.343618724400193, 20, 44, 1.40437
0.743478287829651, 0.842316258351893, -0.343617287747972, 20, 44, 1.40381
0.743478287829651, 0.84543429844098, -0.343615846083832, 20, 44, 1.4042
0.743478287829651, 0.848552338530067, -0.343614399525959, 20, 44, 1.40575
0.743478287829651, 0.851670378619154, -0.343612946890574, 20, 43, 1.37213
0.743478287829651, 0.854788418708241, -0.343611490988348, 20, 43, 1.37159
0.743478287829651, 0.857906458797328, -0.343610030550891, 20, 43, 1.37152
0.743478287829651, 0.861024498886414, -0.343608565705992, 20, 43, 1.37271
0.743478287829651, 0.864142538975501, -0.343607096573352, 20, 43, 1.37637
0.743478287829651, 0.867260579064588, -0.343605623283773, 20, 43, 1.37583
0.743478287829651, 0.870378619153675, -0.343604144588246, 20, 42, 1.34374
0.743478287829651, 0.873496659242762, -0.343602663458733, 20, 42, 1.34162
0.743478287829651, 0.876614699331849, -0.343601178558735, 20, 42, 1.34287
0.743478287829651, 0.879732739420936, -0.343599690022108, 20, 42, 1.34215
0.743478287829651, 0.882850779510022, -0.343598197984167, 20, 42, 1.33908
0.743478287829651, 0.885968819599109, -0.343596702581669, 20, 42, 1.3402
0.743478287829651, 0.889086859688196, -0.343595203952825, 20, 42, 1.33937
0.743478287829651, 0.892204899777283, -0.343593700842336, 20, 41, 1.30688
0.743478287829651, 0.89532293986637, -0.343592196265458, 20, 41, 1.30715
0.743478287829651, 0.898440979955457, -0.343590688880427, 20, 41, 1.30714
0.743478287829651, 0.901559020044544, -0.3435891788315, 20, 41, 1.30665
0.743478287829651, 0.90467706013363, -0.343587666264337, 20, 41, 1.30711
0.743478287829651, 0.907795100222717, -0.343586151325995, 20, 41, 1.30952
0.743478287829651, 0.910913140311804, -0.343584634164923, 20, 41, 1.30852
0.743478287829651, 0.914031180400891, -0.343583114930957, 20, 41, 1.30647
0.743478287829651, 0.917149220489978, -0.343581592417195, 20, 40, 1.2737
0.743478287829651, 0.920267260579065, -0.343580069572581, 20, 40, 1.27452
0.743478287829651, 0.923385300668152, -0.343578545108133, 20, 40, 1.27422
0.743478287829651, 0.926503340757238, -0.343577019179446, 20, 40, 1.27421
0.743478287829651, 0.929621380846325, -0.343575491943455, 20, 40, 1.27419
0.743478287829651, 0.932739420935412, -0.34357396355842, 20, 40, 1.27432
0.743478287829651, 0.935857461024499, -0.343572434183927, 20, 40, 1.27275
0.743478287829651, 0.938975501113586, -0.343570903980881, 20, 40, 1.27454
0.743478287829651, 0.942093541202673, -0.343569371755845, 20, 39, 1.24095
0.743478287829651, 0.945211581291759, -0.343567840461657, 20, 39, 1.2409
0.743478287829651, 0.948329621380847, -0.343566308824969, 20, 39, 1.24089
0.743478287829651, 0.951447661469933, -0.343564777012124, 20, 39, 1.24087
0.743478287829651, 0.95456570155902, -0.343563245194288, 20, 39, 1.24142
0.743478287829651, 0.957683741648107, -0.343561713533179, 20, 39, 1.24134
0.743478287829651, 0.960801781737194, -0.343560182202491, 20, 39, 1.24126
0.743478287829651, 0.963919821826281, -0.343558651373564, 20, 39, 1.24136
0.743478287829651, 0.967037861915368, -0.343557119831572, 20, 38, 1.21018
0.743478287829651, 0.970155902004454, -0.343555590602983, 20, 38, 1.20962
0.743478287829651, 0.973273942093541, -0.343554062393172, 20, 38, 1.2091
0.743478287829651, 0.976391982182628, -0.34355253537859, 20, 38, 1.20894
0.743478287829651, 0.979510022271715, -0.343551009736867, 20, 38, 1.21136
0.743478287829651, 0.982628062360802, -0.343549485646801, 20, 38, 1.21306
0.743478287829651, 0.985746102449889, -0.343547963288355, 20, 38, 1.21261
0.743478287829651, 0.988864142538975, -0.343546442842642, 20, 38, 1.21156
0.743478287829651, 0.991982182628063, -0.343544923036059, 20, 37, 1.17715
0.743478287829651, 0.995100222717149, -0.343543407043335, 20, 37, 1.17636
0.743478287829651, 0.998218262806236, -0.343541893509168, 20, 37, 1.176
0.743478287829651, 1.00133630289532, -0.343540382619425, 20, 37, 1.17619
0.743478287829651, 1.00445434298441, -0.343538874561067, 20, 37, 1.17611
0.743478287829651, 1.0075723830735, -0.34353736952213, 20, 37, 1.17602
0.743478287829651, 1.01069042316258, -0.343535867691727, 20, 37, 1.1762
0.743478287829651, 1.01380846325167, -0.343534369260039, 20, 37, 1.17596
0.743478287829651, 1.01692650334076, -0.343532874418292, 20, 37, 1.17609
0.743478287829651, 1.02004454342984, -0.343531381875724, 20, 36, 1.14337
0.743478287829651, 1.02316258351893, -0.343529894870693, 20, 36, 1.14344
0.743478287829651, 1.02628062360802, -0.343528412031325, 20, 36, 1.14347
0.743478287829651, 1.0293986636971, -0.343526933553186, 20, 36, 1.14519
0.743478287829651, 1.03251670378619, -0.343525459632834, 20, 36, 1.14451
0.743478287829651, 1.03563474387528, -0.343523990467804, 20, 36, 1.14321
0.743478287829651, 1.03875278396437, -0.343522526256605, 20, 36, 1.14287
0.743478287829651, 1.04187082405345, -0.343521067198709, 20, 36, 1.14302
0.743478287829651, 1.04498886414254, -0.343519613494533, 20, 36, 1.1433
0.743478287829651, 1.04810690423163, -0.343518165345442, 20, 36, 1.14336
0.743478287829651, 1.05122494432071, -0.343516721480394, 20, 35, 1.11094
0.743478287829651, 1.0543429844098, -0.343515285125598, 20, 35, 1.11067
0.743478287829651, 1.05746102449889, -0.34351385493156, 20, 35, 1.11076
0.743478287829651, 1.06057906458797, -0.343512431103503, 20, 35, 1.11122
0.743478287829651, 1.06369710467706, -0.34351101384752, 20, 35, 1.11035
0.743478287829651, 1.06681514476615, -0.343509603370578, 20, 35, 1.11077
0.743478287829651, 1.06993318485523, -0.343508199880497, 20, 35, 1.11007
0.743478287829651, 1.07305122494432, -0.343506803585942, 20, 35, 1.1101
0.743478287829651, 1.07616926503341, -0.343505414700397, 20, 35, 1.11069
0.743478287829651, 1.07928730512249, -0.343504033426197, 20, 35, 1.11069
0.743478287829651, 1.08240534521158, -0.343502658468407, 20, 34, 1.07839
0.743478287829651, 1.08552338530067, -0.343501293135211, 20, 34, 1.07863
0.743478287829651, 1.08864142538976, -0.343499936049376, 20, 34, 1.0785
0.743478287829651, 1.09175946547884, -0.343498587424609, 20, 34, 1.07857
0.743478287829651, 1.09487750556793, -0.343497247475385, 20, 34, 1.07928
0.743478287829651, 1.09799554565702, -0.343495916416927, 20, 34, 1.07868
0.743478287829651, 1.1011135857461, -0.343494594465198, 20, 34, 1.07887
0.743478287829651, 1.10423162583519, -0.343493281836897, 20, 34, 1.07816
0.743478287829651, 1.10734966592428, -0.343491978749437, 20, 34, 1.0783
0.743478287829651, 1.11046770601336, -0.343490685420945, 20, 34, 1.07863
0.743478287829651, 1.11358574610245, -0.343489402070243, 20, 34, 1.07776
0.743478287829651, 1.11670378619154, -0.343488127398052, 20, 33, 1.04543
0.743478287829651, 1.11982182628062, -0.34348686473647, 20, 33, 1.04527
0.743478287829651, 1.12293986636971, -0.34348561270961, 20, 33, 1.04538
0.743478287829651, 1.1260579064588, -0.343484371539165, 20, 33, 1.04528
0.743478287829651, 1.12917594654788, -0.343483141447461, 20, 33, 1.04543
0.743478287829651, 1.13229398663697, -0.343481922657452, 20, 33, 1.04566
0.743478287829651, 1.13541202672606, -0.343480715392706, 20, 33, 1.0458
0.743478287829651, 1.13853006681514, -0.3434795198774, 20, 33, 1.04514
0.743478287829651, 1.14164810690423, -0.343478336336302, 20, 33, 1.04806
0.743478287829651, 1.14476614699332, -0.343477164994775, 20, 33, 1.04785
0.743478287829651, 1.14788418708241, -0.343476006078748, 20, 33, 1.0472
0.743478287829651, 1.15100222717149, -0.343474859814717, 20, 33, 1.04679
0.743478287829651, 1.15412026726058, -0.343473724923856, 20, 32, 1.0157
0.743478287829651, 1.15723830734967, -0.343472604717033, 20, 32, 1.0159
0.743478287829651, 1.16035634743875, -0.343471497841596, 20, 32, 1.01458
0.743478287829651, 1.16347438752784, -0.343470404526355, 20, 32, 1.01473
0.743478287829651, 1.16659242761693, -0.343469325000629, 20, 32, 1.01627
0.743478287829651, 1.16971046770601, -0.343468259494225, 20, 32, 1.01388
0.743478287829651, 1.1728285077951, -0.343467208237445, 20, 32, 1.01475
0.743478287829651, 1.17594654788419, -0.343466171461059, 20, 32, 1.01377
0.743478287829651, 1.17906458797327, -0.343465149396305, 20, 32, 1.01432
0.743478287829651, 1.18218262806236, -0.343464142274875, 20, 32, 1.01361
0.743478287829651, 1.18530066815145, -0.343463150328909, 20, 32, 1.01555
0.743478287829651, 1.18841870824053, -0.343462173790979, 20, 32, 1.01418
0.743478287829651, 1.19153674832962, -0.343461211344013, 20, 31, 0.982422
0.743478287829651, 1.19465478841871, -0.34346026639294, 20, 31, 0.981203
0.743478287829651, 1.1977728285078, -0.343459337546863, 20, 31, 0.982425
0.743478287829651, 1.20089086859688, -0.343458425040148, 20, 31, 0.983932
0.743478287829651, 1.20400890868597, -0.343457529107538, 20, 31, 0.986091
0.743478287829651, 1.20712694877506, -0.343456649984149, 20, 31, 0.985211
0.743478287829651, 1.21024498886414, -0.343455787905456, 20, 31, 0.984284
0.743478287829651, 1.21336302895323, -0.343454943107282, 20, 31, 0.980103
0.743478287829651, 1.21648106904232, -0.343454115825795, 20, 31, 0.979776
0.743478287829651, 1.2195991091314, -0.343453306297492, 20, 31, 0.979911
0.743478287829651, 1.22271714922049, -0.343452514759191, 20, 31, 0.980339
0.743478287829651, 1.22583518930958, -0.343451741448029, 20, 31, 0.979755
0.743478287829651, 1.22895322939866, -0.343450986606001, 20, 31, 0.979886
0.743478287829651, 1.23207126948775, -0.343450248878974, 20, 30, 0.947914
0.743478287829651, 1.23518930957684, -0.343449531745567, 20, 30, 0.948045
0.743478287829651, 1.23830734966592, -0.343448833787638, 20, 30, 0.947559
0.743478287829651, 1.24142538975501, -0.343448155243883, 20, 30, 0.947645
0.743478287829651, 1.2445434298441, -0.343447496353248, 20, 30, 0.947826
0.743478287829651, 1.24766146993318, -0.343446857354926, 20, 30, 0.947961
0.743478287829651, 1.25077951002227, -0.343446238488341, 20, 30, 0.947366
0.743478287829651, 1.25389755011136, -0.343445639993141, 20, 30, 0.947585
0.743478287829651, 1.25701559020045, -0.343445062109191, 20, 30, 0.947649
0.743478287829651, 1.26013363028953, -0.343444505076564, 20, 30, 0.947927
0.743478287829651, 1.26325167037862, -0.34344396913553, 20, 30, 0.947911
0.743478287829651, 1.26636971046771, -0.343443454526547, 20, 30, 0.948278
0.743478287829651, 1.26948775055679, -0.343442961490259, 20, 30, 0.950485
0.743478287829651, 1.27260579064588, -0.34344249026748, 20, 30, 0.950891
0.743478287829651, 1.27572383073497, -0.343442039488699, 20, 29, 0.917963
0.743478287829651, 1.27884187082405, -0.343441612685506, 20, 29, 0.918175
0.743478287829651, 1.28195991091314, -0.343441208416228, 20, 29, 0.918449
0.743478287829651, 1.28507795100223, -0.343440826922413, 20, 29, 0.918456
0.743478287829651, 1.28819599109131, -0.343440468445733, 20, 29, 0.918664
0.743478287829651, 1.2913140311804, -0.343440133227977, 20, 29, 0.918308
0.743478287829651, 1.29443207126949, -0.343439821511044, 20, 29, 0.917924
0.743478287829651, 1.29755011135857, -0.343439533536931, 20, 29, 0.917665
0.743478287829651, 1.30066815144766, -0.343439269547735, 20, 29, 0.917497
0.743478287829651, 1.30378619153675, -0.343439029785631, 20, 29, 0.917181
0.743478287829651, 1.30690423162584, -0.343438814492873, 20, 29, 0.918189
0.743478287829651, 1.31002227171492, -0.343438623911785, 20, 29, 0.917427
0.743478287829651, 1.31314031180401, -0.343438458284752, 20, 29, 0.918151
0.743478287829651, 1.3162583518931, -0.343438317854215, 20, 29, 0.917097
0.743478287829651, 1.31937639198218, -0.343438202862653, 20, 29, 0.918651
0.743478287829651, 1.32249443207127, -0.343438111911901, 20, 28, 0.885585
0.743478287829651, 1.32561247216036, -0.343438048594299, 20, 28, 0.886617
0.743478287829651, 1.32873051224944, -0.34343801144049, 20, 28, 0.886022
0.743478287829651, 1.33184855233853, -0.343438000693184, 20, 28, 0.882795
0.743478287829651, 1.33496659242762, -0.343438016595101, 20, 28, 0.882822
0.743478287829651, 1.3380846325167, -0.343438059584545, 20, 28, 0.884433
0.743478287829651, 1.34120267260579, -0.343438129513437, 20, 28, 0.884051
0.743478287829651, 1.34432071269488, -0.343438226819646, 20, 28, 0.885205
0.743478287829651, 1.34743875278396, -0.343438351745828, 20, 28, 0.883287
0.743478287829651, 1.35055679287305, -0.343438504534611, 20, 28, 0.883643
0.743478287829651, 1.35367483296214, -0.343438685428583, 20, 28, 0.883453
0.743478287829651, 1.35679287305122, -0.343438894670286, 20, 28, 0.883463
0.743478287829651, 1.35991091314031, -0.343439132502211, 20, 28, 0.884427
0.743478287829651, 1.3630289532294, -0.343439399166788, 20, 28, 0.884368
0.743478287829651, 1.36614699331849, -0.343439694906385, 20, 28, 0.883965
0.743478287829651, 1.36926503340757, -0.343440019963287, 20, 28, 0.884876
0.743478287829651, 1.37238307349666, -0.343440374579712, 20, 28, 0.885037
0.743478287829651, 1.37550111358575, -0.343440757384173, 20, 27, 0.851805
0.743478287829651, 1.37861915367483, -0.34344117191086, 20, 27, 0.852147
0.743478287829651, 1.38173719376392, -0.343441616720562, 20, 27, 0.852497
0.743478287829651, 1.38485523385301, -0.343442092055215, 20, 27, 0.853849
0.743478287829651, 1.38797327394209, -0.343442598156637, 20, 27, 0.852114
0.743478287829651, 1.39109131403118, -0.343443135266529, 20, 27, 0.852532
0.743478287829651, 1.39420935412027, -0.343443703626453, 20, 27, 0.852634
0.743478287829651, 1.39732739420935, -0.343444303477849, 20, 27, 0.852304
0.743478287829651, 1.40044543429844, -0.343444935062011, 20, 27, 0.853636
0.743478287829651, 1.40356347438753, -0.343445598620087, 20, 27, 0.853738
0.743478287829651, 1.40668151447661, -0.343446294393073, 20, 27, 0.855024
0.743478287829651, 1.4097995545657, -0.343447022621809, 20, 27, 0.853153
0.743478287829651, 1.41291759465479, -0.34344778354697, 20, 27, 0.853547
0.743478287829651, 1.41603563474388, -0.343448577409061, 20, 27, 0.852459
0.743478287829651, 1.41915367483296, -0.343449404448414, 20, 27, 0.852682
0.743478287829651, 1.42227171492205, -0.343450264905178, 20, 27, 0.852758
0.743478287829651, 1.42538975501114, -0.343451159019318, 20, 27, 0.854104
0.743478287829651, 1.42850779510022, -0.343452085357114, 20, 26, 0.8197
0.743478287829651, 1.43162583518931, -0.343453047575352, 20, 26, 0.818303
0.743478287829651, 1.4347438752784, -0.343454044161811, 20, 26, 0.818571
0.743478287829651, 1.43786191536748, -0.343455075361115, 20, 26, 0.818293
0.743478287829651, 1.44097995545657, -0.343456141412308, 20, 26, 0.818321
0.743478287829651, 1.44409799554566, -0.343457242554209, 20, 26, 0.818163
0.743478287829651, 1.44721603563474, -0.343458379025411, 20, 26, 0.818208
0.743478287829651, 1.45033407572383, -0.343459551064275, 20, 26, 0.818804
0.743478287829651, 1.45345211581292, -0.343460758908923, 20, 26, 0.818238
0.743478287829651, 1.456570155902, -0.343462002797234, 20, 26, 0.818271
0.743478287829651, 1.45968819599109, -0.343463282966841, 20, 26, 0.81794
0.743478287829651, 1.46280623608018, -0.343464599655127, 20, 26, 0.817552
0.743478287829651, 1.46592427616927, -0.343465953099214, 20, 26, 0.817897
0.743478287829651, 1.46904231625835, -0.343467343535958, 20, 26, 0.817444
0.743478287829651, 1.47216035634744, -0.343468771201963, 20, 26, 0.817521
0.743478287829651, 1.47527839643653, -0.343470236333547, 20, 26, 0.817438
0.743478287829651, 1.47839643652561, -0.343471739166758, 20, 26, 0.817498
0.743478287829651, 1.4815144766147, -0.343473279937364, 20, 26, 0.818358
0.743478287829651, 1.48463251670379, -0.343474858880847, 20, 26, 0.817454
0.743478287829651, 1.48775055679287, -0.343476474536026, 20, 25, 0.785505
0.743478287829651, 1.49086859688196, -0.343478130593848, 20, 25, 0.785116
0.743478287829651, 1.49398663697105, -0.343479825526885, 20, 25, 0.785543
0.743478287829651, 1.49710467706013, -0.343481559569521, 20, 25, 0.785136
0.743478287829651, 1.50022271714922, -0.343483332955831, 20, 25, 0.785997
0.743478287829651, 1.50334075723831, -0.343485145919577, 20, 25, 0.78541
0.743478287829651, 1.50645879732739, -0.343486998694201, 20, 25, 0.785067
0.743478287829651, 1.50957683741648, -0.343488891512824, 20, 25, 0.785316
0.743478287829651, 1.51269487750557, -0.343490824608238, 20, 25, 0.785234
0.743478287829651, 1.51581291759465, -0.343492798212905, 20, 25, 0.785369
0.743478287829651, 1.51893095768374, -0.343494812558961, 20, 25, 0.785005
0.743478287829651, 1.52204899777283, -0.343496867878193, 20, 25, 0.785007
0.743478287829651, 1.52516703786192, -0.343498964402053, 20, 25, 0.785033
0.743478287829651, 1.528285077951, -0.343501102361644, 20, 25, 0.785143
0.743478287829651, 1.53140311804009, -0.343503281987721, 20, 25, 0.785157
0.743478287829651, 1.53452115812918, -0.343505503510686, 20, 25, 0.784952
0.743478287829651, 1.53763919821826, -0.343507767160586, 20, 25, 0.785037
0.743478287829651, 1.54075723830735, -0.343510073167107, 20, 25, 0.785592
0.743478287829651, 1.54387527839644, -0.343512421759569, 20, 25, 0.785487
0.743478287829651, 1.54699331848552, -0.343514813166927, 20, 25, 0.785381
0.743478287829651, 1.55011135857461, -0.343517247617766, 20, 25, 0.785163
0.743478287829651, 1.5532293986637, -0.343519723643978, 20, 24, 0.75328
0.743478287829651, 1.55634743875278, -0.343522244926851, 20, 24, 0.752759
0.743478287829651, 1.55946547884187, -0.343524809934523, 20, 24, 0.752433
0.743478287829651, 1.56258351893096, -0.343527418894143, 20, 24, 0.75245
0.743478287829651, 1.56570155902004, -0.343530072032465, 20, 24, 0.752131
0.743478287829651, 1.56881959910913, -0.34353276957585, 20, 24, 0.752694
0.743478287829651, 1.57193763919822, -0.343535511750265, 20, 24, 0.752107
0.743478287829651, 1.57505567928731, -0.343538298781276, 20, 24, 0.753245
0.743478287829651, 1.57817371937639, -0.343541130894048, 20, 24, 0.752791
0.743478287829651, 1.58129175946548, -0.34354400831334, 20, 24, 0.752192
0.743478287829651, 1.58440979955457, -0.343546931263504, 20, 24, 0.752105
0.743478287829651, 1.58752783964365, -0.343549899968482, 20, 24, 0.752167
0.743478287829651, 1.59064587973274, -0.343552914651798, 20, 24, 0.75208
0.743478287829651, 1.59376391982183, -0.343555975536564, 20, 24, 0.752478
0.743478287829651, 1.59688195991091, -0.34355908284547, 20, 24, 0.752324
0.743478287829651, 1.6, -0.343562236800787, 20, 24, 0.752041
# finished at Wed Apr 30 05:44:57 CEST 2014
