# starting on alcc75 at Tue Apr 29 22:14:57 CEST 2014
# casimir, -T, 0.200000,1.600000,450, -Q, 0.203158358466908, -p, 1e-08, -L, 20
# Compiler icc, using long double and plain matrix elements and plain integration
# precision=1e-08
# lfac=5
# cores=1
# L=0.203158
# T=0.2...1.6 (450)
#
# R/(L+R), T, F, lmax, nmax, time
0.203158358466908, 0.2, -0.00160765880670705, 20, 66, 1.54041
0.203158358466908, 0.203118040089087, -0.00160765771235694, 20, 65, 1.51156
0.203158358466908, 0.206236080178174, -0.00160765656759929, 20, 64, 1.48601
0.203158358466908, 0.209354120267261, -0.00160765537097208, 20, 63, 1.47497
0.203158358466908, 0.212472160356347, -0.00160765412099414, 20, 62, 1.46576
0.203158358466908, 0.215590200445434, -0.00160765281618096, 20, 61, 1.44641
0.203158358466908, 0.218708240534521, -0.00160765145498136, 20, 60, 1.42368
0.203158358466908, 0.221826280623608, -0.00160765003587171, 20, 59, 1.40299
0.203158358466908, 0.224944320712695, -0.00160764856079408, 20, 59, 1.40128
0.203158358466908, 0.228062360801782, -0.001607647021488, 20, 58, 1.38106
0.203158358466908, 0.231180400890869, -0.00160764541959944, 20, 57, 1.35497
0.203158358466908, 0.234298440979955, -0.00160764375351698, 20, 56, 1.3147
0.203158358466908, 0.237416481069042, -0.00160764202523857, 20, 56, 1.30577
0.203158358466908, 0.240534521158129, -0.0016076402263155, 20, 55, 1.28413
0.203158358466908, 0.243652561247216, -0.00160763835833019, 20, 54, 1.25683
0.203158358466908, 0.246770601336303, -0.00160763642324731, 20, 54, 1.25568
0.203158358466908, 0.24988864142539, -0.00160763441262386, 20, 53, 1.23208
0.203158358466908, 0.253006681514477, -0.00160763232792955, 20, 52, 1.20607
0.203158358466908, 0.256124721603563, -0.00160763017131032, 20, 52, 1.20676
0.203158358466908, 0.25924276169265, -0.00160762793393141, 20, 51, 1.18084
0.203158358466908, 0.262360801781737, -0.00160762562098127, 20, 51, 1.18626
0.203158358466908, 0.265478841870824, -0.00160762322409286, 20, 50, 1.16012
0.203158358466908, 0.268596881959911, -0.00160762074454533, 20, 49, 1.13861
0.203158358466908, 0.271714922048998, -0.00160761818471754, 20, 49, 1.13941
0.203158358466908, 0.274832962138085, -0.00160761553521207, 20, 48, 1.11211
0.203158358466908, 0.277951002227172, -0.0016076128018563, 20, 48, 1.11795
0.203158358466908, 0.281069042316258, -0.00160760997535257, 20, 47, 1.08952
0.203158358466908, 0.284187082405345, -0.00160760706143862, 20, 47, 1.11133
0.203158358466908, 0.287305122494432, -0.00160760405079139, 20, 46, 1.08534
0.203158358466908, 0.290423162583519, -0.00160760094920573, 20, 46, 1.08607
0.203158358466908, 0.293541202672606, -0.00160759774718787, 20, 45, 1.06177
0.203158358466908, 0.296659242761693, -0.00160759445074107, 20, 45, 1.07057
0.203158358466908, 0.29977728285078, -0.0016075910500464, 20, 44, 1.0364
0.203158358466908, 0.302895322939866, -0.00160758755148042, 20, 44, 1.04213
0.203158358466908, 0.306013363028953, -0.00160758394871874, 20, 44, 1.04312
0.203158358466908, 0.30913140311804, -0.00160758023672124, 20, 43, 1.01477
0.203158358466908, 0.312249443207127, -0.00160757642081566, 20, 43, 1.00186
0.203158358466908, 0.315367483296214, -0.00160757249163109, 20, 42, 0.972164
0.203158358466908, 0.318485523385301, -0.00160756845517423, 20, 42, 0.970734
0.203158358466908, 0.321603563474388, -0.0016075643012549, 20, 41, 0.948865
0.203158358466908, 0.324721603563474, -0.00160756003679532, 20, 41, 0.955953
0.203158358466908, 0.327839643652561, -0.001607555655113, 20, 41, 0.946487
0.203158358466908, 0.330957683741648, -0.00160755115057085, 20, 40, 0.922239
0.203158358466908, 0.334075723830735, -0.00160754652959037, 20, 40, 0.922547
0.203158358466908, 0.337193763919822, -0.0016075417857436, 20, 40, 0.92371
0.203158358466908, 0.340311804008909, -0.00160753691346852, 20, 39, 0.897199
0.203158358466908, 0.343429844097996, -0.00160753191894507, 20, 39, 0.899045
0.203158358466908, 0.346547884187082, -0.00160752679586381, 20, 39, 0.898895
0.203158358466908, 0.349665924276169, -0.00160752153863507, 20, 38, 0.874104
0.203158358466908, 0.352783964365256, -0.00160751615343663, 20, 38, 0.874902
0.203158358466908, 0.355902004454343, -0.00160751063397885, 20, 38, 0.88018
0.203158358466908, 0.35902004454343, -0.0016075049744878, 20, 37, 0.855284
0.203158358466908, 0.362138084632517, -0.00160749918140537, 20, 37, 0.854829
0.203158358466908, 0.365256124721604, -0.00160749324828434, 20, 37, 0.856047
0.203158358466908, 0.36837416481069, -0.00160748716915546, 20, 36, 0.832295
0.203158358466908, 0.371492204899777, -0.00160748095093484, 20, 36, 0.832032
0.203158358466908, 0.374610244988864, -0.00160747458690762, 20, 36, 0.830751
0.203158358466908, 0.377728285077951, -0.00160746807518857, 20, 36, 0.833217
0.203158358466908, 0.380846325167038, -0.00160746141009351, 20, 35, 0.806008
0.203158358466908, 0.383964365256125, -0.00160745459788833, 20, 35, 0.807466
0.203158358466908, 0.387082405345212, -0.00160744763222048, 20, 35, 0.806738
0.203158358466908, 0.390200445434298, -0.00160744050691112, 20, 34, 0.783949
0.203158358466908, 0.393318485523385, -0.00160743322928578, 20, 34, 0.781171
0.203158358466908, 0.396436525612472, -0.0016074257924353, 20, 34, 0.781076
0.203158358466908, 0.399554565701559, -0.00160741819448025, 20, 34, 0.783481
0.203158358466908, 0.402672605790646, -0.00160741042925744, 20, 33, 0.769193
0.203158358466908, 0.405790645879733, -0.00160740250406224, 20, 33, 0.75771
0.203158358466908, 0.40890868596882, -0.00160739441202911, 20, 33, 0.757599
0.203158358466908, 0.412026726057906, -0.00160738615128964, 20, 33, 0.758322
0.203158358466908, 0.415144766146993, -0.00160737771553614, 20, 32, 0.740731
0.203158358466908, 0.41826280623608, -0.00160736911239878, 20, 32, 0.752885
0.203158358466908, 0.421380846325167, -0.00160736033486856, 20, 32, 0.743352
0.203158358466908, 0.424498886414254, -0.00160735138109515, 20, 32, 0.73531
0.203158358466908, 0.427616926503341, -0.00160734224923026, 20, 32, 0.740034
0.203158358466908, 0.430734966592428, -0.00160733293329235, 20, 31, 0.722149
0.203158358466908, 0.433853006681514, -0.00160732344027199, 20, 31, 0.724645
0.203158358466908, 0.436971046770601, -0.00160731376356067, 20, 31, 0.720253
0.203158358466908, 0.440089086859688, -0.00160730390133686, 20, 31, 0.732913
0.203158358466908, 0.443207126948775, -0.0016072938517836, 20, 31, 0.730201
0.203158358466908, 0.446325167037862, -0.00160728360904652, 20, 30, 0.703512
0.203158358466908, 0.449443207126949, -0.00160727317993675, 20, 30, 0.703131
0.203158358466908, 0.452561247216036, -0.00160726255801261, 20, 30, 0.705661
0.203158358466908, 0.455679287305123, -0.00160725174149214, 20, 30, 0.702927
0.203158358466908, 0.458797327394209, -0.00160724072860032, 20, 30, 0.703378
0.203158358466908, 0.461915367483296, -0.00160722951342377, 20, 29, 0.677482
0.203158358466908, 0.465033407572383, -0.00160721810302284, 20, 29, 0.679637
0.203158358466908, 0.46815144766147, -0.00160720649090714, 20, 29, 0.680454
0.203158358466908, 0.471269487750557, -0.0016071946753446, 20, 29, 0.676745
0.203158358466908, 0.474387527839644, -0.00160718265461223, 20, 29, 0.679421
0.203158358466908, 0.477505567928731, -0.00160717042253555, 20, 28, 0.652445
0.203158358466908, 0.480623608017817, -0.00160715798688325, 20, 28, 0.642224
0.203158358466908, 0.483741648106904, -0.00160714534088565, 20, 28, 0.639921
0.203158358466908, 0.486859688195991, -0.00160713248287059, 20, 28, 0.640229
0.203158358466908, 0.489977728285078, -0.00160711941117695, 20, 28, 0.641448
0.203158358466908, 0.493095768374165, -0.00160710612415535, 20, 28, 0.642692
0.203158358466908, 0.496213808463252, -0.00160709261573048, 20, 27, 0.617438
0.203158358466908, 0.499331848552339, -0.00160707889368256, 20, 27, 0.61715
0.203158358466908, 0.502449888641425, -0.00160706495137182, 20, 27, 0.617004
0.203158358466908, 0.505567928730512, -0.00160705078720877, 20, 27, 0.616762
0.203158358466908, 0.508685968819599, -0.00160703639961742, 20, 27, 0.617816
0.203158358466908, 0.511804008908686, -0.00160702178703594, 20, 27, 0.617911
0.203158358466908, 0.514922048997773, -0.00160700694323983, 20, 26, 0.592266
0.203158358466908, 0.51804008908686, -0.00160699187658893, 20, 26, 0.594635
0.203158358466908, 0.521158129175947, -0.00160697658029102, 20, 26, 0.592146
0.203158358466908, 0.524276169265034, -0.00160696105285306, 20, 26, 0.595726
0.203158358466908, 0.52739420935412, -0.00160694529279786, 20, 26, 0.594904
0.203158358466908, 0.530512249443207, -0.00160692929866465, 20, 26, 0.593138
0.203158358466908, 0.533630289532294, -0.00160691306904888, 20, 26, 0.595553
0.203158358466908, 0.536748329621381, -0.00160689659780101, 20, 25, 0.569869
0.203158358466908, 0.539866369710468, -0.001606879893355, 20, 25, 0.5696
0.203158358466908, 0.542984409799555, -0.00160686294910519, 20, 25, 0.56921
0.203158358466908, 0.546102449888642, -0.00160684576368643, 20, 25, 0.573118
0.203158358466908, 0.549220489977728, -0.00160682833575212, 20, 25, 0.569169
0.203158358466908, 0.552338530066815, -0.0016068106639747, 20, 25, 0.571773
0.203158358466908, 0.555456570155902, -0.00160679274704612, 20, 25, 0.579722
0.203158358466908, 0.558574610244989, -0.00160677458367834, 20, 25, 0.571782
0.203158358466908, 0.561692650334076, -0.00160675616819599, 20, 24, 0.545772
0.203158358466908, 0.564810690423163, -0.0016067375086373, 20, 24, 0.545936
0.203158358466908, 0.567928730512249, -0.00160671859884957, 20, 24, 0.554556
0.203158358466908, 0.571046770601336, -0.00160669943763421, 20, 24, 0.546402
0.203158358466908, 0.574164810690423, -0.00160668002381417, 20, 24, 0.548893
0.203158358466908, 0.57728285077951, -0.00160666035623434, 20, 24, 0.549125
0.203158358466908, 0.580400890868597, -0.00160664043376197, 20, 24, 0.552294
0.203158358466908, 0.583518930957684, -0.00160662025528714, 20, 24, 0.552554
0.203158358466908, 0.586636971046771, -0.00160659981520627, 20, 23, 0.530344
0.203158358466908, 0.589755011135857, -0.0016065791219522, 20, 23, 0.530378
0.203158358466908, 0.592873051224944, -0.00160655816945949, 20, 23, 0.529509
0.203158358466908, 0.595991091314031, -0.00160653695671815, 20, 23, 0.530215
0.203158358466908, 0.599109131403118, -0.00160651548274241, 20, 23, 0.53103
0.203158358466908, 0.602227171492205, -0.00160649374657114, 20, 23, 0.530937
0.203158358466908, 0.605345211581292, -0.00160647174726826, 20, 23, 0.531331
0.203158358466908, 0.608463251670379, -0.00160644948392309, 20, 23, 0.53128
0.203158358466908, 0.611581291759466, -0.00160642695565075, 20, 23, 0.531421
0.203158358466908, 0.614699331848552, -0.00160640415708384, 20, 22, 0.505361
0.203158358466908, 0.617817371937639, -0.00160638109684994, 20, 22, 0.502977
0.203158358466908, 0.620935412026726, -0.0016063577691493, 20, 22, 0.506203
0.203158358466908, 0.624053452115813, -0.001606334173208, 20, 22, 0.505678
0.203158358466908, 0.6271714922049, -0.00160631030827923, 20, 22, 0.506133
0.203158358466908, 0.630289532293987, -0.00160628617364367, 20, 22, 0.506279
0.203158358466908, 0.633407572383074, -0.00160626176860985, 20, 22, 0.506098
0.203158358466908, 0.63652561247216, -0.0016062370925145, 20, 22, 0.506148
0.203158358466908, 0.639643652561247, -0.00160621214472288, 20, 22, 0.506711
0.203158358466908, 0.642761692650334, -0.0016061869246291, 20, 22, 0.500954
0.203158358466908, 0.645879732739421, -0.00160616142720975, 20, 21, 0.474003
0.203158358466908, 0.648997772828508, -0.00160613566122864, 20, 21, 0.47403
0.203158358466908, 0.652115812917595, -0.00160610962126502, 20, 21, 0.474019
0.203158358466908, 0.655233853006682, -0.00160608330683528, 20, 21, 0.474044
0.203158358466908, 0.658351893095768, -0.00160605671748588, 20, 21, 0.474035
0.203158358466908, 0.661469933184855, -0.00160602985279369, 20, 21, 0.476716
0.203158358466908, 0.664587973273942, -0.00160600271236627, 20, 21, 0.479792
0.203158358466908, 0.667706013363029, -0.00160597529584224, 20, 21, 0.476828
0.203158358466908, 0.670824053452116, -0.0016059476028915, 20, 21, 0.492186
0.203158358466908, 0.673942093541203, -0.00160591963321561, 20, 21, 0.476973
0.203158358466908, 0.67706013363029, -0.00160589138171972, 20, 20, 0.45116
0.203158358466908, 0.680178173719376, -0.00160586285825878, 20, 20, 0.451298
0.203158358466908, 0.683296213808463, -0.00160583405733117, 20, 20, 0.451614
0.203158358466908, 0.68641425389755, -0.00160580497877117, 20, 20, 0.452975
0.203158358466908, 0.689532293986637, -0.00160577562244571, 20, 20, 0.451669
0.203158358466908, 0.692650334075724, -0.00160574598825474, 20, 20, 0.452276
0.203158358466908, 0.695768374164811, -0.00160571607613144, 20, 20, 0.452015
0.203158358466908, 0.698886414253898, -0.00160568588604252, 20, 20, 0.451807
0.203158358466908, 0.702004454342984, -0.00160565541798847, 20, 20, 0.452994
0.203158358466908, 0.705122494432071, -0.00160562467200386, 20, 20, 0.453284
0.203158358466908, 0.708240534521158, -0.00160559364815753, 20, 20, 0.452377
0.203158358466908, 0.711358574610245, -0.0016055623465529, 20, 20, 0.454774
0.203158358466908, 0.714476614699332, -0.00160553076249833, 20, 19, 0.429366
0.203158358466908, 0.717594654788419, -0.00160549890623899, 20, 19, 0.428816
0.203158358466908, 0.720712694877506, -0.00160546677270617, 20, 19, 0.428462
0.203158358466908, 0.723830734966592, -0.00160543436214683, 20, 19, 0.428321
0.203158358466908, 0.726948775055679, -0.00160540167484339, 20, 19, 0.42894
0.203158358466908, 0.730066815144766, -0.00160536871111394, 20, 19, 0.429061
0.203158358466908, 0.733184855233853, -0.00160533547131251, 20, 19, 0.429013
0.203158358466908, 0.73630289532294, -0.00160530195582927, 20, 19, 0.42896
0.203158358466908, 0.739420935412027, -0.00160526816509079, 20, 19, 0.429467
0.203158358466908, 0.742538975501114, -0.00160523409956018, 20, 19, 0.432115
0.203158358466908, 0.7456570155902, -0.00160519975973737, 20, 19, 0.438127
0.203158358466908, 0.748775055679287, -0.00160516514615928, 20, 19, 0.428876
0.203158358466908, 0.751893095768374, -0.00160513025940003, 20, 19, 0.428904
0.203158358466908, 0.755011135857461, -0.0016050951000711, 20, 19, 0.429113
0.203158358466908, 0.758129175946548, -0.00160505966424229, 20, 18, 0.403211
0.203158358466908, 0.761247216035635, -0.00160502396213028, 20, 18, 0.402974
0.203158358466908, 0.764365256124722, -0.00160498798947924, 20, 18, 0.41313
0.203158358466908, 0.767483296213809, -0.00160495174705448, 20, 18, 0.404577
0.203158358466908, 0.770601336302895, -0.00160491523565936, 20, 18, 0.404738
0.203158358466908, 0.773719376391982, -0.00160487845613552, 20, 18, 0.405591
0.203158358466908, 0.776837416481069, -0.00160484140936305, 20, 18, 0.404746
0.203158358466908, 0.779955456570156, -0.00160480409626064, 20, 18, 0.404793
0.203158358466908, 0.783073496659243, -0.00160476651778574, 20, 18, 0.405531
0.203158358466908, 0.78619153674833, -0.00160472867493475, 20, 18, 0.404987
0.203158358466908, 0.789309576837417, -0.00160469056874317, 20, 18, 0.404769
0.203158358466908, 0.792427616926503, -0.00160465220028571, 20, 18, 0.404761
0.203158358466908, 0.79554565701559, -0.00160461357067648, 20, 18, 0.405154
0.203158358466908, 0.798663697104677, -0.00160457468106909, 20, 18, 0.406867
0.203158358466908, 0.801781737193764, -0.00160453553265685, 20, 18, 0.404896
0.203158358466908, 0.804899777282851, -0.00160449612208682, 20, 17, 0.379085
0.203158358466908, 0.808017817371938, -0.00160445646015601, 20, 17, 0.379343
0.203158358466908, 0.811135857461025, -0.00160441654321247, 20, 17, 0.37946
0.203158358466908, 0.814253897550111, -0.00160437637261142, 20, 17, 0.379884
0.203158358466908, 0.817371937639198, -0.00160433594974822, 20, 17, 0.379802
0.203158358466908, 0.820489977728285, -0.00160429527605842, 20, 17, 0.379736
0.203158358466908, 0.823608017817372, -0.00160425435301796, 20, 17, 0.381373
0.203158358466908, 0.826726057906459, -0.00160421318214322, 20, 17, 0.383843
0.203158358466908, 0.829844097995546, -0.00160417176499113, 20, 17, 0.382405
0.203158358466908, 0.832962138084633, -0.00160413010315932, 20, 17, 0.38168
0.203158358466908, 0.836080178173719, -0.00160408819828616, 20, 17, 0.38157
0.203158358466908, 0.839198218262806, -0.00160404605205087, 20, 17, 0.381623
0.203158358466908, 0.842316258351893, -0.00160400366617365, 20, 17, 0.381602
0.203158358466908, 0.84543429844098, -0.00160396104241568, 20, 17, 0.381556
0.203158358466908, 0.848552338530067, -0.00160391818257927, 20, 17, 0.382448
0.203158358466908, 0.851670378619154, -0.00160387508850791, 20, 17, 0.384658
0.203158358466908, 0.854788418708241, -0.00160383176208634, 20, 17, 0.382781
0.203158358466908, 0.857906458797328, -0.00160378820067511, 20, 16, 0.360007
0.203158358466908, 0.861024498886414, -0.00160374441570332, 20, 16, 0.357818
0.203158358466908, 0.864142538975501, -0.00160370040425978, 20, 16, 0.361341
0.203158358466908, 0.867260579064588, -0.00160365616839655, 20, 16, 0.358094
0.203158358466908, 0.870378619153675, -0.00160361171020712, 20, 16, 0.357337
0.203158358466908, 0.873496659242762, -0.00160356703182646, 20, 16, 0.356563
0.203158358466908, 0.876614699331849, -0.00160352213543101, 20, 16, 0.356356
0.203158358466908, 0.879732739420936, -0.00160347702323883, 20, 16, 0.356249
0.203158358466908, 0.882850779510022, -0.00160343169750956, 20, 16, 0.356898
0.203158358466908, 0.885968819599109, -0.00160338616054446, 20, 16, 0.355555
0.203158358466908, 0.889086859688196, -0.00160334041468649, 20, 16, 0.355966
0.203158358466908, 0.892204899777283, -0.0016032944623203, 20, 16, 0.356422
0.203158358466908, 0.89532293986637, -0.00160324830587227, 20, 16, 0.359769
0.203158358466908, 0.898440979955457, -0.00160320194781049, 20, 16, 0.356123
0.203158358466908, 0.901559020044544, -0.00160315539064486, 20, 16, 0.355876
0.203158358466908, 0.90467706013363, -0.00160310863692699, 20, 16, 0.358482
0.203158358466908, 0.907795100222717, -0.0016030616892503, 20, 16, 0.358305
0.203158358466908, 0.910913140311804, -0.00160301455024998, 20, 16, 0.358592
0.203158358466908, 0.914031180400891, -0.00160296722260299, 20, 16, 0.361071
0.203158358466908, 0.917149220489978, -0.00160291970902805, 20, 16, 0.361561
0.203158358466908, 0.920267260579065, -0.00160287200795273, 20, 15, 0.337023
0.203158358466908, 0.923385300668152, -0.00160282413114015, 20, 15, 0.336816
0.203158358466908, 0.926503340757238, -0.00160277607678631, 20, 15, 0.337159
0.203158358466908, 0.929621380846325, -0.00160272784777825, 20, 15, 0.337095
0.203158358466908, 0.932739420935412, -0.00160267944704459, 20, 15, 0.337111
0.203158358466908, 0.935857461024499, -0.00160263087755554, 20, 15, 0.336886
0.203158358466908, 0.938975501113586, -0.00160258214232284, 20, 15, 0.337256
0.203158358466908, 0.942093541202673, -0.00160253324439977, 20, 15, 0.33659
0.203158358466908, 0.945211581291759, -0.00160248418688107, 20, 15, 0.337105
0.203158358466908, 0.948329621380847, -0.00160243497290293, 20, 15, 0.337158
0.203158358466908, 0.951447661469933, -0.00160238560564295, 20, 15, 0.336778
0.203158358466908, 0.95456570155902, -0.00160233608832006, 20, 15, 0.336854
0.203158358466908, 0.957683741648107, -0.00160228642419453, 20, 15, 0.336472
0.203158358466908, 0.960801781737194, -0.00160223661656785, 20, 15, 0.336619
0.203158358466908, 0.963919821826281, -0.00160218666878272, 20, 15, 0.336981
0.203158358466908, 0.967037861915368, -0.00160213658422297, 20, 15, 0.335897
0.203158358466908, 0.970155902004454, -0.00160208636631349, 20, 15, 0.335492
0.203158358466908, 0.973273942093541, -0.00160203601852018, 20, 15, 0.335678
0.203158358466908, 0.976391982182628, -0.00160198554434986, 20, 15, 0.335656
0.203158358466908, 0.979510022271715, -0.0016019349473502, 20, 15, 0.334859
0.203158358466908, 0.982628062360802, -0.00160188423110963, 20, 15, 0.332867
0.203158358466908, 0.985746102449889, -0.00160183339925729, 20, 15, 0.333115
0.203158358466908, 0.988864142538975, -0.0016017824554629, 20, 15, 0.332884
0.203158358466908, 0.991982182628063, -0.00160173139934496, 20, 14, 0.307424
0.203158358466908, 0.995100222717149, -0.00160168024309834, 20, 14, 0.310471
0.203158358466908, 0.998218262806236, -0.001601628986145, 20, 14, 0.310096
0.203158358466908, 1.00133630289532, -0.00160157763231717, 20, 14, 0.317625
0.203158358466908, 1.00445434298441, -0.00160152618548715, 20, 14, 0.309777
0.203158358466908, 1.0075723830735, -0.00160147464956719, 20, 14, 0.310278
0.203158358466908, 1.01069042316258, -0.00160142302850938, 20, 14, 0.310564
0.203158358466908, 1.01380846325167, -0.00160137132630555, 20, 14, 0.30997
0.203158358466908, 1.01692650334076, -0.00160131954698711, 20, 14, 0.3115
0.203158358466908, 1.02004454342984, -0.00160126769462502, 20, 14, 0.312942
0.203158358466908, 1.02316258351893, -0.00160121577332959, 20, 14, 0.322122
0.203158358466908, 1.02628062360802, -0.0016011637872504, 20, 14, 0.313167
0.203158358466908, 1.0293986636971, -0.00160111174057616, 20, 14, 0.313488
0.203158358466908, 1.03251670378619, -0.00160105963753458, 20, 14, 0.313329
0.203158358466908, 1.03563474387528, -0.00160100748239223, 20, 14, 0.313983
0.203158358466908, 1.03875278396437, -0.00160095527945441, 20, 14, 0.314383
0.203158358466908, 1.04187082405345, -0.00160090303306502, 20, 14, 0.313977
0.203158358466908, 1.04498886414254, -0.00160085074760641, 20, 14, 0.313509
0.203158358466908, 1.04810690423163, -0.00160079842749922, 20, 14, 0.315017
0.203158358466908, 1.05122494432071, -0.00160074607720225, 20, 14, 0.315104
0.203158358466908, 1.0543429844098, -0.00160069370121228, 20, 14, 0.314731
0.203158358466908, 1.05746102449889, -0.00160064130406396, 20, 14, 0.314626
0.203158358466908, 1.06057906458797, -0.00160058889032962, 20, 14, 0.314395
0.203158358466908, 1.06369710467706, -0.00160053646461911, 20, 14, 0.314717
0.203158358466908, 1.06681514476615, -0.00160048403165827, 20, 14, 0.317174
0.203158358466908, 1.06993318485523, -0.00160043159597441, 20, 14, 0.317534
0.203158358466908, 1.07305122494432, -0.00160037915835379, 20, 13, 0.291256
0.203158358466908, 1.07616926503341, -0.00160032673182005, 20, 13, 0.291198
0.203158358466908, 1.07928730512249, -0.00160027431690232, 20, 13, 0.290932
0.203158358466908, 1.08240534521158, -0.00160022191843291, 20, 13, 0.292225
0.203158358466908, 1.08552338530067, -0.00160016954128034, 20, 13, 0.290314
0.203158358466908, 1.08864142538976, -0.00160011719034926, 20, 13, 0.2897
0.203158358466908, 1.09175946547884, -0.00160006487058021, 20, 13, 0.286816
0.203158358466908, 1.09487750556793, -0.00160001258694943, 20, 13, 0.287389
0.203158358466908, 1.09799554565702, -0.00159996034446871, 20, 13, 0.287276
0.203158358466908, 1.1011135857461, -0.00159990814818516, 20, 13, 0.287296
0.203158358466908, 1.10423162583519, -0.00159985600318103, 20, 13, 0.289715
0.203158358466908, 1.10734966592428, -0.00159980391457352, 20, 13, 0.289668
0.203158358466908, 1.11046770601336, -0.00159975188751455, 20, 13, 0.289615
0.203158358466908, 1.11358574610245, -0.00159969992719061, 20, 13, 0.289557
0.203158358466908, 1.11670378619154, -0.0015996480388225, 20, 13, 0.289361
0.203158358466908, 1.11982182628062, -0.00159959622766515, 20, 13, 0.289324
0.203158358466908, 1.12293986636971, -0.00159954449900741, 20, 13, 0.288838
0.203158358466908, 1.1260579064588, -0.00159949285817184, 20, 13, 0.28888
0.203158358466908, 1.12917594654788, -0.00159944131051446, 20, 13, 0.288819
0.203158358466908, 1.13229398663697, -0.00159938986142459, 20, 13, 0.290462
0.203158358466908, 1.13541202672606, -0.00159933851632458, 20, 13, 0.294263
0.203158358466908, 1.13853006681514, -0.00159928728066961, 20, 13, 0.29467
0.203158358466908, 1.14164810690423, -0.00159923615994748, 20, 13, 0.294486
0.203158358466908, 1.14476614699332, -0.00159918515967835, 20, 13, 0.294413
0.203158358466908, 1.14788418708241, -0.00159913428541453, 20, 13, 0.294565
0.203158358466908, 1.15100222717149, -0.00159908354274024, 20, 13, 0.294482
0.203158358466908, 1.15412026726058, -0.00159903293727139, 20, 13, 0.294442
0.203158358466908, 1.15723830734967, -0.00159898247465535, 20, 13, 0.294594
0.203158358466908, 1.16035634743875, -0.00159893216057066, 20, 13, 0.294602
0.203158358466908, 1.16347438752784, -0.00159888200072688, 20, 13, 0.294651
0.203158358466908, 1.16659242761693, -0.00159883200086425, 20, 13, 0.29621
0.203158358466908, 1.16971046770601, -0.00159878216293953, 20, 12, 0.270057
0.203158358466908, 1.1728285077951, -0.00159873250059113, 20, 12, 0.269803
0.203158358466908, 1.17594654788419, -0.00159868301561512, 20, 12, 0.269734
0.203158358466908, 1.17906458797327, -0.00159863371387286, 20, 12, 0.269854
0.203158358466908, 1.18218262806236, -0.00159858460125515, 20, 12, 0.269742
0.203158358466908, 1.18530066815145, -0.001598535683682, 20, 12, 0.270047
0.203158358466908, 1.18841870824053, -0.00159848696710234, 20, 12, 0.270099
0.203158358466908, 1.19153674832962, -0.00159843845749385, 20, 12, 0.272824
0.203158358466908, 1.19465478841871, -0.00159839016086261, 20, 12, 0.270234
0.203158358466908, 1.1977728285078, -0.00159834208324289, 20, 12, 0.269227
0.203158358466908, 1.20089086859688, -0.00159829423069687, 20, 12, 0.270307
0.203158358466908, 1.20400890868597, -0.00159824660931442, 20, 12, 0.270624
0.203158358466908, 1.20712694877506, -0.00159819922521276, 20, 12, 0.270705
0.203158358466908, 1.21024498886414, -0.00159815208453628, 20, 12, 0.27065
0.203158358466908, 1.21336302895323, -0.00159810519345619, 20, 12, 0.270673
0.203158358466908, 1.21648106904232, -0.00159805855817032, 20, 12, 0.271293
0.203158358466908, 1.2195991091314, -0.00159801218490281, 20, 12, 0.270686
0.203158358466908, 1.22271714922049, -0.00159796607990385, 20, 12, 0.270596
0.203158358466908, 1.22583518930958, -0.0015979202494494, 20, 12, 0.270509
0.203158358466908, 1.22895322939866, -0.00159787469984093, 20, 12, 0.270597
0.203158358466908, 1.23207126948775, -0.00159782943740512, 20, 12, 0.27015
0.203158358466908, 1.23518930957684, -0.00159778446849362, 20, 12, 0.27128
0.203158358466908, 1.23830734966592, -0.00159773979948271, 20, 12, 0.270009
0.203158358466908, 1.24142538975501, -0.0015976954367731, 20, 12, 0.272413
0.203158358466908, 1.2445434298441, -0.00159765138678956, 20, 12, 0.272305
0.203158358466908, 1.24766146993318, -0.00159760765598072, 20, 12, 0.273741
0.203158358466908, 1.25077951002227, -0.00159756425081871, 20, 12, 0.273936
0.203158358466908, 1.25389755011136, -0.00159752117779894, 20, 12, 0.272465
0.203158358466908, 1.25701559020045, -0.00159747844343978, 20, 12, 0.272926
0.203158358466908, 1.26013363028953, -0.00159743605428226, 20, 12, 0.273196
0.203158358466908, 1.26325167037862, -0.0015973940168898, 20, 12, 0.273909
0.203158358466908, 1.26636971046771, -0.00159735233784795, 20, 12, 0.272776
0.203158358466908, 1.26948775055679, -0.00159731102376401, 20, 12, 0.272686
0.203158358466908, 1.27260579064588, -0.00159727008126685, 20, 12, 0.272702
0.203158358466908, 1.27572383073497, -0.00159722951700652, 20, 12, 0.272666
0.203158358466908, 1.27884187082405, -0.00159718933765401, 20, 12, 0.272605
0.203158358466908, 1.28195991091314, -0.00159714954990095, 20, 12, 0.272646
0.203158358466908, 1.28507795100223, -0.00159711016045929, 20, 12, 0.275449
0.203158358466908, 1.28819599109131, -0.00159707117266041, 20, 11, 0.251846
0.203158358466908, 1.2913140311804, -0.00159703260022894, 20, 11, 0.250493
0.203158358466908, 1.29443207126949, -0.00159699444635514, 20, 11, 0.249209
0.203158358466908, 1.29755011135857, -0.00159695671782977, 20, 11, 0.249271
0.203158358466908, 1.30066815144766, -0.0015969194214624, 20, 11, 0.249152
0.203158358466908, 1.30378619153675, -0.00159688256408113, 20, 11, 0.248998
0.203158358466908, 1.30690423162584, -0.00159684615253226, 20, 11, 0.249121
0.203158358466908, 1.31002227171492, -0.00159681019368004, 20, 11, 0.249017
0.203158358466908, 1.31314031180401, -0.00159677469440632, 20, 11, 0.249218
0.203158358466908, 1.3162583518931, -0.00159673966161027, 20, 11, 0.249273
0.203158358466908, 1.31937639198218, -0.00159670510220806, 20, 11, 0.250047
0.203158358466908, 1.32249443207127, -0.00159667102313259, 20, 11, 0.249615
0.203158358466908, 1.32561247216036, -0.00159663743133314, 20, 11, 0.249916
0.203158358466908, 1.32873051224944, -0.00159660433377509, 20, 11, 0.258839
0.203158358466908, 1.33184855233853, -0.00159657173743965, 20, 11, 0.249762
0.203158358466908, 1.33496659242762, -0.00159653964932346, 20, 11, 0.249793
0.203158358466908, 1.3380846325167, -0.00159650807643838, 20, 11, 0.249668
0.203158358466908, 1.34120267260579, -0.00159647702581114, 20, 11, 0.2501
0.203158358466908, 1.34432071269488, -0.00159644650448302, 20, 11, 0.249585
0.203158358466908, 1.34743875278396, -0.00159641651950957, 20, 11, 0.249759
0.203158358466908, 1.35055679287305, -0.00159638707796029, 20, 11, 0.249705
0.203158358466908, 1.35367483296214, -0.00159635818691833, 20, 11, 0.251513
0.203158358466908, 1.35679287305122, -0.00159632985348016, 20, 11, 0.260934
0.203158358466908, 1.35991091314031, -0.00159630208475529, 20, 11, 0.249787
0.203158358466908, 1.3630289532294, -0.00159627488786594, 20, 11, 0.2496
0.203158358466908, 1.36614699331849, -0.00159624826994673, 20, 11, 0.250156
0.203158358466908, 1.36926503340757, -0.0015962222381444, 20, 11, 0.249923
0.203158358466908, 1.37238307349666, -0.00159619679961746, 20, 11, 0.249714
0.203158358466908, 1.37550111358575, -0.00159617196153591, 20, 11, 0.249732
0.203158358466908, 1.37861915367483, -0.0015961477310809, 20, 11, 0.249938
0.203158358466908, 1.38173719376392, -0.00159612411544448, 20, 11, 0.249777
0.203158358466908, 1.38485523385301, -0.00159610112182921, 20, 11, 0.249633
0.203158358466908, 1.38797327394209, -0.00159607875744792, 20, 11, 0.25006
0.203158358466908, 1.39109131403118, -0.00159605702952334, 20, 11, 0.250186
0.203158358466908, 1.39420935412027, -0.00159603594528786, 20, 11, 0.250239
0.203158358466908, 1.39732739420935, -0.00159601551198315, 20, 11, 0.250125
0.203158358466908, 1.40044543429844, -0.00159599573685989, 20, 11, 0.250425
0.203158358466908, 1.40356347438753, -0.00159597662717746, 20, 11, 0.250193
0.203158358466908, 1.40668151447661, -0.00159595819020363, 20, 11, 0.250085
0.203158358466908, 1.4097995545657, -0.00159594043321421, 20, 11, 0.249832
0.203158358466908, 1.41291759465479, -0.00159592336349282, 20, 11, 0.250063
0.203158358466908, 1.41603563474388, -0.00159590698833051, 20, 11, 0.250114
0.203158358466908, 1.41915367483296, -0.00159589131502548, 20, 11, 0.252365
0.203158358466908, 1.42227171492205, -0.00159587635088277, 20, 11, 0.252221
0.203158358466908, 1.42538975501114, -0.00159586210321397, 20, 11, 0.252278
0.203158358466908, 1.42850779510022, -0.00159584857933687, 20, 11, 0.252368
0.203158358466908, 1.43162583518931, -0.00159583578357531, 20, 10, 0.225848
0.203158358466908, 1.4347438752784, -0.00159582372939645, 20, 10, 0.225658
0.203158358466908, 1.43786191536748, -0.00159581242099063, 20, 10, 0.225485
0.203158358466908, 1.44097995545657, -0.00159580186569777, 20, 10, 0.2256
0.203158358466908, 1.44409799554566, -0.00159579207086247, 20, 10, 0.225676
0.203158358466908, 1.44721603563474, -0.0015957830438337, 20, 10, 0.225744
0.203158358466908, 1.45033407572383, -0.0015957747919645, 20, 10, 0.225577
0.203158358466908, 1.45345211581292, -0.00159576732261168, 20, 10, 0.225613
0.203158358466908, 1.456570155902, -0.00159576064313552, 20, 10, 0.223603
0.203158358466908, 1.45968819599109, -0.00159575476089944, 20, 10, 0.221688
0.203158358466908, 1.46280623608018, -0.00159574968326973, 20, 10, 0.22386
0.203158358466908, 1.46592427616927, -0.00159574541761523, 20, 10, 0.221984
0.203158358466908, 1.46904231625835, -0.00159574197130705, 20, 10, 0.219992
0.203158358466908, 1.47216035634744, -0.00159573935171825, 20, 10, 0.217238
0.203158358466908, 1.47527839643653, -0.00159573756622352, 20, 10, 0.216796
0.203158358466908, 1.47839643652561, -0.00159573662219894, 20, 10, 0.216833
0.203158358466908, 1.4815144766147, -0.00159573652702163, 20, 10, 0.216861
0.203158358466908, 1.48463251670379, -0.00159573728806947, 20, 10, 0.216793
0.203158358466908, 1.48775055679287, -0.0015957389127208, 20, 10, 0.216934
0.203158358466908, 1.49086859688196, -0.00159574140835413, 20, 10, 0.217114
0.203158358466908, 1.49398663697105, -0.00159574478234784, 20, 10, 0.216777
0.203158358466908, 1.49710467706013, -0.00159574904207989, 20, 10, 0.216815
0.203158358466908, 1.50022271714922, -0.00159575419492751, 20, 10, 0.216862
0.203158358466908, 1.50334075723831, -0.00159576024826692, 20, 10, 0.216887
0.203158358466908, 1.50645879732739, -0.00159576720947303, 20, 10, 0.21703
0.203158358466908, 1.50957683741648, -0.00159577508591917, 20, 10, 0.217321
0.203158358466908, 1.51269487750557, -0.00159578388497677, 20, 10, 0.217242
0.203158358466908, 1.51581291759465, -0.00159579361401509, 20, 10, 0.217238
0.203158358466908, 1.51893095768374, -0.00159580428040092, 20, 10, 0.217222
0.203158358466908, 1.52204899777283, -0.00159581589149827, 20, 10, 0.217135
0.203158358466908, 1.52516703786192, -0.00159582845466816, 20, 10, 0.217079
0.203158358466908, 1.528285077951, -0.00159584197726824, 20, 10, 0.216961
0.203158358466908, 1.53140311804009, -0.00159585646665256, 20, 10, 0.21739
0.203158358466908, 1.53452115812918, -0.00159587193017127, 20, 10, 0.217412
0.203158358466908, 1.53763919821826, -0.00159588837517035, 20, 10, 0.216988
0.203158358466908, 1.54075723830735, -0.0015959058089913, 20, 10, 0.218909
0.203158358466908, 1.54387527839644, -0.00159592423897089, 20, 10, 0.224311
0.203158358466908, 1.54699331848552, -0.00159594367244085, 20, 10, 0.221259
0.203158358466908, 1.55011135857461, -0.00159596411672763, 20, 10, 0.219332
0.203158358466908, 1.5532293986637, -0.00159598557915206, 20, 10, 0.220572
0.203158358466908, 1.55634743875278, -0.00159600806702915, 20, 10, 0.22169
0.203158358466908, 1.55946547884187, -0.00159603158766775, 20, 10, 0.218698
0.203158358466908, 1.56258351893096, -0.00159605614837032, 20, 10, 0.22845
0.203158358466908, 1.56570155902004, -0.00159608175643261, 20, 10, 0.229353
0.203158358466908, 1.56881959910913, -0.00159610841914345, 20, 10, 0.228554
0.203158358466908, 1.57193763919822, -0.00159613614378441, 20, 10, 0.236839
0.203158358466908, 1.57505567928731, -0.00159616493762958, 20, 10, 0.228261
0.203158358466908, 1.57817371937639, -0.00159619480794529, 20, 10, 0.228385
0.203158358466908, 1.58129175946548, -0.00159622576198981, 20, 10, 0.228506
0.203158358466908, 1.58440979955457, -0.00159625780701316, 20, 10, 0.228561
0.203158358466908, 1.58752783964365, -0.00159629095025673, 20, 10, 0.228554
0.203158358466908, 1.59064587973274, -0.00159632519895313, 20, 10, 0.228548
0.203158358466908, 1.59376391982183, -0.00159636056032587, 20, 10, 0.228319
0.203158358466908, 1.59688195991091, -0.0015963970415891, 20, 10, 0.228376
0.203158358466908, 1.6, -0.00159643464994735, 20, 10, 0.228354
# finished at Tue Apr 29 22:18:30 CEST 2014
