# starting on alcc60 at Wed Apr 30 00:00:34 CEST 2014
# casimir, -T, 0.200000,1.600000,450, -Q, 0.225362807806312, -p, 1e-08, -L, 20
# Compiler icc, using long double and plain matrix elements and plain integration
# precision=1e-08
# lfac=5
# cores=1
# L=0.225363
# T=0.2...1.6 (450)
#
# R/(L+R), T, F, lmax, nmax, time
0.225362807806312, 0.2, -0.00223263241499881, 20, 67, 1.64991
0.225362807806312, 0.203118040089087, -0.00223263092248853, 20, 66, 1.59421
0.225362807806312, 0.206236080178174, -0.00223262936121554, 20, 65, 1.57409
0.225362807806312, 0.209354120267261, -0.00223262772918778, 20, 64, 1.56464
0.225362807806312, 0.212472160356347, -0.00223262602438679, 20, 63, 1.50918
0.225362807806312, 0.215590200445434, -0.00223262424476787, 20, 62, 1.48581
0.225362807806312, 0.218708240534521, -0.00223262238825986, 20, 61, 1.46027
0.225362807806312, 0.221826280623608, -0.00223262045756131, 20, 61, 1.53429
0.225362807806312, 0.224944320712695, -0.00223261844131288, 20, 60, 1.43697
0.225362807806312, 0.228062360801782, -0.00223261634187772, 20, 59, 1.43753
0.225362807806312, 0.231180400890869, -0.00223261415708769, 20, 58, 1.39033
0.225362807806312, 0.234298440979955, -0.00223261188474694, 20, 57, 1.3706
0.225362807806312, 0.237416481069042, -0.00223260952787739, 20, 57, 1.36502
0.225362807806312, 0.240534521158129, -0.00223260707436327, 20, 56, 1.39211
0.225362807806312, 0.243652561247216, -0.00223260452666369, 20, 55, 1.31617
0.225362807806312, 0.246770601336303, -0.00223260188768729, 20, 55, 1.31616
0.225362807806312, 0.24988864142539, -0.00223259914545862, 20, 54, 1.29049
0.225362807806312, 0.253006681514477, -0.00223259630221995, 20, 53, 1.26784
0.225362807806312, 0.256124721603563, -0.00223259336106118, 20, 53, 1.26737
0.225362807806312, 0.25924276169265, -0.002232590309598, 20, 52, 1.24187
0.225362807806312, 0.262360801781737, -0.00223258715519903, 20, 52, 1.24423
0.225362807806312, 0.265478841870824, -0.0022325838862067, 20, 51, 1.21866
0.225362807806312, 0.268596881959911, -0.00223258050447881, 20, 50, 1.193
0.225362807806312, 0.271714922048998, -0.00223257701335106, 20, 50, 1.19533
0.225362807806312, 0.274832962138085, -0.00223257339987982, 20, 49, 1.16971
0.225362807806312, 0.277951002227172, -0.00223256967207081, 20, 49, 1.16982
0.225362807806312, 0.281069042316258, -0.0022325658172328, 20, 48, 1.14418
0.225362807806312, 0.284187082405345, -0.00223256184315875, 20, 48, 1.1466
0.225362807806312, 0.287305122494432, -0.00223255773721523, 20, 47, 1.12097
0.225362807806312, 0.290423162583519, -0.00223255350717732, 20, 47, 1.12101
0.225362807806312, 0.293541202672606, -0.00223254914027938, 20, 46, 1.09541
0.225362807806312, 0.296659242761693, -0.00223254464447409, 20, 46, 1.09775
0.225362807806312, 0.29977728285078, -0.00223254000666714, 20, 45, 1.07214
0.225362807806312, 0.302895322939866, -0.00223253523519601, 20, 45, 1.07292
0.225362807806312, 0.306013363028953, -0.00223253031642349, 20, 44, 1.04666
0.225362807806312, 0.30913140311804, -0.00223252525930296, 20, 44, 1.04897
0.225362807806312, 0.312249443207127, -0.00223252005504833, 20, 44, 1.04892
0.225362807806312, 0.315367483296214, -0.00223251469657996, 20, 43, 1.02347
0.225362807806312, 0.318485523385301, -0.00223250919152414, 20, 43, 1.02352
0.225362807806312, 0.321603563474388, -0.00223250352664842, 20, 42, 1.00027
0.225362807806312, 0.324721603563474, -0.00223249771062486, 20, 42, 1.00021
0.225362807806312, 0.327839643652561, -0.00223249173476413, 20, 42, 1.00022
0.225362807806312, 0.330957683741648, -0.0022324855917659, 20, 41, 0.974591
0.225362807806312, 0.334075723830735, -0.00223247928953393, 20, 41, 0.974644
0.225362807806312, 0.337193763919822, -0.0022324728142265, 20, 40, 0.951427
0.225362807806312, 0.340311804008909, -0.00223246617533075, 20, 40, 0.951423
0.225362807806312, 0.343429844097996, -0.00223245936367896, 20, 40, 0.9514
0.225362807806312, 0.346547884187082, -0.0022324523712762, 20, 39, 0.925855
0.225362807806312, 0.349665924276169, -0.00223244520738761, 20, 39, 0.925792
0.225362807806312, 0.352783964365256, -0.00223243786295356, 20, 39, 0.928111
0.225362807806312, 0.355902004454343, -0.00223243032989, 20, 38, 0.902582
0.225362807806312, 0.35902004454343, -0.00223242261757995, 20, 38, 0.902637
0.225362807806312, 0.362138084632517, -0.00223241471689463, 20, 38, 0.90267
0.225362807806312, 0.365256124721604, -0.00223240661950716, 20, 37, 0.877073
0.225362807806312, 0.36837416481069, -0.00223239833526949, 20, 37, 0.877023
0.225362807806312, 0.371492204899777, -0.00223238985480119, 20, 37, 0.879964
0.225362807806312, 0.374610244988864, -0.00223238117553494, 20, 37, 0.88015
0.225362807806312, 0.377728285077951, -0.00223237228965301, 20, 36, 0.853876
0.225362807806312, 0.380846325167038, -0.00223236320585047, 20, 36, 0.853884
0.225362807806312, 0.383964365256125, -0.00223235391538362, 20, 36, 0.853822
0.225362807806312, 0.387082405345212, -0.00223234440987564, 20, 35, 0.82863
0.225362807806312, 0.390200445434298, -0.00223233469921196, 20, 35, 0.828389
0.225362807806312, 0.393318485523385, -0.00223232477402493, 20, 35, 0.830734
0.225362807806312, 0.396436525612472, -0.00223231463174952, 20, 35, 0.830722
0.225362807806312, 0.399554565701559, -0.00223230426415773, 20, 34, 0.805072
0.225362807806312, 0.402672605790646, -0.00223229368081233, 20, 34, 0.80514
0.225362807806312, 0.405790645879733, -0.00223228287255324, 20, 34, 0.805093
0.225362807806312, 0.40890868596882, -0.00223227183682759, 20, 34, 0.805111
0.225362807806312, 0.412026726057906, -0.00223226056535264, 20, 33, 0.779599
0.225362807806312, 0.415144766146993, -0.00223224906783628, 20, 33, 0.781898
0.225362807806312, 0.41826280623608, -0.00223223733508644, 20, 33, 0.782045
0.225362807806312, 0.421380846325167, -0.00223222536457224, 20, 33, 0.782031
0.225362807806312, 0.424498886414254, -0.00223221314774382, 20, 32, 0.75644
0.225362807806312, 0.427616926503341, -0.00223220069493685, 20, 32, 0.756422
0.225362807806312, 0.430734966592428, -0.00223218799668099, 20, 32, 0.756373
0.225362807806312, 0.433853006681514, -0.00223217505047681, 20, 32, 0.756314
0.225362807806312, 0.436971046770601, -0.00223216185382965, 20, 32, 0.756368
0.225362807806312, 0.440089086859688, -0.00223214839854768, 20, 31, 0.73077
0.225362807806312, 0.443207126948775, -0.00223213469430801, 20, 31, 0.73319
0.225362807806312, 0.446325167037862, -0.00223212073208237, 20, 31, 0.733138
0.225362807806312, 0.449443207126949, -0.00223210650941913, 20, 31, 0.733099
0.225362807806312, 0.452561247216036, -0.00223209201738473, 20, 30, 0.707645
0.225362807806312, 0.455679287305123, -0.00223207726735518, 20, 30, 0.707624
0.225362807806312, 0.458797327394209, -0.00223206224948012, 20, 30, 0.707655
0.225362807806312, 0.461915367483296, -0.00223204696135988, 20, 30, 0.707539
0.225362807806312, 0.465033407572383, -0.00223203140060501, 20, 30, 0.707528
0.225362807806312, 0.46815144766147, -0.00223201556483725, 20, 30, 0.707501
0.225362807806312, 0.471269487750557, -0.00223199944580497, 20, 29, 0.684313
0.225362807806312, 0.474387527839644, -0.00223198305365596, 20, 29, 0.68443
0.225362807806312, 0.477505567928731, -0.00223196637934553, 20, 29, 0.684743
0.225362807806312, 0.480623608017817, -0.0022319494205603, 20, 29, 0.684754
0.225362807806312, 0.483741648106904, -0.00223193217500092, 20, 29, 0.689261
0.225362807806312, 0.486859688195991, -0.00223191463396924, 20, 28, 0.658739
0.225362807806312, 0.489977728285078, -0.00223189680879354, 20, 28, 0.658804
0.225362807806312, 0.493095768374165, -0.00223187868994653, 20, 28, 0.662428
0.225362807806312, 0.496213808463252, -0.00223186027520441, 20, 28, 0.658818
0.225362807806312, 0.499331848552339, -0.00223184156236008, 20, 28, 0.658787
0.225362807806312, 0.502449888641425, -0.002231822549224, 20, 28, 0.664365
0.225362807806312, 0.505567928730512, -0.00223180322714912, 20, 27, 0.636151
0.225362807806312, 0.508685968819599, -0.00223178360768592, 20, 27, 0.662672
0.225362807806312, 0.511804008908686, -0.00223176368138864, 20, 27, 0.65623
0.225362807806312, 0.514922048997773, -0.00223174344615554, 20, 27, 0.635789
0.225362807806312, 0.51804008908686, -0.00223172289990492, 20, 27, 0.639914
0.225362807806312, 0.521158129175947, -0.00223170204057589, 20, 27, 0.636174
0.225362807806312, 0.524276169265034, -0.00223168086612912, 20, 27, 0.63624
0.225362807806312, 0.52739420935412, -0.00223165936840522, 20, 26, 0.610344
0.225362807806312, 0.530512249443207, -0.0022316375583821, 20, 26, 0.610262
0.225362807806312, 0.533630289532294, -0.00223161542718265, 20, 26, 0.610175
0.225362807806312, 0.536748329621381, -0.00223159297286899, 20, 26, 0.610122
0.225362807806312, 0.539866369710468, -0.00223157019352715, 20, 26, 0.610169
0.225362807806312, 0.542984409799555, -0.00223154708726773, 20, 26, 0.612497
0.225362807806312, 0.546102449888642, -0.00223152365222645, 20, 26, 0.612468
0.225362807806312, 0.549220489977728, -0.00223149988034557, 20, 25, 0.586968
0.225362807806312, 0.552338530066815, -0.00223147578292307, 20, 25, 0.58717
0.225362807806312, 0.555456570155902, -0.00223145135121163, 20, 25, 0.586968
0.225362807806312, 0.558574610244989, -0.00223142658346193, 20, 25, 0.586976
0.225362807806312, 0.561692650334076, -0.00223140147795202, 20, 25, 0.586881
0.225362807806312, 0.564810690423163, -0.00223137603298801, 20, 25, 0.586863
0.225362807806312, 0.567928730512249, -0.0022313502469047, 20, 25, 0.587143
0.225362807806312, 0.571046770601336, -0.0022313241113422, 20, 24, 0.561182
0.225362807806312, 0.574164810690423, -0.00223129763884008, 20, 24, 0.561321
0.225362807806312, 0.57728285077951, -0.00223127082032869, 20, 24, 0.561331
0.225362807806312, 0.580400890868597, -0.00223124365427074, 20, 24, 0.561458
0.225362807806312, 0.583518930957684, -0.00223121613915964, 20, 24, 0.561368
0.225362807806312, 0.586636971046771, -0.00223118827352014, 20, 24, 0.56137
0.225362807806312, 0.589755011135857, -0.00223116005590892, 20, 24, 0.56373
0.225362807806312, 0.592873051224944, -0.00223113148491501, 20, 24, 0.563684
0.225362807806312, 0.595991091314031, -0.00223110255916057, 20, 24, 0.56369
0.225362807806312, 0.599109131403118, -0.00223107327100902, 20, 23, 0.538127
0.225362807806312, 0.602227171492205, -0.00223104363236194, 20, 23, 0.53815
0.225362807806312, 0.605345211581292, -0.00223101363496156, 20, 23, 0.538119
0.225362807806312, 0.608463251670379, -0.00223098327757341, 20, 23, 0.53817
0.225362807806312, 0.611581291759466, -0.0022309525589979, 20, 23, 0.538618
0.225362807806312, 0.614699331848552, -0.00223092147807092, 20, 23, 0.538133
0.225362807806312, 0.617817371937639, -0.00223089003366436, 20, 23, 0.53809
0.225362807806312, 0.620935412026726, -0.00223085822468654, 20, 23, 0.538079
0.225362807806312, 0.624053452115813, -0.00223082605008281, 20, 23, 0.538015
0.225362807806312, 0.6271714922049, -0.00223079350243131, 20, 22, 0.513809
0.225362807806312, 0.630289532293987, -0.00223076059417425, 20, 22, 0.522674
0.225362807806312, 0.633407572383074, -0.00223072731729546, 20, 22, 0.527973
0.225362807806312, 0.63652561247216, -0.00223069367089838, 20, 22, 0.516905
0.225362807806312, 0.639643652561247, -0.00223065965412521, 20, 22, 0.572714
0.225362807806312, 0.642761692650334, -0.0022306252661574, 20, 22, 0.546251
0.225362807806312, 0.645879732739421, -0.00223059050621598, 20, 22, 0.519461
0.225362807806312, 0.648997772828508, -0.00223055537356224, 20, 22, 0.534656
0.225362807806312, 0.652115812917595, -0.00223051986749805, 20, 22, 0.532207
0.225362807806312, 0.655233853006682, -0.00223048398736627, 20, 22, 0.600344
0.225362807806312, 0.658351893095768, -0.00223044772610763, 20, 21, 0.497453
0.225362807806312, 0.661469933184855, -0.00223041109662496, 20, 21, 0.489243
0.225362807806312, 0.664587973273942, -0.00223037409129998, 20, 21, 0.53634
0.225362807806312, 0.667706013363029, -0.00223033670964875, 20, 21, 0.490081
0.225362807806312, 0.670824053452116, -0.00223029895122992, 20, 21, 0.499725
0.225362807806312, 0.673942093541203, -0.00223026081564524, 20, 21, 0.525663
0.225362807806312, 0.67706013363029, -0.0022302223025399, 20, 21, 0.499859
0.225362807806312, 0.680178173719376, -0.00223018341160296, 20, 21, 0.491287
0.225362807806312, 0.683296213808463, -0.00223014414256775, 20, 21, 0.492593
0.225362807806312, 0.68641425389755, -0.00223010449521224, 20, 21, 0.489303
0.225362807806312, 0.689532293986637, -0.00223006446935943, 20, 21, 0.48925
0.225362807806312, 0.692650334075724, -0.00223002405838017, 20, 20, 0.463774
0.225362807806312, 0.695768374164811, -0.00222998327575106, 20, 20, 0.48372
0.225362807806312, 0.698886414253898, -0.00222994211431803, 20, 20, 0.463746
0.225362807806312, 0.702004454342984, -0.00222990057409208, 20, 20, 0.464772
0.225362807806312, 0.705122494432071, -0.00222985865513061, 20, 20, 0.464884
0.225362807806312, 0.708240534521158, -0.00222981635753785, 20, 20, 0.466453
0.225362807806312, 0.711358574610245, -0.00222977368146505, 20, 20, 0.466159
0.225362807806312, 0.714476614699332, -0.00222973062711105, 20, 20, 0.46648
0.225362807806312, 0.717594654788419, -0.00222968719472249, 20, 20, 0.466264
0.225362807806312, 0.720712694877506, -0.00222964338459414, 20, 20, 0.466448
0.225362807806312, 0.723830734966592, -0.00222959919706926, 20, 20, 0.466015
0.225362807806312, 0.726948775055679, -0.00222955463253987, 20, 20, 0.465977
0.225362807806312, 0.730066815144766, -0.00222950968478814, 20, 19, 0.440484
0.225362807806312, 0.733184855233853, -0.00222946436817617, 20, 19, 0.440508
0.225362807806312, 0.73630289532294, -0.00222941867598563, 20, 19, 0.44048
0.225362807806312, 0.739420935412027, -0.00222937260881047, 20, 19, 0.440507
0.225362807806312, 0.742538975501114, -0.00222932616729457, 20, 19, 0.440757
0.225362807806312, 0.7456570155902, -0.00222927935213207, 20, 19, 0.440469
0.225362807806312, 0.748775055679287, -0.00222923216406761, 20, 19, 0.440426
0.225362807806312, 0.751893095768374, -0.00222918460389664, 20, 19, 0.440527
0.225362807806312, 0.755011135857461, -0.00222913667246571, 20, 19, 0.440505
0.225362807806312, 0.758129175946548, -0.0022290883706727, 20, 19, 0.440467
0.225362807806312, 0.761247216035635, -0.00222903969946709, 20, 19, 0.441096
0.225362807806312, 0.764365256124722, -0.00222899065985024, 20, 19, 0.440873
0.225362807806312, 0.767483296213809, -0.00222894125287562, 20, 19, 0.440797
0.225362807806312, 0.770601336302895, -0.00222889147964902, 20, 19, 0.440461
0.225362807806312, 0.773719376391982, -0.00222884133485062, 20, 18, 0.414937
0.225362807806312, 0.776837416481069, -0.00222879083315959, 20, 18, 0.416207
0.225362807806312, 0.779955456570156, -0.0022287399688101, 20, 18, 0.415341
0.225362807806312, 0.783073496659243, -0.00222868874312275, 20, 18, 0.41528
0.225362807806312, 0.78619153674833, -0.00222863715747139, 20, 18, 0.417341
0.225362807806312, 0.789309576837417, -0.00222858521328317, 20, 18, 0.417375
0.225362807806312, 0.792427616926503, -0.00222853291203899, 20, 18, 0.417334
0.225362807806312, 0.79554565701559, -0.00222848025527356, 20, 18, 0.417291
0.225362807806312, 0.798663697104677, -0.00222842724457562, 20, 18, 0.417318
0.225362807806312, 0.801781737193764, -0.00222837388158813, 20, 18, 0.417393
0.225362807806312, 0.804899777282851, -0.00222832016800849, 20, 18, 0.417957
0.225362807806312, 0.808017817371938, -0.00222826610558867, 20, 18, 0.41725
0.225362807806312, 0.811135857461025, -0.00222821169613543, 20, 18, 0.417323
0.225362807806312, 0.814253897550111, -0.00222815694151044, 20, 18, 0.417334
0.225362807806312, 0.817371937639198, -0.00222810184363049, 20, 18, 0.419337
0.225362807806312, 0.820489977728285, -0.00222804639781993, 20, 17, 0.392162
0.225362807806312, 0.823608017817372, -0.00222799061989846, 20, 17, 0.391724
0.225362807806312, 0.826726057906459, -0.00222793450476739, 20, 17, 0.391722
0.225362807806312, 0.829844097995546, -0.00222787805456807, 20, 17, 0.391789
0.225362807806312, 0.832962138084633, -0.0022278212714975, 20, 17, 0.39774
0.225362807806312, 0.836080178173719, -0.00222776415780838, 20, 17, 0.392136
0.225362807806312, 0.839198218262806, -0.0022277067158093, 20, 17, 0.391739
0.225362807806312, 0.842316258351893, -0.00222764894786484, 20, 17, 0.391764
0.225362807806312, 0.84543429844098, -0.00222759085639568, 20, 17, 0.392045
0.225362807806312, 0.848552338530067, -0.00222753244387874, 20, 17, 0.391817
0.225362807806312, 0.851670378619154, -0.00222747371284728, 20, 17, 0.392332
0.225362807806312, 0.854788418708241, -0.00222741466589098, 20, 17, 0.391784
0.225362807806312, 0.857906458797328, -0.00222735530565604, 20, 17, 0.391623
0.225362807806312, 0.861024498886414, -0.00222729563484529, 20, 17, 0.391902
0.225362807806312, 0.864142538975501, -0.00222723565621825, 20, 17, 0.391626
0.225362807806312, 0.867260579064588, -0.0022271753725912, 20, 17, 0.391526
0.225362807806312, 0.870378619153675, -0.00222711478683727, 20, 17, 0.39162
0.225362807806312, 0.873496659242762, -0.0022270539018865, 20, 17, 0.391616
0.225362807806312, 0.876614699331849, -0.00222699271442131, 20, 16, 0.366053
0.225362807806312, 0.879732739420936, -0.00222693124053959, 20, 16, 0.366061
0.225362807806312, 0.882850779510022, -0.00222686947656188, 20, 16, 0.368436
0.225362807806312, 0.885968819599109, -0.00222680742564845, 20, 16, 0.368387
0.225362807806312, 0.889086859688196, -0.00222674509101671, 20, 16, 0.368391
0.225362807806312, 0.892204899777283, -0.00222668247594104, 20, 16, 0.368372
0.225362807806312, 0.89532293986637, -0.00222661958375289, 20, 16, 0.36836
0.225362807806312, 0.898440979955457, -0.0022265564178408, 20, 16, 0.368533
0.225362807806312, 0.901559020044544, -0.00222649298165042, 20, 16, 0.368437
0.225362807806312, 0.90467706013363, -0.00222642927868454, 20, 16, 0.368702
0.225362807806312, 0.907795100222717, -0.00222636531250307, 20, 16, 0.368718
0.225362807806312, 0.910913140311804, -0.0022263010867231, 20, 16, 0.368419
0.225362807806312, 0.914031180400891, -0.00222623660501884, 20, 16, 0.368422
0.225362807806312, 0.917149220489978, -0.00222617187112164, 20, 16, 0.368411
0.225362807806312, 0.920267260579065, -0.00222610688881999, 20, 16, 0.368434
0.225362807806312, 0.923385300668152, -0.00222604166195948, 20, 16, 0.36839
0.225362807806312, 0.926503340757238, -0.00222597619444281, 20, 16, 0.36838
0.225362807806312, 0.929621380846325, -0.0022259104902297, 20, 16, 0.368344
0.225362807806312, 0.932739420935412, -0.00222584455333693, 20, 16, 0.368358
0.225362807806312, 0.935857461024499, -0.00222577838783825, 20, 16, 0.368335
0.225362807806312, 0.938975501113586, -0.002225711991695, 20, 15, 0.342776
0.225362807806312, 0.942093541202673, -0.00222564538184252, 20, 15, 0.342837
0.225362807806312, 0.945211581291759, -0.00222557855591981, 20, 15, 0.3429
0.225362807806312, 0.948329621380847, -0.00222551151822985, 20, 15, 0.342881
0.225362807806312, 0.951447661469933, -0.00222544427313224, 20, 15, 0.343266
0.225362807806312, 0.95456570155902, -0.00222537682504309, 20, 15, 0.343077
0.225362807806312, 0.957683741648107, -0.00222530917843499, 20, 15, 0.34315
0.225362807806312, 0.960801781737194, -0.00222524133783691, 20, 15, 0.342818
0.225362807806312, 0.963919821826281, -0.00222517330783414, 20, 15, 0.342815
0.225362807806312, 0.967037861915368, -0.00222510509306821, 20, 15, 0.342843
0.225362807806312, 0.970155902004454, -0.00222503669823677, 20, 15, 0.342833
0.225362807806312, 0.973273942093541, -0.00222496812809353, 20, 15, 0.342814
0.225362807806312, 0.976391982182628, -0.00222489938744814, 20, 15, 0.342844
0.225362807806312, 0.979510022271715, -0.00222483048116609, 20, 15, 0.342817
0.225362807806312, 0.982628062360802, -0.00222476141416861, 20, 15, 0.342837
0.225362807806312, 0.985746102449889, -0.00222469219143252, 20, 15, 0.34282
0.225362807806312, 0.988864142538975, -0.00222462281799016, 20, 15, 0.342831
0.225362807806312, 0.991982182628063, -0.00222455329892924, 20, 15, 0.342797
0.225362807806312, 0.995100222717149, -0.00222448363939269, 20, 15, 0.342872
0.225362807806312, 0.998218262806236, -0.00222441384457857, 20, 15, 0.342821
0.225362807806312, 1.00133630289532, -0.00222434391973989, 20, 15, 0.343446
0.225362807806312, 1.00445434298441, -0.00222427387018448, 20, 15, 0.342944
0.225362807806312, 1.0075723830735, -0.00222420370127493, 20, 15, 0.345609
0.225362807806312, 1.01069042316258, -0.00222413341241949, 20, 14, 0.319644
0.225362807806312, 1.01380846325167, -0.00222406302147967, 20, 14, 0.319637
0.225362807806312, 1.01692650334076, -0.00222399252757661, 20, 14, 0.319633
0.225362807806312, 1.02004454342984, -0.00222392193629135, 20, 14, 0.319625
0.225362807806312, 1.02316258351893, -0.00222385125325871, 20, 14, 0.319645
0.225362807806312, 1.02628062360802, -0.00222378048416713, 20, 14, 0.319628
0.225362807806312, 1.0293986636971, -0.00222370963475845, 20, 14, 0.319589
0.225362807806312, 1.03251670378619, -0.00222363871082777, 20, 14, 0.319591
0.225362807806312, 1.03563474387528, -0.00222356771822327, 20, 14, 0.319665
0.225362807806312, 1.03875278396437, -0.00222349666284598, 20, 14, 0.319614
0.225362807806312, 1.04187082405345, -0.00222342555064961, 20, 14, 0.319606
0.225362807806312, 1.04498886414254, -0.00222335438764037, 20, 14, 0.32025
0.225362807806312, 1.04810690423163, -0.00222328317987674, 20, 14, 0.320755
0.225362807806312, 1.05122494432071, -0.00222321193346927, 20, 14, 0.324633
0.225362807806312, 1.0543429844098, -0.00222314065458037, 20, 14, 0.319622
0.225362807806312, 1.05746102449889, -0.00222306934942411, 20, 14, 0.320147
0.225362807806312, 1.06057906458797, -0.00222299802426597, 20, 14, 0.319648
0.225362807806312, 1.06369710467706, -0.00222292668542264, 20, 14, 0.320073
0.225362807806312, 1.06681514476615, -0.00222285533926178, 20, 14, 0.319638
0.225362807806312, 1.06993318485523, -0.00222278399220179, 20, 14, 0.32018
0.225362807806312, 1.07305122494432, -0.00222271265071161, 20, 14, 0.323339
0.225362807806312, 1.07616926503341, -0.0022226413213104, 20, 14, 0.325084
0.225362807806312, 1.07928730512249, -0.00222257001056736, 20, 14, 0.343467
0.225362807806312, 1.08240534521158, -0.00222249872510149, 20, 14, 0.325171
0.225362807806312, 1.08552338530067, -0.00222242747158128, 20, 14, 0.331048
0.225362807806312, 1.08864142538976, -0.00222235625672451, 20, 14, 0.342224
0.225362807806312, 1.09175946547884, -0.00222228508729796, 20, 14, 0.319737
0.225362807806312, 1.09487750556793, -0.00222221396439449, 20, 13, 0.29413
0.225362807806312, 1.09799554565702, -0.00222214290665399, 20, 13, 0.294584
0.225362807806312, 1.1011135857461, -0.00222207191491643, 20, 13, 0.295202
0.225362807806312, 1.10423162583519, -0.00222200099614309, 20, 13, 0.300675
0.225362807806312, 1.10734966592428, -0.00222193015734281, 20, 13, 0.29412
0.225362807806312, 1.11046770601336, -0.00222185940557178, 20, 13, 0.294117
0.225362807806312, 1.11358574610245, -0.00222178874793319, 20, 13, 0.295035
0.225362807806312, 1.11670378619154, -0.00222171819157704, 20, 13, 0.295499
0.225362807806312, 1.11982182628062, -0.00222164774369975, 20, 13, 0.306483
0.225362807806312, 1.12293986636971, -0.00222157741154395, 20, 13, 0.323762
0.225362807806312, 1.1260579064588, -0.00222150720239815, 20, 13, 0.294475
0.225362807806312, 1.12917594654788, -0.00222143712359643, 20, 13, 0.303853
0.225362807806312, 1.13229398663697, -0.00222136718251817, 20, 13, 0.310716
0.225362807806312, 1.13541202672606, -0.00222129738658773, 20, 13, 0.297799
0.225362807806312, 1.13853006681514, -0.00222122774327412, 20, 13, 0.298126
0.225362807806312, 1.14164810690423, -0.00222115826009074, 20, 13, 0.294133
0.225362807806312, 1.14476614699332, -0.00222108894459502, 20, 13, 0.294111
0.225362807806312, 1.14788418708241, -0.00222101980438813, 20, 13, 0.297826
0.225362807806312, 1.15100222717149, -0.00222095084711465, 20, 13, 0.294219
0.225362807806312, 1.15412026726058, -0.00222088208046224, 20, 13, 0.294515
0.225362807806312, 1.15723830734967, -0.00222081351216132, 20, 13, 0.298651
0.225362807806312, 1.16035634743875, -0.00222074514998475, 20, 13, 0.294108
0.225362807806312, 1.16347438752784, -0.00222067700174749, 20, 13, 0.294618
0.225362807806312, 1.16659242761693, -0.00222060907530626, 20, 13, 0.294196
0.225362807806312, 1.16971046770601, -0.00222054137855921, 20, 13, 0.314152
0.225362807806312, 1.1728285077951, -0.00222047391944558, 20, 13, 0.319928
0.225362807806312, 1.17594654788419, -0.00222040670594542, 20, 13, 0.300901
0.225362807806312, 1.17906458797327, -0.00222033974607898, 20, 13, 0.297295
0.225362807806312, 1.18218262806236, -0.00222027304790678, 20, 13, 0.324737
0.225362807806312, 1.18530066815145, -0.00222020661952895, 20, 13, 0.304141
0.225362807806312, 1.18841870824053, -0.00222014046908499, 20, 13, 0.301418
0.225362807806312, 1.19153674832962, -0.00222007460475337, 20, 13, 0.297542
0.225362807806312, 1.19465478841871, -0.00222000902941727, 20, 12, 0.27128
0.225362807806312, 1.1977728285078, -0.00221994376228514, 20, 12, 0.271705
0.225362807806312, 1.20089086859688, -0.00221987880601599, 20, 12, 0.270886
0.225362807806312, 1.20400890868597, -0.00221981416894149, 20, 12, 0.32148
0.225362807806312, 1.20712694877506, -0.00221974985943045, 20, 12, 0.309955
0.225362807806312, 1.21024498886414, -0.00221968588588846, 20, 12, 0.276186
0.225362807806312, 1.21336302895323, -0.00221962225675749, 20, 12, 0.270823
0.225362807806312, 1.21648106904232, -0.00221955898051559, 20, 12, 0.289147
0.225362807806312, 1.2195991091314, -0.00221949606567642, 20, 12, 0.277352
0.225362807806312, 1.22271714922049, -0.00221943352078895, 20, 12, 0.27779
0.225362807806312, 1.22583518930958, -0.00221937135443705, 20, 12, 0.282344
0.225362807806312, 1.22895322939866, -0.00221930957523913, 20, 12, 0.274838
0.225362807806312, 1.23207126948775, -0.00221924819184774, 20, 12, 0.282827
0.225362807806312, 1.23518930957684, -0.00221918721294918, 20, 12, 0.271067
0.225362807806312, 1.23830734966592, -0.00221912664726314, 20, 12, 0.270938
0.225362807806312, 1.24142538975501, -0.00221906650354231, 20, 12, 0.272135
0.225362807806312, 1.2445434298441, -0.00221900679057197, 20, 12, 0.272081
0.225362807806312, 1.24766146993318, -0.0022189475171696, 20, 12, 0.271592
0.225362807806312, 1.25077951002227, -0.00221888869218453, 20, 12, 0.300567
0.225362807806312, 1.25389755011136, -0.0022188303244975, 20, 12, 0.300234
0.225362807806312, 1.25701559020045, -0.00221877242302027, 20, 12, 0.284142
0.225362807806312, 1.26013363028953, -0.00221871499669525, 20, 12, 0.300335
0.225362807806312, 1.26325167037862, -0.00221865805449508, 20, 12, 0.288996
0.225362807806312, 1.26636971046771, -0.00221860160542224, 20, 12, 0.289303
0.225362807806312, 1.26948775055679, -0.00221854565850864, 20, 12, 0.290494
0.225362807806312, 1.27260579064588, -0.00221849022281522, 20, 12, 0.288144
0.225362807806312, 1.27572383073497, -0.00221843530743154, 20, 12, 0.270907
0.225362807806312, 1.27884187082405, -0.00221838092147541, 20, 12, 0.275024
0.225362807806312, 1.28195991091314, -0.00221832707409243, 20, 12, 0.271741
0.225362807806312, 1.28507795100223, -0.00221827377445562, 20, 12, 0.275005
0.225362807806312, 1.28819599109131, -0.002218221031765, 20, 12, 0.274554
0.225362807806312, 1.2913140311804, -0.00221816885524717, 20, 12, 0.271346
0.225362807806312, 1.29443207126949, -0.00221811725415492, 20, 12, 0.270895
0.225362807806312, 1.29755011135857, -0.0022180662377668, 20, 12, 0.27456
0.225362807806312, 1.30066815144766, -0.00221801581538673, 20, 12, 0.274481
0.225362807806312, 1.30378619153675, -0.00221796599634354, 20, 12, 0.288988
0.225362807806312, 1.30690423162584, -0.00221791678999062, 20, 12, 0.288831
0.225362807806312, 1.31002227171492, -0.00221786820570544, 20, 12, 0.299765
0.225362807806312, 1.31314031180401, -0.00221782024792876, 20, 11, 0.245353
0.225362807806312, 1.3162583518931, -0.00221777293624961, 20, 11, 0.24576
0.225362807806312, 1.31937639198218, -0.0022177262748992, 20, 11, 0.246459
0.225362807806312, 1.32249443207127, -0.00221768027334787, 20, 11, 0.245614
0.225362807806312, 1.32561247216036, -0.00221763494108792, 20, 11, 0.246003
0.225362807806312, 1.32873051224944, -0.00221759028763327, 20, 11, 0.24728
0.225362807806312, 1.33184855233853, -0.00221754632251895, 20, 11, 0.245386
0.225362807806312, 1.33496659242762, -0.00221750305530076, 20, 11, 0.263603
0.225362807806312, 1.3380846325167, -0.00221746049555479, 20, 11, 0.262518
0.225362807806312, 1.34120267260579, -0.00221741865287702, 20, 11, 0.245327
0.225362807806312, 1.34432071269488, -0.00221737753688292, 20, 11, 0.248603
0.225362807806312, 1.34743875278396, -0.00221733715720699, 20, 11, 0.245732
0.225362807806312, 1.35055679287305, -0.00221729752350238, 20, 11, 0.245299
0.225362807806312, 1.35367483296214, -0.00221725864544041, 20, 11, 0.245337
0.225362807806312, 1.35679287305122, -0.0022172205327102, 20, 11, 0.245302
0.225362807806312, 1.35991091314031, -0.00221718319501824, 20, 11, 0.245285
0.225362807806312, 1.3630289532294, -0.00221714664208793, 20, 11, 0.245269
0.225362807806312, 1.36614699331849, -0.0022171108836592, 20, 11, 0.245341
0.225362807806312, 1.36926503340757, -0.00221707592948804, 20, 11, 0.245298
0.225362807806312, 1.37238307349666, -0.00221704178934614, 20, 11, 0.245284
0.225362807806312, 1.37550111358575, -0.00221700847302039, 20, 11, 0.245277
0.225362807806312, 1.37861915367483, -0.00221697599031253, 20, 11, 0.245308
0.225362807806312, 1.38173719376392, -0.00221694435103865, 20, 11, 0.245286
0.225362807806312, 1.38485523385301, -0.00221691356502885, 20, 11, 0.245326
0.225362807806312, 1.38797327394209, -0.00221688364212674, 20, 11, 0.245271
0.225362807806312, 1.39109131403118, -0.00221685459218906, 20, 11, 0.245293
0.225362807806312, 1.39420935412027, -0.00221682642508523, 20, 11, 0.247036
0.225362807806312, 1.39732739420935, -0.00221679915069696, 20, 11, 0.245296
0.225362807806312, 1.40044543429844, -0.00221677277891779, 20, 11, 0.245252
0.225362807806312, 1.40356347438753, -0.00221674731965269, 20, 11, 0.245312
0.225362807806312, 1.40668151447661, -0.00221672278281765, 20, 11, 0.245276
0.225362807806312, 1.4097995545657, -0.00221669917833919, 20, 11, 0.245281
0.225362807806312, 1.41291759465479, -0.0022166765161541, 20, 11, 0.247639
0.225362807806312, 1.41603563474388, -0.00221665480620867, 20, 11, 0.247624
0.225362807806312, 1.41915367483296, -0.00221663405845871, 20, 11, 0.247597
0.225362807806312, 1.42227171492205, -0.00221661428286886, 20, 11, 0.247642
0.225362807806312, 1.42538975501114, -0.00221659548941223, 20, 11, 0.247634
0.225362807806312, 1.42850779510022, -0.00221657768806997, 20, 11, 0.247662
0.225362807806312, 1.43162583518931, -0.00221656088883087, 20, 11, 0.24766
0.225362807806312, 1.4347438752784, -0.00221654510169091, 20, 11, 0.247763
0.225362807806312, 1.43786191536748, -0.00221653033665289, 20, 11, 0.247647
0.225362807806312, 1.44097995545657, -0.00221651660372597, 20, 11, 0.247679
0.225362807806312, 1.44409799554566, -0.00221650391292525, 20, 11, 0.253685
0.225362807806312, 1.44721603563474, -0.0022164922742714, 20, 11, 0.253308
0.225362807806312, 1.45033407572383, -0.0022164816977902, 20, 11, 0.24766
0.225362807806312, 1.45345211581292, -0.00221647219351213, 20, 11, 0.247643
0.225362807806312, 1.456570155902, -0.00221646377147198, 20, 11, 0.247727
0.225362807806312, 1.45968819599109, -0.00221645643734629, 20, 10, 0.222751
0.225362807806312, 1.46280623608018, -0.00221645021009685, 20, 10, 0.222133
0.225362807806312, 1.46592427616927, -0.00221644509520259, 20, 10, 0.222145
0.225362807806312, 1.46904231625835, -0.00221644110271171, 20, 10, 0.222132
0.225362807806312, 1.47216035634744, -0.00221643824267466, 20, 10, 0.222123
0.225362807806312, 1.47527839643653, -0.0022164365251437, 20, 10, 0.222161
0.225362807806312, 1.47839643652561, -0.00221643596017248, 20, 10, 0.225807
0.225362807806312, 1.4815144766147, -0.00221643655781565, 20, 10, 0.222121
0.225362807806312, 1.48463251670379, -0.00221643832812845, 20, 10, 0.225581
0.225362807806312, 1.48775055679287, -0.0022164412811663, 20, 10, 0.222623
0.225362807806312, 1.49086859688196, -0.00221644542698442, 20, 10, 0.222147
0.225362807806312, 1.49398663697105, -0.0022164507756374, 20, 10, 0.222115
0.225362807806312, 1.49710467706013, -0.0022164573371788, 20, 10, 0.242673
0.225362807806312, 1.50022271714922, -0.00221646512166078, 20, 10, 0.234134
0.225362807806312, 1.50334075723831, -0.00221647413913367, 20, 10, 0.228601
0.225362807806312, 1.50645879732739, -0.00221648439964559, 20, 10, 0.236865
0.225362807806312, 1.50957683741648, -0.00221649591324204, 20, 10, 0.228491
0.225362807806312, 1.51269487750557, -0.0022165086899655, 20, 10, 0.243054
0.225362807806312, 1.51581291759465, -0.00221652273985508, 20, 10, 0.238181
0.225362807806312, 1.51893095768374, -0.00221653807294607, 20, 10, 0.247963
0.225362807806312, 1.52204899777283, -0.00221655469926959, 20, 10, 0.239598
0.225362807806312, 1.52516703786192, -0.00221657262885216, 20, 10, 0.252529
0.225362807806312, 1.528285077951, -0.00221659187171536, 20, 10, 0.227883
0.225362807806312, 1.53140311804009, -0.00221661243787541, 20, 10, 0.23349
0.225362807806312, 1.53452115812918, -0.0022166343373428, 20, 10, 0.222116
0.225362807806312, 1.53763919821826, -0.00221665758012188, 20, 10, 0.226171
0.225362807806312, 1.54075723830735, -0.0022166821762105, 20, 10, 0.225813
0.225362807806312, 1.54387527839644, -0.00221670813559965, 20, 10, 0.222514
0.225362807806312, 1.54699331848552, -0.00221673546827303, 20, 10, 0.22205
0.225362807806312, 1.55011135857461, -0.00221676418420668, 20, 10, 0.222154
0.225362807806312, 1.5532293986637, -0.00221679429336867, 20, 10, 0.246543
0.225362807806312, 1.55634743875278, -0.00221682580571862, 20, 10, 0.222347
0.225362807806312, 1.55946547884187, -0.00221685873120741, 20, 10, 0.222581
0.225362807806312, 1.56258351893096, -0.00221689307977677, 20, 10, 0.235017
0.225362807806312, 1.56570155902004, -0.00221692886135893, 20, 10, 0.241003
0.225362807806312, 1.56881959910913, -0.0022169660858762, 20, 10, 0.226692
0.225362807806312, 1.57193763919822, -0.0022170047632407, 20, 10, 0.226187
0.225362807806312, 1.57505567928731, -0.00221704490335388, 20, 10, 0.222548
0.225362807806312, 1.57817371937639, -0.00221708651610624, 20, 10, 0.222082
0.225362807806312, 1.58129175946548, -0.00221712961137695, 20, 10, 0.222577
0.225362807806312, 1.58440979955457, -0.00221717419903345, 20, 10, 0.225867
0.225362807806312, 1.58752783964365, -0.00221722028893114, 20, 10, 0.222093
0.225362807806312, 1.59064587973274, -0.00221726789091301, 20, 10, 0.222158
0.225362807806312, 1.59376391982183, -0.00221731701480926, 20, 10, 0.222115
0.225362807806312, 1.59688195991091, -0.00221736767043699, 20, 10, 0.222123
0.225362807806312, 1.6, -0.0022174198675998, 20, 10, 0.223055
# finished at Wed Apr 30 00:04:16 CEST 2014
