# starting on alcc75 at Tue Apr 29 20:27:46 CEST 2014
# casimir, -T, 0.200000,1.600000,450, -Q, 0.176934473741685, -p, 1e-08, -L, 20
# Compiler icc, using long double and plain matrix elements and plain integration
# precision=1e-08
# lfac=5
# cores=1
# L=0.176934
# T=0.2...1.6 (450)
#
# R/(L+R), T, F, lmax, nmax, time
0.176934473741685, 0.2, -0.00104349743768462, 20, 64, 1.46968
0.176934473741685, 0.203118040089087, -0.0010434967141444, 20, 63, 1.44638
0.176934473741685, 0.206236080178174, -0.00104349595726452, 20, 62, 1.42348
0.176934473741685, 0.209354120267261, -0.00104349516818147, 20, 62, 1.42451
0.176934473741685, 0.212472160356347, -0.0010434943418137, 20, 61, 1.40084
0.176934473741685, 0.215590200445434, -0.00104349347918869, 20, 60, 1.37837
0.176934473741685, 0.218708240534521, -0.00104349257930249, 20, 59, 1.35691
0.176934473741685, 0.221826280623608, -0.00104349164113473, 20, 58, 1.33884
0.176934473741685, 0.224944320712695, -0.00104349066365517, 20, 57, 1.31536
0.176934473741685, 0.228062360801782, -0.0010434896481078, 20, 57, 1.31524
0.176934473741685, 0.231180400890869, -0.00104348858910872, 20, 56, 1.29322
0.176934473741685, 0.234298440979955, -0.00104348748767268, 20, 55, 1.26213
0.176934473741685, 0.237416481069042, -0.00104348634272046, 20, 54, 1.22481
0.176934473741685, 0.240534521158129, -0.00104348515566024, 20, 54, 1.21405
0.176934473741685, 0.243652561247216, -0.00104348392074216, 20, 53, 1.17734
0.176934473741685, 0.246770601336303, -0.0010434826390504, 20, 52, 1.15351
0.176934473741685, 0.24988864142539, -0.00104348131207196, 20, 52, 1.15343
0.176934473741685, 0.253006681514477, -0.00104347993387803, 20, 51, 1.13084
0.176934473741685, 0.256124721603563, -0.00104347850798932, 20, 51, 1.13314
0.176934473741685, 0.25924276169265, -0.00104347702884583, 20, 50, 1.12805
0.176934473741685, 0.262360801781737, -0.00104347549732304, 20, 49, 1.10228
0.176934473741685, 0.265478841870824, -0.00104347391501302, 20, 49, 1.12982
0.176934473741685, 0.268596881959911, -0.00104347227573894, 20, 48, 1.10453
0.176934473741685, 0.271714922048998, -0.00104347058330689, 20, 48, 1.10447
0.176934473741685, 0.274832962138085, -0.00104346883167122, 20, 47, 1.08103
0.176934473741685, 0.277951002227172, -0.00104346702452637, 20, 47, 1.08155
0.176934473741685, 0.281069042316258, -0.00104346515585948, 20, 46, 1.05558
0.176934473741685, 0.284187082405345, -0.00104346322935311, 20, 46, 1.05746
0.176934473741685, 0.287305122494432, -0.0010434612389284, 20, 45, 1.03447
0.176934473741685, 0.290423162583519, -0.00104345918835289, 20, 45, 1.03477
0.176934473741685, 0.293541202672606, -0.00104345707138887, 20, 44, 1.01087
0.176934473741685, 0.296659242761693, -0.00104345489199166, 20, 44, 1.01164
0.176934473741685, 0.29977728285078, -0.00104345264365349, 20, 43, 0.986887
0.176934473741685, 0.302895322939866, -0.00104345033063582, 20, 43, 0.986623
0.176934473741685, 0.306013363028953, -0.00104344794872842, 20, 43, 0.986642
0.176934473741685, 0.30913140311804, -0.00104344549455957, 20, 42, 0.962421
0.176934473741685, 0.312249443207127, -0.00104344297174043, 20, 42, 0.962803
0.176934473741685, 0.315367483296214, -0.00104344037395165, 20, 41, 0.94177
0.176934473741685, 0.318485523385301, -0.00104343770532468, 20, 41, 0.941942
0.176934473741685, 0.321603563474388, -0.00104343496168923, 20, 41, 0.942062
0.176934473741685, 0.324721603563474, -0.00104343213955379, 20, 40, 0.917164
0.176934473741685, 0.327839643652561, -0.00104342924268367, 20, 40, 0.927977
0.176934473741685, 0.330957683741648, -0.00104342626709407, 20, 40, 0.917432
0.176934473741685, 0.334075723830735, -0.0010434232093606, 20, 39, 0.893633
0.176934473741685, 0.337193763919822, -0.0010434200730458, 20, 39, 0.895322
0.176934473741685, 0.340311804008909, -0.00104341685163292, 20, 38, 0.868806
0.176934473741685, 0.343429844097996, -0.00104341354959572, 20, 38, 0.868725
0.176934473741685, 0.346547884187082, -0.00104341016254881, 20, 38, 0.870277
0.176934473741685, 0.349665924276169, -0.0010434066865815, 20, 37, 0.847074
0.176934473741685, 0.352783964365256, -0.00104340312625173, 20, 37, 0.84623
0.176934473741685, 0.355902004454343, -0.00104339947712106, 20, 37, 0.844333
0.176934473741685, 0.35902004454343, -0.00104339573795218, 20, 37, 0.844118
0.176934473741685, 0.362138084632517, -0.00104339190513999, 20, 36, 0.82255
0.176934473741685, 0.365256124721604, -0.00104338798253097, 20, 36, 0.822186
0.176934473741685, 0.36837416481069, -0.00104338396607353, 20, 36, 0.820067
0.176934473741685, 0.371492204899777, -0.0010433798519579, 20, 35, 0.796138
0.176934473741685, 0.374610244988864, -0.00104337564445412, 20, 35, 0.795876
0.176934473741685, 0.377728285077951, -0.00104337133928424, 20, 35, 0.797683
0.176934473741685, 0.380846325167038, -0.0010433669352001, 20, 35, 0.795705
0.176934473741685, 0.383964365256125, -0.00104336242851983, 20, 34, 0.771576
0.176934473741685, 0.387082405345212, -0.00104335782321942, 20, 34, 0.771692
0.176934473741685, 0.390200445434298, -0.0010433531151886, 20, 34, 0.772042
0.176934473741685, 0.393318485523385, -0.00104334830036521, 20, 33, 0.742141
0.176934473741685, 0.396436525612472, -0.00104334338354362, 20, 33, 0.729621
0.176934473741685, 0.399554565701559, -0.00104333836018293, 20, 33, 0.723912
0.176934473741685, 0.402672605790646, -0.00104333322904373, 20, 33, 0.726625
0.176934473741685, 0.405790645879733, -0.00104332798887912, 20, 33, 0.726586
0.176934473741685, 0.40890868596882, -0.00104332263598468, 20, 32, 0.703462
0.176934473741685, 0.412026726057906, -0.00104331717439927, 20, 32, 0.703701
0.176934473741685, 0.415144766146993, -0.00104331160001369, 20, 32, 0.703736
0.176934473741685, 0.41826280623608, -0.00104330591159538, 20, 32, 0.703506
0.176934473741685, 0.421380846325167, -0.00104330010528009, 20, 31, 0.680621
0.176934473741685, 0.424498886414254, -0.00104329418547017, 20, 31, 0.680744
0.176934473741685, 0.427616926503341, -0.00104328814788746, 20, 31, 0.680402
0.176934473741685, 0.430734966592428, -0.00104328199131397, 20, 31, 0.68051
0.176934473741685, 0.433853006681514, -0.00104327571160659, 20, 30, 0.657908
0.176934473741685, 0.436971046770601, -0.00104326931380217, 20, 30, 0.657781
0.176934473741685, 0.440089086859688, -0.00104326279331487, 20, 30, 0.657369
0.176934473741685, 0.443207126948775, -0.00104325614894569, 20, 30, 0.667578
0.176934473741685, 0.446325167037862, -0.00104324937949883, 20, 30, 0.668976
0.176934473741685, 0.449443207126949, -0.00104324248083864, 20, 29, 0.654764
0.176934473741685, 0.452561247216036, -0.00104323545804989, 20, 29, 0.641892
0.176934473741685, 0.455679287305123, -0.00104322830657026, 20, 29, 0.645295
0.176934473741685, 0.458797327394209, -0.00104322102522837, 20, 29, 0.642974
0.176934473741685, 0.461915367483296, -0.00104321361285755, 20, 29, 0.643485
0.176934473741685, 0.465033407572383, -0.00104320606829632, 20, 29, 0.642552
0.176934473741685, 0.46815144766147, -0.00104319838767246, 20, 28, 0.619418
0.176934473741685, 0.471269487750557, -0.00104319057561589, 20, 28, 0.622144
0.176934473741685, 0.474387527839644, -0.00104318262787411, 20, 28, 0.622044
0.176934473741685, 0.477505567928731, -0.00104317454331879, 20, 28, 0.622082
0.176934473741685, 0.480623608017817, -0.0010431663208256, 20, 28, 0.622218
0.176934473741685, 0.483741648106904, -0.00104315795927719, 20, 28, 0.622553
0.176934473741685, 0.486859688195991, -0.00104314945490368, 20, 27, 0.601928
0.176934473741685, 0.489977728285078, -0.00104314081224863, 20, 27, 0.601414
0.176934473741685, 0.493095768374165, -0.00104313202719233, 20, 27, 0.601682
0.176934473741685, 0.496213808463252, -0.00104312309865403, 20, 27, 0.603239
0.176934473741685, 0.499331848552339, -0.00104311402556123, 20, 27, 0.598699
0.176934473741685, 0.502449888641425, -0.00104310480685002, 20, 27, 0.593008
0.176934473741685, 0.505567928730512, -0.00104309543870134, 20, 26, 0.569937
0.176934473741685, 0.508685968819599, -0.00104308592592478, 20, 26, 0.570282
0.176934473741685, 0.511804008908686, -0.00104307626435486, 20, 26, 0.569923
0.176934473741685, 0.514922048997773, -0.00104306645297017, 20, 26, 0.570345
0.176934473741685, 0.51804008908686, -0.00104305649075912, 20, 26, 0.570539
0.176934473741685, 0.521158129175947, -0.00104304637672023, 20, 26, 0.570962
0.176934473741685, 0.524276169265034, -0.00104303610681383, 20, 25, 0.546944
0.176934473741685, 0.52739420935412, -0.0010430256865046, 20, 25, 0.546979
0.176934473741685, 0.530512249443207, -0.00104301511138789, 20, 25, 0.546771
0.176934473741685, 0.533630289532294, -0.00104300438051059, 20, 25, 0.54803
0.176934473741685, 0.536748329621381, -0.00104299349293084, 20, 25, 0.547884
0.176934473741685, 0.539866369710468, -0.00104298244771834, 20, 25, 0.547868
0.176934473741685, 0.542984409799555, -0.0010429712439547, 20, 25, 0.548335
0.176934473741685, 0.546102449888642, -0.00104295988073378, 20, 25, 0.546807
0.176934473741685, 0.549220489977728, -0.00104294835433253, 20, 24, 0.522888
0.176934473741685, 0.552338530066815, -0.0010429366698394, 20, 24, 0.521686
0.176934473741685, 0.555456570155902, -0.00104292482321293, 20, 24, 0.521655
0.176934473741685, 0.558574610244989, -0.00104291281360253, 20, 24, 0.521615
0.176934473741685, 0.561692650334076, -0.00104290064017086, 20, 24, 0.521593
0.176934473741685, 0.564810690423163, -0.00104288830209718, 20, 24, 0.524783
0.176934473741685, 0.567928730512249, -0.00104287579856552, 20, 24, 0.524516
0.176934473741685, 0.571046770601336, -0.00104286312878313, 20, 24, 0.524479
0.176934473741685, 0.574164810690423, -0.00104285028912644, 20, 23, 0.501278
0.176934473741685, 0.57728285077951, -0.00104283728481283, 20, 23, 0.503952
0.176934473741685, 0.580400890868597, -0.00104282411191731, 20, 23, 0.501883
0.176934473741685, 0.583518930957684, -0.00104281076970668, 20, 23, 0.501647
0.176934473741685, 0.586636971046771, -0.00104279725746285, 20, 23, 0.502085
0.176934473741685, 0.589755011135857, -0.00104278357448312, 20, 23, 0.501243
0.176934473741685, 0.592873051224944, -0.00104276972008046, 20, 23, 0.501599
0.176934473741685, 0.595991091314031, -0.00104275569358373, 20, 23, 0.502833
0.176934473741685, 0.599109131403118, -0.00104274149124712, 20, 22, 0.47918
0.176934473741685, 0.602227171492205, -0.00104272711892622, 20, 22, 0.478806
0.176934473741685, 0.605345211581292, -0.00104271257256452, 20, 22, 0.479413
0.176934473741685, 0.608463251670379, -0.00104269785156026, 20, 22, 0.484116
0.176934473741685, 0.611581291759466, -0.00104268295532848, 20, 22, 0.48692
0.176934473741685, 0.614699331848552, -0.00104266788330131, 20, 22, 0.489373
0.176934473741685, 0.617817371937639, -0.00104265263492821, 20, 22, 0.487591
0.176934473741685, 0.620935412026726, -0.00104263720967623, 20, 22, 0.487035
0.176934473741685, 0.624053452115813, -0.00104262160703021, 20, 22, 0.487267
0.176934473741685, 0.6271714922049, -0.00104260582649305, 20, 22, 0.487371
0.176934473741685, 0.630289532293987, -0.00104258986461602, 20, 21, 0.462983
0.176934473741685, 0.633407572383074, -0.00104257372716577, 20, 21, 0.463464
0.176934473741685, 0.63652561247216, -0.00104255741041588, 20, 21, 0.463523
0.176934473741685, 0.639643652561247, -0.00104254091394629, 20, 21, 0.462697
0.176934473741685, 0.642761692650334, -0.00104252423735581, 20, 21, 0.463003
0.176934473741685, 0.645879732739421, -0.00104250738026235, 20, 21, 0.463239
0.176934473741685, 0.648997772828508, -0.00104249034230316, 20, 21, 0.466225
0.176934473741685, 0.652115812917595, -0.00104247312313498, 20, 21, 0.464214
0.176934473741685, 0.655233853006682, -0.00104245572243435, 20, 21, 0.463602
0.176934473741685, 0.658351893095768, -0.00104243813989773, 20, 21, 0.464096
0.176934473741685, 0.661469933184855, -0.00104242037524174, 20, 21, 0.462464
0.176934473741685, 0.664587973273942, -0.00104240242534332, 20, 20, 0.438296
0.176934473741685, 0.667706013363029, -0.00104238429594417, 20, 20, 0.438163
0.176934473741685, 0.670824053452116, -0.00104236598367407, 20, 20, 0.438213
0.176934473741685, 0.673942093541203, -0.00104234748833443, 20, 20, 0.43464
0.176934473741685, 0.67706013363029, -0.00104232880974754, 20, 20, 0.431564
0.176934473741685, 0.680178173719376, -0.00104230994775677, 20, 20, 0.431391
0.176934473741685, 0.683296213808463, -0.0010422909022268, 20, 20, 0.431378
0.176934473741685, 0.68641425389755, -0.00104227167304377, 20, 20, 0.431401
0.176934473741685, 0.689532293986637, -0.00104225226011545, 20, 20, 0.431371
0.176934473741685, 0.692650334075724, -0.00104223266337147, 20, 20, 0.431392
0.176934473741685, 0.695768374164811, -0.00104221288276346, 20, 20, 0.431497
0.176934473741685, 0.698886414253898, -0.00104219291826522, 20, 20, 0.431319
0.176934473741685, 0.702004454342984, -0.0010421727670714, 20, 19, 0.408195
0.176934473741685, 0.705122494432071, -0.00104215243505384, 20, 19, 0.410788
0.176934473741685, 0.708240534521158, -0.00104213191917676, 20, 19, 0.4108
0.176934473741685, 0.711358574610245, -0.00104211121950997, 20, 19, 0.410871
0.176934473741685, 0.714476614699332, -0.00104209033614234, 20, 19, 0.411175
0.176934473741685, 0.717594654788419, -0.00104206926918566, 20, 19, 0.411194
0.176934473741685, 0.720712694877506, -0.0010420480187749, 20, 19, 0.411148
0.176934473741685, 0.723830734966592, -0.00104202658506831, 20, 19, 0.411362
0.176934473741685, 0.726948775055679, -0.00104200496824757, 20, 19, 0.411284
0.176934473741685, 0.730066815144766, -0.00104198316851799, 20, 19, 0.412199
0.176934473741685, 0.733184855233853, -0.00104196118610857, 20, 19, 0.411638
0.176934473741685, 0.73630289532294, -0.00104193902127225, 20, 19, 0.41249
0.176934473741685, 0.739420935412027, -0.00104191667428595, 20, 19, 0.412151
0.176934473741685, 0.742538975501114, -0.00104189414261784, 20, 18, 0.388456
0.176934473741685, 0.7456570155902, -0.00104187143249578, 20, 18, 0.388906
0.176934473741685, 0.748775055679287, -0.00104184854118028, 20, 18, 0.389373
0.176934473741685, 0.751893095768374, -0.00104182546904731, 20, 18, 0.389205
0.176934473741685, 0.755011135857461, -0.00104180221649737, 20, 18, 0.388898
0.176934473741685, 0.758129175946548, -0.0010417787839556, 20, 18, 0.388833
0.176934473741685, 0.761247216035635, -0.00104175517187197, 20, 18, 0.389397
0.176934473741685, 0.764365256124722, -0.00104173138072132, 20, 18, 0.389043
0.176934473741685, 0.767483296213809, -0.00104170741100353, 20, 18, 0.388988
0.176934473741685, 0.770601336302895, -0.00104168326324366, 20, 18, 0.389149
0.176934473741685, 0.773719376391982, -0.001041658937992, 20, 18, 0.389142
0.176934473741685, 0.776837416481069, -0.0010416344358242, 20, 18, 0.389422
0.176934473741685, 0.779955456570156, -0.00104160975734144, 20, 18, 0.389748
0.176934473741685, 0.783073496659243, -0.00104158490317043, 20, 18, 0.389478
0.176934473741685, 0.78619153674833, -0.00104155987396359, 20, 18, 0.389024
0.176934473741685, 0.789309576837417, -0.00104153466763487, 20, 17, 0.365801
0.176934473741685, 0.792427616926503, -0.0010415092906355, 20, 17, 0.364918
0.176934473741685, 0.79554565701559, -0.00104148374069537, 20, 17, 0.365161
0.176934473741685, 0.798663697104677, -0.00104145801857192, 20, 17, 0.3649
0.176934473741685, 0.801781737193764, -0.00104143212504864, 20, 17, 0.365286
0.176934473741685, 0.804899777282851, -0.00104140606093516, 20, 17, 0.365491
0.176934473741685, 0.808017817371938, -0.00104137982706732, 20, 17, 0.365425
0.176934473741685, 0.811135857461025, -0.00104135342430725, 20, 17, 0.365375
0.176934473741685, 0.814253897550111, -0.00104132685354349, 20, 17, 0.365156
0.176934473741685, 0.817371937639198, -0.00104130011569101, 20, 17, 0.364315
0.176934473741685, 0.820489977728285, -0.00104127321169136, 20, 17, 0.364412
0.176934473741685, 0.823608017817372, -0.00104124614251268, 20, 17, 0.365583
0.176934473741685, 0.826726057906459, -0.00104121890914978, 20, 17, 0.365158
0.176934473741685, 0.829844097995546, -0.00104119151262426, 20, 17, 0.364883
0.176934473741685, 0.832962138084633, -0.00104116395398449, 20, 17, 0.364618
0.176934473741685, 0.836080178173719, -0.00104113623430573, 20, 17, 0.364578
0.176934473741685, 0.839198218262806, -0.00104110835179358, 20, 16, 0.341702
0.176934473741685, 0.842316258351893, -0.00104108031358662, 20, 16, 0.34202
0.176934473741685, 0.84543429844098, -0.00104105211771219, 20, 16, 0.343053
0.176934473741685, 0.848552338530067, -0.00104102376535481, 20, 16, 0.341894
0.176934473741685, 0.851670378619154, -0.00104099525772602, 20, 16, 0.343546
0.176934473741685, 0.854788418708241, -0.00104096659606448, 20, 16, 0.341478
0.176934473741685, 0.857906458797328, -0.00104093778163601, 20, 16, 0.341517
0.176934473741685, 0.861024498886414, -0.00104090881573359, 20, 16, 0.341401
0.176934473741685, 0.864142538975501, -0.00104087969967747, 20, 16, 0.341592
0.176934473741685, 0.867260579064588, -0.00104085043481516, 20, 16, 0.341649
0.176934473741685, 0.870378619153675, -0.00104082102252149, 20, 16, 0.341516
0.176934473741685, 0.873496659242762, -0.00104079146419861, 20, 16, 0.341409
0.176934473741685, 0.876614699331849, -0.00104076176127607, 20, 16, 0.34169
0.176934473741685, 0.879732739420936, -0.00104073191521081, 20, 16, 0.34454
0.176934473741685, 0.882850779510022, -0.00104070192748721, 20, 16, 0.341786
0.176934473741685, 0.885968819599109, -0.00104067179961708, 20, 16, 0.341718
0.176934473741685, 0.889086859688196, -0.00104064153313971, 20, 16, 0.349113
0.176934473741685, 0.892204899777283, -0.00104061112962187, 20, 16, 0.341654
0.176934473741685, 0.89532293986637, -0.00104058059065784, 20, 16, 0.34232
0.176934473741685, 0.898440979955457, -0.00104054991786939, 20, 16, 0.342844
0.176934473741685, 0.901559020044544, -0.00104051911024546, 20, 15, 0.319372
0.176934473741685, 0.90467706013363, -0.0010404881749703, 20, 15, 0.319094
0.176934473741685, 0.907795100222717, -0.00104045711088816, 20, 15, 0.319263
0.176934473741685, 0.910913140311804, -0.00104042591973184, 20, 15, 0.321408
0.176934473741685, 0.914031180400891, -0.0010403946032616, 20, 15, 0.31939
0.176934473741685, 0.917149220489978, -0.00104036316326516, 20, 15, 0.318965
0.176934473741685, 0.920267260579065, -0.00104033160155774, 20, 15, 0.319588
0.176934473741685, 0.923385300668152, -0.00104029991998197, 20, 15, 0.319304
0.176934473741685, 0.926503340757238, -0.00104026812040797, 20, 15, 0.320034
0.176934473741685, 0.929621380846325, -0.00104023620473328, 20, 15, 0.321755
0.176934473741685, 0.932739420935412, -0.00104020417488289, 20, 15, 0.324517
0.176934473741685, 0.935857461024499, -0.00104017203280918, 20, 15, 0.324478
0.176934473741685, 0.938975501113586, -0.00104013978049699, 20, 15, 0.32716
0.176934473741685, 0.942093541202673, -0.00104010741994336, 20, 15, 0.327616
0.176934473741685, 0.945211581291759, -0.00104007495318785, 20, 15, 0.328433
0.176934473741685, 0.948329621380847, -0.00104004238229231, 20, 15, 0.326457
0.176934473741685, 0.951447661469933, -0.00104000970934586, 20, 15, 0.325793
0.176934473741685, 0.95456570155902, -0.0010399769364649, 20, 15, 0.325773
0.176934473741685, 0.957683741648107, -0.00103994406579306, 20, 15, 0.325656
0.176934473741685, 0.960801781737194, -0.00103991109950117, 20, 15, 0.32557
0.176934473741685, 0.963919821826281, -0.00103987803978719, 20, 15, 0.32566
0.176934473741685, 0.967037861915368, -0.00103984488887626, 20, 15, 0.325397
0.176934473741685, 0.970155902004454, -0.00103981164641927, 20, 14, 0.30244
0.176934473741685, 0.973273942093541, -0.00103977832006879, 20, 14, 0.302309
0.176934473741685, 0.976391982182628, -0.00103974490934774, 20, 14, 0.301825
0.176934473741685, 0.979510022271715, -0.00103971141658999, 20, 14, 0.301614
0.176934473741685, 0.982628062360802, -0.00103967784415622, 20, 14, 0.299411
0.176934473741685, 0.985746102449889, -0.00103964419443392, 20, 14, 0.298322
0.176934473741685, 0.988864142538975, -0.0010396104698373, 20, 14, 0.298322
0.176934473741685, 0.991982182628063, -0.00103957667280724, 20, 14, 0.298272
0.176934473741685, 0.995100222717149, -0.00103954280581123, 20, 14, 0.298207
0.176934473741685, 0.998218262806236, -0.00103950887134334, 20, 14, 0.298131
0.176934473741685, 1.00133630289532, -0.00103947487192411, 20, 14, 0.298102
0.176934473741685, 1.00445434298441, -0.00103944081010052, 20, 14, 0.297928
0.176934473741685, 1.0075723830735, -0.00103940668844589, 20, 14, 0.298163
0.176934473741685, 1.01069042316258, -0.00103937250955986, 20, 14, 0.297712
0.176934473741685, 1.01380846325167, -0.00103933827606826, 20, 14, 0.297535
0.176934473741685, 1.01692650334076, -0.00103930399062309, 20, 14, 0.297501
0.176934473741685, 1.02004454342984, -0.00103926965590239, 20, 14, 0.297518
0.176934473741685, 1.02316258351893, -0.0010392352746102, 20, 14, 0.297766
0.176934473741685, 1.02628062360802, -0.00103920084947647, 20, 14, 0.298178
0.176934473741685, 1.0293986636971, -0.00103916638325698, 20, 14, 0.297824
0.176934473741685, 1.03251670378619, -0.00103913187873323, 20, 14, 0.297827
0.176934473741685, 1.03563474387528, -0.00103909733871239, 20, 14, 0.297832
0.176934473741685, 1.03875278396437, -0.00103906276602719, 20, 14, 0.298079
0.176934473741685, 1.04187082405345, -0.00103902816353583, 20, 14, 0.298001
0.176934473741685, 1.04498886414254, -0.00103899353412189, 20, 14, 0.297986
0.176934473741685, 1.04810690423163, -0.00103895888069423, 20, 14, 0.298061
0.176934473741685, 1.05122494432071, -0.00103892420372781, 20, 13, 0.274814
0.176934473741685, 1.0543429844098, -0.00103888951125031, 20, 13, 0.275167
0.176934473741685, 1.05746102449889, -0.00103885480362724, 20, 13, 0.275136
0.176934473741685, 1.06057906458797, -0.00103882008386815, 20, 13, 0.275095
0.176934473741685, 1.06369710467706, -0.00103878535500736, 20, 13, 0.274906
0.176934473741685, 1.06681514476615, -0.0010387506201038, 20, 13, 0.274867
0.176934473741685, 1.06993318485523, -0.00103871588224097, 20, 13, 0.274811
0.176934473741685, 1.07305122494432, -0.00103868114452676, 20, 13, 0.274888
0.176934473741685, 1.07616926503341, -0.00103864641009339, 20, 13, 0.274558
0.176934473741685, 1.07928730512249, -0.00103861168209729, 20, 13, 0.279654
0.176934473741685, 1.08240534521158, -0.00103857696371895, 20, 13, 0.274568
0.176934473741685, 1.08552338530067, -0.00103854225816286, 20, 13, 0.276838
0.176934473741685, 1.08864142538976, -0.00103850756865733, 20, 13, 0.277675
0.176934473741685, 1.09175946547884, -0.00103847289845443, 20, 13, 0.274405
0.176934473741685, 1.09487750556793, -0.00103843825082982, 20, 13, 0.276091
0.176934473741685, 1.09799554565702, -0.00103840362908266, 20, 13, 0.274985
0.176934473741685, 1.1011135857461, -0.00103836903653546, 20, 13, 0.275114
0.176934473741685, 1.10423162583519, -0.00103833447653397, 20, 13, 0.275263
0.176934473741685, 1.10734966592428, -0.00103829995244705, 20, 13, 0.275197
0.176934473741685, 1.11046770601336, -0.0010382654676665, 20, 13, 0.275428
0.176934473741685, 1.11358574610245, -0.00103823102560702, 20, 13, 0.275718
0.176934473741685, 1.11670378619154, -0.00103819662970596, 20, 13, 0.277818
0.176934473741685, 1.11982182628062, -0.00103816228342327, 20, 13, 0.276487
0.176934473741685, 1.12293986636971, -0.00103812799024136, 20, 13, 0.278177
0.176934473741685, 1.1260579064588, -0.00103809375366487, 20, 13, 0.278012
0.176934473741685, 1.12917594654788, -0.00103805957722066, 20, 13, 0.280388
0.176934473741685, 1.13229398663697, -0.00103802546445758, 20, 13, 0.279199
0.176934473741685, 1.13541202672606, -0.00103799141894634, 20, 13, 0.277094
0.176934473741685, 1.13853006681514, -0.0010379574442794, 20, 13, 0.279444
0.176934473741685, 1.14164810690423, -0.00103792354407076, 20, 13, 0.280155
0.176934473741685, 1.14476614699332, -0.00103788971957166, 20, 12, 0.252873
0.176934473741685, 1.14788418708241, -0.00103785597934227, 20, 12, 0.254903
0.176934473741685, 1.15100222717149, -0.00103782232453364, 20, 12, 0.254776
0.176934473741685, 1.15412026726058, -0.00103778875884507, 20, 12, 0.255215
0.176934473741685, 1.15723830734967, -0.00103775528599663, 20, 12, 0.255424
0.176934473741685, 1.16035634743875, -0.00103772190972905, 20, 12, 0.255411
0.176934473741685, 1.16347438752784, -0.00103768863380355, 20, 12, 0.255427
0.176934473741685, 1.16659242761693, -0.00103765546200171, 20, 12, 0.255417
0.176934473741685, 1.16971046770601, -0.00103762239812525, 20, 12, 0.255378
0.176934473741685, 1.1728285077951, -0.00103758944599594, 20, 12, 0.255282
0.176934473741685, 1.17594654788419, -0.0010375566094554, 20, 12, 0.255247
0.176934473741685, 1.17906458797327, -0.00103752389236494, 20, 12, 0.255974
0.176934473741685, 1.18218262806236, -0.00103749129860542, 20, 12, 0.255526
0.176934473741685, 1.18530066815145, -0.00103745883207707, 20, 12, 0.254948
0.176934473741685, 1.18841870824053, -0.00103742649669931, 20, 12, 0.254985
0.176934473741685, 1.19153674832962, -0.00103739429641061, 20, 12, 0.255176
0.176934473741685, 1.19465478841871, -0.00103736223516831, 20, 12, 0.255086
0.176934473741685, 1.1977728285078, -0.00103733031694844, 20, 12, 0.254983
0.176934473741685, 1.20089086859688, -0.00103729854574559, 20, 12, 0.255045
0.176934473741685, 1.20400890868597, -0.00103726692557266, 20, 12, 0.254988
0.176934473741685, 1.20712694877506, -0.00103723546046079, 20, 12, 0.254904
0.176934473741685, 1.21024498886414, -0.0010372041544591, 20, 12, 0.26308
0.176934473741685, 1.21336302895323, -0.00103717301163456, 20, 12, 0.255085
0.176934473741685, 1.21648106904232, -0.00103714203607179, 20, 12, 0.255043
0.176934473741685, 1.2195991091314, -0.00103711123187292, 20, 12, 0.254918
0.176934473741685, 1.22271714922049, -0.00103708060315737, 20, 12, 0.255502
0.176934473741685, 1.22583518930958, -0.0010370501540617, 20, 12, 0.255427
0.176934473741685, 1.22895322939866, -0.0010370198887394, 20, 12, 0.254908
0.176934473741685, 1.23207126948775, -0.00103698981136075, 20, 12, 0.254988
0.176934473741685, 1.23518930957684, -0.00103695992611261, 20, 12, 0.255094
0.176934473741685, 1.23830734966592, -0.00103693023719823, 20, 12, 0.258131
0.176934473741685, 1.24142538975501, -0.00103690074883712, 20, 12, 0.257893
0.176934473741685, 1.2445434298441, -0.00103687146526478, 20, 12, 0.257857
0.176934473741685, 1.24766146993318, -0.00103684239073259, 20, 12, 0.257805
0.176934473741685, 1.25077951002227, -0.00103681352950759, 20, 12, 0.253992
0.176934473741685, 1.25389755011136, -0.0010367848858723, 20, 12, 0.253881
0.176934473741685, 1.25701559020045, -0.00103675646412452, 20, 12, 0.253942
0.176934473741685, 1.26013363028953, -0.00103672826643391, 20, 11, 0.228546
0.176934473741685, 1.26325167037862, -0.00103670030152635, 20, 11, 0.22828
0.176934473741685, 1.26636971046771, -0.0010366725714838, 20, 11, 0.228304
0.176934473741685, 1.26948775055679, -0.00103664508066365, 20, 11, 0.228329
0.176934473741685, 1.27260579064588, -0.00103661783343761, 20, 11, 0.228299
0.176934473741685, 1.27572383073497, -0.00103659083419151, 20, 11, 0.228283
0.176934473741685, 1.27884187082405, -0.00103656408732516, 20, 11, 0.228267
0.176934473741685, 1.28195991091314, -0.00103653759725209, 20, 11, 0.228313
0.176934473741685, 1.28507795100223, -0.00103651136839939, 20, 11, 0.228286
0.176934473741685, 1.28819599109131, -0.00103648540520753, 20, 11, 0.228266
0.176934473741685, 1.2913140311804, -0.00103645971213014, 20, 11, 0.228277
0.176934473741685, 1.29443207126949, -0.00103643429363383, 20, 11, 0.22838
0.176934473741685, 1.29755011135857, -0.00103640915419798, 20, 11, 0.228697
0.176934473741685, 1.30066815144766, -0.00103638429831456, 20, 11, 0.228383
0.176934473741685, 1.30378619153675, -0.00103635973048794, 20, 11, 0.228261
0.176934473741685, 1.30690423162584, -0.00103633545523465, 20, 11, 0.228355
0.176934473741685, 1.31002227171492, -0.00103631147708323, 20, 11, 0.22825
0.176934473741685, 1.31314031180401, -0.00103628780057402, 20, 11, 0.228293
0.176934473741685, 1.3162583518931, -0.00103626443025894, 20, 11, 0.228262
0.176934473741685, 1.31937639198218, -0.00103624137070131, 20, 11, 0.228227
0.176934473741685, 1.32249443207127, -0.00103621862647566, 20, 11, 0.228225
0.176934473741685, 1.32561247216036, -0.00103619620216751, 20, 11, 0.228225
0.176934473741685, 1.32873051224944, -0.00103617410237317, 20, 11, 0.228319
0.176934473741685, 1.33184855233853, -0.00103615233169954, 20, 11, 0.228641
0.176934473741685, 1.33496659242762, -0.00103613089476395, 20, 11, 0.228727
0.176934473741685, 1.3380846325167, -0.00103610979619388, 20, 11, 0.228721
0.176934473741685, 1.34120267260579, -0.00103608904062684, 20, 11, 0.228623
0.176934473741685, 1.34432071269488, -0.00103606863271011, 20, 11, 0.22853
0.176934473741685, 1.34743875278396, -0.00103604857710056, 20, 11, 0.228713
0.176934473741685, 1.35055679287305, -0.00103602887846446, 20, 11, 0.228759
0.176934473741685, 1.35367483296214, -0.00103600954147725, 20, 11, 0.229256
0.176934473741685, 1.35679287305122, -0.00103599057082337, 20, 11, 0.22868
0.176934473741685, 1.35991091314031, -0.00103597197119602, 20, 11, 0.228703
0.176934473741685, 1.3630289532294, -0.00103595374729698, 20, 11, 0.228577
0.176934473741685, 1.36614699331849, -0.00103593590383642, 20, 11, 0.229121
0.176934473741685, 1.36926503340757, -0.00103591844553265, 20, 11, 0.228441
0.176934473741685, 1.37238307349666, -0.00103590137711198, 20, 11, 0.228887
0.176934473741685, 1.37550111358575, -0.00103588470330845, 20, 11, 0.229017
0.176934473741685, 1.37861915367483, -0.00103586842886367, 20, 11, 0.228821
0.176934473741685, 1.38173719376392, -0.00103585255852663, 20, 11, 0.228766
0.176934473741685, 1.38485523385301, -0.00103583709705343, 20, 11, 0.228764
0.176934473741685, 1.38797327394209, -0.00103582204920715, 20, 11, 0.228693
0.176934473741685, 1.39109131403118, -0.00103580741975759, 20, 11, 0.228544
0.176934473741685, 1.39420935412027, -0.00103579321348111, 20, 11, 0.228652
0.176934473741685, 1.39732739420935, -0.00103577943516039, 20, 11, 0.22848
0.176934473741685, 1.40044543429844, -0.00103576608769762, 20, 10, 0.205456
0.176934473741685, 1.40356347438753, -0.00103575317975034, 20, 10, 0.205695
0.176934473741685, 1.40668151447661, -0.00103574071414623, 20, 10, 0.208496
0.176934473741685, 1.4097995545657, -0.00103572869567626, 20, 10, 0.208686
0.176934473741685, 1.41291759465479, -0.00103571712915956, 20, 10, 0.208489
0.176934473741685, 1.41603563474388, -0.00103570601941272, 20, 10, 0.208631
0.176934473741685, 1.41915367483296, -0.00103569537125727, 20, 10, 0.208641
0.176934473741685, 1.42227171492205, -0.0010356851895194, 20, 10, 0.20842
0.176934473741685, 1.42538975501114, -0.00103567547902984, 20, 10, 0.208315
0.176934473741685, 1.42850779510022, -0.00103566624462357, 20, 10, 0.208317
0.176934473741685, 1.43162583518931, -0.00103565749113969, 20, 10, 0.208638
0.176934473741685, 1.4347438752784, -0.00103564922342119, 20, 10, 0.208558
0.176934473741685, 1.43786191536748, -0.00103564144631474, 20, 10, 0.208473
0.176934473741685, 1.44097995545657, -0.00103563416467051, 20, 10, 0.208122
0.176934473741685, 1.44409799554566, -0.00103562738334194, 20, 10, 0.208348
0.176934473741685, 1.44721603563474, -0.00103562110718555, 20, 10, 0.208459
0.176934473741685, 1.45033407572383, -0.00103561534106077, 20, 10, 0.208485
0.176934473741685, 1.45345211581292, -0.0010356100898297, 20, 10, 0.208485
0.176934473741685, 1.456570155902, -0.0010356053583569, 20, 10, 0.208426
0.176934473741685, 1.45968819599109, -0.00103560115150925, 20, 10, 0.208187
0.176934473741685, 1.46280623608018, -0.00103559747415569, 20, 10, 0.20826
0.176934473741685, 1.46592427616927, -0.00103559433116705, 20, 10, 0.20822
0.176934473741685, 1.46904231625835, -0.00103559172741584, 20, 10, 0.208207
0.176934473741685, 1.47216035634744, -0.00103558966777607, 20, 10, 0.208453
0.176934473741685, 1.47527839643653, -0.00103558815712301, 20, 10, 0.208127
0.176934473741685, 1.47839643652561, -0.00103558720033305, 20, 10, 0.208097
0.176934473741685, 1.4815144766147, -0.00103558680228346, 20, 10, 0.208073
0.176934473741685, 1.48463251670379, -0.00103558696785219, 20, 10, 0.209443
0.176934473741685, 1.48775055679287, -0.00103558770191772, 20, 10, 0.207726
0.176934473741685, 1.49086859688196, -0.00103558900935881, 20, 10, 0.207753
0.176934473741685, 1.49398663697105, -0.00103559089505432, 20, 10, 0.207715
0.176934473741685, 1.49710467706013, -0.00103559336388305, 20, 10, 0.207996
0.176934473741685, 1.50022271714922, -0.0010355964207235, 20, 10, 0.207679
0.176934473741685, 1.50334075723831, -0.00103560007045368, 20, 10, 0.207739
0.176934473741685, 1.50645879732739, -0.00103560431795095, 20, 10, 0.207815
0.176934473741685, 1.50957683741648, -0.00103560916809181, 20, 10, 0.207992
0.176934473741685, 1.51269487750557, -0.00103561462575167, 20, 10, 0.211175
0.176934473741685, 1.51581291759465, -0.00103562069580472, 20, 10, 0.211878
0.176934473741685, 1.51893095768374, -0.0010356273831237, 20, 10, 0.211915
0.176934473741685, 1.52204899777283, -0.00103563469257973, 20, 10, 0.212487
0.176934473741685, 1.52516703786192, -0.00103564262904208, 20, 10, 0.212676
0.176934473741685, 1.528285077951, -0.00103565119737803, 20, 10, 0.213006
0.176934473741685, 1.53140311804009, -0.00103566040245267, 20, 10, 0.213039
0.176934473741685, 1.53452115812918, -0.00103567024912867, 20, 10, 0.212924
0.176934473741685, 1.53763919821826, -0.00103568074226614, 20, 10, 0.212893
0.176934473741685, 1.54075723830735, -0.00103569188672243, 20, 10, 0.213055
0.176934473741685, 1.54387527839644, -0.00103570368735192, 20, 10, 0.21297
0.176934473741685, 1.54699331848552, -0.00103571614900587, 20, 10, 0.213001
0.176934473741685, 1.55011135857461, -0.00103572927653221, 20, 10, 0.212837
0.176934473741685, 1.5532293986637, -0.00103574307477536, 20, 10, 0.213343
0.176934473741685, 1.55634743875278, -0.00103575754857605, 20, 10, 0.213078
0.176934473741685, 1.55946547884187, -0.00103577270277115, 20, 10, 0.212904
0.176934473741685, 1.56258351893096, -0.00103578854219345, 20, 10, 0.212903
0.176934473741685, 1.56570155902004, -0.00103580507167151, 20, 10, 0.213017
0.176934473741685, 1.56881959910913, -0.00103582229602947, 20, 10, 0.212889
0.176934473741685, 1.57193763919822, -0.00103584022008689, 20, 10, 0.213064
0.176934473741685, 1.57505567928731, -0.00103585884705311, 20, 9, 0.189117
0.176934473741685, 1.57817371937639, -0.00103587818501752, 20, 9, 0.188903
0.176934473741685, 1.58129175946548, -0.00103589823710767, 20, 9, 0.188918
0.176934473741685, 1.58440979955457, -0.00103591900812303, 20, 9, 0.188807
0.176934473741685, 1.58752783964365, -0.00103594050285759, 20, 9, 0.1891
0.176934473741685, 1.59064587973274, -0.00103596272609966, 20, 9, 0.189104
0.176934473741685, 1.59376391982183, -0.0010359856826317, 20, 9, 0.189161
0.176934473741685, 1.59688195991091, -0.00103600937723015, 20, 9, 0.18909
0.176934473741685, 1.6, -0.00103603381466528, 20, 9, 0.188945
# finished at Tue Apr 29 20:31:06 CEST 2014
