# starting on alcc59 at Wed Apr 30 00:14:05 CEST 2014
# casimir, -T, 0.200000,1.600000,450, -Q, 0.235022924045844, -p, 1e-08, -L, 20
# Compiler icc, using long double and plain matrix elements and plain integration
# precision=1e-08
# lfac=5
# cores=1
# L=0.235023
# T=0.2...1.6 (450)
#
# R/(L+R), T, F, lmax, nmax, time
0.235022924045844, 0.2, -0.00255303654601812, 20, 68, 1.65141
0.235022924045844, 0.203118040089087, -0.00255303485400046, 20, 67, 1.62674
0.235022924045844, 0.206236080178174, -0.00255303308404337, 20, 66, 1.60646
0.235022924045844, 0.209354120267261, -0.00255303123389055, 20, 65, 1.5691
0.235022924045844, 0.212472160356347, -0.00255302930125663, 20, 64, 1.55108
0.235022924045844, 0.215590200445434, -0.00255302728382698, 20, 63, 1.53939
0.235022924045844, 0.218708240534521, -0.00255302517925818, 20, 62, 1.4966
0.235022924045844, 0.221826280623608, -0.00255302298517739, 20, 61, 1.47056
0.235022924045844, 0.224944320712695, -0.00255302069918237, 20, 60, 1.44525
0.235022924045844, 0.228062360801782, -0.00255301832427705, 20, 60, 1.44726
0.235022924045844, 0.231180400890869, -0.00255301584760787, 20, 59, 1.42622
0.235022924045844, 0.234298440979955, -0.0025530132717336, 20, 58, 1.39619
0.235022924045844, 0.237416481069042, -0.00255301059414338, 20, 57, 1.3733
0.235022924045844, 0.240534521158129, -0.0025530078179046, 20, 57, 1.37355
0.235022924045844, 0.243652561247216, -0.00255300492991691, 20, 56, 1.35655
0.235022924045844, 0.246770601336303, -0.00255300193262689, 20, 55, 1.32531
0.235022924045844, 0.24988864142539, -0.00255299882341074, 20, 54, 1.29965
0.235022924045844, 0.253006681514477, -0.00255299560607579, 20, 54, 1.3077
0.235022924045844, 0.256124721603563, -0.00255299226602124, 20, 53, 1.28241
0.235022924045844, 0.25924276169265, -0.0025529888121096, 20, 53, 1.27561
0.235022924045844, 0.262360801781737, -0.00255298523074652, 20, 52, 1.25763
0.235022924045844, 0.265478841870824, -0.00255298152427695, 20, 51, 1.22806
0.235022924045844, 0.268596881959911, -0.00255297769655782, 20, 51, 1.2272
0.235022924045844, 0.271714922048998, -0.00255297373278141, 20, 50, 1.2059
0.235022924045844, 0.274832962138085, -0.00255296964211307, 20, 50, 1.20521
0.235022924045844, 0.277951002227172, -0.00255296541019084, 20, 49, 1.17827
0.235022924045844, 0.281069042316258, -0.00255296104578006, 20, 49, 1.18578
0.235022924045844, 0.284187082405345, -0.00255295653473932, 20, 48, 1.15262
0.235022924045844, 0.287305122494432, -0.00255295188565571, 20, 48, 1.15271
0.235022924045844, 0.290423162583519, -0.00255294708439702, 20, 47, 1.12723
0.235022924045844, 0.293541202672606, -0.00255294213958523, 20, 47, 1.12955
0.235022924045844, 0.296659242761693, -0.00255293703688778, 20, 46, 1.10448
0.235022924045844, 0.29977728285078, -0.00255293178517849, 20, 46, 1.1043
0.235022924045844, 0.302895322939866, -0.00255292636970527, 20, 45, 1.07852
0.235022924045844, 0.306013363028953, -0.00255292079982678, 20, 45, 1.08078
0.235022924045844, 0.30913140311804, -0.00255291506012867, 20, 44, 1.06744
0.235022924045844, 0.312249443207127, -0.00255290916071711, 20, 44, 1.05666
0.235022924045844, 0.315367483296214, -0.0025529030852356, 20, 43, 1.07706
0.235022924045844, 0.318485523385301, -0.00255289684484674, 20, 43, 1.05387
0.235022924045844, 0.321603563474388, -0.00255289042900279, 20, 43, 1.05828
0.235022924045844, 0.324721603563474, -0.00255288382903521, 20, 42, 1.09413
0.235022924045844, 0.327839643652561, -0.00255287705486031, 20, 42, 1.02776
0.235022924045844, 0.330957683741648, -0.00255287009657435, 20, 42, 1.043
0.235022924045844, 0.334075723830735, -0.0025528629458156, 20, 41, 0.981554
0.235022924045844, 0.337193763919822, -0.00255285561169244, 20, 41, 0.98769
0.235022924045844, 0.340311804008909, -0.00255284807832009, 20, 40, 0.965745
0.235022924045844, 0.343429844097996, -0.00255284035666926, 20, 40, 0.97356
0.235022924045844, 0.346547884187082, -0.00255283243622794, 20, 40, 1.00146
0.235022924045844, 0.349665924276169, -0.0025528243077892, 20, 39, 0.982044
0.235022924045844, 0.352783964365256, -0.00255281598213909, 20, 39, 0.968278
0.235022924045844, 0.355902004454343, -0.00255280744885441, 20, 39, 0.93589
0.235022924045844, 0.35902004454343, -0.00255279869859772, 20, 38, 0.913758
0.235022924045844, 0.362138084632517, -0.00255278974235855, 20, 38, 0.909141
0.235022924045844, 0.365256124721604, -0.00255278056960035, 20, 38, 0.913089
0.235022924045844, 0.36837416481069, -0.00255277117067599, 20, 37, 0.8899
0.235022924045844, 0.371492204899777, -0.00255276155718597, 20, 37, 0.920994
0.235022924045844, 0.374610244988864, -0.00255275171826862, 20, 37, 0.886302
0.235022924045844, 0.377728285077951, -0.00255274165101422, 20, 37, 0.883527
0.235022924045844, 0.380846325167038, -0.00255273134633724, 20, 36, 0.857938
0.235022924045844, 0.383964365256125, -0.00255272081456895, 20, 36, 0.860257
0.235022924045844, 0.387082405345212, -0.00255271004554977, 20, 36, 0.860259
0.235022924045844, 0.390200445434298, -0.00255269902951363, 20, 35, 0.834634
0.235022924045844, 0.393318485523385, -0.00255268777824586, 20, 35, 0.834737
0.235022924045844, 0.396436525612472, -0.00255267628082677, 20, 35, 0.834778
0.235022924045844, 0.399554565701559, -0.00255266453435374, 20, 35, 0.838488
0.235022924045844, 0.402672605790646, -0.00255265252920392, 20, 34, 0.809168
0.235022924045844, 0.405790645879733, -0.00255264027685838, 20, 34, 0.80911
0.235022924045844, 0.40890868596882, -0.00255262776660357, 20, 34, 0.811553
0.235022924045844, 0.412026726057906, -0.00255261499555277, 20, 34, 0.811643
0.235022924045844, 0.415144766146993, -0.00255260195398776, 20, 33, 0.786035
0.235022924045844, 0.41826280623608, -0.00255258865363223, 20, 33, 0.786775
0.235022924045844, 0.421380846325167, -0.00255257508369837, 20, 33, 0.789704
0.235022924045844, 0.424498886414254, -0.00255256124132706, 20, 33, 0.789606
0.235022924045844, 0.427616926503341, -0.00255254711645164, 20, 32, 0.760475
0.235022924045844, 0.430734966592428, -0.00255253272161056, 20, 32, 0.760469
0.235022924045844, 0.433853006681514, -0.00255251804564961, 20, 32, 0.760456
0.235022924045844, 0.436971046770601, -0.00255250308574788, 20, 32, 0.76737
0.235022924045844, 0.440089086859688, -0.00255248783909003, 20, 32, 0.764643
0.235022924045844, 0.443207126948775, -0.00255247229600052, 20, 31, 0.737229
0.235022924045844, 0.446325167037862, -0.00255245646831136, 20, 31, 0.737267
0.235022924045844, 0.449443207126949, -0.0025524403453528, 20, 31, 0.737223
0.235022924045844, 0.452561247216036, -0.00255242392436091, 20, 31, 0.73729
0.235022924045844, 0.455679287305123, -0.00255240720258149, 20, 31, 0.737277
0.235022924045844, 0.458797327394209, -0.00255239017042143, 20, 30, 0.711727
0.235022924045844, 0.461915367483296, -0.00255237283971563, 20, 30, 0.7128
0.235022924045844, 0.465033407572383, -0.00255235519992019, 20, 30, 0.742844
0.235022924045844, 0.46815144766147, -0.00255233724834462, 20, 30, 0.75963
0.235022924045844, 0.471269487750557, -0.00255231898231177, 20, 30, 0.722024
0.235022924045844, 0.474387527839644, -0.00255230039200357, 20, 29, 0.688566
0.235022924045844, 0.477505567928731, -0.00255228148995885, 20, 29, 0.701519
0.235022924045844, 0.480623608017817, -0.00255226226540733, 20, 29, 0.689096
0.235022924045844, 0.483741648106904, -0.00255224271574771, 20, 29, 0.743378
0.235022924045844, 0.486859688195991, -0.00255222283839509, 20, 29, 0.689979
0.235022924045844, 0.489977728285078, -0.00255220263078202, 20, 29, 0.689089
0.235022924045844, 0.493095768374165, -0.00255218208346025, 20, 28, 0.723766
0.235022924045844, 0.496213808463252, -0.00255216120851652, 20, 28, 0.693381
0.235022924045844, 0.499331848552339, -0.00255213999562687, 20, 28, 0.66793
0.235022924045844, 0.502449888641425, -0.00255211844231392, 20, 28, 0.726157
0.235022924045844, 0.505567928730512, -0.00255209654612069, 20, 28, 0.669747
0.235022924045844, 0.508685968819599, -0.00255207430461164, 20, 28, 0.669201
0.235022924045844, 0.511804008908686, -0.00255205170834163, 20, 27, 0.643944
0.235022924045844, 0.514922048997773, -0.00255202876978887, 20, 27, 0.659912
0.235022924045844, 0.51804008908686, -0.00255200547865711, 20, 27, 0.658753
0.235022924045844, 0.521158129175947, -0.00255198183261456, 20, 27, 0.648435
0.235022924045844, 0.524276169265034, -0.00255195782935354, 20, 27, 0.656011
0.235022924045844, 0.52739420935412, -0.00255193346659124, 20, 27, 0.643925
0.235022924045844, 0.530512249443207, -0.00255190873449585, 20, 26, 0.639322
0.235022924045844, 0.533630289532294, -0.00255188364682422, 20, 26, 0.618027
0.235022924045844, 0.536748329621381, -0.00255185819286788, 20, 26, 0.625363
0.235022924045844, 0.539866369710468, -0.00255183237046157, 20, 26, 0.623561
0.235022924045844, 0.542984409799555, -0.00255180617746757, 20, 26, 0.624901
0.235022924045844, 0.546102449888642, -0.00255177961177648, 20, 26, 0.621606
0.235022924045844, 0.549220489977728, -0.00255175267130797, 20, 26, 0.622848
0.235022924045844, 0.552338530066815, -0.00255172534630443, 20, 25, 0.60692
0.235022924045844, 0.555456570155902, -0.00255169765098194, 20, 25, 0.613709
0.235022924045844, 0.558574610244989, -0.00255166957473528, 20, 25, 0.599604
0.235022924045844, 0.561692650334076, -0.002551641115617, 20, 25, 0.598373
0.235022924045844, 0.564810690423163, -0.002551612271711, 20, 25, 0.629017
0.235022924045844, 0.567928730512249, -0.00255158304113346, 20, 25, 0.595227
0.235022924045844, 0.571046770601336, -0.00255155342203355, 20, 25, 0.59101
0.235022924045844, 0.574164810690423, -0.00255152341259411, 20, 25, 0.594553
0.235022924045844, 0.57728285077951, -0.00255149300352421, 20, 24, 0.573592
0.235022924045844, 0.580400890868597, -0.00255146220886238, 20, 24, 0.619681
0.235022924045844, 0.583518930957684, -0.0025514310185392, 20, 24, 0.570058
0.235022924045844, 0.586636971046771, -0.0025513994308866, 20, 24, 0.593775
0.235022924045844, 0.589755011135857, -0.00255136744427249, 20, 24, 0.602783
0.235022924045844, 0.592873051224944, -0.00255133505710141, 20, 24, 0.569885
0.235022924045844, 0.595991091314031, -0.0025513022678152, 20, 24, 0.574354
0.235022924045844, 0.599109131403118, -0.00255126907489356, 20, 24, 0.565458
0.235022924045844, 0.602227171492205, -0.00255123546897974, 20, 23, 0.551913
0.235022924045844, 0.605345211581292, -0.00255120146515697, 20, 23, 0.562645
0.235022924045844, 0.608463251670379, -0.00255116705329507, 20, 23, 0.56403
0.235022924045844, 0.611581291759466, -0.0025511322320389, 20, 23, 0.603426
0.235022924045844, 0.614699331848552, -0.00255109700007284, 20, 23, 0.550409
0.235022924045844, 0.617817371937639, -0.00255106135612245, 20, 23, 0.542303
0.235022924045844, 0.620935412026726, -0.00255102529895439, 20, 23, 0.572866
0.235022924045844, 0.624053452115813, -0.00255098882737712, 20, 23, 0.566345
0.235022924045844, 0.6271714922049, -0.00255095194024149, 20, 23, 0.586193
0.235022924045844, 0.630289532293987, -0.00255091463644128, 20, 23, 0.562409
0.235022924045844, 0.633407572383074, -0.00255087690762006, 20, 22, 0.553331
0.235022924045844, 0.63652561247216, -0.00255083876803563, 20, 22, 0.550713
0.235022924045844, 0.639643652561247, -0.00255080020866591, 20, 22, 0.565346
0.235022924045844, 0.642761692650334, -0.0025507612285877, 20, 22, 0.518863
0.235022924045844, 0.645879732739421, -0.00255072182692274, 20, 22, 0.549478
0.235022924045844, 0.648997772828508, -0.00255068200283821, 20, 22, 0.559703
0.235022924045844, 0.652115812917595, -0.00255064175554725, 20, 22, 0.558669
0.235022924045844, 0.655233853006682, -0.00255060108430948, 20, 22, 0.536126
0.235022924045844, 0.658351893095768, -0.00255055998843148, 20, 22, 0.557894
0.235022924045844, 0.661469933184855, -0.00255051846726728, 20, 22, 0.558825
0.235022924045844, 0.664587973273942, -0.0025504765128106, 20, 21, 0.491189
0.235022924045844, 0.667706013363029, -0.00255043413999803, 20, 21, 0.494837
0.235022924045844, 0.670824053452116, -0.00255039134019039, 20, 21, 0.491541
0.235022924045844, 0.673942093541203, -0.00255034811294155, 20, 21, 0.494898
0.235022924045844, 0.67706013363029, -0.00255030445785464, 20, 21, 0.491188
0.235022924045844, 0.680178173719376, -0.00255026037458268, 20, 21, 0.493597
0.235022924045844, 0.683296213808463, -0.00255021586282826, 20, 21, 0.534322
0.235022924045844, 0.68641425389755, -0.00255017092234517, 20, 21, 0.493932
0.235022924045844, 0.689532293986637, -0.00255012555293805, 20, 21, 0.547871
0.235022924045844, 0.692650334075724, -0.00255007975446302, 20, 21, 0.542286
0.235022924045844, 0.695768374164811, -0.00255003352682807, 20, 21, 0.541886
0.235022924045844, 0.698886414253898, -0.00254998686245181, 20, 20, 0.486031
0.235022924045844, 0.702004454342984, -0.00254993977708146, 20, 20, 0.467883
0.235022924045844, 0.705122494432071, -0.00254989226253457, 20, 20, 0.46807
0.235022924045844, 0.708240534521158, -0.00254984431893546, 20, 20, 0.467918
0.235022924045844, 0.711358574610245, -0.00254979594646194, 20, 20, 0.467909
0.235022924045844, 0.714476614699332, -0.00254974714534561, 20, 20, 0.468717
0.235022924045844, 0.717594654788419, -0.00254969791587232, 20, 20, 0.468023
0.235022924045844, 0.720712694877506, -0.00254964825838253, 20, 20, 0.468203
0.235022924045844, 0.723830734966592, -0.00254959817327167, 20, 20, 0.468624
0.235022924045844, 0.726948775055679, -0.00254954766099051, 20, 20, 0.467935
0.235022924045844, 0.730066815144766, -0.00254949672204553, 20, 20, 0.467898
0.235022924045844, 0.733184855233853, -0.00254944535699926, 20, 20, 0.468228
0.235022924045844, 0.73630289532294, -0.00254939355866892, 20, 19, 0.442349
0.235022924045844, 0.739420935412027, -0.00254934134397453, 20, 19, 0.454524
0.235022924045844, 0.742538975501114, -0.00254928870515346, 20, 19, 0.442347
0.235022924045844, 0.7456570155902, -0.00254923564299999, 20, 19, 0.442345
0.235022924045844, 0.748775055679287, -0.00254918215836572, 20, 19, 0.442335
0.235022924045844, 0.751893095768374, -0.00254912825215985, 20, 19, 0.442316
0.235022924045844, 0.755011135857461, -0.00254907392534954, 20, 19, 0.442352
0.235022924045844, 0.758129175946548, -0.00254901917896024, 20, 19, 0.44232
0.235022924045844, 0.761247216035635, -0.00254896401407593, 20, 19, 0.442558
0.235022924045844, 0.764365256124722, -0.00254890843183967, 20, 19, 0.449055
0.235022924045844, 0.767483296213809, -0.002548852433453, 20, 19, 0.444709
0.235022924045844, 0.770601336302895, -0.00254879602017754, 20, 19, 0.448724
0.235022924045844, 0.773719376391982, -0.00254873919333438, 20, 19, 0.44496
0.235022924045844, 0.776837416481069, -0.00254868195430454, 20, 19, 0.484713
0.235022924045844, 0.779955456570156, -0.00254862429686286, 20, 18, 0.419162
0.235022924045844, 0.783073496659243, -0.00254856623844203, 20, 18, 0.419216
0.235022924045844, 0.78619153674833, -0.0025485077722932, 20, 18, 0.419203
0.235022924045844, 0.789309576837417, -0.00254844890004324, 20, 18, 0.41923
0.235022924045844, 0.792427616926503, -0.00254838962337989, 20, 18, 0.419208
0.235022924045844, 0.79554565701559, -0.00254832994405196, 20, 18, 0.419263
0.235022924045844, 0.798663697104677, -0.00254826986386963, 20, 18, 0.419235
0.235022924045844, 0.801781737193764, -0.0025482093847046, 20, 18, 0.419234
0.235022924045844, 0.804899777282851, -0.00254814850849034, 20, 18, 0.423555
0.235022924045844, 0.808017817371938, -0.00254808723722233, 20, 18, 0.422813
0.235022924045844, 0.811135857461025, -0.00254802557295817, 20, 18, 0.419135
0.235022924045844, 0.814253897550111, -0.00254796351781786, 20, 18, 0.419385
0.235022924045844, 0.817371937639198, -0.00254790107398395, 20, 18, 0.423234
0.235022924045844, 0.820489977728285, -0.00254783824370169, 20, 18, 0.429288
0.235022924045844, 0.823608017817372, -0.00254777502927927, 20, 18, 0.422564
0.235022924045844, 0.826726057906459, -0.00254771143308789, 20, 18, 0.426688
0.235022924045844, 0.829844097995546, -0.00254764745020732, 20, 17, 0.404952
0.235022924045844, 0.832962138084633, -0.00254758309838817, 20, 17, 0.434918
0.235022924045844, 0.836080178173719, -0.00254751837225359, 20, 17, 0.394557
0.235022924045844, 0.839198218262806, -0.00254745327443149, 20, 17, 0.394189
0.235022924045844, 0.842316258351893, -0.00254738780761332, 20, 17, 0.393747
0.235022924045844, 0.84543429844098, -0.00254732197455423, 20, 17, 0.407745
0.235022924045844, 0.848552338530067, -0.00254725577807321, 20, 17, 0.438335
0.235022924045844, 0.851670378619154, -0.00254718922105318, 20, 17, 0.420846
0.235022924045844, 0.854788418708241, -0.00254712230644114, 20, 17, 0.404713
0.235022924045844, 0.857906458797328, -0.00254705503724824, 20, 17, 0.416799
0.235022924045844, 0.861024498886414, -0.00254698741654994, 20, 17, 0.439794
0.235022924045844, 0.864142538975501, -0.00254691944748605, 20, 17, 0.438224
0.235022924045844, 0.867260579064588, -0.00254685113326083, 20, 17, 0.416669
0.235022924045844, 0.870378619153675, -0.0025467824771431, 20, 17, 0.419905
0.235022924045844, 0.873496659242762, -0.00254671348246653, 20, 17, 0.395971
0.235022924045844, 0.876614699331849, -0.00254664415262871, 20, 17, 0.395936
0.235022924045844, 0.879732739420936, -0.00254657449109272, 20, 17, 0.396799
0.235022924045844, 0.882850779510022, -0.0025465044937758, 20, 16, 0.374105
0.235022924045844, 0.885968819599109, -0.00254643418002171, 20, 16, 0.370925
0.235022924045844, 0.889086859688196, -0.00254636354531005, 20, 16, 0.371286
0.235022924045844, 0.892204899777283, -0.00254629259336567, 20, 16, 0.370441
0.235022924045844, 0.89532293986637, -0.00254622132797814, 20, 16, 0.370481
0.235022924045844, 0.898440979955457, -0.00254614975300189, 20, 16, 0.37065
0.235022924045844, 0.901559020044544, -0.00254607787235612, 20, 16, 0.371128
0.235022924045844, 0.90467706013363, -0.00254600569002493, 20, 16, 0.37497
0.235022924045844, 0.907795100222717, -0.00254593321005727, 20, 16, 0.37046
0.235022924045844, 0.910913140311804, -0.00254586043656695, 20, 16, 0.370528
0.235022924045844, 0.914031180400891, -0.00254578737373266, 20, 16, 0.375325
0.235022924045844, 0.917149220489978, -0.00254571402579796, 20, 16, 0.37046
0.235022924045844, 0.920267260579065, -0.00254564039707126, 20, 16, 0.370431
0.235022924045844, 0.923385300668152, -0.00254556649192578, 20, 16, 0.370414
0.235022924045844, 0.926503340757238, -0.00254549231479959, 20, 16, 0.370421
0.235022924045844, 0.929621380846325, -0.00254541787019551, 20, 16, 0.371418
0.235022924045844, 0.932739420935412, -0.00254534316268108, 20, 16, 0.370416
0.235022924045844, 0.935857461024499, -0.00254526819688856, 20, 16, 0.371578
0.235022924045844, 0.938975501113586, -0.00254519297751484, 20, 16, 0.37078
0.235022924045844, 0.942093541202673, -0.00254511750932139, 20, 16, 0.370354
0.235022924045844, 0.945211581291759, -0.00254504179713421, 20, 16, 0.370337
0.235022924045844, 0.948329621380847, -0.00254496583881377, 20, 15, 0.345192
0.235022924045844, 0.951447661469933, -0.00254488965383546, 20, 15, 0.345124
0.235022924045844, 0.95456570155902, -0.00254481323969774, 20, 15, 0.345572
0.235022924045844, 0.957683741648107, -0.0025447366014859, 20, 15, 0.344877
0.235022924045844, 0.960801781737194, -0.00254465974434923, 20, 15, 0.344837
0.235022924045844, 0.963919821826281, -0.00254458267350093, 20, 15, 0.344871
0.235022924045844, 0.967037861915368, -0.002544505394218, 20, 15, 0.344902
0.235022924045844, 0.970155902004454, -0.00254442791184115, 20, 15, 0.344861
0.235022924045844, 0.973273942093541, -0.00254435023177468, 20, 15, 0.34489
0.235022924045844, 0.976391982182628, -0.00254427235948638, 20, 15, 0.344918
0.235022924045844, 0.979510022271715, -0.0025441943005074, 20, 15, 0.344919
0.235022924045844, 0.982628062360802, -0.00254411606043215, 20, 15, 0.344919
0.235022924045844, 0.985746102449889, -0.0025440376449181, 20, 15, 0.34494
0.235022924045844, 0.988864142538975, -0.00254395905968575, 20, 15, 0.344887
0.235022924045844, 0.991982182628063, -0.00254388031051837, 20, 15, 0.348967
0.235022924045844, 0.995100222717149, -0.00254380140326195, 20, 15, 0.34776
0.235022924045844, 0.998218262806236, -0.00254372234382498, 20, 15, 0.344888
0.235022924045844, 1.00133630289532, -0.00254364313817833, 20, 15, 0.345384
0.235022924045844, 1.00445434298441, -0.00254356379235506, 20, 15, 0.345262
0.235022924045844, 1.0075723830735, -0.00254348431245027, 20, 15, 0.345428
0.235022924045844, 1.01069042316258, -0.0025434047046209, 20, 15, 0.345871
0.235022924045844, 1.01380846325167, -0.00254332497508557, 20, 15, 0.344816
0.235022924045844, 1.01692650334076, -0.0025432451301247, 20, 15, 0.347214
0.235022924045844, 1.02004454342984, -0.00254316516913073, 20, 14, 0.321717
0.235022924045844, 1.02316258351893, -0.00254308511282912, 20, 14, 0.321717
0.235022924045844, 1.02628062360802, -0.00254300496028294, 20, 14, 0.321741
0.235022924045844, 1.0293986636971, -0.00254292471801785, 20, 14, 0.321769
0.235022924045844, 1.03251670378619, -0.00254284439261992, 20, 14, 0.322014
0.235022924045844, 1.03563474387528, -0.00254276399073539, 20, 14, 0.321687
0.235022924045844, 1.03875278396437, -0.00254268351907043, 20, 14, 0.321681
0.235022924045844, 1.04187082405345, -0.00254260298439098, 20, 14, 0.322836
0.235022924045844, 1.04498886414254, -0.00254252239352246, 20, 14, 0.322147
0.235022924045844, 1.04810690423163, -0.00254244175334958, 20, 14, 0.322517
0.235022924045844, 1.05122494432071, -0.00254236107081609, 20, 14, 0.321709
0.235022924045844, 1.0543429844098, -0.00254228035292453, 20, 14, 0.322083
0.235022924045844, 1.05746102449889, -0.002542199606736, 20, 14, 0.321873
0.235022924045844, 1.06057906458797, -0.00254211883936991, 20, 14, 0.322068
0.235022924045844, 1.06369710467706, -0.0025420380580037, 20, 14, 0.322243
0.235022924045844, 1.06681514476615, -0.00254195726987261, 20, 14, 0.322128
0.235022924045844, 1.06993318485523, -0.00254187648226938, 20, 14, 0.322899
0.235022924045844, 1.07305122494432, -0.00254179570254402, 20, 14, 0.321736
0.235022924045844, 1.07616926503341, -0.00254171493810351, 20, 14, 0.321759
0.235022924045844, 1.07928730512249, -0.00254163419641152, 20, 14, 0.321825
0.235022924045844, 1.08240534521158, -0.00254155348498815, 20, 14, 0.32198
0.235022924045844, 1.08552338530067, -0.00254147281140961, 20, 14, 0.321833
0.235022924045844, 1.08864142538976, -0.00254139218330795, 20, 14, 0.321644
0.235022924045844, 1.09175946547884, -0.00254131160837076, 20, 14, 0.322074
0.235022924045844, 1.09487750556793, -0.00254123109434087, 20, 14, 0.321766
0.235022924045844, 1.09799554565702, -0.00254115064901604, 20, 14, 0.321706
0.235022924045844, 1.1011135857461, -0.00254107028024866, 20, 14, 0.321755
0.235022924045844, 1.10423162583519, -0.00254098998922733, 20, 13, 0.296201
0.235022924045844, 1.10734966592428, -0.00254090979773231, 20, 13, 0.296303
0.235022924045844, 1.11046770601336, -0.00254082970665468, 20, 13, 0.296395
0.235022924045844, 1.11358574610245, -0.00254074972406338, 20, 13, 0.29624
0.235022924045844, 1.11670378619154, -0.00254066985808031, 20, 13, 0.296312
0.235022924045844, 1.11982182628062, -0.00254059011688002, 20, 13, 0.302299
0.235022924045844, 1.12293986636971, -0.00254051050868931, 20, 13, 0.296803
0.235022924045844, 1.1260579064588, -0.00254043104178697, 20, 13, 0.297301
0.235022924045844, 1.12917594654788, -0.00254035172450336, 20, 13, 0.296612
0.235022924045844, 1.13229398663697, -0.00254027256522016, 20, 13, 0.296541
0.235022924045844, 1.13541202672606, -0.00254019357236993, 20, 13, 0.297293
0.235022924045844, 1.13853006681514, -0.00254011475443584, 20, 13, 0.296973
0.235022924045844, 1.14164810690423, -0.00254003611995124, 20, 13, 0.29658
0.235022924045844, 1.14476614699332, -0.00253995767749935, 20, 13, 0.29663
0.235022924045844, 1.14788418708241, -0.00253987943571289, 20, 13, 0.296595
0.235022924045844, 1.15100222717149, -0.00253980140327371, 20, 13, 0.296578
0.235022924045844, 1.15412026726058, -0.00253972358891242, 20, 13, 0.296581
0.235022924045844, 1.15723830734967, -0.00253964600140801, 20, 13, 0.296591
0.235022924045844, 1.16035634743875, -0.00253956864958748, 20, 13, 0.296229
0.235022924045844, 1.16347438752784, -0.00253949154232549, 20, 13, 0.296183
0.235022924045844, 1.16659242761693, -0.00253941468854391, 20, 13, 0.296184
0.235022924045844, 1.16971046770601, -0.00253933809721153, 20, 13, 0.29615
0.235022924045844, 1.1728285077951, -0.00253926177734356, 20, 13, 0.296142
0.235022924045844, 1.17594654788419, -0.00253918573800133, 20, 13, 0.296169
0.235022924045844, 1.17906458797327, -0.00253910998829187, 20, 13, 0.296252
0.235022924045844, 1.18218262806236, -0.00253903453736749, 20, 13, 0.296358
0.235022924045844, 1.18530066815145, -0.0025389593944254, 20, 13, 0.2964
0.235022924045844, 1.18841870824053, -0.00253888456870729, 20, 13, 0.296431
0.235022924045844, 1.19153674832962, -0.00253881006949897, 20, 13, 0.296283
0.235022924045844, 1.19465478841871, -0.00253873590612989, 20, 13, 0.296564
0.235022924045844, 1.1977728285078, -0.0025386620879728, 20, 13, 0.29611
0.235022924045844, 1.20089086859688, -0.00253858862444329, 20, 13, 0.296558
0.235022924045844, 1.20400890868597, -0.0025385155186404, 20, 12, 0.270617
0.235022924045844, 1.20712694877506, -0.00253844279311802, 20, 12, 0.270598
0.235022924045844, 1.21024498886414, -0.00253837045070527, 20, 12, 0.270746
0.235022924045844, 1.21336302895323, -0.0025382985009859, 20, 12, 0.2706
0.235022924045844, 1.21648106904232, -0.00253822695358436, 20, 12, 0.270648
0.235022924045844, 1.2195991091314, -0.00253815581816539, 20, 12, 0.270766
0.235022924045844, 1.22271714922049, -0.00253808510443392, 20, 12, 0.272968
0.235022924045844, 1.22583518930958, -0.00253801482213323, 20, 12, 0.272959
0.235022924045844, 1.22895322939866, -0.00253794498104667, 20, 12, 0.273602
0.235022924045844, 1.23207126948775, -0.00253787559099577, 20, 12, 0.273686
0.235022924045844, 1.23518930957684, -0.00253780666184017, 20, 12, 0.272995
0.235022924045844, 1.23830734966592, -0.00253773820347721, 20, 12, 0.273112
0.235022924045844, 1.24142538975501, -0.00253767022584145, 20, 12, 0.273249
0.235022924045844, 1.2445434298441, -0.00253760273890421, 20, 12, 0.272982
0.235022924045844, 1.24766146993318, -0.0025375357526732, 20, 12, 0.273417
0.235022924045844, 1.25077951002227, -0.00253746927719201, 20, 12, 0.273186
0.235022924045844, 1.25389755011136, -0.00253740332253968, 20, 12, 0.274589
0.235022924045844, 1.25701559020045, -0.00253733789883026, 20, 12, 0.273797
0.235022924045844, 1.26013363028953, -0.00253727301621233, 20, 12, 0.273029
0.235022924045844, 1.26325167037862, -0.00253720868486858, 20, 12, 0.273062
0.235022924045844, 1.26636971046771, -0.00253714491501533, 20, 12, 0.273026
0.235022924045844, 1.26948775055679, -0.00253708171690208, 20, 12, 0.272961
0.235022924045844, 1.27260579064588, -0.00253701910081107, 20, 12, 0.273116
0.235022924045844, 1.27572383073497, -0.00253695707705677, 20, 12, 0.273243
0.235022924045844, 1.27884187082405, -0.00253689565598549, 20, 12, 0.272954
0.235022924045844, 1.28195991091314, -0.00253683484797484, 20, 12, 0.272971
0.235022924045844, 1.28507795100223, -0.00253677466343334, 20, 12, 0.273085
0.235022924045844, 1.28819599109131, -0.0025367151127999, 20, 12, 0.273174
0.235022924045844, 1.2913140311804, -0.00253665620654336, 20, 12, 0.273308
0.235022924045844, 1.29443207126949, -0.00253659795516206, 20, 12, 0.273358
0.235022924045844, 1.29755011135857, -0.00253654036918333, 20, 12, 0.273274
0.235022924045844, 1.30066815144766, -0.00253648345916305, 20, 12, 0.273297
0.235022924045844, 1.30378619153675, -0.00253642723568513, 20, 12, 0.273297
0.235022924045844, 1.30690423162584, -0.00253637170936111, 20, 12, 0.273339
0.235022924045844, 1.31002227171492, -0.00253631689082964, 20, 12, 0.273286
0.235022924045844, 1.31314031180401, -0.00253626279075599, 20, 12, 0.273304
0.235022924045844, 1.3162583518931, -0.00253620941983163, 20, 12, 0.273898
0.235022924045844, 1.31937639198218, -0.0025361567887737, 20, 12, 0.273977
0.235022924045844, 1.32249443207127, -0.00253610490832459, 20, 12, 0.274076
0.235022924045844, 1.32561247216036, -0.00253605378353668, 20, 11, 0.247547
0.235022924045844, 1.32873051224944, -0.00253600343690825, 20, 11, 0.247432
0.235022924045844, 1.33184855233853, -0.00253595387324883, 20, 11, 0.247466
0.235022924045844, 1.33496659242762, -0.00253590510339755, 20, 11, 0.247418
0.235022924045844, 1.3380846325167, -0.00253585713821631, 20, 11, 0.247445
0.235022924045844, 1.34120267260579, -0.00253580998858934, 20, 11, 0.247434
0.235022924045844, 1.34432071269488, -0.0025357636654227, 20, 11, 0.247487
0.235022924045844, 1.34743875278396, -0.00253571817964382, 20, 11, 0.247421
0.235022924045844, 1.35055679287305, -0.00253567354220098, 20, 11, 0.247446
0.235022924045844, 1.35367483296214, -0.0025356297640629, 20, 11, 0.247434
0.235022924045844, 1.35679287305122, -0.00253558685621818, 20, 11, 0.247737
0.235022924045844, 1.35991091314031, -0.00253554482967488, 20, 11, 0.24747
0.235022924045844, 1.3630289532294, -0.00253550369545999, 20, 11, 0.247466
0.235022924045844, 1.36614699331849, -0.002535463464619, 20, 11, 0.247743
0.235022924045844, 1.36926503340757, -0.00253542414821539, 20, 11, 0.247442
0.235022924045844, 1.37238307349666, -0.00253538575733013, 20, 11, 0.247438
0.235022924045844, 1.37550111358575, -0.00253534830306124, 20, 11, 0.247595
0.235022924045844, 1.37861915367483, -0.00253531179652326, 20, 11, 0.247503
0.235022924045844, 1.38173719376392, -0.00253527624884684, 20, 11, 0.247481
0.235022924045844, 1.38485523385301, -0.00253524167117818, 20, 11, 0.247553
0.235022924045844, 1.38797327394209, -0.00253520807467859, 20, 11, 0.247511
0.235022924045844, 1.39109131403118, -0.00253517547052399, 20, 11, 0.247722
0.235022924045844, 1.39420935412027, -0.00253514386990447, 20, 11, 0.248697
0.235022924045844, 1.39732739420935, -0.00253511328402375, 20, 11, 0.248345
0.235022924045844, 1.40044543429844, -0.00253508372409874, 20, 11, 0.247891
0.235022924045844, 1.40356347438753, -0.00253505520135905, 20, 11, 0.247539
0.235022924045844, 1.40668151447661, -0.0025350277270465, 20, 11, 0.247414
0.235022924045844, 1.4097995545657, -0.00253500131241466, 20, 11, 0.247672
0.235022924045844, 1.41291759465479, -0.00253497596872833, 20, 11, 0.247396
0.235022924045844, 1.41603563474388, -0.00253495170726314, 20, 11, 0.24778
0.235022924045844, 1.41915367483296, -0.00253492853930496, 20, 11, 0.247358
0.235022924045844, 1.42227171492205, -0.00253490647614954, 20, 11, 0.247362
0.235022924045844, 1.42538975501114, -0.00253488552910194, 20, 11, 0.247532
0.235022924045844, 1.42850779510022, -0.00253486570947611, 20, 11, 0.247504
0.235022924045844, 1.43162583518931, -0.00253484702859437, 20, 11, 0.247478
0.235022924045844, 1.4347438752784, -0.00253482949778699, 20, 11, 0.247564
0.235022924045844, 1.43786191536748, -0.00253481312839166, 20, 11, 0.247632
0.235022924045844, 1.44097995545657, -0.00253479793175305, 20, 11, 0.247471
0.235022924045844, 1.44409799554566, -0.00253478391922232, 20, 11, 0.249075
0.235022924045844, 1.44721603563474, -0.00253477110215668, 20, 11, 0.247778
0.235022924045844, 1.45033407572383, -0.00253475949191885, 20, 11, 0.247418
0.235022924045844, 1.45345211581292, -0.00253474909987667, 20, 11, 0.247593
0.235022924045844, 1.456570155902, -0.00253473993740258, 20, 11, 0.247615
0.235022924045844, 1.45968819599109, -0.00253473201587317, 20, 11, 0.247832
0.235022924045844, 1.46280623608018, -0.0025347253466687, 20, 11, 0.247785
0.235022924045844, 1.46592427616927, -0.00253471994117265, 20, 11, 0.247863
0.235022924045844, 1.46904231625835, -0.00253471581077123, 20, 11, 0.254285
0.235022924045844, 1.47216035634744, -0.00253471296172168, 20, 10, 0.222489
0.235022924045844, 1.47527839643653, -0.00253471141590398, 20, 10, 0.222534
0.235022924045844, 1.47839643652561, -0.00253471117934138, 20, 10, 0.22279
0.235022924045844, 1.4815144766147, -0.00253471226342691, 20, 10, 0.221866
0.235022924045844, 1.48463251670379, -0.00253471467955397, 20, 10, 0.222087
0.235022924045844, 1.48775055679287, -0.00253471843911598, 20, 10, 0.222078
0.235022924045844, 1.49086859688196, -0.0025347235535058, 20, 10, 0.221895
0.235022924045844, 1.49398663697105, -0.00253473003411537, 20, 10, 0.222182
0.235022924045844, 1.49710467706013, -0.00253473789233522, 20, 10, 0.22211
0.235022924045844, 1.50022271714922, -0.00253474713955401, 20, 10, 0.222115
0.235022924045844, 1.50334075723831, -0.0025347577871581, 20, 10, 0.221941
0.235022924045844, 1.50645879732739, -0.00253476984653108, 20, 10, 0.222195
0.235022924045844, 1.50957683741648, -0.00253478332905334, 20, 10, 0.221853
0.235022924045844, 1.51269487750557, -0.0025347982461016, 20, 10, 0.221846
0.235022924045844, 1.51581291759465, -0.0025348146090485, 20, 10, 0.221845
0.235022924045844, 1.51893095768374, -0.00253483242926211, 20, 10, 0.222824
0.235022924045844, 1.52204899777283, -0.00253485171810553, 20, 10, 0.222258
0.235022924045844, 1.52516703786192, -0.00253487248693688, 20, 10, 0.224161
0.235022924045844, 1.528285077951, -0.00253489474710705, 20, 10, 0.224196
0.235022924045844, 1.53140311804009, -0.00253491850996198, 20, 10, 0.224193
0.235022924045844, 1.53452115812918, -0.00253494378684042, 20, 10, 0.224186
0.235022924045844, 1.53763919821826, -0.00253497058907396, 20, 10, 0.224222
0.235022924045844, 1.54075723830735, -0.00253499892798655, 20, 10, 0.224239
0.235022924045844, 1.54387527839644, -0.00253502881489413, 20, 10, 0.224207
0.235022924045844, 1.54699331848552, -0.00253506026110414, 20, 10, 0.224209
0.235022924045844, 1.55011135857461, -0.00253509327791516, 20, 10, 0.22438
0.235022924045844, 1.5532293986637, -0.00253512787661642, 20, 10, 0.224176
0.235022924045844, 1.55634743875278, -0.00253516406848741, 20, 10, 0.224268
0.235022924045844, 1.55946547884187, -0.00253520186479747, 20, 10, 0.224334
0.235022924045844, 1.56258351893096, -0.00253524127680533, 20, 10, 0.224723
0.235022924045844, 1.56570155902004, -0.00253528231575872, 20, 10, 0.224198
0.235022924045844, 1.56881959910913, -0.00253532499289395, 20, 10, 0.224212
0.235022924045844, 1.57193763919822, -0.00253536931943549, 20, 10, 0.224191
0.235022924045844, 1.57505567928731, -0.00253541530659558, 20, 10, 0.228232
0.235022924045844, 1.57817371937639, -0.00253546296557376, 20, 10, 0.224168
0.235022924045844, 1.58129175946548, -0.00253551230755654, 20, 10, 0.224185
0.235022924045844, 1.58440979955457, -0.00253556334371693, 20, 10, 0.224151
0.235022924045844, 1.58752783964365, -0.00253561608521407, 20, 10, 0.224175
0.235022924045844, 1.59064587973274, -0.00253567054319282, 20, 10, 0.224237
0.235022924045844, 1.59376391982183, -0.00253572672878334, 20, 10, 0.22423
0.235022924045844, 1.59688195991091, -0.00253578465310074, 20, 10, 0.224176
0.235022924045844, 1.6, -0.00253584432724463, 20, 10, 0.22409
# finished at Wed Apr 30 00:17:52 CEST 2014
