# starting on alcc59 at Wed Apr 30 01:16:39 CEST 2014
# casimir, -T, 0.200000,1.600000,450, -Q, 0.286012804976957, -p, 1e-08, -L, 20
# Compiler icc, using long double and plain matrix elements and plain integration
# precision=1e-08
# lfac=5
# cores=1
# L=0.286013
# T=0.2...1.6 (450)
#
# R/(L+R), T, F, lmax, nmax, time
0.286012804976957, 0.2, -0.00484001251705688, 20, 71, 1.85153
0.286012804976957, 0.203118040089087, -0.00484000947681479, 20, 70, 1.76531
0.286012804976957, 0.206236080178174, -0.00484000629643069, 20, 69, 1.74118
0.286012804976957, 0.209354120267261, -0.00484000297188292, 20, 68, 1.7129
0.286012804976957, 0.212472160356347, -0.00483999949907736, 20, 67, 1.68721
0.286012804976957, 0.215590200445434, -0.00483999587386704, 20, 66, 1.66199
0.286012804976957, 0.218708240534521, -0.00483999209207284, 20, 65, 1.63854
0.286012804976957, 0.221826280623608, -0.00483998814940307, 20, 64, 1.61347
0.286012804976957, 0.224944320712695, -0.00483998405187597, 20, 64, 1.6129
0.286012804976957, 0.228062360801782, -0.00483997977515463, 20, 63, 1.58704
0.286012804976957, 0.231180400890869, -0.00483997532464653, 20, 62, 1.55973
0.286012804976957, 0.234298440979955, -0.0048399706959093, 20, 61, 1.53371
0.286012804976957, 0.237416481069042, -0.00483996588444844, 20, 60, 1.50809
0.286012804976957, 0.240534521158129, -0.00483996089644371, 20, 60, 1.5112
0.286012804976957, 0.243652561247216, -0.00483995570692973, 20, 59, 1.48642
0.286012804976957, 0.246770601336303, -0.00483995032109635, 20, 58, 1.45969
0.286012804976957, 0.24988864142539, -0.00483994473425912, 20, 57, 1.43235
0.286012804976957, 0.253006681514477, -0.00483993895331038, 20, 57, 1.44539
0.286012804976957, 0.256124721603563, -0.00483993295174912, 20, 56, 1.42505
0.286012804976957, 0.25924276169265, -0.00483992673508345, 20, 55, 1.40288
0.286012804976957, 0.262360801781737, -0.00483992031053045, 20, 55, 1.38836
0.286012804976957, 0.265478841870824, -0.00483991365085522, 20, 54, 1.37019
0.286012804976957, 0.268596881959911, -0.00483990676161056, 20, 53, 1.34169
0.286012804976957, 0.271714922048998, -0.00483989965096085, 20, 53, 1.3332
0.286012804976957, 0.274832962138085, -0.00483989228980114, 20, 52, 1.30919
0.286012804976957, 0.277951002227172, -0.00483988469688921, 20, 52, 1.30824
0.286012804976957, 0.281069042316258, -0.00483987684423902, 20, 51, 1.28157
0.286012804976957, 0.284187082405345, -0.0048398687495913, 20, 51, 1.28095
0.286012804976957, 0.287305122494432, -0.00483986038564413, 20, 50, 1.25355
0.286012804976957, 0.290423162583519, -0.00483985176954287, 20, 50, 1.25579
0.286012804976957, 0.293541202672606, -0.00483984287430034, 20, 49, 1.22996
0.286012804976957, 0.296659242761693, -0.00483983371680615, 20, 49, 1.22994
0.286012804976957, 0.29977728285078, -0.00483982426998205, 20, 48, 1.20664
0.286012804976957, 0.302895322939866, -0.00483981455095516, 20, 48, 1.2061
0.286012804976957, 0.306013363028953, -0.00483980453214723, 20, 47, 1.1784
0.286012804976957, 0.30913140311804, -0.00483979423126725, 20, 47, 1.18041
0.286012804976957, 0.312249443207127, -0.00483978361985882, 20, 46, 1.15251
0.286012804976957, 0.315367483296214, -0.00483977271664439, 20, 46, 1.15871
0.286012804976957, 0.318485523385301, -0.0048397614918388, 20, 45, 1.12638
0.286012804976957, 0.321603563474388, -0.00483974996566723, 20, 45, 1.12565
0.286012804976957, 0.324721603563474, -0.00483973811910186, 20, 45, 1.12834
0.286012804976957, 0.327839643652561, -0.00483972593665041, 20, 44, 1.10266
0.286012804976957, 0.330957683741648, -0.00483971343588786, 20, 44, 1.10247
0.286012804976957, 0.334075723830735, -0.00483970058754388, 20, 43, 1.0823
0.286012804976957, 0.337193763919822, -0.00483968741166921, 20, 43, 1.0885
0.286012804976957, 0.340311804008909, -0.00483967388924832, 20, 43, 1.07754
0.286012804976957, 0.343429844097996, -0.00483966000415922, 20, 42, 1.05717
0.286012804976957, 0.346547884187082, -0.0048396457749945, 20, 42, 1.05376
0.286012804976957, 0.349665924276169, -0.00483963117082328, 20, 41, 1.03213
0.286012804976957, 0.352783964365256, -0.00483961621382365, 20, 41, 1.03101
0.286012804976957, 0.355902004454343, -0.00483960088378946, 20, 41, 1.03909
0.286012804976957, 0.35902004454343, -0.00483958516297258, 20, 40, 0.999091
0.286012804976957, 0.362138084632517, -0.00483956907324784, 20, 40, 1.00687
0.286012804976957, 0.365256124721604, -0.00483955259456759, 20, 40, 0.998951
0.286012804976957, 0.36837416481069, -0.00483953570893858, 20, 39, 0.97254
0.286012804976957, 0.371492204899777, -0.00483951843865063, 20, 39, 0.973722
0.286012804976957, 0.374610244988864, -0.00483950076347602, 20, 39, 0.975064
0.286012804976957, 0.377728285077951, -0.00483948266477462, 20, 38, 0.94991
0.286012804976957, 0.380846325167038, -0.00483946416603847, 20, 38, 0.950841
0.286012804976957, 0.383964365256125, -0.00483944524640037, 20, 38, 0.950102
0.286012804976957, 0.387082405345212, -0.00483942590064865, 20, 38, 0.953344
0.286012804976957, 0.390200445434298, -0.0048394061113069, 20, 37, 0.922119
0.286012804976957, 0.393318485523385, -0.0048393858994121, 20, 37, 0.924326
0.286012804976957, 0.396436525612472, -0.00483936524545047, 20, 37, 0.924174
0.286012804976957, 0.399554565701559, -0.00483934413068104, 20, 36, 0.896756
0.286012804976957, 0.402672605790646, -0.00483932257886338, 20, 36, 0.896399
0.286012804976957, 0.405790645879733, -0.00483930056907795, 20, 36, 0.898045
0.286012804976957, 0.40890868596882, -0.00483927809614748, 20, 36, 0.897787
0.286012804976957, 0.412026726057906, -0.00483925514164911, 20, 35, 0.870345
0.286012804976957, 0.415144766146993, -0.00483923172870506, 20, 35, 0.870761
0.286012804976957, 0.41826280623608, -0.00483920783683396, 20, 35, 0.870782
0.286012804976957, 0.421380846325167, -0.00483918346090011, 20, 35, 0.872799
0.286012804976957, 0.424498886414254, -0.00483915858235832, 20, 34, 0.845696
0.286012804976957, 0.427616926503341, -0.00483913322469847, 20, 34, 0.845547
0.286012804976957, 0.430734966592428, -0.00483910736736342, 20, 34, 0.8451
0.286012804976957, 0.433853006681514, -0.00483908100527913, 20, 34, 0.853522
0.286012804976957, 0.436971046770601, -0.00483905411935828, 20, 33, 0.821722
0.286012804976957, 0.440089086859688, -0.00483902673441656, 20, 33, 0.821649
0.286012804976957, 0.443207126948775, -0.00483899882933187, 20, 33, 0.821617
0.286012804976957, 0.446325167037862, -0.00483897039911117, 20, 33, 0.821936
0.286012804976957, 0.449443207126949, -0.00483894143877551, 20, 33, 0.822114
0.286012804976957, 0.452561247216036, -0.00483891193002331, 20, 32, 0.794353
0.286012804976957, 0.455679287305123, -0.00483888189627058, 20, 32, 0.796383
0.286012804976957, 0.458797327394209, -0.00483885131736152, 20, 32, 0.796418
0.286012804976957, 0.461915367483296, -0.00483882018842168, 20, 32, 0.800105
0.286012804976957, 0.465033407572383, -0.00483878850459755, 20, 32, 0.809158
0.286012804976957, 0.46815144766147, -0.00483875624784909, 20, 31, 0.769328
0.286012804976957, 0.471269487750557, -0.00483872344140671, 20, 31, 0.76866
0.286012804976957, 0.474387527839644, -0.0048386900654676, 20, 31, 0.771079
0.286012804976957, 0.477505567928731, -0.00483865611530536, 20, 31, 0.770616
0.286012804976957, 0.480623608017817, -0.00483862158622074, 20, 31, 0.770911
0.286012804976957, 0.483741648106904, -0.00483858645988552, 20, 30, 0.7434
0.286012804976957, 0.486859688195991, -0.00483855076059773, 20, 30, 0.743997
0.286012804976957, 0.489977728285078, -0.00483851446827922, 20, 30, 0.743139
0.286012804976957, 0.493095768374165, -0.00483847757837992, 20, 30, 0.745402
0.286012804976957, 0.496213808463252, -0.00483844008638274, 20, 30, 0.745245
0.286012804976957, 0.499331848552339, -0.00483840197305974, 20, 29, 0.717743
0.286012804976957, 0.502449888641425, -0.00483836326515141, 20, 29, 0.717786
0.286012804976957, 0.505567928730512, -0.00483832394161455, 20, 29, 0.717579
0.286012804976957, 0.508685968819599, -0.00483828399810294, 20, 29, 0.71786
0.286012804976957, 0.511804008908686, -0.00483824343030879, 20, 29, 0.718072
0.286012804976957, 0.514922048997773, -0.00483820223396444, 20, 29, 0.720191
0.286012804976957, 0.51804008908686, -0.00483816039006884, 20, 28, 0.692181
0.286012804976957, 0.521158129175947, -0.00483811792563324, 20, 28, 0.692083
0.286012804976957, 0.524276169265034, -0.00483807481996688, 20, 28, 0.694471
0.286012804976957, 0.52739420935412, -0.00483803106890111, 20, 28, 0.694609
0.286012804976957, 0.530512249443207, -0.00483798666845792, 20, 28, 0.694585
0.286012804976957, 0.533630289532294, -0.00483794161465756, 20, 28, 0.694442
0.286012804976957, 0.536748329621381, -0.00483789590356854, 20, 28, 0.694681
0.286012804976957, 0.539866369710468, -0.00483784951739303, 20, 27, 0.669179
0.286012804976957, 0.542984409799555, -0.00483780248162863, 20, 27, 0.66966
0.286012804976957, 0.546102449888642, -0.00483775477692407, 20, 27, 0.669109
0.286012804976957, 0.549220489977728, -0.00483770639957166, 20, 27, 0.669138
0.286012804976957, 0.552338530066815, -0.00483765734591678, 20, 27, 0.668769
0.286012804976957, 0.555456570155902, -0.00483760761235917, 20, 27, 0.669675
0.286012804976957, 0.558574610244989, -0.00483755717982105, 20, 26, 0.647556
0.286012804976957, 0.561692650334076, -0.00483750607749302, 20, 26, 0.641552
0.286012804976957, 0.564810690423163, -0.00483745428463457, 20, 26, 0.64134
0.286012804976957, 0.567928730512249, -0.00483740179789331, 20, 26, 0.643469
0.286012804976957, 0.571046770601336, -0.00483734861397572, 20, 26, 0.643942
0.286012804976957, 0.574164810690423, -0.0048372947296486, 20, 26, 0.643288
0.286012804976957, 0.57728285077951, -0.00483724014174023, 20, 26, 0.643228
0.286012804976957, 0.580400890868597, -0.00483718484714171, 20, 26, 0.643472
0.286012804976957, 0.583518930957684, -0.00483712882801213, 20, 25, 0.616215
0.286012804976957, 0.586636971046771, -0.00483707211244292, 20, 25, 0.615593
0.286012804976957, 0.589755011135857, -0.00483701468109783, 20, 25, 0.615728
0.286012804976957, 0.592873051224944, -0.00483695653114536, 20, 25, 0.615643
0.286012804976957, 0.595991091314031, -0.00483689765982106, 20, 25, 0.615892
0.286012804976957, 0.599109131403118, -0.00483683806442863, 20, 25, 0.617977
0.286012804976957, 0.602227171492205, -0.00483677774234117, 20, 25, 0.617651
0.286012804976957, 0.605345211581292, -0.00483671669100226, 20, 25, 0.617697
0.286012804976957, 0.608463251670379, -0.00483665489282675, 20, 24, 0.590722
0.286012804976957, 0.611581291759466, -0.00483659237705545, 20, 24, 0.590158
0.286012804976957, 0.614699331848552, -0.00483652912465786, 20, 24, 0.590454
0.286012804976957, 0.617817371937639, -0.00483646513338348, 20, 24, 0.590094
0.286012804976957, 0.620935412026726, -0.00483640040105628, 20, 24, 0.591045
0.286012804976957, 0.624053452115813, -0.00483633492557573, 20, 24, 0.590027
0.286012804976957, 0.6271714922049, -0.00483626870491788, 20, 24, 0.59
0.286012804976957, 0.630289532293987, -0.00483620173713643, 20, 24, 0.592373
0.286012804976957, 0.633407572383074, -0.00483613402036368, 20, 24, 0.592086
0.286012804976957, 0.63652561247216, -0.0048360655378226, 20, 23, 0.565033
0.286012804976957, 0.639643652561247, -0.00483599631916831, 20, 23, 0.56463
0.286012804976957, 0.642761692650334, -0.00483592634627361, 20, 23, 0.564528
0.286012804976957, 0.645879732739421, -0.00483585561760663, 20, 23, 0.564607
0.286012804976957, 0.648997772828508, -0.0048357841317178, 20, 23, 0.56474
0.286012804976957, 0.652115812917595, -0.00483571188724073, 20, 23, 0.565046
0.286012804976957, 0.655233853006682, -0.00483563888295381, 20, 23, 0.567008
0.286012804976957, 0.658351893095768, -0.00483556511753887, 20, 23, 0.567182
0.286012804976957, 0.661469933184855, -0.00483549058994549, 20, 23, 0.56721
0.286012804976957, 0.664587973273942, -0.00483541529914958, 20, 23, 0.568002
0.286012804976957, 0.667706013363029, -0.00483533922955746, 20, 22, 0.541395
0.286012804976957, 0.670824053452116, -0.00483526241093428, 20, 22, 0.541239
0.286012804976957, 0.673942093541203, -0.00483518482645168, 20, 22, 0.541454
0.286012804976957, 0.67706013363029, -0.00483510647545179, 20, 22, 0.541572
0.286012804976957, 0.680178173719376, -0.00483502735736692, 20, 22, 0.541453
0.286012804976957, 0.683296213808463, -0.00483494747172041, 20, 22, 0.541432
0.286012804976957, 0.68641425389755, -0.00483486681812748, 20, 22, 0.541403
0.286012804976957, 0.689532293986637, -0.00483478539629604, 20, 22, 0.541351
0.286012804976957, 0.692650334075724, -0.00483470320602748, 20, 22, 0.541428
0.286012804976957, 0.695768374164811, -0.00483462024721744, 20, 22, 0.541484
0.286012804976957, 0.698886414253898, -0.00483453650423082, 20, 21, 0.51588
0.286012804976957, 0.702004454342984, -0.00483445200972927, 20, 21, 0.518035
0.286012804976957, 0.705122494432071, -0.00483436674683445, 20, 21, 0.513847
0.286012804976957, 0.708240534521158, -0.0048342807158359, 20, 21, 0.519805
0.286012804976957, 0.711358574610245, -0.00483419391712024, 20, 21, 0.515838
0.286012804976957, 0.714476614699332, -0.00483410635117196, 20, 21, 0.515758
0.286012804976957, 0.717594654788419, -0.00483401801857413, 20, 21, 0.515814
0.286012804976957, 0.720712694877506, -0.00483392892000907, 20, 21, 0.515772
0.286012804976957, 0.723830734966592, -0.0048338390562591, 20, 21, 0.521813
0.286012804976957, 0.726948775055679, -0.00483374842820719, 20, 21, 0.515977
0.286012804976957, 0.730066815144766, -0.0048336570368376, 20, 21, 0.515899
0.286012804976957, 0.733184855233853, -0.00483356488323651, 20, 21, 0.515869
0.286012804976957, 0.73630289532294, -0.00483347195324639, 20, 20, 0.488349
0.286012804976957, 0.739420935412027, -0.00483337828009271, 20, 20, 0.490066
0.286012804976957, 0.742538975501114, -0.00483328384848389, 20, 20, 0.489277
0.286012804976957, 0.7456570155902, -0.00483318865992805, 20, 20, 0.488218
0.286012804976957, 0.748775055679287, -0.00483309271603753, 20, 20, 0.488343
0.286012804976957, 0.751893095768374, -0.00483299601852957, 20, 20, 0.488591
0.286012804976957, 0.755011135857461, -0.00483289856922684, 20, 20, 0.488186
0.286012804976957, 0.758129175946548, -0.00483280037005808, 20, 20, 0.490435
0.286012804976957, 0.761247216035635, -0.00483270142305856, 20, 20, 0.490172
0.286012804976957, 0.764365256124722, -0.00483260173037068, 20, 20, 0.490415
0.286012804976957, 0.767483296213809, -0.00483250129424451, 20, 20, 0.490507
0.286012804976957, 0.770601336302895, -0.0048324001170382, 20, 20, 0.490656
0.286012804976957, 0.773719376391982, -0.00483229820121858, 20, 20, 0.490489
0.286012804976957, 0.776837416481069, -0.00483219553393023, 20, 19, 0.462649
0.286012804976957, 0.779955456570156, -0.00483209214990934, 20, 19, 0.462846
0.286012804976957, 0.783073496659243, -0.00483198803524087, 20, 19, 0.462698
0.286012804976957, 0.78619153674833, -0.00483188319283779, 20, 19, 0.46387
0.286012804976957, 0.789309576837417, -0.00483177762572338, 20, 19, 0.462918
0.286012804976957, 0.792427616926503, -0.00483167133703176, 20, 19, 0.462666
0.286012804976957, 0.79554565701559, -0.00483156433000824, 20, 19, 0.462564
0.286012804976957, 0.798663697104677, -0.00483145660800981, 20, 19, 0.46265
0.286012804976957, 0.801781737193764, -0.00483134817450549, 20, 19, 0.462758
0.286012804976957, 0.804899777282851, -0.00483123903307674, 20, 19, 0.462882
0.286012804976957, 0.808017817371938, -0.00483112918741785, 20, 19, 0.4627
0.286012804976957, 0.811135857461025, -0.00483101864133625, 20, 19, 0.464667
0.286012804976957, 0.814253897550111, -0.00483090739875293, 20, 19, 0.4649
0.286012804976957, 0.817371937639198, -0.00483079546370267, 20, 19, 0.464852
0.286012804976957, 0.820489977728285, -0.00483068284033446, 20, 19, 0.48996
0.286012804976957, 0.823608017817372, -0.0048305695179944, 20, 18, 0.464513
0.286012804976957, 0.826726057906459, -0.00483045553198592, 20, 18, 0.436892
0.286012804976957, 0.829844097995546, -0.00483034087071486, 20, 18, 0.436987
0.286012804976957, 0.832962138084633, -0.00483022553879556, 20, 18, 0.437092
0.286012804976957, 0.836080178173719, -0.00483010954095746, 20, 18, 0.437452
0.286012804976957, 0.839198218262806, -0.00482999288204543, 20, 18, 0.437234
0.286012804976957, 0.842316258351893, -0.00482987556701999, 20, 18, 0.437725
0.286012804976957, 0.84543429844098, -0.00482975760095755, 20, 18, 0.437168
0.286012804976957, 0.848552338530067, -0.00482963898905069, 20, 18, 0.43715
0.286012804976957, 0.851670378619154, -0.00482951973660828, 20, 18, 0.444905
0.286012804976957, 0.854788418708241, -0.00482939984905578, 20, 18, 0.45169
0.286012804976957, 0.857906458797328, -0.00482927933193534, 20, 18, 0.436997
0.286012804976957, 0.861024498886414, -0.00482915819090604, 20, 18, 0.442588
0.286012804976957, 0.864142538975501, -0.00482903643174399, 20, 18, 0.451933
0.286012804976957, 0.867260579064588, -0.00482891406034251, 20, 18, 0.43797
0.286012804976957, 0.870378619153675, -0.00482879108271231, 20, 18, 0.438105
0.286012804976957, 0.873496659242762, -0.00482866748978213, 20, 17, 0.414031
0.286012804976957, 0.876614699331849, -0.00482854331925361, 20, 17, 0.41384
0.286012804976957, 0.879732739420936, -0.0048284185611606, 20, 17, 0.41425
0.286012804976957, 0.882850779510022, -0.00482829322198922, 20, 17, 0.421457
0.286012804976957, 0.885968819599109, -0.0048281673083431, 20, 17, 0.437307
0.286012804976957, 0.889086859688196, -0.00482804082694341, 20, 17, 0.450305
0.286012804976957, 0.892204899777283, -0.00482791378462896, 20, 17, 0.413863
0.286012804976957, 0.89532293986637, -0.00482778618835622, 20, 17, 0.413864
0.286012804976957, 0.898440979955457, -0.00482765804519944, 20, 17, 0.413825
0.286012804976957, 0.901559020044544, -0.00482752936235057, 20, 17, 0.414603
0.286012804976957, 0.90467706013363, -0.0048274001471194, 20, 17, 0.414948
0.286012804976957, 0.907795100222717, -0.00482727040693347, 20, 17, 0.413849
0.286012804976957, 0.910913140311804, -0.00482714014933807, 20, 17, 0.415025
0.286012804976957, 0.914031180400891, -0.00482700938199631, 20, 17, 0.415086
0.286012804976957, 0.917149220489978, -0.00482687811268896, 20, 17, 0.414247
0.286012804976957, 0.920267260579065, -0.00482674634931451, 20, 17, 0.414121
0.286012804976957, 0.923385300668152, -0.00482661409988904, 20, 17, 0.413789
0.286012804976957, 0.926503340757238, -0.0048264813725462, 20, 17, 0.413881
0.286012804976957, 0.929621380846325, -0.00482634817553713, 20, 17, 0.419634
0.286012804976957, 0.932739420935412, -0.00482621450254951, 20, 16, 0.386093
0.286012804976957, 0.935857461024499, -0.00482608039238909, 20, 16, 0.386378
0.286012804976957, 0.938975501113586, -0.00482594583795728, 20, 16, 0.386694
0.286012804976957, 0.942093541202673, -0.00482581084797811, 20, 16, 0.386204
0.286012804976957, 0.945211581291759, -0.00482567543129228, 20, 16, 0.388692
0.286012804976957, 0.948329621380847, -0.00482553959685695, 20, 16, 0.388841
0.286012804976957, 0.951447661469933, -0.00482540335374568, 20, 16, 0.388113
0.286012804976957, 0.95456570155902, -0.00482526671114824, 20, 16, 0.3886
0.286012804976957, 0.957683741648107, -0.00482512967837042, 20, 16, 0.388726
0.286012804976957, 0.960801781737194, -0.00482499226483391, 20, 16, 0.3887
0.286012804976957, 0.963919821826281, -0.00482485448007604, 20, 16, 0.388303
0.286012804976957, 0.967037861915368, -0.00482471633374963, 20, 16, 0.388427
0.286012804976957, 0.970155902004454, -0.00482457783562275, 20, 16, 0.389146
0.286012804976957, 0.973273942093541, -0.00482443899557853, 20, 16, 0.388359
0.286012804976957, 0.976391982182628, -0.00482429982361487, 20, 16, 0.388284
0.286012804976957, 0.979510022271715, -0.00482416032984424, 20, 16, 0.388261
0.286012804976957, 0.982628062360802, -0.0048240205244934, 20, 16, 0.38818
0.286012804976957, 0.985746102449889, -0.00482388041790316, 20, 16, 0.388945
0.286012804976957, 0.988864142538975, -0.00482374002052806, 20, 16, 0.388398
0.286012804976957, 0.991982182628063, -0.00482359934293611, 20, 16, 0.388542
0.286012804976957, 0.995100222717149, -0.0048234583958085, 20, 16, 0.388682
0.286012804976957, 0.998218262806236, -0.00482331717529315, 20, 15, 0.360938
0.286012804976957, 1.00133630289532, -0.00482317572248722, 20, 15, 0.360838
0.286012804976957, 1.00445434298441, -0.00482303403281007, 20, 15, 0.361039
0.286012804976957, 1.0075723830735, -0.00482289211739568, 20, 15, 0.360736
0.286012804976957, 1.01069042316258, -0.00482274998748939, 20, 15, 0.360663
0.286012804976957, 1.01380846325167, -0.00482260765444748, 20, 15, 0.360865
0.286012804976957, 1.01692650334076, -0.00482246512973685, 20, 15, 0.360616
0.286012804976957, 1.02004454342984, -0.00482232242493463, 20, 15, 0.360656
0.286012804976957, 1.02316258351893, -0.00482217955172785, 20, 15, 0.36094
0.286012804976957, 1.02628062360802, -0.00482203652191301, 20, 15, 0.360741
0.286012804976957, 1.0293986636971, -0.00482189334739568, 20, 15, 0.360587
0.286012804976957, 1.03251670378619, -0.00482175004019014, 20, 15, 0.36328
0.286012804976957, 1.03563474387528, -0.00482160661241889, 20, 15, 0.362652
0.286012804976957, 1.03875278396437, -0.00482146307631228, 20, 15, 0.362649
0.286012804976957, 1.04187082405345, -0.00482131944420808, 20, 15, 0.363881
0.286012804976957, 1.04498886414254, -0.004821175728551, 20, 15, 0.363612
0.286012804976957, 1.04810690423163, -0.00482103194189224, 20, 15, 0.369163
0.286012804976957, 1.05122494432071, -0.00482088809688908, 20, 15, 0.389001
0.286012804976957, 1.0543429844098, -0.00482074420630431, 20, 15, 0.393406
0.286012804976957, 1.05746102449889, -0.00482060028300584, 20, 15, 0.363546
0.286012804976957, 1.06057906458797, -0.00482045633996619, 20, 15, 0.362707
0.286012804976957, 1.06369710467706, -0.00482031239026194, 20, 15, 0.3747
0.286012804976957, 1.06681514476615, -0.0048201684470733, 20, 15, 0.362713
0.286012804976957, 1.06993318485523, -0.00482002452368353, 20, 15, 0.374718
0.286012804976957, 1.07305122494432, -0.00481988063347847, 20, 15, 0.399487
0.286012804976957, 1.07616926503341, -0.00481973677611156, 20, 14, 0.3612
0.286012804976957, 1.07928730512249, -0.00481959299363489, 20, 14, 0.352651
0.286012804976957, 1.08240534521158, -0.00481944928506496, 20, 14, 0.391649
0.286012804976957, 1.08552338530067, -0.00481930566419499, 20, 14, 0.343685
0.286012804976957, 1.08864142538976, -0.00481916214491792, 20, 14, 0.335696
0.286012804976957, 1.09175946547884, -0.00481901874122578, 20, 14, 0.335333
0.286012804976957, 1.09487750556793, -0.00481887546720913, 20, 14, 0.338946
0.286012804976957, 1.09799554565702, -0.00481873233705649, 20, 14, 0.335117
0.286012804976957, 1.1011135857461, -0.00481858936505379, 20, 14, 0.335171
0.286012804976957, 1.10423162583519, -0.00481844656558369, 20, 14, 0.335188
0.286012804976957, 1.10734966592428, -0.00481830395312506, 20, 14, 0.339478
0.286012804976957, 1.11046770601336, -0.00481816154225233, 20, 14, 0.335285
0.286012804976957, 1.11358574610245, -0.0048180193476349, 20, 14, 0.335706
0.286012804976957, 1.11670378619154, -0.00481787738403649, 20, 14, 0.338922
0.286012804976957, 1.11982182628062, -0.00481773566631451, 20, 14, 0.338971
0.286012804976957, 1.12293986636971, -0.00481759420941945, 20, 14, 0.338924
0.286012804976957, 1.1260579064588, -0.00481745302839423, 20, 14, 0.3353
0.286012804976957, 1.12917594654788, -0.0048173121383735, 20, 14, 0.33526
0.286012804976957, 1.13229398663697, -0.00481717155458306, 20, 14, 0.338856
0.286012804976957, 1.13541202672606, -0.00481703129233914, 20, 14, 0.34094
0.286012804976957, 1.13853006681514, -0.00481689136704774, 20, 14, 0.337836
0.286012804976957, 1.14164810690423, -0.00481675179420397, 20, 14, 0.337249
0.286012804976957, 1.14476614699332, -0.00481661258939137, 20, 14, 0.337298
0.286012804976957, 1.14788418708241, -0.00481647376828118, 20, 14, 0.338228
0.286012804976957, 1.15100222717149, -0.00481633534663168, 20, 14, 0.351509
0.286012804976957, 1.15412026726058, -0.00481619734028749, 20, 14, 0.347367
0.286012804976957, 1.15723830734967, -0.00481605976517886, 20, 14, 0.36089
0.286012804976957, 1.16035634743875, -0.00481592263732093, 20, 14, 0.359862
0.286012804976957, 1.16347438752784, -0.00481578597281305, 20, 14, 0.369561
0.286012804976957, 1.16659242761693, -0.00481564977481442, 20, 13, 0.309741
0.286012804976957, 1.16971046770601, -0.00481551408633359, 20, 13, 0.309664
0.286012804976957, 1.1728285077951, -0.00481537890996169, 20, 13, 0.372063
0.286012804976957, 1.17594654788419, -0.00481524426212954, 20, 13, 0.323103
0.286012804976957, 1.17906458797327, -0.00481511015934834, 20, 13, 0.329571
0.286012804976957, 1.18218262806236, -0.00481497661820901, 20, 13, 0.325308
0.286012804976957, 1.18530066815145, -0.00481484365538138, 20, 13, 0.333984
0.286012804976957, 1.18841870824053, -0.00481471128761344, 20, 13, 0.336474
0.286012804976957, 1.19153674832962, -0.00481457953173062, 20, 13, 0.354986
0.286012804976957, 1.19465478841871, -0.00481444840463498, 20, 13, 0.3261
0.286012804976957, 1.1977728285078, -0.00481431792330448, 20, 13, 0.309435
0.286012804976957, 1.20089086859688, -0.00481418810479218, 20, 13, 0.309804
0.286012804976957, 1.20400890868597, -0.00481405896622548, 20, 13, 0.310068
0.286012804976957, 1.20712694877506, -0.0048139305248053, 20, 13, 0.309499
0.286012804976957, 1.21024498886414, -0.00481380279780538, 20, 13, 0.309478
0.286012804976957, 1.21336302895323, -0.0048136758025714, 20, 13, 0.309495
0.286012804976957, 1.21648106904232, -0.00481354955652022, 20, 13, 0.329533
0.286012804976957, 1.2195991091314, -0.00481342407713908, 20, 13, 0.333561
0.286012804976957, 1.22271714922049, -0.00481329938198483, 20, 13, 0.33294
0.286012804976957, 1.22583518930958, -0.00481317548868306, 20, 13, 0.330364
0.286012804976957, 1.22895322939866, -0.00481305241492735, 20, 13, 0.309397
0.286012804976957, 1.23207126948775, -0.00481293017847842, 20, 13, 0.309421
0.286012804976957, 1.23518930957684, -0.00481280879716333, 20, 13, 0.310019
0.286012804976957, 1.23830734966592, -0.00481268828887467, 20, 13, 0.313654
0.286012804976957, 1.24142538975501, -0.00481256867156971, 20, 13, 0.309514
0.286012804976957, 1.2445434298441, -0.0048124499632696, 20, 13, 0.309518
0.286012804976957, 1.24766146993318, -0.00481233218205851, 20, 13, 0.309583
0.286012804976957, 1.25077951002227, -0.00481221534608285, 20, 13, 0.309583
0.286012804976957, 1.25389755011136, -0.00481209947355038, 20, 13, 0.30955
0.286012804976957, 1.25701559020045, -0.00481198458272941, 20, 13, 0.313614
0.286012804976957, 1.26013363028953, -0.00481187069194794, 20, 13, 0.311826
0.286012804976957, 1.26325167037862, -0.00481175781959284, 20, 13, 0.312247
0.286012804976957, 1.26636971046771, -0.00481164598410897, 20, 13, 0.311582
0.286012804976957, 1.26948775055679, -0.00481153519113356, 20, 12, 0.283979
0.286012804976957, 1.27260579064588, -0.00481142548559044, 20, 12, 0.284024
0.286012804976957, 1.27572383073497, -0.00481131687256141, 20, 12, 0.284009
0.286012804976957, 1.27884187082405, -0.00481120937071641, 20, 12, 0.284032
0.286012804976957, 1.28195991091314, -0.00481110299877907, 20, 12, 0.284061
0.286012804976957, 1.28507795100223, -0.00481099777552587, 20, 12, 0.284027
0.286012804976957, 1.28819599109131, -0.00481089371978522, 20, 12, 0.284606
0.286012804976957, 1.2913140311804, -0.00481079085043667, 20, 12, 0.28515
0.286012804976957, 1.29443207126949, -0.00481068918641, 20, 12, 0.28405
0.286012804976957, 1.29755011135857, -0.0048105887466844, 20, 12, 0.291793
0.286012804976957, 1.30066815144766, -0.00481048955028757, 20, 12, 0.284092
0.286012804976957, 1.30378619153675, -0.0048103916162949, 20, 12, 0.284616
0.286012804976957, 1.30690423162584, -0.00481029496382855, 20, 12, 0.287739
0.286012804976957, 1.31002227171492, -0.00481019961217767, 20, 12, 0.286407
0.286012804976957, 1.31314031180401, -0.00481010558031325, 20, 12, 0.286446
0.286012804976957, 1.3162583518931, -0.0048100128876138, 20, 12, 0.28632
0.286012804976957, 1.31937639198218, -0.00480992155337999, 20, 12, 0.286333
0.286012804976957, 1.32249443207127, -0.00480983159695497, 20, 12, 0.286343
0.286012804976957, 1.32561247216036, -0.00480974303772346, 20, 12, 0.286314
0.286012804976957, 1.32873051224944, -0.0048096558951109, 20, 12, 0.286329
0.286012804976957, 1.33184855233853, -0.00480957018858256, 20, 12, 0.286333
0.286012804976957, 1.33496659242762, -0.00480948593764268, 20, 12, 0.2864
0.286012804976957, 1.3380846325167, -0.00480940316183358, 20, 12, 0.286322
0.286012804976957, 1.34120267260579, -0.00480932188073478, 20, 12, 0.286296
0.286012804976957, 1.34432071269488, -0.00480924211396219, 20, 12, 0.287125
0.286012804976957, 1.34743875278396, -0.00480916388116713, 20, 12, 0.286375
0.286012804976957, 1.35055679287305, -0.00480908720203553, 20, 12, 0.286216
0.286012804976957, 1.35367483296214, -0.00480901209628705, 20, 12, 0.295847
0.286012804976957, 1.35679287305122, -0.00480893858367415, 20, 12, 0.28618
0.286012804976957, 1.35991091314031, -0.00480886668398129, 20, 12, 0.294059
0.286012804976957, 1.3630289532294, -0.004808796417024, 20, 12, 0.290082
0.286012804976957, 1.36614699331849, -0.00480872780264803, 20, 12, 0.297483
0.286012804976957, 1.36926503340757, -0.00480866086072844, 20, 12, 0.293803
0.286012804976957, 1.37238307349666, -0.00480859561116881, 20, 12, 0.290849
0.286012804976957, 1.37550111358575, -0.00480853207390025, 20, 12, 0.286455
0.286012804976957, 1.37861915367483, -0.00480847026888064, 20, 12, 0.294297
0.286012804976957, 1.38173719376392, -0.00480841021609367, 20, 12, 0.286403
0.286012804976957, 1.38485523385301, -0.00480835193554801, 20, 12, 0.324061
0.286012804976957, 1.38797327394209, -0.00480829544727644, 20, 12, 0.303663
0.286012804976957, 1.39109131403118, -0.00480824077133496, 20, 12, 0.309828
0.286012804976957, 1.39420935412027, -0.00480818792780196, 20, 12, 0.286599
0.286012804976957, 1.39732739420935, -0.00480813692511682, 20, 11, 0.258822
0.286012804976957, 1.40044543429844, -0.00480808780725068, 20, 11, 0.259255
0.286012804976957, 1.40356347438753, -0.00480804058212964, 20, 11, 0.259763
0.286012804976957, 1.40668151447661, -0.00480799526991391, 20, 11, 0.25878
0.286012804976957, 1.4097995545657, -0.00480795189078172, 20, 11, 0.258757
0.286012804976957, 1.41291759465479, -0.00480791046492842, 20, 11, 0.25883
0.286012804976957, 1.41603563474388, -0.00480787101256562, 20, 11, 0.261239
0.286012804976957, 1.41915367483296, -0.00480783355392033, 20, 11, 0.260945
0.286012804976957, 1.42227171492205, -0.00480779810923413, 20, 11, 0.282031
0.286012804976957, 1.42538975501114, -0.00480776469876229, 20, 11, 0.27214
0.286012804976957, 1.42850779510022, -0.00480773334277292, 20, 11, 0.279532
0.286012804976957, 1.43162583518931, -0.00480770406154614, 20, 11, 0.284897
0.286012804976957, 1.4347438752784, -0.0048076768753732, 20, 11, 0.281644
0.286012804976957, 1.43786191536748, -0.00480765180455564, 20, 11, 0.297444
0.286012804976957, 1.44097995545657, -0.00480762886940448, 20, 11, 0.286314
0.286012804976957, 1.44409799554566, -0.00480760809023933, 20, 11, 0.333099
0.286012804976957, 1.44721603563474, -0.00480758948738756, 20, 11, 0.283593
0.286012804976957, 1.45033407572383, -0.00480757308118348, 20, 11, 0.260776
0.286012804976957, 1.45345211581292, -0.00480755889196748, 20, 11, 0.279041
0.286012804976957, 1.456570155902, -0.00480754694008521, 20, 11, 0.265651
0.286012804976957, 1.45968819599109, -0.00480753724588674, 20, 11, 0.266466
0.286012804976957, 1.46280623608018, -0.00480752982972571, 20, 11, 0.262163
0.286012804976957, 1.46592427616927, -0.00480752471195855, 20, 11, 0.315862
0.286012804976957, 1.46904231625835, -0.00480752191294359, 20, 11, 0.286189
0.286012804976957, 1.47216035634744, -0.00480752145304029, 20, 11, 0.260869
0.286012804976957, 1.47527839643653, -0.00480752335260841, 20, 11, 0.260854
0.286012804976957, 1.47839643652561, -0.00480752763200715, 20, 11, 0.272033
0.286012804976957, 1.4815144766147, -0.00480753431159438, 20, 11, 0.289539
0.286012804976957, 1.48463251670379, -0.00480754341172581, 20, 11, 0.276941
0.286012804976957, 1.48775055679287, -0.00480755495275416, 20, 11, 0.261124
0.286012804976957, 1.49086859688196, -0.00480756895502841, 20, 11, 0.260795
0.286012804976957, 1.49398663697105, -0.00480758543889291, 20, 11, 0.278331
0.286012804976957, 1.49710467706013, -0.00480760442468666, 20, 11, 0.282433
0.286012804976957, 1.50022271714922, -0.00480762593274245, 20, 11, 0.268671
0.286012804976957, 1.50334075723831, -0.00480764998338609, 20, 11, 0.269285
0.286012804976957, 1.50645879732739, -0.00480767659693562, 20, 11, 0.261594
0.286012804976957, 1.50957683741648, -0.00480770579370053, 20, 11, 0.284949
0.286012804976957, 1.51269487750557, -0.0048077375939809, 20, 11, 0.260866
0.286012804976957, 1.51581291759465, -0.00480777201806673, 20, 11, 0.261975
0.286012804976957, 1.51893095768374, -0.00480780908623708, 20, 11, 0.261877
0.286012804976957, 1.52204899777283, -0.0048078488187593, 20, 11, 0.261605
0.286012804976957, 1.52516703786192, -0.00480789123588829, 20, 11, 0.260866
0.286012804976957, 1.528285077951, -0.00480793635786569, 20, 11, 0.261035
0.286012804976957, 1.53140311804009, -0.00480798420491914, 20, 11, 0.260799
0.286012804976957, 1.53452115812918, -0.00480803479726149, 20, 11, 0.264495
0.286012804976957, 1.53763919821826, -0.00480808815509008, 20, 11, 0.260913
0.286012804976957, 1.54075723830735, -0.00480814429858593, 20, 11, 0.260853
0.286012804976957, 1.54387527839644, -0.00480820324791302, 20, 11, 0.261277
0.286012804976957, 1.54699331848552, -0.00480826502321756, 20, 11, 0.264988
0.286012804976957, 1.55011135857461, -0.00480832964462716, 20, 11, 0.264573
0.286012804976957, 1.5532293986637, -0.00480839712194874, 20, 10, 0.236968
0.286012804976957, 1.55634743875278, -0.00480846749630011, 20, 10, 0.236948
0.286012804976957, 1.55946547884187, -0.00480854077700319, 20, 10, 0.233397
0.286012804976957, 1.56258351893096, -0.00480861698410478, 20, 10, 0.247312
0.286012804976957, 1.56570155902004, -0.00480869613762941, 20, 10, 0.245534
0.286012804976957, 1.56881959910913, -0.00480877825757866, 20, 10, 0.233236
0.286012804976957, 1.57193763919822, -0.0048088633639304, 20, 10, 0.245265
0.286012804976957, 1.57505567928731, -0.0048089514766381, 20, 10, 0.233244
0.286012804976957, 1.57817371937639, -0.0048090426156301, 20, 10, 0.237708
0.286012804976957, 1.58129175946548, -0.00480913680080892, 20, 10, 0.23337
0.286012804976957, 1.58440979955457, -0.00480923405205052, 20, 10, 0.233469
0.286012804976957, 1.58752783964365, -0.00480933438920366, 20, 10, 0.233627
0.286012804976957, 1.59064587973274, -0.00480943783208916, 20, 10, 0.233203
0.286012804976957, 1.59376391982183, -0.0048095444004992, 20, 10, 0.233176
0.286012804976957, 1.59688195991091, -0.00480965411419669, 20, 10, 0.233205
0.286012804976957, 1.6, -0.00480976699291452, 20, 10, 0.233118
# finished at Wed Apr 30 01:20:48 CEST 2014
