# starting on alcc60 at Wed Apr 30 00:44:37 CEST 2014
# casimir, -T, 0.200000,1.600000,450, -Q, 0.257060590403214, -p, 1e-08, -L, 20
# Compiler icc, using long double and plain matrix elements and plain integration
# precision=1e-08
# lfac=5
# cores=1
# L=0.257061
# T=0.2...1.6 (450)
#
# R/(L+R), T, F, lmax, nmax, time
0.257060590403214, 0.2, -0.003409201647087, 20, 69, 1.70742
0.257060590403214, 0.203118040089087, -0.00340919943563867, 20, 68, 1.66783
0.257060590403214, 0.206236080178174, -0.00340919712228933, 20, 67, 1.64123
0.257060590403214, 0.209354120267261, -0.00340919470409467, 20, 66, 1.64065
0.257060590403214, 0.212472160356347, -0.00340919217806796, 20, 65, 1.61437
0.257060590403214, 0.215590200445434, -0.00340918954118744, 20, 64, 1.61176
0.257060590403214, 0.218708240534521, -0.003409186790393, 20, 63, 1.59178
0.257060590403214, 0.221826280623608, -0.00340918392963471, 20, 63, 1.56803
0.257060590403214, 0.224944320712695, -0.00340918094211103, 20, 62, 1.54581
0.257060590403214, 0.228062360801782, -0.00340917783135451, 20, 61, 1.49337
0.257060590403214, 0.231180400890869, -0.00340917459416391, 20, 60, 1.46914
0.257060590403214, 0.234298440979955, -0.00340917122729552, 20, 59, 1.44369
0.257060590403214, 0.237416481069042, -0.00340916773483119, 20, 59, 1.48796
0.257060590403214, 0.240534521158129, -0.00340916409950666, 20, 58, 1.44337
0.257060590403214, 0.243652561247216, -0.00340916032469739, 20, 57, 1.4312
0.257060590403214, 0.246770601336303, -0.00340915640701846, 20, 56, 1.40484
0.257060590403214, 0.24988864142539, -0.00340915235109827, 20, 56, 1.38766
0.257060590403214, 0.253006681514477, -0.00340914813849103, 20, 55, 1.36983
0.257060590403214, 0.256124721603563, -0.00340914377283178, 20, 54, 1.3208
0.257060590403214, 0.25924276169265, -0.00340913925898713, 20, 54, 1.32023
0.257060590403214, 0.262360801781737, -0.00340913457796192, 20, 53, 1.30899
0.257060590403214, 0.265478841870824, -0.00340912973342552, 20, 52, 1.2687
0.257060590403214, 0.268596881959911, -0.00340912473098012, 20, 52, 1.2678
0.257060590403214, 0.271714922048998, -0.00340911955017979, 20, 51, 1.24231
0.257060590403214, 0.274832962138085, -0.00340911420401825, 20, 51, 1.24482
0.257060590403214, 0.277951002227172, -0.00340910867279278, 20, 50, 1.22035
0.257060590403214, 0.281069042316258, -0.00340910296882025, 20, 50, 1.23967
0.257060590403214, 0.284187082405345, -0.00340909707283485, 20, 49, 1.2039
0.257060590403214, 0.287305122494432, -0.00340909099677895, 20, 49, 1.24305
0.257060590403214, 0.290423162583519, -0.00340908472153545, 20, 48, 1.17142
0.257060590403214, 0.293541202672606, -0.00340907825895639, 20, 48, 1.20758
0.257060590403214, 0.296659242761693, -0.00340907158979473, 20, 47, 1.19235
0.257060590403214, 0.29977728285078, -0.00340906472610221, 20, 47, 1.17174
0.257060590403214, 0.302895322939866, -0.00340905764821753, 20, 46, 1.12439
0.257060590403214, 0.306013363028953, -0.00340905036868518, 20, 46, 1.12301
0.257060590403214, 0.30913140311804, -0.00340904286712735, 20, 45, 1.09354
0.257060590403214, 0.312249443207127, -0.0034090351569088, 20, 45, 1.10091
0.257060590403214, 0.315367483296214, -0.00340902721658873, 20, 44, 1.11191
0.257060590403214, 0.318485523385301, -0.00340901906072497, 20, 44, 1.12482
0.257060590403214, 0.321603563474388, -0.00340901067556105, 20, 44, 1.16477
0.257060590403214, 0.324721603563474, -0.00340900204986211, 20, 43, 1.08826
0.257060590403214, 0.327839643652561, -0.00340899319638394, 20, 43, 1.04468
0.257060590403214, 0.330957683741648, -0.00340898409383321, 20, 42, 1.0234
0.257060590403214, 0.334075723830735, -0.00340897475686065, 20, 42, 1.01946
0.257060590403214, 0.337193763919822, -0.0034089651715954, 20, 42, 1.02139
0.257060590403214, 0.340311804008909, -0.00340895532624787, 20, 41, 0.995818
0.257060590403214, 0.343429844097996, -0.00340894523451075, 20, 41, 1.00018
0.257060590403214, 0.346547884187082, -0.0034089348830059, 20, 41, 1.00034
0.257060590403214, 0.349665924276169, -0.00340892426009453, 20, 40, 0.970679
0.257060590403214, 0.352783964365256, -0.00340891337901498, 20, 40, 0.976861
0.257060590403214, 0.355902004454343, -0.00340890222661852, 20, 40, 0.970484
0.257060590403214, 0.35902004454343, -0.00340889079120999, 20, 39, 0.944925
0.257060590403214, 0.362138084632517, -0.0034088790860476, 20, 39, 0.944927
0.257060590403214, 0.365256124721604, -0.00340886709796869, 20, 39, 0.951484
0.257060590403214, 0.36837416481069, -0.00340885481501031, 20, 38, 0.922434
0.257060590403214, 0.371492204899777, -0.00340884225092822, 20, 38, 0.923025
0.257060590403214, 0.374610244988864, -0.00340882939229549, 20, 38, 0.925297
0.257060590403214, 0.377728285077951, -0.00340881622666075, 20, 37, 0.896142
0.257060590403214, 0.380846325167038, -0.00340880276879087, 20, 37, 0.896812
0.257060590403214, 0.383964365256125, -0.00340878900472868, 20, 37, 0.89722
0.257060590403214, 0.387082405345212, -0.00340877492125929, 20, 36, 0.870508
0.257060590403214, 0.390200445434298, -0.00340876053476731, 20, 36, 0.8705
0.257060590403214, 0.393318485523385, -0.00340874583045174, 20, 36, 0.870402
0.257060590403214, 0.396436525612472, -0.00340873080452303, 20, 36, 0.872817
0.257060590403214, 0.399554565701559, -0.00340871544414776, 20, 35, 0.847296
0.257060590403214, 0.402672605790646, -0.00340869976487379, 20, 35, 0.847435
0.257060590403214, 0.405790645879733, -0.00340868375240249, 20, 35, 0.847373
0.257060590403214, 0.40890868596882, -0.00340866740295852, 20, 35, 0.84733
0.257060590403214, 0.412026726057906, -0.00340865070378281, 20, 34, 0.821769
0.257060590403214, 0.415144766146993, -0.00340863367030828, 20, 34, 0.821732
0.257060590403214, 0.41826280623608, -0.00340861628836576, 20, 34, 0.821749
0.257060590403214, 0.421380846325167, -0.00340859855421133, 20, 34, 0.821715
0.257060590403214, 0.424498886414254, -0.00340858045484357, 20, 33, 0.796243
0.257060590403214, 0.427616926503341, -0.00340856200629438, 20, 33, 0.796171
0.257060590403214, 0.430734966592428, -0.00340854319416071, 20, 33, 0.796064
0.257060590403214, 0.433853006681514, -0.00340852401474443, 20, 33, 0.796072
0.257060590403214, 0.436971046770601, -0.00340850445446004, 20, 32, 0.772924
0.257060590403214, 0.440089086859688, -0.00340848453070758, 20, 32, 0.772894
0.257060590403214, 0.443207126948775, -0.00340846422845777, 20, 32, 0.772968
0.257060590403214, 0.446325167037862, -0.00340844354407211, 20, 32, 0.772869
0.257060590403214, 0.449443207126949, -0.00340842247392247, 20, 32, 0.776894
0.257060590403214, 0.452561247216036, -0.00340840100482023, 20, 31, 0.747361
0.257060590403214, 0.455679287305123, -0.00340837915352336, 20, 31, 0.747415
0.257060590403214, 0.458797327394209, -0.00340835690550261, 20, 31, 0.747402
0.257060590403214, 0.461915367483296, -0.00340833425720632, 20, 31, 0.747584
0.257060590403214, 0.465033407572383, -0.00340831120509804, 20, 31, 0.747849
0.257060590403214, 0.46815144766147, -0.00340828773597458, 20, 30, 0.721738
0.257060590403214, 0.471269487750557, -0.00340826386689361, 20, 30, 0.721708
0.257060590403214, 0.474387527839644, -0.00340823958335059, 20, 30, 0.721655
0.257060590403214, 0.477505567928731, -0.00340821488190184, 20, 30, 0.721627
0.257060590403214, 0.480623608017817, -0.00340818975912332, 20, 30, 0.721712
0.257060590403214, 0.483741648106904, -0.00340816420136921, 20, 29, 0.698576
0.257060590403214, 0.486859688195991, -0.00340813822696643, 20, 29, 0.698574
0.257060590403214, 0.489977728285078, -0.00340811182094755, 20, 29, 0.698645
0.257060590403214, 0.493095768374165, -0.00340808497999727, 20, 29, 0.698525
0.257060590403214, 0.496213808463252, -0.00340805770082408, 20, 29, 0.69858
0.257060590403214, 0.499331848552339, -0.00340802998016149, 20, 29, 0.698545
0.257060590403214, 0.502449888641425, -0.00340800180473884, 20, 28, 0.67298
0.257060590403214, 0.505567928730512, -0.00340797319256213, 20, 28, 0.673023
0.257060590403214, 0.508685968819599, -0.00340794412912552, 20, 28, 0.673817
0.257060590403214, 0.511804008908686, -0.00340791461128968, 20, 28, 0.673137
0.257060590403214, 0.514922048997773, -0.00340788463594414, 20, 28, 0.672914
0.257060590403214, 0.51804008908686, -0.00340785420000847, 20, 28, 0.67292
0.257060590403214, 0.521158129175947, -0.00340782329007046, 20, 27, 0.647335
0.257060590403214, 0.524276169265034, -0.00340779192499501, 20, 27, 0.64741
0.257060590403214, 0.52739420935412, -0.0034077600901508, 20, 27, 0.647379
0.257060590403214, 0.530512249443207, -0.00340772778260256, 20, 27, 0.647393
0.257060590403214, 0.533630289532294, -0.00340769499944865, 20, 27, 0.647363
0.257060590403214, 0.536748329621381, -0.00340766173782217, 20, 27, 0.648426
0.257060590403214, 0.539866369710468, -0.00340762799489196, 20, 27, 0.647415
0.257060590403214, 0.542984409799555, -0.00340759375778018, 20, 26, 0.62192
0.257060590403214, 0.546102449888642, -0.00340755904498588, 20, 26, 0.624218
0.257060590403214, 0.549220489977728, -0.00340752384249922, 20, 26, 0.624089
0.257060590403214, 0.552338530066815, -0.00340748814765736, 20, 26, 0.62424
0.257060590403214, 0.555456570155902, -0.0034074519578335, 20, 26, 0.624272
0.257060590403214, 0.558574610244989, -0.00340741527044099, 20, 26, 0.624258
0.257060590403214, 0.561692650334076, -0.00340737808293422, 20, 26, 0.624196
0.257060590403214, 0.564810690423163, -0.00340734038236209, 20, 25, 0.598676
0.257060590403214, 0.567928730512249, -0.00340730218824291, 20, 25, 0.598621
0.257060590403214, 0.571046770601336, -0.00340726348651607, 20, 25, 0.598655
0.257060590403214, 0.574164810690423, -0.00340722427482082, 20, 25, 0.598611
0.257060590403214, 0.57728285077951, -0.00340718455084061, 20, 25, 0.598652
0.257060590403214, 0.580400890868597, -0.00340714431230406, 20, 25, 0.598594
0.257060590403214, 0.583518930957684, -0.00340710355698583, 20, 25, 0.598624
0.257060590403214, 0.586636971046771, -0.0034070622827075, 20, 25, 0.598617
0.257060590403214, 0.589755011135857, -0.00340702047696112, 20, 24, 0.573144
0.257060590403214, 0.592873051224944, -0.00340697815945511, 20, 24, 0.573067
0.257060590403214, 0.595991091314031, -0.00340693531664029, 20, 24, 0.573087
0.257060590403214, 0.599109131403118, -0.00340689194654425, 20, 24, 0.572977
0.257060590403214, 0.602227171492205, -0.00340684804724445, 20, 24, 0.572966
0.257060590403214, 0.605345211581292, -0.00340680361686906, 20, 24, 0.572985
0.257060590403214, 0.608463251670379, -0.00340675865359777, 20, 24, 0.572997
0.257060590403214, 0.611581291759466, -0.00340671315566255, 20, 24, 0.57299
0.257060590403214, 0.614699331848552, -0.00340666712134848, 20, 24, 0.572949
0.257060590403214, 0.617817371937639, -0.00340662053898107, 20, 23, 0.547417
0.257060590403214, 0.620935412026726, -0.00340657342794087, 20, 23, 0.548463
0.257060590403214, 0.624053452115813, -0.00340652577561455, 20, 23, 0.549859
0.257060590403214, 0.6271714922049, -0.00340647758050856, 20, 23, 0.549834
0.257060590403214, 0.630289532293987, -0.0034064288411957, 20, 23, 0.549754
0.257060590403214, 0.633407572383074, -0.00340637955630184, 20, 23, 0.549832
0.257060590403214, 0.63652561247216, -0.00340632972451012, 20, 23, 0.54987
0.257060590403214, 0.639643652561247, -0.00340627934456172, 20, 23, 0.549854
0.257060590403214, 0.642761692650334, -0.00340622841525652, 20, 23, 0.549809
0.257060590403214, 0.645879732739421, -0.0034061769249787, 20, 22, 0.524244
0.257060590403214, 0.648997772828508, -0.00340612489456074, 20, 22, 0.524252
0.257060590403214, 0.652115812917595, -0.00340607231145632, 20, 22, 0.525194
0.257060590403214, 0.655233853006682, -0.00340601917471483, 20, 22, 0.524314
0.257060590403214, 0.658351893095768, -0.00340596548344689, 20, 22, 0.52424
0.257060590403214, 0.661469933184855, -0.00340591123682501, 20, 22, 0.524226
0.257060590403214, 0.664587973273942, -0.00340585643408427, 20, 22, 0.524229
0.257060590403214, 0.667706013363029, -0.00340580107452293, 20, 22, 0.524176
0.257060590403214, 0.670824053452116, -0.00340574515750306, 20, 22, 0.524245
0.257060590403214, 0.673942093541203, -0.00340568868245116, 20, 22, 0.52427
0.257060590403214, 0.67706013363029, -0.00340563163802143, 20, 21, 0.498638
0.257060590403214, 0.680178173719376, -0.00340557404639882, 20, 21, 0.498692
0.257060590403214, 0.683296213808463, -0.00340551589533265, 20, 21, 0.498691
0.257060590403214, 0.68641425389755, -0.00340545718452031, 20, 21, 0.499658
0.257060590403214, 0.689532293986637, -0.00340539791372587, 20, 21, 0.498699
0.257060590403214, 0.692650334075724, -0.00340533808278063, 20, 21, 0.49868
0.257060590403214, 0.695768374164811, -0.00340527769158375, 20, 21, 0.498645
0.257060590403214, 0.698886414253898, -0.00340521674010277, 20, 21, 0.4987
0.257060590403214, 0.702004454342984, -0.00340515522837418, 20, 21, 0.498647
0.257060590403214, 0.705122494432071, -0.00340509315650395, 20, 21, 0.498842
0.257060590403214, 0.708240534521158, -0.00340503052466809, 20, 21, 0.49912
0.257060590403214, 0.711358574610245, -0.00340496733311308, 20, 21, 0.502725
0.257060590403214, 0.714476614699332, -0.00340490357186214, 20, 20, 0.473177
0.257060590403214, 0.717594654788419, -0.00340483926275729, 20, 20, 0.473199
0.257060590403214, 0.720712694877506, -0.00340477439502855, 20, 20, 0.476682
0.257060590403214, 0.723830734966592, -0.00340470896921542, 20, 20, 0.491162
0.257060590403214, 0.726948775055679, -0.00340464298593395, 20, 20, 0.475553
0.257060590403214, 0.730066815144766, -0.00340457644586078, 20, 20, 0.479182
0.257060590403214, 0.733184855233853, -0.00340450934975825, 20, 20, 0.475473
0.257060590403214, 0.73630289532294, -0.00340444169845845, 20, 20, 0.475479
0.257060590403214, 0.739420935412027, -0.00340437349286772, 20, 20, 0.476328
0.257060590403214, 0.742538975501114, -0.00340430473396719, 20, 20, 0.475458
0.257060590403214, 0.7456570155902, -0.00340423542281312, 20, 20, 0.482783
0.257060590403214, 0.748775055679287, -0.00340416556053737, 20, 20, 0.475452
0.257060590403214, 0.751893095768374, -0.00340409514834779, 20, 20, 0.475421
0.257060590403214, 0.755011135857461, -0.00340402417750858, 20, 19, 0.449928
0.257060590403214, 0.758129175946548, -0.00340395267022198, 20, 19, 0.449946
0.257060590403214, 0.761247216035635, -0.00340388061704108, 20, 19, 0.449851
0.257060590403214, 0.764365256124722, -0.00340380801948666, 20, 19, 0.449942
0.257060590403214, 0.767483296213809, -0.00340373487915694, 20, 19, 0.44994
0.257060590403214, 0.770601336302895, -0.00340366119772804, 20, 19, 0.449887
0.257060590403214, 0.773719376391982, -0.00340358697695425, 20, 19, 0.44987
0.257060590403214, 0.776837416481069, -0.0034035122186685, 20, 19, 0.449887
0.257060590403214, 0.779955456570156, -0.00340343692478261, 20, 19, 0.449882
0.257060590403214, 0.783073496659243, -0.00340336109728768, 20, 19, 0.449854
0.257060590403214, 0.78619153674833, -0.0034032847382544, 20, 19, 0.449846
0.257060590403214, 0.789309576837417, -0.00340320784983335, 20, 19, 0.450267
0.257060590403214, 0.792427616926503, -0.00340313043425534, 20, 19, 0.449825
0.257060590403214, 0.79554565701559, -0.00340305249383168, 20, 19, 0.454554
0.257060590403214, 0.798663697104677, -0.00340297402082526, 20, 18, 0.424309
0.257060590403214, 0.801781737193764, -0.00340289503873666, 20, 18, 0.424303
0.257060590403214, 0.804899777282851, -0.00340281553916395, 20, 18, 0.424318
0.257060590403214, 0.808017817371938, -0.00340273552474759, 20, 18, 0.424384
0.257060590403214, 0.811135857461025, -0.00340265499820958, 20, 18, 0.424358
0.257060590403214, 0.814253897550111, -0.00340257396235368, 20, 18, 0.448602
0.257060590403214, 0.817371937639198, -0.00340249242006566, 20, 18, 0.424464
0.257060590403214, 0.820489977728285, -0.00340241037431359, 20, 18, 0.424362
0.257060590403214, 0.823608017817372, -0.003402327828148, 20, 18, 0.434879
0.257060590403214, 0.826726057906459, -0.00340224478470218, 20, 18, 0.474196
0.257060590403214, 0.829844097995546, -0.00340216124719233, 20, 18, 0.491823
0.257060590403214, 0.832962138084633, -0.0034020772189178, 20, 18, 0.435039
0.257060590403214, 0.836080178173719, -0.00340199270326126, 20, 18, 0.428829
0.257060590403214, 0.839198218262806, -0.00340190770368893, 20, 18, 0.424589
0.257060590403214, 0.842316258351893, -0.00340182222375066, 20, 18, 0.424707
0.257060590403214, 0.84543429844098, -0.0034017362670802, 20, 18, 0.436296
0.257060590403214, 0.848552338530067, -0.00340164982739092, 20, 17, 0.418858
0.257060590403214, 0.851670378619154, -0.00340156292921252, 20, 17, 0.399187
0.257060590403214, 0.854788418708241, -0.00340147556565627, 20, 17, 0.39952
0.257060590403214, 0.857906458797328, -0.00340138774069645, 20, 17, 0.441427
0.257060590403214, 0.861024498886414, -0.00340129945839166, 20, 17, 0.398828
0.257060590403214, 0.864142538975501, -0.00340121072288493, 20, 17, 0.399339
0.257060590403214, 0.867260579064588, -0.00340112153840377, 20, 17, 0.398652
0.257060590403214, 0.870378619153675, -0.00340103190926039, 20, 17, 0.398694
0.257060590403214, 0.873496659242762, -0.0034009418398566, 20, 17, 0.40105
0.257060590403214, 0.876614699331849, -0.00340085133466439, 20, 17, 0.401037
0.257060590403214, 0.879732739420936, -0.00340076039825538, 20, 17, 0.401048
0.257060590403214, 0.882850779510022, -0.00340066903528128, 20, 17, 0.401123
0.257060590403214, 0.885968819599109, -0.00340057725047884, 20, 17, 0.401118
0.257060590403214, 0.889086859688196, -0.00340048504866995, 20, 17, 0.40107
0.257060590403214, 0.892204899777283, -0.00340039243476166, 20, 17, 0.401095
0.257060590403214, 0.89532293986637, -0.00340029941374621, 20, 17, 0.401105
0.257060590403214, 0.898440979955457, -0.00340020599070109, 20, 17, 0.401095
0.257060590403214, 0.901559020044544, -0.00340011217078904, 20, 17, 0.401066
0.257060590403214, 0.90467706013363, -0.00340001794934278, 20, 16, 0.376518
0.257060590403214, 0.907795100222717, -0.00339992335219844, 20, 16, 0.375537
0.257060590403214, 0.910913140311804, -0.00339982837414153, 20, 16, 0.37552
0.257060590403214, 0.914031180400891, -0.00339973302067889, 20, 16, 0.38135
0.257060590403214, 0.917149220489978, -0.00339963729740241, 20, 16, 0.391344
0.257060590403214, 0.920267260579065, -0.00339954120998899, 20, 16, 0.436664
0.257060590403214, 0.923385300668152, -0.00339944476420049, 20, 16, 0.387128
0.257060590403214, 0.926503340757238, -0.00339934796588377, 20, 16, 0.379228
0.257060590403214, 0.929621380846325, -0.00339925082097055, 20, 16, 0.420687
0.257060590403214, 0.932739420935412, -0.00339915333547746, 20, 16, 0.386643
0.257060590403214, 0.935857461024499, -0.00339905551550591, 20, 16, 0.380183
0.257060590403214, 0.938975501113586, -0.00339895736724203, 20, 16, 0.376056
0.257060590403214, 0.942093541202673, -0.00339885889695665, 20, 16, 0.395917
0.257060590403214, 0.945211581291759, -0.00339876011100515, 20, 16, 0.396132
0.257060590403214, 0.948329621380847, -0.00339866101582739, 20, 16, 0.38397
0.257060590403214, 0.951447661469933, -0.00339856161794762, 20, 16, 0.379286
0.257060590403214, 0.95456570155902, -0.00339846192397436, 20, 16, 0.375559
0.257060590403214, 0.957683741648107, -0.00339836194060031, 20, 16, 0.386709
0.257060590403214, 0.960801781737194, -0.00339826167460217, 20, 16, 0.383936
0.257060590403214, 0.963919821826281, -0.00339816113284057, 20, 16, 0.37609
0.257060590403214, 0.967037861915368, -0.0033980603121313, 20, 15, 0.362082
0.257060590403214, 0.970155902004454, -0.00339795924040486, 20, 15, 0.361993
0.257060590403214, 0.973273942093541, -0.00339785791395779, 20, 15, 0.362773
0.257060590403214, 0.976391982182628, -0.00339775633998744, 20, 15, 0.371662
0.257060590403214, 0.979510022271715, -0.00339765452577413, 20, 15, 0.392297
0.257060590403214, 0.982628062360802, -0.00339755247868098, 20, 15, 0.368162
0.257060590403214, 0.985746102449889, -0.00339745020615371, 20, 15, 0.349964
0.257060590403214, 0.988864142538975, -0.0033973477157205, 20, 15, 0.353784
0.257060590403214, 0.991982182628063, -0.00339724501499176, 20, 15, 0.354078
0.257060590403214, 0.995100222717149, -0.00339714211165998, 20, 15, 0.354074
0.257060590403214, 0.998218262806236, -0.00339703901349945, 20, 15, 0.350083
0.257060590403214, 1.00133630289532, -0.00339693572836613, 20, 15, 0.369692
0.257060590403214, 1.00445434298441, -0.00339683226419737, 20, 15, 0.365662
0.257060590403214, 1.0075723830735, -0.00339672862901171, 20, 15, 0.410923
0.257060590403214, 1.01069042316258, -0.00339662483090861, 20, 15, 0.384756
0.257060590403214, 1.01380846325167, -0.00339652087806827, 20, 15, 0.407908
0.257060590403214, 1.01692650334076, -0.00339641677875131, 20, 15, 0.378242
0.257060590403214, 1.02004454342984, -0.00339631254129858, 20, 15, 0.351039
0.257060590403214, 1.02316258351893, -0.00339620817413082, 20, 15, 0.350268
0.257060590403214, 1.02628062360802, -0.00339610368574847, 20, 15, 0.354062
0.257060590403214, 1.0293986636971, -0.00339599908473134, 20, 15, 0.353675
0.257060590403214, 1.03251670378619, -0.00339589437973833, 20, 15, 0.351375
0.257060590403214, 1.03563474387528, -0.00339578957950716, 20, 15, 0.35066
0.257060590403214, 1.03875278396437, -0.00339568469285405, 20, 15, 0.350027
0.257060590403214, 1.04187082405345, -0.0033955797189857, 20, 14, 0.324862
0.257060590403214, 1.04498886414254, -0.00339547468682745, 20, 14, 0.324441
0.257060590403214, 1.04810690423163, -0.00339536959512962, 20, 14, 0.329527
0.257060590403214, 1.05122494432071, -0.00339526445302139, 20, 14, 0.356609
0.257060590403214, 1.0543429844098, -0.0033951592697088, 20, 14, 0.324808
0.257060590403214, 1.05746102449889, -0.00339505405447431, 20, 14, 0.328768
0.257060590403214, 1.06057906458797, -0.00339494881667656, 20, 14, 0.351743
0.257060590403214, 1.06369710467706, -0.00339484356575, 20, 14, 0.324344
0.257060590403214, 1.06681514476615, -0.00339473831120449, 20, 14, 0.327987
0.257060590403214, 1.06993318485523, -0.00339463306262503, 20, 14, 0.324744
0.257060590403214, 1.07305122494432, -0.00339452782967135, 20, 14, 0.324868
0.257060590403214, 1.07616926503341, -0.00339442262207754, 20, 14, 0.324336
0.257060590403214, 1.07928730512249, -0.0033943174496517, 20, 14, 0.324844
0.257060590403214, 1.08240534521158, -0.00339421232227555, 20, 14, 0.325376
0.257060590403214, 1.08552338530067, -0.00339410724990404, 20, 14, 0.32433
0.257060590403214, 1.08864142538976, -0.00339400224257112, 20, 14, 0.326722
0.257060590403214, 1.09175946547884, -0.00339389731036472, 20, 14, 0.326708
0.257060590403214, 1.09487750556793, -0.00339379246346333, 20, 14, 0.341298
0.257060590403214, 1.09799554565702, -0.00339368771211089, 20, 14, 0.32725
0.257060590403214, 1.1011135857461, -0.00339358306662259, 20, 14, 0.32729
0.257060590403214, 1.10423162583519, -0.00339347853738439, 20, 14, 0.341943
0.257060590403214, 1.10734966592428, -0.00339337413485269, 20, 14, 0.330463
0.257060590403214, 1.11046770601336, -0.00339326986955381, 20, 14, 0.341836
0.257060590403214, 1.11358574610245, -0.00339316575208361, 20, 14, 0.34676
0.257060590403214, 1.11670378619154, -0.00339306179310705, 20, 14, 0.347167
0.257060590403214, 1.11982182628062, -0.00339295800335771, 20, 14, 0.326933
0.257060590403214, 1.12293986636971, -0.00339285439363738, 20, 14, 0.326823
0.257060590403214, 1.1260579064588, -0.00339275097481559, 20, 14, 0.327295
0.257060590403214, 1.12917594654788, -0.00339264774867805, 20, 13, 0.305587
0.257060590403214, 1.13229398663697, -0.00339254474503842, 20, 13, 0.311042
0.257060590403214, 1.13541202672606, -0.00339244196527961, 20, 13, 0.301261
0.257060590403214, 1.13853006681514, -0.00339233942053904, 20, 13, 0.301306
0.257060590403214, 1.14164810690423, -0.00339223712201941, 20, 13, 0.309103
0.257060590403214, 1.14476614699332, -0.00339213508098827, 20, 13, 0.315094
0.257060590403214, 1.14788418708241, -0.00339203330877754, 20, 13, 0.305365
0.257060590403214, 1.15100222717149, -0.00339193181678298, 20, 13, 0.320238
0.257060590403214, 1.15412026726058, -0.00339183061646375, 20, 13, 0.301264
0.257060590403214, 1.15723830734967, -0.00339172971934189, 20, 13, 0.304871
0.257060590403214, 1.16035634743875, -0.00339162913700181, 20, 13, 0.301663
0.257060590403214, 1.16347438752784, -0.00339152888108981, 20, 13, 0.328328
0.257060590403214, 1.16659242761693, -0.00339142896331355, 20, 13, 0.309847
0.257060590403214, 1.16971046770601, -0.00339132939544155, 20, 13, 0.319069
0.257060590403214, 1.1728285077951, -0.00339123018930269, 20, 13, 0.301574
0.257060590403214, 1.17594654788419, -0.00339113135678563, 20, 13, 0.316217
0.257060590403214, 1.17906458797327, -0.00339103290983839, 20, 13, 0.317069
0.257060590403214, 1.18218262806236, -0.00339093486046768, 20, 13, 0.302796
0.257060590403214, 1.18530066815145, -0.00339083722073851, 20, 13, 0.333558
0.257060590403214, 1.18841870824053, -0.00339074000277357, 20, 13, 0.314024
0.257060590403214, 1.19153674832962, -0.00339064321875269, 20, 13, 0.325346
0.257060590403214, 1.19465478841871, -0.00339054688091236, 20, 13, 0.310078
0.257060590403214, 1.1977728285078, -0.00339045100154512, 20, 13, 0.336928
0.257060590403214, 1.20089086859688, -0.00339035559299903, 20, 13, 0.323174
0.257060590403214, 1.20400890868597, -0.00339026066767714, 20, 13, 0.322171
0.257060590403214, 1.20712694877506, -0.0033901662380369, 20, 13, 0.335677
0.257060590403214, 1.21024498886414, -0.00339007231658961, 20, 13, 0.315377
0.257060590403214, 1.21336302895323, -0.0033899789158999, 20, 13, 0.304999
0.257060590403214, 1.21648106904232, -0.00338988604858508, 20, 13, 0.346798
0.257060590403214, 1.2195991091314, -0.00338979372731465, 20, 13, 0.326566
0.257060590403214, 1.22271714922049, -0.0033897019648097, 20, 13, 0.304066
0.257060590403214, 1.22583518930958, -0.00338961077384234, 20, 13, 0.305103
0.257060590403214, 1.22895322939866, -0.00338952016723509, 20, 13, 0.30185
0.257060590403214, 1.23207126948775, -0.00338943014931668, 20, 12, 0.275636
0.257060590403214, 1.23518930957684, -0.00338934075053496, 20, 12, 0.276913
0.257060590403214, 1.23830734966592, -0.00338925197485532, 20, 12, 0.305493
0.257060590403214, 1.24142538975501, -0.00338916383529741, 20, 12, 0.285705
0.257060590403214, 1.2445434298441, -0.00338907634492829, 20, 12, 0.275717
0.257060590403214, 1.24766146993318, -0.00338898951686193, 20, 12, 0.276717
0.257060590403214, 1.25077951002227, -0.00338890336425855, 20, 12, 0.275746
0.257060590403214, 1.25389755011136, -0.00338881790032408, 20, 12, 0.27569
0.257060590403214, 1.25701559020045, -0.00338873313830953, 20, 12, 0.295731
0.257060590403214, 1.26013363028953, -0.00338864909151039, 20, 12, 0.275696
0.257060590403214, 1.26325167037862, -0.00338856577326607, 20, 12, 0.275716
0.257060590403214, 1.26636971046771, -0.00338848319695925, 20, 12, 0.275694
0.257060590403214, 1.26948775055679, -0.00338840137601528, 20, 12, 0.275692
0.257060590403214, 1.27260579064588, -0.00338832032390164, 20, 12, 0.275717
0.257060590403214, 1.27572383073497, -0.00338824005412722, 20, 12, 0.295671
0.257060590403214, 1.27884187082405, -0.00338816058024183, 20, 12, 0.275688
0.257060590403214, 1.28195991091314, -0.00338808191583548, 20, 12, 0.275716
0.257060590403214, 1.28507795100223, -0.00338800407453787, 20, 12, 0.275689
0.257060590403214, 1.28819599109131, -0.00338792707001766, 20, 12, 0.27564
0.257060590403214, 1.2913140311804, -0.00338785091598198, 20, 12, 0.275629
0.257060590403214, 1.29443207126949, -0.00338777562617572, 20, 12, 0.275753
0.257060590403214, 1.29755011135857, -0.00338770121438093, 20, 12, 0.276626
0.257060590403214, 1.30066815144766, -0.00338762769441623, 20, 12, 0.276008
0.257060590403214, 1.30378619153675, -0.00338755508013616, 20, 12, 0.275651
0.257060590403214, 1.30690423162584, -0.00338748338543058, 20, 12, 0.275667
0.257060590403214, 1.31002227171492, -0.00338741262422401, 20, 12, 0.275633
0.257060590403214, 1.31314031180401, -0.00338734281047503, 20, 12, 0.275645
0.257060590403214, 1.3162583518931, -0.00338727395817568, 20, 12, 0.275602
0.257060590403214, 1.31937639198218, -0.00338720608135078, 20, 12, 0.275596
0.257060590403214, 1.32249443207127, -0.00338713919405733, 20, 12, 0.275608
0.257060590403214, 1.32561247216036, -0.00338707331038388, 20, 12, 0.27561
0.257060590403214, 1.32873051224944, -0.00338700844444992, 20, 12, 0.275649
0.257060590403214, 1.33184855233853, -0.00338694461040519, 20, 12, 0.275642
0.257060590403214, 1.33496659242762, -0.00338688182242913, 20, 12, 0.27558
0.257060590403214, 1.3380846325167, -0.00338682009473019, 20, 12, 0.275618
0.257060590403214, 1.34120267260579, -0.00338675944154521, 20, 12, 0.275644
0.257060590403214, 1.34432071269488, -0.0033866998771388, 20, 12, 0.275618
0.257060590403214, 1.34743875278396, -0.00338664141580272, 20, 12, 0.275648
0.257060590403214, 1.35055679287305, -0.0033865840718552, 20, 12, 0.275649
0.257060590403214, 1.35367483296214, -0.00338652785160852, 20, 11, 0.250094
0.257060590403214, 1.35679287305122, -0.00338647278587484, 20, 11, 0.25006
0.257060590403214, 1.35991091314031, -0.00338641888061929, 20, 11, 0.250173
0.257060590403214, 1.3630289532294, -0.00338636615026061, 20, 11, 0.251119
0.257060590403214, 1.36614699331849, -0.00338631460924084, 20, 11, 0.250519
0.257060590403214, 1.36926503340757, -0.00338626427202471, 20, 11, 0.250094
0.257060590403214, 1.37238307349666, -0.00338621515309894, 20, 11, 0.250085
0.257060590403214, 1.37550111358575, -0.00338616726697166, 20, 11, 0.250117
0.257060590403214, 1.37861915367483, -0.00338612062817179, 20, 11, 0.250095
0.257060590403214, 1.38173719376392, -0.00338607525124836, 20, 11, 0.250076
0.257060590403214, 1.38485523385301, -0.00338603115076991, 20, 11, 0.250044
0.257060590403214, 1.38797327394209, -0.00338598834132387, 20, 11, 0.25008
0.257060590403214, 1.39109131403118, -0.00338594683751589, 20, 11, 0.25008
0.257060590403214, 1.39420935412027, -0.00338590665396925, 20, 11, 0.250081
0.257060590403214, 1.39732739420935, -0.00338586780532419, 20, 11, 0.2501
0.257060590403214, 1.40044543429844, -0.00338583030623734, 20, 11, 0.250058
0.257060590403214, 1.40356347438753, -0.00338579417138103, 20, 11, 0.250071
0.257060590403214, 1.40668151447661, -0.00338575941544268, 20, 11, 0.250037
0.257060590403214, 1.4097995545657, -0.0033857260531242, 20, 11, 0.250084
0.257060590403214, 1.41291759465479, -0.00338569409914132, 20, 11, 0.250101
0.257060590403214, 1.41603563474388, -0.00338566356822301, 20, 11, 0.250081
0.257060590403214, 1.41915367483296, -0.00338563447511081, 20, 11, 0.250072
0.257060590403214, 1.42227171492205, -0.00338560683455823, 20, 11, 0.250071
0.257060590403214, 1.42538975501114, -0.00338558066133013, 20, 11, 0.250092
0.257060590403214, 1.42850779510022, -0.00338555597020208, 20, 11, 0.250172
0.257060590403214, 1.43162583518931, -0.00338553277595976, 20, 11, 0.250949
0.257060590403214, 1.4347438752784, -0.0033855110933983, 20, 11, 0.250836
0.257060590403214, 1.43786191536748, -0.00338549093732172, 20, 11, 0.250201
0.257060590403214, 1.44097995545657, -0.00338547232254226, 20, 11, 0.250487
0.257060590403214, 1.44409799554566, -0.0033854552638798, 20, 11, 0.250141
0.257060590403214, 1.44721603563474, -0.00338543977616118, 20, 11, 0.25013
0.257060590403214, 1.45033407572383, -0.0033854258742197, 20, 11, 0.250155
0.257060590403214, 1.45345211581292, -0.00338541357290253, 20, 11, 0.253448
0.257060590403214, 1.456570155902, -0.00338540288703753, 20, 11, 0.2525
0.257060590403214, 1.45968819599109, -0.00338539383148165, 20, 11, 0.252498
0.257060590403214, 1.46280623608018, -0.0033853864210876, 20, 11, 0.252535
0.257060590403214, 1.46592427616927, -0.00338538067071141, 20, 11, 0.252795
0.257060590403214, 1.46904231625835, -0.00338537659521187, 20, 11, 0.252509
0.257060590403214, 1.47216035634744, -0.00338537420944986, 20, 11, 0.252545
0.257060590403214, 1.47527839643653, -0.0033853735282878, 20, 11, 0.252847
0.257060590403214, 1.47839643652561, -0.00338537456658904, 20, 11, 0.252509
0.257060590403214, 1.4815144766147, -0.00338537733921724, 20, 11, 0.252531
0.257060590403214, 1.48463251670379, -0.00338538186103578, 20, 11, 0.252543
0.257060590403214, 1.48775055679287, -0.00338538814690718, 20, 11, 0.252824
0.257060590403214, 1.49086859688196, -0.00338539621169248, 20, 11, 0.252543
0.257060590403214, 1.49398663697105, -0.00338540607025067, 20, 11, 0.252538
0.257060590403214, 1.49710467706013, -0.00338541773743809, 20, 11, 0.253732
0.257060590403214, 1.50022271714922, -0.00338543122810783, 20, 11, 0.252834
0.257060590403214, 1.50334075723831, -0.00338544655710916, 20, 11, 0.253583
0.257060590403214, 1.50645879732739, -0.00338546373237592, 20, 10, 0.22695
0.257060590403214, 1.50957683741648, -0.00338548278286742, 20, 10, 0.226948
0.257060590403214, 1.51269487750557, -0.00338550371619676, 20, 10, 0.22698
0.257060590403214, 1.51581291759465, -0.00338552654719261, 20, 10, 0.227262
0.257060590403214, 1.51893095768374, -0.00338555129067691, 20, 10, 0.226924
0.257060590403214, 1.52204899777283, -0.00338557796146426, 20, 10, 0.226933
0.257060590403214, 1.52516703786192, -0.00338560657436135, 20, 10, 0.226906
0.257060590403214, 1.528285077951, -0.00338563714416642, 20, 10, 0.227205
0.257060590403214, 1.53140311804009, -0.00338566968566867, 20, 10, 0.226895
0.257060590403214, 1.53452115812918, -0.0033857042136477, 20, 10, 0.226872
0.257060590403214, 1.53763919821826, -0.00338574074287296, 20, 10, 0.226888
0.257060590403214, 1.54075723830735, -0.00338577928810315, 20, 10, 0.22717
0.257060590403214, 1.54387527839644, -0.00338581986408573, 20, 10, 0.226855
0.257060590403214, 1.54699331848552, -0.0033858624855563, 20, 10, 0.226879
0.257060590403214, 1.55011135857461, -0.00338590716723807, 20, 10, 0.226885
0.257060590403214, 1.5532293986637, -0.00338595392384133, 20, 10, 0.226874
0.257060590403214, 1.55634743875278, -0.00338600277006288, 20, 10, 0.227144
0.257060590403214, 1.55946547884187, -0.00338605372058547, 20, 10, 0.226863
0.257060590403214, 1.56258351893096, -0.00338610679007731, 20, 10, 0.226837
0.257060590403214, 1.56570155902004, -0.00338616199319147, 20, 10, 0.226849
0.257060590403214, 1.56881959910913, -0.00338621934456538, 20, 10, 0.227159
0.257060590403214, 1.57193763919822, -0.00338627885882028, 20, 10, 0.227173
0.257060590403214, 1.57505567928731, -0.00338634055056069, 20, 10, 0.228112
0.257060590403214, 1.57817371937639, -0.00338640443437388, 20, 10, 0.227254
0.257060590403214, 1.58129175946548, -0.00338647052482936, 20, 10, 0.227622
0.257060590403214, 1.58440979955457, -0.00338653883647831, 20, 10, 0.227145
0.257060590403214, 1.58752783964365, -0.00338660938385311, 20, 10, 0.226849
0.257060590403214, 1.59064587973274, -0.00338668218146679, 20, 10, 0.226878
0.257060590403214, 1.59376391982183, -0.00338675724381254, 20, 10, 0.226805
0.257060590403214, 1.59688195991091, -0.00338683458536316, 20, 10, 0.226813
0.257060590403214, 1.6, -0.00338691422057057, 20, 10, 0.22672
# finished at Wed Apr 30 00:48:31 CEST 2014
