# starting on alcc60 at Wed Apr 30 02:59:15 CEST 2014
# casimir, -T, 0.200000,1.600000,450, -Q, 0.401754450628432, -p, 1e-08, -L, 20
# Compiler icc, using long double and plain matrix elements and plain integration
# precision=1e-08
# lfac=5
# cores=1
# L=0.401754
# T=0.2...1.6 (450)
#
# R/(L+R), T, F, lmax, nmax, time
0.401754450628432, 0.2, -0.0158505232417265, 20, 83, 2.33059
0.401754450628432, 0.203118040089087, -0.0158505148902971, 20, 81, 2.26679
0.401754450628432, 0.206236080178174, -0.0158505061845724, 20, 80, 2.23865
0.401754450628432, 0.209354120267261, -0.0158504970838297, 20, 79, 2.20998
0.401754450628432, 0.212472160356347, -0.0158504875770027, 20, 78, 2.17854
0.401754450628432, 0.215590200445434, -0.0158504776528733, 20, 77, 2.14731
0.401754450628432, 0.218708240534521, -0.0158504673003784, 20, 76, 2.12164
0.401754450628432, 0.221826280623608, -0.0158504565074178, 20, 75, 2.09665
0.401754450628432, 0.224944320712695, -0.0158504452626508, 20, 74, 2.06468
0.401754450628432, 0.228062360801782, -0.0158504335543058, 20, 73, 2.03595
0.401754450628432, 0.231180400890869, -0.0158504213704832, 20, 72, 2.00798
0.401754450628432, 0.234298440979955, -0.0158504086991551, 20, 71, 1.97836
0.401754450628432, 0.237416481069042, -0.015850395528169, 20, 70, 1.95068
0.401754450628432, 0.240534521158129, -0.0158503818452467, 20, 69, 1.92255
0.401754450628432, 0.243652561247216, -0.0158503676383216, 20, 68, 1.90012
0.401754450628432, 0.246770601336303, -0.0158503528941976, 20, 67, 1.86658
0.401754450628432, 0.24988864142539, -0.0158503376005533, 20, 66, 1.83719
0.401754450628432, 0.253006681514477, -0.015850321780335, 20, 66, 1.83877
0.401754450628432, 0.256124721603563, -0.0158503053519834, 20, 65, 1.80959
0.401754450628432, 0.25924276169265, -0.0158502883358768, 20, 64, 1.78208
0.401754450628432, 0.262360801781737, -0.015850270718903, 20, 63, 1.75251
0.401754450628432, 0.265478841870824, -0.0158502525246728, 20, 63, 1.75277
0.401754450628432, 0.268596881959911, -0.015850233670004, 20, 62, 1.72506
0.401754450628432, 0.271714922048998, -0.015850214175014, 20, 61, 1.69563
0.401754450628432, 0.274832962138085, -0.0158501940261254, 20, 60, 1.66625
0.401754450628432, 0.277951002227172, -0.0158501732514626, 20, 60, 1.67013
0.401754450628432, 0.281069042316258, -0.0158501517589887, 20, 59, 1.64077
0.401754450628432, 0.284187082405345, -0.0158501296103569, 20, 59, 1.64075
0.401754450628432, 0.287305122494432, -0.0158501067203693, 20, 58, 1.613
0.401754450628432, 0.290423162583519, -0.0158500831086234, 20, 57, 1.58381
0.401754450628432, 0.293541202672606, -0.0158500588026442, 20, 57, 1.58385
0.401754450628432, 0.296659242761693, -0.0158500337113627, 20, 56, 1.55635
0.401754450628432, 0.29977728285078, -0.0158500078965986, 20, 56, 1.62997
0.401754450628432, 0.302895322939866, -0.0158499812704538, 20, 55, 1.59255
0.401754450628432, 0.306013363028953, -0.0158499538525984, 20, 54, 1.52732
0.401754450628432, 0.30913140311804, -0.015849925675099, 20, 54, 1.51946
0.401754450628432, 0.312249443207127, -0.0158498966383242, 20, 53, 1.47434
0.401754450628432, 0.315367483296214, -0.0158498668135394, 20, 53, 1.47605
0.401754450628432, 0.318485523385301, -0.0158498361013272, 20, 52, 1.44563
0.401754450628432, 0.321603563474388, -0.0158498045731529, 20, 52, 1.44357
0.401754450628432, 0.324721603563474, -0.0158497721290264, 20, 51, 1.44636
0.401754450628432, 0.327839643652561, -0.0158497388409887, 20, 51, 1.51162
0.401754450628432, 0.330957683741648, -0.0158497046067548, 20, 50, 1.44914
0.401754450628432, 0.334075723830735, -0.0158496695020635, 20, 50, 1.38765
0.401754450628432, 0.337193763919822, -0.0158496334639542, 20, 50, 1.38737
0.401754450628432, 0.340311804008909, -0.0158495964421199, 20, 49, 1.35811
0.401754450628432, 0.343429844097996, -0.0158495585015563, 20, 49, 1.3591
0.401754450628432, 0.346547884187082, -0.0158495195459215, 20, 48, 1.33077
0.401754450628432, 0.349665924276169, -0.0158494796455077, 20, 48, 1.33038
0.401754450628432, 0.352783964365256, -0.0158494386977635, 20, 47, 1.30102
0.401754450628432, 0.355902004454343, -0.0158493967799767, 20, 47, 1.30082
0.401754450628432, 0.35902004454343, -0.0158493538282101, 20, 47, 1.30179
0.401754450628432, 0.362138084632517, -0.0158493097887866, 20, 46, 1.27411
0.401754450628432, 0.365256124721604, -0.0158492647329233, 20, 46, 1.27371
0.401754450628432, 0.36837416481069, -0.015849218555469, 20, 45, 1.24415
0.401754450628432, 0.371492204899777, -0.0158491713378352, 20, 45, 1.24427
0.401754450628432, 0.374610244988864, -0.015849123013906, 20, 45, 1.2449
0.401754450628432, 0.377728285077951, -0.0158490735263029, 20, 44, 1.21669
0.401754450628432, 0.380846325167038, -0.0158490229537761, 20, 44, 1.21658
0.401754450628432, 0.383964365256125, -0.015848971231711, 20, 44, 1.21654
0.401754450628432, 0.387082405345212, -0.0158489183029152, 20, 43, 1.18823
0.401754450628432, 0.390200445434298, -0.0158488642461051, 20, 43, 1.18981
0.401754450628432, 0.393318485523385, -0.0158488089960133, 20, 43, 1.18936
0.401754450628432, 0.396436525612472, -0.0158487524952634, 20, 42, 1.16182
0.401754450628432, 0.399554565701559, -0.0158486948235145, 20, 42, 1.16186
0.401754450628432, 0.402672605790646, -0.0158486359159312, 20, 42, 1.16222
0.401754450628432, 0.405790645879733, -0.0158485757129243, 20, 41, 1.13294
0.401754450628432, 0.40890868596882, -0.0158485142977826, 20, 41, 1.1326
0.401754450628432, 0.412026726057906, -0.0158484516039234, 20, 41, 1.13229
0.401754450628432, 0.415144766146993, -0.0158483876174293, 20, 41, 1.13409
0.401754450628432, 0.41826280623608, -0.0158483222823261, 20, 40, 1.10486
0.401754450628432, 0.421380846325167, -0.0158482556743331, 20, 40, 1.10636
0.401754450628432, 0.424498886414254, -0.0158481877312253, 20, 40, 1.1047
0.401754450628432, 0.427616926503341, -0.015848118393391, 20, 39, 1.07549
0.401754450628432, 0.430734966592428, -0.0158480477445824, 20, 39, 1.07548
0.401754450628432, 0.433853006681514, -0.015847975718573, 20, 39, 1.07552
0.401754450628432, 0.436971046770601, -0.0158479023017318, 20, 39, 1.07806
0.401754450628432, 0.440089086859688, -0.0158478274358282, 20, 38, 1.04776
0.401754450628432, 0.443207126948775, -0.0158477512021321, 20, 38, 1.04875
0.401754450628432, 0.446325167037862, -0.0158476735361781, 20, 38, 1.07163
0.401754450628432, 0.449443207126949, -0.0158475944245596, 20, 38, 1.10288
0.401754450628432, 0.452561247216036, -0.0158475138091791, 20, 37, 1.12894
0.401754450628432, 0.455679287305123, -0.0158474317716583, 20, 37, 1.0841
0.401754450628432, 0.458797327394209, -0.0158473482478507, 20, 37, 1.0328
0.401754450628432, 0.461915367483296, -0.0158472632246312, 20, 37, 1.02802
0.401754450628432, 0.465033407572383, -0.0158471766427678, 20, 36, 1.01582
0.401754450628432, 0.46815144766147, -0.0158470885870815, 20, 36, 1.07242
0.401754450628432, 0.471269487750557, -0.015846998992303, 20, 36, 0.991987
0.401754450628432, 0.474387527839644, -0.0158469078456404, 20, 36, 1.05003
0.401754450628432, 0.477505567928731, -0.0158468150853345, 20, 35, 0.971612
0.401754450628432, 0.480623608017817, -0.0158467208025101, 20, 35, 0.961458
0.401754450628432, 0.483741648106904, -0.0158466249292013, 20, 35, 0.965552
0.401754450628432, 0.486859688195991, -0.0158465274536724, 20, 35, 0.983314
0.401754450628432, 0.489977728285078, -0.0158464283622616, 20, 35, 0.966023
0.401754450628432, 0.493095768374165, -0.0158463275958382, 20, 34, 0.944386
0.401754450628432, 0.496213808463252, -0.0158462252427643, 20, 34, 0.973256
0.401754450628432, 0.499331848552339, -0.0158461212374442, 20, 34, 0.957335
0.401754450628432, 0.502449888641425, -0.0158460155680038, 20, 34, 0.958271
0.401754450628432, 0.505567928730512, -0.0158459082226689, 20, 34, 1.00269
0.401754450628432, 0.508685968819599, -0.0158457991419401, 20, 33, 0.906566
0.401754450628432, 0.511804008908686, -0.0158456884151813, 20, 33, 0.906743
0.401754450628432, 0.514922048997773, -0.0158455759772775, 20, 33, 0.906657
0.401754450628432, 0.51804008908686, -0.0158454618169671, 20, 33, 0.90906
0.401754450628432, 0.521158129175947, -0.0158453459231027, 20, 33, 0.934876
0.401754450628432, 0.524276169265034, -0.0158452282347851, 20, 32, 0.896552
0.401754450628432, 0.52739420935412, -0.0158451088461968, 20, 32, 0.87892
0.401754450628432, 0.530512249443207, -0.0158449876907957, 20, 32, 0.879508
0.401754450628432, 0.533630289532294, -0.0158448647580082, 20, 32, 0.8793
0.401754450628432, 0.536748329621381, -0.0158447400373932, 20, 32, 0.878912
0.401754450628432, 0.539866369710468, -0.0158446135186462, 20, 32, 0.879283
0.401754450628432, 0.542984409799555, -0.0158444851432662, 20, 31, 0.855845
0.401754450628432, 0.546102449888642, -0.0158443550029246, 20, 31, 0.849712
0.401754450628432, 0.549220489977728, -0.0158442230338821, 20, 31, 0.849743
0.401754450628432, 0.552338530066815, -0.0158440892264768, 20, 31, 0.849707
0.401754450628432, 0.555456570155902, -0.0158439535711989, 20, 31, 0.855393
0.401754450628432, 0.558574610244989, -0.0158438160586919, 20, 31, 0.851635
0.401754450628432, 0.561692650334076, -0.0158436766308352, 20, 30, 0.82197
0.401754450628432, 0.564810690423163, -0.0158435353813697, 20, 30, 0.822186
0.401754450628432, 0.567928730512249, -0.015843392247091, 20, 30, 0.822037
0.401754450628432, 0.571046770601336, -0.0158432472193549, 20, 30, 0.822275
0.401754450628432, 0.574164810690423, -0.0158431002896866, 20, 30, 0.8221
0.401754450628432, 0.57728285077951, -0.0158429514497847, 20, 30, 0.822959
0.401754450628432, 0.580400890868597, -0.0158428006398016, 20, 29, 0.792672
0.401754450628432, 0.583518930957684, -0.0158426479602773, 20, 29, 0.793134
0.401754450628432, 0.586636971046771, -0.0158424933462033, 20, 29, 0.793913
0.401754450628432, 0.589755011135857, -0.0158423367900556, 20, 29, 0.793098
0.401754450628432, 0.592873051224944, -0.0158421782844972, 20, 29, 0.79448
0.401754450628432, 0.595991091314031, -0.0158420178223789, 20, 29, 0.795862
0.401754450628432, 0.599109131403118, -0.0158418553967476, 20, 29, 0.795229
0.401754450628432, 0.602227171492205, -0.0158416909491087, 20, 28, 0.766518
0.401754450628432, 0.605345211581292, -0.0158415245812541, 20, 28, 0.765765
0.401754450628432, 0.608463251670379, -0.0158413562297625, 20, 28, 0.765341
0.401754450628432, 0.611581291759466, -0.0158411858885307, 20, 28, 0.765485
0.401754450628432, 0.614699331848552, -0.0158410135516616, 20, 28, 0.765086
0.401754450628432, 0.617817371937639, -0.015840839213467, 20, 28, 0.771413
0.401754450628432, 0.620935412026726, -0.0158406628684714, 20, 28, 0.765172
0.401754450628432, 0.624053452115813, -0.0158404844569701, 20, 27, 0.736186
0.401754450628432, 0.6271714922049, -0.015840304087765, 20, 27, 0.735838
0.401754450628432, 0.630289532293987, -0.015840121696189, 20, 27, 0.737766
0.401754450628432, 0.633407572383074, -0.0158399372776882, 20, 27, 0.736565
0.401754450628432, 0.63652561247216, -0.0158397508279324, 20, 27, 0.73578
0.401754450628432, 0.639643652561247, -0.0158395623428192, 20, 27, 0.737832
0.401754450628432, 0.642761692650334, -0.0158393718184736, 20, 27, 0.737826
0.401754450628432, 0.645879732739421, -0.0158391792512562, 20, 27, 0.737532
0.401754450628432, 0.648997772828508, -0.0158389845836649, 20, 26, 0.710087
0.401754450628432, 0.652115812917595, -0.0158387879255573, 20, 26, 0.710602
0.401754450628432, 0.655233853006682, -0.0158385892146603, 20, 26, 0.713923
0.401754450628432, 0.658351893095768, -0.0158383884483301, 20, 26, 0.71027
0.401754450628432, 0.661469933184855, -0.0158381856241661, 20, 26, 0.710087
0.401754450628432, 0.664587973273942, -0.0158379807400139, 20, 26, 0.710103
0.401754450628432, 0.667706013363029, -0.0158377737939678, 20, 26, 0.714911
0.401754450628432, 0.670824053452116, -0.0158375647843738, 20, 26, 0.717561
0.401754450628432, 0.673942093541203, -0.0158373537098318, 20, 26, 0.718401
0.401754450628432, 0.67706013363029, -0.0158371405153141, 20, 25, 0.693276
0.401754450628432, 0.680178173719376, -0.0158369253122608, 20, 25, 0.681233
0.401754450628432, 0.683296213808463, -0.0158367080412242, 20, 25, 0.685033
0.401754450628432, 0.68641425389755, -0.0158364887018774, 20, 25, 0.685085
0.401754450628432, 0.689532293986637, -0.0158362672941566, 20, 25, 0.681288
0.401754450628432, 0.692650334075724, -0.0158360438182648, 20, 25, 0.68275
0.401754450628432, 0.695768374164811, -0.0158358182746702, 20, 25, 0.683218
0.401754450628432, 0.698886414253898, -0.0158355906641143, 20, 25, 0.682627
0.401754450628432, 0.702004454342984, -0.0158353609876105, 20, 25, 0.68266
0.401754450628432, 0.705122494432071, -0.0158351291900905, 20, 24, 0.653678
0.401754450628432, 0.708240534521158, -0.0158348953904148, 20, 24, 0.653259
0.401754450628432, 0.711358574610245, -0.015834659529117, 20, 24, 0.653164
0.401754450628432, 0.714476614699332, -0.0158344216083527, 20, 24, 0.653833
0.401754450628432, 0.717594654788419, -0.0158341816305579, 20, 24, 0.653496
0.401754450628432, 0.720712694877506, -0.0158339395984513, 20, 24, 0.653267
0.401754450628432, 0.723830734966592, -0.0158336955150367, 20, 24, 0.6532
0.401754450628432, 0.726948775055679, -0.0158334493836045, 20, 24, 0.653264
0.401754450628432, 0.730066815144766, -0.0158332012077339, 20, 24, 0.653184
0.401754450628432, 0.733184855233853, -0.0158329509912947, 20, 24, 0.654735
0.401754450628432, 0.73630289532294, -0.0158326987384492, 20, 24, 0.653234
0.401754450628432, 0.739420935412027, -0.0158324444001718, 20, 23, 0.623902
0.401754450628432, 0.742538975501114, -0.0158321880923551, 20, 23, 0.623916
0.401754450628432, 0.7456570155902, -0.0158319297620659, 20, 23, 0.624005
0.401754450628432, 0.748775055679287, -0.0158316694146786, 20, 23, 0.623974
0.401754450628432, 0.751893095768374, -0.0158314070558664, 20, 23, 0.63007
0.401754450628432, 0.755011135857461, -0.0158311426916042, 20, 23, 0.625732
0.401754450628432, 0.758129175946548, -0.0158308763281658, 20, 23, 0.625722
0.401754450628432, 0.761247216035635, -0.0158306079721318, 20, 23, 0.625773
0.401754450628432, 0.764365256124722, -0.0158303376303869, 20, 23, 0.625704
0.401754450628432, 0.767483296213809, -0.0158300653101227, 20, 23, 0.625619
0.401754450628432, 0.770601336302895, -0.0158297910188385, 20, 23, 0.62559
0.401754450628432, 0.773719376391982, -0.0158295147093816, 20, 22, 0.596261
0.401754450628432, 0.776837416481069, -0.015829236503907, 20, 22, 0.596329
0.401754450628432, 0.779955456570156, -0.0158289563514656, 20, 22, 0.596304
0.401754450628432, 0.783073496659243, -0.0158286742608249, 20, 22, 0.596203
0.401754450628432, 0.78619153674833, -0.0158283902410653, 20, 22, 0.596228
0.401754450628432, 0.789309576837417, -0.0158281043015808, 20, 22, 0.596213
0.401754450628432, 0.792427616926503, -0.0158278164520808, 20, 22, 0.596433
0.401754450628432, 0.79554565701559, -0.0158275267025907, 20, 22, 0.596283
0.401754450628432, 0.798663697104677, -0.0158272350634535, 20, 22, 0.596328
0.401754450628432, 0.801781737193764, -0.0158269415453305, 20, 22, 0.596242
0.401754450628432, 0.804899777282851, -0.0158266461592024, 20, 22, 0.596206
0.401754450628432, 0.808017817371938, -0.0158263489163701, 20, 22, 0.596282
0.401754450628432, 0.811135857461025, -0.015826049771657, 20, 21, 0.566901
0.401754450628432, 0.814253897550111, -0.0158257488546693, 20, 21, 0.566885
0.401754450628432, 0.817371937639198, -0.0158254461165215, 20, 21, 0.566918
0.401754450628432, 0.820489977728285, -0.0158251415698253, 20, 21, 0.567017
0.401754450628432, 0.823608017817372, -0.0158248352275152, 20, 21, 0.566941
0.401754450628432, 0.826726057906459, -0.0158245271028496, 20, 21, 0.567152
0.401754450628432, 0.829844097995546, -0.0158242172094122, 20, 21, 0.56868
0.401754450628432, 0.832962138084633, -0.0158239055611087, 20, 21, 0.568673
0.401754450628432, 0.836080178173719, -0.0158235921721741, 20, 21, 0.568707
0.401754450628432, 0.839198218262806, -0.0158232770571684, 20, 21, 0.568768
0.401754450628432, 0.842316258351893, -0.0158229602309786, 20, 21, 0.568699
0.401754450628432, 0.84543429844098, -0.0158226417088191, 20, 21, 0.568717
0.401754450628432, 0.848552338530067, -0.0158223215062323, 20, 21, 0.568634
0.401754450628432, 0.851670378619154, -0.0158219996390889, 20, 21, 0.56871
0.401754450628432, 0.854788418708241, -0.0158216760679919, 20, 20, 0.539326
0.401754450628432, 0.857906458797328, -0.0158213509244577, 20, 20, 0.539353
0.401754450628432, 0.861024498886414, -0.0158210241656936, 20, 20, 0.539691
0.401754450628432, 0.864142538975501, -0.0158206958089041, 20, 20, 0.539523
0.401754450628432, 0.867260579064588, -0.0158203658716225, 20, 20, 0.540719
0.401754450628432, 0.870378619153675, -0.0158200343717108, 20, 20, 0.541414
0.401754450628432, 0.873496659242762, -0.0158197013273597, 20, 20, 0.539537
0.401754450628432, 0.876614699331849, -0.0158193667570894, 20, 20, 0.539413
0.401754450628432, 0.879732739420936, -0.0158190306797491, 20, 20, 0.539739
0.401754450628432, 0.882850779510022, -0.0158186931145175, 20, 20, 0.539379
0.401754450628432, 0.885968819599109, -0.0158183540809024, 20, 20, 0.539843
0.401754450628432, 0.889086859688196, -0.015818013598741, 20, 20, 0.539442
0.401754450628432, 0.892204899777283, -0.0158176716881998, 20, 20, 0.539728
0.401754450628432, 0.89532293986637, -0.0158173283697744, 20, 20, 0.540009
0.401754450628432, 0.898440979955457, -0.0158169836642893, 20, 20, 0.541548
0.401754450628432, 0.901559020044544, -0.0158166375365795, 20, 19, 0.510443
0.401754450628432, 0.90467706013363, -0.0158162901244235, 20, 19, 0.510152
0.401754450628432, 0.907795100222717, -0.0158159413894164, 20, 19, 0.510467
0.401754450628432, 0.910913140311804, -0.0158155913537119, 20, 19, 0.510218
0.401754450628432, 0.914031180400891, -0.0158152400397906, 20, 19, 0.510403
0.401754450628432, 0.917149220489978, -0.0158148874704592, 20, 19, 0.51629
0.401754450628432, 0.920267260579065, -0.0158145336688507, 20, 19, 0.510466
0.401754450628432, 0.923385300668152, -0.0158141786584248, 20, 19, 0.511921
0.401754450628432, 0.926503340757238, -0.0158138224629629, 20, 19, 0.512277
0.401754450628432, 0.929621380846325, -0.0158134651065749, 20, 19, 0.5133
0.401754450628432, 0.932739420935412, -0.0158131066136937, 20, 19, 0.513129
0.401754450628432, 0.935857461024499, -0.0158127470090758, 20, 19, 0.511988
0.401754450628432, 0.938975501113586, -0.015812386317801, 20, 19, 0.511848
0.401754450628432, 0.942093541202673, -0.0158120245652717, 20, 19, 0.511801
0.401754450628432, 0.945211581291759, -0.015811661777212, 20, 19, 0.5118
0.401754450628432, 0.948329621380847, -0.0158112979796672, 20, 19, 0.511753
0.401754450628432, 0.951447661469933, -0.0158109331990032, 20, 19, 0.511716
0.401754450628432, 0.95456570155902, -0.0158105674058983, 20, 18, 0.482573
0.401754450628432, 0.957683741648107, -0.0158102007428257, 20, 18, 0.482536
0.401754450628432, 0.960801781737194, -0.0158098331774338, 20, 18, 0.482484
0.401754450628432, 0.963919821826281, -0.0158094647373753, 20, 18, 0.482836
0.401754450628432, 0.967037861915368, -0.0158090954506186, 20, 18, 0.48258
0.401754450628432, 0.970155902004454, -0.0158087253454466, 20, 18, 0.482469
0.401754450628432, 0.973273942093541, -0.015808354451796, 20, 18, 0.484457
0.401754450628432, 0.976391982182628, -0.0158079827958978, 20, 18, 0.484818
0.401754450628432, 0.979510022271715, -0.0158076104083115, 20, 18, 0.48449
0.401754450628432, 0.982628062360802, -0.0158072373185692, 20, 18, 0.484603
0.401754450628432, 0.985746102449889, -0.0158068635565127, 20, 18, 0.484429
0.401754450628432, 0.988864142538975, -0.0158064891522923, 20, 18, 0.484468
0.401754450628432, 0.991982182628063, -0.015806114136366, 20, 18, 0.48443
0.401754450628432, 0.995100222717149, -0.0158057385394982, 20, 18, 0.484709
0.401754450628432, 0.998218262806236, -0.0158053623927585, 20, 18, 0.484812
0.401754450628432, 1.00133630289532, -0.0158049857275204, 20, 18, 0.484544
0.401754450628432, 1.00445434298441, -0.0158046085754603, 20, 18, 0.484727
0.401754450628432, 1.0075723830735, -0.0158042309685561, 20, 18, 0.484536
0.401754450628432, 1.01069042316258, -0.0158038529390859, 20, 18, 0.485076
0.401754450628432, 1.01380846325167, -0.0158034744637573, 20, 17, 0.455125
0.401754450628432, 1.01692650334076, -0.0158030956904444, 20, 17, 0.45507
0.401754450628432, 1.02004454342984, -0.0158027165929981, 20, 17, 0.455384
0.401754450628432, 1.02316258351893, -0.0158023372048949, 20, 17, 0.455593
0.401754450628432, 1.02628062360802, -0.0158019575599039, 20, 17, 0.455498
0.401754450628432, 1.0293986636971, -0.0158015776920855, 20, 17, 0.455203
0.401754450628432, 1.03251670378619, -0.01580119763579, 20, 17, 0.456422
0.401754450628432, 1.03563474387528, -0.0158008174256561, 20, 17, 0.455145
0.401754450628432, 1.03875278396437, -0.0158004370966106, 20, 17, 0.456869
0.401754450628432, 1.04187082405345, -0.0158000566838614, 20, 17, 0.457001
0.401754450628432, 1.04498886414254, -0.0157996762229044, 20, 17, 0.457055
0.401754450628432, 1.04810690423163, -0.0157992957495162, 20, 17, 0.456793
0.401754450628432, 1.05122494432071, -0.015798915299754, 20, 17, 0.456871
0.401754450628432, 1.0543429844098, -0.0157985349099539, 20, 17, 0.457245
0.401754450628432, 1.05746102449889, -0.0157981546167292, 20, 17, 0.45793
0.401754450628432, 1.06057906458797, -0.0157977744569688, 20, 17, 0.456949
0.401754450628432, 1.06369710467706, -0.0157973944678355, 20, 17, 0.457134
0.401754450628432, 1.06681514476615, -0.0157970146867641, 20, 17, 0.456958
0.401754450628432, 1.06993318485523, -0.0157966351514599, 20, 17, 0.458338
0.401754450628432, 1.07305122494432, -0.0157962558998969, 20, 17, 0.457048
0.401754450628432, 1.07616926503341, -0.0157958769703156, 20, 17, 0.45745
0.401754450628432, 1.07928730512249, -0.0157954984012218, 20, 17, 0.457245
0.401754450628432, 1.08240534521158, -0.0157951201774032, 20, 16, 0.427568
0.401754450628432, 1.08552338530067, -0.0157947424488232, 20, 16, 0.427584
0.401754450628432, 1.08864142538976, -0.0157943651976562, 20, 16, 0.427757
0.401754450628432, 1.09175946547884, -0.0157939884634581, 20, 16, 0.427602
0.401754450628432, 1.09487750556793, -0.01579361228604, 20, 16, 0.428103
0.401754450628432, 1.09799554565702, -0.0157932367054662, 20, 16, 0.427721
0.401754450628432, 1.1011135857461, -0.0157928617620523, 20, 16, 0.427657
0.401754450628432, 1.10423162583519, -0.0157924874963634, 20, 16, 0.427526
0.401754450628432, 1.10734966592428, -0.0157921139492116, 20, 16, 0.427602
0.401754450628432, 1.11046770601336, -0.0157917411616546, 20, 16, 0.427496
0.401754450628432, 1.11358574610245, -0.0157913691749936, 20, 16, 0.427495
0.401754450628432, 1.11670378619154, -0.0157909980307709, 20, 16, 0.427524
0.401754450628432, 1.11982182628062, -0.0157906277707682, 20, 16, 0.427479
0.401754450628432, 1.12293986636971, -0.0157902584370046, 20, 16, 0.427515
0.401754450628432, 1.1260579064588, -0.0157898900717341, 20, 16, 0.427626
0.401754450628432, 1.12917594654788, -0.0157895227174442, 20, 16, 0.42771
0.401754450628432, 1.13229398663697, -0.0157891564168529, 20, 16, 0.428871
0.401754450628432, 1.13541202672606, -0.0157887912129075, 20, 16, 0.427521
0.401754450628432, 1.13853006681514, -0.015788427148782, 20, 16, 0.427485
0.401754450628432, 1.14164810690423, -0.0157880642678747, 20, 16, 0.427683
0.401754450628432, 1.14476614699332, -0.0157877026138066, 20, 16, 0.427493
0.401754450628432, 1.14788418708241, -0.0157873422304188, 20, 16, 0.427483
0.401754450628432, 1.15100222717149, -0.0157869831617708, 20, 16, 0.427876
0.401754450628432, 1.15412026726058, -0.0157866254521376, 20, 16, 0.427455
0.401754450628432, 1.15723830734967, -0.0157862690909889, 20, 15, 0.39819
0.401754450628432, 1.16035634743875, -0.0157859142359075, 20, 15, 0.398987
0.401754450628432, 1.16347438752784, -0.0157855608737929, 20, 15, 0.398275
0.401754450628432, 1.16659242761693, -0.0157852090497689, 20, 15, 0.398211
0.401754450628432, 1.16971046770601, -0.0157848588091637, 20, 15, 0.39853
0.401754450628432, 1.1728285077951, -0.0157845101975078, 20, 15, 0.398197
0.401754450628432, 1.17594654788419, -0.0157841632605312, 20, 15, 0.398482
0.401754450628432, 1.17906458797327, -0.0157838180441616, 20, 15, 0.398061
0.401754450628432, 1.18218262806236, -0.0157834745945219, 20, 15, 0.398946
0.401754450628432, 1.18530066815145, -0.0157831329579295, 20, 15, 0.399842
0.401754450628432, 1.18841870824053, -0.0157827931808877, 20, 15, 0.40045
0.401754450628432, 1.19153674832962, -0.0157824553100931, 20, 15, 0.400001
0.401754450628432, 1.19465478841871, -0.0157821193924264, 20, 15, 0.399883
0.401754450628432, 1.1977728285078, -0.0157817854749522, 20, 15, 0.399887
0.401754450628432, 1.20089086859688, -0.0157814536049166, 20, 15, 0.399945
0.401754450628432, 1.20400890868597, -0.0157811238297444, 20, 15, 0.399816
0.401754450628432, 1.20712694877506, -0.0157807961970373, 20, 15, 0.399816
0.401754450628432, 1.21024498886414, -0.0157804707545712, 20, 15, 0.399747
0.401754450628432, 1.21336302895323, -0.0157801475502941, 20, 15, 0.399891
0.401754450628432, 1.21648106904232, -0.0157798266323233, 20, 15, 0.399793
0.401754450628432, 1.2195991091314, -0.0157795080489435, 20, 15, 0.399804
0.401754450628432, 1.22271714922049, -0.0157791918486041, 20, 15, 0.407827
0.401754450628432, 1.22583518930958, -0.0157788780799171, 20, 15, 0.400099
0.401754450628432, 1.22895322939866, -0.0157785667916545, 20, 15, 0.3999
0.401754450628432, 1.23207126948775, -0.0157782580327456, 20, 15, 0.39987
0.401754450628432, 1.23518930957684, -0.0157779518522753, 20, 15, 0.400165
0.401754450628432, 1.23830734966592, -0.0157776482994813, 20, 15, 0.403505
0.401754450628432, 1.24142538975501, -0.0157773474237514, 20, 15, 0.400397
0.401754450628432, 1.2445434298441, -0.0157770492746219, 20, 15, 0.399883
0.401754450628432, 1.24766146993318, -0.0157767538496667, 20, 14, 0.370509
0.401754450628432, 1.25077951002227, -0.0157764613054452, 20, 14, 0.379281
0.401754450628432, 1.25389755011136, -0.0157761716371742, 20, 14, 0.388538
0.401754450628432, 1.25701559020045, -0.0157758848949636, 20, 14, 0.389617
0.401754450628432, 1.26013363028953, -0.0157756011290585, 20, 14, 0.378673
0.401754450628432, 1.26325167037862, -0.0157753203898375, 20, 14, 0.38957
0.401754450628432, 1.26636971046771, -0.0157750427278097, 20, 14, 0.414977
0.401754450628432, 1.26948775055679, -0.0157747681936128, 20, 14, 0.371381
0.401754450628432, 1.27260579064588, -0.0157744968380102, 20, 14, 0.37546
0.401754450628432, 1.27572383073497, -0.0157742287118891, 20, 14, 0.413912
0.401754450628432, 1.27884187082405, -0.0157739638662576, 20, 14, 0.383231
0.401754450628432, 1.28195991091314, -0.0157737023522424, 20, 14, 0.370536
0.401754450628432, 1.28507795100223, -0.0157734442210866, 20, 14, 0.37051
0.401754450628432, 1.28819599109131, -0.0157731895241472, 20, 14, 0.37048
0.401754450628432, 1.2913140311804, -0.0157729383128924, 20, 14, 0.370664
0.401754450628432, 1.29443207126949, -0.0157726906388994, 20, 14, 0.370498
0.401754450628432, 1.29755011135857, -0.015772446553852, 20, 14, 0.386469
0.401754450628432, 1.30066815144766, -0.0157722061095383, 20, 14, 0.401334
0.401754450628432, 1.30378619153675, -0.0157719693578477, 20, 14, 0.370423
0.401754450628432, 1.30690423162584, -0.0157717363507694, 20, 14, 0.37137
0.401754450628432, 1.31002227171492, -0.0157715071403892, 20, 14, 0.370486
0.401754450628432, 1.31314031180401, -0.0157712817788872, 20, 14, 0.370443
0.401754450628432, 1.3162583518931, -0.015771060318536, 20, 14, 0.370385
0.401754450628432, 1.31937639198218, -0.0157708428116975, 20, 14, 0.37054
0.401754450628432, 1.32249443207127, -0.0157706293108209, 20, 14, 0.370361
0.401754450628432, 1.32561247216036, -0.0157704198684404, 20, 14, 0.37035
0.401754450628432, 1.32873051224944, -0.0157702145371725, 20, 14, 0.370341
0.401754450628432, 1.33184855233853, -0.0157700133697138, 20, 14, 0.370358
0.401754450628432, 1.33496659242762, -0.0157698164188383, 20, 14, 0.370357
0.401754450628432, 1.3380846325167, -0.0157696237373958, 20, 14, 0.371084
0.401754450628432, 1.34120267260579, -0.0157694353783084, 20, 14, 0.374085
0.401754450628432, 1.34432071269488, -0.0157692513945691, 20, 14, 0.370406
0.401754450628432, 1.34743875278396, -0.0157690718392389, 20, 14, 0.370376
0.401754450628432, 1.35055679287305, -0.0157688967147785, 20, 13, 0.341241
0.401754450628432, 1.35367483296214, -0.0157687261779894, 20, 13, 0.348423
0.401754450628432, 1.35679287305122, -0.015768560229075, 20, 13, 0.341083
0.401754450628432, 1.35991091314031, -0.0157683989213497, 20, 13, 0.341111
0.401754450628432, 1.3630289532294, -0.0157682423081841, 20, 13, 0.341099
0.401754450628432, 1.36614699331849, -0.0157680904430024, 20, 13, 0.341158
0.401754450628432, 1.36926503340757, -0.0157679433792804, 20, 13, 0.341326
0.401754450628432, 1.37238307349666, -0.0157678011705429, 20, 13, 0.341102
0.401754450628432, 1.37550111358575, -0.0157676638703616, 20, 13, 0.341085
0.401754450628432, 1.37861915367483, -0.0157675315323528, 20, 13, 0.341109
0.401754450628432, 1.38173719376392, -0.0157674042101766, 20, 13, 0.342877
0.401754450628432, 1.38485523385301, -0.0157672819575277, 20, 13, 0.342914
0.401754450628432, 1.38797327394209, -0.0157671648281437, 20, 13, 0.342896
0.401754450628432, 1.39109131403118, -0.0157670528757961, 20, 13, 0.34288
0.401754450628432, 1.39420935412027, -0.0157669461542889, 20, 13, 0.342904
0.401754450628432, 1.39732739420935, -0.0157668447174573, 20, 13, 0.342856
0.401754450628432, 1.40044543429844, -0.0157667486191649, 20, 13, 0.342882
0.401754450628432, 1.40356347438753, -0.0157666579133014, 20, 13, 0.342887
0.401754450628432, 1.40668151447661, -0.0157665726537808, 20, 13, 0.342879
0.401754450628432, 1.4097995545657, -0.0157664928945387, 20, 13, 0.342876
0.401754450628432, 1.41291759465479, -0.0157664186895302, 20, 13, 0.342866
0.401754450628432, 1.41603563474388, -0.0157663500927279, 20, 13, 0.342847
0.401754450628432, 1.41915367483296, -0.0157662871581193, 20, 13, 0.342833
0.401754450628432, 1.42227171492205, -0.015766229939705, 20, 13, 0.34281
0.401754450628432, 1.42538975501114, -0.0157661784914962, 20, 13, 0.343029
0.401754450628432, 1.42850779510022, -0.0157661328675125, 20, 13, 0.342812
0.401754450628432, 1.43162583518931, -0.0157660931217801, 20, 13, 0.342877
0.401754450628432, 1.4347438752784, -0.0157660593083292, 20, 13, 0.342858
0.401754450628432, 1.43786191536748, -0.0157660314811921, 20, 13, 0.346529
0.401754450628432, 1.44097995545657, -0.0157660096944009, 20, 13, 0.342844
0.401754450628432, 1.44409799554566, -0.0157659940019852, 20, 13, 0.342813
0.401754450628432, 1.44721603563474, -0.0157659844579707, 20, 13, 0.343732
0.401754450628432, 1.45033407572383, -0.0157659811163761, 20, 13, 0.342909
0.401754450628432, 1.45345211581292, -0.0157659840312116, 20, 13, 0.3429
0.401754450628432, 1.456570155902, -0.0157659932564766, 20, 13, 0.342884
0.401754450628432, 1.45968819599109, -0.0157660088461578, 20, 13, 0.342867
0.401754450628432, 1.46280623608018, -0.0157660308542268, 20, 13, 0.342866
0.401754450628432, 1.46592427616927, -0.0157660593346384, 20, 13, 0.342883
0.401754450628432, 1.46904231625835, -0.0157660943413279, 20, 13, 0.342923
0.401754450628432, 1.47216035634744, -0.0157661359282101, 20, 13, 0.34288
0.401754450628432, 1.47527839643653, -0.0157661841026812, 20, 12, 0.313576
0.401754450628432, 1.47839643652561, -0.0157662390135325, 20, 12, 0.313544
0.401754450628432, 1.4815144766147, -0.0157663006660923, 20, 12, 0.313759
0.401754450628432, 1.48463251670379, -0.0157663691141738, 20, 12, 0.313553
0.401754450628432, 1.48775055679287, -0.0157664444115587, 20, 12, 0.313592
0.401754450628432, 1.49086859688196, -0.0157665266119952, 20, 12, 0.313597
0.401754450628432, 1.49398663697105, -0.0157666157691966, 20, 12, 0.31362
0.401754450628432, 1.49710467706013, -0.0157667119368385, 20, 12, 0.313611
0.401754450628432, 1.50022271714922, -0.0157668151685577, 20, 12, 0.313927
0.401754450628432, 1.50334075723831, -0.0157669255179495, 20, 12, 0.313642
0.401754450628432, 1.50645879732739, -0.0157670430385663, 20, 12, 0.313612
0.401754450628432, 1.50957683741648, -0.0157671677839157, 20, 12, 0.313566
0.401754450628432, 1.51269487750557, -0.0157672998074581, 20, 12, 0.313545
0.401754450628432, 1.51581291759465, -0.0157674391626054, 20, 12, 0.313575
0.401754450628432, 1.51893095768374, -0.0157675859027185, 20, 12, 0.313529
0.401754450628432, 1.52204899777283, -0.0157677400811063, 20, 12, 0.313531
0.401754450628432, 1.52516703786192, -0.0157679017510229, 20, 12, 0.313523
0.401754450628432, 1.528285077951, -0.0157680709656663, 20, 12, 0.31352
0.401754450628432, 1.53140311804009, -0.0157682477781766, 20, 12, 0.313531
0.401754450628432, 1.53452115812918, -0.0157684322416339, 20, 12, 0.31355
0.401754450628432, 1.53763919821826, -0.0157686244090565, 20, 12, 0.313512
0.401754450628432, 1.54075723830735, -0.0157688243333995, 20, 12, 0.313551
0.401754450628432, 1.54387527839644, -0.0157690320675526, 20, 12, 0.313722
0.401754450628432, 1.54699331848552, -0.0157692476643386, 20, 12, 0.313589
0.401754450628432, 1.55011135857461, -0.0157694711765112, 20, 12, 0.3136
0.401754450628432, 1.5532293986637, -0.015769702656754, 20, 12, 0.313619
0.401754450628432, 1.55634743875278, -0.0157699421576781, 20, 12, 0.31388
0.401754450628432, 1.55946547884187, -0.0157701897318206, 20, 12, 0.313562
0.401754450628432, 1.56258351893096, -0.0157704454316429, 20, 12, 0.31352
0.401754450628432, 1.56570155902004, -0.0157707093095292, 20, 12, 0.313514
0.401754450628432, 1.56881959910913, -0.0157709814177844, 20, 12, 0.313512
0.401754450628432, 1.57193763919822, -0.0157712618086328, 20, 12, 0.313523
0.401754450628432, 1.57505567928731, -0.0157715505342161, 20, 12, 0.313522
0.401754450628432, 1.57817371937639, -0.0157718476465922, 20, 12, 0.313544
0.401754450628432, 1.58129175946548, -0.0157721531977332, 20, 12, 0.313538
0.401754450628432, 1.58440979955457, -0.0157724672395238, 20, 12, 0.313559
0.401754450628432, 1.58752783964365, -0.0157727898237599, 20, 12, 0.313594
0.401754450628432, 1.59064587973274, -0.0157731210021468, 20, 12, 0.313586
0.401754450628432, 1.59376391982183, -0.0157734608262978, 20, 12, 0.313569
0.401754450628432, 1.59688195991091, -0.0157738093477325, 20, 12, 0.313594
0.401754450628432, 1.6, -0.0157741666178753, 20, 12, 0.313563
# finished at Wed Apr 30 03:04:31 CEST 2014
