# starting on alcc97 at Tue Apr 29 23:33:01 CEST 2014
# casimir, -T, 0.200000,1.600000,450, -Q, 0.212088514672846, -p, 1e-08, -L, 20
# Compiler icc, using long double and plain matrix elements and plain integration
# precision=1e-08
# lfac=5
# cores=1
# L=0.212089
# T=0.2...1.6 (450)
#
# R/(L+R), T, F, lmax, nmax, time
0.212088514672846, 0.2, -0.00184134614861485, 20, 66, 1.61697
0.212088514672846, 0.203118040089087, -0.0018413449039108, 20, 65, 1.59227
0.212088514672846, 0.206236080178174, -0.0018413436018556, 20, 64, 1.56644
0.212088514672846, 0.209354120267261, -0.00184134224078604, 20, 63, 1.54235
0.212088514672846, 0.212472160356347, -0.00184134081901656, 20, 62, 1.51613
0.212088514672846, 0.215590200445434, -0.00184133933867456, 20, 62, 1.51463
0.212088514672846, 0.218708240534521, -0.00184133779059138, 20, 61, 1.58215
0.212088514672846, 0.221826280623608, -0.00184133617667158, 20, 60, 1.4685
0.212088514672846, 0.224944320712695, -0.00184133449514733, 20, 59, 1.44054
0.212088514672846, 0.228062360801782, -0.00184133274422848, 20, 58, 1.41716
0.212088514672846, 0.231180400890869, -0.00184133092604899, 20, 58, 1.4186
0.212088514672846, 0.234298440979955, -0.00184132903129889, 20, 57, 1.39285
0.212088514672846, 0.237416481069042, -0.00184132706173021, 20, 56, 1.36634
0.212088514672846, 0.240534521158129, -0.0018413250154709, 20, 55, 1.3439
0.212088514672846, 0.243652561247216, -0.00184132289491516, 20, 55, 1.34386
0.212088514672846, 0.246770601336303, -0.00184132069017112, 20, 54, 1.31849
0.212088514672846, 0.24988864142539, -0.00184131840309327, 20, 53, 1.29296
0.212088514672846, 0.253006681514477, -0.00184131603618373, 20, 53, 1.293
0.212088514672846, 0.256124721603563, -0.00184131357928861, 20, 52, 1.26967
0.212088514672846, 0.25924276169265, -0.00184131103425709, 20, 51, 1.24162
0.212088514672846, 0.262360801781737, -0.00184130840397213, 20, 51, 1.24513
0.212088514672846, 0.265478841870824, -0.00184130567751758, 20, 50, 1.21846
0.212088514672846, 0.268596881959911, -0.0018413028616615, 20, 50, 1.21888
0.212088514672846, 0.271714922048998, -0.00184129994591067, 20, 49, 1.19436
0.212088514672846, 0.274832962138085, -0.00184129693664648, 20, 49, 1.19443
0.212088514672846, 0.277951002227172, -0.0018412938236227, 20, 48, 1.168
0.212088514672846, 0.281069042316258, -0.00184129061300457, 20, 48, 1.17204
0.212088514672846, 0.284187082405345, -0.00184128729463257, 20, 47, 1.14495
0.212088514672846, 0.287305122494432, -0.0018412838746152, 20, 47, 1.14528
0.212088514672846, 0.290423162583519, -0.00184128034272544, 20, 46, 1.16618
0.212088514672846, 0.293541202672606, -0.00184127670517271, 20, 46, 1.39037
0.212088514672846, 0.296659242761693, -0.00184127295150533, 20, 45, 1.51349
0.212088514672846, 0.29977728285078, -0.0018412690881985, 20, 45, 1.09634
0.212088514672846, 0.302895322939866, -0.00184126510440661, 20, 44, 1.1493
0.212088514672846, 0.306013363028953, -0.00184126100705239, 20, 44, 1.39153
0.212088514672846, 0.30913140311804, -0.00184125678470442, 20, 43, 1.6818
0.212088514672846, 0.312249443207127, -0.00184125244494313, 20, 43, 1.04509
0.212088514672846, 0.315367483296214, -0.0018412479803652, 20, 43, 1.04553
0.212088514672846, 0.318485523385301, -0.00184124338493793, 20, 42, 1.01916
0.212088514672846, 0.321603563474388, -0.00184123866526741, 20, 42, 1.02202
0.212088514672846, 0.324721603563474, -0.00184123380997063, 20, 41, 0.995335
0.212088514672846, 0.327839643652561, -0.00184122882670623, 20, 41, 0.993952
0.212088514672846, 0.330957683741648, -0.00184122370798531, 20, 41, 0.995328
0.212088514672846, 0.334075723830735, -0.00184121844745074, 20, 40, 0.972263
0.212088514672846, 0.337193763919822, -0.00184121305225554, 20, 40, 0.971635
0.212088514672846, 0.340311804008909, -0.00184120751516721, 20, 40, 0.971583
0.212088514672846, 0.343429844097996, -0.00184120182989268, 20, 39, 0.944005
0.212088514672846, 0.346547884187082, -0.00184119600336282, 20, 39, 0.947122
0.212088514672846, 0.349665924276169, -0.00184119002845308, 20, 39, 0.947789
0.212088514672846, 0.352783964365256, -0.00184118389882029, 20, 38, 1.04681
0.212088514672846, 0.355902004454343, -0.00184117762143882, 20, 38, 0.921392
0.212088514672846, 0.35902004454343, -0.00184117118915373, 20, 38, 0.927592
0.212088514672846, 0.362138084632517, -0.00184116459545394, 20, 37, 0.907496
0.212088514672846, 0.365256124721604, -0.00184115784762792, 20, 37, 0.906629
0.212088514672846, 0.36837416481069, -0.0018411509383498, 20, 37, 0.909364
0.212088514672846, 0.371492204899777, -0.0018411438608085, 20, 36, 0.880541
0.212088514672846, 0.374610244988864, -0.00184113662290557, 20, 36, 0.881408
0.212088514672846, 0.377728285077951, -0.00184112921698898, 20, 36, 0.881925
0.212088514672846, 0.380846325167038, -0.00184112164091434, 20, 36, 0.882907
0.212088514672846, 0.383964365256125, -0.00184111388817336, 20, 35, 0.85591
0.212088514672846, 0.387082405345212, -0.0018411059659812, 20, 35, 0.848801
0.212088514672846, 0.390200445434298, -0.00184109786707149, 20, 35, 0.848145
0.212088514672846, 0.393318485523385, -0.0018410895843511, 20, 34, 0.824522
0.212088514672846, 0.396436525612472, -0.00184108112629152, 20, 34, 0.823607
0.212088514672846, 0.399554565701559, -0.00184107248496816, 20, 34, 0.823857
0.212088514672846, 0.402672605790646, -0.0018410636582466, 20, 34, 0.824532
0.212088514672846, 0.405790645879733, -0.00184105463902891, 20, 33, 0.797188
0.212088514672846, 0.40890868596882, -0.00184104543580659, 20, 33, 0.797196
0.212088514672846, 0.412026726057906, -0.00184103604067807, 20, 33, 0.80044
0.212088514672846, 0.415144766146993, -0.00184102645152331, 20, 33, 0.799472
0.212088514672846, 0.41826280623608, -0.00184101666105493, 20, 32, 0.773346
0.212088514672846, 0.421380846325167, -0.00184100667820428, 20, 32, 0.773362
0.212088514672846, 0.424498886414254, -0.00184099649487767, 20, 32, 0.773387
0.212088514672846, 0.427616926503341, -0.00184098610897755, 20, 32, 0.773868
0.212088514672846, 0.430734966592428, -0.00184097551840911, 20, 32, 0.773428
0.212088514672846, 0.433853006681514, -0.00184096471623849, 20, 31, 0.749083
0.212088514672846, 0.436971046770601, -0.00184095371071402, 20, 31, 0.748402
0.212088514672846, 0.440089086859688, -0.0018409424941768, 20, 31, 0.749243
0.212088514672846, 0.443207126948775, -0.00184093106456427, 20, 31, 0.758866
0.212088514672846, 0.446325167037862, -0.00184091941981954, 20, 31, 0.76154
0.212088514672846, 0.449443207126949, -0.00184090755313384, 20, 30, 0.728392
0.212088514672846, 0.452561247216036, -0.00184089547259973, 20, 30, 0.725498
0.212088514672846, 0.455679287305123, -0.00184088317072553, 20, 30, 0.735458
0.212088514672846, 0.458797327394209, -0.00184087064549591, 20, 30, 0.907541
0.212088514672846, 0.461915367483296, -0.00184085789490388, 20, 30, 0.77629
0.212088514672846, 0.465033407572383, -0.0018408449120485, 20, 29, 0.819272
0.212088514672846, 0.46815144766147, -0.00184083170536524, 20, 29, 1.03164
0.212088514672846, 0.471269487750557, -0.00184081826727882, 20, 29, 0.914781
0.212088514672846, 0.474387527839644, -0.00184080459583287, 20, 29, 1.35107
0.212088514672846, 0.477505567928731, -0.00184079068908173, 20, 29, 1.4078
0.212088514672846, 0.480623608017817, -0.00184077653979308, 20, 28, 0.826815
0.212088514672846, 0.483741648106904, -0.00184076215728678, 20, 28, 0.684901
0.212088514672846, 0.486859688195991, -0.0018407475336317, 20, 28, 0.684908
0.212088514672846, 0.489977728285078, -0.00184073266694177, 20, 28, 0.686107
0.212088514672846, 0.493095768374165, -0.00184071755534391, 20, 28, 0.685263
0.212088514672846, 0.496213808463252, -0.00184070219697874, 20, 28, 0.684535
0.212088514672846, 0.499331848552339, -0.00184068658470353, 20, 27, 0.656449
0.212088514672846, 0.502449888641425, -0.00184067072790766, 20, 27, 0.654646
0.212088514672846, 0.505567928730512, -0.00184065461878196, 20, 27, 0.655024
0.212088514672846, 0.508685968819599, -0.00184063825553694, 20, 27, 0.657181
0.212088514672846, 0.511804008908686, -0.00184062163639888, 20, 27, 0.659106
0.212088514672846, 0.514922048997773, -0.00184060475961054, 20, 27, 0.658581
0.212088514672846, 0.51804008908686, -0.00184058762343174, 20, 27, 0.657026
0.212088514672846, 0.521158129175947, -0.00184057022116914, 20, 26, 0.630481
0.212088514672846, 0.524276169265034, -0.00184055256162543, 20, 26, 0.630809
0.212088514672846, 0.52739420935412, -0.0018405346375151, 20, 26, 0.630077
0.212088514672846, 0.530512249443207, -0.00184051644717932, 20, 26, 0.63558
0.212088514672846, 0.533630289532294, -0.0018404979889783, 20, 26, 0.635552
0.212088514672846, 0.536748329621381, -0.00184047926129187, 20, 26, 0.635516
0.212088514672846, 0.539866369710468, -0.00184046026252006, 20, 26, 0.63005
0.212088514672846, 0.542984409799555, -0.00184044098609904, 20, 25, 0.600968
0.212088514672846, 0.546102449888642, -0.00184042144098626, 20, 25, 0.600513
0.212088514672846, 0.549220489977728, -0.00184040162005502, 20, 25, 0.600351
0.212088514672846, 0.552338530066815, -0.00184038152179789, 20, 25, 0.602618
0.212088514672846, 0.555456570155902, -0.00184036114472947, 20, 25, 0.606554
0.212088514672846, 0.558574610244989, -0.00184034048738691, 20, 25, 0.606461
0.212088514672846, 0.561692650334076, -0.00184031954833049, 20, 25, 0.606419
0.212088514672846, 0.564810690423163, -0.00184029832080162, 20, 24, 0.580214
0.212088514672846, 0.567928730512249, -0.0018402768146564, 20, 24, 0.580217
0.212088514672846, 0.571046770601336, -0.00184025502256247, 20, 24, 0.5801
0.212088514672846, 0.574164810690423, -0.00184023294318357, 20, 24, 0.580754
0.212088514672846, 0.57728285077951, -0.00184021057520828, 20, 24, 0.582792
0.212088514672846, 0.580400890868597, -0.00184018791735049, 20, 24, 0.581664
0.212088514672846, 0.583518930957684, -0.00184016496834996, 20, 24, 0.581203
0.212088514672846, 0.586636971046771, -0.0018401417269727, 20, 24, 0.582019
0.212088514672846, 0.589755011135857, -0.00184011818651019, 20, 23, 0.554638
0.212088514672846, 0.592873051224944, -0.00184009435734213, 20, 23, 0.549369
0.212088514672846, 0.595991091314031, -0.00184007023220148, 20, 23, 0.549316
0.212088514672846, 0.599109131403118, -0.00184004580996962, 20, 23, 0.550177
0.212088514672846, 0.602227171492205, -0.00184002108955579, 20, 23, 0.550838
0.212088514672846, 0.605345211581292, -0.00183999606989765, 20, 23, 0.550041
0.212088514672846, 0.608463251670379, -0.00183997074996166, 20, 23, 0.550632
0.212088514672846, 0.611581291759466, -0.00183994512874355, 20, 23, 0.54981
0.212088514672846, 0.614699331848552, -0.00183991920526876, 20, 23, 0.550714
0.212088514672846, 0.617817371937639, -0.0018398929730731, 20, 22, 0.525817
0.212088514672846, 0.620935412026726, -0.00183986644281796, 20, 22, 0.525522
0.212088514672846, 0.624053452115813, -0.00183983960751275, 20, 22, 0.525514
0.212088514672846, 0.6271714922049, -0.00183981246631068, 20, 22, 0.525867
0.212088514672846, 0.630289532293987, -0.00183978501839618, 20, 22, 0.52689
0.212088514672846, 0.633407572383074, -0.00183975726298527, 20, 22, 0.525886
0.212088514672846, 0.63652561247216, -0.00183972919932598, 20, 22, 0.526072
0.212088514672846, 0.639643652561247, -0.00183970082669873, 20, 22, 0.525991
0.212088514672846, 0.642761692650334, -0.00183967214441675, 20, 22, 0.526168
0.212088514672846, 0.645879732739421, -0.00183964315182643, 20, 22, 0.526028
0.212088514672846, 0.648997772828508, -0.00183961384283484, 20, 21, 0.498964
0.212088514672846, 0.652115812917595, -0.00183958422830997, 20, 21, 0.498956
0.212088514672846, 0.655233853006682, -0.00183955430167144, 20, 21, 0.499201
0.212088514672846, 0.658351893095768, -0.00183952406240623, 20, 21, 0.499943
0.212088514672846, 0.661469933184855, -0.00183949351003586, 20, 21, 0.499662
0.212088514672846, 0.664587973273942, -0.00183946264411674, 20, 21, 0.503078
0.212088514672846, 0.667706013363029, -0.00183943146424053, 20, 21, 0.503692
0.212088514672846, 0.670824053452116, -0.0018393999700345, 20, 21, 0.51101
0.212088514672846, 0.673942093541203, -0.00183936816116185, 20, 21, 0.510403
0.212088514672846, 0.67706013363029, -0.00183933603732206, 20, 21, 0.509473
0.212088514672846, 0.680178173719376, -0.00183930359825122, 20, 21, 0.502591
0.212088514672846, 0.683296213808463, -0.00183927083828366, 20, 20, 0.478403
0.212088514672846, 0.68641425389755, -0.00183923776858939, 20, 20, 0.483414
0.212088514672846, 0.689532293986637, -0.00183920438305242, 20, 20, 1.08417
0.212088514672846, 0.692650334075724, -0.00183917068156212, 20, 20, 0.954994
0.212088514672846, 0.695768374164811, -0.00183913666404567, 20, 20, 0.735431
0.212088514672846, 0.698886414253898, -0.00183910233046835, 20, 20, 0.693554
0.212088514672846, 0.702004454342984, -0.00183906768083388, 20, 20, 0.772548
0.212088514672846, 0.705122494432071, -0.00183903271518471, 20, 20, 0.517856
0.212088514672846, 0.708240534521158, -0.00183899743360229, 20, 20, 0.713042
0.212088514672846, 0.711358574610245, -0.00183896183620738, 20, 20, 0.85406
0.212088514672846, 0.714476614699332, -0.00183892592316035, 20, 20, 0.953776
0.212088514672846, 0.717594654788419, -0.00183888969466139, 20, 20, 0.757696
0.212088514672846, 0.720712694877506, -0.00183885314545665, 20, 19, 0.572128
0.212088514672846, 0.723830734966592, -0.00183881628727935, 20, 19, 0.458333
0.212088514672846, 0.726948775055679, -0.00183877911445346, 20, 19, 0.457247
0.212088514672846, 0.730066815144766, -0.00183874162734452, 20, 19, 0.4575
0.212088514672846, 0.733184855233853, -0.00183870382635892, 20, 19, 0.45766
0.212088514672846, 0.73630289532294, -0.00183866571194419, 20, 19, 0.457589
0.212088514672846, 0.739420935412027, -0.00183862728458921, 20, 19, 0.459498
0.212088514672846, 0.742538975501114, -0.00183858854482452, 20, 19, 0.463341
0.212088514672846, 0.7456570155902, -0.0018385494932225, 20, 19, 0.456497
0.212088514672846, 0.748775055679287, -0.00183851013039766, 20, 19, 0.455954
0.212088514672846, 0.751893095768374, -0.0018384704570068, 20, 19, 0.45536
0.212088514672846, 0.755011135857461, -0.0018384304737493, 20, 19, 0.455996
0.212088514672846, 0.758129175946548, -0.00183839018136732, 20, 19, 0.455882
0.212088514672846, 0.761247216035635, -0.00183834958064597, 20, 19, 0.456851
0.212088514672846, 0.764365256124722, -0.00183830866714966, 20, 18, 0.430145
0.212088514672846, 0.767483296213809, -0.00183826745270027, 20, 18, 0.43051
0.212088514672846, 0.770601336302895, -0.00183822593249304, 20, 18, 0.429404
0.212088514672846, 0.773719376391982, -0.00183818410748972, 20, 18, 0.428988
0.212088514672846, 0.776837416481069, -0.00183814197869581, 20, 18, 0.43318
0.212088514672846, 0.779955456570156, -0.00183809954716075, 20, 18, 0.432869
0.212088514672846, 0.783073496659243, -0.0018380568139781, 20, 18, 0.429079
0.212088514672846, 0.78619153674833, -0.00183801378028576, 20, 18, 0.435191
0.212088514672846, 0.789309576837417, -0.0018379704472661, 20, 18, 0.435422
0.212088514672846, 0.792427616926503, -0.00183792681614618, 20, 18, 0.435676
0.212088514672846, 0.79554565701559, -0.00183788288819786, 20, 18, 0.435042
0.212088514672846, 0.798663697104677, -0.00183783866473804, 20, 18, 0.431568
0.212088514672846, 0.801781737193764, -0.00183779414712875, 20, 18, 0.426876
0.212088514672846, 0.804899777282851, -0.00183774933677732, 20, 18, 0.468498
0.212088514672846, 0.808017817371938, -0.00183770423513654, 20, 18, 0.427278
0.212088514672846, 0.811135857461025, -0.00183765883838071, 20, 17, 0.40057
0.212088514672846, 0.814253897550111, -0.0018376131591065, 20, 17, 0.402722
0.212088514672846, 0.817371937639198, -0.00183756719314474, 20, 17, 0.407953
0.212088514672846, 0.820489977728285, -0.00183752094213368, 20, 17, 0.405214
0.212088514672846, 0.823608017817372, -0.00183747440775751, 20, 17, 0.404825
0.212088514672846, 0.826726057906459, -0.00183742759174646, 20, 17, 0.405017
0.212088514672846, 0.829844097995546, -0.00183738049587695, 20, 17, 0.405592
0.212088514672846, 0.832962138084633, -0.00183733312197169, 20, 17, 0.405228
0.212088514672846, 0.836080178173719, -0.00183728547189983, 20, 17, 0.405515
0.212088514672846, 0.839198218262806, -0.00183723754757699, 20, 17, 0.405507
0.212088514672846, 0.842316258351893, -0.00183718935096545, 20, 17, 0.404409
0.212088514672846, 0.84543429844098, -0.00183714088407419, 20, 17, 0.405824
0.212088514672846, 0.848552338530067, -0.00183709214895899, 20, 17, 0.405708
0.212088514672846, 0.851670378619154, -0.00183704314772253, 20, 17, 0.406188
0.212088514672846, 0.854788418708241, -0.00183699388251447, 20, 17, 0.405745
0.212088514672846, 0.857906458797328, -0.0018369443555315, 20, 17, 0.411045
0.212088514672846, 0.861024498886414, -0.00183689456901745, 20, 17, 0.404698
0.212088514672846, 0.864142538975501, -0.00183684451990977, 20, 16, 0.38049
0.212088514672846, 0.867260579064588, -0.00183679422163753, 20, 16, 0.380846
0.212088514672846, 0.870378619153675, -0.00183674367082163, 20, 16, 0.376712
0.212088514672846, 0.873496659242762, -0.00183669286989695, 20, 16, 0.376749
0.212088514672846, 0.876614699331849, -0.00183664182134564, 20, 16, 0.386712
0.212088514672846, 0.879732739420936, -0.00183659052769714, 20, 16, 0.376446
0.212088514672846, 0.882850779510022, -0.00183653899152831, 20, 16, 0.376961
0.212088514672846, 0.885968819599109, -0.00183648721546338, 20, 16, 0.376652
0.212088514672846, 0.889086859688196, -0.00183643520217404, 20, 16, 0.37721
0.212088514672846, 0.892204899777283, -0.00183638295437946, 20, 16, 0.376829
0.212088514672846, 0.89532293986637, -0.00183633047484631, 20, 16, 0.376634
0.212088514672846, 0.898440979955457, -0.00183627776638881, 20, 16, 0.381945
0.212088514672846, 0.901559020044544, -0.00183622483186869, 20, 16, 0.37894
0.212088514672846, 0.90467706013363, -0.00183617167419529, 20, 16, 0.376794
0.212088514672846, 0.907795100222717, -0.00183611829632548, 20, 16, 0.377345
0.212088514672846, 0.910913140311804, -0.00183606470126371, 20, 16, 0.396933
0.212088514672846, 0.914031180400891, -0.001836010892062, 20, 16, 0.37638
0.212088514672846, 0.917149220489978, -0.00183595687181995, 20, 16, 0.376362
0.212088514672846, 0.920267260579065, -0.0018359026436847, 20, 16, 0.376889
0.212088514672846, 0.923385300668152, -0.00183584821085093, 20, 16, 0.376433
0.212088514672846, 0.926503340757238, -0.00183579357142595, 20, 15, 0.350459
0.212088514672846, 0.929621380846325, -0.00183573873931518, 20, 15, 0.350893
0.212088514672846, 0.932739420935412, -0.00183568371235173, 20, 15, 0.349864
0.212088514672846, 0.935857461024499, -0.00183562849392178, 20, 15, 0.350698
0.212088514672846, 0.938975501113586, -0.00183557308745878, 20, 15, 0.350878
0.212088514672846, 0.942093541202673, -0.00183551749644347, 20, 15, 0.351728
0.212088514672846, 0.945211581291759, -0.00183546172440378, 20, 15, 0.352622
0.212088514672846, 0.948329621380847, -0.00183540577491487, 20, 15, 0.351346
0.212088514672846, 0.951447661469933, -0.00183534965159898, 20, 15, 0.350057
0.212088514672846, 0.95456570155902, -0.00183529335812546, 20, 15, 0.351283
0.212088514672846, 0.957683741648107, -0.00183523689821068, 20, 15, 0.350081
0.212088514672846, 0.960801781737194, -0.00183518027561799, 20, 15, 0.352462
0.212088514672846, 0.963919821826281, -0.00183512349415759, 20, 15, 0.353292
0.212088514672846, 0.967037861915368, -0.00183506655768657, 20, 15, 0.352489
0.212088514672846, 0.970155902004454, -0.00183500947010871, 20, 15, 0.355704
0.212088514672846, 0.973273942093541, -0.00183495223537452, 20, 15, 0.359544
0.212088514672846, 0.976391982182628, -0.00183489485748107, 20, 15, 0.351422
0.212088514672846, 0.979510022271715, -0.00183483734047195, 20, 15, 0.351563
0.212088514672846, 0.982628062360802, -0.00183477968843714, 20, 15, 0.353321
0.212088514672846, 0.985746102449889, -0.00183472190551297, 20, 15, 0.352103
0.212088514672846, 0.988864142538975, -0.00183466399588198, 20, 15, 0.351279
0.212088514672846, 0.991982182628063, -0.00183460596377282, 20, 15, 0.351398
0.212088514672846, 0.995100222717149, -0.00183454781346016, 20, 15, 0.353003
0.212088514672846, 0.998218262806236, -0.00183448954436339, 20, 14, 0.325128
0.212088514672846, 1.00133630289532, -0.00183443117096017, 20, 14, 0.326276
0.212088514672846, 1.00445434298441, -0.00183437269243296, 20, 14, 0.326974
0.212088514672846, 1.0075723830735, -0.00183431411324052, 20, 14, 0.387767
0.212088514672846, 1.01069042316258, -0.00183425543788699, 20, 14, 0.407279
0.212088514672846, 1.01380846325167, -0.00183419667092167, 20, 14, 0.55882
0.212088514672846, 1.01692650334076, -0.00183413781693901, 20, 14, 0.538042
0.212088514672846, 1.02004454342984, -0.00183407888057835, 20, 14, 0.504882
0.212088514672846, 1.02316258351893, -0.0018340198665239, 20, 14, 0.499973
0.212088514672846, 1.02628062360802, -0.00183396077950451, 20, 14, 0.440913
0.212088514672846, 1.0293986636971, -0.00183390162429356, 20, 14, 0.388077
0.212088514672846, 1.03251670378619, -0.00183384240570883, 20, 14, 0.421089
0.212088514672846, 1.03563474387528, -0.00183378312861231, 20, 14, 0.541529
0.212088514672846, 1.03875278396437, -0.00183372379791007, 20, 14, 0.465262
0.212088514672846, 1.04187082405345, -0.00183366441855208, 20, 14, 0.32632
0.212088514672846, 1.04498886414254, -0.00183360499553208, 20, 14, 0.327161
0.212088514672846, 1.04810690423163, -0.00183354553388736, 20, 14, 0.328627
0.212088514672846, 1.05122494432071, -0.00183348603869865, 20, 14, 0.328803
0.212088514672846, 1.0543429844098, -0.00183342651508989, 20, 14, 0.33204
0.212088514672846, 1.05746102449889, -0.00183336696822809, 20, 14, 0.330322
0.212088514672846, 1.06057906458797, -0.00183330740332313, 20, 14, 0.329695
0.212088514672846, 1.06369710467706, -0.00183324782562759, 20, 14, 0.328558
0.212088514672846, 1.06681514476615, -0.00183318824043656, 20, 14, 0.328555
0.212088514672846, 1.06993318485523, -0.00183312865308742, 20, 14, 0.333782
0.212088514672846, 1.07305122494432, -0.00183306906895967, 20, 14, 0.329638
0.212088514672846, 1.07616926503341, -0.00183300949347476, 20, 14, 0.32754
0.212088514672846, 1.07928730512249, -0.00183294993209583, 20, 14, 0.330189
0.212088514672846, 1.08240534521158, -0.0018328903857551, 20, 13, 0.304829
0.212088514672846, 1.08552338530067, -0.0018328308694118, 20, 13, 0.30618
0.212088514672846, 1.08864142538976, -0.00183277138379647, 20, 13, 0.303967
0.212088514672846, 1.09175946547884, -0.00183271193453798, 20, 13, 0.304444
0.212088514672846, 1.09487750556793, -0.00183265252730581, 20, 13, 0.304068
0.212088514672846, 1.09799554565702, -0.00183259316780982, 20, 13, 0.304904
0.212088514672846, 1.1011135857461, -0.00183253386180009, 20, 13, 0.305494
0.212088514672846, 1.10423162583519, -0.00183247461506661, 20, 13, 0.303875
0.212088514672846, 1.10734966592428, -0.00183241543343912, 20, 13, 0.304346
0.212088514672846, 1.11046770601336, -0.00183235632278685, 20, 13, 0.308031
0.212088514672846, 1.11358574610245, -0.00183229728901832, 20, 13, 0.305098
0.212088514672846, 1.11670378619154, -0.00183223833808106, 20, 13, 0.303419
0.212088514672846, 1.11982182628062, -0.00183217947596139, 20, 13, 0.303508
0.212088514672846, 1.12293986636971, -0.00183212070868421, 20, 13, 0.305968
0.212088514672846, 1.1260579064588, -0.00183206204231271, 20, 13, 0.305879
0.212088514672846, 1.12917594654788, -0.00183200348294816, 20, 13, 0.305624
0.212088514672846, 1.13229398663697, -0.00183194503672964, 20, 13, 0.306529
0.212088514672846, 1.13541202672606, -0.00183188670983378, 20, 13, 0.306584
0.212088514672846, 1.13853006681514, -0.00183182850847455, 20, 13, 0.305632
0.212088514672846, 1.14164810690423, -0.00183177043890294, 20, 13, 0.307535
0.212088514672846, 1.14476614699332, -0.00183171250740677, 20, 13, 0.304511
0.212088514672846, 1.14788418708241, -0.00183165472031035, 20, 13, 0.301636
0.212088514672846, 1.15100222717149, -0.00183159708397431, 20, 13, 0.302083
0.212088514672846, 1.15412026726058, -0.00183153960479523, 20, 13, 0.301448
0.212088514672846, 1.15723830734967, -0.00183148228920545, 20, 13, 0.301035
0.212088514672846, 1.16035634743875, -0.00183142514367276, 20, 13, 0.302508
0.212088514672846, 1.16347438752784, -0.00183136817470014, 20, 13, 0.301889
0.212088514672846, 1.16659242761693, -0.00183131138882547, 20, 13, 0.30258
0.212088514672846, 1.16971046770601, -0.00183125479262127, 20, 13, 0.303726
0.212088514672846, 1.1728285077951, -0.0018311983926944, 20, 13, 0.3042
0.212088514672846, 1.17594654788419, -0.00183114219568581, 20, 13, 0.30383
0.212088514672846, 1.17906458797327, -0.0018310862038578, 20, 12, 0.2789
0.212088514672846, 1.18218262806236, -0.00183103043298306, 20, 12, 0.278654
0.212088514672846, 1.18530066815145, -0.00183097488513793, 20, 12, 0.277317
0.212088514672846, 1.18841870824053, -0.00183091956709743, 20, 12, 0.279715
0.212088514672846, 1.19153674832962, -0.00183086448566914, 20, 12, 0.27727
0.212088514672846, 1.19465478841871, -0.00183080964769298, 20, 12, 0.279717
0.212088514672846, 1.1977728285078, -0.00183075506004081, 20, 12, 0.277244
0.212088514672846, 1.20089086859688, -0.00183070072961619, 20, 12, 0.280288
0.212088514672846, 1.20400890868597, -0.00183064666335411, 20, 12, 0.278302
0.212088514672846, 1.20712694877506, -0.00183059286822061, 20, 12, 0.278578
0.212088514672846, 1.21024498886414, -0.00183053935121253, 20, 12, 0.277254
0.212088514672846, 1.21336302895323, -0.00183048611935721, 20, 12, 0.276372
0.212088514672846, 1.21648106904232, -0.00183043317971215, 20, 12, 0.280378
0.212088514672846, 1.2195991091314, -0.00183038053936471, 20, 12, 0.277674
0.212088514672846, 1.22271714922049, -0.00183032820543182, 20, 12, 0.277689
0.212088514672846, 1.22583518930958, -0.00183027618505964, 20, 12, 0.276786
0.212088514672846, 1.22895322939866, -0.00183022448542328, 20, 12, 0.279731
0.212088514672846, 1.23207126948775, -0.00183017311372643, 20, 12, 0.278762
0.212088514672846, 1.23518930957684, -0.0018301220772011, 20, 12, 0.277158
0.212088514672846, 1.23830734966592, -0.00183007138310727, 20, 12, 0.277256
0.212088514672846, 1.24142538975501, -0.00183002103873258, 20, 12, 0.278591
0.212088514672846, 1.2445434298441, -0.001829971051392, 20, 12, 0.279771
0.212088514672846, 1.24766146993318, -0.0018299214284275, 20, 12, 0.277295
0.212088514672846, 1.25077951002227, -0.00182987217720775, 20, 12, 0.277356
0.212088514672846, 1.25389755011136, -0.00182982330512778, 20, 12, 0.278931
0.212088514672846, 1.25701559020045, -0.00182977481960865, 20, 12, 0.280038
0.212088514672846, 1.26013363028953, -0.00182972672809711, 20, 12, 0.277198
0.212088514672846, 1.26325167037862, -0.00182967903806531, 20, 12, 0.277248
0.212088514672846, 1.26636971046771, -0.00182963175701041, 20, 12, 0.277491
0.212088514672846, 1.26948775055679, -0.0018295848924543, 20, 12, 0.277862
0.212088514672846, 1.27260579064588, -0.00182953845194324, 20, 12, 0.277261
0.212088514672846, 1.27572383073497, -0.00182949244304753, 20, 12, 0.277285
0.212088514672846, 1.27884187082405, -0.00182944687336119, 20, 12, 0.278601
0.212088514672846, 1.28195991091314, -0.00182940175050157, 20, 12, 0.278187
0.212088514672846, 1.28507795100223, -0.0018293570821091, 20, 12, 0.277378
0.212088514672846, 1.28819599109131, -0.00182931287584685, 20, 12, 0.277342
0.212088514672846, 1.2913140311804, -0.00182926913940028, 20, 12, 0.277142
0.212088514672846, 1.29443207126949, -0.00182922588047684, 20, 12, 0.277509
0.212088514672846, 1.29755011135857, -0.00182918310280738, 20, 11, 0.251245
0.212088514672846, 1.30066815144766, -0.00182914082233859, 20, 11, 0.252648
0.212088514672846, 1.30378619153675, -0.001829099042634, 20, 11, 0.252119
0.212088514672846, 1.30690423162584, -0.00182905777148618, 20, 11, 0.252209
0.212088514672846, 1.31002227171492, -0.00182901701670796, 20, 11, 0.252412
0.212088514672846, 1.31314031180401, -0.00182897678613211, 20, 11, 0.2523
0.212088514672846, 1.3162583518931, -0.00182893708761097, 20, 11, 0.253209
0.212088514672846, 1.31937639198218, -0.00182889792901611, 20, 11, 0.255266
0.212088514672846, 1.32249443207127, -0.00182885931823798, 20, 11, 0.2521
0.212088514672846, 1.32561247216036, -0.00182882126318561, 20, 11, 0.251782
0.212088514672846, 1.32873051224944, -0.00182878377178618, 20, 11, 0.251463
0.212088514672846, 1.33184855233853, -0.00182874685198473, 20, 11, 0.251331
0.212088514672846, 1.33496659242762, -0.0018287105117438, 20, 11, 0.251473
0.212088514672846, 1.3380846325167, -0.00182867475904306, 20, 11, 0.25157
0.212088514672846, 1.34120267260579, -0.00182863960187901, 20, 11, 0.251263
0.212088514672846, 1.34432071269488, -0.00182860504826455, 20, 11, 0.250979
0.212088514672846, 1.34743875278396, -0.00182857110622872, 20, 11, 0.250961
0.212088514672846, 1.35055679287305, -0.00182853778381628, 20, 11, 0.251171
0.212088514672846, 1.35367483296214, -0.00182850508908738, 20, 11, 0.251376
0.212088514672846, 1.35679287305122, -0.00182847303011723, 20, 11, 0.251353
0.212088514672846, 1.35991091314031, -0.00182844161499571, 20, 11, 0.252435
0.212088514672846, 1.3630289532294, -0.00182841085182706, 20, 11, 0.256674
0.212088514672846, 1.36614699331849, -0.00182838074872948, 20, 11, 0.257409
0.212088514672846, 1.36926503340757, -0.00182835131383482, 20, 11, 0.258429
0.212088514672846, 1.37238307349666, -0.00182832255528821, 20, 11, 0.259227
0.212088514672846, 1.37550111358575, -0.0018282944812477, 20, 11, 0.255067
0.212088514672846, 1.37861915367483, -0.00182826709988392, 20, 11, 0.251759
0.212088514672846, 1.38173719376392, -0.00182824041937972, 20, 11, 0.251786
0.212088514672846, 1.38485523385301, -0.00182821444792982, 20, 11, 0.25199
0.212088514672846, 1.38797327394209, -0.00182818919374045, 20, 11, 0.255386
0.212088514672846, 1.39109131403118, -0.00182816466502901, 20, 11, 0.256051
0.212088514672846, 1.39420935412027, -0.00182814087002372, 20, 11, 0.252021
0.212088514672846, 1.39732739420935, -0.00182811781696323, 20, 11, 0.250792
0.212088514672846, 1.40044543429844, -0.00182809551409633, 20, 11, 0.251393
0.212088514672846, 1.40356347438753, -0.00182807396968153, 20, 11, 0.250864
0.212088514672846, 1.40668151447661, -0.00182805319198676, 20, 11, 0.25214
0.212088514672846, 1.4097995545657, -0.001828033189289, 20, 11, 0.252342
0.212088514672846, 1.41291759465479, -0.0018280139698739, 20, 11, 0.253549
0.212088514672846, 1.41603563474388, -0.0018279955420355, 20, 11, 0.251518
0.212088514672846, 1.41915367483296, -0.00182797791407581, 20, 11, 0.464248
0.212088514672846, 1.42227171492205, -0.00182796109430446, 20, 11, 0.492468
0.212088514672846, 1.42538975501114, -0.00182794509103843, 20, 11, 0.492156
0.212088514672846, 1.42850779510022, -0.00182792991260158, 20, 11, 0.434507
0.212088514672846, 1.43162583518931, -0.00182791556732441, 20, 11, 0.251362
0.212088514672846, 1.4347438752784, -0.00182790206354363, 20, 11, 0.434884
0.212088514672846, 1.43786191536748, -0.00182788940960188, 20, 11, 0.357204
0.212088514672846, 1.44097995545657, -0.00182787761026189, 20, 10, 0.323568
0.212088514672846, 1.44409799554566, -0.00182786668121113, 20, 10, 0.311026
0.212088514672846, 1.44721603563474, -0.00182785662705172, 20, 10, 0.263208
0.212088514672846, 1.45033407572383, -0.00182784745614673, 20, 10, 0.251628
0.212088514672846, 1.45345211581292, -0.00182783917686335, 20, 10, 0.230785
0.212088514672846, 1.456570155902, -0.00182783179757258, 20, 10, 0.229364
0.212088514672846, 1.45968819599109, -0.00182782532664887, 20, 10, 0.22821
0.212088514672846, 1.46280623608018, -0.00182781977246979, 20, 10, 0.229267
0.212088514672846, 1.46592427616927, -0.00182781514341567, 20, 10, 0.228488
0.212088514672846, 1.46904231625835, -0.00182781144786925, 20, 10, 0.228858
0.212088514672846, 1.47216035634744, -0.00182780869421538, 20, 10, 0.228825
0.212088514672846, 1.47527839643653, -0.00182780689084064, 20, 10, 0.229391
0.212088514672846, 1.47839643652561, -0.00182780604613301, 20, 10, 0.228873
0.212088514672846, 1.4815144766147, -0.00182780616848153, 20, 10, 0.227386
0.212088514672846, 1.48463251670379, -0.00182780726627597, 20, 10, 0.226777
0.212088514672846, 1.48775055679287, -0.0018278093479065, 20, 10, 0.226777
0.212088514672846, 1.49086859688196, -0.0018278124217633, 20, 10, 0.226747
0.212088514672846, 1.49398663697105, -0.00182781649623631, 20, 10, 0.226745
0.212088514672846, 1.49710467706013, -0.00182782157971482, 20, 10, 0.227756
0.212088514672846, 1.50022271714922, -0.00182782768058718, 20, 10, 0.228326
0.212088514672846, 1.50334075723831, -0.00182783480724042, 20, 10, 0.228996
0.212088514672846, 1.50645879732739, -0.00182784296805999, 20, 10, 0.228449
0.212088514672846, 1.50957683741648, -0.00182785217142936, 20, 10, 0.229044
0.212088514672846, 1.51269487750557, -0.00182786242572973, 20, 10, 0.228844
0.212088514672846, 1.51581291759465, -0.00182787373933968, 20, 10, 0.22873
0.212088514672846, 1.51893095768374, -0.00182788612063485, 20, 10, 0.228806
0.212088514672846, 1.52204899777283, -0.00182789957798762, 20, 10, 0.23019
0.212088514672846, 1.52516703786192, -0.00182791411976675, 20, 10, 0.227786
0.212088514672846, 1.528285077951, -0.00182792975433713, 20, 10, 0.226946
0.212088514672846, 1.53140311804009, -0.00182794649005934, 20, 10, 0.228035
0.212088514672846, 1.53452115812918, -0.00182796433528946, 20, 10, 0.22851
0.212088514672846, 1.53763919821826, -0.00182798329837864, 20, 10, 0.228231
0.212088514672846, 1.54075723830735, -0.00182800338767284, 20, 10, 0.229128
0.212088514672846, 1.54387527839644, -0.00182802461151248, 20, 10, 0.228181
0.212088514672846, 1.54699331848552, -0.00182804697823215, 20, 10, 0.228964
0.212088514672846, 1.55011135857461, -0.00182807049616026, 20, 10, 0.228857
0.212088514672846, 1.5532293986637, -0.00182809517361876, 20, 10, 0.228621
0.212088514672846, 1.55634743875278, -0.0018281210189228, 20, 10, 0.229732
0.212088514672846, 1.55946547884187, -0.00182814804038042, 20, 10, 0.229388
0.212088514672846, 1.56258351893096, -0.00182817624629225, 20, 10, 0.226752
0.212088514672846, 1.56570155902004, -0.00182820564495119, 20, 10, 0.226667
0.212088514672846, 1.56881959910913, -0.0018282362446421, 20, 10, 0.226627
0.212088514672846, 1.57193763919822, -0.00182826805364152, 20, 10, 0.226898
0.212088514672846, 1.57505567928731, -0.00182830108021729, 20, 10, 0.228112
0.212088514672846, 1.57817371937639, -0.00182833533262836, 20, 10, 0.228831
0.212088514672846, 1.58129175946548, -0.00182837081912436, 20, 10, 0.230638
0.212088514672846, 1.58440979955457, -0.0018284075479454, 20, 10, 0.231483
0.212088514672846, 1.58752783964365, -0.00182844552732171, 20, 10, 0.230852
0.212088514672846, 1.59064587973274, -0.00182848476547337, 20, 10, 0.229504
0.212088514672846, 1.59376391982183, -0.00182852527060998, 20, 10, 0.231501
0.212088514672846, 1.59688195991091, -0.00182856705093043, 20, 10, 0.228223
0.212088514672846, 1.6, -0.00182861011462251, 20, 10, 0.22671
# finished at Tue Apr 29 23:36:58 CEST 2014
