# starting on alcc60 at Wed Apr 30 04:50:48 CEST 2014
# casimir, -T, 0.200000,1.600000,450, -Q, 0.627456316166812, -p, 1e-08, -L, 20
# Compiler icc, using long double and plain matrix elements and plain integration
# precision=1e-08
# lfac=5
# cores=1
# L=0.627456
# T=0.2...1.6 (450)
#
# R/(L+R), T, F, lmax, nmax, time
0.627456316166812, 0.2, -0.113013215521819, 20, 127, 4.14207
0.627456316166812, 0.203118040089087, -0.113013185630769, 20, 125, 4.05674
0.627456316166812, 0.206236080178174, -0.113013154366214, 20, 123, 3.99015
0.627456316166812, 0.209354120267261, -0.113013121679484, 20, 121, 3.9249
0.627456316166812, 0.212472160356347, -0.113013087534582, 20, 119, 3.91422
0.627456316166812, 0.215590200445434, -0.113013052083016, 20, 118, 3.82608
0.627456316166812, 0.218708240534521, -0.113013014910452, 20, 116, 3.7603
0.627456316166812, 0.221826280623608, -0.113012976156201, 20, 114, 3.79631
0.627456316166812, 0.224944320712695, -0.113012935987183, 20, 113, 3.68788
0.627456316166812, 0.228062360801782, -0.113012893957895, 20, 111, 3.75536
0.627456316166812, 0.231180400890869, -0.113012850427862, 20, 110, 3.56576
0.627456316166812, 0.234298440979955, -0.11301280495378, 20, 108, 3.5735
0.627456316166812, 0.237416481069042, -0.113012757901202, 20, 107, 3.46898
0.627456316166812, 0.240534521158129, -0.113012708808142, 20, 105, 3.40046
0.627456316166812, 0.243652561247216, -0.11301265806292, 20, 104, 3.36729
0.627456316166812, 0.246770601336303, -0.113012605406888, 20, 103, 3.33525
0.627456316166812, 0.24988864142539, -0.113012550786855, 20, 102, 3.31978
0.627456316166812, 0.253006681514477, -0.113012493950789, 20, 100, 3.24476
0.627456316166812, 0.256124721603563, -0.113012435288937, 20, 99, 3.20589
0.627456316166812, 0.25924276169265, -0.113012374535921, 20, 98, 3.17271
0.627456316166812, 0.262360801781737, -0.113012311647383, 20, 97, 3.14229
0.627456316166812, 0.265478841870824, -0.113012246578574, 20, 96, 3.10842
0.627456316166812, 0.268596881959911, -0.113012179284086, 20, 95, 3.07702
0.627456316166812, 0.271714922048998, -0.113012109718468, 20, 94, 3.04783
0.627456316166812, 0.274832962138085, -0.1130120378418, 20, 93, 3.01551
0.627456316166812, 0.277951002227172, -0.113011963359857, 20, 91, 2.9433
0.627456316166812, 0.281069042316258, -0.113011886702182, 20, 90, 2.91081
0.627456316166812, 0.284187082405345, -0.113011807828623, 20, 90, 2.91082
0.627456316166812, 0.287305122494432, -0.113011726213106, 20, 89, 2.88209
0.627456316166812, 0.290423162583519, -0.113011642046728, 20, 88, 2.84497
0.627456316166812, 0.293541202672606, -0.11301155528201, 20, 87, 2.8146
0.627456316166812, 0.296659242761693, -0.113011465870887, 20, 86, 2.77919
0.627456316166812, 0.29977728285078, -0.113011373765376, 20, 85, 2.7461
0.627456316166812, 0.302895322939866, -0.113011278917243, 20, 84, 2.71404
0.627456316166812, 0.306013363028953, -0.113011181277661, 20, 83, 2.68091
0.627456316166812, 0.30913140311804, -0.113011080804489, 20, 82, 2.64884
0.627456316166812, 0.312249443207127, -0.113010977701013, 20, 82, 2.65007
0.627456316166812, 0.315367483296214, -0.113010871408922, 20, 81, 2.61675
0.627456316166812, 0.318485523385301, -0.113010762130641, 20, 80, 2.58358
0.627456316166812, 0.321603563474388, -0.113010649816645, 20, 79, 2.55061
0.627456316166812, 0.324721603563474, -0.113010534685857, 20, 79, 2.55165
0.627456316166812, 0.327839643652561, -0.113010416170751, 20, 78, 2.51833
0.627456316166812, 0.330957683741648, -0.113010294472123, 20, 77, 2.48601
0.627456316166812, 0.334075723830735, -0.113010169539695, 20, 76, 2.45422
0.627456316166812, 0.337193763919822, -0.113010041610089, 20, 76, 2.46149
0.627456316166812, 0.340311804008909, -0.113009910084156, 20, 75, 2.54039
0.627456316166812, 0.343429844097996, -0.113009775175366, 20, 74, 2.39997
0.627456316166812, 0.346547884187082, -0.113009637125699, 20, 74, 2.479
0.627456316166812, 0.349665924276169, -0.113009495327562, 20, 73, 2.35418
0.627456316166812, 0.352783964365256, -0.11300935000393, 20, 72, 2.32196
0.627456316166812, 0.355902004454343, -0.113009201396085, 20, 72, 2.3229
0.627456316166812, 0.35902004454343, -0.11300904887934, 20, 71, 2.28998
0.627456316166812, 0.362138084632517, -0.113008892973832, 20, 71, 2.28965
0.627456316166812, 0.365256124721604, -0.113008733073937, 20, 70, 2.2576
0.627456316166812, 0.36837416481069, -0.113008569391117, 20, 69, 2.22411
0.627456316166812, 0.371492204899777, -0.113008402196068, 20, 69, 2.22479
0.627456316166812, 0.374610244988864, -0.113008230833878, 20, 68, 2.19163
0.627456316166812, 0.377728285077951, -0.113008055854444, 20, 68, 2.20176
0.627456316166812, 0.380846325167038, -0.113007876615765, 20, 67, 2.17545
0.627456316166812, 0.383964365256125, -0.113007693658144, 20, 67, 2.15838
0.627456316166812, 0.387082405345212, -0.11300750634686, 20, 66, 2.12552
0.627456316166812, 0.390200445434298, -0.113007315217955, 20, 66, 2.12638
0.627456316166812, 0.393318485523385, -0.113007119638544, 20, 65, 2.09334
0.627456316166812, 0.396436525612472, -0.113006920145607, 20, 65, 2.09341
0.627456316166812, 0.399554565701559, -0.113006716103437, 20, 64, 2.0602
0.627456316166812, 0.402672605790646, -0.113006508055163, 20, 64, 2.06001
0.627456316166812, 0.405790645879733, -0.113006295356619, 20, 63, 2.02716
0.627456316166812, 0.40890868596882, -0.113006078571671, 20, 63, 2.02932
0.627456316166812, 0.412026726057906, -0.11300585702432, 20, 62, 1.99622
0.627456316166812, 0.415144766146993, -0.11300563129609, 20, 62, 1.99618
0.627456316166812, 0.41826280623608, -0.113005400708713, 20, 61, 1.96325
0.627456316166812, 0.421380846325167, -0.113005165858873, 20, 61, 1.9631
0.627456316166812, 0.424498886414254, -0.11300492604167, 20, 60, 1.92996
0.627456316166812, 0.427616926503341, -0.113004681884849, 20, 60, 1.93068
0.627456316166812, 0.430734966592428, -0.113004432984398, 20, 60, 1.93093
0.627456316166812, 0.433853006681514, -0.113004179002535, 20, 59, 1.8979
0.627456316166812, 0.436971046770601, -0.113003920519769, 20, 59, 1.89834
0.627456316166812, 0.440089086859688, -0.113003656843785, 20, 58, 1.86472
0.627456316166812, 0.443207126948775, -0.113003388598759, 20, 58, 1.86482
0.627456316166812, 0.446325167037862, -0.113003115384946, 20, 58, 1.86534
0.627456316166812, 0.449443207126949, -0.113002836860196, 20, 57, 1.83156
0.627456316166812, 0.452561247216036, -0.113002553617393, 20, 57, 1.83149
0.627456316166812, 0.455679287305123, -0.113002264947652, 20, 56, 1.79959
0.627456316166812, 0.458797327394209, -0.113001971502254, 20, 56, 1.79934
0.627456316166812, 0.461915367483296, -0.113001672870096, 20, 56, 1.79947
0.627456316166812, 0.465033407572383, -0.113001368690477, 20, 55, 1.767
0.627456316166812, 0.46815144766147, -0.113001059599276, 20, 55, 1.76624
0.627456316166812, 0.471269487750557, -0.113000745195529, 20, 55, 1.76617
0.627456316166812, 0.474387527839644, -0.113000425122693, 20, 54, 1.73308
0.627456316166812, 0.477505567928731, -0.113000100010427, 20, 54, 1.73316
0.627456316166812, 0.480623608017817, -0.112999769463193, 20, 54, 1.73319
0.627456316166812, 0.483741648106904, -0.112999433124619, 20, 53, 1.70103
0.627456316166812, 0.486859688195991, -0.112999091627008, 20, 53, 1.7011
0.627456316166812, 0.489977728285078, -0.112998744575712, 20, 53, 1.7011
0.627456316166812, 0.493095768374165, -0.112998391620482, 20, 52, 1.66935
0.627456316166812, 0.496213808463252, -0.112998033385254, 20, 52, 1.66909
0.627456316166812, 0.499331848552339, -0.112997669481659, 20, 52, 1.66911
0.627456316166812, 0.502449888641425, -0.112997299540223, 20, 51, 1.6361
0.627456316166812, 0.505567928730512, -0.112996924227971, 20, 51, 1.63607
0.627456316166812, 0.508685968819599, -0.112996543137024, 20, 51, 1.63607
0.627456316166812, 0.511804008908686, -0.112996155884509, 20, 50, 1.60415
0.627456316166812, 0.514922048997773, -0.112995763169763, 20, 50, 1.6039
0.627456316166812, 0.51804008908686, -0.112995364570656, 20, 50, 1.60392
0.627456316166812, 0.521158129175947, -0.112994959684986, 20, 49, 1.57081
0.627456316166812, 0.524276169265034, -0.112994549257141, 20, 49, 1.57118
0.627456316166812, 0.52739420935412, -0.112994132844235, 20, 49, 1.57858
0.627456316166812, 0.530512249443207, -0.1129937104153, 20, 49, 1.57367
0.627456316166812, 0.533630289532294, -0.112993281582714, 20, 48, 1.54611
0.627456316166812, 0.536748329621381, -0.112992847066477, 20, 48, 1.54242
0.627456316166812, 0.539866369710468, -0.11299240644064, 20, 48, 1.54382
0.627456316166812, 0.542984409799555, -0.11299195967661, 20, 48, 1.54103
0.627456316166812, 0.546102449888642, -0.112991506395072, 20, 47, 1.50792
0.627456316166812, 0.549220489977728, -0.112991047305512, 20, 47, 1.50662
0.627456316166812, 0.552338530066815, -0.112990581991862, 20, 47, 1.50579
0.627456316166812, 0.555456570155902, -0.112990110428109, 20, 47, 1.5127
0.627456316166812, 0.558574610244989, -0.112989632236655, 20, 46, 1.47682
0.627456316166812, 0.561692650334076, -0.112989148130893, 20, 46, 1.47853
0.627456316166812, 0.564810690423163, -0.11298865769733, 20, 46, 1.47869
0.627456316166812, 0.567928730512249, -0.112988160912729, 20, 46, 1.4782
0.627456316166812, 0.571046770601336, -0.112987657395173, 20, 45, 1.44285
0.627456316166812, 0.574164810690423, -0.112987147875202, 20, 45, 1.44186
0.627456316166812, 0.57728285077951, -0.1129866319352, 20, 45, 1.44296
0.627456316166812, 0.580400890868597, -0.112986109554894, 20, 45, 1.44228
0.627456316166812, 0.583518930957684, -0.112985580341395, 20, 44, 1.41398
0.627456316166812, 0.586636971046771, -0.112985045057055, 20, 44, 1.41195
0.627456316166812, 0.589755011135857, -0.112984503272389, 20, 44, 1.4133
0.627456316166812, 0.592873051224944, -0.112983954970483, 20, 44, 1.414
0.627456316166812, 0.595991091314031, -0.112983399740027, 20, 43, 1.37788
0.627456316166812, 0.599109131403118, -0.112982838390808, 20, 43, 1.3785
0.627456316166812, 0.602227171492205, -0.112982270474202, 20, 43, 1.37572
0.627456316166812, 0.605345211581292, -0.112981695976388, 20, 43, 1.37611
0.627456316166812, 0.608463251670379, -0.112981114884322, 20, 43, 1.37564
0.627456316166812, 0.611581291759466, -0.11298052679785, 20, 42, 1.34159
0.627456316166812, 0.614699331848552, -0.112979932528672, 20, 42, 1.34357
0.627456316166812, 0.617817371937639, -0.112979331614781, 20, 42, 1.34248
0.627456316166812, 0.620935412026726, -0.112978724059756, 20, 42, 1.34275
0.627456316166812, 0.624053452115813, -0.112978109854894, 20, 42, 1.34917
0.627456316166812, 0.6271714922049, -0.112977488602641, 20, 41, 1.31035
0.627456316166812, 0.630289532293987, -0.11297686110921, 20, 41, 1.31038
0.627456316166812, 0.633407572383074, -0.112976226941822, 20, 41, 1.31027
0.627456316166812, 0.63652561247216, -0.112975586095715, 20, 41, 1.31028
0.627456316166812, 0.639643652561247, -0.11297493856677, 20, 41, 1.31039
0.627456316166812, 0.642761692650334, -0.112974283951315, 20, 40, 1.27741
0.627456316166812, 0.645879732739421, -0.112973623081623, 20, 40, 1.27731
0.627456316166812, 0.648997772828508, -0.112972955519297, 20, 40, 1.27721
0.627456316166812, 0.652115812917595, -0.112972281264096, 20, 40, 1.27925
0.627456316166812, 0.655233853006682, -0.112971600316701, 20, 40, 1.28268
0.627456316166812, 0.658351893095768, -0.112970912257832, 20, 39, 1.24403
0.627456316166812, 0.661469933184855, -0.112970217966426, 20, 39, 1.24779
0.627456316166812, 0.664587973273942, -0.112969516987688, 20, 39, 1.24913
0.627456316166812, 0.667706013363029, -0.112968809326337, 20, 39, 1.25915
0.627456316166812, 0.670824053452116, -0.112968094988057, 20, 39, 1.33372
0.627456316166812, 0.673942093541203, -0.112967373979501, 20, 39, 1.37341
0.627456316166812, 0.67706013363029, -0.112966645892056, 20, 38, 1.33245
0.627456316166812, 0.680178173719376, -0.112965911600231, 20, 38, 1.268
0.627456316166812, 0.683296213808463, -0.112965170661628, 20, 38, 1.24812
0.627456316166812, 0.68641425389755, -0.112964423086602, 20, 38, 1.24506
0.627456316166812, 0.689532293986637, -0.112963668887281, 20, 38, 1.21296
0.627456316166812, 0.692650334075724, -0.112962908076553, 20, 38, 1.21475
0.627456316166812, 0.695768374164811, -0.112962140245372, 20, 37, 1.17893
0.627456316166812, 0.698886414253898, -0.11296136628766, 20, 37, 1.17883
0.627456316166812, 0.702004454342984, -0.112960585760824, 20, 37, 1.17896
0.627456316166812, 0.705122494432071, -0.112959798682109, 20, 37, 1.18008
0.627456316166812, 0.708240534521158, -0.112959005069804, 20, 37, 1.17886
0.627456316166812, 0.711358574610245, -0.112958204943253, 20, 37, 1.17883
0.627456316166812, 0.714476614699332, -0.112957398322858, 20, 37, 1.17888
0.627456316166812, 0.717594654788419, -0.112956584822111, 20, 36, 1.14594
0.627456316166812, 0.720712694877506, -0.112955765310582, 20, 36, 1.16533
0.627456316166812, 0.723830734966592, -0.112954939370506, 20, 36, 1.23495
0.627456316166812, 0.726948775055679, -0.112954107026779, 20, 36, 1.22126
0.627456316166812, 0.730066815144766, -0.112953268305386, 20, 36, 1.14619
0.627456316166812, 0.733184855233853, -0.112952423233396, 20, 36, 1.22758
0.627456316166812, 0.73630289532294, -0.112951571400329, 20, 35, 1.18796
0.627456316166812, 0.739420935412027, -0.112950713745239, 20, 35, 1.16538
0.627456316166812, 0.742538975501114, -0.112949849824958, 20, 35, 1.20029
0.627456316166812, 0.7456570155902, -0.112948979671426, 20, 35, 1.11645
0.627456316166812, 0.748775055679287, -0.112948103316854, 20, 35, 1.11813
0.627456316166812, 0.751893095768374, -0.112947220795398, 20, 35, 1.13496
0.627456316166812, 0.755011135857461, -0.112946332142052, 20, 35, 1.18474
0.627456316166812, 0.758129175946548, -0.112945436943222, 20, 34, 1.08096
0.627456316166812, 0.761247216035635, -0.112944536167955, 20, 34, 1.10137
0.627456316166812, 0.764365256124722, -0.112943629370185, 20, 34, 1.13237
0.627456316166812, 0.767483296213809, -0.112942716589575, 20, 34, 1.08547
0.627456316166812, 0.770601336302895, -0.112941797866914, 20, 34, 1.11486
0.627456316166812, 0.773719376391982, -0.112940873244119, 20, 34, 1.13588
0.627456316166812, 0.776837416481069, -0.112939942764236, 20, 34, 1.08164
0.627456316166812, 0.779955456570156, -0.112939006471451, 20, 34, 1.08666
0.627456316166812, 0.783073496659243, -0.112938063968521, 20, 33, 1.05639
0.627456316166812, 0.78619153674833, -0.112937116218019, 20, 33, 1.05534
0.627456316166812, 0.789309576837417, -0.112936162791841, 20, 33, 1.05615
0.627456316166812, 0.792427616926503, -0.112935203738888, 20, 33, 1.05553
0.627456316166812, 0.79554565701559, -0.112934239109199, 20, 33, 1.05659
0.627456316166812, 0.798663697104677, -0.112933268953954, 20, 33, 1.05611
0.627456316166812, 0.801781737193764, -0.112932293325471, 20, 33, 1.05411
0.627456316166812, 0.804899777282851, -0.112931312277214, 20, 33, 1.05456
0.627456316166812, 0.808017817371938, -0.112930325412249, 20, 32, 1.02119
0.627456316166812, 0.811135857461025, -0.112929333720102, 20, 32, 1.02265
0.627456316166812, 0.814253897550111, -0.112928336773362, 20, 32, 1.02424
0.627456316166812, 0.817371937639198, -0.112927334647718, 20, 32, 1.02487
0.627456316166812, 0.820489977728285, -0.112926327367834, 20, 32, 1.02529
0.627456316166812, 0.823608017817372, -0.112925315011029, 20, 32, 1.02502
0.627456316166812, 0.826726057906459, -0.112924297639216, 20, 32, 1.02659
0.627456316166812, 0.829844097995546, -0.112923275315138, 20, 32, 1.02858
0.627456316166812, 0.832962138084633, -0.11292224810268, 20, 32, 1.02845
0.627456316166812, 0.836080178173719, -0.112921215620678, 20, 31, 0.994961
0.627456316166812, 0.839198218262806, -0.112920178857087, 20, 31, 0.995187
0.627456316166812, 0.842316258351893, -0.112919137401672, 20, 31, 0.994991
0.627456316166812, 0.84543429844098, -0.112918091322998, 20, 31, 0.994835
0.627456316166812, 0.848552338530067, -0.11291704069076, 20, 31, 0.99492
0.627456316166812, 0.851670378619154, -0.112915985575779, 20, 31, 0.994938
0.627456316166812, 0.854788418708241, -0.11291492605, 20, 31, 0.988117
0.627456316166812, 0.857906458797328, -0.112913862186496, 20, 31, 0.989089
0.627456316166812, 0.861024498886414, -0.112912794059461, 20, 31, 0.983553
0.627456316166812, 0.864142538975501, -0.112911721285029, 20, 30, 0.950424
0.627456316166812, 0.867260579064588, -0.112910644887327, 20, 30, 0.950364
0.627456316166812, 0.870378619153675, -0.11290956445353, 20, 30, 0.950377
0.627456316166812, 0.873496659242762, -0.112908480062427, 20, 30, 0.951249
0.627456316166812, 0.876614699331849, -0.112907391793906, 20, 30, 0.950367
0.627456316166812, 0.879732739420936, -0.112906299728961, 20, 30, 0.950351
0.627456316166812, 0.882850779510022, -0.112905203949687, 20, 30, 0.950316
0.627456316166812, 0.885968819599109, -0.112904104539273, 20, 30, 0.95031
0.627456316166812, 0.889086859688196, -0.112903001582004, 20, 30, 0.950293
0.627456316166812, 0.892204899777283, -0.112901895163259, 20, 30, 0.951251
0.627456316166812, 0.89532293986637, -0.11290078490773, 20, 29, 0.917302
0.627456316166812, 0.898440979955457, -0.112899671855048, 20, 29, 0.91732
0.627456316166812, 0.901559020044544, -0.112898555601774, 20, 29, 0.917232
0.627456316166812, 0.90467706013363, -0.112897436237722, 20, 29, 0.917182
0.627456316166812, 0.907795100222717, -0.112896313853775, 20, 29, 0.917158
0.627456316166812, 0.910913140311804, -0.112895188542215, 20, 29, 0.919178
0.627456316166812, 0.914031180400891, -0.112894060395367, 20, 29, 0.91817
0.627456316166812, 0.917149220489978, -0.11289292950763, 20, 29, 0.918143
0.627456316166812, 0.920267260579065, -0.112891795974116, 20, 29, 0.918122
0.627456316166812, 0.923385300668152, -0.112890659890979, 20, 29, 0.918119
0.627456316166812, 0.926503340757238, -0.112889520869582, 20, 28, 0.885189
0.627456316166812, 0.929621380846325, -0.112888380008855, 20, 28, 0.886126
0.627456316166812, 0.932739420935412, -0.112887236891477, 20, 28, 0.885192
0.627456316166812, 0.935857461024499, -0.112886091617844, 20, 28, 0.885166
0.627456316166812, 0.938975501113586, -0.112884944289371, 20, 28, 0.88527
0.627456316166812, 0.942093541202673, -0.112883795008482, 20, 28, 0.885224
0.627456316166812, 0.945211581291759, -0.112882643878607, 20, 28, 0.885135
0.627456316166812, 0.948329621380847, -0.112881491004178, 20, 28, 0.885111
0.627456316166812, 0.951447661469933, -0.112880336490623, 20, 28, 0.885038
0.627456316166812, 0.95456570155902, -0.112879180444359, 20, 28, 0.885031
0.627456316166812, 0.957683741648107, -0.112878022972789, 20, 28, 0.885018
0.627456316166812, 0.960801781737194, -0.112876864184294, 20, 28, 0.891218
0.627456316166812, 0.963919821826281, -0.112875703713305, 20, 27, 0.852274
0.627456316166812, 0.967037861915368, -0.112874542647382, 20, 27, 0.853331
0.627456316166812, 0.970155902004454, -0.112873380593918, 20, 27, 0.853492
0.627456316166812, 0.973273942093541, -0.112872217665241, 20, 27, 0.852255
0.627456316166812, 0.976391982182628, -0.11287105397462, 20, 27, 0.852247
0.627456316166812, 0.979510022271715, -0.112869889636266, 20, 27, 0.85267
0.627456316166812, 0.982628062360802, -0.112868724765319, 20, 27, 0.852369
0.627456316166812, 0.985746102449889, -0.112867559477843, 20, 27, 0.852426
0.627456316166812, 0.988864142538975, -0.112866393890822, 20, 27, 0.855009
0.627456316166812, 0.991982182628063, -0.112865228122152, 20, 27, 0.852294
0.627456316166812, 0.995100222717149, -0.112864062290633, 20, 27, 0.852173
0.627456316166812, 0.998218262806236, -0.112862896515967, 20, 27, 0.852293
0.627456316166812, 1.00133630289532, -0.112861730428644, 20, 26, 0.819407
0.627456316166812, 1.00445434298441, -0.112860565157592, 20, 26, 0.819395
0.627456316166812, 1.0075723830735, -0.112859400306303, 20, 26, 0.821189
0.627456316166812, 1.01069042316258, -0.112858235998087, 20, 26, 0.81914
0.627456316166812, 1.01380846325167, -0.112857072357113, 20, 26, 0.819044
0.627456316166812, 1.01692650334076, -0.1128559095084, 20, 26, 0.819038
0.627456316166812, 1.02004454342984, -0.112854747577816, 20, 26, 0.819392
0.627456316166812, 1.02316258351893, -0.112853586692447, 20, 26, 0.820325
0.627456316166812, 1.02628062360802, -0.11285242697906, 20, 26, 0.820336
0.627456316166812, 1.0293986636971, -0.112851268566401, 20, 26, 0.82641
0.627456316166812, 1.03251670378619, -0.112850111583645, 20, 26, 0.819942
0.627456316166812, 1.03563474387528, -0.112848956160776, 20, 26, 0.819844
0.627456316166812, 1.03875278396437, -0.112847802428581, 20, 26, 0.820678
0.627456316166812, 1.04187082405345, -0.112846650518639, 20, 26, 0.823994
0.627456316166812, 1.04498886414254, -0.112845500084975, 20, 25, 0.791717
0.627456316166812, 1.04810690423163, -0.112844352243028, 20, 25, 0.789607
0.627456316166812, 1.05122494432071, -0.112843206621396, 20, 25, 0.794688
0.627456316166812, 1.0543429844098, -0.112842063354832, 20, 25, 0.787367
0.627456316166812, 1.05746102449889, -0.112840922578841, 20, 25, 0.864899
0.627456316166812, 1.06057906458797, -0.11283978442967, 20, 25, 0.786906
0.627456316166812, 1.06369710467706, -0.112838649044303, 20, 25, 0.78683
0.627456316166812, 1.06681514476615, -0.112837516560455, 20, 25, 0.786909
0.627456316166812, 1.06993318485523, -0.11283638711656, 20, 25, 0.786984
0.627456316166812, 1.07305122494432, -0.112835260851764, 20, 25, 0.827651
0.627456316166812, 1.07616926503341, -0.11283413790592, 20, 25, 0.787556
0.627456316166812, 1.07928730512249, -0.112833018419577, 20, 25, 0.787123
0.627456316166812, 1.08240534521158, -0.112831902533974, 20, 25, 0.787029
0.627456316166812, 1.08552338530067, -0.11283079039103, 20, 25, 0.786871
0.627456316166812, 1.08864142538976, -0.112829681636004, 20, 24, 0.753825
0.627456316166812, 1.09175946547884, -0.112828577432412, 20, 24, 0.754364
0.627456316166812, 1.09487750556793, -0.112827477399934, 20, 24, 0.755654
0.627456316166812, 1.09799554565702, -0.112826381683202, 20, 24, 0.754422
0.627456316166812, 1.1011135857461, -0.112825290427483, 20, 24, 0.754017
0.627456316166812, 1.10423162583519, -0.112824203778678, 20, 24, 0.753832
0.627456316166812, 1.10734966592428, -0.112823121883305, 20, 24, 0.753817
0.627456316166812, 1.11046770601336, -0.112822044888498, 20, 24, 0.753855
0.627456316166812, 1.11358574610245, -0.112820972941995, 20, 24, 0.754232
0.627456316166812, 1.11670378619154, -0.112819906192133, 20, 24, 0.755379
0.627456316166812, 1.11982182628062, -0.112818844787836, 20, 24, 0.754205
0.627456316166812, 1.12293986636971, -0.112817788878611, 20, 24, 0.754336
0.627456316166812, 1.1260579064588, -0.112816738614537, 20, 24, 0.754085
0.627456316166812, 1.12917594654788, -0.112815694146257, 20, 24, 0.753837
0.627456316166812, 1.13229398663697, -0.112814655624972, 20, 24, 0.753814
0.627456316166812, 1.13541202672606, -0.112813623202431, 20, 24, 0.755329
0.627456316166812, 1.13853006681514, -0.112812596533062, 20, 23, 0.726075
0.627456316166812, 1.14164810690423, -0.112811576789986, 20, 23, 0.724568
0.627456316166812, 1.14476614699332, -0.1128105636029, 20, 23, 0.725205
0.627456316166812, 1.14788418708241, -0.112809557125724, 20, 23, 0.721707
0.627456316166812, 1.15100222717149, -0.112808557512884, 20, 23, 0.720772
0.627456316166812, 1.15412026726058, -0.112807564919301, 20, 23, 0.722129
0.627456316166812, 1.15723830734967, -0.112806579500384, 20, 23, 0.720919
0.627456316166812, 1.16035634743875, -0.112805601412025, 20, 23, 0.720728
0.627456316166812, 1.16347438752784, -0.112804630810587, 20, 23, 0.72119
0.627456316166812, 1.16659242761693, -0.112803667852896, 20, 23, 0.745862
0.627456316166812, 1.16971046770601, -0.112802712696673, 20, 23, 0.721645
0.627456316166812, 1.1728285077951, -0.112801765498774, 20, 23, 0.72164
0.627456316166812, 1.17594654788419, -0.112800826417811, 20, 23, 0.722659
0.627456316166812, 1.17906458797327, -0.112799895612388, 20, 23, 0.722562
0.627456316166812, 1.18218262806236, -0.112798973241534, 20, 23, 0.733963
0.627456316166812, 1.18530066815145, -0.112798059464692, 20, 23, 0.721742
0.627456316166812, 1.18841870824053, -0.112797154441716, 20, 23, 0.72404
0.627456316166812, 1.19153674832962, -0.112796257822417, 20, 22, 0.68868
0.627456316166812, 1.19465478841871, -0.112795370812454, 20, 22, 0.688911
0.627456316166812, 1.1977728285078, -0.112794493037147, 20, 22, 0.724904
0.627456316166812, 1.20089086859688, -0.112793624657955, 20, 22, 0.705956
0.627456316166812, 1.20400890868597, -0.112792765836702, 20, 22, 0.688599
0.627456316166812, 1.20712694877506, -0.11279191673557, 20, 22, 0.688587
0.627456316166812, 1.21024498886414, -0.112791077517093, 20, 22, 0.689591
0.627456316166812, 1.21336302895323, -0.112790248344145, 20, 22, 0.688852
0.627456316166812, 1.21648106904232, -0.112789429379935, 20, 22, 0.690044
0.627456316166812, 1.2195991091314, -0.112788620788002, 20, 22, 0.688538
0.627456316166812, 1.22271714922049, -0.112787822732199, 20, 22, 0.690035
0.627456316166812, 1.22583518930958, -0.112787035402944, 20, 22, 0.690536
0.627456316166812, 1.22895322939866, -0.112786258912246, 20, 22, 0.689792
0.627456316166812, 1.23207126948775, -0.112785493451085, 20, 22, 0.689957
0.627456316166812, 1.23518930957684, -0.112784739184516, 20, 22, 0.690202
0.627456316166812, 1.23830734966592, -0.112783996277876, 20, 22, 0.689772
0.627456316166812, 1.24142538975501, -0.112783264896775, 20, 22, 0.690415
0.627456316166812, 1.2445434298441, -0.112782545207088, 20, 22, 0.68972
0.627456316166812, 1.24766146993318, -0.11278183737495, 20, 22, 0.690127
0.627456316166812, 1.25077951002227, -0.112781141051472, 20, 21, 0.656878
0.627456316166812, 1.25389755011136, -0.112780457457106, 20, 21, 0.658064
0.627456316166812, 1.25701559020045, -0.112779786219116, 20, 21, 0.65733
0.627456316166812, 1.26013363028953, -0.112779127504639, 20, 21, 0.656708
0.627456316166812, 1.26325167037862, -0.112778481481034, 20, 21, 0.657398
0.627456316166812, 1.26636971046771, -0.11277784831587, 20, 21, 0.656633
0.627456316166812, 1.26948775055679, -0.112777228176921, 20, 21, 0.656563
0.627456316166812, 1.27260579064588, -0.112776621232158, 20, 21, 0.656563
0.627456316166812, 1.27572383073497, -0.112776027649741, 20, 21, 0.656732
0.627456316166812, 1.27884187082405, -0.112775447598015, 20, 21, 0.658446
0.627456316166812, 1.28195991091314, -0.112774881245498, 20, 21, 0.658121
0.627456316166812, 1.28507795100223, -0.112774328760879, 20, 21, 0.656803
0.627456316166812, 1.28819599109131, -0.112773790313006, 20, 21, 0.657685
0.627456316166812, 1.2913140311804, -0.112773266070886, 20, 21, 0.656943
0.627456316166812, 1.29443207126949, -0.112772756203668, 20, 21, 0.656712
0.627456316166812, 1.29755011135857, -0.112772260880646, 20, 21, 0.656752
0.627456316166812, 1.30066815144766, -0.112771780271245, 20, 21, 0.65738
0.627456316166812, 1.30378619153675, -0.112771314545019, 20, 21, 0.656629
0.627456316166812, 1.30690423162584, -0.112770863871642, 20, 21, 0.656754
0.627456316166812, 1.31002227171492, -0.112770428420898, 20, 21, 0.657656
0.627456316166812, 1.31314031180401, -0.112770008362681, 20, 21, 0.656593
0.627456316166812, 1.3162583518931, -0.112769603866984, 20, 21, 0.65656
0.627456316166812, 1.31937639198218, -0.112769214607217, 20, 20, 0.623441
0.627456316166812, 1.32249443207127, -0.112768841768301, 20, 20, 0.624332
0.627456316166812, 1.32561247216036, -0.112768485001495, 20, 20, 0.623619
0.627456316166812, 1.32873051224944, -0.112768144477163, 20, 20, 0.623585
0.627456316166812, 1.33184855233853, -0.112767820365734, 20, 20, 0.625159
0.627456316166812, 1.33496659242762, -0.112767512837696, 20, 20, 0.623498
0.627456316166812, 1.3380846325167, -0.11276722206359, 20, 20, 0.64194
0.627456316166812, 1.34120267260579, -0.112766948214001, 20, 20, 0.623514
0.627456316166812, 1.34432071269488, -0.112766691459556, 20, 20, 0.623422
0.627456316166812, 1.34743875278396, -0.112766451970914, 20, 20, 0.623446
0.627456316166812, 1.35055679287305, -0.112766229918761, 20, 20, 0.623529
0.627456316166812, 1.35367483296214, -0.112766025473804, 20, 20, 0.623478
0.627456316166812, 1.35679287305122, -0.112765838806766, 20, 20, 0.623464
0.627456316166812, 1.35991091314031, -0.112765670088376, 20, 20, 0.623518
0.627456316166812, 1.3630289532294, -0.11276551948988, 20, 20, 0.624594
0.627456316166812, 1.36614699331849, -0.112765387180981, 20, 20, 0.624929
0.627456316166812, 1.36926503340757, -0.112765273332916, 20, 20, 0.625258
0.627456316166812, 1.37238307349666, -0.112765178116389, 20, 20, 0.624541
0.627456316166812, 1.37550111358575, -0.112765101702084, 20, 20, 0.624532
0.627456316166812, 1.37861915367483, -0.11276504426066, 20, 20, 0.624533
0.627456316166812, 1.38173719376392, -0.112765005962739, 20, 20, 0.624553
0.627456316166812, 1.38485523385301, -0.112764986978909, 20, 20, 0.624479
0.627456316166812, 1.38797327394209, -0.11276498747971, 20, 20, 0.62449
0.627456316166812, 1.39109131403118, -0.112765007128531, 20, 19, 0.591544
0.627456316166812, 1.39420935412027, -0.112765047130795, 20, 19, 0.591488
0.627456316166812, 1.39732739420935, -0.112765107128143, 20, 19, 0.591495
0.627456316166812, 1.40044543429844, -0.112765187290918, 20, 19, 0.592179
0.627456316166812, 1.40356347438753, -0.11276528778939, 20, 19, 0.592106
0.627456316166812, 1.40668151447661, -0.112765408793747, 20, 19, 0.591388
0.627456316166812, 1.4097995545657, -0.112765550474096, 20, 19, 0.591404
0.627456316166812, 1.41291759465479, -0.112765713000453, 20, 19, 0.59144
0.627456316166812, 1.41603563474388, -0.112765896542737, 20, 19, 0.591449
0.627456316166812, 1.41915367483296, -0.112766101270769, 20, 19, 0.591385
0.627456316166812, 1.42227171492205, -0.112766327354266, 20, 19, 0.591407
0.627456316166812, 1.42538975501114, -0.112766574962831, 20, 19, 0.591399
0.627456316166812, 1.42850779510022, -0.112766844265953, 20, 19, 0.592274
0.627456316166812, 1.43162583518931, -0.112767135433001, 20, 19, 0.591434
0.627456316166812, 1.4347438752784, -0.112767448633216, 20, 19, 0.591482
0.627456316166812, 1.43786191536748, -0.112767784035712, 20, 19, 0.591511
0.627456316166812, 1.44097995545657, -0.112768141809464, 20, 19, 0.591477
0.627456316166812, 1.44409799554566, -0.112768522123307, 20, 19, 0.591414
0.627456316166812, 1.44721603563474, -0.112768925145932, 20, 19, 0.591336
0.627456316166812, 1.45033407572383, -0.112769351045878, 20, 19, 0.591397
0.627456316166812, 1.45345211581292, -0.112769799991532, 20, 19, 0.591319
0.627456316166812, 1.456570155902, -0.112770272151119, 20, 19, 0.591399
0.627456316166812, 1.45968819599109, -0.1127707676927, 20, 19, 0.591748
0.627456316166812, 1.46280623608018, -0.112771286784167, 20, 19, 0.592237
0.627456316166812, 1.46592427616927, -0.112771829593239, 20, 19, 0.591392
0.627456316166812, 1.46904231625835, -0.112772396287457, 20, 19, 0.591388
0.627456316166812, 1.47216035634744, -0.112772986524059, 20, 18, 0.558384
0.627456316166812, 1.47527839643653, -0.112773601510283, 20, 18, 0.558347
0.627456316166812, 1.47839643652561, -0.112774240882394, 20, 18, 0.558342
0.627456316166812, 1.4815144766147, -0.112774904807204, 20, 18, 0.558288
0.627456316166812, 1.48463251670379, -0.112775593451327, 20, 18, 0.558271
0.627456316166812, 1.48775055679287, -0.112776306981167, 20, 18, 0.558337
0.627456316166812, 1.49086859688196, -0.112777045562924, 20, 18, 0.558335
0.627456316166812, 1.49398663697105, -0.112777809362579, 20, 18, 0.564293
0.627456316166812, 1.49710467706013, -0.112778598545898, 20, 18, 0.570675
0.627456316166812, 1.50022271714922, -0.112779413278425, 20, 18, 0.558353
0.627456316166812, 1.50334075723831, -0.112780253725477, 20, 18, 0.558358
0.627456316166812, 1.50645879732739, -0.11278112005214, 20, 18, 0.558331
0.627456316166812, 1.50957683741648, -0.112782012423268, 20, 18, 0.558326
0.627456316166812, 1.51269487750557, -0.112782931003476, 20, 18, 0.558253
0.627456316166812, 1.51581291759465, -0.112783875957138, 20, 18, 0.558285
0.627456316166812, 1.51893095768374, -0.11278484744838, 20, 18, 0.558333
0.627456316166812, 1.52204899777283, -0.112785845641082, 20, 18, 0.558335
0.627456316166812, 1.52516703786192, -0.112786870698869, 20, 18, 0.558707
0.627456316166812, 1.528285077951, -0.11278792278511, 20, 18, 0.559071
0.627456316166812, 1.53140311804009, -0.112789002062911, 20, 18, 0.558117
0.627456316166812, 1.53452115812918, -0.112790108695117, 20, 18, 0.558105
0.627456316166812, 1.53763919821826, -0.112791242844304, 20, 18, 0.558256
0.627456316166812, 1.54075723830735, -0.112792404672777, 20, 18, 0.558261
0.627456316166812, 1.54387527839644, -0.112793594342566, 20, 18, 0.558173
0.627456316166812, 1.54699331848552, -0.112794812015423, 20, 18, 0.558206
0.627456316166812, 1.55011135857461, -0.112796057852818, 20, 18, 0.55824
0.627456316166812, 1.5532293986637, -0.112797332015935, 20, 18, 0.558552
0.627456316166812, 1.55634743875278, -0.112798634665673, 20, 18, 0.558245
0.627456316166812, 1.55946547884187, -0.112799965962636, 20, 18, 0.558314
0.627456316166812, 1.56258351893096, -0.112801326067134, 20, 18, 0.558974
0.627456316166812, 1.56570155902004, -0.112802714642267, 20, 17, 0.525249
0.627456316166812, 1.56881959910913, -0.112804132859837, 20, 17, 0.525252
0.627456316166812, 1.57193763919822, -0.112805580363403, 20, 17, 0.525259
0.627456316166812, 1.57505567928731, -0.112807057312086, 20, 17, 0.525241
0.627456316166812, 1.57817371937639, -0.112808563864699, 20, 17, 0.525272
0.627456316166812, 1.58129175946548, -0.112810100179739, 20, 17, 0.525215
0.627456316166812, 1.58440979955457, -0.112811666415385, 20, 17, 0.525551
0.627456316166812, 1.58752783964365, -0.112813262729496, 20, 17, 0.530256
0.627456316166812, 1.59064587973274, -0.112814889279607, 20, 17, 0.531455
0.627456316166812, 1.59376391982183, -0.112816546222929, 20, 17, 0.531125
0.627456316166812, 1.59688195991091, -0.112818233716342, 20, 17, 0.529172
0.627456316166812, 1.6, -0.112819951916395, 20, 17, 0.528069
# finished at Wed Apr 30 05:00:08 CEST 2014
