# starting on alcc60 at Wed Apr 30 03:15:45 CEST 2014
# casimir, -T, 0.200000,1.600000,450, -Q, 0.428895923879022, -p, 1e-08, -L, 20
# Compiler icc, using long double and plain matrix elements and plain integration
# precision=1e-08
# lfac=5
# cores=1
# L=0.428896
# T=0.2...1.6 (450)
#
# R/(L+R), T, F, lmax, nmax, time
0.428895923879022, 0.2, -0.0203000783552802, 20, 86, 2.59533
0.428895923879022, 0.203118040089087, -0.0203000682736315, 20, 85, 2.47712
0.428895923879022, 0.206236080178174, -0.0203000576894247, 20, 83, 2.44264
0.428895923879022, 0.209354120267261, -0.0203000466653904, 20, 82, 2.34797
0.428895923879022, 0.212472160356347, -0.0203000351491528, 20, 81, 2.30682
0.428895923879022, 0.215590200445434, -0.0203000231271938, 20, 80, 2.3448
0.428895923879022, 0.218708240534521, -0.0203000105858126, 20, 79, 2.26879
0.428895923879022, 0.221826280623608, -0.0202999975111095, 20, 78, 2.32545
0.428895923879022, 0.224944320712695, -0.0202999838890501, 20, 77, 2.27516
0.428895923879022, 0.228062360801782, -0.0202999696636667, 20, 75, 2.18154
0.428895923879022, 0.231180400890869, -0.0202999549036285, 20, 74, 2.11052
0.428895923879022, 0.234298440979955, -0.0202999395957455, 20, 74, 2.21548
0.428895923879022, 0.237416481069042, -0.0202999236405247, 20, 73, 2.0736
0.428895923879022, 0.240534521158129, -0.02029990706533, 20, 72, 2.09276
0.428895923879022, 0.243652561247216, -0.0202998898551908, 20, 71, 2.01504
0.428895923879022, 0.246770601336303, -0.0202998719949992, 20, 70, 1.99048
0.428895923879022, 0.24988864142539, -0.0202998534694744, 20, 69, 1.96284
0.428895923879022, 0.253006681514477, -0.0202998342632157, 20, 68, 1.93259
0.428895923879022, 0.256124721603563, -0.0202998143606729, 20, 67, 1.90085
0.428895923879022, 0.25924276169265, -0.020299793793269, 20, 67, 1.90077
0.428895923879022, 0.262360801781737, -0.0202997724545727, 20, 66, 1.8715
0.428895923879022, 0.265478841870824, -0.0202997503726383, 20, 65, 1.84203
0.428895923879022, 0.268596881959911, -0.0202997275313815, 20, 64, 1.81451
0.428895923879022, 0.271714922048998, -0.0202997039634984, 20, 64, 1.81436
0.428895923879022, 0.274832962138085, -0.0202996795598007, 20, 63, 1.78504
0.428895923879022, 0.277951002227172, -0.0202996543484161, 20, 62, 1.75668
0.428895923879022, 0.281069042316258, -0.0202996283618293, 20, 62, 1.75763
0.428895923879022, 0.284187082405345, -0.0202996014910987, 20, 61, 1.72813
0.428895923879022, 0.287305122494432, -0.020299573763347, 20, 60, 1.69881
0.428895923879022, 0.290423162583519, -0.0202995452128802, 20, 60, 1.70303
0.428895923879022, 0.293541202672606, -0.0202995157271911, 20, 59, 1.67087
0.428895923879022, 0.296659242761693, -0.0202994853341769, 20, 58, 1.64161
0.428895923879022, 0.29977728285078, -0.020299454072329, 20, 58, 1.64173
0.428895923879022, 0.302895322939866, -0.0202994218212177, 20, 57, 1.61251
0.428895923879022, 0.306013363028953, -0.0202993886655171, 20, 57, 1.61248
0.428895923879022, 0.30913140311804, -0.0202993544888429, 20, 56, 1.58474
0.428895923879022, 0.312249443207127, -0.0202993193722864, 20, 56, 1.58453
0.428895923879022, 0.315367483296214, -0.0202992832020158, 20, 55, 1.5553
0.428895923879022, 0.318485523385301, -0.0202992460046371, 20, 54, 1.52608
0.428895923879022, 0.321603563474388, -0.0202992078246807, 20, 54, 1.52608
0.428895923879022, 0.324721603563474, -0.0202991685305153, 20, 53, 1.4966
0.428895923879022, 0.327839643652561, -0.020299128219843, 20, 53, 1.49834
0.428895923879022, 0.330957683741648, -0.0202990867596641, 20, 52, 1.46906
0.428895923879022, 0.334075723830735, -0.0202990442496412, 20, 52, 1.46908
0.428895923879022, 0.337193763919822, -0.0202990006093802, 20, 52, 1.46902
0.428895923879022, 0.340311804008909, -0.0202989557755248, 20, 51, 1.43964
0.428895923879022, 0.343429844097996, -0.0202989098323091, 20, 51, 1.43955
0.428895923879022, 0.346547884187082, -0.020298862658315, 20, 50, 1.41212
0.428895923879022, 0.349665924276169, -0.0202988143427798, 20, 50, 1.41218
0.428895923879022, 0.352783964365256, -0.0202987647582584, 20, 49, 1.38312
0.428895923879022, 0.355902004454343, -0.0202987140008778, 20, 49, 1.38259
0.428895923879022, 0.35902004454343, -0.0202986619919666, 20, 49, 1.38272
0.428895923879022, 0.362138084632517, -0.0202986086663439, 20, 48, 1.35319
0.428895923879022, 0.365256124721604, -0.0202985541108273, 20, 48, 1.35429
0.428895923879022, 0.36837416481069, -0.0202984981986168, 20, 47, 1.32585
0.428895923879022, 0.371492204899777, -0.0202984410267711, 20, 47, 1.32598
0.428895923879022, 0.374610244988864, -0.0202983825161621, 20, 47, 1.3257
0.428895923879022, 0.377728285077951, -0.020298322599032, 20, 46, 1.29739
0.428895923879022, 0.380846325167038, -0.0202982613672028, 20, 46, 1.29632
0.428895923879022, 0.383964365256125, -0.0202981986867841, 20, 45, 1.26713
0.428895923879022, 0.387082405345212, -0.0202981346642082, 20, 45, 1.267
0.428895923879022, 0.390200445434298, -0.0202980692155261, 20, 45, 1.26877
0.428895923879022, 0.393318485523385, -0.0202980022665396, 20, 44, 1.23957
0.428895923879022, 0.396436525612472, -0.020297933922643, 20, 44, 1.23993
0.428895923879022, 0.399554565701559, -0.0202978641006121, 20, 44, 1.24007
0.428895923879022, 0.402672605790646, -0.0202977927255523, 20, 43, 1.21103
0.428895923879022, 0.405790645879733, -0.0202977199043817, 20, 43, 1.21279
0.428895923879022, 0.40890868596882, -0.0202976455532784, 20, 43, 1.21051
0.428895923879022, 0.412026726057906, -0.020297569595421, 20, 42, 1.18111
0.428895923879022, 0.415144766146993, -0.0202974921419528, 20, 42, 1.18145
0.428895923879022, 0.41826280623608, -0.0202974131070861, 20, 42, 1.18555
0.428895923879022, 0.421380846325167, -0.0202973324741145, 20, 42, 1.18469
0.428895923879022, 0.424498886414254, -0.0202972501711553, 20, 41, 1.15524
0.428895923879022, 0.427616926503341, -0.0202971662991225, 20, 41, 1.15326
0.428895923879022, 0.430734966592428, -0.0202970807781023, 20, 41, 1.15317
0.428895923879022, 0.433853006681514, -0.020296993531831, 20, 40, 1.12448
0.428895923879022, 0.436971046770601, -0.0202969046709174, 20, 40, 1.12491
0.428895923879022, 0.440089086859688, -0.0202968141106675, 20, 40, 1.12456
0.428895923879022, 0.443207126948775, -0.0202967218348065, 20, 40, 1.12685
0.428895923879022, 0.446325167037862, -0.0202966277691786, 20, 39, 1.09605
0.428895923879022, 0.449443207126949, -0.0202965320205584, 20, 39, 1.09516
0.428895923879022, 0.452561247216036, -0.0202964345068934, 20, 39, 1.09772
0.428895923879022, 0.455679287305123, -0.0202963352121787, 20, 39, 1.09764
0.428895923879022, 0.458797327394209, -0.0202962340628241, 20, 38, 1.06962
0.428895923879022, 0.461915367483296, -0.020296131165301, 20, 38, 1.06973
0.428895923879022, 0.465033407572383, -0.0202960264383691, 20, 38, 1.06911
0.428895923879022, 0.46815144766147, -0.020295919866429, 20, 38, 1.06676
0.428895923879022, 0.471269487750557, -0.0202958113748756, 20, 37, 1.03883
0.428895923879022, 0.474387527839644, -0.0202957010733565, 20, 37, 1.03795
0.428895923879022, 0.477505567928731, -0.0202955888796986, 20, 37, 1.03816
0.428895923879022, 0.480623608017817, -0.02029547477874, 20, 37, 1.04029
0.428895923879022, 0.483741648106904, -0.020295358693209, 20, 36, 1.0091
0.428895923879022, 0.486859688195991, -0.0202952407396465, 20, 36, 1.00954
0.428895923879022, 0.489977728285078, -0.0202951208330844, 20, 36, 1.01053
0.428895923879022, 0.493095768374165, -0.020294998958825, 20, 36, 1.01065
0.428895923879022, 0.496213808463252, -0.0202948751023339, 20, 36, 1.01247
0.428895923879022, 0.499331848552339, -0.0202947491893373, 20, 35, 0.983322
0.428895923879022, 0.502449888641425, -0.0202946213318516, 20, 35, 0.982065
0.428895923879022, 0.505567928730512, -0.020294491448451, 20, 35, 0.983259
0.428895923879022, 0.508685968819599, -0.0202943595251618, 20, 35, 0.980406
0.428895923879022, 0.511804008908686, -0.0202942254813216, 20, 34, 0.951266
0.428895923879022, 0.514922048997773, -0.0202940894440964, 20, 34, 0.952821
0.428895923879022, 0.51804008908686, -0.0202939513250844, 20, 34, 0.95113
0.428895923879022, 0.521158129175947, -0.0202938111109526, 20, 34, 0.951071
0.428895923879022, 0.524276169265034, -0.0202936687885119, 20, 34, 0.951128
0.428895923879022, 0.52739420935412, -0.0202935242760792, 20, 33, 0.921865
0.428895923879022, 0.530512249443207, -0.0202933777052892, 20, 33, 0.925565
0.428895923879022, 0.533630289532294, -0.0202932289868107, 20, 33, 0.923579
0.428895923879022, 0.536748329621381, -0.0202930781081299, 20, 33, 0.928015
0.428895923879022, 0.539866369710468, -0.0202929250569574, 20, 33, 0.923542
0.428895923879022, 0.542984409799555, -0.0202927698211534, 20, 33, 0.923445
0.428895923879022, 0.546102449888642, -0.0202926123232133, 20, 32, 0.898066
0.428895923879022, 0.549220489977728, -0.0202924526891374, 20, 32, 0.898049
0.428895923879022, 0.552338530066815, -0.0202922908343993, 20, 32, 0.901557
0.428895923879022, 0.555456570155902, -0.0202921267476608, 20, 32, 0.900177
0.428895923879022, 0.558574610244989, -0.0202919604177716, 20, 32, 0.894974
0.428895923879022, 0.561692650334076, -0.020291791833775, 20, 32, 0.89853
0.428895923879022, 0.564810690423163, -0.0202916209196898, 20, 31, 0.902352
0.428895923879022, 0.567928730512249, -0.0202914478018803, 20, 31, 0.895927
0.428895923879022, 0.571046770601336, -0.0202912723976613, 20, 31, 0.864729
0.428895923879022, 0.574164810690423, -0.0202910946969611, 20, 31, 0.864721
0.428895923879022, 0.57728285077951, -0.0202909146899184, 20, 31, 0.864762
0.428895923879022, 0.580400890868597, -0.0202907323668877, 20, 31, 0.864726
0.428895923879022, 0.583518930957684, -0.0202905476507863, 20, 30, 0.836114
0.428895923879022, 0.586636971046771, -0.0202903606742588, 20, 30, 0.837192
0.428895923879022, 0.589755011135857, -0.0202901713534974, 20, 30, 0.837115
0.428895923879022, 0.592873051224944, -0.0202899796798449, 20, 30, 0.837099
0.428895923879022, 0.595991091314031, -0.0202897856448538, 20, 30, 0.841257
0.428895923879022, 0.599109131403118, -0.0202895892403124, 20, 30, 0.845126
0.428895923879022, 0.602227171492205, -0.0202893904582499, 20, 30, 0.841874
0.428895923879022, 0.605345211581292, -0.0202891892245942, 20, 29, 0.808227
0.428895923879022, 0.608463251670379, -0.0202889856707415, 20, 29, 0.808975
0.428895923879022, 0.611581291759466, -0.0202887797163646, 20, 29, 0.812157
0.428895923879022, 0.614699331848552, -0.020288571354549, 20, 29, 0.807766
0.428895923879022, 0.617817371937639, -0.0202883605786355, 20, 29, 0.807671
0.428895923879022, 0.620935412026726, -0.0202881473822247, 20, 29, 0.824139
0.428895923879022, 0.624053452115813, -0.0202879317591811, 20, 29, 0.808268
0.428895923879022, 0.6271714922049, -0.0202877136353506, 20, 28, 0.78755
0.428895923879022, 0.630289532293987, -0.0202874931478624, 20, 28, 0.778773
0.428895923879022, 0.633407572383074, -0.0202872702164021, 20, 28, 0.778347
0.428895923879022, 0.63652561247216, -0.0202870448359761, 20, 28, 0.778416
0.428895923879022, 0.639643652561247, -0.0202868170018689, 20, 28, 0.778394
0.428895923879022, 0.642761692650334, -0.0202865867096462, 20, 28, 0.778584
0.428895923879022, 0.645879732739421, -0.020286353955159, 20, 28, 0.778435
0.428895923879022, 0.648997772828508, -0.0202861187345471, 20, 28, 0.77878
0.428895923879022, 0.652115812917595, -0.0202858809769129, 20, 27, 0.750781
0.428895923879022, 0.655233853006682, -0.0202856408195069, 20, 27, 0.750823
0.428895923879022, 0.658351893095768, -0.0202853981856533, 20, 27, 0.750719
0.428895923879022, 0.661469933184855, -0.0202851530727251, 20, 27, 0.750784
0.428895923879022, 0.664587973273942, -0.0202849054783964, 20, 27, 0.751567
0.428895923879022, 0.667706013363029, -0.0202846554006465, 20, 27, 0.750807
0.428895923879022, 0.670824053452116, -0.0202844028377628, 20, 27, 0.751051
0.428895923879022, 0.673942093541203, -0.0202841477883438, 20, 27, 0.755264
0.428895923879022, 0.67706013363029, -0.0202838901810881, 20, 26, 0.721424
0.428895923879022, 0.680178173719376, -0.0202836301615519, 20, 26, 0.729021
0.428895923879022, 0.683296213808463, -0.0202833676526818, 20, 26, 0.724941
0.428895923879022, 0.68641425389755, -0.0202831026543937, 20, 26, 0.730761
0.428895923879022, 0.689532293986637, -0.0202828351669258, 20, 26, 0.733643
0.428895923879022, 0.692650334075724, -0.0202825651908423, 20, 26, 0.725002
0.428895923879022, 0.695768374164811, -0.0202822927270362, 20, 26, 0.752892
0.428895923879022, 0.698886414253898, -0.0202820177767317, 20, 26, 0.751495
0.428895923879022, 0.702004454342984, -0.0202817403414875, 20, 26, 0.721648
0.428895923879022, 0.705122494432071, -0.0202814603520858, 20, 25, 0.712935
0.428895923879022, 0.708240534521158, -0.0202811779587402, 20, 25, 0.700126
0.428895923879022, 0.711358574610245, -0.020280893086699, 20, 25, 0.74287
0.428895923879022, 0.714476614699332, -0.0202806057389213, 20, 25, 0.700672
0.428895923879022, 0.717594654788419, -0.0202803159187103, 20, 25, 0.749846
0.428895923879022, 0.720712694877506, -0.0202800236297155, 20, 25, 0.711366
0.428895923879022, 0.723830734966592, -0.0202797288759357, 20, 25, 0.802152
0.428895923879022, 0.726948775055679, -0.0202794316617215, 20, 25, 0.708859
0.428895923879022, 0.730066815144766, -0.0202791319917767, 20, 25, 0.704006
0.428895923879022, 0.733184855233853, -0.0202788298711892, 20, 25, 0.699272
0.428895923879022, 0.73630289532294, -0.020278525234629, 20, 24, 0.684591
0.428895923879022, 0.739420935412027, -0.0202782182347885, 20, 24, 0.67719
0.428895923879022, 0.742538975501114, -0.0202779088011904, 20, 24, 0.665206
0.428895923879022, 0.7456570155902, -0.0202775969403738, 20, 24, 0.664657
0.428895923879022, 0.748775055679287, -0.0202772826592416, 20, 24, 0.668626
0.428895923879022, 0.751893095768374, -0.0202769659650629, 20, 24, 0.665845
0.428895923879022, 0.755011135857461, -0.0202766468654748, 20, 24, 0.68574
0.428895923879022, 0.758129175946548, -0.0202763253684842, 20, 24, 0.664881
0.428895923879022, 0.761247216035635, -0.0202760014824701, 20, 24, 0.666008
0.428895923879022, 0.764365256124722, -0.0202756752161847, 20, 24, 0.670997
0.428895923879022, 0.767483296213809, -0.0202753465034445, 20, 23, 0.65659
0.428895923879022, 0.770601336302895, -0.0202750155100004, 20, 23, 0.642516
0.428895923879022, 0.773719376391982, -0.0202746821643826, 20, 23, 0.705495
0.428895923879022, 0.776837416481069, -0.0202743464768857, 20, 23, 0.671477
0.428895923879022, 0.779955456570156, -0.0202740084581837, 20, 23, 0.636039
0.428895923879022, 0.783073496659243, -0.0202736681193316, 20, 23, 0.688995
0.428895923879022, 0.78619153674833, -0.0202733254717669, 20, 23, 0.706644
0.428895923879022, 0.789309576837417, -0.020272980527311, 20, 23, 0.680445
0.428895923879022, 0.792427616926503, -0.0202726332981706, 20, 23, 0.67797
0.428895923879022, 0.79554565701559, -0.020272283796939, 20, 23, 0.694339
0.428895923879022, 0.798663697104677, -0.0202719320365975, 20, 23, 0.654776
0.428895923879022, 0.801781737193764, -0.0202715780305166, 20, 23, 0.655072
0.428895923879022, 0.804899777282851, -0.0202712217183255, 20, 22, 0.606168
0.428895923879022, 0.808017817371938, -0.020270863267743, 20, 22, 0.605853
0.428895923879022, 0.811135857461025, -0.0202705026134996, 20, 22, 0.60575
0.428895923879022, 0.814253897550111, -0.0202701397705599, 20, 22, 0.605797
0.428895923879022, 0.817371937639198, -0.0202697747542807, 20, 22, 0.605937
0.428895923879022, 0.820489977728285, -0.0202694075804122, 20, 22, 0.606082
0.428895923879022, 0.823608017817372, -0.0202690382650991, 20, 22, 0.605694
0.428895923879022, 0.826726057906459, -0.0202686668248807, 20, 22, 0.605723
0.428895923879022, 0.829844097995546, -0.0202682932766927, 20, 22, 0.605788
0.428895923879022, 0.832962138084633, -0.0202679176378672, 20, 22, 0.606061
0.428895923879022, 0.836080178173719, -0.0202675399261651, 20, 22, 0.607476
0.428895923879022, 0.839198218262806, -0.0202671601596504, 20, 22, 0.613555
0.428895923879022, 0.842316258351893, -0.020266778356881, 20, 22, 0.607516
0.428895923879022, 0.84543429844098, -0.0202663944629179, 20, 21, 0.578057
0.428895923879022, 0.848552338530067, -0.0202660086498672, 20, 21, 0.578233
0.428895923879022, 0.851670378619154, -0.0202656208581906, 20, 21, 0.578333
0.428895923879022, 0.854788418708241, -0.0202652311080361, 20, 21, 0.578156
0.428895923879022, 0.857906458797328, -0.0202648394199507, 20, 21, 0.578209
0.428895923879022, 0.861024498886414, -0.0202644458148804, 20, 21, 0.578278
0.428895923879022, 0.864142538975501, -0.0202640503141712, 20, 21, 0.578149
0.428895923879022, 0.867260579064588, -0.0202636529395685, 20, 21, 0.57815
0.428895923879022, 0.870378619153675, -0.020263253713218, 20, 21, 0.578187
0.428895923879022, 0.873496659242762, -0.0202628526576654, 20, 21, 0.578159
0.428895923879022, 0.876614699331849, -0.0202624497958564, 20, 21, 0.578166
0.428895923879022, 0.879732739420936, -0.0202620451511372, 20, 21, 0.578242
0.428895923879022, 0.882850779510022, -0.020261638747254, 20, 21, 0.578419
0.428895923879022, 0.885968819599109, -0.0202612306083528, 20, 21, 0.578072
0.428895923879022, 0.889086859688196, -0.0202608206837068, 20, 20, 0.548739
0.428895923879022, 0.892204899777283, -0.0202604091537218, 20, 20, 0.548979
0.428895923879022, 0.89532293986637, -0.0202599959632364, 20, 20, 0.548737
0.428895923879022, 0.898440979955457, -0.0202595811380158, 20, 20, 0.548923
0.428895923879022, 0.901559020044544, -0.0202591647042228, 20, 20, 0.548729
0.428895923879022, 0.90467706013363, -0.0202587466884173, 20, 20, 0.548779
0.428895923879022, 0.907795100222717, -0.0202583271175562, 20, 20, 0.548804
0.428895923879022, 0.910913140311804, -0.0202579060189924, 20, 20, 0.548761
0.428895923879022, 0.914031180400891, -0.0202574834204754, 20, 20, 0.549058
0.428895923879022, 0.917149220489978, -0.0202570593501495, 20, 20, 0.548704
0.428895923879022, 0.920267260579065, -0.0202566338365544, 20, 20, 0.54873
0.428895923879022, 0.923385300668152, -0.0202562069086238, 20, 20, 0.548985
0.428895923879022, 0.926503340757238, -0.0202557785956852, 20, 20, 0.548693
0.428895923879022, 0.929621380846325, -0.0202553489274588, 20, 20, 0.548719
0.428895923879022, 0.932739420935412, -0.0202549179340573, 20, 20, 0.548716
0.428895923879022, 0.935857461024499, -0.0202544856459846, 20, 20, 0.548721
0.428895923879022, 0.938975501113586, -0.0202540520197862, 20, 19, 0.519504
0.428895923879022, 0.942093541202673, -0.0202536172400632, 20, 19, 0.519505
0.428895923879022, 0.945211581291759, -0.0202531812592342, 20, 19, 0.519395
0.428895923879022, 0.948329621380847, -0.0202527441093774, 20, 19, 0.519497
0.428895923879022, 0.951447661469933, -0.0202523058229569, 20, 19, 0.519595
0.428895923879022, 0.95456570155902, -0.0202518664328212, 20, 19, 0.519832
0.428895923879022, 0.957683741648107, -0.0202514259722027, 20, 19, 0.519437
0.428895923879022, 0.960801781737194, -0.0202509844747159, 20, 19, 0.519445
0.428895923879022, 0.963919821826281, -0.0202505419743573, 20, 19, 0.519417
0.428895923879022, 0.967037861915368, -0.0202500985055032, 20, 19, 0.519433
0.428895923879022, 0.970155902004454, -0.0202496541029093, 20, 19, 0.519464
0.428895923879022, 0.973273942093541, -0.0202492088017088, 20, 19, 0.519427
0.428895923879022, 0.976391982182628, -0.0202487626374483, 20, 19, 0.521115
0.428895923879022, 0.979510022271715, -0.020248315645939, 20, 19, 0.521107
0.428895923879022, 0.982628062360802, -0.0202478678634769, 20, 19, 0.521095
0.428895923879022, 0.985746102449889, -0.0202474193266932, 20, 19, 0.521319
0.428895923879022, 0.988864142538975, -0.0202469700725899, 20, 19, 0.521298
0.428895923879022, 0.991982182628063, -0.0202465201385388, 20, 19, 0.521105
0.428895923879022, 0.995100222717149, -0.0202460694896281, 20, 18, 0.49184
0.428895923879022, 0.998218262806236, -0.0202456183135503, 20, 18, 0.491917
0.428895923879022, 1.00133630289532, -0.0202451665715888, 20, 18, 0.491957
0.428895923879022, 1.00445434298441, -0.020244714302592, 20, 18, 0.491899
0.428895923879022, 1.0075723830735, -0.0202442615457692, 20, 18, 0.491837
0.428895923879022, 1.01069042316258, -0.0202438083406884, 20, 18, 0.492072
0.428895923879022, 1.01380846325167, -0.020243354727275, 20, 18, 0.497869
0.428895923879022, 1.01692650334076, -0.0202429007458098, 20, 18, 0.491973
0.428895923879022, 1.02004454342984, -0.0202424464369276, 20, 18, 0.491869
0.428895923879022, 1.02316258351893, -0.0202419918416149, 20, 18, 0.492306
0.428895923879022, 1.02628062360802, -0.0202415370012085, 20, 18, 0.492612
0.428895923879022, 1.0293986636971, -0.0202410819573936, 20, 18, 0.492054
0.428895923879022, 1.03251670378619, -0.0202406267522015, 20, 18, 0.50188
0.428895923879022, 1.03563474387528, -0.0202401714280082, 20, 18, 0.520162
0.428895923879022, 1.03875278396437, -0.0202397160275321, 20, 18, 0.522583
0.428895923879022, 1.04187082405345, -0.020239260593832, 20, 18, 0.512188
0.428895923879022, 1.04498886414254, -0.0202388051703054, 20, 18, 0.538345
0.428895923879022, 1.04810690423163, -0.0202383498006861, 20, 18, 0.492333
0.428895923879022, 1.05122494432071, -0.0202378945290424, 20, 18, 0.492161
0.428895923879022, 1.0543429844098, -0.0202374393997747, 20, 18, 0.531478
0.428895923879022, 1.05746102449889, -0.0202369843859202, 20, 17, 0.487963
0.428895923879022, 1.06057906458797, -0.0202365296799245, 20, 17, 0.498434
0.428895923879022, 1.06369710467706, -0.0202360752512556, 20, 17, 0.498219
0.428895923879022, 1.06681514476615, -0.0202356211456338, 20, 17, 0.466192
0.428895923879022, 1.06993318485523, -0.0202351674090997, 20, 17, 0.462623
0.428895923879022, 1.07305122494432, -0.0202347140880127, 20, 17, 0.462662
0.428895923879022, 1.07616926503341, -0.0202342612290481, 20, 17, 0.473817
0.428895923879022, 1.07928730512249, -0.0202338088791951, 20, 17, 0.463563
0.428895923879022, 1.08240534521158, -0.0202333570857544, 20, 17, 0.477794
0.428895923879022, 1.08552338530067, -0.0202329058963361, 20, 17, 0.462867
0.428895923879022, 1.08864142538976, -0.020232455358857, 20, 17, 0.463272
0.428895923879022, 1.09175946547884, -0.0202320055215383, 20, 17, 0.466464
0.428895923879022, 1.09487750556793, -0.0202315564329035, 20, 17, 0.478165
0.428895923879022, 1.09799554565702, -0.0202311081417757, 20, 17, 0.487526
0.428895923879022, 1.1011135857461, -0.020230660697275, 20, 17, 0.482462
0.428895923879022, 1.10423162583519, -0.0202302141488164, 20, 17, 0.497899
0.428895923879022, 1.10734966592428, -0.0202297685461072, 20, 17, 0.496462
0.428895923879022, 1.11046770601336, -0.0202293239391443, 20, 17, 0.515371
0.428895923879022, 1.11358574610245, -0.0202288803782118, 20, 17, 0.492366
0.428895923879022, 1.11670378619154, -0.0202284379138786, 20, 17, 0.496001
0.428895923879022, 1.11982182628062, -0.0202279965969954, 20, 17, 0.499683
0.428895923879022, 1.12293986636971, -0.0202275564786927, 20, 17, 0.462752
0.428895923879022, 1.1260579064588, -0.0202271175374405, 20, 16, 0.433167
0.428895923879022, 1.12917594654788, -0.020226679974632, 20, 16, 0.433162
0.428895923879022, 1.13229398663697, -0.0202262437652445, 20, 16, 0.433627
0.428895923879022, 1.13541202672606, -0.0202258089615107, 20, 16, 0.433116
0.428895923879022, 1.13853006681514, -0.0202253756159291, 20, 16, 0.437398
0.428895923879022, 1.14164810690423, -0.0202249437812609, 20, 16, 0.433492
0.428895923879022, 1.14476614699332, -0.0202245135105283, 20, 16, 0.434121
0.428895923879022, 1.14788418708241, -0.0202240848570108, 20, 16, 0.4331
0.428895923879022, 1.15100222717149, -0.020223657874243, 20, 16, 0.451998
0.428895923879022, 1.15412026726058, -0.0202232326160121, 20, 16, 0.437014
0.428895923879022, 1.15723830734967, -0.0202228091363544, 20, 16, 0.437498
0.428895923879022, 1.16035634743875, -0.0202223874895535, 20, 16, 0.434561
0.428895923879022, 1.16347438752784, -0.0202219677301367, 20, 16, 0.43378
0.428895923879022, 1.16659242761693, -0.0202215499128727, 20, 16, 0.433269
0.428895923879022, 1.16971046770601, -0.0202211340928131, 20, 16, 0.43548
0.428895923879022, 1.1728285077951, -0.020220720325112, 20, 16, 0.438774
0.428895923879022, 1.17594654788419, -0.0202203086652897, 20, 16, 0.435008
0.428895923879022, 1.17906458797327, -0.0202198991690523, 20, 16, 0.435941
0.428895923879022, 1.18218262806236, -0.020219491892333, 20, 16, 0.435841
0.428895923879022, 1.18530066815145, -0.0202190868912893, 20, 16, 0.434937
0.428895923879022, 1.18841870824053, -0.0202186842223004, 20, 16, 0.455489
0.428895923879022, 1.19153674832962, -0.0202182839419642, 20, 16, 0.441109
0.428895923879022, 1.19465478841871, -0.0202178861070945, 20, 16, 0.435115
0.428895923879022, 1.1977728285078, -0.0202174907747179, 20, 16, 0.44332
0.428895923879022, 1.20089086859688, -0.0202170980020712, 20, 16, 0.452335
0.428895923879022, 1.20400890868597, -0.0202167078465985, 20, 16, 0.434762
0.428895923879022, 1.20712694877506, -0.0202163202953744, 20, 15, 0.406261
0.428895923879022, 1.21024498886414, -0.0202159355508836, 20, 15, 0.446901
0.428895923879022, 1.21336302895323, -0.0202155535969411, 20, 15, 0.412259
0.428895923879022, 1.21648106904232, -0.0202151744917991, 20, 15, 0.424704
0.428895923879022, 1.2195991091314, -0.0202147982939023, 20, 15, 0.405597
0.428895923879022, 1.22271714922049, -0.0202144250618844, 20, 15, 0.421233
0.428895923879022, 1.22583518930958, -0.0202140548545657, 20, 15, 0.426005
0.428895923879022, 1.22895322939866, -0.0202136877309501, 20, 15, 0.406144
0.428895923879022, 1.23207126948775, -0.020213323750222, 20, 15, 0.430066
0.428895923879022, 1.23518930957684, -0.0202129629717437, 20, 15, 0.418604
0.428895923879022, 1.23830734966592, -0.020212605455052, 20, 15, 0.446035
0.428895923879022, 1.24142538975501, -0.0202122512598556, 20, 15, 0.437287
0.428895923879022, 1.2445434298441, -0.0202119004460324, 20, 15, 0.4176
0.428895923879022, 1.24766146993318, -0.0202115530736259, 20, 15, 0.436739
0.428895923879022, 1.25077951002227, -0.0202112092028428, 20, 15, 0.406556
0.428895923879022, 1.25389755011136, -0.0202108688940501, 20, 15, 0.424462
0.428895923879022, 1.25701559020045, -0.0202105322077715, 20, 15, 0.406392
0.428895923879022, 1.26013363028953, -0.0202101992046855, 20, 15, 0.406089
0.428895923879022, 1.26325167037862, -0.0202098699456214, 20, 15, 0.406058
0.428895923879022, 1.26636971046771, -0.0202095444915572, 20, 15, 0.405567
0.428895923879022, 1.26948775055679, -0.020209222903616, 20, 15, 0.405606
0.428895923879022, 1.27260579064588, -0.0202089052430637, 20, 15, 0.436195
0.428895923879022, 1.27572383073497, -0.0202085915713056, 20, 15, 0.424163
0.428895923879022, 1.27884187082405, -0.0202082819498834, 20, 15, 0.438419
0.428895923879022, 1.28195991091314, -0.0202079764404727, 20, 15, 0.40826
0.428895923879022, 1.28507795100223, -0.0202076751048798, 20, 15, 0.405471
0.428895923879022, 1.28819599109131, -0.0202073780050387, 20, 15, 0.405537
0.428895923879022, 1.2913140311804, -0.0202070852030084, 20, 15, 0.406161
0.428895923879022, 1.29443207126949, -0.0202067967609696, 20, 15, 0.414605
0.428895923879022, 1.29755011135857, -0.0202065127412223, 20, 15, 0.407001
0.428895923879022, 1.30066815144766, -0.0202062331385136, 20, 14, 0.376197
0.428895923879022, 1.30378619153675, -0.0202059581538376, 20, 14, 0.380392
0.428895923879022, 1.30690423162584, -0.0202056877788934, 20, 14, 0.376197
0.428895923879022, 1.31002227171492, -0.0202054220764343, 20, 14, 0.376237
0.428895923879022, 1.31314031180401, -0.0202051611093179, 20, 14, 0.377162
0.428895923879022, 1.3162583518931, -0.020204904940503, 20, 14, 0.37717
0.428895923879022, 1.31937639198218, -0.0202046536330468, 20, 14, 0.389769
0.428895923879022, 1.32249443207127, -0.0202044072501019, 20, 14, 0.396642
0.428895923879022, 1.32561247216036, -0.0202041658549136, 20, 14, 0.389267
0.428895923879022, 1.32873051224944, -0.020203929510817, 20, 14, 0.376114
0.428895923879022, 1.33184855233853, -0.0202036982812341, 20, 14, 0.376164
0.428895923879022, 1.33496659242762, -0.0202034722296709, 20, 14, 0.376168
0.428895923879022, 1.3380846325167, -0.0202032514197146, 20, 14, 0.376131
0.428895923879022, 1.34120267260579, -0.0202030359150309, 20, 14, 0.376135
0.428895923879022, 1.34432071269488, -0.0202028257793609, 20, 14, 0.376198
0.428895923879022, 1.34743875278396, -0.0202026210765183, 20, 14, 0.376199
0.428895923879022, 1.35055679287305, -0.0202024218703869, 20, 14, 0.376176
0.428895923879022, 1.35367483296214, -0.0202022282249175, 20, 14, 0.376128
0.428895923879022, 1.35679287305122, -0.0202020402041251, 20, 14, 0.376179
0.428895923879022, 1.35991091314031, -0.0202018578720861, 20, 14, 0.376155
0.428895923879022, 1.3630289532294, -0.0202016812929358, 20, 14, 0.376118
0.428895923879022, 1.36614699331849, -0.020201510530865, 20, 14, 0.376159
0.428895923879022, 1.36926503340757, -0.0202013456501181, 20, 14, 0.376065
0.428895923879022, 1.37238307349666, -0.0202011867149894, 20, 14, 0.376033
0.428895923879022, 1.37550111358575, -0.0202010337898211, 20, 14, 0.376141
0.428895923879022, 1.37861915367483, -0.020200886939, 20, 14, 0.376187
0.428895923879022, 1.38173719376392, -0.0202007462269553, 20, 14, 0.3762
0.428895923879022, 1.38485523385301, -0.0202006117181553, 20, 14, 0.376201
0.428895923879022, 1.38797327394209, -0.0202004834771051, 20, 14, 0.37618
0.428895923879022, 1.39109131403118, -0.0202003615683438, 20, 14, 0.376215
0.428895923879022, 1.39420935412027, -0.0202002460564416, 20, 14, 0.377661
0.428895923879022, 1.39732739420935, -0.0202001370059975, 20, 14, 0.377707
0.428895923879022, 1.40044543429844, -0.0202000344816361, 20, 14, 0.376371
0.428895923879022, 1.40356347438753, -0.0201999385480054, 20, 14, 0.377719
0.428895923879022, 1.40668151447661, -0.0201998492027726, 20, 13, 0.346931
0.428895923879022, 1.4097995545657, -0.0201997666475079, 20, 13, 0.346876
0.428895923879022, 1.41291759465479, -0.0201996908769073, 20, 13, 0.346902
0.428895923879022, 1.41603563474388, -0.0201996219556905, 20, 13, 0.346903
0.428895923879022, 1.41915367483296, -0.0201995599485871, 20, 13, 0.346813
0.428895923879022, 1.42227171492205, -0.0201995049203339, 20, 13, 0.34678
0.428895923879022, 1.42538975501114, -0.0201994569356725, 20, 13, 0.346817
0.428895923879022, 1.42850779510022, -0.0201994160593464, 20, 13, 0.346834
0.428895923879022, 1.43162583518931, -0.0201993823560989, 20, 13, 0.346857
0.428895923879022, 1.4347438752784, -0.0201993558906701, 20, 13, 0.34687
0.428895923879022, 1.43786191536748, -0.0201993367277949, 20, 13, 0.346844
0.428895923879022, 1.44097995545657, -0.0201993249321995, 20, 13, 0.346915
0.428895923879022, 1.44409799554566, -0.0201993205686003, 20, 13, 0.346852
0.428895923879022, 1.44721603563474, -0.0201993237017003, 20, 13, 0.346822
0.428895923879022, 1.45033407572383, -0.0201993343961871, 20, 13, 0.34687
0.428895923879022, 1.45345211581292, -0.0201993527167302, 20, 13, 0.34683
0.428895923879022, 1.456570155902, -0.0201993787279788, 20, 13, 0.346819
0.428895923879022, 1.45968819599109, -0.0201994124945592, 20, 13, 0.346866
0.428895923879022, 1.46280623608018, -0.0201994540811275, 20, 13, 0.348614
0.428895923879022, 1.46592427616927, -0.0201995035521464, 20, 13, 0.34862
0.428895923879022, 1.46904231625835, -0.0201995609722143, 20, 13, 0.348712
0.428895923879022, 1.47216035634744, -0.0201996264058421, 20, 13, 0.348608
0.428895923879022, 1.47527839643653, -0.0201996999175054, 20, 13, 0.352237
0.428895923879022, 1.47839643652561, -0.0201997815716427, 20, 13, 0.37761
0.428895923879022, 1.4815144766147, -0.020199871432653, 20, 13, 0.376841
0.428895923879022, 1.48463251670379, -0.0201999695648933, 20, 13, 0.357674
0.428895923879022, 1.48775055679287, -0.0202000760326763, 20, 13, 0.365746
0.428895923879022, 1.49086859688196, -0.0202001909002683, 20, 13, 0.367103
0.428895923879022, 1.49398663697105, -0.0202003142318867, 20, 13, 0.35355
0.428895923879022, 1.49710467706013, -0.0202004460916977, 20, 13, 0.348637
0.428895923879022, 1.50022271714922, -0.0202005865438143, 20, 13, 0.357011
0.428895923879022, 1.50334075723831, -0.0202007356522937, 20, 13, 0.348726
0.428895923879022, 1.50645879732739, -0.0202008934811353, 20, 13, 0.348569
0.428895923879022, 1.50957683741648, -0.0202010600942786, 20, 13, 0.353671
0.428895923879022, 1.51269487750557, -0.0202012355556006, 20, 13, 0.36106
0.428895923879022, 1.51581291759465, -0.020201419928914, 20, 13, 0.366583
0.428895923879022, 1.51893095768374, -0.0202016132779647, 20, 13, 0.35728
0.428895923879022, 1.52204899777283, -0.0202018156664299, 20, 13, 0.354568
0.428895923879022, 1.52516703786192, -0.0202020271579159, 20, 13, 0.350085
0.428895923879022, 1.528285077951, -0.0202022478159558, 20, 13, 0.352236
0.428895923879022, 1.53140311804009, -0.0202024777040077, 20, 13, 0.34856
0.428895923879022, 1.53452115812918, -0.0202027168222325, 20, 12, 0.320126
0.428895923879022, 1.53763919821826, -0.0202029653628854, 20, 12, 0.345959
0.428895923879022, 1.54075723830735, -0.0202032233233523, 20, 12, 0.319687
0.428895923879022, 1.54387527839644, -0.0202034907667739, 20, 12, 0.361173
0.428895923879022, 1.54699331848552, -0.0202037677562046, 20, 12, 0.324901
0.428895923879022, 1.55011135857461, -0.0202040543546114, 20, 12, 0.35022
0.428895923879022, 1.5532293986637, -0.0202043506248717, 20, 12, 0.319737
0.428895923879022, 1.55634743875278, -0.020204656629771, 20, 12, 0.319299
0.428895923879022, 1.55946547884187, -0.0202049724320011, 20, 12, 0.319326
0.428895923879022, 1.56258351893096, -0.0202052980941585, 20, 12, 0.319301
0.428895923879022, 1.56570155902004, -0.0202056336787418, 20, 12, 0.35158
0.428895923879022, 1.56881959910913, -0.0202059792481503, 20, 12, 0.331588
0.428895923879022, 1.57193763919822, -0.0202063348646818, 20, 12, 0.370713
0.428895923879022, 1.57505567928731, -0.0202067005905308, 20, 12, 0.355158
0.428895923879022, 1.57817371937639, -0.0202070764877869, 20, 12, 0.376948
0.428895923879022, 1.58129175946548, -0.0202074626184323, 20, 12, 0.352239
0.428895923879022, 1.58440979955457, -0.0202078590443405, 20, 12, 0.348765
0.428895923879022, 1.58752783964365, -0.0202082658272743, 20, 12, 0.35717
0.428895923879022, 1.59064587973274, -0.0202086830288839, 20, 12, 0.349679
0.428895923879022, 1.59376391982183, -0.0202091107107051, 20, 12, 0.364173
0.428895923879022, 1.59688195991091, -0.0202095489341578, 20, 12, 0.31923
0.428895923879022, 1.6, -0.0202099977605438, 20, 12, 0.31903
# finished at Wed Apr 30 03:21:21 CEST 2014
