# starting on alcc64 at Tue Apr 29 21:09:52 CEST 2014
# casimir, -T, 0.200000,1.600000,450, -Q, 0.189886147496718, -p, 1e-08, -L, 20
# Compiler icc, using long double and plain matrix elements and plain integration
# precision=1e-08
# lfac=5
# cores=1
# L=0.189886
# T=0.2...1.6 (450)
#
# R/(L+R), T, F, lmax, nmax, time
0.189886147496718, 0.2, -0.00130060779731184, 20, 65, 1.47643
0.189886147496718, 0.203118040089087, -0.00130060690332572, 20, 64, 1.44622
0.189886147496718, 0.206236080178174, -0.00130060596815559, 20, 63, 1.42151
0.189886147496718, 0.209354120267261, -0.00130060499060572, 20, 62, 1.39855
0.189886147496718, 0.212472160356347, -0.00130060396946438, 20, 61, 1.37627
0.189886147496718, 0.215590200445434, -0.0013006029035038, 20, 60, 1.34963
0.189886147496718, 0.218708240534521, -0.00130060179422746, 20, 60, 1.35034
0.189886147496718, 0.221826280623608, -0.00130060063509254, 20, 59, 1.32919
0.189886147496718, 0.224944320712695, -0.00130059942740314, 20, 58, 1.30722
0.189886147496718, 0.228062360801782, -0.00130059816987234, 20, 57, 1.28506
0.189886147496718, 0.231180400890869, -0.00130059686119618, 20, 56, 1.25968
0.189886147496718, 0.234298440979955, -0.00130059550307396, 20, 56, 1.25947
0.189886147496718, 0.237416481069042, -0.00130059408850286, 20, 55, 1.23732
0.189886147496718, 0.240534521158129, -0.00130059261884534, 20, 54, 1.21308
0.189886147496718, 0.243652561247216, -0.00130059109574848, 20, 54, 1.21585
0.189886147496718, 0.246770601336303, -0.00130058951226087, 20, 53, 1.19294
0.189886147496718, 0.24988864142539, -0.00130058786962933, 20, 52, 1.17178
0.189886147496718, 0.253006681514477, -0.00130058616961597, 20, 52, 1.17051
0.189886147496718, 0.256124721603563, -0.00130058440501121, 20, 51, 1.14642
0.189886147496718, 0.25924276169265, -0.00130058258004906, 20, 51, 1.144
0.189886147496718, 0.262360801781737, -0.0013005806879354, 20, 50, 1.12566
0.189886147496718, 0.265478841870824, -0.00130057872969878, 20, 49, 1.1005
0.189886147496718, 0.268596881959911, -0.00130057670727593, 20, 49, 1.10627
0.189886147496718, 0.271714922048998, -0.00130057461306813, 20, 48, 1.07676
0.189886147496718, 0.274832962138085, -0.00130057245174393, 20, 48, 1.08198
0.189886147496718, 0.277951002227172, -0.00130057021583275, 20, 47, 1.05356
0.189886147496718, 0.281069042316258, -0.00130056790990468, 20, 47, 1.05675
0.189886147496718, 0.284187082405345, -0.00130056552648643, 20, 46, 1.03593
0.189886147496718, 0.287305122494432, -0.00130056307016282, 20, 46, 1.03308
0.189886147496718, 0.290423162583519, -0.00130056053336521, 20, 45, 1.00982
0.189886147496718, 0.293541202672606, -0.00130055792080826, 20, 45, 1.00998
0.189886147496718, 0.296659242761693, -0.00130055522469286, 20, 44, 0.986887
0.189886147496718, 0.29977728285078, -0.00130055245000005, 20, 44, 0.983033
0.189886147496718, 0.302895322939866, -0.00130054958856413, 20, 43, 0.963587
0.189886147496718, 0.306013363028953, -0.00130054664578024, 20, 43, 0.963614
0.189886147496718, 0.30913140311804, -0.00130054361636939, 20, 43, 0.961148
0.189886147496718, 0.312249443207127, -0.00130054049608096, 20, 42, 0.940361
0.189886147496718, 0.315367483296214, -0.00130053728953432, 20, 42, 0.939084
0.189886147496718, 0.318485523385301, -0.00130053398873054, 20, 41, 0.917431
0.189886147496718, 0.321603563474388, -0.00130053059897883, 20, 41, 0.917257
0.189886147496718, 0.324721603563474, -0.0013005271150114, 20, 41, 0.917186
0.189886147496718, 0.327839643652561, -0.00130052353240736, 20, 40, 0.896851
0.189886147496718, 0.330957683741648, -0.00130051985603177, 20, 40, 0.894351
0.189886147496718, 0.334075723830735, -0.00130051608084194, 20, 40, 0.897594
0.189886147496718, 0.337193763919822, -0.00130051220248165, 20, 39, 0.873486
0.189886147496718, 0.340311804008909, -0.00130050822560728, 20, 39, 0.8715
0.189886147496718, 0.343429844097996, -0.00130050414527831, 20, 39, 0.87584
0.189886147496718, 0.346547884187082, -0.00130049995713018, 20, 38, 0.847894
0.189886147496718, 0.349665924276169, -0.0013004956657842, 20, 38, 0.845611
0.189886147496718, 0.352783964365256, -0.0013004912663111, 20, 38, 0.851163
0.189886147496718, 0.355902004454343, -0.00130048675425776, 20, 37, 0.827073
0.189886147496718, 0.35902004454343, -0.0013004821343962, 20, 37, 0.824706
0.189886147496718, 0.362138084632517, -0.00130047740171183, 20, 37, 0.827471
0.189886147496718, 0.365256124721604, -0.0013004725515752, 20, 36, 0.803965
0.189886147496718, 0.36837416481069, -0.00130046758910923, 20, 36, 0.807303
0.189886147496718, 0.371492204899777, -0.00130046250911001, 20, 36, 0.802023
0.189886147496718, 0.374610244988864, -0.00130045730666804, 20, 35, 0.781332
0.189886147496718, 0.377728285077951, -0.00130045198749013, 20, 35, 0.783775
0.189886147496718, 0.380846325167038, -0.00130044654606188, 20, 35, 0.778315
0.189886147496718, 0.383964365256125, -0.00130044098084267, 20, 35, 0.780698
0.189886147496718, 0.387082405345212, -0.0013004352870734, 20, 34, 0.75777
0.189886147496718, 0.390200445434298, -0.0013004294701261, 20, 34, 0.757853
0.189886147496718, 0.393318485523385, -0.00130042352466751, 20, 34, 0.756395
0.189886147496718, 0.396436525612472, -0.00130041744916725, 20, 34, 0.75852
0.189886147496718, 0.399554565701559, -0.00130041123889407, 20, 33, 0.737065
0.189886147496718, 0.402672605790646, -0.00130040489915171, 20, 33, 0.734747
0.189886147496718, 0.405790645879733, -0.00130039842467634, 20, 33, 0.734646
0.189886147496718, 0.40890868596882, -0.00130039181393676, 20, 33, 0.734686
0.189886147496718, 0.412026726057906, -0.00130038506210927, 20, 32, 0.714351
0.189886147496718, 0.415144766146993, -0.00130037817471397, 20, 32, 0.713603
0.189886147496718, 0.41826280623608, -0.00130037114639803, 20, 32, 0.71251
0.189886147496718, 0.421380846325167, -0.00130036397564383, 20, 32, 0.716346
0.189886147496718, 0.424498886414254, -0.00130035665740216, 20, 31, 0.691819
0.189886147496718, 0.427616926503341, -0.00130034919771047, 20, 31, 0.688589
0.189886147496718, 0.430734966592428, -0.00130034159097307, 20, 31, 0.688576
0.189886147496718, 0.433853006681514, -0.00130033383569155, 20, 31, 0.688565
0.189886147496718, 0.436971046770601, -0.00130032593037039, 20, 31, 0.691044
0.189886147496718, 0.440089086859688, -0.00130031787010006, 20, 30, 0.670925
0.189886147496718, 0.443207126948775, -0.0013003096606834, 20, 30, 0.66776
0.189886147496718, 0.446325167037862, -0.00130030129670411, 20, 30, 0.665458
0.189886147496718, 0.449443207126949, -0.0013002927766927, 20, 30, 0.670133
0.189886147496718, 0.452561247216036, -0.00130028409918455, 20, 30, 0.670063
0.189886147496718, 0.455679287305123, -0.00130027525924942, 20, 29, 0.642129
0.189886147496718, 0.458797327394209, -0.00130026626282447, 20, 29, 0.644556
0.189886147496718, 0.461915367483296, -0.00130025710448633, 20, 29, 0.642301
0.189886147496718, 0.465033407572383, -0.00130024778280301, 20, 29, 0.644934
0.189886147496718, 0.46815144766147, -0.00130023829634914, 20, 29, 0.644893
0.189886147496718, 0.471269487750557, -0.00130022864000477, 20, 28, 0.619112
0.189886147496718, 0.474387527839644, -0.0013002188202256, 20, 28, 0.621368
0.189886147496718, 0.477505567928731, -0.00130020883138762, 20, 28, 0.619056
0.189886147496718, 0.480623608017817, -0.00130019867210461, 20, 28, 0.619066
0.189886147496718, 0.483741648106904, -0.00130018834099861, 20, 28, 0.621346
0.189886147496718, 0.486859688195991, -0.00130017783670052, 20, 28, 0.621526
0.189886147496718, 0.489977728285078, -0.00130016715421599, 20, 27, 0.599771
0.189886147496718, 0.493095768374165, -0.00130015629990457, 20, 27, 0.600626
0.189886147496718, 0.496213808463252, -0.00130014526829877, 20, 27, 0.599099
0.189886147496718, 0.499331848552339, -0.00130013405807605, 20, 27, 0.598495
0.189886147496718, 0.502449888641425, -0.00130012266792424, 20, 27, 0.601141
0.189886147496718, 0.505567928730512, -0.00130011109654204, 20, 27, 0.608936
0.189886147496718, 0.508685968819599, -0.00130009933883323, 20, 26, 0.575383
0.189886147496718, 0.511804008908686, -0.00130008740157577, 20, 26, 0.575387
0.189886147496718, 0.514922048997773, -0.00130007527920218, 20, 26, 0.575318
0.189886147496718, 0.51804008908686, -0.00130006297046502, 20, 26, 0.581809
0.189886147496718, 0.521158129175947, -0.00130005047412917, 20, 26, 0.579289
0.189886147496718, 0.524276169265034, -0.00130003778897224, 20, 26, 0.577702
0.189886147496718, 0.52739420935412, -0.00130002491378504, 20, 26, 0.577768
0.189886147496718, 0.530512249443207, -0.00130001184363097, 20, 25, 0.551893
0.189886147496718, 0.533630289532294, -0.00129999858523078, 20, 25, 0.551921
0.189886147496718, 0.536748329621381, -0.00129998513320885, 20, 25, 0.551989
0.189886147496718, 0.539866369710468, -0.00129997148641799, 20, 25, 0.552027
0.189886147496718, 0.542984409799555, -0.00129995764372553, 20, 25, 0.554397
0.189886147496718, 0.546102449888642, -0.00129994360401378, 20, 25, 0.554352
0.189886147496718, 0.549220489977728, -0.00129992936618034, 20, 25, 0.555443
0.189886147496718, 0.552338530066815, -0.00129991492913857, 20, 25, 0.549583
0.189886147496718, 0.555456570155902, -0.00129990028830666, 20, 24, 0.531083
0.189886147496718, 0.558574610244989, -0.00129988545003274, 20, 24, 0.528759
0.189886147496718, 0.561692650334076, -0.00129987040934754, 20, 24, 0.528948
0.189886147496718, 0.564810690423163, -0.00129985516523527, 20, 24, 0.528747
0.189886147496718, 0.567928730512249, -0.00129983971669711, 20, 24, 0.531073
0.189886147496718, 0.571046770601336, -0.00129982406275162, 20, 24, 0.531084
0.189886147496718, 0.574164810690423, -0.00129980820243505, 20, 24, 0.531062
0.189886147496718, 0.57728285077951, -0.0012997921348017, 20, 24, 0.528761
0.189886147496718, 0.580400890868597, -0.0012997758553613, 20, 23, 0.506584
0.189886147496718, 0.583518930957684, -0.00129975937070144, 20, 23, 0.503267
0.189886147496718, 0.586636971046771, -0.00129974267596105, 20, 23, 0.50555
0.189886147496718, 0.589755011135857, -0.0012997257702739, 20, 23, 0.505581
0.189886147496718, 0.592873051224944, -0.00129970865279298, 20, 23, 0.507904
0.189886147496718, 0.595991091314031, -0.00129969132269089, 20, 23, 0.508177
0.189886147496718, 0.599109131403118, -0.00129967377916011, 20, 23, 0.507906
0.189886147496718, 0.602227171492205, -0.00129965602141336, 20, 23, 0.507887
0.189886147496718, 0.605345211581292, -0.00129963804868388, 20, 23, 0.507883
0.189886147496718, 0.608463251670379, -0.00129961985670562, 20, 22, 0.482375
0.189886147496718, 0.611581291759466, -0.00129960145214481, 20, 22, 0.480619
0.189886147496718, 0.614699331848552, -0.00129958283039238, 20, 22, 0.480603
0.189886147496718, 0.617817371937639, -0.00129956399077012, 20, 22, 0.48238
0.189886147496718, 0.620935412026726, -0.00129954493262145, 20, 22, 0.48502
0.189886147496718, 0.624053452115813, -0.00129952565531173, 20, 22, 0.484764
0.189886147496718, 0.6271714922049, -0.00129950615822856, 20, 22, 0.484794
0.189886147496718, 0.630289532293987, -0.00129948644078207, 20, 22, 0.484789
0.189886147496718, 0.633407572383074, -0.00129946650240518, 20, 22, 0.484667
0.189886147496718, 0.63652561247216, -0.0012994463387565, 20, 21, 0.459422
0.189886147496718, 0.639643652561247, -0.00129942595727215, 20, 21, 0.459238
0.189886147496718, 0.642761692650334, -0.00129940535326134, 20, 21, 0.459263
0.189886147496718, 0.645879732739421, -0.00129938452625417, 20, 21, 0.457118
0.189886147496718, 0.648997772828508, -0.00129936347580452, 20, 21, 0.460853
0.189886147496718, 0.652115812917595, -0.00129934220150473, 20, 21, 0.464235
0.189886147496718, 0.655233853006682, -0.00129932070292848, 20, 21, 0.464191
0.189886147496718, 0.658351893095768, -0.00129929897971705, 20, 21, 0.464234
0.189886147496718, 0.661469933184855, -0.00129927703152228, 20, 21, 0.464242
0.189886147496718, 0.664587973273942, -0.00129925485802114, 20, 21, 0.464268
0.189886147496718, 0.667706013363029, -0.00129923245891595, 20, 21, 0.461815
0.189886147496718, 0.670824053452116, -0.00129920983023781, 20, 20, 0.438663
0.189886147496718, 0.673942093541203, -0.00129918697947062, 20, 20, 0.438675
0.189886147496718, 0.67706013363029, -0.00129916390233039, 20, 20, 0.436683
0.189886147496718, 0.680178173719376, -0.00129914059862603, 20, 20, 0.438731
0.189886147496718, 0.683296213808463, -0.00129911706819268, 20, 20, 0.436464
0.189886147496718, 0.68641425389755, -0.00129909331089202, 20, 20, 0.441043
0.189886147496718, 0.689532293986637, -0.00129906932661243, 20, 20, 0.446881
0.189886147496718, 0.692650334075724, -0.00129904511526927, 20, 20, 0.441051
0.189886147496718, 0.695768374164811, -0.00129902067680507, 20, 20, 0.441069
0.189886147496718, 0.698886414253898, -0.00129899601118978, 20, 20, 0.44108
0.189886147496718, 0.702004454342984, -0.00129897111842092, 20, 20, 0.440999
0.189886147496718, 0.705122494432071, -0.00129894599852385, 20, 20, 0.443977
0.189886147496718, 0.708240534521158, -0.00129892064789208, 20, 19, 0.415461
0.189886147496718, 0.711358574610245, -0.00129889507424418, 20, 19, 0.415455
0.189886147496718, 0.714476614699332, -0.00129886927368559, 20, 19, 0.413157
0.189886147496718, 0.717594654788419, -0.00129884324635728, 20, 19, 0.413096
0.189886147496718, 0.720712694877506, -0.00129881699242876, 20, 19, 0.413991
0.189886147496718, 0.723830734966592, -0.00129879051209834, 20, 19, 0.418728
0.189886147496718, 0.726948775055679, -0.00129876380559328, 20, 19, 0.417836
0.189886147496718, 0.730066815144766, -0.00129873687317002, 20, 19, 0.417814
0.189886147496718, 0.733184855233853, -0.00129870971511433, 20, 19, 0.41786
0.189886147496718, 0.73630289532294, -0.00129868233174149, 20, 19, 0.417853
0.189886147496718, 0.739420935412027, -0.0012986547233965, 20, 19, 0.417852
0.189886147496718, 0.742538975501114, -0.0012986268904542, 20, 19, 0.417827
0.189886147496718, 0.7456570155902, -0.00129859883331949, 20, 19, 0.415549
0.189886147496718, 0.748775055679287, -0.00129857054868861, 20, 18, 0.392373
0.189886147496718, 0.751893095768374, -0.00129854204481245, 20, 18, 0.392389
0.189886147496718, 0.755011135857461, -0.00129851331811506, 20, 18, 0.389953
0.189886147496718, 0.758129175946548, -0.00129848436912511, 20, 18, 0.390023
0.189886147496718, 0.761247216035635, -0.0012984551984019, 20, 18, 0.390552
0.189886147496718, 0.764365256124722, -0.00129842580653552, 20, 18, 0.39083
0.189886147496718, 0.767483296213809, -0.001298396194147, 20, 18, 0.392684
0.189886147496718, 0.770601336302895, -0.00129836636188848, 20, 18, 0.394705
0.189886147496718, 0.773719376391982, -0.00129833631044332, 20, 18, 0.394705
0.189886147496718, 0.776837416481069, -0.00129830604052625, 20, 18, 0.394638
0.189886147496718, 0.779955456570156, -0.00129827555288353, 20, 18, 0.392261
0.189886147496718, 0.783073496659243, -0.00129824484829306, 20, 18, 0.394578
0.189886147496718, 0.78619153674833, -0.00129821392756448, 20, 18, 0.394679
0.189886147496718, 0.789309576837417, -0.00129818279153936, 20, 18, 0.394657
0.189886147496718, 0.792427616926503, -0.00129815144109126, 20, 18, 0.392335
0.189886147496718, 0.79554565701559, -0.00129811987343806, 20, 17, 0.369388
0.189886147496718, 0.798663697104677, -0.00129808809718075, 20, 17, 0.36919
0.189886147496718, 0.801781737193764, -0.00129805610929201, 20, 17, 0.36684
0.189886147496718, 0.804899777282851, -0.00129802391077629, 20, 17, 0.367443
0.189886147496718, 0.808017817371938, -0.00129799150267048, 20, 17, 0.366927
0.189886147496718, 0.811135857461025, -0.00129795888604397, 20, 17, 0.366856
0.189886147496718, 0.814253897550111, -0.00129792606199881, 20, 17, 0.371719
0.189886147496718, 0.817371937639198, -0.00129789303166977, 20, 17, 0.369243
0.189886147496718, 0.820489977728285, -0.00129785979622444, 20, 17, 0.371569
0.189886147496718, 0.823608017817372, -0.00129782635686334, 20, 17, 0.371513
0.189886147496718, 0.826726057906459, -0.00129779271482, 20, 17, 0.371561
0.189886147496718, 0.829844097995546, -0.00129775887136103, 20, 17, 0.371496
0.189886147496718, 0.832962138084633, -0.00129772482778623, 20, 17, 0.371692
0.189886147496718, 0.836080178173719, -0.00129769058542865, 20, 17, 0.371552
0.189886147496718, 0.839198218262806, -0.00129765614565464, 20, 17, 0.369126
0.189886147496718, 0.842316258351893, -0.00129762150986397, 20, 17, 0.37143
0.189886147496718, 0.84543429844098, -0.00129758667948986, 20, 17, 0.369106
0.189886147496718, 0.848552338530067, -0.00129755165238373, 20, 16, 0.346575
0.189886147496718, 0.851670378619154, -0.00129751643754248, 20, 16, 0.346851
0.189886147496718, 0.854788418708241, -0.00129748103259933, 20, 16, 0.343774
0.189886147496718, 0.857906458797328, -0.00129744543912335, 20, 16, 0.343708
0.189886147496718, 0.861024498886414, -0.00129740965871728, 20, 16, 0.343674
0.189886147496718, 0.864142538975501, -0.00129737369301752, 20, 16, 0.34367
0.189886147496718, 0.867260579064588, -0.00129733754369423, 20, 16, 0.343858
0.189886147496718, 0.870378619153675, -0.00129730121245134, 20, 16, 0.345971
0.189886147496718, 0.873496659242762, -0.00129726470102662, 20, 16, 0.345965
0.189886147496718, 0.876614699331849, -0.00129722801119171, 20, 16, 0.346001
0.189886147496718, 0.879732739420936, -0.00129719114475215, 20, 16, 0.348276
0.189886147496718, 0.882850779510022, -0.00129715410354742, 20, 16, 0.348293
0.189886147496718, 0.885968819599109, -0.00129711688945096, 20, 16, 0.34826
0.189886147496718, 0.889086859688196, -0.0012970795043702, 20, 16, 0.348334
0.189886147496718, 0.892204899777283, -0.00129704195024657, 20, 16, 0.348321
0.189886147496718, 0.89532293986637, -0.00129700422905554, 20, 16, 0.348322
0.189886147496718, 0.898440979955457, -0.00129696634280662, 20, 16, 0.348358
0.189886147496718, 0.901559020044544, -0.00129692829354338, 20, 16, 0.348284
0.189886147496718, 0.90467706013363, -0.00129689008334345, 20, 16, 0.348298
0.189886147496718, 0.907795100222717, -0.00129685171431851, 20, 16, 0.348289
0.189886147496718, 0.910913140311804, -0.00129681318523833, 20, 15, 0.322758
0.189886147496718, 0.914031180400891, -0.00129677450526819, 20, 15, 0.322775
0.189886147496718, 0.917149220489978, -0.00129673567299644, 20, 15, 0.320485
0.189886147496718, 0.920267260579065, -0.00129669669067215, 20, 15, 0.32072
0.189886147496718, 0.923385300668152, -0.00129665756057833, 20, 15, 0.320572
0.189886147496718, 0.926503340757238, -0.00129661828503198, 20, 15, 0.320488
0.189886147496718, 0.929621380846325, -0.00129657886638403, 20, 15, 0.320436
0.189886147496718, 0.932739420935412, -0.00129653930701935, 20, 15, 0.322823
0.189886147496718, 0.935857461024499, -0.00129649960935673, 20, 15, 0.322835
0.189886147496718, 0.938975501113586, -0.00129645977584884, 20, 15, 0.32282
0.189886147496718, 0.942093541202673, -0.00129641980898223, 20, 15, 0.328612
0.189886147496718, 0.945211581291759, -0.00129637971127728, 20, 15, 0.322865
0.189886147496718, 0.948329621380847, -0.00129633948528818, 20, 15, 0.325244
0.189886147496718, 0.951447661469933, -0.00129629913360289, 20, 15, 0.325186
0.189886147496718, 0.95456570155902, -0.00129625865884312, 20, 15, 0.325102
0.189886147496718, 0.957683741648107, -0.00129621806366426, 20, 15, 0.325111
0.189886147496718, 0.960801781737194, -0.00129617735075534, 20, 15, 0.330535
0.189886147496718, 0.963919821826281, -0.00129613652283902, 20, 15, 0.325201
0.189886147496718, 0.967037861915368, -0.00129609558267149, 20, 15, 0.325147
0.189886147496718, 0.970155902004454, -0.00129605453304246, 20, 15, 0.32514
0.189886147496718, 0.973273942093541, -0.00129601337677506, 20, 15, 0.32518
0.189886147496718, 0.976391982182628, -0.00129597211674733, 20, 15, 0.323187
0.189886147496718, 0.979510022271715, -0.00129593075245286, 20, 14, 0.302567
0.189886147496718, 0.982628062360802, -0.00129588929375976, 20, 14, 0.302308
0.189886147496718, 0.985746102449889, -0.00129584774004009, 20, 14, 0.302442
0.189886147496718, 0.988864142538975, -0.0012958060942842, 20, 14, 0.302342
0.189886147496718, 0.991982182628063, -0.00129576435951539, 20, 14, 0.299991
0.189886147496718, 0.995100222717149, -0.00129572253878991, 20, 14, 0.300001
0.189886147496718, 0.998218262806236, -0.00129568063519683, 20, 14, 0.299992
0.189886147496718, 1.00133630289532, -0.00129563865185801, 20, 14, 0.300065
0.189886147496718, 1.00445434298441, -0.00129559659192798, 20, 14, 0.302331
0.189886147496718, 1.0075723830735, -0.00129555445859389, 20, 14, 0.302311
0.189886147496718, 1.01069042316258, -0.00129551225507538, 20, 14, 0.302304
0.189886147496718, 1.01380846325167, -0.00129546998462453, 20, 14, 0.302368
0.189886147496718, 1.01692650334076, -0.00129542765052575, 20, 14, 0.302311
0.189886147496718, 1.02004454342984, -0.00129538525609571, 20, 14, 0.29998
0.189886147496718, 1.02316258351893, -0.00129534280468319, 20, 14, 0.302445
0.189886147496718, 1.02628062360802, -0.00129530029966902, 20, 14, 0.304659
0.189886147496718, 1.0293986636971, -0.00129525774446599, 20, 14, 0.304653
0.189886147496718, 1.03251670378619, -0.00129521514251869, 20, 14, 0.304579
0.189886147496718, 1.03563474387528, -0.00129517249730345, 20, 14, 0.304614
0.189886147496718, 1.03875278396437, -0.00129512981232822, 20, 14, 0.30453
0.189886147496718, 1.04187082405345, -0.00129508709113244, 20, 14, 0.304815
0.189886147496718, 1.04498886414254, -0.00129504433728694, 20, 14, 0.304581
0.189886147496718, 1.04810690423163, -0.0012950015543938, 20, 14, 0.304566
0.189886147496718, 1.05122494432071, -0.00129495874608627, 20, 14, 0.302279
0.189886147496718, 1.0543429844098, -0.0012949159160286, 20, 14, 0.302224
0.189886147496718, 1.05746102449889, -0.00129487306791595, 20, 14, 0.302322
0.189886147496718, 1.06057906458797, -0.00129483020225211, 20, 13, 0.279083
0.189886147496718, 1.06369710467706, -0.00129478732943202, 20, 13, 0.279113
0.189886147496718, 1.06681514476615, -0.00129474444981482, 20, 13, 0.2791
0.189886147496718, 1.06993318485523, -0.00129470156721864, 20, 13, 0.27684
0.189886147496718, 1.07305122494432, -0.00129465868549181, 20, 13, 0.276804
0.189886147496718, 1.07616926503341, -0.00129461580851269, 20, 13, 0.276808
0.189886147496718, 1.07928730512249, -0.00129457294018955, 20, 13, 0.276806
0.189886147496718, 1.08240534521158, -0.00129453008446046, 20, 13, 0.276849
0.189886147496718, 1.08552338530067, -0.00129448724529309, 20, 13, 0.27914
0.189886147496718, 1.08864142538976, -0.00129444442668458, 20, 13, 0.279189
0.189886147496718, 1.09175946547884, -0.00129440163266143, 20, 13, 0.279169
0.189886147496718, 1.09487750556793, -0.00129435886727929, 20, 13, 0.279151
0.189886147496718, 1.09799554565702, -0.00129431613462285, 20, 13, 0.279148
0.189886147496718, 1.1011135857461, -0.00129427343880566, 20, 13, 0.279172
0.189886147496718, 1.10423162583519, -0.00129423078396998, 20, 13, 0.27916
0.189886147496718, 1.10734966592428, -0.00129418817428661, 20, 13, 0.279402
0.189886147496718, 1.11046770601336, -0.00129414561395478, 20, 13, 0.281485
0.189886147496718, 1.11358574610245, -0.00129410310720188, 20, 13, 0.27913
0.189886147496718, 1.11670378619154, -0.0012940606582834, 20, 13, 0.279151
0.189886147496718, 1.11982182628062, -0.00129401827148271, 20, 13, 0.281432
0.189886147496718, 1.12293986636971, -0.0012939759511109, 20, 13, 0.281438
0.189886147496718, 1.1260579064588, -0.00129393370150658, 20, 13, 0.281371
0.189886147496718, 1.12917594654788, -0.00129389152703576, 20, 13, 0.281516
0.189886147496718, 1.13229398663697, -0.00129384943209163, 20, 13, 0.281407
0.189886147496718, 1.13541202672606, -0.0012938074210944, 20, 13, 0.281431
0.189886147496718, 1.13853006681514, -0.00129376549849112, 20, 13, 0.279072
0.189886147496718, 1.14164810690423, -0.00129372366875548, 20, 13, 0.279064
0.189886147496718, 1.14476614699332, -0.00129368193638765, 20, 13, 0.281434
0.189886147496718, 1.14788418708241, -0.00129364030591409, 20, 13, 0.281434
0.189886147496718, 1.15100222717149, -0.00129359878188733, 20, 13, 0.281443
0.189886147496718, 1.15412026726058, -0.00129355736888584, 20, 13, 0.279101
0.189886147496718, 1.15723830734967, -0.00129351606851625, 20, 12, 0.255964
0.189886147496718, 1.16035634743875, -0.0012934748915705, 20, 12, 0.255917
0.189886147496718, 1.16347438752784, -0.00129343383952962, 20, 12, 0.255932
0.189886147496718, 1.16659242761693, -0.00129339291707427, 20, 12, 0.253538
0.189886147496718, 1.16971046770601, -0.00129335212891004, 20, 12, 0.253588
0.189886147496718, 1.1728285077951, -0.00129331147976721, 20, 12, 0.25357
0.189886147496718, 1.17594654788419, -0.0012932709744006, 20, 12, 0.253846
0.189886147496718, 1.17906458797327, -0.00129323061758932, 20, 12, 0.253592
0.189886147496718, 1.18218262806236, -0.00129319041413657, 20, 12, 0.253586
0.189886147496718, 1.18530066815145, -0.00129315036886948, 20, 12, 0.255958
0.189886147496718, 1.18841870824053, -0.00129311048663888, 20, 12, 0.255954
0.189886147496718, 1.19153674832962, -0.00129307077231907, 20, 12, 0.255985
0.189886147496718, 1.19465478841871, -0.00129303123080763, 20, 12, 0.255956
0.189886147496718, 1.1977728285078, -0.00129299186702525, 20, 12, 0.255939
0.189886147496718, 1.20089086859688, -0.00129295268591542, 20, 12, 0.255908
0.189886147496718, 1.20400890868597, -0.00129291369244433, 20, 12, 0.255893
0.189886147496718, 1.20712694877506, -0.00129287489160057, 20, 12, 0.255911
0.189886147496718, 1.21024498886414, -0.00129283628839497, 20, 12, 0.255859
0.189886147496718, 1.21336302895323, -0.00129279788786034, 20, 12, 0.258252
0.189886147496718, 1.21648106904232, -0.00129275969505127, 20, 12, 0.255893
0.189886147496718, 1.2195991091314, -0.00129272171504393, 20, 12, 0.255913
0.189886147496718, 1.22271714922049, -0.00129268395293582, 20, 12, 0.255875
0.189886147496718, 1.22583518930958, -0.00129264641384557, 20, 12, 0.255928
0.189886147496718, 1.22895322939866, -0.00129260910291268, 20, 12, 0.255906
0.189886147496718, 1.23207126948775, -0.00129257202529734, 20, 12, 0.258261
0.189886147496718, 1.23518930957684, -0.00129253518618018, 20, 12, 0.258223
0.189886147496718, 1.23830734966592, -0.00129249859076206, 20, 12, 0.2582
0.189886147496718, 1.24142538975501, -0.00129246224426382, 20, 12, 0.258301
0.189886147496718, 1.2445434298441, -0.00129242615192605, 20, 12, 0.255925
0.189886147496718, 1.24766146993318, -0.0012923903190089, 20, 12, 0.258465
0.189886147496718, 1.25077951002227, -0.00129235475079179, 20, 12, 0.258317
0.189886147496718, 1.25389755011136, -0.00129231945257324, 20, 12, 0.258241
0.189886147496718, 1.25701559020045, -0.00129228442967059, 20, 12, 0.258234
0.189886147496718, 1.26013363028953, -0.00129224968741977, 20, 12, 0.258254
0.189886147496718, 1.26325167037862, -0.0012922152311751, 20, 12, 0.258217
0.189886147496718, 1.26636971046771, -0.00129218106630902, 20, 12, 0.255911
0.189886147496718, 1.26948775055679, -0.00129214719821187, 20, 12, 0.253543
0.189886147496718, 1.27260579064588, -0.00129211362953695, 20, 11, 0.238481
0.189886147496718, 1.27572383073497, -0.00129208037136029, 20, 11, 0.232778
0.189886147496718, 1.27884187082405, -0.00129204742622132, 20, 11, 0.232759
0.189886147496718, 1.28195991091314, -0.00129201479957998, 20, 11, 0.230406
0.189886147496718, 1.28507795100223, -0.00129198249691282, 20, 11, 0.232805
0.189886147496718, 1.28819599109131, -0.00129195052371289, 20, 11, 0.230471
0.189886147496718, 1.2913140311804, -0.0012919188854894, 20, 11, 0.230432
0.189886147496718, 1.29443207126949, -0.00129188758776753, 20, 11, 0.230423
0.189886147496718, 1.29755011135857, -0.00129185663608819, 20, 11, 0.230416
0.189886147496718, 1.30066815144766, -0.00129182603600775, 20, 11, 0.235775
0.189886147496718, 1.30378619153675, -0.0012917957930978, 20, 11, 0.232773
0.189886147496718, 1.30690423162584, -0.00129176591294492, 20, 11, 0.232786
0.189886147496718, 1.31002227171492, -0.00129173640115044, 20, 11, 0.232838
0.189886147496718, 1.31314031180401, -0.00129170726333016, 20, 11, 0.232781
0.189886147496718, 1.3162583518931, -0.00129167850511416, 20, 11, 0.23277
0.189886147496718, 1.31937639198218, -0.00129165013214649, 20, 11, 0.232773
0.189886147496718, 1.32249443207127, -0.00129162215008496, 20, 11, 0.232775
0.189886147496718, 1.32561247216036, -0.0012915945646009, 20, 11, 0.230668
0.189886147496718, 1.32873051224944, -0.00129156738137888, 20, 11, 0.232733
0.189886147496718, 1.33184855233853, -0.00129154060611649, 20, 11, 0.232705
0.189886147496718, 1.33496659242762, -0.00129151424452407, 20, 11, 0.232693
0.189886147496718, 1.3380846325167, -0.00129148830232447, 20, 11, 0.232703
0.189886147496718, 1.34120267260579, -0.00129146278525282, 20, 11, 0.232722
0.189886147496718, 1.34432071269488, -0.00129143769905623, 20, 11, 0.23273
0.189886147496718, 1.34743875278396, -0.00129141304949359, 20, 11, 0.232704
0.189886147496718, 1.35055679287305, -0.0012913888423353, 20, 11, 0.232701
0.189886147496718, 1.35367483296214, -0.00129136508336301, 20, 11, 0.232715
0.189886147496718, 1.35679287305122, -0.00129134177836938, 20, 11, 0.232668
0.189886147496718, 1.35991091314031, -0.00129131893315783, 20, 11, 0.232714
0.189886147496718, 1.3630289532294, -0.00129129655354227, 20, 11, 0.232676
0.189886147496718, 1.36614699331849, -0.00129127464534688, 20, 11, 0.23271
0.189886147496718, 1.36926503340757, -0.00129125321440584, 20, 11, 0.232702
0.189886147496718, 1.37238307349666, -0.00129123226656305, 20, 11, 0.234996
0.189886147496718, 1.37550111358575, -0.00129121180767196, 20, 11, 0.235015
0.189886147496718, 1.37861915367483, -0.0012911918435952, 20, 11, 0.235088
0.189886147496718, 1.38173719376392, -0.00129117238020445, 20, 11, 0.235175
0.189886147496718, 1.38485523385301, -0.00129115342338009, 20, 11, 0.235043
0.189886147496718, 1.38797327394209, -0.00129113497901099, 20, 11, 0.235063
0.189886147496718, 1.39109131403118, -0.00129111705299429, 20, 11, 0.235052
0.189886147496718, 1.39420935412027, -0.00129109965123507, 20, 11, 0.23268
0.189886147496718, 1.39732739420935, -0.00129108277964615, 20, 11, 0.232696
0.189886147496718, 1.40044543429844, -0.00129106644414785, 20, 11, 0.232707
0.189886147496718, 1.40356347438753, -0.00129105065066768, 20, 11, 0.232646
0.189886147496718, 1.40668151447661, -0.00129103540514016, 20, 11, 0.232762
0.189886147496718, 1.4097995545657, -0.0012910207135065, 20, 11, 0.230469
0.189886147496718, 1.41291759465479, -0.00129100657923429, 20, 10, 0.209526
0.189886147496718, 1.41603563474388, -0.00129099301335358, 20, 10, 0.209514
0.189886147496718, 1.41915367483296, -0.00129098001922281, 20, 10, 0.209518
0.189886147496718, 1.42227171492205, -0.00129096760280781, 20, 10, 0.209558
0.189886147496718, 1.42538975501114, -0.00129095577007987, 20, 10, 0.207224
0.189886147496718, 1.42850779510022, -0.00129094452701549, 20, 10, 0.207232
0.189886147496718, 1.43162583518931, -0.0012909338795961, 20, 10, 0.207226
0.189886147496718, 1.4347438752784, -0.00129092383380786, 20, 10, 0.207234
0.189886147496718, 1.43786191536748, -0.00129091439564136, 20, 10, 0.207216
0.189886147496718, 1.44097995545657, -0.0012909055710914, 20, 10, 0.20721
0.189886147496718, 1.44409799554566, -0.00129089736615672, 20, 10, 0.207263
0.189886147496718, 1.44721603563474, -0.00129088978683978, 20, 10, 0.209603
0.189886147496718, 1.45033407572383, -0.0012908828391465, 20, 10, 0.209619
0.189886147496718, 1.45345211581292, -0.00129087652908598, 20, 10, 0.209643
0.189886147496718, 1.456570155902, -0.00129087086267031, 20, 10, 0.209703
0.189886147496718, 1.45968819599109, -0.00129086584591429, 20, 10, 0.20986
0.189886147496718, 1.46280623608018, -0.00129086148483516, 20, 10, 0.209614
0.189886147496718, 1.46592427616927, -0.0012908577854524, 20, 10, 0.209629
0.189886147496718, 1.46904231625835, -0.00129085475378747, 20, 10, 0.20959
0.189886147496718, 1.47216035634744, -0.00129085239586354, 20, 10, 0.20961
0.189886147496718, 1.47527839643653, -0.00129085071770527, 20, 10, 0.209588
0.189886147496718, 1.47839643652561, -0.00129084972533856, 20, 10, 0.209606
0.189886147496718, 1.4815144766147, -0.00129084942479031, 20, 10, 0.209612
0.189886147496718, 1.48463251670379, -0.00129084982208816, 20, 10, 0.209611
0.189886147496718, 1.48775055679287, -0.00129085092326027, 20, 10, 0.209612
0.189886147496718, 1.49086859688196, -0.00129085273433505, 20, 10, 0.20962
0.189886147496718, 1.49398663697105, -0.00129085526134096, 20, 10, 0.209638
0.189886147496718, 1.49710467706013, -0.00129085851030621, 20, 10, 0.209758
0.189886147496718, 1.50022271714922, -0.00129086248725858, 20, 10, 0.209903
0.189886147496718, 1.50334075723831, -0.00129086719822513, 20, 10, 0.209644
0.189886147496718, 1.50645879732739, -0.00129087264923201, 20, 10, 0.209688
0.189886147496718, 1.50957683741648, -0.00129087884630418, 20, 10, 0.209636
0.189886147496718, 1.51269487750557, -0.00129088579546517, 20, 10, 0.209608
0.189886147496718, 1.51581291759465, -0.0012908935027369, 20, 10, 0.210366
0.189886147496718, 1.51893095768374, -0.00129090197413936, 20, 10, 0.207297
0.189886147496718, 1.52204899777283, -0.00129091121569045, 20, 10, 0.207314
0.189886147496718, 1.52516703786192, -0.0012909212334057, 20, 10, 0.209628
0.189886147496718, 1.528285077951, -0.00129093203329805, 20, 10, 0.209741
0.189886147496718, 1.53140311804009, -0.00129094362137762, 20, 10, 0.210459
0.189886147496718, 1.53452115812918, -0.00129095600365144, 20, 10, 0.210622
0.189886147496718, 1.53763919821826, -0.00129096918612331, 20, 10, 0.209642
0.189886147496718, 1.54075723830735, -0.00129098317479345, 20, 10, 0.211948
0.189886147496718, 1.54387527839644, -0.00129099797565837, 20, 10, 0.21229
0.189886147496718, 1.54699331848552, -0.00129101359471057, 20, 10, 0.209617
0.189886147496718, 1.55011135857461, -0.00129103003793837, 20, 10, 0.209578
0.189886147496718, 1.5532293986637, -0.00129104731132563, 20, 10, 0.209589
0.189886147496718, 1.55634743875278, -0.00129106542085155, 20, 10, 0.209601
0.189886147496718, 1.55946547884187, -0.00129108437249046, 20, 10, 0.20965
0.189886147496718, 1.56258351893096, -0.00129110417221154, 20, 10, 0.209608
0.189886147496718, 1.56570155902004, -0.00129112482597866, 20, 10, 0.209569
0.189886147496718, 1.56881959910913, -0.00129114633975013, 20, 10, 0.209565
0.189886147496718, 1.57193763919822, -0.00129116871947844, 20, 10, 0.209632
0.189886147496718, 1.57505567928731, -0.00129119197111013, 20, 10, 0.209673
0.189886147496718, 1.57817371937639, -0.00129121610058545, 20, 10, 0.2096
0.189886147496718, 1.58129175946548, -0.00129124111383826, 20, 10, 0.209593
0.189886147496718, 1.58440979955457, -0.00129126701679573, 20, 10, 0.207474
0.189886147496718, 1.58752783964365, -0.00129129381537815, 20, 10, 0.207246
0.189886147496718, 1.59064587973274, -0.00129132151342985, 20, 9, 0.18646
0.189886147496718, 1.59376391982183, -0.00129135012108176, 20, 9, 0.186442
0.189886147496718, 1.59688195991091, -0.00129137964207237, 20, 9, 0.186433
0.189886147496718, 1.6, -0.00129141008229246, 20, 9, 0.18633
# finished at Tue Apr 29 21:13:14 CEST 2014
