# starting on alcc75 at Tue Apr 29 21:03:52 CEST 2014
# casimir, -T, 0.200000,1.600000,450, -Q, 0.188845663164858, -p, 1e-08, -L, 20
# Compiler icc, using long double and plain matrix elements and plain integration
# precision=1e-08
# lfac=5
# cores=1
# L=0.188846
# T=0.2...1.6 (450)
#
# R/(L+R), T, F, lmax, nmax, time
0.188845663164858, 0.2, -0.00127845661494898, 20, 65, 1.51985
0.188845663164858, 0.203118040089087, -0.00127845573555626, 20, 64, 1.49885
0.188845663164858, 0.206236080178174, -0.00127845481564899, 20, 63, 1.47439
0.188845663164858, 0.209354120267261, -0.00127845385405498, 20, 62, 1.44645
0.188845663164858, 0.212472160356347, -0.0012784528495824, 20, 61, 1.42733
0.188845663164858, 0.215590200445434, -0.00127845180102362, 20, 60, 1.36411
0.188845663164858, 0.218708240534521, -0.00127845070980374, 20, 60, 1.3462
0.188845663164858, 0.221826280623608, -0.00127844956959145, 20, 59, 1.32081
0.188845663164858, 0.224944320712695, -0.00127844838162314, 20, 58, 1.3002
0.188845663164858, 0.228062360801782, -0.00127844714462425, 20, 57, 1.27713
0.188845663164858, 0.231180400890869, -0.00127844585731693, 20, 56, 1.25621
0.188845663164858, 0.234298440979955, -0.00127844452131892, 20, 56, 1.25386
0.188845663164858, 0.237416481069042, -0.00127844312984438, 20, 55, 1.23302
0.188845663164858, 0.240534521158129, -0.00127844168418504, 20, 54, 1.20766
0.188845663164858, 0.243652561247216, -0.00127844018590225, 20, 54, 1.22891
0.188845663164858, 0.246770601336303, -0.00127843862826994, 20, 53, 1.2201
0.188845663164858, 0.24988864142539, -0.00127843701246219, 20, 52, 1.20155
0.188845663164858, 0.253006681514477, -0.00127843534016108, 20, 52, 1.20339
0.188845663164858, 0.256124721603563, -0.00127843360437026, 20, 51, 1.18047
0.188845663164858, 0.25924276169265, -0.00127843180629884, 20, 50, 1.15503
0.188845663164858, 0.262360801781737, -0.00127842994793864, 20, 50, 1.15195
0.188845663164858, 0.265478841870824, -0.00127842802168017, 20, 49, 1.13218
0.188845663164858, 0.268596881959911, -0.00127842603222716, 20, 49, 1.13013
0.188845663164858, 0.271714922048998, -0.00127842397221671, 20, 48, 1.09055
0.188845663164858, 0.274832962138085, -0.00127842184613066, 20, 48, 1.07514
0.188845663164858, 0.277951002227172, -0.00127841964672986, 20, 47, 1.05187
0.188845663164858, 0.281069042316258, -0.00127841737839458, 20, 47, 1.05176
0.188845663164858, 0.284187082405345, -0.00127841503389481, 20, 46, 1.03116
0.188845663164858, 0.287305122494432, -0.00127841261762463, 20, 46, 1.03112
0.188845663164858, 0.290423162583519, -0.00127841012225562, 20, 45, 1.01095
0.188845663164858, 0.293541202672606, -0.00127840755230142, 20, 45, 1.01042
0.188845663164858, 0.296659242761693, -0.00127840490021073, 20, 44, 0.988901
0.188845663164858, 0.29977728285078, -0.00127840217076576, 20, 44, 0.989306
0.188845663164858, 0.302895322939866, -0.00127839935605504, 20, 43, 0.96259
0.188845663164858, 0.306013363028953, -0.00127839646126071, 20, 43, 0.964215
0.188845663164858, 0.30913140311804, -0.00127839348125784, 20, 43, 0.965013
0.188845663164858, 0.312249443207127, -0.00127839041191562, 20, 42, 0.943036
0.188845663164858, 0.315367483296214, -0.00127838725766578, 20, 42, 0.941565
0.188845663164858, 0.318485523385301, -0.00127838401075792, 20, 41, 0.91638
0.188845663164858, 0.321603563474388, -0.00127838067629029, 20, 41, 0.914818
0.188845663164858, 0.324721603563474, -0.00127837724914852, 20, 41, 0.916014
0.188845663164858, 0.327839643652561, -0.00127837372503005, 20, 40, 0.89168
0.188845663164858, 0.330957683741648, -0.00127837010861716, 20, 40, 0.91144
0.188845663164858, 0.334075723830735, -0.00127836639500612, 20, 40, 0.918943
0.188845663164858, 0.337193763919822, -0.00127836257997034, 20, 39, 0.896364
0.188845663164858, 0.340311804008909, -0.0012783586679628, 20, 39, 0.895585
0.188845663164858, 0.343429844097996, -0.00127835465090479, 20, 38, 0.871926
0.188845663164858, 0.346547884187082, -0.00127835053441673, 20, 38, 0.873808
0.188845663164858, 0.349665924276169, -0.00127834631306892, 20, 38, 0.875104
0.188845663164858, 0.352783964365256, -0.00127834198536134, 20, 38, 0.877241
0.188845663164858, 0.355902004454343, -0.00127833754696701, 20, 37, 0.848698
0.188845663164858, 0.35902004454343, -0.0012783330024634, 20, 37, 0.850472
0.188845663164858, 0.362138084632517, -0.00127832834698079, 20, 37, 0.838474
0.188845663164858, 0.365256124721604, -0.00127832357602179, 20, 36, 0.803355
0.188845663164858, 0.36837416481069, -0.00127831869450275, 20, 36, 0.805317
0.188845663164858, 0.371492204899777, -0.00127831369737106, 20, 36, 0.804191
0.188845663164858, 0.374610244988864, -0.00127830857985872, 20, 35, 0.780116
0.188845663164858, 0.377728285077951, -0.00127830334744625, 20, 35, 0.778187
0.188845663164858, 0.380846325167038, -0.00127829799478097, 20, 35, 0.77802
0.188845663164858, 0.383964365256125, -0.00127829252034691, 20, 35, 0.782609
0.188845663164858, 0.387082405345212, -0.00127828691952164, 20, 34, 0.754765
0.188845663164858, 0.390200445434298, -0.00127828119745353, 20, 34, 0.757225
0.188845663164858, 0.393318485523385, -0.00127827534898187, 20, 34, 0.758446
0.188845663164858, 0.396436525612472, -0.00127826937259235, 20, 34, 0.764008
0.188845663164858, 0.399554565701559, -0.0012782632636897, 20, 33, 0.732195
0.188845663164858, 0.402672605790646, -0.00127825702736448, 20, 33, 0.734548
0.188845663164858, 0.405790645879733, -0.00127825065851478, 20, 33, 0.737597
0.188845663164858, 0.40890868596882, -0.00127824415561796, 20, 33, 0.738162
0.188845663164858, 0.412026726057906, -0.00127823751399774, 20, 32, 0.713076
0.188845663164858, 0.415144766146993, -0.00127823073895373, 20, 32, 0.713759
0.188845663164858, 0.41826280623608, -0.00127822382529037, 20, 32, 0.712773
0.188845663164858, 0.421380846325167, -0.00127821677151445, 20, 32, 0.715133
0.188845663164858, 0.424498886414254, -0.00127820957272412, 20, 31, 0.689663
0.188845663164858, 0.427616926503341, -0.00127820223471906, 20, 31, 0.691931
0.188845663164858, 0.430734966592428, -0.0012781947520694, 20, 31, 0.691722
0.188845663164858, 0.433853006681514, -0.00127818712330087, 20, 31, 0.693546
0.188845663164858, 0.436971046770601, -0.00127817934694203, 20, 31, 0.689989
0.188845663164858, 0.440089086859688, -0.00127817141822665, 20, 30, 0.668575
0.188845663164858, 0.443207126948775, -0.00127816334272783, 20, 30, 0.667205
0.188845663164858, 0.446325167037862, -0.0012781551151898, 20, 30, 0.666845
0.188845663164858, 0.449443207126949, -0.00127814673416676, 20, 30, 0.669096
0.188845663164858, 0.452561247216036, -0.0012781381982177, 20, 30, 0.666748
0.188845663164858, 0.455679287305123, -0.00127812950255713, 20, 29, 0.650505
0.188845663164858, 0.458797327394209, -0.00127812065288827, 20, 29, 0.651852
0.188845663164858, 0.461915367483296, -0.00127811164394933, 20, 29, 0.650703
0.188845663164858, 0.465033407572383, -0.0012781024743314, 20, 29, 0.659939
0.188845663164858, 0.46815144766147, -0.00127809314263214, 20, 29, 0.660796
0.188845663164858, 0.471269487750557, -0.00127808364388358, 20, 28, 0.635206
0.188845663164858, 0.474387527839644, -0.00127807398429053, 20, 28, 0.634945
0.188845663164858, 0.477505567928731, -0.00127806415839821, 20, 28, 0.634866
0.188845663164858, 0.480623608017817, -0.00127805416484273, 20, 28, 0.637951
0.188845663164858, 0.483741648106904, -0.00127804400226842, 20, 28, 0.641801
0.188845663164858, 0.486859688195991, -0.00127803366932829, 20, 28, 0.637504
0.188845663164858, 0.489977728285078, -0.00127802316116658, 20, 27, 0.611291
0.188845663164858, 0.493095768374165, -0.00127801248391664, 20, 27, 0.611159
0.188845663164858, 0.496213808463252, -0.00127800163226589, 20, 27, 0.615031
0.188845663164858, 0.499331848552339, -0.00127799060491313, 20, 27, 0.613743
0.188845663164858, 0.502449888641425, -0.00127797940056738, 20, 27, 0.616179
0.188845663164858, 0.505567928730512, -0.00127796801795842, 20, 27, 0.615327
0.188845663164858, 0.508685968819599, -0.0012779564521238, 20, 26, 0.585542
0.188845663164858, 0.511804008908686, -0.00127794470959133, 20, 26, 0.579362
0.188845663164858, 0.514922048997773, -0.00127793278496365, 20, 26, 0.576689
0.188845663164858, 0.51804008908686, -0.00127792067701346, 20, 26, 0.576807
0.188845663164858, 0.521158129175947, -0.00127790838452559, 20, 26, 0.576774
0.188845663164858, 0.524276169265034, -0.00127789590629739, 20, 26, 0.579028
0.188845663164858, 0.52739420935412, -0.00127788324113926, 20, 26, 0.576729
0.188845663164858, 0.530512249443207, -0.00127787038426487, 20, 25, 0.5512
0.188845663164858, 0.533630289532294, -0.00127785734213804, 20, 25, 0.550924
0.188845663164858, 0.536748329621381, -0.00127784410954875, 20, 25, 0.551193
0.188845663164858, 0.539866369710468, -0.00127783068536832, 20, 25, 0.551347
0.188845663164858, 0.542984409799555, -0.0012778170684824, 20, 25, 0.555886
0.188845663164858, 0.546102449888642, -0.00127780325779132, 20, 25, 0.554354
0.188845663164858, 0.549220489977728, -0.00127778925221055, 20, 25, 0.554263
0.188845663164858, 0.552338530066815, -0.00127777504687188, 20, 24, 0.531731
0.188845663164858, 0.555456570155902, -0.0012777606487316, 20, 24, 0.528859
0.188845663164858, 0.558574610244989, -0.00127774605249791, 20, 24, 0.530437
0.188845663164858, 0.561692650334076, -0.00127773125715506, 20, 24, 0.531072
0.188845663164858, 0.564810690423163, -0.00127771626170366, 20, 24, 0.52873
0.188845663164858, 0.567928730512249, -0.00127770106516101, 20, 24, 0.533142
0.188845663164858, 0.571046770601336, -0.00127768566656153, 20, 24, 0.530626
0.188845663164858, 0.574164810690423, -0.00127767006495705, 20, 24, 0.52959
0.188845663164858, 0.57728285077951, -0.00127765425941716, 20, 24, 0.534505
0.188845663164858, 0.580400890868597, -0.00127763824559187, 20, 23, 0.506212
0.188845663164858, 0.583518930957684, -0.00127762202982031, 20, 23, 0.505827
0.188845663164858, 0.586636971046771, -0.00127760560739494, 20, 23, 0.508599
0.188845663164858, 0.589755011135857, -0.00127758897746348, 20, 23, 0.506468
0.188845663164858, 0.592873051224944, -0.00127757213919258, 20, 23, 0.508931
0.188845663164858, 0.595991091314031, -0.00127755509176817, 20, 23, 0.50857
0.188845663164858, 0.599109131403118, -0.00127753783439575, 20, 23, 0.510712
0.188845663164858, 0.602227171492205, -0.00127752036630076, 20, 23, 0.505335
0.188845663164858, 0.605345211581292, -0.0012775026829565, 20, 22, 0.48294
0.188845663164858, 0.608463251670379, -0.00127748479154988, 20, 22, 0.481754
0.188845663164858, 0.611581291759466, -0.00127746668718193, 20, 22, 0.48123
0.188845663164858, 0.614699331848552, -0.00127744836916435, 20, 22, 0.483938
0.188845663164858, 0.617817371937639, -0.00127742983682981, 20, 22, 0.49206
0.188845663164858, 0.620935412026726, -0.00127741108953228, 20, 22, 0.495461
0.188845663164858, 0.624053452115813, -0.00127739212664731, 20, 22, 0.498036
0.188845663164858, 0.6271714922049, -0.00127737294757233, 20, 22, 0.495475
0.188845663164858, 0.630289532293987, -0.00127735355172694, 20, 22, 0.49419
0.188845663164858, 0.633407572383074, -0.00127733393855317, 20, 22, 0.496641
0.188845663164858, 0.63652561247216, -0.00127731410385199, 20, 21, 0.470296
0.188845663164858, 0.639643652561247, -0.00127729405478828, 20, 21, 0.470315
0.188845663164858, 0.642761692650334, -0.00127727378682629, 20, 21, 0.470297
0.188845663164858, 0.645879732739421, -0.0012772532995036, 20, 21, 0.470325
0.188845663164858, 0.648997772828508, -0.00127723259238119, 20, 21, 0.470506
0.188845663164858, 0.652115812917595, -0.00127721166504376, 20, 21, 0.475016
0.188845663164858, 0.655233853006682, -0.00127719051709997, 20, 21, 0.472732
0.188845663164858, 0.658351893095768, -0.00127716914818268, 20, 21, 0.472786
0.188845663164858, 0.661469933184855, -0.00127714755794925, 20, 21, 0.470536
0.188845663164858, 0.664587973273942, -0.00127712574608173, 20, 21, 0.473622
0.188845663164858, 0.667706013363029, -0.00127710371228715, 20, 21, 0.476113
0.188845663164858, 0.670824053452116, -0.00127708145273133, 20, 20, 0.447369
0.188845663164858, 0.673942093541203, -0.00127705897464299, 20, 20, 0.444676
0.188845663164858, 0.67706013363029, -0.00127703627385779, 20, 20, 0.440175
0.188845663164858, 0.680178173719376, -0.0012770133502009, 20, 20, 0.438798
0.188845663164858, 0.683296213808463, -0.00127699020350995, 20, 20, 0.44135
0.188845663164858, 0.68641425389755, -0.00127696683364866, 20, 20, 0.443644
0.188845663164858, 0.689532293986637, -0.00127694324050705, 20, 20, 0.440866
0.188845663164858, 0.692650334075724, -0.00127691942400165, 20, 20, 0.44124
0.188845663164858, 0.695768374164811, -0.00127689538407573, 20, 20, 0.44102
0.188845663164858, 0.698886414253898, -0.00127687112069952, 20, 20, 0.443975
0.188845663164858, 0.702004454342984, -0.0012768466338704, 20, 20, 0.440966
0.188845663164858, 0.705122494432071, -0.00127682192361311, 20, 20, 0.443055
0.188845663164858, 0.708240534521158, -0.00127679698644952, 20, 19, 0.414791
0.188845663164858, 0.711358574610245, -0.00127677182982695, 20, 19, 0.414995
0.188845663164858, 0.714476614699332, -0.00127674644999005, 20, 19, 0.414773
0.188845663164858, 0.717594654788419, -0.00127672084707722, 20, 19, 0.415285
0.188845663164858, 0.720712694877506, -0.00127669502125498, 20, 19, 0.4146
0.188845663164858, 0.723830734966592, -0.00127666897271816, 20, 19, 0.419391
0.188845663164858, 0.726948775055679, -0.00127664270169008, 20, 19, 0.419996
0.188845663164858, 0.730066815144766, -0.00127661620842275, 20, 19, 0.420737
0.188845663164858, 0.733184855233853, -0.00127658949319704, 20, 19, 0.417938
0.188845663164858, 0.73630289532294, -0.00127656255632285, 20, 19, 0.415163
0.188845663164858, 0.739420935412027, -0.0012765353981393, 20, 19, 0.419661
0.188845663164858, 0.742538975501114, -0.00127650801901488, 20, 19, 0.416964
0.188845663164858, 0.7456570155902, -0.00127648041934764, 20, 19, 0.417237
0.188845663164858, 0.748775055679287, -0.00127645259595884, 20, 18, 0.39099
0.188845663164858, 0.751893095768374, -0.00127642455681624, 20, 18, 0.390954
0.188845663164858, 0.755011135857461, -0.00127639629847931, 20, 18, 0.391003
0.188845663164858, 0.758129175946548, -0.00127636782146779, 20, 18, 0.391284
0.188845663164858, 0.761247216035635, -0.00127633912633157, 20, 18, 0.391214
0.188845663164858, 0.764365256124722, -0.00127631021365081, 20, 18, 0.391218
0.188845663164858, 0.767483296213809, -0.00127628108403615, 20, 18, 0.393504
0.188845663164858, 0.770601336302895, -0.00127625173812876, 20, 18, 0.393524
0.188845663164858, 0.773719376391982, -0.00127622217660058, 20, 18, 0.393575
0.188845663164858, 0.776837416481069, -0.00127619240015439, 20, 18, 0.391161
0.188845663164858, 0.779955456570156, -0.00127616240952397, 20, 18, 0.395843
0.188845663164858, 0.783073496659243, -0.00127613220547421, 20, 18, 0.395874
0.188845663164858, 0.78619153674833, -0.00127610178880126, 20, 18, 0.395828
0.188845663164858, 0.789309576837417, -0.00127607116033264, 20, 18, 0.393499
0.188845663164858, 0.792427616926503, -0.00127604032092735, 20, 18, 0.393436
0.188845663164858, 0.79554565701559, -0.0012760092679191, 20, 17, 0.367907
0.188845663164858, 0.798663697104677, -0.00127597800962157, 20, 17, 0.367956
0.188845663164858, 0.801781737193764, -0.0012759465431328, 20, 17, 0.367946
0.188845663164858, 0.804899777282851, -0.00127591486944052, 20, 17, 0.368472
0.188845663164858, 0.808017817371938, -0.00127588298956432, 20, 17, 0.368348
0.188845663164858, 0.811135857461025, -0.00127585090455582, 20, 17, 0.367847
0.188845663164858, 0.814253897550111, -0.0012758186154987, 20, 17, 0.369794
0.188845663164858, 0.817371937639198, -0.00127578612350887, 20, 17, 0.371242
0.188845663164858, 0.820489977728285, -0.00127575342973452, 20, 17, 0.373112
0.188845663164858, 0.823608017817372, -0.00127572053535619, 20, 17, 0.372883
0.188845663164858, 0.826726057906459, -0.00127568744158693, 20, 17, 0.370401
0.188845663164858, 0.829844097995546, -0.00127565414967232, 20, 17, 0.371074
0.188845663164858, 0.832962138084633, -0.00127562066089057, 20, 17, 0.373432
0.188845663164858, 0.836080178173719, -0.00127558697655259, 20, 17, 0.370955
0.188845663164858, 0.839198218262806, -0.00127555309800207, 20, 17, 0.373109
0.188845663164858, 0.842316258351893, -0.00127551902661554, 20, 17, 0.371013
0.188845663164858, 0.84543429844098, -0.00127548476380246, 20, 17, 0.37065
0.188845663164858, 0.848552338530067, -0.00127545030751861, 20, 16, 0.34421
0.188845663164858, 0.851670378619154, -0.00127541566646947, 20, 16, 0.343435
0.188845663164858, 0.854788418708241, -0.00127538083840132, 20, 16, 0.34348
0.188845663164858, 0.857906458797328, -0.00127534582485721, 20, 16, 0.343472
0.188845663164858, 0.861024498886414, -0.00127531062741327, 20, 16, 0.343467
0.188845663164858, 0.864142538975501, -0.00127527524767879, 20, 16, 0.34343
0.188845663164858, 0.867260579064588, -0.00127523968729623, 20, 16, 0.345794
0.188845663164858, 0.870378619153675, -0.00127520394794127, 20, 16, 0.345734
0.188845663164858, 0.873496659242762, -0.00127516803132289, 20, 16, 0.345779
0.188845663164858, 0.876614699331849, -0.00127513193918337, 20, 16, 0.345755
0.188845663164858, 0.879732739420936, -0.00127509567329834, 20, 16, 0.345723
0.188845663164858, 0.882850779510022, -0.0012750592354768, 20, 16, 0.343381
0.188845663164858, 0.885968819599109, -0.00127502262756117, 20, 16, 0.348031
0.188845663164858, 0.889086859688196, -0.00127498585142728, 20, 16, 0.348064
0.188845663164858, 0.892204899777283, -0.00127494890898443, 20, 16, 0.348055
0.188845663164858, 0.89532293986637, -0.00127491180217537, 20, 16, 0.345702
0.188845663164858, 0.898440979955457, -0.00127487453297636, 20, 16, 0.348023
0.188845663164858, 0.901559020044544, -0.00127483710339714, 20, 16, 0.34571
0.188845663164858, 0.90467706013363, -0.00127479951548094, 20, 16, 0.34566
0.188845663164858, 0.907795100222717, -0.00127476176780716, 20, 15, 0.320162
0.188845663164858, 0.910913140311804, -0.00127472386972285, 20, 15, 0.322547
0.188845663164858, 0.914031180400891, -0.00127468581961562, 20, 15, 0.320188
0.188845663164858, 0.917149220489978, -0.00127464761966391, 20, 15, 0.320229
0.188845663164858, 0.920267260579065, -0.00127460927207954, 20, 15, 0.320229
0.188845663164858, 0.923385300668152, -0.00127457077910777, 20, 15, 0.32021
0.188845663164858, 0.926503340757238, -0.00127453214302723, 20, 15, 0.320221
0.188845663164858, 0.929621380846325, -0.00127449336614999, 20, 15, 0.32254
0.188845663164858, 0.932739420935412, -0.00127445445082145, 20, 15, 0.322564
0.188845663164858, 0.935857461024499, -0.00127441539942039, 20, 15, 0.322577
0.188845663164858, 0.938975501113586, -0.00127437621435893, 20, 15, 0.32365
0.188845663164858, 0.942093541202673, -0.00127433689808248, 20, 15, 0.322643
0.188845663164858, 0.945211581291759, -0.00127429745306976, 20, 15, 0.322606
0.188845663164858, 0.948329621380847, -0.00127425788183272, 20, 15, 0.32259
0.188845663164858, 0.951447661469933, -0.00127421818691655, 20, 15, 0.322617
0.188845663164858, 0.95456570155902, -0.0012741783708996, 20, 15, 0.324887
0.188845663164858, 0.957683741648107, -0.00127413843639336, 20, 15, 0.322566
0.188845663164858, 0.960801781737194, -0.00127409838604244, 20, 15, 0.324935
0.188845663164858, 0.963919821826281, -0.00127405822252449, 20, 15, 0.324938
0.188845663164858, 0.967037861915368, -0.00127401794855014, 20, 15, 0.32491
0.188845663164858, 0.970155902004454, -0.00127397756686301, 20, 15, 0.322591
0.188845663164858, 0.973273942093541, -0.00127393708023959, 20, 15, 0.32022
0.188845663164858, 0.976391982182628, -0.0012738964914892, 20, 15, 0.322615
0.188845663164858, 0.979510022271715, -0.00127385580022093, 20, 14, 0.297146
0.188845663164858, 0.982628062360802, -0.00127381501598512, 20, 14, 0.297087
0.188845663164858, 0.985746102449889, -0.00127377413823321, 20, 14, 0.297078
0.188845663164858, 0.988864142538975, -0.00127373316990613, 20, 14, 0.304242
0.188845663164858, 0.991982182628063, -0.00127369211397725, 20, 14, 0.30692
0.188845663164858, 0.995100222717149, -0.00127365097345231, 20, 14, 0.307063
0.188845663164858, 0.998218262806236, -0.00127360975136938, 20, 14, 0.307012
0.188845663164858, 1.00133630289532, -0.00127356845079873, 20, 14, 0.309658
0.188845663164858, 1.00445434298441, -0.00127352707484281, 20, 14, 0.309482
0.188845663164858, 1.0075723830735, -0.0012734856266361, 20, 14, 0.30888
0.188845663164858, 1.01069042316258, -0.00127344410936516, 20, 14, 0.3115
0.188845663164858, 1.01380846325167, -0.00127340252618826, 20, 14, 0.311471
0.188845663164858, 1.01692650334076, -0.00127336088035563, 20, 14, 0.308194
0.188845663164858, 1.02004454342984, -0.00127331917512917, 20, 14, 0.311253
0.188845663164858, 1.02316258351893, -0.00127327741380238, 20, 14, 0.311224
0.188845663164858, 1.02628062360802, -0.00127323559970029, 20, 14, 0.311338
0.188845663164858, 1.0293986636971, -0.00127319373617934, 20, 14, 0.313865
0.188845663164858, 1.03251670378619, -0.00127315182662728, 20, 14, 0.31545
0.188845663164858, 1.03563474387528, -0.00127310987446306, 20, 14, 0.312483
0.188845663164858, 1.03875278396437, -0.00127306788313673, 20, 14, 0.312715
0.188845663164858, 1.04187082405345, -0.00127302585612932, 20, 14, 0.314595
0.188845663164858, 1.04498886414254, -0.00127298379695275, 20, 14, 0.31148
0.188845663164858, 1.04810690423163, -0.00127294170914967, 20, 14, 0.311521
0.188845663164858, 1.05122494432071, -0.00127289959629337, 20, 14, 0.309077
0.188845663164858, 1.0543429844098, -0.00127285746198764, 20, 14, 0.304297
0.188845663164858, 1.05746102449889, -0.0012728153098667, 20, 14, 0.306316
0.188845663164858, 1.06057906458797, -0.00127277314048887, 20, 13, 0.27824
0.188845663164858, 1.06369710467706, -0.00127273096394837, 20, 13, 0.280566
0.188845663164858, 1.06681514476615, -0.00127268878066503, 20, 13, 0.278148
0.188845663164858, 1.06993318485523, -0.001272646594394, 20, 13, 0.277951
0.188845663164858, 1.07305122494432, -0.00127260440892012, 20, 13, 0.278641
0.188845663164858, 1.07616926503341, -0.00127256222805779, 20, 13, 0.277655
0.188845663164858, 1.07928730512249, -0.00127252005565084, 20, 13, 0.277602
0.188845663164858, 1.08240534521158, -0.00127247789557238, 20, 13, 0.277596
0.188845663164858, 1.08552338530067, -0.00127243575172465, 20, 13, 0.279936
0.188845663164858, 1.08864142538976, -0.00127239362803891, 20, 13, 0.280007
0.188845663164858, 1.09175946547884, -0.00127235152847525, 20, 13, 0.279994
0.188845663164858, 1.09487750556793, -0.00127230945702247, 20, 13, 0.281276
0.188845663164858, 1.09799554565702, -0.00127226741769792, 20, 13, 0.289079
0.188845663164858, 1.1011135857461, -0.00127222541454734, 20, 13, 0.285253
0.188845663164858, 1.10423162583519, -0.00127218345164472, 20, 13, 0.284772
0.188845663164858, 1.10734966592428, -0.00127214153309214, 20, 13, 0.287243
0.188845663164858, 1.11046770601336, -0.00127209966301958, 20, 13, 0.287318
0.188845663164858, 1.11358574610245, -0.00127205784558481, 20, 13, 0.287383
0.188845663164858, 1.11670378619154, -0.00127201608497319, 20, 13, 0.289995
0.188845663164858, 1.11982182628062, -0.00127197438539749, 20, 13, 0.289531
0.188845663164858, 1.12293986636971, -0.00127193275109779, 20, 13, 0.287188
0.188845663164858, 1.1260579064588, -0.00127189118634123, 20, 13, 0.287211
0.188845663164858, 1.12917594654788, -0.00127184969542189, 20, 13, 0.287082
0.188845663164858, 1.13229398663697, -0.00127180828266059, 20, 13, 0.287217
0.188845663164858, 1.13541202672606, -0.00127176695240475, 20, 13, 0.287307
0.188845663164858, 1.13853006681514, -0.00127172570902816, 20, 13, 0.287515
0.188845663164858, 1.14164810690423, -0.00127168455693085, 20, 13, 0.287283
0.188845663164858, 1.14476614699332, -0.00127164350053887, 20, 13, 0.287071
0.188845663164858, 1.14788418708241, -0.00127160254430415, 20, 13, 0.287066
0.188845663164858, 1.15100222717149, -0.00127156169270427, 20, 13, 0.28711
0.188845663164858, 1.15412026726058, -0.00127152095024232, 20, 13, 0.289483
0.188845663164858, 1.15723830734967, -0.0012714803185576, 20, 12, 0.260939
0.188845663164858, 1.16035634743875, -0.00127143980814305, 20, 12, 0.262965
0.188845663164858, 1.16347438752784, -0.00127139942051769, 20, 12, 0.256641
0.188845663164858, 1.16659242761693, -0.00127135916028516, 20, 12, 0.254306
0.188845663164858, 1.16971046770601, -0.00127131903207359, 20, 12, 0.254596
0.188845663164858, 1.1728285077951, -0.00127127904053541, 20, 12, 0.254746
0.188845663164858, 1.17594654788419, -0.00127123919034717, 20, 12, 0.254739
0.188845663164858, 1.17906458797327, -0.00127119948620934, 20, 12, 0.254654
0.188845663164858, 1.18218262806236, -0.00127115993284611, 20, 12, 0.256941
0.188845663164858, 1.18530066815145, -0.00127112053500517, 20, 12, 0.257402
0.188845663164858, 1.18841870824053, -0.00127108129745754, 20, 12, 0.257259
0.188845663164858, 1.19153674832962, -0.00127104222499734, 20, 12, 0.25722
0.188845663164858, 1.19465478841871, -0.00127100332244161, 20, 12, 0.257072
0.188845663164858, 1.1977728285078, -0.00127096459463006, 20, 12, 0.257207
0.188845663164858, 1.20089086859688, -0.00127092604642491, 20, 12, 0.254639
0.188845663164858, 1.20400890868597, -0.00127088768271066, 20, 12, 0.254963
0.188845663164858, 1.20712694877506, -0.00127084950839389, 20, 12, 0.257343
0.188845663164858, 1.21024498886414, -0.00127081152840301, 20, 12, 0.262229
0.188845663164858, 1.21336302895323, -0.00127077374768809, 20, 12, 0.265251
0.188845663164858, 1.21648106904232, -0.00127073617122064, 20, 12, 0.265765
0.188845663164858, 1.2195991091314, -0.00127069880399336, 20, 12, 0.266268
0.188845663164858, 1.22271714922049, -0.00127066165101997, 20, 12, 0.266504
0.188845663164858, 1.22583518930958, -0.00127062471733496, 20, 12, 0.266087
0.188845663164858, 1.22895322939866, -0.00127058800799338, 20, 12, 0.268353
0.188845663164858, 1.23207126948775, -0.0012705515280706, 20, 12, 0.268045
0.188845663164858, 1.23518930957684, -0.00127051528266214, 20, 12, 0.265609
0.188845663164858, 1.23830734966592, -0.00127047927688338, 20, 12, 0.263145
0.188845663164858, 1.24142538975501, -0.00127044351586939, 20, 12, 0.263106
0.188845663164858, 1.2445434298441, -0.00127040800477469, 20, 12, 0.267991
0.188845663164858, 1.24766146993318, -0.00127037274877298, 20, 12, 0.268069
0.188845663164858, 1.25077951002227, -0.001270337753057, 20, 12, 0.265563
0.188845663164858, 1.25389755011136, -0.00127030302283823, 20, 12, 0.26635
0.188845663164858, 1.25701559020045, -0.00127026856334667, 20, 12, 0.268997
0.188845663164858, 1.26013363028953, -0.00127023437983064, 20, 12, 0.267141
0.188845663164858, 1.26325167037862, -0.00127020047755655, 20, 12, 0.263548
0.188845663164858, 1.26636971046771, -0.0012701668618086, 20, 12, 0.263293
0.188845663164858, 1.26948775055679, -0.00127013353788866, 20, 12, 0.265628
0.188845663164858, 1.27260579064588, -0.00127010050846153, 20, 11, 0.239201
0.188845663164858, 1.27572383073497, -0.00127006778430864, 20, 11, 0.241584
0.188845663164858, 1.27884187082405, -0.0012700353679856, 20, 11, 0.239269
0.188845663164858, 1.28195991091314, -0.00127000326486271, 20, 11, 0.239117
0.188845663164858, 1.28507795100223, -0.00126997148032666, 20, 11, 0.239003
0.188845663164858, 1.28819599109131, -0.00126994001978035, 20, 11, 0.239002
0.188845663164858, 1.2913140311804, -0.0012699088886426, 20, 11, 0.239025
0.188845663164858, 1.29443207126949, -0.00126987809234793, 20, 11, 0.239143
0.188845663164858, 1.29755011135857, -0.00126984763634634, 20, 11, 0.239211
0.188845663164858, 1.30066815144766, -0.00126981752610305, 20, 11, 0.241588
0.188845663164858, 1.30378619153675, -0.00126978776709827, 20, 11, 0.24205
0.188845663164858, 1.30690423162584, -0.00126975836482695, 20, 11, 0.242543
0.188845663164858, 1.31002227171492, -0.00126972932479854, 20, 11, 0.241477
0.188845663164858, 1.31314031180401, -0.00126970065253678, 20, 11, 0.241422
0.188845663164858, 1.3162583518931, -0.0012696723535794, 20, 11, 0.241399
0.188845663164858, 1.31937639198218, -0.00126964443347792, 20, 11, 0.241401
0.188845663164858, 1.32249443207127, -0.00126961689779741, 20, 11, 0.23905
0.188845663164858, 1.32561247216036, -0.00126958975211621, 20, 11, 0.241367
0.188845663164858, 1.32873051224944, -0.00126956300202572, 20, 11, 0.241552
0.188845663164858, 1.33184855233853, -0.00126953665313015, 20, 11, 0.241417
0.188845663164858, 1.33496659242762, -0.00126951071104625, 20, 11, 0.241232
0.188845663164858, 1.3380846325167, -0.00126948518140311, 20, 11, 0.241329
0.188845663164858, 1.34120267260579, -0.00126946006984185, 20, 11, 0.241321
0.188845663164858, 1.34432071269488, -0.00126943538201545, 20, 11, 0.241346
0.188845663164858, 1.34743875278396, -0.00126941112358844, 20, 11, 0.241376
0.188845663164858, 1.35055679287305, -0.00126938730023669, 20, 11, 0.24124
0.188845663164858, 1.35367483296214, -0.00126936391764717, 20, 11, 0.241305
0.188845663164858, 1.35679287305122, -0.00126934098151765, 20, 11, 0.241332
0.188845663164858, 1.35991091314031, -0.0012693184975565, 20, 11, 0.238703
0.188845663164858, 1.3630289532294, -0.00126929647148245, 20, 11, 0.238929
0.188845663164858, 1.36614699331849, -0.00126927490902431, 20, 11, 0.241316
0.188845663164858, 1.36926503340757, -0.00126925381592073, 20, 11, 0.243715
0.188845663164858, 1.37238307349666, -0.00126923319791996, 20, 11, 0.241308
0.188845663164858, 1.37550111358575, -0.00126921306077961, 20, 11, 0.241235
0.188845663164858, 1.37861915367483, -0.00126919341026637, 20, 11, 0.243697
0.188845663164858, 1.38173719376392, -0.00126917425215581, 20, 11, 0.243752
0.188845663164858, 1.38485523385301, -0.00126915559223209, 20, 11, 0.241157
0.188845663164858, 1.38797327394209, -0.00126913743628773, 20, 11, 0.241311
0.188845663164858, 1.39109131403118, -0.00126911979012335, 20, 11, 0.241268
0.188845663164858, 1.39420935412027, -0.00126910265954744, 20, 11, 0.238763
0.188845663164858, 1.39732739420935, -0.00126908605037611, 20, 11, 0.24137
0.188845663164858, 1.40044543429844, -0.00126906996843281, 20, 11, 0.238702
0.188845663164858, 1.40356347438753, -0.00126905441954813, 20, 11, 0.238814
0.188845663164858, 1.40668151447661, -0.0012690394095595, 20, 11, 0.238862
0.188845663164858, 1.4097995545657, -0.00126902494431101, 20, 11, 0.241232
0.188845663164858, 1.41291759465479, -0.0012690110272639, 20, 10, 0.214811
0.188845663164858, 1.41603563474388, -0.00126899766916494, 20, 10, 0.214854
0.188845663164858, 1.41915367483296, -0.00126898487337033, 20, 10, 0.214802
0.188845663164858, 1.42227171492205, -0.0012689726457484, 20, 10, 0.214754
0.188845663164858, 1.42538975501114, -0.00126896099217282, 20, 10, 0.214964
0.188845663164858, 1.42850779510022, -0.00126894991852241, 20, 10, 0.215031
0.188845663164858, 1.43162583518931, -0.00126893943068085, 20, 10, 0.215015
0.188845663164858, 1.4347438752784, -0.00126892953453648, 20, 10, 0.215018
0.188845663164858, 1.43786191536748, -0.001268920235982, 20, 10, 0.215248
0.188845663164858, 1.44097995545657, -0.00126891154091426, 20, 10, 0.215622
0.188845663164858, 1.44409799554566, -0.00126890345523403, 20, 10, 0.21537
0.188845663164858, 1.44721603563474, -0.0012688959848457, 20, 10, 0.217803
0.188845663164858, 1.45033407572383, -0.00126888913565708, 20, 10, 0.217898
0.188845663164858, 1.45345211581292, -0.00126888291357917, 20, 10, 0.217834
0.188845663164858, 1.456570155902, -0.00126887732452585, 20, 10, 0.21784
0.188845663164858, 1.45968819599109, -0.0012688723744137, 20, 10, 0.217839
0.188845663164858, 1.46280623608018, -0.00126886806916173, 20, 10, 0.218574
0.188845663164858, 1.46592427616927, -0.00126886441469115, 20, 10, 0.218185
0.188845663164858, 1.46904231625835, -0.00126886141692511, 20, 10, 0.215378
0.188845663164858, 1.47216035634744, -0.00126885908178848, 20, 10, 0.2153
0.188845663164858, 1.47527839643653, -0.00126885741520759, 20, 10, 0.217646
0.188845663164858, 1.47839643652561, -0.00126885642311, 20, 10, 0.2177
0.188845663164858, 1.4815144766147, -0.00126885611142425, 20, 10, 0.217708
0.188845663164858, 1.48463251670379, -0.00126885648607965, 20, 10, 0.21771
0.188845663164858, 1.48775055679287, -0.00126885755300599, 20, 10, 0.217636
0.188845663164858, 1.49086859688196, -0.00126885931813335, 20, 10, 0.217724
0.188845663164858, 1.49398663697105, -0.00126886178739184, 20, 10, 0.218681
0.188845663164858, 1.49710467706013, -0.00126886496671137, 20, 10, 0.219162
0.188845663164858, 1.50022271714922, -0.00126886886202139, 20, 10, 0.2185
0.188845663164858, 1.50334075723831, -0.0012688734792507, 20, 10, 0.218004
0.188845663164858, 1.50645879732739, -0.00126887882432717, 20, 10, 0.217787
0.188845663164858, 1.50957683741648, -0.00126888490317753, 20, 10, 0.217771
0.188845663164858, 1.51269487750557, -0.00126889172172711, 20, 10, 0.215335
0.188845663164858, 1.51581291759465, -0.00126889928589967, 20, 10, 0.215356
0.188845663164858, 1.51893095768374, -0.00126890760161708, 20, 10, 0.215418
0.188845663164858, 1.52204899777283, -0.00126891667479914, 20, 10, 0.217831
0.188845663164858, 1.52516703786192, -0.00126892651136337, 20, 10, 0.217844
0.188845663164858, 1.528285077951, -0.0012689371172247, 20, 10, 0.217833
0.188845663164858, 1.53140311804009, -0.00126894849829534, 20, 10, 0.21785
0.188845663164858, 1.53452115812918, -0.00126896066048447, 20, 10, 0.218522
0.188845663164858, 1.53763919821826, -0.00126897360969805, 20, 10, 0.221177
0.188845663164858, 1.54075723830735, -0.00126898735183858, 20, 10, 0.216731
0.188845663164858, 1.54387527839644, -0.00126900189280489, 20, 10, 0.216487
0.188845663164858, 1.54699331848552, -0.00126901723849191, 20, 10, 0.215187
0.188845663164858, 1.55011135857461, -0.00126903339479041, 20, 10, 0.21675
0.188845663164858, 1.5532293986637, -0.00126905036758683, 20, 10, 0.213003
0.188845663164858, 1.55634743875278, -0.00126906816276301, 20, 10, 0.209628
0.188845663164858, 1.55946547884187, -0.00126908678619602, 20, 10, 0.20958
0.188845663164858, 1.56258351893096, -0.00126910624375788, 20, 10, 0.20942
0.188845663164858, 1.56570155902004, -0.00126912654131538, 20, 10, 0.209398
0.188845663164858, 1.56881959910913, -0.00126914768472983, 20, 10, 0.207034
0.188845663164858, 1.57193763919822, -0.00126916967985688, 20, 10, 0.209355
0.188845663164858, 1.57505567928731, -0.00126919253254627, 20, 10, 0.207018
0.188845663164858, 1.57817371937639, -0.00126921624864163, 20, 10, 0.207033
0.188845663164858, 1.58129175946548, -0.00126924083398025, 20, 10, 0.20706
0.188845663164858, 1.58440979955457, -0.00126926629439287, 20, 10, 0.207087
0.188845663164858, 1.58752783964365, -0.00126929263570349, 20, 10, 0.209362
0.188845663164858, 1.59064587973274, -0.00126931986173684, 20, 9, 0.183909
0.188845663164858, 1.59376391982183, -0.0012693479823715, 20, 9, 0.186237
0.188845663164858, 1.59688195991091, -0.00126937700132987, 20, 9, 0.183888
0.188845663164858, 1.6, -0.00126940692440693, 20, 9, 0.183805
# finished at Tue Apr 29 21:07:16 CEST 2014
