# starting on alcc59 at Wed Apr 30 02:08:12 CEST 2014
# casimir, -T, 0.200000,1.600000,450, -Q, 0.337180395729986, -p, 1e-08, -L, 20
# Compiler icc, using long double and plain matrix elements and plain integration
# precision=1e-08
# lfac=5
# cores=1
# L=0.33718
# T=0.2...1.6 (450)
#
# R/(L+R), T, F, lmax, nmax, time
0.337180395729986, 0.2, -0.00845561888778311, 20, 76, 2.04094
0.337180395729986, 0.203118040089087, -0.00845561392824163, 20, 75, 1.98881
0.337180395729986, 0.206236080178174, -0.0084556087238521, 20, 73, 1.99444
0.337180395729986, 0.209354120267261, -0.00845560330073648, 20, 72, 1.97867
0.337180395729986, 0.212472160356347, -0.00845559763570068, 20, 71, 1.96978
0.337180395729986, 0.215590200445434, -0.00845559172200818, 20, 70, 1.86518
0.337180395729986, 0.218708240534521, -0.00845558555284086, 20, 69, 1.87079
0.337180395729986, 0.221826280623608, -0.00845557912129662, 20, 68, 1.96043
0.337180395729986, 0.224944320712695, -0.00845557242038657, 20, 67, 1.78494
0.337180395729986, 0.228062360801782, -0.00845556546110932, 20, 67, 1.82362
0.337180395729986, 0.231180400890869, -0.00845555820105364, 20, 66, 1.83597
0.337180395729986, 0.234298440979955, -0.00845555065037965, 20, 65, 1.71819
0.337180395729986, 0.237416481069042, -0.00845554280179849, 20, 64, 1.68963
0.337180395729986, 0.240534521158129, -0.00845553464794131, 20, 63, 1.66272
0.337180395729986, 0.243652561247216, -0.00845552618135304, 20, 62, 1.63489
0.337180395729986, 0.246770601336303, -0.00845551741402286, 20, 62, 1.63474
0.337180395729986, 0.24988864142539, -0.00845550830114199, 20, 61, 1.60953
0.337180395729986, 0.253006681514477, -0.00845549885301213, 20, 60, 1.58206
0.337180395729986, 0.256124721603563, -0.00845548906188576, 20, 59, 1.55454
0.337180395729986, 0.25924276169265, -0.00845547894089381, 20, 59, 1.5545
0.337180395729986, 0.262360801781737, -0.00845546844280163, 20, 58, 1.52932
0.337180395729986, 0.265478841870824, -0.00845545757840805, 20, 57, 1.50174
0.337180395729986, 0.268596881959911, -0.00845544636122639, 20, 57, 1.50173
0.337180395729986, 0.271714922048998, -0.00845543474314481, 20, 56, 1.47402
0.337180395729986, 0.274832962138085, -0.00845542273490012, 20, 55, 1.44863
0.337180395729986, 0.277951002227172, -0.00845541035147632, 20, 55, 1.44865
0.337180395729986, 0.281069042316258, -0.00845539754186565, 20, 54, 1.42111
0.337180395729986, 0.284187082405345, -0.00845538433987792, 20, 54, 1.42095
0.337180395729986, 0.287305122494432, -0.0084553706966519, 20, 53, 1.39546
0.337180395729986, 0.290423162583519, -0.00845535664403838, 20, 53, 1.39557
0.337180395729986, 0.293541202672606, -0.00845534213458957, 20, 52, 1.36789
0.337180395729986, 0.296659242761693, -0.00845532719891121, 20, 52, 1.39156
0.337180395729986, 0.29977728285078, -0.00845531179030745, 20, 51, 1.34483
0.337180395729986, 0.302895322939866, -0.00845529591755375, 20, 50, 1.3202
0.337180395729986, 0.306013363028953, -0.00845527959778451, 20, 50, 1.32422
0.337180395729986, 0.30913140311804, -0.0084552627973348, 20, 50, 1.31573
0.337180395729986, 0.312249443207127, -0.00845524549039826, 20, 49, 1.2877
0.337180395729986, 0.315367483296214, -0.00845522770766489, 20, 49, 1.30267
0.337180395729986, 0.318485523385301, -0.00845520940098731, 20, 48, 1.27672
0.337180395729986, 0.321603563474388, -0.00845519060237398, 20, 48, 1.27434
0.337180395729986, 0.324721603563474, -0.00845517126188338, 20, 47, 1.23426
0.337180395729986, 0.327839643652561, -0.00845515141358535, 20, 47, 1.23436
0.337180395729986, 0.330957683741648, -0.00845513100496864, 20, 46, 1.20686
0.337180395729986, 0.334075723830735, -0.00845511007300445, 20, 46, 1.20678
0.337180395729986, 0.337193763919822, -0.00845508858446157, 20, 46, 1.20882
0.337180395729986, 0.340311804008909, -0.00845506651195392, 20, 45, 1.18129
0.337180395729986, 0.343429844097996, -0.00845504388836057, 20, 45, 1.18118
0.337180395729986, 0.346547884187082, -0.00845502066140419, 20, 44, 1.1538
0.337180395729986, 0.349665924276169, -0.0084549968684393, 20, 44, 1.15426
0.337180395729986, 0.352783964365256, -0.00845497247594628, 20, 44, 1.15372
0.337180395729986, 0.355902004454343, -0.00845494745529261, 20, 43, 1.12996
0.337180395729986, 0.35902004454343, -0.00845492184161208, 20, 43, 1.12821
0.337180395729986, 0.362138084632517, -0.00845489557926255, 20, 42, 1.10075
0.337180395729986, 0.365256124721604, -0.00845486870991663, 20, 42, 1.10064
0.337180395729986, 0.36837416481069, -0.00845484119771856, 20, 42, 1.10167
0.337180395729986, 0.371492204899777, -0.00845481301098491, 20, 41, 1.07309
0.337180395729986, 0.374610244988864, -0.0084547841911452, 20, 41, 1.07312
0.337180395729986, 0.377728285077951, -0.00845475470249829, 20, 41, 1.08921
0.337180395729986, 0.380846325167038, -0.00845472451284329, 20, 40, 1.04558
0.337180395729986, 0.383964365256125, -0.00845469366460206, 20, 40, 1.09443
0.337180395729986, 0.387082405345212, -0.00845466212158554, 20, 40, 1.0476
0.337180395729986, 0.390200445434298, -0.00845462987533741, 20, 40, 1.04758
0.337180395729986, 0.393318485523385, -0.00845459689605056, 20, 39, 1.0205
0.337180395729986, 0.396436525612472, -0.00845456322090335, 20, 39, 1.02008
0.337180395729986, 0.399554565701559, -0.00845452881662144, 20, 39, 1.02017
0.337180395729986, 0.402672605790646, -0.00845449365180384, 20, 38, 0.992395
0.337180395729986, 0.405790645879733, -0.00845445776707082, 20, 38, 0.992395
0.337180395729986, 0.40890868596882, -0.00845442112740387, 20, 38, 0.992488
0.337180395729986, 0.412026726057906, -0.00845438372440814, 20, 38, 0.994604
0.337180395729986, 0.415144766146993, -0.00845434552778157, 20, 37, 0.967255
0.337180395729986, 0.41826280623608, -0.00845430657587633, 20, 37, 0.967038
0.337180395729986, 0.421380846325167, -0.00845426683505805, 20, 37, 0.966969
0.337180395729986, 0.424498886414254, -0.0084542262721708, 20, 36, 0.939468
0.337180395729986, 0.427616926503341, -0.00845418493182125, 20, 36, 0.939406
0.337180395729986, 0.430734966592428, -0.00845414277718626, 20, 36, 0.939331
0.337180395729986, 0.433853006681514, -0.00845409980003408, 20, 36, 0.939392
0.337180395729986, 0.436971046770601, -0.00845405596698764, 20, 35, 0.911927
0.337180395729986, 0.440089086859688, -0.00845401132338074, 20, 35, 0.9118
0.337180395729986, 0.443207126948775, -0.00845396583224881, 20, 35, 0.913795
0.337180395729986, 0.446325167037862, -0.00845391948548405, 20, 35, 0.91391
0.337180395729986, 0.449443207126949, -0.00845387227500838, 20, 35, 0.91393
0.337180395729986, 0.452561247216036, -0.00845382416972274, 20, 34, 0.886351
0.337180395729986, 0.455679287305123, -0.00845377521056066, 20, 34, 0.886355
0.337180395729986, 0.458797327394209, -0.00845372536325914, 20, 34, 0.886315
0.337180395729986, 0.461915367483296, -0.00845367461990647, 20, 34, 0.886412
0.337180395729986, 0.465033407572383, -0.00845362294762981, 20, 33, 0.858869
0.337180395729986, 0.46815144766147, -0.00845357039160534, 20, 33, 0.858792
0.337180395729986, 0.471269487750557, -0.00845351691564579, 20, 33, 0.858758
0.337180395729986, 0.474387527839644, -0.00845346251203887, 20, 33, 0.858737
0.337180395729986, 0.477505567928731, -0.00845340717311351, 20, 33, 0.858819
0.337180395729986, 0.480623608017817, -0.00845335086654162, 20, 32, 0.833326
0.337180395729986, 0.483741648106904, -0.00845329363705465, 20, 32, 0.833278
0.337180395729986, 0.486859688195991, -0.00845323544917506, 20, 32, 0.833242
0.337180395729986, 0.489977728285078, -0.0084531762954683, 20, 32, 0.833232
0.337180395729986, 0.493095768374165, -0.00845311616855132, 20, 32, 0.833283
0.337180395729986, 0.496213808463252, -0.00845305503567968, 20, 31, 0.805806
0.337180395729986, 0.499331848552339, -0.00845299294331717, 20, 31, 0.805764
0.337180395729986, 0.502449888641425, -0.00845292985560375, 20, 31, 0.852271
0.337180395729986, 0.505567928730512, -0.00845286576542906, 20, 31, 0.822684
0.337180395729986, 0.508685968819599, -0.00845280066574385, 20, 31, 0.806189
0.337180395729986, 0.511804008908686, -0.00845273452234349, 20, 30, 0.778136
0.337180395729986, 0.514922048997773, -0.00845266738576188, 20, 30, 0.778017
0.337180395729986, 0.51804008908686, -0.00845259921858373, 20, 30, 0.778103
0.337180395729986, 0.521158129175947, -0.00845253001407121, 20, 30, 0.780087
0.337180395729986, 0.524276169265034, -0.00845245976554714, 20, 30, 0.779975
0.337180395729986, 0.52739420935412, -0.00845238846641668, 20, 30, 0.783651
0.337180395729986, 0.530512249443207, -0.00845231608306418, 20, 29, 0.753431
0.337180395729986, 0.533630289532294, -0.00845224266613677, 20, 29, 0.752557
0.337180395729986, 0.536748329621381, -0.00845216817896048, 20, 29, 0.756607
0.337180395729986, 0.539866369710468, -0.00845209261528662, 20, 29, 0.752474
0.337180395729986, 0.542984409799555, -0.00845201596894771, 20, 29, 0.752463
0.337180395729986, 0.546102449888642, -0.00845193823386009, 20, 29, 0.752476
0.337180395729986, 0.549220489977728, -0.0084518594040262, 20, 29, 0.774158
0.337180395729986, 0.552338530066815, -0.00845177944817592, 20, 28, 0.815005
0.337180395729986, 0.555456570155902, -0.00845169841384513, 20, 28, 0.771016
0.337180395729986, 0.558574610244989, -0.00845161626704277, 20, 28, 0.732907
0.337180395729986, 0.561692650334076, -0.00845153300216637, 20, 28, 0.737245
0.337180395729986, 0.564810690423163, -0.0084514486137075, 20, 28, 0.73793
0.337180395729986, 0.567928730512249, -0.00845136309625402, 20, 28, 0.733641
0.337180395729986, 0.571046770601336, -0.0084512764165867, 20, 27, 0.745637
0.337180395729986, 0.574164810690423, -0.00845118862810457, 20, 27, 0.723455
0.337180395729986, 0.57728285077951, -0.00845109969470755, 20, 27, 0.72462
0.337180395729986, 0.580400890868597, -0.00845100961142115, 20, 27, 0.704757
0.337180395729986, 0.583518930957684, -0.00845091837337115, 20, 27, 0.700129
0.337180395729986, 0.586636971046771, -0.00845082597578924, 20, 27, 0.724583
0.337180395729986, 0.589755011135857, -0.00845073241401508, 20, 27, 0.700001
0.337180395729986, 0.592873051224944, -0.00845063768349832, 20, 27, 0.716729
0.337180395729986, 0.595991091314031, -0.00845054175350725, 20, 26, 0.696373
0.337180395729986, 0.599109131403118, -0.00845044467484773, 20, 26, 0.672905
0.337180395729986, 0.602227171492205, -0.00845034641422824, 20, 26, 0.675233
0.337180395729986, 0.605345211581292, -0.00845024696758091, 20, 26, 0.672065
0.337180395729986, 0.608463251670379, -0.00845014633095484, 20, 26, 0.722997
0.337180395729986, 0.611581291759466, -0.00845004450051797, 20, 26, 0.675942
0.337180395729986, 0.614699331848552, -0.00844994147255905, 20, 26, 0.675636
0.337180395729986, 0.617817371937639, -0.00844983724348935, 20, 26, 0.675656
0.337180395729986, 0.620935412026726, -0.00844973178343103, 20, 25, 0.654202
0.337180395729986, 0.624053452115813, -0.00844962514433495, 20, 25, 0.64964
0.337180395729986, 0.6271714922049, -0.00844951729388601, 20, 25, 0.645789
0.337180395729986, 0.630289532293987, -0.0084494082290243, 20, 25, 0.65586
0.337180395729986, 0.633407572383074, -0.00844929794681892, 20, 25, 0.644266
0.337180395729986, 0.63652561247216, -0.0084491864444698, 20, 25, 0.644246
0.337180395729986, 0.639643652561247, -0.00844907371931311, 20, 25, 0.65383
0.337180395729986, 0.642761692650334, -0.00844895976880792, 20, 25, 0.661132
0.337180395729986, 0.645879732739421, -0.00844884456226645, 20, 24, 0.623268
0.337180395729986, 0.648997772828508, -0.00844872815655309, 20, 24, 0.626995
0.337180395729986, 0.652115812917595, -0.00844861051848915, 20, 24, 0.618985
0.337180395729986, 0.655233853006682, -0.00844849164611399, 20, 24, 0.618947
0.337180395729986, 0.658351893095768, -0.00844837153760709, 20, 24, 0.619548
0.337180395729986, 0.661469933184855, -0.00844825019128962, 20, 24, 0.62659
0.337180395729986, 0.664587973273942, -0.00844812760562608, 20, 24, 0.619822
0.337180395729986, 0.667706013363029, -0.00844800377922575, 20, 24, 0.628471
0.337180395729986, 0.670824053452116, -0.00844787871084422, 20, 24, 0.659631
0.337180395729986, 0.673942093541203, -0.00844775239938479, 20, 24, 0.68373
0.337180395729986, 0.67706013363029, -0.00844762481690223, 20, 23, 0.621655
0.337180395729986, 0.680178173719376, -0.00844749601891963, 20, 23, 0.624598
0.337180395729986, 0.683296213808463, -0.00844736597526993, 20, 23, 0.591489
0.337180395729986, 0.68641425389755, -0.0084472346854783, 20, 23, 0.591784
0.337180395729986, 0.689532293986637, -0.00844710214922298, 20, 23, 0.591396
0.337180395729986, 0.692650334075724, -0.00844696836633664, 20, 23, 0.591443
0.337180395729986, 0.695768374164811, -0.00844683333680772, 20, 23, 0.600117
0.337180395729986, 0.698886414253898, -0.00844669706078179, 20, 23, 0.606857
0.337180395729986, 0.702004454342984, -0.00844655953856279, 20, 23, 0.591694
0.337180395729986, 0.705122494432071, -0.00844642077061431, 20, 23, 0.591369
0.337180395729986, 0.708240534521158, -0.00844628072964983, 20, 22, 0.563896
0.337180395729986, 0.711358574610245, -0.00844613947458115, 20, 22, 0.563892
0.337180395729986, 0.714476614699332, -0.0084459969759542, 20, 22, 0.575921
0.337180395729986, 0.717594654788419, -0.00844585323490292, 20, 22, 0.566151
0.337180395729986, 0.720712694877506, -0.00844570825271261, 20, 22, 0.565823
0.337180395729986, 0.723830734966592, -0.00844556203084689, 20, 22, 0.565735
0.337180395729986, 0.726948775055679, -0.00844541457093162, 20, 22, 0.565775
0.337180395729986, 0.730066815144766, -0.00844526587476035, 20, 22, 0.570345
0.337180395729986, 0.733184855233853, -0.00844511594429541, 20, 22, 0.56573
0.337180395729986, 0.73630289532294, -0.00844496478166897, 20, 22, 0.579763
0.337180395729986, 0.739420935412027, -0.00844481238918415, 20, 22, 0.570908
0.337180395729986, 0.742538975501114, -0.00844465874051398, 20, 21, 0.553039
0.337180395729986, 0.7456570155902, -0.00844450389818345, 20, 21, 0.556956
0.337180395729986, 0.748775055679287, -0.00844434783376017, 20, 21, 0.554328
0.337180395729986, 0.751893095768374, -0.0084441905502547, 20, 21, 0.542646
0.337180395729986, 0.755011135857461, -0.00844403205085215, 20, 21, 0.538331
0.337180395729986, 0.758129175946548, -0.00844387233891321, 20, 21, 0.550598
0.337180395729986, 0.761247216035635, -0.00844371141797506, 20, 21, 0.558523
0.337180395729986, 0.764365256124722, -0.0084435492917523, 20, 21, 0.543865
0.337180395729986, 0.767483296213809, -0.0084433859641378, 20, 21, 0.538788
0.337180395729986, 0.770601336302895, -0.00844322143920359, 20, 21, 0.538888
0.337180395729986, 0.773719376391982, -0.00844305572120166, 20, 21, 0.538882
0.337180395729986, 0.776837416481069, -0.00844288881456478, 20, 21, 0.538907
0.337180395729986, 0.779955456570156, -0.00844272072390724, 20, 21, 0.53899
0.337180395729986, 0.783073496659243, -0.00844255142626388, 20, 20, 0.511297
0.337180395729986, 0.78619153674833, -0.00844238098422922, 20, 20, 0.510996
0.337180395729986, 0.789309576837417, -0.00844220937295634, 20, 20, 0.516569
0.337180395729986, 0.792427616926503, -0.00844203659780474, 20, 20, 0.510673
0.337180395729986, 0.79554565701559, -0.00844186266431808, 20, 20, 0.517599
0.337180395729986, 0.798663697104677, -0.00844168757822489, 20, 20, 0.528507
0.337180395729986, 0.801781737193764, -0.00844151134543921, 20, 20, 0.521076
0.337180395729986, 0.804899777282851, -0.00844133397206128, 20, 20, 0.51332
0.337180395729986, 0.808017817371938, -0.00844115546437811, 20, 20, 0.513269
0.337180395729986, 0.811135857461025, -0.00844097582886409, 20, 20, 0.525447
0.337180395729986, 0.814253897550111, -0.00844079507218155, 20, 20, 0.517071
0.337180395729986, 0.817371937639198, -0.00844061320118129, 20, 20, 0.519213
0.337180395729986, 0.820489977728285, -0.00844043022290798, 20, 20, 0.529404
0.337180395729986, 0.823608017817372, -0.00844024614458111, 20, 20, 0.523844
0.337180395729986, 0.826726057906459, -0.00844006094605356, 20, 19, 0.494583
0.337180395729986, 0.829844097995546, -0.00843987469205477, 20, 19, 0.487526
0.337180395729986, 0.832962138084633, -0.0084396873606952, 20, 19, 0.485294
0.337180395729986, 0.836080178173719, -0.00843949895997656, 20, 19, 0.48626
0.337180395729986, 0.839198218262806, -0.00843930949809143, 20, 19, 0.500977
0.337180395729986, 0.842316258351893, -0.00843911898342366, 20, 19, 0.499914
0.337180395729986, 0.84543429844098, -0.00843892742454875, 20, 19, 0.488102
0.337180395729986, 0.848552338530067, -0.00843873483023419, 20, 19, 0.485829
0.337180395729986, 0.851670378619154, -0.0084385412094398, 20, 19, 0.485781
0.337180395729986, 0.854788418708241, -0.00843834657131805, 20, 19, 0.485857
0.337180395729986, 0.857906458797328, -0.00843815092521431, 20, 19, 0.487515
0.337180395729986, 0.861024498886414, -0.00843795428066711, 20, 19, 0.485932
0.337180395729986, 0.864142538975501, -0.00843775664740838, 20, 19, 0.485834
0.337180395729986, 0.867260579064588, -0.00843755803536367, 20, 19, 0.485602
0.337180395729986, 0.870378619153675, -0.00843735845465234, 20, 19, 0.485125
0.337180395729986, 0.873496659242762, -0.00843715788703308, 20, 18, 0.457732
0.337180395729986, 0.876614699331849, -0.00843695640206644, 20, 18, 0.457606
0.337180395729986, 0.879732739420936, -0.0084367539798236, 20, 18, 0.463971
0.337180395729986, 0.882850779510022, -0.00843655063120945, 20, 18, 0.469995
0.337180395729986, 0.885968819599109, -0.00843634636732272, 20, 18, 0.472542
0.337180395729986, 0.889086859688196, -0.008436141199456, 20, 18, 0.462173
0.337180395729986, 0.892204899777283, -0.00843593513909593, 20, 18, 0.457797
0.337180395729986, 0.89532293986637, -0.00843572819792309, 20, 18, 0.47019
0.337180395729986, 0.898440979955457, -0.00843552038781216, 20, 18, 0.463617
0.337180395729986, 0.901559020044544, -0.00843531172083189, 20, 18, 0.467413
0.337180395729986, 0.90467706013363, -0.00843510220924504, 20, 18, 0.465284
0.337180395729986, 0.907795100222717, -0.00843489186550841, 20, 18, 0.464798
0.337180395729986, 0.910913140311804, -0.0084346807022727, 20, 18, 0.472004
0.337180395729986, 0.914031180400891, -0.00843446873238252, 20, 18, 0.474569
0.337180395729986, 0.917149220489978, -0.00843425596887618, 20, 18, 0.458866
0.337180395729986, 0.920267260579065, -0.00843404242498564, 20, 18, 0.457689
0.337180395729986, 0.923385300668152, -0.00843382811413636, 20, 18, 0.471111
0.337180395729986, 0.926503340757238, -0.00843361304994709, 20, 18, 0.465028
0.337180395729986, 0.929621380846325, -0.00843339721890777, 20, 17, 0.441964
0.337180395729986, 0.932739420935412, -0.00843318069142773, 20, 17, 0.432205
0.337180395729986, 0.935857461024499, -0.00843296345250881, 20, 17, 0.430642
0.337180395729986, 0.938975501113586, -0.00843274551654821, 20, 17, 0.430744
0.337180395729986, 0.942093541202673, -0.00843252689813487, 20, 17, 0.430701
0.337180395729986, 0.945211581291759, -0.00843230761204919, 20, 17, 0.430678
0.337180395729986, 0.948329621380847, -0.00843208767326274, 20, 17, 0.430368
0.337180395729986, 0.951447661469933, -0.008431867096938, 20, 17, 0.430355
0.337180395729986, 0.95456570155902, -0.00843164589842802, 20, 17, 0.430523
0.337180395729986, 0.957683741648107, -0.00843142409328171, 20, 17, 0.432705
0.337180395729986, 0.960801781737194, -0.00843120169722085, 20, 17, 0.432342
0.337180395729986, 0.963919821826281, -0.00843097872617381, 20, 17, 0.43215
0.337180395729986, 0.967037861915368, -0.00843075519625232, 20, 17, 0.43324
0.337180395729986, 0.970155902004454, -0.00843053112375678, 20, 17, 0.432205
0.337180395729986, 0.973273942093541, -0.00843030652517589, 20, 17, 0.432728
0.337180395729986, 0.976391982182628, -0.00843008141718605, 20, 17, 0.43206
0.337180395729986, 0.979510022271715, -0.00842985581665106, 20, 17, 0.43211
0.337180395729986, 0.982628062360802, -0.00842962974062149, 20, 17, 0.432033
0.337180395729986, 0.985746102449889, -0.00842940320633423, 20, 17, 0.437589
0.337180395729986, 0.988864142538975, -0.00842917623121198, 20, 17, 0.432022
0.337180395729986, 0.991982182628063, -0.00842894880621571, 20, 16, 0.404664
0.337180395729986, 0.995100222717149, -0.00842872100405151, 20, 16, 0.404574
0.337180395729986, 0.998218262806236, -0.00842849281433136, 20, 16, 0.404602
0.337180395729986, 1.00133630289532, -0.0084282642552214, 20, 16, 0.405107
0.337180395729986, 1.00445434298441, -0.00842803534507028, 20, 16, 0.404504
0.337180395729986, 1.0075723830735, -0.00842780610240855, 20, 16, 0.404543
0.337180395729986, 1.01069042316258, -0.00842757654594809, 20, 16, 0.404453
0.337180395729986, 1.01380846325167, -0.00842734669458139, 20, 16, 0.404525
0.337180395729986, 1.01692650334076, -0.00842711656738093, 20, 16, 0.404557
0.337180395729986, 1.02004454342984, -0.0084268861835985, 20, 16, 0.404513
0.337180395729986, 1.02316258351893, -0.00842665556266449, 20, 16, 0.404515
0.337180395729986, 1.02628062360802, -0.00842642472418716, 20, 16, 0.404521
0.337180395729986, 1.0293986636971, -0.00842619368795198, 20, 16, 0.404506
0.337180395729986, 1.03251670378619, -0.00842596247392079, 20, 16, 0.404472
0.337180395729986, 1.03563474387528, -0.00842573110223109, 20, 16, 0.404444
0.337180395729986, 1.03875278396437, -0.00842549959319528, 20, 16, 0.404487
0.337180395729986, 1.04187082405345, -0.00842526796729983, 20, 16, 0.405669
0.337180395729986, 1.04498886414254, -0.00842503624520448, 20, 16, 0.404549
0.337180395729986, 1.04810690423163, -0.00842480444774141, 20, 16, 0.404456
0.337180395729986, 1.05122494432071, -0.00842457259591446, 20, 16, 0.404481
0.337180395729986, 1.0543429844098, -0.00842434071089817, 20, 16, 0.404502
0.337180395729986, 1.05746102449889, -0.00842410881403701, 20, 16, 0.404833
0.337180395729986, 1.06057906458797, -0.00842387689971159, 20, 15, 0.420526
0.337180395729986, 1.06369710467706, -0.00842364504541847, 20, 15, 0.39929
0.337180395729986, 1.06681514476615, -0.00842341324423613, 20, 15, 0.506332
0.337180395729986, 1.06993318485523, -0.00842318151818462, 20, 15, 0.377056
0.337180395729986, 1.07305122494432, -0.0084229498894491, 20, 15, 0.377048
0.337180395729986, 1.07616926503341, -0.00842271838037884, 20, 15, 0.377078
0.337180395729986, 1.07928730512249, -0.00842248701348629, 20, 15, 0.377011
0.337180395729986, 1.08240534521158, -0.00842225581144612, 20, 15, 0.377031
0.337180395729986, 1.08552338530067, -0.00842202479709422, 20, 15, 0.377579
0.337180395729986, 1.08864142538976, -0.00842179399342679, 20, 15, 0.377034
0.337180395729986, 1.09175946547884, -0.00842156342359923, 20, 15, 0.377075
0.337180395729986, 1.09487750556793, -0.00842133311092518, 20, 15, 0.377007
0.337180395729986, 1.09799554565702, -0.00842110307887551, 20, 15, 0.376952
0.337180395729986, 1.1011135857461, -0.00842087335107727, 20, 15, 0.376977
0.337180395729986, 1.10423162583519, -0.00842064395131257, 20, 15, 0.376849
0.337180395729986, 1.10734966592428, -0.00842041490351768, 20, 15, 0.376918
0.337180395729986, 1.11046770601336, -0.00842018623178176, 20, 15, 0.376886
0.337180395729986, 1.11358574610245, -0.00841995796034589, 20, 15, 0.381334
0.337180395729986, 1.11670378619154, -0.00841973011360195, 20, 15, 0.381154
0.337180395729986, 1.11982182628062, -0.0084195027160915, 20, 15, 0.376987
0.337180395729986, 1.12293986636971, -0.00841927579250468, 20, 15, 0.376981
0.337180395729986, 1.1260579064588, -0.00841904936767905, 20, 15, 0.378143
0.337180395729986, 1.12917594654788, -0.00841882346659846, 20, 15, 0.376976
0.337180395729986, 1.13229398663697, -0.00841859811439192, 20, 15, 0.376918
0.337180395729986, 1.13541202672606, -0.0084183733363324, 20, 15, 0.376966
0.337180395729986, 1.13853006681514, -0.00841814915783569, 20, 15, 0.376965
0.337180395729986, 1.14164810690423, -0.00841792557798362, 20, 14, 0.353105
0.337180395729986, 1.14476614699332, -0.00841770267683929, 20, 14, 0.349437
0.337180395729986, 1.14788418708241, -0.00841748045228162, 20, 14, 0.351457
0.337180395729986, 1.15100222717149, -0.00841725893027604, 20, 14, 0.351469
0.337180395729986, 1.15412026726058, -0.00841703813694515, 20, 14, 0.351404
0.337180395729986, 1.15723830734967, -0.00841681809854003, 20, 14, 0.351419
0.337180395729986, 1.16035634743875, -0.00841659884144594, 20, 14, 0.351434
0.337180395729986, 1.16347438752784, -0.00841638039218107, 20, 14, 0.35135
0.337180395729986, 1.16659242761693, -0.00841616277739525, 20, 14, 0.355098
0.337180395729986, 1.16971046770601, -0.00841594602386878, 20, 14, 0.351493
0.337180395729986, 1.1728285077951, -0.00841573015851112, 20, 14, 0.35162
0.337180395729986, 1.17594654788419, -0.00841551520835962, 20, 14, 0.355172
0.337180395729986, 1.17906458797327, -0.00841530120057828, 20, 14, 0.355139
0.337180395729986, 1.18218262806236, -0.00841508816245643, 20, 14, 0.351466
0.337180395729986, 1.18530066815145, -0.00841487612140745, 20, 14, 0.351539
0.337180395729986, 1.18841870824053, -0.00841466510496751, 20, 14, 0.355161
0.337180395729986, 1.19153674832962, -0.00841445514079419, 20, 14, 0.351488
0.337180395729986, 1.19465478841871, -0.00841424625666525, 20, 14, 0.351529
0.337180395729986, 1.1977728285078, -0.00841403848047724, 20, 14, 0.359377
0.337180395729986, 1.20089086859688, -0.00841383184024424, 20, 14, 0.351478
0.337180395729986, 1.20400890868597, -0.00841362636409649, 20, 14, 0.355163
0.337180395729986, 1.20712694877506, -0.00841342208027903, 20, 14, 0.351464
0.337180395729986, 1.21024498886414, -0.00841321901715046, 20, 14, 0.355106
0.337180395729986, 1.21336302895323, -0.00841301720318145, 20, 14, 0.355175
0.337180395729986, 1.21648106904232, -0.00841281666695348, 20, 14, 0.352456
0.337180395729986, 1.2195991091314, -0.00841261743715748, 20, 14, 0.383157
0.337180395729986, 1.22271714922049, -0.00841241954259242, 20, 14, 0.403239
0.337180395729986, 1.22583518930958, -0.00841222301216394, 20, 14, 0.386994
0.337180395729986, 1.22895322939866, -0.00841202787488306, 20, 14, 0.385076
0.337180395729986, 1.23207126948775, -0.00841183415986469, 20, 14, 0.373914
0.337180395729986, 1.23518930957684, -0.00841164189632631, 20, 14, 0.382675
0.337180395729986, 1.23830734966592, -0.00841145108891112, 20, 13, 0.327097
0.337180395729986, 1.24142538975501, -0.00841126181761511, 20, 13, 0.328859
0.337180395729986, 1.2445434298441, -0.00841107408599216, 20, 13, 0.327405
0.337180395729986, 1.24766146993318, -0.00841088792365908, 20, 13, 0.324068
0.337180395729986, 1.25077951002227, -0.00841070336032808, 20, 13, 0.327335
0.337180395729986, 1.25389755011136, -0.00841052042580543, 20, 13, 0.324025
0.337180395729986, 1.25701559020045, -0.00841033914999001, 20, 13, 0.32411
0.337180395729986, 1.26013363028953, -0.00841015956287192, 20, 13, 0.330597
0.337180395729986, 1.26325167037862, -0.00840998169453109, 20, 13, 0.324147
0.337180395729986, 1.26636971046771, -0.00840980557513582, 20, 13, 0.327259
0.337180395729986, 1.26948775055679, -0.00840963123494143, 20, 13, 0.324588
0.337180395729986, 1.27260579064588, -0.00840945870428877, 20, 13, 0.369589
0.337180395729986, 1.27572383073497, -0.00840928801360286, 20, 13, 0.344142
0.337180395729986, 1.27884187082405, -0.00840911919339142, 20, 13, 0.345735
0.337180395729986, 1.28195991091314, -0.00840895227424348, 20, 13, 0.324009
0.337180395729986, 1.28507795100223, -0.00840878728682795, 20, 13, 0.32403
0.337180395729986, 1.28819599109131, -0.00840862426189213, 20, 13, 0.324053
0.337180395729986, 1.2913140311804, -0.00840846323026039, 20, 13, 0.324021
0.337180395729986, 1.29443207126949, -0.00840830422283262, 20, 13, 0.327723
0.337180395729986, 1.29755011135857, -0.00840814727058288, 20, 13, 0.324913
0.337180395729986, 1.30066815144766, -0.00840799240455792, 20, 13, 0.333151
0.337180395729986, 1.30378619153675, -0.00840783965587577, 20, 13, 0.324008
0.337180395729986, 1.30690423162584, -0.00840768905572429, 20, 13, 0.327836
0.337180395729986, 1.31002227171492, -0.00840754063535972, 20, 13, 0.327803
0.337180395729986, 1.31314031180401, -0.00840739442610525, 20, 13, 0.324742
0.337180395729986, 1.3162583518931, -0.00840725045934959, 20, 13, 0.324052
0.337180395729986, 1.31937639198218, -0.00840710876654555, 20, 13, 0.324678
0.337180395729986, 1.32249443207127, -0.00840696937920851, 20, 13, 0.324498
0.337180395729986, 1.32561247216036, -0.00840683232891512, 20, 13, 0.327751
0.337180395729986, 1.32873051224944, -0.00840669764730173, 20, 13, 0.328129
0.337180395729986, 1.33184855233853, -0.00840656536606301, 20, 13, 0.328199
0.337180395729986, 1.33496659242762, -0.00840643551695051, 20, 13, 0.328016
0.337180395729986, 1.3380846325167, -0.00840630813177123, 20, 13, 0.339741
0.337180395729986, 1.34120267260579, -0.00840618324238615, 20, 13, 0.325193
0.337180395729986, 1.34432071269488, -0.00840606088070881, 20, 13, 0.343184
0.337180395729986, 1.34743875278396, -0.00840594107870387, 20, 13, 0.335991
0.337180395729986, 1.35055679287305, -0.00840582384507027, 20, 12, 0.296628
0.337180395729986, 1.35367483296214, -0.00840570925957383, 20, 12, 0.308522
0.337180395729986, 1.35679287305122, -0.008405597329887, 20, 12, 0.319515
0.337180395729986, 1.35991091314031, -0.00840548808816683, 20, 12, 0.332621
0.337180395729986, 1.3630289532294, -0.00840538156661424, 20, 12, 0.340382
0.337180395729986, 1.36614699331849, -0.0084052777974726, 20, 12, 0.325588
0.337180395729986, 1.36926503340757, -0.00840517681302624, 20, 12, 0.331915
0.337180395729986, 1.37238307349666, -0.00840507864559913, 20, 12, 0.318705
0.337180395729986, 1.37550111358575, -0.00840498332755337, 20, 12, 0.309584
0.337180395729986, 1.37861915367483, -0.00840489089128785, 20, 12, 0.326542
0.337180395729986, 1.38173719376392, -0.00840480136923677, 20, 12, 0.328371
0.337180395729986, 1.38485523385301, -0.00840471479386827, 20, 12, 0.296625
0.337180395729986, 1.38797327394209, -0.00840463119768301, 20, 12, 0.309185
0.337180395729986, 1.39109131403118, -0.00840455061321275, 20, 12, 0.300717
0.337180395729986, 1.39420935412027, -0.00840447307301895, 20, 12, 0.296525
0.337180395729986, 1.39732739420935, -0.0084043986096914, 20, 12, 0.312195
0.337180395729986, 1.40044543429844, -0.00840432725584676, 20, 12, 0.296483
0.337180395729986, 1.40356347438753, -0.00840425904412721, 20, 12, 0.29734
0.337180395729986, 1.40668151447661, -0.00840419400719904, 20, 12, 0.296444
0.337180395729986, 1.4097995545657, -0.00840413217775128, 20, 12, 0.316472
0.337180395729986, 1.41291759465479, -0.00840407358849426, 20, 12, 0.297548
0.337180395729986, 1.41603563474388, -0.0084040182721583, 20, 12, 0.320932
0.337180395729986, 1.41915367483296, -0.00840396626149227, 20, 12, 0.297325
0.337180395729986, 1.42227171492205, -0.00840391758926224, 20, 12, 0.296846
0.337180395729986, 1.42538975501114, -0.0084038722882501, 20, 12, 0.296902
0.337180395729986, 1.42850779510022, -0.0084038303912522, 20, 12, 0.308492
0.337180395729986, 1.43162583518931, -0.00840379193107797, 20, 12, 0.296952
0.337180395729986, 1.4347438752784, -0.00840375694055711, 20, 12, 0.298548
0.337180395729986, 1.43786191536748, -0.00840372545250402, 20, 12, 0.302148
0.337180395729986, 1.44097995545657, -0.00840369749976785, 20, 12, 0.302949
0.337180395729986, 1.44409799554566, -0.00840367311519681, 20, 12, 0.298631
0.337180395729986, 1.44721603563474, -0.00840365233164545, 20, 12, 0.302549
0.337180395729986, 1.45033407572383, -0.00840363518197328, 20, 12, 0.302175
0.337180395729986, 1.45345211581292, -0.00840362169904348, 20, 12, 0.298505
0.337180395729986, 1.456570155902, -0.00840361191572154, 20, 12, 0.298467
0.337180395729986, 1.45968819599109, -0.00840360586487395, 20, 12, 0.298441
0.337180395729986, 1.46280623608018, -0.00840360357936685, 20, 12, 0.298444
0.337180395729986, 1.46592427616927, -0.00840360509206475, 20, 12, 0.302237
0.337180395729986, 1.46904231625835, -0.00840361043582921, 20, 12, 0.298466
0.337180395729986, 1.47216035634744, -0.0084036196435175, 20, 12, 0.327533
0.337180395729986, 1.47527839643653, -0.00840363274798134, 20, 12, 0.299549
0.337180395729986, 1.47839643652561, -0.00840364978206561, 20, 12, 0.307803
0.337180395729986, 1.4815144766147, -0.008403670778607, 20, 12, 0.302072
0.337180395729986, 1.48463251670379, -0.00840369574868065, 20, 11, 0.271305
0.337180395729986, 1.48775055679287, -0.00840372476952665, 20, 11, 0.270974
0.337180395729986, 1.49086859688196, -0.00840375785123943, 20, 11, 0.28289
0.337180395729986, 1.49398663697105, -0.00840379502661189, 20, 11, 0.285509
0.337180395729986, 1.49710467706013, -0.00840383632842238, 20, 11, 0.271687
0.337180395729986, 1.50022271714922, -0.00840388178943339, 20, 11, 0.277566
0.337180395729986, 1.50334075723831, -0.0084039314423903, 20, 11, 0.27518
0.337180395729986, 1.50645879732739, -0.00840398532002017, 20, 11, 0.302486
0.337180395729986, 1.50957683741648, -0.00840404345503048, 20, 11, 0.292752
0.337180395729986, 1.51269487750557, -0.00840410588010789, 20, 11, 0.274592
0.337180395729986, 1.51581291759465, -0.00840417262791703, 20, 11, 0.271084
0.337180395729986, 1.51893095768374, -0.00840424373109928, 20, 11, 0.271192
0.337180395729986, 1.52204899777283, -0.00840431922227154, 20, 11, 0.275615
0.337180395729986, 1.52516703786192, -0.00840439913402504, 20, 11, 0.272217
0.337180395729986, 1.528285077951, -0.00840448349892413, 20, 11, 0.270871
0.337180395729986, 1.53140311804009, -0.00840457234950508, 20, 11, 0.274652
0.337180395729986, 1.53452115812918, -0.00840466571827492, 20, 11, 0.270886
0.337180395729986, 1.53763919821826, -0.00840476363771022, 20, 11, 0.270896
0.337180395729986, 1.54075723830735, -0.0084048661402559, 20, 11, 0.270854
0.337180395729986, 1.54387527839644, -0.00840497325832414, 20, 11, 0.274494
0.337180395729986, 1.54699331848552, -0.00840508502429314, 20, 11, 0.275203
0.337180395729986, 1.55011135857461, -0.00840520147050598, 20, 11, 0.271335
0.337180395729986, 1.5532293986637, -0.00840532262926948, 20, 11, 0.270831
0.337180395729986, 1.55634743875278, -0.00840544853285308, 20, 11, 0.270817
0.337180395729986, 1.55946547884187, -0.00840557921348764, 20, 11, 0.274509
0.337180395729986, 1.56258351893096, -0.00840571470336438, 20, 11, 0.270845
0.337180395729986, 1.56570155902004, -0.0084058550346337, 20, 11, 0.271227
0.337180395729986, 1.56881959910913, -0.0084060002394041, 20, 11, 0.278259
0.337180395729986, 1.57193763919822, -0.00840615034974105, 20, 11, 0.270809
0.337180395729986, 1.57505567928731, -0.00840630539766592, 20, 11, 0.271306
0.337180395729986, 1.57817371937639, -0.00840646541515483, 20, 11, 0.278122
0.337180395729986, 1.58129175946548, -0.0084066304341376, 20, 11, 0.274625
0.337180395729986, 1.58440979955457, -0.00840680048649666, 20, 11, 0.281589
0.337180395729986, 1.58752783964365, -0.00840697560406597, 20, 11, 0.277964
0.337180395729986, 1.59064587973274, -0.00840715581862999, 20, 11, 0.272681
0.337180395729986, 1.59376391982183, -0.00840734116192253, 20, 11, 0.272743
0.337180395729986, 1.59688195991091, -0.00840753166562581, 20, 11, 0.273037
0.337180395729986, 1.6, -0.00840772736136931, 20, 11, 0.273206
# finished at Wed Apr 30 02:12:50 CEST 2014
