# starting on alcc60 at Wed Apr 30 00:34:36 CEST 2014
# casimir, -T, 0.200000,1.600000,450, -Q, 0.249871833880037, -p, 1e-08, -L, 20
# Compiler icc, using long double and plain matrix elements and plain integration
# precision=1e-08
# lfac=5
# cores=1
# L=0.249872
# T=0.2...1.6 (450)
#
# R/(L+R), T, F, lmax, nmax, time
0.249871833880037, 0.2, -0.00310964747349836, 20, 69, 1.68191
0.249871833880037, 0.203118040089087, -0.00310964544162299, 20, 68, 1.65791
0.249871833880037, 0.206236080178174, -0.00310964331614927, 20, 67, 1.6325
0.249871833880037, 0.209354120267261, -0.00310964109437082, 20, 66, 1.60793
0.249871833880037, 0.212472160356347, -0.00310963877354619, 20, 65, 1.58358
0.249871833880037, 0.215590200445434, -0.00310963635089773, 20, 64, 1.55814
0.249871833880037, 0.218708240534521, -0.00310963382361484, 20, 63, 1.53279
0.249871833880037, 0.221826280623608, -0.00310963118885238, 20, 62, 1.51063
0.249871833880037, 0.224944320712695, -0.00310962844372878, 20, 61, 1.48391
0.249871833880037, 0.228062360801782, -0.0031096255853286, 20, 60, 1.45846
0.249871833880037, 0.231180400890869, -0.00310962261754505, 20, 60, 1.45914
0.249871833880037, 0.234298440979955, -0.00310961952432889, 20, 59, 1.4355
0.249871833880037, 0.237416481069042, -0.00310961630899463, 20, 58, 1.41006
0.249871833880037, 0.240534521158129, -0.00310961296849691, 20, 57, 1.38418
0.249871833880037, 0.243652561247216, -0.00310960950691315, 20, 57, 1.38934
0.249871833880037, 0.246770601336303, -0.0031096059077023, 20, 56, 1.43149
0.249871833880037, 0.24988864142539, -0.00310960217413591, 20, 55, 1.35744
0.249871833880037, 0.253006681514477, -0.00310959831027432, 20, 55, 1.34329
0.249871833880037, 0.256124721603563, -0.00310959429951288, 20, 54, 1.39905
0.249871833880037, 0.25924276169265, -0.00310959014495332, 20, 53, 1.35706
0.249871833880037, 0.262360801781737, -0.00310958585104217, 20, 53, 1.29821
0.249871833880037, 0.265478841870824, -0.00310958140036285, 20, 52, 1.37854
0.249871833880037, 0.268596881959911, -0.00310957680347584, 20, 52, 1.27955
0.249871833880037, 0.271714922048998, -0.00310957204383784, 20, 51, 1.25086
0.249871833880037, 0.274832962138085, -0.00310956712420139, 20, 50, 1.24245
0.249871833880037, 0.277951002227172, -0.00310956204958729, 20, 50, 1.23019
0.249871833880037, 0.281069042316258, -0.0031095568013912, 20, 49, 1.20088
0.249871833880037, 0.284187082405345, -0.00310955139148259, 20, 49, 1.26019
0.249871833880037, 0.287305122494432, -0.00310954580147402, 20, 48, 1.26998
0.249871833880037, 0.290423162583519, -0.00310954004307933, 20, 48, 1.22859
0.249871833880037, 0.293541202672606, -0.00310953409785442, 20, 47, 1.14063
0.249871833880037, 0.296659242761693, -0.00310952797763728, 20, 47, 1.13842
0.249871833880037, 0.29977728285078, -0.00310952166365184, 20, 46, 1.11722
0.249871833880037, 0.302895322939866, -0.00310951516814475, 20, 46, 1.16333
0.249871833880037, 0.306013363028953, -0.00310950847171783, 20, 45, 1.12021
0.249871833880037, 0.30913140311804, -0.0031095015873356, 20, 45, 1.12465
0.249871833880037, 0.312249443207127, -0.00310949450262655, 20, 45, 1.10216
0.249871833880037, 0.315367483296214, -0.00310948720770478, 20, 44, 1.15721
0.249871833880037, 0.318485523385301, -0.00310947971350647, 20, 44, 1.09416
0.249871833880037, 0.321603563474388, -0.00310947200152872, 20, 43, 1.05037
0.249871833880037, 0.324721603563474, -0.00310946408400421, 20, 43, 1.05331
0.249871833880037, 0.327839643652561, -0.00310945594087726, 20, 42, 1.01999
0.249871833880037, 0.330957683741648, -0.00310944758611508, 20, 42, 1.01897
0.249871833880037, 0.334075723830735, -0.00310943900670398, 20, 42, 1.01644
0.249871833880037, 0.337193763919822, -0.0031094301916563, 20, 41, 0.990518
0.249871833880037, 0.340311804008909, -0.00310942115394433, 20, 41, 0.991444
0.249871833880037, 0.343429844097996, -0.00310941188106698, 20, 41, 0.99824
0.249871833880037, 0.346547884187082, -0.00310940236220832, 20, 40, 0.982045
0.249871833880037, 0.349665924276169, -0.00310939260983564, 20, 40, 1.00514
0.249871833880037, 0.352783964365256, -0.00310938261170302, 20, 40, 1.00082
0.249871833880037, 0.355902004454343, -0.00310937235697425, 20, 39, 0.977923
0.249871833880037, 0.35902004454343, -0.00310936185805827, 20, 39, 0.957672
0.249871833880037, 0.362138084632517, -0.00310935110273423, 20, 39, 1.04714
0.249871833880037, 0.365256124721604, -0.00310934007995019, 20, 38, 0.968079
0.249871833880037, 0.36837416481069, -0.00310932880250278, 20, 38, 0.941825
0.249871833880037, 0.371492204899777, -0.00310931725796361, 20, 38, 0.932422
0.249871833880037, 0.374610244988864, -0.00310930543485552, 20, 37, 0.950503
0.249871833880037, 0.377728285077951, -0.00310929334683974, 20, 37, 0.951652
0.249871833880037, 0.380846325167038, -0.0031092809810331, 20, 37, 0.996084
0.249871833880037, 0.383964365256125, -0.00310926832528379, 20, 36, 0.89622
0.249871833880037, 0.387082405345212, -0.00310925539467467, 20, 36, 0.878899
0.249871833880037, 0.390200445434298, -0.00310924217557873, 20, 36, 0.900695
0.249871833880037, 0.393318485523385, -0.00310922866450889, 20, 36, 0.87346
0.249871833880037, 0.396436525612472, -0.00310921484970697, 20, 35, 0.849253
0.249871833880037, 0.399554565701559, -0.00310920074539009, 20, 35, 0.925686
0.249871833880037, 0.402672605790646, -0.00310918633843996, 20, 35, 0.911051
0.249871833880037, 0.405790645879733, -0.00310917162538229, 20, 35, 0.946366
0.249871833880037, 0.40890868596882, -0.00310915659455671, 20, 34, 0.823341
0.249871833880037, 0.412026726057906, -0.00310914125999161, 20, 34, 0.825781
0.249871833880037, 0.415144766146993, -0.00310912560872978, 20, 34, 0.825966
0.249871833880037, 0.41826280623608, -0.00310910963732173, 20, 34, 0.826951
0.249871833880037, 0.421380846325167, -0.00310909333392262, 20, 33, 0.805502
0.249871833880037, 0.424498886414254, -0.00310907671302341, 20, 33, 0.812056
0.249871833880037, 0.427616926503341, -0.00310905976149414, 20, 33, 0.806563
0.249871833880037, 0.430734966592428, -0.0031090424759243, 20, 33, 0.849499
0.249871833880037, 0.433853006681514, -0.00310902484397137, 20, 32, 0.821347
0.249871833880037, 0.436971046770601, -0.00310900688129153, 20, 32, 0.767215
0.249871833880037, 0.440089086859688, -0.003108988574224, 20, 32, 0.775721
0.249871833880037, 0.443207126948775, -0.0031089699194111, 20, 32, 0.791508
0.249871833880037, 0.446325167037862, -0.00310895091350071, 20, 32, 0.797887
0.249871833880037, 0.449443207126949, -0.00310893154455289, 20, 31, 0.746113
0.249871833880037, 0.452561247216036, -0.00310891182754402, 20, 31, 0.756022
0.249871833880037, 0.455679287305123, -0.00310889174931535, 20, 31, 0.744386
0.249871833880037, 0.458797327394209, -0.00310887130658419, 20, 31, 0.744113
0.249871833880037, 0.461915367483296, -0.00310885049608108, 20, 31, 0.744358
0.249871833880037, 0.465033407572383, -0.00310882930589036, 20, 30, 0.718735
0.249871833880037, 0.46815144766147, -0.00310880775117065, 20, 30, 0.718739
0.249871833880037, 0.471269487750557, -0.00310878581882997, 20, 30, 0.72
0.249871833880037, 0.474387527839644, -0.00310876350568117, 20, 30, 0.719098
0.249871833880037, 0.477505567928731, -0.00310874080855439, 20, 30, 0.719111
0.249871833880037, 0.480623608017817, -0.00310871771517337, 20, 29, 0.693175
0.249871833880037, 0.483741648106904, -0.00310869424175494, 20, 29, 0.692895
0.249871833880037, 0.486859688195991, -0.00310867037483346, 20, 29, 0.69325
0.249871833880037, 0.489977728285078, -0.00310864611133727, 20, 29, 0.695648
0.249871833880037, 0.493095768374165, -0.00310862144821238, 20, 29, 0.695326
0.249871833880037, 0.496213808463252, -0.00310859638243056, 20, 29, 0.697962
0.249871833880037, 0.499331848552339, -0.00310857090209663, 20, 28, 0.670171
0.249871833880037, 0.502449888641425, -0.00310854502304312, 20, 28, 0.669893
0.249871833880037, 0.505567928730512, -0.00310851873226923, 20, 28, 0.670291
0.249871833880037, 0.508685968819599, -0.00310849202685953, 20, 28, 0.670077
0.249871833880037, 0.511804008908686, -0.00310846490392443, 20, 28, 0.669738
0.249871833880037, 0.514922048997773, -0.00310843736060125, 20, 28, 0.670015
0.249871833880037, 0.51804008908686, -0.00310840938491217, 20, 27, 0.644508
0.249871833880037, 0.521158129175947, -0.00310838099336684, 20, 27, 0.645165
0.249871833880037, 0.524276169265034, -0.00310835217290158, 20, 27, 0.64528
0.249871833880037, 0.52739420935412, -0.00310832292078421, 20, 27, 0.644478
0.249871833880037, 0.530512249443207, -0.00310829323431283, 20, 27, 0.64427
0.249871833880037, 0.533630289532294, -0.00310826311081673, 20, 27, 0.644768
0.249871833880037, 0.536748329621381, -0.00310823254765744, 20, 27, 0.644072
0.249871833880037, 0.539866369710468, -0.00310820153337786, 20, 26, 0.61853
0.249871833880037, 0.542984409799555, -0.00310817008407312, 20, 26, 0.62125
0.249871833880037, 0.546102449888642, -0.00310813818728651, 20, 26, 0.620855
0.249871833880037, 0.549220489977728, -0.00310810584052981, 20, 26, 0.620872
0.249871833880037, 0.552338530066815, -0.0031080730413488, 20, 26, 0.620904
0.249871833880037, 0.555456570155902, -0.00310803978732549, 20, 26, 0.620952
0.249871833880037, 0.558574610244989, -0.00310800607607898, 20, 26, 0.621017
0.249871833880037, 0.561692650334076, -0.00310797189613584, 20, 25, 0.595598
0.249871833880037, 0.564810690423163, -0.0031079372644088, 20, 25, 0.595974
0.249871833880037, 0.567928730512249, -0.003107902168447, 20, 25, 0.59538
0.249871833880037, 0.571046770601336, -0.00310786660603651, 20, 25, 0.595694
0.249871833880037, 0.574164810690423, -0.00310783057500346, 20, 25, 0.595334
0.249871833880037, 0.57728285077951, -0.00310779407321482, 20, 25, 0.595331
0.249871833880037, 0.580400890868597, -0.00310775709857924, 20, 25, 0.595295
0.249871833880037, 0.583518930957684, -0.00310771964904785, 20, 25, 0.595346
0.249871833880037, 0.586636971046771, -0.00310768171359008, 20, 24, 0.569882
0.249871833880037, 0.589755011135857, -0.00310764330920341, 20, 24, 0.570369
0.249871833880037, 0.592873051224944, -0.00310760442394538, 20, 24, 0.575861
0.249871833880037, 0.595991091314031, -0.00310756505595365, 20, 24, 0.569784
0.249871833880037, 0.599109131403118, -0.00310752520341108, 20, 24, 0.569655
0.249871833880037, 0.602227171492205, -0.0031074848645465, 20, 24, 0.569785
0.249871833880037, 0.605345211581292, -0.00310744403763549, 20, 24, 0.569797
0.249871833880037, 0.608463251670379, -0.00310740272100107, 20, 24, 0.56979
0.249871833880037, 0.611581291759466, -0.00310736090342434, 20, 23, 0.547574
0.249871833880037, 0.614699331848552, -0.00310731860343348, 20, 23, 0.54666
0.249871833880037, 0.617817371937639, -0.00310727580889043, 20, 23, 0.54655
0.249871833880037, 0.620935412026726, -0.00310723251832353, 20, 23, 0.546606
0.249871833880037, 0.624053452115813, -0.00310718873031113, 20, 23, 0.547732
0.249871833880037, 0.6271714922049, -0.00310714444348227, 20, 23, 0.551278
0.249871833880037, 0.630289532293987, -0.00310709965651738, 20, 23, 0.554365
0.249871833880037, 0.633407572383074, -0.00310705436814897, 20, 23, 0.550357
0.249871833880037, 0.63652561247216, -0.00310700857716227, 20, 23, 0.550778
0.249871833880037, 0.639643652561247, -0.00310696228239586, 20, 23, 0.572979
0.249871833880037, 0.642761692650334, -0.00310691547371932, 20, 22, 0.543536
0.249871833880037, 0.645879732739421, -0.00310686816896292, 20, 22, 0.532528
0.249871833880037, 0.648997772828508, -0.00310682035719143, 20, 22, 0.551852
0.249871833880037, 0.652115812917595, -0.0031067720374701, 20, 22, 0.521754
0.249871833880037, 0.655233853006682, -0.0031067232089199, 20, 22, 0.521148
0.249871833880037, 0.658351893095768, -0.00310667387071806, 20, 22, 0.52179
0.249871833880037, 0.661469933184855, -0.00310662402209877, 20, 22, 0.534442
0.249871833880037, 0.664587973273942, -0.00310657366235371, 20, 22, 0.525266
0.249871833880037, 0.667706013363029, -0.00310652279083264, 20, 22, 0.557577
0.249871833880037, 0.670824053452116, -0.00310647140694397, 20, 22, 0.558488
0.249871833880037, 0.673942093541203, -0.00310641950086267, 20, 21, 0.522456
0.249871833880037, 0.67706013363029, -0.00310636709152621, 20, 21, 0.546366
0.249871833880037, 0.680178173719376, -0.00310631416833176, 20, 21, 0.509402
0.249871833880037, 0.683296213808463, -0.00310626073093417, 20, 21, 0.495652
0.249871833880037, 0.68641425389755, -0.00310620677904903, 20, 21, 0.495612
0.249871833880037, 0.689532293986637, -0.00310615231245317, 20, 21, 0.495665
0.249871833880037, 0.692650334075724, -0.00310609733098528, 20, 21, 0.495641
0.249871833880037, 0.695768374164811, -0.00310604183454799, 20, 21, 0.497959
0.249871833880037, 0.698886414253898, -0.0031059858231018, 20, 21, 0.49804
0.249871833880037, 0.702004454342984, -0.00310592929667556, 20, 21, 0.498999
0.249871833880037, 0.705122494432071, -0.00310587225536024, 20, 21, 0.498306
0.249871833880037, 0.708240534521158, -0.00310581468971893, 20, 20, 0.472456
0.249871833880037, 0.711358574610245, -0.00310575661996865, 20, 20, 0.472411
0.249871833880037, 0.714476614699332, -0.00310569803592115, 20, 20, 0.472422
0.249871833880037, 0.717594654788419, -0.0031056389379331, 20, 20, 0.472446
0.249871833880037, 0.720712694877506, -0.00310557932642675, 20, 20, 0.472428
0.249871833880037, 0.723830734966592, -0.00310551920189041, 20, 20, 0.47249
0.249871833880037, 0.726948775055679, -0.00310545856487893, 20, 20, 0.472485
0.249871833880037, 0.730066815144766, -0.0031053974160141, 20, 20, 0.493735
0.249871833880037, 0.733184855233853, -0.00310533575598509, 20, 20, 0.472431
0.249871833880037, 0.73630289532294, -0.00310527358554888, 20, 20, 0.473466
0.249871833880037, 0.739420935412027, -0.00310521090553069, 20, 20, 0.472648
0.249871833880037, 0.742538975501114, -0.00310514771682431, 20, 20, 0.472448
0.249871833880037, 0.7456570155902, -0.00310508402039255, 20, 20, 0.476645
0.249871833880037, 0.748775055679287, -0.00310501980802016, 20, 19, 0.450795
0.249871833880037, 0.751893095768374, -0.00310495510005005, 20, 19, 0.447278
0.249871833880037, 0.755011135857461, -0.0031048898876007, 20, 19, 0.446864
0.249871833880037, 0.758129175946548, -0.00310482417191944, 20, 19, 0.446915
0.249871833880037, 0.761247216035635, -0.00310475795432397, 20, 19, 0.446935
0.249871833880037, 0.764365256124722, -0.00310469123620282, 20, 19, 0.446997
0.249871833880037, 0.767483296213809, -0.00310462401901563, 20, 19, 0.446862
0.249871833880037, 0.770601336302895, -0.00310455630429352, 20, 19, 0.446966
0.249871833880037, 0.773719376391982, -0.00310448809363941, 20, 19, 0.464001
0.249871833880037, 0.776837416481069, -0.00310441938872837, 20, 19, 0.450955
0.249871833880037, 0.779955456570156, -0.0031043501913079, 20, 19, 0.460729
0.249871833880037, 0.783073496659243, -0.00310428050319826, 20, 19, 0.451522
0.249871833880037, 0.78619153674833, -0.00310421032629274, 20, 19, 0.447699
0.249871833880037, 0.789309576837417, -0.00310413966255798, 20, 19, 0.446947
0.249871833880037, 0.792427616926503, -0.0031040685047722, 20, 18, 0.421402
0.249871833880037, 0.79554565701559, -0.0031039968742831, 20, 18, 0.421372
0.249871833880037, 0.798663697104677, -0.00310392476325312, 20, 18, 0.425518
0.249871833880037, 0.801781737193764, -0.00310385217394901, 20, 18, 0.421312
0.249871833880037, 0.804899777282851, -0.00310377910871182, 20, 18, 0.42135
0.249871833880037, 0.808017817371938, -0.00310370556995718, 20, 18, 0.421771
0.249871833880037, 0.811135857461025, -0.00310363156017554, 20, 18, 0.422643
0.249871833880037, 0.814253897550111, -0.00310355708193431, 20, 18, 0.423704
0.249871833880037, 0.817371937639198, -0.00310348213787042, 20, 18, 0.42374
0.249871833880037, 0.820489977728285, -0.00310340673070209, 20, 18, 0.423964
0.249871833880037, 0.823608017817372, -0.00310333086322133, 20, 18, 0.423739
0.249871833880037, 0.826726057906459, -0.00310325453829604, 20, 18, 0.423995
0.249871833880037, 0.829844097995546, -0.00310317775887025, 20, 18, 0.423694
0.249871833880037, 0.832962138084633, -0.00310310052796427, 20, 18, 0.423735
0.249871833880037, 0.836080178173719, -0.00310302284867488, 20, 18, 0.426866
0.249871833880037, 0.839198218262806, -0.00310294472417547, 20, 18, 0.424438
0.249871833880037, 0.842316258351893, -0.00310286614865503, 20, 17, 0.402383
0.249871833880037, 0.84543429844098, -0.00310278714422037, 20, 17, 0.398494
0.249871833880037, 0.848552338530067, -0.00310270770450973, 20, 17, 0.413647
0.249871833880037, 0.851670378619154, -0.00310262783300797, 20, 17, 0.398148
0.249871833880037, 0.854788418708241, -0.00310254753327705, 20, 17, 0.398127
0.249871833880037, 0.857906458797328, -0.00310246680895618, 20, 17, 0.398158
0.249871833880037, 0.861024498886414, -0.0031023856637619, 20, 17, 0.398152
0.249871833880037, 0.864142538975501, -0.00310230410148825, 20, 17, 0.398116
0.249871833880037, 0.867260579064588, -0.00310222212600683, 20, 17, 0.398341
0.249871833880037, 0.870378619153675, -0.00310213974126695, 20, 17, 0.398124
0.249871833880037, 0.873496659242762, -0.00310205695129568, 20, 17, 0.39896
0.249871833880037, 0.876614699331849, -0.00310197376019797, 20, 17, 0.39816
0.249871833880037, 0.879732739420936, -0.00310189017215669, 20, 17, 0.398176
0.249871833880037, 0.882850779510022, -0.0031018061914327, 20, 17, 0.39814
0.249871833880037, 0.885968819599109, -0.00310172182236495, 20, 17, 0.398093
0.249871833880037, 0.889086859688196, -0.00310163706937048, 20, 17, 0.398505
0.249871833880037, 0.892204899777283, -0.00310155193694449, 20, 17, 0.398057
0.249871833880037, 0.89532293986637, -0.00310146642966036, 20, 17, 0.398134
0.249871833880037, 0.898440979955457, -0.00310138054327432, 20, 16, 0.37266
0.249871833880037, 0.901559020044544, -0.00310129430091569, 20, 16, 0.372707
0.249871833880037, 0.90467706013363, -0.00310120769784693, 20, 16, 0.372642
0.249871833880037, 0.907795100222717, -0.00310112073895717, 20, 16, 0.372706
0.249871833880037, 0.910913140311804, -0.00310103342921365, 20, 16, 0.372714
0.249871833880037, 0.914031180400891, -0.00310094577366162, 20, 16, 0.372689
0.249871833880037, 0.917149220489978, -0.00310085777742442, 20, 16, 0.372632
0.249871833880037, 0.920267260579065, -0.00310076944570338, 20, 16, 0.373034
0.249871833880037, 0.923385300668152, -0.00310068078377789, 20, 16, 0.372643
0.249871833880037, 0.926503340757238, -0.0031005917970053, 20, 16, 0.372649
0.249871833880037, 0.929621380846325, -0.00310050249082089, 20, 16, 0.373084
0.249871833880037, 0.932739420935412, -0.00310041287073787, 20, 16, 0.373271
0.249871833880037, 0.935857461024499, -0.00310032294234726, 20, 16, 0.372549
0.249871833880037, 0.938975501113586, -0.0031002327113179, 20, 16, 0.372522
0.249871833880037, 0.942093541202673, -0.00310014218339629, 20, 16, 0.372525
0.249871833880037, 0.945211581291759, -0.00310005136440662, 20, 16, 0.372553
0.249871833880037, 0.948329621380847, -0.00309996026025061, 20, 16, 0.372492
0.249871833880037, 0.951447661469933, -0.00309986887690743, 20, 16, 0.372569
0.249871833880037, 0.95456570155902, -0.00309977722043363, 20, 16, 0.376211
0.249871833880037, 0.957683741648107, -0.003099685296963, 20, 16, 0.373001
0.249871833880037, 0.960801781737194, -0.00309959310370362, 20, 15, 0.350729
0.249871833880037, 0.963919821826281, -0.00309950066552812, 20, 15, 0.347555
0.249871833880037, 0.967037861915368, -0.00309940797918245, 20, 15, 0.347136
0.249871833880037, 0.970155902004454, -0.00309931505111061, 20, 15, 0.347093
0.249871833880037, 0.973273942093541, -0.00309922188783306, 20, 15, 0.350729
0.249871833880037, 0.976391982182628, -0.00309912849594892, 20, 15, 0.353066
0.249871833880037, 0.979510022271715, -0.00309903488212655, 20, 15, 0.350593
0.249871833880037, 0.982628062360802, -0.00309894105311731, 20, 15, 0.353084
0.249871833880037, 0.985746102449889, -0.00309884701574609, 20, 15, 0.349464
0.249871833880037, 0.988864142538975, -0.0030987527769135, 20, 15, 0.349491
0.249871833880037, 0.991982182628063, -0.0030986583435957, 20, 15, 0.34952
0.249871833880037, 0.995100222717149, -0.00309856372284416, 20, 15, 0.349509
0.249871833880037, 0.998218262806236, -0.00309846892178558, 20, 15, 0.349974
0.249871833880037, 1.00133630289532, -0.00309837394762158, 20, 15, 0.353117
0.249871833880037, 1.00445434298441, -0.00309827880762856, 20, 15, 0.349999
0.249871833880037, 1.0075723830735, -0.00309818350915749, 20, 15, 0.350426
0.249871833880037, 1.01069042316258, -0.00309808805963368, 20, 15, 0.350006
0.249871833880037, 1.01380846325167, -0.00309799246655658, 20, 15, 0.349481
0.249871833880037, 1.01692650334076, -0.00309789673749953, 20, 15, 0.353134
0.249871833880037, 1.02004454342984, -0.00309780088010952, 20, 15, 0.355075
0.249871833880037, 1.02316258351893, -0.00309770490210699, 20, 15, 0.354989
0.249871833880037, 1.02628062360802, -0.00309760881128555, 20, 15, 0.349424
0.249871833880037, 1.0293986636971, -0.00309751261551172, 20, 15, 0.349434
0.249871833880037, 1.03251670378619, -0.0030974163227247, 20, 15, 0.353393
0.249871833880037, 1.03563474387528, -0.00309731993241034, 20, 14, 0.323979
0.249871833880037, 1.03875278396437, -0.00309722347021688, 20, 14, 0.330904
0.249871833880037, 1.04187082405345, -0.00309712693523037, 20, 14, 0.324864
0.249871833880037, 1.04498886414254, -0.00309703033567982, 20, 14, 0.323888
0.249871833880037, 1.04810690423163, -0.00309693367986538, 20, 14, 0.32389
0.249871833880037, 1.05122494432071, -0.00309683697615813, 20, 14, 0.323882
0.249871833880037, 1.0543429844098, -0.00309674023299972, 20, 14, 0.323877
0.249871833880037, 1.05746102449889, -0.00309664345890208, 20, 14, 0.323897
0.249871833880037, 1.06057906458797, -0.00309654666244713, 20, 14, 0.323911
0.249871833880037, 1.06369710467706, -0.0030964498522865, 20, 14, 0.323852
0.249871833880037, 1.06681514476615, -0.00309635303714114, 20, 14, 0.323934
0.249871833880037, 1.06993318485523, -0.00309625622580104, 20, 14, 0.323885
0.249871833880037, 1.07305122494432, -0.0030961594271249, 20, 14, 0.324368
0.249871833880037, 1.07616926503341, -0.0030960626500398, 20, 14, 0.327644
0.249871833880037, 1.07928730512249, -0.00309596590354085, 20, 14, 0.327811
0.249871833880037, 1.08240534521158, -0.00309586919669083, 20, 14, 0.324241
0.249871833880037, 1.08552338530067, -0.00309577253861986, 20, 14, 0.323908
0.249871833880037, 1.08864142538976, -0.00309567593852507, 20, 14, 0.323941
0.249871833880037, 1.09175946547884, -0.00309557940567017, 20, 14, 0.324356
0.249871833880037, 1.09487750556793, -0.00309548294938514, 20, 14, 0.323876
0.249871833880037, 1.09799554565702, -0.00309538657906584, 20, 14, 0.323891
0.249871833880037, 1.1011135857461, -0.00309529030417364, 20, 14, 0.324312
0.249871833880037, 1.10423162583519, -0.00309519413423504, 20, 14, 0.324344
0.249871833880037, 1.10734966592428, -0.00309509807884126, 20, 14, 0.324834
0.249871833880037, 1.11046770601336, -0.00309500214764787, 20, 14, 0.323981
0.249871833880037, 1.11358574610245, -0.00309490635037441, 20, 14, 0.323967
0.249871833880037, 1.11670378619154, -0.00309481069680396, 20, 14, 0.323955
0.249871833880037, 1.11982182628062, -0.00309471518833744, 20, 13, 0.298457
0.249871833880037, 1.12293986636971, -0.00309461985224744, 20, 13, 0.298948
0.249871833880037, 1.1260579064588, -0.0030945246895605, 20, 13, 0.298455
0.249871833880037, 1.12917594654788, -0.0030944297103113, 20, 13, 0.29845
0.249871833880037, 1.13229398663697, -0.0030943349245959, 20, 13, 0.298477
0.249871833880037, 1.13541202672606, -0.00309424034257134, 20, 13, 0.308576
0.249871833880037, 1.13853006681514, -0.00309414597445521, 20, 13, 0.352267
0.249871833880037, 1.14164810690423, -0.00309405183052523, 20, 13, 0.319681
0.249871833880037, 1.14476614699332, -0.00309395792111879, 20, 13, 0.330459
0.249871833880037, 1.14788418708241, -0.00309386425663253, 20, 13, 0.298441
0.249871833880037, 1.15100222717149, -0.00309377084752189, 20, 13, 0.298367
0.249871833880037, 1.15412026726058, -0.00309367770430067, 20, 13, 0.298356
0.249871833880037, 1.15723830734967, -0.00309358483754053, 20, 13, 0.298361
0.249871833880037, 1.16035634743875, -0.00309349225787063, 20, 13, 0.298494
0.249871833880037, 1.16347438752784, -0.00309339997597706, 20, 13, 0.298359
0.249871833880037, 1.16659242761693, -0.00309330800260246, 20, 13, 0.298357
0.249871833880037, 1.16971046770601, -0.00309321634854551, 20, 13, 0.298338
0.249871833880037, 1.1728285077951, -0.00309312502466046, 20, 13, 0.298353
0.249871833880037, 1.17594654788419, -0.00309303404185666, 20, 13, 0.298323
0.249871833880037, 1.17906458797327, -0.00309294341109811, 20, 13, 0.299037
0.249871833880037, 1.18218262806236, -0.00309285314340292, 20, 13, 0.298712
0.249871833880037, 1.18530066815145, -0.00309276324984286, 20, 13, 0.298648
0.249871833880037, 1.18841870824053, -0.0030926737415429, 20, 13, 0.298359
0.249871833880037, 1.19153674832962, -0.00309258462968063, 20, 13, 0.298362
0.249871833880037, 1.19465478841871, -0.00309249592548586, 20, 13, 0.298727
0.249871833880037, 1.1977728285078, -0.00309240764024006, 20, 13, 0.298424
0.249871833880037, 1.20089086859688, -0.00309231978527588, 20, 13, 0.298476
0.249871833880037, 1.20400890868597, -0.00309223237197665, 20, 13, 0.298511
0.249871833880037, 1.20712694877506, -0.00309214541177585, 20, 13, 0.298381
0.249871833880037, 1.21024498886414, -0.00309205891615662, 20, 13, 0.298415
0.249871833880037, 1.21336302895323, -0.00309197289665123, 20, 13, 0.29834
0.249871833880037, 1.21648106904232, -0.0030918873648406, 20, 13, 0.29834
0.249871833880037, 1.2195991091314, -0.0030918023323566, 20, 13, 0.30069
0.249871833880037, 1.22271714922049, -0.00309171780310046, 20, 12, 0.275363
0.249871833880037, 1.22583518930958, -0.00309163380474064, 20, 12, 0.275204
0.249871833880037, 1.22895322939866, -0.00309155034085413, 20, 12, 0.275177
0.249871833880037, 1.23207126948775, -0.00309146742325821, 20, 12, 0.275209
0.249871833880037, 1.23518930957684, -0.00309138506381551, 20, 12, 0.27519
0.249871833880037, 1.23830734966592, -0.00309130327443357, 20, 12, 0.275254
0.249871833880037, 1.24142538975501, -0.00309122206706428, 20, 12, 0.275323
0.249871833880037, 1.2445434298441, -0.00309114145370333, 20, 12, 0.275238
0.249871833880037, 1.24766146993318, -0.00309106144638969, 20, 12, 0.275382
0.249871833880037, 1.25077951002227, -0.00309098205720505, 20, 12, 0.275252
0.249871833880037, 1.25389755011136, -0.00309090329827329, 20, 12, 0.275209
0.249871833880037, 1.25701559020045, -0.00309082518175994, 20, 12, 0.275537
0.249871833880037, 1.26013363028953, -0.00309074771987163, 20, 12, 0.275774
0.249871833880037, 1.26325167037862, -0.00309067092485551, 20, 12, 0.275226
0.249871833880037, 1.26636971046771, -0.00309059480899875, 20, 12, 0.275215
0.249871833880037, 1.26948775055679, -0.00309051938462795, 20, 12, 0.275379
0.249871833880037, 1.27260579064588, -0.00309044466410861, 20, 12, 0.275195
0.249871833880037, 1.27572383073497, -0.00309037065984454, 20, 12, 0.275222
0.249871833880037, 1.27884187082405, -0.00309029738427734, 20, 12, 0.275227
0.249871833880037, 1.28195991091314, -0.00309022484988581, 20, 12, 0.275188
0.249871833880037, 1.28507795100223, -0.00309015306918541, 20, 12, 0.275184
0.249871833880037, 1.28819599109131, -0.00309008205472768, 20, 12, 0.275228
0.249871833880037, 1.2913140311804, -0.0030900118190997, 20, 12, 0.275374
0.249871833880037, 1.29443207126949, -0.00308994237492348, 20, 12, 0.275178
0.249871833880037, 1.29755011135857, -0.00308987373485545, 20, 12, 0.275171
0.249871833880037, 1.30066815144766, -0.00308980591158584, 20, 12, 0.275257
0.249871833880037, 1.30378619153675, -0.00308973891783817, 20, 12, 0.275187
0.249871833880037, 1.30690423162584, -0.0030896727663686, 20, 12, 0.275436
0.249871833880037, 1.31002227171492, -0.00308960746996542, 20, 12, 0.275194
0.249871833880037, 1.31314031180401, -0.00308954304144847, 20, 12, 0.275335
0.249871833880037, 1.3162583518931, -0.00308947949366855, 20, 12, 0.275504
0.249871833880037, 1.31937639198218, -0.00308941683950685, 20, 12, 0.275237
0.249871833880037, 1.32249443207127, -0.00308935509187438, 20, 12, 0.275193
0.249871833880037, 1.32561247216036, -0.00308929426371137, 20, 12, 0.275371
0.249871833880037, 1.32873051224944, -0.00308923436798675, 20, 12, 0.287094
0.249871833880037, 1.33184855233853, -0.00308917541769752, 20, 12, 0.275259
0.249871833880037, 1.33496659242762, -0.00308911742586817, 20, 12, 0.275331
0.249871833880037, 1.3380846325167, -0.00308906040555015, 20, 12, 0.27508
0.249871833880037, 1.34120267260579, -0.00308900436982125, 20, 12, 0.275129
0.249871833880037, 1.34432071269488, -0.0030889493245877, 20, 11, 0.249657
0.249871833880037, 1.34743875278396, -0.00308889529771582, 20, 11, 0.249672
0.249871833880037, 1.35055679287305, -0.00308884229480243, 20, 11, 0.249673
0.249871833880037, 1.35367483296214, -0.00308879032902571, 20, 11, 0.249637
0.249871833880037, 1.35679287305122, -0.00308873941358724, 20, 11, 0.249665
0.249871833880037, 1.35991091314031, -0.00308868956171143, 20, 11, 0.251351
0.249871833880037, 1.3630289532294, -0.00308864078664495, 20, 11, 0.249884
0.249871833880037, 1.36614699331849, -0.00308859310165614, 20, 11, 0.251046
0.249871833880037, 1.36926503340757, -0.00308854652003445, 20, 11, 0.251398
0.249871833880037, 1.37238307349666, -0.00308850105508983, 20, 11, 0.249667
0.249871833880037, 1.37550111358575, -0.00308845672015217, 20, 11, 0.249647
0.249871833880037, 1.37861915367483, -0.00308841352857073, 20, 11, 0.255407
0.249871833880037, 1.38173719376392, -0.00308837149371351, 20, 11, 0.249676
0.249871833880037, 1.38485523385301, -0.00308833062896676, 20, 11, 0.249831
0.249871833880037, 1.38797327394209, -0.00308829094773429, 20, 11, 0.249634
0.249871833880037, 1.39109131403118, -0.00308825246343699, 20, 11, 0.249608
0.249871833880037, 1.39420935412027, -0.0030882151895122, 20, 11, 0.249614
0.249871833880037, 1.39732739420935, -0.00308817913941314, 20, 11, 0.250177
0.249871833880037, 1.40044543429844, -0.00308814432660831, 20, 11, 0.249756
0.249871833880037, 1.40356347438753, -0.00308811076458097, 20, 11, 0.250306
0.249871833880037, 1.40668151447661, -0.00308807846682851, 20, 11, 0.249688
0.249871833880037, 1.4097995545657, -0.0030880474468619, 20, 11, 0.249839
0.249871833880037, 1.41291759465479, -0.00308801771820509, 20, 11, 0.249637
0.249871833880037, 1.41603563474388, -0.00308798929439448, 20, 11, 0.249933
0.249871833880037, 1.41915367483296, -0.00308796218897828, 20, 11, 0.249677
0.249871833880037, 1.42227171492205, -0.00308793641551599, 20, 11, 0.249667
0.249871833880037, 1.42538975501114, -0.00308791198757782, 20, 11, 0.2497
0.249871833880037, 1.42850779510022, -0.00308788891874408, 20, 11, 0.249949
0.249871833880037, 1.43162583518931, -0.00308786722260466, 20, 11, 0.251346
0.249871833880037, 1.4347438752784, -0.00308784691275842, 20, 11, 0.251574
0.249871833880037, 1.43786191536748, -0.00308782800281263, 20, 11, 0.249721
0.249871833880037, 1.44097995545657, -0.00308781050638242, 20, 11, 0.250333
0.249871833880037, 1.44409799554566, -0.0030877944370902, 20, 11, 0.249695
0.249871833880037, 1.44721603563474, -0.00308777980856508, 20, 11, 0.249719
0.249871833880037, 1.45033407572383, -0.00308776663444232, 20, 11, 0.249723
0.249871833880037, 1.45345211581292, -0.00308775492836275, 20, 11, 0.249984
0.249871833880037, 1.456570155902, -0.00308774470397225, 20, 11, 0.249714
0.249871833880037, 1.45968819599109, -0.00308773597492114, 20, 11, 0.249864
0.249871833880037, 1.46280623608018, -0.00308772875486363, 20, 11, 0.249728
0.249871833880037, 1.46592427616927, -0.00308772305745728, 20, 11, 0.250014
0.249871833880037, 1.46904231625835, -0.00308771889636241, 20, 11, 0.249722
0.249871833880037, 1.47216035634744, -0.0030877162852416, 20, 11, 0.249828
0.249871833880037, 1.47527839643653, -0.00308771523775907, 20, 11, 0.250061
0.249871833880037, 1.47839643652561, -0.00308771576758015, 20, 11, 0.250027
0.249871833880037, 1.4815144766147, -0.00308771788837076, 20, 11, 0.249712
0.249871833880037, 1.48463251670379, -0.00308772161379681, 20, 11, 0.249855
0.249871833880037, 1.48775055679287, -0.00308772695752367, 20, 11, 0.249692
0.249871833880037, 1.49086859688196, -0.00308773393321565, 20, 11, 0.249953
0.249871833880037, 1.49398663697105, -0.00308774254816195, 20, 10, 0.224205
0.249871833880037, 1.49710467706013, -0.00308775282904682, 20, 10, 0.224209
0.249871833880037, 1.50022271714922, -0.00308776478286575, 20, 10, 0.224227
0.249871833880037, 1.50334075723831, -0.00308777842327379, 20, 10, 0.225436
0.249871833880037, 1.50645879732739, -0.00308779376392216, 20, 10, 0.226651
0.249871833880037, 1.50957683741648, -0.00308781081845771, 20, 10, 0.224945
0.249871833880037, 1.51269487750557, -0.00308782960052244, 20, 10, 0.225613
0.249871833880037, 1.51581291759465, -0.00308785012375292, 20, 10, 0.224227
0.249871833880037, 1.51893095768374, -0.00308787240177974, 20, 10, 0.224531
0.249871833880037, 1.52204899777283, -0.00308789644822704, 20, 10, 0.224193
0.249871833880037, 1.52516703786192, -0.00308792227671196, 20, 10, 0.22421
0.249871833880037, 1.528285077951, -0.00308794990084409, 20, 10, 0.224238
0.249871833880037, 1.53140311804009, -0.00308797933422497, 20, 10, 0.224529
0.249871833880037, 1.53452115812918, -0.00308801059044759, 20, 10, 0.224207
0.249871833880037, 1.53763919821826, -0.00308804368309583, 20, 10, 0.224202
0.249871833880037, 1.54075723830735, -0.00308807862574396, 20, 10, 0.224336
0.249871833880037, 1.54387527839644, -0.00308811543195613, 20, 10, 0.224471
0.249871833880037, 1.54699331848552, -0.00308815411528588, 20, 10, 0.224133
0.249871833880037, 1.55011135857461, -0.00308819468927556, 20, 10, 0.224161
0.249871833880037, 1.5532293986637, -0.00308823716745592, 20, 10, 0.224346
0.249871833880037, 1.55634743875278, -0.00308828156334552, 20, 10, 0.224411
0.249871833880037, 1.55946547884187, -0.00308832789045026, 20, 10, 0.224124
0.249871833880037, 1.56258351893096, -0.00308837616226289, 20, 10, 0.224068
0.249871833880037, 1.56570155902004, -0.00308842639226252, 20, 10, 0.224053
0.249871833880037, 1.56881959910913, -0.00308847859391405, 20, 10, 0.224171
0.249871833880037, 1.57193763919822, -0.00308853278066779, 20, 10, 0.224012
0.249871833880037, 1.57505567928731, -0.00308858896595887, 20, 10, 0.224013
0.249871833880037, 1.57817371937639, -0.00308864716320681, 20, 10, 0.224057
0.249871833880037, 1.58129175946548, -0.003088707385815, 20, 10, 0.225393
0.249871833880037, 1.58440979955457, -0.00308876964717024, 20, 10, 0.224758
0.249871833880037, 1.58752783964365, -0.00308883396064225, 20, 10, 0.224943
0.249871833880037, 1.59064587973274, -0.00308890033958317, 20, 10, 0.224202
0.249871833880037, 1.59376391982183, -0.00308896879732713, 20, 10, 0.224224
0.249871833880037, 1.59688195991091, -0.00308903934718972, 20, 10, 0.224064
0.249871833880037, 1.6, -0.00308911200246757, 20, 10, 0.224006
# finished at Wed Apr 30 00:38:28 CEST 2014
