# starting on alcc94 at Wed Apr 30 04:41:18 CEST 2014
# casimir, -T, 0.200000,1.600000,450, -Q, 0.600888051398731, -p, 1e-08, -L, 20
# Compiler icc, using long double and plain matrix elements and plain integration
# precision=1e-08
# lfac=5
# cores=1
# L=0.600888
# T=0.2...1.6 (450)
#
# R/(L+R), T, F, lmax, nmax, time
0.600888051398731, 0.2, -0.0895448122112388, 20, 119, 3.6696
0.600888051398731, 0.203118040089087, -0.0895447856507297, 20, 117, 3.60853
0.600888051398731, 0.206236080178174, -0.0895447578657303, 20, 115, 3.54903
0.600888051398731, 0.209354120267261, -0.0895447288188315, 20, 113, 3.48878
0.600888051398731, 0.212472160356347, -0.0895446986380043, 20, 112, 3.45123
0.600888051398731, 0.215590200445434, -0.0895446669722333, 20, 110, 3.38291
0.600888051398731, 0.218708240534521, -0.0895446340986847, 20, 109, 3.34381
0.600888051398731, 0.221826280623608, -0.0895445996679487, 20, 107, 3.28175
0.600888051398731, 0.224944320712695, -0.0895445639603216, 20, 106, 3.25072
0.600888051398731, 0.228062360801782, -0.0895445266165814, 20, 104, 3.19011
0.600888051398731, 0.231180400890869, -0.0895444879274277, 20, 103, 3.15766
0.600888051398731, 0.234298440979955, -0.0895444476875705, 20, 102, 3.12621
0.600888051398731, 0.237416481069042, -0.0895444056991946, 20, 100, 3.06778
0.600888051398731, 0.240534521158129, -0.0895443622537957, 20, 99, 3.03391
0.600888051398731, 0.243652561247216, -0.0895443171446811, 20, 98, 3.01176
0.600888051398731, 0.246770601336303, -0.0895442701585179, 20, 96, 2.95329
0.600888051398731, 0.24988864142539, -0.0895442216126374, 20, 95, 2.92249
0.600888051398731, 0.253006681514477, -0.0895441712856511, 20, 94, 2.89277
0.600888051398731, 0.256124721603563, -0.0895441191391569, 20, 93, 2.86049
0.600888051398731, 0.25924276169265, -0.0895440651335499, 20, 92, 2.83022
0.600888051398731, 0.262360801781737, -0.0895440092288762, 20, 91, 2.80011
0.600888051398731, 0.265478841870824, -0.0895439513857525, 20, 90, 2.76941
0.600888051398731, 0.268596881959911, -0.0895438915617999, 20, 89, 2.73704
0.600888051398731, 0.271714922048998, -0.0895438297170279, 20, 88, 2.71421
0.600888051398731, 0.274832962138085, -0.0895437658102521, 20, 87, 2.67326
0.600888051398731, 0.277951002227172, -0.0895436998000148, 20, 86, 2.63524
0.600888051398731, 0.281069042316258, -0.0895436316455234, 20, 85, 2.60243
0.600888051398731, 0.284187082405345, -0.0895435613028782, 20, 84, 2.57784
0.600888051398731, 0.287305122494432, -0.0895434887307598, 20, 83, 2.55007
0.600888051398731, 0.290423162583519, -0.0895434138866436, 20, 82, 2.52261
0.600888051398731, 0.293541202672606, -0.0895433367277357, 20, 81, 2.49021
0.600888051398731, 0.296659242761693, -0.0895432574145484, 20, 81, 2.49127
0.600888051398731, 0.29977728285078, -0.0895431755082071, 20, 80, 2.45862
0.600888051398731, 0.302895322939866, -0.0895430911577455, 20, 79, 2.43262
0.600888051398731, 0.306013363028953, -0.0895430043205164, 20, 78, 2.39638
0.600888051398731, 0.30913140311804, -0.0895429149526058, 20, 77, 2.36826
0.600888051398731, 0.312249443207127, -0.0895428232243913, 20, 77, 2.3645
0.600888051398731, 0.315367483296214, -0.0895427286783826, 20, 76, 2.33524
0.600888051398731, 0.318485523385301, -0.0895426314706721, 20, 75, 2.30465
0.600888051398731, 0.321603563474388, -0.0895425315575974, 20, 74, 2.27134
0.600888051398731, 0.324721603563474, -0.0895424291198048, 20, 74, 2.27438
0.600888051398731, 0.327839643652561, -0.0895423236786108, 20, 73, 2.24762
0.600888051398731, 0.330957683741648, -0.0895422153981227, 20, 72, 2.21049
0.600888051398731, 0.334075723830735, -0.089542104464426, 20, 72, 2.21012
0.600888051398731, 0.337193763919822, -0.0895419903929289, 20, 71, 2.17793
0.600888051398731, 0.340311804008909, -0.089541873348152, 20, 70, 2.14768
0.600888051398731, 0.343429844097996, -0.0895417535264247, 20, 70, 2.14721
0.600888051398731, 0.346547884187082, -0.08954163042642, 20, 69, 2.11646
0.600888051398731, 0.349665924276169, -0.0895415044484803, 20, 69, 2.11677
0.600888051398731, 0.352783964365256, -0.0895413751135712, 20, 68, 2.08751
0.600888051398731, 0.355902004454343, -0.0895412425812932, 20, 67, 2.05694
0.600888051398731, 0.35902004454343, -0.0895411070583674, 20, 67, 2.05492
0.600888051398731, 0.362138084632517, -0.0895409680256561, 20, 66, 2.02286
0.600888051398731, 0.365256124721604, -0.0895408259079701, 20, 66, 2.02221
0.600888051398731, 0.36837416481069, -0.089540680197187, 20, 65, 1.98955
0.600888051398731, 0.371492204899777, -0.0895405313094763, 20, 65, 1.99273
0.600888051398731, 0.374610244988864, -0.0895403787443933, 20, 64, 1.9601
0.600888051398731, 0.377728285077951, -0.0895402229115219, 20, 64, 1.96046
0.600888051398731, 0.380846325167038, -0.0895400633123943, 20, 63, 1.93035
0.600888051398731, 0.383964365256125, -0.0895399003595449, 20, 63, 1.92623
0.600888051398731, 0.387082405345212, -0.0895397335508353, 20, 62, 1.89889
0.600888051398731, 0.390200445434298, -0.0895395633037012, 20, 62, 1.90085
0.600888051398731, 0.393318485523385, -0.0895393891091284, 20, 61, 1.86999
0.600888051398731, 0.396436525612472, -0.0895392113940804, 20, 61, 1.8668
0.600888051398731, 0.399554565701559, -0.0895390296380037, 20, 60, 1.8394
0.600888051398731, 0.402672605790646, -0.0895388442822949, 20, 60, 1.83727
0.600888051398731, 0.405790645879733, -0.0895386547898189, 20, 59, 1.80382
0.600888051398731, 0.40890868596882, -0.0895384616231205, 20, 59, 1.80283
0.600888051398731, 0.412026726057906, -0.0895382642201858, 20, 58, 1.76843
0.600888051398731, 0.415144766146993, -0.0895380630692768, 20, 58, 1.77445
0.600888051398731, 0.41826280623608, -0.0895378578460414, 20, 58, 1.77523
0.600888051398731, 0.421380846325167, -0.0895376482799688, 20, 57, 1.75282
0.600888051398731, 0.424498886414254, -0.0895374348200424, 20, 57, 1.74371
0.600888051398731, 0.427616926503341, -0.0895372169156224, 20, 56, 1.71105
0.600888051398731, 0.430734966592428, -0.0895369950522203, 20, 56, 1.71049
0.600888051398731, 0.433853006681514, -0.0895367689080609, 20, 56, 1.7085
0.600888051398731, 0.436971046770601, -0.089536538207691, 20, 55, 1.67325
0.600888051398731, 0.440089086859688, -0.0895363034122037, 20, 55, 1.6733
0.600888051398731, 0.443207126948775, -0.0895360639548289, 20, 54, 1.64401
0.600888051398731, 0.446325167037862, -0.0895358203460098, 20, 54, 1.6426
0.600888051398731, 0.449443207126949, -0.0895355722545174, 20, 54, 1.64335
0.600888051398731, 0.452561247216036, -0.0895353193851281, 20, 53, 1.6135
0.600888051398731, 0.455679287305123, -0.0895350622385506, 20, 53, 1.61239
0.600888051398731, 0.458797327394209, -0.0895348004895201, 20, 53, 1.61174
0.600888051398731, 0.461915367483296, -0.0895345338482515, 20, 52, 1.58157
0.600888051398731, 0.465033407572383, -0.0895342628107093, 20, 52, 1.58898
0.600888051398731, 0.46815144766147, -0.0895339870549886, 20, 52, 1.58066
0.600888051398731, 0.471269487750557, -0.0895337062901488, 20, 51, 1.54925
0.600888051398731, 0.474387527839644, -0.0895334210168212, 20, 51, 1.5493
0.600888051398731, 0.477505567928731, -0.0895331309124296, 20, 51, 1.54998
0.600888051398731, 0.480623608017817, -0.0895328356812271, 20, 50, 1.51895
0.600888051398731, 0.483741648106904, -0.0895325358365508, 20, 50, 1.51942
0.600888051398731, 0.486859688195991, -0.089532231051043, 20, 50, 1.52037
0.600888051398731, 0.489977728285078, -0.0895319210202523, 20, 49, 1.48834
0.600888051398731, 0.493095768374165, -0.0895316062787813, 20, 49, 1.48768
0.600888051398731, 0.496213808463252, -0.089531286490124, 20, 49, 1.49129
0.600888051398731, 0.499331848552339, -0.0895309613384311, 20, 48, 1.45755
0.600888051398731, 0.502449888641425, -0.0895306313856863, 20, 48, 1.45757
0.600888051398731, 0.505567928730512, -0.089530296283072, 20, 48, 1.45782
0.600888051398731, 0.508685968819599, -0.0895299559984448, 20, 48, 1.45961
0.600888051398731, 0.511804008908686, -0.0895296102282951, 20, 47, 1.42643
0.600888051398731, 0.514922048997773, -0.0895292595130355, 20, 47, 1.4268
0.600888051398731, 0.51804008908686, -0.0895289035184458, 20, 47, 1.42805
0.600888051398731, 0.521158129175947, -0.0895285419189224, 20, 46, 1.39528
0.600888051398731, 0.524276169265034, -0.0895281753052647, 20, 46, 1.39522
0.600888051398731, 0.52739420935412, -0.0895278033192612, 20, 46, 1.39477
0.600888051398731, 0.530512249443207, -0.0895274259320948, 20, 46, 1.39721
0.600888051398731, 0.533630289532294, -0.089527042822576, 20, 45, 1.36314
0.600888051398731, 0.536748329621381, -0.0895266545777742, 20, 45, 1.36394
0.600888051398731, 0.539866369710468, -0.0895262608450103, 20, 45, 1.36542
0.600888051398731, 0.542984409799555, -0.0895258615975563, 20, 45, 1.36515
0.600888051398731, 0.546102449888642, -0.0895254565131263, 20, 44, 1.33361
0.600888051398731, 0.549220489977728, -0.0895250461871838, 20, 44, 1.33268
0.600888051398731, 0.552338530066815, -0.0895246302664322, 20, 44, 1.33423
0.600888051398731, 0.555456570155902, -0.0895242087264265, 20, 44, 1.33718
0.600888051398731, 0.558574610244989, -0.089523781238063, 20, 43, 1.3009
0.600888051398731, 0.561692650334076, -0.0895233484195866, 20, 43, 1.30342
0.600888051398731, 0.564810690423163, -0.0895229099069734, 20, 43, 1.31121
0.600888051398731, 0.567928730512249, -0.0895224656801147, 20, 43, 1.31262
0.600888051398731, 0.571046770601336, -0.0895220157175745, 20, 43, 1.31078
0.600888051398731, 0.574164810690423, -0.0895215597079503, 20, 42, 1.2766
0.600888051398731, 0.57728285077951, -0.0895210982394245, 20, 42, 1.27906
0.600888051398731, 0.580400890868597, -0.0895206309718577, 20, 42, 1.27497
0.600888051398731, 0.583518930957684, -0.0895201578864587, 20, 42, 1.27394
0.600888051398731, 0.586636971046771, -0.089519678652968, 20, 41, 1.24084
0.600888051398731, 0.589755011135857, -0.0895191939067494, 20, 41, 1.24106
0.600888051398731, 0.592873051224944, -0.0895187032874629, 20, 41, 1.24196
0.600888051398731, 0.595991091314031, -0.0895182067791149, 20, 41, 1.24288
0.600888051398731, 0.599109131403118, -0.0895177043663791, 20, 41, 1.24248
0.600888051398731, 0.602227171492205, -0.0895171957235174, 20, 40, 1.20931
0.600888051398731, 0.605345211581292, -0.0895166814866864, 20, 40, 1.21007
0.600888051398731, 0.608463251670379, -0.0895161613010512, 20, 40, 1.21104
0.600888051398731, 0.611581291759466, -0.0895156351542728, 20, 40, 1.20932
0.600888051398731, 0.614699331848552, -0.0895151030347175, 20, 40, 1.20968
0.600888051398731, 0.617817371937639, -0.0895145646138079, 20, 39, 1.17849
0.600888051398731, 0.620935412026726, -0.0895140205445758, 20, 39, 1.17994
0.600888051398731, 0.624053452115813, -0.0895134704695877, 20, 39, 1.18042
0.600888051398731, 0.6271714922049, -0.0895129143803812, 20, 39, 1.18171
0.600888051398731, 0.630289532293987, -0.0895123522692402, 20, 39, 1.17855
0.600888051398731, 0.633407572383074, -0.0895117841292113, 20, 39, 1.18083
0.600888051398731, 0.63652561247216, -0.0895112096502365, 20, 38, 1.14746
0.600888051398731, 0.639643652561247, -0.0895106294607121, 20, 38, 1.14683
0.600888051398731, 0.642761692650334, -0.0895100432260817, 20, 38, 1.14926
0.600888051398731, 0.645879732739421, -0.0895094509384177, 20, 38, 1.14751
0.600888051398731, 0.648997772828508, -0.0895088525971007, 20, 38, 1.14939
0.600888051398731, 0.652115812917595, -0.0895082478736709, 20, 37, 1.11741
0.600888051398731, 0.655233853006682, -0.0895076374472021, 20, 37, 1.11841
0.600888051398731, 0.658351893095768, -0.0895070209613746, 20, 37, 1.11796
0.600888051398731, 0.661469933184855, -0.0895063984169093, 20, 37, 1.12043
0.600888051398731, 0.664587973273942, -0.0895057698153673, 20, 37, 1.11861
0.600888051398731, 0.667706013363029, -0.0895051351591598, 20, 37, 1.11786
0.600888051398731, 0.670824053452116, -0.089504494121377, 20, 36, 1.08542
0.600888051398731, 0.673942093541203, -0.0895038473933735, 20, 36, 1.08631
0.600888051398731, 0.67706013363029, -0.0895031946209611, 20, 36, 1.08681
0.600888051398731, 0.680178173719376, -0.0895025358102241, 20, 36, 1.09098
0.600888051398731, 0.683296213808463, -0.0895018709681285, 20, 36, 1.08569
0.600888051398731, 0.68641425389755, -0.0895012001025307, 20, 36, 1.08599
0.600888051398731, 0.689532293986637, -0.089500522878438, 20, 35, 1.05532
0.600888051398731, 0.692650334075724, -0.0894998400202221, 20, 35, 1.05665
0.600888051398731, 0.695768374164811, -0.0894991511653599, 20, 35, 1.0596
0.600888051398731, 0.698886414253898, -0.0894984563255244, 20, 35, 1.05964
0.600888051398731, 0.702004454342984, -0.0894977555133069, 20, 35, 1.05947
0.600888051398731, 0.705122494432071, -0.0894970487422247, 20, 35, 1.05928
0.600888051398731, 0.708240534521158, -0.0894963360267278, 20, 35, 1.06059
0.600888051398731, 0.711358574610245, -0.089495617042119, 20, 34, 1.02493
0.600888051398731, 0.714476614699332, -0.0894948925110951, 20, 34, 1.0298
0.600888051398731, 0.717594654788419, -0.0894941620826688, 20, 34, 1.02622
0.600888051398731, 0.720712694877506, -0.0894934257752466, 20, 34, 1.02826
0.600888051398731, 0.723830734966592, -0.0894926836081896, 20, 34, 1.02778
0.600888051398731, 0.726948775055679, -0.0894919356018197, 20, 34, 1.02856
0.600888051398731, 0.730066815144766, -0.0894911817774319, 20, 34, 1.02875
0.600888051398731, 0.733184855233853, -0.0894904218092344, 20, 33, 0.998797
0.600888051398731, 0.73630289532294, -0.0894896564425975, 20, 33, 0.994098
0.600888051398731, 0.739420935412027, -0.0894888853257244, 20, 33, 0.997422
0.600888051398731, 0.742538975501114, -0.0894881084839731, 20, 33, 0.99719
0.600888051398731, 0.7456570155902, -0.0894873259436856, 20, 33, 0.997273
0.600888051398731, 0.748775055679287, -0.0894865377347179, 20, 33, 0.998411
0.600888051398731, 0.751893095768374, -0.089485743880333, 20, 33, 0.996497
0.600888051398731, 0.755011135857461, -0.089484944412384, 20, 33, 0.994287
0.600888051398731, 0.758129175946548, -0.0894841390194842, 20, 32, 0.962012
0.600888051398731, 0.761247216035635, -0.0894833284411995, 20, 32, 0.96277
0.600888051398731, 0.764365256124722, -0.0894825123415408, 20, 32, 0.961528
0.600888051398731, 0.767483296213809, -0.0894816907539884, 20, 32, 0.962586
0.600888051398731, 0.770601336302895, -0.0894808637130303, 20, 32, 0.965918
0.600888051398731, 0.773719376391982, -0.0894800312541647, 20, 32, 0.969262
0.600888051398731, 0.776837416481069, -0.0894791934139102, 20, 32, 0.966796
0.600888051398731, 0.779955456570156, -0.0894783502297846, 20, 32, 0.966318
0.600888051398731, 0.783073496659243, -0.0894775013916271, 20, 31, 0.934981
0.600888051398731, 0.78619153674833, -0.0894766476610119, 20, 31, 0.935072
0.600888051398731, 0.789309576837417, -0.0894757887035261, 20, 31, 0.935364
0.600888051398731, 0.792427616926503, -0.0894749245609154, 20, 31, 0.933701
0.600888051398731, 0.79554565701559, -0.0894740552759463, 20, 31, 0.933991
0.600888051398731, 0.798663697104677, -0.0894731808924079, 20, 31, 0.935403
0.600888051398731, 0.801781737193764, -0.0894723014551141, 20, 31, 0.936626
0.600888051398731, 0.804899777282851, -0.089471417009906, 20, 31, 0.933831
0.600888051398731, 0.808017817371938, -0.0894705276036523, 20, 31, 0.935483
0.600888051398731, 0.811135857461025, -0.0894696329395726, 20, 30, 0.902902
0.600888051398731, 0.814253897550111, -0.0894687337794834, 20, 30, 0.903871
0.600888051398731, 0.817371937639198, -0.0894678298035341, 20, 30, 0.903372
0.600888051398731, 0.820489977728285, -0.0894669210628255, 20, 30, 0.904003
0.600888051398731, 0.823608017817372, -0.0894660076094833, 20, 30, 0.902916
0.600888051398731, 0.826726057906459, -0.0894650894966653, 20, 30, 0.905238
0.600888051398731, 0.829844097995546, -0.0894641667785367, 20, 30, 0.904935
0.600888051398731, 0.832962138084633, -0.0894632395103084, 20, 30, 0.905273
0.600888051398731, 0.836080178173719, -0.0894623077482106, 20, 30, 0.905053
0.600888051398731, 0.839198218262806, -0.0894613711936562, 20, 29, 0.875712
0.600888051398731, 0.842316258351893, -0.0894604306401279, 20, 29, 0.873541
0.600888051398731, 0.84543429844098, -0.0894594857660314, 20, 29, 0.87482
0.600888051398731, 0.848552338530067, -0.0894585366318016, 20, 29, 0.871954
0.600888051398731, 0.851670378619154, -0.0894575832988912, 20, 29, 0.873249
0.600888051398731, 0.854788418708241, -0.0894566258297694, 20, 29, 0.87342
0.600888051398731, 0.857906458797328, -0.0894556642879209, 20, 29, 0.873395
0.600888051398731, 0.861024498886414, -0.0894546987378455, 20, 29, 0.872306
0.600888051398731, 0.864142538975501, -0.0894537292450561, 20, 29, 0.873298
0.600888051398731, 0.867260579064588, -0.0894527558760773, 20, 29, 0.872817
0.600888051398731, 0.870378619153675, -0.0894517783392019, 20, 28, 0.841901
0.600888051398731, 0.873496659242762, -0.0894507974444034, 20, 28, 0.844686
0.600888051398731, 0.876614699331849, -0.0894498128775837, 20, 28, 0.845179
0.600888051398731, 0.879732739420936, -0.0894488247093905, 20, 28, 0.843097
0.600888051398731, 0.882850779510022, -0.0894478330114677, 20, 28, 0.844536
0.600888051398731, 0.885968819599109, -0.0894468378564601, 20, 28, 0.846837
0.600888051398731, 0.889086859688196, -0.0894458393179846, 20, 28, 0.843595
0.600888051398731, 0.892204899777283, -0.0894448374706674, 20, 28, 0.842545
0.600888051398731, 0.89532293986637, -0.0894438323901158, 20, 28, 0.843598
0.600888051398731, 0.898440979955457, -0.0894428241559531, 20, 28, 0.841679
0.600888051398731, 0.901559020044544, -0.0894418124590183, 20, 27, 0.811559
0.600888051398731, 0.90467706013363, -0.089440798165696, 20, 27, 0.813753
0.600888051398731, 0.907795100222717, -0.089439780949936, 20, 27, 0.811649
0.600888051398731, 0.910913140311804, -0.0894387608923247, 20, 27, 0.811256
0.600888051398731, 0.914031180400891, -0.0894377380744111, 20, 27, 0.811627
0.600888051398731, 0.917149220489978, -0.0894367125787037, 20, 27, 0.811478
0.600888051398731, 0.920267260579065, -0.0894356844886674, 20, 27, 0.818859
0.600888051398731, 0.923385300668152, -0.0894346538887196, 20, 27, 0.811358
0.600888051398731, 0.926503340757238, -0.0894336208642266, 20, 27, 0.815251
0.600888051398731, 0.929621380846325, -0.0894325855014997, 20, 27, 0.811673
0.600888051398731, 0.932739420935412, -0.0894315478877912, 20, 27, 0.813947
0.600888051398731, 0.935857461024499, -0.0894305081112905, 20, 27, 0.813838
0.600888051398731, 0.938975501113586, -0.0894294658865486, 20, 26, 0.780734
0.600888051398731, 0.942093541202673, -0.089428422075026, 20, 26, 0.77884
0.600888051398731, 0.945211581291759, -0.0894273763695371, 20, 26, 0.781701
0.600888051398731, 0.948329621380847, -0.0894263288620531, 20, 26, 0.778956
0.600888051398731, 0.951447661469933, -0.0894252796454548, 20, 26, 0.778396
0.600888051398731, 0.95456570155902, -0.0894242288135357, 20, 26, 0.78058
0.600888051398731, 0.957683741648107, -0.0894231764609682, 20, 26, 0.779784
0.600888051398731, 0.960801781737194, -0.0894221226833422, 20, 26, 0.781807
0.600888051398731, 0.963919821826281, -0.0894210675771315, 20, 26, 0.780132
0.600888051398731, 0.967037861915368, -0.0894200112396954, 20, 26, 0.781169
0.600888051398731, 0.970155902004454, -0.0894189537692739, 20, 26, 0.781166
0.600888051398731, 0.973273942093541, -0.0894178952649831, 20, 26, 0.781582
0.600888051398731, 0.976391982182628, -0.0894168358268087, 20, 26, 0.779198
0.600888051398731, 0.979510022271715, -0.0894157751873517, 20, 25, 0.748575
0.600888051398731, 0.982628062360802, -0.0894147142059003, 20, 25, 0.748451
0.600888051398731, 0.985746102449889, -0.0894136525944861, 20, 25, 0.7498
0.600888051398731, 0.988864142538975, -0.0894125904565892, 20, 25, 0.750057
0.600888051398731, 0.991982182628063, -0.0894115278965274, 20, 25, 0.749983
0.600888051398731, 0.995100222717149, -0.0894104650194516, 20, 25, 0.747164
0.600888051398731, 0.998218262806236, -0.0894094019313392, 20, 25, 0.749784
0.600888051398731, 1.00133630289532, -0.0894083387389889, 20, 25, 0.748162
0.600888051398731, 1.00445434298441, -0.0894072755500142, 20, 25, 0.748227
0.600888051398731, 1.0075723830735, -0.0894062124728381, 20, 25, 0.748029
0.600888051398731, 1.01069042316258, -0.0894051496166856, 20, 25, 0.748206
0.600888051398731, 1.01380846325167, -0.0894040870915809, 20, 25, 0.749748
0.600888051398731, 1.01692650334076, -0.0894030250083366, 20, 25, 0.749583
0.600888051398731, 1.02004454342984, -0.0894019630930142, 20, 24, 0.716827
0.600888051398731, 1.02316258351893, -0.0894009022502719, 20, 24, 0.717112
0.600888051398731, 1.02628062360802, -0.089399842185348, 20, 24, 0.717249
0.600888051398731, 1.0293986636971, -0.0893987830122173, 20, 24, 0.716851
0.600888051398731, 1.03251670378619, -0.0893977248456189, 20, 24, 0.717134
0.600888051398731, 1.03563474387528, -0.0893966678010173, 20, 24, 0.717884
0.600888051398731, 1.03875278396437, -0.089395611994642, 20, 24, 0.71793
0.600888051398731, 1.04187082405345, -0.0893945575434506, 20, 24, 0.718946
0.600888051398731, 1.04498886414254, -0.0893935045651289, 20, 24, 0.717934
0.600888051398731, 1.04810690423163, -0.0893924531780859, 20, 24, 0.716838
0.600888051398731, 1.05122494432071, -0.0893914035014457, 20, 24, 0.718284
0.600888051398731, 1.0543429844098, -0.0893903556550415, 20, 24, 0.717394
0.600888051398731, 1.05746102449889, -0.0893893097594081, 20, 24, 0.719897
0.600888051398731, 1.06057906458797, -0.0893882659357755, 20, 24, 0.715946
0.600888051398731, 1.06369710467706, -0.089387224306062, 20, 24, 0.717518
0.600888051398731, 1.06681514476615, -0.0893861846071541, 20, 23, 0.686139
0.600888051398731, 1.06993318485523, -0.0893851477541126, 20, 23, 0.685415
0.600888051398731, 1.07305122494432, -0.0893841134637318, 20, 23, 0.68645
0.600888051398731, 1.07616926503341, -0.0893830818606683, 20, 23, 0.686614
0.600888051398731, 1.07928730512249, -0.0893820530702291, 20, 23, 0.68636
0.600888051398731, 1.08240534521158, -0.0893810272183637, 20, 23, 0.684951
0.600888051398731, 1.08552338530067, -0.0893800044316577, 20, 23, 0.688627
0.600888051398731, 1.08864142538976, -0.0893789848373254, 20, 23, 0.685747
0.600888051398731, 1.09175946547884, -0.0893779685632033, 20, 23, 0.68476
0.600888051398731, 1.09487750556793, -0.0893769557377419, 20, 23, 0.686124
0.600888051398731, 1.09799554565702, -0.0893759464899991, 20, 23, 0.685836
0.600888051398731, 1.1011135857461, -0.0893749409496329, 20, 23, 0.685902
0.600888051398731, 1.10423162583519, -0.0893739392468946, 20, 23, 0.685587
0.600888051398731, 1.10734966592428, -0.0893729415126207, 20, 23, 0.686037
0.600888051398731, 1.11046770601336, -0.0893719478782262, 20, 23, 0.686129
0.600888051398731, 1.11358574610245, -0.0893709584756971, 20, 23, 0.682393
0.600888051398731, 1.11670378619154, -0.0893699730436026, 20, 22, 0.651544
0.600888051398731, 1.11982182628062, -0.0893689925267256, 20, 22, 0.652947
0.600888051398731, 1.12293986636971, -0.0893680166362187, 20, 22, 0.65226
0.600888051398731, 1.1260579064588, -0.0893670455101315, 20, 22, 0.652991
0.600888051398731, 1.12917594654788, -0.0893660792832511, 20, 22, 0.653662
0.600888051398731, 1.13229398663697, -0.0893651180908639, 20, 22, 0.654
0.600888051398731, 1.13541202672606, -0.0893641620687992, 20, 22, 0.655249
0.600888051398731, 1.13853006681514, -0.089363211353387, 20, 22, 0.654509
0.600888051398731, 1.14164810690423, -0.0893622660814601, 20, 22, 0.652988
0.600888051398731, 1.14476614699332, -0.0893613263903465, 20, 22, 0.653715
0.600888051398731, 1.14788418708241, -0.089360392417862, 20, 22, 0.654387
0.600888051398731, 1.15100222717149, -0.0893594643023028, 20, 22, 0.657721
0.600888051398731, 1.15412026726058, -0.0893585421824383, 20, 22, 0.654982
0.600888051398731, 1.15723830734967, -0.0893576261975036, 20, 22, 0.656008
0.600888051398731, 1.16035634743875, -0.089356716487192, 20, 22, 0.656338
0.600888051398731, 1.16347438752784, -0.0893558131916484, 20, 22, 0.655417
0.600888051398731, 1.16659242761693, -0.0893549164514606, 20, 22, 0.656749
0.600888051398731, 1.16971046770601, -0.0893540264076532, 20, 22, 0.65657
0.600888051398731, 1.1728285077951, -0.0893531428078195, 20, 21, 0.6239
0.600888051398731, 1.17594654788419, -0.0893522666005867, 20, 21, 0.625817
0.600888051398731, 1.17906458797327, -0.0893513975144347, 20, 21, 0.623975
0.600888051398731, 1.18218262806236, -0.0893505356921032, 20, 21, 0.625382
0.600888051398731, 1.18530066815145, -0.0893496812767298, 20, 21, 0.624419
0.600888051398731, 1.18841870824053, -0.0893488344118418, 20, 21, 0.624071
0.600888051398731, 1.19153674832962, -0.0893479952413497, 20, 21, 0.623735
0.600888051398731, 1.19465478841871, -0.0893471639095395, 20, 21, 0.625662
0.600888051398731, 1.1977728285078, -0.0893463405610657, 20, 21, 0.626087
0.600888051398731, 1.20089086859688, -0.089345525340944, 20, 21, 0.629434
0.600888051398731, 1.20400890868597, -0.0893447183945444, 20, 21, 0.625967
0.600888051398731, 1.20712694877506, -0.0893439198675833, 20, 21, 0.625219
0.600888051398731, 1.21024498886414, -0.0893431299061171, 20, 21, 0.623788
0.600888051398731, 1.21336302895323, -0.0893423486565345, 20, 21, 0.625314
0.600888051398731, 1.21648106904232, -0.0893415762655496, 20, 21, 0.625667
0.600888051398731, 1.2195991091314, -0.0893408128801946, 20, 21, 0.622705
0.600888051398731, 1.22271714922049, -0.089340058647813, 20, 21, 0.624891
0.600888051398731, 1.22583518930958, -0.0893393137160518, 20, 21, 0.624911
0.600888051398731, 1.22895322939866, -0.0893385782328554, 20, 21, 0.624522
0.600888051398731, 1.23207126948775, -0.0893378523464573, 20, 21, 0.628326
0.600888051398731, 1.23518930957684, -0.0893371358144487, 20, 20, 0.592515
0.600888051398731, 1.23830734966592, -0.0893364295854877, 20, 20, 0.59209
0.600888051398731, 1.24142538975501, -0.0893357333988767, 20, 20, 0.594745
0.600888051398731, 1.2445434298441, -0.0893350474039575, 20, 20, 0.593425
0.600888051398731, 1.24766146993318, -0.0893343717503528, 20, 20, 0.594676
0.600888051398731, 1.25077951002227, -0.0893337065879218, 20, 20, 0.593318
0.600888051398731, 1.25389755011136, -0.0893330520667641, 20, 20, 0.595691
0.600888051398731, 1.25701559020045, -0.0893324083372106, 20, 20, 0.592168
0.600888051398731, 1.26013363028953, -0.0893317755498181, 20, 20, 0.593453
0.600888051398731, 1.26325167037862, -0.0893311538553626, 20, 20, 0.594029
0.600888051398731, 1.26636971046771, -0.0893305434048319, 20, 20, 0.593785
0.600888051398731, 1.26948775055679, -0.0893299443494187, 20, 20, 0.59321
0.600888051398731, 1.27260579064588, -0.089329356840515, 20, 20, 0.596234
0.600888051398731, 1.27572383073497, -0.0893287810297047, 20, 20, 0.592789
0.600888051398731, 1.27884187082405, -0.0893282170687566, 20, 20, 0.594164
0.600888051398731, 1.28195991091314, -0.0893276651096186, 20, 20, 0.593244
0.600888051398731, 1.28507795100223, -0.0893271253044104, 20, 20, 0.594445
0.600888051398731, 1.28819599109131, -0.0893265978054173, 20, 20, 0.594086
0.600888051398731, 1.2913140311804, -0.0893260827650836, 20, 20, 0.591793
0.600888051398731, 1.29443207126949, -0.0893255803360063, 20, 20, 0.594092
0.600888051398731, 1.29755011135857, -0.0893250906709274, 20, 20, 0.592761
0.600888051398731, 1.30066815144766, -0.0893246139227293, 20, 20, 0.594295
0.600888051398731, 1.30378619153675, -0.0893241498536058, 20, 19, 0.562543
0.600888051398731, 1.30690423162584, -0.089323699415474, 20, 19, 0.562497
0.600888051398731, 1.31002227171492, -0.089323262352894, 20, 19, 0.561009
0.600888051398731, 1.31314031180401, -0.0893228388192743, 20, 19, 0.563601
0.600888051398731, 1.3162583518931, -0.0893224289681305, 20, 19, 0.561349
0.600888051398731, 1.31937639198218, -0.089322032953078, 20, 19, 0.561248
0.600888051398731, 1.32249443207127, -0.0893216509278259, 20, 19, 0.562248
0.600888051398731, 1.32561247216036, -0.0893212830461717, 20, 19, 0.563318
0.600888051398731, 1.32873051224944, -0.0893209294619941, 20, 19, 0.560906
0.600888051398731, 1.33184855233853, -0.089320590329248, 20, 19, 0.560311
0.600888051398731, 1.33496659242762, -0.0893202658019574, 20, 19, 0.563439
0.600888051398731, 1.3380846325167, -0.0893199560342104, 20, 19, 0.561233
0.600888051398731, 1.34120267260579, -0.0893196611801523, 20, 19, 0.562172
0.600888051398731, 1.34432071269488, -0.0893193813939806, 20, 19, 0.562262
0.600888051398731, 1.34743875278396, -0.0893191168299386, 20, 19, 0.563405
0.600888051398731, 1.35055679287305, -0.0893188676423093, 20, 19, 0.560958
0.600888051398731, 1.35367483296214, -0.08931863398541, 20, 19, 0.562682
0.600888051398731, 1.35679287305122, -0.0893184160135866, 20, 19, 0.562173
0.600888051398731, 1.35991091314031, -0.0893182138812075, 20, 19, 0.561222
0.600888051398731, 1.3630289532294, -0.0893180277426576, 20, 19, 0.562876
0.600888051398731, 1.36614699331849, -0.0893178577523341, 20, 19, 0.56061
0.600888051398731, 1.36926503340757, -0.0893177040646388, 20, 19, 0.561332
0.600888051398731, 1.37238307349666, -0.0893175668339739, 20, 19, 0.562524
0.600888051398731, 1.37550111358575, -0.0893174462147362, 20, 19, 0.560876
0.600888051398731, 1.37861915367483, -0.0893173423613215, 20, 19, 0.564289
0.600888051398731, 1.38173719376392, -0.0893172550454149, 20, 18, 0.530351
0.600888051398731, 1.38485523385301, -0.0893171852026138, 20, 18, 0.530859
0.600888051398731, 1.38797327394209, -0.0893171325880017, 20, 18, 0.531178
0.600888051398731, 1.39109131403118, -0.0893170973558913, 20, 18, 0.532552
0.600888051398731, 1.39420935412027, -0.0893170796605581, 20, 18, 0.529824
0.600888051398731, 1.39732739420935, -0.0893170796562326, 20, 18, 0.531175
0.600888051398731, 1.40044543429844, -0.0893170974970952, 20, 18, 0.53281
0.600888051398731, 1.40356347438753, -0.0893171333372717, 20, 18, 0.533188
0.600888051398731, 1.40668151447661, -0.0893171873308279, 20, 18, 0.536295
0.600888051398731, 1.4097995545657, -0.0893172596317645, 20, 18, 0.537149
0.600888051398731, 1.41291759465479, -0.0893173503940117, 20, 18, 0.535941
0.600888051398731, 1.41603563474388, -0.0893174597714253, 20, 18, 0.53294
0.600888051398731, 1.41915367483296, -0.0893175879177803, 20, 18, 0.533572
0.600888051398731, 1.42227171492205, -0.0893177349867666, 20, 18, 0.534147
0.600888051398731, 1.42538975501114, -0.0893179011319846, 20, 18, 0.532611
0.600888051398731, 1.42850779510022, -0.0893180865069393, 20, 18, 0.533684
0.600888051398731, 1.43162583518931, -0.0893182912650363, 20, 18, 0.533698
0.600888051398731, 1.4347438752784, -0.0893185155595768, 20, 18, 0.534411
0.600888051398731, 1.43786191536748, -0.0893187595437526, 20, 18, 0.534911
0.600888051398731, 1.44097995545657, -0.0893190233706416, 20, 18, 0.53574
0.600888051398731, 1.44409799554566, -0.0893193071932032, 20, 18, 0.532374
0.600888051398731, 1.44721603563474, -0.0893196111642736, 20, 18, 0.533172
0.600888051398731, 1.45033407572383, -0.0893199354365612, 20, 18, 0.533443
0.600888051398731, 1.45345211581292, -0.0893202801626419, 20, 18, 0.532737
0.600888051398731, 1.456570155902, -0.0893206454949549, 20, 18, 0.534119
0.600888051398731, 1.45968819599109, -0.0893210315857981, 20, 18, 0.532849
0.600888051398731, 1.46280623608018, -0.0893214385873234, 20, 18, 0.533727
0.600888051398731, 1.46592427616927, -0.0893218662612416, 20, 17, 0.500995
0.600888051398731, 1.46904231625835, -0.0893223155553317, 20, 17, 0.502455
0.600888051398731, 1.47216035634744, -0.0893227862150401, 20, 17, 0.500667
0.600888051398731, 1.47527839643653, -0.089323278391916, 20, 17, 0.500619
0.600888051398731, 1.47839643652561, -0.0893237922373402, 20, 17, 0.502782
0.600888051398731, 1.4815144766147, -0.0893243279025213, 20, 17, 0.503059
0.600888051398731, 1.48463251670379, -0.089324885538491, 20, 17, 0.501045
0.600888051398731, 1.48775055679287, -0.0893254652961013, 20, 17, 0.502525
0.600888051398731, 1.49086859688196, -0.0893260673260186, 20, 17, 0.503542
0.600888051398731, 1.49398663697105, -0.0893266917837817, 20, 17, 0.502316
0.600888051398731, 1.49710467706013, -0.0893273388095495, 20, 17, 0.50341
0.600888051398731, 1.50022271714922, -0.0893280085584775, 20, 17, 0.50166
0.600888051398731, 1.50334075723831, -0.0893287011804542, 20, 17, 0.505014
0.600888051398731, 1.50645879732739, -0.0893294168251642, 20, 17, 0.502095
0.600888051398731, 1.50957683741648, -0.089330155642084, 20, 17, 0.502895
0.600888051398731, 1.51269487750557, -0.0893309177804771, 20, 17, 0.503578
0.600888051398731, 1.51581291759465, -0.0893317033893946, 20, 17, 0.504169
0.600888051398731, 1.51893095768374, -0.0893325126176653, 20, 17, 0.503623
0.600888051398731, 1.52204899777283, -0.089333345613896, 20, 17, 0.504576
0.600888051398731, 1.52516703786192, -0.0893342025264673, 20, 17, 0.503717
0.600888051398731, 1.528285077951, -0.0893350835035291, 20, 17, 0.503434
0.600888051398731, 1.53140311804009, -0.0893359886929982, 20, 17, 0.503264
0.600888051398731, 1.53452115812918, -0.0893369182425538, 20, 17, 0.50403
0.600888051398731, 1.53763919821826, -0.0893378722996348, 20, 17, 0.503892
0.600888051398731, 1.54075723830735, -0.0893388510114356, 20, 17, 0.504511
0.600888051398731, 1.54387527839644, -0.0893398545249035, 20, 17, 0.501509
0.600888051398731, 1.54699331848552, -0.0893408829867348, 20, 17, 0.502999
0.600888051398731, 1.55011135857461, -0.0893419365433833, 20, 17, 0.504747
0.600888051398731, 1.5532293986637, -0.0893430153410103, 20, 17, 0.505052
0.600888051398731, 1.55634743875278, -0.0893441195255518, 20, 17, 0.502825
0.600888051398731, 1.55946547884187, -0.0893452492426676, 20, 17, 0.50395
0.600888051398731, 1.56258351893096, -0.0893464046377508, 20, 17, 0.505863
0.600888051398731, 1.56570155902004, -0.0893475854802496, 20, 16, 0.472882
0.600888051398731, 1.56881959910913, -0.0893487926802884, 20, 16, 0.472268
0.600888051398731, 1.57193763919822, -0.0893500259923254, 20, 16, 0.471438
0.600888051398731, 1.57505567928731, -0.0893512855606736, 20, 16, 0.471715
0.600888051398731, 1.57817371937639, -0.0893525715293623, 20, 16, 0.471864
0.600888051398731, 1.58129175946548, -0.0893538840421352, 20, 16, 0.472808
0.600888051398731, 1.58440979955457, -0.0893552232424469, 20, 16, 0.472986
0.600888051398731, 1.58752783964365, -0.0893565892734603, 20, 16, 0.474004
0.600888051398731, 1.59064587973274, -0.0893579822780436, 20, 16, 0.474505
0.600888051398731, 1.59376391982183, -0.0893594023987677, 20, 16, 0.472261
0.600888051398731, 1.59688195991091, -0.0893608497779032, 20, 16, 0.473107
0.600888051398731, 1.6, -0.0893623245574178, 20, 16, 0.472867
# finished at Wed Apr 30 04:49:34 CEST 2014
