# starting on alcc97 at Tue Apr 29 22:04:27 CEST 2014
# casimir, -T, 0.200000,1.600000,450, -Q, 0.201630194415903, -p, 1e-08, -L, 20
# Compiler icc, using long double and plain matrix elements and plain integration
# precision=1e-08
# lfac=5
# cores=1
# L=0.20163
# T=0.2...1.6 (450)
#
# R/(L+R), T, F, lmax, nmax, time
0.201630194415903, 0.2, -0.00156991606888695, 20, 66, 1.60127
0.201630194415903, 0.203118040089087, -0.00156991499899206, 20, 65, 1.56796
0.201630194415903, 0.206236080178174, -0.00156991387981844, 20, 64, 1.5345
0.201630194415903, 0.209354120267261, -0.00156991270993678, 20, 63, 1.511
0.201630194415903, 0.212472160356347, -0.00156991148789913, 20, 62, 1.48858
0.201630194415903, 0.215590200445434, -0.00156991021223884, 20, 61, 1.47375
0.201630194415903, 0.218708240534521, -0.00156990888147051, 20, 60, 1.96555
0.201630194415903, 0.221826280623608, -0.0015699074940896, 20, 59, 1.86459
0.201630194415903, 0.224944320712695, -0.00156990605189957, 20, 59, 1.42886
0.201630194415903, 0.228062360801782, -0.00156990454700827, 20, 58, 1.40351
0.201630194415903, 0.231180400890869, -0.00156990298093657, 20, 57, 1.37982
0.201630194415903, 0.234298440979955, -0.00156990135210976, 20, 56, 1.3364
0.201630194415903, 0.237416481069042, -0.00156989966239796, 20, 56, 1.35366
0.201630194415903, 0.240534521158129, -0.00156989790369846, 20, 55, 1.32959
0.201630194415903, 0.243652561247216, -0.00156989607748508, 20, 54, 1.29422
0.201630194415903, 0.246770601336303, -0.0015698941855796, 20, 54, 1.29169
0.201630194415903, 0.24988864142539, -0.00156989221991472, 20, 53, 1.27071
0.201630194415903, 0.253006681514477, -0.00156989018184051, 20, 52, 1.25299
0.201630194415903, 0.256124721603563, -0.00156988807335008, 20, 52, 1.75054
0.201630194415903, 0.25924276169265, -0.0015698858860027, 20, 51, 1.69324
0.201630194415903, 0.262360801781737, -0.00156988362121313, 20, 50, 1.20669
0.201630194415903, 0.265478841870824, -0.00156988128138794, 20, 50, 1.20596
0.201630194415903, 0.268596881959911, -0.00156987885727267, 20, 49, 1.19484
0.201630194415903, 0.271714922048998, -0.00156987635458517, 20, 49, 1.16909
0.201630194415903, 0.274832962138085, -0.00156987376432976, 20, 48, 1.13959
0.201630194415903, 0.277951002227172, -0.00156987109199462, 20, 48, 1.14377
0.201630194415903, 0.281069042316258, -0.00156986832869751, 20, 47, 1.11748
0.201630194415903, 0.284187082405345, -0.00156986547984043, 20, 47, 1.12547
0.201630194415903, 0.287305122494432, -0.00156986253651677, 20, 46, 1.09276
0.201630194415903, 0.290423162583519, -0.00156985950418206, 20, 46, 1.09208
0.201630194415903, 0.293541202672606, -0.00156985637376706, 20, 45, 1.07036
0.201630194415903, 0.296659242761693, -0.00156985315094411, 20, 45, 1.07279
0.201630194415903, 0.29977728285078, -0.00156984982629607, 20, 44, 1.05381
0.201630194415903, 0.302895322939866, -0.00156984640584978, 20, 44, 1.04825
0.201630194415903, 0.306013363028953, -0.00156984287975182, 20, 43, 1.02204
0.201630194415903, 0.30913140311804, -0.00156983925454427, 20, 43, 1.03465
0.201630194415903, 0.312249443207127, -0.0015698355238559, 20, 43, 1.02348
0.201630194415903, 0.315367483296214, -0.0015698316825272, 20, 42, 1.00496
0.201630194415903, 0.318485523385301, -0.0015698277362123, 20, 42, 1.00174
0.201630194415903, 0.321603563474388, -0.00156982367517865, 20, 41, 0.974126
0.201630194415903, 0.324721603563474, -0.00156981950595117, 20, 41, 0.973973
0.201630194415903, 0.327839643652561, -0.00156981522212822, 20, 41, 0.972878
0.201630194415903, 0.330957683741648, -0.00156981081830331, 20, 40, 0.955548
0.201630194415903, 0.334075723830735, -0.00156980630052393, 20, 40, 0.949742
0.201630194415903, 0.337193763919822, -0.00156980166263064, 20, 40, 0.949692
0.201630194415903, 0.340311804008909, -0.00156979689928816, 20, 39, 0.926208
0.201630194415903, 0.343429844097996, -0.00156979201631341, 20, 39, 0.926536
0.201630194415903, 0.346547884187082, -0.00156978700765965, 20, 39, 0.926583
0.201630194415903, 0.349665924276169, -0.00156978186796523, 20, 38, 0.9041
0.201630194415903, 0.352783964365256, -0.00156977660304436, 20, 38, 0.902041
0.201630194415903, 0.355902004454343, -0.0015697712068442, 20, 38, 0.902317
0.201630194415903, 0.35902004454343, -0.0015697656738775, 20, 37, 0.875722
0.201630194415903, 0.362138084632517, -0.00156976001018448, 20, 37, 0.875835
0.201630194415903, 0.365256124721604, -0.00156975420958735, 20, 37, 0.876835
0.201630194415903, 0.36837416481069, -0.00156974826636337, 20, 36, 0.851537
0.201630194415903, 0.371492204899777, -0.00156974218702835, 20, 36, 0.852062
0.201630194415903, 0.374610244988864, -0.00156973596514993, 20, 36, 1.01759
0.201630194415903, 0.377728285077951, -0.00156972959463855, 20, 35, 1.19895
0.201630194415903, 0.380846325167038, -0.00156972308277936, 20, 35, 1.26673
0.201630194415903, 0.383964365256125, -0.00156971642273254, 20, 35, 1.11785
0.201630194415903, 0.387082405345212, -0.00156970961265637, 20, 35, 1.12934
0.201630194415903, 0.390200445434298, -0.00156970264662919, 20, 34, 0.896892
0.201630194415903, 0.393318485523385, -0.0015696955315811, 20, 34, 0.806551
0.201630194415903, 0.396436525612472, -0.00156968826084476, 20, 34, 0.805022
0.201630194415903, 0.399554565701559, -0.00156968083260723, 20, 34, 0.807738
0.201630194415903, 0.402672605790646, -0.00156967324096223, 20, 33, 0.780178
0.201630194415903, 0.405790645879733, -0.00156966549278548, 20, 33, 0.779824
0.201630194415903, 0.40890868596882, -0.00156965758150256, 20, 33, 0.781409
0.201630194415903, 0.412026726057906, -0.00156964950528602, 20, 33, 0.782242
0.201630194415903, 0.415144766146993, -0.00156964125809278, 20, 32, 0.755166
0.201630194415903, 0.41826280623608, -0.00156963284711709, 20, 32, 0.755441
0.201630194415903, 0.421380846325167, -0.0015696242656487, 20, 32, 0.756019
0.201630194415903, 0.424498886414254, -0.00156961551187796, 20, 32, 0.758243
0.201630194415903, 0.427616926503341, -0.00156960658399723, 20, 32, 0.757553
0.201630194415903, 0.430734966592428, -0.00156959747627467, 20, 31, 0.731185
0.201630194415903, 0.433853006681514, -0.00156958819529619, 20, 31, 0.732332
0.201630194415903, 0.436971046770601, -0.00156957873473381, 20, 31, 0.731494
0.201630194415903, 0.440089086859688, -0.00156956909280607, 20, 31, 0.732415
0.201630194415903, 0.443207126948775, -0.00156955926331695, 20, 30, 0.707421
0.201630194415903, 0.446325167037862, -0.00156954925391425, 20, 30, 0.707668
0.201630194415903, 0.449443207126949, -0.00156953905775619, 20, 30, 0.708185
0.201630194415903, 0.452561247216036, -0.00156952867309402, 20, 30, 0.707725
0.201630194415903, 0.455679287305123, -0.00156951809818505, 20, 30, 0.708283
0.201630194415903, 0.458797327394209, -0.00156950732678286, 20, 29, 0.681286
0.201630194415903, 0.461915367483296, -0.00156949636675491, 20, 29, 0.681184
0.201630194415903, 0.465033407572383, -0.00156948521122291, 20, 29, 0.68327
0.201630194415903, 0.46815144766147, -0.0015694738584848, 20, 29, 0.685103
0.201630194415903, 0.471269487750557, -0.0015694623068467, 20, 29, 0.683862
0.201630194415903, 0.474387527839644, -0.00156945055462369, 20, 29, 0.684352
0.201630194415903, 0.477505567928731, -0.00156943859590481, 20, 28, 0.656707
0.201630194415903, 0.480623608017817, -0.00156942643801835, 20, 28, 0.657969
0.201630194415903, 0.483741648106904, -0.00156941407448774, 20, 28, 0.656787
0.201630194415903, 0.486859688195991, -0.00156940150367769, 20, 28, 0.65853
0.201630194415903, 0.489977728285078, -0.00156938872396381, 20, 28, 0.660003
0.201630194415903, 0.493095768374165, -0.00156937573373316, 20, 28, 0.660294
0.201630194415903, 0.496213808463252, -0.00156936252717149, 20, 27, 0.633016
0.201630194415903, 0.499331848552339, -0.0015693491116195, 20, 27, 0.633982
0.201630194415903, 0.502449888641425, -0.00156933548072676, 20, 27, 0.632423
0.201630194415903, 0.505567928730512, -0.00156932163293884, 20, 27, 0.634132
0.201630194415903, 0.508685968819599, -0.00156930756671459, 20, 27, 0.636219
0.201630194415903, 0.511804008908686, -0.00156929328052671, 20, 27, 0.636964
0.201630194415903, 0.514922048997773, -0.00156927876842175, 20, 26, 0.6092
0.201630194415903, 0.51804008908686, -0.00156926403829361, 20, 26, 0.609307
0.201630194415903, 0.521158129175947, -0.00156924908364963, 20, 26, 0.609923
0.201630194415903, 0.524276169265034, -0.00156923390302972, 20, 26, 0.609758
0.201630194415903, 0.52739420935412, -0.00156921849498932, 20, 26, 0.609396
0.201630194415903, 0.530512249443207, -0.00156920285809993, 20, 26, 0.610441
0.201630194415903, 0.533630289532294, -0.00156918699094964, 20, 26, 0.609331
0.201630194415903, 0.536748329621381, -0.00156917088773451, 20, 25, 0.586427
0.201630194415903, 0.539866369710468, -0.00156915455638426, 20, 25, 0.584673
0.201630194415903, 0.542984409799555, -0.00156913799058743, 20, 25, 0.586192
0.201630194415903, 0.546102449888642, -0.00156912118900901, 20, 25, 0.586594
0.201630194415903, 0.549220489977728, -0.0015691041503321, 20, 25, 0.585876
0.201630194415903, 0.552338530066815, -0.00156908687325849, 20, 25, 0.586793
0.201630194415903, 0.555456570155902, -0.00156906935650906, 20, 25, 0.585855
0.201630194415903, 0.558574610244989, -0.00156905159414113, 20, 24, 0.559036
0.201630194415903, 0.561692650334076, -0.00156903359478098, 20, 24, 0.559752
0.201630194415903, 0.564810690423163, -0.00156901535197349, 20, 24, 0.558877
0.201630194415903, 0.567928730512249, -0.00156899686452592, 20, 24, 0.562414
0.201630194415903, 0.571046770601336, -0.00156897813126611, 20, 24, 0.561042
0.201630194415903, 0.574164810690423, -0.00156895915104296, 20, 24, 0.562522
0.201630194415903, 0.57728285077951, -0.00156893992272686, 20, 24, 0.560873
0.201630194415903, 0.580400890868597, -0.00156892044521008, 20, 24, 0.560897
0.201630194415903, 0.583518930957684, -0.00156890071740721, 20, 24, 0.562365
0.201630194415903, 0.586636971046771, -0.00156888073396867, 20, 23, 0.534522
0.201630194415903, 0.589755011135857, -0.00156886050290623, 20, 23, 0.538698
0.201630194415903, 0.592873051224944, -0.00156884001835619, 20, 23, 0.538881
0.201630194415903, 0.595991091314031, -0.00156881927936878, 20, 23, 0.538368
0.201630194415903, 0.599109131403118, -0.00156879828497994, 20, 23, 0.540983
0.201630194415903, 0.602227171492205, -0.00156877703424968, 20, 23, 0.539901
0.201630194415903, 0.605345211581292, -0.00156875552626251, 20, 23, 0.541001
0.201630194415903, 0.608463251670379, -0.00156873376012781, 20, 23, 0.539763
0.201630194415903, 0.611581291759466, -0.00156871173023514, 20, 22, 0.514557
0.201630194415903, 0.614699331848552, -0.00156868944570109, 20, 22, 0.513264
0.201630194415903, 0.617817371937639, -0.0015686669004547, 20, 22, 0.514026
0.201630194415903, 0.620935412026726, -0.00156864409371281, 20, 22, 0.514419
0.201630194415903, 0.624053452115813, -0.00156862102471842, 20, 22, 0.513653
0.201630194415903, 0.6271714922049, -0.00156859769274104, 20, 22, 0.514661
0.201630194415903, 0.630289532293987, -0.0015685740970771, 20, 22, 0.513227
0.201630194415903, 0.633407572383074, -0.00156855023705024, 20, 22, 0.51601
0.201630194415903, 0.63652561247216, -0.00156852611201167, 20, 22, 0.517533
0.201630194415903, 0.639643652561247, -0.00156850172134052, 20, 22, 0.51687
0.201630194415903, 0.642761692650334, -0.00156847705978669, 20, 21, 0.490142
0.201630194415903, 0.645879732739421, -0.00156845213653896, 20, 21, 0.489857
0.201630194415903, 0.648997772828508, -0.00156842694592551, 20, 21, 0.490182
0.201630194415903, 0.652115812917595, -0.00156840148744408, 20, 21, 0.490211
0.201630194415903, 0.655233853006682, -0.00156837576062145, 20, 21, 0.490947
0.201630194415903, 0.658351893095768, -0.00156834976501385, 20, 21, 0.490099
0.201630194415903, 0.661469933184855, -0.00156832350020721, 20, 21, 0.489976
0.201630194415903, 0.664587973273942, -0.0015682969658175, 20, 21, 0.49086
0.201630194415903, 0.667706013363029, -0.00156827016149103, 20, 21, 0.491145
0.201630194415903, 0.670824053452116, -0.00156824308690474, 20, 21, 0.490227
0.201630194415903, 0.673942093541203, -0.00156821574176647, 20, 21, 0.489979
0.201630194415903, 0.67706013363029, -0.00156818812123348, 20, 20, 0.463665
0.201630194415903, 0.680178173719376, -0.00156816023465124, 20, 20, 0.466458
0.201630194415903, 0.683296213808463, -0.00156813207679197, 20, 20, 0.465838
0.201630194415903, 0.68641425389755, -0.0015681036474932, 20, 20, 0.466783
0.201630194415903, 0.689532293986637, -0.0015680749466244, 20, 20, 0.465191
0.201630194415903, 0.692650334075724, -0.00156804597408732, 20, 20, 0.46635
0.201630194415903, 0.695768374164811, -0.0015680167298162, 20, 20, 0.466056
0.201630194415903, 0.698886414253898, -0.00156798721377806, 20, 20, 0.465384
0.201630194415903, 0.702004454342984, -0.00156795742597296, 20, 20, 0.467572
0.201630194415903, 0.705122494432071, -0.00156792736643425, 20, 20, 0.466959
0.201630194415903, 0.708240534521158, -0.00156789703522882, 20, 20, 0.466143
0.201630194415903, 0.711358574610245, -0.00156786643245734, 20, 20, 0.465912
0.201630194415903, 0.714476614699332, -0.00156783555367169, 20, 19, 0.439114
0.201630194415903, 0.717594654788419, -0.00156780440859828, 20, 19, 0.440102
0.201630194415903, 0.720712694877506, -0.00156777299243239, 20, 19, 0.439484
0.201630194415903, 0.723830734966592, -0.00156774130541495, 20, 19, 0.439731
0.201630194415903, 0.726948775055679, -0.00156770934782154, 20, 19, 0.442384
0.201630194415903, 0.730066815144766, -0.00156767711996264, 20, 19, 0.441421
0.201630194415903, 0.733184855233853, -0.00156764462218387, 20, 19, 0.441871
0.201630194415903, 0.73630289532294, -0.00156761185486615, 20, 19, 0.443049
0.201630194415903, 0.739420935412027, -0.00156757881842601, 20, 19, 0.442998
0.201630194415903, 0.742538975501114, -0.00156754551331569, 20, 19, 0.44269
0.201630194415903, 0.7456570155902, -0.00156751194002345, 20, 19, 0.441767
0.201630194415903, 0.748775055679287, -0.00156747809907366, 20, 19, 0.4414
0.201630194415903, 0.751893095768374, -0.00156744399102709, 20, 19, 0.442172
0.201630194415903, 0.755011135857461, -0.00156740961648104, 20, 19, 0.443151
0.201630194415903, 0.758129175946548, -0.00156737497172539, 20, 18, 0.415958
0.201630194415903, 0.761247216035635, -0.00156734006647225, 20, 18, 0.416101
0.201630194415903, 0.764365256124722, -0.00156730489670404, 20, 18, 0.416842
0.201630194415903, 0.767483296213809, -0.00156726946316833, 20, 18, 0.415645
0.201630194415903, 0.770601336302895, -0.00156723376664993, 20, 18, 0.415081
0.201630194415903, 0.773719376391982, -0.00156719780797106, 20, 18, 0.41523
0.201630194415903, 0.776837416481069, -0.00156716158799151, 20, 18, 0.416132
0.201630194415903, 0.779955456570156, -0.00156712510760881, 20, 18, 0.414787
0.201630194415903, 0.783073496659243, -0.00156708836775842, 20, 18, 0.417208
0.201630194415903, 0.78619153674833, -0.00156705136941381, 20, 18, 0.417128
0.201630194415903, 0.789309576837417, -0.00156701411358671, 20, 18, 0.417148
0.201630194415903, 0.792427616926503, -0.00156697660132717, 20, 18, 0.417175
0.201630194415903, 0.79554565701559, -0.00156693883372374, 20, 18, 0.417201
0.201630194415903, 0.798663697104677, -0.00156690081190362, 20, 18, 0.417194
0.201630194415903, 0.801781737193764, -0.00156686253703276, 20, 18, 0.417246
0.201630194415903, 0.804899777282851, -0.00156682400596597, 20, 17, 0.390859
0.201630194415903, 0.808017817371938, -0.00156678522898173, 20, 17, 0.390885
0.201630194415903, 0.811135857461025, -0.00156674620265279, 20, 17, 0.390902
0.201630194415903, 0.814253897550111, -0.00156670692830336, 20, 17, 0.390954
0.201630194415903, 0.817371937639198, -0.00156666740729684, 20, 17, 0.391944
0.201630194415903, 0.820489977728285, -0.00156662764103598, 20, 17, 0.390768
0.201630194415903, 0.823608017817372, -0.00156658763096296, 20, 17, 0.390779
0.201630194415903, 0.826726057906459, -0.00156654737855951, 20, 17, 0.390796
0.201630194415903, 0.829844097995546, -0.00156650688534702, 20, 17, 0.390796
0.201630194415903, 0.832962138084633, -0.00156646615288661, 20, 17, 0.390881
0.201630194415903, 0.836080178173719, -0.00156642518277927, 20, 17, 0.39088
0.201630194415903, 0.839198218262806, -0.00156638397666592, 20, 17, 0.390834
0.201630194415903, 0.842316258351893, -0.00156634253622749, 20, 17, 0.390821
0.201630194415903, 0.84543429844098, -0.00156630086318502, 20, 17, 0.390956
0.201630194415903, 0.848552338530067, -0.00156625895929973, 20, 17, 0.393318
0.201630194415903, 0.851670378619154, -0.00156621682637309, 20, 17, 0.39331
0.201630194415903, 0.854788418708241, -0.00156617446624688, 20, 17, 0.393354
0.201630194415903, 0.857906458797328, -0.00156613187647324, 20, 16, 0.368239
0.201630194415903, 0.861024498886414, -0.00156608906794908, 20, 16, 0.367017
0.201630194415903, 0.864142538975501, -0.00156604603797054, 20, 16, 0.367003
0.201630194415903, 0.867260579064588, -0.00156600278854291, 20, 16, 0.36704
0.201630194415903, 0.870378619153675, -0.001565959321712, 20, 16, 0.367024
0.201630194415903, 0.873496659242762, -0.00156591563956413, 20, 16, 0.366972
0.201630194415903, 0.876614699331849, -0.0015658717442262, 20, 16, 0.367117
0.201630194415903, 0.879732739420936, -0.00156582763786577, 20, 16, 0.368611
0.201630194415903, 0.882850779510022, -0.00156578332269104, 20, 16, 0.36779
0.201630194415903, 0.885968819599109, -0.00156573880095091, 20, 16, 0.367622
0.201630194415903, 0.889086859688196, -0.00156569407493503, 20, 16, 0.367281
0.201630194415903, 0.892204899777283, -0.0015656491469738, 20, 16, 0.368079
0.201630194415903, 0.89532293986637, -0.0015656040194384, 20, 16, 0.368612
0.201630194415903, 0.898440979955457, -0.00156555869474083, 20, 16, 0.368452
0.201630194415903, 0.901559020044544, -0.00156551317533387, 20, 16, 0.367683
0.201630194415903, 0.90467706013363, -0.00156546746371116, 20, 16, 0.369011
0.201630194415903, 0.907795100222717, -0.00156542156240715, 20, 16, 0.370451
0.201630194415903, 0.910913140311804, -0.00156537547399714, 20, 16, 0.370249
0.201630194415903, 0.914031180400891, -0.00156532920109725, 20, 16, 0.371029
0.201630194415903, 0.917149220489978, -0.00156528274636444, 20, 16, 0.369791
0.201630194415903, 0.920267260579065, -0.00156523610838792, 20, 15, 0.343723
0.201630194415903, 0.923385300668152, -0.00156518929840366, 20, 15, 0.344348
0.201630194415903, 0.926503340757238, -0.00156514231478314, 20, 15, 0.346129
0.201630194415903, 0.929621380846325, -0.00156509516034779, 20, 15, 0.34618
0.201630194415903, 0.932739420935412, -0.00156504783795972, 20, 15, 0.346908
0.201630194415903, 0.935857461024499, -0.00156500035052164, 20, 15, 0.346309
0.201630194415903, 0.938975501113586, -0.0015649527009769, 20, 15, 0.346571
0.201630194415903, 0.942093541202673, -0.00156490489230943, 20, 15, 0.347259
0.201630194415903, 0.945211581291759, -0.00156485692754369, 20, 15, 0.346426
0.201630194415903, 0.948329621380847, -0.00156480880974467, 20, 15, 0.345973
0.201630194415903, 0.951447661469933, -0.00156476054201782, 20, 15, 0.345747
0.201630194415903, 0.95456570155902, -0.00156471212750901, 20, 15, 0.345313
0.201630194415903, 0.957683741648107, -0.0015646635694045, 20, 15, 0.344521
0.201630194415903, 0.960801781737194, -0.00156461487093086, 20, 15, 0.34514
0.201630194415903, 0.963919821826281, -0.00156456603535492, 20, 15, 0.346791
0.201630194415903, 0.967037861915368, -0.00156451706598374, 20, 15, 0.347397
0.201630194415903, 0.970155902004454, -0.0015644679661645, 20, 15, 0.347633
0.201630194415903, 0.973273942093541, -0.00156441873928448, 20, 15, 0.346035
0.201630194415903, 0.976391982182628, -0.00156436938877093, 20, 15, 0.346087
0.201630194415903, 0.979510022271715, -0.00156431991809106, 20, 15, 0.346108
0.201630194415903, 0.982628062360802, -0.00156427033075193, 20, 15, 0.347164
0.201630194415903, 0.985746102449889, -0.00156422063030037, 20, 15, 0.347098
0.201630194415903, 0.988864142538975, -0.00156417081617952, 20, 14, 0.318802
0.201630194415903, 0.991982182628063, -0.00156412090056668, 20, 14, 0.318841
0.201630194415903, 0.995100222717149, -0.00156407088270282, 20, 14, 0.31893
0.201630194415903, 0.998218262806236, -0.00156402076629406, 20, 14, 0.318731
0.201630194415903, 1.00133630289532, -0.00156397055508574, 20, 14, 0.318521
0.201630194415903, 1.00445434298441, -0.00156392025286236, 20, 14, 0.318169
0.201630194415903, 1.0075723830735, -0.00156386986344749, 20, 14, 0.317199
0.201630194415903, 1.01069042316258, -0.00156381939070361, 20, 14, 0.3174
0.201630194415903, 1.01380846325167, -0.00156376883853209, 20, 14, 0.317965
0.201630194415903, 1.01692650334076, -0.00156371821087299, 20, 14, 0.319888
0.201630194415903, 1.02004454342984, -0.00156366751170499, 20, 14, 0.322117
0.201630194415903, 1.02316258351893, -0.00156361674504527, 20, 14, 0.322737
0.201630194415903, 1.02628062360802, -0.0015635659149494, 20, 14, 0.322529
0.201630194415903, 1.0293986636971, -0.0015635150255112, 20, 14, 0.320773
0.201630194415903, 1.03251670378619, -0.00156346408086258, 20, 14, 0.321664
0.201630194415903, 1.03563474387528, -0.0015634130851735, 20, 14, 0.321576
0.201630194415903, 1.03875278396437, -0.00156336204265174, 20, 14, 0.321977
0.201630194415903, 1.04187082405345, -0.00156331095754283, 20, 14, 0.322944
0.201630194415903, 1.04498886414254, -0.00156325983412987, 20, 14, 0.322021
0.201630194415903, 1.04810690423163, -0.0015632086767334, 20, 14, 0.321614
0.201630194415903, 1.05122494432071, -0.00156315748971127, 20, 14, 0.320911
0.201630194415903, 1.0543429844098, -0.00156310627745847, 20, 14, 0.321529
0.201630194415903, 1.05746102449889, -0.00156305504440699, 20, 14, 0.321989
0.201630194415903, 1.06057906458797, -0.00156300379502567, 20, 14, 0.320904
0.201630194415903, 1.06369710467706, -0.00156295253382, 20, 14, 0.322347
0.201630194415903, 1.06681514476615, -0.00156290126533204, 20, 14, 0.320735
0.201630194415903, 1.06993318485523, -0.00156284999414018, 20, 14, 0.320625
0.201630194415903, 1.07305122494432, -0.00156279872105487, 20, 13, 0.294093
0.201630194415903, 1.07616926503341, -0.00156274745856112, 20, 13, 0.29494
0.201630194415903, 1.07928730512249, -0.00156269620730176, 20, 13, 0.310767
0.201630194415903, 1.08240534521158, -0.00156264497199973, 20, 13, 0.409656
0.201630194415903, 1.08552338530067, -0.00156259375741345, 20, 13, 0.447866
0.201630194415903, 1.08864142538976, -0.00156254256833659, 20, 13, 0.346884
0.201630194415903, 1.09175946547884, -0.00156249140959794, 20, 13, 0.423841
0.201630194415903, 1.09487750556793, -0.0015624402860612, 20, 13, 0.297119
0.201630194415903, 1.09799554565702, -0.00156238920262481, 20, 13, 0.293997
0.201630194415903, 1.1011135857461, -0.00156233816422174, 20, 13, 0.29519
0.201630194415903, 1.10423162583519, -0.00156228717581934, 20, 13, 0.29653
0.201630194415903, 1.10734966592428, -0.0015622362424191, 20, 13, 0.295222
0.201630194415903, 1.11046770601336, -0.00156218536905649, 20, 13, 0.295532
0.201630194415903, 1.11358574610245, -0.00156213456080074, 20, 13, 0.29635
0.201630194415903, 1.11670378619154, -0.00156208382275466, 20, 13, 0.296445
0.201630194415903, 1.11982182628062, -0.0015620331600544, 20, 13, 0.295461
0.201630194415903, 1.12293986636971, -0.00156198257786931, 20, 13, 0.295616
0.201630194415903, 1.1260579064588, -0.00156193208140165, 20, 13, 0.295506
0.201630194415903, 1.12917594654788, -0.00156188167588645, 20, 13, 0.296288
0.201630194415903, 1.13229398663697, -0.00156183136659126, 20, 13, 0.299254
0.201630194415903, 1.13541202672606, -0.00156178115881594, 20, 13, 0.298912
0.201630194415903, 1.13853006681514, -0.00156173105789245, 20, 13, 0.299843
0.201630194415903, 1.14164810690423, -0.00156168106918463, 20, 13, 0.299224
0.201630194415903, 1.14476614699332, -0.00156163119808798, 20, 13, 0.299055
0.201630194415903, 1.14788418708241, -0.00156158145002943, 20, 13, 0.300168
0.201630194415903, 1.15100222717149, -0.0015615318304671, 20, 13, 0.301057
0.201630194415903, 1.15412026726058, -0.00156148234489012, 20, 13, 0.300253
0.201630194415903, 1.15723830734967, -0.00156143299881835, 20, 13, 0.300174
0.201630194415903, 1.16035634743875, -0.00156138379780216, 20, 13, 0.300022
0.201630194415903, 1.16347438752784, -0.00156133474742223, 20, 13, 0.299664
0.201630194415903, 1.16659242761693, -0.00156128585328925, 20, 13, 0.30035
0.201630194415903, 1.16971046770601, -0.00156123711742973, 20, 12, 0.274046
0.201630194415903, 1.1728285077951, -0.00156118855294059, 20, 12, 0.274983
0.201630194415903, 1.17594654788419, -0.00156114016169752, 20, 12, 0.274196
0.201630194415903, 1.17906458797327, -0.00156109194950595, 20, 12, 0.277222
0.201630194415903, 1.18218262806236, -0.00156104392197124, 20, 12, 0.278801
0.201630194415903, 1.18530066815145, -0.00156099608495603, 20, 12, 0.278562
0.201630194415903, 1.18841870824053, -0.0015609484442751, 20, 12, 0.277783
0.201630194415903, 1.19153674832962, -0.00156090100577127, 20, 12, 0.278021
0.201630194415903, 1.19465478841871, -0.0015608537753152, 20, 12, 0.277979
0.201630194415903, 1.1977728285078, -0.00156080675880508, 20, 12, 0.279221
0.201630194415903, 1.20089086859688, -0.00156075996216641, 20, 12, 0.275339
0.201630194415903, 1.20400890868597, -0.00156071339135174, 20, 12, 0.275838
0.201630194415903, 1.20712694877506, -0.00156066705234043, 20, 12, 0.275337
0.201630194415903, 1.21024498886414, -0.00156062095113833, 20, 12, 0.277345
0.201630194415903, 1.21336302895323, -0.00156057509377759, 20, 12, 0.277824
0.201630194415903, 1.21648106904232, -0.00156052948631637, 20, 12, 0.276786
0.201630194415903, 1.2195991091314, -0.00156048413483853, 20, 12, 0.280517
0.201630194415903, 1.22271714922049, -0.00156043904545346, 20, 12, 0.280708
0.201630194415903, 1.22583518930958, -0.00156039422429573, 20, 12, 0.280528
0.201630194415903, 1.22895322939866, -0.00156034967752484, 20, 12, 0.278499
0.201630194415903, 1.23207126948775, -0.00156030541132499, 20, 12, 0.278651
0.201630194415903, 1.23518930957684, -0.00156026143190476, 20, 12, 0.278618
0.201630194415903, 1.23830734966592, -0.00156021774549686, 20, 12, 0.27868
0.201630194415903, 1.24142538975501, -0.00156017435835785, 20, 12, 0.2795
0.201630194415903, 1.2445434298441, -0.00156013127676786, 20, 12, 0.278892
0.201630194415903, 1.24766146993318, -0.00156008850703033, 20, 12, 0.274672
0.201630194415903, 1.25077951002227, -0.00156004605547173, 20, 12, 0.274416
0.201630194415903, 1.25389755011136, -0.00156000392844126, 20, 12, 0.275477
0.201630194415903, 1.25701559020045, -0.00155996213231057, 20, 12, 0.279622
0.201630194415903, 1.26013363028953, -0.00155992067347353, 20, 12, 0.276026
0.201630194415903, 1.26325167037862, -0.00155987955834587, 20, 12, 0.273162
0.201630194415903, 1.26636971046771, -0.00155983879336495, 20, 12, 0.273968
0.201630194415903, 1.26948775055679, -0.00155979838498948, 20, 12, 0.274248
0.201630194415903, 1.27260579064588, -0.00155975833969918, 20, 12, 0.27615
0.201630194415903, 1.27572383073497, -0.00155971866399455, 20, 12, 0.27664
0.201630194415903, 1.27884187082405, -0.00155967936439656, 20, 12, 0.280446
0.201630194415903, 1.28195991091314, -0.00155964044744638, 20, 12, 0.28024
0.201630194415903, 1.28507795100223, -0.00155960191631243, 20, 11, 0.253192
0.201630194415903, 1.28819599109131, -0.00155956378453213, 20, 11, 0.253463
0.201630194415903, 1.2913140311804, -0.00155952605513264, 20, 11, 0.253027
0.201630194415903, 1.29443207126949, -0.00155948873473338, 20, 11, 0.253455
0.201630194415903, 1.29755011135857, -0.00155945182997247, 20, 11, 0.253707
0.201630194415903, 1.30066815144766, -0.00155941534750645, 20, 11, 0.254367
0.201630194415903, 1.30378619153675, -0.00155937929401, 20, 11, 0.253109
0.201630194415903, 1.30690423162584, -0.0015593436761756, 20, 11, 0.253469
0.201630194415903, 1.31002227171492, -0.00155930850071328, 20, 11, 0.255224
0.201630194415903, 1.31314031180401, -0.0015592737743503, 20, 11, 0.27857
0.201630194415903, 1.3162583518931, -0.00155923950383088, 20, 11, 0.255205
0.201630194415903, 1.31937639198218, -0.00155920569591587, 20, 11, 0.25409
0.201630194415903, 1.32249443207127, -0.00155917235738248, 20, 11, 0.252565
0.201630194415903, 1.32561247216036, -0.00155913949502396, 20, 11, 0.25076
0.201630194415903, 1.32873051224944, -0.00155910711564934, 20, 11, 0.250011
0.201630194415903, 1.33184855233853, -0.00155907522608307, 20, 11, 0.250135
0.201630194415903, 1.33496659242762, -0.00155904383316479, 20, 11, 0.25092
0.201630194415903, 1.3380846325167, -0.00155901294374898, 20, 11, 0.250674
0.201630194415903, 1.34120267260579, -0.00155898256470469, 20, 11, 0.251101
0.201630194415903, 1.34432071269488, -0.0015589527029152, 20, 11, 0.25026
0.201630194415903, 1.34743875278396, -0.0015589233652778, 20, 11, 0.250193
0.201630194415903, 1.35055679287305, -0.00155889455870338, 20, 11, 0.250837
0.201630194415903, 1.35367483296214, -0.00155886629011621, 20, 11, 0.250973
0.201630194415903, 1.35679287305122, -0.00155883856645364, 20, 11, 0.251293
0.201630194415903, 1.35991091314031, -0.00155881139466571, 20, 11, 0.251283
0.201630194415903, 1.3630289532294, -0.00155878478171497, 20, 11, 0.250518
0.201630194415903, 1.36614699331849, -0.00155875873457609, 20, 11, 0.248486
0.201630194415903, 1.36926503340757, -0.00155873326023558, 20, 11, 0.24804
0.201630194415903, 1.37238307349666, -0.00155870836569151, 20, 11, 0.247957
0.201630194415903, 1.37550111358575, -0.00155868405795318, 20, 11, 0.248044
0.201630194415903, 1.37861915367483, -0.00155866034404084, 20, 11, 0.248267
0.201630194415903, 1.38173719376392, -0.00155863723098536, 20, 11, 0.248795
0.201630194415903, 1.38485523385301, -0.00155861472582795, 20, 11, 0.248244
0.201630194415903, 1.38797327394209, -0.00155859283561985, 20, 11, 0.247832
0.201630194415903, 1.39109131403118, -0.00155857156742204, 20, 11, 0.247777
0.201630194415903, 1.39420935412027, -0.00155855092830489, 20, 11, 0.248271
0.201630194415903, 1.39732739420935, -0.00155853092534793, 20, 11, 0.25373
0.201630194415903, 1.40044543429844, -0.00155851156563949, 20, 11, 0.252954
0.201630194415903, 1.40356347438753, -0.00155849285627641, 20, 11, 0.253958
0.201630194415903, 1.40668151447661, -0.00155847480436377, 20, 11, 0.253301
0.201630194415903, 1.4097995545657, -0.00155845741701453, 20, 11, 0.252031
0.201630194415903, 1.41291759465479, -0.00155844070134929, 20, 11, 0.252269
0.201630194415903, 1.41603563474388, -0.00155842466449595, 20, 11, 0.252344
0.201630194415903, 1.41915367483296, -0.0015584093135894, 20, 11, 0.251798
0.201630194415903, 1.42227171492205, -0.00155839465577125, 20, 11, 0.252866
0.201630194415903, 1.42538975501114, -0.00155838069818952, 20, 11, 0.252241
0.201630194415903, 1.42850779510022, -0.00155836744502081, 20, 10, 0.22688
0.201630194415903, 1.43162583518931, -0.00155835490951737, 20, 10, 0.227192
0.201630194415903, 1.4347438752784, -0.00155834309572351, 20, 10, 0.225248
0.201630194415903, 1.43786191536748, -0.00155833201081014, 20, 10, 0.225709
0.201630194415903, 1.44097995545657, -0.00155832166195308, 20, 10, 0.225726
0.201630194415903, 1.44409799554566, -0.00155831205633274, 20, 10, 0.226366
0.201630194415903, 1.44721603563474, -0.00155830320113381, 20, 10, 0.228532
0.201630194415903, 1.45033407572383, -0.00155829510354499, 20, 10, 0.226247
0.201630194415903, 1.45345211581292, -0.00155828777075869, 20, 10, 0.230689
0.201630194415903, 1.456570155902, -0.00155828120997071, 20, 10, 0.23207
0.201630194415903, 1.45968819599109, -0.00155827542837997, 20, 10, 0.225627
0.201630194415903, 1.46280623608018, -0.00155827043318819, 20, 10, 0.224277
0.201630194415903, 1.46592427616927, -0.00155826623159962, 20, 10, 0.224527
0.201630194415903, 1.46904231625835, -0.00155826283082074, 20, 10, 0.224268
0.201630194415903, 1.47216035634744, -0.00155826023805994, 20, 10, 0.224049
0.201630194415903, 1.47527839643653, -0.00155825846052726, 20, 10, 0.224264
0.201630194415903, 1.47839643652561, -0.00155825750543409, 20, 10, 0.224215
0.201630194415903, 1.4815144766147, -0.00155825737999286, 20, 10, 0.22416
0.201630194415903, 1.48463251670379, -0.00155825809141677, 20, 10, 0.224442
0.201630194415903, 1.48775055679287, -0.00155825964691949, 20, 10, 0.2241
0.201630194415903, 1.49086859688196, -0.00155826205371487, 20, 10, 0.224426
0.201630194415903, 1.49398663697105, -0.00155826531901664, 20, 10, 0.224147
0.201630194415903, 1.49710467706013, -0.00155826945003816, 20, 10, 0.22428
0.201630194415903, 1.50022271714922, -0.00155827445399209, 20, 10, 0.224207
0.201630194415903, 1.50334075723831, -0.00155828033809011, 20, 10, 0.224672
0.201630194415903, 1.50645879732739, -0.00155828710954267, 20, 10, 0.22481
0.201630194415903, 1.50957683741648, -0.00155829477555865, 20, 10, 0.225221
0.201630194415903, 1.51269487750557, -0.00155830334334511, 20, 10, 0.227403
0.201630194415903, 1.51581291759465, -0.00155831282010701, 20, 10, 0.225505
0.201630194415903, 1.51893095768374, -0.00155832321304692, 20, 10, 0.225705
0.201630194415903, 1.52204899777283, -0.00155833452936472, 20, 10, 0.224154
0.201630194415903, 1.52516703786192, -0.00155834677625735, 20, 10, 0.224187
0.201630194415903, 1.528285077951, -0.0015583599609185, 20, 10, 0.224257
0.201630194415903, 1.53140311804009, -0.00155837409053836, 20, 10, 0.224229
0.201630194415903, 1.53452115812918, -0.00155838917230332, 20, 10, 0.224152
0.201630194415903, 1.53763919821826, -0.0015584052133957, 20, 10, 0.224092
0.201630194415903, 1.54075723830735, -0.00155842222099347, 20, 10, 0.224405
0.201630194415903, 1.54387527839644, -0.00155844020227001, 20, 10, 0.224897
0.201630194415903, 1.54699331848552, -0.00155845916439375, 20, 10, 0.224735
0.201630194415903, 1.55011135857461, -0.00155847911452801, 20, 10, 0.225039
0.201630194415903, 1.5532293986637, -0.00155850005983064, 20, 10, 0.225281
0.201630194415903, 1.55634743875278, -0.00155852200745379, 20, 10, 0.224249
0.201630194415903, 1.55946547884187, -0.00155854496454361, 20, 10, 0.22419
0.201630194415903, 1.56258351893096, -0.00155856893824003, 20, 10, 0.223974
0.201630194415903, 1.56570155902004, -0.00155859393567645, 20, 10, 0.224048
0.201630194415903, 1.56881959910913, -0.00155861996397949, 20, 10, 0.224131
0.201630194415903, 1.57193763919822, -0.00155864703026872, 20, 10, 0.224421
0.201630194415903, 1.57505567928731, -0.00155867514165639, 20, 10, 0.224398
0.201630194415903, 1.57817371937639, -0.0015587043052472, 20, 10, 0.225309
0.201630194415903, 1.58129175946548, -0.00155873452813799, 20, 10, 0.225942
0.201630194415903, 1.58440979955457, -0.00155876581741751, 20, 10, 0.226812
0.201630194415903, 1.58752783964365, -0.00155879818016615, 20, 10, 0.225392
0.201630194415903, 1.59064587973274, -0.0015588316234557, 20, 10, 0.22603
0.201630194415903, 1.59376391982183, -0.00155886615434905, 20, 10, 0.225508
0.201630194415903, 1.59688195991091, -0.0015589017799, 20, 10, 0.225574
0.201630194415903, 1.6, -0.00155893850715294, 20, 10, 0.226009
# finished at Tue Apr 29 22:08:09 CEST 2014
