# starting on alcc60 at Tue Apr 29 23:58:34 CEST 2014
# casimir, -T, 0.200000,1.600000,450, -Q, 0.22515248024517, -p, 1e-08, -L, 20
# Compiler icc, using long double and plain matrix elements and plain integration
# precision=1e-08
# lfac=5
# cores=1
# L=0.225152
# T=0.2...1.6 (450)
#
# R/(L+R), T, F, lmax, nmax, time
0.22515248024517, 0.2, -0.0022260009086233, 20, 67, 1.63523
0.22515248024517, 0.203118040089087, -0.00222599942027458, 20, 66, 1.58149
0.22515248024517, 0.206236080178174, -0.00222599786335543, 20, 65, 1.55649
0.22515248024517, 0.209354120267261, -0.00222599623587937, 20, 64, 1.53197
0.22515248024517, 0.212472160356347, -0.00222599453583357, 20, 63, 1.50639
0.22515248024517, 0.215590200445434, -0.00222599276117905, 20, 62, 1.48404
0.22515248024517, 0.218708240534521, -0.00222599090985051, 20, 61, 1.45841
0.22515248024517, 0.221826280623608, -0.00222598898451905, 20, 61, 1.46002
0.22515248024517, 0.224944320712695, -0.00222598697389565, 20, 60, 1.43448
0.22515248024517, 0.228062360801782, -0.00222598488031811, 20, 59, 1.41017
0.22515248024517, 0.231180400890869, -0.00222598270162448, 20, 58, 1.38589
0.22515248024517, 0.234298440979955, -0.00222598043562514, 20, 57, 1.36026
0.22515248024517, 0.237416481069042, -0.00222597808531193, 20, 57, 1.36262
0.22515248024517, 0.240534521158129, -0.00222597563864426, 20, 56, 1.3372
0.22515248024517, 0.243652561247216, -0.00222597309805478, 20, 55, 1.31262
0.22515248024517, 0.246770601336303, -0.00222597046642257, 20, 55, 1.3139
0.22515248024517, 0.24988864142539, -0.00222596773184625, 20, 54, 1.28837
0.22515248024517, 0.253006681514477, -0.00222596489654285, 20, 53, 1.26522
0.22515248024517, 0.256124721603563, -0.0022259619635712, 20, 53, 1.26639
0.22515248024517, 0.25924276169265, -0.00222595892062376, 20, 52, 1.23978
0.22515248024517, 0.262360801781737, -0.00222595576995538, 20, 51, 1.21659
0.22515248024517, 0.265478841870824, -0.00222595251513771, 20, 51, 1.21665
0.22515248024517, 0.268596881959911, -0.00222594914284809, 20, 50, 1.19793
0.22515248024517, 0.271714922048998, -0.00222594566144152, 20, 50, 1.1911
0.22515248024517, 0.274832962138085, -0.0022259420580548, 20, 49, 1.16776
0.22515248024517, 0.277951002227172, -0.00222593834062758, 20, 49, 1.1679
0.22515248024517, 0.281069042316258, -0.00222593449654726, 20, 48, 1.1423
0.22515248024517, 0.284187082405345, -0.00222593053354206, 20, 48, 1.14563
0.22515248024517, 0.287305122494432, -0.0022259264390567, 20, 47, 1.11913
0.22515248024517, 0.290423162583519, -0.00222592222080148, 20, 47, 1.11921
0.22515248024517, 0.293541202672606, -0.00222591786608978, 20, 46, 1.09358
0.22515248024517, 0.296659242761693, -0.00222591338280815, 20, 46, 1.09593
0.22515248024517, 0.29977728285078, -0.00222590875794348, 20, 45, 1.0715
0.22515248024517, 0.302895322939866, -0.00222590399976437, 20, 45, 1.0705
0.22515248024517, 0.306013363028953, -0.00222589909471843, 20, 44, 1.04497
0.22515248024517, 0.30913140311804, -0.00222589405168589, 20, 44, 1.04729
0.22515248024517, 0.312249443207127, -0.0022258888619313, 20, 44, 1.04723
0.22515248024517, 0.315367483296214, -0.0022258835184142, 20, 43, 1.02285
0.22515248024517, 0.318485523385301, -0.00222587802869643, 20, 43, 1.02247
0.22515248024517, 0.321603563474388, -0.00222587237962765, 20, 42, 0.998592
0.22515248024517, 0.324721603563474, -0.00222586657980831, 20, 42, 0.998597
0.22515248024517, 0.327839643652561, -0.00222586062059898, 20, 42, 0.998567
0.22515248024517, 0.330957683741648, -0.00222585449473991, 20, 41, 0.97413
0.22515248024517, 0.334075723830735, -0.00222584821006827, 20, 41, 0.973048
0.22515248024517, 0.337193763919822, -0.00222584175282856, 20, 40, 0.949898
0.22515248024517, 0.340311804008909, -0.00222583513243052, 20, 40, 0.949928
0.22515248024517, 0.343429844097996, -0.00222582833975953, 20, 40, 0.949781
0.22515248024517, 0.346547884187082, -0.00222582136686588, 20, 39, 0.925483
0.22515248024517, 0.349665924276169, -0.00222581422293871, 20, 39, 0.925539
0.22515248024517, 0.352783964365256, -0.00222580689897072, 20, 39, 0.924281
0.22515248024517, 0.355902004454343, -0.00222579938692375, 20, 38, 0.901236
0.22515248024517, 0.35902004454343, -0.00222579169610381, 20, 38, 0.907082
0.22515248024517, 0.362138084632517, -0.002225783817435, 20, 38, 0.901065
0.22515248024517, 0.365256124721604, -0.0022257757426379, 20, 37, 0.876101
0.22515248024517, 0.36837416481069, -0.00222576748148426, 20, 37, 0.878806
0.22515248024517, 0.371492204899777, -0.0022257590246482, 20, 37, 0.878863
0.22515248024517, 0.374610244988864, -0.0022257503695694, 20, 37, 0.878634
0.22515248024517, 0.377728285077951, -0.00222574150847414, 20, 36, 0.852508
0.22515248024517, 0.380846325167038, -0.00222573244998499, 20, 36, 0.852573
0.22515248024517, 0.383964365256125, -0.00222572318540863, 20, 36, 0.852665
0.22515248024517, 0.387082405345212, -0.00222571370641611, 20, 35, 0.82716
0.22515248024517, 0.390200445434298, -0.00222570402281228, 20, 35, 0.832056
0.22515248024517, 0.393318485523385, -0.00222569412528408, 20, 35, 0.830395
0.22515248024517, 0.396436525612472, -0.00222568401127346, 20, 35, 0.831514
0.22515248024517, 0.399554565701559, -0.00222567367259942, 20, 34, 0.806369
0.22515248024517, 0.402672605790646, -0.00222566311874624, 20, 34, 0.803974
0.22515248024517, 0.405790645879733, -0.00222565234060719, 20, 34, 0.804031
0.22515248024517, 0.40890868596882, -0.00222564133563635, 20, 34, 0.805551
0.22515248024517, 0.412026726057906, -0.00222563009559845, 20, 33, 0.779361
0.22515248024517, 0.415144766146993, -0.00222561863012191, 20, 33, 0.779679
0.22515248024517, 0.41826280623608, -0.0022256069300684, 20, 33, 0.781942
0.22515248024517, 0.421380846325167, -0.00222559499291389, 20, 33, 0.781559
0.22515248024517, 0.424498886414254, -0.002225582810158, 20, 32, 0.756534
0.22515248024517, 0.427616926503341, -0.00222557039205269, 20, 32, 0.757339
0.22515248024517, 0.430734966592428, -0.00222555772918337, 20, 32, 0.756823
0.22515248024517, 0.433853006681514, -0.00222554481905743, 20, 32, 0.75642
0.22515248024517, 0.436971046770601, -0.00222553165918705, 20, 32, 0.756464
0.22515248024517, 0.440089086859688, -0.00222551824142766, 20, 31, 0.730717
0.22515248024517, 0.443207126948775, -0.00222550457537719, 20, 31, 0.733224
0.22515248024517, 0.446325167037862, -0.00222549065206041, 20, 31, 0.733236
0.22515248024517, 0.449443207126949, -0.00222547646903239, 20, 31, 0.733234
0.22515248024517, 0.452561247216036, -0.00222546201741211, 20, 30, 0.707901
0.22515248024517, 0.455679287305123, -0.00222544730848497, 20, 30, 0.706486
0.22515248024517, 0.458797327394209, -0.00222543233245944, 20, 30, 0.706402
0.22515248024517, 0.461915367483296, -0.00222541708694243, 20, 30, 0.706372
0.22515248024517, 0.465033407572383, -0.00222540156955102, 20, 30, 0.706386
0.22515248024517, 0.46815144766147, -0.00222538577791351, 20, 30, 0.706764
0.22515248024517, 0.471269487750557, -0.0022253697038265, 20, 29, 0.684668
0.22515248024517, 0.474387527839644, -0.00222535335735581, 20, 29, 0.684367
0.22515248024517, 0.477505567928731, -0.00222533672951049, 20, 29, 0.694044
0.22515248024517, 0.480623608017817, -0.0022253198179835, 20, 29, 0.683263
0.22515248024517, 0.483741648106904, -0.00222530262048185, 20, 29, 0.683677
0.22515248024517, 0.486859688195991, -0.00222528512835907, 20, 28, 0.65863
0.22515248024517, 0.489977728285078, -0.00222526735285359, 20, 28, 0.657726
0.22515248024517, 0.493095768374165, -0.00222524928449561, 20, 28, 0.665049
0.22515248024517, 0.496213808463252, -0.00222523092106743, 20, 28, 0.664604
0.22515248024517, 0.499331848552339, -0.00222521226036801, 20, 28, 0.677991
0.22515248024517, 0.502449888641425, -0.00222519330021384, 20, 28, 0.665719
0.22515248024517, 0.505567928730512, -0.00222517403200974, 20, 27, 0.634509
0.22515248024517, 0.508685968819599, -0.00222515446721517, 20, 27, 0.63606
0.22515248024517, 0.511804008908686, -0.00222513459644185, 20, 27, 0.651217
0.22515248024517, 0.514922048997773, -0.00222511441759382, 20, 27, 0.63558
0.22515248024517, 0.51804008908686, -0.0022250939285951, 20, 27, 0.63459
0.22515248024517, 0.521158129175947, -0.00222507312739047, 20, 27, 0.634997
0.22515248024517, 0.524276169265034, -0.00222505201194617, 20, 27, 0.636555
0.22515248024517, 0.52739420935412, -0.00222503057415212, 20, 26, 0.612466
0.22515248024517, 0.530512249443207, -0.00222500882489957, 20, 26, 0.616412
0.22515248024517, 0.533630289532294, -0.00222498675536577, 20, 26, 0.617612
0.22515248024517, 0.536748329621381, -0.00222496436361818, 20, 26, 0.618581
0.22515248024517, 0.539866369710468, -0.00222494164774807, 20, 26, 0.616727
0.22515248024517, 0.542984409799555, -0.00222491860587119, 20, 26, 0.617037
0.22515248024517, 0.546102449888642, -0.0022248952361285, 20, 26, 0.619973
0.22515248024517, 0.549220489977728, -0.00222487153051152, 20, 25, 0.592218
0.22515248024517, 0.552338530066815, -0.00222484750023004, 20, 25, 0.59403
0.22515248024517, 0.555456570155902, -0.00222482313659105, 20, 25, 0.594212
0.22515248024517, 0.558574610244989, -0.00222479843785, 20, 25, 0.593337
0.22515248024517, 0.561692650334076, -0.00222477340228969, 20, 25, 0.594891
0.22515248024517, 0.564810690423163, -0.00222474802822086, 20, 25, 0.592869
0.22515248024517, 0.567928730512249, -0.00222472231398289, 20, 25, 0.593415
0.22515248024517, 0.571046770601336, -0.0022246962512682, 20, 24, 0.56828
0.22515248024517, 0.574164810690423, -0.00222466985252036, 20, 24, 0.568008
0.22515248024517, 0.57728285077951, -0.00222464310872712, 20, 24, 0.567826
0.22515248024517, 0.580400890868597, -0.00222461601835538, 20, 24, 0.568485
0.22515248024517, 0.583518930957684, -0.00222458857990269, 20, 24, 0.566998
0.22515248024517, 0.586636971046771, -0.00222456079189783, 20, 24, 0.567592
0.22515248024517, 0.589755011135857, -0.00222453265290143, 20, 24, 0.570221
0.22515248024517, 0.592873051224944, -0.00222450416150638, 20, 24, 0.569773
0.22515248024517, 0.595991091314031, -0.0022244753163386, 20, 24, 0.569893
0.22515248024517, 0.599109131403118, -0.00222444610981016, 20, 23, 0.543971
0.22515248024517, 0.602227171492205, -0.002224416553732, 20, 23, 0.543515
0.22515248024517, 0.605345211581292, -0.00222438663989953, 20, 23, 0.543715
0.22515248024517, 0.608463251670379, -0.00222435636708163, 20, 23, 0.54417
0.22515248024517, 0.611581291759466, -0.00222432573408199, 20, 23, 0.543571
0.22515248024517, 0.614699331848552, -0.00222429473973965, 20, 23, 0.544329
0.22515248024517, 0.617817371937639, -0.00222426338292957, 20, 23, 0.542538
0.22515248024517, 0.620935412026726, -0.00222423166256305, 20, 23, 0.544341
0.22515248024517, 0.624053452115813, -0.00222419957758828, 20, 23, 0.543162
0.22515248024517, 0.6271714922049, -0.00222416712063198, 20, 22, 0.511671
0.22515248024517, 0.630289532293987, -0.00222413430404322, 20, 22, 0.511645
0.22515248024517, 0.633407572383074, -0.00222410111985877, 20, 22, 0.512464
0.22515248024517, 0.63652561247216, -0.00222406756718448, 20, 22, 0.511977
0.22515248024517, 0.639643652561247, -0.00222403364516484, 20, 22, 0.511732
0.22515248024517, 0.642761692650334, -0.00222399935298349, 20, 22, 0.51171
0.22515248024517, 0.645879732739421, -0.00222396468986363, 20, 22, 0.514049
0.22515248024517, 0.648997772828508, -0.00222392965506844, 20, 22, 0.513979
0.22515248024517, 0.652115812917595, -0.00222389424790167, 20, 22, 0.514004
0.22515248024517, 0.655233853006682, -0.00222385846770794, 20, 22, 0.514459
0.22515248024517, 0.658351893095768, -0.00222382230747577, 20, 21, 0.488411
0.22515248024517, 0.661469933184855, -0.00222378578001313, 20, 21, 0.488532
0.22515248024517, 0.664587973273942, -0.00222374887775372, 20, 21, 0.488393
0.22515248024517, 0.667706013363029, -0.00222371160021484, 20, 21, 0.48861
0.22515248024517, 0.670824053452116, -0.0022236739469563, 20, 21, 0.48872
0.22515248024517, 0.673942093541203, -0.00222363591758084, 20, 21, 0.489221
0.22515248024517, 0.67706013363029, -0.00222359751173455, 20, 21, 0.488813
0.22515248024517, 0.680178173719376, -0.00222355872910727, 20, 21, 0.488909
0.22515248024517, 0.683296213808463, -0.00222351956943296, 20, 21, 0.48838
0.22515248024517, 0.68641425389755, -0.00222348003249013, 20, 21, 0.488582
0.22515248024517, 0.689532293986637, -0.00222344011810217, 20, 21, 0.488911
0.22515248024517, 0.692650334075724, -0.00222339981968681, 20, 20, 0.46306
0.22515248024517, 0.695768374164811, -0.00222335915062366, 20, 20, 0.464111
0.22515248024517, 0.698886414253898, -0.00222331810380952, 20, 20, 0.463286
0.22515248024517, 0.702004454342984, -0.00222327667925525, 20, 20, 0.463868
0.22515248024517, 0.705122494432071, -0.00222323487701798, 20, 20, 0.463178
0.22515248024517, 0.708240534521158, -0.00222319269720153, 20, 20, 0.465761
0.22515248024517, 0.711358574610245, -0.00222315013995661, 20, 20, 0.465505
0.22515248024517, 0.714476614699332, -0.00222310720548141, 20, 20, 0.465204
0.22515248024517, 0.717594654788419, -0.00222306389402176, 20, 20, 0.465286
0.22515248024517, 0.720712694877506, -0.00222302020587149, 20, 20, 0.466241
0.22515248024517, 0.723830734966592, -0.0022229761413728, 20, 20, 0.465589
0.22515248024517, 0.726948775055679, -0.0022229317009165, 20, 20, 0.465407
0.22515248024517, 0.730066815144766, -0.00222288687833123, 20, 19, 0.43973
0.22515248024517, 0.733184855233853, -0.00222284168787816, 20, 19, 0.439681
0.22515248024517, 0.73630289532294, -0.00222279612288925, 20, 19, 0.440041
0.22515248024517, 0.739420935412027, -0.00222275018395669, 20, 19, 0.439782
0.22515248024517, 0.742538975501114, -0.00222270387172244, 20, 19, 0.439678
0.22515248024517, 0.7456570155902, -0.00222265718687855, 20, 19, 0.439677
0.22515248024517, 0.748775055679287, -0.00222261013016746, 20, 19, 0.440154
0.22515248024517, 0.751893095768374, -0.00222256270238227, 20, 19, 0.439739
0.22515248024517, 0.755011135857461, -0.00222251490436702, 20, 19, 0.439765
0.22515248024517, 0.758129175946548, -0.00222246673701697, 20, 19, 0.439875
0.22515248024517, 0.761247216035635, -0.00222241820127882, 20, 19, 0.44082
0.22515248024517, 0.764365256124722, -0.00222236929815098, 20, 19, 0.439858
0.22515248024517, 0.767483296213809, -0.00222232002868384, 20, 19, 0.439984
0.22515248024517, 0.770601336302895, -0.00222227039397999, 20, 19, 0.43998
0.22515248024517, 0.773719376391982, -0.00222222038876289, 20, 18, 0.414267
0.22515248024517, 0.776837416481069, -0.00222217002761132, 20, 18, 0.414244
0.22515248024517, 0.779955456570156, -0.00222211930480625, 20, 18, 0.414214
0.22515248024517, 0.783073496659243, -0.00222206822166444, 20, 18, 0.414323
0.22515248024517, 0.78619153674833, -0.00222201677955575, 20, 18, 0.416636
0.22515248024517, 0.789309576837417, -0.00222196497990321, 20, 18, 0.416559
0.22515248024517, 0.792427616926503, -0.00222191282418341, 20, 18, 0.417231
0.22515248024517, 0.79554565701559, -0.00222186031392662, 20, 18, 0.416635
0.22515248024517, 0.798663697104677, -0.00222180745071699, 20, 18, 0.416755
0.22515248024517, 0.801781737193764, -0.00222175423619274, 20, 18, 0.416532
0.22515248024517, 0.804899777282851, -0.00222170067204636, 20, 18, 0.416662
0.22515248024517, 0.808017817371938, -0.00222164676002477, 20, 18, 0.416563
0.22515248024517, 0.811135857461025, -0.00222159250192953, 20, 18, 0.416588
0.22515248024517, 0.814253897550111, -0.00222153789961694, 20, 18, 0.417377
0.22515248024517, 0.817371937639198, -0.00222148295499828, 20, 18, 0.416468
0.22515248024517, 0.820489977728285, -0.00222142766344016, 20, 17, 0.391076
0.22515248024517, 0.823608017817372, -0.00222137204065712, 20, 17, 0.391174
0.22515248024517, 0.826726057906459, -0.00222131608159611, 20, 17, 0.391029
0.22515248024517, 0.829844097995546, -0.00222125978839235, 20, 17, 0.391249
0.22515248024517, 0.832962138084633, -0.0022212031632365, 20, 17, 0.391083
0.22515248024517, 0.836080178173719, -0.0022211462083748, 20, 17, 0.392064
0.22515248024517, 0.839198218262806, -0.00222108892610919, 20, 17, 0.391111
0.22515248024517, 0.842316258351893, -0.00222103131879746, 20, 17, 0.39173
0.22515248024517, 0.84543429844098, -0.00222097338885337, 20, 17, 0.390981
0.22515248024517, 0.848552338530067, -0.00222091513874673, 20, 17, 0.390972
0.22515248024517, 0.851670378619154, -0.00222085657100351, 20, 17, 0.391069
0.22515248024517, 0.854788418708241, -0.00222079768820598, 20, 17, 0.39121
0.22515248024517, 0.857906458797328, -0.00222073849299277, 20, 17, 0.39093
0.22515248024517, 0.861024498886414, -0.00222067898805895, 20, 17, 0.391
0.22515248024517, 0.864142538975501, -0.00222061917615615, 20, 17, 0.39094
0.22515248024517, 0.867260579064588, -0.00222055906009258, 20, 17, 0.390907
0.22515248024517, 0.870378619153675, -0.00222049864273316, 20, 17, 0.390933
0.22515248024517, 0.873496659242762, -0.00222043792699953, 20, 17, 0.390959
0.22515248024517, 0.876614699331849, -0.00222037690961125, 20, 16, 0.365472
0.22515248024517, 0.879732739420936, -0.00222031560656306, 20, 16, 0.365463
0.22515248024517, 0.882850779510022, -0.00222025401421557, 20, 16, 0.365472
0.22515248024517, 0.885968819599109, -0.00222019213572015, 20, 16, 0.367775
0.22515248024517, 0.889086859688196, -0.00222012997428486, 20, 16, 0.367765
0.22515248024517, 0.892204899777283, -0.00222006753317478, 20, 16, 0.367803
0.22515248024517, 0.89532293986637, -0.00222000481571183, 20, 16, 0.367781
0.22515248024517, 0.898440979955457, -0.00221994182527487, 20, 16, 0.367761
0.22515248024517, 0.901559020044544, -0.0022198785652997, 20, 16, 0.367851
0.22515248024517, 0.90467706013363, -0.00221981503927911, 20, 16, 0.368329
0.22515248024517, 0.907795100222717, -0.00221975125076285, 20, 16, 0.367896
0.22515248024517, 0.910913140311804, -0.00221968720335767, 20, 16, 0.367874
0.22515248024517, 0.914031180400891, -0.0022196229007273, 20, 16, 0.368159
0.22515248024517, 0.917149220489978, -0.00221955834659245, 20, 16, 0.367892
0.22515248024517, 0.920267260579065, -0.00221949354473078, 20, 16, 0.368247
0.22515248024517, 0.923385300668152, -0.00221942849897694, 20, 16, 0.367844
0.22515248024517, 0.926503340757238, -0.00221936321322246, 20, 16, 0.367857
0.22515248024517, 0.929621380846325, -0.0022192976914158, 20, 16, 0.368096
0.22515248024517, 0.932739420935412, -0.00221923193756227, 20, 16, 0.367783
0.22515248024517, 0.935857461024499, -0.00221916595572402, 20, 16, 0.367811
0.22515248024517, 0.938975501113586, -0.00221909974389544, 20, 15, 0.342582
0.22515248024517, 0.942093541202673, -0.00221903331890741, 20, 15, 0.34233
0.22515248024517, 0.945211581291759, -0.00221896667843472, 20, 15, 0.344228
0.22515248024517, 0.948329621380847, -0.00221889982676808, 20, 15, 0.342683
0.22515248024517, 0.951447661469933, -0.00221883276825465, 20, 15, 0.342394
0.22515248024517, 0.95456570155902, -0.00221876550729799, 20, 15, 0.34253
0.22515248024517, 0.957683741648107, -0.00221869804835791, 20, 15, 0.342685
0.22515248024517, 0.960801781737194, -0.00221863039595051, 20, 15, 0.342372
0.22515248024517, 0.963919821826281, -0.00221856255464802, 20, 15, 0.342347
0.22515248024517, 0.967037861915368, -0.00221849452907873, 20, 15, 0.342618
0.22515248024517, 0.970155902004454, -0.00221842632392694, 20, 15, 0.342311
0.22515248024517, 0.973273942093541, -0.00221835794393282, 20, 15, 0.343
0.22515248024517, 0.976391982182628, -0.00221828939389233, 20, 15, 0.342346
0.22515248024517, 0.979510022271715, -0.00221822067865711, 20, 15, 0.342347
0.22515248024517, 0.982628062360802, -0.00221815180313439, 20, 15, 0.342637
0.22515248024517, 0.985746102449889, -0.00221808277228684, 20, 15, 0.342326
0.22515248024517, 0.988864142538975, -0.00221801359113249, 20, 15, 0.342364
0.22515248024517, 0.991982182628063, -0.00221794426474456, 20, 15, 0.342658
0.22515248024517, 0.995100222717149, -0.00221787479825136, 20, 15, 0.344129
0.22515248024517, 0.998218262806236, -0.00221780519683618, 20, 15, 0.342355
0.22515248024517, 1.00133630289532, -0.0022177354657371, 20, 15, 0.342702
0.22515248024517, 1.00445434298441, -0.00221766561024686, 20, 15, 0.342402
0.22515248024517, 1.0075723830735, -0.00221759563571274, 20, 15, 0.34256
0.22515248024517, 1.01069042316258, -0.00221752554157154, 20, 14, 0.31712
0.22515248024517, 1.01380846325167, -0.00221745534557897, 20, 14, 0.319239
0.22515248024517, 1.01692650334076, -0.00221738504688694, 20, 14, 0.319253
0.22515248024517, 1.02004454342984, -0.00221731465106069, 20, 14, 0.319527
0.22515248024517, 1.02316258351893, -0.00221724416371905, 20, 14, 0.319225
0.22515248024517, 1.02628062360802, -0.00221717359053427, 20, 14, 0.319198
0.22515248024517, 1.0293986636971, -0.0022171029372319, 20, 14, 0.31945
0.22515248024517, 1.03251670378619, -0.00221703220959059, 20, 14, 0.319177
0.22515248024517, 1.03563474387528, -0.0022169614134419, 20, 14, 0.319265
0.22515248024517, 1.03875278396437, -0.00221689055467011, 20, 14, 0.319193
0.22515248024517, 1.04187082405345, -0.00221681963921203, 20, 14, 0.319494
0.22515248024517, 1.04498886414254, -0.00221674867305683, 20, 14, 0.320318
0.22515248024517, 1.04810690423163, -0.00221667766224579, 20, 14, 0.319917
0.22515248024517, 1.05122494432071, -0.00221660661287211, 20, 14, 0.319475
0.22515248024517, 1.0543429844098, -0.00221653553108074, 20, 14, 0.319148
0.22515248024517, 1.05746102449889, -0.00221646442306811, 20, 14, 0.319202
0.22515248024517, 1.06057906458797, -0.00221639329508193, 20, 14, 0.319466
0.22515248024517, 1.06369710467706, -0.00221632215342096, 20, 14, 0.31918
0.22515248024517, 1.06681514476615, -0.00221625100443484, 20, 14, 0.319248
0.22515248024517, 1.06993318485523, -0.00221617985452375, 20, 14, 0.319586
0.22515248024517, 1.07305122494432, -0.00221610871013829, 20, 14, 0.319202
0.22515248024517, 1.07616926503341, -0.00221603757777914, 20, 14, 0.319221
0.22515248024517, 1.07928730512249, -0.00221596646399691, 20, 14, 0.319495
0.22515248024517, 1.08240534521158, -0.0022158953753918, 20, 14, 0.319235
0.22515248024517, 1.08552338530067, -0.00221582431861344, 20, 14, 0.319216
0.22515248024517, 1.08864142538976, -0.00221575330036057, 20, 14, 0.319551
0.22515248024517, 1.09175946547884, -0.00221568232738079, 20, 14, 0.319216
0.22515248024517, 1.09487750556793, -0.00221561140078962, 20, 13, 0.29374
0.22515248024517, 1.09799554565702, -0.00221554053912127, 20, 13, 0.294456
0.22515248024517, 1.1011135857461, -0.00221546974324058, 20, 13, 0.295175
0.22515248024517, 1.10423162583519, -0.00221539902008908, 20, 13, 0.293693
0.22515248024517, 1.10734966592428, -0.0022153283766558, 20, 13, 0.29374
0.22515248024517, 1.11046770601336, -0.00221525781997692, 20, 13, 0.294038
0.22515248024517, 1.11358574610245, -0.00221518735713556, 20, 13, 0.293728
0.22515248024517, 1.11670378619154, -0.00221511699526145, 20, 13, 0.293709
0.22515248024517, 1.11982182628062, -0.00221504674153068, 20, 13, 0.293997
0.22515248024517, 1.12293986636971, -0.00221497660316537, 20, 13, 0.293649
0.22515248024517, 1.1260579064588, -0.00221490658743342, 20, 13, 0.294034
0.22515248024517, 1.12917594654788, -0.00221483670164816, 20, 13, 0.293626
0.22515248024517, 1.13229398663697, -0.00221476695316811, 20, 13, 0.295785
0.22515248024517, 1.13541202672606, -0.00221469734939662, 20, 13, 0.294705
0.22515248024517, 1.13853006681514, -0.00221462789778162, 20, 13, 0.293625
0.22515248024517, 1.14164810690423, -0.00221455860581523, 20, 13, 0.293541
0.22515248024517, 1.14476614699332, -0.00221448948103355, 20, 13, 0.293538
0.22515248024517, 1.14788418708241, -0.00221442053101625, 20, 13, 0.293533
0.22515248024517, 1.15100222717149, -0.00221435176338631, 20, 13, 0.293525
0.22515248024517, 1.15412026726058, -0.00221428318580969, 20, 13, 0.293531
0.22515248024517, 1.15723830734967, -0.00221421480599495, 20, 13, 0.293508
0.22515248024517, 1.16035634743875, -0.00221414663169302, 20, 13, 0.293579
0.22515248024517, 1.16347438752784, -0.00221407867069677, 20, 13, 0.293557
0.22515248024517, 1.16659242761693, -0.00221401093084075, 20, 13, 0.293534
0.22515248024517, 1.16971046770601, -0.00221394342000081, 20, 13, 0.293564
0.22515248024517, 1.1728285077951, -0.00221387614609377, 20, 13, 0.293586
0.22515248024517, 1.17594654788419, -0.00221380911707711, 20, 13, 0.293555
0.22515248024517, 1.17906458797327, -0.00221374234094858, 20, 13, 0.293621
0.22515248024517, 1.18218262806236, -0.00221367582574593, 20, 13, 0.295894
0.22515248024517, 1.18530066815145, -0.00221360957954634, 20, 13, 0.295902
0.22515248024517, 1.18841870824053, -0.00221354361046639, 20, 13, 0.295938
0.22515248024517, 1.19153674832962, -0.0022134779266615, 20, 13, 0.298994
0.22515248024517, 1.19465478841871, -0.00221341253103097, 20, 12, 0.273618
0.22515248024517, 1.1977728285078, -0.00221334744267936, 20, 12, 0.273311
0.22515248024517, 1.20089086859688, -0.00221328266428372, 20, 12, 0.273389
0.22515248024517, 1.20400890868597, -0.00221321820415225, 20, 12, 0.273587
0.22515248024517, 1.20712694877506, -0.00221315407063015, 20, 12, 0.273687
0.22515248024517, 1.21024498886414, -0.00221309027209933, 20, 12, 0.273631
0.22515248024517, 1.21336302895323, -0.002213026816978, 20, 12, 0.273515
0.22515248024517, 1.21648106904232, -0.00221296371372027, 20, 12, 0.273106
0.22515248024517, 1.2195991091314, -0.00221290097081587, 20, 12, 0.273574
0.22515248024517, 1.22271714922049, -0.00221283859678967, 20, 12, 0.273364
0.22515248024517, 1.22583518930958, -0.00221277660020138, 20, 12, 0.272518
0.22515248024517, 1.22895322939866, -0.00221271498964513, 20, 12, 0.271859
0.22515248024517, 1.23207126948775, -0.00221265377374912, 20, 12, 0.271491
0.22515248024517, 1.23518930957684, -0.00221259296117521, 20, 12, 0.27152
0.22515248024517, 1.23830734966592, -0.00221253256061855, 20, 12, 0.27119
0.22515248024517, 1.24142538975501, -0.00221247258080718, 20, 12, 0.271303
0.22515248024517, 1.2445434298441, -0.00221241303050169, 20, 12, 0.270939
0.22515248024517, 1.24766146993318, -0.00221235391849475, 20, 12, 0.271215
0.22515248024517, 1.25077951002227, -0.00221229525361081, 20, 12, 0.271638
0.22515248024517, 1.25389755011136, -0.00221223704470562, 20, 12, 0.271199
0.22515248024517, 1.25701559020045, -0.0022121793006659, 20, 12, 0.27233
0.22515248024517, 1.26013363028953, -0.00221212203040891, 20, 12, 0.272295
0.22515248024517, 1.26325167037862, -0.00221206524288209, 20, 12, 0.272103
0.22515248024517, 1.26636971046771, -0.00221200894706261, 20, 12, 0.272103
0.22515248024517, 1.26948775055679, -0.002211953151957, 20, 12, 0.271664
0.22515248024517, 1.27260579064588, -0.00221189786660074, 20, 12, 0.271156
0.22515248024517, 1.27572383073497, -0.00221184310005788, 20, 12, 0.271376
0.22515248024517, 1.27884187082405, -0.00221178886142061, 20, 12, 0.271559
0.22515248024517, 1.28195991091314, -0.00221173515980885, 20, 12, 0.272348
0.22515248024517, 1.28507795100223, -0.00221168200436986, 20, 12, 0.27242
0.22515248024517, 1.28819599109131, -0.00221162940427785, 20, 12, 0.271824
0.22515248024517, 1.2913140311804, -0.00221157736873352, 20, 12, 0.271302
0.22515248024517, 1.29443207126949, -0.00221152590696369, 20, 12, 0.271611
0.22515248024517, 1.29755011135857, -0.00221147502822089, 20, 12, 0.272051
0.22515248024517, 1.30066815144766, -0.00221142474178292, 20, 12, 0.272209
0.22515248024517, 1.30378619153675, -0.00221137505695246, 20, 12, 0.272327
0.22515248024517, 1.30690423162584, -0.00221132598305666, 20, 12, 0.271743
0.22515248024517, 1.31002227171492, -0.00221127752944671, 20, 12, 0.271694
0.22515248024517, 1.31314031180401, -0.00221122970057377, 20, 11, 0.245847
0.22515248024517, 1.3162583518931, -0.00221118251592519, 20, 11, 0.245704
0.22515248024517, 1.31937639198218, -0.00221113597974429, 20, 11, 0.246268
0.22515248024517, 1.32249443207127, -0.00221109010147485, 20, 11, 0.246696
0.22515248024517, 1.32561247216036, -0.00221104489058261, 20, 11, 0.246528
0.22515248024517, 1.32873051224944, -0.00221100035655481, 20, 11, 0.246027
0.22515248024517, 1.33184855233853, -0.00221095650889979, 20, 11, 0.246179
0.22515248024517, 1.33496659242762, -0.00221091335714658, 20, 11, 0.245976
0.22515248024517, 1.3380846325167, -0.00221087091084446, 20, 11, 0.245856
0.22515248024517, 1.34120267260579, -0.00221082917956255, 20, 11, 0.245863
0.22515248024517, 1.34432071269488, -0.00221078817288941, 20, 11, 0.246021
0.22515248024517, 1.34743875278396, -0.00221074790043257, 20, 11, 0.246275
0.22515248024517, 1.35055679287305, -0.00221070837181816, 20, 11, 0.246657
0.22515248024517, 1.35367483296214, -0.00221066959669046, 20, 11, 0.246272
0.22515248024517, 1.35679287305122, -0.00221063158471148, 20, 11, 0.246539
0.22515248024517, 1.35991091314031, -0.00221059434556057, 20, 11, 0.246159
0.22515248024517, 1.3630289532294, -0.00221055788893393, 20, 11, 0.246208
0.22515248024517, 1.36614699331849, -0.00221052222454427, 20, 11, 0.245952
0.22515248024517, 1.36926503340757, -0.00221048736212032, 20, 11, 0.246029
0.22515248024517, 1.37238307349666, -0.00221045331140642, 20, 11, 0.246646
0.22515248024517, 1.37550111358575, -0.00221042008216216, 20, 11, 0.24677
0.22515248024517, 1.37861915367483, -0.00221038768416186, 20, 11, 0.246469
0.22515248024517, 1.38173719376392, -0.00221035612719422, 20, 11, 0.246081
0.22515248024517, 1.38485523385301, -0.00221032542106186, 20, 11, 0.246046
0.22515248024517, 1.38797327394209, -0.00221029557558091, 20, 11, 0.246107
0.22515248024517, 1.39109131403118, -0.00221026660058058, 20, 11, 0.24658
0.22515248024517, 1.39420935412027, -0.00221023850590276, 20, 11, 0.246684
0.22515248024517, 1.39732739420935, -0.00221021130140156, 20, 11, 0.246483
0.22515248024517, 1.40044543429844, -0.00221018499694294, 20, 11, 0.245579
0.22515248024517, 1.40356347438753, -0.00221015960240421, 20, 11, 0.24582
0.22515248024517, 1.40668151447661, -0.00221013512767368, 20, 11, 0.245938
0.22515248024517, 1.4097995545657, -0.00221011158265022, 20, 11, 0.246195
0.22515248024517, 1.41291759465479, -0.00221008897724282, 20, 11, 0.246207
0.22515248024517, 1.41603563474388, -0.00221006732137025, 20, 11, 0.248285
0.22515248024517, 1.41915367483296, -0.00221004662496036, 20, 11, 0.248376
0.22515248024517, 1.42227171492205, -0.00221002689795008, 20, 11, 0.248279
0.22515248024517, 1.42538975501114, -0.00221000815028473, 20, 11, 0.248331
0.22515248024517, 1.42850779510022, -0.00220999039191764, 20, 11, 0.248993
0.22515248024517, 1.43162583518931, -0.00220997363280978, 20, 11, 0.249004
0.22515248024517, 1.4347438752784, -0.00220995788292929, 20, 11, 0.248905
0.22515248024517, 1.43786191536748, -0.0022099431522511, 20, 11, 0.248422
0.22515248024517, 1.44097995545657, -0.0022099294507565, 20, 11, 0.248085
0.22515248024517, 1.44409799554566, -0.00220991678843273, 20, 11, 0.247694
0.22515248024517, 1.44721603563474, -0.00220990517527254, 20, 11, 0.247243
0.22515248024517, 1.45033407572383, -0.00220989462127382, 20, 11, 0.247246
0.22515248024517, 1.45345211581292, -0.00220988513643913, 20, 11, 0.247454
0.22515248024517, 1.456570155902, -0.00220987673077534, 20, 11, 0.247312
0.22515248024517, 1.45968819599109, -0.00220986940996368, 20, 10, 0.2218
0.22515248024517, 1.46280623608018, -0.00220986319287139, 20, 10, 0.221972
0.22515248024517, 1.46592427616927, -0.00220985808498353, 20, 10, 0.22175
0.22515248024517, 1.46904231625835, -0.00220985409632037, 20, 10, 0.221801
0.22515248024517, 1.47216035634744, -0.00220985123690442, 20, 10, 0.22173
0.22515248024517, 1.47527839643653, -0.00220984951676, 20, 10, 0.221746
0.22515248024517, 1.47839643652561, -0.00220984894591281, 20, 10, 0.221735
0.22515248024517, 1.4815144766147, -0.00220984953438956, 20, 10, 0.22221
0.22515248024517, 1.48463251670379, -0.00220985129221757, 20, 10, 0.221781
0.22515248024517, 1.48775055679287, -0.00220985422942432, 20, 10, 0.223209
0.22515248024517, 1.49086859688196, -0.0022098583560371, 20, 10, 0.22203
0.22515248024517, 1.49398663697105, -0.00220986368208257, 20, 10, 0.221696
0.22515248024517, 1.49710467706013, -0.00220987021758641, 20, 10, 0.221704
0.22515248024517, 1.50022271714922, -0.00220987797257286, 20, 10, 0.221713
0.22515248024517, 1.50334075723831, -0.00220988695706435, 20, 10, 0.221729
0.22515248024517, 1.50645879732739, -0.00220989718108111, 20, 10, 0.222067
0.22515248024517, 1.50957683741648, -0.00220990865464078, 20, 10, 0.221702
0.22515248024517, 1.51269487750557, -0.00220992138775799, 20, 10, 0.221715
0.22515248024517, 1.51581291759465, -0.00220993539044399, 20, 10, 0.22171
0.22515248024517, 1.51893095768374, -0.00220995067270625, 20, 10, 0.221727
0.22515248024517, 1.52204899777283, -0.00220996724454806, 20, 10, 0.222198
0.22515248024517, 1.52516703786192, -0.00220998511596817, 20, 10, 0.221744
0.22515248024517, 1.528285077951, -0.00221000429696036, 20, 10, 0.221763
0.22515248024517, 1.53140311804009, -0.00221002479751311, 20, 10, 0.221925
0.22515248024517, 1.53452115812918, -0.00221004662760915, 20, 10, 0.22181
0.22515248024517, 1.53763919821826, -0.00221006979722512, 20, 10, 0.221682
0.22515248024517, 1.54075723830735, -0.0022100943163312, 20, 10, 0.221713
0.22515248024517, 1.54387527839644, -0.00221012019489067, 20, 10, 0.221722
0.22515248024517, 1.54699331848552, -0.0022101474428596, 20, 10, 0.221749
0.22515248024517, 1.55011135857461, -0.00221017607018643, 20, 10, 0.221676
0.22515248024517, 1.5532293986637, -0.0022102060868116, 20, 10, 0.221743
0.22515248024517, 1.55634743875278, -0.00221023750266719, 20, 10, 0.221683
0.22515248024517, 1.55946547884187, -0.00221027032767654, 20, 10, 0.22171
0.22515248024517, 1.56258351893096, -0.00221030457175385, 20, 10, 0.221762
0.22515248024517, 1.56570155902004, -0.00221034024480389, 20, 10, 0.221696
0.22515248024517, 1.56881959910913, -0.00221037735672153, 20, 10, 0.221743
0.22515248024517, 1.57193763919822, -0.00221041591739145, 20, 10, 0.221913
0.22515248024517, 1.57505567928731, -0.00221045593668775, 20, 10, 0.228372
0.22515248024517, 1.57817371937639, -0.00221049742447357, 20, 10, 0.240577
0.22515248024517, 1.58129175946548, -0.00221054039060076, 20, 10, 0.257222
0.22515248024517, 1.58440979955457, -0.00221058484490951, 20, 10, 0.250196
0.22515248024517, 1.58752783964365, -0.00221063079722797, 20, 10, 0.229279
0.22515248024517, 1.59064587973274, -0.00221067825737194, 20, 10, 0.225392
0.22515248024517, 1.59376391982183, -0.00221072723514445, 20, 10, 0.223295
0.22515248024517, 1.59688195991091, -0.00221077774033549, 20, 10, 0.234337
0.22515248024517, 1.6, -0.00221082978272158, 20, 10, 0.222204
# finished at Wed Apr 30 00:02:15 CEST 2014
