# starting on alcc59 at Wed Apr 30 03:54:47 CEST 2014
# casimir, -T, 0.200000,1.600000,450, -Q, 0.500010425571842, -p, 1e-08, -L, 20
# Compiler icc, using long double and plain matrix elements and plain integration
# precision=1e-08
# lfac=5
# cores=1
# L=0.50001
# T=0.2...1.6 (450)
#
# R/(L+R), T, F, lmax, nmax, time
0.500010425571842, 0.2, -0.0377850483563248, 20, 97, 2.92346
0.500010425571842, 0.203118040089087, -0.0377850325534474, 20, 95, 2.83914
0.500010425571842, 0.206236080178174, -0.0377850160912956, 20, 94, 2.87762
0.500010425571842, 0.209354120267261, -0.0377849988119069, 20, 92, 2.91953
0.500010425571842, 0.212472160356347, -0.0377849808355843, 20, 91, 2.76409
0.500010425571842, 0.215590200445434, -0.0377849620685349, 20, 90, 2.86008
0.500010425571842, 0.218708240534521, -0.0377849424172281, 20, 88, 2.80005
0.500010425571842, 0.221826280623608, -0.0377849220096614, 20, 87, 2.82439
0.500010425571842, 0.224944320712695, -0.0377849007450904, 20, 86, 2.76857
0.500010425571842, 0.228062360801782, -0.0377848786032794, 20, 85, 2.71528
0.500010425571842, 0.231180400890869, -0.0377848555620782, 20, 84, 2.62724
0.500010425571842, 0.234298440979955, -0.0377848315990799, 20, 83, 2.5872
0.500010425571842, 0.237416481069042, -0.0377848066915937, 20, 82, 2.52087
0.500010425571842, 0.240534521158129, -0.0377847808167462, 20, 81, 2.49551
0.500010425571842, 0.243652561247216, -0.0377847539513808, 20, 80, 2.3951
0.500010425571842, 0.246770601336303, -0.0377847260721616, 20, 79, 2.35527
0.500010425571842, 0.24988864142539, -0.037784697155536, 20, 78, 2.32955
0.500010425571842, 0.253006681514477, -0.0377846671776974, 20, 77, 2.32
0.500010425571842, 0.256124721603563, -0.0377846361166459, 20, 76, 2.26611
0.500010425571842, 0.25924276169265, -0.0377846039442766, 20, 75, 2.23707
0.500010425571842, 0.262360801781737, -0.0377845706381176, 20, 74, 2.20594
0.500010425571842, 0.265478841870824, -0.0377845361735818, 20, 73, 2.17633
0.500010425571842, 0.268596881959911, -0.0377845005258753, 20, 72, 2.14667
0.500010425571842, 0.271714922048998, -0.0377844637560138, 20, 72, 2.15893
0.500010425571842, 0.274832962138085, -0.0377844256724025, 20, 71, 2.12135
0.500010425571842, 0.277951002227172, -0.0377843863308766, 20, 70, 2.08773
0.500010425571842, 0.281069042316258, -0.0377843457059154, 20, 69, 2.0634
0.500010425571842, 0.284187082405345, -0.0377843037717346, 20, 68, 2.02373
0.500010425571842, 0.287305122494432, -0.0377842605972939, 20, 68, 2.02374
0.500010425571842, 0.290423162583519, -0.0377842159756831, 20, 67, 1.99451
0.500010425571842, 0.293541202672606, -0.0377841699677187, 20, 66, 2.00141
0.500010425571842, 0.296659242761693, -0.0377841226417225, 20, 66, 1.98782
0.500010425571842, 0.29977728285078, -0.0377840737920511, 20, 65, 1.9332
0.500010425571842, 0.302895322939866, -0.037784023477646, 20, 64, 1.90424
0.500010425571842, 0.306013363028953, -0.0377839717696276, 20, 64, 1.90342
0.500010425571842, 0.30913140311804, -0.037783918459472, 20, 63, 1.87806
0.500010425571842, 0.312249443207127, -0.0377838636025599, 20, 62, 1.85146
0.500010425571842, 0.315367483296214, -0.0377838072791016, 20, 62, 1.85169
0.500010425571842, 0.318485523385301, -0.0377837492657951, 20, 61, 1.81407
0.500010425571842, 0.321603563474388, -0.0377836897286069, 20, 61, 1.81414
0.500010425571842, 0.324721603563474, -0.037783628452509, 20, 60, 1.78443
0.500010425571842, 0.327839643652561, -0.0377835655961976, 20, 60, 1.78326
0.500010425571842, 0.330957683741648, -0.0377835009503691, 20, 59, 1.7526
0.500010425571842, 0.334075723830735, -0.0377834345716401, 20, 58, 1.72313
0.500010425571842, 0.337193763919822, -0.0377833665458544, 20, 58, 1.7231
0.500010425571842, 0.340311804008909, -0.0377832966355883, 20, 57, 1.69264
0.500010425571842, 0.343429844097996, -0.0377832250243918, 20, 57, 1.69237
0.500010425571842, 0.346547884187082, -0.0377831514743824, 20, 56, 1.66173
0.500010425571842, 0.349665924276169, -0.0377830761706665, 20, 56, 1.66294
0.500010425571842, 0.352783964365256, -0.0377829988723238, 20, 55, 1.63227
0.500010425571842, 0.355902004454343, -0.0377829197686412, 20, 55, 1.63216
0.500010425571842, 0.35902004454343, -0.0377828386130705, 20, 54, 1.60112
0.500010425571842, 0.362138084632517, -0.0377827556018607, 20, 54, 1.6013
0.500010425571842, 0.365256124721604, -0.037782670588149, 20, 54, 1.60147
0.500010425571842, 0.36837416481069, -0.0377825834535494, 20, 53, 1.57178
0.500010425571842, 0.371492204899777, -0.0377824943705442, 20, 53, 1.57247
0.500010425571842, 0.374610244988864, -0.0377824031067004, 20, 52, 1.56346
0.500010425571842, 0.377728285077951, -0.037782309846738, 20, 52, 1.58048
0.500010425571842, 0.380846325167038, -0.0377822143443429, 20, 51, 1.51456
0.500010425571842, 0.383964365256125, -0.0377821168029048, 20, 51, 1.5164
0.500010425571842, 0.387082405345212, -0.0377820170677974, 20, 51, 1.52121
0.500010425571842, 0.390200445434298, -0.037781915016596, 20, 50, 1.48329
0.500010425571842, 0.393318485523385, -0.0377818108357794, 20, 50, 1.48854
0.500010425571842, 0.396436525612472, -0.0377817042744331, 20, 49, 1.51007
0.500010425571842, 0.399554565701559, -0.0377815955412556, 20, 49, 1.46316
0.500010425571842, 0.402672605790646, -0.0377814844836005, 20, 49, 1.46565
0.500010425571842, 0.405790645879733, -0.0377813709689709, 20, 48, 1.45297
0.500010425571842, 0.40890868596882, -0.0377812551991522, 20, 48, 1.47883
0.500010425571842, 0.412026726057906, -0.0377811370256177, 20, 48, 1.42762
0.500010425571842, 0.415144766146993, -0.0377810163171184, 20, 47, 1.41314
0.500010425571842, 0.41826280623608, -0.0377808932728688, 20, 47, 1.39355
0.500010425571842, 0.421380846325167, -0.0377807677461881, 20, 47, 1.39629
0.500010425571842, 0.424498886414254, -0.0377806396053137, 20, 46, 1.39575
0.500010425571842, 0.427616926503341, -0.0377805090510109, 20, 46, 1.39137
0.500010425571842, 0.430734966592428, -0.0377803759363253, 20, 46, 1.36652
0.500010425571842, 0.433853006681514, -0.0377802401270318, 20, 45, 1.39998
0.500010425571842, 0.436971046770601, -0.0377801018297393, 20, 45, 1.36324
0.500010425571842, 0.440089086859688, -0.0377799608949932, 20, 45, 1.37321
0.500010425571842, 0.443207126948775, -0.0377798171840713, 20, 44, 1.30635
0.500010425571842, 0.446325167037862, -0.0377796709139323, 20, 44, 1.30047
0.500010425571842, 0.449443207126949, -0.0377795219303845, 20, 44, 1.30451
0.500010425571842, 0.452561247216036, -0.0377793702090053, 20, 44, 1.30504
0.500010425571842, 0.455679287305123, -0.0377792156186948, 20, 43, 1.3331
0.500010425571842, 0.458797327394209, -0.0377790583614034, 20, 43, 1.31712
0.500010425571842, 0.461915367483296, -0.03777889829198, 20, 43, 1.36584
0.500010425571842, 0.465033407572383, -0.0377787352705944, 20, 42, 1.24021
0.500010425571842, 0.46815144766147, -0.0377785695189074, 20, 42, 1.24023
0.500010425571842, 0.471269487750557, -0.0377784008822214, 20, 42, 1.2403
0.500010425571842, 0.474387527839644, -0.0377782293372003, 20, 42, 1.24155
0.500010425571842, 0.477505567928731, -0.037778054746917, 20, 41, 1.20948
0.500010425571842, 0.480623608017817, -0.037777877328685, 20, 41, 1.20934
0.500010425571842, 0.483741648106904, -0.0377776969314305, 20, 41, 1.20928
0.500010425571842, 0.486859688195991, -0.0377775135325567, 20, 41, 1.20936
0.500010425571842, 0.489977728285078, -0.037777326995399, 20, 40, 1.17901
0.500010425571842, 0.493095768374165, -0.0377771375388465, 20, 40, 1.17864
0.500010425571842, 0.496213808463252, -0.0377769450124468, 20, 40, 1.17866
0.500010425571842, 0.499331848552339, -0.0377767493944776, 20, 40, 1.18008
0.500010425571842, 0.502449888641425, -0.037776550545768, 20, 39, 1.14929
0.500010425571842, 0.505567928730512, -0.0377763486928484, 20, 39, 1.14924
0.500010425571842, 0.508685968819599, -0.0377761436828375, 20, 39, 1.14923
0.500010425571842, 0.511804008908686, -0.0377759354988753, 20, 39, 1.15145
0.500010425571842, 0.514922048997773, -0.0377757239885658, 20, 38, 1.14546
0.500010425571842, 0.51804008908686, -0.0377755093964906, 20, 38, 1.14299
0.500010425571842, 0.521158129175947, -0.0377752915640312, 20, 38, 1.2412
0.500010425571842, 0.524276169265034, -0.0377750704714372, 20, 38, 1.13636
0.500010425571842, 0.52739420935412, -0.0377748460991931, 20, 38, 1.15625
0.500010425571842, 0.530512249443207, -0.0377746183079857, 20, 37, 1.13089
0.500010425571842, 0.533630289532294, -0.0377743873313103, 20, 37, 1.14165
0.500010425571842, 0.536748329621381, -0.0377741530167029, 20, 37, 1.192
0.500010425571842, 0.539866369710468, -0.0377739153457612, 20, 37, 1.18298
0.500010425571842, 0.542984409799555, -0.0377736743004442, 20, 37, 1.10379
0.500010425571842, 0.546102449888642, -0.0377734297431189, 20, 36, 1.06144
0.500010425571842, 0.549220489977728, -0.0377731819080463, 20, 36, 1.10593
0.500010425571842, 0.552338530066815, -0.0377729306448815, 20, 36, 1.08687
0.500010425571842, 0.555456570155902, -0.0377726759368462, 20, 36, 1.12811
0.500010425571842, 0.558574610244989, -0.0377724177674636, 20, 36, 1.1687
0.500010425571842, 0.561692650334076, -0.0377721559972512, 20, 35, 1.13165
0.500010425571842, 0.564810690423163, -0.0377718908691019, 20, 35, 1.03763
0.500010425571842, 0.567928730512249, -0.0377716222308896, 20, 35, 1.04792
0.500010425571842, 0.571046770601336, -0.037771350067547, 20, 35, 1.09686
0.500010425571842, 0.574164810690423, -0.0377710743643387, 20, 35, 1.03236
0.500010425571842, 0.57728285077951, -0.0377707949760684, 20, 34, 1.02801
0.500010425571842, 0.580400890868597, -0.0377705121628162, 20, 34, 1.00463
0.500010425571842, 0.583518930957684, -0.0377702257663444, 20, 34, 1.0084
0.500010425571842, 0.586636971046771, -0.0377699357734736, 20, 34, 1.03358
0.500010425571842, 0.589755011135857, -0.0377696421713511, 20, 34, 1.00504
0.500010425571842, 0.592873051224944, -0.0377693449474928, 20, 34, 1.00839
0.500010425571842, 0.595991091314031, -0.0377690439600441, 20, 33, 0.981816
0.500010425571842, 0.599109131403118, -0.0377687394688182, 20, 33, 0.973131
0.500010425571842, 0.602227171492205, -0.037768431319576, 20, 33, 0.996088
0.500010425571842, 0.605345211581292, -0.0377681195014844, 20, 33, 1.00725
0.500010425571842, 0.608463251670379, -0.0377678040041052, 20, 33, 0.990146
0.500010425571842, 0.611581291759466, -0.037767484817403, 20, 33, 0.969697
0.500010425571842, 0.614699331848552, -0.0377671617982877, 20, 32, 0.992908
0.500010425571842, 0.617817371937639, -0.0377668352165072, 20, 32, 0.943499
0.500010425571842, 0.620935412026726, -0.0377665049166978, 20, 32, 0.952966
0.500010425571842, 0.624053452115813, -0.0377661708905983, 20, 32, 0.968393
0.500010425571842, 0.6271714922049, -0.0377658331303741, 20, 32, 0.957044
0.500010425571842, 0.630289532293987, -0.0377654916286243, 20, 32, 0.951165
0.500010425571842, 0.633407572383074, -0.0377651463784239, 20, 32, 0.946806
0.500010425571842, 0.63652561247216, -0.0377647972432615, 20, 31, 0.938666
0.500010425571842, 0.639643652561247, -0.0377644444883258, 20, 31, 0.958385
0.500010425571842, 0.642761692650334, -0.0377640879657329, 20, 31, 0.95123
0.500010425571842, 0.645879732739421, -0.03776372767043, 20, 31, 0.913365
0.500010425571842, 0.648997772828508, -0.0377633635978269, 20, 31, 0.912498
0.500010425571842, 0.652115812917595, -0.0377629957438015, 20, 31, 0.937893
0.500010425571842, 0.655233853006682, -0.0377626241047064, 20, 31, 0.908501
0.500010425571842, 0.658351893095768, -0.0377622485454202, 20, 30, 0.877777
0.500010425571842, 0.661469933184855, -0.0377618693383556, 20, 30, 0.877832
0.500010425571842, 0.664587973273942, -0.0377614863372352, 20, 30, 0.877889
0.500010425571842, 0.667706013363029, -0.0377610995404441, 20, 30, 0.877828
0.500010425571842, 0.670824053452116, -0.0377607089468613, 20, 30, 0.877727
0.500010425571842, 0.673942093541203, -0.037760314555866, 20, 30, 0.877737
0.500010425571842, 0.67706013363029, -0.0377599163673424, 20, 30, 0.877686
0.500010425571842, 0.680178173719376, -0.0377595142418594, 20, 29, 0.846902
0.500010425571842, 0.683296213808463, -0.0377591084714522, 20, 29, 0.846874
0.500010425571842, 0.68641425389755, -0.0377586989053111, 20, 29, 0.846864
0.500010425571842, 0.689532293986637, -0.0377582855454669, 20, 29, 0.846896
0.500010425571842, 0.692650334075724, -0.0377578683944728, 20, 29, 0.846877
0.500010425571842, 0.695768374164811, -0.0377574474554496, 20, 29, 0.84829
0.500010425571842, 0.698886414253898, -0.0377570227319306, 20, 29, 0.848328
0.500010425571842, 0.702004454342984, -0.0377565942281064, 20, 29, 0.848249
0.500010425571842, 0.705122494432071, -0.0377561618063318, 20, 28, 0.817523
0.500010425571842, 0.708240534521158, -0.0377557257678113, 20, 28, 0.817604
0.500010425571842, 0.711358574610245, -0.0377552859638064, 20, 28, 0.817495
0.500010425571842, 0.714476614699332, -0.0377548424007272, 20, 28, 0.834106
0.500010425571842, 0.717594654788419, -0.0377543950855356, 20, 28, 0.819545
0.500010425571842, 0.720712694877506, -0.0377539440257495, 20, 28, 0.817555
0.500010425571842, 0.723830734966592, -0.0377534892294465, 20, 28, 0.817481
0.500010425571842, 0.726948775055679, -0.0377530307052676, 20, 28, 0.817444
0.500010425571842, 0.730066815144766, -0.0377525684624216, 20, 28, 0.817463
0.500010425571842, 0.733184855233853, -0.0377521023702467, 20, 27, 0.786744
0.500010425571842, 0.73630289532294, -0.0377516327307424, 20, 27, 0.78718
0.500010425571842, 0.739420935412027, -0.0377511594028123, 20, 27, 0.787398
0.500010425571842, 0.742538975501114, -0.0377506823980311, 20, 27, 0.786786
0.500010425571842, 0.7456570155902, -0.037750201728552, 20, 27, 0.786694
0.500010425571842, 0.748775055679287, -0.0377497174071109, 20, 27, 0.786704
0.500010425571842, 0.751893095768374, -0.0377492294470289, 20, 27, 0.786628
0.500010425571842, 0.755011135857461, -0.0377487378622153, 20, 27, 0.786537
0.500010425571842, 0.758129175946548, -0.0377482426671709, 20, 27, 0.786927
0.500010425571842, 0.761247216035635, -0.0377477437306547, 20, 26, 0.75573
0.500010425571842, 0.764365256124722, -0.037747241371845, 20, 26, 0.755743
0.500010425571842, 0.767483296213809, -0.0377467354549945, 20, 26, 0.757575
0.500010425571842, 0.770601336302895, -0.0377462259852497, 20, 26, 0.757579
0.500010425571842, 0.773719376391982, -0.0377457129860979, 20, 26, 0.75907
0.500010425571842, 0.776837416481069, -0.0377451964756029, 20, 26, 0.759055
0.500010425571842, 0.779955456570156, -0.0377446764725657, 20, 26, 0.759054
0.500010425571842, 0.783073496659243, -0.0377441529963491, 20, 26, 0.758997
0.500010425571842, 0.78619153674833, -0.0377436260669247, 20, 26, 0.759011
0.500010425571842, 0.789309576837417, -0.0377430957048749, 20, 26, 0.759813
0.500010425571842, 0.792427616926503, -0.0377425619313945, 20, 26, 0.759106
0.500010425571842, 0.79554565701559, -0.037742024629359, 20, 25, 0.728263
0.500010425571842, 0.798663697104677, -0.0377414841089508, 20, 25, 0.728319
0.500010425571842, 0.801781737193764, -0.0377409402436861, 20, 25, 0.728595
0.500010425571842, 0.804899777282851, -0.0377403930572758, 20, 25, 0.731987
0.500010425571842, 0.808017817371938, -0.0377398425740473, 20, 25, 0.728257
0.500010425571842, 0.811135857461025, -0.0377392888189464, 20, 25, 0.728204
0.500010425571842, 0.814253897550111, -0.0377387318175381, 20, 25, 0.728219
0.500010425571842, 0.817371937639198, -0.0377381715960082, 20, 25, 0.728285
0.500010425571842, 0.820489977728285, -0.0377376081811644, 20, 25, 0.728239
0.500010425571842, 0.823608017817372, -0.0377370416004375, 20, 25, 0.728274
0.500010425571842, 0.826726057906459, -0.0377364718818811, 20, 25, 0.728218
0.500010425571842, 0.829844097995546, -0.0377358989131893, 20, 24, 0.697374
0.500010425571842, 0.832962138084633, -0.0377353230152863, 20, 24, 0.697452
0.500010425571842, 0.836080178173719, -0.0377347440668083, 20, 24, 0.69737
0.500010425571842, 0.839198218262806, -0.0377341620983563, 20, 24, 0.69736
0.500010425571842, 0.842316258351893, -0.0377335771411552, 20, 24, 0.69732
0.500010425571842, 0.84543429844098, -0.0377329892270542, 20, 24, 0.697395
0.500010425571842, 0.848552338530067, -0.0377323983885268, 20, 24, 0.697401
0.500010425571842, 0.851670378619154, -0.037731804658672, 20, 24, 0.697297
0.500010425571842, 0.854788418708241, -0.0377312080712135, 20, 24, 0.697329
0.500010425571842, 0.857906458797328, -0.0377306086605006, 20, 24, 0.697336
0.500010425571842, 0.861024498886414, -0.0377300064615078, 20, 24, 0.697389
0.500010425571842, 0.864142538975501, -0.0377294015098348, 20, 24, 0.697446
0.500010425571842, 0.867260579064588, -0.0377287936988134, 20, 23, 0.666629
0.500010425571842, 0.870378619153675, -0.0377281833605159, 20, 23, 0.668152
0.500010425571842, 0.873496659242762, -0.0377275703794214, 20, 23, 0.66805
0.500010425571842, 0.876614699331849, -0.037726954793718, 20, 23, 0.668119
0.500010425571842, 0.879732739420936, -0.0377263366421644, 20, 23, 0.668076
0.500010425571842, 0.882850779510022, -0.0377257159641398, 20, 23, 0.668074
0.500010425571842, 0.885968819599109, -0.0377250927996432, 20, 23, 0.668044
0.500010425571842, 0.889086859688196, -0.0377244671892927, 20, 23, 0.668537
0.500010425571842, 0.892204899777283, -0.0377238391743249, 20, 23, 0.667974
0.500010425571842, 0.89532293986637, -0.0377232087965937, 20, 23, 0.668234
0.500010425571842, 0.898440979955457, -0.0377225760985702, 20, 23, 0.668183
0.500010425571842, 0.901559020044544, -0.0377219411233406, 20, 23, 0.669095
0.500010425571842, 0.90467706013363, -0.0377213039146063, 20, 23, 0.667935
0.500010425571842, 0.907795100222717, -0.0377206643707213, 20, 22, 0.637489
0.500010425571842, 0.910913140311804, -0.037720022837719, 20, 22, 0.637513
0.500010425571842, 0.914031180400891, -0.0377193792054145, 20, 22, 0.637399
0.500010425571842, 0.917149220489978, -0.0377187335199907, 20, 22, 0.63752
0.500010425571842, 0.920267260579065, -0.0377180858282367, 20, 22, 0.637741
0.500010425571842, 0.923385300668152, -0.0377174361775454, 20, 22, 0.637399
0.500010425571842, 0.926503340757238, -0.0377167846159132, 20, 22, 0.637204
0.500010425571842, 0.929621380846325, -0.0377161311919373, 20, 22, 0.637185
0.500010425571842, 0.932739420935412, -0.0377154759548146, 20, 22, 0.637225
0.500010425571842, 0.935857461024499, -0.03771481895434, 20, 22, 0.637764
0.500010425571842, 0.938975501113586, -0.0377141602409043, 20, 22, 0.63794
0.500010425571842, 0.942093541202673, -0.0377134998654925, 20, 22, 0.637997
0.500010425571842, 0.945211581291759, -0.0377128378796819, 20, 22, 0.639046
0.500010425571842, 0.948329621380847, -0.0377121743356398, 20, 22, 0.637937
0.500010425571842, 0.951447661469933, -0.0377115091344962, 20, 21, 0.606772
0.500010425571842, 0.95456570155902, -0.037710842641966, 20, 21, 0.6063
0.500010425571842, 0.957683741648107, -0.037710174750679, 20, 21, 0.606252
0.500010425571842, 0.960801781737194, -0.0377095055151744, 20, 21, 0.606239
0.500010425571842, 0.963919821826281, -0.0377088349905685, 20, 21, 0.606281
0.500010425571842, 0.967037861915368, -0.0377081632325522, 20, 21, 0.606481
0.500010425571842, 0.970155902004454, -0.0377074902973888, 20, 21, 0.606472
0.500010425571842, 0.973273942093541, -0.0377068162419116, 20, 21, 0.607432
0.500010425571842, 0.976391982182628, -0.0377061411235213, 20, 21, 0.606405
0.500010425571842, 0.979510022271715, -0.0377054650001831, 20, 21, 0.606371
0.500010425571842, 0.982628062360802, -0.0377047879304248, 20, 21, 0.607573
0.500010425571842, 0.985746102449889, -0.0377041099733334, 20, 21, 0.606298
0.500010425571842, 0.988864142538975, -0.0377034311885526, 20, 21, 0.606588
0.500010425571842, 0.991982182628063, -0.0377027516362799, 20, 21, 0.606659
0.500010425571842, 0.995100222717149, -0.0377020713773205, 20, 21, 0.607939
0.500010425571842, 0.998218262806236, -0.0377013904728574, 20, 21, 0.608102
0.500010425571842, 1.00133630289532, -0.0377007088324203, 20, 20, 0.577249
0.500010425571842, 1.00445434298441, -0.0377000268318754, 20, 20, 0.577142
0.500010425571842, 1.0075723830735, -0.0376993443725313, 20, 20, 0.577157
0.500010425571842, 1.01069042316258, -0.0376986615178748, 20, 20, 0.57766
0.500010425571842, 1.01380846325167, -0.0376979783319238, 20, 20, 0.577672
0.500010425571842, 1.01692650334076, -0.0376972948792235, 20, 20, 0.577606
0.500010425571842, 1.02004454342984, -0.037696611224844, 20, 20, 0.577594
0.500010425571842, 1.02316258351893, -0.0376959274343767, 20, 20, 0.577645
0.500010425571842, 1.02628062360802, -0.0376952435739307, 20, 20, 0.578547
0.500010425571842, 1.0293986636971, -0.03769455971013, 20, 20, 0.576885
0.500010425571842, 1.03251670378619, -0.0376938759101094, 20, 20, 0.576929
0.500010425571842, 1.03563474387528, -0.0376931922415117, 20, 20, 0.576922
0.500010425571842, 1.03875278396437, -0.0376925087724839, 20, 20, 0.577302
0.500010425571842, 1.04187082405345, -0.0376918255716733, 20, 20, 0.577049
0.500010425571842, 1.04498886414254, -0.0376911427082247, 20, 20, 0.577017
0.500010425571842, 1.04810690423163, -0.0376904602517761, 20, 20, 0.577022
0.500010425571842, 1.05122494432071, -0.0376897782724552, 20, 20, 0.577216
0.500010425571842, 1.0543429844098, -0.037689096840876, 20, 20, 0.578421
0.500010425571842, 1.05746102449889, -0.0376884158773331, 20, 19, 0.546383
0.500010425571842, 1.06057906458797, -0.0376877357632391, 20, 19, 0.54627
0.500010425571842, 1.06369710467706, -0.037687056411158, 20, 19, 0.546186
0.500010425571842, 1.06681514476615, -0.0376863778936344, 20, 19, 0.546342
0.500010425571842, 1.06993318485523, -0.037685700283678, 20, 19, 0.546407
0.500010425571842, 1.07305122494432, -0.0376850236547604, 20, 19, 0.54635
0.500010425571842, 1.07616926503341, -0.0376843480808113, 20, 19, 0.546212
0.500010425571842, 1.07928730512249, -0.0376836736362137, 20, 19, 0.546195
0.500010425571842, 1.08240534521158, -0.037683000395801, 20, 19, 0.546594
0.500010425571842, 1.08552338530067, -0.0376823284348523, 20, 19, 0.546676
0.500010425571842, 1.08864142538976, -0.0376816578290885, 20, 19, 0.546657
0.500010425571842, 1.09175946547884, -0.0376809886546686, 20, 19, 0.54657
0.500010425571842, 1.09487750556793, -0.0376803209881849, 20, 19, 0.54654
0.500010425571842, 1.09799554565702, -0.0376796549066597, 20, 19, 0.546698
0.500010425571842, 1.1011135857461, -0.0376789904875405, 20, 19, 0.546795
0.500010425571842, 1.10423162583519, -0.0376783278086963, 20, 19, 0.546143
0.500010425571842, 1.10734966592428, -0.0376776669484128, 20, 19, 0.546073
0.500010425571842, 1.11046770601336, -0.0376770079853889, 20, 19, 0.547312
0.500010425571842, 1.11358574610245, -0.0376763509987321, 20, 19, 0.546076
0.500010425571842, 1.11670378619154, -0.0376756960679539, 20, 19, 0.546234
0.500010425571842, 1.11982182628062, -0.0376750431233036, 20, 18, 0.515312
0.500010425571842, 1.12293986636971, -0.0376743925521693, 20, 18, 0.515531
0.500010425571842, 1.1260579064588, -0.037673744277431, 20, 18, 0.519992
0.500010425571842, 1.12917594654788, -0.0376730983801953, 20, 18, 0.51896
0.500010425571842, 1.13229398663697, -0.0376724549419502, 20, 18, 0.518952
0.500010425571842, 1.13541202672606, -0.0376718140445611, 20, 18, 0.516678
0.500010425571842, 1.13853006681514, -0.0376711757702664, 20, 18, 0.515239
0.500010425571842, 1.14164810690423, -0.0376705402016727, 20, 18, 0.515487
0.500010425571842, 1.14476614699332, -0.0376699074217512, 20, 18, 0.518874
0.500010425571842, 1.14788418708241, -0.0376692775138324, 20, 18, 0.555795
0.500010425571842, 1.15100222717149, -0.0376686505616024, 20, 18, 0.538649
0.500010425571842, 1.15412026726058, -0.0376680266490982, 20, 18, 0.515348
0.500010425571842, 1.15723830734967, -0.0376674058607029, 20, 18, 0.515271
0.500010425571842, 1.16035634743875, -0.0376667882812078, 20, 18, 0.516805
0.500010425571842, 1.16347438752784, -0.0376661739955432, 20, 18, 0.516696
0.500010425571842, 1.16659242761693, -0.0376655630891712, 20, 18, 0.528815
0.500010425571842, 1.16971046770601, -0.0376649556478162, 20, 18, 0.517255
0.500010425571842, 1.1728285077951, -0.0376643517575263, 20, 18, 0.516778
0.500010425571842, 1.17594654788419, -0.0376637515046691, 20, 18, 0.532013
0.500010425571842, 1.17906458797327, -0.0376631549759271, 20, 18, 0.520667
0.500010425571842, 1.18218262806236, -0.0376625622582935, 20, 18, 0.517269
0.500010425571842, 1.18530066815145, -0.0376619734390669, 20, 18, 0.528789
0.500010425571842, 1.18841870824053, -0.0376613886058474, 20, 18, 0.53668
0.500010425571842, 1.19153674832962, -0.0376608077023091, 20, 17, 0.489861
0.500010425571842, 1.19465478841871, -0.0376602311121575, 20, 17, 0.489759
0.500010425571842, 1.1977728285078, -0.03765965877223, 20, 17, 0.490275
0.500010425571842, 1.20089086859688, -0.0376590907713031, 20, 17, 0.501397
0.500010425571842, 1.20400890868597, -0.0376585271984312, 20, 17, 0.48608
0.500010425571842, 1.20712694877506, -0.0376579681429416, 20, 17, 0.511764
0.500010425571842, 1.21024498886414, -0.0376574136944303, 20, 17, 0.499813
0.500010425571842, 1.21336302895323, -0.0376568639427572, 20, 17, 0.486017
0.500010425571842, 1.21648106904232, -0.0376563189780423, 20, 17, 0.485715
0.500010425571842, 1.2195991091314, -0.0376557788906601, 20, 17, 0.525154
0.500010425571842, 1.22271714922049, -0.0376552437712355, 20, 17, 0.498676
0.500010425571842, 1.22583518930958, -0.0376547137106394, 20, 17, 0.510277
0.500010425571842, 1.22895322939866, -0.0376541887999842, 20, 17, 0.486465
0.500010425571842, 1.23207126948775, -0.0376536691306194, 20, 17, 0.489704
0.500010425571842, 1.23518930957684, -0.0376531547941256, 20, 17, 0.490177
0.500010425571842, 1.23830734966592, -0.0376526458823125, 20, 17, 0.491232
0.500010425571842, 1.24142538975501, -0.0376521424872124, 20, 17, 0.494128
0.500010425571842, 1.2445434298441, -0.0376516447010763, 20, 17, 0.494417
0.500010425571842, 1.24766146993318, -0.0376511526163696, 20, 17, 0.486033
0.500010425571842, 1.25077951002227, -0.037650666325767, 20, 17, 0.5111
0.500010425571842, 1.25389755011136, -0.0376501859221486, 20, 17, 0.490252
0.500010425571842, 1.25701559020045, -0.037649711498595, 20, 17, 0.485824
0.500010425571842, 1.26013363028953, -0.037649243148383, 20, 17, 0.485832
0.500010425571842, 1.26325167037862, -0.037648780964981, 20, 17, 0.485856
0.500010425571842, 1.26636971046771, -0.0376483250420444, 20, 17, 0.485822
0.500010425571842, 1.26948775055679, -0.0376478753280562, 20, 16, 0.463201
0.500010425571842, 1.27260579064588, -0.0376474322144612, 20, 16, 0.466534
0.500010425571842, 1.27572383073497, -0.0376469956430667, 20, 16, 0.473933
0.500010425571842, 1.27884187082405, -0.0376465657082464, 20, 16, 0.483281
0.500010425571842, 1.28195991091314, -0.0376461425045378, 20, 16, 0.474742
0.500010425571842, 1.28507795100223, -0.0376457261266387, 20, 16, 0.455091
0.500010425571842, 1.28819599109131, -0.0376453166694019, 20, 16, 0.459324
0.500010425571842, 1.2913140311804, -0.0376449142278314, 20, 16, 0.458737
0.500010425571842, 1.29443207126949, -0.0376445188970777, 20, 16, 0.459125
0.500010425571842, 1.29755011135857, -0.0376441307724335, 20, 16, 0.455577
0.500010425571842, 1.30066815144766, -0.0376437499493297, 20, 16, 0.458794
0.500010425571842, 1.30378619153675, -0.0376433765233305, 20, 16, 0.462328
0.500010425571842, 1.30690423162584, -0.0376430105901294, 20, 16, 0.462832
0.500010425571842, 1.31002227171492, -0.0376426522455449, 20, 16, 0.455627
0.500010425571842, 1.31314031180401, -0.037642301585516, 20, 16, 0.455032
0.500010425571842, 1.3162583518931, -0.0376419587060983, 20, 16, 0.462606
0.500010425571842, 1.31937639198218, -0.037641623703459, 20, 16, 0.507713
0.500010425571842, 1.32249443207127, -0.0376412966738736, 20, 16, 0.468439
0.500010425571842, 1.32561247216036, -0.0376409777137207, 20, 16, 0.45997
0.500010425571842, 1.32873051224944, -0.0376406669194786, 20, 16, 0.46133
0.500010425571842, 1.33184855233853, -0.0376403643877205, 20, 16, 0.467329
0.500010425571842, 1.33496659242762, -0.0376400702151105, 20, 16, 0.455157
0.500010425571842, 1.3380846325167, -0.0376397844983995, 20, 16, 0.466379
0.500010425571842, 1.34120267260579, -0.0376395073344208, 20, 16, 0.462512
0.500010425571842, 1.34432071269488, -0.0376392388200863, 20, 16, 0.479638
0.500010425571842, 1.34743875278396, -0.037638979052382, 20, 16, 0.455314
0.500010425571842, 1.35055679287305, -0.0376387281283641, 20, 16, 0.459803
0.500010425571842, 1.35367483296214, -0.0376384861451548, 20, 16, 0.456332
0.500010425571842, 1.35679287305122, -0.0376382531999382, 20, 16, 0.456761
0.500010425571842, 1.35991091314031, -0.0376380292471733, 20, 15, 0.424252
0.500010425571842, 1.3630289532294, -0.0376378146759196, 20, 15, 0.442939
0.500010425571842, 1.36614699331849, -0.0376376094342741, 20, 15, 0.424811
0.500010425571842, 1.36926503340757, -0.0376374136196401, 20, 15, 0.507695
0.500010425571842, 1.37238307349666, -0.0376372273294619, 20, 15, 0.432784
0.500010425571842, 1.37550111358575, -0.0376370506612212, 20, 15, 0.424846
0.500010425571842, 1.37861915367483, -0.0376368837124334, 20, 15, 0.424403
0.500010425571842, 1.38173719376392, -0.0376367265806431, 20, 15, 0.426295
0.500010425571842, 1.38485523385301, -0.0376365793634207, 20, 15, 0.424631
0.500010425571842, 1.38797327394209, -0.0376364421583583, 20, 15, 0.44489
0.500010425571842, 1.39109131403118, -0.0376363150631453, 20, 15, 0.43781
0.500010425571842, 1.39420935412027, -0.0376361981752465, 20, 15, 0.426282
0.500010425571842, 1.39732739420935, -0.0376360915923761, 20, 15, 0.429424
0.500010425571842, 1.40044543429844, -0.037635995412175, 20, 15, 0.4294
0.500010425571842, 1.40356347438753, -0.0376359097322866, 20, 15, 0.425718
0.500010425571842, 1.40668151447661, -0.0376358346503533, 20, 15, 0.482902
0.500010425571842, 1.4097995545657, -0.0376357702640127, 20, 15, 0.472279
0.500010425571842, 1.41291759465479, -0.0376357166708939, 20, 15, 0.439087
0.500010425571842, 1.41603563474388, -0.0376356739686139, 20, 15, 0.477529
0.500010425571842, 1.41915367483296, -0.0376356422547735, 20, 15, 0.427198
0.500010425571842, 1.42227171492205, -0.0376356216269543, 20, 15, 0.437698
0.500010425571842, 1.42538975501114, -0.0376356121827147, 20, 15, 0.425706
0.500010425571842, 1.42850779510022, -0.0376356140195864, 20, 15, 0.425666
0.500010425571842, 1.43162583518931, -0.0376356272350705, 20, 15, 0.431104
0.500010425571842, 1.4347438752784, -0.0376356519266346, 20, 15, 0.426088
0.500010425571842, 1.43786191536748, -0.0376356881917086, 20, 15, 0.469749
0.500010425571842, 1.44097995545657, -0.0376357361276816, 20, 15, 0.515809
0.500010425571842, 1.44409799554566, -0.0376357958318984, 20, 15, 0.425935
0.500010425571842, 1.44721603563474, -0.0376358674016557, 20, 15, 0.455637
0.500010425571842, 1.45033407572383, -0.0376359509341989, 20, 15, 0.44605
0.500010425571842, 1.45345211581292, -0.0376360465267188, 20, 15, 0.427586
0.500010425571842, 1.456570155902, -0.037636154276348, 20, 15, 0.456382
0.500010425571842, 1.45968819599109, -0.0376362742801575, 20, 15, 0.42927
0.500010425571842, 1.46280623608018, -0.0376364066351535, 20, 15, 0.440414
0.500010425571842, 1.46592427616927, -0.0376365513023079, 20, 14, 0.4479
0.500010425571842, 1.46904231625835, -0.0376367086559371, 20, 14, 0.4003
0.500010425571842, 1.47216035634744, -0.0376368786511257, 20, 14, 0.39982
0.500010425571842, 1.47527839643653, -0.0376370613845963, 20, 14, 0.395363
0.500010425571842, 1.47839643652561, -0.0376372569529901, 20, 14, 0.396046
0.500010425571842, 1.4815144766147, -0.0376374654528632, 20, 14, 0.402866
0.500010425571842, 1.48463251670379, -0.037637686980684, 20, 14, 0.395043
0.500010425571842, 1.48775055679287, -0.0376379216328291, 20, 14, 0.404535
0.500010425571842, 1.49086859688196, -0.037638169505582, 20, 14, 0.395197
0.500010425571842, 1.49398663697105, -0.0376384306951278, 20, 14, 0.421472
0.500010425571842, 1.49710467706013, -0.0376387052975517, 20, 14, 0.417918
0.500010425571842, 1.50022271714922, -0.0376389934088351, 20, 14, 0.41061
0.500010425571842, 1.50334075723831, -0.0376392951248529, 20, 14, 0.420488
0.500010425571842, 1.50645879732739, -0.0376396105413708, 20, 14, 0.410256
0.500010425571842, 1.50957683741648, -0.0376399397540416, 20, 14, 0.436421
0.500010425571842, 1.51269487750557, -0.0376402828584029, 20, 14, 0.395585
0.500010425571842, 1.51581291759465, -0.0376406399498738, 20, 14, 0.413668
0.500010425571842, 1.51893095768374, -0.0376410111237521, 20, 14, 0.406075
0.500010425571842, 1.52204899777283, -0.0376413964752114, 20, 14, 0.450022
0.500010425571842, 1.52516703786192, -0.0376417960992982, 20, 14, 0.423157
0.500010425571842, 1.528285077951, -0.0376422100909293, 20, 14, 0.440273
0.500010425571842, 1.53140311804009, -0.0376426385448885, 20, 14, 0.415437
0.500010425571842, 1.53452115812918, -0.0376430815676433, 20, 14, 0.396728
0.500010425571842, 1.53763919821826, -0.0376435392300833, 20, 14, 0.398482
0.500010425571842, 1.54075723830735, -0.0376440116383794, 20, 14, 0.397193
0.500010425571842, 1.54387527839644, -0.0376444988867572, 20, 14, 0.400748
0.500010425571842, 1.54699331848552, -0.037645001069296, 20, 14, 0.396777
0.500010425571842, 1.55011135857461, -0.0376455182799256, 20, 14, 0.408696
0.500010425571842, 1.5532293986637, -0.0376460506124247, 20, 14, 0.39712
0.500010425571842, 1.55634743875278, -0.0376465981604172, 20, 14, 0.397143
0.500010425571842, 1.55946547884187, -0.0376471610173703, 20, 14, 0.400803
0.500010425571842, 1.56258351893096, -0.0376477392765915, 20, 14, 0.401528
0.500010425571842, 1.56570155902004, -0.0376483330312267, 20, 14, 0.402344
0.500010425571842, 1.56881959910913, -0.0376489423742568, 20, 14, 0.401972
0.500010425571842, 1.57193763919822, -0.0376495673984959, 20, 14, 0.400665
0.500010425571842, 1.57505567928731, -0.0376502081965885, 20, 14, 0.398263
0.500010425571842, 1.57817371937639, -0.0376508648610071, 20, 14, 0.401594
0.500010425571842, 1.58129175946548, -0.0376515374840499, 20, 14, 0.398286
0.500010425571842, 1.58440979955457, -0.0376522261578383, 20, 14, 0.398265
0.500010425571842, 1.58752783964365, -0.0376529308430206, 20, 13, 0.366342
0.500010425571842, 1.59064587973274, -0.0376536518989014, 20, 13, 0.384042
0.500010425571842, 1.59376391982183, -0.0376543892806206, 20, 13, 0.368744
0.500010425571842, 1.59688195991091, -0.037655143079576, 20, 13, 0.365866
0.500010425571842, 1.6, -0.0376559133869765, 20, 13, 0.369327
# finished at Wed Apr 30 04:01:26 CEST 2014
