# starting on alcc60 at Wed Apr 30 01:34:39 CEST 2014
# casimir, -T, 0.200000,1.600000,450, -Q, 0.300251419871185, -p, 1e-08, -L, 20
# Compiler icc, using long double and plain matrix elements and plain integration
# precision=1e-08
# lfac=5
# cores=1
# L=0.300251
# T=0.2...1.6 (450)
#
# R/(L+R), T, F, lmax, nmax, time
0.300251419871185, 0.2, -0.00569229017959112, 20, 72, 1.91895
0.300251419871185, 0.203118040089087, -0.00569228666610769, 20, 71, 1.8823
0.300251419871185, 0.206236080178174, -0.00569228299066094, 20, 70, 1.81381
0.300251419871185, 0.209354120267261, -0.00569227914864494, 20, 69, 1.76912
0.300251419871185, 0.212472160356347, -0.00569227513521944, 20, 68, 1.74847
0.300251419871185, 0.215590200445434, -0.00569227094565422, 20, 67, 1.71638
0.300251419871185, 0.218708240534521, -0.00569226657510162, 20, 66, 1.69072
0.300251419871185, 0.221826280623608, -0.00569226201865399, 20, 65, 1.66264
0.300251419871185, 0.224944320712695, -0.00569225728350115, 20, 65, 1.66567
0.300251419871185, 0.228062360801782, -0.00569225234096794, 20, 64, 1.63955
0.300251419871185, 0.231180400890869, -0.00569224719760735, 20, 63, 1.61172
0.300251419871185, 0.234298440979955, -0.00569224184829164, 20, 62, 1.61769
0.300251419871185, 0.237416481069042, -0.00569223628789868, 20, 61, 1.64384
0.300251419871185, 0.240534521158129, -0.00569223051105175, 20, 60, 1.63064
0.300251419871185, 0.243652561247216, -0.00569222452606121, 20, 60, 1.55092
0.300251419871185, 0.246770601336303, -0.00569221830185972, 20, 59, 1.63439
0.300251419871185, 0.24988864142539, -0.00569221184541649, 20, 58, 1.48986
0.300251419871185, 0.253006681514477, -0.00569220516446983, 20, 58, 1.48824
0.300251419871185, 0.256124721603563, -0.00569219822876563, 20, 57, 1.46959
0.300251419871185, 0.25924276169265, -0.00569219104454652, 20, 56, 1.43886
0.300251419871185, 0.262360801781737, -0.00569218361971764, 20, 56, 1.43146
0.300251419871185, 0.265478841870824, -0.00569217592356789, 20, 55, 1.40389
0.300251419871185, 0.268596881959911, -0.00569216796229224, 20, 54, 1.38034
0.300251419871185, 0.271714922048998, -0.00569215974453499, 20, 54, 1.38027
0.300251419871185, 0.274832962138085, -0.00569215123787413, 20, 53, 1.35469
0.300251419871185, 0.277951002227172, -0.00569214246278928, 20, 53, 1.35474
0.300251419871185, 0.281069042316258, -0.00569213338820833, 20, 52, 1.32809
0.300251419871185, 0.284187082405345, -0.00569212401988031, 20, 51, 1.30158
0.300251419871185, 0.287305122494432, -0.00569211436792361, 20, 51, 1.30158
0.300251419871185, 0.290423162583519, -0.00569210439721139, 20, 50, 1.27394
0.300251419871185, 0.293541202672606, -0.00569209413111445, 20, 50, 1.27686
0.300251419871185, 0.296659242761693, -0.00569208353475416, 20, 49, 1.24839
0.300251419871185, 0.29977728285078, -0.00569207263138136, 20, 49, 1.24838
0.300251419871185, 0.302895322939866, -0.00569206138587547, 20, 48, 1.22293
0.300251419871185, 0.306013363028953, -0.00569204982186841, 20, 48, 1.2228
0.300251419871185, 0.30913140311804, -0.00569203790349705, 20, 47, 1.1961
0.300251419871185, 0.312249443207127, -0.00569202565529819, 20, 47, 1.19723
0.300251419871185, 0.315367483296214, -0.00569201304021491, 20, 46, 1.17197
0.300251419871185, 0.318485523385301, -0.00569200008409105, 20, 46, 1.1721
0.300251419871185, 0.321603563474388, -0.0056919867636292, 20, 46, 1.17498
0.300251419871185, 0.324721603563474, -0.00569197306005087, 20, 45, 1.14662
0.300251419871185, 0.327839643652561, -0.00569195899569991, 20, 45, 1.14652
0.300251419871185, 0.330957683741648, -0.00569194453490936, 20, 44, 1.11896
0.300251419871185, 0.334075723830735, -0.00569192970256807, 20, 44, 1.12096
0.300251419871185, 0.337193763919822, -0.00569191447579958, 20, 44, 1.12086
0.300251419871185, 0.340311804008909, -0.00569189883547726, 20, 43, 1.09326
0.300251419871185, 0.343429844097996, -0.00569188280425797, 20, 43, 1.09335
0.300251419871185, 0.346547884187082, -0.00569186634541071, 20, 42, 1.06766
0.300251419871185, 0.349665924276169, -0.00569184948540661, 20, 42, 1.0678
0.300251419871185, 0.352783964365256, -0.00569183220045853, 20, 42, 1.06851
0.300251419871185, 0.355902004454343, -0.00569181446994592, 20, 41, 1.04032
0.300251419871185, 0.35902004454343, -0.00569179631945218, 20, 41, 1.04219
0.300251419871185, 0.362138084632517, -0.00569177772565781, 20, 41, 1.0423
0.300251419871185, 0.365256124721604, -0.00569175866790111, 20, 40, 1.01461
0.300251419871185, 0.36837416481069, -0.00569173917170474, 20, 40, 1.01466
0.300251419871185, 0.371492204899777, -0.00569171921378677, 20, 40, 1.01462
0.300251419871185, 0.374610244988864, -0.00569169877308295, 20, 39, 0.989059
0.300251419871185, 0.377728285077951, -0.00569167787598279, 20, 39, 0.991492
0.300251419871185, 0.380846325167038, -0.00569165649860849, 20, 39, 0.991514
0.300251419871185, 0.383964365256125, -0.00569163461920335, 20, 38, 0.963968
0.300251419871185, 0.387082405345212, -0.00569161226570221, 20, 38, 0.96399
0.300251419871185, 0.390200445434298, -0.00569158941358551, 20, 38, 0.966079
0.300251419871185, 0.393318485523385, -0.00569156605684198, 20, 38, 0.96595
0.300251419871185, 0.396436525612472, -0.0056915421747686, 20, 37, 0.938393
0.300251419871185, 0.399554565701559, -0.00569151779277389, 20, 37, 0.938436
0.300251419871185, 0.402672605790646, -0.00569149288777012, 20, 37, 0.938314
0.300251419871185, 0.405790645879733, -0.00569146743743522, 20, 36, 0.912999
0.300251419871185, 0.40890868596882, -0.00569144147068128, 20, 36, 0.912877
0.300251419871185, 0.412026726057906, -0.00569141496261809, 20, 36, 0.912896
0.300251419871185, 0.415144766146993, -0.00569138790729343, 20, 36, 0.912883
0.300251419871185, 0.41826280623608, -0.0056913602826302, 20, 35, 0.885258
0.300251419871185, 0.421380846325167, -0.00569133211709892, 20, 35, 0.885263
0.300251419871185, 0.424498886414254, -0.00569130338617287, 20, 35, 0.887572
0.300251419871185, 0.427616926503341, -0.00569127408395861, 20, 35, 0.887318
0.300251419871185, 0.430734966592428, -0.00569124418809704, 20, 34, 0.859759
0.300251419871185, 0.433853006681514, -0.0056912137278136, 20, 34, 0.859761
0.300251419871185, 0.436971046770601, -0.00569118267833368, 20, 34, 0.85982
0.300251419871185, 0.440089086859688, -0.00569115103384568, 20, 34, 0.860428
0.300251419871185, 0.443207126948775, -0.00569111878855106, 20, 34, 0.861011
0.300251419871185, 0.446325167037862, -0.00569108592147611, 20, 33, 0.837611
0.300251419871185, 0.449443207126949, -0.00569105245917385, 20, 33, 0.834489
0.300251419871185, 0.452561247216036, -0.00569101837852928, 20, 33, 0.834568
0.300251419871185, 0.455679287305123, -0.0056909836738536, 20, 33, 0.897195
0.300251419871185, 0.458797327394209, -0.00569094832280321, 20, 32, 0.851243
0.300251419871185, 0.461915367483296, -0.00569091235515048, 20, 32, 0.857343
0.300251419871185, 0.465033407572383, -0.00569087574628372, 20, 32, 0.859878
0.300251419871185, 0.46815144766147, -0.00569083849064527, 20, 32, 0.8319
0.300251419871185, 0.471269487750557, -0.00569080058283292, 20, 32, 0.83178
0.300251419871185, 0.474387527839644, -0.00569076200042201, 20, 31, 0.833698
0.300251419871185, 0.477505567928731, -0.00569072277340178, 20, 31, 0.884716
0.300251419871185, 0.480623608017817, -0.0056906828774279, 20, 31, 0.807492
0.300251419871185, 0.483741648106904, -0.00569064230712646, 20, 31, 0.799284
0.300251419871185, 0.486859688195991, -0.00569060105715727, 20, 31, 0.861725
0.300251419871185, 0.489977728285078, -0.00569055910484272, 20, 30, 0.764209
0.300251419871185, 0.493095768374165, -0.00569051648168685, 20, 30, 0.758899
0.300251419871185, 0.496213808463252, -0.00569047316283109, 20, 30, 0.759327
0.300251419871185, 0.499331848552339, -0.00569042914311803, 20, 30, 0.758457
0.300251419871185, 0.502449888641425, -0.00569038441743057, 20, 30, 0.763857
0.300251419871185, 0.505567928730512, -0.00569033898069408, 20, 30, 0.770556
0.300251419871185, 0.508685968819599, -0.00569029281111398, 20, 29, 0.733467
0.300251419871185, 0.511804008908686, -0.00569024593912675, 20, 29, 0.734304
0.300251419871185, 0.514922048997773, -0.00569019834092722, 20, 29, 0.737984
0.300251419871185, 0.51804008908686, -0.00569015001165285, 20, 29, 0.736297
0.300251419871185, 0.521158129175947, -0.00569010094648974, 20, 29, 0.801923
0.300251419871185, 0.524276169265034, -0.00569005114067442, 20, 29, 0.737119
0.300251419871185, 0.52739420935412, -0.00569000057247735, 20, 28, 0.71059
0.300251419871185, 0.530512249443207, -0.00568994927313617, 20, 28, 0.704662
0.300251419871185, 0.533630289532294, -0.0056898972189703, 20, 28, 0.704787
0.300251419871185, 0.536748329621381, -0.00568984440545714, 20, 28, 0.704771
0.300251419871185, 0.539866369710468, -0.00568979082813034, 20, 28, 0.704744
0.300251419871185, 0.542984409799555, -0.00568973648258156, 20, 28, 0.705177
0.300251419871185, 0.546102449888642, -0.00568968134628521, 20, 27, 0.677457
0.300251419871185, 0.549220489977728, -0.00568962545322505, 20, 27, 0.679211
0.300251419871185, 0.552338530066815, -0.00568956877888029, 20, 27, 0.68294
0.300251419871185, 0.555456570155902, -0.00568951131911159, 20, 27, 0.679795
0.300251419871185, 0.558574610244989, -0.00568945306984311, 20, 27, 0.679228
0.300251419871185, 0.561692650334076, -0.00568939402706407, 20, 27, 0.679182
0.300251419871185, 0.564810690423163, -0.00568933418683034, 20, 27, 0.679302
0.300251419871185, 0.567928730512249, -0.00568927352691686, 20, 26, 0.65166
0.300251419871185, 0.571046770601336, -0.00568921208208337, 20, 26, 0.651892
0.300251419871185, 0.574164810690423, -0.00568914982818793, 20, 26, 0.651644
0.300251419871185, 0.57728285077951, -0.00568908676158678, 20, 26, 0.651631
0.300251419871185, 0.580400890868597, -0.00568902287870797, 20, 26, 0.651662
0.300251419871185, 0.583518930957684, -0.00568895817605283, 20, 26, 0.654078
0.300251419871185, 0.586636971046771, -0.00568889265019739, 20, 26, 0.65403
0.300251419871185, 0.589755011135857, -0.00568882629779386, 20, 26, 0.653586
0.300251419871185, 0.592873051224944, -0.00568875909784525, 20, 25, 0.626077
0.300251419871185, 0.595991091314031, -0.00568869108435236, 20, 25, 0.626604
0.300251419871185, 0.599109131403118, -0.00568862223456793, 20, 25, 0.632406
0.300251419871185, 0.602227171492205, -0.00568855254547844, 20, 25, 0.673844
0.300251419871185, 0.605345211581292, -0.00568848201415132, 20, 25, 0.627097
0.300251419871185, 0.608463251670379, -0.00568841063773628, 20, 25, 0.640361
0.300251419871185, 0.611581291759466, -0.00568833841346663, 20, 25, 0.626053
0.300251419871185, 0.614699331848552, -0.00568826533866058, 20, 25, 0.646063
0.300251419871185, 0.617817371937639, -0.00568819139239824, 20, 24, 0.602186
0.300251419871185, 0.620935412026726, -0.00568811661054889, 20, 24, 0.606284
0.300251419871185, 0.624053452115813, -0.0056880409704765, 20, 24, 0.604182
0.300251419871185, 0.6271714922049, -0.00568796447003791, 20, 24, 0.607069
0.300251419871185, 0.630289532293987, -0.00568788710666416, 20, 24, 0.626895
0.300251419871185, 0.633407572383074, -0.0056878088783918, 20, 24, 0.607987
0.300251419871185, 0.63652561247216, -0.00568772978317761, 20, 24, 0.603895
0.300251419871185, 0.639643652561247, -0.00568764981907133, 20, 24, 0.612402
0.300251419871185, 0.642761692650334, -0.0056875689842168, 20, 24, 0.619559
0.300251419871185, 0.645879732739421, -0.00568748725841897, 20, 23, 0.61809
0.300251419871185, 0.648997772828508, -0.00568740467855213, 20, 23, 0.602415
0.300251419871185, 0.652115812917595, -0.00568732122279316, 20, 23, 0.579364
0.300251419871185, 0.655233853006682, -0.00568723688968675, 20, 23, 0.612473
0.300251419871185, 0.658351893095768, -0.00568715167787582, 20, 23, 0.586383
0.300251419871185, 0.661469933184855, -0.00568706558610255, 20, 23, 0.59496
0.300251419871185, 0.664587973273942, -0.00568697861320954, 20, 23, 0.595313
0.300251419871185, 0.667706013363029, -0.0056868907581408, 20, 23, 0.577263
0.300251419871185, 0.670824053452116, -0.00568680201994275, 20, 23, 0.594702
0.300251419871185, 0.673942093541203, -0.00568671239776532, 20, 23, 0.607431
0.300251419871185, 0.67706013363029, -0.00568662187258757, 20, 22, 0.549638
0.300251419871185, 0.680178173719376, -0.00568653048190754, 20, 22, 0.561799
0.300251419871185, 0.683296213808463, -0.00568643820519065, 20, 22, 0.575753
0.300251419871185, 0.68641425389755, -0.00568634504202203, 20, 22, 0.602697
0.300251419871185, 0.689532293986637, -0.00568625099209394, 20, 22, 0.576148
0.300251419871185, 0.692650334075724, -0.00568615605520668, 20, 22, 0.61567
0.300251419871185, 0.695768374164811, -0.00568606023126957, 20, 22, 0.569707
0.300251419871185, 0.698886414253898, -0.00568596352030187, 20, 22, 0.555094
0.300251419871185, 0.702004454342984, -0.00568586592243363, 20, 22, 0.552059
0.300251419871185, 0.705122494432071, -0.0056857674379066, 20, 22, 0.551234
0.300251419871185, 0.708240534521158, -0.00568566806707508, 20, 22, 0.549687
0.300251419871185, 0.711358574610245, -0.00568556779232645, 20, 21, 0.522111
0.300251419871185, 0.714476614699332, -0.00568546665190589, 20, 21, 0.522188
0.300251419871185, 0.717594654788419, -0.00568536462680265, 20, 21, 0.52413
0.300251419871185, 0.720712694877506, -0.00568526171783956, 20, 21, 0.524166
0.300251419871185, 0.723830734966592, -0.00568515792595519, 20, 21, 0.524196
0.300251419871185, 0.726948775055679, -0.00568505325220455, 20, 21, 0.524205
0.300251419871185, 0.730066815144766, -0.00568494769775992, 20, 21, 0.524154
0.300251419871185, 0.733184855233853, -0.00568484126391163, 20, 21, 0.525312
0.300251419871185, 0.73630289532294, -0.00568473395206878, 20, 21, 0.526492
0.300251419871185, 0.739420935412027, -0.00568462576375999, 20, 21, 0.524169
0.300251419871185, 0.742538975501114, -0.00568451670063408, 20, 21, 0.524125
0.300251419871185, 0.7456570155902, -0.00568440676446083, 20, 21, 0.524153
0.300251419871185, 0.748775055679287, -0.00568429593905492, 20, 20, 0.49655
0.300251419871185, 0.751893095768374, -0.00568418426401725, 20, 20, 0.496571
0.300251419871185, 0.755011135857461, -0.00568407172186017, 20, 20, 0.496586
0.300251419871185, 0.758129175946548, -0.00568395831485261, 20, 20, 0.496629
0.300251419871185, 0.761247216035635, -0.00568384404538689, 20, 20, 0.496569
0.300251419871185, 0.764365256124722, -0.00568372891597938, 20, 20, 0.496597
0.300251419871185, 0.767483296213809, -0.00568361292927115, 20, 20, 0.499498
0.300251419871185, 0.770601336302895, -0.00568349608802854, 20, 20, 0.498144
0.300251419871185, 0.773719376391982, -0.00568337839514376, 20, 20, 0.496602
0.300251419871185, 0.776837416481069, -0.00568325985363548, 20, 20, 0.496636
0.300251419871185, 0.779955456570156, -0.00568314046664936, 20, 20, 0.498633
0.300251419871185, 0.783073496659243, -0.00568302023745856, 20, 20, 0.498627
0.300251419871185, 0.78619153674833, -0.00568289916946432, 20, 20, 0.49856
0.300251419871185, 0.789309576837417, -0.0056827772477, 20, 19, 0.470983
0.300251419871185, 0.792427616926503, -0.00568265451421416, 20, 19, 0.471034
0.300251419871185, 0.79554565701559, -0.00568253095279657, 20, 19, 0.470998
0.300251419871185, 0.798663697104677, -0.00568240656737339, 20, 19, 0.471023
0.300251419871185, 0.801781737193764, -0.00568228136200058, 20, 19, 0.471212
0.300251419871185, 0.804899777282851, -0.00568215534086434, 20, 19, 0.471381
0.300251419871185, 0.808017817371938, -0.00568202850828162, 20, 19, 0.471018
0.300251419871185, 0.811135857461025, -0.00568190086870047, 20, 19, 0.471088
0.300251419871185, 0.814253897550111, -0.00568177242670051, 20, 19, 0.471067
0.300251419871185, 0.817371937639198, -0.00568164318699332, 20, 19, 0.471057
0.300251419871185, 0.820489977728285, -0.00568151315442278, 20, 19, 0.471099
0.300251419871185, 0.823608017817372, -0.00568138233396547, 20, 19, 0.471071
0.300251419871185, 0.826726057906459, -0.00568125073073097, 20, 19, 0.471033
0.300251419871185, 0.829844097995546, -0.00568111834996227, 20, 19, 0.471066
0.300251419871185, 0.832962138084633, -0.00568098519703599, 20, 19, 0.471031
0.300251419871185, 0.836080178173719, -0.00568085125925266, 20, 18, 0.443458
0.300251419871185, 0.839198218262806, -0.00568071657998309, 20, 18, 0.443896
0.300251419871185, 0.842316258351893, -0.00568058114539738, 20, 18, 0.443505
0.300251419871185, 0.84543429844098, -0.00568044496141631, 20, 18, 0.443409
0.300251419871185, 0.848552338530067, -0.00568030803409522, 20, 18, 0.445482
0.300251419871185, 0.851670378619154, -0.00568017036962417, 20, 18, 0.445487
0.300251419871185, 0.854788418708241, -0.00568003197432831, 20, 18, 0.445543
0.300251419871185, 0.857906458797328, -0.00567989285466802, 20, 18, 0.44547
0.300251419871185, 0.861024498886414, -0.00567975301723914, 20, 18, 0.44544
0.300251419871185, 0.864142538975501, -0.00567961246877311, 20, 18, 0.445403
0.300251419871185, 0.867260579064588, -0.00567947121613723, 20, 18, 0.44543
0.300251419871185, 0.870378619153675, -0.00567932926633474, 20, 18, 0.445385
0.300251419871185, 0.873496659242762, -0.00567918662650504, 20, 18, 0.445338
0.300251419871185, 0.876614699331849, -0.00567904330392371, 20, 18, 0.451399
0.300251419871185, 0.879732739420936, -0.00567889930600274, 20, 18, 0.445514
0.300251419871185, 0.882850779510022, -0.00567875464029053, 20, 18, 0.445369
0.300251419871185, 0.885968819599109, -0.00567860931447203, 20, 18, 0.44533
0.300251419871185, 0.889086859688196, -0.00567846331868036, 20, 17, 0.417794
0.300251419871185, 0.892204899777283, -0.00567831669745128, 20, 17, 0.417756
0.300251419871185, 0.89532293986637, -0.00567816943990929, 20, 17, 0.417799
0.300251419871185, 0.898440979955457, -0.00567802155429148, 20, 17, 0.417801
0.300251419871185, 0.901559020044544, -0.00567787304897131, 20, 17, 0.417899
0.300251419871185, 0.90467706013363, -0.00567772393245862, 20, 17, 0.417884
0.300251419871185, 0.907795100222717, -0.00567757421339966, 20, 17, 0.417865
0.300251419871185, 0.910913140311804, -0.005677423900577, 20, 17, 0.417845
0.300251419871185, 0.914031180400891, -0.00567727300290964, 20, 17, 0.417833
0.300251419871185, 0.917149220489978, -0.00567712152945282, 20, 17, 0.417932
0.300251419871185, 0.920267260579065, -0.00567696948939811, 20, 17, 0.417992
0.300251419871185, 0.923385300668152, -0.00567681689207323, 20, 17, 0.417848
0.300251419871185, 0.926503340757238, -0.00567666374694203, 20, 17, 0.417859
0.300251419871185, 0.929621380846325, -0.00567651006360438, 20, 17, 0.41781
0.300251419871185, 0.932739420935412, -0.00567635585179607, 20, 17, 0.419879
0.300251419871185, 0.935857461024499, -0.00567620112138859, 20, 17, 0.419859
0.300251419871185, 0.938975501113586, -0.00567604588264673, 20, 17, 0.422246
0.300251419871185, 0.942093541202673, -0.00567589014519831, 20, 17, 0.422294
0.300251419871185, 0.945211581291759, -0.00567573391957863, 20, 17, 0.422246
0.300251419871185, 0.948329621380847, -0.00567557719881666, 20, 16, 0.394685
0.300251419871185, 0.951447661469933, -0.00567542002934204, 20, 16, 0.394668
0.300251419871185, 0.95456570155902, -0.00567526240326923, 20, 16, 0.394671
0.300251419871185, 0.957683741648107, -0.00567510433142013, 20, 16, 0.394886
0.300251419871185, 0.960801781737194, -0.00567494582475071, 20, 16, 0.394937
0.300251419871185, 0.963919821826281, -0.00567478689435069, 20, 16, 0.394647
0.300251419871185, 0.967037861915368, -0.00567462755144337, 20, 16, 0.394768
0.300251419871185, 0.970155902004454, -0.00567446780738533, 20, 16, 0.394589
0.300251419871185, 0.973273942093541, -0.00567430767366622, 20, 16, 0.39459
0.300251419871185, 0.976391982182628, -0.00567414716190841, 20, 16, 0.394553
0.300251419871185, 0.979510022271715, -0.00567398628386677, 20, 16, 0.395522
0.300251419871185, 0.982628062360802, -0.0056738250514283, 20, 16, 0.394715
0.300251419871185, 0.985746102449889, -0.00567366347661187, 20, 16, 0.402323
0.300251419871185, 0.988864142538975, -0.00567350157156785, 20, 16, 0.403035
0.300251419871185, 0.991982182628063, -0.00567333934857779, 20, 16, 0.397981
0.300251419871185, 0.995100222717149, -0.00567317682005404, 20, 16, 0.394587
0.300251419871185, 0.998218262806236, -0.00567301399853944, 20, 16, 0.394587
0.300251419871185, 1.00133630289532, -0.00567285089670685, 20, 16, 0.394819
0.300251419871185, 1.00445434298441, -0.00567268752735884, 20, 16, 0.394527
0.300251419871185, 1.0075723830735, -0.00567252390342725, 20, 16, 0.394496
0.300251419871185, 1.01069042316258, -0.00567236003797278, 20, 16, 0.39448
0.300251419871185, 1.01380846325167, -0.00567219592645567, 20, 15, 0.366935
0.300251419871185, 1.01692650334076, -0.00567203161871747, 20, 15, 0.366917
0.300251419871185, 1.02004454342984, -0.00567186710934337, 20, 15, 0.366906
0.300251419871185, 1.02316258351893, -0.005671702411909, 20, 15, 0.366893
0.300251419871185, 1.02628062360802, -0.00567153754011636, 20, 15, 0.366936
0.300251419871185, 1.0293986636971, -0.00567137250779335, 20, 15, 0.367017
0.300251419871185, 1.03251670378619, -0.00567120732889336, 20, 15, 0.374426
0.300251419871185, 1.03563474387528, -0.00567104201749472, 20, 15, 0.367801
0.300251419871185, 1.03875278396437, -0.00567087658780021, 20, 15, 0.369043
0.300251419871185, 1.04187082405345, -0.00567071105413648, 20, 15, 0.369308
0.300251419871185, 1.04498886414254, -0.0056705454309537, 20, 15, 0.376636
0.300251419871185, 1.04810690423163, -0.00567037973282484, 20, 15, 0.369063
0.300251419871185, 1.05122494432071, -0.00567021397444523, 20, 15, 0.369028
0.300251419871185, 1.0543429844098, -0.00567004817063199, 20, 15, 0.369034
0.300251419871185, 1.05746102449889, -0.0056698823363234, 20, 15, 0.36901
0.300251419871185, 1.06057906458797, -0.00566971648657839, 20, 15, 0.369019
0.300251419871185, 1.06369710467706, -0.00566955063657593, 20, 15, 0.369029
0.300251419871185, 1.06681514476615, -0.00566938480161444, 20, 15, 0.369055
0.300251419871185, 1.06993318485523, -0.00566921899711116, 20, 15, 0.369057
0.300251419871185, 1.07305122494432, -0.00566905323860155, 20, 15, 0.368989
0.300251419871185, 1.07616926503341, -0.00566888754173867, 20, 15, 0.369028
0.300251419871185, 1.07928730512249, -0.00566872192229252, 20, 15, 0.369015
0.300251419871185, 1.08240534521158, -0.00566855639614944, 20, 15, 0.36899
0.300251419871185, 1.08552338530067, -0.00566839097931136, 20, 15, 0.369003
0.300251419871185, 1.08864142538976, -0.00566822568789528, 20, 15, 0.369
0.300251419871185, 1.09175946547884, -0.00566806052099332, 20, 14, 0.341432
0.300251419871185, 1.09487750556793, -0.00566789553019327, 20, 14, 0.341398
0.300251419871185, 1.09799554565702, -0.0056677307137951, 20, 14, 0.341413
0.300251419871185, 1.1011135857461, -0.00566756608837195, 20, 14, 0.341409
0.300251419871185, 1.10423162583519, -0.00566740167060831, 20, 14, 0.341432
0.300251419871185, 1.10734966592428, -0.00566723747729934, 20, 14, 0.341459
0.300251419871185, 1.11046770601336, -0.00566707352535015, 20, 14, 0.341427
0.300251419871185, 1.11358574610245, -0.00566690983177507, 20, 14, 0.341416
0.300251419871185, 1.11670378619154, -0.00566674641369692, 20, 14, 0.341421
0.300251419871185, 1.11982182628062, -0.00566658328834627, 20, 14, 0.347051
0.300251419871185, 1.12293986636971, -0.00566642047306069, 20, 14, 0.341391
0.300251419871185, 1.1260579064588, -0.00566625798528401, 20, 14, 0.341344
0.300251419871185, 1.12917594654788, -0.00566609584256553, 20, 14, 0.341386
0.300251419871185, 1.13229398663697, -0.00566593406255924, 20, 14, 0.341876
0.300251419871185, 1.13541202672606, -0.0056657726630231, 20, 14, 0.341418
0.300251419871185, 1.13853006681514, -0.00566561166181816, 20, 14, 0.341877
0.300251419871185, 1.14164810690423, -0.00566545107690787, 20, 14, 0.341373
0.300251419871185, 1.14476614699332, -0.00566529092635718, 20, 14, 0.345039
0.300251419871185, 1.14788418708241, -0.0056651312283318, 20, 14, 0.341405
0.300251419871185, 1.15100222717149, -0.00566497200109735, 20, 14, 0.341357
0.300251419871185, 1.15412026726058, -0.00566481326301856, 20, 14, 0.341411
0.300251419871185, 1.15723830734967, -0.00566465503255842, 20, 14, 0.345052
0.300251419871185, 1.16035634743875, -0.00566449732827734, 20, 14, 0.341881
0.300251419871185, 1.16347438752784, -0.00566434016883234, 20, 14, 0.341745
0.300251419871185, 1.16659242761693, -0.0056641835729762, 20, 14, 0.343397
0.300251419871185, 1.16971046770601, -0.00566402755955652, 20, 14, 0.343418
0.300251419871185, 1.1728285077951, -0.00566387214751497, 20, 14, 0.343383
0.300251419871185, 1.17594654788419, -0.00566371735588641, 20, 14, 0.343422
0.300251419871185, 1.17906458797327, -0.00566356320379793, 20, 14, 0.343395
0.300251419871185, 1.18218262806236, -0.00566340971046807, 20, 14, 0.343367
0.300251419871185, 1.18530066815145, -0.00566325687955496, 20, 13, 0.315809
0.300251419871185, 1.18841870824053, -0.00566310476257914, 20, 13, 0.315841
0.300251419871185, 1.19153674832962, -0.00566295336251428, 20, 13, 0.315853
0.300251419871185, 1.19465478841871, -0.0056628026989379, 20, 13, 0.315845
0.300251419871185, 1.1977728285078, -0.00566265279151432, 20, 13, 0.315845
0.300251419871185, 1.20089086859688, -0.00566250365999381, 20, 13, 0.315873
0.300251419871185, 1.20400890868597, -0.00566235532421165, 20, 13, 0.315929
0.300251419871185, 1.20712694877506, -0.0056622078040872, 20, 13, 0.315915
0.300251419871185, 1.21024498886414, -0.00566206111962301, 20, 13, 0.31589
0.300251419871185, 1.21336302895323, -0.0056619152909039, 20, 13, 0.315915
0.300251419871185, 1.21648106904232, -0.00566177033809601, 20, 13, 0.315881
0.300251419871185, 1.2195991091314, -0.00566162628144589, 20, 13, 0.315871
0.300251419871185, 1.22271714922049, -0.00566148314127953, 20, 13, 0.315895
0.300251419871185, 1.22583518930958, -0.00566134093800147, 20, 13, 0.315854
0.300251419871185, 1.22895322939866, -0.00566119969209381, 20, 13, 0.315869
0.300251419871185, 1.23207126948775, -0.00566105942411528, 20, 13, 0.316144
0.300251419871185, 1.23518930957684, -0.0056609201547003, 20, 13, 0.315881
0.300251419871185, 1.23830734966592, -0.00566078190455801, 20, 13, 0.316859
0.300251419871185, 1.24142538975501, -0.00566064469447128, 20, 13, 0.315827
0.300251419871185, 1.2445434298441, -0.00566050854529584, 20, 13, 0.315856
0.300251419871185, 1.24766146993318, -0.0056603734779592, 20, 13, 0.315878
0.300251419871185, 1.25077951002227, -0.00566023951345976, 20, 13, 0.315852
0.300251419871185, 1.25389755011136, -0.00566010667286579, 20, 13, 0.315843
0.300251419871185, 1.25701559020045, -0.00565997497731448, 20, 13, 0.315895
0.300251419871185, 1.26013363028953, -0.00565984444801097, 20, 13, 0.327783
0.300251419871185, 1.26325167037862, -0.00565971510622734, 20, 13, 0.316032
0.300251419871185, 1.26636971046771, -0.00565958697330165, 20, 13, 0.315937
0.300251419871185, 1.26948775055679, -0.00565946007063693, 20, 13, 0.3159
0.300251419871185, 1.27260579064588, -0.00565933441970022, 20, 13, 0.315895
0.300251419871185, 1.27572383073497, -0.00565921004202156, 20, 13, 0.315886
0.300251419871185, 1.27884187082405, -0.00565908695919299, 20, 13, 0.31597
0.300251419871185, 1.28195991091314, -0.00565896519286758, 20, 13, 0.315886
0.300251419871185, 1.28507795100223, -0.00565884476475842, 20, 13, 0.316363
0.300251419871185, 1.28819599109131, -0.00565872569663758, 20, 13, 0.316929
0.300251419871185, 1.2913140311804, -0.00565860799522689, 20, 12, 0.288246
0.300251419871185, 1.29443207126949, -0.00565849171336249, 20, 12, 0.288241
0.300251419871185, 1.29755011135857, -0.00565837685711142, 20, 12, 0.288285
0.300251419871185, 1.30066815144766, -0.00565826344847349, 20, 12, 0.288256
0.300251419871185, 1.30378619153675, -0.00565815150950248, 20, 12, 0.288262
0.300251419871185, 1.30690423162584, -0.00565804106230506, 20, 12, 0.28826
0.300251419871185, 1.31002227171492, -0.00565793212903981, 20, 12, 0.288247
0.300251419871185, 1.31314031180401, -0.0056578247319162, 20, 12, 0.288257
0.300251419871185, 1.3162583518931, -0.00565771889319359, 20, 12, 0.28825
0.300251419871185, 1.31937639198218, -0.00565761463518023, 20, 12, 0.288824
0.300251419871185, 1.32249443207127, -0.00565751198023222, 20, 12, 0.288482
0.300251419871185, 1.32561247216036, -0.00565741095075254, 20, 12, 0.288312
0.300251419871185, 1.32873051224944, -0.00565731156919, 20, 12, 0.288301
0.300251419871185, 1.33184855233853, -0.00565721385803827, 20, 12, 0.28828
0.300251419871185, 1.33496659242762, -0.00565711783983483, 20, 12, 0.290319
0.300251419871185, 1.3380846325167, -0.00565702353715992, 20, 12, 0.290384
0.300251419871185, 1.34120267260579, -0.00565693097263565, 20, 12, 0.291861
0.300251419871185, 1.34432071269488, -0.00565684016892488, 20, 12, 0.302077
0.300251419871185, 1.34743875278396, -0.00565675114873024, 20, 12, 0.32523
0.300251419871185, 1.35055679287305, -0.00565666393479314, 20, 12, 0.323481
0.300251419871185, 1.35367483296214, -0.00565657854989268, 20, 12, 0.306611
0.300251419871185, 1.35679287305122, -0.00565649501684475, 20, 12, 0.290756
0.300251419871185, 1.35991091314031, -0.00565641335850091, 20, 12, 0.293914
0.300251419871185, 1.3630289532294, -0.00565633359774744, 20, 12, 0.294408
0.300251419871185, 1.36614699331849, -0.00565625575750433, 20, 12, 0.290293
0.300251419871185, 1.36926503340757, -0.00565617986072423, 20, 12, 0.294389
0.300251419871185, 1.37238307349666, -0.00565610593039145, 20, 12, 0.293961
0.300251419871185, 1.37550111358575, -0.00565603398952099, 20, 12, 0.290277
0.300251419871185, 1.37861915367483, -0.00565596406115748, 20, 12, 0.290279
0.300251419871185, 1.38173719376392, -0.00565589616837419, 20, 12, 0.29463
0.300251419871185, 1.38485523385301, -0.00565583033427205, 20, 12, 0.291189
0.300251419871185, 1.38797327394209, -0.00565576658197859, 20, 12, 0.290766
0.300251419871185, 1.39109131403118, -0.00565570493464699, 20, 12, 0.294083
0.300251419871185, 1.39420935412027, -0.00565564541545502, 20, 12, 0.290788
0.300251419871185, 1.39732739420935, -0.0056555880476041, 20, 12, 0.295773
0.300251419871185, 1.40044543429844, -0.00565553285431826, 20, 12, 0.294357
0.300251419871185, 1.40356347438753, -0.00565547985884313, 20, 12, 0.290267
0.300251419871185, 1.40668151447661, -0.00565542908444498, 20, 12, 0.293946
0.300251419871185, 1.4097995545657, -0.00565538055440971, 20, 12, 0.293952
0.300251419871185, 1.41291759465479, -0.00565533429204182, 20, 12, 0.290345
0.300251419871185, 1.41603563474388, -0.00565529032066349, 20, 12, 0.332951
0.300251419871185, 1.41915367483296, -0.005655248649465, 20, 11, 0.273432
0.300251419871185, 1.42227171492205, -0.00565520933072813, 20, 11, 0.285785
0.300251419871185, 1.42538975501114, -0.00565517237301521, 20, 11, 0.297518
0.300251419871185, 1.42850779510022, -0.00565513779971032, 20, 11, 0.28665
0.300251419871185, 1.43162583518931, -0.00565510563421017, 20, 11, 0.297718
0.300251419871185, 1.4347438752784, -0.00565507589992316, 20, 11, 0.299421
0.300251419871185, 1.43786191536748, -0.00565504862026838, 20, 11, 0.282673
0.300251419871185, 1.44097995545657, -0.00565502381867463, 20, 11, 0.279288
0.300251419871185, 1.44409799554566, -0.0056550015185795, 20, 11, 0.287927
0.300251419871185, 1.44721603563474, -0.00565498174342834, 20, 11, 0.269322
0.300251419871185, 1.45033407572383, -0.00565496451667334, 20, 11, 0.291778
0.300251419871185, 1.45345211581292, -0.00565494986177254, 20, 11, 0.290652
0.300251419871185, 1.456570155902, -0.00565493780218886, 20, 11, 0.262643
0.300251419871185, 1.45968819599109, -0.0056549283613892, 20, 11, 0.271009
0.300251419871185, 1.46280623608018, -0.00565492156284342, 20, 11, 0.26354
0.300251419871185, 1.46592427616927, -0.00565491743002342, 20, 11, 0.26304
0.300251419871185, 1.46904231625835, -0.00565491598640218, 20, 11, 0.262724
0.300251419871185, 1.47216035634744, -0.00565491725545282, 20, 11, 0.262665
0.300251419871185, 1.47527839643653, -0.00565492126064768, 20, 11, 0.279937
0.300251419871185, 1.47839643652561, -0.00565492802545732, 20, 11, 0.268668
0.300251419871185, 1.4815144766147, -0.00565493757334966, 20, 11, 0.266391
0.300251419871185, 1.48463251670379, -0.00565494992778897, 20, 11, 0.262718
0.300251419871185, 1.48775055679287, -0.005654965112235, 20, 11, 0.266391
0.300251419871185, 1.49086859688196, -0.00565498315014202, 20, 11, 0.26641
0.300251419871185, 1.49398663697105, -0.00565500406495793, 20, 11, 0.274856
0.300251419871185, 1.49710467706013, -0.00565502788012328, 20, 11, 0.262642
0.300251419871185, 1.50022271714922, -0.00565505461907042, 20, 11, 0.262634
0.300251419871185, 1.50334075723831, -0.00565508430522255, 20, 11, 0.274684
0.300251419871185, 1.50645879732739, -0.00565511696199282, 20, 11, 0.262995
0.300251419871185, 1.50957683741648, -0.00565515261278343, 20, 11, 0.262742
0.300251419871185, 1.51269487750557, -0.00565519128098471, 20, 11, 0.27877
0.300251419871185, 1.51581291759465, -0.00565523298997426, 20, 11, 0.264372
0.300251419871185, 1.51893095768374, -0.00565527776311602, 20, 11, 0.263763
0.300251419871185, 1.52204899777283, -0.00565532562375937, 20, 11, 0.266841
0.300251419871185, 1.52516703786192, -0.0056553765952383, 20, 11, 0.282726
0.300251419871185, 1.528285077951, -0.00565543070087048, 20, 11, 0.263234
0.300251419871185, 1.53140311804009, -0.00565548796395639, 20, 11, 0.266413
0.300251419871185, 1.53452115812918, -0.00565554840777847, 20, 11, 0.26279
0.300251419871185, 1.53763919821826, -0.0056556120556002, 20, 11, 0.273278
0.300251419871185, 1.54075723830735, -0.00565567893066531, 20, 11, 0.262624
0.300251419871185, 1.54387527839644, -0.00565574905619684, 20, 11, 0.262772
0.300251419871185, 1.54699331848552, -0.00565582245539635, 20, 11, 0.262767
0.300251419871185, 1.55011135857461, -0.005655899151443, 20, 11, 0.274892
0.300251419871185, 1.5532293986637, -0.00565597916749276, 20, 11, 0.262718
0.300251419871185, 1.55634743875278, -0.00565606252667758, 20, 11, 0.281492
0.300251419871185, 1.55946547884187, -0.0056561492521044, 20, 11, 0.275377
0.300251419871185, 1.56258351893096, -0.00565623936685454, 20, 11, 0.28737
0.300251419871185, 1.56570155902004, -0.00565633289398273, 20, 11, 0.297886
0.300251419871185, 1.56881959910913, -0.00565642985651628, 20, 11, 0.285141
0.300251419871185, 1.57193763919822, -0.00565653027745434, 20, 11, 0.277176
0.300251419871185, 1.57505567928731, -0.00565663417976698, 20, 11, 0.268532
0.300251419871185, 1.57817371937639, -0.00565674157399566, 20, 10, 0.23717
0.300251419871185, 1.58129175946548, -0.00565685250835109, 20, 10, 0.237167
0.300251419871185, 1.58440979955457, -0.00565696699278876, 20, 10, 0.237273
0.300251419871185, 1.58752783964365, -0.0056570850501554, 20, 10, 0.241515
0.300251419871185, 1.59064587973274, -0.00565720670326469, 20, 10, 0.237298
0.300251419871185, 1.59376391982183, -0.00565733197489643, 20, 10, 0.249814
0.300251419871185, 1.59688195991091, -0.00565746088779578, 20, 10, 0.240839
0.300251419871185, 1.6, -0.00565759346467247, 20, 10, 0.237171
# finished at Wed Apr 30 01:38:56 CEST 2014
