# starting on alcc64 at Tue Apr 29 20:38:47 CEST 2014
# casimir, -T, 0.200000,1.600000,450, -Q, 0.180644111514216, -p, 1e-08, -L, 20
# Compiler icc, using long double and plain matrix elements and plain integration
# precision=1e-08
# lfac=5
# cores=1
# L=0.180644
# T=0.2...1.6 (450)
#
# R/(L+R), T, F, lmax, nmax, time
0.180644111514216, 0.2, -0.00111308650037107, 20, 65, 1.45868
0.180644111514216, 0.203118040089087, -0.00111308573047558, 20, 64, 1.42993
0.180644111514216, 0.206236080178174, -0.00111308492512238, 20, 63, 1.40572
0.180644111514216, 0.209354120267261, -0.00111308408328203, 20, 62, 1.38268
0.180644111514216, 0.212472160356347, -0.00111308320391167, 20, 61, 1.35943
0.180644111514216, 0.215590200445434, -0.00111308228595666, 20, 60, 1.33955
0.180644111514216, 0.218708240534521, -0.00111308132834345, 20, 59, 1.3157
0.180644111514216, 0.221826280623608, -0.00111308032998982, 20, 58, 1.29258
0.180644111514216, 0.224944320712695, -0.0011130792921563, 20, 58, 1.29276
0.180644111514216, 0.228062360801782, -0.00111307820924746, 20, 57, 1.26995
0.180644111514216, 0.231180400890869, -0.00111307708230871, 20, 56, 1.24633
0.180644111514216, 0.234298440979955, -0.00111307591020674, 20, 55, 1.22566
0.180644111514216, 0.237416481069042, -0.00111307469428154, 20, 55, 1.2259
0.180644111514216, 0.240534521158129, -0.00111307342872236, 20, 54, 1.20304
0.180644111514216, 0.243652561247216, -0.00111307211456981, 20, 53, 1.17978
0.180644111514216, 0.246770601336303, -0.00111307075317909, 20, 53, 1.1794
0.180644111514216, 0.24988864142539, -0.00111306933867549, 20, 52, 1.15638
0.180644111514216, 0.253006681514477, -0.00111306787205021, 20, 51, 1.133
0.180644111514216, 0.256124721603563, -0.00111306635482809, 20, 51, 1.13587
0.180644111514216, 0.25924276169265, -0.00111306478078044, 20, 50, 1.11254
0.180644111514216, 0.262360801781737, -0.0011130631535851, 20, 50, 1.11277
0.180644111514216, 0.265478841870824, -0.00111306146731171, 20, 49, 1.08931
0.180644111514216, 0.268596881959911, -0.00111305972285028, 20, 48, 1.06624
0.180644111514216, 0.271714922048998, -0.00111305792199201, 20, 48, 1.06623
0.180644111514216, 0.274832962138085, -0.00111305605796207, 20, 47, 1.04381
0.180644111514216, 0.277951002227172, -0.00111305413503152, 20, 47, 1.04863
0.180644111514216, 0.281069042316258, -0.00111305214646289, 20, 46, 1.02184
0.180644111514216, 0.284187082405345, -0.00111305009651591, 20, 46, 1.02372
0.180644111514216, 0.287305122494432, -0.00111304797837756, 20, 45, 0.999998
0.180644111514216, 0.290423162583519, -0.00111304579640489, 20, 45, 1.00008
0.180644111514216, 0.293541202672606, -0.00111304354360708, 20, 44, 0.976824
0.180644111514216, 0.296659242761693, -0.00111304122455385, 20, 44, 0.976798
0.180644111514216, 0.29977728285078, -0.00111303883476255, 20, 44, 0.978734
0.180644111514216, 0.302895322939866, -0.00111303637071105, 20, 43, 0.953882
0.180644111514216, 0.306013363028953, -0.00111303383615026, 20, 43, 0.953604
0.180644111514216, 0.30913140311804, -0.0011130312245262, 20, 42, 0.930423
0.180644111514216, 0.312249443207127, -0.00111302854002283, 20, 42, 0.930488
0.180644111514216, 0.315367483296214, -0.0011130257783308, 20, 42, 0.931941
0.180644111514216, 0.318485523385301, -0.00111302293590144, 20, 41, 0.907466
0.180644111514216, 0.321603563474388, -0.00111302001641865, 20, 41, 0.909879
0.180644111514216, 0.324721603563474, -0.0011130170132265, 20, 40, 0.886614
0.180644111514216, 0.327839643652561, -0.00111301393068828, 20, 40, 0.886738
0.180644111514216, 0.330957683741648, -0.0011130107643717, 20, 40, 0.886656
0.180644111514216, 0.334075723830735, -0.00111300751047748, 20, 39, 0.86643
0.180644111514216, 0.337193763919822, -0.00111300417313844, 20, 39, 0.863765
0.180644111514216, 0.340311804008909, -0.00111300074803487, 20, 39, 0.863513
0.180644111514216, 0.343429844097996, -0.00111299723137206, 20, 38, 0.840421
0.180644111514216, 0.346547884187082, -0.00111299362722339, 20, 38, 0.840491
0.180644111514216, 0.349665924276169, -0.00111298993129364, 20, 38, 0.840246
0.180644111514216, 0.352783964365256, -0.00111298613972195, 20, 37, 0.818684
0.180644111514216, 0.355902004454343, -0.00111298225668628, 20, 37, 0.818676
0.180644111514216, 0.35902004454343, -0.00111297827783046, 20, 37, 0.817357
0.180644111514216, 0.362138084632517, -0.00111297419915124, 20, 36, 0.793994
0.180644111514216, 0.365256124721604, -0.0011129700251084, 20, 36, 0.796687
0.180644111514216, 0.36837416481069, -0.00111296575118813, 20, 36, 0.796668
0.180644111514216, 0.371492204899777, -0.00111296137315868, 20, 35, 0.773221
0.180644111514216, 0.374610244988864, -0.0011129568959562, 20, 35, 0.776212
0.180644111514216, 0.377728285077951, -0.00111295231481692, 20, 35, 0.773467
0.180644111514216, 0.380846325167038, -0.00111294762841413, 20, 35, 0.779633
0.180644111514216, 0.383964365256125, -0.00111294283265719, 20, 34, 0.750406
0.180644111514216, 0.387082405345212, -0.00111293793215067, 20, 34, 0.750366
0.180644111514216, 0.390200445434298, -0.00111293292231958, 20, 34, 0.75032
0.180644111514216, 0.393318485523385, -0.00111292780183736, 20, 34, 0.750326
0.180644111514216, 0.396436525612472, -0.00111292256665038, 20, 33, 0.729585
0.180644111514216, 0.399554565701559, -0.00111291722128, 20, 33, 0.727115
0.180644111514216, 0.402672605790646, -0.00111291176121184, 20, 33, 0.727136
0.180644111514216, 0.405790645879733, -0.00111290618512485, 20, 33, 0.727173
0.180644111514216, 0.40890868596882, -0.00111290048889882, 20, 32, 0.70391
0.180644111514216, 0.412026726057906, -0.00111289467720998, 20, 32, 0.703969
0.180644111514216, 0.415144766146993, -0.00111288874548259, 20, 32, 0.703952
0.180644111514216, 0.41826280623608, -0.00111288269240615, 20, 32, 0.7048
0.180644111514216, 0.421380846325167, -0.00111287651368096, 20, 31, 0.682658
0.180644111514216, 0.424498886414254, -0.00111287021439412, 20, 31, 0.680849
0.180644111514216, 0.427616926503341, -0.00111286378978114, 20, 31, 0.68327
0.180644111514216, 0.430734966592428, -0.00111285723853984, 20, 31, 0.683467
0.180644111514216, 0.433853006681514, -0.00111285055938085, 20, 31, 0.683438
0.180644111514216, 0.436971046770601, -0.00111284374813761, 20, 30, 0.66034
0.180644111514216, 0.440089086859688, -0.00111283680966335, 20, 30, 0.660267
0.180644111514216, 0.443207126948775, -0.00111282973935965, 20, 30, 0.662043
0.180644111514216, 0.446325167037862, -0.00111282253595493, 20, 30, 0.660788
0.180644111514216, 0.449443207126949, -0.00111281519818148, 20, 30, 0.660344
0.180644111514216, 0.452561247216036, -0.00111280772186923, 20, 29, 0.637377
0.180644111514216, 0.455679287305123, -0.00111280011195255, 20, 29, 0.636786
0.180644111514216, 0.458797327394209, -0.00111279236384333, 20, 29, 0.637131
0.180644111514216, 0.461915367483296, -0.00111278447630088, 20, 29, 0.637008
0.180644111514216, 0.465033407572383, -0.00111277644808996, 20, 29, 0.637045
0.180644111514216, 0.46815144766147, -0.00111276827489516, 20, 28, 0.614137
0.180644111514216, 0.471269487750557, -0.00111275996205534, 20, 28, 0.616613
0.180644111514216, 0.474387527839644, -0.00111275150482985, 20, 28, 0.613652
0.180644111514216, 0.477505567928731, -0.00111274290201604, 20, 28, 0.614043
0.180644111514216, 0.480623608017817, -0.00111273415241817, 20, 28, 0.613568
0.180644111514216, 0.483741648106904, -0.00111272525484786, 20, 28, 0.61394
0.180644111514216, 0.486859688195991, -0.00111271620510177, 20, 27, 0.59079
0.180644111514216, 0.489977728285078, -0.0011127070084218, 20, 27, 0.59049
0.180644111514216, 0.493095768374165, -0.00111269766020776, 20, 27, 0.590855
0.180644111514216, 0.496213808463252, -0.00111268815931029, 20, 27, 0.592324
0.180644111514216, 0.499331848552339, -0.0011126785045887, 20, 27, 0.591784
0.180644111514216, 0.502449888641425, -0.00111266869491142, 20, 27, 0.590807
0.180644111514216, 0.505567928730512, -0.00111265872601521, 20, 26, 0.567254
0.180644111514216, 0.508685968819599, -0.00111264860344014, 20, 26, 0.567547
0.180644111514216, 0.511804008908686, -0.001112638322534, 20, 26, 0.569939
0.180644111514216, 0.514922048997773, -0.00111262788220205, 20, 26, 0.570249
0.180644111514216, 0.51804008908686, -0.00111261728137263, 20, 26, 0.569909
0.180644111514216, 0.521158129175947, -0.00111260651898058, 20, 26, 0.570973
0.180644111514216, 0.524276169265034, -0.00111259559397185, 20, 26, 0.57079
0.180644111514216, 0.52739420935412, -0.0011125845022333, 20, 25, 0.554943
0.180644111514216, 0.530512249443207, -0.00111257324922388, 20, 25, 0.547304
0.180644111514216, 0.533630289532294, -0.00111256183046637, 20, 25, 0.546821
0.180644111514216, 0.536748329621381, -0.00111255024495906, 20, 25, 0.547135
0.180644111514216, 0.539866369710468, -0.00111253849171254, 20, 25, 0.546831
0.180644111514216, 0.542984409799555, -0.00111252656975, 20, 25, 0.547069
0.180644111514216, 0.546102449888642, -0.00111251447810763, 20, 25, 0.546755
0.180644111514216, 0.549220489977728, -0.00111250221261875, 20, 24, 0.52395
0.180644111514216, 0.552338530066815, -0.00111248977913013, 20, 24, 0.523556
0.180644111514216, 0.555456570155902, -0.00111247717311304, 20, 24, 0.525512
0.180644111514216, 0.558574610244989, -0.00111246439366289, 20, 24, 0.524461
0.180644111514216, 0.561692650334076, -0.00111245143988916, 20, 24, 0.523882
0.180644111514216, 0.564810690423163, -0.00111243831091573, 20, 24, 0.524142
0.180644111514216, 0.567928730512249, -0.00111242500588118, 20, 24, 0.523615
0.180644111514216, 0.571046770601336, -0.00111241152393914, 20, 24, 0.523859
0.180644111514216, 0.574164810690423, -0.00111239786102723, 20, 23, 0.500469
0.180644111514216, 0.57728285077951, -0.00111238402313174, 20, 23, 0.500789
0.180644111514216, 0.580400890868597, -0.00111237000584719, 20, 23, 0.500459
0.180644111514216, 0.583518930957684, -0.00111235580839388, 20, 23, 0.50075
0.180644111514216, 0.586636971046771, -0.00111234143000818, 20, 23, 0.500979
0.180644111514216, 0.589755011135857, -0.00111232686994278, 20, 23, 0.503408
0.180644111514216, 0.592873051224944, -0.00111231212746703, 20, 23, 0.500439
0.180644111514216, 0.595991091314031, -0.00111229720186719, 20, 23, 0.500728
0.180644111514216, 0.599109131403118, -0.00111228209244673, 20, 23, 0.500525
0.180644111514216, 0.602227171492205, -0.00111226679536667, 20, 22, 0.477712
0.180644111514216, 0.605345211581292, -0.00111225131660349, 20, 22, 0.477216
0.180644111514216, 0.608463251670379, -0.00111223565200399, 20, 22, 0.477522
0.180644111514216, 0.611581291759466, -0.00111221980094622, 20, 22, 0.477918
0.180644111514216, 0.614699331848552, -0.00111220376282637, 20, 22, 0.477176
0.180644111514216, 0.617817371937639, -0.00111218753705908, 20, 22, 0.477463
0.180644111514216, 0.620935412026726, -0.00111217112307765, 20, 22, 0.478088
0.180644111514216, 0.624053452115813, -0.00111215452033434, 20, 22, 0.479609
0.180644111514216, 0.6271714922049, -0.00111213772830057, 20, 22, 0.477206
0.180644111514216, 0.630289532293987, -0.00111212074646721, 20, 22, 0.477519
0.180644111514216, 0.633407572383074, -0.00111210357129285, 20, 21, 0.45411
0.180644111514216, 0.63652561247216, -0.0011120862087058, 20, 21, 0.454338
0.180644111514216, 0.639643652561247, -0.00111206865488777, 20, 21, 0.457359
0.180644111514216, 0.642761692650334, -0.00111205090940173, 20, 21, 0.457061
0.180644111514216, 0.645879732739421, -0.00111203297184692, 20, 21, 0.45673
0.180644111514216, 0.648997772828508, -0.0011120148418378, 20, 21, 0.45699
0.180644111514216, 0.652115812917595, -0.00111199651900961, 20, 21, 0.456691
0.180644111514216, 0.655233853006682, -0.00111197800301858, 20, 21, 0.457146
0.180644111514216, 0.658351893095768, -0.00111195929354219, 20, 21, 0.459756
0.180644111514216, 0.661469933184855, -0.00111194039027933, 20, 21, 0.456762
0.180644111514216, 0.664587973273942, -0.00111192128969707, 20, 20, 0.433905
0.180644111514216, 0.667706013363029, -0.00111190199834396, 20, 20, 0.433549
0.180644111514216, 0.670824053452116, -0.00111188251240441, 20, 20, 0.433853
0.180644111514216, 0.673942093541203, -0.00111186283166764, 20, 20, 0.433567
0.180644111514216, 0.67706013363029, -0.00111184295594512, 20, 20, 0.433885
0.180644111514216, 0.680178173719376, -0.00111182288507074, 20, 20, 0.433588
0.180644111514216, 0.683296213808463, -0.00111180261890102, 20, 20, 0.433786
0.180644111514216, 0.68641425389755, -0.00111178215731535, 20, 20, 0.433983
0.180644111514216, 0.689532293986637, -0.00111176150021613, 20, 20, 0.43357
0.180644111514216, 0.692650334075724, -0.00111174064752901, 20, 20, 0.433899
0.180644111514216, 0.695768374164811, -0.00111171959920303, 20, 20, 0.436282
0.180644111514216, 0.698886414253898, -0.00111169835521085, 20, 20, 0.434028
0.180644111514216, 0.702004454342984, -0.00111167691236096, 20, 19, 0.410404
0.180644111514216, 0.705122494432071, -0.0011116552773288, 20, 19, 0.410356
0.180644111514216, 0.708240534521158, -0.00111163344666736, 20, 19, 0.410687
0.180644111514216, 0.711358574610245, -0.00111161142044755, 20, 19, 0.410406
0.180644111514216, 0.714476614699332, -0.00111158919876455, 20, 19, 0.411377
0.180644111514216, 0.717594654788419, -0.001111566781738, 20, 19, 0.410392
0.180644111514216, 0.720712694877506, -0.00111154416951212, 20, 19, 0.410623
0.180644111514216, 0.723830734966592, -0.00111152136225596, 20, 19, 0.415877
0.180644111514216, 0.726948775055679, -0.0011114983601635, 20, 19, 0.410517
0.180644111514216, 0.730066815144766, -0.00111147516345382, 20, 19, 0.410689
0.180644111514216, 0.733184855233853, -0.00111145177237128, 20, 19, 0.410562
0.180644111514216, 0.73630289532294, -0.00111142818718565, 20, 19, 0.41125
0.180644111514216, 0.739420935412027, -0.00111140440819226, 20, 19, 0.41032
0.180644111514216, 0.742538975501114, -0.00111138043248786, 20, 18, 0.387139
0.180644111514216, 0.7456570155902, -0.00111135626713614, 20, 18, 0.387119
0.180644111514216, 0.748775055679287, -0.00111133190899524, 20, 18, 0.387129
0.180644111514216, 0.751893095768374, -0.00111130735846601, 20, 18, 0.387073
0.180644111514216, 0.755011135857461, -0.00111128261597539, 20, 18, 0.387092
0.180644111514216, 0.758129175946548, -0.00111125768197657, 20, 18, 0.387053
0.180644111514216, 0.761247216035635, -0.00111123255694911, 20, 18, 0.387077
0.180644111514216, 0.764365256124722, -0.0011112072413991, 20, 18, 0.387151
0.180644111514216, 0.767483296213809, -0.00111118173585924, 20, 18, 0.387095
0.180644111514216, 0.770601336302895, -0.00111115604088903, 20, 18, 0.387132
0.180644111514216, 0.773719376391982, -0.00111113015707484, 20, 18, 0.387163
0.180644111514216, 0.776837416481069, -0.00111110408503004, 20, 18, 0.387592
0.180644111514216, 0.779955456570156, -0.00111107782539512, 20, 18, 0.387861
0.180644111514216, 0.783073496659243, -0.00111105137883781, 20, 18, 0.387116
0.180644111514216, 0.78619153674833, -0.00111102474605319, 20, 18, 0.387147
0.180644111514216, 0.789309576837417, -0.00111099792461643, 20, 17, 0.363995
0.180644111514216, 0.792427616926503, -0.00111097092182012, 20, 17, 0.363979
0.180644111514216, 0.79554565701559, -0.00111094373502727, 20, 17, 0.364002
0.180644111514216, 0.798663697104677, -0.00111091636504484, 20, 17, 0.363939
0.180644111514216, 0.801781737193764, -0.00111088881270749, 20, 17, 0.363947
0.180644111514216, 0.804899777282851, -0.00111086107887771, 20, 17, 0.364015
0.180644111514216, 0.808017817371938, -0.00111083316444587, 20, 17, 0.36408
0.180644111514216, 0.811135857461025, -0.00111080507033036, 20, 17, 0.364022
0.180644111514216, 0.814253897550111, -0.00111077679747764, 20, 17, 0.363957
0.180644111514216, 0.817371937639198, -0.00111074834686234, 20, 17, 0.363964
0.180644111514216, 0.820489977728285, -0.00111071971948734, 20, 17, 0.364102
0.180644111514216, 0.823608017817372, -0.00111069091638386, 20, 17, 0.364865
0.180644111514216, 0.826726057906459, -0.00111066193861151, 20, 17, 0.36464
0.180644111514216, 0.829844097995546, -0.00111063278725838, 20, 17, 0.36408
0.180644111514216, 0.832962138084633, -0.0011106034634411, 20, 17, 0.36411
0.180644111514216, 0.836080178173719, -0.0011105739683049, 20, 17, 0.364373
0.180644111514216, 0.839198218262806, -0.0011105443030237, 20, 17, 0.364125
0.180644111514216, 0.842316258351893, -0.00111051446574699, 20, 16, 0.340904
0.180644111514216, 0.84543429844098, -0.00111048446403942, 20, 16, 0.341198
0.180644111514216, 0.848552338530067, -0.00111045429586435, 20, 16, 0.340885
0.180644111514216, 0.851670378619154, -0.00111042396251219, 20, 16, 0.340868
0.180644111514216, 0.854788418708241, -0.00111039346530924, 20, 16, 0.343895
0.180644111514216, 0.857906458797328, -0.0011103628055895, 20, 16, 0.343796
0.180644111514216, 0.861024498886414, -0.00111033198473712, 20, 16, 0.343548
0.180644111514216, 0.864142538975501, -0.0011103010041582, 20, 16, 0.343807
0.180644111514216, 0.867260579064588, -0.00111026986528785, 20, 16, 0.343532
0.180644111514216, 0.870378619153675, -0.00111023856959024, 20, 16, 0.346364
0.180644111514216, 0.873496659242762, -0.00111020711855868, 20, 16, 0.343866
0.180644111514216, 0.876614699331849, -0.00111017551371558, 20, 16, 0.343558
0.180644111514216, 0.879732739420936, -0.00111014375661257, 20, 16, 0.343727
0.180644111514216, 0.882850779510022, -0.00111011184883043, 20, 16, 0.343819
0.180644111514216, 0.885968819599109, -0.00111007979197918, 20, 16, 0.343509
0.180644111514216, 0.889086859688196, -0.00111004758769809, 20, 16, 0.343577
0.180644111514216, 0.892204899777283, -0.00111001523765568, 20, 16, 0.343826
0.180644111514216, 0.89532293986637, -0.00110998274354975, 20, 16, 0.343568
0.180644111514216, 0.898440979955457, -0.00110995010710736, 20, 16, 0.344009
0.180644111514216, 0.901559020044544, -0.00110991732705362, 20, 15, 0.320418
0.180644111514216, 0.90467706013363, -0.00110988441144856, 20, 15, 0.320388
0.180644111514216, 0.907795100222717, -0.00110985135884934, 20, 15, 0.320366
0.180644111514216, 0.910913140311804, -0.0011098181711013, 20, 15, 0.32067
0.180644111514216, 0.914031180400891, -0.00110978485007898, 20, 15, 0.320395
0.180644111514216, 0.917149220489978, -0.00110975139768617, 20, 15, 0.320907
0.180644111514216, 0.920267260579065, -0.00110971781585592, 20, 15, 0.323404
0.180644111514216, 0.923385300668152, -0.00110968410655046, 20, 15, 0.320303
0.180644111514216, 0.926503340757238, -0.00110965027176129, 20, 15, 0.320358
0.180644111514216, 0.929621380846325, -0.0011096163135091, 20, 15, 0.320682
0.180644111514216, 0.932739420935412, -0.00110958223384376, 20, 15, 0.320373
0.180644111514216, 0.935857461024499, -0.00110954803484437, 20, 15, 0.320322
0.180644111514216, 0.938975501113586, -0.00110951371861913, 20, 15, 0.320848
0.180644111514216, 0.942093541202673, -0.00110947928730544, 20, 15, 0.320329
0.180644111514216, 0.945211581291759, -0.00110944474306976, 20, 15, 0.320344
0.180644111514216, 0.948329621380847, -0.00110941008810768, 20, 15, 0.320637
0.180644111514216, 0.951447661469933, -0.00110937532464382, 20, 15, 0.320327
0.180644111514216, 0.95456570155902, -0.00110934045493185, 20, 15, 0.320312
0.180644111514216, 0.957683741648107, -0.00110930548125441, 20, 15, 0.320603
0.180644111514216, 0.960801781737194, -0.0011092704059231, 20, 15, 0.32031
0.180644111514216, 0.963919821826281, -0.00110923523127842, 20, 15, 0.320304
0.180644111514216, 0.967037861915368, -0.00110919995968976, 20, 15, 0.32061
0.180644111514216, 0.970155902004454, -0.00110916459355531, 20, 15, 0.322348
0.180644111514216, 0.973273942093541, -0.00110912913253077, 20, 14, 0.297655
0.180644111514216, 0.976391982182628, -0.00110909358479564, 20, 14, 0.297155
0.180644111514216, 0.979510022271715, -0.00110905794986997, 20, 14, 0.29748
0.180644111514216, 0.982628062360802, -0.0011090222302675, 20, 14, 0.297177
0.180644111514216, 0.985746102449889, -0.00110898642853052, 20, 14, 0.297194
0.180644111514216, 0.988864142538975, -0.00110895054722973, 20, 14, 0.302997
0.180644111514216, 0.991982182628063, -0.00110891458896425, 20, 14, 0.297172
0.180644111514216, 0.995100222717149, -0.00110887855636153, 20, 14, 0.297464
0.180644111514216, 0.998218262806236, -0.00110884245207727, 20, 14, 0.297517
0.180644111514216, 1.00133630289532, -0.00110880627879538, 20, 14, 0.297166
0.180644111514216, 1.00445434298441, -0.0011087700392279, 20, 14, 0.297197
0.180644111514216, 1.0075723830735, -0.00110873373611492, 20, 14, 0.297163
0.180644111514216, 1.01069042316258, -0.00110869737222454, 20, 14, 0.29747
0.180644111514216, 1.01380846325167, -0.00110866095035272, 20, 14, 0.297162
0.180644111514216, 1.01692650334076, -0.00110862447332329, 20, 14, 0.297146
0.180644111514216, 1.02004454342984, -0.00110858794398781, 20, 14, 0.297463
0.180644111514216, 1.02316258351893, -0.00110855136522549, 20, 14, 0.297379
0.180644111514216, 1.02628062360802, -0.00110851473994313, 20, 14, 0.299879
0.180644111514216, 1.0293986636971, -0.00110847807107503, 20, 14, 0.297508
0.180644111514216, 1.03251670378619, -0.00110844136158285, 20, 14, 0.297174
0.180644111514216, 1.03563474387528, -0.00110840461445559, 20, 14, 0.297177
0.180644111514216, 1.03875278396437, -0.00110836783270945, 20, 14, 0.297191
0.180644111514216, 1.04187082405345, -0.00110833101938773, 20, 14, 0.297466
0.180644111514216, 1.04498886414254, -0.00110829417756075, 20, 14, 0.297164
0.180644111514216, 1.04810690423163, -0.00110825731032574, 20, 14, 0.297178
0.180644111514216, 1.05122494432071, -0.00110822042080674, 20, 14, 0.297494
0.180644111514216, 1.0543429844098, -0.00110818350952053, 20, 13, 0.274018
0.180644111514216, 1.05746102449889, -0.00110814658507276, 20, 13, 0.274211
0.180644111514216, 1.06057906458797, -0.00110810964786317, 20, 13, 0.274053
0.180644111514216, 1.06369710467706, -0.00110807270112254, 20, 13, 0.274318
0.180644111514216, 1.06681514476615, -0.00110803574810786, 20, 13, 0.274053
0.180644111514216, 1.06993318485523, -0.00110799879210224, 20, 13, 0.274045
0.180644111514216, 1.07305122494432, -0.0011079618364148, 20, 13, 0.274357
0.180644111514216, 1.07616926503341, -0.00110792488438052, 20, 13, 0.274046
0.180644111514216, 1.07928730512249, -0.00110788793936013, 20, 13, 0.274003
0.180644111514216, 1.08240534521158, -0.00110785100474, 20, 13, 0.275494
0.180644111514216, 1.08552338530067, -0.00110781408393201, 20, 13, 0.275874
0.180644111514216, 1.08864142538976, -0.00110777718037342, 20, 13, 0.274042
0.180644111514216, 1.09175946547884, -0.00110774029752675, 20, 13, 0.273998
0.180644111514216, 1.09487750556793, -0.00110770343887965, 20, 13, 0.273999
0.180644111514216, 1.09799554565702, -0.00110766660794474, 20, 13, 0.274279
0.180644111514216, 1.1011135857461, -0.00110762980825953, 20, 13, 0.274046
0.180644111514216, 1.10423162583519, -0.00110759304338623, 20, 13, 0.274168
0.180644111514216, 1.10734966592428, -0.00110755631691165, 20, 13, 0.274292
0.180644111514216, 1.11046770601336, -0.00110751963244704, 20, 13, 0.274024
0.180644111514216, 1.11358574610245, -0.00110748299362797, 20, 13, 0.274006
0.180644111514216, 1.11670378619154, -0.00110744640411417, 20, 13, 0.27403
0.180644111514216, 1.11982182628062, -0.00110740986758936, 20, 13, 0.274321
0.180644111514216, 1.12293986636971, -0.00110737338776119, 20, 13, 0.274008
0.180644111514216, 1.1260579064588, -0.00110733696836097, 20, 13, 0.274282
0.180644111514216, 1.12917594654788, -0.00110730061314365, 20, 13, 0.274054
0.180644111514216, 1.13229398663697, -0.00110726432588756, 20, 13, 0.274326
0.180644111514216, 1.13541202672606, -0.00110722811039431, 20, 13, 0.273985
0.180644111514216, 1.13853006681514, -0.00110719197048865, 20, 13, 0.27401
0.180644111514216, 1.14164810690423, -0.00110715591001826, 20, 13, 0.274813
0.180644111514216, 1.14476614699332, -0.00110711993285365, 20, 13, 0.275845
0.180644111514216, 1.14788418708241, -0.00110708404032054, 20, 12, 0.250847
0.180644111514216, 1.15100222717149, -0.0011070482416141, 20, 12, 0.250869
0.180644111514216, 1.15412026726058, -0.00110701253795202, 20, 12, 0.251175
0.180644111514216, 1.15723830734967, -0.00110697693329486, 20, 12, 0.250836
0.180644111514216, 1.16035634743875, -0.00110694143162517, 20, 12, 0.250836
0.180644111514216, 1.16347438752784, -0.00110690603694727, 20, 12, 0.25083
0.180644111514216, 1.16659242761693, -0.00110687075328712, 20, 12, 0.25185
0.180644111514216, 1.16971046770601, -0.00110683558469217, 20, 12, 0.250837
0.180644111514216, 1.1728285077951, -0.00110680053523115, 20, 12, 0.250843
0.180644111514216, 1.17594654788419, -0.00110676560899393, 20, 12, 0.250809
0.180644111514216, 1.17906458797327, -0.00110673081009131, 20, 12, 0.25107
0.180644111514216, 1.18218262806236, -0.0011066961426549, 20, 12, 0.250829
0.180644111514216, 1.18530066815145, -0.0011066616108369, 20, 12, 0.250795
0.180644111514216, 1.18841870824053, -0.00110662721880995, 20, 12, 0.250822
0.180644111514216, 1.19153674832962, -0.00110659297076692, 20, 12, 0.251117
0.180644111514216, 1.19465478841871, -0.00110655887092078, 20, 12, 0.250785
0.180644111514216, 1.1977728285078, -0.00110652492350438, 20, 12, 0.2508
0.180644111514216, 1.20089086859688, -0.00110649113277027, 20, 12, 0.25104
0.180644111514216, 1.20400890868597, -0.00110645750299056, 20, 12, 0.251086
0.180644111514216, 1.20712694877506, -0.00110642403845666, 20, 12, 0.251753
0.180644111514216, 1.21024498886414, -0.00110639074347918, 20, 12, 0.252375
0.180644111514216, 1.21336302895323, -0.00110635762238768, 20, 12, 0.250797
0.180644111514216, 1.21648106904232, -0.00110632467953052, 20, 12, 0.25108
0.180644111514216, 1.2195991091314, -0.00110629191927463, 20, 12, 0.250854
0.180644111514216, 1.22271714922049, -0.00110625934600539, 20, 12, 0.250799
0.180644111514216, 1.22583518930958, -0.00110622696412637, 20, 12, 0.251015
0.180644111514216, 1.22895322939866, -0.00110619477805916, 20, 12, 0.251112
0.180644111514216, 1.23207126948775, -0.0011061627922432, 20, 12, 0.250843
0.180644111514216, 1.23518930957684, -0.00110613101113556, 20, 12, 0.250832
0.180644111514216, 1.23830734966592, -0.00110609943921077, 20, 12, 0.25083
0.180644111514216, 1.24142538975501, -0.00110606808096059, 20, 12, 0.25111
0.180644111514216, 1.2445434298441, -0.00110603694089385, 20, 12, 0.250828
0.180644111514216, 1.24766146993318, -0.00110600602353621, 20, 12, 0.250824
0.180644111514216, 1.25077951002227, -0.00110597533343002, 20, 12, 0.250824
0.180644111514216, 1.25389755011136, -0.00110594487513407, 20, 12, 0.251124
0.180644111514216, 1.25701559020045, -0.00110591465322341, 20, 12, 0.250837
0.180644111514216, 1.26013363028953, -0.00110588467228915, 20, 12, 0.250834
0.180644111514216, 1.26325167037862, -0.0011058549346172, 20, 11, 0.227638
0.180644111514216, 1.26636971046771, -0.00110582544959257, 20, 11, 0.227942
0.180644111514216, 1.26948775055679, -0.0011057962194058, 20, 11, 0.227643
0.180644111514216, 1.27260579064588, -0.00110576724871051, 20, 11, 0.227714
0.180644111514216, 1.27572383073497, -0.00110573854217538, 20, 11, 0.229982
0.180644111514216, 1.27884187082405, -0.00110571010449451, 20, 11, 0.230995
0.180644111514216, 1.28195991091314, -0.00110568194034477, 20, 11, 0.230366
0.180644111514216, 1.28507795100223, -0.00110565405444929, 20, 11, 0.230352
0.180644111514216, 1.28819599109131, -0.0011056264515348, 20, 11, 0.230316
0.180644111514216, 1.2913140311804, -0.00110559913634202, 20, 11, 0.23035
0.180644111514216, 1.29443207126949, -0.00110557211362546, 20, 11, 0.230609
0.180644111514216, 1.29755011135857, -0.00110554538815322, 20, 11, 0.230324
0.180644111514216, 1.30066815144766, -0.00110551896470676, 20, 11, 0.230336
0.180644111514216, 1.30378619153675, -0.0011054928480807, 20, 11, 0.230305
0.180644111514216, 1.30690423162584, -0.00110546704308264, 20, 11, 0.23064
0.180644111514216, 1.31002227171492, -0.00110544155453289, 20, 11, 0.230342
0.180644111514216, 1.31314031180401, -0.00110541638726432, 20, 11, 0.230349
0.180644111514216, 1.3162583518931, -0.0011053915461221, 20, 11, 0.230369
0.180644111514216, 1.31937639198218, -0.00110536703596353, 20, 11, 0.230377
0.180644111514216, 1.32249443207127, -0.00110534286165777, 20, 11, 0.230647
0.180644111514216, 1.32561247216036, -0.0011053190280857, 20, 11, 0.230377
0.180644111514216, 1.32873051224944, -0.00110529554013967, 20, 11, 0.230338
0.180644111514216, 1.33184855233853, -0.00110527240272326, 20, 11, 0.230362
0.180644111514216, 1.33496659242762, -0.0011052496207511, 20, 11, 0.230642
0.180644111514216, 1.3380846325167, -0.00110522719914867, 20, 11, 0.230363
0.180644111514216, 1.34120267260579, -0.00110520514285205, 20, 11, 0.230356
0.180644111514216, 1.34432071269488, -0.00110518345680771, 20, 11, 0.230588
0.180644111514216, 1.34743875278396, -0.00110516214597231, 20, 11, 0.233541
0.180644111514216, 1.35055679287305, -0.00110514121531248, 20, 11, 0.236519
0.180644111514216, 1.35367483296214, -0.00110512066980462, 20, 11, 0.230407
0.180644111514216, 1.35679287305122, -0.00110510051443464, 20, 11, 0.230709
0.180644111514216, 1.35991091314031, -0.00110508075419778, 20, 11, 0.230722
0.180644111514216, 1.3630289532294, -0.0011050613940984, 20, 11, 0.230371
0.180644111514216, 1.36614699331849, -0.00110504243914972, 20, 11, 0.230393
0.180644111514216, 1.36926503340757, -0.00110502389437365, 20, 11, 0.230389
0.180644111514216, 1.37238307349666, -0.00110500576480056, 20, 11, 0.230391
0.180644111514216, 1.37550111358575, -0.00110498805546905, 20, 11, 0.230632
0.180644111514216, 1.37861915367483, -0.00110497077142573, 20, 11, 0.230354
0.180644111514216, 1.38173719376392, -0.00110495391772505, 20, 11, 0.230346
0.180644111514216, 1.38485523385301, -0.001104937499429, 20, 11, 0.230349
0.180644111514216, 1.38797327394209, -0.00110492152160699, 20, 11, 0.23067
0.180644111514216, 1.39109131403118, -0.00110490598933554, 20, 11, 0.230338
0.180644111514216, 1.39420935412027, -0.00110489090769813, 20, 11, 0.230326
0.180644111514216, 1.39732739420935, -0.00110487628178497, 20, 11, 0.230328
0.180644111514216, 1.40044543429844, -0.00110486211669273, 20, 11, 0.230628
0.180644111514216, 1.40356347438753, -0.00110484841546937, 20, 10, 0.207171
0.180644111514216, 1.40668151447661, -0.00110483518743113, 20, 10, 0.207146
0.180644111514216, 1.4097995545657, -0.00110482243553619, 20, 10, 0.207125
0.180644111514216, 1.41291759465479, -0.00110481016490531, 20, 10, 0.207117
0.180644111514216, 1.41603563474388, -0.00110479838066465, 20, 10, 0.207424
0.180644111514216, 1.41915367483296, -0.00110478708794556, 20, 10, 0.20838
0.180644111514216, 1.42227171492205, -0.00110477629188438, 20, 10, 0.208391
0.180644111514216, 1.42538975501114, -0.0011047659976222, 20, 10, 0.207101
0.180644111514216, 1.42850779510022, -0.00110475621030468, 20, 10, 0.207104
0.180644111514216, 1.43162583518931, -0.00110474693508176, 20, 10, 0.207415
0.180644111514216, 1.4347438752784, -0.00110473817710755, 20, 10, 0.207117
0.180644111514216, 1.43786191536748, -0.00110472994154004, 20, 10, 0.20712
0.180644111514216, 1.44097995545657, -0.00110472223354089, 20, 10, 0.207317
0.180644111514216, 1.44409799554566, -0.00110471505827525, 20, 10, 0.207111
0.180644111514216, 1.44721603563474, -0.00110470842091152, 20, 10, 0.207389
0.180644111514216, 1.45033407572383, -0.00110470232662116, 20, 10, 0.207131
0.180644111514216, 1.45345211581292, -0.00110469678057843, 20, 10, 0.20713
0.180644111514216, 1.456570155902, -0.00110469178796024, 20, 10, 0.207089
0.180644111514216, 1.45968819599109, -0.00110468735394588, 20, 10, 0.207092
0.180644111514216, 1.46280623608018, -0.00110468348371684, 20, 10, 0.207425
0.180644111514216, 1.46592427616927, -0.0011046801824566, 20, 10, 0.207165
0.180644111514216, 1.46904231625835, -0.00110467745535038, 20, 10, 0.20714
0.180644111514216, 1.47216035634744, -0.00110467530758498, 20, 10, 0.207142
0.180644111514216, 1.47527839643653, -0.00110467374434854, 20, 10, 0.207145
0.180644111514216, 1.47839643652561, -0.00110467277083034, 20, 10, 0.207478
0.180644111514216, 1.4815144766147, -0.00110467239222057, 20, 10, 0.20718
0.180644111514216, 1.48463251670379, -0.00110467261371014, 20, 10, 0.207185
0.180644111514216, 1.48775055679287, -0.00110467344049048, 20, 10, 0.207192
0.180644111514216, 1.49086859688196, -0.0011046748777533, 20, 10, 0.20748
0.180644111514216, 1.49398663697105, -0.0011046769306904, 20, 10, 0.207193
0.180644111514216, 1.49710467706013, -0.00110467960449347, 20, 10, 0.207391
0.180644111514216, 1.50022271714922, -0.00110468290435386, 20, 10, 0.209222
0.180644111514216, 1.50334075723831, -0.00110468683546241, 20, 10, 0.208142
0.180644111514216, 1.50645879732739, -0.0011046914030092, 20, 10, 0.207537
0.180644111514216, 1.50957683741648, -0.00110469661218338, 20, 10, 0.207202
0.180644111514216, 1.51269487750557, -0.00110470246817293, 20, 10, 0.20716
0.180644111514216, 1.51581291759465, -0.0011047089761645, 20, 10, 0.20718
0.180644111514216, 1.51893095768374, -0.00110471614134316, 20, 10, 0.207164
0.180644111514216, 1.52204899777283, -0.00110472396889225, 20, 10, 0.207467
0.180644111514216, 1.52516703786192, -0.0011047324639931, 20, 10, 0.207192
0.180644111514216, 1.528285077951, -0.00110474163182493, 20, 10, 0.207184
0.180644111514216, 1.53140311804009, -0.00110475147756455, 20, 10, 0.207427
0.180644111514216, 1.53452115812918, -0.00110476200638622, 20, 10, 0.207201
0.180644111514216, 1.53763919821826, -0.00110477322346143, 20, 10, 0.207493
0.180644111514216, 1.54075723830735, -0.00110478513395871, 20, 10, 0.207215
0.180644111514216, 1.54387527839644, -0.00110479774304341, 20, 10, 0.207184
0.180644111514216, 1.54699331848552, -0.00110481105587753, 20, 10, 0.207214
0.180644111514216, 1.55011135857461, -0.00110482507761951, 20, 10, 0.207182
0.180644111514216, 1.5532293986637, -0.00110483981342403, 20, 10, 0.207505
0.180644111514216, 1.55634743875278, -0.00110485526844182, 20, 10, 0.207231
0.180644111514216, 1.55946547884187, -0.00110487144781946, 20, 10, 0.207196
0.180644111514216, 1.56258351893096, -0.00110488835669919, 20, 10, 0.207182
0.180644111514216, 1.56570155902004, -0.00110490600021872, 20, 10, 0.207188
0.180644111514216, 1.56881959910913, -0.00110492438351102, 20, 10, 0.208189
0.180644111514216, 1.57193763919822, -0.00110494351170417, 20, 10, 0.20719
0.180644111514216, 1.57505567928731, -0.0011049633899211, 20, 10, 0.207197
0.180644111514216, 1.57817371937639, -0.00110498402152022, 20, 9, 0.184724
0.180644111514216, 1.58129175946548, -0.00110500541520725, 20, 9, 0.185805
0.180644111514216, 1.58440979955457, -0.00110502757425119, 20, 9, 0.184578
0.180644111514216, 1.58752783964365, -0.00110505050375277, 20, 9, 0.184274
0.180644111514216, 1.59064587973274, -0.00110507420880672, 20, 9, 0.184037
0.180644111514216, 1.59376391982183, -0.00110509869450147, 20, 9, 0.184022
0.180644111514216, 1.59688195991091, -0.00110512396591906, 20, 9, 0.184011
0.180644111514216, 1.6, -0.00110515002813491, 20, 9, 0.184218
# finished at Tue Apr 29 20:42:05 CEST 2014
