# starting on alcc60 at Wed Apr 30 03:12:15 CEST 2014
# casimir, -T, 0.200000,1.600000,450, -Q, 0.422141479009112, -p, 1e-08, -L, 20
# Compiler icc, using long double and plain matrix elements and plain integration
# precision=1e-08
# lfac=5
# cores=1
# L=0.422141
# T=0.2...1.6 (450)
#
# R/(L+R), T, F, lmax, nmax, time
0.422141479009112, 0.2, -0.0191012024753047, 20, 85, 2.48621
0.422141479009112, 0.203118040089087, -0.0191011928516465, 20, 84, 2.51442
0.422141479009112, 0.206236080178174, -0.0191011827483468, 20, 82, 2.369
0.422141479009112, 0.209354120267261, -0.0191011722250854, 20, 81, 2.33032
0.422141479009112, 0.212472160356347, -0.0191011612319828, 20, 80, 2.30619
0.422141479009112, 0.215590200445434, -0.01910114975612, 20, 79, 2.40872
0.422141479009112, 0.218708240534521, -0.0191011377843926, 20, 78, 2.24944
0.422141479009112, 0.221826280623608, -0.0191011253035451, 20, 77, 2.1776
0.422141479009112, 0.224944320712695, -0.0191011123001456, 20, 76, 2.20439
0.422141479009112, 0.228062360801782, -0.0191010987606189, 20, 75, 2.12404
0.422141479009112, 0.231180400890869, -0.0191010846712385, 20, 74, 2.1165
0.422141479009112, 0.234298440979955, -0.0191010700181177, 20, 73, 2.07448
0.422141479009112, 0.237416481069042, -0.0191010547872412, 20, 72, 2.0557
0.422141479009112, 0.240534521158129, -0.0191010389644328, 20, 71, 2.10813
0.422141479009112, 0.243652561247216, -0.0191010225353873, 20, 70, 1.99181
0.422141479009112, 0.246770601336303, -0.0191010054856568, 20, 69, 1.97254
0.422141479009112, 0.24988864142539, -0.0191009878006369, 20, 68, 1.9201
0.422141479009112, 0.253006681514477, -0.0191009695081903, 20, 68, 1.98571
0.422141479009112, 0.256124721603563, -0.0191009505111702, 20, 67, 1.95111
0.422141479009112, 0.25924276169265, -0.0191009308347336, 20, 66, 1.96207
0.422141479009112, 0.262360801781737, -0.0191009104637745, 20, 65, 1.89507
0.422141479009112, 0.265478841870824, -0.0191008893830322, 20, 64, 1.9079
0.422141479009112, 0.268596881959911, -0.019100867623898, 20, 64, 1.81873
0.422141479009112, 0.271714922048998, -0.0191008450819964, 20, 63, 1.85871
0.422141479009112, 0.274832962138085, -0.01910082178566, 20, 62, 1.84194
0.422141479009112, 0.277951002227172, -0.019100797763273, 20, 62, 1.74909
0.422141479009112, 0.281069042316258, -0.0191007729125699, 20, 61, 1.72011
0.422141479009112, 0.284187082405345, -0.0191007472593738, 20, 60, 1.69078
0.422141479009112, 0.287305122494432, -0.0191007208359088, 20, 60, 1.69277
0.422141479009112, 0.290423162583519, -0.0191006935359021, 20, 59, 1.66608
0.422141479009112, 0.293541202672606, -0.0191006653856302, 20, 58, 1.63474
0.422141479009112, 0.296659242761693, -0.0191006364209256, 20, 58, 1.63599
0.422141479009112, 0.29977728285078, -0.0191006065286492, 20, 57, 1.60506
0.422141479009112, 0.302895322939866, -0.0191005757877752, 20, 57, 1.60739
0.422141479009112, 0.306013363028953, -0.019100544089326, 20, 56, 1.57751
0.422141479009112, 0.30913140311804, -0.0191005115085552, 20, 56, 1.5788
0.422141479009112, 0.312249443207127, -0.019100477939216, 20, 55, 1.54928
0.422141479009112, 0.315367483296214, -0.0191004434057359, 20, 54, 1.52004
0.422141479009112, 0.318485523385301, -0.0191004079488309, 20, 54, 1.51877
0.422141479009112, 0.321603563474388, -0.0191003714462579, 20, 53, 1.49269
0.422141479009112, 0.324721603563474, -0.0191003339877329, 20, 53, 1.49308
0.422141479009112, 0.327839643652561, -0.0191002954501353, 20, 52, 1.46208
0.422141479009112, 0.330957683741648, -0.0191002559246235, 20, 52, 1.46779
0.422141479009112, 0.334075723830735, -0.019100215285682, 20, 51, 1.43381
0.422141479009112, 0.337193763919822, -0.0191001736274833, 20, 51, 1.43653
0.422141479009112, 0.340311804008909, -0.0191001308737162, 20, 51, 1.43507
0.422141479009112, 0.343429844097996, -0.0191000869636191, 20, 50, 1.4048
0.422141479009112, 0.346547884187082, -0.0191000419779478, 20, 50, 1.40591
0.422141479009112, 0.349665924276169, -0.0190999957997968, 20, 49, 1.37772
0.422141479009112, 0.352783964365256, -0.0190999485158773, 20, 49, 1.37555
0.422141479009112, 0.355902004454343, -0.0190999000023057, 20, 48, 1.34824
0.422141479009112, 0.35902004454343, -0.0190998503536727, 20, 48, 1.34884
0.422141479009112, 0.362138084632517, -0.0190997994933271, 20, 48, 1.3511
0.422141479009112, 0.365256124721604, -0.0190997473571478, 20, 47, 1.35129
0.422141479009112, 0.36837416481069, -0.0190996940319486, 20, 47, 1.47619
0.422141479009112, 0.371492204899777, -0.01909963939187, 20, 46, 1.32216
0.422141479009112, 0.374610244988864, -0.0190995835352443, 20, 46, 1.35251
0.422141479009112, 0.377728285077951, -0.0190995263834918, 20, 46, 1.30552
0.422141479009112, 0.380846325167038, -0.0190994678686775, 20, 45, 1.26164
0.422141479009112, 0.383964365256125, -0.0190994080853361, 20, 45, 1.26928
0.422141479009112, 0.387082405345212, -0.0190993469570233, 20, 45, 1.26593
0.422141479009112, 0.390200445434298, -0.0190992844163779, 20, 44, 1.23251
0.422141479009112, 0.393318485523385, -0.0190992205565583, 20, 44, 1.24751
0.422141479009112, 0.396436525612472, -0.0190991553020017, 20, 44, 1.28038
0.422141479009112, 0.399554565701559, -0.0190990885848794, 20, 43, 1.30961
0.422141479009112, 0.402672605790646, -0.019099020499313, 20, 43, 1.21171
0.422141479009112, 0.405790645879733, -0.0190989509694187, 20, 43, 1.20447
0.422141479009112, 0.40890868596882, -0.0190988799258141, 20, 42, 1.1759
0.422141479009112, 0.412026726057906, -0.0190988074678573, 20, 42, 1.2017
0.422141479009112, 0.415144766146993, -0.0190987335144302, 20, 42, 1.25183
0.422141479009112, 0.41826280623608, -0.019098657995249, 20, 41, 1.18399
0.422141479009112, 0.421380846325167, -0.019098581013843, 20, 41, 1.16457
0.422141479009112, 0.424498886414254, -0.0190985024898374, 20, 41, 1.23846
0.422141479009112, 0.427616926503341, -0.0190984224073869, 20, 41, 1.15003
0.422141479009112, 0.430734966592428, -0.0190983406979784, 20, 40, 1.15881
0.422141479009112, 0.433853006681514, -0.0190982574578243, 20, 40, 1.23399
0.422141479009112, 0.436971046770601, -0.0190981726109073, 20, 40, 1.15982
0.422141479009112, 0.440089086859688, -0.0190980860835397, 20, 39, 1.09505
0.422141479009112, 0.443207126948775, -0.0190979979834223, 20, 39, 1.09019
0.422141479009112, 0.446325167037862, -0.0190979082288138, 20, 39, 1.09026
0.422141479009112, 0.449443207126949, -0.0190978168043025, 20, 39, 1.09058
0.422141479009112, 0.452561247216036, -0.0190977236371141, 20, 38, 1.06419
0.422141479009112, 0.455679287305123, -0.0190976288337189, 20, 38, 1.06132
0.422141479009112, 0.458797327394209, -0.0190975323136373, 20, 38, 1.06264
0.422141479009112, 0.461915367483296, -0.0190974340617629, 20, 38, 1.06269
0.422141479009112, 0.465033407572383, -0.0190973340046906, 20, 37, 1.10286
0.422141479009112, 0.46815144766147, -0.0190972322511526, 20, 37, 1.06999
0.422141479009112, 0.471269487750557, -0.0190971287201393, 20, 37, 1.03429
0.422141479009112, 0.474387527839644, -0.0190970233969468, 20, 37, 1.03384
0.422141479009112, 0.477505567928731, -0.0190969162058805, 20, 36, 1.00422
0.422141479009112, 0.480623608017817, -0.0190968072615923, 20, 36, 1.00511
0.422141479009112, 0.483741648106904, -0.0190966964806958, 20, 36, 1.00444
0.422141479009112, 0.486859688195991, -0.019096583848934, 20, 36, 1.00455
0.422141479009112, 0.489977728285078, -0.0190964693521439, 20, 36, 1.00411
0.422141479009112, 0.493095768374165, -0.0190963529179708, 20, 35, 0.976753
0.422141479009112, 0.496213808463252, -0.0190962346556054, 20, 35, 0.978946
0.422141479009112, 0.499331848552339, -0.0190961144856154, 20, 35, 0.977231
0.422141479009112, 0.502449888641425, -0.0190959923943602, 20, 35, 0.977013
0.422141479009112, 0.505567928730512, -0.0190958683683147, 20, 35, 0.979306
0.422141479009112, 0.508685968819599, -0.0190957423364382, 20, 34, 0.951427
0.422141479009112, 0.511804008908686, -0.019095614407041, 20, 34, 0.947444
0.422141479009112, 0.514922048997773, -0.0190954845023403, 20, 34, 0.947355
0.422141479009112, 0.51804008908686, -0.0190953526094064, 20, 34, 0.953098
0.422141479009112, 0.521158129175947, -0.0190952187154445, 20, 34, 0.947645
0.422141479009112, 0.524276169265034, -0.0190950827487926, 20, 33, 0.918999
0.422141479009112, 0.52739420935412, -0.0190949448212437, 20, 33, 0.919077
0.422141479009112, 0.530512249443207, -0.0190948048544828, 20, 33, 0.917997
0.422141479009112, 0.533630289532294, -0.0190946628363913, 20, 33, 0.920935
0.422141479009112, 0.536748329621381, -0.0190945187549753, 20, 33, 0.920345
0.422141479009112, 0.539866369710468, -0.0190943725358632, 20, 32, 0.890392
0.422141479009112, 0.542984409799555, -0.0190942242990081, 20, 32, 0.890611
0.422141479009112, 0.546102449888642, -0.0190940739632241, 20, 32, 0.890163
0.422141479009112, 0.549220489977728, -0.0190939215172728, 20, 32, 0.89024
0.422141479009112, 0.552338530066815, -0.0190937669500876, 20, 32, 0.890183
0.422141479009112, 0.555456570155902, -0.0190936102507785, 20, 32, 0.890304
0.422141479009112, 0.558574610244989, -0.0190934513468242, 20, 31, 0.860662
0.422141479009112, 0.561692650334076, -0.0190932903575334, 20, 31, 0.862433
0.422141479009112, 0.564810690423163, -0.0190931272039368, 20, 31, 0.861641
0.422141479009112, 0.567928730512249, -0.0190929618759607, 20, 31, 0.861757
0.422141479009112, 0.571046770601336, -0.0190927943637249, 20, 31, 0.861874
0.422141479009112, 0.574164810690423, -0.0190926246575474, 20, 31, 0.860918
0.422141479009112, 0.57728285077951, -0.0190924526842617, 20, 30, 0.833159
0.422141479009112, 0.580400890868597, -0.019092278568166, 20, 30, 0.831392
0.422141479009112, 0.583518930957684, -0.0190921022297249, 20, 30, 0.833277
0.422141479009112, 0.586636971046771, -0.0190919236601295, 20, 30, 0.833035
0.422141479009112, 0.589755011135857, -0.0190917428508166, 20, 30, 0.833111
0.422141479009112, 0.592873051224944, -0.0190915597934306, 20, 30, 0.833238
0.422141479009112, 0.595991091314031, -0.0190913744798381, 20, 30, 0.833086
0.422141479009112, 0.599109131403118, -0.0190911868401434, 20, 29, 0.804737
0.422141479009112, 0.602227171492205, -0.0190909969964892, 20, 29, 0.803843
0.422141479009112, 0.605345211581292, -0.0190908048730546, 20, 29, 0.803739
0.422141479009112, 0.608463251670379, -0.0190906104626873, 20, 29, 0.803734
0.422141479009112, 0.611581291759466, -0.0190904137584718, 20, 29, 0.803706
0.422141479009112, 0.614699331848552, -0.0190902147537338, 20, 29, 0.803748
0.422141479009112, 0.617817371937639, -0.0190900134420438, 20, 29, 0.804591
0.422141479009112, 0.620935412026726, -0.0190898097538577, 20, 28, 0.77434
0.422141479009112, 0.624053452115813, -0.0190896038157485, 20, 28, 0.774311
0.422141479009112, 0.6271714922049, -0.0190893955523806, 20, 28, 0.780317
0.422141479009112, 0.630289532293987, -0.0190891849583884, 20, 28, 0.774308
0.422141479009112, 0.633407572383074, -0.0190889720286647, 20, 28, 0.774304
0.422141479009112, 0.63652561247216, -0.0190887567583645, 20, 28, 0.774411
0.422141479009112, 0.639643652561247, -0.0190885391429202, 20, 28, 0.776229
0.422141479009112, 0.642761692650334, -0.019088319109974, 20, 27, 0.746849
0.422141479009112, 0.645879732739421, -0.0190880967975361, 20, 27, 0.746874
0.422141479009112, 0.648997772828508, -0.0190878721273076, 20, 27, 0.746822
0.422141479009112, 0.652115812917595, -0.019087645095852, 20, 27, 0.74682
0.422141479009112, 0.655233853006682, -0.019087415700011, 20, 27, 0.746768
0.422141479009112, 0.658351893095768, -0.0190871839369077, 20, 27, 0.746827
0.422141479009112, 0.661469933184855, -0.0190869498039505, 20, 27, 0.746848
0.422141479009112, 0.664587973273942, -0.0190867132988355, 20, 27, 0.746656
0.422141479009112, 0.667706013363029, -0.0190864744195504, 20, 27, 0.746676
0.422141479009112, 0.670824053452116, -0.0190862331001426, 20, 26, 0.717412
0.422141479009112, 0.673942093541203, -0.019085989473115, 20, 26, 0.717426
0.422141479009112, 0.67706013363029, -0.0190857434671953, 20, 26, 0.717395
0.422141479009112, 0.680178173719376, -0.0190854950816044, 20, 26, 0.717432
0.422141479009112, 0.683296213808463, -0.0190852443158659, 20, 26, 0.717453
0.422141479009112, 0.68641425389755, -0.0190849911698085, 20, 26, 0.717441
0.422141479009112, 0.689532293986637, -0.0190847356435691, 20, 26, 0.717443
0.422141479009112, 0.692650334075724, -0.0190844777375957, 20, 26, 0.717443
0.422141479009112, 0.695768374164811, -0.01908421745265, 20, 26, 0.717346
0.422141479009112, 0.698886414253898, -0.0190839547252162, 20, 25, 0.687999
0.422141479009112, 0.702004454342984, -0.0190836896911624, 20, 25, 0.688043
0.422141479009112, 0.705122494432071, -0.0190834222818982, 20, 25, 0.68806
0.422141479009112, 0.708240534521158, -0.0190831524995005, 20, 25, 0.689377
0.422141479009112, 0.711358574610245, -0.0190828803463827, 20, 25, 0.689853
0.422141479009112, 0.714476614699332, -0.0190826058252449, 20, 25, 0.69015
0.422141479009112, 0.717594654788419, -0.019082328939155, 20, 25, 0.689975
0.422141479009112, 0.720712694877506, -0.0190820496914982, 20, 25, 0.689877
0.422141479009112, 0.723830734966592, -0.0190817680859928, 20, 25, 0.68986
0.422141479009112, 0.726948775055679, -0.0190814840575113, 20, 24, 0.660496
0.422141479009112, 0.730066815144766, -0.0190811977542491, 20, 24, 0.660493
0.422141479009112, 0.733184855233853, -0.0190809091058869, 20, 24, 0.663315
0.422141479009112, 0.73630289532294, -0.0190806181175304, 20, 24, 0.668738
0.422141479009112, 0.739420935412027, -0.0190803247946265, 20, 24, 0.663831
0.422141479009112, 0.742538975501114, -0.019080029142965, 20, 24, 0.664112
0.422141479009112, 0.7456570155902, -0.0190797311686811, 20, 24, 0.664284
0.422141479009112, 0.748775055679287, -0.0190794308782572, 20, 24, 0.664801
0.422141479009112, 0.751893095768374, -0.0190791282785249, 20, 24, 0.662225
0.422141479009112, 0.755011135857461, -0.0190788233766668, 20, 24, 0.660454
0.422141479009112, 0.758129175946548, -0.0190785161802184, 20, 24, 0.666553
0.422141479009112, 0.761247216035635, -0.0190782066296115, 20, 23, 0.631223
0.422141479009112, 0.764365256124722, -0.0190778948731036, 20, 23, 0.632558
0.422141479009112, 0.767483296213809, -0.0190775808463622, 20, 23, 0.63197
0.422141479009112, 0.770601336302895, -0.0190772645583799, 20, 23, 0.631437
0.422141479009112, 0.773719376391982, -0.0190769460185079, 20, 23, 0.631763
0.422141479009112, 0.776837416481069, -0.0190766252364579, 20, 23, 0.631261
0.422141479009112, 0.779955456570156, -0.0190763022223036, 20, 23, 0.631915
0.422141479009112, 0.783073496659243, -0.019075976986482, 20, 23, 0.63154
0.422141479009112, 0.78619153674833, -0.019075649539795, 20, 23, 0.631288
0.422141479009112, 0.789309576837417, -0.019075319893411, 20, 23, 0.63119
0.422141479009112, 0.792427616926503, -0.0190749880588656, 20, 23, 0.631688
0.422141479009112, 0.79554565701559, -0.019074653977021, 20, 22, 0.602158
0.422141479009112, 0.798663697104677, -0.0190743178073914, 20, 22, 0.604205
0.422141479009112, 0.801781737193764, -0.0190739794860392, 20, 22, 0.605697
0.422141479009112, 0.804899777282851, -0.0190736390260237, 20, 22, 0.60366
0.422141479009112, 0.808017817371938, -0.0190732964407604, 20, 22, 0.603595
0.422141479009112, 0.811135857461025, -0.0190729517440374, 20, 22, 0.603735
0.422141479009112, 0.814253897550111, -0.0190726049500162, 20, 22, 0.605775
0.422141479009112, 0.817371937639198, -0.0190722560732327, 20, 22, 0.603679
0.422141479009112, 0.820489977728285, -0.0190719051322556, 20, 22, 0.605632
0.422141479009112, 0.823608017817372, -0.0190715521350695, 20, 22, 0.605625
0.422141479009112, 0.826726057906459, -0.0190711971009841, 20, 22, 0.606585
0.422141479009112, 0.829844097995546, -0.0190708400460414, 20, 22, 0.605838
0.422141479009112, 0.832962138084633, -0.019070480986662, 20, 22, 0.605748
0.422141479009112, 0.836080178173719, -0.0190701198696222, 20, 21, 0.576262
0.422141479009112, 0.839198218262806, -0.0190697568569937, 20, 21, 0.576466
0.422141479009112, 0.842316258351893, -0.0190693918911328, 20, 21, 0.576296
0.422141479009112, 0.84543429844098, -0.0190690249900028, 20, 21, 0.576387
0.422141479009112, 0.848552338530067, -0.0190686561719465, 20, 21, 0.576362
0.422141479009112, 0.851670378619154, -0.0190682854556868, 20, 21, 0.576728
0.422141479009112, 0.854788418708241, -0.0190679128603273, 20, 21, 0.576589
0.422141479009112, 0.857906458797328, -0.0190675384053522, 20, 21, 0.576899
0.422141479009112, 0.861024498886414, -0.0190671621106269, 20, 21, 0.577109
0.422141479009112, 0.864142538975501, -0.0190667839963986, 20, 21, 0.576921
0.422141479009112, 0.867260579064588, -0.019066404083296, 20, 21, 0.577217
0.422141479009112, 0.870378619153675, -0.0190660223923295, 20, 21, 0.57706
0.422141479009112, 0.873496659242762, -0.0190656389448919, 20, 21, 0.57762
0.422141479009112, 0.876614699331849, -0.0190652537627576, 20, 21, 0.577989
0.422141479009112, 0.879732739420936, -0.0190648667974762, 20, 20, 0.547512
0.422141479009112, 0.882850779510022, -0.0190644782174626, 20, 20, 0.547029
0.422141479009112, 0.885968819599109, -0.0190640879700618, 20, 20, 0.546913
0.422141479009112, 0.889086859688196, -0.0190636960785964, 20, 20, 0.547083
0.422141479009112, 0.892204899777283, -0.0190633025667695, 20, 20, 0.546997
0.422141479009112, 0.89532293986637, -0.0190629074586644, 20, 20, 0.547058
0.422141479009112, 0.898440979955457, -0.0190625107787444, 20, 20, 0.547732
0.422141479009112, 0.901559020044544, -0.0190621125518526, 20, 20, 0.546969
0.422141479009112, 0.90467706013363, -0.0190617128032118, 20, 20, 0.547267
0.422141479009112, 0.907795100222717, -0.0190613115584236, 20, 20, 0.547064
0.422141479009112, 0.910913140311804, -0.0190609088434688, 20, 20, 0.54696
0.422141479009112, 0.914031180400891, -0.0190605046847228, 20, 20, 0.548705
0.422141479009112, 0.917149220489978, -0.0190600991088893, 20, 20, 0.554785
0.422141479009112, 0.920267260579065, -0.0190596921430992, 20, 20, 0.548636
0.422141479009112, 0.923385300668152, -0.0190592838148437, 20, 20, 0.548638
0.422141479009112, 0.926503340757238, -0.01905887415199, 20, 20, 0.548732
0.422141479009112, 0.929621380846325, -0.0190584631138034, 20, 19, 0.519583
0.422141479009112, 0.932739420935412, -0.0190580508711911, 20, 19, 0.519421
0.422141479009112, 0.935857461024499, -0.0190576373795613, 20, 19, 0.519533
0.422141479009112, 0.938975501113586, -0.0190572226682959, 20, 19, 0.519625
0.422141479009112, 0.942093541202673, -0.0190568067671484, 20, 19, 0.519257
0.422141479009112, 0.945211581291759, -0.0190563897062431, 20, 19, 0.519608
0.422141479009112, 0.948329621380847, -0.0190559715160738, 20, 19, 0.520308
0.422141479009112, 0.951447661469933, -0.0190555522275033, 20, 19, 0.519308
0.422141479009112, 0.95456570155902, -0.0190551318717624, 20, 19, 0.519316
0.422141479009112, 0.957683741648107, -0.0190547104804491, 20, 19, 0.519382
0.422141479009112, 0.960801781737194, -0.0190542880855271, 20, 19, 0.519551
0.422141479009112, 0.963919821826281, -0.0190538647193251, 20, 19, 0.519592
0.422141479009112, 0.967037861915368, -0.0190534404145357, 20, 19, 0.519692
0.422141479009112, 0.970155902004454, -0.0190530152042142, 20, 19, 0.5197
0.422141479009112, 0.973273942093541, -0.0190525891217775, 20, 19, 0.519349
0.422141479009112, 0.976391982182628, -0.0190521622010025, 20, 19, 0.519327
0.422141479009112, 0.979510022271715, -0.0190517344760255, 20, 19, 0.519532
0.422141479009112, 0.982628062360802, -0.0190513059104589, 20, 18, 0.490056
0.422141479009112, 0.985746102449889, -0.0190508766851433, 20, 18, 0.490033
0.422141479009112, 0.988864142538975, -0.0190504467599241, 20, 18, 0.499545
0.422141479009112, 0.991982182628063, -0.0190500161703752, 20, 18, 0.493894
0.422141479009112, 0.995100222717149, -0.0190495849524222, 20, 18, 0.494285
0.422141479009112, 0.998218262806236, -0.0190491531423403, 20, 18, 0.493995
0.422141479009112, 1.00133630289532, -0.0190487207767535, 20, 18, 0.490064
0.422141479009112, 1.00445434298441, -0.0190482878926326, 20, 18, 0.490663
0.422141479009112, 1.0075723830735, -0.019047854527294, 20, 18, 0.490082
0.422141479009112, 1.01069042316258, -0.0190474207183979, 20, 18, 0.489989
0.422141479009112, 1.01380846325167, -0.0190469865039471, 20, 18, 0.491925
0.422141479009112, 1.01692650334076, -0.0190465519222847, 20, 18, 0.493964
0.422141479009112, 1.02004454342984, -0.0190461170120933, 20, 18, 0.489857
0.422141479009112, 1.02316258351893, -0.0190456818123925, 20, 18, 0.490848
0.422141479009112, 1.02628062360802, -0.0190452463625376, 20, 18, 0.490465
0.422141479009112, 1.0293986636971, -0.0190448107022179, 20, 18, 0.490977
0.422141479009112, 1.03251670378619, -0.0190443748714547, 20, 18, 0.490049
0.422141479009112, 1.03563474387528, -0.0190439389105994, 20, 18, 0.490699
0.422141479009112, 1.03875278396437, -0.019043502860332, 20, 18, 0.490088
0.422141479009112, 1.04187082405345, -0.0190430667616589, 20, 18, 0.49376
0.422141479009112, 1.04498886414254, -0.0190426305869705, 20, 17, 0.461836
0.422141479009112, 1.04810690423163, -0.0190421945196928, 20, 17, 0.461082
0.422141479009112, 1.05122494432071, -0.0190417585287499, 20, 17, 0.464369
0.422141479009112, 1.0543429844098, -0.0190413226564473, 20, 17, 0.460619
0.422141479009112, 1.05746102449889, -0.0190408869454066, 20, 17, 0.468486
0.422141479009112, 1.06057906458797, -0.0190404514385633, 20, 17, 0.460787
0.422141479009112, 1.06369710467706, -0.0190400161791652, 20, 17, 0.460681
0.422141479009112, 1.06681514476615, -0.0190395812107889, 20, 17, 0.46233
0.422141479009112, 1.06993318485523, -0.019039146577261, 20, 17, 0.462449
0.422141479009112, 1.07305122494432, -0.0190387123227722, 20, 17, 0.46241
0.422141479009112, 1.07616926503341, -0.0190382784917973, 20, 17, 0.462461
0.422141479009112, 1.07928730512249, -0.0190378451291122, 20, 17, 0.462461
0.422141479009112, 1.08240534521158, -0.0190374122797926, 20, 17, 0.462517
0.422141479009112, 1.08552338530067, -0.0190369799892109, 20, 17, 0.462547
0.422141479009112, 1.08864142538976, -0.0190365483030343, 20, 17, 0.482384
0.422141479009112, 1.09175946547884, -0.0190361172672228, 20, 17, 0.462397
0.422141479009112, 1.09487750556793, -0.0190356869280264, 20, 17, 0.462489
0.422141479009112, 1.09799554565702, -0.0190352573319834, 20, 17, 0.462592
0.422141479009112, 1.1011135857461, -0.0190348285259174, 20, 17, 0.463077
0.422141479009112, 1.10423162583519, -0.0190344005569356, 20, 17, 0.466416
0.422141479009112, 1.10734966592428, -0.0190339734724262, 20, 17, 0.465662
0.422141479009112, 1.11046770601336, -0.0190335473200557, 20, 17, 0.465201
0.422141479009112, 1.11358574610245, -0.0190331220786174, 20, 16, 0.435633
0.422141479009112, 1.11670378619154, -0.0190326979383069, 20, 16, 0.435067
0.422141479009112, 1.11982182628062, -0.0190322748745875, 20, 16, 0.435808
0.422141479009112, 1.12293986636971, -0.0190318529362266, 20, 16, 0.434871
0.422141479009112, 1.1260579064588, -0.0190314321722571, 20, 16, 0.435328
0.422141479009112, 1.12917594654788, -0.0190310126319754, 20, 16, 0.436005
0.422141479009112, 1.13229398663697, -0.019030594364939, 20, 16, 0.435833
0.422141479009112, 1.13541202672606, -0.0190301774209638, 20, 16, 0.436569
0.422141479009112, 1.13853006681514, -0.0190297618501214, 20, 16, 0.436851
0.422141479009112, 1.14164810690423, -0.019029347702737, 20, 16, 0.436776
0.422141479009112, 1.14476614699332, -0.0190289350293868, 20, 16, 0.436522
0.422141479009112, 1.14788418708241, -0.019028523880895, 20, 16, 0.436673
0.422141479009112, 1.15100222717149, -0.0190281143083318, 20, 16, 0.436319
0.422141479009112, 1.15412026726058, -0.0190277063630103, 20, 16, 0.43615
0.422141479009112, 1.15723830734967, -0.0190273000964844, 20, 16, 0.436189
0.422141479009112, 1.16035634743875, -0.0190268955605457, 20, 16, 0.437317
0.422141479009112, 1.16347438752784, -0.0190264928072215, 20, 16, 0.438039
0.422141479009112, 1.16659242761693, -0.0190260918887713, 20, 16, 0.438245
0.422141479009112, 1.16971046770601, -0.0190256928576849, 20, 16, 0.439116
0.422141479009112, 1.1728285077951, -0.0190252957666794, 20, 16, 0.438181
0.422141479009112, 1.17594654788419, -0.0190249006686968, 20, 16, 0.438214
0.422141479009112, 1.17906458797327, -0.0190245076169008, 20, 16, 0.438105
0.422141479009112, 1.18218262806236, -0.0190241166646745, 20, 16, 0.438272
0.422141479009112, 1.18530066815145, -0.0190237278656179, 20, 16, 0.438135
0.422141479009112, 1.18841870824053, -0.0190233412735445, 20, 16, 0.438226
0.422141479009112, 1.19153674832962, -0.0190229569424794, 20, 16, 0.438118
0.422141479009112, 1.19465478841871, -0.0190225748607313, 20, 15, 0.408493
0.422141479009112, 1.1977728285078, -0.0190221952178838, 20, 15, 0.408541
0.422141479009112, 1.20089086859688, -0.0190218179991948, 20, 15, 0.408134
0.422141479009112, 1.20400890868597, -0.0190214432595147, 20, 15, 0.408459
0.422141479009112, 1.20712694877506, -0.0190210710538912, 20, 15, 0.408435
0.422141479009112, 1.21024498886414, -0.0190207014375661, 20, 15, 0.408468
0.422141479009112, 1.21336302895323, -0.0190203344659729, 20, 15, 0.409471
0.422141479009112, 1.21648106904232, -0.019019970194734, 20, 15, 0.40827
0.422141479009112, 1.2195991091314, -0.0190196086796576, 20, 15, 0.408428
0.422141479009112, 1.22271714922049, -0.0190192499767355, 20, 15, 0.408349
0.422141479009112, 1.22583518930958, -0.0190188941421398, 20, 15, 0.40843
0.422141479009112, 1.22895322939866, -0.0190185412322205, 20, 15, 0.408375
0.422141479009112, 1.23207126948775, -0.0190181913035023, 20, 15, 0.408457
0.422141479009112, 1.23518930957684, -0.0190178444126824, 20, 15, 0.408489
0.422141479009112, 1.23830734966592, -0.0190175006166271, 20, 15, 0.408426
0.422141479009112, 1.24142538975501, -0.0190171599723695, 20, 15, 0.408023
0.422141479009112, 1.2445434298441, -0.0190168225371063, 20, 15, 0.408245
0.422141479009112, 1.24766146993318, -0.0190164883681952, 20, 15, 0.408422
0.422141479009112, 1.25077951002227, -0.0190161575231523, 20, 15, 0.408465
0.422141479009112, 1.25389755011136, -0.0190158300596488, 20, 15, 0.408361
0.422141479009112, 1.25701559020045, -0.0190155060355085, 20, 15, 0.40817
0.422141479009112, 1.26013363028953, -0.0190151855087051, 20, 15, 0.408367
0.422141479009112, 1.26325167037862, -0.0190148685373593, 20, 15, 0.408464
0.422141479009112, 1.26636971046771, -0.0190145551797356, 20, 15, 0.408383
0.422141479009112, 1.26948775055679, -0.0190142454942403, 20, 15, 0.408504
0.422141479009112, 1.27260579064588, -0.0190139395394177, 20, 15, 0.408502
0.422141479009112, 1.27572383073497, -0.0190136373739483, 20, 15, 0.408355
0.422141479009112, 1.27884187082405, -0.0190133390566685, 20, 15, 0.410236
0.422141479009112, 1.28195991091314, -0.0190130446464749, 20, 15, 0.410228
0.422141479009112, 1.28507795100223, -0.0190127541371375, 20, 14, 0.380502
0.422141479009112, 1.28819599109131, -0.0190124677215528, 20, 14, 0.380506
0.422141479009112, 1.2913140311804, -0.0190121853905179, 20, 14, 0.380505
0.422141479009112, 1.29443207126949, -0.0190119072034749, 20, 14, 0.380509
0.422141479009112, 1.29755011135857, -0.019011633219982, 20, 14, 0.38052
0.422141479009112, 1.30066815144766, -0.0190113634997101, 20, 14, 0.380469
0.422141479009112, 1.30378619153675, -0.0190110981024405, 20, 14, 0.380565
0.422141479009112, 1.30690423162584, -0.019010837088062, 20, 14, 0.380424
0.422141479009112, 1.31002227171492, -0.0190105805165679, 20, 14, 0.380594
0.422141479009112, 1.31314031180401, -0.0190103284480536, 20, 14, 0.380648
0.422141479009112, 1.3162583518931, -0.0190100809427135, 20, 14, 0.380424
0.422141479009112, 1.31937639198218, -0.0190098380608385, 20, 14, 0.380424
0.422141479009112, 1.32249443207127, -0.0190095998628129, 20, 14, 0.377121
0.422141479009112, 1.32561247216036, -0.0190093664091122, 20, 14, 0.375969
0.422141479009112, 1.32873051224944, -0.0190091377602997, 20, 14, 0.375976
0.422141479009112, 1.33184855233853, -0.0190089139770244, 20, 14, 0.376949
0.422141479009112, 1.33496659242762, -0.0190086951200178, 20, 14, 0.375971
0.422141479009112, 1.3380846325167, -0.0190084812500911, 20, 14, 0.37596
0.422141479009112, 1.34120267260579, -0.0190082724281331, 20, 14, 0.375991
0.422141479009112, 1.34432071269488, -0.0190080687151068, 20, 14, 0.376015
0.422141479009112, 1.34743875278396, -0.019007870172047, 20, 14, 0.376032
0.422141479009112, 1.35055679287305, -0.0190076768600575, 20, 14, 0.375965
0.422141479009112, 1.35367483296214, -0.0190074888403087, 20, 14, 0.37767
0.422141479009112, 1.35679287305122, -0.0190073061740343, 20, 14, 0.377193
0.422141479009112, 1.35991091314031, -0.0190071289225292, 20, 14, 0.376049
0.422141479009112, 1.3630289532294, -0.0190069571471465, 20, 14, 0.376138
0.422141479009112, 1.36614699331849, -0.019006790909295, 20, 14, 0.37594
0.422141479009112, 1.36926503340757, -0.0190066302704364, 20, 14, 0.375926
0.422141479009112, 1.37238307349666, -0.0190064752920827, 20, 14, 0.375913
0.422141479009112, 1.37550111358575, -0.0190063260357936, 20, 14, 0.376048
0.422141479009112, 1.37861915367483, -0.0190061825631737, 20, 14, 0.37604
0.422141479009112, 1.38173719376392, -0.0190060449358701, 20, 14, 0.375986
0.422141479009112, 1.38485523385301, -0.0190059132155697, 20, 14, 0.376029
0.422141479009112, 1.38797327394209, -0.0190057874639965, 20, 14, 0.376013
0.422141479009112, 1.39109131403118, -0.0190056677429089, 20, 14, 0.375984
0.422141479009112, 1.39420935412027, -0.0190055540533396, 20, 13, 0.346695
0.422141479009112, 1.39732739420935, -0.0190054465812671, 20, 13, 0.346703
0.422141479009112, 1.40044543429844, -0.0190053453250228, 20, 13, 0.346711
0.422141479009112, 1.40356347438753, -0.0190052503464827, 20, 13, 0.347014
0.422141479009112, 1.40668151447661, -0.0190051617075439, 20, 13, 0.346831
0.422141479009112, 1.4097995545657, -0.0190050794701228, 20, 13, 0.346738
0.422141479009112, 1.41291759465479, -0.0190050036961522, 20, 13, 0.346754
0.422141479009112, 1.41603563474388, -0.0190049344475788, 20, 13, 0.346688
0.422141479009112, 1.41915367483296, -0.0190048717863604, 20, 13, 0.346775
0.422141479009112, 1.42227171492205, -0.0190048157744641, 20, 13, 0.346731
0.422141479009112, 1.42538975501114, -0.0190047664738633, 20, 13, 0.346747
0.422141479009112, 1.42850779510022, -0.0190047239465352, 20, 13, 0.346755
0.422141479009112, 1.43162583518931, -0.0190046882544587, 20, 13, 0.346778
0.422141479009112, 1.4347438752784, -0.0190046594596117, 20, 13, 0.346752
0.422141479009112, 1.43786191536748, -0.0190046376239685, 20, 13, 0.346808
0.422141479009112, 1.44097995545657, -0.0190046228094979, 20, 13, 0.346732
0.422141479009112, 1.44409799554566, -0.0190046150781604, 20, 13, 0.346692
0.422141479009112, 1.44721603563474, -0.0190046144919057, 20, 13, 0.346742
0.422141479009112, 1.45033407572383, -0.0190046211126706, 20, 13, 0.346665
0.422141479009112, 1.45345211581292, -0.0190046350023765, 20, 13, 0.346696
0.422141479009112, 1.456570155902, -0.019004656222927, 20, 13, 0.346693
0.422141479009112, 1.45968819599109, -0.0190046848362056, 20, 13, 0.346797
0.422141479009112, 1.46280623608018, -0.0190047209040733, 20, 13, 0.346672
0.422141479009112, 1.46592427616927, -0.0190047644883663, 20, 13, 0.346701
0.422141479009112, 1.46904231625835, -0.0190048156508938, 20, 13, 0.346659
0.422141479009112, 1.47216035634744, -0.0190048744534355, 20, 13, 0.346653
0.422141479009112, 1.47527839643653, -0.0190049409577394, 20, 13, 0.346665
0.422141479009112, 1.47839643652561, -0.0190050152255195, 20, 13, 0.346678
0.422141479009112, 1.4815144766147, -0.0190050973184537, 20, 13, 0.346653
0.422141479009112, 1.48463251670379, -0.0190051872981812, 20, 13, 0.346755
0.422141479009112, 1.48775055679287, -0.0190052852263006, 20, 13, 0.346691
0.422141479009112, 1.49086859688196, -0.0190053911643674, 20, 13, 0.346862
0.422141479009112, 1.49398663697105, -0.0190055051738922, 20, 13, 0.346708
0.422141479009112, 1.49710467706013, -0.019005627316338, 20, 13, 0.346659
0.422141479009112, 1.50022271714922, -0.0190057576531182, 20, 13, 0.346965
0.422141479009112, 1.50334075723831, -0.0190058962455946, 20, 13, 0.346753
0.422141479009112, 1.50645879732739, -0.0190060431550752, 20, 13, 0.346854
0.422141479009112, 1.50957683741648, -0.0190061984428118, 20, 13, 0.346834
0.422141479009112, 1.51269487750557, -0.019006362169998, 20, 13, 0.347528
0.422141479009112, 1.51581291759465, -0.0190065343977674, 20, 13, 0.346821
0.422141479009112, 1.51893095768374, -0.019006715128368, 20, 12, 0.317828
0.422141479009112, 1.52204899777283, -0.0190069045428189, 20, 12, 0.318181
0.422141479009112, 1.52516703786192, -0.0190071026407757, 20, 12, 0.317309
0.422141479009112, 1.528285077951, -0.0190073094831136, 20, 12, 0.317405
0.422141479009112, 1.53140311804009, -0.0190075251306372, 20, 12, 0.317612
0.422141479009112, 1.53452115812918, -0.0190077496440781, 20, 12, 0.317629
0.422141479009112, 1.53763919821826, -0.0190079830840931, 20, 12, 0.317323
0.422141479009112, 1.54075723830735, -0.0190082255112623, 20, 12, 0.317319
0.422141479009112, 1.54387527839644, -0.0190084769860868, 20, 12, 0.317285
0.422141479009112, 1.54699331848552, -0.0190087375689871, 20, 12, 0.317449
0.422141479009112, 1.55011135857461, -0.019009007320301, 20, 12, 0.31748
0.422141479009112, 1.5532293986637, -0.0190092863002814, 20, 12, 0.317442
0.422141479009112, 1.55634743875278, -0.0190095745690948, 20, 12, 0.317491
0.422141479009112, 1.55946547884187, -0.0190098721868192, 20, 12, 0.317535
0.422141479009112, 1.56258351893096, -0.0190101792134422, 20, 12, 0.317634
0.422141479009112, 1.56570155902004, -0.0190104957088591, 20, 12, 0.3173
0.422141479009112, 1.56881959910913, -0.0190108217328709, 20, 12, 0.31754
0.422141479009112, 1.57193763919822, -0.0190111573451829, 20, 12, 0.318572
0.422141479009112, 1.57505567928731, -0.0190115026054024, 20, 12, 0.318924
0.422141479009112, 1.57817371937639, -0.019011857573037, 20, 12, 0.317783
0.422141479009112, 1.58129175946548, -0.019012222307493, 20, 12, 0.317806
0.422141479009112, 1.58440979955457, -0.0190125968680733, 20, 12, 0.317692
0.422141479009112, 1.58752783964365, -0.019012981313976, 20, 12, 0.317739
0.422141479009112, 1.59064587973274, -0.019013375704292, 20, 12, 0.317794
0.422141479009112, 1.59376391982183, -0.019013780098004, 20, 12, 0.318363
0.422141479009112, 1.59688195991091, -0.0190141945539843, 20, 12, 0.321887
0.422141479009112, 1.6, -0.0190146191310222, 20, 12, 0.323063
# finished at Wed Apr 30 03:17:46 CEST 2014
