# starting on alcc60 at Wed Apr 30 01:25:39 CEST 2014
# casimir, -T, 0.200000,1.600000,450, -Q, 0.291543062782668, -p, 1e-08, -L, 20
# Compiler icc, using long double and plain matrix elements and plain integration
# precision=1e-08
# lfac=5
# cores=1
# L=0.291543
# T=0.2...1.6 (450)
#
# R/(L+R), T, F, lmax, nmax, time
0.291543062782668, 0.2, -0.00515843189655263, 20, 72, 1.82991
0.291543062782668, 0.203118040089087, -0.00515842867774956, 20, 71, 1.80435
0.291543062782668, 0.206236080178174, -0.00515842531064012, 20, 70, 1.78954
0.291543062782668, 0.209354120267261, -0.00515842179094851, 20, 69, 1.75229
0.291543062782668, 0.212472160356347, -0.00515841811437352, 20, 68, 1.72601
0.291543062782668, 0.215590200445434, -0.00515841427646812, 20, 67, 1.70481
0.291543062782668, 0.218708240534521, -0.00515841027282261, 20, 66, 1.68813
0.291543062782668, 0.221826280623608, -0.00515840609894356, 20, 65, 1.69021
0.291543062782668, 0.224944320712695, -0.00515840175028438, 20, 64, 1.71231
0.291543062782668, 0.228062360801782, -0.00515839722224515, 20, 63, 1.66561
0.291543062782668, 0.231180400890869, -0.00515839251017198, 20, 62, 1.60738
0.291543062782668, 0.234298440979955, -0.00515838760938937, 20, 61, 1.54567
0.291543062782668, 0.237416481069042, -0.00515838252687463, 20, 61, 1.55831
0.291543062782668, 0.240534521158129, -0.00515837723530678, 20, 60, 1.52036
0.291543062782668, 0.243652561247216, -0.00515837174073957, 20, 59, 1.50077
0.291543062782668, 0.246770601336303, -0.00515836603826344, 20, 58, 1.47104
0.291543062782668, 0.24988864142539, -0.0051583601353601, 20, 58, 1.46905
0.291543062782668, 0.253006681514477, -0.00515835400364755, 20, 57, 1.45674
0.291543062782668, 0.256124721603563, -0.00515834764923155, 20, 56, 1.41552
0.291543062782668, 0.25924276169265, -0.00515834107968274, 20, 56, 1.4473
0.291543062782668, 0.262360801781737, -0.00515833426631795, 20, 55, 1.39226
0.291543062782668, 0.265478841870824, -0.00515832721507087, 20, 54, 1.36546
0.291543062782668, 0.268596881959911, -0.00515831993419819, 20, 54, 1.36832
0.291543062782668, 0.271714922048998, -0.00515831239362083, 20, 53, 1.33952
0.291543062782668, 0.274832962138085, -0.00515830461240251, 20, 53, 1.33925
0.291543062782668, 0.277951002227172, -0.00515829656190515, 20, 52, 1.34652
0.291543062782668, 0.281069042316258, -0.00515828824753444, 20, 51, 1.28757
0.291543062782668, 0.284187082405345, -0.00515827967860173, 20, 51, 1.37103
0.291543062782668, 0.287305122494432, -0.00515827082291104, 20, 50, 1.3528
0.291543062782668, 0.290423162583519, -0.00515826170188074, 20, 50, 1.26053
0.291543062782668, 0.293541202672606, -0.00515825228370369, 20, 49, 1.23901
0.291543062782668, 0.296659242761693, -0.00515824258948419, 20, 49, 1.24064
0.291543062782668, 0.29977728285078, -0.00515823258730811, 20, 48, 1.21181
0.291543062782668, 0.302895322939866, -0.00515822229859396, 20, 48, 1.21179
0.291543062782668, 0.306013363028953, -0.00515821169082112, 20, 47, 1.1842
0.291543062782668, 0.30913140311804, -0.00515820078611492, 20, 47, 1.19073
0.291543062782668, 0.312249443207127, -0.00515818955090454, 20, 46, 1.15845
0.291543062782668, 0.315367483296214, -0.00515817800853835, 20, 46, 1.15849
0.291543062782668, 0.318485523385301, -0.0051581661378738, 20, 46, 1.16053
0.291543062782668, 0.321603563474388, -0.00515815392201217, 20, 45, 1.133
0.291543062782668, 0.324721603563474, -0.00515814138084042, 20, 45, 1.1363
0.291543062782668, 0.327839643652561, -0.0051581284823669, 20, 44, 1.10764
0.291543062782668, 0.330957683741648, -0.0051581152486601, 20, 44, 1.10757
0.291543062782668, 0.334075723830735, -0.00515810165921499, 20, 44, 1.10994
0.291543062782668, 0.337193763919822, -0.00515808769681861, 20, 43, 1.08229
0.291543062782668, 0.340311804008909, -0.00515807338145445, 20, 43, 1.08537
0.291543062782668, 0.343429844097996, -0.00515805868040608, 20, 42, 1.05682
0.291543062782668, 0.346547884187082, -0.00515804361690639, 20, 42, 1.05666
0.291543062782668, 0.349665924276169, -0.00515802816971284, 20, 42, 1.05876
0.291543062782668, 0.352783964365256, -0.00515801232047447, 20, 41, 1.03139
0.291543062782668, 0.355902004454343, -0.00515799609150009, 20, 41, 1.03287
0.291543062782668, 0.35902004454343, -0.00515797946203021, 20, 41, 1.03123
0.291543062782668, 0.362138084632517, -0.00515796241373024, 20, 40, 1.00571
0.291543062782668, 0.365256124721604, -0.00515794496872645, 20, 40, 1.00578
0.291543062782668, 0.36837416481069, -0.0051579271063566, 20, 40, 1.00568
0.291543062782668, 0.371492204899777, -0.00515790880798402, 20, 39, 0.978293
0.291543062782668, 0.374610244988864, -0.00515789009628181, 20, 39, 0.980192
0.291543062782668, 0.377728285077951, -0.00515787095030698, 20, 39, 0.980222
0.291543062782668, 0.380846325167038, -0.00515785135077871, 20, 38, 0.95273
0.291543062782668, 0.383964365256125, -0.00515783132169057, 20, 38, 0.95263
0.291543062782668, 0.387082405345212, -0.0051578108414184, 20, 38, 0.952533
0.291543062782668, 0.390200445434298, -0.0051577899045004, 20, 38, 0.957002
0.291543062782668, 0.393318485523385, -0.00515776849261378, 20, 37, 0.929459
0.291543062782668, 0.396436525612472, -0.0051577466274585, 20, 37, 0.929416
0.291543062782668, 0.399554565701559, -0.005157724288734, 20, 37, 0.929408
0.291543062782668, 0.402672605790646, -0.00515770145687308, 20, 36, 0.901894
0.291543062782668, 0.405790645879733, -0.00515767815645043, 20, 36, 0.903883
0.291543062782668, 0.40890868596882, -0.00515765436565667, 20, 36, 0.903824
0.291543062782668, 0.412026726057906, -0.00515763007902017, 20, 36, 0.903831
0.291543062782668, 0.415144766146993, -0.00515760527724737, 20, 35, 0.876328
0.291543062782668, 0.41826280623608, -0.00515757998439149, 20, 35, 0.888077
0.291543062782668, 0.421380846325167, -0.00515755417903082, 20, 35, 0.879746
0.291543062782668, 0.424498886414254, -0.00515752785574307, 20, 35, 0.878383
0.291543062782668, 0.427616926503341, -0.00515750099505245, 20, 34, 0.851117
0.291543062782668, 0.430734966592428, -0.00515747362153054, 20, 34, 0.857626
0.291543062782668, 0.433853006681514, -0.00515744571361269, 20, 34, 0.852656
0.291543062782668, 0.436971046770601, -0.00515741726594694, 20, 34, 0.858315
0.291543062782668, 0.440089086859688, -0.00515738825839289, 20, 33, 0.833591
0.291543062782668, 0.443207126948775, -0.00515735871712895, 20, 33, 0.831698
0.291543062782668, 0.446325167037862, -0.00515732861989338, 20, 33, 0.838431
0.291543062782668, 0.449443207126949, -0.00515729796142488, 20, 33, 0.825921
0.291543062782668, 0.452561247216036, -0.00515726673647851, 20, 33, 0.834555
0.291543062782668, 0.455679287305123, -0.00515723492572235, 20, 32, 0.806841
0.291543062782668, 0.458797327394209, -0.00515720255392861, 20, 32, 0.80044
0.291543062782668, 0.461915367483296, -0.00515716959982314, 20, 32, 0.799657
0.291543062782668, 0.465033407572383, -0.00515713605834325, 20, 32, 0.804135
0.291543062782668, 0.46815144766147, -0.00515710192424916, 20, 32, 0.802406
0.291543062782668, 0.471269487750557, -0.00515706717849569, 20, 31, 0.774433
0.291543062782668, 0.474387527839644, -0.0051570318457988, 20, 31, 0.774426
0.291543062782668, 0.477505567928731, -0.0051569959051916, 20, 31, 0.786225
0.291543062782668, 0.480623608017817, -0.00515695935170725, 20, 31, 0.781918
0.291543062782668, 0.483741648106904, -0.00515692218040898, 20, 31, 0.780648
0.291543062782668, 0.486859688195991, -0.00515688437182323, 20, 30, 0.758577
0.291543062782668, 0.489977728285078, -0.00515684595193376, 20, 30, 0.756825
0.291543062782668, 0.493095768374165, -0.0051568068994177, 20, 30, 0.756651
0.291543062782668, 0.496213808463252, -0.0051567672095008, 20, 30, 0.761139
0.291543062782668, 0.499331848552339, -0.00515672687744494, 20, 30, 0.753179
0.291543062782668, 0.502449888641425, -0.00515668588276047, 20, 29, 0.72355
0.291543062782668, 0.505567928730512, -0.00515664425416842, 20, 29, 0.736092
0.291543062782668, 0.508685968819599, -0.00515660196925286, 20, 29, 0.728776
0.291543062782668, 0.511804008908686, -0.00515655902346117, 20, 29, 0.729274
0.291543062782668, 0.514922048997773, -0.00515651541228261, 20, 29, 0.723415
0.291543062782668, 0.51804008908686, -0.00515647113125011, 20, 29, 0.723385
0.291543062782668, 0.521158129175947, -0.00515642616005043, 20, 28, 0.695837
0.291543062782668, 0.524276169265034, -0.0051563805278469, 20, 28, 0.695846
0.291543062782668, 0.52739420935412, -0.00515633421247332, 20, 28, 0.697901
0.291543062782668, 0.530512249443207, -0.00515628720967453, 20, 28, 0.69781
0.291543062782668, 0.533630289532294, -0.00515623951524443, 20, 28, 0.711175
0.291543062782668, 0.536748329621381, -0.00515619112502759, 20, 28, 0.707449
0.291543062782668, 0.539866369710468, -0.00515614203492079, 20, 28, 0.697864
0.291543062782668, 0.542984409799555, -0.00515609222583324, 20, 27, 0.679616
0.291543062782668, 0.546102449888642, -0.0051560417254588, 20, 27, 0.675086
0.291543062782668, 0.549220489977728, -0.00515599051304182, 20, 27, 0.674503
0.291543062782668, 0.552338530066815, -0.0051559385847205, 20, 27, 0.681341
0.291543062782668, 0.555456570155902, -0.00515588593669029, 20, 27, 0.680511
0.291543062782668, 0.558574610244989, -0.00515583256520537, 20, 27, 0.672896
0.291543062782668, 0.561692650334076, -0.00515577846658002, 20, 27, 0.672422
0.291543062782668, 0.564810690423163, -0.00515572362207495, 20, 26, 0.6539
0.291543062782668, 0.567928730512249, -0.00515566805991602, 20, 26, 0.653137
0.291543062782668, 0.571046770601336, -0.00515561175977382, 20, 26, 0.644741
0.291543062782668, 0.574164810690423, -0.00515555471823278, 20, 26, 0.644752
0.291543062782668, 0.57728285077951, -0.00515549693194216, 20, 26, 0.644669
0.291543062782668, 0.580400890868597, -0.0051554383976175, 20, 26, 0.644636
0.291543062782668, 0.583518930957684, -0.00515537911212535, 20, 26, 0.654555
0.291543062782668, 0.586636971046771, -0.00515531905602185, 20, 25, 0.621518
0.291543062782668, 0.589755011135857, -0.00515525826017032, 20, 25, 0.621468
0.291543062782668, 0.592873051224944, -0.0051551967036761, 20, 25, 0.621583
0.291543062782668, 0.595991091314031, -0.00515513438362027, 20, 25, 0.658127
0.291543062782668, 0.599109131403118, -0.0051550712971559, 20, 25, 0.686986
0.291543062782668, 0.602227171492205, -0.00515500744150928, 20, 25, 0.636801
0.291543062782668, 0.605345211581292, -0.0051549428139812, 20, 25, 0.626425
0.291543062782668, 0.608463251670379, -0.00515487741194805, 20, 25, 0.621853
0.291543062782668, 0.611581291759466, -0.00515481121633118, 20, 24, 0.59758
0.291543062782668, 0.614699331848552, -0.00515474425930395, 20, 24, 0.593875
0.291543062782668, 0.617817371937639, -0.00515467652021597, 20, 24, 0.639234
0.291543062782668, 0.620935412026726, -0.00515460799677178, 20, 24, 0.635655
0.291543062782668, 0.624053452115813, -0.00515453868675573, 20, 24, 0.610167
0.291543062782668, 0.6271714922049, -0.00515446858803311, 20, 24, 0.596839
0.291543062782668, 0.630289532293987, -0.00515439769855129, 20, 24, 0.596443
0.291543062782668, 0.633407572383074, -0.00515432601634082, 20, 24, 0.595963
0.291543062782668, 0.63652561247216, -0.00515425353951642, 20, 24, 0.596095
0.291543062782668, 0.639643652561247, -0.00515418024979298, 20, 23, 0.569256
0.291543062782668, 0.642761692650334, -0.00515410617993876, 20, 23, 0.568454
0.291543062782668, 0.645879732739421, -0.00515403131019226, 20, 23, 0.568375
0.291543062782668, 0.648997772828508, -0.00515395563902785, 20, 23, 0.568412
0.291543062782668, 0.652115812917595, -0.00515387916500795, 20, 23, 0.568399
0.291543062782668, 0.655233853006682, -0.00515380188678402, 20, 23, 0.568751
0.291543062782668, 0.658351893095768, -0.00515372380309762, 20, 23, 0.574507
0.291543062782668, 0.661469933184855, -0.00515364491278132, 20, 23, 0.572186
0.291543062782668, 0.664587973273942, -0.00515356521475974, 20, 23, 0.571447
0.291543062782668, 0.667706013363029, -0.00515348470805041, 20, 23, 0.570438
0.291543062782668, 0.670824053452116, -0.00515340337556834, 20, 22, 0.542924
0.291543062782668, 0.673942093541203, -0.0051533212503362, 20, 22, 0.542944
0.291543062782668, 0.67706013363029, -0.00515323831391075, 20, 22, 0.542897
0.291543062782668, 0.680178173719376, -0.0051531545657011, 20, 22, 0.542917
0.291543062782668, 0.683296213808463, -0.00515307000521272, 20, 22, 0.542878
0.291543062782668, 0.68641425389755, -0.00515298463204833, 20, 22, 0.542935
0.291543062782668, 0.689532293986637, -0.00515289844590879, 20, 22, 0.543325
0.291543062782668, 0.692650334075724, -0.00515281144659395, 20, 22, 0.550837
0.291543062782668, 0.695768374164811, -0.00515272363400349, 20, 22, 0.543953
0.291543062782668, 0.698886414253898, -0.00515263500813775, 20, 22, 0.54306
0.291543062782668, 0.702004454342984, -0.00515254556909848, 20, 22, 0.545918
0.291543062782668, 0.705122494432071, -0.00515245530121084, 20, 21, 0.53943
0.291543062782668, 0.708240534521158, -0.00515236423787492, 20, 21, 0.574378
0.291543062782668, 0.711358574610245, -0.00515227236217516, 20, 21, 0.51771
0.291543062782668, 0.714476614699332, -0.00515217967463609, 20, 21, 0.563217
0.291543062782668, 0.717594654788419, -0.00515208617588662, 20, 21, 0.548362
0.291543062782668, 0.720712694877506, -0.00515199186666082, 20, 21, 0.524061
0.291543062782668, 0.723830734966592, -0.00515189674779866, 20, 21, 0.559247
0.291543062782668, 0.726948775055679, -0.00515180082024674, 20, 21, 0.517332
0.291543062782668, 0.730066815144766, -0.00515170408505896, 20, 21, 0.51743
0.291543062782668, 0.733184855233853, -0.00515160654339724, 20, 21, 0.517382
0.291543062782668, 0.73630289532294, -0.00515150819653221, 20, 21, 0.518675
0.291543062782668, 0.739420935412027, -0.00515140904584379, 20, 21, 0.549769
0.291543062782668, 0.742538975501114, -0.00515130907708809, 20, 20, 0.502311
0.291543062782668, 0.7456570155902, -0.00515120832459624, 20, 20, 0.490483
0.291543062782668, 0.748775055679287, -0.00515110677298201, 20, 20, 0.489924
0.291543062782668, 0.751893095768374, -0.00515100442407692, 20, 20, 0.499302
0.291543062782668, 0.755011135857461, -0.00515090127982426, 20, 20, 0.493461
0.291543062782668, 0.758129175946548, -0.00515079734227962, 20, 20, 0.51175
0.291543062782668, 0.761247216035635, -0.00515069261361151, 20, 20, 0.492514
0.291543062782668, 0.764365256124722, -0.00515058709610198, 20, 20, 0.492139
0.291543062782668, 0.767483296213809, -0.0051504807921471, 20, 20, 0.492388
0.291543062782668, 0.770601336302895, -0.00515037370425757, 20, 20, 0.492842
0.291543062782668, 0.773719376391982, -0.00515026583505922, 20, 20, 0.527925
0.291543062782668, 0.776837416481069, -0.0051501571874049, 20, 20, 0.494284
0.291543062782668, 0.779955456570156, -0.00515004776392942, 20, 20, 0.497883
0.291543062782668, 0.783073496659243, -0.00514993755175899, 20, 19, 0.4667
0.291543062782668, 0.78619153674833, -0.00514982658712348, 20, 19, 0.487056
0.291543062782668, 0.789309576837417, -0.00514971485595961, 20, 19, 0.476891
0.291543062782668, 0.792427616926503, -0.00514960236160126, 20, 19, 0.478837
0.291543062782668, 0.79554565701559, -0.00514948910750018, 20, 19, 0.496004
0.291543062782668, 0.798663697104677, -0.00514937509722639, 20, 19, 0.466807
0.291543062782668, 0.801781737193764, -0.0051492603344687, 20, 19, 0.475504
0.291543062782668, 0.804899777282851, -0.00514914482303504, 20, 19, 0.488003
0.291543062782668, 0.808017817371938, -0.00514902856685292, 20, 19, 0.469612
0.291543062782668, 0.811135857461025, -0.00514891156996978, 20, 19, 0.508736
0.291543062782668, 0.814253897550111, -0.00514879383655338, 20, 19, 0.480131
0.291543062782668, 0.817371937639198, -0.00514867537089215, 20, 19, 0.472908
0.291543062782668, 0.820489977728285, -0.00514855617739552, 20, 19, 0.499055
0.291543062782668, 0.823608017817372, -0.00514843626059426, 20, 19, 0.497755
0.291543062782668, 0.826726057906459, -0.00514831560835505, 20, 18, 0.441229
0.291543062782668, 0.829844097995546, -0.00514819426024156, 20, 18, 0.441528
0.291543062782668, 0.832962138084633, -0.00514807220305866, 20, 18, 0.441179
0.291543062782668, 0.836080178173719, -0.00514794944183175, 20, 18, 0.441539
0.291543062782668, 0.839198218262806, -0.00514782598170853, 20, 18, 0.448939
0.291543062782668, 0.842316258351893, -0.00514770182795928, 20, 18, 0.445056
0.291543062782668, 0.84543429844098, -0.00514757698597709, 20, 18, 0.445184
0.291543062782668, 0.848552338530067, -0.00514745146127811, 20, 18, 0.450832
0.291543062782668, 0.851670378619154, -0.00514732525950179, 20, 18, 0.441119
0.291543062782668, 0.854788418708241, -0.00514719838641111, 20, 18, 0.441116
0.291543062782668, 0.857906458797328, -0.00514707084789273, 20, 18, 0.442353
0.291543062782668, 0.861024498886414, -0.00514694264995721, 20, 18, 0.441231
0.291543062782668, 0.864142538975501, -0.00514681379873918, 20, 18, 0.466772
0.291543062782668, 0.867260579064588, -0.00514668430049748, 20, 18, 0.459406
0.291543062782668, 0.870378619153675, -0.00514655416161532, 20, 18, 0.44095
0.291543062782668, 0.873496659242762, -0.00514642338860039, 20, 18, 0.445277
0.291543062782668, 0.876614699331849, -0.00514629198808501, 20, 18, 0.450528
0.291543062782668, 0.879732739420936, -0.00514615995074172, 20, 17, 0.425222
0.291543062782668, 0.882850779510022, -0.00514602731672602, 20, 17, 0.43737
0.291543062782668, 0.885968819599109, -0.00514589407577968, 20, 17, 0.435484
0.291543062782668, 0.889086859688196, -0.00514576023503949, 20, 17, 0.415941
0.291543062782668, 0.892204899777283, -0.00514562580176688, 20, 17, 0.415993
0.291543062782668, 0.89532293986637, -0.00514549078334796, 20, 17, 0.433957
0.291543062782668, 0.898440979955457, -0.00514535518729357, 20, 17, 0.420026
0.291543062782668, 0.901559020044544, -0.00514521902123935, 20, 17, 0.420079
0.291543062782668, 0.90467706013363, -0.00514508229294571, 20, 17, 0.433359
0.291543062782668, 0.907795100222717, -0.00514494501029788, 20, 17, 0.415369
0.291543062782668, 0.910913140311804, -0.00514480718130586, 20, 17, 0.460135
0.291543062782668, 0.914031180400891, -0.00514466881410445, 20, 17, 0.419511
0.291543062782668, 0.917149220489978, -0.00514452991695314, 20, 17, 0.43747
0.291543062782668, 0.920267260579065, -0.00514439049823613, 20, 17, 0.434274
0.291543062782668, 0.923385300668152, -0.00514425056646226, 20, 17, 0.416103
0.291543062782668, 0.926503340757238, -0.00514411013026487, 20, 17, 0.415895
0.291543062782668, 0.929621380846325, -0.00514396919840183, 20, 17, 0.435006
0.291543062782668, 0.932739420935412, -0.00514382777975534, 20, 17, 0.416113
0.291543062782668, 0.935857461024499, -0.00514368588333185, 20, 17, 0.416429
0.291543062782668, 0.938975501113586, -0.00514354350266644, 20, 16, 0.388426
0.291543062782668, 0.942093541202673, -0.00514340067921528, 20, 16, 0.387936
0.291543062782668, 0.945211581291759, -0.00514325740568547, 20, 16, 0.441045
0.291543062782668, 0.948329621380847, -0.00514311369158334, 20, 16, 0.417911
0.291543062782668, 0.951447661469933, -0.00514296954653848, 20, 16, 0.429794
0.291543062782668, 0.95456570155902, -0.00514282498030358, 20, 16, 0.416151
0.291543062782668, 0.957683741648107, -0.00514268000275419, 20, 16, 0.394144
0.291543062782668, 0.960801781737194, -0.00514253462388863, 20, 16, 0.390807
0.291543062782668, 0.963919821826281, -0.00514238885382769, 20, 16, 0.39369
0.291543062782668, 0.967037861915368, -0.00514224270281448, 20, 16, 0.394117
0.291543062782668, 0.970155902004454, -0.00514209618121417, 20, 16, 0.398341
0.291543062782668, 0.973273942093541, -0.00514194929951376, 20, 16, 0.39842
0.291543062782668, 0.976391982182628, -0.00514180206832183, 20, 16, 0.418065
0.291543062782668, 0.979510022271715, -0.00514165449836828, 20, 16, 0.399671
0.291543062782668, 0.982628062360802, -0.00514150660050404, 20, 16, 0.39037
0.291543062782668, 0.985746102449889, -0.0051413583857008, 20, 16, 0.393567
0.291543062782668, 0.988864142538975, -0.0051412098650507, 20, 16, 0.390407
0.291543062782668, 0.991982182628063, -0.00514106104976605, 20, 16, 0.393556
0.291543062782668, 0.995100222717149, -0.00514091195117894, 20, 16, 0.390342
0.291543062782668, 0.998218262806236, -0.00514076258074103, 20, 16, 0.389881
0.291543062782668, 1.00133630289532, -0.00514061295002307, 20, 16, 0.389909
0.291543062782668, 1.00445434298441, -0.0051404630550171, 20, 15, 0.362749
0.291543062782668, 1.0075723830735, -0.00514031293988194, 20, 15, 0.366436
0.291543062782668, 1.01069042316258, -0.00514016259983242, 20, 15, 0.362429
0.291543062782668, 1.01380846325167, -0.00514001204691582, 20, 15, 0.36256
0.291543062782668, 1.01692650334076, -0.0051398612932965, 20, 15, 0.362539
0.291543062782668, 1.02004454342984, -0.00513971035125552, 20, 15, 0.374847
0.291543062782668, 1.02316258351893, -0.00513955923319022, 20, 15, 0.362378
0.291543062782668, 1.02628062360802, -0.0051394079516138, 20, 15, 0.363192
0.291543062782668, 1.0293986636971, -0.00513925651915493, 20, 15, 0.366304
0.291543062782668, 1.03251670378619, -0.00513910494855727, 20, 15, 0.368315
0.291543062782668, 1.03563474387528, -0.00513895325267906, 20, 15, 0.362714
0.291543062782668, 1.03875278396437, -0.00513880144449267, 20, 15, 0.362366
0.291543062782668, 1.04187082405345, -0.00513864953708408, 20, 15, 0.362542
0.291543062782668, 1.04498886414254, -0.00513849754365248, 20, 15, 0.395267
0.291543062782668, 1.04810690423163, -0.00513834547750975, 20, 15, 0.382298
0.291543062782668, 1.05122494432071, -0.00513819335207995, 20, 15, 0.404384
0.291543062782668, 1.0543429844098, -0.00513804118089884, 20, 15, 0.393263
0.291543062782668, 1.05746102449889, -0.00513788897761336, 20, 15, 0.385822
0.291543062782668, 1.06057906458797, -0.0051377367559811, 20, 15, 0.390525
0.291543062782668, 1.06369710467706, -0.0051375845298698, 20, 15, 0.369445
0.291543062782668, 1.06681514476615, -0.00513743231325677, 20, 15, 0.384458
0.291543062782668, 1.06993318485523, -0.00513728012022835, 20, 15, 0.39802
0.291543062782668, 1.07305122494432, -0.00513712796497938, 20, 15, 0.364415
0.291543062782668, 1.07616926503341, -0.00513697586181259, 20, 15, 0.364439
0.291543062782668, 1.07928730512249, -0.00513682382513805, 20, 15, 0.364429
0.291543062782668, 1.08240534521158, -0.00513667185450581, 20, 14, 0.336848
0.291543062782668, 1.08552338530067, -0.00513651999532493, 20, 14, 0.336834
0.291543062782668, 1.08864142538976, -0.00513636824645623, 20, 14, 0.336898
0.291543062782668, 1.09175946547884, -0.00513621662273596, 20, 14, 0.336878
0.291543062782668, 1.09487750556793, -0.00513606513910453, 20, 14, 0.336887
0.291543062782668, 1.09799554565702, -0.0051359138106059, 20, 14, 0.336854
0.291543062782668, 1.1011135857461, -0.00513576265238701, 20, 14, 0.337748
0.291543062782668, 1.10423162583519, -0.00513561167969706, 20, 14, 0.338144
0.291543062782668, 1.10734966592428, -0.00513546090788694, 20, 14, 0.336853
0.291543062782668, 1.11046770601336, -0.00513531035240854, 20, 14, 0.336908
0.291543062782668, 1.11358574610245, -0.00513516002881413, 20, 14, 0.336936
0.291543062782668, 1.11670378619154, -0.00513500995275566, 20, 14, 0.336893
0.291543062782668, 1.11982182628062, -0.00513486013998409, 20, 14, 0.336904
0.291543062782668, 1.12293986636971, -0.00513471060634876, 20, 14, 0.336929
0.291543062782668, 1.1260579064588, -0.00513456136779664, 20, 14, 0.336882
0.291543062782668, 1.12917594654788, -0.00513441244037167, 20, 14, 0.336891
0.291543062782668, 1.13229398663697, -0.00513426384021406, 20, 14, 0.336774
0.291543062782668, 1.13541202672606, -0.00513411558355957, 20, 14, 0.336818
0.291543062782668, 1.13853006681514, -0.00513396768673881, 20, 14, 0.336858
0.291543062782668, 1.14164810690423, -0.0051338201661765, 20, 14, 0.336864
0.291543062782668, 1.14476614699332, -0.00513367303839077, 20, 14, 0.336893
0.291543062782668, 1.14788418708241, -0.00513352631999239, 20, 14, 0.336848
0.291543062782668, 1.15100222717149, -0.00513338002768407, 20, 14, 0.338792
0.291543062782668, 1.15412026726058, -0.00513323417825966, 20, 14, 0.336852
0.291543062782668, 1.15723830734967, -0.00513308878860349, 20, 14, 0.33772
0.291543062782668, 1.16035634743875, -0.00513294387568948, 20, 14, 0.336774
0.291543062782668, 1.16347438752784, -0.0051327994567476, 20, 14, 0.33913
0.291543062782668, 1.16659242761693, -0.00513265554859462, 20, 14, 0.341165
0.291543062782668, 1.16971046770601, -0.00513251216863597, 20, 14, 0.341192
0.291543062782668, 1.1728285077951, -0.00513236931997361, 20, 13, 0.313659
0.291543062782668, 1.17594654788419, -0.0051322270492182, 20, 13, 0.313641
0.291543062782668, 1.17906458797327, -0.0051320853588485, 20, 13, 0.313726
0.291543062782668, 1.18218262806236, -0.00513194426644648, 20, 13, 0.313709
0.291543062782668, 1.18530066815145, -0.00513180378967739, 20, 13, 0.313656
0.291543062782668, 1.18841870824053, -0.00513166394628894, 20, 13, 0.313651
0.291543062782668, 1.19153674832962, -0.00513152475411054, 20, 13, 0.313615
0.291543062782668, 1.19465478841871, -0.00513138623105244, 20, 13, 0.313614
0.291543062782668, 1.1977728285078, -0.00513124839510493, 20, 13, 0.313622
0.291543062782668, 1.20089086859688, -0.00513111126433754, 20, 13, 0.314004
0.291543062782668, 1.20400890868597, -0.00513097485689816, 20, 13, 0.314425
0.291543062782668, 1.20712694877506, -0.00513083919101228, 20, 13, 0.313977
0.291543062782668, 1.21024498886414, -0.00513070428498208, 20, 13, 0.314396
0.291543062782668, 1.21336302895323, -0.00513057015718566, 20, 13, 0.313629
0.291543062782668, 1.21648106904232, -0.00513043682607615, 20, 13, 0.31353
0.291543062782668, 1.2195991091314, -0.00513030431018086, 20, 13, 0.313531
0.291543062782668, 1.22271714922049, -0.00513017262810047, 20, 13, 0.313574
0.291543062782668, 1.22583518930958, -0.00513004179850811, 20, 13, 0.31356
0.291543062782668, 1.22895322939866, -0.00512991184014857, 20, 13, 0.313564
0.291543062782668, 1.23207126948775, -0.00512978277183738, 20, 13, 0.313575
0.291543062782668, 1.23518930957684, -0.00512965461245997, 20, 13, 0.313621
0.291543062782668, 1.23830734966592, -0.0051295273809708, 20, 13, 0.313659
0.291543062782668, 1.24142538975501, -0.00512940109639248, 20, 13, 0.313697
0.291543062782668, 1.2445434298441, -0.00512927577781487, 20, 13, 0.313641
0.291543062782668, 1.24766146993318, -0.00512915144439426, 20, 13, 0.31361
0.291543062782668, 1.25077951002227, -0.0051290281153524, 20, 13, 0.313618
0.291543062782668, 1.25389755011136, -0.00512890580997572, 20, 13, 0.313952
0.291543062782668, 1.25701559020045, -0.00512878454761432, 20, 13, 0.31364
0.291543062782668, 1.26013363028953, -0.00512866434768119, 20, 13, 0.314412
0.291543062782668, 1.26325167037862, -0.00512854522965125, 20, 13, 0.314373
0.291543062782668, 1.26636971046771, -0.00512842721306044, 20, 13, 0.314094
0.291543062782668, 1.26948775055679, -0.0051283103175049, 20, 13, 0.313649
0.291543062782668, 1.27260579064588, -0.00512819456263999, 20, 13, 0.313643
0.291543062782668, 1.27572383073497, -0.00512807996817939, 20, 13, 0.313664
0.291543062782668, 1.27884187082405, -0.00512796654041188, 20, 12, 0.286143
0.291543062782668, 1.28195991091314, -0.00512785432679137, 20, 12, 0.286184
0.291543062782668, 1.28507795100223, -0.00512774333302491, 20, 12, 0.286163
0.291543062782668, 1.28819599109131, -0.00512763357905209, 20, 12, 0.286117
0.291543062782668, 1.2913140311804, -0.00512752508486619, 20, 12, 0.286073
0.291543062782668, 1.29443207126949, -0.00512741787051331, 20, 12, 0.286109
0.291543062782668, 1.29755011135857, -0.00512731195609143, 20, 12, 0.286111
0.291543062782668, 1.30066815144766, -0.00512720736174951, 20, 12, 0.286095
0.291543062782668, 1.30378619153675, -0.00512710410768657, 20, 12, 0.286285
0.291543062782668, 1.30690423162584, -0.00512700221415077, 20, 12, 0.286146
0.291543062782668, 1.31002227171492, -0.00512690170143851, 20, 12, 0.286093
0.291543062782668, 1.31314031180401, -0.00512680258989346, 20, 12, 0.288104
0.291543062782668, 1.3162583518931, -0.00512670489990568, 20, 12, 0.288129
0.291543062782668, 1.31937639198218, -0.00512660865191071, 20, 12, 0.288869
0.291543062782668, 1.32249443207127, -0.00512651386638861, 20, 12, 0.288444
0.291543062782668, 1.32561247216036, -0.00512642056386305, 20, 12, 0.289371
0.291543062782668, 1.32873051224944, -0.00512632876490037, 20, 12, 0.288176
0.291543062782668, 1.33184855233853, -0.00512623849010871, 20, 12, 0.288023
0.291543062782668, 1.33496659242762, -0.005126149760137, 20, 12, 0.288084
0.291543062782668, 1.3380846325167, -0.00512606259567411, 20, 12, 0.288094
0.291543062782668, 1.34120267260579, -0.00512597701744788, 20, 12, 0.288082
0.291543062782668, 1.34432071269488, -0.00512589304622419, 20, 12, 0.288094
0.291543062782668, 1.34743875278396, -0.00512581070280606, 20, 12, 0.288088
0.291543062782668, 1.35055679287305, -0.00512573000803271, 20, 12, 0.28807
0.291543062782668, 1.35367483296214, -0.00512565098277862, 20, 12, 0.288096
0.291543062782668, 1.35679287305122, -0.00512557364795262, 20, 12, 0.288386
0.291543062782668, 1.35991091314031, -0.00512549802449697, 20, 12, 0.288161
0.291543062782668, 1.3630289532294, -0.00512542413338638, 20, 12, 0.288096
0.291543062782668, 1.36614699331849, -0.00512535199562716, 20, 12, 0.288228
0.291543062782668, 1.36926503340757, -0.00512528163225624, 20, 12, 0.288138
0.291543062782668, 1.37238307349666, -0.00512521306434027, 20, 12, 0.288133
0.291543062782668, 1.37550111358575, -0.00512514631297468, 20, 12, 0.288096
0.291543062782668, 1.37861915367483, -0.00512508139928274, 20, 12, 0.288057
0.291543062782668, 1.38173719376392, -0.0051250183444147, 20, 12, 0.289541
0.291543062782668, 1.38485523385301, -0.00512495716954679, 20, 12, 0.291938
0.291543062782668, 1.38797327394209, -0.00512489789588034, 20, 12, 0.288083
0.291543062782668, 1.39109131403118, -0.00512484054464086, 20, 12, 0.28813
0.291543062782668, 1.39420935412027, -0.00512478513707711, 20, 12, 0.288072
0.291543062782668, 1.39732739420935, -0.00512473169446017, 20, 12, 0.288097
0.291543062782668, 1.40044543429844, -0.00512468023808253, 20, 12, 0.288073
0.291543062782668, 1.40356347438753, -0.0051246307892572, 20, 12, 0.288123
0.291543062782668, 1.40668151447661, -0.00512458335692435, 20, 11, 0.260607
0.291543062782668, 1.4097995545657, -0.00512453798777882, 20, 11, 0.260568
0.291543062782668, 1.41291759465479, -0.0051244946902133, 20, 11, 0.260544
0.291543062782668, 1.41603563474388, -0.00512445348561479, 20, 11, 0.260594
0.291543062782668, 1.41915367483296, -0.00512441439538616, 20, 11, 0.260559
0.291543062782668, 1.42227171492205, -0.00512437744094525, 20, 11, 0.260573
0.291543062782668, 1.42538975501114, -0.005124342643724, 20, 11, 0.260575
0.291543062782668, 1.42850779510022, -0.00512431002516751, 20, 11, 0.260678
0.291543062782668, 1.43162583518931, -0.00512427960673316, 20, 11, 0.260555
0.291543062782668, 1.4347438752784, -0.00512425140988972, 20, 11, 0.260578
0.291543062782668, 1.43786191536748, -0.00512422545611643, 20, 11, 0.26058
0.291543062782668, 1.44097995545657, -0.00512420176690212, 20, 11, 0.260581
0.291543062782668, 1.44409799554566, -0.00512418036374434, 20, 11, 0.261869
0.291543062782668, 1.44721603563474, -0.00512416126814842, 20, 11, 0.263405
0.291543062782668, 1.45033407572383, -0.00512414450162662, 20, 11, 0.260879
0.291543062782668, 1.45345211581292, -0.00512413008569724, 20, 11, 0.260561
0.291543062782668, 1.456570155902, -0.00512411804188373, 20, 11, 0.260517
0.291543062782668, 1.45968819599109, -0.0051241083917138, 20, 11, 0.260549
0.291543062782668, 1.46280623608018, -0.00512410115671858, 20, 11, 0.260533
0.291543062782668, 1.46592427616927, -0.00512409635843169, 20, 11, 0.260531
0.291543062782668, 1.46904231625835, -0.00512409401838841, 20, 11, 0.260541
0.291543062782668, 1.47216035634744, -0.00512409415812481, 20, 11, 0.260528
0.291543062782668, 1.47527839643653, -0.00512409679917683, 20, 11, 0.260519
0.291543062782668, 1.47839643652561, -0.00512410196307948, 20, 11, 0.26055
0.291543062782668, 1.4815144766147, -0.00512410967136596, 20, 11, 0.26059
0.291543062782668, 1.48463251670379, -0.00512411994556676, 20, 11, 0.281862
0.291543062782668, 1.48775055679287, -0.00512413280720887, 20, 11, 0.261269
0.291543062782668, 1.49086859688196, -0.00512414827781487, 20, 11, 0.260925
0.291543062782668, 1.49398663697105, -0.00512416637890211, 20, 11, 0.260996
0.291543062782668, 1.49710467706013, -0.00512418713198186, 20, 11, 0.260586
0.291543062782668, 1.50022271714922, -0.00512421055855846, 20, 11, 0.262654
0.291543062782668, 1.50334075723831, -0.00512423668012848, 20, 11, 0.262632
0.291543062782668, 1.50645879732739, -0.00512426551817989, 20, 11, 0.262603
0.291543062782668, 1.50957683741648, -0.0051242970941912, 20, 11, 0.266672
0.291543062782668, 1.51269487750557, -0.00512433142963068, 20, 11, 0.266224
0.291543062782668, 1.51581291759465, -0.00512436854595548, 20, 11, 0.263042
0.291543062782668, 1.51893095768374, -0.00512440846461084, 20, 11, 0.26626
0.291543062782668, 1.52204899777283, -0.00512445120702925, 20, 11, 0.262575
0.291543062782668, 1.52516703786192, -0.00512449679462965, 20, 11, 0.262604
0.291543062782668, 1.528285077951, -0.0051245452488166, 20, 11, 0.262568
0.291543062782668, 1.53140311804009, -0.00512459659097948, 20, 11, 0.262569
0.291543062782668, 1.53452115812918, -0.00512465084249168, 20, 11, 0.262574
0.291543062782668, 1.53763919821826, -0.00512470802470981, 20, 11, 0.26255
0.291543062782668, 1.54075723830735, -0.00512476815897288, 20, 11, 0.262544
0.291543062782668, 1.54387527839644, -0.00512483126660152, 20, 11, 0.262512
0.291543062782668, 1.54699331848552, -0.00512489736889717, 20, 11, 0.26253
0.291543062782668, 1.55011135857461, -0.00512496648714136, 20, 11, 0.262533
0.291543062782668, 1.5532293986637, -0.00512503864259481, 20, 11, 0.262577
0.291543062782668, 1.55634743875278, -0.00512511385649676, 20, 11, 0.262532
0.291543062782668, 1.55946547884187, -0.00512519215006412, 20, 11, 0.262696
0.291543062782668, 1.56258351893096, -0.00512527353338534, 20, 10, 0.234993
0.291543062782668, 1.56570155902004, -0.00512535805029768, 20, 10, 0.235017
0.291543062782668, 1.56881959910913, -0.00512544571036603, 20, 10, 0.235068
0.291543062782668, 1.57193763919822, -0.00512553653471121, 20, 10, 0.235187
0.291543062782668, 1.57505567928731, -0.00512563054442789, 20, 10, 0.235116
0.291543062782668, 1.57817371937639, -0.00512572776058386, 20, 10, 0.238446
0.291543062782668, 1.58129175946548, -0.00512582820421925, 20, 10, 0.234959
0.291543062782668, 1.58440979955457, -0.00512593189634583, 20, 10, 0.251668
0.291543062782668, 1.58752783964365, -0.00512603885794624, 20, 10, 0.240404
0.291543062782668, 1.59064587973274, -0.00512614910997327, 20, 10, 0.242512
0.291543062782668, 1.59376391982183, -0.00512626267334914, 20, 10, 0.247884
0.291543062782668, 1.59688195991091, -0.00512637956896474, 20, 10, 0.235152
0.291543062782668, 1.6, -0.00512649981767898, 20, 10, 0.234993
# finished at Wed Apr 30 01:29:51 CEST 2014
