# starting on alcc97 at Tue Apr 29 22:12:27 CEST 2014
# casimir, -T, 0.200000,1.600000,450, -Q, 0.202987419520313, -p, 1e-08, -L, 20
# Compiler icc, using long double and plain matrix elements and plain integration
# precision=1e-08
# lfac=5
# cores=1
# L=0.202987
# T=0.2...1.6 (450)
#
# R/(L+R), T, F, lmax, nmax, time
0.202987419520313, 0.2, -0.00160340505009033, 20, 66, 1.60126
0.202987419520313, 0.203118040089087, -0.00160340395849399, 20, 65, 1.57716
0.202987419520313, 0.206236080178174, -0.00160340281661723, 20, 64, 1.55561
0.202987419520313, 0.209354120267261, -0.00160340162300172, 20, 63, 1.53783
0.202987419520313, 0.212472160356347, -0.00160340037617001, 20, 62, 1.49726
0.202987419520313, 0.215590200445434, -0.00160339907462555, 20, 61, 1.47816
0.202987419520313, 0.218708240534521, -0.00160339771686838, 20, 60, 1.46201
0.202987419520313, 0.221826280623608, -0.0016033963013316, 20, 59, 1.44638
0.202987419520313, 0.224944320712695, -0.00160339482995705, 20, 59, 1.42626
0.202987419520313, 0.228062360801782, -0.00160339329452631, 20, 58, 1.40315
0.202987419520313, 0.231180400890869, -0.00160339169667097, 20, 57, 1.3877
0.202987419520313, 0.234298440979955, -0.00160339003478377, 20, 56, 1.3598
0.202987419520313, 0.237416481069042, -0.00160338831084621, 20, 56, 1.36566
0.202987419520313, 0.240534521158129, -0.00160338651645258, 20, 55, 1.33675
0.202987419520313, 0.243652561247216, -0.00160338465317107, 20, 54, 1.40265
0.202987419520313, 0.246770601336303, -0.00160338272294997, 20, 54, 2.42501
0.202987419520313, 0.24988864142539, -0.00160338071738915, 20, 53, 1.97732
0.202987419520313, 0.253006681514477, -0.00160337863794459, 20, 52, 1.26383
0.202987419520313, 0.256124721603563, -0.00160337648674469, 20, 52, 1.2511
0.202987419520313, 0.25924276169265, -0.00160337425499968, 20, 51, 1.23919
0.202987419520313, 0.262360801781737, -0.00160337194423422, 20, 50, 1.2032
0.202987419520313, 0.265478841870824, -0.00160336955700974, 20, 50, 1.20797
0.202987419520313, 0.268596881959911, -0.00160336708368674, 20, 49, 1.2154
0.202987419520313, 0.271714922048998, -0.00160336453031258, 20, 49, 1.17916
0.202987419520313, 0.274832962138085, -0.0016033618874791, 20, 48, 1.1508
0.202987419520313, 0.277951002227172, -0.00160335916099436, 20, 48, 1.15369
0.202987419520313, 0.281069042316258, -0.00160335634160816, 20, 47, 1.12748
0.202987419520313, 0.284187082405345, -0.00160335343501975, 20, 47, 1.13155
0.202987419520313, 0.287305122494432, -0.00160335043195364, 20, 46, 1.10827
0.202987419520313, 0.290423162583519, -0.00160334733816579, 20, 46, 1.10665
0.202987419520313, 0.293541202672606, -0.00160334414421092, 20, 45, 1.08793
0.202987419520313, 0.296659242761693, -0.00160334085605219, 20, 45, 1.08026
0.202987419520313, 0.29977728285078, -0.0016033374639209, 20, 44, 1.05404
0.202987419520313, 0.302895322939866, -0.00160333397415137, 20, 44, 1.05741
0.202987419520313, 0.306013363028953, -0.00160333038044936, 20, 44, 1.11593
0.202987419520313, 0.30913140311804, -0.00160332667779783, 20, 43, 1.56783
0.202987419520313, 0.312249443207127, -0.00160332287148794, 20, 43, 1.42382
0.202987419520313, 0.315367483296214, -0.00160331895219653, 20, 42, 1.00791
0.202987419520313, 0.318485523385301, -0.0016033149258899, 20, 42, 1.01225
0.202987419520313, 0.321603563474388, -0.00160331078243012, 20, 41, 0.982829
0.202987419520313, 0.324721603563474, -0.00160330652869393, 20, 41, 0.983901
0.202987419520313, 0.327839643652561, -0.00160330215803086, 20, 41, 0.981781
0.202987419520313, 0.330957683741648, -0.00160329766483014, 20, 40, 0.95695
0.202987419520313, 0.334075723830735, -0.0016032930554704, 20, 40, 0.959678
0.202987419520313, 0.337193763919822, -0.00160328832355432, 20, 40, 0.960127
0.202987419520313, 0.340311804008909, -0.00160328346354574, 20, 39, 0.930035
0.202987419520313, 0.343429844097996, -0.00160327848158301, 20, 39, 0.92974
0.202987419520313, 0.346547884187082, -0.00160327337138666, 20, 39, 0.935329
0.202987419520313, 0.349665924276169, -0.00160326812739302, 20, 38, 0.909544
0.202987419520313, 0.352783964365256, -0.00160326275573821, 20, 38, 0.909023
0.202987419520313, 0.355902004454343, -0.00160325725013638, 20, 38, 0.91178
0.202987419520313, 0.35902004454343, -0.0016032516048926, 20, 37, 0.883958
0.202987419520313, 0.362138084632517, -0.00160324582640594, 20, 37, 0.883575
0.202987419520313, 0.365256124721604, -0.00160323990820757, 20, 37, 0.885479
0.202987419520313, 0.36837416481069, -0.00160323384438242, 20, 36, 0.858965
0.202987419520313, 0.371492204899777, -0.00160322764180079, 20, 36, 1.00062
0.202987419520313, 0.374610244988864, -0.00160322129378002, 20, 36, 0.859903
0.202987419520313, 0.377728285077951, -0.00160321479843952, 20, 36, 1.17562
0.202987419520313, 0.380846325167038, -0.00160320815012166, 20, 35, 0.856713
0.202987419520313, 0.383964365256125, -0.00160320135505004, 20, 35, 0.842036
0.202987419520313, 0.387082405345212, -0.00160319440690236, 20, 35, 0.839232
0.202987419520313, 0.390200445434298, -0.00160318729952914, 20, 34, 0.817249
0.202987419520313, 0.393318485523385, -0.00160318004020769, 20, 34, 0.812642
0.202987419520313, 0.396436525612472, -0.00160317262206222, 20, 34, 0.809016
0.202987419520313, 0.399554565701559, -0.00160316504321796, 20, 34, 0.827863
0.202987419520313, 0.402672605790646, -0.00160315729754102, 20, 33, 0.796708
0.202987419520313, 0.405790645879733, -0.00160314939227868, 20, 33, 0.795316
0.202987419520313, 0.40890868596882, -0.00160314132059865, 20, 33, 0.8035
0.202987419520313, 0.412026726057906, -0.00160313308063711, 20, 33, 0.804142
0.202987419520313, 0.415144766146993, -0.00160312466611657, 20, 32, 0.771913
0.202987419520313, 0.41826280623608, -0.00160311608461726, 20, 32, 0.76969
0.202987419520313, 0.421380846325167, -0.00160310732916428, 20, 32, 0.76744
0.202987419520313, 0.424498886414254, -0.00160309839791188, 20, 32, 0.770412
0.202987419520313, 0.427616926503341, -0.00160308928901633, 20, 32, 0.766462
0.202987419520313, 0.430734966592428, -0.00160307999652459, 20, 31, 0.742826
0.202987419520313, 0.433853006681514, -0.00160307052738088, 20, 31, 0.754494
0.202987419520313, 0.436971046770601, -0.00160306087500869, 20, 31, 0.894799
0.202987419520313, 0.440089086859688, -0.00160305103759099, 20, 31, 0.821338
0.202987419520313, 0.443207126948775, -0.00160304101331535, 20, 31, 0.73605
0.202987419520313, 0.446325167037862, -0.00160303079635532, 20, 30, 0.712875
0.202987419520313, 0.449443207126949, -0.00160302039347671, 20, 30, 0.720928
0.202987419520313, 0.452561247216036, -0.0016030097982691, 20, 30, 0.711163
0.202987419520313, 0.455679287305123, -0.00160299900895495, 20, 30, 0.712599
0.202987419520313, 0.458797327394209, -0.00160298802376362, 20, 30, 0.714824
0.202987419520313, 0.461915367483296, -0.00160297683681019, 20, 29, 0.688783
0.202987419520313, 0.465033407572383, -0.00160296545510838, 20, 29, 0.689925
0.202987419520313, 0.46815144766147, -0.00160295387219949, 20, 29, 0.689253
0.202987419520313, 0.471269487750557, -0.00160294208635577, 20, 29, 0.689225
0.202987419520313, 0.474387527839644, -0.00160293009585851, 20, 29, 0.69268
0.202987419520313, 0.477505567928731, -0.00160291789456328, 20, 28, 0.66663
0.202987419520313, 0.480623608017817, -0.00160290549018837, 20, 28, 0.665276
0.202987419520313, 0.483741648106904, -0.00160289287599753, 20, 28, 0.667282
0.202987419520313, 0.486859688195991, -0.00160288005032274, 20, 28, 0.668867
0.202987419520313, 0.489977728285078, -0.00160286701150704, 20, 28, 0.667761
0.202987419520313, 0.493095768374165, -0.00160285375790514, 20, 28, 0.668363
0.202987419520313, 0.496213808463252, -0.00160284028347153, 20, 27, 0.641695
0.202987419520313, 0.499331848552339, -0.00160282659593608, 20, 27, 0.645
0.202987419520313, 0.502449888641425, -0.00160281268869208, 20, 27, 0.644081
0.202987419520313, 0.505567928730512, -0.00160279856015394, 20, 27, 0.644103
0.202987419520313, 0.508685968819599, -0.00160278420874964, 20, 27, 0.643054
0.202987419520313, 0.511804008908686, -0.00160276963292121, 20, 27, 0.643499
0.202987419520313, 0.514922048997773, -0.00160275482647509, 20, 26, 0.619032
0.202987419520313, 0.51804008908686, -0.00160273979771777, 20, 26, 0.61787
0.202987419520313, 0.521158129175947, -0.00160272453989124, 20, 26, 0.618933
0.202987419520313, 0.524276169265034, -0.00160270905150616, 20, 26, 0.621307
0.202987419520313, 0.52739420935412, -0.00160269333108901, 20, 26, 0.617744
0.202987419520313, 0.530512249443207, -0.00160267737718266, 20, 26, 0.615893
0.202987419520313, 0.533630289532294, -0.00160266118834683, 20, 26, 0.612703
0.202987419520313, 0.536748329621381, -0.00160264475854097, 20, 25, 0.586493
0.202987419520313, 0.539866369710468, -0.00160262809614584, 20, 25, 0.590261
0.202987419520313, 0.542984409799555, -0.00160261119451109, 20, 25, 0.595401
0.202987419520313, 0.546102449888642, -0.00160259405231403, 20, 25, 0.59622
0.202987419520313, 0.549220489977728, -0.00160257666821141, 20, 25, 0.595497
0.202987419520313, 0.552338530066815, -0.00160255904087895, 20, 25, 0.596637
0.202987419520313, 0.555456570155902, -0.00160254116901189, 20, 25, 0.600432
0.202987419520313, 0.558574610244989, -0.00160252305132536, 20, 25, 0.599634
0.202987419520313, 0.561692650334076, -0.00160250468217282, 20, 24, 0.574912
0.202987419520313, 0.564810690423163, -0.00160248606954167, 20, 24, 0.57265
0.202987419520313, 0.567928730512249, -0.00160246720731081, 20, 24, 0.566185
0.202987419520313, 0.571046770601336, -0.00160244809428464, 20, 24, 0.567765
0.202987419520313, 0.574164810690423, -0.00160242872928901, 20, 24, 0.571169
0.202987419520313, 0.57728285077951, -0.00160240911117169, 20, 24, 0.571605
0.202987419520313, 0.580400890868597, -0.00160238923880275, 20, 24, 0.572
0.202987419520313, 0.583518930957684, -0.00160236911107504, 20, 24, 0.571511
0.202987419520313, 0.586636971046771, -0.00160234872241397, 20, 23, 0.548698
0.202987419520313, 0.589755011135857, -0.00160232808119982, 20, 23, 0.547666
0.202987419520313, 0.592873051224944, -0.00160230718139889, 20, 23, 0.550409
0.202987419520313, 0.595991091314031, -0.00160228602200371, 20, 23, 0.543125
0.202987419520313, 0.599109131403118, -0.00160226460203092, 20, 23, 0.540991
0.202987419520313, 0.602227171492205, -0.0016022429205218, 20, 23, 0.542978
0.202987419520313, 0.605345211581292, -0.00160222097654257, 20, 23, 0.545456
0.202987419520313, 0.608463251670379, -0.00160219876918481, 20, 23, 0.54474
0.202987419520313, 0.611581291759466, -0.00160217629756583, 20, 23, 0.546506
0.202987419520313, 0.614699331848552, -0.00160215355634668, 20, 22, 0.518359
0.202987419520313, 0.617817371937639, -0.00160213055410188, 20, 22, 0.518002
0.202987419520313, 0.620935412026726, -0.00160210728506272, 20, 22, 0.518222
0.202987419520313, 0.624053452115813, -0.00160208374845718, 20, 22, 0.5223
0.202987419520313, 0.6271714922049, -0.00160205994354027, 20, 22, 0.517693
0.202987419520313, 0.630289532293987, -0.00160203586959447, 20, 22, 0.524046
0.202987419520313, 0.633407572383074, -0.00160201152593, 20, 22, 0.52355
0.202987419520313, 0.63652561247216, -0.00160198691188522, 20, 22, 0.526299
0.202987419520313, 0.639643652561247, -0.00160196202682694, 20, 22, 0.522855
0.202987419520313, 0.642761692650334, -0.00160193687015077, 20, 22, 0.52783
0.202987419520313, 0.645879732739421, -0.00160191143686073, 20, 21, 0.504655
0.202987419520313, 0.648997772828508, -0.00160188573566758, 20, 21, 0.574948
0.202987419520313, 0.652115812917595, -0.00160185976118043, 20, 21, 0.831998
0.202987419520313, 0.655233853006682, -0.00160183351291683, 20, 21, 0.584218
0.202987419520313, 0.658351893095768, -0.00160180699042434, 20, 21, 0.896476
0.202987419520313, 0.661469933184855, -0.00160178019328084, 20, 21, 0.796771
0.202987419520313, 0.664587973273942, -0.00160175312109486, 20, 21, 0.710932
0.202987419520313, 0.667706013363029, -0.00160172577350587, 20, 21, 0.785662
0.202987419520313, 0.670824053452116, -0.00160169815018456, 20, 21, 0.726466
0.202987419520313, 0.673942093541203, -0.00160167025083321, 20, 21, 0.494537
0.202987419520313, 0.67706013363029, -0.00160164207038578, 20, 20, 0.475481
0.202987419520313, 0.680178173719376, -0.00160161361863894, 20, 20, 0.475424
0.202987419520313, 0.683296213808463, -0.00160158489012238, 20, 20, 0.475459
0.202987419520313, 0.68641425389755, -0.00160155588467075, 20, 20, 0.475424
0.202987419520313, 0.689532293986637, -0.00160152660215127, 20, 20, 0.475862
0.202987419520313, 0.692650334075724, -0.00160149704246409, 20, 20, 0.475449
0.202987419520313, 0.695768374164811, -0.00160146720554249, 20, 20, 0.475895
0.202987419520313, 0.698886414253898, -0.00160143709135323, 20, 20, 0.476306
0.202987419520313, 0.702004454342984, -0.00160140669989675, 20, 20, 0.47673
0.202987419520313, 0.705122494432071, -0.00160137603120748, 20, 20, 0.474209
0.202987419520313, 0.708240534521158, -0.00160134508535404, 20, 20, 0.469577
0.202987419520313, 0.711358574610245, -0.00160131386243954, 20, 20, 0.474517
0.202987419520313, 0.714476614699332, -0.0016012823578002, 20, 19, 0.448899
0.202987419520313, 0.717594654788419, -0.00160125058162185, 20, 19, 0.448918
0.202987419520313, 0.720712694877506, -0.00160121852886599, 20, 19, 0.448861
0.202987419520313, 0.723830734966592, -0.00160118619977891, 20, 19, 0.44899
0.202987419520313, 0.726948775055679, -0.00160115359464224, 20, 19, 0.450065
0.202987419520313, 0.730066815144766, -0.00160112071377322, 20, 19, 0.450351
0.202987419520313, 0.733184855233853, -0.00160108755752493, 20, 19, 0.450611
0.202987419520313, 0.73630289532294, -0.00160105412628651, 20, 19, 0.450549
0.202987419520313, 0.739420935412027, -0.00160102042048338, 20, 19, 0.451058
0.202987419520313, 0.742538975501114, -0.00160098644057743, 20, 19, 0.448315
0.202987419520313, 0.7456570155902, -0.00160095218706728, 20, 19, 0.445715
0.202987419520313, 0.748775055679287, -0.00160091766048843, 20, 19, 0.447914
0.202987419520313, 0.751893095768374, -0.00160088286141349, 20, 19, 0.448785
0.202987419520313, 0.755011135857461, -0.00160084779045237, 20, 19, 0.448508
0.202987419520313, 0.758129175946548, -0.00160081244370004, 20, 18, 0.421136
0.202987419520313, 0.761247216035635, -0.0016007768313155, 20, 18, 0.425994
0.202987419520313, 0.764365256124722, -0.0016007409490702, 20, 18, 0.425991
0.202987419520313, 0.767483296213809, -0.00160070479772744, 20, 18, 0.428197
0.202987419520313, 0.770601336302895, -0.00160066837808851, 20, 18, 0.430857
0.202987419520313, 0.773719376391982, -0.00160063169099286, 20, 18, 0.428512
0.202987419520313, 0.776837416481069, -0.00160059473731828, 20, 18, 0.428933
0.202987419520313, 0.779955456570156, -0.00160055751798107, 20, 18, 0.42488
0.202987419520313, 0.783073496659243, -0.00160052003393622, 20, 18, 0.417904
0.202987419520313, 0.78619153674833, -0.00160048228617755, 20, 18, 0.418193
0.202987419520313, 0.789309576837417, -0.00160044427573786, 20, 18, 0.418922
0.202987419520313, 0.792427616926503, -0.0016004060036891, 20, 18, 0.418581
0.202987419520313, 0.79554565701559, -0.00160036747114249, 20, 18, 0.419719
0.202987419520313, 0.798663697104677, -0.00160032867924868, 20, 18, 0.419335
0.202987419520313, 0.801781737193764, -0.00160028962919787, 20, 18, 0.423289
0.202987419520313, 0.804899777282851, -0.00160025031766096, 20, 17, 0.39836
0.202987419520313, 0.808017817371938, -0.00160021075537568, 20, 17, 0.398798
0.202987419520313, 0.811135857461025, -0.00160017093871583, 20, 17, 0.398305
0.202987419520313, 0.814253897550111, -0.00160013086903316, 20, 17, 0.398197
0.202987419520313, 0.817371937639198, -0.0016000905477194, 20, 17, 0.398171
0.202987419520313, 0.820489977728285, -0.00160004997620644, 20, 17, 0.39811
0.202987419520313, 0.823608017817372, -0.00160000915596638, 20, 17, 0.399293
0.202987419520313, 0.826726057906459, -0.00159996808851171, 20, 17, 0.398276
0.202987419520313, 0.829844097995546, -0.00159992677539537, 20, 17, 0.397324
0.202987419520313, 0.832962138084633, -0.00159988521821087, 20, 17, 0.397545
0.202987419520313, 0.836080178173719, -0.00159984341859235, 20, 17, 0.40074
0.202987419520313, 0.839198218262806, -0.00159980137821475, 20, 17, 0.399161
0.202987419520313, 0.842316258351893, -0.00159975909879381, 20, 17, 0.400854
0.202987419520313, 0.84543429844098, -0.00159971658208621, 20, 17, 0.400984
0.202987419520313, 0.848552338530067, -0.00159967382988962, 20, 17, 0.401311
0.202987419520313, 0.851670378619154, -0.00159963084404281, 20, 17, 0.400876
0.202987419520313, 0.854788418708241, -0.00159958762642567, 20, 17, 0.401199
0.202987419520313, 0.857906458797328, -0.00159954417442075, 20, 16, 0.372406
0.202987419520313, 0.861024498886414, -0.00159950049939634, 20, 16, 0.373536
0.202987419520313, 0.864142538975501, -0.00159945659846505, 20, 16, 0.37379
0.202987419520313, 0.867260579064588, -0.00159941247367368, 20, 16, 0.374243
0.202987419520313, 0.870378619153675, -0.00159936812711034, 20, 16, 0.373387
0.202987419520313, 0.873496659242762, -0.00159932356090451, 20, 16, 0.371392
0.202987419520313, 0.876614699331849, -0.00159927877722708, 20, 16, 0.373588
0.202987419520313, 0.879732739420936, -0.00159923377829039, 20, 16, 0.37378
0.202987419520313, 0.882850779510022, -0.00159918856634829, 20, 16, 0.370788
0.202987419520313, 0.885968819599109, -0.00159914314369616, 20, 16, 0.37154
0.202987419520313, 0.889086859688196, -0.00159909751267094, 20, 16, 0.370968
0.202987419520313, 0.892204899777283, -0.00159905167565117, 20, 16, 0.371353
0.202987419520313, 0.89532293986637, -0.00159900563505702, 20, 16, 0.371449
0.202987419520313, 0.898440979955457, -0.00159895939335026, 20, 16, 0.371356
0.202987419520313, 0.901559020044544, -0.00159891295303434, 20, 16, 0.371465
0.202987419520313, 0.90467706013363, -0.00159886631665436, 20, 16, 0.374223
0.202987419520313, 0.907795100222717, -0.00159881948679709, 20, 16, 0.374219
0.202987419520313, 0.910913140311804, -0.00159877246609098, 20, 16, 0.375989
0.202987419520313, 0.914031180400891, -0.00159872525720612, 20, 16, 0.371131
0.202987419520313, 0.917149220489978, -0.00159867786285429, 20, 16, 0.371901
0.202987419520313, 0.920267260579065, -0.00159863028148166, 20, 15, 0.344012
0.202987419520313, 0.923385300668152, -0.00159858252479114, 20, 15, 0.344593
0.202987419520313, 0.926503340757238, -0.00159853459099894, 20, 15, 0.345542
0.202987419520313, 0.929621380846325, -0.00159848648298468, 20, 15, 0.345144
0.202987419520313, 0.932739420935412, -0.00159843820366952, 20, 15, 0.344375
0.202987419520313, 0.935857461024499, -0.00159838975601605, 20, 15, 0.344363
0.202987419520313, 0.938975501113586, -0.00159834114302832, 20, 15, 0.3442
0.202987419520313, 0.942093541202673, -0.00159829236775178, 20, 15, 0.344209
0.202987419520313, 0.945211581291759, -0.00159824343327327, 20, 15, 0.344493
0.202987419520313, 0.948329621380847, -0.00159819434272094, 20, 15, 0.347952
0.202987419520313, 0.951447661469933, -0.00159814509926428, 20, 15, 0.347993
0.202987419520313, 0.95456570155902, -0.00159809570611399, 20, 15, 0.348228
0.202987419520313, 0.957683741648107, -0.00159804616652199, 20, 15, 0.347729
0.202987419520313, 0.960801781737194, -0.00159799648378135, 20, 15, 0.347948
0.202987419520313, 0.963919821826281, -0.0015979466612262, 20, 15, 0.346076
0.202987419520313, 0.967037861915368, -0.00159789670223175, 20, 15, 0.347182
0.202987419520313, 0.970155902004454, -0.00159784661021412, 20, 15, 0.347713
0.202987419520313, 0.973273942093541, -0.00159779638863036, 20, 15, 0.347269
0.202987419520313, 0.976391982182628, -0.00159774604097832, 20, 15, 0.347205
0.202987419520313, 0.979510022271715, -0.00159769557079661, 20, 15, 0.347749
0.202987419520313, 0.982628062360802, -0.00159764498166451, 20, 15, 0.348847
0.202987419520313, 0.985746102449889, -0.00159759427720186, 20, 15, 0.349451
0.202987419520313, 0.988864142538975, -0.00159754346106904, 20, 15, 0.344829
0.202987419520313, 0.991982182628063, -0.0015974925328994, 20, 14, 0.320288
0.202987419520313, 0.995100222717149, -0.00159744150482805, 20, 14, 0.322473
0.202987419520313, 0.998218262806236, -0.00159739037629318, 20, 14, 0.322569
0.202987419520313, 1.00133630289532, -0.00159733915111726, 20, 14, 0.323543
0.202987419520313, 1.00445434298441, -0.0015972878331627, 20, 14, 0.324206
0.202987419520313, 1.0075723830735, -0.00159723642633175, 20, 14, 0.323328
0.202987419520313, 1.01069042316258, -0.00159718493456642, 20, 14, 0.320467
0.202987419520313, 1.01380846325167, -0.00159713336184832, 20, 14, 0.32016
0.202987419520313, 1.01692650334076, -0.00159708171219861, 20, 14, 0.321031
0.202987419520313, 1.02004454342984, -0.00159702998967784, 20, 14, 0.322575
0.202987419520313, 1.02316258351893, -0.00159697819838582, 20, 14, 0.322894
0.202987419520313, 1.02628062360802, -0.00159692634246157, 20, 14, 0.321714
0.202987419520313, 1.0293986636971, -0.00159687442608307, 20, 14, 0.322314
0.202987419520313, 1.03251670378619, -0.00159682245346727, 20, 14, 0.323908
0.202987419520313, 1.03563474387528, -0.00159677042886985, 20, 14, 0.325734
0.202987419520313, 1.03875278396437, -0.00159671835658514, 20, 14, 0.324119
0.202987419520313, 1.04187082405345, -0.00159666624094594, 20, 14, 0.325366
0.202987419520313, 1.04498886414254, -0.00159661408632342, 20, 14, 0.327827
0.202987419520313, 1.04810690423163, -0.00159656189712696, 20, 14, 0.327195
0.202987419520313, 1.05122494432071, -0.00159650967780398, 20, 14, 0.327016
0.202987419520313, 1.0543429844098, -0.0015964574328398, 20, 14, 0.327417
0.202987419520313, 1.05746102449889, -0.00159640516675751, 20, 14, 0.328889
0.202987419520313, 1.06057906458797, -0.00159635288411778, 20, 14, 0.327935
0.202987419520313, 1.06369710467706, -0.0015963005895187, 20, 14, 0.323983
0.202987419520313, 1.06681514476615, -0.00159624828759563, 20, 14, 0.324487
0.202987419520313, 1.06993318485523, -0.00159619598302106, 20, 14, 0.32362
0.202987419520313, 1.07305122494432, -0.00159614367651471, 20, 13, 0.297715
0.202987419520313, 1.07616926503341, -0.00159609138103877, 20, 13, 0.301577
0.202987419520313, 1.07928730512249, -0.00159603909721402, 20, 13, 0.303552
0.202987419520313, 1.08240534521158, -0.00159598682970375, 20, 13, 0.303417
0.202987419520313, 1.08552338530067, -0.00159593458344235, 20, 13, 0.397354
0.202987419520313, 1.08864142538976, -0.00159588236332196, 20, 13, 0.409849
0.202987419520313, 1.09175946547884, -0.00159583017427053, 20, 13, 0.578714
0.202987419520313, 1.09487750556793, -0.00159577802125165, 20, 13, 0.610248
0.202987419520313, 1.09799554565702, -0.00159572590926432, 20, 13, 0.352817
0.202987419520313, 1.1011135857461, -0.0015956738433428, 20, 13, 0.442588
0.202987419520313, 1.10423162583519, -0.0015956218285564, 20, 13, 0.438764
0.202987419520313, 1.10734966592428, -0.00159556987000929, 20, 13, 0.480533
0.202987419520313, 1.11046770601336, -0.00159551797284028, 20, 13, 0.467246
0.202987419520313, 1.11358574610245, -0.00159546614222263, 20, 13, 0.408804
0.202987419520313, 1.11670378619154, -0.00159541438336387, 20, 13, 0.408661
0.202987419520313, 1.11982182628062, -0.00159536270150556, 20, 13, 0.433622
0.202987419520313, 1.12293986636971, -0.00159531110192307, 20, 13, 0.34155
0.202987419520313, 1.1260579064588, -0.00159525958992542, 20, 13, 0.304308
0.202987419520313, 1.12917594654788, -0.001595208170855, 20, 13, 0.304636
0.202987419520313, 1.13229398663697, -0.00159515685008742, 20, 13, 0.304869
0.202987419520313, 1.13541202672606, -0.00159510563303124, 20, 13, 0.3048
0.202987419520313, 1.13853006681514, -0.00159505452512776, 20, 13, 0.305899
0.202987419520313, 1.14164810690423, -0.00159500353185081, 20, 13, 0.306173
0.202987419520313, 1.14476614699332, -0.00159495265870651, 20, 13, 0.30593
0.202987419520313, 1.14788418708241, -0.00159490191123305, 20, 13, 0.305893
0.202987419520313, 1.15100222717149, -0.00159485129500046, 20, 13, 0.307431
0.202987419520313, 1.15412026726058, -0.00159480081561036, 20, 13, 0.304757
0.202987419520313, 1.15723830734967, -0.00159475047869575, 20, 13, 0.304689
0.202987419520313, 1.16035634743875, -0.00159470028992077, 20, 13, 0.304353
0.202987419520313, 1.16347438752784, -0.00159465025498042, 20, 13, 0.306411
0.202987419520313, 1.16659242761693, -0.00159460037960038, 20, 13, 0.306667
0.202987419520313, 1.16971046770601, -0.00159455066574563, 20, 12, 0.280003
0.202987419520313, 1.1728285077951, -0.00159450112699283, 20, 12, 0.280475
0.202987419520313, 1.17594654788419, -0.00159445176514741, 20, 12, 0.279273
0.202987419520313, 1.17906458797327, -0.00159440258605584, 20, 12, 0.278968
0.202987419520313, 1.18218262806236, -0.00159435359559393, 20, 12, 0.280095
0.202987419520313, 1.18530066815145, -0.00159430479966667, 20, 12, 0.277686
0.202987419520313, 1.18841870824053, -0.00159425620420788, 20, 12, 0.276211
0.202987419520313, 1.19153674832962, -0.00159420781518004, 20, 12, 0.276438
0.202987419520313, 1.19465478841871, -0.00159415963857399, 20, 12, 0.276706
0.202987419520313, 1.1977728285078, -0.00159411168040866, 20, 12, 0.277202
0.202987419520313, 1.20089086859688, -0.00159406394673086, 20, 12, 0.277639
0.202987419520313, 1.20400890868597, -0.00159401644361497, 20, 12, 0.278209
0.202987419520313, 1.20712694877506, -0.0015939691771627, 20, 12, 0.279321
0.202987419520313, 1.21024498886414, -0.00159392215350283, 20, 12, 0.279476
0.202987419520313, 1.21336302895323, -0.00159387537879091, 20, 12, 0.278373
0.202987419520313, 1.21648106904232, -0.00159382885920904, 20, 12, 0.277073
0.202987419520313, 1.2195991091314, -0.00159378260096557, 20, 12, 0.277548
0.202987419520313, 1.22271714922049, -0.00159373661029482, 20, 12, 0.277497
0.202987419520313, 1.22583518930958, -0.00159369089345683, 20, 12, 0.277857
0.202987419520313, 1.22895322939866, -0.00159364545673709, 20, 12, 0.276605
0.202987419520313, 1.23207126948775, -0.00159360030644624, 20, 12, 0.276954
0.202987419520313, 1.23518930957684, -0.00159355544891979, 20, 12, 0.277908
0.202987419520313, 1.23830734966592, -0.00159351089051787, 20, 12, 0.278249
0.202987419520313, 1.24142538975501, -0.00159346663762495, 20, 12, 0.278059
0.202987419520313, 1.2445434298441, -0.00159342269664953, 20, 12, 0.280114
0.202987419520313, 1.24766146993318, -0.00159337907402386, 20, 12, 0.280797
0.202987419520313, 1.25077951002227, -0.00159333577620369, 20, 12, 0.281719
0.202987419520313, 1.25389755011136, -0.00159329280966795, 20, 12, 0.279679
0.202987419520313, 1.25701559020045, -0.00159325018091848, 20, 12, 0.279017
0.202987419520313, 1.26013363028953, -0.00159320789647976, 20, 12, 0.280913
0.202987419520313, 1.26325167037862, -0.00159316596289857, 20, 12, 0.282401
0.202987419520313, 1.26636971046771, -0.00159312438674375, 20, 12, 0.283473
0.202987419520313, 1.26948775055679, -0.0015930831746059, 20, 12, 0.283708
0.202987419520313, 1.27260579064588, -0.00159304233309707, 20, 12, 0.283534
0.202987419520313, 1.27572383073497, -0.00159300186885048, 20, 12, 0.282841
0.202987419520313, 1.27884187082405, -0.00159296178852022, 20, 12, 0.282713
0.202987419520313, 1.28195991091314, -0.00159292209878097, 20, 12, 0.283659
0.202987419520313, 1.28507795100223, -0.0015928828063277, 20, 12, 0.283269
0.202987419520313, 1.28819599109131, -0.00159284391449529, 20, 11, 0.254268
0.202987419520313, 1.2913140311804, -0.00159280543694917, 20, 11, 0.252413
0.202987419520313, 1.29443207126949, -0.00159276737688407, 20, 11, 0.250368
0.202987419520313, 1.29755011135857, -0.00159272974107355, 20, 11, 0.249484
0.202987419520313, 1.30066815144766, -0.00159269253630995, 20, 11, 0.250896
0.202987419520313, 1.30378619153675, -0.0015926557694041, 20, 11, 0.251105
0.202987419520313, 1.30690423162584, -0.00159261944718498, 20, 11, 0.263776
0.202987419520313, 1.31002227171492, -0.00159258357649946, 20, 11, 0.284406
0.202987419520313, 1.31314031180401, -0.00159254816421199, 20, 11, 0.252587
0.202987419520313, 1.3162583518931, -0.00159251321720429, 20, 11, 0.252827
0.202987419520313, 1.31937639198218, -0.00159247874237504, 20, 11, 0.252748
0.202987419520313, 1.32249443207127, -0.00159244474663961, 20, 11, 0.249038
0.202987419520313, 1.32561247216036, -0.0015924112369297, 20, 11, 0.250088
0.202987419520313, 1.32873051224944, -0.0015923782201931, 20, 11, 0.25157
0.202987419520313, 1.33184855233853, -0.00159234570339334, 20, 11, 0.252359
0.202987419520313, 1.33496659242762, -0.0015923136935094, 20, 11, 0.251452
0.202987419520313, 1.3380846325167, -0.00159228219753542, 20, 11, 0.251531
0.202987419520313, 1.34120267260579, -0.00159225122248036, 20, 11, 0.251446
0.202987419520313, 1.34432071269488, -0.00159222077536772, 20, 11, 0.251327
0.202987419520313, 1.34743875278396, -0.00159219086323523, 20, 11, 0.252818
0.202987419520313, 1.35055679287305, -0.00159216149313451, 20, 11, 0.252016
0.202987419520313, 1.35367483296214, -0.00159213267213084, 20, 11, 0.251152
0.202987419520313, 1.35679287305122, -0.00159210440730276, 20, 11, 0.25199
0.202987419520313, 1.35991091314031, -0.00159207670574183, 20, 11, 0.25
0.202987419520313, 1.3630289532294, -0.00159204957455228, 20, 11, 0.250604
0.202987419520313, 1.36614699331849, -0.00159202302085073, 20, 11, 0.250977
0.202987419520313, 1.36926503340757, -0.00159199705176587, 20, 11, 0.251132
0.202987419520313, 1.37238307349666, -0.00159197167443814, 20, 11, 0.251438
0.202987419520313, 1.37550111358575, -0.00159194689601945, 20, 11, 0.250356
0.202987419520313, 1.37861915367483, -0.00159192272367284, 20, 11, 0.251247
0.202987419520313, 1.38173719376392, -0.00159189916457219, 20, 11, 0.250153
0.202987419520313, 1.38485523385301, -0.0015918762259019, 20, 11, 0.24846
0.202987419520313, 1.38797327394209, -0.00159185391485661, 20, 11, 0.248588
0.202987419520313, 1.39109131403118, -0.00159183223864084, 20, 11, 0.249313
0.202987419520313, 1.39420935412027, -0.00159181120446872, 20, 11, 0.248144
0.202987419520313, 1.39732739420935, -0.00159179081956367, 20, 11, 0.248179
0.202987419520313, 1.40044543429844, -0.00159177109115809, 20, 11, 0.248589
0.202987419520313, 1.40356347438753, -0.00159175202649306, 20, 11, 0.248731
0.202987419520313, 1.40668151447661, -0.00159173363281801, 20, 11, 0.24831
0.202987419520313, 1.4097995545657, -0.00159171591739045, 20, 11, 0.248158
0.202987419520313, 1.41291759465479, -0.00159169888747562, 20, 11, 0.249043
0.202987419520313, 1.41603563474388, -0.00159168255034619, 20, 11, 0.249734
0.202987419520313, 1.41915367483296, -0.00159166691328199, 20, 11, 0.249441
0.202987419520313, 1.42227171492205, -0.00159165198356965, 20, 11, 0.251055
0.202987419520313, 1.42538975501114, -0.00159163776850234, 20, 11, 0.251748
0.202987419520313, 1.42850779510022, -0.00159162427225397, 20, 10, 0.225429
0.202987419520313, 1.43162583518931, -0.00159161150852458, 20, 10, 0.225953
0.202987419520313, 1.4347438752784, -0.00159159948134913, 20, 10, 0.224723
0.202987419520313, 1.43786191536748, -0.00159158819804409, 20, 10, 0.225269
0.202987419520313, 1.44097995545657, -0.00159157766593089, 20, 10, 0.224918
0.202987419520313, 1.44409799554566, -0.00159156789233564, 20, 10, 0.225165
0.202987419520313, 1.44721603563474, -0.00159155888458882, 20, 10, 0.225395
0.202987419520313, 1.45033407572383, -0.00159155065002497, 20, 10, 0.225936
0.202987419520313, 1.45345211581292, -0.00159154319598239, 20, 10, 0.22587
0.202987419520313, 1.456570155902, -0.00159153652980282, 20, 10, 0.226384
0.202987419520313, 1.45968819599109, -0.00159153065883116, 20, 10, 0.225494
0.202987419520313, 1.46280623608018, -0.00159152559041519, 20, 10, 0.22528
0.202987419520313, 1.46592427616927, -0.00159152133190522, 20, 10, 0.226307
0.202987419520313, 1.46904231625835, -0.0015915178906538, 20, 10, 0.225986
0.202987419520313, 1.47216035634744, -0.00159151527401545, 20, 10, 0.225251
0.202987419520313, 1.47527839643653, -0.00159151348934634, 20, 10, 0.22539
0.202987419520313, 1.47839643652561, -0.00159151254400399, 20, 10, 0.224098
0.202987419520313, 1.4815144766147, -0.00159151244534697, 20, 10, 0.224229
0.202987419520313, 1.48463251670379, -0.00159151320073464, 20, 10, 0.224854
0.202987419520313, 1.48775055679287, -0.00159151481752679, 20, 10, 0.224705
0.202987419520313, 1.49086859688196, -0.00159151730308339, 20, 10, 0.22537
0.202987419520313, 1.49398663697105, -0.00159152066476429, 20, 10, 0.225246
0.202987419520313, 1.49710467706013, -0.00159152490992889, 20, 10, 0.225682
0.202987419520313, 1.50022271714922, -0.0015915300459359, 20, 10, 0.225024
0.202987419520313, 1.50334075723831, -0.00159153608014303, 20, 10, 0.225151
0.202987419520313, 1.50645879732739, -0.00159154301990666, 20, 10, 0.225075
0.202987419520313, 1.50957683741648, -0.00159155087258161, 20, 10, 0.225645
0.202987419520313, 1.51269487750557, -0.0015915596455208, 20, 10, 0.22551
0.202987419520313, 1.51581291759465, -0.00159156934607499, 20, 10, 0.225144
0.202987419520313, 1.51893095768374, -0.00159157998159247, 20, 10, 0.225005
0.202987419520313, 1.52204899777283, -0.0015915915594188, 20, 10, 0.225505
0.202987419520313, 1.52516703786192, -0.00159160408689649, 20, 10, 0.22556
0.202987419520313, 1.528285077951, -0.00159161757136475, 20, 10, 0.225577
0.202987419520313, 1.53140311804009, -0.00159163202015917, 20, 10, 0.224979
0.202987419520313, 1.53452115812918, -0.00159164744061148, 20, 10, 0.225322
0.202987419520313, 1.53763919821826, -0.00159166384004921, 20, 10, 0.225439
0.202987419520313, 1.54075723830735, -0.00159168122579547, 20, 10, 0.226212
0.202987419520313, 1.54387527839644, -0.00159169960516861, 20, 10, 0.225165
0.202987419520313, 1.54699331848552, -0.001591718985482, 20, 10, 0.224102
0.202987419520313, 1.55011135857461, -0.0015917393740437, 20, 10, 0.22416
0.202987419520313, 1.5532293986637, -0.0015917607781562, 20, 10, 0.224055
0.202987419520313, 1.55634743875278, -0.00159178320511618, 20, 10, 0.224391
0.202987419520313, 1.55946547884187, -0.00159180666221416, 20, 10, 0.224775
0.202987419520313, 1.56258351893096, -0.0015918311567343, 20, 10, 0.224988
0.202987419520313, 1.56570155902004, -0.00159185669595409, 20, 10, 0.22519
0.202987419520313, 1.56881959910913, -0.00159188328714407, 20, 10, 0.224413
0.202987419520313, 1.57193763919822, -0.00159191093756759, 20, 10, 0.224268
0.202987419520313, 1.57505567928731, -0.00159193965448052, 20, 10, 0.224631
0.202987419520313, 1.57817371937639, -0.00159196944513097, 20, 10, 0.224914
0.202987419520313, 1.58129175946548, -0.00159200031675906, 20, 10, 0.225154
0.202987419520313, 1.58440979955457, -0.00159203227659663, 20, 10, 0.224763
0.202987419520313, 1.58752783964365, -0.00159206533186698, 20, 10, 0.224177
0.202987419520313, 1.59064587973274, -0.00159209948978458, 20, 10, 0.224154
0.202987419520313, 1.59376391982183, -0.00159213475755486, 20, 10, 0.224102
0.202987419520313, 1.59688195991091, -0.00159217114237392, 20, 10, 0.224176
0.202987419520313, 1.6, -0.00159220865142828, 20, 10, 0.224418
# finished at Tue Apr 29 22:16:14 CEST 2014
