# starting on alcc60 at Wed Apr 30 01:21:09 CEST 2014
# casimir, -T, 0.200000,1.600000,450, -Q, 0.287033689950948, -p, 1e-08, -L, 20
# Compiler icc, using long double and plain matrix elements and plain integration
# precision=1e-08
# lfac=5
# cores=1
# L=0.287034
# T=0.2...1.6 (450)
#
# R/(L+R), T, F, lmax, nmax, time
0.287033689950948, 0.2, -0.00489762524165061, 20, 71, 1.79522
0.287033689950948, 0.203118040089087, -0.00489762216895206, 20, 70, 1.76844
0.287033689950948, 0.206236080178174, -0.00489761895462691, 20, 69, 1.74161
0.287033689950948, 0.209354120267261, -0.00489761559459208, 20, 68, 1.72257
0.287033689950948, 0.212472160356347, -0.00489761208470993, 20, 67, 1.68945
0.287033689950948, 0.215590200445434, -0.00489760842081059, 20, 66, 1.66777
0.287033689950948, 0.218708240534521, -0.00489760459860687, 20, 65, 1.64086
0.287033689950948, 0.221826280623608, -0.00489760062396586, 20, 65, 1.64417
0.287033689950948, 0.224944320712695, -0.00489759647277164, 20, 64, 1.6174
0.287033689950948, 0.228062360801782, -0.00489759215036783, 20, 63, 1.59168
0.287033689950948, 0.231180400890869, -0.00489758765231516, 20, 62, 1.56512
0.287033689950948, 0.234298440979955, -0.00489758297414628, 20, 61, 1.54057
0.287033689950948, 0.237416481069042, -0.00489757811127063, 20, 60, 1.51526
0.287033689950948, 0.240534521158129, -0.00489757307019455, 20, 60, 1.52439
0.287033689950948, 0.243652561247216, -0.00489756782523214, 20, 59, 1.56009
0.287033689950948, 0.246770601336303, -0.00489756238184449, 20, 58, 1.46662
0.287033689950948, 0.24988864142539, -0.00489755673529508, 20, 57, 1.43473
0.287033689950948, 0.253006681514477, -0.00489755089283021, 20, 57, 1.4359
0.287033689950948, 0.256124721603563, -0.00489754482715873, 20, 56, 1.412
0.287033689950948, 0.25924276169265, -0.00489753854404594, 20, 55, 1.38386
0.287033689950948, 0.262360801781737, -0.00489753205107764, 20, 55, 1.38577
0.287033689950948, 0.265478841870824, -0.00489752532022954, 20, 54, 1.35982
0.287033689950948, 0.268596881959911, -0.00489751836896739, 20, 54, 1.36017
0.287033689950948, 0.271714922048998, -0.00489751117098348, 20, 53, 1.33281
0.287033689950948, 0.274832962138085, -0.004897503731146, 20, 52, 1.30993
0.287033689950948, 0.277951002227172, -0.00489749605736537, 20, 52, 1.31945
0.287033689950948, 0.281069042316258, -0.00489748812079225, 20, 51, 1.28258
0.287033689950948, 0.284187082405345, -0.00489747993991272, 20, 51, 1.28143
0.287033689950948, 0.287305122494432, -0.00489747148661369, 20, 50, 1.25818
0.287033689950948, 0.290423162583519, -0.00489746277871047, 20, 50, 1.26718
0.287033689950948, 0.293541202672606, -0.00489745378838815, 20, 49, 1.24381
0.287033689950948, 0.296659242761693, -0.00489744453331231, 20, 49, 1.23748
0.287033689950948, 0.29977728285078, -0.00489743498554551, 20, 48, 1.20498
0.287033689950948, 0.302895322939866, -0.00489742516294506, 20, 48, 1.20746
0.287033689950948, 0.306013363028953, -0.00489741503708476, 20, 47, 1.17993
0.287033689950948, 0.30913140311804, -0.00489740462642512, 20, 47, 1.18089
0.287033689950948, 0.312249443207127, -0.00489739390163235, 20, 46, 1.15773
0.287033689950948, 0.315367483296214, -0.00489738288221626, 20, 46, 1.15495
0.287033689950948, 0.318485523385301, -0.00489737153746951, 20, 45, 1.12993
0.287033689950948, 0.321603563474388, -0.00489735988848909, 20, 45, 1.13106
0.287033689950948, 0.324721603563474, -0.0048973479156425, 20, 45, 1.13141
0.287033689950948, 0.327839643652561, -0.0048973356030175, 20, 44, 1.11537
0.287033689950948, 0.330957683741648, -0.00489732296900376, 20, 44, 1.11161
0.287033689950948, 0.334075723830735, -0.0048973099833948, 20, 43, 1.1157
0.287033689950948, 0.337193763919822, -0.00489729666707852, 20, 43, 1.114
0.287033689950948, 0.340311804008909, -0.00489728300050016, 20, 43, 1.14777
0.287033689950948, 0.343429844097996, -0.00489726896709603, 20, 42, 1.07204
0.287033689950948, 0.346547884187082, -0.00489725458624823, 20, 42, 1.08703
0.287033689950948, 0.349665924276169, -0.00489723982606438, 20, 41, 1.07755
0.287033689950948, 0.352783964365256, -0.00489722470963445, 20, 41, 1.06536
0.287033689950948, 0.355902004454343, -0.00489720921617298, 20, 41, 1.03593
0.287033689950948, 0.35902004454343, -0.00489719332743498, 20, 40, 1.01425
0.287033689950948, 0.362138084632517, -0.00489717706619838, 20, 40, 1.01537
0.287033689950948, 0.365256124721604, -0.00489716041184127, 20, 40, 1.01601
0.287033689950948, 0.36837416481069, -0.00489714334590178, 20, 39, 0.990408
0.287033689950948, 0.371492204899777, -0.00489712589151447, 20, 39, 0.990427
0.287033689950948, 0.374610244988864, -0.00489710802787196, 20, 39, 0.991036
0.287033689950948, 0.377728285077951, -0.00489708974970756, 20, 39, 0.993907
0.287033689950948, 0.380846325167038, -0.00489707103994864, 20, 38, 0.965754
0.287033689950948, 0.383964365256125, -0.00489705191861385, 20, 38, 0.964897
0.287033689950948, 0.387082405345212, -0.00489703236660901, 20, 38, 0.967313
0.287033689950948, 0.390200445434298, -0.00489701236596869, 20, 37, 0.939355
0.287033689950948, 0.393318485523385, -0.00489699193860758, 20, 37, 0.937953
0.287033689950948, 0.396436525612472, -0.00489697106445351, 20, 37, 0.93879
0.287033689950948, 0.399554565701559, -0.00489694972423256, 20, 36, 0.911963
0.287033689950948, 0.402672605790646, -0.00489692794267481, 20, 36, 0.912196
0.287033689950948, 0.405790645879733, -0.00489690569825371, 20, 36, 0.912625
0.287033689950948, 0.40890868596882, -0.00489688298573903, 20, 36, 0.911752
0.287033689950948, 0.412026726057906, -0.00489685978618427, 20, 35, 0.883774
0.287033689950948, 0.415144766146993, -0.00489683612366086, 20, 35, 0.885052
0.287033689950948, 0.41826280623608, -0.00489681197709339, 20, 35, 0.887348
0.287033689950948, 0.421380846325167, -0.00489678734129344, 20, 35, 0.888459
0.287033689950948, 0.424498886414254, -0.00489676219718614, 20, 34, 0.860425
0.287033689950948, 0.427616926503341, -0.00489673656926582, 20, 34, 0.856436
0.287033689950948, 0.430734966592428, -0.00489671043629066, 20, 34, 0.861489
0.287033689950948, 0.433853006681514, -0.00489668379317742, 20, 34, 0.849855
0.287033689950948, 0.436971046770601, -0.00489665662024664, 20, 33, 0.827864
0.287033689950948, 0.440089086859688, -0.00489662894340357, 20, 33, 0.822237
0.287033689950948, 0.443207126948775, -0.00489660074086387, 20, 33, 0.822431
0.287033689950948, 0.446325167037862, -0.00489657200758311, 20, 33, 0.824836
0.287033689950948, 0.449443207126949, -0.0048965427385309, 20, 33, 0.824441
0.287033689950948, 0.452561247216036, -0.00489651291487867, 20, 32, 0.796725
0.287033689950948, 0.455679287305123, -0.00489648256099958, 20, 32, 0.796716
0.287033689950948, 0.458797327394209, -0.00489645165614653, 20, 32, 0.796762
0.287033689950948, 0.461915367483296, -0.00489642019539472, 20, 32, 0.7968
0.287033689950948, 0.465033407572383, -0.00489638817384033, 20, 32, 0.798737
0.287033689950948, 0.46815144766147, -0.00489635557292143, 20, 31, 0.772446
0.287033689950948, 0.471269487750557, -0.00489632241681721, 20, 31, 0.771105
0.287033689950948, 0.474387527839644, -0.0048962886851414, 20, 31, 0.77116
0.287033689950948, 0.477505567928731, -0.00489625437311868, 20, 31, 0.771177
0.287033689950948, 0.480623608017817, -0.00489621947600105, 20, 31, 0.771103
0.287033689950948, 0.483741648106904, -0.00489618397492402, 20, 30, 0.743598
0.287033689950948, 0.486859688195991, -0.00489614789516826, 20, 30, 0.745676
0.287033689950948, 0.489977728285078, -0.00489611121605799, 20, 30, 0.745606
0.287033689950948, 0.493095768374165, -0.00489607393299604, 20, 30, 0.746529
0.287033689950948, 0.496213808463252, -0.00489603604141846, 20, 30, 0.745654
0.287033689950948, 0.499331848552339, -0.00489599752152515, 20, 29, 0.717975
0.287033689950948, 0.502449888641425, -0.00489595840111946, 20, 29, 0.71804
0.287033689950948, 0.505567928730512, -0.00489591865852229, 20, 29, 0.717953
0.287033689950948, 0.508685968819599, -0.00489587828934251, 20, 29, 0.720031
0.287033689950948, 0.511804008908686, -0.00489583728922771, 20, 29, 0.720103
0.287033689950948, 0.514922048997773, -0.00489579565391743, 20, 29, 0.724357
0.287033689950948, 0.51804008908686, -0.00489575336373624, 20, 28, 0.694817
0.287033689950948, 0.521158129175947, -0.00489571044681452, 20, 28, 0.694895
0.287033689950948, 0.524276169265034, -0.00489566688178032, 20, 28, 0.694881
0.287033689950948, 0.52739420935412, -0.00489562266451983, 20, 28, 0.694856
0.287033689950948, 0.530512249443207, -0.00489557779096487, 20, 28, 0.694798
0.287033689950948, 0.533630289532294, -0.00489553225709448, 20, 28, 0.696865
0.287033689950948, 0.536748329621381, -0.00489548605893637, 20, 28, 0.69685
0.287033689950948, 0.539866369710468, -0.00489543917815357, 20, 27, 0.670059
0.287033689950948, 0.542984409799555, -0.00489539164125292, 20, 27, 0.669119
0.287033689950948, 0.546102449888642, -0.00489534342828827, 20, 27, 0.669167
0.287033689950948, 0.549220489977728, -0.0048952945355137, 20, 27, 0.669052
0.287033689950948, 0.552338530066815, -0.00489524495923684, 20, 27, 0.66912
0.287033689950948, 0.555456570155902, -0.0048951946958202, 20, 27, 0.675243
0.287033689950948, 0.558574610244989, -0.00489514374168264, 20, 27, 0.676856
0.287033689950948, 0.561692650334076, -0.00489509207887884, 20, 26, 0.649121
0.287033689950948, 0.564810690423163, -0.00489503973428214, 20, 26, 0.644528
0.287033689950948, 0.567928730512249, -0.00489498668841736, 20, 26, 0.643574
0.287033689950948, 0.571046770601336, -0.00489493293795717, 20, 26, 0.643558
0.287033689950948, 0.574164810690423, -0.00489487847963511, 20, 26, 0.643631
0.287033689950948, 0.57728285077951, -0.00489482331024686, 20, 26, 0.643502
0.287033689950948, 0.580400890868597, -0.00489476742665151, 20, 26, 0.643627
0.287033689950948, 0.583518930957684, -0.00489471081044611, 20, 25, 0.616009
0.287033689950948, 0.586636971046771, -0.00489465349080369, 20, 25, 0.615975
0.287033689950948, 0.589755011135857, -0.00489459544777153, 20, 25, 0.617965
0.287033689950948, 0.592873051224944, -0.00489453667848934, 20, 25, 0.618893
0.287033689950948, 0.595991091314031, -0.00489447718016446, 20, 25, 0.618042
0.287033689950948, 0.599109131403118, -0.00489441695007314, 20, 25, 0.617982
0.287033689950948, 0.602227171492205, -0.00489435598556171, 20, 25, 0.618718
0.287033689950948, 0.605345211581292, -0.00489429428404769, 20, 25, 0.618011
0.287033689950948, 0.608463251670379, -0.00489423182737857, 20, 24, 0.590345
0.287033689950948, 0.611581291759466, -0.00489416864590479, 20, 24, 0.590403
0.287033689950948, 0.614699331848552, -0.00489410471997539, 20, 24, 0.590427
0.287033689950948, 0.617817371937639, -0.00489404004731731, 20, 24, 0.590428
0.287033689950948, 0.620935412026726, -0.00489397462573273, 20, 24, 0.592332
0.287033689950948, 0.624053452115813, -0.00489390845310008, 20, 24, 0.592701
0.287033689950948, 0.6271714922049, -0.00489384152737522, 20, 24, 0.59247
0.287033689950948, 0.630289532293987, -0.0048937738465924, 20, 24, 0.593001
0.287033689950948, 0.633407572383074, -0.00489370540886537, 20, 24, 0.592849
0.287033689950948, 0.63652561247216, -0.00489363619686008, 20, 23, 0.565523
0.287033689950948, 0.639643652561247, -0.00489356624134105, 20, 23, 0.564864
0.287033689950948, 0.642761692650334, -0.00489349552363817, 20, 23, 0.567232
0.287033689950948, 0.645879732739421, -0.00489342404207598, 20, 23, 0.573993
0.287033689950948, 0.648997772828508, -0.00489335179525542, 20, 23, 0.603919
0.287033689950948, 0.652115812917595, -0.00489327878179711, 20, 23, 0.567178
0.287033689950948, 0.655233853006682, -0.0048932050004067, 20, 23, 0.567175
0.287033689950948, 0.658351893095768, -0.00489313044987592, 20, 23, 0.569133
0.287033689950948, 0.661469933184855, -0.00489305512908339, 20, 23, 0.569093
0.287033689950948, 0.664587973273942, -0.00489297903699562, 20, 23, 0.569159
0.287033689950948, 0.667706013363029, -0.00489290215748164, 20, 22, 0.541571
0.287033689950948, 0.670824053452116, -0.00489282452140161, 20, 22, 0.541521
0.287033689950948, 0.673942093541203, -0.00489274611134309, 20, 22, 0.541593
0.287033689950948, 0.67706013363029, -0.0048926669266429, 20, 22, 0.541613
0.287033689950948, 0.680178173719376, -0.00489258696672906, 20, 22, 0.541649
0.287033689950948, 0.683296213808463, -0.00489250623112156, 20, 22, 0.541652
0.287033689950948, 0.68641425389755, -0.00489242471943322, 20, 22, 0.541607
0.287033689950948, 0.689532293986637, -0.00489234243137059, 20, 22, 0.541621
0.287033689950948, 0.692650334075724, -0.00489225936673467, 20, 22, 0.541538
0.287033689950948, 0.695768374164811, -0.00489217552542175, 20, 22, 0.541587
0.287033689950948, 0.698886414253898, -0.00489209090742416, 20, 22, 0.543873
0.287033689950948, 0.702004454342984, -0.00489200549801132, 20, 21, 0.515965
0.287033689950948, 0.705122494432071, -0.00489191932826317, 20, 21, 0.515991
0.287033689950948, 0.708240534521158, -0.00489183238228522, 20, 21, 0.515926
0.287033689950948, 0.711358574610245, -0.00489174466047022, 20, 21, 0.51603
0.287033689950948, 0.714476614699332, -0.00489165616330982, 20, 21, 0.516061
0.287033689950948, 0.717594654788419, -0.00489156689139529, 20, 21, 0.522077
0.287033689950948, 0.720712694877506, -0.00489147684541828, 20, 21, 0.515922
0.287033689950948, 0.723830734966592, -0.00489138602617146, 20, 21, 0.516015
0.287033689950948, 0.726948775055679, -0.00489129443454925, 20, 21, 0.516022
0.287033689950948, 0.730066815144766, -0.00489120207154846, 20, 21, 0.515968
0.287033689950948, 0.733184855233853, -0.00489110893826895, 20, 21, 0.516067
0.287033689950948, 0.73630289532294, -0.00489101502001307, 20, 20, 0.48864
0.287033689950948, 0.739420935412027, -0.00489092035117492, 20, 20, 0.488317
0.287033689950948, 0.742538975501114, -0.00489082491587876, 20, 20, 0.488407
0.287033689950948, 0.7456570155902, -0.00489072871565106, 20, 20, 0.490416
0.287033689950948, 0.748775055679287, -0.00489063175212372, 20, 20, 0.490397
0.287033689950948, 0.751893095768374, -0.00489053402703461, 20, 20, 0.49037
0.287033689950948, 0.755011135857461, -0.00489043554222821, 20, 20, 0.490486
0.287033689950948, 0.758129175946548, -0.0048903362996562, 20, 20, 0.490414
0.287033689950948, 0.761247216035635, -0.00489023630137794, 20, 20, 0.490435
0.287033689950948, 0.764365256124722, -0.0048901355495611, 20, 20, 0.490425
0.287033689950948, 0.767483296213809, -0.00489003404648213, 20, 20, 0.4904
0.287033689950948, 0.770601336302895, -0.00488993179452683, 20, 20, 0.490359
0.287033689950948, 0.773719376391982, -0.00488982879619077, 20, 20, 0.490627
0.287033689950948, 0.776837416481069, -0.00488972503808951, 20, 19, 0.462803
0.287033689950948, 0.779955456570156, -0.00488962055614968, 20, 19, 0.462776
0.287033689950948, 0.783073496659243, -0.00488951533588529, 20, 19, 0.4628
0.287033689950948, 0.78619153674833, -0.00488940938024307, 20, 19, 0.46277
0.287033689950948, 0.789309576837417, -0.0048893026922813, 20, 19, 0.462781
0.287033689950948, 0.792427616926503, -0.00488919527517025, 20, 19, 0.462741
0.287033689950948, 0.79554565701559, -0.00488908713219264, 20, 19, 0.462804
0.287033689950948, 0.798663697104677, -0.00488897826674402, 20, 19, 0.464868
0.287033689950948, 0.801781737193764, -0.00488886868233323, 20, 19, 0.464785
0.287033689950948, 0.804899777282851, -0.00488875838258276, 20, 19, 0.464836
0.287033689950948, 0.808017817371938, -0.00488864737122915, 20, 19, 0.464812
0.287033689950948, 0.811135857461025, -0.00488853565212332, 20, 19, 0.464749
0.287033689950948, 0.814253897550111, -0.00488842322923097, 20, 19, 0.465081
0.287033689950948, 0.817371937639198, -0.00488831010663285, 20, 19, 0.464779
0.287033689950948, 0.820489977728285, -0.00488819628852514, 20, 19, 0.464783
0.287033689950948, 0.823608017817372, -0.00488808176375999, 20, 18, 0.437166
0.287033689950948, 0.826726057906459, -0.00488796656881337, 20, 18, 0.437273
0.287033689950948, 0.829844097995546, -0.004887850691559, 20, 18, 0.437265
0.287033689950948, 0.832962138084633, -0.00488773413666359, 20, 18, 0.437255
0.287033689950948, 0.836080178173719, -0.00488761690891023, 20, 18, 0.437283
0.287033689950948, 0.839198218262806, -0.00488749901319868, 20, 18, 0.437329
0.287033689950948, 0.842316258351893, -0.00488738045454562, 20, 18, 0.437324
0.287033689950948, 0.84543429844098, -0.00488726123808486, 20, 18, 0.437264
0.287033689950948, 0.848552338530067, -0.00488714136906764, 20, 18, 0.437238
0.287033689950948, 0.851670378619154, -0.00488702085286277, 20, 18, 0.437245
0.287033689950948, 0.854788418708241, -0.00488689969504278, 20, 18, 0.439593
0.287033689950948, 0.857906458797328, -0.00488677790104045, 20, 18, 0.439842
0.287033689950948, 0.861024498886414, -0.00488665547666454, 20, 18, 0.441519
0.287033689950948, 0.864142538975501, -0.00488653242775619, 20, 18, 0.441533
0.287033689950948, 0.867260579064588, -0.00488640876027499, 20, 18, 0.441576
0.287033689950948, 0.870378619153675, -0.0048862844802992, 20, 18, 0.441638
0.287033689950948, 0.873496659242762, -0.00488615959402577, 20, 18, 0.441532
0.287033689950948, 0.876614699331849, -0.00488603409302833, 20, 17, 0.41395
0.287033689950948, 0.879732739420936, -0.00488590801424485, 20, 17, 0.413992
0.287033689950948, 0.882850779510022, -0.00488578134839789, 20, 17, 0.413898
0.287033689950948, 0.885968819599109, -0.00488565410216516, 20, 17, 0.413904
0.287033689950948, 0.889086859688196, -0.00488552628234323, 20, 17, 0.413927
0.287033689950948, 0.892204899777283, -0.00488539789584754, 20, 17, 0.413981
0.287033689950948, 0.89532293986637, -0.00488526894971251, 20, 17, 0.413987
0.287033689950948, 0.898440979955457, -0.00488513945109156, 20, 17, 0.413974
0.287033689950948, 0.901559020044544, -0.00488500940725714, 20, 17, 0.414156
0.287033689950948, 0.90467706013363, -0.00488487882560077, 20, 17, 0.413984
0.287033689950948, 0.907795100222717, -0.00488474771363301, 20, 17, 0.414007
0.287033689950948, 0.910913140311804, -0.00488461607898347, 20, 17, 0.41401
0.287033689950948, 0.914031180400891, -0.00488448392940081, 20, 17, 0.413998
0.287033689950948, 0.917149220489978, -0.00488435127275266, 20, 17, 0.414041
0.287033689950948, 0.920267260579065, -0.00488421811702562, 20, 17, 0.413959
0.287033689950948, 0.923385300668152, -0.00488408447032518, 20, 17, 0.419668
0.287033689950948, 0.926503340757238, -0.00488395034087565, 20, 17, 0.413921
0.287033689950948, 0.929621380846325, -0.00488381573702009, 20, 17, 0.413948
0.287033689950948, 0.932739420935412, -0.0048836806520026, 20, 16, 0.388369
0.287033689950948, 0.935857461024499, -0.00488354512583062, 20, 16, 0.388374
0.287033689950948, 0.938975501113586, -0.00488340915092881, 20, 16, 0.388343
0.287033689950948, 0.942093541202673, -0.00488327273611832, 20, 16, 0.388409
0.287033689950948, 0.945211581291759, -0.00488313589033821, 20, 16, 0.388474
0.287033689950948, 0.948329621380847, -0.00488299862264534, 20, 16, 0.388487
0.287033689950948, 0.951447661469933, -0.00488286094221413, 20, 16, 0.388449
0.287033689950948, 0.95456570155902, -0.00488272285833648, 20, 16, 0.388485
0.287033689950948, 0.957683741648107, -0.00488258438042162, 20, 16, 0.388474
0.287033689950948, 0.960801781737194, -0.00488244551799584, 20, 16, 0.388431
0.287033689950948, 0.963919821826281, -0.00488230628070236, 20, 16, 0.388443
0.287033689950948, 0.967037861915368, -0.00488216667830114, 20, 16, 0.388456
0.287033689950948, 0.970155902004454, -0.0048820267206686, 20, 16, 0.388453
0.287033689950948, 0.973273942093541, -0.00488188641779745, 20, 16, 0.388462
0.287033689950948, 0.976391982182628, -0.00488174577979644, 20, 16, 0.388457
0.287033689950948, 0.979510022271715, -0.00488160481689008, 20, 16, 0.388482
0.287033689950948, 0.982628062360802, -0.00488146353941844, 20, 16, 0.388368
0.287033689950948, 0.985746102449889, -0.00488132195783682, 20, 16, 0.388399
0.287033689950948, 0.988864142538975, -0.00488118008271549, 20, 16, 0.388373
0.287033689950948, 0.991982182628063, -0.00488103792473939, 20, 16, 0.38839
0.287033689950948, 0.995100222717149, -0.00488089549470788, 20, 16, 0.3941
0.287033689950948, 0.998218262806236, -0.00488075280353433, 20, 16, 0.389182
0.287033689950948, 1.00133630289532, -0.00488060984799269, 20, 15, 0.360805
0.287033689950948, 1.00445434298441, -0.00488046666860307, 20, 15, 0.360729
0.287033689950948, 1.0075723830735, -0.00488032326143938, 20, 15, 0.360781
0.287033689950948, 1.01069042316258, -0.00488017963787117, 20, 15, 0.360761
0.287033689950948, 1.01380846325167, -0.00488003580938018, 20, 15, 0.360764
0.287033689950948, 1.01692650334076, -0.0048798917875599, 20, 15, 0.362815
0.287033689950948, 1.02004454342984, -0.00487974758411526, 20, 15, 0.3628
0.287033689950948, 1.02316258351893, -0.00487960321086224, 20, 15, 0.36284
0.287033689950948, 1.02628062360802, -0.00487945867972742, 20, 15, 0.362891
0.287033689950948, 1.0293986636971, -0.00487931400274767, 20, 15, 0.362838
0.287033689950948, 1.03251670378619, -0.00487916919206966, 20, 15, 0.362879
0.287033689950948, 1.03563474387528, -0.00487902425994949, 20, 15, 0.362847
0.287033689950948, 1.03875278396437, -0.00487887921875222, 20, 15, 0.362872
0.287033689950948, 1.04187082405345, -0.00487873408095145, 20, 15, 0.362916
0.287033689950948, 1.04498886414254, -0.00487858885912888, 20, 15, 0.363334
0.287033689950948, 1.04810690423163, -0.00487844356597382, 20, 15, 0.362917
0.287033689950948, 1.05122494432071, -0.00487829821428276, 20, 15, 0.366538
0.287033689950948, 1.0543429844098, -0.00487815281695885, 20, 15, 0.362921
0.287033689950948, 1.05746102449889, -0.00487800738701146, 20, 15, 0.36287
0.287033689950948, 1.06057906458797, -0.00487786193755563, 20, 15, 0.3632
0.287033689950948, 1.06369710467706, -0.00487771648181163, 20, 15, 0.362862
0.287033689950948, 1.06681514476615, -0.00487757103310438, 20, 15, 0.362949
0.287033689950948, 1.06993318485523, -0.004877425604863, 20, 15, 0.362818
0.287033689950948, 1.07305122494432, -0.0048772802106202, 20, 15, 0.362886
0.287033689950948, 1.07616926503341, -0.00487713484966744, 20, 14, 0.335258
0.287033689950948, 1.07928730512249, -0.00487698956525389, 20, 14, 0.335265
0.287033689950948, 1.08240534521158, -0.00487684435600653, 20, 14, 0.335296
0.287033689950948, 1.08552338530067, -0.00487669923586986, 20, 14, 0.33523
0.287033689950948, 1.08864142538976, -0.00487655421888906, 20, 14, 0.335209
0.287033689950948, 1.09175946547884, -0.00487640931920948, 20, 14, 0.335252
0.287033689950948, 1.09487750556793, -0.00487626455107601, 20, 14, 0.335205
0.287033689950948, 1.09799554565702, -0.00487611992883255, 20, 14, 0.335183
0.287033689950948, 1.1011135857461, -0.00487597546692137, 20, 14, 0.335228
0.287033689950948, 1.10423162583519, -0.00487583117988253, 20, 14, 0.335254
0.287033689950948, 1.10734966592428, -0.00487568708235327, 20, 14, 0.335252
0.287033689950948, 1.11046770601336, -0.00487554318906739, 20, 14, 0.335276
0.287033689950948, 1.11358574610245, -0.00487539951485463, 20, 14, 0.335337
0.287033689950948, 1.11670378619154, -0.00487525607464004, 20, 14, 0.337316
0.287033689950948, 1.11982182628062, -0.00487511288344334, 20, 14, 0.337305
0.287033689950948, 1.12293986636971, -0.00487496995637829, 20, 14, 0.337289
0.287033689950948, 1.1260579064588, -0.00487482730865199, 20, 14, 0.337285
0.287033689950948, 1.12917594654788, -0.00487468495556428, 20, 14, 0.3373
0.287033689950948, 1.13229398663697, -0.00487454291250705, 20, 14, 0.337262
0.287033689950948, 1.13541202672606, -0.00487440119496356, 20, 14, 0.337247
0.287033689950948, 1.13853006681514, -0.00487425981850778, 20, 14, 0.337261
0.287033689950948, 1.14164810690423, -0.00487411879880368, 20, 14, 0.337263
0.287033689950948, 1.14476614699332, -0.00487397815160456, 20, 14, 0.33736
0.287033689950948, 1.14788418708241, -0.00487383789275236, 20, 14, 0.337308
0.287033689950948, 1.15100222717149, -0.00487369803817692, 20, 14, 0.337255
0.287033689950948, 1.15412026726058, -0.00487355860389531, 20, 14, 0.337254
0.287033689950948, 1.15723830734967, -0.00487341960601108, 20, 14, 0.337276
0.287033689950948, 1.16035634743875, -0.0048732810607136, 20, 14, 0.337311
0.287033689950948, 1.16347438752784, -0.00487314298427724, 20, 14, 0.33731
0.287033689950948, 1.16659242761693, -0.00487300537955431, 20, 13, 0.309663
0.287033689950948, 1.16971046770601, -0.00487286829072043, 20, 13, 0.30966
0.287033689950948, 1.1728285077951, -0.00487273172003549, 20, 13, 0.30968
0.287033689950948, 1.17594654788419, -0.00487259568410875, 20, 13, 0.309663
0.287033689950948, 1.17906458797327, -0.00487246019963071, 20, 13, 0.309642
0.287033689950948, 1.18218262806236, -0.00487232528337233, 20, 13, 0.31528
0.287033689950948, 1.18530066815145, -0.00487219095218431, 20, 13, 0.309632
0.287033689950948, 1.18841870824053, -0.0048720572229963, 20, 13, 0.309644
0.287033689950948, 1.19153674832962, -0.00487192411281614, 20, 13, 0.309665
0.287033689950948, 1.19465478841871, -0.00487179163872909, 20, 13, 0.309631
0.287033689950948, 1.1977728285078, -0.00487165981789706, 20, 13, 0.309629
0.287033689950948, 1.20089086859688, -0.0048715286675578, 20, 13, 0.3096
0.287033689950948, 1.20400890868597, -0.00487139820502416, 20, 13, 0.30961
0.287033689950948, 1.20712694877506, -0.00487126844768325, 20, 13, 0.309629
0.287033689950948, 1.21024498886414, -0.00487113941299569, 20, 13, 0.309625
0.287033689950948, 1.21336302895323, -0.00487101111849477, 20, 13, 0.309674
0.287033689950948, 1.21648106904232, -0.00487088358178566, 20, 13, 0.309634
0.287033689950948, 1.2195991091314, -0.00487075682054464, 20, 13, 0.309655
0.287033689950948, 1.22271714922049, -0.00487063085251824, 20, 13, 0.309627
0.287033689950948, 1.22583518930958, -0.00487050569552243, 20, 13, 0.309649
0.287033689950948, 1.22895322939866, -0.00487038136744183, 20, 13, 0.309598
0.287033689950948, 1.23207126948775, -0.00487025788622887, 20, 13, 0.309617
0.287033689950948, 1.23518930957684, -0.00487013526990297, 20, 13, 0.309573
0.287033689950948, 1.23830734966592, -0.0048700135365497, 20, 13, 0.309564
0.287033689950948, 1.24142538975501, -0.00486989270431997, 20, 13, 0.312209
0.287033689950948, 1.2445434298441, -0.00486977279142916, 20, 13, 0.312396
0.287033689950948, 1.24766146993318, -0.00486965381615631, 20, 13, 0.311678
0.287033689950948, 1.25077951002227, -0.00486953579684329, 20, 13, 0.311699
0.287033689950948, 1.25389755011136, -0.00486941875189392, 20, 13, 0.311645
0.287033689950948, 1.25701559020045, -0.00486930269977316, 20, 13, 0.311721
0.287033689950948, 1.26013363028953, -0.00486918765900619, 20, 13, 0.311766
0.287033689950948, 1.26325167037862, -0.00486907364817769, 20, 13, 0.311671
0.287033689950948, 1.26636971046771, -0.00486896068593084, 20, 13, 0.311706
0.287033689950948, 1.26948775055679, -0.00486884879096657, 20, 13, 0.311702
0.287033689950948, 1.27260579064588, -0.00486873796935768, 20, 12, 0.284134
0.287033689950948, 1.27572383073497, -0.00486862826591401, 20, 12, 0.284084
0.287033689950948, 1.27884187082405, -0.00486851968616247, 20, 12, 0.284101
0.287033689950948, 1.28195991091314, -0.00486841224915656, 20, 12, 0.28642
0.287033689950948, 1.28507795100223, -0.00486830597361651, 20, 12, 0.286425
0.287033689950948, 1.28819599109131, -0.00486820087870166, 20, 12, 0.286469
0.287033689950948, 1.2913140311804, -0.00486809698349402, 20, 12, 0.28649
0.287033689950948, 1.29443207126949, -0.00486799430712632, 20, 12, 0.286462
0.287033689950948, 1.29755011135857, -0.00486789286878115, 20, 12, 0.286498
0.287033689950948, 1.30066815144766, -0.00486779268769007, 20, 12, 0.286511
0.287033689950948, 1.30378619153675, -0.00486769378313276, 20, 12, 0.286526
0.287033689950948, 1.30690423162584, -0.00486759617443608, 20, 12, 0.286484
0.287033689950948, 1.31002227171492, -0.0048674998809733, 20, 12, 0.286463
0.287033689950948, 1.31314031180401, -0.00486740492216312, 20, 12, 0.286447
0.287033689950948, 1.3162583518931, -0.00486731131746886, 20, 12, 0.286396
0.287033689950948, 1.31937639198218, -0.00486721908639755, 20, 12, 0.286431
0.287033689950948, 1.32249443207127, -0.00486712824849907, 20, 12, 0.286443
0.287033689950948, 1.32561247216036, -0.00486703882336521, 20, 12, 0.286421
0.287033689950948, 1.32873051224944, -0.00486695083062889, 20, 12, 0.286435
0.287033689950948, 1.33184855233853, -0.00486686428996318, 20, 12, 0.28638
0.287033689950948, 1.33496659242762, -0.00486677922108047, 20, 12, 0.28641
0.287033689950948, 1.3380846325167, -0.00486669564373157, 20, 12, 0.286403
0.287033689950948, 1.34120267260579, -0.00486661357770484, 20, 12, 0.286385
0.287033689950948, 1.34432071269488, -0.00486653304282528, 20, 12, 0.286375
0.287033689950948, 1.34743875278396, -0.00486645405895366, 20, 12, 0.286402
0.287033689950948, 1.35055679287305, -0.00486637664598565, 20, 12, 0.286369
0.287033689950948, 1.35367483296214, -0.00486630082385091, 20, 12, 0.286387
0.287033689950948, 1.35679287305122, -0.0048662266125122, 20, 12, 0.28693
0.287033689950948, 1.35991091314031, -0.00486615403196454, 20, 12, 0.286531
0.287033689950948, 1.3630289532294, -0.00486608310223428, 20, 12, 0.286403
0.287033689950948, 1.36614699331849, -0.00486601384337823, 20, 12, 0.286406
0.287033689950948, 1.36926503340757, -0.00486594627548278, 20, 12, 0.286451
0.287033689950948, 1.37238307349666, -0.00486588041866302, 20, 12, 0.286416
0.287033689950948, 1.37550111358575, -0.00486581629306183, 20, 12, 0.286441
0.287033689950948, 1.37861915367483, -0.00486575391884906, 20, 12, 0.286432
0.287033689950948, 1.38173719376392, -0.00486569331622055, 20, 12, 0.286429
0.287033689950948, 1.38485523385301, -0.00486563450539737, 20, 12, 0.286432
0.287033689950948, 1.38797327394209, -0.00486557750662482, 20, 12, 0.286421
0.287033689950948, 1.39109131403118, -0.00486552234017164, 20, 12, 0.286465
0.287033689950948, 1.39420935412027, -0.00486546902632908, 20, 12, 0.286461
0.287033689950948, 1.39732739420935, -0.00486541758541005, 20, 12, 0.28845
0.287033689950948, 1.40044543429844, -0.00486536802619929, 20, 11, 0.260886
0.287033689950948, 1.40356347438753, -0.0048653203926722, 20, 11, 0.260859
0.287033689950948, 1.40668151447661, -0.00486527469310481, 20, 11, 0.260891
0.287033689950948, 1.4097995545657, -0.00486523094788892, 20, 11, 0.260815
0.287033689950948, 1.41291759465479, -0.0048651891774336, 20, 11, 0.260819
0.287033689950948, 1.41603563474388, -0.00486514940216429, 20, 11, 0.261365
0.287033689950948, 1.41915367483296, -0.00486511164252188, 20, 11, 0.261464
0.287033689950948, 1.42227171492205, -0.00486507591896196, 20, 11, 0.260989
0.287033689950948, 1.42538975501114, -0.00486504225195383, 20, 11, 0.260873
0.287033689950948, 1.42850779510022, -0.00486501066197974, 20, 11, 0.260893
0.287033689950948, 1.43162583518931, -0.00486498116953397, 20, 11, 0.260877
0.287033689950948, 1.4347438752784, -0.004864953795122, 20, 11, 0.260856
0.287033689950948, 1.43786191536748, -0.00486492855925964, 20, 11, 0.260905
0.287033689950948, 1.44097995545657, -0.00486490548247218, 20, 11, 0.260906
0.287033689950948, 1.44409799554566, -0.00486488458529352, 20, 11, 0.260889
0.287033689950948, 1.44721603563474, -0.00486486588826538, 20, 11, 0.260906
0.287033689950948, 1.45033407572383, -0.00486484941193637, 20, 11, 0.260916
0.287033689950948, 1.45345211581292, -0.0048648351768612, 20, 11, 0.260914
0.287033689950948, 1.456570155902, -0.00486482320359981, 20, 11, 0.260912
0.287033689950948, 1.45968819599109, -0.00486481351271654, 20, 11, 0.260867
0.287033689950948, 1.46280623608018, -0.00486480612477927, 20, 11, 0.260886
0.287033689950948, 1.46592427616927, -0.00486480106035863, 20, 11, 0.260913
0.287033689950948, 1.46904231625835, -0.0048647983400271, 20, 11, 0.260883
0.287033689950948, 1.47216035634744, -0.00486479798435825, 20, 11, 0.260902
0.287033689950948, 1.47527839643653, -0.00486480001392584, 20, 11, 0.260891
0.287033689950948, 1.47839643652561, -0.00486480444930302, 20, 11, 0.261009
0.287033689950948, 1.4815144766147, -0.00486481131106155, 20, 11, 0.261377
0.287033689950948, 1.48463251670379, -0.0048648206197709, 20, 11, 0.261545
0.287033689950948, 1.48775055679287, -0.00486483239599748, 20, 11, 0.260961
0.287033689950948, 1.49086859688196, -0.00486484666030383, 20, 11, 0.26086
0.287033689950948, 1.49398663697105, -0.00486486343324776, 20, 11, 0.260872
0.287033689950948, 1.49710467706013, -0.00486488273538159, 20, 11, 0.260841
0.287033689950948, 1.50022271714922, -0.00486490458725131, 20, 11, 0.260858
0.287033689950948, 1.50334075723831, -0.0048649290093958, 20, 11, 0.260913
0.287033689950948, 1.50645879732739, -0.00486495602234601, 20, 11, 0.260883
0.287033689950948, 1.50957683741648, -0.00486498564662415, 20, 11, 0.266507
0.287033689950948, 1.51269487750557, -0.00486501790274295, 20, 11, 0.260921
0.287033689950948, 1.51581291759465, -0.00486505281120478, 20, 11, 0.260862
0.287033689950948, 1.51893095768374, -0.00486509039250094, 20, 11, 0.260863
0.287033689950948, 1.52204899777283, -0.00486513066711086, 20, 11, 0.26091
0.287033689950948, 1.52516703786192, -0.00486517365550127, 20, 11, 0.260866
0.287033689950948, 1.528285077951, -0.00486521937812547, 20, 11, 0.260895
0.287033689950948, 1.53140311804009, -0.00486526785542254, 20, 11, 0.260886
0.287033689950948, 1.53452115812918, -0.00486531910781657, 20, 11, 0.260864
0.287033689950948, 1.53763919821826, -0.00486537315571587, 20, 11, 0.260886
0.287033689950948, 1.54075723830735, -0.00486543001951224, 20, 11, 0.260867
0.287033689950948, 1.54387527839644, -0.0048654897195802, 20, 11, 0.26082
0.287033689950948, 1.54699331848552, -0.0048655522762762, 20, 11, 0.260863
0.287033689950948, 1.55011135857461, -0.00486561770993791, 20, 11, 0.260913
0.287033689950948, 1.5532293986637, -0.00486568604088345, 20, 11, 0.261033
0.287033689950948, 1.55634743875278, -0.00486575727916145, 20, 10, 0.233305
0.287033689950948, 1.55946547884187, -0.00486583146597087, 20, 10, 0.233302
0.287033689950948, 1.56258351893096, -0.00486590861087622, 20, 10, 0.233292
0.287033689950948, 1.56570155902004, -0.0048659887341107, 20, 10, 0.233328
0.287033689950948, 1.56881959910913, -0.00486607185588424, 20, 10, 0.233326
0.287033689950948, 1.57193763919822, -0.00486615799638277, 20, 10, 0.23326
0.287033689950948, 1.57505567928731, -0.00486624717576748, 20, 10, 0.233308
0.287033689950948, 1.57817371937639, -0.00486633941417414, 20, 10, 0.233299
0.287033689950948, 1.58129175946548, -0.00486643473171235, 20, 10, 0.233295
0.287033689950948, 1.58440979955457, -0.00486653314846484, 20, 10, 0.233285
0.287033689950948, 1.58752783964365, -0.00486663468448678, 20, 10, 0.233326
0.287033689950948, 1.59064587973274, -0.00486673935980506, 20, 10, 0.233311
0.287033689950948, 1.59376391982183, -0.00486684719441758, 20, 10, 0.233302
0.287033689950948, 1.59688195991091, -0.00486695820829258, 20, 10, 0.235319
0.287033689950948, 1.6, -0.00486707242136795, 20, 10, 0.235255
# finished at Wed Apr 30 01:25:17 CEST 2014
