# starting on alcc59 at Wed Apr 30 02:03:12 CEST 2014
# casimir, -T, 0.200000,1.600000,450, -Q, 0.331163325111792, -p, 1e-08, -L, 20
# Compiler icc, using long double and plain matrix elements and plain integration
# precision=1e-08
# lfac=5
# cores=1
# L=0.331163
# T=0.2...1.6 (450)
#
# R/(L+R), T, F, lmax, nmax, time
0.331163325111792, 0.2, -0.00794481526006168, 20, 75, 1.99205
0.331163325111792, 0.203118040089087, -0.00794481055867481, 20, 74, 1.95879
0.331163325111792, 0.206236080178174, -0.00794480564055603, 20, 73, 1.93079
0.331163325111792, 0.209354120267261, -0.00794480049948414, 20, 72, 1.90558
0.331163325111792, 0.212472160356347, -0.00794479512915202, 20, 71, 1.87803
0.331163325111792, 0.215590200445434, -0.00794478952317376, 20, 70, 1.85337
0.331163325111792, 0.218708240534521, -0.00794478367508167, 20, 69, 1.82387
0.331163325111792, 0.221826280623608, -0.00794477757833276, 20, 68, 1.80842
0.331163325111792, 0.224944320712695, -0.00794477122630453, 20, 67, 1.76978
0.331163325111792, 0.228062360801782, -0.00794476461230014, 20, 66, 1.74563
0.331163325111792, 0.231180400890869, -0.00794475772954645, 20, 65, 1.71582
0.331163325111792, 0.234298440979955, -0.00794475057119148, 20, 64, 1.68798
0.331163325111792, 0.237416481069042, -0.00794474314760236, 20, 64, 1.68951
0.331163325111792, 0.240534521158129, -0.00794473541846737, 20, 63, 1.66257
0.331163325111792, 0.243652561247216, -0.00794472739296098, 20, 62, 1.63633
0.331163325111792, 0.246770601336303, -0.00794471906395303, 20, 61, 1.61113
0.331163325111792, 0.24988864142539, -0.0079447104242323, 20, 60, 1.58572
0.331163325111792, 0.253006681514477, -0.00794470148567719, 20, 60, 1.58835
0.331163325111792, 0.256124721603563, -0.00794469220473625, 20, 59, 1.55434
0.331163325111792, 0.25924276169265, -0.0079446825913483, 20, 58, 1.53298
0.331163325111792, 0.262360801781737, -0.00794467265718742, 20, 58, 1.53269
0.331163325111792, 0.265478841870824, -0.00794466235891855, 20, 57, 1.50117
0.331163325111792, 0.268596881959911, -0.00794465170592973, 20, 56, 1.47353
0.331163325111792, 0.271714922048998, -0.00794464071063776, 20, 56, 1.47559
0.331163325111792, 0.274832962138085, -0.00794462932815975, 20, 55, 1.47341
0.331163325111792, 0.277951002227172, -0.00794461756815652, 20, 54, 1.55076
0.331163325111792, 0.281069042316258, -0.0079446054448631, 20, 54, 1.4747
0.331163325111792, 0.284187082405345, -0.00794459290987543, 20, 53, 1.40438
0.331163325111792, 0.287305122494432, -0.00794457999542412, 20, 53, 1.42829
0.331163325111792, 0.290423162583519, -0.00794456665469422, 20, 52, 1.37894
0.331163325111792, 0.293541202672606, -0.00794455291850342, 20, 52, 1.367
0.331163325111792, 0.296659242761693, -0.00794453874095254, 20, 51, 1.34137
0.331163325111792, 0.29977728285078, -0.00794452415210191, 20, 51, 1.34194
0.331163325111792, 0.302895322939866, -0.0079445091063428, 20, 50, 1.31401
0.331163325111792, 0.306013363028953, -0.00794449363360747, 20, 50, 1.31361
0.331163325111792, 0.30913140311804, -0.00794447768796817, 20, 49, 1.28596
0.331163325111792, 0.312249443207127, -0.00794446129985153, 20, 49, 1.28828
0.331163325111792, 0.315367483296214, -0.00794444442238809, 20, 48, 1.26429
0.331163325111792, 0.318485523385301, -0.00794442708714922, 20, 48, 1.26074
0.331163325111792, 0.321603563474388, -0.00794440924566094, 20, 47, 1.23303
0.331163325111792, 0.324721603563474, -0.00794439093135029, 20, 47, 1.23306
0.331163325111792, 0.327839643652561, -0.00794437209339205, 20, 46, 1.20747
0.331163325111792, 0.330957683741648, -0.00794435276787831, 20, 46, 1.2074
0.331163325111792, 0.334075723830735, -0.00794433292275463, 20, 46, 1.20738
0.331163325111792, 0.337193763919822, -0.00794431253176695, 20, 45, 1.17976
0.331163325111792, 0.340311804008909, -0.00794429162683234, 20, 45, 1.1797
0.331163325111792, 0.343429844097996, -0.00794427015770034, 20, 44, 1.15216
0.331163325111792, 0.346547884187082, -0.00794424816046723, 20, 44, 1.15423
0.331163325111792, 0.349665924276169, -0.00794422560298787, 20, 44, 1.15427
0.331163325111792, 0.352783964365256, -0.00794420245794384, 20, 43, 1.12665
0.331163325111792, 0.355902004454343, -0.00794417875909322, 20, 43, 1.12671
0.331163325111792, 0.35902004454343, -0.00794415447552999, 20, 43, 1.12665
0.331163325111792, 0.362138084632517, -0.00794412958039877, 20, 42, 1.09916
0.331163325111792, 0.365256124721604, -0.00794410410623084, 20, 42, 1.10113
0.331163325111792, 0.36837416481069, -0.00794407800068504, 20, 41, 1.07337
0.331163325111792, 0.371492204899777, -0.00794405130320696, 20, 41, 1.07334
0.331163325111792, 0.374610244988864, -0.00794402397984224, 20, 41, 1.07336
0.331163325111792, 0.377728285077951, -0.00794399600008843, 20, 40, 1.0458
0.331163325111792, 0.380846325167038, -0.00794396740413334, 20, 40, 1.04603
0.331163325111792, 0.383964365256125, -0.00794393815766186, 20, 40, 1.04621
0.331163325111792, 0.387082405345212, -0.00794390825264963, 20, 40, 1.04585
0.331163325111792, 0.390200445434298, -0.00794387766095709, 20, 39, 1.02025
0.331163325111792, 0.393318485523385, -0.00794384641757338, 20, 39, 1.02025
0.331163325111792, 0.396436525612472, -0.00794381449105726, 20, 39, 1.02087
0.331163325111792, 0.399554565701559, -0.00794378185183693, 20, 38, 0.992905
0.331163325111792, 0.402672605790646, -0.00794374853798012, 20, 38, 0.992649
0.331163325111792, 0.405790645879733, -0.00794371451648255, 20, 38, 0.996618
0.331163325111792, 0.40890868596882, -0.00794367977936441, 20, 38, 0.992595
0.331163325111792, 0.412026726057906, -0.00794364429817757, 20, 37, 0.964936
0.331163325111792, 0.415144766146993, -0.00794360810864868, 20, 37, 0.967087
0.331163325111792, 0.41826280623608, -0.00794357117917533, 20, 37, 0.967048
0.331163325111792, 0.421380846325167, -0.00794353347870552, 20, 36, 0.939588
0.331163325111792, 0.424498886414254, -0.00794349504865925, 20, 36, 0.939452
0.331163325111792, 0.427616926503341, -0.00794345585453082, 20, 36, 0.939474
0.331163325111792, 0.430734966592428, -0.00794341588848446, 20, 36, 0.941766
0.331163325111792, 0.433853006681514, -0.00794337511935083, 20, 35, 0.927081
0.331163325111792, 0.436971046770601, -0.00794333358901859, 20, 35, 0.911805
0.331163325111792, 0.440089086859688, -0.00794329126295263, 20, 35, 0.911807
0.331163325111792, 0.443207126948775, -0.00794324813343238, 20, 35, 0.911811
0.331163325111792, 0.446325167037862, -0.00794320416842699, 20, 34, 0.886219
0.331163325111792, 0.449443207126949, -0.00794315941197049, 20, 34, 0.886672
0.331163325111792, 0.452561247216036, -0.00794311382864396, 20, 34, 0.886272
0.331163325111792, 0.455679287305123, -0.00794306741087209, 20, 34, 0.886288
0.331163325111792, 0.458797327394209, -0.00794302015110628, 20, 34, 0.886276
0.331163325111792, 0.461915367483296, -0.00794297201883184, 20, 33, 0.858704
0.331163325111792, 0.465033407572383, -0.00794292305536542, 20, 33, 0.85865
0.331163325111792, 0.46815144766147, -0.00794287322711227, 20, 33, 0.863013
0.331163325111792, 0.471269487750557, -0.00794282252670573, 20, 33, 0.858589
0.331163325111792, 0.474387527839644, -0.00794277094681657, 20, 33, 0.858664
0.331163325111792, 0.477505567928731, -0.00794271845752663, 20, 32, 0.833019
0.331163325111792, 0.480623608017817, -0.00794266509953543, 20, 32, 0.833114
0.331163325111792, 0.483741648106904, -0.00794261084001143, 20, 32, 0.833086
0.331163325111792, 0.486859688195991, -0.00794255567184255, 20, 32, 0.833146
0.331163325111792, 0.489977728285078, -0.00794249958796388, 20, 32, 0.833039
0.331163325111792, 0.493095768374165, -0.00794244255817029, 20, 31, 0.833425
0.331163325111792, 0.496213808463252, -0.00794238462455162, 20, 31, 0.813577
0.331163325111792, 0.499331848552339, -0.00794232575403303, 20, 31, 0.808759
0.331163325111792, 0.502449888641425, -0.0079422659398011, 20, 31, 0.807961
0.331163325111792, 0.505567928730512, -0.00794220517509862, 20, 31, 0.807455
0.331163325111792, 0.508685968819599, -0.00794214342848155, 20, 30, 0.820577
0.331163325111792, 0.511804008908686, -0.00794208074556866, 20, 30, 0.826341
0.331163325111792, 0.514922048997773, -0.00794201709197025, 20, 30, 0.817537
0.331163325111792, 0.51804008908686, -0.00794195246121585, 20, 30, 0.81798
0.331163325111792, 0.521158129175947, -0.00794188684689535, 20, 30, 0.816451
0.331163325111792, 0.524276169265034, -0.00794182024267061, 20, 30, 0.779864
0.331163325111792, 0.52739420935412, -0.00794175261774639, 20, 29, 0.755473
0.331163325111792, 0.530512249443207, -0.00794168401762914, 20, 29, 0.75363
0.331163325111792, 0.533630289532294, -0.00794161440873118, 20, 29, 0.786591
0.331163325111792, 0.536748329621381, -0.00794154378503693, 20, 29, 0.822501
0.331163325111792, 0.539866369710468, -0.00794147214060628, 20, 29, 0.787687
0.331163325111792, 0.542984409799555, -0.00794139946957695, 20, 29, 0.774576
0.331163325111792, 0.546102449888642, -0.00794132574065055, 20, 28, 0.773446
0.331163325111792, 0.549220489977728, -0.00794125100182976, 20, 28, 0.748611
0.331163325111792, 0.552338530066815, -0.00794117521903411, 20, 28, 0.764211
0.331163325111792, 0.555456570155902, -0.00794109838676349, 20, 28, 0.729083
0.331163325111792, 0.558574610244989, -0.00794102049960318, 20, 28, 0.747068
0.331163325111792, 0.561692650334076, -0.00794094155222607, 20, 28, 0.786404
0.331163325111792, 0.564810690423163, -0.00794086153939644, 20, 28, 0.754751
0.331163325111792, 0.567928730512249, -0.00794078043091267, 20, 27, 0.699375
0.331163325111792, 0.571046770601336, -0.00794069827436345, 20, 27, 0.699943
0.331163325111792, 0.574164810690423, -0.00794061503695121, 20, 27, 0.699162
0.331163325111792, 0.57728285077951, -0.00794053071384314, 20, 27, 0.699081
0.331163325111792, 0.580400890868597, -0.00794044530030327, 20, 27, 0.699073
0.331163325111792, 0.583518930957684, -0.00794035879169449, 20, 27, 0.708996
0.331163325111792, 0.586636971046771, -0.00794027118348052, 20, 27, 0.699019
0.331163325111792, 0.589755011135857, -0.00794018244519682, 20, 26, 0.672784
0.331163325111792, 0.592873051224944, -0.00794009262711603, 20, 26, 0.673217
0.331163325111792, 0.595991091314031, -0.00794000169619781, 20, 26, 0.672067
0.331163325111792, 0.599109131403118, -0.00793990964835158, 20, 26, 0.67514
0.331163325111792, 0.602227171492205, -0.00793981647959429, 20, 26, 0.671576
0.331163325111792, 0.605345211581292, -0.00793972218605221, 20, 26, 0.671458
0.331163325111792, 0.608463251670379, -0.00793962676396285, 20, 26, 0.671692
0.331163325111792, 0.611581291759466, -0.00793953020967664, 20, 26, 0.671415
0.331163325111792, 0.614699331848552, -0.0079394324937224, 20, 25, 0.643768
0.331163325111792, 0.617817371937639, -0.00793933366699245, 20, 25, 0.643753
0.331163325111792, 0.620935412026726, -0.00793923369758509, 20, 25, 0.645946
0.331163325111792, 0.624053452115813, -0.00793913258233716, 20, 25, 0.646483
0.331163325111792, 0.6271714922049, -0.00793903031821015, 20, 25, 0.645933
0.331163325111792, 0.630289532293987, -0.00793892690228456, 20, 25, 0.645909
0.331163325111792, 0.633407572383074, -0.00793882233176345, 20, 25, 0.645947
0.331163325111792, 0.63652561247216, -0.00793871660397406, 20, 25, 0.645905
0.331163325111792, 0.639643652561247, -0.00793860971636934, 20, 25, 0.656433
0.331163325111792, 0.642761692650334, -0.00793850164145112, 20, 24, 0.622535
0.331163325111792, 0.645879732739421, -0.00793839242935326, 20, 24, 0.618223
0.331163325111792, 0.648997772828508, -0.007938282050364, 20, 24, 0.618279
0.331163325111792, 0.652115812917595, -0.00793817050247266, 20, 24, 0.622794
0.331163325111792, 0.655233853006682, -0.00793805778379997, 20, 24, 0.6183
0.331163325111792, 0.658351893095768, -0.00793794389259961, 20, 24, 0.618324
0.331163325111792, 0.661469933184855, -0.0079378288272597, 20, 24, 0.622234
0.331163325111792, 0.664587973273942, -0.00793771258630424, 20, 24, 0.622298
0.331163325111792, 0.667706013363029, -0.00793759516839453, 20, 24, 0.622207
0.331163325111792, 0.670824053452116, -0.00793747654625016, 20, 23, 0.590858
0.331163325111792, 0.673942093541203, -0.00793735677323655, 20, 23, 0.590618
0.331163325111792, 0.67706013363029, -0.00793723581989374, 20, 23, 0.590552
0.331163325111792, 0.680178173719376, -0.00793711368546253, 20, 23, 0.598598
0.331163325111792, 0.683296213808463, -0.00793699036932613, 20, 23, 0.602328
0.331163325111792, 0.68641425389755, -0.00793686587101152, 20, 23, 0.649621
0.331163325111792, 0.689532293986637, -0.00793674019019075, 20, 23, 0.590717
0.331163325111792, 0.692650334075724, -0.00793661332668421, 20, 23, 0.592688
0.331163325111792, 0.695768374164811, -0.007936485280454, 20, 23, 0.594397
0.331163325111792, 0.698886414253898, -0.00793635605161703, 20, 23, 0.59318
0.331163325111792, 0.702004454342984, -0.00793622561369046, 20, 22, 0.565037
0.331163325111792, 0.705122494432071, -0.00793609402281221, 20, 22, 0.56815
0.331163325111792, 0.708240534521158, -0.00793596125039205, 20, 22, 0.587346
0.331163325111792, 0.711358574610245, -0.00793582729716723, 20, 22, 0.573183
0.331163325111792, 0.714476614699332, -0.0079356921640283, 20, 22, 0.576293
0.331163325111792, 0.717594654788419, -0.00793555585202028, 20, 22, 0.569646
0.331163325111792, 0.720712694877506, -0.00793541836234376, 20, 22, 0.586982
0.331163325111792, 0.723830734966592, -0.00793527969635608, 20, 22, 0.572752
0.331163325111792, 0.726948775055679, -0.0079351398555723, 20, 22, 0.599655
0.331163325111792, 0.730066815144766, -0.00793499884166636, 20, 22, 0.566235
0.331163325111792, 0.733184855233853, -0.00793485665647201, 20, 22, 0.599375
0.331163325111792, 0.73630289532294, -0.00793471330198385, 20, 22, 0.565468
0.331163325111792, 0.739420935412027, -0.00793456875515728, 20, 21, 0.541714
0.331163325111792, 0.742538975501114, -0.00793442307072016, 20, 21, 0.542057
0.331163325111792, 0.7456570155902, -0.00793427622378833, 20, 21, 0.537887
0.331163325111792, 0.748775055679287, -0.00793412821702177, 20, 21, 0.545754
0.331163325111792, 0.751893095768374, -0.00793397905324499, 20, 21, 0.543195
0.331163325111792, 0.755011135857461, -0.00793382873544781, 20, 21, 0.557954
0.331163325111792, 0.758129175946548, -0.00793367726678635, 20, 21, 0.538471
0.331163325111792, 0.761247216035635, -0.00793352465058388, 20, 21, 0.547585
0.331163325111792, 0.764365256124722, -0.00793337089033167, 20, 21, 0.55328
0.331163325111792, 0.767483296213809, -0.00793321598968979, 20, 21, 0.591215
0.331163325111792, 0.770601336302895, -0.00793305995248793, 20, 21, 0.544944
0.331163325111792, 0.773719376391982, -0.00793290278272619, 20, 21, 0.55721
0.331163325111792, 0.776837416481069, -0.00793274445841393, 20, 20, 0.515713
0.331163325111792, 0.779955456570156, -0.00793258503820594, 20, 20, 0.512168
0.331163325111792, 0.783073496659243, -0.00793242449831734, 20, 20, 0.525124
0.331163325111792, 0.78619153674833, -0.00793226284344837, 20, 20, 0.512011
0.331163325111792, 0.789309576837417, -0.00793210007847235, 20, 20, 0.516128
0.331163325111792, 0.792427616926503, -0.00793193620843628, 20, 20, 0.522705
0.331163325111792, 0.79554565701559, -0.00793177123856161, 20, 20, 0.523627
0.331163325111792, 0.798663697104677, -0.00793160517424483, 20, 20, 0.516354
0.331163325111792, 0.801781737193764, -0.00793143802105812, 20, 20, 0.515938
0.331163325111792, 0.804899777282851, -0.00793126978474993, 20, 20, 0.515679
0.331163325111792, 0.808017817371938, -0.00793110047124558, 20, 20, 0.516228
0.331163325111792, 0.811135857461025, -0.00793093008664777, 20, 20, 0.515624
0.331163325111792, 0.814253897550111, -0.00793075863723714, 20, 20, 0.512756
0.331163325111792, 0.817371937639198, -0.00793058612947278, 20, 20, 0.511948
0.331163325111792, 0.820489977728285, -0.00793041254422621, 20, 19, 0.485443
0.331163325111792, 0.823608017817372, -0.00793023794171167, 20, 19, 0.488006
0.331163325111792, 0.826726057906459, -0.00793006230116149, 20, 19, 0.484403
0.331163325111792, 0.829844097995546, -0.00792988562976277, 20, 19, 0.484402
0.331163325111792, 0.832962138084633, -0.00792970793488252, 20, 19, 0.484464
0.331163325111792, 0.836080178173719, -0.00792952922406814, 20, 19, 0.484455
0.331163325111792, 0.839198218262806, -0.00792934950504776, 20, 19, 0.484439
0.331163325111792, 0.842316258351893, -0.00792916878573067, 20, 19, 0.484915
0.331163325111792, 0.84543429844098, -0.00792898707420765, 20, 19, 0.484451
0.331163325111792, 0.848552338530067, -0.00792880437875127, 20, 19, 0.4857
0.331163325111792, 0.851670378619154, -0.00792862070781628, 20, 19, 0.49205
0.331163325111792, 0.854788418708241, -0.0079284360700398, 20, 19, 0.484436
0.331163325111792, 0.857906458797328, -0.00792825047424161, 20, 19, 0.508784
0.331163325111792, 0.861024498886414, -0.00792806392942447, 20, 19, 0.484371
0.331163325111792, 0.864142538975501, -0.00792787644477421, 20, 19, 0.501578
0.331163325111792, 0.867260579064588, -0.00792768800318922, 20, 18, 0.470109
0.331163325111792, 0.870378619153675, -0.00792749866898162, 20, 18, 0.484512
0.331163325111792, 0.873496659242762, -0.00792730842347473, 20, 18, 0.485996
0.331163325111792, 0.876614699331849, -0.00792711727659719, 20, 18, 0.474494
0.331163325111792, 0.879732739420936, -0.00792692523846106, 20, 18, 0.466382
0.331163325111792, 0.882850779510022, -0.00792673231936184, 20, 18, 0.468169
0.331163325111792, 0.885968819599109, -0.00792653852977865, 20, 18, 0.457132
0.331163325111792, 0.889086859688196, -0.00792634388037681, 20, 18, 0.46982
0.331163325111792, 0.892204899777283, -0.00792614838199776, 20, 18, 0.459197
0.331163325111792, 0.89532293986637, -0.00792595204567443, 20, 18, 0.479288
0.331163325111792, 0.898440979955457, -0.00792575488262101, 20, 18, 0.458673
0.331163325111792, 0.901559020044544, -0.00792555690423551, 20, 18, 0.458704
0.331163325111792, 0.90467706013363, -0.00792535812209977, 20, 18, 0.466628
0.331163325111792, 0.907795100222717, -0.00792515854797943, 20, 18, 0.493222
0.331163325111792, 0.910913140311804, -0.00792495819382383, 20, 18, 0.471617
0.331163325111792, 0.914031180400891, -0.007924757071766, 20, 18, 0.459534
0.331163325111792, 0.917149220489978, -0.00792455519412249, 20, 18, 0.476216
0.331163325111792, 0.920267260579065, -0.00792435257339334, 20, 18, 0.471821
0.331163325111792, 0.923385300668152, -0.0079241491971562, 20, 17, 0.45441
0.331163325111792, 0.926503340757238, -0.0079239451301208, 20, 17, 0.480924
0.331163325111792, 0.929621380846325, -0.00792374035849325, 20, 17, 0.459537
0.331163325111792, 0.932739420935412, -0.0079235348955126, 20, 17, 0.467458
0.331163325111792, 0.935857461024499, -0.00792332875460011, 20, 17, 0.476602
0.331163325111792, 0.938975501113586, -0.00792312194935895, 20, 17, 0.444551
0.331163325111792, 0.942093541202673, -0.00792291449357403, 20, 17, 0.43753
0.331163325111792, 0.945211581291759, -0.00792270640121174, 20, 17, 0.44326
0.331163325111792, 0.948329621380847, -0.00792249768641969, 20, 17, 0.448672
0.331163325111792, 0.951447661469933, -0.00792228836352642, 20, 17, 0.443041
0.331163325111792, 0.95456570155902, -0.00792207844704115, 20, 17, 0.431232
0.331163325111792, 0.957683741648107, -0.00792186795165342, 20, 17, 0.431642
0.331163325111792, 0.960801781737194, -0.00792165689223276, 20, 17, 0.472208
0.331163325111792, 0.963919821826281, -0.00792144528382834, 20, 17, 0.434966
0.331163325111792, 0.967037861915368, -0.00792123314166861, 20, 17, 0.431232
0.331163325111792, 0.970155902004454, -0.00792102048116091, 20, 17, 0.451281
0.331163325111792, 0.973273942093541, -0.00792080731789103, 20, 17, 0.478561
0.331163325111792, 0.976391982182628, -0.00792059366762284, 20, 17, 0.43197
0.331163325111792, 0.979510022271715, -0.0079203795462978, 20, 17, 0.436488
0.331163325111792, 0.982628062360802, -0.00792016494417564, 20, 16, 0.415601
0.331163325111792, 0.985746102449889, -0.0079199499308547, 20, 16, 0.414329
0.331163325111792, 0.988864142538975, -0.00791973449526537, 20, 16, 0.455192
0.331163325111792, 0.991982182628063, -0.0079195186540607, 20, 16, 0.442057
0.331163325111792, 0.995100222717149, -0.00791930242406853, 20, 16, 0.417569
0.331163325111792, 0.998218262806236, -0.00791908582229095, 20, 16, 0.403659
0.331163325111792, 1.00133630289532, -0.0079188688659038, 20, 16, 0.407298
0.331163325111792, 1.00445434298441, -0.00791865157225608, 20, 16, 0.40365
0.331163325111792, 1.0075723830735, -0.00791843395886939, 20, 16, 0.403726
0.331163325111792, 1.01069042316258, -0.00791821604343733, 20, 16, 0.403634
0.331163325111792, 1.01380846325167, -0.00791799784382495, 20, 16, 0.433789
0.331163325111792, 1.01692650334076, -0.00791777937806805, 20, 16, 0.415016
0.331163325111792, 1.02004454342984, -0.00791756066437259, 20, 16, 0.407134
0.331163325111792, 1.02316258351893, -0.00791734172111403, 20, 16, 0.415502
0.331163325111792, 1.02628062360802, -0.00791712256683664, 20, 16, 0.408664
0.331163325111792, 1.0293986636971, -0.00791690322025287, 20, 16, 0.40797
0.331163325111792, 1.03251670378619, -0.00791668370024258, 20, 16, 0.403474
0.331163325111792, 1.03563474387528, -0.00791646402585535, 20, 16, 0.405481
0.331163325111792, 1.03875278396437, -0.0079162442162978, 20, 16, 0.409199
0.331163325111792, 1.04187082405345, -0.0079160242909508, 20, 16, 0.405668
0.331163325111792, 1.04498886414254, -0.00791580426935673, 20, 16, 0.40558
0.331163325111792, 1.04810690423163, -0.00791558417122166, 20, 16, 0.412806
0.331163325111792, 1.05122494432071, -0.00791536401641465, 20, 16, 0.423328
0.331163325111792, 1.0543429844098, -0.00791514380045572, 20, 15, 0.385465
0.331163325111792, 1.05746102449889, -0.00791492359397162, 20, 15, 0.403314
0.331163325111792, 1.06057906458797, -0.00791470339131117, 20, 15, 0.387008
0.331163325111792, 1.06369710467706, -0.00791448321299166, 20, 15, 0.417127
0.331163325111792, 1.06681514476615, -0.00791426307968898, 20, 15, 0.444665
0.331163325111792, 1.06993318485523, -0.00791404301223666, 20, 15, 0.412623
0.331163325111792, 1.07305122494432, -0.00791382303162509, 20, 15, 0.432488
0.331163325111792, 1.07616926503341, -0.00791360315900061, 20, 15, 0.377877
0.331163325111792, 1.07928730512249, -0.00791338341566461, 20, 15, 0.37794
0.331163325111792, 1.08240534521158, -0.00791316382307264, 20, 15, 0.37793
0.331163325111792, 1.08552338530067, -0.00791294440283346, 20, 15, 0.377956
0.331163325111792, 1.08864142538976, -0.0079127251767082, 20, 15, 0.377955
0.331163325111792, 1.09175946547884, -0.0079125061666093, 20, 15, 0.378031
0.331163325111792, 1.09487750556793, -0.00791228739459964, 20, 15, 0.37795
0.331163325111792, 1.09799554565702, -0.00791206888289154, 20, 15, 0.377957
0.331163325111792, 1.1011135857461, -0.0079118506538458, 20, 15, 0.377906
0.331163325111792, 1.10423162583519, -0.00791163272997068, 20, 15, 0.377911
0.331163325111792, 1.10734966592428, -0.00791141513392095, 20, 15, 0.377918
0.331163325111792, 1.11046770601336, -0.00791119788849685, 20, 15, 0.377947
0.331163325111792, 1.11358574610245, -0.00791098101664303, 20, 15, 0.377861
0.331163325111792, 1.11670378619154, -0.0079107645414476, 20, 15, 0.377912
0.331163325111792, 1.11982182628062, -0.00791054848614101, 20, 15, 0.37795
0.331163325111792, 1.12293986636971, -0.00791033287409503, 20, 15, 0.377884
0.331163325111792, 1.1260579064588, -0.00791011772882175, 20, 15, 0.377897
0.331163325111792, 1.12917594654788, -0.00790990307397236, 20, 15, 0.377866
0.331163325111792, 1.13229398663697, -0.00790968893333619, 20, 15, 0.377845
0.331163325111792, 1.13541202672606, -0.00790947530713092, 20, 14, 0.350296
0.331163325111792, 1.13853006681514, -0.00790926226811361, 20, 14, 0.350358
0.331163325111792, 1.14164810690423, -0.00790904981542643, 20, 14, 0.350388
0.331163325111792, 1.14476614699332, -0.00790883797340376, 20, 14, 0.350326
0.331163325111792, 1.14788418708241, -0.00790862676651232, 20, 14, 0.362347
0.331163325111792, 1.15100222717149, -0.00790841621935002, 20, 14, 0.350361
0.331163325111792, 1.15412026726058, -0.00790820635664489, 20, 14, 0.355343
0.331163325111792, 1.15723830734967, -0.00790799720325386, 20, 14, 0.351131
0.331163325111792, 1.16035634743875, -0.00790778878416166, 20, 14, 0.354706
0.331163325111792, 1.16347438752784, -0.00790758112447964, 20, 14, 0.353968
0.331163325111792, 1.16659242761693, -0.00790737424944458, 20, 14, 0.353275
0.331163325111792, 1.16971046770601, -0.00790716818441753, 20, 14, 0.360151
0.331163325111792, 1.1728285077951, -0.00790696295488263, 20, 14, 0.361275
0.331163325111792, 1.17594654788419, -0.0079067585864459, 20, 14, 0.355771
0.331163325111792, 1.17906458797327, -0.00790655510483404, 20, 14, 0.350263
0.331163325111792, 1.18218262806236, -0.00790635253589322, 20, 14, 0.350247
0.331163325111792, 1.18530066815145, -0.00790615090558787, 20, 14, 0.350227
0.331163325111792, 1.18841870824053, -0.00790595023999946, 20, 14, 0.350272
0.331163325111792, 1.19153674832962, -0.00790575056532526, 20, 14, 0.350289
0.331163325111792, 1.19465478841871, -0.00790555190787709, 20, 14, 0.350349
0.331163325111792, 1.1977728285078, -0.00790535429408012, 20, 14, 0.350302
0.331163325111792, 1.20089086859688, -0.00790515775047156, 20, 14, 0.352361
0.331163325111792, 1.20400890868597, -0.00790496230369947, 20, 14, 0.351575
0.331163325111792, 1.20712694877506, -0.00790476798052144, 20, 14, 0.350319
0.331163325111792, 1.21024498886414, -0.00790457480780335, 20, 14, 0.350313
0.331163325111792, 1.21336302895323, -0.00790438281251812, 20, 14, 0.350305
0.331163325111792, 1.21648106904232, -0.00790419202174439, 20, 14, 0.350286
0.331163325111792, 1.2195991091314, -0.00790400246266526, 20, 14, 0.35183
0.331163325111792, 1.22271714922049, -0.00790381416256698, 20, 14, 0.350237
0.331163325111792, 1.22583518930958, -0.00790362714883771, 20, 14, 0.350202
0.331163325111792, 1.22895322939866, -0.00790344142591684, 20, 13, 0.322612
0.331163325111792, 1.23207126948775, -0.00790325706864688, 20, 13, 0.322829
0.331163325111792, 1.23518930957684, -0.00790307408045076, 20, 13, 0.322907
0.331163325111792, 1.23830734966592, -0.007902892489114, 20, 13, 0.322689
0.331163325111792, 1.24142538975501, -0.00790271232252088, 20, 13, 0.324821
0.331163325111792, 1.2445434298441, -0.00790253360863876, 20, 13, 0.324774
0.331163325111792, 1.24766146993318, -0.00790235637553841, 20, 13, 0.324774
0.331163325111792, 1.25077951002227, -0.00790218065137825, 20, 13, 0.324823
0.331163325111792, 1.25389755011136, -0.00790200646440662, 20, 13, 0.324769
0.331163325111792, 1.25701559020045, -0.00790183384296047, 20, 13, 0.325214
0.331163325111792, 1.26013363028953, -0.00790166281546399, 20, 13, 0.324776
0.331163325111792, 1.26325167037862, -0.00790149341042736, 20, 13, 0.324766
0.331163325111792, 1.26636971046771, -0.00790132565644532, 20, 13, 0.324791
0.331163325111792, 1.26948775055679, -0.0079011595821959, 20, 13, 0.324766
0.331163325111792, 1.27260579064588, -0.00790099521643904, 20, 13, 0.324805
0.331163325111792, 1.27572383073497, -0.00790083258801529, 20, 13, 0.324759
0.331163325111792, 1.27884187082405, -0.00790067172584437, 20, 13, 0.324762
0.331163325111792, 1.28195991091314, -0.00790051265892395, 20, 13, 0.324772
0.331163325111792, 1.28507795100223, -0.0079003554163282, 20, 13, 0.32474
0.331163325111792, 1.28819599109131, -0.00790020002720645, 20, 13, 0.324732
0.331163325111792, 1.2913140311804, -0.00790004652078191, 20, 13, 0.324736
0.331163325111792, 1.29443207126949, -0.0078998949263502, 20, 13, 0.324731
0.331163325111792, 1.29755011135857, -0.00789974527327808, 20, 13, 0.32573
0.331163325111792, 1.30066815144766, -0.00789959759100208, 20, 13, 0.324744
0.331163325111792, 1.30378619153675, -0.00789945190902708, 20, 13, 0.324764
0.331163325111792, 1.30690423162584, -0.00789930825692503, 20, 13, 0.325248
0.331163325111792, 1.31002227171492, -0.0078991666643335, 20, 13, 0.328431
0.331163325111792, 1.31314031180401, -0.00789902716095442, 20, 13, 0.324711
0.331163325111792, 1.3162583518931, -0.00789888977655262, 20, 13, 0.324703
0.331163325111792, 1.31937639198218, -0.00789875454095454, 20, 13, 0.3247
0.331163325111792, 1.32249443207127, -0.0078986214840468, 20, 13, 0.324726
0.331163325111792, 1.32561247216036, -0.00789849063577491, 20, 13, 0.324728
0.331163325111792, 1.32873051224944, -0.00789836202614183, 20, 13, 0.324713
0.331163325111792, 1.33184855233853, -0.00789823568520665, 20, 13, 0.324648
0.331163325111792, 1.33496659242762, -0.00789811164308322, 20, 13, 0.324683
0.331163325111792, 1.3380846325167, -0.00789798992993878, 20, 13, 0.324695
0.331163325111792, 1.34120267260579, -0.00789787055449738, 20, 12, 0.297143
0.331163325111792, 1.34432071269488, -0.0078977535910168, 20, 12, 0.297154
0.331163325111792, 1.34743875278396, -0.00789763904727751, 20, 12, 0.297872
0.331163325111792, 1.35055679287305, -0.0078975269536488, 20, 12, 0.297139
0.331163325111792, 1.35367483296214, -0.00789741734054649, 20, 12, 0.297079
0.331163325111792, 1.35679287305122, -0.00789731023843149, 20, 12, 0.29711
0.331163325111792, 1.35991091314031, -0.00789720567780849, 20, 12, 0.29712
0.331163325111792, 1.3630289532294, -0.00789710368922463, 20, 12, 0.297101
0.331163325111792, 1.36614699331849, -0.0078970043032681, 20, 12, 0.319859
0.331163325111792, 1.36926503340757, -0.00789690755056683, 20, 12, 0.297185
0.331163325111792, 1.37238307349666, -0.0078968134617871, 20, 12, 0.297139
0.331163325111792, 1.37550111358575, -0.00789672206763223, 20, 12, 0.297149
0.331163325111792, 1.37861915367483, -0.00789663339884123, 20, 12, 0.297139
0.331163325111792, 1.38173719376392, -0.00789654748618742, 20, 12, 0.297126
0.331163325111792, 1.38485523385301, -0.00789646436047716, 20, 12, 0.309115
0.331163325111792, 1.38797327394209, -0.00789638405254842, 20, 12, 0.297166
0.331163325111792, 1.39109131403118, -0.00789630659326953, 20, 12, 0.297138
0.331163325111792, 1.39420935412027, -0.0078962320135378, 20, 12, 0.297123
0.331163325111792, 1.39732739420935, -0.00789616034427817, 20, 12, 0.297122
0.331163325111792, 1.40044543429844, -0.00789609161644194, 20, 12, 0.29712
0.331163325111792, 1.40356347438753, -0.00789602586100538, 20, 12, 0.297061
0.331163325111792, 1.40668151447661, -0.00789596310896846, 20, 12, 0.297084
0.331163325111792, 1.4097995545657, -0.00789590339135347, 20, 12, 0.297126
0.331163325111792, 1.41291759465479, -0.00789584673920377, 20, 12, 0.297111
0.331163325111792, 1.41603563474388, -0.00789579318358242, 20, 12, 0.297063
0.331163325111792, 1.41915367483296, -0.00789574275557089, 20, 12, 0.29708
0.331163325111792, 1.42227171492205, -0.00789569548626775, 20, 12, 0.297135
0.331163325111792, 1.42538975501114, -0.00789565140678737, 20, 12, 0.297097
0.331163325111792, 1.42850779510022, -0.0078956105482586, 20, 12, 0.297184
0.331163325111792, 1.43162583518931, -0.00789557294182348, 20, 12, 0.297095
0.331163325111792, 1.4347438752784, -0.00789553861863598, 20, 12, 0.297112
0.331163325111792, 1.43786191536748, -0.00789550760986064, 20, 12, 0.297094
0.331163325111792, 1.44097995545657, -0.00789547994667134, 20, 12, 0.297138
0.331163325111792, 1.44409799554566, -0.00789545566024998, 20, 12, 0.297094
0.331163325111792, 1.44721603563474, -0.00789543478178526, 20, 12, 0.297141
0.331163325111792, 1.45033407572383, -0.0078954173424713, 20, 12, 0.297097
0.331163325111792, 1.45345211581292, -0.0078954033735065, 20, 12, 0.297137
0.331163325111792, 1.456570155902, -0.00789539290609214, 20, 12, 0.297117
0.331163325111792, 1.45968819599109, -0.00789538597143125, 20, 12, 0.297043
0.331163325111792, 1.46280623608018, -0.00789538260072723, 20, 12, 0.297071
0.331163325111792, 1.46592427616927, -0.00789538282518267, 20, 12, 0.29706
0.331163325111792, 1.46904231625835, -0.00789538667599809, 20, 12, 0.297051
0.331163325111792, 1.47216035634744, -0.00789539418437069, 20, 12, 0.297104
0.331163325111792, 1.47527839643653, -0.00789540536170412, 20, 11, 0.269511
0.331163325111792, 1.47839643652561, -0.00789542027960695, 20, 11, 0.269482
0.331163325111792, 1.4815144766147, -0.00789543894859038, 20, 11, 0.269477
0.331163325111792, 1.48463251670379, -0.00789546139982748, 20, 11, 0.269488
0.331163325111792, 1.48775055679287, -0.00789548766448184, 20, 11, 0.269518
0.331163325111792, 1.49086859688196, -0.00789551777370623, 20, 11, 0.269581
0.331163325111792, 1.49398663697105, -0.00789555175864155, 20, 11, 0.269653
0.331163325111792, 1.49710467706013, -0.00789558965041548, 20, 11, 0.269507
0.331163325111792, 1.50022271714922, -0.0078956314801414, 20, 11, 0.269512
0.331163325111792, 1.50334075723831, -0.00789567727891712, 20, 11, 0.26946
0.331163325111792, 1.50645879732739, -0.00789572707782373, 20, 11, 0.269497
0.331163325111792, 1.50957683741648, -0.00789578090792442, 20, 11, 0.269546
0.331163325111792, 1.51269487750557, -0.00789583880026328, 20, 11, 0.270554
0.331163325111792, 1.51581291759465, -0.00789590078586418, 20, 11, 0.2695
0.331163325111792, 1.51893095768374, -0.00789596689572955, 20, 11, 0.269534
0.331163325111792, 1.52204899777283, -0.00789603716083926, 20, 11, 0.269486
0.331163325111792, 1.52516703786192, -0.00789611161214945, 20, 11, 0.269456
0.331163325111792, 1.528285077951, -0.00789619028059138, 20, 11, 0.269472
0.331163325111792, 1.53140311804009, -0.00789627319707029, 20, 11, 0.269474
0.331163325111792, 1.53452115812918, -0.00789636039246432, 20, 11, 0.269442
0.331163325111792, 1.53763919821826, -0.00789645189762327, 20, 11, 0.269454
0.331163325111792, 1.54075723830735, -0.00789654774336758, 20, 11, 0.269437
0.331163325111792, 1.54387527839644, -0.00789664796048716, 20, 11, 0.269462
0.331163325111792, 1.54699331848552, -0.00789675257974029, 20, 11, 0.269466
0.331163325111792, 1.55011135857461, -0.00789686163185252, 20, 11, 0.269487
0.331163325111792, 1.5532293986637, -0.00789697514752002, 20, 11, 0.271557
0.331163325111792, 1.55634743875278, -0.00789709315739064, 20, 11, 0.27155
0.331163325111792, 1.55946547884187, -0.00789721569208966, 20, 11, 0.295387
0.331163325111792, 1.56258351893096, -0.00789734278220077, 20, 11, 0.271646
0.331163325111792, 1.56570155902004, -0.00789747445826951, 20, 11, 0.271571
0.331163325111792, 1.56881959910913, -0.00789761075080218, 20, 11, 0.271582
0.331163325111792, 1.57193763919822, -0.00789775169026479, 20, 11, 0.271528
0.331163325111792, 1.57505567928731, -0.007897897307082, 20, 11, 0.272458
0.331163325111792, 1.57817371937639, -0.00789804763163611, 20, 11, 0.27149
0.331163325111792, 1.58129175946548, -0.00789820269426594, 20, 11, 0.275753
0.331163325111792, 1.58440979955457, -0.00789836252526588, 20, 11, 0.276304
0.331163325111792, 1.58752783964365, -0.00789852715488482, 20, 11, 0.271984
0.331163325111792, 1.59064587973274, -0.00789869661332511, 20, 11, 0.271525
0.331163325111792, 1.59376391982183, -0.0078988709307416, 20, 11, 0.271512
0.331163325111792, 1.59688195991091, -0.0078990501372406, 20, 11, 0.271578
0.331163325111792, 1.6, -0.00789923426287886, 20, 11, 0.271323
# finished at Wed Apr 30 02:07:46 CEST 2014
