# starting on alcc60 at Wed Apr 30 02:38:15 CEST 2014
# casimir, -T, 0.200000,1.600000,450, -Q, 0.373746126942763, -p, 1e-08, -L, 20
# Compiler icc, using long double and plain matrix elements and plain integration
# precision=1e-08
# lfac=5
# cores=1
# L=0.373746
# T=0.2...1.6 (450)
#
# R/(L+R), T, F, lmax, nmax, time
0.373746126942763, 0.2, -0.0121663616424929, 20, 79, 2.18881
0.373746126942763, 0.203118040089087, -0.0121663549166538, 20, 78, 2.15145
0.373746126942763, 0.206236080178174, -0.0121663478805512, 20, 77, 2.13345
0.373746126942763, 0.209354120267261, -0.0121663405253302, 20, 76, 2.09944
0.373746126942763, 0.212472160356347, -0.0121663328420527, 20, 75, 2.05278
0.373746126942763, 0.215590200445434, -0.0121663248215373, 20, 74, 2.0196
0.373746126942763, 0.218708240534521, -0.0121663164546123, 20, 73, 1.98963
0.373746126942763, 0.221826280623608, -0.0121663077319524, 20, 72, 1.99123
0.373746126942763, 0.224944320712695, -0.0121662986441232, 20, 71, 1.96106
0.373746126942763, 0.228062360801782, -0.0121662891816269, 20, 70, 1.93352
0.373746126942763, 0.231180400890869, -0.0121662793347282, 20, 69, 1.89736
0.373746126942763, 0.234298440979955, -0.0121662690937192, 20, 68, 1.86191
0.373746126942763, 0.237416481069042, -0.0121662584487437, 20, 67, 1.82288
0.373746126942763, 0.240534521158129, -0.01216624738984, 20, 66, 1.79514
0.373746126942763, 0.243652561247216, -0.0121662359069877, 20, 65, 1.76896
0.373746126942763, 0.246770601336303, -0.0121662240175573, 20, 65, 1.79929
0.373746126942763, 0.24988864142539, -0.0121662116581884, 20, 64, 1.74656
0.373746126942763, 0.253006681514477, -0.0121661988443695, 20, 63, 1.73364
0.373746126942763, 0.256124721603563, -0.0121661855656486, 20, 62, 1.71558
0.373746126942763, 0.25924276169265, -0.0121661718397647, 20, 62, 1.71671
0.373746126942763, 0.262360801781737, -0.012166157602506, 20, 61, 1.66653
0.373746126942763, 0.265478841870824, -0.0121661428688072, 20, 60, 1.7552
0.373746126942763, 0.268596881959911, -0.0121661276278761, 20, 59, 1.68527
0.373746126942763, 0.271714922048998, -0.0121661119004833, 20, 59, 1.65046
0.373746126942763, 0.274832962138085, -0.0121660956163624, 20, 58, 1.6668
0.373746126942763, 0.277951002227172, -0.0121660788217711, 20, 58, 1.6626
0.373746126942763, 0.281069042316258, -0.0121660614513132, 20, 57, 1.70599
0.373746126942763, 0.284187082405345, -0.0121660435193966, 20, 56, 1.6348
0.373746126942763, 0.287305122494432, -0.0121660250463187, 20, 56, 1.66817
0.373746126942763, 0.290423162583519, -0.012166005962314, 20, 55, 1.57462
0.373746126942763, 0.293541202672606, -0.0121659863137514, 20, 55, 1.49301
0.373746126942763, 0.296659242761693, -0.0121659660333498, 20, 54, 1.46395
0.373746126942763, 0.29977728285078, -0.0121659451353579, 20, 53, 1.43617
0.373746126942763, 0.302895322939866, -0.0121659236436003, 20, 53, 1.45551
0.373746126942763, 0.306013363028953, -0.0121659014817421, 20, 52, 1.42146
0.373746126942763, 0.30913140311804, -0.0121658787033742, 20, 52, 1.41064
0.373746126942763, 0.312249443207127, -0.0121658552322341, 20, 51, 1.38109
0.373746126942763, 0.315367483296214, -0.0121658311220275, 20, 51, 1.38976
0.373746126942763, 0.318485523385301, -0.0121658062958264, 20, 50, 1.49617
0.373746126942763, 0.321603563474388, -0.0121657808083983, 20, 50, 1.44883
0.373746126942763, 0.324721603563474, -0.0121657545810152, 20, 49, 1.35015
0.373746126942763, 0.327839643652561, -0.012165727670631, 20, 49, 1.39203
0.373746126942763, 0.330957683741648, -0.0121657000286483, 20, 49, 1.35985
0.373746126942763, 0.334075723830735, -0.0121656716163016, 20, 48, 1.41242
0.373746126942763, 0.337193763919822, -0.0121656424821927, 20, 48, 1.30314
0.373746126942763, 0.340311804008909, -0.0121656125525431, 20, 47, 1.281
0.373746126942763, 0.343429844097996, -0.0121655818799897, 20, 47, 1.3137
0.373746126942763, 0.346547884187082, -0.0121655503858355, 20, 46, 1.34096
0.373746126942763, 0.349665924276169, -0.0121655181283802, 20, 46, 1.25687
0.373746126942763, 0.352783964365256, -0.0121654850581302, 20, 46, 1.25413
0.373746126942763, 0.355902004454343, -0.0121654511335452, 20, 45, 1.24409
0.373746126942763, 0.35902004454343, -0.0121654164082781, 20, 45, 1.22792
0.373746126942763, 0.362138084632517, -0.0121653808012837, 20, 44, 1.22408
0.373746126942763, 0.365256124721604, -0.0121653443743257, 20, 44, 1.2332
0.373746126942763, 0.36837416481069, -0.0121653070760364, 20, 44, 1.28223
0.373746126942763, 0.371492204899777, -0.0121652688618089, 20, 43, 1.17792
0.373746126942763, 0.374610244988864, -0.0121652297914857, 20, 43, 1.20607
0.373746126942763, 0.377728285077951, -0.0121651898148409, 20, 43, 1.20189
0.373746126942763, 0.380846325167038, -0.0121651488871505, 20, 42, 1.14241
0.373746126942763, 0.383964365256125, -0.0121651070680827, 20, 42, 1.16264
0.373746126942763, 0.387082405345212, -0.0121650643075387, 20, 42, 1.18242
0.373746126942763, 0.390200445434298, -0.0121650205602417, 20, 41, 1.10653
0.373746126942763, 0.393318485523385, -0.0121649758871942, 20, 41, 1.10604
0.373746126942763, 0.396436525612472, -0.012164930237642, 20, 41, 1.10793
0.373746126942763, 0.399554565701559, -0.0121648835648253, 20, 40, 1.08355
0.373746126942763, 0.402672605790646, -0.0121648359329092, 20, 40, 1.07864
0.373746126942763, 0.405790645879733, -0.0121647872895785, 20, 40, 1.07873
0.373746126942763, 0.40890868596882, -0.0121647376234912, 20, 40, 1.07851
0.373746126942763, 0.412026726057906, -0.0121646868905739, 20, 39, 1.05083
0.373746126942763, 0.415144766146993, -0.012164635149307, 20, 39, 1.056
0.373746126942763, 0.41826280623608, -0.0121645823506379, 20, 39, 1.05174
0.373746126942763, 0.421380846325167, -0.0121645284473944, 20, 38, 1.02182
0.373746126942763, 0.424498886414254, -0.0121644735049297, 20, 38, 1.0255
0.373746126942763, 0.427616926503341, -0.0121644174706036, 20, 38, 1.02533
0.373746126942763, 0.430734966592428, -0.0121643603333536, 20, 38, 1.02688
0.373746126942763, 0.433853006681514, -0.0121643020468768, 20, 37, 0.996943
0.373746126942763, 0.436971046770601, -0.0121642426748959, 20, 37, 0.996988
0.373746126942763, 0.440089086859688, -0.0121641821660844, 20, 37, 0.995951
0.373746126942763, 0.443207126948775, -0.0121641205094578, 20, 37, 0.997794
0.373746126942763, 0.446325167037862, -0.0121640576585537, 20, 36, 0.968344
0.373746126942763, 0.449443207126949, -0.0121639936778775, 20, 36, 0.970499
0.373746126942763, 0.452561247216036, -0.012163928516063, 20, 36, 0.968736
0.373746126942763, 0.455679287305123, -0.0121638621623313, 20, 36, 0.969071
0.373746126942763, 0.458797327394209, -0.0121637945689968, 20, 35, 0.940992
0.373746126942763, 0.461915367483296, -0.0121637258037357, 20, 35, 0.940853
0.373746126942763, 0.465033407572383, -0.0121636558139289, 20, 35, 0.947595
0.373746126942763, 0.46815144766147, -0.0121635845890461, 20, 35, 0.942981
0.373746126942763, 0.471269487750557, -0.0121635121186066, 20, 35, 0.940928
0.373746126942763, 0.474387527839644, -0.0121634383572331, 20, 34, 0.912555
0.373746126942763, 0.477505567928731, -0.0121633633685885, 20, 34, 0.913357
0.373746126942763, 0.480623608017817, -0.012163287102803, 20, 34, 0.913206
0.373746126942763, 0.483741648106904, -0.012163209549792, 20, 34, 0.916513
0.373746126942763, 0.486859688195991, -0.012163130660457, 20, 33, 0.887159
0.373746126942763, 0.489977728285078, -0.0121630505068882, 20, 33, 0.886022
0.373746126942763, 0.493095768374165, -0.0121629690353547, 20, 33, 0.886068
0.373746126942763, 0.496213808463252, -0.0121628862360191, 20, 33, 0.888544
0.373746126942763, 0.499331848552339, -0.012162802099118, 20, 33, 0.887805
0.373746126942763, 0.502449888641425, -0.012162716575527, 20, 32, 0.858665
0.373746126942763, 0.505567928730512, -0.0121626297389221, 20, 32, 0.859632
0.373746126942763, 0.508685968819599, -0.012162541535459, 20, 32, 0.859193
0.373746126942763, 0.511804008908686, -0.0121624519557661, 20, 32, 0.858478
0.373746126942763, 0.514922048997773, -0.0121623609905594, 20, 32, 0.858483
0.373746126942763, 0.51804008908686, -0.0121622686306463, 20, 32, 0.861593
0.373746126942763, 0.521158129175947, -0.012162174829792, 20, 31, 0.831619
0.373746126942763, 0.524276169265034, -0.0121620796572956, 20, 31, 0.831316
0.373746126942763, 0.52739420935412, -0.0121619830626676, 20, 31, 0.859682
0.373746126942763, 0.530512249443207, -0.0121618850371646, 20, 31, 0.852872
0.373746126942763, 0.533630289532294, -0.0121617855721475, 20, 31, 0.842948
0.373746126942763, 0.536748329621381, -0.0121616846590842, 20, 31, 0.890172
0.373746126942763, 0.539866369710468, -0.0121615822529597, 20, 30, 0.815232
0.373746126942763, 0.542984409799555, -0.0121614784224984, 20, 30, 0.804968
0.373746126942763, 0.546102449888642, -0.0121613731186718, 20, 30, 0.82486
0.373746126942763, 0.549220489977728, -0.0121612663334533, 20, 30, 0.819624
0.373746126942763, 0.552338530066815, -0.0121611580589351, 20, 30, 0.803478
0.373746126942763, 0.555456570155902, -0.012161048287332, 20, 30, 0.815066
0.373746126942763, 0.558574610244989, -0.0121609369732479, 20, 29, 0.85787
0.373746126942763, 0.561692650334076, -0.0121608241884619, 20, 29, 0.795391
0.373746126942763, 0.564810690423163, -0.0121607098837222, 20, 29, 0.791739
0.373746126942763, 0.567928730512249, -0.0121605940515815, 20, 29, 0.865932
0.373746126942763, 0.571046770601336, -0.0121604766850587, 20, 29, 0.859989
0.373746126942763, 0.574164810690423, -0.0121603577771977, 20, 29, 0.840857
0.373746126942763, 0.57728285077951, -0.0121602372804544, 20, 28, 0.752228
0.373746126942763, 0.580400890868597, -0.0121601152736157, 20, 28, 0.748541
0.373746126942763, 0.583518930957684, -0.0121599917050263, 20, 28, 0.798047
0.373746126942763, 0.586636971046771, -0.0121598665683434, 20, 28, 0.751664
0.373746126942763, 0.589755011135857, -0.012159739857371, 20, 28, 0.804544
0.373746126942763, 0.592873051224944, -0.0121596115660624, 20, 28, 0.791822
0.373746126942763, 0.595991091314031, -0.0121594816885239, 20, 28, 0.76605
0.373746126942763, 0.599109131403118, -0.0121593501773784, 20, 27, 0.721848
0.373746126942763, 0.602227171492205, -0.0121592171142779, 20, 27, 0.751148
0.373746126942763, 0.605345211581292, -0.0121590824478328, 20, 27, 0.722938
0.373746126942763, 0.608463251670379, -0.0121589461728214, 20, 27, 0.721935
0.373746126942763, 0.611581291759466, -0.012158808284184, 20, 27, 0.720757
0.373746126942763, 0.614699331848552, -0.0121586687770259, 20, 27, 0.720721
0.373746126942763, 0.617817371937639, -0.0121585276466197, 20, 27, 0.720668
0.373746126942763, 0.620935412026726, -0.0121583848884083, 20, 27, 0.720692
0.373746126942763, 0.624053452115813, -0.0121582404572295, 20, 26, 0.787279
0.373746126942763, 0.6271714922049, -0.0121580944341668, 20, 26, 0.693094
0.373746126942763, 0.630289532293987, -0.0121579467703302, 20, 26, 0.693258
0.373746126942763, 0.633407572383074, -0.012157797461898, 20, 26, 0.693192
0.373746126942763, 0.63652561247216, -0.0121576465052276, 20, 26, 0.696817
0.373746126942763, 0.639643652561247, -0.0121574938968576, 20, 26, 0.694046
0.373746126942763, 0.642761692650334, -0.0121573396335107, 20, 26, 0.693138
0.373746126942763, 0.645879732739421, -0.0121571837120955, 20, 26, 0.693615
0.373746126942763, 0.648997772828508, -0.0121570260872782, 20, 25, 0.667552
0.373746126942763, 0.652115812917595, -0.0121568668449556, 20, 25, 0.664358
0.373746126942763, 0.655233853006682, -0.0121567059361, 20, 25, 0.67139
0.373746126942763, 0.658351893095768, -0.0121565433584156, 20, 25, 0.664425
0.373746126942763, 0.661469933184855, -0.0121563791098011, 20, 25, 0.67028
0.373746126942763, 0.664587973273942, -0.0121562131883515, 20, 25, 0.665927
0.373746126942763, 0.667706013363029, -0.0121560455923606, 20, 25, 0.665645
0.373746126942763, 0.670824053452116, -0.012155876320323, 20, 25, 0.704888
0.373746126942763, 0.673942093541203, -0.0121557053709363, 20, 25, 0.711281
0.373746126942763, 0.67706013363029, -0.0121555327003024, 20, 24, 0.640097
0.373746126942763, 0.680178173719376, -0.0121553583967774, 20, 24, 0.638932
0.373746126942763, 0.683296213808463, -0.0121551824129237, 20, 24, 0.638553
0.373746126942763, 0.68641425389755, -0.0121550047482958, 20, 24, 0.639814
0.373746126942763, 0.689532293986637, -0.0121548254026583, 20, 24, 0.638441
0.373746126942763, 0.692650334075724, -0.0121546443759879, 20, 24, 0.649703
0.373746126942763, 0.695768374164811, -0.0121544616684754, 20, 24, 0.670323
0.373746126942763, 0.698886414253898, -0.0121542772805275, 20, 24, 0.696143
0.373746126942763, 0.702004454342984, -0.0121540912127684, 20, 24, 0.667553
0.373746126942763, 0.705122494432071, -0.0121539034660421, 20, 24, 0.643809
0.373746126942763, 0.708240534521158, -0.0121537139986936, 20, 23, 0.628536
0.373746126942763, 0.711358574610245, -0.0121535229009342, 20, 23, 0.61228
0.373746126942763, 0.714476614699332, -0.0121533301277887, 20, 23, 0.62279
0.373746126942763, 0.717594654788419, -0.0121531356810184, 20, 23, 0.611483
0.373746126942763, 0.720712694877506, -0.01215293956261, 20, 23, 0.611469
0.373746126942763, 0.723830734966592, -0.0121527417747776, 20, 23, 0.610812
0.373746126942763, 0.726948775055679, -0.0121525423199645, 20, 23, 0.650667
0.373746126942763, 0.730066815144766, -0.0121523412008441, 20, 23, 0.612462
0.373746126942763, 0.733184855233853, -0.0121521384203223, 20, 23, 0.630566
0.373746126942763, 0.73630289532294, -0.0121519339815382, 20, 23, 0.610883
0.373746126942763, 0.739420935412027, -0.012151727887866, 20, 23, 0.611315
0.373746126942763, 0.742538975501114, -0.0121515201006429, 20, 22, 0.585637
0.373746126942763, 0.7456570155902, -0.0121513107115682, 20, 22, 0.583266
0.373746126942763, 0.748775055679287, -0.0121510996788936, 20, 22, 0.583699
0.373746126942763, 0.751893095768374, -0.0121508870069669, 20, 22, 0.603749
0.373746126942763, 0.755011135857461, -0.0121506727003755, 20, 22, 0.584721
0.373746126942763, 0.758129175946548, -0.0121504567639482, 20, 22, 0.603745
0.373746126942763, 0.761247216035635, -0.0121502392027565, 20, 22, 0.58949
0.373746126942763, 0.764365256124722, -0.0121500200221155, 20, 22, 0.587458
0.373746126942763, 0.767483296213809, -0.0121497992275857, 20, 22, 0.59162
0.373746126942763, 0.770601336302895, -0.0121495768249735, 20, 22, 0.584284
0.373746126942763, 0.773719376391982, -0.0121493528203327, 20, 22, 0.58318
0.373746126942763, 0.776837416481069, -0.0121491272199655, 20, 22, 0.599785
0.373746126942763, 0.779955456570156, -0.0121488999883503, 20, 21, 0.588698
0.373746126942763, 0.783073496659243, -0.0121486712195812, 20, 21, 0.584093
0.373746126942763, 0.78619153674833, -0.0121484408752585, 20, 21, 0.625531
0.373746126942763, 0.789309576837417, -0.0121482089627055, 20, 21, 0.57936
0.373746126942763, 0.792427616926503, -0.0121479754894975, 20, 21, 0.559853
0.373746126942763, 0.79554565701559, -0.0121477404634627, 20, 21, 0.555459
0.373746126942763, 0.798663697104677, -0.0121475038926833, 20, 21, 0.555428
0.373746126942763, 0.801781737193764, -0.012147265785496, 20, 21, 0.555505
0.373746126942763, 0.804899777282851, -0.0121470261504935, 20, 21, 0.559155
0.373746126942763, 0.808017817371938, -0.0121467849965245, 20, 21, 0.555584
0.373746126942763, 0.811135857461025, -0.012146542332695, 20, 21, 0.555802
0.373746126942763, 0.814253897550111, -0.0121462981683692, 20, 21, 0.555468
0.373746126942763, 0.817371937639198, -0.0121460525131694, 20, 21, 0.555452
0.373746126942763, 0.820489977728285, -0.012145805334383, 20, 20, 0.529591
0.373746126942763, 0.823608017817372, -0.0121455567303798, 20, 20, 0.526262
0.373746126942763, 0.826726057906459, -0.0121453066657125, 20, 20, 0.526254
0.373746126942763, 0.829844097995546, -0.0121450551510599, 20, 20, 0.526272
0.373746126942763, 0.832962138084633, -0.0121448021973613, 20, 20, 0.538165
0.373746126942763, 0.836080178173719, -0.0121445478158169, 20, 20, 0.547321
0.373746126942763, 0.839198218262806, -0.0121442920178888, 20, 20, 0.526418
0.373746126942763, 0.842316258351893, -0.0121440348153011, 20, 20, 0.527543
0.373746126942763, 0.84543429844098, -0.0121437762200405, 20, 20, 0.546971
0.373746126942763, 0.848552338530067, -0.0121435162445225, 20, 20, 0.528317
0.373746126942763, 0.851670378619154, -0.0121432549009286, 20, 20, 0.530246
0.373746126942763, 0.854788418708241, -0.0121429922022017, 20, 20, 0.529983
0.373746126942763, 0.857906458797328, -0.012142728161383, 20, 20, 0.529927
0.373746126942763, 0.861024498886414, -0.0121424627917781, 20, 20, 0.529907
0.373746126942763, 0.864142538975501, -0.0121421961069572, 20, 20, 0.529851
0.373746126942763, 0.867260579064588, -0.0121419280794025, 20, 19, 0.504277
0.373746126942763, 0.870378619153675, -0.0121416588087282, 20, 19, 0.500671
0.373746126942763, 0.873496659242762, -0.0121413882649484, 20, 19, 0.505684
0.373746126942763, 0.876614699331849, -0.0121411164627068, 20, 19, 0.500896
0.373746126942763, 0.879732739420936, -0.0121408434169116, 20, 19, 0.500633
0.373746126942763, 0.882850779510022, -0.0121405691427361, 20, 19, 0.500633
0.373746126942763, 0.885968819599109, -0.0121402936556179, 20, 19, 0.500699
0.373746126942763, 0.889086859688196, -0.0121400169712601, 20, 19, 0.500866
0.373746126942763, 0.892204899777283, -0.0121397391056304, 20, 19, 0.50063
0.373746126942763, 0.89532293986637, -0.0121394600749615, 20, 19, 0.500564
0.373746126942763, 0.898440979955457, -0.012139179895751, 20, 19, 0.500573
0.373746126942763, 0.901559020044544, -0.0121388985847614, 20, 19, 0.500625
0.373746126942763, 0.90467706013363, -0.0121386161590198, 20, 19, 0.500901
0.373746126942763, 0.907795100222717, -0.012138332635818, 20, 19, 0.500708
0.373746126942763, 0.910913140311804, -0.0121380480327123, 20, 19, 0.500549
0.373746126942763, 0.914031180400891, -0.0121377623675231, 20, 19, 0.500526
0.373746126942763, 0.917149220489978, -0.0121374756162487, 20, 18, 0.472993
0.373746126942763, 0.920267260579065, -0.0121371878841228, 20, 18, 0.472986
0.373746126942763, 0.923385300668152, -0.0121368991447837, 20, 18, 0.473074
0.373746126942763, 0.926503340757238, -0.0121366094171174, 20, 18, 0.47327
0.373746126942763, 0.929621380846325, -0.0121363187202723, 20, 18, 0.473065
0.373746126942763, 0.932739420935412, -0.0121360270736584, 20, 18, 0.472991
0.373746126942763, 0.935857461024499, -0.0121357344969473, 20, 18, 0.473317
0.373746126942763, 0.938975501113586, -0.0121354410100718, 20, 18, 0.473053
0.373746126942763, 0.942093541202673, -0.0121351466332252, 20, 18, 0.473174
0.373746126942763, 0.945211581291759, -0.012134851386861, 20, 18, 0.473194
0.373746126942763, 0.948329621380847, -0.0121345552916926, 20, 18, 0.473031
0.373746126942763, 0.951447661469933, -0.0121342583686927, 20, 18, 0.473043
0.373746126942763, 0.95456570155902, -0.0121339606390926, 20, 18, 0.473027
0.373746126942763, 0.957683741648107, -0.0121336621243819, 20, 18, 0.472995
0.373746126942763, 0.960801781737194, -0.0121333628463077, 20, 18, 0.473013
0.373746126942763, 0.963919821826281, -0.0121330628268744, 20, 18, 0.473094
0.373746126942763, 0.967037861915368, -0.0121327620883424, 20, 18, 0.473243
0.373746126942763, 0.970155902004454, -0.0121324606532281, 20, 18, 0.473319
0.373746126942763, 0.973273942093541, -0.0121321585016542, 20, 17, 0.443718
0.373746126942763, 0.976391982182628, -0.0121318557445447, 20, 17, 0.443713
0.373746126942763, 0.979510022271715, -0.0121315523597707, 20, 17, 0.443796
0.373746126942763, 0.982628062360802, -0.0121312483708737, 20, 17, 0.443716
0.373746126942763, 0.985746102449889, -0.0121309438016466, 20, 17, 0.443711
0.373746126942763, 0.988864142538975, -0.0121306386761332, 20, 17, 0.443712
0.373746126942763, 0.991982182628063, -0.0121303330186269, 20, 17, 0.445455
0.373746126942763, 0.995100222717149, -0.0121300268536702, 20, 17, 0.445381
0.373746126942763, 0.998218262806236, -0.012129720206054, 20, 17, 0.445386
0.373746126942763, 1.00133630289532, -0.012129413100816, 20, 17, 0.445425
0.373746126942763, 1.00445434298441, -0.0121291055632408, 20, 17, 0.445508
0.373746126942763, 1.0075723830735, -0.0121287976188581, 20, 17, 0.445639
0.373746126942763, 1.01069042316258, -0.0121284892934421, 20, 17, 0.445404
0.373746126942763, 1.01380846325167, -0.0121281806130107, 20, 17, 0.445376
0.373746126942763, 1.01692650334076, -0.0121278716038242, 20, 17, 0.445369
0.373746126942763, 1.02004454342984, -0.0121275622923844, 20, 17, 0.445466
0.373746126942763, 1.02316258351893, -0.0121272527054334, 20, 17, 0.445549
0.373746126942763, 1.02628062360802, -0.012126942869953, 20, 17, 0.445415
0.373746126942763, 1.0293986636971, -0.012126632813163, 20, 17, 0.445391
0.373746126942763, 1.03251670378619, -0.0121263225625203, 20, 17, 0.445407
0.373746126942763, 1.03563474387528, -0.0121260121457182, 20, 17, 0.445375
0.373746126942763, 1.03875278396437, -0.0121257015492014, 20, 16, 0.41611
0.373746126942763, 1.04187082405345, -0.0121253908864842, 20, 16, 0.416409
0.373746126942763, 1.04498886414254, -0.0121250801419543, 20, 16, 0.416096
0.373746126942763, 1.04810690423163, -0.0121247693442448, 20, 16, 0.416189
0.373746126942763, 1.05122494432071, -0.0121244585222186, 20, 16, 0.416381
0.373746126942763, 1.0543429844098, -0.012124147704967, 20, 16, 0.416131
0.373746126942763, 1.05746102449889, -0.0121238369218081, 20, 16, 0.416071
0.373746126942763, 1.06057906458797, -0.0121235262022862, 20, 16, 0.416185
0.373746126942763, 1.06369710467706, -0.01212321557617, 20, 16, 0.416087
0.373746126942763, 1.06681514476615, -0.0121229050734513, 20, 16, 0.41606
0.373746126942763, 1.06993318485523, -0.0121225947243441, 20, 16, 0.416165
0.373746126942763, 1.07305122494432, -0.0121222845592827, 20, 16, 0.416137
0.373746126942763, 1.07616926503341, -0.0121219746089208, 20, 16, 0.416118
0.373746126942763, 1.07928730512249, -0.0121216649041297, 20, 16, 0.416416
0.373746126942763, 1.08240534521158, -0.0121213554759973, 20, 16, 0.417834
0.373746126942763, 1.08552338530067, -0.0121210463558262, 20, 16, 0.417816
0.373746126942763, 1.08864142538976, -0.0121207375751329, 20, 16, 0.417797
0.373746126942763, 1.09175946547884, -0.0121204291656457, 20, 16, 0.417844
0.373746126942763, 1.09487750556793, -0.0121201211593035, 20, 16, 0.418083
0.373746126942763, 1.09799554565702, -0.0121198135882547, 20, 16, 0.417794
0.373746126942763, 1.1011135857461, -0.0121195064848548, 20, 16, 0.417808
0.373746126942763, 1.10423162583519, -0.0121191998816657, 20, 16, 0.417932
0.373746126942763, 1.10734966592428, -0.0121188938114539, 20, 16, 0.417951
0.373746126942763, 1.11046770601336, -0.0121185883071888, 20, 16, 0.417767
0.373746126942763, 1.11358574610245, -0.012118283361982, 20, 15, 0.388527
0.373746126942763, 1.11670378619154, -0.0121179790914879, 20, 15, 0.388831
0.373746126942763, 1.11982182628062, -0.0121176754869343, 20, 15, 0.388512
0.373746126942763, 1.12293986636971, -0.0121173725820934, 20, 15, 0.388511
0.373746126942763, 1.1260579064588, -0.0121170704109317, 20, 15, 0.388519
0.373746126942763, 1.12917594654788, -0.0121167690078302, 20, 15, 0.390571
0.373746126942763, 1.13229398663697, -0.0121164684066974, 20, 15, 0.390548
0.373746126942763, 1.13541202672606, -0.0121161686422958, 20, 15, 0.390534
0.373746126942763, 1.13853006681514, -0.0121158697493549, 20, 15, 0.390979
0.373746126942763, 1.14164810690423, -0.0121155717627902, 20, 15, 0.390779
0.373746126942763, 1.14476614699332, -0.0121152747177024, 20, 15, 0.395404
0.373746126942763, 1.14788418708241, -0.0121149786493752, 20, 15, 0.39055
0.373746126942763, 1.15100222717149, -0.0121146835932736, 20, 15, 0.394184
0.373746126942763, 1.15412026726058, -0.0121143895850424, 20, 15, 0.39816
0.373746126942763, 1.15723830734967, -0.0121140966605044, 20, 15, 0.429081
0.373746126942763, 1.16035634743875, -0.0121138048556587, 20, 15, 0.411041
0.373746126942763, 1.16347438752784, -0.0121135142066787, 20, 15, 0.398317
0.373746126942763, 1.16659242761693, -0.0121132247499105, 20, 15, 0.394706
0.373746126942763, 1.16971046770601, -0.0121129365218715, 20, 15, 0.394169
0.373746126942763, 1.1728285077951, -0.0121126495592477, 20, 15, 0.390941
0.373746126942763, 1.17594654788419, -0.0121123638988931, 20, 15, 0.394249
0.373746126942763, 1.17906458797327, -0.0121120795778268, 20, 15, 0.390559
0.373746126942763, 1.18218262806236, -0.0121117966332319, 20, 15, 0.391036
0.373746126942763, 1.18530066815145, -0.0121115151024533, 20, 15, 0.390654
0.373746126942763, 1.18841870824053, -0.0121112350229963, 20, 15, 0.392572
0.373746126942763, 1.19153674832962, -0.0121109564325241, 20, 15, 0.39231
0.373746126942763, 1.19465478841871, -0.0121106793688567, 20, 15, 0.396344
0.373746126942763, 1.1977728285078, -0.0121104038302393, 20, 14, 0.363451
0.373746126942763, 1.20089086859688, -0.0121101299362659, 20, 14, 0.363504
0.373746126942763, 1.20400890868597, -0.0121098576833757, 20, 14, 0.394414
0.373746126942763, 1.20712694877506, -0.0121095871100009, 20, 14, 0.366645
0.373746126942763, 1.21024498886414, -0.0121093182547206, 20, 14, 0.367347
0.373746126942763, 1.21336302895323, -0.0121090511562589, 20, 14, 0.363835
0.373746126942763, 1.21648106904232, -0.0121087858534828, 20, 14, 0.363414
0.373746126942763, 1.2195991091314, -0.0121085223854009, 20, 14, 0.377791
0.373746126942763, 1.22271714922049, -0.0121082607911609, 20, 14, 0.365407
0.373746126942763, 1.22583518930958, -0.012108001110048, 20, 14, 0.362991
0.373746126942763, 1.22895322939866, -0.0121077433814831, 20, 14, 0.362976
0.373746126942763, 1.23207126948775, -0.0121074876450205, 20, 14, 0.362938
0.373746126942763, 1.23518930957684, -0.0121072339403464, 20, 14, 0.363119
0.373746126942763, 1.23830734966592, -0.0121069823072769, 20, 14, 0.363104
0.373746126942763, 1.24142538975501, -0.0121067327857557, 20, 14, 0.362968
0.373746126942763, 1.2445434298441, -0.0121064854158528, 20, 14, 0.362933
0.373746126942763, 1.24766146993318, -0.0121062402377621, 20, 14, 0.362893
0.373746126942763, 1.25077951002227, -0.0121059972917995, 20, 14, 0.362921
0.373746126942763, 1.25389755011136, -0.0121057566184012, 20, 14, 0.362918
0.373746126942763, 1.25701559020045, -0.0121055182581217, 20, 14, 0.36297
0.373746126942763, 1.26013363028953, -0.0121052822516317, 20, 14, 0.362979
0.373746126942763, 1.26325167037862, -0.0121050486397161, 20, 14, 0.362982
0.373746126942763, 1.26636971046771, -0.0121048174632725, 20, 14, 0.362975
0.373746126942763, 1.26948775055679, -0.0121045887633087, 20, 14, 0.362999
0.373746126942763, 1.27260579064588, -0.0121043625809411, 20, 14, 0.36304
0.373746126942763, 1.27572383073497, -0.0121041389573927, 20, 14, 0.363225
0.373746126942763, 1.27884187082405, -0.0121039179339908, 20, 14, 0.3632
0.373746126942763, 1.28195991091314, -0.0121036995521656, 20, 14, 0.363004
0.373746126942763, 1.28507795100223, -0.0121034838534479, 20, 14, 0.362979
0.373746126942763, 1.28819599109131, -0.0121032708794672, 20, 14, 0.362961
0.373746126942763, 1.2913140311804, -0.0121030606719497, 20, 14, 0.36293
0.373746126942763, 1.29443207126949, -0.0121028532727164, 20, 14, 0.362864
0.373746126942763, 1.29755011135857, -0.0121026486856597, 20, 13, 0.333571
0.373746126942763, 1.30066815144766, -0.0121024470306157, 20, 13, 0.333573
0.373746126942763, 1.30378619153675, -0.0121022483097841, 20, 13, 0.333713
0.373746126942763, 1.30690423162584, -0.0121020525653493, 20, 13, 0.333696
0.373746126942763, 1.31002227171492, -0.0121018598395805, 20, 13, 0.333712
0.373746126942763, 1.31314031180401, -0.0121016701748299, 20, 13, 0.333725
0.373746126942763, 1.3162583518931, -0.0121014836135303, 20, 13, 0.333683
0.373746126942763, 1.31937639198218, -0.0121013001981938, 20, 13, 0.333684
0.373746126942763, 1.32249443207127, -0.0121011199714091, 20, 13, 0.335461
0.373746126942763, 1.32561247216036, -0.0121009429758402, 20, 13, 0.335429
0.373746126942763, 1.32873051224944, -0.0121007692542241, 20, 13, 0.335388
0.373746126942763, 1.33184855233853, -0.012100598849369, 20, 13, 0.335386
0.373746126942763, 1.33496659242762, -0.0121004318041522, 20, 13, 0.335387
0.373746126942763, 1.3380846325167, -0.0121002681615184, 20, 13, 0.33533
0.373746126942763, 1.34120267260579, -0.0121001079644775, 20, 13, 0.335334
0.373746126942763, 1.34432071269488, -0.0120999512561029, 20, 13, 0.335363
0.373746126942763, 1.34743875278396, -0.0120997980795292, 20, 13, 0.335457
0.373746126942763, 1.35055679287305, -0.0120996484779509, 20, 13, 0.335357
0.373746126942763, 1.35367483296214, -0.0120995024946198, 20, 13, 0.33531
0.373746126942763, 1.35679287305122, -0.0120993601728434, 20, 13, 0.335304
0.373746126942763, 1.35991091314031, -0.012099221555983, 20, 13, 0.335312
0.373746126942763, 1.3630289532294, -0.0120990866874516, 20, 13, 0.335339
0.373746126942763, 1.36614699331849, -0.0120989556107123, 20, 13, 0.335314
0.373746126942763, 1.36926503340757, -0.012098828369276, 20, 13, 0.33534
0.373746126942763, 1.37238307349666, -0.0120987050066997, 20, 13, 0.335333
0.373746126942763, 1.37550111358575, -0.0120985855665847, 20, 13, 0.335346
0.373746126942763, 1.37861915367483, -0.0120984700925743, 20, 13, 0.335319
0.373746126942763, 1.38173719376392, -0.0120983586283525, 20, 13, 0.33536
0.373746126942763, 1.38485523385301, -0.0120982512176415, 20, 13, 0.335332
0.373746126942763, 1.38797327394209, -0.0120981479042002, 20, 13, 0.335368
0.373746126942763, 1.39109131403118, -0.0120980487318223, 20, 13, 0.335368
0.373746126942763, 1.39420935412027, -0.0120979537443342, 20, 13, 0.335318
0.373746126942763, 1.39732739420935, -0.0120978629855933, 20, 13, 0.335338
0.373746126942763, 1.40044543429844, -0.012097776499486, 20, 13, 0.335352
0.373746126942763, 1.40356347438753, -0.012097694329926, 20, 13, 0.335328
0.373746126942763, 1.40668151447661, -0.0120976165208525, 20, 13, 0.348321
0.373746126942763, 1.4097995545657, -0.012097543116228, 20, 13, 0.335406
0.373746126942763, 1.41291759465479, -0.0120974741600367, 20, 13, 0.335335
0.373746126942763, 1.41603563474388, -0.0120974096607503, 20, 12, 0.306075
0.373746126942763, 1.41915367483296, -0.0120973497350021, 20, 12, 0.306062
0.373746126942763, 1.42227171492205, -0.0120972943896844, 20, 12, 0.306381
0.373746126942763, 1.42538975501114, -0.0120972436688527, 20, 12, 0.306084
0.373746126942763, 1.42850779510022, -0.0120971976165749, 20, 12, 0.306086
0.373746126942763, 1.43162583518931, -0.0120971562769295, 20, 12, 0.306097
0.373746126942763, 1.4347438752784, -0.0120971196940037, 20, 12, 0.306046
0.373746126942763, 1.43786191536748, -0.012097087911892, 20, 12, 0.306047
0.373746126942763, 1.44097995545657, -0.0120970609746938, 20, 12, 0.306104
0.373746126942763, 1.44409799554566, -0.0120970389265122, 20, 12, 0.306101
0.373746126942763, 1.44721603563474, -0.0120970218114518, 20, 12, 0.306144
0.373746126942763, 1.45033407572383, -0.0120970096736171, 20, 12, 0.306111
0.373746126942763, 1.45345211581292, -0.0120970025571111, 20, 12, 0.306038
0.373746126942763, 1.456570155902, -0.0120970005060327, 20, 12, 0.306032
0.373746126942763, 1.45968819599109, -0.012097003564476, 20, 12, 0.306081
0.373746126942763, 1.46280623608018, -0.0120970117765276, 20, 12, 0.306019
0.373746126942763, 1.46592427616927, -0.0120970251862655, 20, 12, 0.306029
0.373746126942763, 1.46904231625835, -0.0120970438377573, 20, 12, 0.306013
0.373746126942763, 1.47216035634744, -0.0120970677750581, 20, 12, 0.306764
0.373746126942763, 1.47527839643653, -0.0120970970422094, 20, 12, 0.307086
0.373746126942763, 1.47839643652561, -0.0120971316832368, 20, 12, 0.306053
0.373746126942763, 1.4815144766147, -0.0120971717421487, 20, 12, 0.306023
0.373746126942763, 1.48463251670379, -0.0120972172629346, 20, 12, 0.306061
0.373746126942763, 1.48775055679287, -0.0120972682895633, 20, 12, 0.307837
0.373746126942763, 1.49086859688196, -0.0120973248659811, 20, 12, 0.307815
0.373746126942763, 1.49398663697105, -0.0120973870361105, 20, 12, 0.307802
0.373746126942763, 1.49710467706013, -0.0120974548438483, 20, 12, 0.307818
0.373746126942763, 1.50022271714922, -0.0120975283330642, 20, 12, 0.3078
0.373746126942763, 1.50334075723831, -0.0120976075475989, 20, 12, 0.307791
0.373746126942763, 1.50645879732739, -0.0120976925312624, 20, 12, 0.307801
0.373746126942763, 1.50957683741648, -0.0120977833278329, 20, 12, 0.307809
0.373746126942763, 1.51269487750557, -0.0120978799810547, 20, 12, 0.307832
0.373746126942763, 1.51581291759465, -0.0120979825346368, 20, 12, 0.307815
0.373746126942763, 1.51893095768374, -0.0120980910322513, 20, 12, 0.308494
0.373746126942763, 1.52204899777283, -0.0120982055175318, 20, 12, 0.307814
0.373746126942763, 1.52516703786192, -0.0120983260340719, 20, 12, 0.307856
0.373746126942763, 1.528285077951, -0.0120984526254235, 20, 12, 0.307796
0.373746126942763, 1.53140311804009, -0.0120985853350955, 20, 12, 0.307777
0.373746126942763, 1.53452115812918, -0.012098724206552, 20, 12, 0.307765
0.373746126942763, 1.53763919821826, -0.0120988692832108, 20, 12, 0.307782
0.373746126942763, 1.54075723830735, -0.0120990206084422, 20, 12, 0.307798
0.373746126942763, 1.54387527839644, -0.0120991782255669, 20, 12, 0.307782
0.373746126942763, 1.54699331848552, -0.0120993421778552, 20, 12, 0.307796
0.373746126942763, 1.55011135857461, -0.0120995125085249, 20, 12, 0.307838
0.373746126942763, 1.5532293986637, -0.0120996892607401, 20, 12, 0.307828
0.373746126942763, 1.55634743875278, -0.0120998724776098, 20, 12, 0.307841
0.373746126942763, 1.55946547884187, -0.0121000621702055, 20, 11, 0.278569
0.373746126942763, 1.56258351893096, -0.0121002584467617, 20, 11, 0.278537
0.373746126942763, 1.56570155902004, -0.0121004613169024, 20, 11, 0.278506
0.373746126942763, 1.56881959910913, -0.0121006708235032, 20, 11, 0.278522
0.373746126942763, 1.57193763919822, -0.0121008870093772, 20, 11, 0.278524
0.373746126942763, 1.57505567928731, -0.0121011099172737, 20, 11, 0.27855
0.373746126942763, 1.57817371937639, -0.0121013395898764, 20, 11, 0.278527
0.373746126942763, 1.58129175946548, -0.0121015760698025, 20, 11, 0.27855
0.373746126942763, 1.58440979955457, -0.0121018193996013, 20, 11, 0.27852
0.373746126942763, 1.58752783964365, -0.0121020696217521, 20, 11, 0.279322
0.373746126942763, 1.59064587973274, -0.012102326778664, 20, 11, 0.278503
0.373746126942763, 1.59376391982183, -0.0121025909126734, 20, 11, 0.278476
0.373746126942763, 1.59688195991091, -0.0121028620660436, 20, 11, 0.278486
0.373746126942763, 1.6, -0.0121031402809627, 20, 11, 0.278365
# finished at Wed Apr 30 02:43:14 CEST 2014
