# starting on alcc54 at Wed Apr 30 05:50:48 CEST 2014
# casimir, -T, 0.200000,1.600000,450, -Q, 0.797552133568364, -p, 1e-08, -L, 23
# Compiler icc, using long double and plain matrix elements and plain integration
# precision=1e-08
# lfac=5
# cores=1
# L=0.797552
# T=0.2...1.6 (450)
#
# R/(L+R), T, F, lmax, nmax, time
0.797552133568364, 0.2, -0.640770461248602, 23, 226, 13.5121
0.797552133568364, 0.203118040089087, -0.64077040671946, 23, 222, 13.2179
0.797552133568364, 0.206236080178174, -0.640770350365454, 23, 219, 12.7308
0.797552133568364, 0.209354120267261, -0.640770291423284, 23, 216, 12.7705
0.797552133568364, 0.212472160356347, -0.640770229096907, 23, 212, 12.7324
0.797552133568364, 0.215590200445434, -0.640770164776904, 23, 209, 12.1805
0.797552133568364, 0.218708240534521, -0.640770097663838, 23, 206, 12.0199
0.797552133568364, 0.221826280623608, -0.640770027704152, 23, 203, 12.1612
0.797552133568364, 0.224944320712695, -0.64076995560084, 23, 201, 11.8001
0.797552133568364, 0.228062360801782, -0.640769879707521, 23, 198, 11.3961
0.797552133568364, 0.231180400890869, -0.640769800733035, 23, 195, 11.4227
0.797552133568364, 0.234298440979955, -0.640769719461641, 23, 193, 11.4786
0.797552133568364, 0.237416481069042, -0.640769634137653, 23, 190, 11.023
0.797552133568364, 0.240534521158129, -0.640769546367776, 23, 188, 10.7827
0.797552133568364, 0.243652561247216, -0.640769454393248, 23, 185, 10.9053
0.797552133568364, 0.246770601336303, -0.640769359876571, 23, 183, 10.8536
0.797552133568364, 0.24988864142539, -0.640769261841005, 23, 181, 10.5017
0.797552133568364, 0.253006681514477, -0.640769160234883, 23, 179, 10.2586
0.797552133568364, 0.256124721603563, -0.640769054096901, 23, 176, 10.3496
0.797552133568364, 0.25924276169265, -0.640768945153528, 23, 174, 10.3423
0.797552133568364, 0.262360801781737, -0.640768832396778, 23, 172, 9.99822
0.797552133568364, 0.265478841870824, -0.64076871577185, 23, 170, 9.75526
0.797552133568364, 0.268596881959911, -0.64076859520301, 23, 168, 9.7678
0.797552133568364, 0.271714922048998, -0.64076847061362, 23, 166, 9.90466
0.797552133568364, 0.274832962138085, -0.640768342903928, 23, 165, 9.6542
0.797552133568364, 0.277951002227172, -0.640768210068478, 23, 163, 9.38464
0.797552133568364, 0.281069042316258, -0.640768072982937, 23, 161, 9.2206
0.797552133568364, 0.284187082405345, -0.640767931567437, 23, 159, 9.44163
0.797552133568364, 0.287305122494432, -0.640767785741175, 23, 157, 9.32016
0.797552133568364, 0.290423162583519, -0.640767636479443, 23, 156, 9.05551
0.797552133568364, 0.293541202672606, -0.640767481641308, 23, 154, 8.84256
0.797552133568364, 0.296659242761693, -0.640767323176422, 23, 153, 8.83665
0.797552133568364, 0.29977728285078, -0.640767159016713, 23, 151, 8.96996
0.797552133568364, 0.302895322939866, -0.640766990045279, 23, 149, 8.78478
0.797552133568364, 0.306013363028953, -0.640766817280176, 23, 148, 8.55826
0.797552133568364, 0.30913140311804, -0.640766638511236, 23, 146, 8.36035
0.797552133568364, 0.312249443207127, -0.640766455839655, 23, 145, 8.36688
0.797552133568364, 0.315367483296214, -0.640766268041138, 23, 144, 8.59249
0.797552133568364, 0.318485523385301, -0.640766074025419, 23, 142, 8.41083
0.797552133568364, 0.321603563474388, -0.640765875843533, 23, 141, 8.1481
0.797552133568364, 0.324721603563474, -0.640765671234602, 23, 139, 7.97276
0.797552133568364, 0.327839643652561, -0.640765462363968, 23, 138, 7.90668
0.797552133568364, 0.330957683741648, -0.64076524801669, 23, 137, 8.14121
0.797552133568364, 0.334075723830735, -0.640765028144866, 23, 136, 8.09856
0.797552133568364, 0.337193763919822, -0.640764801501578, 23, 134, 7.78949
0.797552133568364, 0.340311804008909, -0.640764570306487, 23, 133, 7.65531
0.797552133568364, 0.343429844097996, -0.640764333335946, 23, 132, 7.5339
0.797552133568364, 0.346547884187082, -0.640764090516005, 23, 131, 7.6363
0.797552133568364, 0.349665924276169, -0.640763841772704, 23, 130, 7.76057
0.797552133568364, 0.352783964365256, -0.640763587032108, 23, 129, 7.59376
0.797552133568364, 0.355902004454343, -0.64076332504408, 23, 127, 7.35992
0.797552133568364, 0.35902004454343, -0.640763058122601, 23, 126, 7.2255
0.797552133568364, 0.362138084632517, -0.640762784951962, 23, 125, 7.13943
0.797552133568364, 0.365256124721604, -0.640762505486441, 23, 124, 7.28304
0.797552133568364, 0.36837416481069, -0.640762219652784, 23, 123, 7.37741
0.797552133568364, 0.371492204899777, -0.640761927377944, 23, 122, 7.21529
0.797552133568364, 0.374610244988864, -0.640761628589091, 23, 121, 7.19191
0.797552133568364, 0.377728285077951, -0.640761323213641, 23, 120, 6.91343
0.797552133568364, 0.380846325167038, -0.640761011179274, 23, 119, 6.82218
0.797552133568364, 0.383964365256125, -0.640760692413965, 23, 118, 6.76739
0.797552133568364, 0.387082405345212, -0.640760366876002, 23, 117, 6.61634
0.797552133568364, 0.390200445434298, -0.640760034433928, 23, 116, 6.56376
0.797552133568364, 0.393318485523385, -0.640759695046628, 23, 115, 6.57043
0.797552133568364, 0.396436525612472, -0.640759349956657, 23, 115, 6.48929
0.797552133568364, 0.399554565701559, -0.640758996501241, 23, 114, 6.42074
0.797552133568364, 0.402672605790646, -0.640758635893602, 23, 113, 6.36204
0.797552133568364, 0.405790645879733, -0.640758268064297, 23, 112, 6.30843
0.797552133568364, 0.40890868596882, -0.640757892944264, 23, 111, 6.2482
0.797552133568364, 0.412026726057906, -0.640757510464812, 23, 110, 6.19008
0.797552133568364, 0.415144766146993, -0.640757120557639, 23, 109, 6.13388
0.797552133568364, 0.41826280623608, -0.64075672455257, 23, 109, 6.13244
0.797552133568364, 0.421380846325167, -0.640756319646312, 23, 108, 6.07661
0.797552133568364, 0.424498886414254, -0.640755907148669, 23, 107, 6.0431
0.797552133568364, 0.427616926503341, -0.640755486927768, 23, 106, 5.96959
0.797552133568364, 0.430734966592428, -0.640755060358054, 23, 106, 5.96431
0.797552133568364, 0.433853006681514, -0.640754624631659, 23, 105, 5.90824
0.797552133568364, 0.436971046770601, -0.640754181025512, 23, 104, 5.85029
0.797552133568364, 0.440089086859688, -0.640753729475381, 23, 103, 5.79368
0.797552133568364, 0.443207126948775, -0.640753271377656, 23, 103, 5.79227
0.797552133568364, 0.446325167037862, -0.640752803837315, 23, 102, 5.73633
0.797552133568364, 0.449443207126949, -0.640752328171567, 23, 101, 5.68409
0.797552133568364, 0.452561247216036, -0.640751845779899, 23, 101, 5.6803
0.797552133568364, 0.455679287305123, -0.640751353776084, 23, 100, 5.62384
0.797552133568364, 0.458797327394209, -0.64075085347188, 23, 99, 5.5665
0.797552133568364, 0.461915367483296, -0.640750344806914, 23, 98, 5.51023
0.797552133568364, 0.465033407572383, -0.640749829352251, 23, 98, 5.51041
0.797552133568364, 0.46815144766147, -0.640749303908096, 23, 97, 5.4543
0.797552133568364, 0.471269487750557, -0.640748771467562, 23, 97, 5.45929
0.797552133568364, 0.474387527839644, -0.640748229034314, 23, 96, 5.39653
0.797552133568364, 0.477505567928731, -0.640747677971001, 23, 95, 5.34268
0.797552133568364, 0.480623608017817, -0.640747119822724, 23, 95, 5.33894
0.797552133568364, 0.483741648106904, -0.640746551468886, 23, 94, 5.2834
0.797552133568364, 0.486859688195991, -0.640745975889028, 23, 94, 5.28138
0.797552133568364, 0.489977728285078, -0.640745390053889, 23, 93, 5.22614
0.797552133568364, 0.493095768374165, -0.640744795340646, 23, 92, 5.16996
0.797552133568364, 0.496213808463252, -0.640744193365138, 23, 92, 5.16881
0.797552133568364, 0.499331848552339, -0.640743580898341, 23, 91, 5.11317
0.797552133568364, 0.502449888641425, -0.640742961057965, 23, 91, 5.11086
0.797552133568364, 0.505567928730512, -0.6407423306675, 23, 90, 5.05518
0.797552133568364, 0.508685968819599, -0.640741692804542, 23, 90, 5.05532
0.797552133568364, 0.511804008908686, -0.640741044329091, 23, 89, 4.99801
0.797552133568364, 0.514922048997773, -0.64074038829449, 23, 89, 4.99779
0.797552133568364, 0.51804008908686, -0.640739721621836, 23, 88, 4.94281
0.797552133568364, 0.521158129175947, -0.640739045649481, 23, 87, 4.88529
0.797552133568364, 0.524276169265034, -0.640738362182595, 23, 87, 4.88555
0.797552133568364, 0.52739420935412, -0.640737667758518, 23, 86, 4.82925
0.797552133568364, 0.530512249443207, -0.640736965787094, 23, 86, 4.82777
0.797552133568364, 0.533630289532294, -0.640736252782053, 23, 85, 4.7723
0.797552133568364, 0.536748329621381, -0.640735532190431, 23, 85, 4.77154
0.797552133568364, 0.539866369710468, -0.640734800484919, 23, 84, 4.7152
0.797552133568364, 0.542984409799555, -0.640734061167573, 23, 84, 4.71514
0.797552133568364, 0.546102449888642, -0.640733312365832, 23, 84, 4.71486
0.797552133568364, 0.549220489977728, -0.640732552513827, 23, 83, 4.65773
0.797552133568364, 0.552338530066815, -0.640731784846727, 23, 83, 4.65697
0.797552133568364, 0.555456570155902, -0.640731006045312, 23, 82, 4.60172
0.797552133568364, 0.558574610244989, -0.640730219433597, 23, 82, 4.60111
0.797552133568364, 0.561692650334076, -0.640729421599395, 23, 81, 4.54359
0.797552133568364, 0.564810690423163, -0.640728615974977, 23, 81, 4.54389
0.797552133568364, 0.567928730512249, -0.640727799035095, 23, 80, 4.48803
0.797552133568364, 0.571046770601336, -0.640726974341359, 23, 80, 4.48678
0.797552133568364, 0.574164810690423, -0.640726140011675, 23, 80, 4.48684
0.797552133568364, 0.57728285077951, -0.640725294425558, 23, 79, 4.43071
0.797552133568364, 0.580400890868597, -0.640724441006031, 23, 79, 4.43163
0.797552133568364, 0.583518930957684, -0.640723576188144, 23, 78, 4.3739
0.797552133568364, 0.586636971046771, -0.640722703561482, 23, 78, 4.37493
0.797552133568364, 0.589755011135857, -0.640721819477494, 23, 77, 4.31864
0.797552133568364, 0.592873051224944, -0.640720927673866, 23, 77, 4.3178
0.797552133568364, 0.595991091314031, -0.640720026194694, 23, 77, 4.31777
0.797552133568364, 0.599109131403118, -0.640719113317582, 23, 76, 4.26117
0.797552133568364, 0.602227171492205, -0.640718192658842, 23, 76, 4.2607
0.797552133568364, 0.605345211581292, -0.640717262333844, 23, 76, 4.26069
0.797552133568364, 0.608463251670379, -0.640716320669227, 23, 75, 4.2042
0.797552133568364, 0.611581291759466, -0.640715371190176, 23, 75, 4.20361
0.797552133568364, 0.614699331848552, -0.640714410261279, 23, 74, 4.14825
0.797552133568364, 0.617817371937639, -0.640713441664268, 23, 74, 4.14629
0.797552133568364, 0.620935412026726, -0.640712463442059, 23, 74, 4.14614
0.797552133568364, 0.624053452115813, -0.640711473829526, 23, 73, 4.09094
0.797552133568364, 0.6271714922049, -0.640710476563535, 23, 73, 4.09076
0.797552133568364, 0.630289532293987, -0.640709469718774, 23, 73, 4.08984
0.797552133568364, 0.633407572383074, -0.640708451544145, 23, 72, 4.03239
0.797552133568364, 0.63652561247216, -0.640707425759703, 23, 72, 4.03326
0.797552133568364, 0.639643652561247, -0.640706390457422, 23, 72, 4.03249
0.797552133568364, 0.642761692650334, -0.640705343887219, 23, 71, 3.97722
0.797552133568364, 0.645879732739421, -0.64070428977989, 23, 71, 3.97586
0.797552133568364, 0.648997772828508, -0.640703226230486, 23, 71, 3.97488
0.797552133568364, 0.652115812917595, -0.640702151476765, 23, 70, 3.92024
0.797552133568364, 0.655233853006682, -0.640701069288028, 23, 70, 3.92021
0.797552133568364, 0.658351893095768, -0.64069997774807, 23, 70, 3.91934
0.797552133568364, 0.661469933184855, -0.640698875068968, 23, 69, 3.86239
0.797552133568364, 0.664587973273942, -0.640697765138492, 23, 69, 3.86408
0.797552133568364, 0.667706013363029, -0.640696645911548, 23, 69, 3.86306
0.797552133568364, 0.670824053452116, -0.640695515611718, 23, 68, 3.80675
0.797552133568364, 0.673942093541203, -0.640694378172134, 23, 68, 3.80689
0.797552133568364, 0.67706013363029, -0.640693231609313, 23, 68, 3.80593
0.797552133568364, 0.680178173719376, -0.640692074040112, 23, 67, 3.75016
0.797552133568364, 0.683296213808463, -0.640690909526536, 23, 67, 3.749
0.797552133568364, 0.68641425389755, -0.640689736027246, 23, 67, 3.75034
0.797552133568364, 0.689532293986637, -0.640688551587081, 23, 66, 3.69372
0.797552133568364, 0.692650334075724, -0.640687360431813, 23, 66, 3.69313
0.797552133568364, 0.695768374164811, -0.640686160444276, 23, 66, 3.69256
0.797552133568364, 0.698886414253898, -0.640684951683409, 23, 66, 3.69311
0.797552133568364, 0.702004454342984, -0.640683732263156, 23, 65, 3.63671
0.797552133568364, 0.705122494432071, -0.640682506284869, 23, 65, 3.63646
0.797552133568364, 0.708240534521158, -0.640681271708177, 23, 65, 3.63516
0.797552133568364, 0.711358574610245, -0.640680026541678, 23, 64, 3.5797
0.797552133568364, 0.714476614699332, -0.640678775119869, 23, 64, 3.57927
0.797552133568364, 0.717594654788419, -0.640677515290761, 23, 64, 3.57924
0.797552133568364, 0.720712694877506, -0.640676247125779, 23, 64, 3.57983
0.797552133568364, 0.723830734966592, -0.640674968667058, 23, 63, 3.5218
0.797552133568364, 0.726948775055679, -0.640673684199077, 23, 63, 3.52207
0.797552133568364, 0.730066815144766, -0.640672391608127, 23, 63, 3.52234
0.797552133568364, 0.733184855233853, -0.640671090972767, 23, 63, 3.52182
0.797552133568364, 0.73630289532294, -0.640669780348523, 23, 62, 3.46598
0.797552133568364, 0.739420935412027, -0.640668464011881, 23, 62, 3.46577
0.797552133568364, 0.742538975501114, -0.640667139865641, 23, 62, 3.46544
0.797552133568364, 0.7456570155902, -0.640665807995543, 23, 62, 3.46396
0.797552133568364, 0.748775055679287, -0.640664466450508, 23, 61, 3.40946
0.797552133568364, 0.751893095768374, -0.640663119540623, 23, 61, 3.40882
0.797552133568364, 0.755011135857461, -0.640661765163638, 23, 61, 3.40788
0.797552133568364, 0.758129175946548, -0.640660403412531, 23, 61, 3.40933
0.797552133568364, 0.761247216035635, -0.640659032309118, 23, 60, 3.35074
0.797552133568364, 0.764365256124722, -0.640657656239537, 23, 60, 3.3516
0.797552133568364, 0.767483296213809, -0.640656273074502, 23, 60, 3.35115
0.797552133568364, 0.770601336302895, -0.640654882914236, 23, 60, 3.35087
0.797552133568364, 0.773719376391982, -0.640653483791995, 23, 59, 3.29656
0.797552133568364, 0.776837416481069, -0.64065208009435, 23, 59, 3.29691
0.797552133568364, 0.779955456570156, -0.640650669701976, 23, 59, 3.29484
0.797552133568364, 0.783073496659243, -0.640649252722347, 23, 59, 3.29522
0.797552133568364, 0.78619153674833, -0.640647827056735, 23, 58, 3.23962
0.797552133568364, 0.789309576837417, -0.640646397380285, 23, 58, 3.23806
0.797552133568364, 0.792427616926503, -0.640644961438765, 23, 58, 3.23977
0.797552133568364, 0.79554565701559, -0.640643519346865, 23, 58, 3.23843
0.797552133568364, 0.798663697104677, -0.640642071220891, 23, 58, 3.23945
0.797552133568364, 0.801781737193764, -0.640640615019295, 23, 57, 3.1819
0.797552133568364, 0.804899777282851, -0.640639155323742, 23, 57, 3.18175
0.797552133568364, 0.808017817371938, -0.640637689943365, 23, 57, 3.18199
0.797552133568364, 0.811135857461025, -0.640636219001638, 23, 57, 3.18212
0.797552133568364, 0.814253897550111, -0.640634742623645, 23, 57, 3.18143
0.797552133568364, 0.817371937639198, -0.640633258797676, 23, 56, 3.12666
0.797552133568364, 0.820489977728285, -0.640631772068246, 23, 56, 3.12566
0.797552133568364, 0.823608017817372, -0.640630280278499, 23, 56, 3.12483
0.797552133568364, 0.826726057906459, -0.640628783560611, 23, 56, 3.12515
0.797552133568364, 0.829844097995546, -0.64062727975781, 23, 55, 3.06824
0.797552133568364, 0.832962138084633, -0.64062577373321, 23, 55, 3.06935
0.797552133568364, 0.836080178173719, -0.640624263177234, 23, 55, 3.06816
0.797552133568364, 0.839198218262806, -0.640622748229064, 23, 55, 3.06917
0.797552133568364, 0.842316258351893, -0.640621229029458, 23, 55, 3.06826
0.797552133568364, 0.84543429844098, -0.640619703398592, 23, 54, 3.01309
0.797552133568364, 0.848552338530067, -0.640618176270748, 23, 54, 3.01169
0.797552133568364, 0.851670378619154, -0.640616645314036, 23, 54, 3.01122
0.797552133568364, 0.854788418708241, -0.640615110676099, 23, 54, 3.01148
0.797552133568364, 0.857906458797328, -0.640613572506118, 23, 54, 3.01072
0.797552133568364, 0.861024498886414, -0.64061203095482, 23, 54, 3.0109
0.797552133568364, 0.864142538975501, -0.640610483938208, 23, 53, 2.95568
0.797552133568364, 0.867260579064588, -0.640608936220829, 23, 53, 2.95425
0.797552133568364, 0.870378619153675, -0.640607385575096, 23, 53, 2.95533
0.797552133568364, 0.873496659242762, -0.640605832158443, 23, 53, 2.95358
0.797552133568364, 0.876614699331849, -0.640604276129821, 23, 53, 2.95462
0.797552133568364, 0.879732739420936, -0.64060271532289, 23, 52, 2.89742
0.797552133568364, 0.882850779510022, -0.640601154694315, 23, 52, 2.89815
0.797552133568364, 0.885968819599109, -0.64059959193112, 23, 52, 2.89722
0.797552133568364, 0.889086859688196, -0.640598027198795, 23, 52, 2.89817
0.797552133568364, 0.892204899777283, -0.640596460664283, 23, 52, 2.89756
0.797552133568364, 0.89532293986637, -0.640594892496008, 23, 52, 2.8968
0.797552133568364, 0.898440979955457, -0.64059332055858, 23, 51, 2.8409
0.797552133568364, 0.901559020044544, -0.640591749771121, 23, 51, 2.83973
0.797552133568364, 0.90467706013363, -0.640590177855789, 23, 51, 2.84094
0.797552133568364, 0.907795100222717, -0.640588604987317, 23, 51, 2.83954
0.797552133568364, 0.910913140311804, -0.640587031341858, 23, 51, 2.8406
0.797552133568364, 0.914031180400891, -0.64058545709698, 23, 51, 2.83959
0.797552133568364, 0.917149220489978, -0.640583880113591, 23, 50, 2.78473
0.797552133568364, 0.920267260579065, -0.640582305343593, 23, 50, 2.78434
0.797552133568364, 0.923385300668152, -0.640580730507448, 23, 50, 2.78413
0.797552133568364, 0.926503340757238, -0.640579155788794, 23, 50, 2.78296
0.797552133568364, 0.929621380846325, -0.640577581444719, 23, 50, 2.78418
0.797552133568364, 0.932739420935412, -0.640576007517452, 23, 50, 2.78391
0.797552133568364, 0.935857461024499, -0.640574431900962, 23, 49, 2.72802
0.797552133568364, 0.938975501113586, -0.640572859651348, 23, 49, 2.72842
0.797552133568364, 0.942093541202673, -0.640571288450011, 23, 49, 2.72723
0.797552133568364, 0.945211581291759, -0.640569718489125, 23, 49, 2.72852
0.797552133568364, 0.948329621380847, -0.640568149962157, 23, 49, 2.72754
0.797552133568364, 0.951447661469933, -0.640566583063868, 23, 49, 2.72852
0.797552133568364, 0.95456570155902, -0.64056501553969, 23, 48, 2.6714
0.797552133568364, 0.957683741648107, -0.640563452625733, 23, 48, 2.67165
0.797552133568364, 0.960801781737194, -0.640561891924752, 23, 48, 2.67019
0.797552133568364, 0.963919821826281, -0.640560333637045, 23, 48, 2.67118
0.797552133568364, 0.967037861915368, -0.640558777964144, 23, 48, 2.67006
0.797552133568364, 0.970155902004454, -0.640557225108806, 23, 48, 2.67109
0.797552133568364, 0.973273942093541, -0.640555675275017, 23, 48, 2.66986
0.797552133568364, 0.976391982182628, -0.640554126233108, 23, 47, 2.61457
0.797552133568364, 0.979510022271715, -0.640552583193098, 23, 47, 2.61497
0.797552133568364, 0.982628062360802, -0.640551043786478, 23, 47, 2.61398
0.797552133568364, 0.985746102449889, -0.640549508222423, 23, 47, 2.61544
0.797552133568364, 0.988864142538975, -0.640547976711275, 23, 47, 2.6127
0.797552133568364, 0.991982182628063, -0.640546449464518, 23, 47, 2.61373
0.797552133568364, 0.995100222717149, -0.640544926694773, 23, 47, 2.61282
0.797552133568364, 0.998218262806236, -0.640543406154383, 23, 46, 2.55742
0.797552133568364, 1.00133630289532, -0.640541893113627, 23, 46, 2.55717
0.797552133568364, 1.00445434298441, -0.640540385187397, 23, 46, 2.55713
0.797552133568364, 1.0075723830735, -0.640538882593174, 23, 46, 2.55711
0.797552133568364, 1.01069042316258, -0.640537385549504, 23, 46, 2.55643
0.797552133568364, 1.01380846325167, -0.640535894276007, 23, 46, 2.55816
0.797552133568364, 1.01692650334076, -0.640534408993361, 23, 46, 2.55678
0.797552133568364, 1.02004454342984, -0.64053292739155, 23, 45, 2.50147
0.797552133568364, 1.02316258351893, -0.640531454890279, 23, 45, 2.49961
0.797552133568364, 1.02628062360802, -0.640529989041117, 23, 45, 2.50008
0.797552133568364, 1.0293986636971, -0.640528530069249, 23, 45, 2.49996
0.797552133568364, 1.03251670378619, -0.640527078200837, 23, 45, 2.4998
0.797552133568364, 1.03563474387528, -0.640525633663031, 23, 45, 2.49951
0.797552133568364, 1.03875278396437, -0.640524196683954, 23, 45, 2.50027
0.797552133568364, 1.04187082405345, -0.640522767492679, 23, 45, 2.49934
0.797552133568364, 1.04498886414254, -0.640521343806288, 23, 44, 2.44483
0.797552133568364, 1.04810690423163, -0.640519931011304, 23, 44, 2.44333
0.797552133568364, 1.05122494432071, -0.640518526690386, 23, 44, 2.44425
0.797552133568364, 1.0543429844098, -0.640517131076711, 23, 44, 2.44302
0.797552133568364, 1.05746102449889, -0.640515744404343, 23, 44, 2.44398
0.797552133568364, 1.06057906458797, -0.640514366908237, 23, 44, 2.44482
0.797552133568364, 1.06369710467706, -0.640512998824224, 23, 44, 2.44717
0.797552133568364, 1.06681514476615, -0.640511637709737, 23, 43, 2.3875
0.797552133568364, 1.06993318485523, -0.640510289295978, 23, 43, 2.3981
0.797552133568364, 1.07305122494432, -0.640508951000163, 23, 43, 2.40914
0.797552133568364, 1.07616926503341, -0.640507623061864, 23, 43, 2.50878
0.797552133568364, 1.07928730512249, -0.64050630572146, 23, 43, 2.52267
0.797552133568364, 1.08240534521158, -0.640504999220128, 23, 43, 2.57386
0.797552133568364, 1.08552338530067, -0.640503703799834, 23, 43, 2.39187
0.797552133568364, 1.08864142538976, -0.640502419703327, 23, 43, 2.38754
0.797552133568364, 1.09175946547884, -0.640501147174116, 23, 43, 2.40055
0.797552133568364, 1.09487750556793, -0.640499883829269, 23, 42, 2.43666
0.797552133568364, 1.09799554565702, -0.640498635297729, 23, 42, 2.42543
0.797552133568364, 1.1011135857461, -0.640497399062178, 23, 42, 2.33037
0.797552133568364, 1.10423162583519, -0.640496175369412, 23, 42, 2.33047
0.797552133568364, 1.10734966592428, -0.640494964466928, 23, 42, 2.32958
0.797552133568364, 1.11046770601336, -0.640493766602925, 23, 42, 2.33038
0.797552133568364, 1.11358574610245, -0.640492582026268, 23, 42, 2.32992
0.797552133568364, 1.11670378619154, -0.64049141098651, 23, 42, 2.40495
0.797552133568364, 1.11982182628062, -0.64049025373386, 23, 42, 2.37148
0.797552133568364, 1.12293986636971, -0.640489107885121, 23, 41, 2.38674
0.797552133568364, 1.1260579064588, -0.640487979086756, 23, 41, 2.27557
0.797552133568364, 1.12917594654788, -0.640486864823913, 23, 41, 2.27472
0.797552133568364, 1.13229398663697, -0.64048576534964, 23, 41, 2.27561
0.797552133568364, 1.13541202672606, -0.640484680917585, 23, 41, 2.275
0.797552133568364, 1.13853006681514, -0.640483611781981, 23, 41, 2.38399
0.797552133568364, 1.14164810690423, -0.640482558197629, 23, 41, 2.27413
0.797552133568364, 1.14476614699332, -0.640481520419926, 23, 41, 2.27425
0.797552133568364, 1.14788418708241, -0.640480498704806, 23, 41, 2.27383
0.797552133568364, 1.15100222717149, -0.64047949060838, 23, 40, 2.2175
0.797552133568364, 1.15412026726058, -0.640478501915362, 23, 40, 2.21822
0.797552133568364, 1.15723830734967, -0.640477530050049, 23, 40, 2.21774
0.797552133568364, 1.16035634743875, -0.640476575360865, 23, 40, 2.21956
0.797552133568364, 1.16347438752784, -0.640475637926538, 23, 40, 2.21865
0.797552133568364, 1.16659242761693, -0.640474718096437, 23, 40, 2.21873
0.797552133568364, 1.16971046770601, -0.640473816130368, 23, 40, 2.21818
0.797552133568364, 1.1728285077951, -0.640472932288607, 23, 40, 2.27373
0.797552133568364, 1.17594654788419, -0.640472066831888, 23, 40, 2.32658
0.797552133568364, 1.17906458797327, -0.640471220021386, 23, 40, 2.34732
0.797552133568364, 1.18218262806236, -0.640470389417775, 23, 39, 2.20379
0.797552133568364, 1.18530066815145, -0.64046958080887, 23, 39, 2.15939
0.797552133568364, 1.18841870824053, -0.640468791626655, 23, 39, 2.15928
0.797552133568364, 1.19153674832962, -0.640468022134261, 23, 39, 2.15918
0.797552133568364, 1.19465478841871, -0.640467272595204, 23, 39, 2.16014
0.797552133568364, 1.1977728285078, -0.640466543273388, 23, 39, 2.16087
0.797552133568364, 1.20089086859688, -0.640465834433079, 23, 39, 2.16042
0.797552133568364, 1.20400890868597, -0.640465146338906, 23, 39, 2.16102
0.797552133568364, 1.20712694877506, -0.640464479255851, 23, 39, 2.31855
0.797552133568364, 1.21024498886414, -0.640463833449236, 23, 39, 2.30249
0.797552133568364, 1.21336302895323, -0.640463206415548, 23, 38, 2.24156
0.797552133568364, 1.21648106904232, -0.640462604082925, 23, 38, 2.23523
0.797552133568364, 1.2195991091314, -0.640462023819155, 23, 38, 2.16253
0.797552133568364, 1.22271714922049, -0.640461465891081, 23, 38, 2.2431
0.797552133568364, 1.22583518930958, -0.640460930565834, 23, 38, 2.27746
0.797552133568364, 1.22895322939866, -0.640460418110815, 23, 38, 2.25027
0.797552133568364, 1.23207126948775, -0.640459928793695, 23, 38, 2.25423
0.797552133568364, 1.23518930957684, -0.640459462882419, 23, 38, 2.24877
0.797552133568364, 1.23830734966592, -0.64045902064517, 23, 38, 2.25578
0.797552133568364, 1.24142538975501, -0.640458602350374, 23, 38, 2.24706
0.797552133568364, 1.2445434298441, -0.640458208266688, 23, 38, 2.28062
0.797552133568364, 1.24766146993318, -0.640457835879481, 23, 37, 2.16316
0.797552133568364, 1.25077951002227, -0.640457491146173, 23, 37, 2.1841
0.797552133568364, 1.25389755011136, -0.640457171426011, 23, 37, 2.14888
0.797552133568364, 1.25701559020045, -0.640456876988732, 23, 37, 2.15352
0.797552133568364, 1.26013363028953, -0.640456608104253, 23, 37, 2.1273
0.797552133568364, 1.26325167037862, -0.640456365042665, 23, 37, 2.04845
0.797552133568364, 1.26636971046771, -0.640456148074226, 23, 37, 2.0473
0.797552133568364, 1.26948775055679, -0.640455957469347, 23, 37, 2.04744
0.797552133568364, 1.27260579064588, -0.640455793498592, 23, 37, 2.04698
0.797552133568364, 1.27572383073497, -0.64045565643265, 23, 37, 2.04792
0.797552133568364, 1.27884187082405, -0.640455546542362, 23, 37, 2.04839
0.797552133568364, 1.28195991091314, -0.640455461223543, 23, 36, 1.99086
0.797552133568364, 1.28507795100223, -0.640455406619511, 23, 36, 1.99267
0.797552133568364, 1.28819599109131, -0.640455379999192, 23, 36, 1.99163
0.797552133568364, 1.2913140311804, -0.640455381634087, 23, 36, 1.98911
0.797552133568364, 1.29443207126949, -0.640455411795793, 23, 36, 1.99099
0.797552133568364, 1.29755011135857, -0.640455470755967, 23, 36, 1.98982
0.797552133568364, 1.30066815144766, -0.640455558786332, 23, 36, 1.99027
0.797552133568364, 1.30378619153675, -0.640455676158687, 23, 36, 1.98943
0.797552133568364, 1.30690423162584, -0.64045582314488, 23, 36, 1.9888
0.797552133568364, 1.31002227171492, -0.640456000016806, 23, 36, 1.99071
0.797552133568364, 1.31314031180401, -0.640456207046392, 23, 36, 1.98963
0.797552133568364, 1.3162583518931, -0.64045644450561, 23, 36, 1.98954
0.797552133568364, 1.31937639198218, -0.640456709740517, 23, 35, 1.93404
0.797552133568364, 1.32249443207127, -0.640457008995713, 23, 35, 1.93402
0.797552133568364, 1.32561247216036, -0.640457339491593, 23, 35, 1.93408
0.797552133568364, 1.32873051224944, -0.640457701500383, 23, 35, 1.93386
0.797552133568364, 1.33184855233853, -0.640458095294295, 23, 35, 1.93387
0.797552133568364, 1.33496659242762, -0.640458521145522, 23, 35, 1.93376
0.797552133568364, 1.3380846325167, -0.640458979326238, 23, 35, 1.9339
0.797552133568364, 1.34120267260579, -0.640459470108577, 23, 35, 1.93432
0.797552133568364, 1.34432071269488, -0.64045999376464, 23, 35, 1.9344
0.797552133568364, 1.34743875278396, -0.640460550566478, 23, 35, 1.93345
0.797552133568364, 1.35055679287305, -0.640461140786097, 23, 35, 1.93289
0.797552133568364, 1.35367483296214, -0.64046176469544, 23, 35, 1.93205
0.797552133568364, 1.35679287305122, -0.640462422566383, 23, 35, 1.93233
0.797552133568364, 1.35991091314031, -0.640463111726356, 23, 34, 1.87625
0.797552133568364, 1.3630289532294, -0.640463838453947, 23, 34, 1.87581
0.797552133568364, 1.36614699331849, -0.640464599953599, 23, 34, 1.87619
0.797552133568364, 1.36926503340757, -0.64046539649705, 23, 34, 1.87637
0.797552133568364, 1.37238307349666, -0.640466228355947, 23, 34, 1.8765
0.797552133568364, 1.37550111358575, -0.640467095801815, 23, 34, 1.87647
0.797552133568364, 1.37861915367483, -0.640467999106061, 23, 34, 1.87711
0.797552133568364, 1.38173719376392, -0.640468938539978, 23, 34, 1.87584
0.797552133568364, 1.38485523385301, -0.640469914374726, 23, 34, 1.87587
0.797552133568364, 1.38797327394209, -0.640470926881331, 23, 34, 1.87554
0.797552133568364, 1.39109131403118, -0.640471976330684, 23, 34, 1.87584
0.797552133568364, 1.39420935412027, -0.640473062993523, 23, 34, 1.95301
0.797552133568364, 1.39732739420935, -0.640474187140445, 23, 34, 1.98232
0.797552133568364, 1.40044543429844, -0.640475345982078, 23, 33, 1.94143
0.797552133568364, 1.40356347438753, -0.64047654602749, 23, 33, 1.94652
0.797552133568364, 1.40668151447661, -0.640477784363165, 23, 33, 1.94365
0.797552133568364, 1.4097995545657, -0.640479061259212, 23, 33, 1.91177
0.797552133568364, 1.41291759465479, -0.640480376985551, 23, 33, 1.81949
0.797552133568364, 1.41603563474388, -0.640481731811923, 23, 33, 1.81828
0.797552133568364, 1.41915367483296, -0.640483126007858, 23, 33, 1.81908
0.797552133568364, 1.42227171492205, -0.640484559842693, 23, 33, 1.81909
0.797552133568364, 1.42538975501114, -0.640486033585555, 23, 33, 1.81974
0.797552133568364, 1.42850779510022, -0.640487547505356, 23, 33, 1.82194
0.797552133568364, 1.43162583518931, -0.640489101870802, 23, 33, 1.82013
0.797552133568364, 1.4347438752784, -0.64049069695037, 23, 33, 1.81959
0.797552133568364, 1.43786191536748, -0.640492333012311, 23, 33, 1.81965
0.797552133568364, 1.44097995545657, -0.640494010324641, 23, 33, 1.82002
0.797552133568364, 1.44409799554566, -0.640495729155147, 23, 33, 1.81975
0.797552133568364, 1.44721603563474, -0.640497486731034, 23, 32, 1.76341
0.797552133568364, 1.45033407572383, -0.640499289515199, 23, 32, 1.76471
0.797552133568364, 1.45345211581292, -0.640501134615095, 23, 32, 1.76326
0.797552133568364, 1.456570155902, -0.640503022297673, 23, 32, 1.76366
0.797552133568364, 1.45968819599109, -0.640504952829622, 23, 32, 1.76411
0.797552133568364, 1.46280623608018, -0.640506926477359, 23, 32, 1.76284
0.797552133568364, 1.46592427616927, -0.64050894350702, 23, 32, 1.76436
0.797552133568364, 1.46904231625835, -0.640511004184473, 23, 32, 1.76345
0.797552133568364, 1.47216035634744, -0.640513108775296, 23, 32, 1.76525
0.797552133568364, 1.47527839643653, -0.640515257544777, 23, 32, 1.76386
0.797552133568364, 1.47839643652561, -0.640517450757919, 23, 32, 1.76365
0.797552133568364, 1.4815144766147, -0.64051968867942, 23, 32, 1.76325
0.797552133568364, 1.48463251670379, -0.640521971573687, 23, 32, 1.76439
0.797552133568364, 1.48775055679287, -0.640524299704817, 23, 32, 1.76086
0.797552133568364, 1.49086859688196, -0.640526673336594, 23, 32, 1.76109
0.797552133568364, 1.49398663697105, -0.640529089597336, 23, 31, 1.70599
0.797552133568364, 1.49710467706013, -0.64053155513542, 23, 31, 1.70449
0.797552133568364, 1.50022271714922, -0.640534066959443, 23, 31, 1.70659
0.797552133568364, 1.50334075723831, -0.640536625332073, 23, 31, 1.70712
0.797552133568364, 1.50645879732739, -0.640539230515648, 23, 31, 1.70643
0.797552133568364, 1.50957683741648, -0.640541882772165, 23, 31, 1.70642
0.797552133568364, 1.51269487750557, -0.640544582363282, 23, 31, 1.70588
0.797552133568364, 1.51581291759465, -0.640547329550314, 23, 31, 1.70548
0.797552133568364, 1.51893095768374, -0.640550124594223, 23, 31, 1.70504
0.797552133568364, 1.52204899777283, -0.640552967755629, 23, 31, 1.70521
0.797552133568364, 1.52516703786192, -0.640555859294787, 23, 31, 1.70614
0.797552133568364, 1.528285077951, -0.640558799471599, 23, 31, 1.70703
0.797552133568364, 1.53140311804009, -0.640561788545606, 23, 31, 1.70629
0.797552133568364, 1.53452115812918, -0.640564826775987, 23, 31, 1.70575
0.797552133568364, 1.53763919821826, -0.640567914421541, 23, 31, 1.70512
0.797552133568364, 1.54075723830735, -0.640571051740704, 23, 31, 1.70521
0.797552133568364, 1.54387527839644, -0.640574238991543, 23, 31, 1.70583
0.797552133568364, 1.54699331848552, -0.640577473430329, 23, 30, 1.65061
0.797552133568364, 1.55011135857461, -0.640580761427983, 23, 30, 1.65246
0.797552133568364, 1.5532293986637, -0.640584100125291, 23, 30, 1.64975
0.797552133568364, 1.55634743875278, -0.64058748977892, 23, 30, 1.64973
0.797552133568364, 1.55946547884187, -0.640590930645141, 23, 30, 1.68139
0.797552133568364, 1.56258351893096, -0.640594422979833, 23, 30, 1.67558
0.797552133568364, 1.56570155902004, -0.640597967038467, 23, 30, 1.6849
0.797552133568364, 1.56881959910913, -0.640601563076121, 23, 30, 1.68428
0.797552133568364, 1.57193763919822, -0.640605211347441, 23, 30, 1.68189
0.797552133568364, 1.57505567928731, -0.640608912106692, 23, 30, 1.68367
0.797552133568364, 1.57817371937639, -0.640612665607713, 23, 30, 1.68607
0.797552133568364, 1.58129175946548, -0.640616472103935, 23, 30, 1.68545
0.797552133568364, 1.58440979955457, -0.640620331848366, 23, 30, 1.67929
0.797552133568364, 1.58752783964365, -0.640624245093599, 23, 30, 1.67903
0.797552133568364, 1.59064587973274, -0.6406282120918, 23, 30, 1.68646
0.797552133568364, 1.59376391982183, -0.64063223309472, 23, 30, 1.68545
0.797552133568364, 1.59688195991091, -0.640636308353664, 23, 30, 1.67595
0.797552133568364, 1.6, -0.640640438119528, 23, 30, 1.67875
# finished at Wed Apr 30 06:19:51 CEST 2014
