# starting on alcc59 at Wed Apr 30 04:26:48 CEST 2014
# casimir, -T, 0.200000,1.600000,450, -Q, 0.572375142019687, -p, 1e-08, -L, 20
# Compiler icc, using long double and plain matrix elements and plain integration
# precision=1e-08
# lfac=5
# cores=1
# L=0.572375
# T=0.2...1.6 (450)
#
# R/(L+R), T, F, lmax, nmax, time
0.572375142019687, 0.2, -0.0700424313865192, 20, 111, 3.50906
0.572375142019687, 0.203118040089087, -0.0700424082991498, 20, 110, 3.45789
0.572375142019687, 0.206236080178174, -0.0700423840243786, 20, 108, 3.39156
0.572375142019687, 0.209354120267261, -0.0700423586467303, 20, 106, 3.32848
0.572375142019687, 0.212472160356347, -0.0700423322683583, 20, 105, 3.296
0.572375142019687, 0.215590200445434, -0.0700423046006305, 20, 103, 3.23415
0.572375142019687, 0.218708240534521, -0.0700422758720423, 20, 102, 3.20084
0.572375142019687, 0.221826280623608, -0.07004224591725, 20, 101, 3.17065
0.572375142019687, 0.224944320712695, -0.0700422145854462, 20, 99, 3.10702
0.572375142019687, 0.228062360801782, -0.0700421820913888, 20, 98, 3.09139
0.572375142019687, 0.231180400890869, -0.0700421482759077, 20, 97, 3.04881
0.572375142019687, 0.234298440979955, -0.0700421129768752, 20, 95, 2.99008
0.572375142019687, 0.237416481069042, -0.0700420764260423, 20, 94, 2.97246
0.572375142019687, 0.240534521158129, -0.0700420384549722, 20, 93, 2.93478
0.572375142019687, 0.243652561247216, -0.0700419990303963, 20, 92, 2.90115
0.572375142019687, 0.246770601336303, -0.0700419581186888, 20, 91, 2.85538
0.572375142019687, 0.24988864142539, -0.0700419155451114, 20, 89, 2.92538
0.572375142019687, 0.253006681514477, -0.0700418715577629, 20, 88, 2.82363
0.572375142019687, 0.256124721603563, -0.0700418259837291, 20, 87, 2.88151
0.572375142019687, 0.25924276169265, -0.0700417787796068, 20, 86, 2.74473
0.572375142019687, 0.262360801781737, -0.0700417299143784, 20, 85, 2.73326
0.572375142019687, 0.265478841870824, -0.0700416793525898, 20, 84, 2.65976
0.572375142019687, 0.268596881959911, -0.070041627058315, 20, 83, 2.63263
0.572375142019687, 0.271714922048998, -0.0700415729955523, 20, 82, 2.61774
0.572375142019687, 0.274832962138085, -0.0700415171280333, 20, 81, 2.53925
0.572375142019687, 0.277951002227172, -0.0700414595759424, 20, 81, 2.53532
0.572375142019687, 0.281069042316258, -0.0700413999947503, 20, 80, 2.53607
0.572375142019687, 0.284187082405345, -0.0700413384993391, 20, 79, 2.48068
0.572375142019687, 0.287305122494432, -0.0700412750522993, 20, 78, 2.48031
0.572375142019687, 0.290423162583519, -0.0700412096161907, 20, 77, 2.40788
0.572375142019687, 0.293541202672606, -0.0700411421532489, 20, 76, 2.38906
0.572375142019687, 0.296659242761693, -0.0700410727911056, 20, 76, 2.40983
0.572375142019687, 0.29977728285078, -0.0700410011764786, 20, 75, 2.3603
0.572375142019687, 0.302895322939866, -0.0700409274170414, 20, 74, 2.33033
0.572375142019687, 0.306013363028953, -0.0700408514790502, 20, 73, 2.37812
0.572375142019687, 0.30913140311804, -0.0700407734950667, 20, 73, 2.38831
0.572375142019687, 0.312249443207127, -0.0700406930982162, 20, 72, 2.3464
0.572375142019687, 0.315367483296214, -0.0700406104076556, 20, 71, 2.32778
0.572375142019687, 0.318485523385301, -0.0700405253839336, 20, 70, 2.19092
0.572375142019687, 0.321603563474388, -0.0700404381760166, 20, 70, 2.1953
0.572375142019687, 0.324721603563474, -0.0700403483868647, 20, 69, 2.16453
0.572375142019687, 0.327839643652561, -0.0700402563237134, 20, 69, 2.15763
0.572375142019687, 0.330957683741648, -0.070040161614348, 20, 68, 2.12383
0.572375142019687, 0.334075723830735, -0.0700400643771086, 20, 67, 2.09554
0.572375142019687, 0.337193763919822, -0.0700399647586966, 20, 67, 2.10343
0.572375142019687, 0.340311804008909, -0.0700398623681309, 20, 66, 2.0685
0.572375142019687, 0.343429844097996, -0.0700397573307285, 20, 65, 2.06392
0.572375142019687, 0.346547884187082, -0.0700396498106161, 20, 65, 2.06169
0.572375142019687, 0.349665924276169, -0.0700395393852201, 20, 64, 2.08097
0.572375142019687, 0.352783964365256, -0.0700394263939461, 20, 64, 2.05228
0.572375142019687, 0.355902004454343, -0.0700393104239906, 20, 63, 1.97911
0.572375142019687, 0.35902004454343, -0.0700391918126765, 20, 63, 2.05293
0.572375142019687, 0.362138084632517, -0.0700390701411807, 20, 62, 2.15674
0.572375142019687, 0.365256124721604, -0.0700389457431677, 20, 62, 1.95164
0.572375142019687, 0.36837416481069, -0.0700388182132747, 20, 61, 1.95118
0.572375142019687, 0.371492204899777, -0.070038687879388, 20, 61, 1.93179
0.572375142019687, 0.374610244988864, -0.0700385543343119, 20, 60, 1.87164
0.572375142019687, 0.377728285077951, -0.0700384179096597, 20, 60, 1.87257
0.572375142019687, 0.380846325167038, -0.0700382781924698, 20, 59, 1.83944
0.572375142019687, 0.383964365256125, -0.0700381355224402, 20, 59, 1.87609
0.572375142019687, 0.387082405345212, -0.0700379894767169, 20, 58, 1.96194
0.572375142019687, 0.390200445434298, -0.0700378404071305, 20, 58, 1.81211
0.572375142019687, 0.393318485523385, -0.0700376878766769, 20, 57, 1.83674
0.572375142019687, 0.396436525612472, -0.0700375322540424, 20, 57, 1.81873
0.572375142019687, 0.399554565701559, -0.0700373730830537, 20, 56, 1.74424
0.572375142019687, 0.402672605790646, -0.0700372107543369, 20, 56, 1.76868
0.572375142019687, 0.405790645879733, -0.070037045001002, 20, 56, 1.7558
0.572375142019687, 0.40890868596882, -0.070036875600844, 20, 55, 1.72062
0.572375142019687, 0.412026726057906, -0.0700367029132345, 20, 55, 1.72716
0.572375142019687, 0.415144766146993, -0.0700365264878732, 20, 54, 1.68985
0.572375142019687, 0.41826280623608, -0.0700363467156386, 20, 54, 1.70243
0.572375142019687, 0.421380846325167, -0.0700361633305816, 20, 54, 1.72398
0.572375142019687, 0.424498886414254, -0.0700359761053924, 20, 53, 1.75092
0.572375142019687, 0.427616926503341, -0.0700357854112992, 20, 53, 1.75721
0.572375142019687, 0.430734966592428, -0.0700355909938611, 20, 53, 1.68314
0.572375142019687, 0.433853006681514, -0.0700353926318705, 20, 52, 1.629
0.572375142019687, 0.436971046770601, -0.0700351906841013, 20, 52, 1.63133
0.572375142019687, 0.440089086859688, -0.0700349846957982, 20, 51, 1.63872
0.572375142019687, 0.443207126948775, -0.0700347750729461, 20, 51, 1.66676
0.572375142019687, 0.446325167037862, -0.0700345615518937, 20, 51, 1.68497
0.572375142019687, 0.449443207126949, -0.0700343438758847, 20, 50, 1.59171
0.572375142019687, 0.452561247216036, -0.0700341224572765, 20, 50, 1.63669
0.572375142019687, 0.455679287305123, -0.0700338970267813, 20, 50, 1.57436
0.572375142019687, 0.458797327394209, -0.0700336673403578, 20, 49, 1.53836
0.572375142019687, 0.461915367483296, -0.0700334338089312, 20, 49, 1.52529
0.572375142019687, 0.465033407572383, -0.0700331961614264, 20, 49, 1.52802
0.572375142019687, 0.46815144766147, -0.0700329541484462, 20, 48, 1.52326
0.572375142019687, 0.471269487750557, -0.0700327081940782, 20, 48, 1.52704
0.572375142019687, 0.474387527839644, -0.0700324580218859, 20, 48, 1.5941
0.572375142019687, 0.477505567928731, -0.070032203599287, 20, 48, 1.51845
0.572375142019687, 0.480623608017817, -0.0700319446935267, 20, 47, 1.47603
0.572375142019687, 0.483741648106904, -0.070031681696509, 20, 47, 1.50499
0.572375142019687, 0.486859688195991, -0.0700314143508311, 20, 47, 1.50679
0.572375142019687, 0.489977728285078, -0.0700311424116826, 20, 46, 1.5085
0.572375142019687, 0.493095768374165, -0.0700308662986901, 20, 46, 1.47937
0.572375142019687, 0.496213808463252, -0.0700305857415625, 20, 46, 1.45769
0.572375142019687, 0.499331848552339, -0.0700303007101302, 20, 46, 1.43894
0.572375142019687, 0.502449888641425, -0.0700300109683821, 20, 45, 1.39951
0.572375142019687, 0.505567928730512, -0.0700297169210385, 20, 45, 1.41372
0.572375142019687, 0.508685968819599, -0.0700294183083008, 20, 45, 1.42381
0.572375142019687, 0.511804008908686, -0.0700291148742966, 20, 44, 1.4285
0.572375142019687, 0.514922048997773, -0.0700288070683168, 20, 44, 1.39101
0.572375142019687, 0.51804008908686, -0.0700284946090407, 20, 44, 1.45643
0.572375142019687, 0.521158129175947, -0.0700281774689749, 20, 44, 1.38338
0.572375142019687, 0.524276169265034, -0.0700278553933689, 20, 43, 1.42803
0.572375142019687, 0.52739420935412, -0.070027528834018, 20, 43, 1.42753
0.572375142019687, 0.530512249443207, -0.0700271975110934, 20, 43, 1.42397
0.572375142019687, 0.533630289532294, -0.070026861398803, 20, 43, 1.37803
0.572375142019687, 0.536748329621381, -0.0700265202386361, 20, 42, 1.30598
0.572375142019687, 0.539866369710468, -0.0700261744952164, 20, 42, 1.34143
0.572375142019687, 0.542984409799555, -0.0700258238850486, 20, 42, 1.36588
0.572375142019687, 0.546102449888642, -0.0700254683843305, 20, 42, 1.34379
0.572375142019687, 0.549220489977728, -0.0700251079692684, 20, 42, 1.45447
0.572375142019687, 0.552338530066815, -0.0700247423971364, 20, 41, 1.2744
0.572375142019687, 0.555456570155902, -0.070024372106476, 20, 41, 1.29295
0.572375142019687, 0.558574610244989, -0.0700239968316111, 20, 41, 1.30577
0.572375142019687, 0.561692650334076, -0.0700236165510625, 20, 41, 1.28712
0.572375142019687, 0.564810690423163, -0.0700232310085875, 20, 40, 1.27656
0.572375142019687, 0.567928730512249, -0.0700228406767317, 20, 40, 1.28334
0.572375142019687, 0.571046770601336, -0.0700224452754866, 20, 40, 1.35903
0.572375142019687, 0.574164810690423, -0.0700220447855555, 20, 40, 1.28909
0.572375142019687, 0.57728285077951, -0.0700216391881497, 20, 40, 1.23922
0.572375142019687, 0.580400890868597, -0.070021228232025, 20, 39, 1.21421
0.572375142019687, 0.583518930957684, -0.0700208123872451, 20, 39, 1.221
0.572375142019687, 0.586636971046771, -0.0700203913797627, 20, 39, 1.2131
0.572375142019687, 0.589755011135857, -0.0700199651931427, 20, 39, 1.21042
0.572375142019687, 0.592873051224944, -0.0700195338116504, 20, 39, 1.2853
0.572375142019687, 0.595991091314031, -0.0700190969926373, 20, 38, 1.19186
0.572375142019687, 0.599109131403118, -0.0700186551972877, 20, 38, 1.21099
0.572375142019687, 0.602227171492205, -0.0700182081607476, 20, 38, 1.26265
0.572375142019687, 0.605345211581292, -0.0700177558696537, 20, 38, 1.25489
0.572375142019687, 0.608463251670379, -0.070017298311239, 20, 38, 1.18582
0.572375142019687, 0.611581291759466, -0.0700168352263546, 20, 37, 1.17934
0.572375142019687, 0.614699331848552, -0.0700163671194669, 20, 37, 1.22911
0.572375142019687, 0.617817371937639, -0.0700158937086953, 20, 37, 1.28577
0.572375142019687, 0.620935412026726, -0.0700154149839473, 20, 37, 1.18534
0.572375142019687, 0.624053452115813, -0.0700149309357661, 20, 37, 1.14523
0.572375142019687, 0.6271714922049, -0.0700144415553421, 20, 37, 1.14508
0.572375142019687, 0.630289532293987, -0.0700139465930827, 20, 36, 1.12848
0.572375142019687, 0.633407572383074, -0.0700134465453636, 20, 36, 1.15752
0.572375142019687, 0.63652561247216, -0.070012941141144, 20, 36, 1.14958
0.572375142019687, 0.639643652561247, -0.0700124303744632, 20, 36, 1.13956
0.572375142019687, 0.642761692650334, -0.0700119142400428, 20, 36, 1.11743
0.572375142019687, 0.645879732739421, -0.0700113927334577, 20, 36, 1.13206
0.572375142019687, 0.648997772828508, -0.0700108656070394, 20, 35, 1.09692
0.572375142019687, 0.652115812917595, -0.0700103333652954, 20, 35, 1.12158
0.572375142019687, 0.655233853006682, -0.0700097957399848, 20, 35, 1.19144
0.572375142019687, 0.658351893095768, -0.0700092527295309, 20, 35, 1.11504
0.572375142019687, 0.661469933184855, -0.0700087043330829, 20, 35, 1.15668
0.572375142019687, 0.664587973273942, -0.0700081505505232, 20, 35, 1.0988
0.572375142019687, 0.667706013363029, -0.0700075911292183, 20, 34, 1.08305
0.572375142019687, 0.670824053452116, -0.0700070265978929, 20, 34, 1.04878
0.572375142019687, 0.673942093541203, -0.0700064566828808, 20, 34, 1.07183
0.572375142019687, 0.67706013363029, -0.0700058813872212, 20, 34, 1.06808
0.572375142019687, 0.680178173719376, -0.070005300714716, 20, 34, 1.07034
0.572375142019687, 0.683296213808463, -0.0700047146699359, 20, 34, 1.0718
0.572375142019687, 0.68641425389755, -0.0700041232582299, 20, 34, 1.07255
0.572375142019687, 0.689532293986637, -0.0700035262356706, 20, 33, 1.01869
0.572375142019687, 0.692650334075724, -0.0700029241292983, 20, 33, 1.03418
0.572375142019687, 0.695768374164811, -0.0700023166751897, 20, 33, 1.02311
0.572375142019687, 0.698886414253898, -0.0700017038820009, 20, 33, 1.01606
0.572375142019687, 0.702004454342984, -0.0700010857591894, 20, 33, 1.01738
0.572375142019687, 0.705122494432071, -0.0700004623170205, 20, 33, 1.0175
0.572375142019687, 0.708240534521158, -0.0699998335665742, 20, 33, 1.0279
0.572375142019687, 0.711358574610245, -0.0699991992639057, 20, 32, 0.999818
0.572375142019687, 0.714476614699332, -0.069998559953306, 20, 32, 0.996745
0.572375142019687, 0.717594654788419, -0.0699979153710797, 20, 32, 0.984894
0.572375142019687, 0.720712694877506, -0.0699972655317425, 20, 32, 0.98483
0.572375142019687, 0.723830734966592, -0.0699966104506454, 20, 32, 0.984903
0.572375142019687, 0.726948775055679, -0.0699959501439783, 20, 32, 0.993313
0.572375142019687, 0.730066815144766, -0.0699952846287767, 20, 32, 1.00986
0.572375142019687, 0.733184855233853, -0.0699946136511041, 20, 31, 1.016
0.572375142019687, 0.73630289532294, -0.0699939377938077, 20, 31, 0.990771
0.572375142019687, 0.739420935412027, -0.0699932567826658, 20, 31, 0.999571
0.572375142019687, 0.742538975501114, -0.0699925706382572, 20, 31, 1.02314
0.572375142019687, 0.7456570155902, -0.069991879382021, 20, 31, 1.03667
0.572375142019687, 0.748775055679287, -0.06999118303626, 20, 31, 1.01388
0.572375142019687, 0.751893095768374, -0.0699904816241465, 20, 31, 0.958375
0.572375142019687, 0.755011135857461, -0.0699897751697252, 20, 31, 0.954466
0.572375142019687, 0.758129175946548, -0.0699890634204592, 20, 30, 0.921068
0.572375142019687, 0.761247216035635, -0.0699883469773088, 20, 30, 0.921023
0.572375142019687, 0.764365256124722, -0.069987625567788, 20, 30, 0.921105
0.572375142019687, 0.767483296213809, -0.0699868992195769, 20, 30, 0.921019
0.572375142019687, 0.770601336302895, -0.0699861679612379, 20, 30, 0.92134
0.572375142019687, 0.773719376391982, -0.0699854318222195, 20, 30, 0.92099
0.572375142019687, 0.776837416481069, -0.0699846908328591, 20, 30, 0.921015
0.572375142019687, 0.779955456570156, -0.0699839450243861, 20, 30, 0.925749
0.572375142019687, 0.783073496659243, -0.0699831944289247, 20, 30, 1.002
0.572375142019687, 0.78619153674833, -0.0699824388051239, 20, 29, 0.959008
0.572375142019687, 0.789309576837417, -0.0699816787552211, 20, 29, 0.896356
0.572375142019687, 0.792427616926503, -0.0699809140185326, 20, 29, 0.893796
0.572375142019687, 0.79554565701559, -0.0699801446310783, 20, 29, 0.898519
0.572375142019687, 0.798663697104677, -0.0699793706295796, 20, 29, 0.924174
0.572375142019687, 0.801781737193764, -0.0699785920516578, 20, 29, 0.969271
0.572375142019687, 0.804899777282851, -0.0699778089358368, 20, 29, 0.938919
0.572375142019687, 0.808017817371938, -0.0699770213215445, 20, 29, 0.985744
0.572375142019687, 0.811135857461025, -0.0699762292491149, 20, 29, 0.913615
0.572375142019687, 0.814253897550111, -0.0699754324755144, 20, 28, 0.98299
0.572375142019687, 0.817371937639198, -0.0699746316308458, 20, 28, 0.881292
0.572375142019687, 0.820489977728285, -0.0699738264531648, 20, 28, 0.865602
0.572375142019687, 0.823608017817372, -0.0699730169865276, 20, 28, 0.901632
0.572375142019687, 0.826726057906459, -0.0699722032758944, 20, 28, 0.943488
0.572375142019687, 0.829844097995546, -0.06997138536713, 20, 28, 0.948646
0.572375142019687, 0.832962138084633, -0.0699705633070044, 20, 28, 0.905274
0.572375142019687, 0.836080178173719, -0.0699697371431934, 20, 28, 0.87154
0.572375142019687, 0.839198218262806, -0.0699689069242786, 20, 28, 0.909507
0.572375142019687, 0.842316258351893, -0.0699680726997478, 20, 28, 0.927451
0.572375142019687, 0.84543429844098, -0.0699672342317119, 20, 27, 0.893123
0.572375142019687, 0.848552338530067, -0.0699663921670369, 20, 27, 0.870446
0.572375142019687, 0.851670378619154, -0.0699655462493937, 20, 27, 0.85288
0.572375142019687, 0.854788418708241, -0.0699646965319727, 20, 27, 0.850028
0.572375142019687, 0.857906458797328, -0.0699638430688628, 20, 27, 0.865489
0.572375142019687, 0.861024498886414, -0.0699629859150509, 20, 27, 0.831701
0.572375142019687, 0.864142538975501, -0.069962125126421, 20, 27, 0.826033
0.572375142019687, 0.867260579064588, -0.0699612607597535, 20, 27, 0.82949
0.572375142019687, 0.870378619153675, -0.0699603928727239, 20, 27, 0.829507
0.572375142019687, 0.873496659242762, -0.0699595215239023, 20, 27, 0.833475
0.572375142019687, 0.876614699331849, -0.0699586467727504, 20, 27, 0.83314
0.572375142019687, 0.879732739420936, -0.0699577683912761, 20, 26, 0.801123
0.572375142019687, 0.882850779510022, -0.0699568870357424, 20, 26, 0.800236
0.572375142019687, 0.885968819599109, -0.0699560024604455, 20, 26, 0.801113
0.572375142019687, 0.889086859688196, -0.0699551147286961, 20, 26, 0.799984
0.572375142019687, 0.892204899777283, -0.0699542239186303, 20, 26, 0.800191
0.572375142019687, 0.89532293986637, -0.0699533300661356, 20, 26, 0.804692
0.572375142019687, 0.898440979955457, -0.0699524332515081, 20, 26, 0.803843
0.572375142019687, 0.901559020044544, -0.0699515335413438, 20, 26, 0.901585
0.572375142019687, 0.90467706013363, -0.0699506310031096, 20, 26, 0.89445
0.572375142019687, 0.907795100222717, -0.0699497257051414, 20, 26, 0.833205
0.572375142019687, 0.910913140311804, -0.0699488177166404, 20, 26, 0.797634
0.572375142019687, 0.914031180400891, -0.0699479071076717, 20, 26, 0.823493
0.572375142019687, 0.917149220489978, -0.069946993662505, 20, 25, 0.849208
0.572375142019687, 0.920267260579065, -0.0699460780437781, 20, 25, 0.803219
0.572375142019687, 0.923385300668152, -0.069945160018859, 20, 25, 0.764541
0.572375142019687, 0.926503340757238, -0.0699442396613021, 20, 25, 0.768127
0.572375142019687, 0.929621380846325, -0.0699433170455057, 20, 25, 0.768122
0.572375142019687, 0.932739420935412, -0.0699423922467092, 20, 25, 0.771973
0.572375142019687, 0.935857461024499, -0.06994146534099, 20, 25, 0.81991
0.572375142019687, 0.938975501113586, -0.06994053640526, 20, 25, 0.805315
0.572375142019687, 0.942093541202673, -0.0699396055172618, 20, 25, 0.764729
0.572375142019687, 0.945211581291759, -0.0699386727555656, 20, 25, 0.765301
0.572375142019687, 0.948329621380847, -0.0699377381995654, 20, 25, 0.793331
0.572375142019687, 0.951447661469933, -0.0699368019294748, 20, 25, 0.794556
0.572375142019687, 0.95456570155902, -0.0699358640263235, 20, 25, 0.768709
0.572375142019687, 0.957683741648107, -0.0699349242865236, 20, 24, 0.73511
0.572375142019687, 0.960801781737194, -0.0699339833803769, 20, 24, 0.791722
0.572375142019687, 0.963919821826281, -0.0699330410881291, 20, 24, 0.825189
0.572375142019687, 0.967037861915368, -0.0699320974940906, 20, 24, 0.767547
0.572375142019687, 0.970155902004454, -0.0699311526833635, 20, 24, 0.844057
0.572375142019687, 0.973273942093541, -0.0699302067418373, 20, 24, 0.756597
0.572375142019687, 0.976391982182628, -0.0699292597561843, 20, 24, 0.752233
0.572375142019687, 0.979510022271715, -0.0699283118138559, 20, 24, 0.756478
0.572375142019687, 0.982628062360802, -0.0699273630030773, 20, 24, 0.733258
0.572375142019687, 0.985746102449889, -0.0699264134128431, 20, 24, 0.809607
0.572375142019687, 0.988864142538975, -0.069925463132913, 20, 24, 0.753366
0.572375142019687, 0.991982182628063, -0.0699245122538064, 20, 24, 0.732918
0.572375142019687, 0.995100222717149, -0.0699235608667977, 20, 24, 0.816299
0.572375142019687, 0.998218262806236, -0.0699226090639116, 20, 24, 0.755991
0.572375142019687, 1.00133630289532, -0.0699216566510503, 20, 23, 0.782766
0.572375142019687, 1.00445434298441, -0.0699207043116549, 20, 23, 0.746926
0.572375142019687, 1.0075723830735, -0.0699197518359947, 20, 23, 0.720927
0.572375142019687, 1.01069042316258, -0.069918799319095, 20, 23, 0.758156
0.572375142019687, 1.01380846325167, -0.069917846856956, 20, 23, 0.704247
0.572375142019687, 1.01692650334076, -0.0699168945455327, 20, 23, 0.701889
0.572375142019687, 1.02004454342984, -0.0699159424822544, 20, 23, 0.702103
0.572375142019687, 1.02316258351893, -0.069914990765001, 20, 23, 0.701709
0.572375142019687, 1.02628062360802, -0.0699140394923527, 20, 23, 0.703276
0.572375142019687, 1.0293986636971, -0.0699130887635844, 20, 23, 0.72144
0.572375142019687, 1.03251670378619, -0.0699121386786603, 20, 23, 0.762098
0.572375142019687, 1.03563474387528, -0.0699111893382282, 20, 23, 0.723289
0.572375142019687, 1.03875278396437, -0.0699102408436139, 20, 23, 0.70954
0.572375142019687, 1.04187082405345, -0.0699092932968158, 20, 23, 0.701971
0.572375142019687, 1.04498886414254, -0.0699083468004985, 20, 23, 0.709946
0.572375142019687, 1.04810690423163, -0.0699074011647172, 20, 22, 0.67686
0.572375142019687, 1.05122494432071, -0.0699064570958513, 20, 22, 0.669152
0.572375142019687, 1.0543429844098, -0.0699055143885464, 20, 22, 0.677307
0.572375142019687, 1.05746102449889, -0.0699045731481208, 20, 22, 0.698933
0.572375142019687, 1.06057906458797, -0.0699036334805272, 20, 22, 0.672715
0.572375142019687, 1.06369710467706, -0.0699026954923483, 20, 22, 0.67218
0.572375142019687, 1.06681514476615, -0.0699017592907878, 20, 22, 0.672398
0.572375142019687, 1.06993318485523, -0.0699008249836671, 20, 22, 0.676926
0.572375142019687, 1.07305122494432, -0.0698998926794178, 20, 22, 0.676533
0.572375142019687, 1.07616926503341, -0.0698989624870774, 20, 22, 0.670515
0.572375142019687, 1.07928730512249, -0.0698980345162795, 20, 22, 0.673537
0.572375142019687, 1.08240534521158, -0.0698971088772523, 20, 22, 0.66936
0.572375142019687, 1.08552338530067, -0.0698961856808094, 20, 22, 0.669265
0.572375142019687, 1.08864142538976, -0.0698952650383442, 20, 22, 0.66922
0.572375142019687, 1.09175946547884, -0.0698943470618244, 20, 22, 0.669272
0.572375142019687, 1.09487750556793, -0.0698934318637839, 20, 22, 0.669719
0.572375142019687, 1.09799554565702, -0.0698925195573189, 20, 22, 0.671788
0.572375142019687, 1.1011135857461, -0.0698916099646172, 20, 21, 0.64127
0.572375142019687, 1.10423162583519, -0.0698907037978682, 20, 21, 0.636417
0.572375142019687, 1.10734966592428, -0.0698898008645083, 20, 21, 0.636351
0.572375142019687, 1.11046770601336, -0.0698889012798537, 20, 21, 0.640484
0.572375142019687, 1.11358574610245, -0.0698880051597479, 20, 21, 0.63686
0.572375142019687, 1.11670378619154, -0.0698871126205548, 20, 21, 0.641088
0.572375142019687, 1.11982182628062, -0.069886223779153, 20, 21, 0.640863
0.572375142019687, 1.12293986636971, -0.0698853387529289, 20, 21, 0.644742
0.572375142019687, 1.1260579064588, -0.0698844576597704, 20, 21, 0.647372
0.572375142019687, 1.12917594654788, -0.0698835806180603, 20, 21, 0.722951
0.572375142019687, 1.13229398663697, -0.0698827077466705, 20, 21, 0.655841
0.572375142019687, 1.13541202672606, -0.0698818391649545, 20, 21, 0.674501
0.572375142019687, 1.13853006681514, -0.0698809749927418, 20, 21, 0.787616
0.572375142019687, 1.14164810690423, -0.0698801153503311, 20, 21, 0.662403
0.572375142019687, 1.14476614699332, -0.0698792603584833, 20, 21, 0.686529
0.572375142019687, 1.14788418708241, -0.0698784101384162, 20, 21, 0.645183
0.572375142019687, 1.15100222717149, -0.0698775648117963, 20, 21, 0.645059
0.572375142019687, 1.15412026726058, -0.0698767245007337, 20, 21, 0.653827
0.572375142019687, 1.15723830734967, -0.0698758890269969, 20, 20, 0.647723
0.572375142019687, 1.16035634743875, -0.0698750591299438, 20, 20, 0.608563
0.572375142019687, 1.16347438752784, -0.0698742346166417, 20, 20, 0.608436
0.572375142019687, 1.16659242761693, -0.0698734156109427, 20, 20, 0.608213
0.572375142019687, 1.16971046770601, -0.0698726022371075, 20, 20, 0.608577
0.572375142019687, 1.1728285077951, -0.0698717946197987, 20, 20, 0.607661
0.572375142019687, 1.17594654788419, -0.0698709928840745, 20, 20, 0.610996
0.572375142019687, 1.17906458797327, -0.069870197155382, 20, 20, 0.636354
0.572375142019687, 1.18218262806236, -0.0698694075598466, 20, 20, 0.625985
0.572375142019687, 1.18530066815145, -0.0698686242230806, 20, 20, 0.623813
0.572375142019687, 1.18841870824053, -0.069867847271957, 20, 20, 0.642735
0.572375142019687, 1.19153674832962, -0.0698670768334139, 20, 20, 0.644373
0.572375142019687, 1.19465478841871, -0.0698663130347462, 20, 20, 0.605997
0.572375142019687, 1.1977728285078, -0.0698655560035988, 20, 20, 0.610169
0.572375142019687, 1.20089086859688, -0.0698648058679599, 20, 20, 0.607233
0.572375142019687, 1.20400890868597, -0.0698640627561553, 20, 20, 0.613717
0.572375142019687, 1.20712694877506, -0.0698633267968409, 20, 20, 0.635364
0.572375142019687, 1.21024498886414, -0.069862598118997, 20, 20, 0.614579
0.572375142019687, 1.21336302895323, -0.0698618768519218, 20, 20, 0.611215
0.572375142019687, 1.21648106904232, -0.0698611631252243, 20, 20, 0.634574
0.572375142019687, 1.2195991091314, -0.0698604570688187, 20, 20, 0.610666
0.572375142019687, 1.22271714922049, -0.0698597585178342, 20, 19, 0.581059
0.572375142019687, 1.22583518930958, -0.0698590682067797, 20, 19, 0.575252
0.572375142019687, 1.22895322939866, -0.069858385956877, 20, 19, 0.574097
0.572375142019687, 1.23207126948775, -0.0698577118992255, 20, 19, 0.604964
0.572375142019687, 1.23518930957684, -0.0698570461651958, 20, 19, 0.587408
0.572375142019687, 1.23830734966592, -0.0698563888864241, 20, 19, 0.59069
0.572375142019687, 1.24142538975501, -0.069855740194805, 20, 19, 0.608319
0.572375142019687, 1.2445434298441, -0.0698551002224862, 20, 19, 0.590469
0.572375142019687, 1.24766146993318, -0.0698544691018612, 20, 19, 0.586846
0.572375142019687, 1.25077951002227, -0.0698538469655639, 20, 19, 0.607857
0.572375142019687, 1.25389755011136, -0.0698532339464621, 20, 19, 0.649657
0.572375142019687, 1.25701559020045, -0.0698526301776511, 20, 19, 0.617098
0.572375142019687, 1.26013363028953, -0.0698520357924479, 20, 19, 0.621118
0.572375142019687, 1.26325167037862, -0.0698514509243848, 20, 19, 0.573217
0.572375142019687, 1.26636971046771, -0.0698508757072031, 20, 19, 0.578156
0.572375142019687, 1.26948775055679, -0.0698503102748474, 20, 19, 0.57361
0.572375142019687, 1.27260579064588, -0.0698497547614589, 20, 19, 0.594749
0.572375142019687, 1.27572383073497, -0.0698492093013703, 20, 19, 0.574717
0.572375142019687, 1.27884187082405, -0.0698486740290983, 20, 19, 0.617707
0.572375142019687, 1.28195991091314, -0.0698481490793389, 20, 19, 0.578771
0.572375142019687, 1.28507795100223, -0.0698476345869607, 20, 19, 0.574381
0.572375142019687, 1.28819599109131, -0.0698471306869989, 20, 19, 0.621501
0.572375142019687, 1.2913140311804, -0.0698466375146496, 20, 19, 0.589131
0.572375142019687, 1.29443207126949, -0.0698461549105305, 20, 18, 0.542598
0.572375142019687, 1.29755011135857, -0.0698456836127205, 20, 18, 0.542192
0.572375142019687, 1.30066815144766, -0.0698452234484343, 20, 18, 0.541524
0.572375142019687, 1.30378619153675, -0.0698447745534782, 20, 18, 0.541688
0.572375142019687, 1.30690423162584, -0.0698443370637877, 20, 18, 0.549373
0.572375142019687, 1.31002227171492, -0.0698439111154229, 20, 18, 0.545346
0.572375142019687, 1.31314031180401, -0.0698434968445621, 20, 18, 0.555273
0.572375142019687, 1.3162583518931, -0.0698430943874976, 20, 18, 0.618138
0.572375142019687, 1.31937639198218, -0.069842703880628, 20, 18, 0.56883
0.572375142019687, 1.32249443207127, -0.0698423254604535, 20, 18, 0.579345
0.572375142019687, 1.32561247216036, -0.0698419592635705, 20, 18, 0.55584
0.572375142019687, 1.32873051224944, -0.0698416054266658, 20, 18, 0.54249
0.572375142019687, 1.33184855233853, -0.0698412640865104, 20, 18, 0.542373
0.572375142019687, 1.33496659242762, -0.0698409353799548, 20, 18, 0.542019
0.572375142019687, 1.3380846325167, -0.0698406194439231, 20, 18, 0.542261
0.572375142019687, 1.34120267260579, -0.0698403164154075, 20, 18, 0.542526
0.572375142019687, 1.34432071269488, -0.0698400264314628, 20, 18, 0.601382
0.572375142019687, 1.34743875278396, -0.0698397496292012, 20, 18, 0.606351
0.572375142019687, 1.35055679287305, -0.0698394861457865, 20, 18, 0.572472
0.572375142019687, 1.35367483296214, -0.069839236118429, 20, 18, 0.568919
0.572375142019687, 1.35679287305122, -0.0698389996843802, 20, 18, 0.569
0.572375142019687, 1.35991091314031, -0.0698387769809275, 20, 18, 0.564809
0.572375142019687, 1.3630289532294, -0.069838568145388, 20, 18, 0.560845
0.572375142019687, 1.36614699331849, -0.069838373315105, 20, 18, 0.581618
0.572375142019687, 1.36926503340757, -0.0698381926274413, 20, 18, 0.546455
0.572375142019687, 1.37238307349666, -0.0698380262197745, 20, 18, 0.553259
0.572375142019687, 1.37550111358575, -0.0698378739379099, 20, 17, 0.525406
0.572375142019687, 1.37861915367483, -0.0698377365146737, 20, 17, 0.535567
0.572375142019687, 1.38173719376392, -0.0698376137830905, 20, 17, 0.51131
0.572375142019687, 1.38485523385301, -0.0698375058805676, 20, 17, 0.516682
0.572375142019687, 1.38797327394209, -0.069837412944501, 20, 17, 0.524721
0.572375142019687, 1.39109131403118, -0.0698373351122698, 20, 17, 0.568907
0.572375142019687, 1.39420935412027, -0.0698372725212321, 20, 17, 0.535434
0.572375142019687, 1.39732739420935, -0.0698372253087195, 20, 17, 0.560579
0.572375142019687, 1.40044543429844, -0.0698371936120326, 20, 17, 0.526802
0.572375142019687, 1.40356347438753, -0.0698371775684358, 20, 17, 0.545202
0.572375142019687, 1.40668151447661, -0.0698371773151531, 20, 17, 0.567587
0.572375142019687, 1.4097995545657, -0.0698371929893628, 20, 17, 0.513789
0.572375142019687, 1.41291759465479, -0.0698372247281928, 20, 17, 0.509606
0.572375142019687, 1.41603563474388, -0.0698372726687164, 20, 17, 0.535813
0.572375142019687, 1.41915367483296, -0.0698373369483016, 20, 17, 0.510527
0.572375142019687, 1.42227171492205, -0.0698374177031869, 20, 17, 0.514653
0.572375142019687, 1.42538975501114, -0.0698375150706093, 20, 17, 0.514122
0.572375142019687, 1.42850779510022, -0.0698376291873761, 20, 17, 0.510965
0.572375142019687, 1.43162583518931, -0.0698377601902168, 20, 17, 0.51084
0.572375142019687, 1.4347438752784, -0.0698379082157785, 20, 17, 0.554581
0.572375142019687, 1.43786191536748, -0.0698380734006215, 20, 17, 0.511406
0.572375142019687, 1.44097995545657, -0.0698382558812149, 20, 17, 0.526164
0.572375142019687, 1.44409799554566, -0.0698384557939322, 20, 17, 0.510518
0.572375142019687, 1.44721603563474, -0.0698386732750471, 20, 17, 0.533427
0.572375142019687, 1.45033407572383, -0.0698389084607289, 20, 17, 0.512726
0.572375142019687, 1.45345211581292, -0.0698391614870385, 20, 17, 0.548093
0.572375142019687, 1.456570155902, -0.0698394324899245, 20, 17, 0.546282
0.572375142019687, 1.45968819599109, -0.0698397216052172, 20, 17, 0.529602
0.572375142019687, 1.46280623608018, -0.0698400289686271, 20, 17, 0.515693
0.572375142019687, 1.46592427616927, -0.0698403544233327, 20, 16, 0.478531
0.572375142019687, 1.46904231625835, -0.069840698701199, 20, 16, 0.478547
0.572375142019687, 1.47216035634744, -0.0698410616330863, 20, 16, 0.478648
0.572375142019687, 1.47527839643653, -0.0698414433541971, 20, 16, 0.482123
0.572375142019687, 1.47839643652561, -0.0698418439995921, 20, 16, 0.479111
0.572375142019687, 1.4815144766147, -0.0698422637041857, 20, 16, 0.479761
0.572375142019687, 1.48463251670379, -0.0698427026027423, 20, 16, 0.478375
0.572375142019687, 1.48775055679287, -0.0698431608298728, 20, 16, 0.478353
0.572375142019687, 1.49086859688196, -0.0698436385200301, 20, 16, 0.478355
0.572375142019687, 1.49398663697105, -0.0698441358075058, 20, 16, 0.478485
0.572375142019687, 1.49710467706013, -0.0698446528264263, 20, 16, 0.478576
0.572375142019687, 1.50022271714922, -0.069845189710749, 20, 16, 0.478529
0.572375142019687, 1.50334075723831, -0.0698457465942586, 20, 16, 0.47853
0.572375142019687, 1.50645879732739, -0.0698463236105638, 20, 16, 0.478589
0.572375142019687, 1.50957683741648, -0.0698469208930932, 20, 16, 0.478485
0.572375142019687, 1.51269487750557, -0.069847538575092, 20, 16, 0.47853
0.572375142019687, 1.51581291759465, -0.0698481767896183, 20, 16, 0.478532
0.572375142019687, 1.51893095768374, -0.0698488356695396, 20, 16, 0.478848
0.572375142019687, 1.52204899777283, -0.0698495153475296, 20, 16, 0.478731
0.572375142019687, 1.52516703786192, -0.0698502159560643, 20, 16, 0.478423
0.572375142019687, 1.528285077951, -0.0698509376274188, 20, 16, 0.478315
0.572375142019687, 1.53140311804009, -0.0698516804936641, 20, 16, 0.478315
0.572375142019687, 1.53452115812918, -0.0698524446866635, 20, 16, 0.478703
0.572375142019687, 1.53763919821826, -0.0698532303380692, 20, 16, 0.478495
0.572375142019687, 1.54075723830735, -0.0698540375793194, 20, 16, 0.478446
0.572375142019687, 1.54387527839644, -0.0698548665416348, 20, 16, 0.478493
0.572375142019687, 1.54699331848552, -0.0698557173560152, 20, 16, 0.478463
0.572375142019687, 1.55011135857461, -0.0698565901532369, 20, 16, 0.47848
0.572375142019687, 1.5532293986637, -0.069857485063849, 20, 16, 0.478486
0.572375142019687, 1.55634743875278, -0.0698584022181706, 20, 16, 0.478571
0.572375142019687, 1.55946547884187, -0.0698593417462874, 20, 16, 0.478446
0.572375142019687, 1.56258351893096, -0.0698603037780492, 20, 16, 0.479509
0.572375142019687, 1.56570155902004, -0.0698612884430664, 20, 16, 0.483097
0.572375142019687, 1.56881959910913, -0.0698622958707071, 20, 16, 0.479457
0.572375142019687, 1.57193763919822, -0.0698633259081064, 20, 15, 0.446505
0.572375142019687, 1.57505567928731, -0.0698643792586162, 20, 15, 0.446457
0.572375142019687, 1.57817371937639, -0.0698654557579818, 20, 15, 0.446447
0.572375142019687, 1.58129175946548, -0.0698665555345877, 20, 15, 0.446455
0.572375142019687, 1.58440979955457, -0.0698676787165616, 20, 15, 0.446492
0.572375142019687, 1.58752783964365, -0.0698688254317711, 20, 15, 0.446447
0.572375142019687, 1.59064587973274, -0.0698699958078207, 20, 15, 0.446806
0.572375142019687, 1.59376391982183, -0.0698711899720514, 20, 15, 0.44647
0.572375142019687, 1.59688195991091, -0.0698724080515343, 20, 15, 0.446446
0.572375142019687, 1.6, -0.0698736501730708, 20, 15, 0.446194
# finished at Wed Apr 30 04:34:55 CEST 2014
