# starting on alcc59 at Wed Apr 30 04:58:48 CEST 2014
# casimir, -T, 0.200000,1.600000,450, -Q, 0.649413956712958, -p, 1e-08, -L, 20
# Compiler icc, using long double and plain matrix elements and plain integration
# precision=1e-08
# lfac=5
# cores=1
# L=0.649414
# T=0.2...1.6 (450)
#
# R/(L+R), T, F, lmax, nmax, time
0.649413956712958, 0.2, -0.137552841432362, 20, 134, 4.51987
0.649413956712958, 0.203118040089087, -0.137552808653749, 20, 132, 4.34878
0.649413956712958, 0.206236080178174, -0.137552774362285, 20, 130, 4.33198
0.649413956712958, 0.209354120267261, -0.137552738516497, 20, 128, 4.213
0.649413956712958, 0.212472160356347, -0.137552701071187, 20, 126, 4.1429
0.649413956712958, 0.215590200445434, -0.137552661998709, 20, 124, 4.07725
0.649413956712958, 0.218708240534521, -0.137552621457279, 20, 123, 4.07528
0.649413956712958, 0.221826280623608, -0.137552578959465, 20, 121, 4.07608
0.649413956712958, 0.224944320712695, -0.137552534683488, 20, 119, 3.94257
0.649413956712958, 0.228062360801782, -0.137552488824799, 20, 118, 3.93614
0.649413956712958, 0.231180400890869, -0.137552440866865, 20, 116, 3.88256
0.649413956712958, 0.234298440979955, -0.137552391235525, 20, 115, 3.88657
0.649413956712958, 0.237416481069042, -0.137552339410247, 20, 113, 3.90005
0.649413956712958, 0.240534521158129, -0.137552285822185, 20, 112, 3.72647
0.649413956712958, 0.243652561247216, -0.137552229938755, 20, 110, 3.67724
0.649413956712958, 0.246770601336303, -0.137552172209118, 20, 109, 3.59913
0.649413956712958, 0.24988864142539, -0.137552112330054, 20, 108, 3.56481
0.649413956712958, 0.253006681514477, -0.137552050008647, 20, 106, 3.69612
0.649413956712958, 0.256124721603563, -0.137551985701988, 20, 105, 3.57232
0.649413956712958, 0.25924276169265, -0.137551919102446, 20, 104, 3.41647
0.649413956712958, 0.262360801781737, -0.137551849896038, 20, 102, 3.42306
0.649413956712958, 0.265478841870824, -0.137551778574052, 20, 101, 3.36092
0.649413956712958, 0.268596881959911, -0.137551704813853, 20, 100, 3.35834
0.649413956712958, 0.271714922048998, -0.13755162856414, 20, 99, 3.3088
0.649413956712958, 0.274832962138085, -0.137551549776093, 20, 98, 3.22729
0.649413956712958, 0.277951002227172, -0.137551468399574, 20, 97, 3.19397
0.649413956712958, 0.281069042316258, -0.137551384385106, 20, 96, 3.17714
0.649413956712958, 0.284187082405345, -0.137551297679889, 20, 95, 3.19325
0.649413956712958, 0.287305122494432, -0.137551208233831, 20, 94, 3.18202
0.649413956712958, 0.290423162583519, -0.137551115995542, 20, 93, 3.10313
0.649413956712958, 0.293541202672606, -0.137551020913353, 20, 92, 3.11012
0.649413956712958, 0.296659242761693, -0.137550922936372, 20, 91, 3.12142
0.649413956712958, 0.29977728285078, -0.1375508220103, 20, 90, 3.21402
0.649413956712958, 0.302895322939866, -0.137550718083744, 20, 89, 2.92798
0.649413956712958, 0.306013363028953, -0.13755061110401, 20, 88, 2.90448
0.649413956712958, 0.30913140311804, -0.13755050101816, 20, 87, 2.93936
0.649413956712958, 0.312249443207127, -0.137550387774122, 20, 86, 2.90915
0.649413956712958, 0.315367483296214, -0.137550271316245, 20, 85, 2.88125
0.649413956712958, 0.318485523385301, -0.137550151917535, 20, 85, 2.84639
0.649413956712958, 0.321603563474388, -0.137550028890175, 20, 84, 2.79717
0.649413956712958, 0.324721603563474, -0.137549902515065, 20, 83, 2.73527
0.649413956712958, 0.327839643652561, -0.137549772689679, 20, 82, 2.69511
0.649413956712958, 0.330957683741648, -0.137549639710429, 20, 82, 2.71383
0.649413956712958, 0.334075723830735, -0.137549502891523, 20, 81, 2.73749
0.649413956712958, 0.337193763919822, -0.137549362485515, 20, 80, 2.70315
0.649413956712958, 0.340311804008909, -0.137549218437585, 20, 79, 2.59608
0.649413956712958, 0.343429844097996, -0.137549071035248, 20, 79, 2.6949
0.649413956712958, 0.346547884187082, -0.137548919566919, 20, 78, 2.63463
0.649413956712958, 0.349665924276169, -0.137548764294579, 20, 77, 2.61813
0.649413956712958, 0.352783964365256, -0.137548605510028, 20, 77, 2.55103
0.649413956712958, 0.355902004454343, -0.13754844249615, 20, 76, 2.57193
0.649413956712958, 0.35902004454343, -0.137548275515599, 20, 75, 2.4755
0.649413956712958, 0.362138084632517, -0.137548104871024, 20, 75, 2.49926
0.649413956712958, 0.365256124721604, -0.1375479298277, 20, 74, 2.45518
0.649413956712958, 0.36837416481069, -0.1375477506546, 20, 73, 2.4341
0.649413956712958, 0.371492204899777, -0.13754756767646, 20, 73, 2.42891
0.649413956712958, 0.374610244988864, -0.13754738012111, 20, 72, 2.36878
0.649413956712958, 0.377728285077951, -0.137547188639841, 20, 72, 2.35594
0.649413956712958, 0.380846325167038, -0.137546992486518, 20, 71, 2.3222
0.649413956712958, 0.383964365256125, -0.137546791933087, 20, 70, 2.28891
0.649413956712958, 0.387082405345212, -0.137546587330509, 20, 70, 2.28846
0.649413956712958, 0.390200445434298, -0.137546377861634, 20, 69, 2.25457
0.649413956712958, 0.393318485523385, -0.137546164232981, 20, 69, 2.25555
0.649413956712958, 0.396436525612472, -0.1375459456377, 20, 68, 2.22227
0.649413956712958, 0.399554565701559, -0.13754572277582, 20, 68, 2.22255
0.649413956712958, 0.402672605790646, -0.137545494845774, 20, 67, 2.18962
0.649413956712958, 0.405790645879733, -0.137545262544723, 20, 67, 2.18961
0.649413956712958, 0.40890868596882, -0.137545025068629, 20, 66, 2.15662
0.649413956712958, 0.412026726057906, -0.13754478312395, 20, 66, 2.16861
0.649413956712958, 0.415144766146993, -0.137544535896304, 20, 65, 2.12341
0.649413956712958, 0.41826280623608, -0.137544284105225, 20, 65, 2.15239
0.649413956712958, 0.421380846325167, -0.137544026920741, 20, 64, 2.13229
0.649413956712958, 0.424498886414254, -0.137543765082419, 20, 64, 2.09104
0.649413956712958, 0.427616926503341, -0.137543497737597, 20, 63, 2.05643
0.649413956712958, 0.430734966592428, -0.137543225653351, 20, 63, 2.05724
0.649413956712958, 0.433853006681514, -0.137542948348481, 20, 63, 2.05957
0.649413956712958, 0.436971046770601, -0.137542665421656, 20, 62, 2.02608
0.649413956712958, 0.440089086859688, -0.137542377574999, 20, 62, 2.02434
0.649413956712958, 0.443207126948775, -0.137542083991048, 20, 61, 1.99188
0.649413956712958, 0.446325167037862, -0.137541785411624, 20, 61, 1.99183
0.649413956712958, 0.449443207126949, -0.137541480974811, 20, 60, 1.9582
0.649413956712958, 0.452561247216036, -0.137541171473055, 20, 60, 1.96552
0.649413956712958, 0.455679287305123, -0.13754085641456, 20, 60, 1.96165
0.649413956712958, 0.458797327394209, -0.13754053537952, 20, 59, 2.06256
0.649413956712958, 0.461915367483296, -0.137540209118834, 20, 59, 2.0304
0.649413956712958, 0.465033407572383, -0.137539876757065, 20, 58, 1.93493
0.649413956712958, 0.46815144766147, -0.137539539112735, 20, 58, 1.90635
0.649413956712958, 0.471269487750557, -0.137539195685623, 20, 58, 1.89219
0.649413956712958, 0.474387527839644, -0.13753884603381, 20, 57, 1.85903
0.649413956712958, 0.477505567928731, -0.137538490954262, 20, 57, 1.85865
0.649413956712958, 0.480623608017817, -0.137538129959791, 20, 57, 1.8586
0.649413956712958, 0.483741648106904, -0.137537762618964, 20, 56, 1.82509
0.649413956712958, 0.486859688195991, -0.13753738971512, 20, 56, 1.82577
0.649413956712958, 0.489977728285078, -0.137537010769978, 20, 56, 1.82563
0.649413956712958, 0.493095768374165, -0.137536625354411, 20, 55, 1.79224
0.649413956712958, 0.496213808463252, -0.137536234250536, 20, 55, 1.79171
0.649413956712958, 0.499331848552339, -0.13753583698348, 20, 55, 1.79249
0.649413956712958, 0.502449888641425, -0.137535433121583, 20, 54, 1.75888
0.649413956712958, 0.505567928730512, -0.137535023456378, 20, 54, 1.77173
0.649413956712958, 0.508685968819599, -0.137534607510966, 20, 54, 1.78325
0.649413956712958, 0.511804008908686, -0.137534184847955, 20, 53, 1.7338
0.649413956712958, 0.514922048997773, -0.137533756275614, 20, 53, 1.72981
0.649413956712958, 0.51804008908686, -0.137533321311249, 20, 53, 1.74283
0.649413956712958, 0.521158129175947, -0.137532879502735, 20, 52, 1.71029
0.649413956712958, 0.524276169265034, -0.137532431694026, 20, 52, 1.70915
0.649413956712958, 0.52739420935412, -0.137531977387027, 20, 52, 1.75871
0.649413956712958, 0.530512249443207, -0.137531516110715, 20, 51, 1.70513
0.649413956712958, 0.533630289532294, -0.137531048753993, 20, 51, 1.72774
0.649413956712958, 0.536748329621381, -0.137530574798597, 20, 51, 1.6603
0.649413956712958, 0.539866369710468, -0.137530094214069, 20, 51, 1.66447
0.649413956712958, 0.542984409799555, -0.137529606550018, 20, 50, 1.62529
0.649413956712958, 0.546102449888642, -0.137529112659416, 20, 50, 1.62596
0.649413956712958, 0.549220489977728, -0.137528612047686, 20, 50, 1.62562
0.649413956712958, 0.552338530066815, -0.137528104233306, 20, 49, 1.59216
0.649413956712958, 0.555456570155902, -0.137527590140654, 20, 49, 1.59258
0.649413956712958, 0.558574610244989, -0.13752706924152, 20, 49, 1.59373
0.649413956712958, 0.561692650334076, -0.137526541510567, 20, 49, 1.59969
0.649413956712958, 0.564810690423163, -0.137526006475826, 20, 48, 1.5842
0.649413956712958, 0.567928730512249, -0.137525465050353, 20, 48, 1.66148
0.649413956712958, 0.571046770601336, -0.137524916717102, 20, 48, 1.65565
0.649413956712958, 0.574164810690423, -0.137524361453893, 20, 48, 1.56135
0.649413956712958, 0.57728285077951, -0.137523798786892, 20, 47, 1.52684
0.649413956712958, 0.580400890868597, -0.137523229642048, 20, 47, 1.52764
0.649413956712958, 0.583518930957684, -0.137522653501232, 20, 47, 1.5273
0.649413956712958, 0.586636971046771, -0.13752207034563, 20, 47, 1.52806
0.649413956712958, 0.589755011135857, -0.137521479693893, 20, 46, 1.49329
0.649413956712958, 0.592873051224944, -0.137520882497436, 20, 46, 1.49317
0.649413956712958, 0.595991091314031, -0.137520278230649, 20, 46, 1.4935
0.649413956712958, 0.599109131403118, -0.137519666878273, 20, 46, 1.49386
0.649413956712958, 0.602227171492205, -0.137519047943226, 20, 45, 1.46147
0.649413956712958, 0.605345211581292, -0.1375184224201, 20, 45, 1.46049
0.649413956712958, 0.608463251670379, -0.137517789766809, 20, 45, 1.46023
0.649413956712958, 0.611581291759466, -0.137517149971834, 20, 45, 1.45987
0.649413956712958, 0.614699331848552, -0.137516503024522, 20, 45, 1.45986
0.649413956712958, 0.617817371937639, -0.137515848448175, 20, 44, 1.42652
0.649413956712958, 0.620935412026726, -0.137515187208435, 20, 44, 1.42696
0.649413956712958, 0.624053452115813, -0.137514518786269, 20, 44, 1.4271
0.649413956712958, 0.6271714922049, -0.137513843177189, 20, 44, 1.42875
0.649413956712958, 0.630289532293987, -0.137513160371005, 20, 44, 1.42867
0.649413956712958, 0.633407572383074, -0.137512469903702, 20, 43, 1.39387
0.649413956712958, 0.63652561247216, -0.137511772733531, 20, 43, 1.39378
0.649413956712958, 0.639643652561247, -0.137511068353575, 20, 43, 1.39385
0.649413956712958, 0.642761692650334, -0.137510356762228, 20, 43, 1.3938
0.649413956712958, 0.645879732739421, -0.137509638007195, 20, 43, 1.39577
0.649413956712958, 0.648997772828508, -0.137508911526658, 20, 42, 1.36236
0.649413956712958, 0.652115812917595, -0.13750817834037, 20, 42, 1.36195
0.649413956712958, 0.655233853006682, -0.137507437943002, 20, 42, 1.36211
0.649413956712958, 0.658351893095768, -0.137506690338267, 20, 42, 1.36198
0.649413956712958, 0.661469933184855, -0.137505935530905, 20, 42, 1.36201
0.649413956712958, 0.664587973273942, -0.137505173046486, 20, 41, 1.32823
0.649413956712958, 0.667706013363029, -0.137504403891349, 20, 41, 1.32949
0.649413956712958, 0.670824053452116, -0.137503627550951, 20, 41, 1.32998
0.649413956712958, 0.673942093541203, -0.137502844034539, 20, 41, 1.33098
0.649413956712958, 0.67706013363029, -0.137502053352429, 20, 41, 1.33039
0.649413956712958, 0.680178173719376, -0.137501255010229, 20, 40, 1.2994
0.649413956712958, 0.683296213808463, -0.137500450072198, 20, 40, 1.31443
0.649413956712958, 0.68641425389755, -0.137499638002783, 20, 40, 1.30299
0.649413956712958, 0.689532293986637, -0.137498818816951, 20, 40, 1.29907
0.649413956712958, 0.692650334075724, -0.137497992530778, 20, 40, 1.32095
0.649413956712958, 0.695768374164811, -0.137497159161456, 20, 40, 1.3144
0.649413956712958, 0.698886414253898, -0.137496318225293, 20, 39, 1.26283
0.649413956712958, 0.702004454342984, -0.137495470784703, 20, 39, 1.26454
0.649413956712958, 0.705122494432071, -0.137494616318828, 20, 39, 1.2658
0.649413956712958, 0.708240534521158, -0.137493754844681, 20, 39, 1.26551
0.649413956712958, 0.711358574610245, -0.1374928863879, 20, 39, 1.26829
0.649413956712958, 0.714476614699332, -0.137492010972781, 20, 39, 1.26467
0.649413956712958, 0.717594654788419, -0.137491128113656, 20, 38, 1.2292
0.649413956712958, 0.720712694877506, -0.137490238898078, 20, 38, 1.22987
0.649413956712958, 0.723830734966592, -0.137489342801159, 20, 38, 1.23186
0.649413956712958, 0.726948775055679, -0.137488439852121, 20, 38, 1.23416
0.649413956712958, 0.730066815144766, -0.137487530081365, 20, 38, 1.23073
0.649413956712958, 0.733184855233853, -0.137486613520475, 20, 38, 1.23033
0.649413956712958, 0.73630289532294, -0.137485689668368, 20, 37, 1.19689
0.649413956712958, 0.739420935412027, -0.137484759666104, 20, 37, 1.19782
0.649413956712958, 0.742538975501114, -0.137483822972757, 20, 37, 1.19657
0.649413956712958, 0.7456570155902, -0.137482879624935, 20, 37, 1.19795
0.649413956712958, 0.748775055679287, -0.137481929660448, 20, 37, 1.19882
0.649413956712958, 0.751893095768374, -0.137480973118314, 20, 37, 1.19954
0.649413956712958, 0.755011135857461, -0.137480010038762, 20, 37, 1.19817
0.649413956712958, 0.758129175946548, -0.137479039932259, 20, 36, 1.16471
0.649413956712958, 0.761247216035635, -0.137478063941569, 20, 36, 1.164
0.649413956712958, 0.764365256124722, -0.137477081538753, 20, 36, 1.16352
0.649413956712958, 0.767483296213809, -0.13747609276914, 20, 36, 1.16292
0.649413956712958, 0.770601336302895, -0.137475097679279, 20, 36, 1.16823
0.649413956712958, 0.773719376391982, -0.137474096316943, 20, 36, 1.17127
0.649413956712958, 0.776837416481069, -0.137473088731139, 20, 36, 1.20459
0.649413956712958, 0.779955456570156, -0.137472074428048, 20, 35, 1.16738
0.649413956712958, 0.783073496659243, -0.137471054585278, 20, 35, 1.16225
0.649413956712958, 0.78619153674833, -0.137470028670819, 20, 35, 1.16241
0.649413956712958, 0.789309576837417, -0.137468996738812, 20, 35, 1.17376
0.649413956712958, 0.792427616926503, -0.137467958844629, 20, 35, 1.15703
0.649413956712958, 0.79554565701559, -0.137466915044877, 20, 35, 1.13424
0.649413956712958, 0.798663697104677, -0.137465865397399, 20, 35, 1.14451
0.649413956712958, 0.801781737193764, -0.137464809961275, 20, 35, 1.13452
0.649413956712958, 0.804899777282851, -0.137463748264382, 20, 34, 1.10204
0.649413956712958, 0.808017817371938, -0.137462681469542, 20, 34, 1.10121
0.649413956712958, 0.811135857461025, -0.13746160906828, 20, 34, 1.1433
0.649413956712958, 0.814253897550111, -0.137460531124812, 20, 34, 1.10137
0.649413956712958, 0.817371937639198, -0.137459447704584, 20, 34, 1.09922
0.649413956712958, 0.820489977728285, -0.137458358874277, 20, 34, 1.1035
0.649413956712958, 0.823608017817372, -0.137457264701804, 20, 34, 1.09867
0.649413956712958, 0.826726057906459, -0.137456165256313, 20, 34, 1.12659
0.649413956712958, 0.829844097995546, -0.137455060063323, 20, 33, 1.14576
0.649413956712958, 0.832962138084633, -0.137453950320154, 20, 33, 1.0707
0.649413956712958, 0.836080178173719, -0.137452835516445, 20, 33, 1.06373
0.649413956712958, 0.839198218262806, -0.137451715726432, 20, 33, 1.06365
0.649413956712958, 0.842316258351893, -0.13745059102557, 20, 33, 1.06359
0.649413956712958, 0.84543429844098, -0.137449461490538, 20, 33, 1.06362
0.649413956712958, 0.848552338530067, -0.137448327199231, 20, 33, 1.06283
0.649413956712958, 0.851670378619154, -0.137447188230763, 20, 33, 1.06287
0.649413956712958, 0.854788418708241, -0.137446044091653, 20, 32, 1.02976
0.649413956712958, 0.857906458797328, -0.137444896047846, 20, 32, 1.03054
0.649413956712958, 0.861024498886414, -0.137443743569159, 20, 32, 1.03112
0.649413956712958, 0.864142538975501, -0.137442586739709, 20, 32, 1.03434
0.649413956712958, 0.867260579064588, -0.137441425644812, 20, 32, 1.03106
0.649413956712958, 0.870378619153675, -0.137440260370978, 20, 32, 1.03425
0.649413956712958, 0.873496659242762, -0.137439091005912, 20, 32, 1.03428
0.649413956712958, 0.876614699331849, -0.137437917638509, 20, 32, 1.03709
0.649413956712958, 0.879732739420936, -0.137436740358853, 20, 32, 1.0297
0.649413956712958, 0.882850779510022, -0.137435559258212, 20, 32, 1.03364
0.649413956712958, 0.885968819599109, -0.137434373879088, 20, 31, 0.996812
0.649413956712958, 0.889086859688196, -0.137433185449194, 20, 31, 0.996685
0.649413956712958, 0.892204899777283, -0.137431993477078, 20, 31, 0.996619
0.649413956712958, 0.89532293986637, -0.137430798058842, 20, 31, 0.996608
0.649413956712958, 0.898440979955457, -0.137429599291749, 20, 31, 0.996951
0.649413956712958, 0.901559020044544, -0.137428397274216, 20, 31, 1.00187
0.649413956712958, 0.90467706013363, -0.137427192105809, 20, 31, 1.00956
0.649413956712958, 0.907795100222717, -0.137425983887242, 20, 31, 1.00624
0.649413956712958, 0.910913140311804, -0.137424772720371, 20, 31, 1.02517
0.649413956712958, 0.914031180400891, -0.137423558123023, 20, 30, 0.96814
0.649413956712958, 0.917149220489978, -0.137422341404888, 20, 30, 0.965617
0.649413956712958, 0.920267260579065, -0.137421122048703, 20, 30, 0.974586
0.649413956712958, 0.923385300668152, -0.137419900160966, 20, 30, 0.976074
0.649413956712958, 0.926503340757238, -0.13741867584929, 20, 30, 0.971698
0.649413956712958, 0.929621380846325, -0.137417449222388, 20, 30, 0.968117
0.649413956712958, 0.932739420935412, -0.137416220390076, 20, 30, 0.972617
0.649413956712958, 0.935857461024499, -0.137414989463259, 20, 30, 1.01671
0.649413956712958, 0.938975501113586, -0.137413756557254, 20, 30, 0.964383
0.649413956712958, 0.942093541202673, -0.137412521778494, 20, 30, 0.972625
0.649413956712958, 0.945211581291759, -0.137411285244462, 20, 30, 1.00458
0.649413956712958, 0.948329621380847, -0.137410046496597, 20, 29, 0.949925
0.649413956712958, 0.951447661469933, -0.137408806832208, 20, 29, 0.935716
0.649413956712958, 0.95456570155902, -0.137407565759472, 20, 29, 0.935931
0.649413956712958, 0.957683741648107, -0.137406323396906, 20, 29, 0.943115
0.649413956712958, 0.960801781737194, -0.137405079864061, 20, 29, 0.960949
0.649413956712958, 0.963919821826281, -0.137403835281526, 20, 29, 0.938578
0.649413956712958, 0.967037861915368, -0.137402589770913, 20, 29, 0.931796
0.649413956712958, 0.970155902004454, -0.137401343454853, 20, 29, 0.939403
0.649413956712958, 0.973273942093541, -0.137400096456994, 20, 29, 0.938789
0.649413956712958, 0.976391982182628, -0.137398848901988, 20, 29, 0.943111
0.649413956712958, 0.979510022271715, -0.137397600915485, 20, 29, 0.942608
0.649413956712958, 0.982628062360802, -0.137396352034575, 20, 28, 0.898255
0.649413956712958, 0.985746102449889, -0.137395103599208, 20, 28, 0.897684
0.649413956712958, 0.988864142538975, -0.13739385511336, 20, 28, 0.897923
0.649413956712958, 0.991982182628063, -0.137392606706714, 20, 28, 0.905954
0.649413956712958, 0.995100222717149, -0.137391358509908, 20, 28, 0.987339
0.649413956712958, 0.998218262806236, -0.137390110654533, 20, 28, 0.922555
0.649413956712958, 1.00133630289532, -0.137388863273122, 20, 28, 0.981659
0.649413956712958, 1.00445434298441, -0.137387616499141, 20, 28, 0.957703
0.649413956712958, 1.0075723830735, -0.137386370466986, 20, 28, 0.903017
0.649413956712958, 1.01069042316258, -0.137385125311973, 20, 28, 0.897399
0.649413956712958, 1.01380846325167, -0.13738388117033, 20, 28, 0.900952
0.649413956712958, 1.01692650334076, -0.13738263817919, 20, 28, 0.905244
0.649413956712958, 1.02004454342984, -0.137381395876301, 20, 27, 0.868477
0.649413956712958, 1.02316258351893, -0.137380155633784, 20, 27, 0.864634
0.649413956712958, 1.02628062360802, -0.137378916956747, 20, 27, 0.864631
0.649413956712958, 1.0293986636971, -0.137377679985958, 20, 27, 0.864568
0.649413956712958, 1.03251670378619, -0.137376444863042, 20, 27, 0.864567
0.649413956712958, 1.03563474387528, -0.137375211730479, 20, 27, 0.864596
0.649413956712958, 1.03875278396437, -0.137373980731588, 20, 27, 0.864554
0.649413956712958, 1.04187082405345, -0.137372752010527, 20, 27, 0.86365
0.649413956712958, 1.04498886414254, -0.137371525712279, 20, 27, 0.865424
0.649413956712958, 1.04810690423163, -0.137370301982647, 20, 27, 0.86385
0.649413956712958, 1.05122494432071, -0.137369080968242, 20, 27, 0.872711
0.649413956712958, 1.0543429844098, -0.137367862816481, 20, 27, 0.863674
0.649413956712958, 1.05746102449889, -0.137366647675571, 20, 27, 0.864523
0.649413956712958, 1.06057906458797, -0.137365435084995, 20, 26, 0.831469
0.649413956712958, 1.06369710467706, -0.137364226445496, 20, 26, 0.831414
0.649413956712958, 1.06681514476615, -0.13736302126448, 20, 26, 0.831451
0.649413956712958, 1.06993318485523, -0.137361819693334, 20, 26, 0.844178
0.649413956712958, 1.07305122494432, -0.137360621884187, 20, 26, 0.836276
0.649413956712958, 1.07616926503341, -0.137359427989911, 20, 26, 0.845866
0.649413956712958, 1.07928730512249, -0.137358238164102, 20, 26, 0.850679
0.649413956712958, 1.08240534521158, -0.137357052561081, 20, 26, 0.922972
0.649413956712958, 1.08552338530067, -0.137355871335879, 20, 26, 0.925542
0.649413956712958, 1.08864142538976, -0.137354694644232, 20, 26, 0.850888
0.649413956712958, 1.09175946547884, -0.137353522642569, 20, 26, 0.87389
0.649413956712958, 1.09487750556793, -0.137352355488008, 20, 26, 0.833544
0.649413956712958, 1.09799554565702, -0.137351193338344, 20, 26, 0.885891
0.649413956712958, 1.1011135857461, -0.137350036352038, 20, 26, 0.830438
0.649413956712958, 1.10423162583519, -0.137348884067132, 20, 25, 0.797513
0.649413956712958, 1.10734966592428, -0.137347737916905, 20, 25, 0.797514
0.649413956712958, 1.11046770601336, -0.137346597407776, 20, 25, 0.797964
0.649413956712958, 1.11358574610245, -0.137345462700874, 20, 25, 0.80253
0.649413956712958, 1.11670378619154, -0.137344333957951, 20, 25, 0.798281
0.649413956712958, 1.11982182628062, -0.13734321134137, 20, 25, 0.797734
0.649413956712958, 1.12293986636971, -0.137342095014097, 20, 25, 0.79797
0.649413956712958, 1.1260579064588, -0.137340985143677, 20, 25, 0.799269
0.649413956712958, 1.12917594654788, -0.137339881886281, 20, 25, 0.799305
0.649413956712958, 1.13229398663697, -0.137338785410628, 20, 25, 0.798451
0.649413956712958, 1.13541202672606, -0.137337695882012, 20, 25, 0.798469
0.649413956712958, 1.13853006681514, -0.137336613466287, 20, 25, 0.79851
0.649413956712958, 1.14164810690423, -0.137335538329858, 20, 25, 0.798205
0.649413956712958, 1.14476614699332, -0.137334470639675, 20, 25, 0.79823
0.649413956712958, 1.14788418708241, -0.137333410563217, 20, 25, 0.798204
0.649413956712958, 1.15100222717149, -0.137332358268492, 20, 25, 0.798112
0.649413956712958, 1.15412026726058, -0.137331313315855, 20, 24, 0.765898
0.649413956712958, 1.15723830734967, -0.137330277120168, 20, 24, 0.785864
0.649413956712958, 1.16035634743875, -0.137329249211872, 20, 24, 0.765429
0.649413956712958, 1.16347438752784, -0.137328229761053, 20, 24, 0.765377
0.649413956712958, 1.16659242761693, -0.137327218938279, 20, 24, 0.765436
0.649413956712958, 1.16971046770601, -0.137326216914585, 20, 24, 0.765377
0.649413956712958, 1.1728285077951, -0.137325223861469, 20, 24, 0.765365
0.649413956712958, 1.17594654788419, -0.137324239950878, 20, 24, 0.765323
0.649413956712958, 1.17906458797327, -0.137323265355207, 20, 24, 0.775593
0.649413956712958, 1.18218262806236, -0.137322300247282, 20, 24, 0.830322
0.649413956712958, 1.18530066815145, -0.13732134480036, 20, 24, 0.780776
0.649413956712958, 1.18841870824053, -0.137320399188114, 20, 24, 0.764952
0.649413956712958, 1.19153674832962, -0.137319463584626, 20, 24, 0.764727
0.649413956712958, 1.19465478841871, -0.137318538164383, 20, 24, 0.796839
0.649413956712958, 1.1977728285078, -0.13731762310226, 20, 24, 0.787052
0.649413956712958, 1.20089086859688, -0.13731671857352, 20, 24, 0.798717
0.649413956712958, 1.20400890868597, -0.1373158247538, 20, 24, 0.854972
0.649413956712958, 1.20712694877506, -0.137314941211329, 20, 23, 0.74156
0.649413956712958, 1.21024498886414, -0.137314069366305, 20, 23, 0.753421
0.649413956712958, 1.21336302895323, -0.137313208758074, 20, 23, 0.738658
0.649413956712958, 1.21648106904232, -0.137312359563755, 20, 23, 0.80035
0.649413956712958, 1.2195991091314, -0.137311521960798, 20, 23, 0.784065
0.649413956712958, 1.22271714922049, -0.137310696126975, 20, 23, 0.791049
0.649413956712958, 1.22583518930958, -0.137309882240376, 20, 23, 0.753309
0.649413956712958, 1.22895322939866, -0.137309080479394, 20, 23, 0.731805
0.649413956712958, 1.23207126948775, -0.137308291022725, 20, 23, 0.73151
0.649413956712958, 1.23518930957684, -0.137307514049353, 20, 23, 0.731536
0.649413956712958, 1.23830734966592, -0.137306749738546, 20, 23, 0.802045
0.649413956712958, 1.24142538975501, -0.137305998269847, 20, 23, 0.782327
0.649413956712958, 1.2445434298441, -0.137305259823064, 20, 23, 0.79804
0.649413956712958, 1.24766146993318, -0.137304534578267, 20, 23, 0.740911
0.649413956712958, 1.25077951002227, -0.137303822715774, 20, 23, 0.732237
0.649413956712958, 1.25389755011136, -0.137303124416147, 20, 23, 0.731975
0.649413956712958, 1.25701559020045, -0.137302439860186, 20, 23, 0.739416
0.649413956712958, 1.26013363028953, -0.137301769228912, 20, 23, 0.736608
0.649413956712958, 1.26325167037862, -0.137301112079723, 20, 22, 0.698663
0.649413956712958, 1.26636971046771, -0.137300469869571, 20, 22, 0.702749
0.649413956712958, 1.26948775055679, -0.137299842127235, 20, 22, 0.704497
0.649413956712958, 1.27260579064588, -0.137299229034627, 20, 22, 0.698712
0.649413956712958, 1.27572383073497, -0.137298630773845, 20, 22, 0.698768
0.649413956712958, 1.27884187082405, -0.137298047527166, 20, 22, 0.708507
0.649413956712958, 1.28195991091314, -0.137297479477039, 20, 22, 0.709479
0.649413956712958, 1.28507795100223, -0.137296926806077, 20, 22, 0.729961
0.649413956712958, 1.28819599109131, -0.137296389697048, 20, 22, 0.708175
0.649413956712958, 1.2913140311804, -0.137295868332871, 20, 22, 0.742969
0.649413956712958, 1.29443207126949, -0.137295362896607, 20, 22, 0.706309
0.649413956712958, 1.29755011135857, -0.137294873571451, 20, 22, 0.699291
0.649413956712958, 1.30066815144766, -0.137294400540726, 20, 22, 0.70279
0.649413956712958, 1.30378619153675, -0.137293943987875, 20, 22, 0.702265
0.649413956712958, 1.30690423162584, -0.137293504096454, 20, 22, 0.699236
0.649413956712958, 1.31002227171492, -0.137293081050125, 20, 22, 0.709858
0.649413956712958, 1.31314031180401, -0.137292675032651, 20, 22, 0.699008
0.649413956712958, 1.3162583518931, -0.137292286227882, 20, 22, 0.698891
0.649413956712958, 1.31937639198218, -0.137291914819758, 20, 22, 0.698424
0.649413956712958, 1.32249443207127, -0.137291560992295, 20, 22, 0.698416
0.649413956712958, 1.32561247216036, -0.137291224295831, 20, 21, 0.665444
0.649413956712958, 1.32873051224944, -0.137290906208996, 20, 21, 0.665495
0.649413956712958, 1.33184855233853, -0.137290606254122, 20, 21, 0.666061
0.649413956712958, 1.33496659242762, -0.137290324615515, 20, 21, 0.66535
0.649413956712958, 1.3380846325167, -0.137290061477526, 20, 21, 0.665294
0.649413956712958, 1.34120267260579, -0.137289817024538, 20, 21, 0.669136
0.649413956712958, 1.34432071269488, -0.137289591440964, 20, 21, 0.669102
0.649413956712958, 1.34743875278396, -0.137289384911239, 20, 21, 0.665488
0.649413956712958, 1.35055679287305, -0.137289197619814, 20, 21, 0.669352
0.649413956712958, 1.35367483296214, -0.137289029751149, 20, 21, 0.665187
0.649413956712958, 1.35679287305122, -0.137288881489705, 20, 21, 0.665118
0.649413956712958, 1.35991091314031, -0.137288753019943, 20, 21, 0.664492
0.649413956712958, 1.3630289532294, -0.137288644526312, 20, 21, 0.668177
0.649413956712958, 1.36614699331849, -0.137288556193245, 20, 21, 0.676268
0.649413956712958, 1.36926503340757, -0.137288488205152, 20, 21, 0.69174
0.649413956712958, 1.37238307349666, -0.137288440746417, 20, 21, 0.715167
0.649413956712958, 1.37550111358575, -0.137288414001386, 20, 21, 0.715046
0.649413956712958, 1.37861915367483, -0.137288408154367, 20, 21, 0.66933
0.649413956712958, 1.38173719376392, -0.137288423389622, 20, 21, 0.665659
0.649413956712958, 1.38485523385301, -0.137288459891357, 20, 21, 0.669927
0.649413956712958, 1.38797327394209, -0.137288517843721, 20, 21, 0.735688
0.649413956712958, 1.39109131403118, -0.1372885974308, 20, 21, 0.707633
0.649413956712958, 1.39420935412027, -0.137288698836609, 20, 21, 0.734916
0.649413956712958, 1.39732739420935, -0.137288821626018, 20, 20, 0.635299
0.649413956712958, 1.40044543429844, -0.13728896724615, 20, 20, 0.645394
0.649413956712958, 1.40356347438753, -0.13728913523556, 20, 20, 0.637267
0.649413956712958, 1.40668151447661, -0.137289325782942, 20, 20, 0.633617
0.649413956712958, 1.4097995545657, -0.137289539061942, 20, 20, 0.633308
0.649413956712958, 1.41291759465479, -0.137289775261059, 20, 20, 0.633316
0.649413956712958, 1.41603563474388, -0.137290034563694, 20, 20, 0.6372
0.649413956712958, 1.41915367483296, -0.137290317153129, 20, 20, 0.637391
0.649413956712958, 1.42227171492205, -0.137290623212522, 20, 20, 0.632282
0.649413956712958, 1.42538975501114, -0.137290952924908, 20, 20, 0.632773
0.649413956712958, 1.42850779510022, -0.137291306473185, 20, 20, 0.645066
0.649413956712958, 1.43162583518931, -0.137291684040115, 20, 20, 0.673901
0.649413956712958, 1.4347438752784, -0.137292085808316, 20, 20, 0.636702
0.649413956712958, 1.43786191536748, -0.13729251196026, 20, 20, 0.632456
0.649413956712958, 1.44097995545657, -0.137292962678264, 20, 20, 0.636297
0.649413956712958, 1.44409799554566, -0.137293438144485, 20, 20, 0.655774
0.649413956712958, 1.44721603563474, -0.137293938540919, 20, 20, 0.64448
0.649413956712958, 1.45033407572383, -0.137294464049392, 20, 20, 0.632247
0.649413956712958, 1.45345211581292, -0.13729501485156, 20, 20, 0.634262
0.649413956712958, 1.456570155902, -0.137295591128896, 20, 20, 0.633075
0.649413956712958, 1.45968819599109, -0.137296193062695, 20, 20, 0.63362
0.649413956712958, 1.46280623608018, -0.137296820834061, 20, 20, 0.63329
0.649413956712958, 1.46592427616927, -0.137297474623907, 20, 20, 0.658848
0.649413956712958, 1.46904231625835, -0.137298154612949, 20, 20, 0.64451
0.649413956712958, 1.47216035634744, -0.137298860340578, 20, 19, 0.599346
0.649413956712958, 1.47527839643653, -0.137299593294104, 20, 19, 0.601981
0.649413956712958, 1.47839643652561, -0.137300352986793, 20, 19, 0.61368
0.649413956712958, 1.4815144766147, -0.137301139598562, 20, 19, 0.60108
0.649413956712958, 1.48463251670379, -0.13730195330911, 20, 19, 0.652808
0.649413956712958, 1.48775055679287, -0.137302794297908, 20, 19, 0.642677
0.649413956712958, 1.49086859688196, -0.1373036627442, 20, 19, 0.606758
0.649413956712958, 1.49398663697105, -0.137304558826993, 20, 19, 0.600157
0.649413956712958, 1.49710467706013, -0.137305482725059, 20, 19, 0.606378
0.649413956712958, 1.50022271714922, -0.137306434616925, 20, 19, 0.604211
0.649413956712958, 1.50334075723831, -0.137307414680873, 20, 19, 0.599216
0.649413956712958, 1.50645879732739, -0.137308423094933, 20, 19, 0.600983
0.649413956712958, 1.50957683741648, -0.137309460036882, 20, 19, 0.603885
0.649413956712958, 1.51269487750557, -0.13731052568424, 20, 19, 0.599825
0.649413956712958, 1.51581291759465, -0.13731162021426, 20, 19, 0.612012
0.649413956712958, 1.51893095768374, -0.137312743803933, 20, 19, 0.621487
0.649413956712958, 1.52204899777283, -0.137313896629977, 20, 19, 0.601986
0.649413956712958, 1.52516703786192, -0.137315078868837, 20, 19, 0.60831
0.649413956712958, 1.528285077951, -0.13731629069668, 20, 19, 0.599956
0.649413956712958, 1.53140311804009, -0.137317532289392, 20, 19, 0.600397
0.649413956712958, 1.53452115812918, -0.137318803822572, 20, 19, 0.620475
0.649413956712958, 1.53763919821826, -0.137320105471532, 20, 19, 0.605599
0.649413956712958, 1.54075723830735, -0.13732143741129, 20, 19, 0.618828
0.649413956712958, 1.54387527839644, -0.137322799816569, 20, 19, 0.67407
0.649413956712958, 1.54699331848552, -0.137324192861792, 20, 19, 0.603037
0.649413956712958, 1.55011135857461, -0.137325616721079, 20, 19, 0.607458
0.649413956712958, 1.5532293986637, -0.137327071568242, 20, 19, 0.599444
0.649413956712958, 1.55634743875278, -0.137328557576786, 20, 19, 0.688951
0.649413956712958, 1.55946547884187, -0.137330074286399, 20, 18, 0.602544
0.649413956712958, 1.56258351893096, -0.13733162316016, 20, 18, 0.622352
0.649413956712958, 1.56570155902004, -0.13733320371307, 20, 18, 0.594881
0.649413956712958, 1.56881959910913, -0.13733481611739, 20, 18, 0.602841
0.649413956712958, 1.57193763919822, -0.137336460545056, 20, 18, 0.574969
0.649413956712958, 1.57505567928731, -0.137338137167669, 20, 18, 0.58413
0.649413956712958, 1.57817371937639, -0.1373398461565, 20, 18, 0.579325
0.649413956712958, 1.58129175946548, -0.137341587682481, 20, 18, 0.627983
0.649413956712958, 1.58440979955457, -0.137343361916206, 20, 18, 0.624996
0.649413956712958, 1.58752783964365, -0.137345169027925, 20, 18, 0.603027
0.649413956712958, 1.59064587973274, -0.137347009187544, 20, 18, 0.569845
0.649413956712958, 1.59376391982183, -0.137348882564619, 20, 18, 0.589712
0.649413956712958, 1.59688195991091, -0.137350789328355, 20, 18, 0.565789
0.649413956712958, 1.6, -0.137352729647603, 20, 18, 0.57702
# finished at Wed Apr 30 05:08:53 CEST 2014
