# starting on alcc60 at Wed Apr 30 04:16:17 CEST 2014
# casimir, -T, 0.200000,1.600000,450, -Q, 0.545210649569152, -p, 1e-08, -L, 20
# Compiler icc, using long double and plain matrix elements and plain integration
# precision=1e-08
# lfac=5
# cores=1
# L=0.545211
# T=0.2...1.6 (450)
#
# R/(L+R), T, F, lmax, nmax, time
0.545210649569152, 0.2, -0.0555504831336763, 20, 105, 3.27346
0.545210649569152, 0.203118040089087, -0.0555504629933397, 20, 104, 3.22316
0.545210649569152, 0.206236080178174, -0.0555504418262545, 20, 102, 3.15963
0.545210649569152, 0.209354120267261, -0.0555504197981628, 20, 101, 3.13033
0.545210649569152, 0.212472160356347, -0.0555503966876848, 20, 99, 3.06331
0.545210649569152, 0.215590200445434, -0.0555503726657378, 20, 98, 3.03636
0.545210649569152, 0.218708240534521, -0.055550347502047, 20, 96, 2.97
0.545210649569152, 0.221826280623608, -0.0555503213771687, 20, 95, 2.93961
0.545210649569152, 0.224944320712695, -0.0555502941563878, 20, 94, 2.91301
0.545210649569152, 0.228062360801782, -0.0555502657046732, 20, 92, 2.84445
0.545210649569152, 0.231180400890869, -0.0555502362125855, 20, 91, 2.83355
0.545210649569152, 0.234298440979955, -0.0555502055404743, 20, 90, 2.8476
0.545210649569152, 0.237416481069042, -0.0555501736582704, 20, 89, 2.89657
0.545210649569152, 0.240534521158129, -0.0555501405376625, 20, 88, 2.81264
0.545210649569152, 0.243652561247216, -0.0555501061493403, 20, 87, 2.85938
0.545210649569152, 0.246770601336303, -0.055550070463691, 20, 86, 2.70365
0.545210649569152, 0.24988864142539, -0.0555500334515699, 20, 85, 2.62629
0.545210649569152, 0.253006681514477, -0.0555499950813196, 20, 84, 2.59406
0.545210649569152, 0.256124721603563, -0.0555499553232608, 20, 83, 2.56544
0.545210649569152, 0.25924276169265, -0.0555499141467055, 20, 82, 2.53125
0.545210649569152, 0.262360801781737, -0.0555498715207246, 20, 81, 2.50661
0.545210649569152, 0.265478841870824, -0.0555498274141364, 20, 80, 2.49601
0.545210649569152, 0.268596881959911, -0.0555497817963285, 20, 79, 2.43927
0.545210649569152, 0.271714922048998, -0.0555497346340382, 20, 78, 2.41104
0.545210649569152, 0.274832962138085, -0.0555496858961814, 20, 77, 2.37673
0.545210649569152, 0.277951002227172, -0.0555496355506273, 20, 76, 2.34438
0.545210649569152, 0.281069042316258, -0.0555495835650131, 20, 75, 2.3122
0.545210649569152, 0.284187082405345, -0.0555495300347986, 20, 75, 2.31359
0.545210649569152, 0.287305122494432, -0.055549474679219, 20, 74, 2.28148
0.545210649569152, 0.290423162583519, -0.055549417587204, 20, 73, 2.25204
0.545210649569152, 0.293541202672606, -0.0555493587238265, 20, 72, 2.22002
0.545210649569152, 0.296659242761693, -0.0555492980565238, 20, 71, 2.18801
0.545210649569152, 0.29977728285078, -0.055549235692375, 20, 71, 2.18916
0.545210649569152, 0.302895322939866, -0.0555491713286539, 20, 70, 2.15698
0.545210649569152, 0.306013363028953, -0.0555491050611192, 20, 69, 2.12527
0.545210649569152, 0.30913140311804, -0.0555490369959376, 20, 69, 2.1262
0.545210649569152, 0.312249443207127, -0.0555489668325694, 20, 68, 2.09543
0.545210649569152, 0.315367483296214, -0.0555488946641316, 20, 67, 2.06272
0.545210649569152, 0.318485523385301, -0.0555488206015211, 20, 67, 2.0648
0.545210649569152, 0.321603563474388, -0.0555487443356397, 20, 66, 2.03256
0.545210649569152, 0.324721603563474, -0.0555486659621405, 20, 65, 2.00122
0.545210649569152, 0.327839643652561, -0.0555485855998734, 20, 65, 2.00199
0.545210649569152, 0.330957683741648, -0.0555485029254539, 20, 64, 1.96989
0.545210649569152, 0.334075723830735, -0.0555484181878435, 20, 64, 1.96991
0.545210649569152, 0.337193763919822, -0.0555483310761127, 20, 63, 1.93897
0.545210649569152, 0.340311804008909, -0.0555482416842534, 20, 62, 1.90687
0.545210649569152, 0.343429844097996, -0.0555481501422918, 20, 62, 1.907
0.545210649569152, 0.346547884187082, -0.0555480561072355, 20, 61, 1.87487
0.545210649569152, 0.349665924276169, -0.0555479598522034, 20, 61, 1.87753
0.545210649569152, 0.352783964365256, -0.0555478610363806, 20, 60, 1.84556
0.545210649569152, 0.355902004454343, -0.0555477599301628, 20, 60, 1.84551
0.545210649569152, 0.35902004454343, -0.0555476561957328, 20, 59, 1.81324
0.545210649569152, 0.362138084632517, -0.0555475501031069, 20, 59, 1.8155
0.545210649569152, 0.365256124721604, -0.0555474413120407, 20, 58, 1.78268
0.545210649569152, 0.36837416481069, -0.0555473300966288, 20, 58, 1.78248
0.545210649569152, 0.371492204899777, -0.0555472161107948, 20, 57, 1.75051
0.545210649569152, 0.374610244988864, -0.0555470996362656, 20, 57, 1.7515
0.545210649569152, 0.377728285077951, -0.0555469803175066, 20, 56, 1.71936
0.545210649569152, 0.380846325167038, -0.0555468584476912, 20, 56, 1.71949
0.545210649569152, 0.383964365256125, -0.0555467338176104, 20, 56, 1.71956
0.545210649569152, 0.387082405345212, -0.0555466062581014, 20, 55, 1.6902
0.545210649569152, 0.390200445434298, -0.0555464760286678, 20, 55, 1.69036
0.545210649569152, 0.393318485523385, -0.0555463427917548, 20, 54, 1.67008
0.545210649569152, 0.396436525612472, -0.0555462068276913, 20, 54, 1.66583
0.545210649569152, 0.399554565701559, -0.0555460677771346, 20, 53, 1.67975
0.545210649569152, 0.402672605790646, -0.055545925943808, 20, 53, 1.66839
0.545210649569152, 0.405790645879733, -0.0555457811138803, 20, 53, 1.70698
0.545210649569152, 0.40890868596882, -0.0555456331060252, 20, 52, 1.74602
0.545210649569152, 0.412026726057906, -0.0555454822055179, 20, 52, 1.67337
0.545210649569152, 0.415144766146993, -0.0555453280445697, 20, 51, 1.57328
0.545210649569152, 0.41826280623608, -0.0555451709408867, 20, 51, 1.56439
0.545210649569152, 0.421380846325167, -0.0555450106742684, 20, 51, 1.58384
0.545210649569152, 0.424498886414254, -0.0555448470526871, 20, 50, 1.53289
0.545210649569152, 0.427616926503341, -0.0555446803849592, 20, 50, 1.54503
0.545210649569152, 0.430734966592428, -0.0555445104563871, 20, 50, 1.54447
0.545210649569152, 0.433853006681514, -0.0555443370766854, 20, 49, 1.59858
0.545210649569152, 0.436971046770601, -0.0555441605529349, 20, 49, 1.50305
0.545210649569152, 0.440089086859688, -0.0555439806703149, 20, 49, 1.5028
0.545210649569152, 0.443207126948775, -0.0555437972390491, 20, 48, 1.47081
0.545210649569152, 0.446325167037862, -0.0555436105675538, 20, 48, 1.47065
0.545210649569152, 0.449443207126949, -0.0555434204431929, 20, 48, 1.47666
0.545210649569152, 0.452561247216036, -0.0555432266714769, 20, 47, 1.43949
0.545210649569152, 0.455679287305123, -0.0555430295692565, 20, 47, 1.44058
0.545210649569152, 0.458797327394209, -0.0555428289204976, 20, 47, 1.43989
0.545210649569152, 0.461915367483296, -0.0555426245244922, 20, 46, 1.40783
0.545210649569152, 0.465033407572383, -0.0555424167127151, 20, 46, 1.41619
0.545210649569152, 0.46815144766147, -0.0555422052625751, 20, 46, 1.42052
0.545210649569152, 0.471269487750557, -0.0555419901447746, 20, 46, 1.42336
0.545210649569152, 0.474387527839644, -0.0555417711699223, 20, 45, 1.37785
0.545210649569152, 0.477505567928731, -0.0555415486477286, 20, 45, 1.37791
0.545210649569152, 0.480623608017817, -0.0555413223688404, 20, 45, 1.48379
0.545210649569152, 0.483741648106904, -0.0555410921318906, 20, 44, 1.46479
0.545210649569152, 0.486859688195991, -0.0555408582739215, 20, 44, 1.35585
0.545210649569152, 0.489977728285078, -0.0555406205725487, 20, 44, 1.43619
0.545210649569152, 0.493095768374165, -0.0555403790002405, 20, 44, 1.41339
0.545210649569152, 0.496213808463252, -0.0555401333605039, 20, 43, 1.3656
0.545210649569152, 0.499331848552339, -0.055539883984526, 20, 43, 1.3411
0.545210649569152, 0.502449888641425, -0.0555396306528626, 20, 43, 1.34202
0.545210649569152, 0.505567928730512, -0.0555393733406351, 20, 43, 1.34612
0.545210649569152, 0.508685968819599, -0.0555391118525916, 20, 42, 1.2915
0.545210649569152, 0.511804008908686, -0.0555388465191915, 20, 42, 1.29714
0.545210649569152, 0.514922048997773, -0.0555385771257799, 20, 42, 1.35638
0.545210649569152, 0.51804008908686, -0.0555383036472914, 20, 42, 1.28728
0.545210649569152, 0.521158129175947, -0.0555380258860907, 20, 41, 1.25668
0.545210649569152, 0.524276169265034, -0.0555377441814416, 20, 41, 1.25644
0.545210649569152, 0.52739420935412, -0.0555374583164398, 20, 41, 1.25644
0.545210649569152, 0.530512249443207, -0.0555371682674562, 20, 41, 1.25264
0.545210649569152, 0.533630289532294, -0.055536873830571, 20, 40, 1.22063
0.545210649569152, 0.536748329621381, -0.0555365753624361, 20, 40, 1.22055
0.545210649569152, 0.539866369710468, -0.0555362726395644, 20, 40, 1.22149
0.545210649569152, 0.542984409799555, -0.0555359656398929, 20, 40, 1.22033
0.545210649569152, 0.546102449888642, -0.0555356541487862, 20, 39, 1.18849
0.545210649569152, 0.549220489977728, -0.0555353385499479, 20, 39, 1.1902
0.545210649569152, 0.552338530066815, -0.055535018608412, 20, 39, 1.1906
0.545210649569152, 0.555456570155902, -0.0555346943038136, 20, 39, 1.1896
0.545210649569152, 0.558574610244989, -0.0555343656161718, 20, 39, 1.18961
0.545210649569152, 0.561692650334076, -0.0555340323356405, 20, 38, 1.15753
0.545210649569152, 0.564810690423163, -0.0555336948420392, 20, 38, 1.15744
0.545210649569152, 0.567928730512249, -0.055533352906123, 20, 38, 1.15758
0.545210649569152, 0.571046770601336, -0.0555330065097593, 20, 38, 1.15755
0.545210649569152, 0.574164810690423, -0.0555326556352458, 20, 38, 1.15766
0.545210649569152, 0.57728285077951, -0.0555323000724443, 20, 37, 1.12549
0.545210649569152, 0.580400890868597, -0.0555319402102826, 20, 37, 1.12817
0.545210649569152, 0.583518930957684, -0.0555315758161002, 20, 37, 1.12906
0.545210649569152, 0.586636971046771, -0.0555312068759334, 20, 37, 1.12811
0.545210649569152, 0.589755011135857, -0.0555308333745461, 20, 37, 1.12808
0.545210649569152, 0.592873051224944, -0.0555304552971827, 20, 37, 1.12823
0.545210649569152, 0.595991091314031, -0.0555300724471028, 20, 36, 1.09612
0.545210649569152, 0.599109131403118, -0.0555296851923096, 20, 36, 1.09693
0.545210649569152, 0.602227171492205, -0.0555292933187152, 20, 36, 1.09579
0.545210649569152, 0.605345211581292, -0.0555288968137297, 20, 36, 1.0957
0.545210649569152, 0.608463251670379, -0.0555284956652788, 20, 36, 1.09597
0.545210649569152, 0.611581291759466, -0.0555280896658124, 20, 35, 1.06399
0.545210649569152, 0.614699331848552, -0.0555276792139086, 20, 35, 1.06633
0.545210649569152, 0.617817371937639, -0.0555272640839365, 20, 35, 1.06527
0.545210649569152, 0.620935412026726, -0.055526844266128, 20, 35, 1.06538
0.545210649569152, 0.624053452115813, -0.0555264197512602, 20, 35, 1.06539
0.545210649569152, 0.6271714922049, -0.0555259905306692, 20, 35, 1.06521
0.545210649569152, 0.630289532293987, -0.0555255563987035, 20, 34, 1.03411
0.545210649569152, 0.633407572383074, -0.0555251177601931, 20, 34, 1.0332
0.545210649569152, 0.63652561247216, -0.0555246743919119, 20, 34, 1.03316
0.545210649569152, 0.639643652561247, -0.0555242262876491, 20, 34, 1.03308
0.545210649569152, 0.642761692650334, -0.0555237734417839, 20, 34, 1.03308
0.545210649569152, 0.645879732739421, -0.0555233158492933, 20, 34, 1.03401
0.545210649569152, 0.648997772828508, -0.0555228532999417, 20, 33, 1.00114
0.545210649569152, 0.652115812917595, -0.0555223862190216, 20, 33, 1.0023
0.545210649569152, 0.655233853006682, -0.0555219143785958, 20, 33, 1.00233
0.545210649569152, 0.658351893095768, -0.0555214377762414, 20, 33, 1.00222
0.545210649569152, 0.661469933184855, -0.0555209564101567, 20, 33, 1.00234
0.545210649569152, 0.664587973273942, -0.055520470279173, 20, 33, 1.00343
0.545210649569152, 0.667706013363029, -0.0555199793827621, 20, 33, 1.00306
0.545210649569152, 0.670824053452116, -0.05551948351764, 20, 32, 0.970571
0.545210649569152, 0.673942093541203, -0.0555189831081386, 20, 32, 0.970293
0.545210649569152, 0.67706013363029, -0.0555184779341655, 20, 32, 0.970276
0.545210649569152, 0.680178173719376, -0.0555179679979369, 20, 32, 0.971186
0.545210649569152, 0.683296213808463, -0.0555174533023335, 20, 32, 0.970233
0.545210649569152, 0.68641425389755, -0.0555169338509081, 20, 32, 0.970422
0.545210649569152, 0.689532293986637, -0.0555164096478908, 20, 32, 0.970266
0.545210649569152, 0.692650334075724, -0.0555158804892747, 20, 31, 0.938121
0.545210649569152, 0.695768374164811, -0.0555153468152001, 20, 31, 0.939333
0.545210649569152, 0.698886414253898, -0.0555148084071009, 20, 31, 0.941848
0.545210649569152, 0.702004454342984, -0.0555142652679233, 20, 31, 0.940858
0.545210649569152, 0.705122494432071, -0.055513717407557, 20, 31, 0.940646
0.545210649569152, 0.708240534521158, -0.0555131648345119, 20, 31, 0.940625
0.545210649569152, 0.711358574610245, -0.0555126075580078, 20, 31, 0.940719
0.545210649569152, 0.714476614699332, -0.0555120455879795, 20, 31, 0.940894
0.545210649569152, 0.717594654788419, -0.0555114787293039, 20, 30, 0.909801
0.545210649569152, 0.720712694877506, -0.0555109074208468, 20, 30, 0.908746
0.545210649569152, 0.723830734966592, -0.0555103314517813, 20, 30, 0.908845
0.545210649569152, 0.726948775055679, -0.0555097508350461, 20, 30, 0.908811
0.545210649569152, 0.730066815144766, -0.0555091655843121, 20, 30, 0.908735
0.545210649569152, 0.733184855233853, -0.0555085757139861, 20, 30, 0.908759
0.545210649569152, 0.73630289532294, -0.0555079812392157, 20, 30, 0.909826
0.545210649569152, 0.739420935412027, -0.0555073821758935, 20, 30, 0.908821
0.545210649569152, 0.742538975501114, -0.0555067783288467, 20, 29, 0.876859
0.545210649569152, 0.7456570155902, -0.0555061701549767, 20, 29, 0.878058
0.545210649569152, 0.748775055679287, -0.0555055574435519, 20, 29, 0.877975
0.545210649569152, 0.751893095768374, -0.0555049402135784, 20, 29, 0.879135
0.545210649569152, 0.755011135857461, -0.055504318484814, 20, 29, 0.878225
0.545210649569152, 0.758129175946548, -0.0555036922777769, 20, 29, 0.877929
0.545210649569152, 0.761247216035635, -0.0555030616137503, 20, 29, 0.877879
0.545210649569152, 0.764365256124722, -0.0555024265147849, 20, 29, 0.877849
0.545210649569152, 0.767483296213809, -0.0555017870037024, 20, 29, 0.877875
0.545210649569152, 0.770601336302895, -0.0555011428927331, 20, 28, 0.845872
0.545210649569152, 0.773719376391982, -0.0555004946442936, 20, 28, 0.845956
0.545210649569152, 0.776837416481069, -0.0554998420557497, 20, 28, 0.845856
0.545210649569152, 0.779955456570156, -0.0554991851531144, 20, 28, 0.845818
0.545210649569152, 0.783073496659243, -0.0554985239631789, 20, 28, 0.845863
0.545210649569152, 0.78619153674833, -0.0554978585135151, 20, 28, 0.84585
0.545210649569152, 0.789309576837417, -0.0554971888324783, 20, 28, 0.845951
0.545210649569152, 0.792427616926503, -0.0554965149492093, 20, 28, 0.845901
0.545210649569152, 0.79554565701559, -0.0554958368936362, 20, 28, 0.845831
0.545210649569152, 0.798663697104677, -0.0554951544748307, 20, 27, 0.813837
0.545210649569152, 0.801781737193764, -0.0554944681831047, 20, 27, 0.815125
0.545210649569152, 0.804899777282851, -0.0554937778125146, 20, 27, 0.815069
0.545210649569152, 0.808017817371938, -0.0554930833962372, 20, 27, 0.815119
0.545210649569152, 0.811135857461025, -0.0554923849682331, 20, 27, 0.816426
0.545210649569152, 0.814253897550111, -0.0554916825632545, 20, 27, 0.815009
0.545210649569152, 0.817371937639198, -0.0554909762168469, 20, 27, 0.81509
0.545210649569152, 0.820489977728285, -0.0554902659653492, 20, 27, 0.815037
0.545210649569152, 0.823608017817372, -0.0554895518458959, 20, 27, 0.814871
0.545210649569152, 0.826726057906459, -0.055488833896417, 20, 27, 0.814807
0.545210649569152, 0.829844097995546, -0.0554881121556396, 20, 27, 0.814991
0.545210649569152, 0.832962138084633, -0.0554873864506548, 20, 26, 0.78338
0.545210649569152, 0.836080178173719, -0.055486657260982, 20, 26, 0.782984
0.545210649569152, 0.839198218262806, -0.0554859244000115, 20, 26, 0.783354
0.545210649569152, 0.842316258351893, -0.055485187909725, 20, 26, 0.791168
0.545210649569152, 0.84543429844098, -0.0554844478328983, 20, 26, 0.782934
0.545210649569152, 0.848552338530067, -0.0554837042131011, 20, 26, 0.787454
0.545210649569152, 0.851670378619154, -0.0554829570946969, 20, 26, 0.783229
0.545210649569152, 0.854788418708241, -0.0554822065228427, 20, 26, 0.787006
0.545210649569152, 0.857906458797328, -0.0554814525434896, 20, 26, 0.782944
0.545210649569152, 0.861024498886414, -0.0554806952033813, 20, 26, 0.783017
0.545210649569152, 0.864142538975501, -0.0554799345500543, 20, 26, 0.782926
0.545210649569152, 0.867260579064588, -0.0554791704155216, 20, 25, 0.751054
0.545210649569152, 0.870378619153675, -0.0554784032955931, 20, 25, 0.752131
0.545210649569152, 0.873496659242762, -0.0554776330114902, 20, 25, 0.753679
0.545210649569152, 0.876614699331849, -0.0554768596087697, 20, 25, 0.753567
0.545210649569152, 0.879732739420936, -0.0554760831415788, 20, 25, 0.753587
0.545210649569152, 0.882850779510022, -0.0554753036622431, 20, 25, 0.753547
0.545210649569152, 0.885968819599109, -0.0554745212238708, 20, 25, 0.753543
0.545210649569152, 0.889086859688196, -0.0554737358803507, 20, 25, 0.753484
0.545210649569152, 0.892204899777283, -0.0554729476863516, 20, 25, 0.757168
0.545210649569152, 0.89532293986637, -0.05547215669732, 20, 25, 0.753696
0.545210649569152, 0.898440979955457, -0.0554713629694792, 20, 25, 0.768447
0.545210649569152, 0.901559020044544, -0.0554705665598271, 20, 25, 0.753908
0.545210649569152, 0.90467706013363, -0.0554697673066949, 20, 24, 0.721897
0.545210649569152, 0.907795100222717, -0.0554689657212085, 20, 24, 0.728857
0.545210649569152, 0.910913140311804, -0.055468161628681, 20, 24, 0.722081
0.545210649569152, 0.914031180400891, -0.0554673550892427, 20, 24, 0.721937
0.545210649569152, 0.917149220489978, -0.0554665461637857, 20, 24, 0.721719
0.545210649569152, 0.920267260579065, -0.0554657349139607, 20, 24, 0.721527
0.545210649569152, 0.923385300668152, -0.0554649214021752, 20, 24, 0.721362
0.545210649569152, 0.926503340757238, -0.0554641056915916, 20, 24, 0.726935
0.545210649569152, 0.929621380846325, -0.0554632878461239, 20, 24, 0.771908
0.545210649569152, 0.932739420935412, -0.0554624679304358, 20, 24, 0.751145
0.545210649569152, 0.935857461024499, -0.0554616460099373, 20, 24, 0.721475
0.545210649569152, 0.938975501113586, -0.0554608221507828, 20, 24, 0.72176
0.545210649569152, 0.942093541202673, -0.0554599964198673, 20, 24, 0.724016
0.545210649569152, 0.945211581291759, -0.055459168661229, 20, 23, 0.689263
0.545210649569152, 0.948329621380847, -0.0554583394038355, 20, 23, 0.690909
0.545210649569152, 0.951447661469933, -0.0554575084789755, 20, 23, 0.690517
0.545210649569152, 0.95456570155902, -0.0554566759565329, 20, 23, 0.691492
0.545210649569152, 0.957683741648107, -0.0554558419071071, 20, 23, 0.70184
0.545210649569152, 0.960801781737194, -0.055455006402017, 20, 23, 0.728864
0.545210649569152, 0.963919821826281, -0.0554541695132973, 20, 23, 0.69058
0.545210649569152, 0.967037861915368, -0.0554533313136955, 20, 23, 0.690566
0.545210649569152, 0.970155902004454, -0.0554524918766681, 20, 23, 0.690483
0.545210649569152, 0.973273942093541, -0.0554516512763774, 20, 23, 0.690414
0.545210649569152, 0.976391982182628, -0.0554508095876874, 20, 23, 0.690374
0.545210649569152, 0.979510022271715, -0.0554499668861605, 20, 23, 0.690458
0.545210649569152, 0.982628062360802, -0.0554491232480533, 20, 23, 0.69122
0.545210649569152, 0.985746102449889, -0.055448278750313, 20, 23, 0.690611
0.545210649569152, 0.988864142538975, -0.0554474332398455, 20, 22, 0.658498
0.545210649569152, 0.991982182628063, -0.0554465872696685, 20, 22, 0.658495
0.545210649569152, 0.995100222717149, -0.0554457406740451, 20, 22, 0.658583
0.545210649569152, 0.998218262806236, -0.0554448935326876, 20, 22, 0.659746
0.545210649569152, 1.00133630289532, -0.0554440459259759, 20, 22, 0.65852
0.545210649569152, 1.00445434298441, -0.0554431979349535, 20, 22, 0.658492
0.545210649569152, 1.0075723830735, -0.0554423496413227, 20, 22, 0.658607
0.545210649569152, 1.01069042316258, -0.0554415011274412, 20, 22, 0.658418
0.545210649569152, 1.01380846325167, -0.0554406524763169, 20, 22, 0.658483
0.545210649569152, 1.01692650334076, -0.0554398037716043, 20, 22, 0.658384
0.545210649569152, 1.02004454342984, -0.0554389550975991, 20, 22, 0.658388
0.545210649569152, 1.02316258351893, -0.0554381065392344, 20, 22, 0.658415
0.545210649569152, 1.02628062360802, -0.0554372581820759, 20, 22, 0.658414
0.545210649569152, 1.0293986636971, -0.0554364101123168, 20, 22, 0.658453
0.545210649569152, 1.03251670378619, -0.055435562416774, 20, 22, 0.658642
0.545210649569152, 1.03563474387528, -0.0554347151828822, 20, 22, 0.658473
0.545210649569152, 1.03875278396437, -0.055433868268919, 20, 21, 0.626392
0.545210649569152, 1.04187082405345, -0.0554330222357018, 20, 21, 0.627634
0.545210649569152, 1.04498886414254, -0.055432176929405, 20, 21, 0.627699
0.545210649569152, 1.04810690423163, -0.0554313324399341, 20, 21, 0.62767
0.545210649569152, 1.05122494432071, -0.0554304888577786, 20, 21, 0.627746
0.545210649569152, 1.0543429844098, -0.0554296462740149, 20, 21, 0.627718
0.545210649569152, 1.05746102449889, -0.0554288047803008, 20, 21, 0.62776
0.545210649569152, 1.06057906458797, -0.0554279644688715, 20, 21, 0.627701
0.545210649569152, 1.06369710467706, -0.0554271254325337, 20, 21, 0.627667
0.545210649569152, 1.06681514476615, -0.0554262877646608, 20, 21, 0.627654
0.545210649569152, 1.06993318485523, -0.0554254515591874, 20, 21, 0.627603
0.545210649569152, 1.07305122494432, -0.0554246169106047, 20, 21, 0.62757
0.545210649569152, 1.07616926503341, -0.0554237839139549, 20, 21, 0.627593
0.545210649569152, 1.07928730512249, -0.0554229526648256, 20, 21, 0.627536
0.545210649569152, 1.08240534521158, -0.0554221232593452, 20, 21, 0.627779
0.545210649569152, 1.08552338530067, -0.055421295794177, 20, 21, 0.627586
0.545210649569152, 1.08864142538976, -0.055420470366514, 20, 21, 0.627602
0.545210649569152, 1.09175946547884, -0.0554196470740734, 20, 21, 0.633585
0.545210649569152, 1.09487750556793, -0.0554188257906332, 20, 20, 0.601096
0.545210649569152, 1.09799554565702, -0.0554180070756088, 20, 20, 0.59654
0.545210649569152, 1.1011135857461, -0.0554171907914365, 20, 20, 0.602938
0.545210649569152, 1.10423162583519, -0.055416377037908, 20, 20, 0.627401
0.545210649569152, 1.10734966592428, -0.0554155659153099, 20, 20, 0.607715
0.545210649569152, 1.11046770601336, -0.0554147575244188, 20, 20, 0.596775
0.545210649569152, 1.11358574610245, -0.0554139519664946, 20, 20, 0.596659
0.545210649569152, 1.11670378619154, -0.0554131493432774, 20, 20, 0.608617
0.545210649569152, 1.11982182628062, -0.0554123497569789, 20, 20, 0.612917
0.545210649569152, 1.12293986636971, -0.0554115533102785, 20, 20, 0.595546
0.545210649569152, 1.1260579064588, -0.055410760106318, 20, 20, 0.595464
0.545210649569152, 1.12917594654788, -0.0554099702486951, 20, 20, 0.607476
0.545210649569152, 1.13229398663697, -0.0554091838414575, 20, 20, 0.618465
0.545210649569152, 1.13541202672606, -0.0554084009890985, 20, 20, 0.595541
0.545210649569152, 1.13853006681514, -0.0554076217965506, 20, 20, 0.596178
0.545210649569152, 1.14164810690423, -0.0554068463691795, 20, 20, 0.595459
0.545210649569152, 1.14476614699332, -0.0554060748127791, 20, 20, 0.619011
0.545210649569152, 1.14788418708241, -0.0554053072335651, 20, 20, 0.596397
0.545210649569152, 1.15100222717149, -0.0554045437381695, 20, 20, 0.595974
0.545210649569152, 1.15412026726058, -0.0554037842035417, 20, 19, 0.564121
0.545210649569152, 1.15723830734967, -0.0554030292087745, 20, 19, 0.563924
0.545210649569152, 1.16035634743875, -0.0554022786196024, 20, 19, 0.564833
0.545210649569152, 1.16347438752784, -0.0554015325477475, 20, 19, 0.566608
0.545210649569152, 1.16659242761693, -0.055400791094929, 20, 19, 0.568466
0.545210649569152, 1.16971046770601, -0.0554000543736544, 20, 19, 0.566631
0.545210649569152, 1.1728285077951, -0.0553993224933331, 20, 19, 0.566372
0.545210649569152, 1.17594654788419, -0.0553985955637439, 20, 19, 0.566609
0.545210649569152, 1.17906458797327, -0.0553978736950285, 20, 19, 0.566646
0.545210649569152, 1.18218262806236, -0.0553971569976861, 20, 19, 0.56629
0.545210649569152, 1.18530066815145, -0.0553964455825679, 20, 19, 0.56747
0.545210649569152, 1.18841870824053, -0.0553957395608708, 20, 19, 0.566362
0.545210649569152, 1.19153674832962, -0.0553950390441324, 20, 19, 0.566622
0.545210649569152, 1.19465478841871, -0.0553943441442244, 20, 19, 0.566266
0.545210649569152, 1.1977728285078, -0.0553936549733476, 20, 19, 0.568159
0.545210649569152, 1.20089086859688, -0.0553929716440253, 20, 19, 0.566584
0.545210649569152, 1.20400890868597, -0.055392294269099, 20, 19, 0.566268
0.545210649569152, 1.20712694877506, -0.0553916229617208, 20, 19, 0.56661
0.545210649569152, 1.21024498886414, -0.0553909578353491, 20, 19, 0.566243
0.545210649569152, 1.21336302895323, -0.0553902990037421, 20, 19, 0.566607
0.545210649569152, 1.21648106904232, -0.0553896465809524, 20, 19, 0.56628
0.545210649569152, 1.2195991091314, -0.0553890006813213, 20, 19, 0.56636
0.545210649569152, 1.22271714922049, -0.0553883611929074, 20, 18, 0.534097
0.545210649569152, 1.22583518930958, -0.0553877286944478, 20, 18, 0.53408
0.545210649569152, 1.22895322939866, -0.0553871030633401, 20, 18, 0.535381
0.545210649569152, 1.23207126948775, -0.0553864844150466, 20, 18, 0.534815
0.545210649569152, 1.23518930957684, -0.0553858728652882, 20, 18, 0.53408
0.545210649569152, 1.23830734966592, -0.0553852685300392, 20, 18, 0.53416
0.545210649569152, 1.24142538975501, -0.0553846715255217, 20, 18, 0.534093
0.545210649569152, 1.2445434298441, -0.0553840819681998, 20, 18, 0.534076
0.545210649569152, 1.24766146993318, -0.0553834999747741, 20, 18, 0.534191
0.545210649569152, 1.25077951002227, -0.0553829256621762, 20, 18, 0.534148
0.545210649569152, 1.25389755011136, -0.055382359147563, 20, 18, 0.534552
0.545210649569152, 1.25701559020045, -0.0553818005483111, 20, 18, 0.534056
0.545210649569152, 1.26013363028953, -0.0553812499820114, 20, 18, 0.534722
0.545210649569152, 1.26325167037862, -0.0553807075664635, 20, 18, 0.534206
0.545210649569152, 1.26636971046771, -0.05538017341967, 20, 18, 0.534582
0.545210649569152, 1.26948775055679, -0.0553796476598313, 20, 18, 0.534015
0.545210649569152, 1.27260579064588, -0.0553791304053399, 20, 18, 0.534025
0.545210649569152, 1.27572383073497, -0.055378621774775, 20, 18, 0.533986
0.545210649569152, 1.27884187082405, -0.0553781218868968, 20, 18, 0.534036
0.545210649569152, 1.28195991091314, -0.0553776308606417, 20, 18, 0.53405
0.545210649569152, 1.28507795100223, -0.0553771488151161, 20, 18, 0.534053
0.545210649569152, 1.28819599109131, -0.0553766758695913, 20, 18, 0.534365
0.545210649569152, 1.2913140311804, -0.0553762121434984, 20, 18, 0.534083
0.545210649569152, 1.29443207126949, -0.0553757577564223, 20, 18, 0.53475
0.545210649569152, 1.29755011135857, -0.0553753125982183, 20, 17, 0.502381
0.545210649569152, 1.30066815144766, -0.0553748772587946, 20, 17, 0.502043
0.545210649569152, 1.30378619153675, -0.0553744516175665, 20, 17, 0.503311
0.545210649569152, 1.30690423162584, -0.0553740357946833, 20, 17, 0.50332
0.545210649569152, 1.31002227171492, -0.0553736299104503, 20, 17, 0.503313
0.545210649569152, 1.31314031180401, -0.0553732340852843, 20, 17, 0.503242
0.545210649569152, 1.3162583518931, -0.0553728484397188, 20, 17, 0.50326
0.545210649569152, 1.31937639198218, -0.055372473094398, 20, 17, 0.503276
0.545210649569152, 1.32249443207127, -0.0553721081700723, 20, 17, 0.503281
0.545210649569152, 1.32561247216036, -0.055371753787593, 20, 17, 0.503524
0.545210649569152, 1.32873051224944, -0.055371410067907, 20, 17, 0.503983
0.545210649569152, 1.33184855233853, -0.055371077132052, 20, 17, 0.5046
0.545210649569152, 1.33496659242762, -0.0553707551011513, 20, 17, 0.503214
0.545210649569152, 1.3380846325167, -0.0553704440964088, 20, 17, 0.503196
0.545210649569152, 1.34120267260579, -0.055370144239104, 20, 17, 0.503241
0.545210649569152, 1.34432071269488, -0.0553698556505869, 20, 17, 0.503255
0.545210649569152, 1.34743875278396, -0.0553695784522731, 20, 17, 0.503221
0.545210649569152, 1.35055679287305, -0.0553693127656392, 20, 17, 0.503278
0.545210649569152, 1.35367483296214, -0.0553690587122171, 20, 17, 0.503262
0.545210649569152, 1.35679287305122, -0.0553688164135901, 20, 17, 0.503253
0.545210649569152, 1.35991091314031, -0.0553685859913871, 20, 17, 0.503187
0.545210649569152, 1.3630289532294, -0.0553683675672786, 20, 17, 0.504212
0.545210649569152, 1.36614699331849, -0.0553681612629709, 20, 17, 0.503634
0.545210649569152, 1.36926503340757, -0.0553679672002029, 20, 17, 0.503267
0.545210649569152, 1.37238307349666, -0.0553677855007395, 20, 17, 0.503298
0.545210649569152, 1.37550111358575, -0.0553676162863681, 20, 17, 0.503331
0.545210649569152, 1.37861915367483, -0.0553674596788932, 20, 17, 0.503642
0.545210649569152, 1.38173719376392, -0.0553673158001327, 20, 17, 0.503325
0.545210649569152, 1.38485523385301, -0.0553671845477216, 20, 16, 0.491292
0.545210649569152, 1.38797327394209, -0.0553670665013146, 20, 16, 0.475353
0.545210649569152, 1.39109131403118, -0.055366961548708, 20, 16, 0.473024
0.545210649569152, 1.39420935412027, -0.0553668698117407, 20, 16, 0.513768
0.545210649569152, 1.39732739420935, -0.0553667914122413, 20, 16, 0.513027
0.545210649569152, 1.40044543429844, -0.0553667264720221, 20, 16, 0.512139
0.545210649569152, 1.40356347438753, -0.0553666751128764, 20, 16, 0.471554
0.545210649569152, 1.40668151447661, -0.0553666374565733, 20, 16, 0.490255
0.545210649569152, 1.4097995545657, -0.0553666136248529, 20, 16, 0.482359
0.545210649569152, 1.41291759465479, -0.0553666037394226, 20, 16, 0.500486
0.545210649569152, 1.41603563474388, -0.0553666079219526, 20, 16, 0.492056
0.545210649569152, 1.41915367483296, -0.0553666262940713, 20, 16, 0.50496
0.545210649569152, 1.42227171492205, -0.0553666589773615, 20, 16, 0.477553
0.545210649569152, 1.42538975501114, -0.0553667060933558, 20, 16, 0.475512
0.545210649569152, 1.42850779510022, -0.0553667677635326, 20, 16, 0.475488
0.545210649569152, 1.43162583518931, -0.0553668441093115, 20, 16, 0.505045
0.545210649569152, 1.4347438752784, -0.0553669352520499, 20, 16, 0.474905
0.545210649569152, 1.43786191536748, -0.055367041313038, 20, 16, 0.47126
0.545210649569152, 1.44097995545657, -0.0553671624134956, 20, 16, 0.481157
0.545210649569152, 1.44409799554566, -0.0553672986745673, 20, 16, 0.471341
0.545210649569152, 1.44721603563474, -0.0553674502173188, 20, 16, 0.471724
0.545210649569152, 1.45033407572383, -0.0553676171627328, 20, 16, 0.474933
0.545210649569152, 1.45345211581292, -0.0553677996317051, 20, 16, 0.472514
0.545210649569152, 1.456570155902, -0.0553679977450408, 20, 16, 0.471307
0.545210649569152, 1.45968819599109, -0.05536821162345, 20, 16, 0.500933
0.545210649569152, 1.46280623608018, -0.055368441387544, 20, 16, 0.475041
0.545210649569152, 1.46592427616927, -0.0553686871578321, 20, 16, 0.473915
0.545210649569152, 1.46904231625835, -0.0553689490547167, 20, 16, 0.471753
0.545210649569152, 1.47216035634744, -0.0553692271984903, 20, 16, 0.499188
0.545210649569152, 1.47527839643653, -0.0553695217093317, 20, 16, 0.471307
0.545210649569152, 1.47839643652561, -0.0553698327073017, 20, 16, 0.491606
0.545210649569152, 1.4815144766147, -0.0553701603123402, 20, 16, 0.487377
0.545210649569152, 1.48463251670379, -0.0553705044271157, 20, 15, 0.467337
0.545210649569152, 1.48775055679287, -0.0553708656141963, 20, 15, 0.440749
0.545210649569152, 1.49086859688196, -0.0553712437670722, 20, 15, 0.444415
0.545210649569152, 1.49398663697105, -0.0553716390051526, 20, 15, 0.440443
0.545210649569152, 1.49710467706013, -0.0553720514477401, 20, 15, 0.458099
0.545210649569152, 1.50022271714922, -0.0553724812139831, 20, 15, 0.476052
0.545210649569152, 1.50334075723831, -0.055372928422883, 20, 15, 0.500983
0.545210649569152, 1.50645879732739, -0.055373393193291, 20, 15, 0.440385
0.545210649569152, 1.50957683741648, -0.0553738756439046, 20, 15, 0.440465
0.545210649569152, 1.51269487750557, -0.0553743758932643, 20, 15, 0.47498
0.545210649569152, 1.51581291759465, -0.0553748940597505, 20, 15, 0.489419
0.545210649569152, 1.51893095768374, -0.0553754302615796, 20, 15, 0.440338
0.545210649569152, 1.52204899777283, -0.0553759846168013, 20, 15, 0.44032
0.545210649569152, 1.52516703786192, -0.0553765572432951, 20, 15, 0.440321
0.545210649569152, 1.528285077951, -0.0553771482587673, 20, 15, 0.440348
0.545210649569152, 1.53140311804009, -0.0553777577807468, 20, 15, 0.440435
0.545210649569152, 1.53452115812918, -0.0553783859265838, 20, 15, 0.440399
0.545210649569152, 1.53763919821826, -0.0553790328134451, 20, 15, 0.441946
0.545210649569152, 1.54075723830735, -0.0553796985583117, 20, 15, 0.440771
0.545210649569152, 1.54387527839644, -0.0553803832779754, 20, 15, 0.440353
0.545210649569152, 1.54699331848552, -0.0553810870890362, 20, 15, 0.440328
0.545210649569152, 1.55011135857461, -0.0553818101078988, 20, 15, 0.440892
0.545210649569152, 1.5532293986637, -0.05538255245077, 20, 15, 0.441229
0.545210649569152, 1.55634743875278, -0.0553833142336556, 20, 15, 0.44029
0.545210649569152, 1.55946547884187, -0.0553840955723575, 20, 15, 0.440367
0.545210649569152, 1.56258351893096, -0.0553848965824707, 20, 15, 0.44114
0.545210649569152, 1.56570155902004, -0.0553857173793807, 20, 15, 0.444508
0.545210649569152, 1.56881959910913, -0.0553865580782605, 20, 15, 0.44034
0.545210649569152, 1.57193763919822, -0.0553874187940678, 20, 15, 0.440324
0.545210649569152, 1.57505567928731, -0.0553882996415423, 20, 15, 0.441502
0.545210649569152, 1.57817371937639, -0.055389200735203, 20, 15, 0.440341
0.545210649569152, 1.58129175946548, -0.0553901221893452, 20, 15, 0.440299
0.545210649569152, 1.58440979955457, -0.0553910641180383, 20, 15, 0.440266
0.545210649569152, 1.58752783964365, -0.0553920266351229, 20, 15, 0.440302
0.545210649569152, 1.59064587973274, -0.055393009854208, 20, 15, 0.440734
0.545210649569152, 1.59376391982183, -0.0553940138886687, 20, 15, 0.440298
0.545210649569152, 1.59688195991091, -0.0553950386357898, 20, 14, 0.408307
0.545210649569152, 1.6, -0.05539608464816, 20, 14, 0.408139
# finished at Wed Apr 30 04:23:42 CEST 2014
