# starting on alcc60 at Wed Apr 30 00:34:06 CEST 2014
# casimir, -T, 0.200000,1.600000,450, -Q, 0.248073242642114, -p, 1e-08, -L, 20
# Compiler icc, using long double and plain matrix elements and plain integration
# precision=1e-08
# lfac=5
# cores=1
# L=0.248073
# T=0.2...1.6 (450)
#
# R/(L+R), T, F, lmax, nmax, time
0.248073242642114, 0.2, -0.00303786506136335, 20, 69, 1.74051
0.248073242642114, 0.203118040089087, -0.00303786307285704, 20, 68, 1.67444
0.248073242642114, 0.206236080178174, -0.00303786099275661, 20, 67, 1.76388
0.248073242642114, 0.209354120267261, -0.00303785881841357, 20, 66, 1.67623
0.248073242642114, 0.212472160356347, -0.00303785654714374, 20, 65, 1.5944
0.248073242642114, 0.215590200445434, -0.00303785417623033, 20, 64, 1.55893
0.248073242642114, 0.218708240534521, -0.003037851702923, 20, 63, 1.53484
0.248073242642114, 0.221826280623608, -0.00303784912443653, 20, 62, 1.5095
0.248073242642114, 0.224944320712695, -0.00303784643795308, 20, 61, 1.48691
0.248073242642114, 0.228062360801782, -0.00303784364062034, 20, 60, 1.46149
0.248073242642114, 0.231180400890869, -0.00303784073599727, 20, 60, 1.46109
0.248073242642114, 0.234298440979955, -0.00303783770885995, 20, 59, 1.43535
0.248073242642114, 0.237416481069042, -0.0030378345622213, 20, 58, 1.41034
0.248073242642114, 0.240534521158129, -0.0030378312931026, 20, 57, 1.38612
0.248073242642114, 0.243652561247216, -0.00303782790523168, 20, 57, 1.38608
0.248073242642114, 0.246770601336303, -0.00303782438292001, 20, 56, 1.36049
0.248073242642114, 0.24988864142539, -0.00303782072913403, 20, 55, 1.33506
0.248073242642114, 0.253006681514477, -0.00303781694758417, 20, 55, 1.33733
0.248073242642114, 0.256124721603563, -0.00303781302251801, 20, 54, 1.31169
0.248073242642114, 0.25924276169265, -0.00303780895673919, 20, 53, 1.28605
0.248073242642114, 0.262360801781737, -0.00303780475432038, 20, 53, 1.28649
0.248073242642114, 0.265478841870824, -0.00303780039874241, 20, 52, 1.26296
0.248073242642114, 0.268596881959911, -0.00303779589296731, 20, 51, 1.23733
0.248073242642114, 0.271714922048998, -0.00303779124188594, 20, 51, 1.23748
0.248073242642114, 0.274832962138085, -0.00303778642738255, 20, 50, 1.21179
0.248073242642114, 0.277951002227172, -0.00303778146092772, 20, 50, 1.21214
0.248073242642114, 0.281069042316258, -0.00303777632488015, 20, 49, 1.18855
0.248073242642114, 0.284187082405345, -0.0030377710302942, 20, 49, 1.18861
0.248073242642114, 0.287305122494432, -0.00303776555973221, 20, 48, 1.16311
0.248073242642114, 0.290423162583519, -0.00303775992410201, 20, 48, 1.16333
0.248073242642114, 0.293541202672606, -0.00303775410591144, 20, 47, 1.13752
0.248073242642114, 0.296659242761693, -0.00303774811618288, 20, 47, 1.13984
0.248073242642114, 0.29977728285078, -0.00303774193711006, 20, 46, 1.11419
0.248073242642114, 0.302895322939866, -0.00303773558009927, 20, 46, 1.11437
0.248073242642114, 0.306013363028953, -0.00303772902675722, 20, 45, 1.0891
0.248073242642114, 0.30913140311804, -0.00303772228916686, 20, 45, 1.08867
0.248073242642114, 0.312249443207127, -0.00303771534803959, 20, 44, 1.06307
0.248073242642114, 0.315367483296214, -0.00303770821647018, 20, 44, 1.06548
0.248073242642114, 0.318485523385301, -0.00303770088209542, 20, 44, 1.06537
0.248073242642114, 0.321603563474388, -0.00303769333487675, 20, 43, 1.04069
0.248073242642114, 0.324721603563474, -0.00303768558620051, 20, 43, 1.03991
0.248073242642114, 0.327839643652561, -0.00303767761705461, 20, 42, 1.01435
0.248073242642114, 0.330957683741648, -0.00303766944046096, 20, 42, 1.01442
0.248073242642114, 0.334075723830735, -0.00303766104403382, 20, 42, 1.01669
0.248073242642114, 0.337193763919822, -0.00303765241729814, 20, 41, 0.991188
0.248073242642114, 0.340311804008909, -0.00303764357233631, 20, 41, 0.991157
0.248073242642114, 0.343429844097996, -0.00303763449724561, 20, 41, 0.991152
0.248073242642114, 0.346547884187082, -0.00303762518171397, 20, 40, 0.965568
0.248073242642114, 0.349665924276169, -0.00303761563734418, 20, 40, 0.965577
0.248073242642114, 0.352783964365256, -0.00303760585247587, 20, 40, 0.965525
0.248073242642114, 0.355902004454343, -0.00303759581677689, 20, 39, 0.94017
0.248073242642114, 0.35902004454343, -0.00303758554179504, 20, 39, 0.942397
0.248073242642114, 0.362138084632517, -0.0030375750158908, 20, 39, 0.942484
0.248073242642114, 0.365256124721604, -0.00303756422853009, 20, 38, 0.916812
0.248073242642114, 0.36837416481069, -0.00303755319162466, 20, 38, 0.916739
0.248073242642114, 0.371492204899777, -0.00303754189334079, 20, 38, 0.917327
0.248073242642114, 0.374610244988864, -0.00303753032274207, 20, 37, 0.891279
0.248073242642114, 0.377728285077951, -0.00303751849255673, 20, 37, 0.891272
0.248073242642114, 0.380846325167038, -0.00303750639052156, 20, 37, 0.895504
0.248073242642114, 0.383964365256125, -0.00303749400506502, 20, 36, 0.86572
0.248073242642114, 0.387082405345212, -0.00303748135025504, 20, 36, 0.868028
0.248073242642114, 0.390200445434298, -0.00303746841312653, 20, 36, 0.867999
0.248073242642114, 0.393318485523385, -0.00303745519026515, 20, 36, 0.868055
0.248073242642114, 0.396436525612472, -0.00303744167047174, 20, 35, 0.842527
0.248073242642114, 0.399554565701559, -0.00303742786699585, 20, 35, 0.854568
0.248073242642114, 0.402672605790646, -0.00303741376735532, 20, 35, 0.842503
0.248073242642114, 0.405790645879733, -0.00303739936814692, 20, 35, 0.84243
0.248073242642114, 0.40890868596882, -0.00303738465826699, 20, 34, 0.816904
0.248073242642114, 0.412026726057906, -0.00303736965078583, 20, 34, 0.816884
0.248073242642114, 0.415144766146993, -0.00303735433337492, 20, 34, 0.816893
0.248073242642114, 0.41826280623608, -0.00303733870265723, 20, 34, 0.819263
0.248073242642114, 0.421380846325167, -0.00303732274735346, 20, 33, 0.793745
0.248073242642114, 0.424498886414254, -0.00303730648097215, 20, 33, 0.793662
0.248073242642114, 0.427616926503341, -0.00303728989102381, 20, 33, 0.793732
0.248073242642114, 0.430734966592428, -0.00303727297416892, 20, 33, 0.793728
0.248073242642114, 0.433853006681514, -0.00303725571866246, 20, 32, 0.768126
0.248073242642114, 0.436971046770601, -0.00303723813911196, 20, 32, 0.768107
0.248073242642114, 0.440089086859688, -0.0030372202225295, 20, 32, 0.768115
0.248073242642114, 0.443207126948775, -0.00303720196562627, 20, 32, 0.768191
0.248073242642114, 0.446325167037862, -0.00303718336512223, 20, 32, 0.768109
0.248073242642114, 0.449443207126949, -0.00303716440965429, 20, 31, 0.742589
0.248073242642114, 0.452561247216036, -0.00303714511318987, 20, 31, 0.742586
0.248073242642114, 0.455679287305123, -0.00303712546321915, 20, 31, 0.744955
0.248073242642114, 0.458797327394209, -0.00303710545652621, 20, 31, 0.744986
0.248073242642114, 0.461915367483296, -0.00303708508991085, 20, 31, 0.744913
0.248073242642114, 0.465033407572383, -0.00303706435203769, 20, 30, 0.719308
0.248073242642114, 0.46815144766147, -0.00303704325704796, 20, 30, 0.719255
0.248073242642114, 0.471269487750557, -0.00303702179249806, 20, 30, 0.719396
0.248073242642114, 0.474387527839644, -0.00303699995526742, 20, 30, 0.719367
0.248073242642114, 0.477505567928731, -0.00303697774225256, 20, 30, 0.719226
0.248073242642114, 0.480623608017817, -0.00303695514178239, 20, 29, 0.693741
0.248073242642114, 0.483741648106904, -0.00303693216899881, 20, 29, 0.693723
0.248073242642114, 0.486859688195991, -0.00303690881111041, 20, 29, 0.693774
0.248073242642114, 0.489977728285078, -0.00303688506510858, 20, 29, 0.693833
0.248073242642114, 0.493095768374165, -0.0030368609280055, 20, 29, 0.693802
0.248073242642114, 0.496213808463252, -0.00303683639683531, 20, 29, 0.6941
0.248073242642114, 0.499331848552339, -0.00303681146029237, 20, 28, 0.668313
0.248073242642114, 0.502449888641425, -0.00303678613316085, 20, 28, 0.67056
0.248073242642114, 0.505567928730512, -0.00303676040309237, 20, 28, 0.670554
0.248073242642114, 0.508685968819599, -0.0030367342672334, 20, 28, 0.670678
0.248073242642114, 0.511804008908686, -0.00303670772275486, 20, 28, 0.670595
0.248073242642114, 0.514922048997773, -0.00303668076685412, 20, 28, 0.670505
0.248073242642114, 0.51804008908686, -0.00303665338815452, 20, 27, 0.644978
0.248073242642114, 0.521158129175947, -0.00303662560208262, 20, 27, 0.64536
0.248073242642114, 0.524276169265034, -0.00303659739623983, 20, 27, 0.64496
0.248073242642114, 0.52739420935412, -0.0030365687679511, 20, 27, 0.64505
0.248073242642114, 0.530512249443207, -0.00303653971457103, 20, 27, 0.645046
0.248073242642114, 0.533630289532294, -0.00303651023348489, 20, 27, 0.644983
0.248073242642114, 0.536748329621381, -0.00303648031276649, 20, 26, 0.619371
0.248073242642114, 0.539866369710468, -0.00303644996956835, 20, 26, 0.619383
0.248073242642114, 0.542984409799555, -0.00303641919090254, 20, 26, 0.619477
0.248073242642114, 0.546102449888642, -0.00303638797429784, 20, 26, 0.620583
0.248073242642114, 0.549220489977728, -0.00303635631731674, 20, 26, 0.619386
0.248073242642114, 0.552338530066815, -0.00303632421755631, 20, 26, 0.619434
0.248073242642114, 0.555456570155902, -0.00303629167264915, 20, 26, 0.623141
0.248073242642114, 0.558574610244989, -0.00303625868026525, 20, 26, 0.625737
0.248073242642114, 0.561692650334076, -0.00303622522952075, 20, 25, 0.596187
0.248073242642114, 0.564810690423163, -0.00303619133623788, 20, 25, 0.596288
0.248073242642114, 0.567928730512249, -0.00303615698861602, 20, 25, 0.596204
0.248073242642114, 0.571046770601336, -0.00303612218448737, 20, 25, 0.596212
0.248073242642114, 0.574164810690423, -0.00303608692172335, 20, 25, 0.596313
0.248073242642114, 0.57728285077951, -0.00303605119823542, 20, 25, 0.596154
0.248073242642114, 0.580400890868597, -0.00303601501197587, 20, 25, 0.596082
0.248073242642114, 0.583518930957684, -0.00303597835149805, 20, 24, 0.570633
0.248073242642114, 0.586636971046771, -0.00303594123467232, 20, 24, 0.570693
0.248073242642114, 0.589755011135857, -0.0030359036490885, 20, 24, 0.570655
0.248073242642114, 0.592873051224944, -0.00303586559287931, 20, 24, 0.570611
0.248073242642114, 0.595991091314031, -0.003035827064221, 20, 24, 0.570658
0.248073242642114, 0.599109131403118, -0.0030357880613341, 20, 24, 0.570661
0.248073242642114, 0.602227171492205, -0.00303574858248417, 20, 24, 0.570598
0.248073242642114, 0.605345211581292, -0.00303570862598253, 20, 24, 0.570605
0.248073242642114, 0.608463251670379, -0.00303566819018698, 20, 24, 0.570645
0.248073242642114, 0.611581291759466, -0.0030356272644817, 20, 23, 0.545028
0.248073242642114, 0.614699331848552, -0.00303558586623583, 20, 23, 0.545052
0.248073242642114, 0.617817371937639, -0.0030355439839704, 20, 23, 0.545052
0.248073242642114, 0.620935412026726, -0.00303550161624393, 20, 23, 0.545065
0.248073242642114, 0.624053452115813, -0.0030354587616639, 20, 23, 0.545057
0.248073242642114, 0.6271714922049, -0.00303541541888863, 20, 23, 0.547412
0.248073242642114, 0.630289532293987, -0.00303537158662319, 20, 23, 0.547496
0.248073242642114, 0.633407572383074, -0.00303532726362721, 20, 23, 0.547432
0.248073242642114, 0.63652561247216, -0.00303528244871071, 20, 23, 0.547387
0.248073242642114, 0.639643652561247, -0.00303523713138254, 20, 22, 0.521868
0.248073242642114, 0.642761692650334, -0.00303519133013426, 20, 22, 0.521897
0.248073242642114, 0.645879732739421, -0.00303514503363075, 20, 22, 0.521871
0.248073242642114, 0.648997772828508, -0.00303509824090203, 20, 22, 0.521814
0.248073242642114, 0.652115812917595, -0.00303505095103199, 20, 22, 0.521786
0.248073242642114, 0.655233853006682, -0.00303500316315903, 20, 22, 0.521835
0.248073242642114, 0.658351893095768, -0.00303495487647669, 20, 22, 0.521898
0.248073242642114, 0.661469933184855, -0.0030349060902342, 20, 22, 0.521878
0.248073242642114, 0.664587973273942, -0.00303485680373709, 20, 22, 0.521797
0.248073242642114, 0.667706013363029, -0.00303480701634776, 20, 22, 0.521813
0.248073242642114, 0.670824053452116, -0.00303475671789594, 20, 21, 0.496284
0.248073242642114, 0.673942093541203, -0.00303470592789237, 20, 21, 0.49626
0.248073242642114, 0.67706013363029, -0.00303465463535459, 20, 21, 0.49627
0.248073242642114, 0.680178173719376, -0.00303460283988445, 20, 21, 0.496312
0.248073242642114, 0.683296213808463, -0.00303455054114267, 20, 21, 0.496253
0.248073242642114, 0.68641425389755, -0.00303449773884943, 20, 21, 0.496265
0.248073242642114, 0.689532293986637, -0.00303444443278487, 20, 21, 0.496263
0.248073242642114, 0.692650334075724, -0.00303439062278964, 20, 21, 0.496204
0.248073242642114, 0.695768374164811, -0.00303433630876537, 20, 21, 0.496287
0.248073242642114, 0.698886414253898, -0.00303428149067518, 20, 21, 0.49624
0.248073242642114, 0.702004454342984, -0.00303422616854417, 20, 21, 0.496212
0.248073242642114, 0.705122494432071, -0.0030341703424599, 20, 21, 0.496193
0.248073242642114, 0.708240534521158, -0.00303411400355457, 20, 20, 0.470642
0.248073242642114, 0.711358574610245, -0.00303405717084435, 20, 20, 0.470685
0.248073242642114, 0.714476614699332, -0.00303399983475791, 20, 20, 0.470707
0.248073242642114, 0.717594654788419, -0.00303394199564394, 20, 20, 0.473045
0.248073242642114, 0.720712694877506, -0.00303388365391125, 20, 20, 0.473063
0.248073242642114, 0.723830734966592, -0.00303382481003738, 20, 20, 0.473113
0.248073242642114, 0.726948775055679, -0.00303376546456359, 20, 20, 0.472986
0.248073242642114, 0.730066815144766, -0.00303370561809669, 20, 20, 0.47295
0.248073242642114, 0.733184855233853, -0.00303364527130939, 20, 20, 0.473025
0.248073242642114, 0.73630289532294, -0.00303358442494076, 20, 20, 0.47306
0.248073242642114, 0.739420935412027, -0.00303352307979662, 20, 20, 0.473062
0.248073242642114, 0.742538975501114, -0.00303346123674994, 20, 20, 0.473015
0.248073242642114, 0.7456570155902, -0.00303339888728428, 20, 19, 0.447458
0.248073242642114, 0.748775055679287, -0.00303333605208635, 20, 19, 0.44743
0.248073242642114, 0.751893095768374, -0.00303327272194961, 20, 19, 0.447416
0.248073242642114, 0.755011135857461, -0.0030332088980242, 20, 19, 0.447487
0.248073242642114, 0.758129175946548, -0.00303314458152877, 20, 19, 0.447493
0.248073242642114, 0.761247216035635, -0.00303307977375089, 20, 19, 0.44748
0.248073242642114, 0.764365256124722, -0.00303301447604739, 20, 19, 0.447537
0.248073242642114, 0.767483296213809, -0.0030329486898447, 20, 19, 0.447543
0.248073242642114, 0.770601336302895, -0.00303288241663918, 20, 19, 0.44748
0.248073242642114, 0.773719376391982, -0.00303281565799745, 20, 19, 0.44747
0.248073242642114, 0.776837416481069, -0.00303274841555673, 20, 19, 0.447492
0.248073242642114, 0.779955456570156, -0.00303268069102508, 20, 19, 0.44746
0.248073242642114, 0.783073496659243, -0.00303261248618176, 20, 19, 0.447413
0.248073242642114, 0.78619153674833, -0.0030325438028775, 20, 19, 0.447477
0.248073242642114, 0.789309576837417, -0.00303247463360603, 20, 18, 0.421957
0.248073242642114, 0.792427616926503, -0.00303240499994319, 20, 18, 0.421942
0.248073242642114, 0.79554565701559, -0.00303233489374767, 20, 18, 0.421943
0.248073242642114, 0.798663697104677, -0.00303226431716298, 20, 18, 0.421972
0.248073242642114, 0.801781737193764, -0.00303219327240506, 20, 18, 0.421913
0.248073242642114, 0.804899777282851, -0.00303212176176258, 20, 18, 0.421923
0.248073242642114, 0.808017817371938, -0.00303204978759716, 20, 18, 0.421903
0.248073242642114, 0.811135857461025, -0.00303197735234361, 20, 18, 0.421908
0.248073242642114, 0.814253897550111, -0.0030319044585102, 20, 18, 0.422516
0.248073242642114, 0.817371937639198, -0.00303183110867884, 20, 18, 0.422566
0.248073242642114, 0.820489977728285, -0.00303175730550531, 20, 18, 0.422023
0.248073242642114, 0.823608017817372, -0.00303168305171948, 20, 18, 0.421935
0.248073242642114, 0.826726057906459, -0.00303160835012546, 20, 18, 0.421929
0.248073242642114, 0.829844097995546, -0.00303153320360186, 20, 18, 0.421919
0.248073242642114, 0.832962138084633, -0.00303145761510191, 20, 18, 0.421896
0.248073242642114, 0.836080178173719, -0.00303138158765519, 20, 18, 0.424447
0.248073242642114, 0.839198218262806, -0.00303130511517971, 20, 17, 0.398775
0.248073242642114, 0.842316258351893, -0.00303122821988633, 20, 17, 0.39924
0.248073242642114, 0.84543429844098, -0.00303115089513082, 20, 17, 0.398768
0.248073242642114, 0.848552338530067, -0.00303107314424548, 20, 17, 0.398741
0.248073242642114, 0.851670378619154, -0.00303099497063792, 20, 17, 0.398725
0.248073242642114, 0.854788418708241, -0.00303091637779119, 20, 17, 0.39871
0.248073242642114, 0.857906458797328, -0.00303083736926387, 20, 17, 0.398771
0.248073242642114, 0.861024498886414, -0.00303075794869027, 20, 17, 0.398733
0.248073242642114, 0.864142538975501, -0.00303067811978047, 20, 17, 0.398674
0.248073242642114, 0.867260579064588, -0.00303059788632047, 20, 17, 0.398681
0.248073242642114, 0.870378619153675, -0.00303051725217228, 20, 17, 0.398675
0.248073242642114, 0.873496659242762, -0.003030436221274, 20, 17, 0.398672
0.248073242642114, 0.876614699331849, -0.0030303547976399, 20, 17, 0.398691
0.248073242642114, 0.879732739420936, -0.00303027298536051, 20, 17, 0.398686
0.248073242642114, 0.882850779510022, -0.00303019078860266, 20, 17, 0.39874
0.248073242642114, 0.885968819599109, -0.00303010821160957, 20, 17, 0.399398
0.248073242642114, 0.889086859688196, -0.00303002525870086, 20, 17, 0.398681
0.248073242642114, 0.892204899777283, -0.00302994193427264, 20, 17, 0.398639
0.248073242642114, 0.89532293986637, -0.00302985823382514, 20, 16, 0.373095
0.248073242642114, 0.898440979955457, -0.00302977418046748, 20, 16, 0.373126
0.248073242642114, 0.901559020044544, -0.00302968976919555, 20, 16, 0.373134
0.248073242642114, 0.90467706013363, -0.00302960500471446, 20, 16, 0.37317
0.248073242642114, 0.907795100222717, -0.00302951989180561, 20, 16, 0.375029
0.248073242642114, 0.910913140311804, -0.00302943443532682, 20, 16, 0.373216
0.248073242642114, 0.914031180400891, -0.00302934864021226, 20, 16, 0.373228
0.248073242642114, 0.917149220489978, -0.00302926251147248, 20, 16, 0.373142
0.248073242642114, 0.920267260579065, -0.00302917605419436, 20, 16, 0.373138
0.248073242642114, 0.923385300668152, -0.00302908927354114, 20, 16, 0.373127
0.248073242642114, 0.926503340757238, -0.00302900217475234, 20, 16, 0.373135
0.248073242642114, 0.929621380846325, -0.00302891476314374, 20, 16, 0.373122
0.248073242642114, 0.932739420935412, -0.00302882704410734, 20, 16, 0.373096
0.248073242642114, 0.935857461024499, -0.00302873902311131, 20, 16, 0.373238
0.248073242642114, 0.938975501113586, -0.00302865070569992, 20, 16, 0.373164
0.248073242642114, 0.942093541202673, -0.00302856209749347, 20, 16, 0.373597
0.248073242642114, 0.945211581291759, -0.00302847320418823, 20, 16, 0.373047
0.248073242642114, 0.948329621380847, -0.00302838403155635, 20, 16, 0.373063
0.248073242642114, 0.951447661469933, -0.00302829458544575, 20, 16, 0.373018
0.248073242642114, 0.95456570155902, -0.00302820487178007, 20, 16, 0.373047
0.248073242642114, 0.957683741648107, -0.00302811489655852, 20, 16, 0.373049
0.248073242642114, 0.960801781737194, -0.00302802465739894, 20, 15, 0.34753
0.248073242642114, 0.963919821826281, -0.00302793417791024, 20, 15, 0.347544
0.248073242642114, 0.967037861915368, -0.00302784345528071, 20, 15, 0.347457
0.248073242642114, 0.970155902004454, -0.00302775249581301, 20, 15, 0.347507
0.248073242642114, 0.973273942093541, -0.00302766130588461, 20, 15, 0.347541
0.248073242642114, 0.976391982182628, -0.00302756989194771, 20, 15, 0.347547
0.248073242642114, 0.979510022271715, -0.00302747826052901, 20, 15, 0.347581
0.248073242642114, 0.982628062360802, -0.00302738641822966, 20, 15, 0.347606
0.248073242642114, 0.985746102449889, -0.00302729437172504, 20, 15, 0.347598
0.248073242642114, 0.988864142538975, -0.00302720212776461, 20, 15, 0.347792
0.248073242642114, 0.991982182628063, -0.00302710969317172, 20, 15, 0.347701
0.248073242642114, 0.995100222717149, -0.00302701707484351, 20, 15, 0.348103
0.248073242642114, 0.998218262806236, -0.00302692427975063, 20, 15, 0.347596
0.248073242642114, 1.00133630289532, -0.00302683131493899, 20, 15, 0.349909
0.248073242642114, 1.00445434298441, -0.00302673818752198, 20, 15, 0.34988
0.248073242642114, 1.0075723830735, -0.00302664490469166, 20, 15, 0.349889
0.248073242642114, 1.01069042316258, -0.00302655147371095, 20, 15, 0.3499
0.248073242642114, 1.01380846325167, -0.00302645790191528, 20, 15, 0.349876
0.248073242642114, 1.01692650334076, -0.00302636419671242, 20, 15, 0.349897
0.248073242642114, 1.02004454342984, -0.0030262703655822, 20, 15, 0.349935
0.248073242642114, 1.02316258351893, -0.00302617641607633, 20, 15, 0.349889
0.248073242642114, 1.02628062360802, -0.00302608235581812, 20, 15, 0.349882
0.248073242642114, 1.0293986636971, -0.00302598819250224, 20, 15, 0.349893
0.248073242642114, 1.03251670378619, -0.00302589392537443, 20, 14, 0.324387
0.248073242642114, 1.03563474387528, -0.00302579957982521, 20, 14, 0.325525
0.248073242642114, 1.03875278396437, -0.00302570515469708, 20, 14, 0.324318
0.248073242642114, 1.04187082405345, -0.00302561065796944, 20, 14, 0.324447
0.248073242642114, 1.04498886414254, -0.00302551609769163, 20, 14, 0.325042
0.248073242642114, 1.04810690423163, -0.00302542148198264, 20, 14, 0.324306
0.248073242642114, 1.05122494432071, -0.00302532681903082, 20, 14, 0.324334
0.248073242642114, 1.0543429844098, -0.00302523211709365, 20, 14, 0.324336
0.248073242642114, 1.05746102449889, -0.00302513738449736, 20, 14, 0.324349
0.248073242642114, 1.06057906458797, -0.00302504262963672, 20, 14, 0.324348
0.248073242642114, 1.06369710467706, -0.00302494786097465, 20, 14, 0.324363
0.248073242642114, 1.06681514476615, -0.003024853087042, 20, 14, 0.324287
0.248073242642114, 1.06993318485523, -0.00302475831643714, 20, 14, 0.324328
0.248073242642114, 1.07305122494432, -0.00302466355782573, 20, 14, 0.324273
0.248073242642114, 1.07616926503341, -0.00302456881994032, 20, 14, 0.324332
0.248073242642114, 1.07928730512249, -0.00302447411158006, 20, 14, 0.324336
0.248073242642114, 1.08240534521158, -0.00302437944161034, 20, 14, 0.324318
0.248073242642114, 1.08552338530067, -0.00302428481896248, 20, 14, 0.325148
0.248073242642114, 1.08864142538976, -0.00302419025263335, 20, 14, 0.324343
0.248073242642114, 1.09175946547884, -0.00302409575168501, 20, 14, 0.324311
0.248073242642114, 1.09487750556793, -0.00302400132524439, 20, 14, 0.324375
0.248073242642114, 1.09799554565702, -0.00302390698250292, 20, 14, 0.324366
0.248073242642114, 1.1011135857461, -0.00302381273271612, 20, 14, 0.32512
0.248073242642114, 1.10423162583519, -0.00302371858520328, 20, 14, 0.324405
0.248073242642114, 1.10734966592428, -0.00302362454934705, 20, 14, 0.324389
0.248073242642114, 1.11046770601336, -0.00302353063459308, 20, 14, 0.324416
0.248073242642114, 1.11358574610245, -0.00302343685044961, 20, 14, 0.324428
0.248073242642114, 1.11670378619154, -0.0030233432064871, 20, 14, 0.324398
0.248073242642114, 1.11982182628062, -0.00302324970440875, 20, 13, 0.298861
0.248073242642114, 1.12293986636971, -0.00302315637021156, 20, 13, 0.298859
0.248073242642114, 1.1260579064588, -0.00302306320525107, 20, 13, 0.298868
0.248073242642114, 1.12917594654788, -0.00302297021934398, 20, 13, 0.298891
0.248073242642114, 1.13229398663697, -0.00302287742236709, 20, 13, 0.298867
0.248073242642114, 1.13541202672606, -0.00302278482425692, 20, 13, 0.298886
0.248073242642114, 1.13853006681514, -0.00302269243500926, 20, 13, 0.299338
0.248073242642114, 1.14164810690423, -0.00302260026467875, 20, 13, 0.298861
0.248073242642114, 1.14476614699332, -0.00302250832337849, 20, 13, 0.298866
0.248073242642114, 1.14788418708241, -0.00302241662127956, 20, 13, 0.298836
0.248073242642114, 1.15100222717149, -0.00302232516861063, 20, 13, 0.29885
0.248073242642114, 1.15412026726058, -0.00302223397565749, 20, 13, 0.298815
0.248073242642114, 1.15723830734967, -0.00302214305276262, 20, 13, 0.298801
0.248073242642114, 1.16035634743875, -0.00302205241032475, 20, 13, 0.298911
0.248073242642114, 1.16347438752784, -0.00302196205879841, 20, 13, 0.29913
0.248073242642114, 1.16659242761693, -0.00302187200869346, 20, 13, 0.298752
0.248073242642114, 1.16971046770601, -0.00302178227057465, 20, 13, 0.298812
0.248073242642114, 1.1728285077951, -0.00302169285506114, 20, 13, 0.298756
0.248073242642114, 1.17594654788419, -0.00302160377282607, 20, 13, 0.298753
0.248073242642114, 1.17906458797327, -0.00302151503459605, 20, 13, 0.298776
0.248073242642114, 1.18218262806236, -0.00302142665115072, 20, 13, 0.298808
0.248073242642114, 1.18530066815145, -0.00302133863332225, 20, 13, 0.298783
0.248073242642114, 1.18841870824053, -0.0030212509919949, 20, 13, 0.298784
0.248073242642114, 1.19153674832962, -0.0030211637381045, 20, 13, 0.298871
0.248073242642114, 1.19465478841871, -0.00302107688263797, 20, 13, 0.298728
0.248073242642114, 1.1977728285078, -0.00302099043663286, 20, 13, 0.298768
0.248073242642114, 1.20089086859688, -0.00302090441117683, 20, 13, 0.298788
0.248073242642114, 1.20400890868597, -0.00302081881740718, 20, 13, 0.298797
0.248073242642114, 1.20712694877506, -0.00302073366651032, 20, 13, 0.298811
0.248073242642114, 1.21024498886414, -0.00302064896972132, 20, 13, 0.298767
0.248073242642114, 1.21336302895323, -0.00302056473832336, 20, 13, 0.298777
0.248073242642114, 1.21648106904232, -0.00302048098364726, 20, 13, 0.298799
0.248073242642114, 1.2195991091314, -0.00302039770937964, 20, 12, 0.273232
0.248073242642114, 1.22271714922049, -0.00302031494272723, 20, 12, 0.273306
0.248073242642114, 1.22583518930958, -0.00302023268704906, 20, 12, 0.27325
0.248073242642114, 1.22895322939866, -0.00302015095386241, 20, 12, 0.273222
0.248073242642114, 1.23207126948775, -0.00302006975472957, 20, 12, 0.273285
0.248073242642114, 1.23518930957684, -0.0030199891012573, 20, 12, 0.273277
0.248073242642114, 1.23830734966592, -0.00301990900509637, 20, 12, 0.273233
0.248073242642114, 1.24142538975501, -0.00301982947794094, 20, 12, 0.273264
0.248073242642114, 1.2445434298441, -0.00301975053152815, 20, 12, 0.27328
0.248073242642114, 1.24766146993318, -0.00301967217763749, 20, 12, 0.273303
0.248073242642114, 1.25077951002227, -0.00301959442809035, 20, 12, 0.273849
0.248073242642114, 1.25389755011136, -0.00301951729475179, 20, 12, 0.275619
0.248073242642114, 1.25701559020045, -0.0030194407895206, 20, 12, 0.27563
0.248073242642114, 1.26013363028953, -0.00301936492434294, 20, 12, 0.275642
0.248073242642114, 1.26325167037862, -0.00301928971120233, 20, 12, 0.275658
0.248073242642114, 1.26636971046771, -0.00301921516212148, 20, 12, 0.275658
0.248073242642114, 1.26948775055679, -0.00301914128916174, 20, 12, 0.275632
0.248073242642114, 1.27260579064588, -0.00301906810442259, 20, 12, 0.275617
0.248073242642114, 1.27572383073497, -0.00301899562004105, 20, 12, 0.275612
0.248073242642114, 1.27884187082405, -0.00301892384819119, 20, 12, 0.275613
0.248073242642114, 1.28195991091314, -0.00301885280108352, 20, 12, 0.275587
0.248073242642114, 1.28507795100223, -0.00301878249096449, 20, 12, 0.275597
0.248073242642114, 1.28819599109131, -0.00301871293011593, 20, 12, 0.275571
0.248073242642114, 1.2913140311804, -0.00301864413085448, 20, 12, 0.275575
0.248073242642114, 1.29443207126949, -0.00301857610553104, 20, 12, 0.275561
0.248073242642114, 1.29755011135857, -0.00301850886653023, 20, 12, 0.27555
0.248073242642114, 1.30066815144766, -0.00301844242626985, 20, 12, 0.27556
0.248073242642114, 1.30378619153675, -0.00301837679720026, 20, 12, 0.275564
0.248073242642114, 1.30690423162584, -0.0030183119918039, 20, 12, 0.275549
0.248073242642114, 1.31002227171492, -0.00301824802259467, 20, 12, 0.275598
0.248073242642114, 1.31314031180401, -0.0030181849021174, 20, 12, 0.275582
0.248073242642114, 1.3162583518931, -0.0030181226429473, 20, 12, 0.275611
0.248073242642114, 1.31937639198218, -0.00301806125768936, 20, 12, 0.275615
0.248073242642114, 1.32249443207127, -0.00301800075897782, 20, 12, 0.275609
0.248073242642114, 1.32561247216036, -0.0030179411594756, 20, 12, 0.275615
0.248073242642114, 1.32873051224944, -0.00301788247187372, 20, 12, 0.275587
0.248073242642114, 1.33184855233853, -0.00301782470889076, 20, 12, 0.27561
0.248073242642114, 1.33496659242762, -0.00301776788327227, 20, 12, 0.275533
0.248073242642114, 1.3380846325167, -0.00301771200779022, 20, 12, 0.275536
0.248073242642114, 1.34120267260579, -0.00301765709524245, 20, 12, 0.27553
0.248073242642114, 1.34432071269488, -0.00301760315170014, 20, 11, 0.249984
0.248073242642114, 1.34743875278396, -0.00301755020383739, 20, 11, 0.250019
0.248073242642114, 1.35055679287305, -0.00301749825743646, 20, 11, 0.25
0.248073242642114, 1.35367483296214, -0.0030174473253936, 20, 11, 0.250037
0.248073242642114, 1.35679287305122, -0.00301739742062808, 20, 11, 0.250023
0.248073242642114, 1.35991091314031, -0.00301734855608157, 20, 11, 0.250066
0.248073242642114, 1.3630289532294, -0.00301730074471758, 20, 11, 0.250041
0.248073242642114, 1.36614699331849, -0.00301725399952089, 20, 11, 0.250037
0.248073242642114, 1.36926503340757, -0.00301720833349701, 20, 11, 0.250053
0.248073242642114, 1.37238307349666, -0.00301716375967156, 20, 11, 0.251055
0.248073242642114, 1.37550111358575, -0.00301712029108977, 20, 11, 0.250044
0.248073242642114, 1.37861915367483, -0.00301707794081586, 20, 11, 0.249982
0.248073242642114, 1.38173719376392, -0.00301703672193249, 20, 11, 0.250029
0.248073242642114, 1.38485523385301, -0.00301699664754019, 20, 11, 0.249999
0.248073242642114, 1.38797327394209, -0.00301695773075681, 20, 11, 0.24997
0.248073242642114, 1.39109131403118, -0.00301691998471694, 20, 11, 0.25001
0.248073242642114, 1.39420935412027, -0.00301688342257132, 20, 11, 0.250006
0.248073242642114, 1.39732739420935, -0.00301684805748631, 20, 11, 0.250004
0.248073242642114, 1.40044543429844, -0.00301681390264334, 20, 11, 0.249967
0.248073242642114, 1.40356347438753, -0.00301678097123826, 20, 11, 0.249955
0.248073242642114, 1.40668151447661, -0.0030167492764809, 20, 11, 0.249924
0.248073242642114, 1.4097995545657, -0.00301671883159436, 20, 11, 0.249953
0.248073242642114, 1.41291759465479, -0.0030166896498146, 20, 11, 0.249965
0.248073242642114, 1.41603563474388, -0.00301666174438975, 20, 11, 0.249967
0.248073242642114, 1.41915367483296, -0.00301663512857961, 20, 11, 0.249945
0.248073242642114, 1.42227171492205, -0.00301660981565509, 20, 11, 0.249969
0.248073242642114, 1.42538975501114, -0.00301658581889763, 20, 11, 0.250014
0.248073242642114, 1.42850779510022, -0.00301656315159863, 20, 11, 0.249954
0.248073242642114, 1.43162583518931, -0.00301654182705894, 20, 11, 0.249965
0.248073242642114, 1.4347438752784, -0.00301652185858823, 20, 11, 0.249933
0.248073242642114, 1.43786191536748, -0.0030165032595045, 20, 11, 0.250064
0.248073242642114, 1.44097995545657, -0.00301648604313348, 20, 11, 0.249974
0.248073242642114, 1.44409799554566, -0.00301647022280809, 20, 11, 0.249982
0.248073242642114, 1.44721603563474, -0.00301645581186788, 20, 11, 0.24998
0.248073242642114, 1.45033407572383, -0.0030164428236585, 20, 11, 0.25001
0.248073242642114, 1.45345211581292, -0.00301643127153109, 20, 11, 0.249984
0.248073242642114, 1.456570155902, -0.00301642116884182, 20, 11, 0.249995
0.248073242642114, 1.45968819599109, -0.00301641252895124, 20, 11, 0.249968
0.248073242642114, 1.46280623608018, -0.0030164053652238, 20, 11, 0.250004
0.248073242642114, 1.46592427616927, -0.00301639969102728, 20, 11, 0.24999
0.248073242642114, 1.46904231625835, -0.00301639551973223, 20, 11, 0.250018
0.248073242642114, 1.47216035634744, -0.00301639286471148, 20, 11, 0.250043
0.248073242642114, 1.47527839643653, -0.0030163917393395, 20, 11, 0.250012
0.248073242642114, 1.47839643652561, -0.00301639215699197, 20, 11, 0.250041
0.248073242642114, 1.4815144766147, -0.00301639413104513, 20, 11, 0.25002
0.248073242642114, 1.48463251670379, -0.00301639767487535, 20, 11, 0.250003
0.248073242642114, 1.48775055679287, -0.0030164028018585, 20, 11, 0.250009
0.248073242642114, 1.49086859688196, -0.00301640951912164, 20, 10, 0.224472
0.248073242642114, 1.49398663697105, -0.00301641785280576, 20, 10, 0.224417
0.248073242642114, 1.49710467706013, -0.00301642780975054, 20, 10, 0.224416
0.248073242642114, 1.50022271714922, -0.00301643940332516, 20, 10, 0.224421
0.248073242642114, 1.50334075723831, -0.00301645264689568, 20, 10, 0.224423
0.248073242642114, 1.50645879732739, -0.0030164675538245, 20, 10, 0.224438
0.248073242642114, 1.50957683741648, -0.00301648413746979, 20, 10, 0.224425
0.248073242642114, 1.51269487750557, -0.00301650241118501, 20, 10, 0.224429
0.248073242642114, 1.51581291759465, -0.00301652238831838, 20, 10, 0.224449
0.248073242642114, 1.51893095768374, -0.00301654408221237, 20, 10, 0.224449
0.248073242642114, 1.52204899777283, -0.00301656750620314, 20, 10, 0.224476
0.248073242642114, 1.52516703786192, -0.00301659267362009, 20, 10, 0.224479
0.248073242642114, 1.528285077951, -0.00301661959778528, 20, 10, 0.224497
0.248073242642114, 1.53140311804009, -0.00301664829201297, 20, 10, 0.224462
0.248073242642114, 1.53452115812918, -0.00301667876960908, 20, 10, 0.224444
0.248073242642114, 1.53763919821826, -0.00301671104387069, 20, 10, 0.224418
0.248073242642114, 1.54075723830735, -0.00301674512808554, 20, 10, 0.224432
0.248073242642114, 1.54387527839644, -0.00301678103553152, 20, 10, 0.224392
0.248073242642114, 1.54699331848552, -0.00301681877947618, 20, 10, 0.224374
0.248073242642114, 1.55011135857461, -0.0030168583731762, 20, 10, 0.224409
0.248073242642114, 1.5532293986637, -0.00301689982987693, 20, 10, 0.224408
0.248073242642114, 1.55634743875278, -0.00301694316281187, 20, 10, 0.224394
0.248073242642114, 1.55946547884187, -0.0030169883852022, 20, 10, 0.224382
0.248073242642114, 1.56258351893096, -0.00301703551025627, 20, 10, 0.224382
0.248073242642114, 1.56570155902004, -0.00301708455116909, 20, 10, 0.224366
0.248073242642114, 1.56881959910913, -0.0030171355211219, 20, 10, 0.224351
0.248073242642114, 1.57193763919822, -0.00301718843328166, 20, 10, 0.224339
0.248073242642114, 1.57505567928731, -0.00301724330080055, 20, 10, 0.224353
0.248073242642114, 1.57817371937639, -0.0030173001368155, 20, 10, 0.224359
0.248073242642114, 1.58129175946548, -0.00301735895444774, 20, 10, 0.224356
0.248073242642114, 1.58440979955457, -0.00301741976680229, 20, 10, 0.225048
0.248073242642114, 1.58752783964365, -0.0030174825869675, 20, 10, 0.22438
0.248073242642114, 1.59064587973274, -0.00301754742801461, 20, 10, 0.224376
0.248073242642114, 1.59376391982183, -0.00301761430299723, 20, 10, 0.224353
0.248073242642114, 1.59688195991091, -0.0030176832249509, 20, 10, 0.224396
0.248073242642114, 1.6, -0.00301775420689266, 20, 10, 0.224957
# finished at Wed Apr 30 00:37:55 CEST 2014
