# starting on alcc59 at Wed Apr 30 00:26:06 CEST 2014
# casimir, -T, 0.200000,1.600000,450, -Q, 0.242585365162799, -p, 1e-08, -L, 20
# Compiler icc, using long double and plain matrix elements and plain integration
# precision=1e-08
# lfac=5
# cores=1
# L=0.242585
# T=0.2...1.6 (450)
#
# R/(L+R), T, F, lmax, nmax, time
0.242585365162799, 0.2, -0.00282640636278439, 20, 68, 1.65596
0.242585365162799, 0.203118040089087, -0.00282640450280782, 20, 67, 1.63034
0.242585365162799, 0.206236080178174, -0.00282640255712912, 20, 66, 1.61818
0.242585365162799, 0.209354120267261, -0.00282640052326876, 20, 65, 1.5785
0.242585365162799, 0.212472160356347, -0.00282639839871354, 20, 64, 1.55631
0.242585365162799, 0.215590200445434, -0.00282639618091824, 20, 63, 1.52625
0.242585365162799, 0.218708240534521, -0.00282639386730496, 20, 62, 1.52319
0.242585365162799, 0.221826280623608, -0.00282639146132505, 20, 62, 1.57634
0.242585365162799, 0.224944320712695, -0.00282638894862356, 20, 61, 1.53846
0.242585365162799, 0.228062360801782, -0.00282638633226177, 20, 60, 1.47038
0.242585365162799, 0.231180400890869, -0.00282638360954121, 20, 59, 1.54835
0.242585365162799, 0.234298440979955, -0.00282638077773048, 20, 58, 1.4102
0.242585365162799, 0.237416481069042, -0.00282637784053868, 20, 58, 1.41126
0.242585365162799, 0.240534521158129, -0.00282637478294378, 20, 57, 1.38023
0.242585365162799, 0.243652561247216, -0.00282637160799909, 20, 56, 1.35484
0.242585365162799, 0.246770601336303, -0.00282636831919192, 20, 56, 1.35522
0.242585365162799, 0.24988864142539, -0.00282636490182703, 20, 55, 1.33317
0.242585365162799, 0.253006681514477, -0.0028263613586193, 20, 54, 1.30601
0.242585365162799, 0.256124721603563, -0.00282635769318446, 20, 54, 1.3068
0.242585365162799, 0.25924276169265, -0.00282635389049783, 20, 53, 1.28279
0.242585365162799, 0.262360801781737, -0.00282634995324566, 20, 52, 1.26338
0.242585365162799, 0.265478841870824, -0.00282634588555459, 20, 52, 1.25736
0.242585365162799, 0.268596881959911, -0.00282634167136768, 20, 51, 1.23658
0.242585365162799, 0.271714922048998, -0.00282633732050114, 20, 51, 1.23658
0.242585365162799, 0.274832962138085, -0.00282633281754461, 20, 50, 1.2125
0.242585365162799, 0.277951002227172, -0.00282632816506449, 20, 49, 1.18297
0.242585365162799, 0.281069042316258, -0.00282632336800645, 20, 49, 1.18402
0.242585365162799, 0.284187082405345, -0.00282631840868943, 20, 48, 1.16144
0.242585365162799, 0.287305122494432, -0.00282631329868396, 20, 48, 1.16576
0.242585365162799, 0.290423162583519, -0.00282630802032224, 20, 47, 1.14975
0.242585365162799, 0.293541202672606, -0.00282630258522731, 20, 47, 1.21713
0.242585365162799, 0.296659242761693, -0.00282629697547838, 20, 46, 1.10866
0.242585365162799, 0.29977728285078, -0.00282629120302698, 20, 46, 1.10863
0.242585365162799, 0.302895322939866, -0.00282628525655391, 20, 46, 1.11102
0.242585365162799, 0.306013363028953, -0.00282627912723066, 20, 45, 1.08545
0.242585365162799, 0.30913140311804, -0.0028262728247658, 20, 45, 1.08537
0.242585365162799, 0.312249443207127, -0.0028262663327588, 20, 44, 1.05995
0.242585365162799, 0.315367483296214, -0.00282625966176116, 20, 44, 1.05988
0.242585365162799, 0.318485523385301, -0.00282625279432106, 20, 43, 1.03425
0.242585365162799, 0.321603563474388, -0.002826245742166, 20, 43, 1.03674
0.242585365162799, 0.324721603563474, -0.00282623849398592, 20, 43, 1.03673
0.242585365162799, 0.327839643652561, -0.00282623104041955, 20, 42, 1.01421
0.242585365162799, 0.330957683741648, -0.00282622339194796, 20, 42, 1.01211
0.242585365162799, 0.334075723830735, -0.00282621553078728, 20, 41, 0.985685
0.242585365162799, 0.337193763919822, -0.00282620746922638, 20, 41, 0.985617
0.242585365162799, 0.340311804008909, -0.00282619919560189, 20, 41, 0.987919
0.242585365162799, 0.343429844097996, -0.00282619069988007, 20, 40, 0.962328
0.242585365162799, 0.346547884187082, -0.00282618199379843, 20, 40, 0.96243
0.242585365162799, 0.349665924276169, -0.00282617306597395, 20, 40, 0.962392
0.242585365162799, 0.352783964365256, -0.00282616390638386, 20, 39, 0.936925
0.242585365162799, 0.355902004454343, -0.00282615452663945, 20, 39, 0.936962
0.242585365162799, 0.35902004454343, -0.00282614491541616, 20, 39, 0.936899
0.242585365162799, 0.362138084632517, -0.00282613506252031, 20, 38, 0.911363
0.242585365162799, 0.365256124721604, -0.00282612497985464, 20, 38, 0.913732
0.242585365162799, 0.36837416481069, -0.00282611465593565, 20, 38, 0.913622
0.242585365162799, 0.371492204899777, -0.00282610408020412, 20, 37, 0.888062
0.242585365162799, 0.374610244988864, -0.00282609326529623, 20, 37, 0.888094
0.242585365162799, 0.377728285077951, -0.00282608219934109, 20, 37, 0.888577
0.242585365162799, 0.380846325167038, -0.00282607087913938, 20, 37, 0.88839
0.242585365162799, 0.383964365256125, -0.00282605929471035, 20, 36, 0.862664
0.242585365162799, 0.387082405345212, -0.0028260474573891, 20, 36, 0.867164
0.242585365162799, 0.390200445434298, -0.0028260353560295, 20, 36, 0.86493
0.242585365162799, 0.393318485523385, -0.00282602297987674, 20, 35, 0.839388
0.242585365162799, 0.396436525612472, -0.00282601034192464, 20, 35, 0.839452
0.242585365162799, 0.399554565701559, -0.00282599743016205, 20, 35, 0.839502
0.242585365162799, 0.402672605790646, -0.00282598424140266, 20, 35, 0.83931
0.242585365162799, 0.405790645879733, -0.00282597076501664, 20, 34, 0.813769
0.242585365162799, 0.40890868596882, -0.00282595701374375, 20, 34, 0.813901
0.242585365162799, 0.412026726057906, -0.0028259429757596, 20, 34, 0.813899
0.242585365162799, 0.415144766146993, -0.00282592864789853, 20, 34, 0.813892
0.242585365162799, 0.41826280623608, -0.0028259140193928, 20, 33, 0.788234
0.242585365162799, 0.421380846325167, -0.00282589910332833, 20, 33, 0.790612
0.242585365162799, 0.424498886414254, -0.00282588388775999, 20, 33, 0.790584
0.242585365162799, 0.427616926503341, -0.00282586836955537, 20, 33, 0.790755
0.242585365162799, 0.430734966592428, -0.00282585253752741, 20, 32, 0.76516
0.242585365162799, 0.433853006681514, -0.00282583640574303, 20, 32, 0.765095
0.242585365162799, 0.436971046770601, -0.00282581996181336, 20, 32, 0.770678
0.242585365162799, 0.440089086859688, -0.00282580320265027, 20, 32, 0.786256
0.242585365162799, 0.443207126948775, -0.00282578612517287, 20, 32, 0.793333
0.242585365162799, 0.446325167037862, -0.00282576871859326, 20, 31, 0.739289
0.242585365162799, 0.449443207126949, -0.0028257509962779, 20, 31, 0.739635
0.242585365162799, 0.452561247216036, -0.0028257329463345, 20, 31, 0.784055
0.242585365162799, 0.455679287305123, -0.00282571456574152, 20, 31, 0.753209
0.242585365162799, 0.458797327394209, -0.00282569585148759, 20, 31, 0.750364
0.242585365162799, 0.461915367483296, -0.00282567679284265, 20, 30, 0.735193
0.242585365162799, 0.465033407572383, -0.0028256574032572, 20, 30, 0.733328
0.242585365162799, 0.46815144766147, -0.00282563767093916, 20, 30, 0.724423
0.242585365162799, 0.471269487750557, -0.00282561759295068, 20, 30, 0.724797
0.242585365162799, 0.474387527839644, -0.00282559716636909, 20, 30, 0.72081
0.242585365162799, 0.477505567928731, -0.00282557638017582, 20, 29, 0.711145
0.242585365162799, 0.480623608017817, -0.00282555524869156, 20, 29, 0.780984
0.242585365162799, 0.483741648106904, -0.0028255337598293, 20, 29, 0.748195
0.242585365162799, 0.486859688195991, -0.00282551191075253, 20, 29, 0.698406
0.242585365162799, 0.489977728285078, -0.00282548969864343, 20, 29, 0.694799
0.242585365162799, 0.493095768374165, -0.00282546712070395, 20, 29, 0.698934
0.242585365162799, 0.496213808463252, -0.00282544416629452, 20, 28, 0.713432
0.242585365162799, 0.499331848552339, -0.00282542084930853, 20, 28, 0.701152
0.242585365162799, 0.502449888641425, -0.00282539715811859, 20, 28, 0.672061
0.242585365162799, 0.505567928730512, -0.00282537309002833, 20, 28, 0.667851
0.242585365162799, 0.508685968819599, -0.0028253486423644, 20, 28, 0.66767
0.242585365162799, 0.511804008908686, -0.00282532381247749, 20, 28, 0.668745
0.242585365162799, 0.514922048997773, -0.00282529858969259, 20, 27, 0.642457
0.242585365162799, 0.51804008908686, -0.00282527298842697, 20, 27, 0.642647
0.242585365162799, 0.521158129175947, -0.00282524699704026, 20, 27, 0.642775
0.242585365162799, 0.524276169265034, -0.00282522061300001, 20, 27, 0.642059
0.242585365162799, 0.52739420935412, -0.00282519383380081, 20, 27, 0.642485
0.242585365162799, 0.530512249443207, -0.00282516665696526, 20, 27, 0.642165
0.242585365162799, 0.533630289532294, -0.0028251390713362, 20, 26, 0.616713
0.242585365162799, 0.536748329621381, -0.00282511109286649, 20, 26, 0.616845
0.242585365162799, 0.539866369710468, -0.00282508270940045, 20, 26, 0.616814
0.242585365162799, 0.542984409799555, -0.00282505391859249, 20, 26, 0.617253
0.242585365162799, 0.546102449888642, -0.00282502471812833, 20, 26, 0.619225
0.242585365162799, 0.549220489977728, -0.00282499510572395, 20, 26, 0.619074
0.242585365162799, 0.552338530066815, -0.00282496507912937, 20, 26, 0.618933
0.242585365162799, 0.555456570155902, -0.00282493463612747, 20, 26, 0.61912
0.242585365162799, 0.558574610244989, -0.00282490376657323, 20, 25, 0.594049
0.242585365162799, 0.561692650334076, -0.00282487248508395, 20, 25, 0.593498
0.242585365162799, 0.564810690423163, -0.00282484078065525, 20, 25, 0.593369
0.242585365162799, 0.567928730512249, -0.00282480865122032, 20, 25, 0.593399
0.242585365162799, 0.571046770601336, -0.00282477609474842, 20, 25, 0.593541
0.242585365162799, 0.574164810690423, -0.00282474310924562, 20, 25, 0.594776
0.242585365162799, 0.57728285077951, -0.00282470969275558, 20, 25, 0.593408
0.242585365162799, 0.580400890868597, -0.00282467583464332, 20, 24, 0.568225
0.242585365162799, 0.583518930957684, -0.00282464155134966, 20, 24, 0.56813
0.242585365162799, 0.586636971046771, -0.00282460683134257, 20, 24, 0.567835
0.242585365162799, 0.589755011135857, -0.00282457167283214, 20, 24, 0.568365
0.242585365162799, 0.592873051224944, -0.00282453607406857, 20, 24, 0.568234
0.242585365162799, 0.595991091314031, -0.00282450003334286, 20, 24, 0.568001
0.242585365162799, 0.599109131403118, -0.00282446354898757, 20, 24, 0.567927
0.242585365162799, 0.602227171492205, -0.00282442661937748, 20, 24, 0.567939
0.242585365162799, 0.605345211581292, -0.00282438924293076, 20, 24, 0.571066
0.242585365162799, 0.608463251670379, -0.00282435140982053, 20, 23, 0.54618
0.242585365162799, 0.611581291759466, -0.0028243131359358, 20, 23, 0.560832
0.242585365162799, 0.614699331848552, -0.00282427441065174, 20, 23, 0.555405
0.242585365162799, 0.617817371937639, -0.00282423523257151, 20, 23, 0.595168
0.242585365162799, 0.620935412026726, -0.00282419560034347, 20, 23, 0.584905
0.242585365162799, 0.624053452115813, -0.00282415551266187, 20, 23, 0.5642
0.242585365162799, 0.6271714922049, -0.00282411496826747, 20, 23, 0.567953
0.242585365162799, 0.630289532293987, -0.00282407396594817, 20, 23, 0.545311
0.242585365162799, 0.633407572383074, -0.00282403250453956, 20, 23, 0.580833
0.242585365162799, 0.63652561247216, -0.0028239905743718, 20, 22, 0.590007
0.242585365162799, 0.639643652561247, -0.00282394819228594, 20, 22, 0.538439
0.242585365162799, 0.642761692650334, -0.00282390534783503, 20, 22, 0.520454
0.242585365162799, 0.645879732739421, -0.00282386204005824, 20, 22, 0.522798
0.242585365162799, 0.648997772828508, -0.00282381826804466, 20, 22, 0.519427
0.242585365162799, 0.652115812917595, -0.00282377403093381, 20, 22, 0.519105
0.242585365162799, 0.655233853006682, -0.00282372932791627, 20, 22, 0.519036
0.242585365162799, 0.658351893095768, -0.00282368415823419, 20, 22, 0.519087
0.242585365162799, 0.661469933184855, -0.0028236385211819, 20, 22, 0.519061
0.242585365162799, 0.664587973273942, -0.00282359241610633, 20, 22, 0.519036
0.242585365162799, 0.667706013363029, -0.00282354583367796, 20, 21, 0.493515
0.242585365162799, 0.670824053452116, -0.0028234987915918, 20, 21, 0.493536
0.242585365162799, 0.673942093541203, -0.00282345127977458, 20, 21, 0.494761
0.242585365162799, 0.67706013363029, -0.00282340329779522, 20, 21, 0.493548
0.242585365162799, 0.680178173719376, -0.00282335484527722, 20, 21, 0.493532
0.242585365162799, 0.683296213808463, -0.0028233059218998, 20, 21, 0.495879
0.242585365162799, 0.68641425389755, -0.00282325652739599, 20, 21, 0.495857
0.242585365162799, 0.689532293986637, -0.00282320666155674, 20, 21, 0.495834
0.242585365162799, 0.692650334075724, -0.00282315632422898, 20, 21, 0.499984
0.242585365162799, 0.695768374164811, -0.00282310551531669, 20, 21, 0.50036
0.242585365162799, 0.698886414253898, -0.00282305423478134, 20, 21, 0.495858
0.242585365162799, 0.702004454342984, -0.00282300248264238, 20, 21, 0.49588
0.242585365162799, 0.705122494432071, -0.0028229502508115, 20, 20, 0.474753
0.242585365162799, 0.708240534521158, -0.00282289755645587, 20, 20, 0.474502
0.242585365162799, 0.711358574610245, -0.00282284439084743, 20, 20, 0.473136
0.242585365162799, 0.714476614699332, -0.00282279075424676, 20, 20, 0.470395
0.242585365162799, 0.717594654788419, -0.00282273664697404, 20, 20, 0.47478
0.242585365162799, 0.720712694877506, -0.00282268206940951, 20, 20, 0.471215
0.242585365162799, 0.723830734966592, -0.00282262702199386, 20, 20, 0.47396
0.242585365162799, 0.726948775055679, -0.00282257150522864, 20, 20, 0.470346
0.242585365162799, 0.730066815144766, -0.00282251551967668, 20, 20, 0.470384
0.242585365162799, 0.733184855233853, -0.00282245906596244, 20, 20, 0.470347
0.242585365162799, 0.73630289532294, -0.00282240214477241, 20, 20, 0.473961
0.242585365162799, 0.739420935412027, -0.00282234475685548, 20, 20, 0.47078
0.242585365162799, 0.742538975501114, -0.00282228689449841, 20, 19, 0.444916
0.242585365162799, 0.7456570155902, -0.00282222857631972, 20, 19, 0.445879
0.242585365162799, 0.748775055679287, -0.00282216979398235, 20, 19, 0.445054
0.242585365162799, 0.751893095768374, -0.00282211054849282, 20, 19, 0.452345
0.242585365162799, 0.755011135857461, -0.00282205084092137, 20, 19, 0.448769
0.242585365162799, 0.758129175946548, -0.00282199067240235, 20, 19, 0.444785
0.242585365162799, 0.761247216035635, -0.0028219300441345, 20, 19, 0.44478
0.242585365162799, 0.764365256124722, -0.00282186895738132, 20, 19, 0.444791
0.242585365162799, 0.767483296213809, -0.00282180741347139, 20, 19, 0.444762
0.242585365162799, 0.770601336302895, -0.00282174541379865, 20, 19, 0.444754
0.242585365162799, 0.773719376391982, -0.0028216829598227, 20, 19, 0.444756
0.242585365162799, 0.776837416481069, -0.00282162005306911, 20, 19, 0.448441
0.242585365162799, 0.779955456570156, -0.00282155669513041, 20, 19, 0.454421
0.242585365162799, 0.783073496659243, -0.00282149288766352, 20, 19, 0.451526
0.242585365162799, 0.78619153674833, -0.00282142862393619, 20, 18, 0.42158
0.242585365162799, 0.789309576837417, -0.0028213639233107, 20, 18, 0.421592
0.242585365162799, 0.792427616926503, -0.00282129877848408, 20, 18, 0.421606
0.242585365162799, 0.79554565701559, -0.0028212331913872, 20, 18, 0.421616
0.242585365162799, 0.798663697104677, -0.0028211671640184, 20, 18, 0.431633
0.242585365162799, 0.801781737193764, -0.00282110069844376, 20, 18, 0.42163
0.242585365162799, 0.804899777282851, -0.0028210337967973, 20, 18, 0.425162
0.242585365162799, 0.808017817371938, -0.00282096646128125, 20, 18, 0.421529
0.242585365162799, 0.811135857461025, -0.00282089869416626, 20, 18, 0.42153
0.242585365162799, 0.814253897550111, -0.00282083049779159, 20, 18, 0.426004
0.242585365162799, 0.817371937639198, -0.00282076187456536, 20, 18, 0.42156
0.242585365162799, 0.820489977728285, -0.00282069282696473, 20, 18, 0.422699
0.242585365162799, 0.823608017817372, -0.00282062335753606, 20, 18, 0.427573
0.242585365162799, 0.826726057906459, -0.00282055346889513, 20, 18, 0.421523
0.242585365162799, 0.829844097995546, -0.00282048316372732, 20, 18, 0.421409
0.242585365162799, 0.832962138084633, -0.00282041244478772, 20, 18, 0.42481
0.242585365162799, 0.836080178173719, -0.00282034130670643, 20, 17, 0.417102
0.242585365162799, 0.839198218262806, -0.00282026976936822, 20, 17, 0.396811
0.242585365162799, 0.842316258351893, -0.00282019782689978, 20, 17, 0.39627
0.242585365162799, 0.84543429844098, -0.00282012548233992, 20, 17, 0.39618
0.242585365162799, 0.848552338530067, -0.00282005273879766, 20, 17, 0.400188
0.242585365162799, 0.851670378619154, -0.00281997959945239, 20, 17, 0.39622
0.242585365162799, 0.854788418708241, -0.00281990606755399, 20, 17, 0.407489
0.242585365162799, 0.857906458797328, -0.00281983214642299, 20, 17, 0.39982
0.242585365162799, 0.861024498886414, -0.00281975783945065, 20, 17, 0.400257
0.242585365162799, 0.864142538975501, -0.00281968315009906, 20, 17, 0.400192
0.242585365162799, 0.867260579064588, -0.00281960808190125, 20, 17, 0.399777
0.242585365162799, 0.870378619153675, -0.00281953263846128, 20, 17, 0.40423
0.242585365162799, 0.873496659242762, -0.00281945682345435, 20, 17, 0.412037
0.242585365162799, 0.876614699331849, -0.0028193806406268, 20, 17, 0.396114
0.242585365162799, 0.879732739420936, -0.00281930409379628, 20, 17, 0.396143
0.242585365162799, 0.882850779510022, -0.0028192271868517, 20, 17, 0.396555
0.242585365162799, 0.885968819599109, -0.00281914992375338, 20, 17, 0.404588
0.242585365162799, 0.889086859688196, -0.00281907230853304, 20, 17, 0.402891
0.242585365162799, 0.892204899777283, -0.00281899433732653, 20, 16, 0.383236
0.242585365162799, 0.89532293986637, -0.00281891603079336, 20, 16, 0.375409
0.242585365162799, 0.898440979955457, -0.00281883738462427, 20, 16, 0.370578
0.242585365162799, 0.901559020044544, -0.00281875840313954, 20, 16, 0.377933
0.242585365162799, 0.90467706013363, -0.00281867909073082, 20, 16, 0.371797
0.242585365162799, 0.907795100222717, -0.00281859945186194, 20, 16, 0.41021
0.242585365162799, 0.910913140311804, -0.00281851949106568, 20, 16, 0.392247
0.242585365162799, 0.914031180400891, -0.00281843921294865, 20, 16, 0.395115
0.242585365162799, 0.917149220489978, -0.00281835862218801, 20, 16, 0.377809
0.242585365162799, 0.920267260579065, -0.0028182777235323, 20, 16, 0.404068
0.242585365162799, 0.923385300668152, -0.0028181965218014, 20, 16, 0.416344
0.242585365162799, 0.926503340757238, -0.00281811502188649, 20, 16, 0.389602
0.242585365162799, 0.929621380846325, -0.00281803322875004, 20, 16, 0.380349
0.242585365162799, 0.932739420935412, -0.00281795114742575, 20, 16, 0.373614
0.242585365162799, 0.935857461024499, -0.00281786878301851, 20, 16, 0.373673
0.242585365162799, 0.938975501113586, -0.00281778614070435, 20, 16, 0.375823
0.242585365162799, 0.942093541202673, -0.00281770322573036, 20, 16, 0.421319
0.242585365162799, 0.945211581291759, -0.00281762004341463, 20, 16, 0.410278
0.242585365162799, 0.948329621380847, -0.00281753659914616, 20, 16, 0.413713
0.242585365162799, 0.951447661469933, -0.00281745289838482, 20, 16, 0.405594
0.242585365162799, 0.95456570155902, -0.00281736893867347, 20, 15, 0.388528
0.242585365162799, 0.957683741648107, -0.00281728474210725, 20, 15, 0.347263
0.242585365162799, 0.960801781737194, -0.00281720030581829, 20, 15, 0.347315
0.242585365162799, 0.963919821826281, -0.00281711563555099, 20, 15, 0.347265
0.242585365162799, 0.967037861915368, -0.00281703073711997, 20, 15, 0.347272
0.242585365162799, 0.970155902004454, -0.00281694561640992, 20, 15, 0.347287
0.242585365162799, 0.973273942093541, -0.00281686027937549, 20, 15, 0.347245
0.242585365162799, 0.976391982182628, -0.00281677473204115, 20, 15, 0.347336
0.242585365162799, 0.979510022271715, -0.00281668898050108, 20, 15, 0.34732
0.242585365162799, 0.982628062360802, -0.00281660303091904, 20, 15, 0.348204
0.242585365162799, 0.985746102449889, -0.00281651688952817, 20, 15, 0.347472
0.242585365162799, 0.988864142538975, -0.00281643056263091, 20, 15, 0.347345
0.242585365162799, 0.991982182628063, -0.00281634405659878, 20, 15, 0.347317
0.242585365162799, 0.995100222717149, -0.00281625737787225, 20, 15, 0.347383
0.242585365162799, 0.998218262806236, -0.00281617053296057, 20, 15, 0.347308
0.242585365162799, 1.00133630289532, -0.00281608352844158, 20, 15, 0.347285
0.242585365162799, 1.00445434298441, -0.00281599637096153, 20, 15, 0.347316
0.242585365162799, 1.0075723830735, -0.00281590906723489, 20, 15, 0.347283
0.242585365162799, 1.01069042316258, -0.00281582162404416, 20, 15, 0.351829
0.242585365162799, 1.01380846325167, -0.00281573404823967, 20, 15, 0.349421
0.242585365162799, 1.01692650334076, -0.00281564634673938, 20, 15, 0.35692
0.242585365162799, 1.02004454342984, -0.00281555852652864, 20, 15, 0.386606
0.242585365162799, 1.02316258351893, -0.00281547059466, 20, 15, 0.348114
0.242585365162799, 1.02628062360802, -0.00281538255028076, 20, 14, 0.339683
0.242585365162799, 1.0293986636971, -0.0028152944170057, 20, 14, 0.325938
0.242585365162799, 1.03251670378619, -0.00281520619360197, 20, 14, 0.321879
0.242585365162799, 1.03563474387528, -0.00281511788739037, 20, 14, 0.326228
0.242585365162799, 1.03875278396437, -0.00281502950575759, 20, 14, 0.321762
0.242585365162799, 1.04187082405345, -0.002814941056156, 20, 14, 0.322239
0.242585365162799, 1.04498886414254, -0.00281485254610341, 20, 14, 0.333888
0.242585365162799, 1.04810690423163, -0.00281476398318274, 20, 14, 0.322024
0.242585365162799, 1.05122494432071, -0.00281467537504184, 20, 14, 0.343199
0.242585365162799, 1.0543429844098, -0.0028145867293932, 20, 14, 0.325764
0.242585365162799, 1.05746102449889, -0.00281449805401364, 20, 14, 0.337415
0.242585365162799, 1.06057906458797, -0.00281440935674409, 20, 14, 0.325398
0.242585365162799, 1.06369710467706, -0.00281432064548926, 20, 14, 0.321752
0.242585365162799, 1.06681514476615, -0.00281423192821736, 20, 14, 0.322619
0.242585365162799, 1.06993318485523, -0.00281414321295984, 20, 14, 0.326366
0.242585365162799, 1.07305122494432, -0.00281405450781106, 20, 14, 0.325557
0.242585365162799, 1.07616926503341, -0.00281396582092797, 20, 14, 0.325375
0.242585365162799, 1.07928730512249, -0.00281387716052986, 20, 14, 0.327469
0.242585365162799, 1.08240534521158, -0.00281378853489799, 20, 14, 0.347038
0.242585365162799, 1.08552338530067, -0.00281369995237529, 20, 14, 0.342218
0.242585365162799, 1.08864142538976, -0.00281361142136703, 20, 14, 0.327814
0.242585365162799, 1.09175946547884, -0.00281352295033654, 20, 14, 0.324459
0.242585365162799, 1.09487750556793, -0.0028134345478108, 20, 14, 0.324105
0.242585365162799, 1.09799554565702, -0.00281334622237617, 20, 14, 0.324123
0.242585365162799, 1.1011135857461, -0.00281325798267899, 20, 14, 0.324104
0.242585365162799, 1.10423162583519, -0.00281316983742529, 20, 14, 0.324159
0.242585365162799, 1.10734966592428, -0.00281308179538038, 20, 14, 0.324485
0.242585365162799, 1.11046770601336, -0.00281299386536856, 20, 14, 0.324105
0.242585365162799, 1.11358574610245, -0.00281290604892725, 20, 13, 0.302749
0.242585365162799, 1.11670378619154, -0.00281281837010374, 20, 13, 0.302788
0.242585365162799, 1.11982182628062, -0.0028127308301129, 20, 13, 0.301244
0.242585365162799, 1.12293986636971, -0.0028126434380125, 20, 13, 0.298542
0.242585365162799, 1.1260579064588, -0.00281255620291738, 20, 13, 0.298539
0.242585365162799, 1.12917594654788, -0.00281246913399904, 20, 13, 0.298546
0.242585365162799, 1.13229398663697, -0.00281238224048528, 20, 13, 0.298493
0.242585365162799, 1.13541202672606, -0.00281229553165978, 20, 13, 0.298496
0.242585365162799, 1.13853006681514, -0.00281220901686175, 20, 13, 0.298605
0.242585365162799, 1.14164810690423, -0.00281212270548552, 20, 13, 0.29857
0.242585365162799, 1.14476614699332, -0.00281203660698013, 20, 13, 0.298538
0.242585365162799, 1.14788418708241, -0.00281195073084897, 20, 13, 0.29852
0.242585365162799, 1.15100222717149, -0.00281186508664933, 20, 13, 0.29936
0.242585365162799, 1.15412026726058, -0.00281177968399201, 20, 13, 0.306319
0.242585365162799, 1.15723830734967, -0.00281169453254093, 20, 13, 0.298917
0.242585365162799, 1.16035634743875, -0.00281160964201268, 20, 13, 0.302205
0.242585365162799, 1.16347438752784, -0.00281152502217611, 20, 13, 0.298553
0.242585365162799, 1.16659242761693, -0.00281144068285193, 20, 13, 0.298511
0.242585365162799, 1.16971046770601, -0.00281135663391225, 20, 13, 0.298553
0.242585365162799, 1.1728285077951, -0.0028112728852802, 20, 13, 0.298513
0.242585365162799, 1.17594654788419, -0.00281118944692942, 20, 13, 0.2985
0.242585365162799, 1.17906458797327, -0.00281110632888371, 20, 13, 0.298498
0.242585365162799, 1.18218262806236, -0.00281102354121652, 20, 13, 0.299008
0.242585365162799, 1.18530066815145, -0.00281094109405057, 20, 13, 0.298968
0.242585365162799, 1.18841870824053, -0.00281085899755734, 20, 13, 0.29851
0.242585365162799, 1.19153674832962, -0.00281077726195669, 20, 13, 0.298524
0.242585365162799, 1.19465478841871, -0.00281069589751634, 20, 13, 0.298531
0.242585365162799, 1.1977728285078, -0.00281061491455148, 20, 13, 0.298507
0.242585365162799, 1.20089086859688, -0.00281053432342425, 20, 13, 0.298554
0.242585365162799, 1.20400890868597, -0.00281045413454333, 20, 13, 0.298519
0.242585365162799, 1.20712694877506, -0.00281037435836348, 20, 13, 0.298491
0.242585365162799, 1.21024498886414, -0.00281029500538503, 20, 13, 0.298513
0.242585365162799, 1.21336302895323, -0.00281021607909737, 20, 12, 0.272959
0.242585365162799, 1.21648106904232, -0.00281013760457191, 20, 12, 0.273006
0.242585365162799, 1.2195991091314, -0.00281005958499847, 20, 12, 0.272969
0.242585365162799, 1.22271714922049, -0.00280998203105606, 20, 12, 0.272968
0.242585365162799, 1.22583518930958, -0.00280990495346687, 20, 12, 0.273012
0.242585365162799, 1.22895322939866, -0.00280982836299579, 20, 12, 0.291859
0.242585365162799, 1.23207126948775, -0.00280975227044994, 20, 12, 0.273281
0.242585365162799, 1.23518930957684, -0.00280967668667816, 20, 12, 0.285075
0.242585365162799, 1.23830734966592, -0.00280960162257055, 20, 12, 0.274335
0.242585365162799, 1.24142538975501, -0.002809527089058, 20, 12, 0.305555
0.242585365162799, 1.2445434298441, -0.00280945309711165, 20, 12, 0.285202
0.242585365162799, 1.24766146993318, -0.00280937965774244, 20, 12, 0.285066
0.242585365162799, 1.25077951002227, -0.00280930678200059, 20, 12, 0.277497
0.242585365162799, 1.25389755011136, -0.00280923448097515, 20, 12, 0.273006
0.242585365162799, 1.25701559020045, -0.00280916276579344, 20, 12, 0.273041
0.242585365162799, 1.26013363028953, -0.00280909164762059, 20, 12, 0.273042
0.242585365162799, 1.26325167037862, -0.00280902113765904, 20, 12, 0.273061
0.242585365162799, 1.26636971046771, -0.00280895124714802, 20, 12, 0.273032
0.242585365162799, 1.26948775055679, -0.00280888198736306, 20, 12, 0.273032
0.242585365162799, 1.27260579064588, -0.00280881336961549, 20, 12, 0.273075
0.242585365162799, 1.27572383073497, -0.00280874540525189, 20, 12, 0.27678
0.242585365162799, 1.27884187082405, -0.00280867810565364, 20, 12, 0.27307
0.242585365162799, 1.28195991091314, -0.00280861148223637, 20, 12, 0.273066
0.242585365162799, 1.28507795100223, -0.00280854554644947, 20, 12, 0.273096
0.242585365162799, 1.28819599109131, -0.00280848030977553, 20, 12, 0.273405
0.242585365162799, 1.2913140311804, -0.00280841578372992, 20, 12, 0.273039
0.242585365162799, 1.29443207126949, -0.00280835197986016, 20, 12, 0.273069
0.242585365162799, 1.29755011135857, -0.00280828890974548, 20, 12, 0.273675
0.242585365162799, 1.30066815144766, -0.0028082265849963, 20, 12, 0.27669
0.242585365162799, 1.30378619153675, -0.00280816501725365, 20, 12, 0.273043
0.242585365162799, 1.30690423162584, -0.00280810421818871, 20, 12, 0.273036
0.242585365162799, 1.31002227171492, -0.00280804419950228, 20, 12, 0.273008
0.242585365162799, 1.31314031180401, -0.0028079849729242, 20, 12, 0.287449
0.242585365162799, 1.3162583518931, -0.00280792655021293, 20, 12, 0.290819
0.242585365162799, 1.31937639198218, -0.00280786894315493, 20, 12, 0.273311
0.242585365162799, 1.32249443207127, -0.00280781216356418, 20, 12, 0.276263
0.242585365162799, 1.32561247216036, -0.00280775622328164, 20, 12, 0.275844
0.242585365162799, 1.32873051224944, -0.00280770113417474, 20, 12, 0.285018
0.242585365162799, 1.33184855233853, -0.00280764690813685, 20, 12, 0.273032
0.242585365162799, 1.33496659242762, -0.00280759355064767, 20, 11, 0.247512
0.242585365162799, 1.3380846325167, -0.00280754108683859, 20, 11, 0.247502
0.242585365162799, 1.34120267260579, -0.00280748952191405, 20, 11, 0.247472
0.242585365162799, 1.34432071269488, -0.00280743886786656, 20, 11, 0.24749
0.242585365162799, 1.34743875278396, -0.00280738913671189, 20, 11, 0.247844
0.242585365162799, 1.35055679287305, -0.00280734034048854, 20, 11, 0.247461
0.242585365162799, 1.35367483296214, -0.00280729249125718, 20, 11, 0.247487
0.242585365162799, 1.35679287305122, -0.0028072456011002, 20, 11, 0.247467
0.242585365162799, 1.35991091314031, -0.00280719968212107, 20, 11, 0.24748
0.242585365162799, 1.3630289532294, -0.00280715474644513, 20, 11, 0.255774
0.242585365162799, 1.36614699331849, -0.0028071108062141, 20, 11, 0.250394
0.242585365162799, 1.36926503340757, -0.00280706787359296, 20, 11, 0.249826
0.242585365162799, 1.37238307349666, -0.00280702596076444, 20, 11, 0.249805
0.242585365162799, 1.37550111358575, -0.0028069850799298, 20, 11, 0.249783
0.242585365162799, 1.37861915367483, -0.00280694524330821, 20, 11, 0.24979
0.242585365162799, 1.38173719376392, -0.00280690646313632, 20, 11, 0.249796
0.242585365162799, 1.38485523385301, -0.00280686875166764, 20, 11, 0.249827
0.242585365162799, 1.38797327394209, -0.00280683212117205, 20, 11, 0.249813
0.242585365162799, 1.39109131403118, -0.0028067965839353, 20, 11, 0.249828
0.242585365162799, 1.39420935412027, -0.00280676215225841, 20, 11, 0.249822
0.242585365162799, 1.39732739420935, -0.0028067288384572, 20, 11, 0.24982
0.242585365162799, 1.40044543429844, -0.00280669665486173, 20, 11, 0.249801
0.242585365162799, 1.40356347438753, -0.0028066656138158, 20, 11, 0.249827
0.242585365162799, 1.40668151447661, -0.00280663572767638, 20, 11, 0.24982
0.242585365162799, 1.4097995545657, -0.00280660700881313, 20, 11, 0.253123
0.242585365162799, 1.41291759465479, -0.00280657946960784, 20, 11, 0.289801
0.242585365162799, 1.41603563474388, -0.00280655312245391, 20, 11, 0.259623
0.242585365162799, 1.41915367483296, -0.00280652797975582, 20, 11, 0.286926
0.242585365162799, 1.42227171492205, -0.00280650405392863, 20, 11, 0.270233
0.242585365162799, 1.42538975501114, -0.00280648135739742, 20, 11, 0.281776
0.242585365162799, 1.42850779510022, -0.00280645990259679, 20, 11, 0.280359
0.242585365162799, 1.43162583518931, -0.00280643970197034, 20, 11, 0.249987
0.242585365162799, 1.4347438752784, -0.00280642076797011, 20, 11, 0.273749
0.242585365162799, 1.43786191536748, -0.00280640311305612, 20, 11, 0.26166
0.242585365162799, 1.44097995545657, -0.00280638674969579, 20, 11, 0.250423
0.242585365162799, 1.44409799554566, -0.00280637169036345, 20, 11, 0.250669
0.242585365162799, 1.44721603563474, -0.00280635794753983, 20, 11, 0.270816
0.242585365162799, 1.45033407572383, -0.0028063455337115, 20, 11, 0.289286
0.242585365162799, 1.45345211581292, -0.00280633446137042, 20, 11, 0.268783
0.242585365162799, 1.456570155902, -0.00280632474301335, 20, 11, 0.250271
0.242585365162799, 1.45968819599109, -0.00280631639114138, 20, 11, 0.249811
0.242585365162799, 1.46280623608018, -0.00280630941825943, 20, 11, 0.25006
0.242585365162799, 1.46592427616927, -0.00280630383687569, 20, 11, 0.2502
0.242585365162799, 1.46904231625835, -0.00280629965950114, 20, 11, 0.249818
0.242585365162799, 1.47216035634744, -0.00280629689864903, 20, 11, 0.253464
0.242585365162799, 1.47527839643653, -0.00280629556683439, 20, 11, 0.249821
0.242585365162799, 1.47839643652561, -0.0028062956765735, 20, 11, 0.249903
0.242585365162799, 1.4815144766147, -0.00280629724038338, 20, 11, 0.249868
0.242585365162799, 1.48463251670379, -0.00280630026516717, 20, 10, 0.224284
0.242585365162799, 1.48775055679287, -0.00280630477491631, 20, 10, 0.227753
0.242585365162799, 1.49086859688196, -0.00280631077627601, 20, 10, 0.234829
0.242585365162799, 1.49398663697105, -0.00280631828176175, 20, 10, 0.234604
0.242585365162799, 1.49710467706013, -0.00280632730388723, 20, 10, 0.224287
0.242585365162799, 1.50022271714922, -0.00280633785516386, 20, 10, 0.224336
0.242585365162799, 1.50334075723831, -0.00280634994810028, 20, 10, 0.232304
0.242585365162799, 1.50645879732739, -0.00280636359520189, 20, 10, 0.224323
0.242585365162799, 1.50957683741648, -0.00280637880897032, 20, 10, 0.232319
0.242585365162799, 1.51269487750557, -0.00280639560190295, 20, 10, 0.22431
0.242585365162799, 1.51581291759465, -0.00280641398649244, 20, 10, 0.246801
0.242585365162799, 1.51893095768374, -0.00280643397522623, 20, 10, 0.257416
0.242585365162799, 1.52204899777283, -0.00280645558058604, 20, 10, 0.255822
0.242585365162799, 1.52516703786192, -0.0028064788150474, 20, 10, 0.224996
0.242585365162799, 1.528285077951, -0.0028065036910792, 20, 10, 0.227918
0.242585365162799, 1.53140311804009, -0.00280653022114315, 20, 10, 0.22456
0.242585365162799, 1.53452115812918, -0.00280655841769334, 20, 10, 0.224273
0.242585365162799, 1.53763919821826, -0.00280658829317577, 20, 10, 0.224255
0.242585365162799, 1.54075723830735, -0.00280661986002783, 20, 10, 0.224267
0.242585365162799, 1.54387527839644, -0.0028066531306779, 20, 10, 0.224252
0.242585365162799, 1.54699331848552, -0.00280668811754481, 20, 10, 0.224248
0.242585365162799, 1.55011135857461, -0.0028067248330374, 20, 10, 0.224217
0.242585365162799, 1.5532293986637, -0.00280676328955408, 20, 10, 0.224227
0.242585365162799, 1.55634743875278, -0.00280680349948232, 20, 10, 0.224215
0.242585365162799, 1.55946547884187, -0.0028068454751982, 20, 10, 0.22428
0.242585365162799, 1.56258351893096, -0.00280688922906599, 20, 10, 0.224261
0.242585365162799, 1.56570155902004, -0.00280693477343762, 20, 10, 0.224589
0.242585365162799, 1.56881959910913, -0.00280698212065229, 20, 10, 0.22767
0.242585365162799, 1.57193763919822, -0.00280703128303598, 20, 10, 0.224235
0.242585365162799, 1.57505567928731, -0.00280708227290102, 20, 10, 0.22792
0.242585365162799, 1.57817371937639, -0.0028071351025456, 20, 10, 0.224226
0.242585365162799, 1.58129175946548, -0.00280718978425337, 20, 10, 0.224285
0.242585365162799, 1.58440979955457, -0.00280724633029299, 20, 10, 0.249299
0.242585365162799, 1.58752783964365, -0.00280730475291765, 20, 10, 0.247959
0.242585365162799, 1.59064587973274, -0.00280736506436465, 20, 10, 0.239403
0.242585365162799, 1.59376391982183, -0.00280742727685498, 20, 10, 0.224482
0.242585365162799, 1.59688195991091, -0.00280749140259286, 20, 10, 0.234961
0.242585365162799, 1.6, -0.00280755745376532, 20, 10, 0.22566
# finished at Wed Apr 30 00:29:55 CEST 2014
