# starting on alcc59 at Wed Apr 30 01:25:39 CEST 2014
# casimir, -T, 0.200000,1.600000,450, -Q, 0.293315393553911, -p, 1e-08, -L, 20
# Compiler icc, using long double and plain matrix elements and plain integration
# precision=1e-08
# lfac=5
# cores=1
# L=0.293315
# T=0.2...1.6 (450)
#
# R/(L+R), T, F, lmax, nmax, time
0.293315393553911, 0.2, -0.00526381008260072, 20, 72, 1.84679
0.293315393553911, 0.203118040089087, -0.00526380680522313, 20, 71, 1.82266
0.293315393553911, 0.206236080178174, -0.00526380337679163, 20, 70, 1.78274
0.293315393553911, 0.209354120267261, -0.00526379979298665, 20, 69, 1.76001
0.293315393553911, 0.212472160356347, -0.00526379604939814, 20, 68, 1.72902
0.293315393553911, 0.215590200445434, -0.00526379214156009, 20, 67, 1.70471
0.293315393553911, 0.218708240534521, -0.00526378806495137, 20, 66, 1.67748
0.293315393553911, 0.221826280623608, -0.00526378381499626, 20, 65, 1.65029
0.293315393553911, 0.224944320712695, -0.00526377938710135, 20, 64, 1.63204
0.293315393553911, 0.228062360801782, -0.00526377477650824, 20, 63, 1.60122
0.293315393553911, 0.231180400890869, -0.00526376997851347, 20, 62, 1.5741
0.293315393553911, 0.234298440979955, -0.00526376499989975, 20, 62, 1.57574
0.293315393553911, 0.237416481069042, -0.00526375981361186, 20, 61, 1.54856
0.293315393553911, 0.240534521158129, -0.00526375442555049, 20, 60, 1.52396
0.293315393553911, 0.243652561247216, -0.00526374883077325, 20, 59, 1.49661
0.293315393553911, 0.246770601336303, -0.00526374303612733, 20, 59, 1.49722
0.293315393553911, 0.24988864142539, -0.00526373701425907, 20, 58, 1.47369
0.293315393553911, 0.253006681514477, -0.00526373077071321, 20, 57, 1.44666
0.293315393553911, 0.256124721603563, -0.00526372430038085, 20, 56, 1.4207
0.293315393553911, 0.25924276169265, -0.0052637176114773, 20, 56, 1.42201
0.293315393553911, 0.262360801781737, -0.00526371067384164, 20, 55, 1.39552
0.293315393553911, 0.265478841870824, -0.00526370350629764, 20, 55, 1.39756
0.293315393553911, 0.268596881959911, -0.00526369608081231, 20, 54, 1.36759
0.293315393553911, 0.271714922048998, -0.00526368840268901, 20, 53, 1.34362
0.293315393553911, 0.274832962138085, -0.00526368048005751, 20, 53, 1.34446
0.293315393553911, 0.277951002227172, -0.00526367228272898, 20, 52, 1.31656
0.293315393553911, 0.281069042316258, -0.00526366382981077, 20, 52, 1.31862
0.293315393553911, 0.284187082405345, -0.00526365509205576, 20, 51, 1.29126
0.293315393553911, 0.287305122494432, -0.00526364608763496, 20, 51, 1.29331
0.293315393553911, 0.290423162583519, -0.00526363678799081, 20, 50, 1.26621
0.293315393553911, 0.293541202672606, -0.0052636271979774, 20, 49, 1.24011
0.293315393553911, 0.296659242761693, -0.00526361732751384, 20, 49, 1.24087
0.293315393553911, 0.29977728285078, -0.00526360714289926, 20, 48, 1.2133
0.293315393553911, 0.302895322939866, -0.00526359666711465, 20, 48, 1.21561
0.293315393553911, 0.306013363028953, -0.00526358587918069, 20, 48, 1.21515
0.293315393553911, 0.30913140311804, -0.00526357476287236, 20, 47, 1.18707
0.293315393553911, 0.312249443207127, -0.00526356333669834, 20, 47, 1.191
0.293315393553911, 0.315367483296214, -0.0052635515704865, 20, 46, 1.16145
0.293315393553911, 0.318485523385301, -0.0052635394839136, 20, 46, 1.16119
0.293315393553911, 0.321603563474388, -0.00526352704535835, 20, 45, 1.13867
0.293315393553911, 0.324721603563474, -0.00526351427608462, 20, 45, 1.13891
0.293315393553911, 0.327839643652561, -0.0052635011424071, 20, 44, 1.11039
0.293315393553911, 0.330957683741648, -0.00526348766800882, 20, 44, 1.11332
0.293315393553911, 0.334075723830735, -0.00526347383130804, 20, 44, 1.11274
0.293315393553911, 0.337193763919822, -0.00526345961436235, 20, 43, 1.08516
0.293315393553911, 0.340311804008909, -0.00526344503859845, 20, 43, 1.08982
0.293315393553911, 0.343429844097996, -0.00526343006950989, 20, 42, 1.05967
0.293315393553911, 0.346547884187082, -0.00526341473201929, 20, 42, 1.06042
0.293315393553911, 0.349665924276169, -0.00526339900381461, 20, 42, 1.05985
0.293315393553911, 0.352783964365256, -0.0052633828656467, 20, 41, 1.03295
0.293315393553911, 0.355902004454343, -0.00526336634146202, 20, 41, 1.03398
0.293315393553911, 0.35902004454343, -0.00526334940946004, 20, 41, 1.03429
0.293315393553911, 0.362138084632517, -0.00526333205040884, 20, 40, 1.00643
0.293315393553911, 0.365256124721604, -0.00526331428806396, 20, 40, 1.00675
0.293315393553911, 0.36837416481069, -0.00526329610072735, 20, 40, 1.00852
0.293315393553911, 0.371492204899777, -0.00526327746884637, 20, 39, 0.981124
0.293315393553911, 0.374610244988864, -0.00526325841681948, 20, 39, 1.01579
0.293315393553911, 0.377728285077951, -0.00526323892252761, 20, 39, 0.994452
0.293315393553911, 0.380846325167038, -0.00526321896579576, 20, 38, 0.986314
0.293315393553911, 0.383964365256125, -0.00526319857236209, 20, 38, 1.02433
0.293315393553911, 0.387082405345212, -0.0052631777195071, 20, 38, 0.990164
0.293315393553911, 0.390200445434298, -0.00526315640161774, 20, 38, 0.978923
0.293315393553911, 0.393318485523385, -0.00526313459958963, 20, 37, 0.93794
0.293315393553911, 0.396436525612472, -0.00526311233667253, 20, 37, 0.931882
0.293315393553911, 0.399554565701559, -0.00526308959154719, 20, 37, 0.935965
0.293315393553911, 0.402672605790646, -0.00526306634367011, 20, 36, 0.904269
0.293315393553911, 0.405790645879733, -0.00526304261939768, 20, 36, 0.904268
0.293315393553911, 0.40890868596882, -0.00526301839580954, 20, 36, 0.904385
0.293315393553911, 0.412026726057906, -0.0052629936673387, 20, 36, 0.907391
0.293315393553911, 0.415144766146993, -0.00526296841372867, 20, 35, 0.885504
0.293315393553911, 0.41826280623608, -0.00526294266078344, 20, 35, 0.883
0.293315393553911, 0.421380846325167, -0.00526291638598994, 20, 35, 0.878986
0.293315393553911, 0.424498886414254, -0.00526288958383093, 20, 35, 0.878767
0.293315393553911, 0.427616926503341, -0.00526286223385312, 20, 34, 0.860147
0.293315393553911, 0.430734966592428, -0.00526283436240935, 20, 34, 0.85355
0.293315393553911, 0.433853006681514, -0.00526280594683082, 20, 34, 0.861717
0.293315393553911, 0.436971046770601, -0.00526277698167171, 20, 34, 0.864819
0.293315393553911, 0.440089086859688, -0.00526274744576965, 20, 33, 0.827979
0.293315393553911, 0.443207126948775, -0.0052627173671794, 20, 33, 0.839706
0.293315393553911, 0.446325167037862, -0.00526268672248847, 20, 33, 0.828362
0.293315393553911, 0.449443207126949, -0.00526265550641679, 20, 33, 0.835375
0.293315393553911, 0.452561247216036, -0.00526262371347991, 20, 33, 0.838872
0.293315393553911, 0.455679287305123, -0.00526259132343958, 20, 32, 0.804404
0.293315393553911, 0.458797327394209, -0.00526255836285733, 20, 32, 0.808439
0.293315393553911, 0.461915367483296, -0.00526252480936018, 20, 32, 0.803599
0.293315393553911, 0.465033407572383, -0.00526249065772828, 20, 32, 0.804153
0.293315393553911, 0.46815144766147, -0.00526245590276539, 20, 32, 0.805293
0.293315393553911, 0.471269487750557, -0.00526242052438524, 20, 31, 0.777589
0.293315393553911, 0.474387527839644, -0.00526238454908573, 20, 31, 0.782767
0.293315393553911, 0.477505567928731, -0.00526234795481135, 20, 31, 0.785874
0.293315393553911, 0.480623608017817, -0.00526231073650772, 20, 31, 0.778985
0.293315393553911, 0.483741648106904, -0.00526227288915079, 20, 31, 0.786336
0.293315393553911, 0.486859688195991, -0.00526223439226219, 20, 30, 0.753596
0.293315393553911, 0.489977728285078, -0.00526219527367881, 20, 30, 0.755966
0.293315393553911, 0.493095768374165, -0.00526215551095846, 20, 30, 0.764043
0.293315393553911, 0.496213808463252, -0.00526211509924275, 20, 30, 0.753705
0.293315393553911, 0.499331848552339, -0.00526207403370986, 20, 30, 0.751883
0.293315393553911, 0.502449888641425, -0.00526203230957647, 20, 30, 0.759538
0.293315393553911, 0.505567928730512, -0.00526198990722812, 20, 29, 0.73013
0.293315393553911, 0.508685968819599, -0.00526194685340067, 20, 29, 0.726996
0.293315393553911, 0.511804008908686, -0.00526190312667903, 20, 29, 0.725193
0.293315393553911, 0.514922048997773, -0.00526185872247289, 20, 29, 0.727375
0.293315393553911, 0.51804008908686, -0.00526181363623624, 20, 29, 0.727224
0.293315393553911, 0.521158129175947, -0.0052617678634691, 20, 29, 0.728111
0.293315393553911, 0.524276169265034, -0.00526172138468818, 20, 28, 0.700895
0.293315393553911, 0.52739420935412, -0.00526167422720892, 20, 28, 0.698254
0.293315393553911, 0.530512249443207, -0.00526162636980936, 20, 28, 0.706856
0.293315393553911, 0.533630289532294, -0.00526157780820934, 20, 28, 0.704047
0.293315393553911, 0.536748329621381, -0.00526152853818012, 20, 28, 0.699
0.293315393553911, 0.539866369710468, -0.00526147855554602, 20, 28, 0.708819
0.293315393553911, 0.542984409799555, -0.00526142784019386, 20, 27, 0.675702
0.293315393553911, 0.546102449888642, -0.00526137642174564, 20, 27, 0.683887
0.293315393553911, 0.549220489977728, -0.00526132427831798, 20, 27, 0.679411
0.293315393553911, 0.552338530066815, -0.00526127140598133, 20, 27, 0.679669
0.293315393553911, 0.555456570155902, -0.00526121780086429, 20, 27, 0.673664
0.293315393553911, 0.558574610244989, -0.00526116345924706, 20, 27, 0.67546
0.293315393553911, 0.561692650334076, -0.00526110837719519, 20, 27, 0.685281
0.293315393553911, 0.564810690423163, -0.00526105253504063, 20, 26, 0.654685
0.293315393553911, 0.567928730512249, -0.00526099596295457, 20, 26, 0.649563
0.293315393553911, 0.571046770601336, -0.00526093863948535, 20, 26, 0.654873
0.293315393553911, 0.574164810690423, -0.00526088056115776, 20, 26, 0.650363
0.293315393553911, 0.57728285077951, -0.00526082172456252, 20, 26, 0.650074
0.293315393553911, 0.580400890868597, -0.00526076212635773, 20, 26, 0.650025
0.293315393553911, 0.583518930957684, -0.00526070176327016, 20, 26, 0.650352
0.293315393553911, 0.586636971046771, -0.00526064061494813, 20, 25, 0.621871
0.293315393553911, 0.589755011135857, -0.00526057871425421, 20, 25, 0.623115
0.293315393553911, 0.592873051224944, -0.00526051603911512, 20, 25, 0.656569
0.293315393553911, 0.595991091314031, -0.00526045258656149, 20, 25, 0.623728
0.293315393553911, 0.599109131403118, -0.00526038835369716, 20, 25, 0.621845
0.293315393553911, 0.602227171492205, -0.00526032333770048, 20, 25, 0.627807
0.293315393553911, 0.605345211581292, -0.00526025753582553, 20, 25, 0.627662
0.293315393553911, 0.608463251670379, -0.00526019094540343, 20, 25, 0.630871
0.293315393553911, 0.611581291759466, -0.00526012356384342, 20, 25, 0.650913
0.293315393553911, 0.614699331848552, -0.00526005537273025, 20, 24, 0.596993
0.293315393553911, 0.617817371937639, -0.00525998640295573, 20, 24, 0.596237
0.293315393553911, 0.620935412026726, -0.0052599166346075, 20, 24, 0.596416
0.293315393553911, 0.624053452115813, -0.00525984606543238, 20, 24, 0.59677
0.293315393553911, 0.6271714922049, -0.00525977469325954, 20, 24, 0.596224
0.293315393553911, 0.630289532293987, -0.00525970251600169, 20, 24, 0.596275
0.293315393553911, 0.633407572383074, -0.00525962953165617, 20, 24, 0.596244
0.293315393553911, 0.63652561247216, -0.00525955573830606, 20, 24, 0.596238
0.293315393553911, 0.639643652561247, -0.00525948113412127, 20, 24, 0.596276
0.293315393553911, 0.642761692650334, -0.00525940570143269, 20, 23, 0.570807
0.293315393553911, 0.645879732739421, -0.00525932947189775, 20, 23, 0.570724
0.293315393553911, 0.648997772828508, -0.00525925242643583, 20, 23, 0.570766
0.293315393553911, 0.652115812917595, -0.00525917456358621, 20, 23, 0.57094
0.293315393553911, 0.655233853006682, -0.00525909588197885, 20, 23, 0.571239
0.293315393553911, 0.658351893095768, -0.0052590163803354, 20, 23, 0.570648
0.293315393553911, 0.661469933184855, -0.00525893605747018, 20, 23, 0.570629
0.293315393553911, 0.664587973273942, -0.00525885491229123, 20, 23, 0.574416
0.293315393553911, 0.667706013363029, -0.00525877294380117, 20, 23, 0.575343
0.293315393553911, 0.670824053452116, -0.00525869013387219, 20, 22, 0.543242
0.293315393553911, 0.673942093541203, -0.00525860651766158, 20, 22, 0.551876
0.293315393553911, 0.67706013363029, -0.00525852207559271, 20, 22, 0.543661
0.293315393553911, 0.680178173719376, -0.00525843680706739, 20, 22, 0.556853
0.293315393553911, 0.683296213808463, -0.00525835071158552, 20, 22, 0.565352
0.293315393553911, 0.68641425389755, -0.00525826378874601, 20, 22, 0.575759
0.293315393553911, 0.689532293986637, -0.0052581760382477, 20, 22, 0.549296
0.293315393553911, 0.692650334075724, -0.00525808745989024, 20, 22, 0.548765
0.293315393553911, 0.695768374164811, -0.00525799805357493, 20, 22, 0.545932
0.293315393553911, 0.698886414253898, -0.00525790781930554, 20, 22, 0.549254
0.293315393553911, 0.702004454342984, -0.00525781675718921, 20, 22, 0.556962
0.293315393553911, 0.705122494432071, -0.00525772485054588, 20, 21, 0.529703
0.293315393553911, 0.708240534521158, -0.00525763213489115, 20, 21, 0.54599
0.293315393553911, 0.711358574610245, -0.00525753859221995, 20, 21, 0.525145
0.293315393553911, 0.714476614699332, -0.00525744422307028, 20, 21, 0.518326
0.293315393553911, 0.717594654788419, -0.00525734902808647, 20, 21, 0.517507
0.293315393553911, 0.720712694877506, -0.0052572530080199, 20, 21, 0.517727
0.293315393553911, 0.723830734966592, -0.00525715616372982, 20, 21, 0.517567
0.293315393553911, 0.726948775055679, -0.00525705849618404, 20, 21, 0.521689
0.293315393553911, 0.730066815144766, -0.00525696000645967, 20, 21, 0.521683
0.293315393553911, 0.733184855233853, -0.00525686069574386, 20, 21, 0.519616
0.293315393553911, 0.73630289532294, -0.00525676056533439, 20, 21, 0.519701
0.293315393553911, 0.739420935412027, -0.00525665961664046, 20, 21, 0.520198
0.293315393553911, 0.742538975501114, -0.00525655783444379, 20, 20, 0.526567
0.293315393553911, 0.7456570155902, -0.00525645525532012, 20, 20, 0.494413
0.293315393553911, 0.748775055679287, -0.00525635186258446, 20, 20, 0.506004
0.293315393553911, 0.751893095768374, -0.00525624765822884, 20, 20, 0.49857
0.293315393553911, 0.755011135857461, -0.00525614264423651, 20, 20, 0.506174
0.293315393553911, 0.758129175946548, -0.00525603682270512, 20, 20, 0.526397
0.293315393553911, 0.761247216035635, -0.00525593019584733, 20, 20, 0.511478
0.293315393553911, 0.764365256124722, -0.00525582276599137, 20, 20, 0.499221
0.293315393553911, 0.767483296213809, -0.00525571453558169, 20, 20, 0.497989
0.293315393553911, 0.770601336302895, -0.00525560550717945, 20, 20, 0.498798
0.293315393553911, 0.773719376391982, -0.00525549568346307, 20, 20, 0.507472
0.293315393553911, 0.776837416481069, -0.00525538506722876, 20, 20, 0.513783
0.293315393553911, 0.779955456570156, -0.00525527366139103, 20, 20, 0.563912
0.293315393553911, 0.783073496659243, -0.00525516145200206, 20, 19, 0.471818
0.293315393553911, 0.78619153674833, -0.00525504847747123, 20, 19, 0.466951
0.293315393553911, 0.789309576837417, -0.0052549347226967, 20, 19, 0.507741
0.293315393553911, 0.792427616926503, -0.00525482019107838, 20, 19, 0.491615
0.293315393553911, 0.79554565701559, -0.00525470488613621, 20, 19, 0.49042
0.293315393553911, 0.798663697104677, -0.00525458881151065, 20, 19, 0.489413
0.293315393553911, 0.801781737193764, -0.00525447197096307, 20, 19, 0.475892
0.293315393553911, 0.804899777282851, -0.00525435436837623, 20, 19, 0.473172
0.293315393553911, 0.808017817371938, -0.00525423600775465, 20, 19, 0.472688
0.293315393553911, 0.811135857461025, -0.00525411689322502, 20, 19, 0.468773
0.293315393553911, 0.814253897550111, -0.00525399702903659, 20, 19, 0.47318
0.293315393553911, 0.817371937639198, -0.00525387641956151, 20, 19, 0.468828
0.293315393553911, 0.820489977728285, -0.00525375506929519, 20, 19, 0.468829
0.293315393553911, 0.823608017817372, -0.00525363298285661, 20, 19, 0.46891
0.293315393553911, 0.826726057906459, -0.00525351016498869, 20, 19, 0.4689
0.293315393553911, 0.829844097995546, -0.00525338660399064, 20, 18, 0.44122
0.293315393553911, 0.832962138084633, -0.00525326233918918, 20, 18, 0.4415
0.293315393553911, 0.836080178173719, -0.0052531373578469, 20, 18, 0.441206
0.293315393553911, 0.839198218262806, -0.00525301166521142, 20, 18, 0.441235
0.293315393553911, 0.842316258351893, -0.00525288526665522, 20, 18, 0.442202
0.293315393553911, 0.84543429844098, -0.00525275816767586, 20, 18, 0.441206
0.293315393553911, 0.848552338530067, -0.00525263037389626, 20, 18, 0.441236
0.293315393553911, 0.851670378619154, -0.00525250189106492, 20, 18, 0.441267
0.293315393553911, 0.854788418708241, -0.00525237272505612, 20, 18, 0.443243
0.293315393553911, 0.857906458797328, -0.00525224288187017, 20, 18, 0.443259
0.293315393553911, 0.861024498886414, -0.00525211236763352, 20, 18, 0.443198
0.293315393553911, 0.864142538975501, -0.00525198118859906, 20, 18, 0.447282
0.293315393553911, 0.867260579064588, -0.00525184935114613, 20, 18, 0.443254
0.293315393553911, 0.870378619153675, -0.00525171686178078, 20, 18, 0.451286
0.293315393553911, 0.873496659242762, -0.00525158372713586, 20, 18, 0.443235
0.293315393553911, 0.876614699331849, -0.00525144995397112, 20, 18, 0.447108
0.293315393553911, 0.879732739420936, -0.00525131554917336, 20, 18, 0.443334
0.293315393553911, 0.882850779510022, -0.00525118050381056, 20, 17, 0.415597
0.293315393553911, 0.885968819599109, -0.00525104485800835, 20, 17, 0.415596
0.293315393553911, 0.889086859688196, -0.00525090860192178, 20, 17, 0.415604
0.293315393553911, 0.892204899777283, -0.00525077174295156, 20, 17, 0.415597
0.293315393553911, 0.89532293986637, -0.00525063428862543, 20, 17, 0.415671
0.293315393553911, 0.898440979955457, -0.00525049624659817, 20, 17, 0.415621
0.293315393553911, 0.901559020044544, -0.00525035762465163, 20, 17, 0.421216
0.293315393553911, 0.90467706013363, -0.00525021843069476, 20, 17, 0.4219
0.293315393553911, 0.907795100222717, -0.00525007867276361, 20, 17, 0.415536
0.293315393553911, 0.910913140311804, -0.00524993835902134, 20, 17, 0.41557
0.293315393553911, 0.914031180400891, -0.00524979749775817, 20, 17, 0.415499
0.293315393553911, 0.917149220489978, -0.00524965609739135, 20, 17, 0.416472
0.293315393553911, 0.920267260579065, -0.00524951416646513, 20, 17, 0.427257
0.293315393553911, 0.923385300668152, -0.00524937171365068, 20, 17, 0.435997
0.293315393553911, 0.926503340757238, -0.00524922874774603, 20, 17, 0.415711
0.293315393553911, 0.929621380846325, -0.00524908527767595, 20, 17, 0.419346
0.293315393553911, 0.932739420935412, -0.00524894131249191, 20, 17, 0.431834
0.293315393553911, 0.935857461024499, -0.00524879686137188, 20, 17, 0.432422
0.293315393553911, 0.938975501113586, -0.00524865191701791, 20, 16, 0.394401
0.293315393553911, 0.942093541202673, -0.00524850652313851, 20, 16, 0.409819
0.293315393553911, 0.945211581291759, -0.00524836067154592, 20, 16, 0.438662
0.293315393553911, 0.948329621380847, -0.00524821437192738, 20, 16, 0.390159
0.293315393553911, 0.951447661469933, -0.00524806763409563, 20, 16, 0.390665
0.293315393553911, 0.95456570155902, -0.00524792046798879, 20, 16, 0.394281
0.293315393553911, 0.957683741648107, -0.00524777288367008, 20, 16, 0.394258
0.293315393553911, 0.960801781737194, -0.00524762489132775, 20, 16, 0.390531
0.293315393553911, 0.963919821826281, -0.00524747650127477, 20, 16, 0.390749
0.293315393553911, 0.967037861915368, -0.00524732772394864, 20, 16, 0.405014
0.293315393553911, 0.970155902004454, -0.00524717856991118, 20, 16, 0.390202
0.293315393553911, 0.973273942093541, -0.00524702904984826, 20, 16, 0.390227
0.293315393553911, 0.976391982182628, -0.00524687917456957, 20, 16, 0.407176
0.293315393553911, 0.979510022271715, -0.00524672895500831, 20, 16, 0.400526
0.293315393553911, 0.982628062360802, -0.00524657840222096, 20, 16, 0.39012
0.293315393553911, 0.985746102449889, -0.00524642752738693, 20, 16, 0.390091
0.293315393553911, 0.988864142538975, -0.00524627634180832, 20, 16, 0.390092
0.293315393553911, 0.991982182628063, -0.00524612485690955, 20, 16, 0.390081
0.293315393553911, 0.995100222717149, -0.00524597308423707, 20, 16, 0.390306
0.293315393553911, 0.998218262806236, -0.00524582103545898, 20, 16, 0.391106
0.293315393553911, 1.00133630289532, -0.00524566872236475, 20, 16, 0.390151
0.293315393553911, 1.00445434298441, -0.00524551615686478, 20, 16, 0.390509
0.293315393553911, 1.0075723830735, -0.0052453633352916, 20, 15, 0.362542
0.293315393553911, 1.01069042316258, -0.00524521030214696, 20, 15, 0.366308
0.293315393553911, 1.01380846325167, -0.00524505705299217, 20, 15, 0.362621
0.293315393553911, 1.01692650334076, -0.00524490360022116, 20, 15, 0.362573
0.293315393553911, 1.02004454342984, -0.00524474995634671, 20, 15, 0.362538
0.293315393553911, 1.02316258351893, -0.00524459613399999, 20, 15, 0.362563
0.293315393553911, 1.02628062360802, -0.00524444214593012, 20, 15, 0.364518
0.293315393553911, 1.0293986636971, -0.00524428800500374, 20, 15, 0.364545
0.293315393553911, 1.03251670378619, -0.00524413372420462, 20, 15, 0.364568
0.293315393553911, 1.03563474387528, -0.00524397931663315, 20, 15, 0.364569
0.293315393553911, 1.03875278396437, -0.00524382479550587, 20, 15, 0.364558
0.293315393553911, 1.04187082405345, -0.00524367017415506, 20, 15, 0.364567
0.293315393553911, 1.04498886414254, -0.0052435154660282, 20, 15, 0.364514
0.293315393553911, 1.04810690423163, -0.00524336068468747, 20, 15, 0.368246
0.293315393553911, 1.05122494432071, -0.00524320584380929, 20, 15, 0.364625
0.293315393553911, 1.0543429844098, -0.00524305095718377, 20, 15, 0.364651
0.293315393553911, 1.05746102449889, -0.0052428960387142, 20, 15, 0.364649
0.293315393553911, 1.06057906458797, -0.00524274110241652, 20, 15, 0.364633
0.293315393553911, 1.06369710467706, -0.00524258616241877, 20, 15, 0.364707
0.293315393553911, 1.06681514476615, -0.00524243123296053, 20, 15, 0.367449
0.293315393553911, 1.06993318485523, -0.00524227632839238, 20, 15, 0.364641
0.293315393553911, 1.07305122494432, -0.00524212146317533, 20, 15, 0.364579
0.293315393553911, 1.07616926503341, -0.00524196665188021, 20, 15, 0.36457
0.293315393553911, 1.07928730512249, -0.00524181190918711, 20, 15, 0.365079
0.293315393553911, 1.08240534521158, -0.00524165724988479, 20, 15, 0.36836
0.293315393553911, 1.08552338530067, -0.00524150267383544, 20, 14, 0.341206
0.293315393553911, 1.08864142538976, -0.00524134822696686, 20, 14, 0.337192
0.293315393553911, 1.09175946547884, -0.00524119390845273, 20, 14, 0.33704
0.293315393553911, 1.09487750556793, -0.00524103973351305, 20, 14, 0.337002
0.293315393553911, 1.09799554565702, -0.00524088571747319, 20, 14, 0.336974
0.293315393553911, 1.1011135857461, -0.00524073187576328, 20, 14, 0.336983
0.293315393553911, 1.10423162583519, -0.00524057822391757, 20, 14, 0.33699
0.293315393553911, 1.10734966592428, -0.00524042477757378, 20, 14, 0.336991
0.293315393553911, 1.11046770601336, -0.0052402715524724, 20, 14, 0.337022
0.293315393553911, 1.11358574610245, -0.00524011856445609, 20, 14, 0.337054
0.293315393553911, 1.11670378619154, -0.0052399658296528, 20, 14, 0.339368
0.293315393553911, 1.11982182628062, -0.00523981336373963, 20, 14, 0.339383
0.293315393553911, 1.12293986636971, -0.00523966118304539, 20, 14, 0.339349
0.293315393553911, 1.1260579064588, -0.00523950930381436, 20, 14, 0.339328
0.293315393553911, 1.12917594654788, -0.0052393577423895, 20, 14, 0.339317
0.293315393553911, 1.13229398663697, -0.00523920651521172, 20, 14, 0.339392
0.293315393553911, 1.13541202672606, -0.00523905563881915, 20, 14, 0.343394
0.293315393553911, 1.13853006681514, -0.00523890512984646, 20, 14, 0.342103
0.293315393553911, 1.14164810690423, -0.005238755005024, 20, 14, 0.341373
0.293315393553911, 1.14476614699332, -0.00523860528117725, 20, 14, 0.341373
0.293315393553911, 1.14788418708241, -0.00523845597522586, 20, 14, 0.341324
0.293315393553911, 1.15100222717149, -0.00523830710418307, 20, 14, 0.346047
0.293315393553911, 1.15412026726058, -0.00523815868515485, 20, 14, 0.345476
0.293315393553911, 1.15723830734967, -0.00523801073533915, 20, 14, 0.341665
0.293315393553911, 1.16035634743875, -0.00523786327202514, 20, 14, 0.341364
0.293315393553911, 1.16347438752784, -0.00523771631259244, 20, 14, 0.341349
0.293315393553911, 1.16659242761693, -0.00523756987451029, 20, 14, 0.341359
0.293315393553911, 1.16971046770601, -0.00523742397533682, 20, 14, 0.341443
0.293315393553911, 1.1728285077951, -0.0052372786327182, 20, 14, 0.341388
0.293315393553911, 1.17594654788419, -0.00523713385003626, 20, 13, 0.313793
0.293315393553911, 1.17906458797327, -0.0052369896745732, 20, 13, 0.313789
0.293315393553911, 1.18218262806236, -0.00523684610908376, 20, 13, 0.318087
0.293315393553911, 1.18530066815145, -0.00523670317156039, 20, 13, 0.313882
0.293315393553911, 1.18841870824053, -0.00523656088007941, 20, 13, 0.313815
0.293315393553911, 1.19153674832962, -0.00523641925280022, 20, 13, 0.313822
0.293315393553911, 1.19465478841871, -0.00523627830796442, 20, 13, 0.313748
0.293315393553911, 1.1977728285078, -0.00523613806389503, 20, 13, 0.313742
0.293315393553911, 1.20089086859688, -0.00523599853899563, 20, 13, 0.313746
0.293315393553911, 1.20400890868597, -0.00523585975174951, 20, 13, 0.313741
0.293315393553911, 1.20712694877506, -0.00523572172071884, 20, 13, 0.313803
0.293315393553911, 1.21024498886414, -0.00523558446454379, 20, 13, 0.313769
0.293315393553911, 1.21336302895323, -0.00523544800194174, 20, 13, 0.313733
0.293315393553911, 1.21648106904232, -0.00523531235170632, 20, 13, 0.313763
0.293315393553911, 1.2195991091314, -0.00523517753270662, 20, 13, 0.313769
0.293315393553911, 1.22271714922049, -0.00523504356388629, 20, 13, 0.313714
0.293315393553911, 1.22583518930958, -0.0052349104642627, 20, 13, 0.313719
0.293315393553911, 1.22895322939866, -0.005234778252926, 20, 13, 0.317512
0.293315393553911, 1.23207126948775, -0.00523464694903831, 20, 13, 0.316826
0.293315393553911, 1.23518930957684, -0.00523451657183278, 20, 13, 0.314318
0.293315393553911, 1.23830734966592, -0.00523438714061274, 20, 13, 0.317482
0.293315393553911, 1.24142538975501, -0.0052342586747508, 20, 13, 0.31383
0.293315393553911, 1.2445434298441, -0.00523413119368794, 20, 13, 0.317877
0.293315393553911, 1.24766146993318, -0.00523400471693262, 20, 13, 0.317487
0.293315393553911, 1.25077951002227, -0.00523387926405988, 20, 13, 0.314138
0.293315393553911, 1.25389755011136, -0.00523375485471047, 20, 13, 0.318065
0.293315393553911, 1.25701559020045, -0.00523363150858988, 20, 13, 0.314178
0.293315393553911, 1.26013363028953, -0.00523350924546746, 20, 13, 0.322278
0.293315393553911, 1.26325167037862, -0.00523338808517553, 20, 13, 0.313795
0.293315393553911, 1.26636971046771, -0.00523326804760844, 20, 13, 0.327239
0.293315393553911, 1.26948775055679, -0.00523314915272165, 20, 13, 0.349446
0.293315393553911, 1.27260579064588, -0.00523303142053085, 20, 13, 0.313951
0.293315393553911, 1.27572383073497, -0.00523291487111099, 20, 13, 0.338256
0.293315393553911, 1.27884187082405, -0.00523279952459536, 20, 13, 0.317501
0.293315393553911, 1.28195991091314, -0.00523268538750893, 20, 12, 0.307703
0.293315393553911, 1.28507795100223, -0.00523257250809936, 20, 12, 0.316234
0.293315393553911, 1.28819599109131, -0.00523246089230217, 20, 12, 0.305849
0.293315393553911, 1.2913140311804, -0.00523235056047641, 20, 12, 0.28858
0.293315393553911, 1.29443207126949, -0.00523224153303474, 20, 12, 0.288353
0.293315393553911, 1.29755011135857, -0.00523213383044256, 20, 12, 0.288316
0.293315393553911, 1.30066815144766, -0.00523202747321701, 20, 12, 0.288319
0.293315393553911, 1.30378619153675, -0.00523192248192608, 20, 12, 0.30076
0.293315393553911, 1.30690423162584, -0.00523181887718765, 20, 12, 0.295431
0.293315393553911, 1.31002227171492, -0.00523171667966857, 20, 12, 0.300003
0.293315393553911, 1.31314031180401, -0.00523161591008372, 20, 12, 0.31147
0.293315393553911, 1.3162583518931, -0.00523151658919507, 20, 12, 0.304593
0.293315393553911, 1.31937639198218, -0.00523141873781073, 20, 12, 0.298471
0.293315393553911, 1.32249443207127, -0.00523132237678404, 20, 12, 0.297794
0.293315393553911, 1.32561247216036, -0.00523122752701256, 20, 12, 0.292387
0.293315393553911, 1.32873051224944, -0.00523113420943723, 20, 12, 0.288723
0.293315393553911, 1.33184855233853, -0.00523104244504134, 20, 12, 0.292424
0.293315393553911, 1.33496659242762, -0.00523095225484962, 20, 12, 0.292488
0.293315393553911, 1.3380846325167, -0.00523086365992729, 20, 12, 0.289076
0.293315393553911, 1.34120267260579, -0.00523077668137915, 20, 12, 0.295791
0.293315393553911, 1.34432071269488, -0.00523069134034857, 20, 12, 0.291975
0.293315393553911, 1.34743875278396, -0.0052306076580166, 20, 12, 0.288315
0.293315393553911, 1.35055679287305, -0.00523052565560101, 20, 12, 0.288473
0.293315393553911, 1.35367483296214, -0.00523044535435532, 20, 12, 0.292002
0.293315393553911, 1.35679287305122, -0.0052303667755679, 20, 12, 0.288332
0.293315393553911, 1.35991091314031, -0.00523028994056101, 20, 12, 0.306844
0.293315393553911, 1.3630289532294, -0.00523021487068982, 20, 12, 0.288378
0.293315393553911, 1.36614699331849, -0.00523014158734151, 20, 12, 0.32645
0.293315393553911, 1.36926503340757, -0.00523007011193434, 20, 12, 0.317134
0.293315393553911, 1.37238307349666, -0.00523000046591662, 20, 12, 0.329826
0.293315393553911, 1.37550111358575, -0.00522993267076588, 20, 12, 0.319435
0.293315393553911, 1.37861915367483, -0.00522986674798786, 20, 12, 0.31227
0.293315393553911, 1.38173719376392, -0.00522980271911558, 20, 12, 0.288785
0.293315393553911, 1.38485523385301, -0.00522974060570842, 20, 12, 0.288577
0.293315393553911, 1.38797327394209, -0.00522968042935114, 20, 12, 0.288338
0.293315393553911, 1.39109131403118, -0.00522962221165301, 20, 12, 0.288658
0.293315393553911, 1.39420935412027, -0.00522956597424679, 20, 12, 0.295093
0.293315393553911, 1.39732739420935, -0.00522951173878787, 20, 12, 0.300341
0.293315393553911, 1.40044543429844, -0.00522945952695329, 20, 12, 0.325551
0.293315393553911, 1.40356347438753, -0.00522940936044082, 20, 12, 0.288935
0.293315393553911, 1.40668151447661, -0.00522936126096803, 20, 12, 0.321503
0.293315393553911, 1.4097995545657, -0.00522931523765238, 20, 11, 0.260842
0.293315393553911, 1.41291759465479, -0.0052292713380538, 20, 11, 0.260807
0.293315393553911, 1.41603563474388, -0.00522922957073165, 20, 11, 0.260778
0.293315393553911, 1.41915367483296, -0.00522918995747454, 20, 11, 0.260781
0.293315393553911, 1.42227171492205, -0.00522915252008621, 20, 11, 0.261105
0.293315393553911, 1.42538975501114, -0.00522911728038458, 20, 11, 0.260767
0.293315393553911, 1.42850779510022, -0.00522908426020087, 20, 11, 0.260803
0.293315393553911, 1.43162583518931, -0.00522905348137861, 20, 11, 0.275011
0.293315393553911, 1.4347438752784, -0.00522902496577285, 20, 11, 0.267188
0.293315393553911, 1.43786191536748, -0.0052289987352491, 20, 11, 0.270158
0.293315393553911, 1.44097995545657, -0.00522897481168256, 20, 11, 0.267684
0.293315393553911, 1.44409799554566, -0.00522895321695711, 20, 11, 0.260643
0.293315393553911, 1.44721603563474, -0.00522893397296445, 20, 11, 0.260587
0.293315393553911, 1.45033407572383, -0.00522891710160318, 20, 11, 0.26229
0.293315393553911, 1.45345211581292, -0.00522890262477793, 20, 11, 0.262378
0.293315393553911, 1.456570155902, -0.00522889056439844, 20, 11, 0.262417
0.293315393553911, 1.45968819599109, -0.00522888094237864, 20, 11, 0.266168
0.293315393553911, 1.46280623608018, -0.00522887378063581, 20, 11, 0.262742
0.293315393553911, 1.46592427616927, -0.00522886910108963, 20, 11, 0.262701
0.293315393553911, 1.46904231625835, -0.00522886692566136, 20, 11, 0.26272
0.293315393553911, 1.47216035634744, -0.00522886727627287, 20, 11, 0.262851
0.293315393553911, 1.47527839643653, -0.00522887017484586, 20, 11, 0.262782
0.293315393553911, 1.47839643652561, -0.00522887564330087, 20, 11, 0.266534
0.293315393553911, 1.4815144766147, -0.0052288837035565, 20, 11, 0.264745
0.293315393553911, 1.48463251670379, -0.00522889437752848, 20, 11, 0.262817
0.293315393553911, 1.48775055679287, -0.00522890768712881, 20, 11, 0.262754
0.293315393553911, 1.49086859688196, -0.00522892365426489, 20, 11, 0.262712
0.293315393553911, 1.49398663697105, -0.00522894230083867, 20, 11, 0.262785
0.293315393553911, 1.49710467706013, -0.00522896364874579, 20, 11, 0.262763
0.293315393553911, 1.50022271714922, -0.00522898771987468, 20, 11, 0.262718
0.293315393553911, 1.50334075723831, -0.00522901453610578, 20, 11, 0.262719
0.293315393553911, 1.50645879732739, -0.0052290441193106, 20, 11, 0.262716
0.293315393553911, 1.50957683741648, -0.00522907649135093, 20, 11, 0.262763
0.293315393553911, 1.51269487750557, -0.00522911167407801, 20, 11, 0.262726
0.293315393553911, 1.51581291759465, -0.00522914968933162, 20, 11, 0.263491
0.293315393553911, 1.51893095768374, -0.00522919055893931, 20, 11, 0.262735
0.293315393553911, 1.52204899777283, -0.00522923430471552, 20, 11, 0.262716
0.293315393553911, 1.52516703786192, -0.00522928094846077, 20, 11, 0.262758
0.293315393553911, 1.528285077951, -0.00522933051196084, 20, 11, 0.262681
0.293315393553911, 1.53140311804009, -0.00522938301698593, 20, 11, 0.262682
0.293315393553911, 1.53452115812918, -0.00522943848528985, 20, 11, 0.262613
0.293315393553911, 1.53763919821826, -0.00522949693860919, 20, 11, 0.26259
0.293315393553911, 1.54075723830735, -0.00522955839866253, 20, 11, 0.2626
0.293315393553911, 1.54387527839644, -0.00522962288714963, 20, 11, 0.2626
0.293315393553911, 1.54699331848552, -0.00522969042575058, 20, 11, 0.262598
0.293315393553911, 1.55011135857461, -0.00522976103612509, 20, 11, 0.266332
0.293315393553911, 1.5532293986637, -0.00522983473991159, 20, 11, 0.262754
0.293315393553911, 1.55634743875278, -0.00522991155872653, 20, 11, 0.262825
0.293315393553911, 1.55946547884187, -0.00522999151416352, 20, 11, 0.266361
0.293315393553911, 1.56258351893096, -0.0052300746277926, 20, 11, 0.266345
0.293315393553911, 1.56570155902004, -0.00523016090979775, 20, 10, 0.235143
0.293315393553911, 1.56881959910913, -0.00523025040488859, 20, 10, 0.235143
0.293315393553911, 1.57193763919822, -0.0052303431227132, 20, 10, 0.235165
0.293315393553911, 1.57505567928731, -0.00523043908474025, 20, 10, 0.235135
0.293315393553911, 1.57817371937639, -0.00523053831241093, 20, 10, 0.235088
0.293315393553911, 1.58129175946548, -0.00523064082713819, 20, 10, 0.235481
0.293315393553911, 1.58440979955457, -0.00523074665030598, 20, 10, 0.235107
0.293315393553911, 1.58752783964365, -0.00523085580326851, 20, 10, 0.235096
0.293315393553911, 1.59064587973274, -0.00523096830734951, 20, 10, 0.235065
0.293315393553911, 1.59376391982183, -0.00523108418384147, 20, 10, 0.235065
0.293315393553911, 1.59688195991091, -0.00523120345400493, 20, 10, 0.235104
0.293315393553911, 1.6, -0.00523132613906773, 20, 10, 0.234986
# finished at Wed Apr 30 01:29:52 CEST 2014
