# starting on alcc64 at Tue Apr 29 20:42:17 CEST 2014
# casimir, -T, 0.200000,1.600000,450, -Q, 0.181869754559258, -p, 1e-08, -L, 20
# Compiler icc, using long double and plain matrix elements and plain integration
# precision=1e-08
# lfac=5
# cores=1
# L=0.18187
# T=0.2...1.6 (450)
#
# R/(L+R), T, F, lmax, nmax, time
0.181869754559258, 0.2, -0.00113677876657919, 20, 65, 1.45951
0.181869754559258, 0.203118040089087, -0.00113677798093138, 20, 64, 1.43373
0.181869754559258, 0.206236080178174, -0.00113677715910113, 20, 63, 1.40984
0.181869754559258, 0.209354120267261, -0.00113677630003398, 20, 62, 1.38738
0.181869754559258, 0.212472160356347, -0.00113677540266759, 20, 61, 1.36363
0.181869754559258, 0.215590200445434, -0.00113677446592387, 20, 60, 1.3437
0.181869754559258, 0.218708240534521, -0.0011367734887107, 20, 59, 1.31722
0.181869754559258, 0.221826280623608, -0.00113677246992169, 20, 58, 1.29404
0.181869754559258, 0.224944320712695, -0.00113677141089635, 20, 58, 1.29673
0.181869754559258, 0.228062360801782, -0.00113677030582221, 20, 57, 1.27679
0.181869754559258, 0.231180400890869, -0.00113676915581528, 20, 56, 1.25048
0.181869754559258, 0.234298440979955, -0.00113676795971667, 20, 55, 1.22697
0.181869754559258, 0.237416481069042, -0.00113676671895154, 20, 55, 1.22707
0.181869754559258, 0.240534521158129, -0.00113676542748601, 20, 54, 1.2043
0.181869754559258, 0.243652561247216, -0.00113676408642996, 20, 53, 1.18318
0.181869754559258, 0.246770601336303, -0.00113676269722106, 20, 53, 1.18054
0.181869754559258, 0.24988864142539, -0.00113676125376356, 20, 52, 1.15961
0.181869754559258, 0.253006681514477, -0.00113675975711187, 20, 51, 1.13649
0.181869754559258, 0.256124721603563, -0.0011367582088811, 20, 51, 1.13647
0.181869754559258, 0.25924276169265, -0.00113675660260941, 20, 50, 1.11337
0.181869754559258, 0.262360801781737, -0.00113675494215458, 20, 50, 1.11348
0.181869754559258, 0.265478841870824, -0.00113675322136104, 20, 49, 1.08993
0.181869754559258, 0.268596881959911, -0.00113675144380142, 20, 49, 1.08992
0.181869754559258, 0.271714922048998, -0.00113674960351574, 20, 48, 1.06666
0.181869754559258, 0.274832962138085, -0.00113674770132287, 20, 47, 1.04405
0.181869754559258, 0.277951002227172, -0.00113674573908642, 20, 47, 1.05204
0.181869754559258, 0.281069042316258, -0.00113674370980579, 20, 46, 1.02357
0.181869754559258, 0.284187082405345, -0.00113674161794857, 20, 46, 1.02307
0.181869754559258, 0.287305122494432, -0.00113673945644577, 20, 45, 0.999977
0.181869754559258, 0.290423162583519, -0.00113673722986409, 20, 45, 0.999978
0.181869754559258, 0.293541202672606, -0.00113673493370024, 20, 45, 0.999956
0.181869754559258, 0.296659242761693, -0.00113673256447837, 20, 44, 0.976763
0.181869754559258, 0.29977728285078, -0.00113673012582145, 20, 44, 0.977108
0.181869754559258, 0.302895322939866, -0.00113672761132981, 20, 43, 0.953622
0.181869754559258, 0.306013363028953, -0.00113672502494269, 20, 43, 0.953523
0.181869754559258, 0.30913140311804, -0.00113672235985606, 20, 42, 0.930323
0.181869754559258, 0.312249443207127, -0.00113671962046328, 20, 42, 0.933168
0.181869754559258, 0.315367483296214, -0.00113671680229529, 20, 42, 0.933011
0.181869754559258, 0.318485523385301, -0.00113671390168369, 20, 41, 0.910182
0.181869754559258, 0.321603563474388, -0.00113671092249608, 20, 41, 0.909776
0.181869754559258, 0.324721603563474, -0.0011367078578279, 20, 40, 0.886695
0.181869754559258, 0.327839643652561, -0.00113670471225433, 20, 40, 0.886638
0.181869754559258, 0.330957683741648, -0.0011367014811844, 20, 40, 0.886887
0.181869754559258, 0.334075723830735, -0.0011366981606861, 20, 39, 0.863453
0.181869754559258, 0.337193763919822, -0.00113669475509787, 20, 39, 0.863465
0.181869754559258, 0.340311804008909, -0.00113669125994601, 20, 39, 0.863713
0.181869754559258, 0.343429844097996, -0.00113668767130333, 20, 38, 0.840262
0.181869754559258, 0.346547884187082, -0.0011366839934468, 20, 38, 0.840359
0.181869754559258, 0.349665924276169, -0.00113668022192824, 20, 38, 0.840156
0.181869754559258, 0.352783964365256, -0.00113667635275159, 20, 37, 0.817096
0.181869754559258, 0.355902004454343, -0.00113667239030642, 20, 37, 0.819756
0.181869754559258, 0.35902004454343, -0.00113666833007434, 20, 37, 0.819769
0.181869754559258, 0.362138084632517, -0.00113666416791439, 20, 36, 0.796754
0.181869754559258, 0.365256124721604, -0.00113665990850333, 20, 36, 0.796614
0.181869754559258, 0.36837416481069, -0.00113665554717167, 20, 36, 0.796605
0.181869754559258, 0.371492204899777, -0.00113665107953392, 20, 35, 0.773412
0.181869754559258, 0.374610244988864, -0.00113664651076618, 20, 35, 0.773342
0.181869754559258, 0.377728285077951, -0.00113664183593233, 20, 35, 0.773373
0.181869754559258, 0.380846325167038, -0.00113663705367903, 20, 35, 0.779079
0.181869754559258, 0.383964365256125, -0.00113663215977076, 20, 34, 0.750288
0.181869754559258, 0.387082405345212, -0.00113662715903866, 20, 34, 0.750581
0.181869754559258, 0.390200445434298, -0.00113662204674291, 20, 34, 0.750222
0.181869754559258, 0.393318485523385, -0.00113661682153024, 20, 34, 0.75016
0.181869754559258, 0.396436525612472, -0.00113661147920346, 20, 33, 0.72697
0.181869754559258, 0.399554565701559, -0.00113660602450721, 20, 33, 0.727062
0.181869754559258, 0.402672605790646, -0.00113660045276448, 20, 33, 0.727025
0.181869754559258, 0.405790645879733, -0.00113659476262759, 20, 33, 0.727015
0.181869754559258, 0.40890868596882, -0.00113658894982968, 20, 32, 0.703925
0.181869754559258, 0.412026726057906, -0.00113658301927675, 20, 32, 0.70407
0.181869754559258, 0.415144766146993, -0.00113657696623142, 20, 32, 0.706556
0.181869754559258, 0.41826280623608, -0.00113657078934891, 20, 32, 0.706536
0.181869754559258, 0.421380846325167, -0.00113656448417896, 20, 31, 0.683276
0.181869754559258, 0.424498886414254, -0.00113655805605538, 20, 31, 0.683415
0.181869754559258, 0.427616926503341, -0.00113655150003621, 20, 31, 0.683328
0.181869754559258, 0.430734966592428, -0.00113654481480023, 20, 31, 0.68351
0.181869754559258, 0.433853006681514, -0.00113653799902838, 20, 31, 0.683386
0.181869754559258, 0.436971046770601, -0.00113653104840452, 20, 30, 0.660229
0.181869754559258, 0.440089086859688, -0.00113652396801876, 20, 30, 0.660415
0.181869754559258, 0.443207126948775, -0.00113651675310506, 20, 30, 0.660664
0.181869754559258, 0.446325167037862, -0.00113650940236613, 20, 30, 0.660239
0.181869754559258, 0.449443207126949, -0.0011365019145086, 20, 30, 0.660224
0.181869754559258, 0.452561247216036, -0.00113649428521193, 20, 29, 0.637086
0.181869754559258, 0.455679287305123, -0.00113648651965043, 20, 29, 0.637028
0.181869754559258, 0.458797327394209, -0.00113647861306796, 20, 29, 0.63697
0.181869754559258, 0.461915367483296, -0.00113647056419874, 20, 29, 0.636999
0.181869754559258, 0.465033407572383, -0.00113646237178251, 20, 29, 0.636956
0.181869754559258, 0.46815144766147, -0.00113645403134647, 20, 28, 0.614093
0.181869754559258, 0.471269487750557, -0.00113644554848572, 20, 28, 0.6139
0.181869754559258, 0.474387527839644, -0.00113643691828434, 20, 28, 0.613864
0.181869754559258, 0.477505567928731, -0.00113642813951535, 20, 28, 0.613965
0.181869754559258, 0.480623608017817, -0.00113641921095879, 20, 28, 0.613853
0.181869754559258, 0.483741648106904, -0.00113641013140217, 20, 28, 0.613813
0.181869754559258, 0.486859688195991, -0.00113640089648818, 20, 27, 0.590734
0.181869754559258, 0.489977728285078, -0.00113639151171024, 20, 27, 0.59078
0.181869754559258, 0.493095768374165, -0.00113638197229739, 20, 27, 0.590664
0.181869754559258, 0.496213808463252, -0.00113637227708169, 20, 27, 0.593424
0.181869754559258, 0.499331848552339, -0.0011363624248899, 20, 27, 0.593606
0.181869754559258, 0.502449888641425, -0.00113635241457222, 20, 27, 0.593294
0.181869754559258, 0.505567928730512, -0.00113634224170752, 20, 26, 0.570191
0.181869754559258, 0.508685968819599, -0.00113633191209884, 20, 26, 0.570178
0.181869754559258, 0.511804008908686, -0.00113632142091512, 20, 26, 0.570183
0.181869754559258, 0.514922048997773, -0.0011363107670481, 20, 26, 0.570136
0.181869754559258, 0.51804008908686, -0.00113629994940009, 20, 26, 0.570157
0.181869754559258, 0.521158129175947, -0.0011362889668843, 20, 26, 0.570661
0.181869754559258, 0.524276169265034, -0.00113627781842528, 20, 26, 0.57017
0.181869754559258, 0.52739420935412, -0.00113626649975637, 20, 25, 0.55263
0.181869754559258, 0.530512249443207, -0.00113625501659478, 20, 25, 0.547273
0.181869754559258, 0.533630289532294, -0.00113624336429413, 20, 25, 0.547134
0.181869754559258, 0.536748329621381, -0.00113623154183243, 20, 25, 0.547017
0.181869754559258, 0.539866369710468, -0.00113621954820019, 20, 25, 0.547017
0.181869754559258, 0.542984409799555, -0.0011362073824008, 20, 25, 0.546956
0.181869754559258, 0.546102449888642, -0.00113619504345089, 20, 25, 0.546962
0.181869754559258, 0.549220489977728, -0.00113618252702586, 20, 24, 0.52377
0.181869754559258, 0.552338530066815, -0.00113616983924528, 20, 24, 0.52373
0.181869754559258, 0.555456570155902, -0.0011361569754069, 20, 24, 0.523705
0.181869754559258, 0.558574610244989, -0.00113614393458782, 20, 24, 0.523761
0.181869754559258, 0.561692650334076, -0.00113613071587948, 20, 24, 0.52381
0.181869754559258, 0.564810690423163, -0.00113611731838799, 20, 24, 0.523803
0.181869754559258, 0.567928730512249, -0.00113610374123447, 20, 24, 0.52403
0.181869754559258, 0.571046770601336, -0.00113608998355538, 20, 24, 0.523741
0.181869754559258, 0.574164810690423, -0.00113607604113203, 20, 23, 0.50061
0.181869754559258, 0.57728285077951, -0.00113606192022716, 20, 23, 0.500637
0.181869754559258, 0.580400890868597, -0.00113604761626407, 20, 23, 0.500673
0.181869754559258, 0.583518930957684, -0.00113603312844729, 20, 23, 0.500636
0.181869754559258, 0.586636971046771, -0.00113601845599773, 20, 23, 0.500642
0.181869754559258, 0.589755011135857, -0.00113600359815296, 20, 23, 0.500666
0.181869754559258, 0.592873051224944, -0.00113598855416753, 20, 23, 0.500771
0.181869754559258, 0.595991091314031, -0.00113597332331324, 20, 23, 0.500664
0.181869754559258, 0.599109131403118, -0.00113595790487946, 20, 23, 0.500645
0.181869754559258, 0.602227171492205, -0.00113594229487675, 20, 22, 0.477502
0.181869754559258, 0.605345211581292, -0.00113592649955487, 20, 22, 0.477561
0.181869754559258, 0.608463251670379, -0.00113591051459631, 20, 22, 0.477361
0.181869754559258, 0.611581291759466, -0.00113589433936656, 20, 22, 0.477358
0.181869754559258, 0.614699331848552, -0.00113587797324966, 20, 22, 0.477401
0.181869754559258, 0.617817371937639, -0.00113586141564841, 20, 22, 0.477396
0.181869754559258, 0.620935412026726, -0.00113584466599056, 20, 22, 0.480097
0.181869754559258, 0.624053452115813, -0.00113582772370554, 20, 22, 0.480085
0.181869754559258, 0.6271714922049, -0.00113581058826, 20, 22, 0.480297
0.181869754559258, 0.630289532293987, -0.00113579325913454, 20, 22, 0.4814
0.181869754559258, 0.633407572383074, -0.00113577573264546, 20, 21, 0.456877
0.181869754559258, 0.63652561247216, -0.00113575801498873, 20, 21, 0.456882
0.181869754559258, 0.639643652561247, -0.00113574010218583, 20, 21, 0.456867
0.181869754559258, 0.642761692650334, -0.00113572199380182, 20, 21, 0.457268
0.181869754559258, 0.645879732739421, -0.00113570368942249, 20, 21, 0.457467
0.181869754559258, 0.648997772828508, -0.00113568518865458, 20, 21, 0.457001
0.181869754559258, 0.652115812917595, -0.00113566649112602, 20, 21, 0.457262
0.181869754559258, 0.655233853006682, -0.0011356475964862, 20, 21, 0.457038
0.181869754559258, 0.658351893095768, -0.00113562850440614, 20, 21, 0.457393
0.181869754559258, 0.661469933184855, -0.00113560921457874, 20, 21, 0.456987
0.181869754559258, 0.664587973273942, -0.001135589726719, 20, 21, 0.458347
0.181869754559258, 0.667706013363029, -0.00113557003748133, 20, 20, 0.435927
0.181869754559258, 0.670824053452116, -0.00113555015307446, 20, 20, 0.433831
0.181869754559258, 0.673942093541203, -0.00113553006988895, 20, 20, 0.434151
0.181869754559258, 0.67706013363029, -0.0011355097877326, 20, 20, 0.43384
0.181869754559258, 0.680178173719376, -0.00113548930643609, 20, 20, 0.434092
0.181869754559258, 0.683296213808463, -0.00113546862585321, 20, 20, 0.433818
0.181869754559258, 0.68641425389755, -0.00113544774586105, 20, 20, 0.434276
0.181869754559258, 0.689532293986637, -0.00113542666636023, 20, 20, 0.433801
0.181869754559258, 0.692650334075724, -0.00113540538727503, 20, 20, 0.433822
0.181869754559258, 0.695768374164811, -0.00113538390855366, 20, 20, 0.434075
0.181869754559258, 0.698886414253898, -0.00113536223016839, 20, 20, 0.433753
0.181869754559258, 0.702004454342984, -0.00113534034878924, 20, 19, 0.411245
0.181869754559258, 0.705122494432071, -0.00113531827138115, 20, 19, 0.412963
0.181869754559258, 0.708240534521158, -0.00113529599434691, 20, 19, 0.410855
0.181869754559258, 0.711358574610245, -0.00113527351775912, 20, 19, 0.41061
0.181869754559258, 0.714476614699332, -0.00113525084171512, 20, 19, 0.410606
0.181869754559258, 0.717594654788419, -0.0011352279663372, 20, 19, 0.410899
0.181869754559258, 0.720712694877506, -0.0011352048917728, 20, 19, 0.416279
0.181869754559258, 0.723830734966592, -0.00113518161819462, 20, 19, 0.410869
0.181869754559258, 0.726948775055679, -0.00113515814580083, 20, 19, 0.410649
0.181869754559258, 0.730066815144766, -0.00113513447481522, 20, 19, 0.411036
0.181869754559258, 0.733184855233853, -0.00113511060548738, 20, 19, 0.410917
0.181869754559258, 0.73630289532294, -0.00113508653809282, 20, 19, 0.410611
0.181869754559258, 0.739420935412027, -0.00113506227293314, 20, 19, 0.410919
0.181869754559258, 0.742538975501114, -0.00113503781033619, 20, 19, 0.411354
0.181869754559258, 0.7456570155902, -0.00113501314757095, 20, 18, 0.38919
0.181869754559258, 0.748775055679287, -0.00113498829144494, 20, 18, 0.387459
0.181869754559258, 0.751893095768374, -0.00113496323900279, 20, 18, 0.387411
0.181869754559258, 0.755011135857461, -0.00113493799068044, 20, 18, 0.387688
0.181869754559258, 0.758129175946548, -0.00113491254694062, 20, 18, 0.387468
0.181869754559258, 0.761247216035635, -0.00113488690827297, 20, 18, 0.387434
0.181869754559258, 0.764365256124722, -0.0011348610751942, 20, 18, 0.38773
0.181869754559258, 0.767483296213809, -0.00113483504824819, 20, 18, 0.387455
0.181869754559258, 0.770601336302895, -0.00113480882800614, 20, 18, 0.387763
0.181869754559258, 0.773719376391982, -0.00113478241506671, 20, 18, 0.387482
0.181869754559258, 0.776837416481069, -0.00113475581005609, 20, 18, 0.387716
0.181869754559258, 0.779955456570156, -0.00113472901362815, 20, 18, 0.388221
0.181869754559258, 0.783073496659243, -0.00113470202646457, 20, 18, 0.387444
0.181869754559258, 0.78619153674833, -0.00113467484927492, 20, 18, 0.389798
0.181869754559258, 0.789309576837417, -0.00113464748279676, 20, 18, 0.388257
0.181869754559258, 0.792427616926503, -0.0011346199247694, 20, 17, 0.364266
0.181869754559258, 0.79554565701559, -0.00113459218227762, 20, 17, 0.364637
0.181869754559258, 0.798663697104677, -0.00113456425286045, 20, 17, 0.364316
0.181869754559258, 0.801781737193764, -0.00113453613736998, 20, 17, 0.364334
0.181869754559258, 0.804899777282851, -0.00113450783668664, 20, 17, 0.364572
0.181869754559258, 0.808017817371938, -0.00113447935171939, 20, 17, 0.364304
0.181869754559258, 0.811135857461025, -0.0011344506834057, 20, 17, 0.364467
0.181869754559258, 0.814253897550111, -0.00113442183271175, 20, 17, 0.364586
0.181869754559258, 0.817371937639198, -0.00113439280063245, 20, 17, 0.364319
0.181869754559258, 0.820489977728285, -0.00113436358819154, 20, 17, 0.364636
0.181869754559258, 0.823608017817372, -0.00113433419644167, 20, 17, 0.364319
0.181869754559258, 0.826726057906459, -0.00113430462647233, 20, 17, 0.367192
0.181869754559258, 0.829844097995546, -0.00113427487937852, 20, 17, 0.367288
0.181869754559258, 0.832962138084633, -0.00113424495630791, 20, 17, 0.368809
0.181869754559258, 0.836080178173719, -0.00113421485842954, 20, 17, 0.366972
0.181869754559258, 0.839198218262806, -0.0011341845869417, 20, 17, 0.367311
0.181869754559258, 0.842316258351893, -0.00113415413988509, 20, 16, 0.343796
0.181869754559258, 0.84543429844098, -0.00113412352512704, 20, 16, 0.34376
0.181869754559258, 0.848552338530067, -0.00113409274051303, 20, 16, 0.344056
0.181869754559258, 0.851670378619154, -0.00113406178736026, 20, 16, 0.343779
0.181869754559258, 0.854788418708241, -0.00113403066701536, 20, 16, 0.343765
0.181869754559258, 0.857906458797328, -0.00113399938085447, 20, 16, 0.344047
0.181869754559258, 0.861024498886414, -0.00113396793028325, 20, 16, 0.343748
0.181869754559258, 0.864142538975501, -0.00113393631673696, 20, 16, 0.344024
0.181869754559258, 0.867260579064588, -0.00113390454168049, 20, 16, 0.343765
0.181869754559258, 0.870378619153675, -0.0011338726066084, 20, 16, 0.343721
0.181869754559258, 0.873496659242762, -0.00113384051304497, 20, 16, 0.344033
0.181869754559258, 0.876614699331849, -0.00113380826254418, 20, 16, 0.343753
0.181869754559258, 0.879732739420936, -0.00113377585668982, 20, 16, 0.346106
0.181869754559258, 0.882850779510022, -0.00113374329709546, 20, 16, 0.344089
0.181869754559258, 0.885968819599109, -0.00113371058540451, 20, 16, 0.343826
0.181869754559258, 0.889086859688196, -0.0011336777232902, 20, 16, 0.343793
0.181869754559258, 0.892204899777283, -0.00113364471245563, 20, 16, 0.344083
0.181869754559258, 0.89532293986637, -0.00113361155463378, 20, 16, 0.343809
0.181869754559258, 0.898440979955457, -0.00113357825158752, 20, 16, 0.343914
0.181869754559258, 0.901559020044544, -0.00113354480510963, 20, 16, 0.34414
0.181869754559258, 0.90467706013363, -0.0011335112140791, 20, 15, 0.320615
0.181869754559258, 0.907795100222717, -0.00113347748644127, 20, 15, 0.320575
0.181869754559258, 0.910913140311804, -0.00113344362091528, 20, 15, 0.320846
0.181869754559258, 0.914031180400891, -0.00113340961941452, 20, 15, 0.320564
0.181869754559258, 0.917149220489978, -0.00113337548388223, 20, 15, 0.320545
0.181869754559258, 0.920267260579065, -0.00113334121629149, 20, 15, 0.32085
0.181869754559258, 0.923385300668152, -0.0011333068186452, 20, 15, 0.32062
0.181869754559258, 0.926503340757238, -0.0011332722929761, 20, 15, 0.320588
0.181869754559258, 0.929621380846325, -0.00113323764134672, 20, 15, 0.322902
0.181869754559258, 0.932739420935412, -0.00113320286584941, 20, 15, 0.320583
0.181869754559258, 0.935857461024499, -0.00113316796860629, 20, 15, 0.320806
0.181869754559258, 0.938975501113586, -0.00113313295176924, 20, 15, 0.320848
0.181869754559258, 0.942093541202673, -0.00113309781751988, 20, 15, 0.320598
0.181869754559258, 0.945211581291759, -0.00113306256806955, 20, 15, 0.320601
0.181869754559258, 0.948329621380847, -0.00113302720565928, 20, 15, 0.320581
0.181869754559258, 0.951447661469933, -0.00113299173255975, 20, 15, 0.320841
0.181869754559258, 0.95456570155902, -0.00113295615107125, 20, 15, 0.320531
0.181869754559258, 0.957683741648107, -0.00113292046352368, 20, 15, 0.320539
0.181869754559258, 0.960801781737194, -0.00113288467227647, 20, 15, 0.320841
0.181869754559258, 0.963919821826281, -0.00113284877971857, 20, 15, 0.32049
0.181869754559258, 0.967037861915368, -0.00113281278826839, 20, 15, 0.320513
0.181869754559258, 0.970155902004454, -0.00113277670037373, 20, 15, 0.32084
0.181869754559258, 0.973273942093541, -0.00113274051561811, 20, 14, 0.297402
0.181869754559258, 0.976391982182628, -0.00113270424248438, 20, 14, 0.297379
0.181869754559258, 0.979510022271715, -0.00113266788041335, 20, 14, 0.298441
0.181869754559258, 0.982628062360802, -0.00113263143197079, 20, 14, 0.29855
0.181869754559258, 0.985746102449889, -0.00113259489975158, 20, 14, 0.302978
0.181869754559258, 0.988864142538975, -0.00113255828637961, 20, 14, 0.297673
0.181869754559258, 0.991982182628063, -0.00113252159450776, 20, 14, 0.297395
0.181869754559258, 0.995100222717149, -0.00113248482681784, 20, 14, 0.297487
0.181869754559258, 0.998218262806236, -0.00113244798602048, 20, 14, 0.297614
0.181869754559258, 1.00133630289532, -0.00113241107485511, 20, 14, 0.29766
0.181869754559258, 1.00445434298441, -0.00113237409608985, 20, 14, 0.297349
0.181869754559258, 1.0075723830735, -0.00113233705252147, 20, 14, 0.297335
0.181869754559258, 1.01069042316258, -0.00113229994697528, 20, 14, 0.297612
0.181869754559258, 1.01380846325167, -0.00113226278230509, 20, 14, 0.297403
0.181869754559258, 1.01692650334076, -0.0011322255613931, 20, 14, 0.297397
0.181869754559258, 1.02004454342984, -0.00113218828714982, 20, 14, 0.297392
0.181869754559258, 1.02316258351893, -0.00113215096251401, 20, 14, 0.297687
0.181869754559258, 1.02628062360802, -0.00113211359045255, 20, 14, 0.297378
0.181869754559258, 1.0293986636971, -0.00113207617396038, 20, 14, 0.297393
0.181869754559258, 1.03251670378619, -0.00113203871606041, 20, 14, 0.297707
0.181869754559258, 1.03563474387528, -0.00113200121980341, 20, 14, 0.298344
0.181869754559258, 1.03875278396437, -0.0011319636882679, 20, 14, 0.298065
0.181869754559258, 1.04187082405345, -0.0011319261245601, 20, 14, 0.297695
0.181869754559258, 1.04498886414254, -0.00113188853181378, 20, 14, 0.297346
0.181869754559258, 1.04810690423163, -0.00113185091319017, 20, 14, 0.297353
0.181869754559258, 1.05122494432071, -0.00113181327187787, 20, 14, 0.297371
0.181869754559258, 1.0543429844098, -0.00113177560834188, 20, 13, 0.274478
0.181869754559258, 1.05746102449889, -0.00113173793149412, 20, 13, 0.274177
0.181869754559258, 1.06057906458797, -0.00113170024167638, 20, 13, 0.274458
0.181869754559258, 1.06369710467706, -0.00113166254218617, 20, 13, 0.274477
0.181869754559258, 1.06681514476615, -0.00113162483634782, 20, 13, 0.274208
0.181869754559258, 1.06993318485523, -0.00113158712751224, 20, 13, 0.274175
0.181869754559258, 1.07305122494432, -0.00113154941905692, 20, 13, 0.274208
0.181869754559258, 1.07616926503341, -0.00113151171438573, 20, 13, 0.274505
0.181869754559258, 1.07928730512249, -0.00113147401692883, 20, 13, 0.274196
0.181869754559258, 1.08240534521158, -0.00113143633014252, 20, 13, 0.27419
0.181869754559258, 1.08552338530067, -0.00113139865750916, 20, 13, 0.274157
0.181869754559258, 1.08864142538976, -0.001131361002537, 20, 13, 0.274456
0.181869754559258, 1.09175946547884, -0.00113132336876006, 20, 13, 0.274171
0.181869754559258, 1.09487750556793, -0.00113128575973801, 20, 13, 0.275657
0.181869754559258, 1.09799554565702, -0.001131248179056, 20, 13, 0.27492
0.181869754559258, 1.1011135857461, -0.00113121063032458, 20, 13, 0.274167
0.181869754559258, 1.10423162583519, -0.00113117311717951, 20, 13, 0.274157
0.181869754559258, 1.10734966592428, -0.00113113564328165, 20, 13, 0.274273
0.181869754559258, 1.11046770601336, -0.00113109821231681, 20, 13, 0.274578
0.181869754559258, 1.11358574610245, -0.00113106082799559, 20, 13, 0.274165
0.181869754559258, 1.11670378619154, -0.00113102349405326, 20, 13, 0.27419
0.181869754559258, 1.11982182628062, -0.0011309862142496, 20, 13, 0.274197
0.181869754559258, 1.12293986636971, -0.00113094899236875, 20, 13, 0.274514
0.181869754559258, 1.1260579064588, -0.00113091183221906, 20, 13, 0.274197
0.181869754559258, 1.12917594654788, -0.00113087473763293, 20, 13, 0.274597
0.181869754559258, 1.13229398663697, -0.00113083771246668, 20, 13, 0.274522
0.181869754559258, 1.13541202672606, -0.00113080076060037, 20, 13, 0.274218
0.181869754559258, 1.13853006681514, -0.00113076388593764, 20, 13, 0.274183
0.181869754559258, 1.14164810690423, -0.00113072709240558, 20, 13, 0.274179
0.181869754559258, 1.14476614699332, -0.00113069038395453, 20, 13, 0.274482
0.181869754559258, 1.14788418708241, -0.00113065376455796, 20, 13, 0.274192
0.181869754559258, 1.15100222717149, -0.00113061723568142, 20, 12, 0.251029
0.181869754559258, 1.15412026726058, -0.00113058080654821, 20, 12, 0.251277
0.181869754559258, 1.15723830734967, -0.00113054447851884, 20, 12, 0.252757
0.181869754559258, 1.16035634743875, -0.00113050825565797, 20, 12, 0.251005
0.181869754559258, 1.16347438752784, -0.00113047214205254, 20, 12, 0.251011
0.181869754559258, 1.16659242761693, -0.00113043614181154, 20, 12, 0.251
0.181869754559258, 1.16971046770601, -0.00113040025906587, 20, 12, 0.251294
0.181869754559258, 1.1728285077951, -0.00113036449796816, 20, 12, 0.251246
0.181869754559258, 1.17594654788419, -0.00113032886269261, 20, 12, 0.250966
0.181869754559258, 1.17906458797327, -0.0011302933574348, 20, 12, 0.250994
0.181869754559258, 1.18218262806236, -0.00113025798641149, 20, 12, 0.251269
0.181869754559258, 1.18530066815145, -0.0011302227538605, 20, 12, 0.251013
0.181869754559258, 1.18841870824053, -0.00113018766404046, 20, 12, 0.250967
0.181869754559258, 1.19153674832962, -0.0011301527212307, 20, 12, 0.250997
0.181869754559258, 1.19465478841871, -0.00113011792973099, 20, 12, 0.251244
0.181869754559258, 1.1977728285078, -0.00113008329386142, 20, 12, 0.250985
0.181869754559258, 1.20089086859688, -0.00113004881796221, 20, 12, 0.251284
0.181869754559258, 1.20400890868597, -0.00113001450639346, 20, 12, 0.250914
0.181869754559258, 1.20712694877506, -0.00112998036353505, 20, 12, 0.251211
0.181869754559258, 1.21024498886414, -0.00112994639378638, 20, 12, 0.250921
0.181869754559258, 1.21336302895323, -0.00112991260156621, 20, 12, 0.250929
0.181869754559258, 1.21648106904232, -0.00112987899131248, 20, 12, 0.250935
0.181869754559258, 1.2195991091314, -0.00112984556748211, 20, 12, 0.251238
0.181869754559258, 1.22271714922049, -0.00112981233455077, 20, 12, 0.252863
0.181869754559258, 1.22583518930958, -0.00112977929701275, 20, 12, 0.250945
0.181869754559258, 1.22895322939866, -0.00112974645938071, 20, 12, 0.251107
0.181869754559258, 1.23207126948775, -0.00112971382618551, 20, 12, 0.251243
0.181869754559258, 1.23518930957684, -0.001129681401976, 20, 12, 0.250988
0.181869754559258, 1.23830734966592, -0.00112964919133064, 20, 12, 0.253659
0.181869754559258, 1.24142538975501, -0.00112961719881009, 20, 12, 0.253987
0.181869754559258, 1.2445434298441, -0.00112958542902779, 20, 12, 0.253662
0.181869754559258, 1.24766146993318, -0.00112955388660261, 20, 12, 0.253652
0.181869754559258, 1.25077951002227, -0.00112952257617037, 20, 12, 0.253648
0.181869754559258, 1.25389755011136, -0.00112949150238371, 20, 12, 0.253888
0.181869754559258, 1.25701559020045, -0.00112946066991185, 20, 12, 0.253665
0.181869754559258, 1.26013363028953, -0.0011294300834404, 20, 12, 0.253655
0.181869754559258, 1.26325167037862, -0.00112939974524601, 20, 11, 0.23047
0.181869754559258, 1.26636971046771, -0.00112936966502214, 20, 11, 0.230476
0.181869754559258, 1.26948775055679, -0.00112933984494523, 20, 11, 0.230745
0.181869754559258, 1.27260579064588, -0.00112931028976468, 20, 11, 0.2305
0.181869754559258, 1.27572383073497, -0.00112928100424522, 20, 11, 0.230692
0.181869754559258, 1.27884187082405, -0.00112925199316669, 20, 11, 0.230459
0.181869754559258, 1.28195991091314, -0.00112922326132384, 20, 11, 0.230777
0.181869754559258, 1.28507795100223, -0.00112919481352613, 20, 11, 0.230483
0.181869754559258, 1.28819599109131, -0.00112916665459751, 20, 11, 0.231051
0.181869754559258, 1.2913140311804, -0.0011291387893762, 20, 11, 0.231355
0.181869754559258, 1.29443207126949, -0.00112911122271449, 20, 11, 0.230808
0.181869754559258, 1.29755011135857, -0.00112908395947853, 20, 11, 0.23049
0.181869754559258, 1.30066815144766, -0.00112905700454811, 20, 11, 0.230501
0.181869754559258, 1.30378619153675, -0.00112903036281643, 20, 11, 0.230507
0.181869754559258, 1.30690423162584, -0.00112900403918992, 20, 11, 0.230503
0.181869754559258, 1.31002227171492, -0.001128978038588, 20, 11, 0.230785
0.181869754559258, 1.31314031180401, -0.00112895236594288, 20, 11, 0.230512
0.181869754559258, 1.3162583518931, -0.00112892702619932, 20, 11, 0.230525
0.181869754559258, 1.31937639198218, -0.00112890202431445, 20, 11, 0.230494
0.181869754559258, 1.32249443207127, -0.00112887736525752, 20, 11, 0.23081
0.181869754559258, 1.32561247216036, -0.00112885305400971, 20, 11, 0.23053
0.181869754559258, 1.32873051224944, -0.00112882909556386, 20, 11, 0.23048
0.181869754559258, 1.33184855233853, -0.00112880549492434, 20, 11, 0.230529
0.181869754559258, 1.33496659242762, -0.00112878225710676, 20, 11, 0.230795
0.181869754559258, 1.3380846325167, -0.00112875938713776, 20, 11, 0.230516
0.181869754559258, 1.34120267260579, -0.00112873689005483, 20, 11, 0.230506
0.181869754559258, 1.34432071269488, -0.00112871477090604, 20, 11, 0.236163
0.181869754559258, 1.34743875278396, -0.00112869303474987, 20, 11, 0.230523
0.181869754559258, 1.35055679287305, -0.00112867168665494, 20, 11, 0.23081
0.181869754559258, 1.35367483296214, -0.00112865073169984, 20, 11, 0.230543
0.181869754559258, 1.35679287305122, -0.00112863017497286, 20, 11, 0.230596
0.181869754559258, 1.35991091314031, -0.00112861002157181, 20, 11, 0.231889
0.181869754559258, 1.3630289532294, -0.00112859027660379, 20, 11, 0.231874
0.181869754559258, 1.36614699331849, -0.00112857094518495, 20, 11, 0.230508
0.181869754559258, 1.36926503340757, -0.00112855203244028, 20, 11, 0.230478
0.181869754559258, 1.37238307349666, -0.0011285335435034, 20, 11, 0.23049
0.181869754559258, 1.37550111358575, -0.00112851548351632, 20, 11, 0.230817
0.181869754559258, 1.37861915367483, -0.00112849785762924, 20, 11, 0.2305
0.181869754559258, 1.38173719376392, -0.00112848067100031, 20, 11, 0.230502
0.181869754559258, 1.38485523385301, -0.00112846392879541, 20, 11, 0.23047
0.181869754559258, 1.38797327394209, -0.00112844763618794, 20, 11, 0.230472
0.181869754559258, 1.39109131403118, -0.00112843179835859, 20, 11, 0.230742
0.181869754559258, 1.39420935412027, -0.00112841642049513, 20, 11, 0.230474
0.181869754559258, 1.39732739420935, -0.00112840150779215, 20, 11, 0.23046
0.181869754559258, 1.40044543429844, -0.00112838706545091, 20, 11, 0.23043
0.181869754559258, 1.40356347438753, -0.00112837309653117, 20, 10, 0.207335
0.181869754559258, 1.40668151447661, -0.00112835961064384, 20, 10, 0.20727
0.181869754559258, 1.4097995545657, -0.00112834661075475, 20, 10, 0.207279
0.181869754559258, 1.41291759465479, -0.00112833410208964, 20, 10, 0.207263
0.181869754559258, 1.41603563474388, -0.00112832208987978, 20, 10, 0.207272
0.181869754559258, 1.41915367483296, -0.00112831057936175, 20, 10, 0.207331
0.181869754559258, 1.42227171492205, -0.00112829957577716, 20, 10, 0.207279
0.181869754559258, 1.42538975501114, -0.0011282890843725, 20, 10, 0.207247
0.181869754559258, 1.42850779510022, -0.00112827911039889, 20, 10, 0.207238
0.181869754559258, 1.43162583518931, -0.00112826965911183, 20, 10, 0.207244
0.181869754559258, 1.4347438752784, -0.00112826073577106, 20, 10, 0.20898
0.181869754559258, 1.43786191536748, -0.00112825234564024, 20, 10, 0.208159
0.181869754559258, 1.44097995545657, -0.00112824449398683, 20, 10, 0.207265
0.181869754559258, 1.44409799554566, -0.00112823718608179, 20, 10, 0.207472
0.181869754559258, 1.44721603563474, -0.00112823042719941, 20, 10, 0.207288
0.181869754559258, 1.45033407572383, -0.00112822422261708, 20, 10, 0.207218
0.181869754559258, 1.45345211581292, -0.00112821857761507, 20, 10, 0.207256
0.181869754559258, 1.456570155902, -0.00112821349747629, 20, 10, 0.207251
0.181869754559258, 1.45968819599109, -0.00112820898748613, 20, 10, 0.207213
0.181869754559258, 1.46280623608018, -0.00112820505293218, 20, 10, 0.207312
0.181869754559258, 1.46592427616927, -0.00112820169910405, 20, 10, 0.207282
0.181869754559258, 1.46904231625835, -0.00112819893129315, 20, 10, 0.207292
0.181869754559258, 1.47216035634744, -0.00112819675479247, 20, 10, 0.207289
0.181869754559258, 1.47527839643653, -0.00112819517489634, 20, 10, 0.207282
0.181869754559258, 1.47839643652561, -0.00112819419690028, 20, 10, 0.207366
0.181869754559258, 1.4815144766147, -0.00112819382610071, 20, 10, 0.207288
0.181869754559258, 1.48463251670379, -0.00112819406779479, 20, 10, 0.207294
0.181869754559258, 1.48775055679287, -0.00112819492728018, 20, 10, 0.207302
0.181869754559258, 1.49086859688196, -0.00112819640985484, 20, 10, 0.207328
0.181869754559258, 1.49398663697105, -0.00112819852081681, 20, 10, 0.20737
0.181869754559258, 1.49710467706013, -0.00112820126546398, 20, 10, 0.207331
0.181869754559258, 1.50022271714922, -0.00112820464909394, 20, 10, 0.207314
0.181869754559258, 1.50334075723831, -0.00112820867700369, 20, 10, 0.207417
0.181869754559258, 1.50645879732739, -0.00112821335448948, 20, 10, 0.207376
0.181869754559258, 1.50957683741648, -0.00112821868684658, 20, 10, 0.207315
0.181869754559258, 1.51269487750557, -0.00112822467936911, 20, 10, 0.208286
0.181869754559258, 1.51581291759465, -0.00112823133734977, 20, 10, 0.208575
0.181869754559258, 1.51893095768374, -0.00112823866607965, 20, 10, 0.207297
0.181869754559258, 1.52204899777283, -0.00112824667084807, 20, 10, 0.207622
0.181869754559258, 1.52516703786192, -0.00112825535694232, 20, 10, 0.207335
0.181869754559258, 1.528285077951, -0.00112826472964746, 20, 10, 0.207337
0.181869754559258, 1.53140311804009, -0.00112827479424615, 20, 10, 0.207355
0.181869754559258, 1.53452115812918, -0.00112828555601841, 20, 10, 0.207493
0.181869754559258, 1.53763919821826, -0.00112829702024142, 20, 10, 0.207601
0.181869754559258, 1.54075723830735, -0.00112830919218934, 20, 10, 0.207322
0.181869754559258, 1.54387527839644, -0.00112832207713308, 20, 10, 0.207347
0.181869754559258, 1.54699331848552, -0.00112833568034012, 20, 10, 0.207315
0.181869754559258, 1.55011135857461, -0.0011283500070743, 20, 10, 0.207314
0.181869754559258, 1.5532293986637, -0.00112836506259559, 20, 10, 0.207383
0.181869754559258, 1.55634743875278, -0.00112838085215996, 20, 10, 0.207344
0.181869754559258, 1.55946547884187, -0.00112839738101911, 20, 10, 0.20731
0.181869754559258, 1.56258351893096, -0.00112841465442032, 20, 10, 0.207301
0.181869754559258, 1.56570155902004, -0.00112843267760623, 20, 10, 0.207285
0.181869754559258, 1.56881959910913, -0.00112845145581464, 20, 10, 0.207373
0.181869754559258, 1.57193763919822, -0.00112847099427833, 20, 10, 0.207321
0.181869754559258, 1.57505567928731, -0.00112849129822486, 20, 10, 0.207323
0.181869754559258, 1.57817371937639, -0.00112851237287637, 20, 10, 0.20734
0.181869754559258, 1.58129175946548, -0.0011285342216883, 20, 9, 0.184177
0.181869754559258, 1.58440979955457, -0.00112855685346859, 20, 9, 0.184191
0.181869754559258, 1.58752783964365, -0.00112858027158267, 20, 9, 0.184112
0.181869754559258, 1.59064587973274, -0.00112860448122923, 20, 9, 0.184136
0.181869754559258, 1.59376391982183, -0.00112862948760058, 20, 9, 0.184776
0.181869754559258, 1.59688195991091, -0.00112865529588247, 20, 9, 0.185491
0.181869754559258, 1.6, -0.00112868191125387, 20, 9, 0.184349
# finished at Tue Apr 29 20:45:35 CEST 2014
