# starting on alcc64 at Tue Apr 29 20:11:15 CEST 2014
# casimir, -T, 0.200000,1.600000,450, -Q, 0.172877172138948, -p, 1e-08, -L, 20
# Compiler icc, using long double and plain matrix elements and plain integration
# precision=1e-08
# lfac=5
# cores=1
# L=0.172877
# T=0.2...1.6 (450)
#
# R/(L+R), T, F, lmax, nmax, time
0.172877172138948, 0.2, -0.00097095216488909, 20, 64, 1.4281
0.172877172138948, 0.203118040089087, -0.000970951489925936, 20, 63, 1.40211
0.172877172138948, 0.206236080178174, -0.000970950783866649, 20, 62, 1.37693
0.172877172138948, 0.209354120267261, -0.000970950045807977, 20, 61, 1.35588
0.172877172138948, 0.212472160356347, -0.00097094927676247, 20, 61, 1.35566
0.172877172138948, 0.215590200445434, -0.000970948472063751, 20, 60, 1.33538
0.172877172138948, 0.218708240534521, -0.000970947632608411, 20, 59, 1.30928
0.172877172138948, 0.221826280623608, -0.000970946757447333, 20, 58, 1.28679
0.172877172138948, 0.224944320712695, -0.000970945845619828, 20, 57, 1.26596
0.172877172138948, 0.228062360801782, -0.000970944896150235, 20, 56, 1.24514
0.172877172138948, 0.231180400890869, -0.000970943910269412, 20, 56, 1.24242
0.172877172138948, 0.234298440979955, -0.000970942882812023, 20, 55, 1.21906
0.172877172138948, 0.237416481069042, -0.000970941814766204, 20, 54, 1.19658
0.172877172138948, 0.240534521158129, -0.000970940707296481, 20, 54, 1.20153
0.172877172138948, 0.243652561247216, -0.000970939555324591, 20, 53, 1.17577
0.172877172138948, 0.246770601336303, -0.00097093835972838, 20, 52, 1.15221
0.172877172138948, 0.24988864142539, -0.000970937121736404, 20, 52, 1.15223
0.172877172138948, 0.253006681514477, -0.000970935836115744, 20, 51, 1.12939
0.172877172138948, 0.256124721603563, -0.000970934503746296, 20, 50, 1.109
0.172877172138948, 0.25924276169265, -0.000970933126070073, 20, 50, 1.10869
0.172877172138948, 0.262360801781737, -0.000970931697426167, 20, 49, 1.08536
0.172877172138948, 0.265478841870824, -0.000970930221249417, 20, 49, 1.0858
0.172877172138948, 0.268596881959911, -0.000970928692088773, 20, 48, 1.06218
0.172877172138948, 0.271714922048998, -0.00097092711318809, 20, 48, 1.06185
0.172877172138948, 0.274832962138085, -0.000970925479210739, 20, 47, 1.03835
0.172877172138948, 0.277951002227172, -0.000970923793301603, 20, 47, 1.04383
0.172877172138948, 0.281069042316258, -0.000970922050152395, 20, 46, 1.01517
0.172877172138948, 0.284187082405345, -0.000970920252895973, 20, 46, 1.01782
0.172877172138948, 0.287305122494432, -0.000970918396166824, 20, 45, 0.995328
0.172877172138948, 0.290423162583519, -0.000970916483170958, 20, 45, 0.99453
0.172877172138948, 0.293541202672606, -0.00097091450840285, 20, 44, 0.971461
0.172877172138948, 0.296659242761693, -0.000970912475232056, 20, 44, 0.971384
0.172877172138948, 0.29977728285078, -0.000970910377916575, 20, 43, 0.948295
0.172877172138948, 0.302895322939866, -0.000970908220092737, 20, 43, 0.948389
0.172877172138948, 0.306013363028953, -0.000970905995673082, 20, 42, 0.925431
0.172877172138948, 0.30913140311804, -0.000970903708680869, 20, 42, 0.925044
0.172877172138948, 0.312249443207127, -0.000970901355150269, 20, 42, 0.927746
0.172877172138948, 0.315367483296214, -0.00097089893184455, 20, 41, 0.904582
0.172877172138948, 0.318485523385301, -0.000970896442287775, 20, 41, 0.904665
0.172877172138948, 0.321603563474388, -0.000970893880352063, 20, 40, 0.881464
0.172877172138948, 0.324721603563474, -0.000970891250174777, 20, 40, 0.881341
0.172877172138948, 0.327839643652561, -0.000970888547702044, 20, 40, 0.882022
0.172877172138948, 0.330957683741648, -0.000970885769486322, 20, 39, 0.858172
0.172877172138948, 0.334075723830735, -0.000970882919425103, 20, 39, 0.858168
0.172877172138948, 0.337193763919822, -0.000970879993584297, 20, 39, 0.858151
0.172877172138948, 0.340311804008909, -0.000970876988531868, 20, 38, 0.83535
0.172877172138948, 0.343429844097996, -0.000970873908084107, 20, 38, 0.835018
0.172877172138948, 0.346547884187082, -0.000970870748344511, 20, 38, 0.837646
0.172877172138948, 0.349665924276169, -0.000970867505828697, 20, 37, 0.814841
0.172877172138948, 0.352783964365256, -0.000970864184425071, 20, 37, 0.81448
0.172877172138948, 0.355902004454343, -0.000970860780192941, 20, 37, 0.814545
0.172877172138948, 0.35902004454343, -0.000970857289530397, 20, 36, 0.791394
0.172877172138948, 0.362138084632517, -0.00097085371655506, 20, 36, 0.791257
0.172877172138948, 0.365256124721604, -0.000970850057200064, 20, 36, 0.791236
0.172877172138948, 0.36837416481069, -0.00097084631030419, 20, 36, 0.791309
0.172877172138948, 0.371492204899777, -0.000970842472473674, 20, 35, 0.768505
0.172877172138948, 0.374610244988864, -0.000970838547343949, 20, 35, 0.768131
0.172877172138948, 0.377728285077951, -0.000970834531111915, 20, 35, 0.768111
0.172877172138948, 0.380846325167038, -0.000970830420119039, 20, 34, 0.746246
0.172877172138948, 0.383964365256125, -0.000970826218562153, 20, 34, 0.750509
0.172877172138948, 0.387082405345212, -0.000970821922340603, 20, 34, 0.744989
0.172877172138948, 0.390200445434298, -0.000970817530292513, 20, 34, 0.747606
0.172877172138948, 0.393318485523385, -0.00097081303880187, 20, 33, 0.724388
0.172877172138948, 0.396436525612472, -0.00097080845196274, 20, 33, 0.724817
0.172877172138948, 0.399554565701559, -0.000970803765743205, 20, 33, 0.724625
0.172877172138948, 0.402672605790646, -0.000970798978983838, 20, 33, 0.725167
0.172877172138948, 0.405790645879733, -0.000970794088022406, 20, 32, 0.701266
0.172877172138948, 0.40890868596882, -0.000970789097063289, 20, 32, 0.701281
0.172877172138948, 0.412026726057906, -0.000970784002032528, 20, 32, 0.701287
0.172877172138948, 0.415144766146993, -0.000970778801778895, 20, 32, 0.701276
0.172877172138948, 0.41826280623608, -0.000970773492490596, 20, 31, 0.678061
0.172877172138948, 0.421380846325167, -0.00097076807871225, 20, 31, 0.678117
0.172877172138948, 0.424498886414254, -0.000970762556210685, 20, 31, 0.678413
0.172877172138948, 0.427616926503341, -0.00097075692384719, 20, 31, 0.678236
0.172877172138948, 0.430734966592428, -0.000970751180484614, 20, 31, 0.678034
0.172877172138948, 0.433853006681514, -0.000970745322442127, 20, 30, 0.654893
0.172877172138948, 0.436971046770601, -0.000970739354024487, 20, 30, 0.654926
0.172877172138948, 0.440089086859688, -0.000970733271164383, 20, 30, 0.654868
0.172877172138948, 0.443207126948775, -0.000970727072742407, 20, 30, 0.655024
0.172877172138948, 0.446325167037862, -0.000970720757643692, 20, 30, 0.657559
0.172877172138948, 0.449443207126949, -0.000970714322192935, 20, 29, 0.634408
0.172877172138948, 0.452561247216036, -0.000970707770738929, 20, 29, 0.634852
0.172877172138948, 0.455679287305123, -0.000970701099237043, 20, 29, 0.634353
0.172877172138948, 0.458797327394209, -0.000970694306593723, 20, 29, 0.634314
0.172877172138948, 0.461915367483296, -0.0009706873917199, 20, 29, 0.634303
0.172877172138948, 0.465033407572383, -0.000970680350826407, 20, 28, 0.611196
0.172877172138948, 0.46815144766147, -0.000970673188588782, 20, 28, 0.611149
0.172877172138948, 0.471269487750557, -0.000970665900841032, 20, 28, 0.611242
0.172877172138948, 0.474387527839644, -0.00097065848652175, 20, 28, 0.611204
0.172877172138948, 0.477505567928731, -0.000970650944575299, 20, 28, 0.611251
0.172877172138948, 0.480623608017817, -0.000970643273952227, 20, 28, 0.61116
0.172877172138948, 0.483741648106904, -0.000970635470974387, 20, 27, 0.588339
0.172877172138948, 0.486859688195991, -0.000970627540200617, 20, 27, 0.588001
0.172877172138948, 0.489977728285078, -0.000970619477603012, 20, 27, 0.58802
0.172877172138948, 0.493095768374165, -0.000970611282165427, 20, 27, 0.58812
0.172877172138948, 0.496213808463252, -0.000970602952879073, 20, 27, 0.588065
0.172877172138948, 0.499331848552339, -0.000970594488742892, 20, 27, 0.588054
0.172877172138948, 0.502449888641425, -0.000970585886038672, 20, 26, 0.564929
0.172877172138948, 0.505567928730512, -0.000970577149556018, 20, 26, 0.564959
0.172877172138948, 0.508685968819599, -0.000970568275231921, 20, 26, 0.564906
0.172877172138948, 0.511804008908686, -0.000970559262104174, 20, 26, 0.564913
0.172877172138948, 0.514922048997773, -0.000970550109219395, 20, 26, 0.565251
0.172877172138948, 0.51804008908686, -0.000970540815635069, 20, 26, 0.567543
0.172877172138948, 0.521158129175947, -0.0009705313804131, 20, 26, 0.567471
0.172877172138948, 0.524276169265034, -0.000970521799980726, 20, 25, 0.544335
0.172877172138948, 0.52739420935412, -0.000970512079025737, 20, 25, 0.544332
0.172877172138948, 0.530512249443207, -0.00097050221365624, 20, 25, 0.544381
0.172877172138948, 0.533630289532294, -0.000970492202982552, 20, 25, 0.549962
0.172877172138948, 0.536748329621381, -0.000970482046125524, 20, 25, 0.544441
0.172877172138948, 0.539866369710468, -0.00097047174221685, 20, 25, 0.544396
0.172877172138948, 0.542984409799555, -0.000970461290399376, 20, 25, 0.54434
0.172877172138948, 0.546102449888642, -0.000970450687065478, 20, 24, 0.521142
0.172877172138948, 0.549220489977728, -0.000970439937209265, 20, 24, 0.521372
0.172877172138948, 0.552338530066815, -0.000970429036909119, 20, 24, 0.521585
0.172877172138948, 0.555456570155902, -0.000970417985358949, 20, 24, 0.521551
0.172877172138948, 0.558574610244989, -0.00097040678176478, 20, 24, 0.521295
0.172877172138948, 0.561692650334076, -0.000970395425345033, 20, 24, 0.521589
0.172877172138948, 0.564810690423163, -0.000970383915330819, 20, 24, 0.523316
0.172877172138948, 0.567928730512249, -0.00097037225096621, 20, 24, 0.521641
0.172877172138948, 0.571046770601336, -0.000970360428747997, 20, 23, 0.498119
0.172877172138948, 0.574164810690423, -0.000970348453760122, 20, 23, 0.498363
0.172877172138948, 0.57728285077951, -0.000970336322203553, 20, 23, 0.498055
0.172877172138948, 0.580400890868597, -0.000970324033379979, 20, 23, 0.498375
0.172877172138948, 0.583518930957684, -0.000970311586604957, 20, 23, 0.498303
0.172877172138948, 0.586636971046771, -0.000970298981208162, 20, 23, 0.49854
0.172877172138948, 0.589755011135857, -0.000970286216533658, 20, 23, 0.498078
0.172877172138948, 0.592873051224944, -0.000970273291940138, 20, 23, 0.498359
0.172877172138948, 0.595991091314031, -0.000970260206801171, 20, 23, 0.498074
0.172877172138948, 0.599109131403118, -0.000970246957820668, 20, 22, 0.477001
0.172877172138948, 0.602227171492205, -0.00097023355004472, 20, 22, 0.474873
0.172877172138948, 0.605345211581292, -0.000970219979908026, 20, 22, 0.475178
0.172877172138948, 0.608463251670379, -0.000970206246848728, 20, 22, 0.474863
0.172877172138948, 0.611581291759466, -0.000970192350320695, 20, 22, 0.475251
0.172877172138948, 0.614699331848552, -0.000970178289793742, 20, 22, 0.474833
0.172877172138948, 0.617817371937639, -0.000970164064753878, 20, 22, 0.475167
0.172877172138948, 0.620935412026726, -0.00097014967470352, 20, 22, 0.474894
0.172877172138948, 0.624053452115813, -0.000970135119163741, 20, 22, 0.478039
0.172877172138948, 0.6271714922049, -0.000970120394810435, 20, 21, 0.454643
0.172877172138948, 0.630289532293987, -0.000970105507187852, 20, 21, 0.454313
0.172877172138948, 0.633407572383074, -0.000970090452706021, 20, 21, 0.456496
0.172877172138948, 0.63652561247216, -0.000970075230955194, 20, 21, 0.454451
0.172877172138948, 0.639643652561247, -0.000970059841543031, 20, 21, 0.454727
0.172877172138948, 0.642761692650334, -0.000970044284094816, 20, 21, 0.454397
0.172877172138948, 0.645879732739421, -0.000970028558253656, 20, 21, 0.454643
0.172877172138948, 0.648997772828508, -0.000970012663680704, 20, 21, 0.454576
0.172877172138948, 0.652115812917595, -0.000969996600055338, 20, 21, 0.45466
0.172877172138948, 0.655233853006682, -0.000969980367075373, 20, 21, 0.454357
0.172877172138948, 0.658351893095768, -0.000969963964457242, 20, 21, 0.45438
0.172877172138948, 0.661469933184855, -0.000969947389200314, 20, 20, 0.431482
0.172877172138948, 0.664587973273942, -0.000969930646784306, 20, 20, 0.43149
0.172877172138948, 0.667706013363029, -0.000969913733969534, 20, 20, 0.431054
0.172877172138948, 0.670824053452116, -0.0009698966505509, 20, 20, 0.431159
0.172877172138948, 0.673942093541203, -0.000969879396342617, 20, 20, 0.431038
0.172877172138948, 0.67706013363029, -0.000969861971178401, 20, 20, 0.43102
0.172877172138948, 0.680178173719376, -0.000969844374911656, 20, 20, 0.431174
0.172877172138948, 0.683296213808463, -0.000969826607415642, 20, 20, 0.431066
0.172877172138948, 0.68641425389755, -0.000969808668583656, 20, 20, 0.431056
0.172877172138948, 0.689532293986637, -0.000969790558329196, 20, 20, 0.431047
0.172877172138948, 0.692650334075724, -0.00096977227658613, 20, 20, 0.431058
0.172877172138948, 0.695768374164811, -0.000969753823308853, 20, 20, 0.43102
0.172877172138948, 0.698886414253898, -0.000969735195806468, 20, 19, 0.40791
0.172877172138948, 0.702004454342984, -0.000969716399642391, 20, 19, 0.407837
0.172877172138948, 0.705122494432071, -0.000969697431911293, 20, 19, 0.407894
0.172877172138948, 0.708240534521158, -0.000969678292653059, 20, 19, 0.408308
0.172877172138948, 0.711358574610245, -0.0009696589819287, 20, 19, 0.407917
0.172877172138948, 0.714476614699332, -0.000969639499820512, 20, 19, 0.407864
0.172877172138948, 0.717594654788419, -0.000969619846432231, 20, 19, 0.407849
0.172877172138948, 0.720712694877506, -0.000969600021889176, 20, 19, 0.407881
0.172877172138948, 0.723830734966592, -0.000969580026338396, 20, 19, 0.40788
0.172877172138948, 0.726948775055679, -0.000969559859948815, 20, 19, 0.4079
0.172877172138948, 0.730066815144766, -0.000969539522911363, 20, 19, 0.407886
0.172877172138948, 0.733184855233853, -0.000969519015439116, 20, 19, 0.413421
0.172877172138948, 0.73630289532294, -0.000969498337767429, 20, 19, 0.407882
0.172877172138948, 0.739420935412027, -0.000969477487471797, 20, 18, 0.384713
0.172877172138948, 0.742538975501114, -0.000969456470422082, 20, 18, 0.384665
0.172877172138948, 0.7456570155902, -0.000969435283995075, 20, 18, 0.384737
0.172877172138948, 0.748775055679287, -0.000969413928518052, 20, 18, 0.384719
0.172877172138948, 0.751893095768374, -0.000969392404341047, 20, 18, 0.38479
0.172877172138948, 0.755011135857461, -0.000969370711836979, 20, 18, 0.385139
0.172877172138948, 0.758129175946548, -0.000969348851401768, 20, 18, 0.384686
0.172877172138948, 0.761247216035635, -0.000969326823454454, 20, 18, 0.384923
0.172877172138948, 0.764365256124722, -0.000969304628437316, 20, 18, 0.38468
0.172877172138948, 0.767483296213809, -0.000969282266815979, 20, 18, 0.384735
0.172877172138948, 0.770601336302895, -0.000969259739079525, 20, 18, 0.384673
0.172877172138948, 0.773719376391982, -0.000969237045740595, 20, 18, 0.384754
0.172877172138948, 0.776837416481069, -0.000969214187338032, 20, 18, 0.387439
0.172877172138948, 0.779955456570156, -0.000969191164426814, 20, 18, 0.387408
0.172877172138948, 0.783073496659243, -0.000969167977593414, 20, 18, 0.387405
0.172877172138948, 0.78619153674833, -0.000969144624842164, 20, 17, 0.36421
0.172877172138948, 0.789309576837417, -0.000969121112218944, 20, 17, 0.364196
0.172877172138948, 0.792427616926503, -0.000969097437553003, 20, 17, 0.364886
0.172877172138948, 0.79554565701559, -0.000969073601525892, 20, 17, 0.3643
0.172877172138948, 0.798663697104677, -0.000969049604843373, 20, 17, 0.364236
0.172877172138948, 0.801781737193764, -0.000969025448235484, 20, 17, 0.364216
0.172877172138948, 0.804899777282851, -0.000969001132456637, 20, 17, 0.364669
0.172877172138948, 0.808017817371938, -0.000968976658285696, 20, 17, 0.364185
0.172877172138948, 0.811135857461025, -0.000968952026526057, 20, 17, 0.364227
0.172877172138948, 0.814253897550111, -0.000968927238005719, 20, 17, 0.364149
0.172877172138948, 0.817371937639198, -0.000968902293577366, 20, 17, 0.36421
0.172877172138948, 0.820489977728285, -0.00096887719411843, 20, 17, 0.364211
0.172877172138948, 0.823608017817372, -0.000968851940531162, 20, 17, 0.364235
0.172877172138948, 0.826726057906459, -0.000968826533742694, 20, 17, 0.364226
0.172877172138948, 0.829844097995546, -0.000968800974705104, 20, 17, 0.364222
0.172877172138948, 0.832962138084633, -0.00096877526439547, 20, 17, 0.364144
0.172877172138948, 0.836080178173719, -0.00096874940110114, 20, 16, 0.341021
0.172877172138948, 0.839198218262806, -0.000968723391482482, 20, 16, 0.341211
0.172877172138948, 0.842316258351893, -0.000968697233658386, 20, 16, 0.341045
0.172877172138948, 0.84543429844098, -0.000968670928707622, 20, 16, 0.341005
0.172877172138948, 0.848552338530067, -0.000968644477734133, 20, 16, 0.340983
0.172877172138948, 0.851670378619154, -0.000968617881867093, 20, 16, 0.341021
0.172877172138948, 0.854788418708241, -0.000968591142260949, 20, 16, 0.341023
0.172877172138948, 0.857906458797328, -0.000968564260095463, 20, 16, 0.341322
0.172877172138948, 0.861024498886414, -0.000968537236575763, 20, 16, 0.340986
0.172877172138948, 0.864142538975501, -0.000968510072932375, 20, 16, 0.340946
0.172877172138948, 0.867260579064588, -0.000968482770421255, 20, 16, 0.340969
0.172877172138948, 0.870378619153675, -0.000968455330323831, 20, 16, 0.340946
0.172877172138948, 0.873496659242762, -0.000968427753947033, 20, 16, 0.340995
0.172877172138948, 0.876614699331849, -0.000968400042623309, 20, 16, 0.340978
0.172877172138948, 0.879732739420936, -0.000968372197710668, 20, 16, 0.340992
0.172877172138948, 0.882850779510022, -0.000968344220592692, 20, 16, 0.340996
0.172877172138948, 0.885968819599109, -0.000968316112678558, 20, 16, 0.340985
0.172877172138948, 0.889086859688196, -0.000968287875403055, 20, 16, 0.341087
0.172877172138948, 0.892204899777283, -0.000968259510226604, 20, 16, 0.341008
0.172877172138948, 0.89532293986637, -0.000968231018635266, 20, 16, 0.340974
0.172877172138948, 0.898440979955457, -0.000968202399661212, 20, 15, 0.317863
0.172877172138948, 0.901559020044544, -0.000968173659975679, 20, 15, 0.317858
0.172877172138948, 0.90467706013363, -0.000968144798475109, 20, 15, 0.317855
0.172877172138948, 0.907795100222717, -0.000968115816749073, 20, 15, 0.317846
0.172877172138948, 0.910913140311804, -0.000968086716412752, 20, 15, 0.317848
0.172877172138948, 0.914031180400891, -0.000968057499106942, 20, 15, 0.317965
0.172877172138948, 0.917149220489978, -0.000968028166498053, 20, 15, 0.318473
0.172877172138948, 0.920267260579065, -0.000967998720278106, 20, 15, 0.317926
0.172877172138948, 0.923385300668152, -0.000967969162164731, 20, 15, 0.317931
0.172877172138948, 0.926503340757238, -0.000967939493901153, 20, 15, 0.318188
0.172877172138948, 0.929621380846325, -0.00096790971725619, 20, 15, 0.317949
0.172877172138948, 0.932739420935412, -0.000967879834024238, 20, 15, 0.317931
0.172877172138948, 0.935857461024499, -0.000967849846025253, 20, 15, 0.318363
0.172877172138948, 0.938975501113586, -0.000967819755104739, 20, 15, 0.320003
0.172877172138948, 0.942093541202673, -0.000967789563133724, 20, 15, 0.317987
0.172877172138948, 0.945211581291759, -0.000967759272008743, 20, 15, 0.317932
0.172877172138948, 0.948329621380847, -0.00096772888365181, 20, 15, 0.318244
0.172877172138948, 0.951447661469933, -0.000967698400010392, 20, 15, 0.317928
0.172877172138948, 0.95456570155902, -0.000967667823057383, 20, 15, 0.317951
0.172877172138948, 0.957683741648107, -0.000967637154791072, 20, 15, 0.318189
0.172877172138948, 0.960801781737194, -0.000967606397235106, 20, 15, 0.317902
0.172877172138948, 0.963919821826281, -0.000967575552438459, 20, 15, 0.317894
0.172877172138948, 0.967037861915368, -0.000967544620063774, 20, 14, 0.294955
0.172877172138948, 0.970155902004454, -0.000967513607192892, 20, 14, 0.294697
0.172877172138948, 0.973273942093541, -0.000967482513369362, 20, 14, 0.295137
0.172877172138948, 0.976391982182628, -0.000967451340743749, 20, 14, 0.295001
0.172877172138948, 0.979510022271715, -0.000967420091491689, 20, 14, 0.294732
0.172877172138948, 0.982628062360802, -0.00096738876781385, 20, 14, 0.294712
0.172877172138948, 0.985746102449889, -0.000967357371935869, 20, 14, 0.294714
0.172877172138948, 0.988864142538975, -0.000967325906108321, 20, 14, 0.294998
0.172877172138948, 0.991982182628063, -0.000967294372606651, 20, 14, 0.296544
0.172877172138948, 0.995100222717149, -0.000967262773731126, 20, 14, 0.2947
0.172877172138948, 0.998218262806236, -0.000967231111806781, 20, 14, 0.295034
0.172877172138948, 1.00133630289532, -0.000967199389183356, 20, 14, 0.294706
0.172877172138948, 1.00445434298441, -0.000967167608235239, 20, 14, 0.294722
0.172877172138948, 1.0075723830735, -0.000967135771361393, 20, 14, 0.300566
0.172877172138948, 1.01069042316258, -0.000967103880985308, 20, 14, 0.294739
0.172877172138948, 1.01380846325167, -0.000967071939554917, 20, 14, 0.294714
0.172877172138948, 1.01692650334076, -0.000967039949542538, 20, 14, 0.2947
0.172877172138948, 1.02004454342984, -0.000967007913444799, 20, 14, 0.295011
0.172877172138948, 1.02316258351893, -0.000966975833782561, 20, 14, 0.29474
0.172877172138948, 1.02628062360802, -0.000966943713100847, 20, 14, 0.294699
0.172877172138948, 1.0293986636971, -0.000966911553968768, 20, 14, 0.295017
0.172877172138948, 1.03251670378619, -0.000966879358979436, 20, 14, 0.294726
0.172877172138948, 1.03563474387528, -0.000966847130753277, 20, 14, 0.297584
0.172877172138948, 1.03875278396437, -0.000966814871924382, 20, 14, 0.29771
0.172877172138948, 1.04187082405345, -0.00096678258516078, 20, 14, 0.297708
0.172877172138948, 1.04498886414254, -0.000966750273150777, 20, 14, 0.297397
0.172877172138948, 1.04810690423163, -0.000966717936338923, 20, 13, 0.276061
0.172877172138948, 1.05122494432071, -0.000966685582134532, 20, 13, 0.274621
0.172877172138948, 1.0543429844098, -0.000966653210881234, 20, 13, 0.27422
0.172877172138948, 1.05746102449889, -0.000966620825361622, 20, 13, 0.274228
0.172877172138948, 1.06057906458797, -0.000966588428381471, 20, 13, 0.274246
0.172877172138948, 1.06369710467706, -0.000966556022769623, 20, 13, 0.274543
0.172877172138948, 1.06681514476615, -0.000966523611377915, 20, 13, 0.27426
0.172877172138948, 1.06993318485523, -0.00096649119708106, 20, 13, 0.274211
0.172877172138948, 1.07305122494432, -0.000966458782776555, 20, 13, 0.274552
0.172877172138948, 1.07616926503341, -0.000966426371384572, 20, 13, 0.274227
0.172877172138948, 1.07928730512249, -0.000966393965847862, 20, 13, 0.274232
0.172877172138948, 1.08240534521158, -0.000966361569131636, 20, 13, 0.274232
0.172877172138948, 1.08552338530067, -0.000966329184223469, 20, 13, 0.274518
0.172877172138948, 1.08864142538976, -0.00096629681413318, 20, 13, 0.274246
0.172877172138948, 1.09175946547884, -0.000966264461892726, 20, 13, 0.274178
0.172877172138948, 1.09487750556793, -0.000966232130556087, 20, 13, 0.274246
0.172877172138948, 1.09799554565702, -0.000966199823199148, 20, 13, 0.274537
0.172877172138948, 1.1011135857461, -0.00096616754291959, 20, 13, 0.274213
0.172877172138948, 1.10423162583519, -0.00096613529283676, 20, 13, 0.274607
0.172877172138948, 1.10734966592428, -0.000966103076091561, 20, 13, 0.275188
0.172877172138948, 1.11046770601336, -0.000966070895846323, 20, 13, 0.275068
0.172877172138948, 1.11358574610245, -0.000966038755284689, 20, 13, 0.27418
0.172877172138948, 1.11670378619154, -0.000966006657611483, 20, 13, 0.27418
0.172877172138948, 1.11982182628062, -0.00096597460605258, 20, 13, 0.274504
0.172877172138948, 1.12293986636971, -0.000965942603854793, 20, 13, 0.274233
0.172877172138948, 1.1260579064588, -0.000965910654285725, 20, 13, 0.274187
0.172877172138948, 1.12917594654788, -0.000965878760633659, 20, 13, 0.274173
0.172877172138948, 1.13229398663697, -0.000965846926207404, 20, 13, 0.274505
0.172877172138948, 1.13541202672606, -0.000965815154336179, 20, 13, 0.274178
0.172877172138948, 1.13853006681514, -0.00096578344836947, 20, 13, 0.274198
0.172877172138948, 1.14164810690423, -0.000965751809490413, 20, 12, 0.251276
0.172877172138948, 1.14476614699332, -0.000965720245585908, 20, 12, 0.251012
0.172877172138948, 1.14788418708241, -0.00096568875774757, 20, 12, 0.250998
0.172877172138948, 1.15100222717149, -0.00096565734940498, 20, 12, 0.251103
0.172877172138948, 1.15412026726058, -0.000965626024007273, 20, 12, 0.25127
0.172877172138948, 1.15723830734967, -0.000965594785022987, 20, 12, 0.25098
0.172877172138948, 1.16035634743875, -0.000965563635939933, 20, 12, 0.250973
0.172877172138948, 1.16347438752784, -0.000965532580265039, 20, 12, 0.250949
0.172877172138948, 1.16659242761693, -0.000965501621524214, 20, 12, 0.251258
0.172877172138948, 1.16971046770601, -0.000965470763262191, 20, 12, 0.25183
0.172877172138948, 1.1728285077951, -0.00096544000904239, 20, 12, 0.252612
0.172877172138948, 1.17594654788419, -0.000965409362446757, 20, 12, 0.251348
0.172877172138948, 1.17906458797327, -0.000965378827075624, 20, 12, 0.250938
0.172877172138948, 1.18218262806236, -0.000965348406547546, 20, 12, 0.251077
0.172877172138948, 1.18530066815145, -0.000965318104499162, 20, 12, 0.250952
0.172877172138948, 1.18841870824053, -0.000965287924585023, 20, 12, 0.25134
0.172877172138948, 1.19153674832962, -0.000965257870477455, 20, 12, 0.25093
0.172877172138948, 1.19465478841871, -0.000965227945866391, 20, 12, 0.250952
0.172877172138948, 1.1977728285078, -0.000965198154459215, 20, 12, 0.250938
0.172877172138948, 1.20089086859688, -0.000965168499980606, 20, 12, 0.250948
0.172877172138948, 1.20400890868597, -0.000965138986172379, 20, 12, 0.25095
0.172877172138948, 1.20712694877506, -0.000965109616793317, 20, 12, 0.25095
0.172877172138948, 1.21024498886414, -0.000965080395619022, 20, 12, 0.250935
0.172877172138948, 1.21336302895323, -0.000965051326441737, 20, 12, 0.250921
0.172877172138948, 1.21648106904232, -0.000965022413070198, 20, 12, 0.250969
0.172877172138948, 1.2195991091314, -0.000964993659329456, 20, 12, 0.251143
0.172877172138948, 1.22271714922049, -0.000964965069060716, 20, 12, 0.250945
0.172877172138948, 1.22583518930958, -0.000964936646121177, 20, 12, 0.250952
0.172877172138948, 1.22895322939866, -0.000964908394383854, 20, 12, 0.250945
0.172877172138948, 1.23207126948775, -0.000964880317737416, 20, 12, 0.250935
0.172877172138948, 1.23518930957684, -0.000964852420086014, 20, 12, 0.25103
0.172877172138948, 1.23830734966592, -0.000964824705349116, 20, 12, 0.251002
0.172877172138948, 1.24142538975501, -0.00096479717746133, 20, 12, 0.250955
0.172877172138948, 1.2445434298441, -0.000964769840372228, 20, 12, 0.250944
0.172877172138948, 1.24766146993318, -0.000964742698046194, 20, 12, 0.251011
0.172877172138948, 1.25077951002227, -0.000964715754462226, 20, 12, 0.251429
0.172877172138948, 1.25389755011136, -0.000964689013613777, 20, 12, 0.250901
0.172877172138948, 1.25701559020045, -0.000964662477554448, 20, 11, 0.227787
0.172877172138948, 1.26013363028953, -0.000964636154316482, 20, 11, 0.22775
0.172877172138948, 1.26325167037862, -0.000964610045874024, 20, 11, 0.227763
0.172877172138948, 1.26636971046771, -0.000964584156276844, 20, 11, 0.227737
0.172877172138948, 1.26948775055679, -0.000964558489588281, 20, 11, 0.227784
0.172877172138948, 1.27260579064588, -0.000964533049885048, 20, 11, 0.227766
0.172877172138948, 1.27572383073497, -0.000964507841257054, 20, 11, 0.227745
0.172877172138948, 1.27884187082405, -0.000964482867807235, 20, 11, 0.227885
0.172877172138948, 1.28195991091314, -0.000964458133651365, 20, 11, 0.227761
0.172877172138948, 1.28507795100223, -0.000964433642917884, 20, 11, 0.227766
0.172877172138948, 1.28819599109131, -0.000964409399747712, 20, 11, 0.22777
0.172877172138948, 1.2913140311804, -0.000964385408294069, 20, 11, 0.227727
0.172877172138948, 1.29443207126949, -0.000964361672722294, 20, 11, 0.227743
0.172877172138948, 1.29755011135857, -0.000964338197209662, 20, 11, 0.22775
0.172877172138948, 1.30066815144766, -0.000964314985945203, 20, 11, 0.227751
0.172877172138948, 1.30378619153675, -0.00096429204312952, 20, 11, 0.227818
0.172877172138948, 1.30690423162584, -0.000964269372974596, 20, 11, 0.227738
0.172877172138948, 1.31002227171492, -0.000964246979703624, 20, 11, 0.227771
0.172877172138948, 1.31314031180401, -0.000964224867550811, 20, 11, 0.227785
0.172877172138948, 1.3162583518931, -0.000964203040761199, 20, 11, 0.227793
0.172877172138948, 1.31937639198218, -0.000964181503590478, 20, 11, 0.227762
0.172877172138948, 1.32249443207127, -0.000964160260304797, 20, 11, 0.227762
0.172877172138948, 1.32561247216036, -0.000964139315180584, 20, 11, 0.227801
0.172877172138948, 1.32873051224944, -0.000964118672504355, 20, 11, 0.228045
0.172877172138948, 1.33184855233853, -0.000964098336572531, 20, 11, 0.227779
0.172877172138948, 1.33496659242762, -0.00096407831169124, 20, 11, 0.227771
0.172877172138948, 1.3380846325167, -0.000964058602176147, 20, 11, 0.227785
0.172877172138948, 1.34120267260579, -0.000964039212352254, 20, 11, 0.227775
0.172877172138948, 1.34432071269488, -0.000964020146553712, 20, 11, 0.227779
0.172877172138948, 1.34743875278396, -0.000964001409123639, 20, 11, 0.227776
0.172877172138948, 1.35055679287305, -0.000963983004413928, 20, 11, 0.227794
0.172877172138948, 1.35367483296214, -0.000963964936785055, 20, 11, 0.227769
0.172877172138948, 1.35679287305122, -0.000963947210605898, 20, 11, 0.227758
0.172877172138948, 1.35991091314031, -0.000963929830253541, 20, 11, 0.227763
0.172877172138948, 1.3630289532294, -0.000963912800113086, 20, 11, 0.22778
0.172877172138948, 1.36614699331849, -0.00096389612457747, 20, 11, 0.227802
0.172877172138948, 1.36926503340757, -0.000963879808047264, 20, 11, 0.227753
0.172877172138948, 1.37238307349666, -0.000963863854930492, 20, 11, 0.227755
0.172877172138948, 1.37550111358575, -0.000963848269642441, 20, 11, 0.229203
0.172877172138948, 1.37861915367483, -0.000963833056605466, 20, 11, 0.227747
0.172877172138948, 1.38173719376392, -0.000963818220248803, 20, 11, 0.228784
0.172877172138948, 1.38485523385301, -0.000963803765008384, 20, 11, 0.227759
0.172877172138948, 1.38797327394209, -0.000963789695326635, 20, 11, 0.227754
0.172877172138948, 1.39109131403118, -0.0009637760156523, 20, 11, 0.227701
0.172877172138948, 1.39420935412027, -0.000963762728644704, 20, 10, 0.204563
0.172877172138948, 1.39732739420935, -0.000963749842441299, 20, 10, 0.204695
0.172877172138948, 1.40044543429844, -0.000963737359623425, 20, 10, 0.204581
0.172877172138948, 1.40356347438753, -0.000963725284663364, 20, 10, 0.204562
0.172877172138948, 1.40668151447661, -0.000963713622038745, 20, 10, 0.204563
0.172877172138948, 1.4097995545657, -0.00096370237623236, 20, 10, 0.204584
0.172877172138948, 1.41291759465479, -0.000963691551731978, 20, 10, 0.204664
0.172877172138948, 1.41603563474388, -0.000963681153030149, 20, 10, 0.205167
0.172877172138948, 1.41915367483296, -0.000963671184624018, 20, 10, 0.20491
0.172877172138948, 1.42227171492205, -0.000963661651015139, 20, 10, 0.204654
0.172877172138948, 1.42538975501114, -0.000963652556709283, 20, 10, 0.204628
0.172877172138948, 1.42850779510022, -0.000963643906216243, 20, 10, 0.204818
0.172877172138948, 1.43162583518931, -0.000963635704049661, 20, 10, 0.204622
0.172877172138948, 1.4347438752784, -0.000963627954726824, 20, 10, 0.204679
0.172877172138948, 1.43786191536748, -0.000963620662768485, 20, 10, 0.204606
0.172877172138948, 1.44097995545657, -0.000963613832698671, 20, 10, 0.204924
0.172877172138948, 1.44409799554566, -0.000963607469044497, 20, 10, 0.204631
0.172877172138948, 1.44721603563474, -0.000963601576335978, 20, 10, 0.205259
0.172877172138948, 1.45033407572383, -0.000963596159105839, 20, 10, 0.206255
0.172877172138948, 1.45345211581292, -0.000963591221889331, 20, 10, 0.204618
0.172877172138948, 1.456570155902, -0.000963586769224047, 20, 10, 0.204629
0.172877172138948, 1.45968819599109, -0.000963582805649726, 20, 10, 0.204793
0.172877172138948, 1.46280623608018, -0.000963579335708076, 20, 10, 0.204663
0.172877172138948, 1.46592427616927, -0.000963576363942583, 20, 10, 0.204979
0.172877172138948, 1.46904231625835, -0.000963573894898329, 20, 10, 0.20463
0.172877172138948, 1.47216035634744, -0.000963571933121803, 20, 10, 0.204625
0.172877172138948, 1.47527839643653, -0.000963570483160718, 20, 10, 0.204629
0.172877172138948, 1.47839643652561, -0.000963569549563825, 20, 10, 0.204628
0.172877172138948, 1.4815144766147, -0.000963569136880732, 20, 10, 0.204685
0.172877172138948, 1.48463251670379, -0.000963569249661718, 20, 10, 0.20464
0.172877172138948, 1.48775055679287, -0.000963569892457546, 20, 10, 0.204619
0.172877172138948, 1.49086859688196, -0.000963571069819293, 20, 10, 0.204811
0.172877172138948, 1.49398663697105, -0.000963572786298146, 20, 10, 0.204625
0.172877172138948, 1.49710467706013, -0.00096357504644524, 20, 10, 0.204707
0.172877172138948, 1.50022271714922, -0.000963577854811467, 20, 10, 0.204614
0.172877172138948, 1.50334075723831, -0.000963581215947294, 20, 10, 0.204625
0.172877172138948, 1.50645879732739, -0.000963585134402591, 20, 10, 0.205086
0.172877172138948, 1.50957683741648, -0.000963589614726431, 20, 10, 0.205203
0.172877172138948, 1.51269487750557, -0.000963594661466938, 20, 10, 0.204904
0.172877172138948, 1.51581291759465, -0.000963600279171086, 20, 10, 0.20461
0.172877172138948, 1.51893095768374, -0.000963606472384526, 20, 10, 0.204736
0.172877172138948, 1.52204899777283, -0.000963613245651413, 20, 10, 0.204568
0.172877172138948, 1.52516703786192, -0.000963620603514223, 20, 10, 0.20459
0.172877172138948, 1.528285077951, -0.000963628550513577, 20, 10, 0.206335
0.172877172138948, 1.53140311804009, -0.000963637091188067, 20, 10, 0.205968
0.172877172138948, 1.53452115812918, -0.000963646230074075, 20, 10, 0.204579
0.172877172138948, 1.53763919821826, -0.000963655971705604, 20, 10, 0.204577
0.172877172138948, 1.54075723830735, -0.000963666320614096, 20, 10, 0.204897
0.172877172138948, 1.54387527839644, -0.000963677281328264, 20, 10, 0.20463
0.172877172138948, 1.54699331848552, -0.000963688858373915, 20, 10, 0.204612
0.172877172138948, 1.55011135857461, -0.000963701056273782, 20, 10, 0.204768
0.172877172138948, 1.5532293986637, -0.00096371387955242, 20, 10, 0.207278
0.172877172138948, 1.55634743875278, -0.000963727332715718, 20, 10, 0.207553
0.172877172138948, 1.55946547884187, -0.00096374142028123, 20, 10, 0.207297
0.172877172138948, 1.56258351893096, -0.00096375614675766, 20, 10, 0.207342
0.172877172138948, 1.56570155902004, -0.000963771516649775, 20, 10, 0.2073
0.172877172138948, 1.56881959910913, -0.000963787532947093, 20, 9, 0.184102
0.172877172138948, 1.57193763919822, -0.000963804203233347, 20, 9, 0.184161
0.172877172138948, 1.57505567928731, -0.000963821530421517, 20, 9, 0.18411
0.172877172138948, 1.57817371937639, -0.000963839518999073, 20, 9, 0.184106
0.172877172138948, 1.58129175946548, -0.000963858173448715, 20, 9, 0.184245
0.172877172138948, 1.58440979955457, -0.0009638774982482, 20, 9, 0.184106
0.172877172138948, 1.58752783964365, -0.000963897497870175, 20, 9, 0.184463
0.172877172138948, 1.59064587973274, -0.000963918176782024, 20, 9, 0.184412
0.172877172138948, 1.59376391982183, -0.000963939539445692, 20, 9, 0.184139
0.172877172138948, 1.59688195991091, -0.000963961590317535, 20, 9, 0.184125
0.172877172138948, 1.6, -0.00096398433384815, 20, 9, 0.184471
# finished at Tue Apr 29 20:14:31 CEST 2014
