# starting on alcc62 at Tue Apr 29 20:38:17 CEST 2014
# casimir, -T, 0.200000,1.600000,450, -Q, 0.180508947914361, -p, 1e-08, -L, 20
# Compiler icc, using long double and plain matrix elements and plain integration
# precision=1e-08
# lfac=5
# cores=1
# L=0.180509
# T=0.2...1.6 (450)
#
# R/(L+R), T, F, lmax, nmax, time
0.180508947914361, 0.2, -0.00111049521757101, 20, 65, 1.47221
0.180508947914361, 0.203118040089087, -0.00111049444939972, 20, 64, 1.43453
0.180508947914361, 0.206236080178174, -0.00111049364585025, 20, 63, 1.40858
0.180508947914361, 0.209354120267261, -0.00111049280589548, 20, 62, 1.38501
0.180508947914361, 0.212472160356347, -0.00111049192849489, 20, 61, 1.36436
0.180508947914361, 0.215590200445434, -0.00111049101259621, 20, 60, 1.34271
0.180508947914361, 0.218708240534521, -0.00111049005712833, 20, 59, 1.31843
0.180508947914361, 0.221826280623608, -0.00111048906101146, 20, 58, 1.29503
0.180508947914361, 0.224944320712695, -0.00111048802549789, 20, 58, 1.2947
0.180508947914361, 0.228062360801782, -0.00111048694501517, 20, 57, 1.27098
0.180508947914361, 0.231180400890869, -0.00111048582060136, 20, 56, 1.24802
0.180508947914361, 0.234298440979955, -0.00111048465112571, 20, 55, 1.22779
0.180508947914361, 0.237416481069042, -0.00111048343791953, 20, 55, 1.23001
0.180508947914361, 0.240534521158129, -0.00111048217519594, 20, 54, 1.2052
0.180508947914361, 0.243652561247216, -0.00111048086398811, 20, 53, 1.1827
0.180508947914361, 0.246770601336303, -0.00111047950564239, 20, 53, 1.18122
0.180508947914361, 0.24988864142539, -0.00111047809430821, 20, 52, 1.15838
0.180508947914361, 0.253006681514477, -0.00111047663096946, 20, 51, 1.1365
0.180508947914361, 0.256124721603563, -0.0011104751171392, 20, 51, 1.13592
0.180508947914361, 0.25924276169265, -0.00111047354662074, 20, 50, 1.11578
0.180508947914361, 0.262360801781737, -0.00111047192306598, 20, 50, 1.11554
0.180508947914361, 0.265478841870824, -0.001110470240571, 20, 49, 1.0926
0.180508947914361, 0.268596881959911, -0.00111046850001885, 20, 48, 1.06953
0.180508947914361, 0.271714922048998, -0.00111046670318977, 20, 48, 1.06919
0.180508947914361, 0.274832962138085, -0.00111046484333694, 20, 47, 1.04611
0.180508947914361, 0.277951002227172, -0.00111046292470908, 20, 47, 1.05802
0.180508947914361, 0.281069042316258, -0.00111046094059658, 20, 46, 1.02156
0.180508947914361, 0.284187082405345, -0.00111045889523444, 20, 46, 1.02191
0.180508947914361, 0.287305122494432, -0.00111045678184489, 20, 45, 1.00034
0.180508947914361, 0.290423162583519, -0.00111045460475509, 20, 45, 1.0002
0.180508947914361, 0.293541202672606, -0.00111045235700551, 20, 44, 0.977131
0.180508947914361, 0.296659242761693, -0.00111045004314208, 20, 44, 0.978475
0.180508947914361, 0.29977728285078, -0.00111044765869954, 20, 44, 0.982392
0.180508947914361, 0.302895322939866, -0.00111044520016899, 20, 43, 0.955219
0.180508947914361, 0.306013363028953, -0.00111044267128104, 20, 43, 0.954237
0.180508947914361, 0.30913140311804, -0.00111044006550873, 20, 42, 0.931519
0.180508947914361, 0.312249443207127, -0.0011104373870138, 20, 42, 0.931079
0.180508947914361, 0.315367483296214, -0.00111043463150355, 20, 42, 0.931237
0.180508947914361, 0.318485523385301, -0.00111043179544254, 20, 41, 0.911884
0.180508947914361, 0.321603563474388, -0.00111042888249463, 20, 41, 0.916506
0.180508947914361, 0.324721603563474, -0.00111042588603136, 20, 40, 0.887164
0.180508947914361, 0.327839643652561, -0.0011104228103929, 20, 40, 0.887396
0.180508947914361, 0.330957683741648, -0.0011104196511641, 20, 40, 0.887397
0.180508947914361, 0.334075723830735, -0.00111041640456007, 20, 39, 0.864228
0.180508947914361, 0.337193763919822, -0.00111041307469147, 20, 39, 0.864096
0.180508947914361, 0.340311804008909, -0.00111040965725525, 20, 39, 0.864148
0.180508947914361, 0.343429844097996, -0.00111040614847104, 20, 38, 0.840912
0.180508947914361, 0.346547884187082, -0.0011104025523903, 20, 38, 0.840836
0.180508947914361, 0.349665924276169, -0.00111039886473436, 20, 38, 0.840963
0.180508947914361, 0.352783964365256, -0.00111039508165697, 20, 37, 0.817577
0.180508947914361, 0.355902004454343, -0.00111039120731369, 20, 37, 0.817801
0.180508947914361, 0.35902004454343, -0.00111038723736515, 20, 37, 0.817695
0.180508947914361, 0.362138084632517, -0.00111038316782337, 20, 36, 0.794503
0.180508947914361, 0.365256124721604, -0.00111037900312141, 20, 36, 0.794554
0.180508947914361, 0.36837416481069, -0.00111037473877202, 20, 36, 0.797146
0.180508947914361, 0.371492204899777, -0.00111037037055071, 20, 35, 0.774092
0.180508947914361, 0.374610244988864, -0.00111036590337079, 20, 35, 0.77388
0.180508947914361, 0.377728285077951, -0.00111036133248714, 20, 35, 0.773951
0.180508947914361, 0.380846325167038, -0.00111035665657593, 20, 35, 0.785727
0.180508947914361, 0.383964365256125, -0.00111035187156224, 20, 34, 0.750849
0.180508947914361, 0.387082405345212, -0.00111034698202621, 20, 34, 0.750981
0.180508947914361, 0.390200445434298, -0.0011103419834107, 20, 34, 0.751541
0.180508947914361, 0.393318485523385, -0.00111033687439205, 20, 34, 0.751074
0.180508947914361, 0.396436525612472, -0.00111033165093216, 20, 33, 0.727652
0.180508947914361, 0.399554565701559, -0.00111032631752837, 20, 33, 0.727475
0.180508947914361, 0.402672605790646, -0.00111032086968388, 20, 33, 0.727492
0.180508947914361, 0.405790645879733, -0.00111031530608054, 20, 33, 0.727642
0.180508947914361, 0.40890868596882, -0.00111030962261401, 20, 32, 0.704694
0.180508947914361, 0.412026726057906, -0.00111030382393579, 20, 32, 0.704602
0.180508947914361, 0.415144766146993, -0.00111029790548804, 20, 32, 0.704065
0.180508947914361, 0.41826280623608, -0.00111029186596315, 20, 32, 0.70479
0.180508947914361, 0.421380846325167, -0.00111028570107811, 20, 31, 0.681279
0.180508947914361, 0.424498886414254, -0.00111027941589347, 20, 31, 0.686131
0.180508947914361, 0.427616926503341, -0.00111027300566001, 20, 31, 0.682027
0.180508947914361, 0.430734966592428, -0.00111026646908898, 20, 31, 0.684323
0.180508947914361, 0.433853006681514, -0.00111025980488333, 20, 31, 0.683742
0.180508947914361, 0.436971046770601, -0.00111025300889618, 20, 30, 0.661938
0.180508947914361, 0.440089086859688, -0.00111024608595526, 20, 30, 0.665523
0.180508947914361, 0.443207126948775, -0.00111023903148027, 20, 30, 0.660732
0.180508947914361, 0.446325167037862, -0.00111023184420243, 20, 30, 0.664328
0.180508947914361, 0.449443207126949, -0.00111022452285685, 20, 30, 0.660794
0.180508947914361, 0.452561247216036, -0.00111021706328973, 20, 29, 0.637377
0.180508947914361, 0.455679287305123, -0.00111020947040961, 20, 29, 0.641071
0.180508947914361, 0.458797327394209, -0.00111020173964652, 20, 29, 0.641585
0.180508947914361, 0.461915367483296, -0.00111019386976256, 20, 29, 0.637344
0.180508947914361, 0.465033407572383, -0.0011101858595252, 20, 29, 0.637514
0.180508947914361, 0.46815144766147, -0.00111017770463603, 20, 28, 0.614195
0.180508947914361, 0.471269487750557, -0.00111016941040635, 20, 28, 0.614447
0.180508947914361, 0.474387527839644, -0.00111016097211443, 20, 28, 0.614217
0.180508947914361, 0.477505567928731, -0.0011101523885603, 20, 28, 0.614176
0.180508947914361, 0.480623608017817, -0.00111014365855087, 20, 28, 0.614312
0.180508947914361, 0.483741648106904, -0.00111013478090038, 20, 28, 0.614193
0.180508947914361, 0.486859688195991, -0.00111012575142215, 20, 27, 0.591039
0.180508947914361, 0.489977728285078, -0.00111011657533099, 20, 27, 0.591183
0.180508947914361, 0.493095768374165, -0.00111010724804517, 20, 27, 0.591136
0.180508947914361, 0.496213808463252, -0.00111009776841787, 20, 27, 0.591186
0.180508947914361, 0.499331848552339, -0.00111008813531095, 20, 27, 0.591176
0.180508947914361, 0.502449888641425, -0.00111007834759533, 20, 27, 0.591209
0.180508947914361, 0.505567928730512, -0.00111006840102485, 20, 26, 0.567818
0.180508947914361, 0.508685968819599, -0.00111005830111125, 20, 26, 0.567773
0.180508947914361, 0.511804008908686, -0.00111004804321695, 20, 26, 0.568001
0.180508947914361, 0.514922048997773, -0.0011100376262623, 20, 26, 0.570491
0.180508947914361, 0.51804008908686, -0.00111002704916539, 20, 26, 0.570471
0.180508947914361, 0.521158129175947, -0.00111001631086762, 20, 26, 0.571471
0.180508947914361, 0.524276169265034, -0.00111000541031728, 20, 26, 0.57463
0.180508947914361, 0.52739420935412, -0.00110999434341783, 20, 25, 0.548818
0.180508947914361, 0.530512249443207, -0.0011099831156004, 20, 25, 0.547431
0.180508947914361, 0.533630289532294, -0.00110997172240604, 20, 25, 0.547405
0.180508947914361, 0.536748329621381, -0.00110996016283528, 20, 25, 0.54722
0.180508947914361, 0.539866369710468, -0.00110994843590088, 20, 25, 0.548129
0.180508947914361, 0.542984409799555, -0.00110993654062821, 20, 25, 0.554118
0.180508947914361, 0.546102449888642, -0.00110992447605562, 20, 25, 0.547964
0.180508947914361, 0.549220489977728, -0.00110991223803346, 20, 24, 0.525755
0.180508947914361, 0.552338530066815, -0.00110989983237913, 20, 24, 0.523999
0.180508947914361, 0.555456570155902, -0.00110988725458265, 20, 24, 0.524137
0.180508947914361, 0.558574610244989, -0.00110987450374142, 20, 24, 0.524034
0.180508947914361, 0.561692650334076, -0.0011098615789669, 20, 24, 0.52438
0.180508947914361, 0.564810690423163, -0.00110984847938492, 20, 24, 0.524318
0.180508947914361, 0.567928730512249, -0.00110983520413597, 20, 24, 0.524109
0.180508947914361, 0.571046770601336, -0.00110982175237555, 20, 24, 0.523957
0.180508947914361, 0.574164810690423, -0.00110980812005818, 20, 23, 0.500827
0.180508947914361, 0.57728285077951, -0.00110979431314035, 20, 23, 0.500847
0.180508947914361, 0.580400890868597, -0.00110978032723508, 20, 23, 0.50369
0.180508947914361, 0.583518930957684, -0.0011097661615644, 20, 23, 0.500812
0.180508947914361, 0.586636971046771, -0.00110975181536636, 20, 23, 0.500817
0.180508947914361, 0.589755011135857, -0.00110973728789532, 20, 23, 0.500795
0.180508947914361, 0.592873051224944, -0.00110972257842224, 20, 23, 0.500976
0.180508947914361, 0.595991091314031, -0.00110970768623497, 20, 23, 0.500838
0.180508947914361, 0.599109131403118, -0.00110969261063851, 20, 23, 0.500905
0.180508947914361, 0.602227171492205, -0.00110967734781014, 20, 22, 0.477926
0.180508947914361, 0.605345211581292, -0.0011096619036969, 20, 22, 0.4777
0.180508947914361, 0.608463251670379, -0.00110964627416332, 20, 22, 0.47758
0.180508947914361, 0.611581291759466, -0.00110963045858882, 20, 22, 0.477587
0.180508947914361, 0.614699331848552, -0.00110961445637093, 20, 22, 0.477881
0.180508947914361, 0.617817371937639, -0.00110959826692558, 20, 22, 0.477743
0.180508947914361, 0.620935412026726, -0.00110958188968733, 20, 22, 0.477583
0.180508947914361, 0.624053452115813, -0.00110956532410964, 20, 22, 0.477841
0.180508947914361, 0.6271714922049, -0.0011095485696651, 20, 22, 0.477565
0.180508947914361, 0.630289532293987, -0.00110953162584572, 20, 22, 0.477587
0.180508947914361, 0.633407572383074, -0.00110951448912543, 20, 21, 0.454591
0.180508947914361, 0.63652561247216, -0.00110949716540369, 20, 21, 0.454425
0.180508947914361, 0.639643652561247, -0.00110947965087365, 20, 21, 0.454578
0.180508947914361, 0.642761692650334, -0.00110946194511506, 20, 21, 0.457157
0.180508947914361, 0.645879732739421, -0.00110944404771225, 20, 21, 0.457214
0.180508947914361, 0.648997772828508, -0.00110942595828577, 20, 21, 0.457182
0.180508947914361, 0.652115812917595, -0.00110940767647166, 20, 21, 0.457687
0.180508947914361, 0.655233853006682, -0.00110938920192691, 20, 21, 0.457128
0.180508947914361, 0.658351893095768, -0.00110937053432969, 20, 21, 0.457206
0.180508947914361, 0.661469933184855, -0.00110935167337957, 20, 21, 0.457077
0.180508947914361, 0.664587973273942, -0.00110933261555942, 20, 20, 0.43393
0.180508947914361, 0.667706013363029, -0.00110931336738658, 20, 20, 0.433877
0.180508947914361, 0.670824053452116, -0.00110929392506265, 20, 20, 0.433913
0.180508947914361, 0.673942093541203, -0.00110927428837732, 20, 20, 0.434039
0.180508947914361, 0.67706013363029, -0.00110925445714244, 20, 20, 0.433848
0.180508947914361, 0.680178173719376, -0.00110923443119225, 20, 20, 0.433955
0.180508947914361, 0.683296213808463, -0.0011092142103836, 20, 20, 0.434482
0.180508947914361, 0.68641425389755, -0.0011091937945961, 20, 20, 0.435539
0.180508947914361, 0.689532293986637, -0.00110917318373236, 20, 20, 0.435365
0.180508947914361, 0.692650334075724, -0.00110915237771817, 20, 20, 0.434335
0.180508947914361, 0.695768374164811, -0.00110913137650268, 20, 20, 0.434015
0.180508947914361, 0.698886414253898, -0.00110911018005858, 20, 20, 0.434291
0.180508947914361, 0.702004454342984, -0.00110908878520928, 20, 19, 0.410988
0.180508947914361, 0.705122494432071, -0.00110906719859902, 20, 19, 0.411153
0.180508947914361, 0.708240534521158, -0.00110904541679699, 20, 19, 0.410819
0.180508947914361, 0.711358574610245, -0.00110902343987391, 20, 19, 0.41079
0.180508947914361, 0.714476614699332, -0.00110900126792472, 20, 19, 0.411234
0.180508947914361, 0.717594654788419, -0.00110897890106876, 20, 19, 0.410792
0.180508947914361, 0.720712694877506, -0.00110895633944992, 20, 19, 0.423099
0.180508947914361, 0.723830734966592, -0.00110893358323684, 20, 19, 0.410916
0.180508947914361, 0.726948775055679, -0.00110891063262303, 20, 19, 0.412186
0.180508947914361, 0.730066815144766, -0.00110888748782708, 20, 19, 0.41275
0.180508947914361, 0.733184855233853, -0.00110886414909276, 20, 19, 0.410862
0.180508947914361, 0.73630289532294, -0.00110884061668922, 20, 19, 0.411134
0.180508947914361, 0.739420935412027, -0.00110881689091111, 20, 19, 0.410828
0.180508947914361, 0.742538975501114, -0.00110879296886956, 20, 18, 0.38792
0.180508947914361, 0.7456570155902, -0.00110876885759597, 20, 18, 0.387798
0.180508947914361, 0.748775055679287, -0.00110874455396408, 20, 18, 0.387626
0.180508947914361, 0.751893095768374, -0.00110872005837381, 20, 18, 0.387874
0.180508947914361, 0.755011135857461, -0.00110869537125112, 20, 18, 0.387603
0.180508947914361, 0.758129175946548, -0.00110867049304815, 20, 18, 0.387566
0.180508947914361, 0.761247216035635, -0.00110864542424336, 20, 18, 0.388
0.180508947914361, 0.764365256124722, -0.00110862016534167, 20, 18, 0.387639
0.180508947914361, 0.767483296213809, -0.00110859471687457, 20, 18, 0.38792
0.180508947914361, 0.770601336302895, -0.00110856907940028, 20, 18, 0.388747
0.180508947914361, 0.773719376391982, -0.0011085432535038, 20, 18, 0.38872
0.180508947914361, 0.776837416481069, -0.00110851723979713, 20, 18, 0.388372
0.180508947914361, 0.779955456570156, -0.00110849103891929, 20, 18, 0.387759
0.180508947914361, 0.783073496659243, -0.00110846465153647, 20, 18, 0.387891
0.180508947914361, 0.78619153674833, -0.00110843807834217, 20, 18, 0.387651
0.180508947914361, 0.789309576837417, -0.00110841131692473, 20, 17, 0.364476
0.180508947914361, 0.792427616926503, -0.00110838437454426, 20, 17, 0.364745
0.180508947914361, 0.79554565701559, -0.00110835724857805, 20, 17, 0.364609
0.180508947914361, 0.798663697104677, -0.00110832993983119, 20, 17, 0.364413
0.180508947914361, 0.801781737193764, -0.00110830244913645, 20, 17, 0.364716
0.180508947914361, 0.804899777282851, -0.00110827477735435, 20, 17, 0.364438
0.180508947914361, 0.808017817371938, -0.00110824692537324, 20, 17, 0.364438
0.180508947914361, 0.811135857461025, -0.00110821889410941, 20, 17, 0.364871
0.180508947914361, 0.814253897550111, -0.00110819068450716, 20, 17, 0.36447
0.180508947914361, 0.817371937639198, -0.00110816229753891, 20, 17, 0.367319
0.180508947914361, 0.820489977728285, -0.00110813373420526, 20, 17, 0.364572
0.180508947914361, 0.823608017817372, -0.00110810499553507, 20, 17, 0.364635
0.180508947914361, 0.826726057906459, -0.00110807608258555, 20, 17, 0.364776
0.180508947914361, 0.829844097995546, -0.00110804699644231, 20, 17, 0.364615
0.180508947914361, 0.832962138084633, -0.00110801773821944, 20, 17, 0.364464
0.180508947914361, 0.836080178173719, -0.00110798830905958, 20, 17, 0.364726
0.180508947914361, 0.839198218262806, -0.00110795871013397, 20, 17, 0.364479
0.180508947914361, 0.842316258351893, -0.0011079289396038, 20, 16, 0.341294
0.180508947914361, 0.84543429844098, -0.00110789900500104, 20, 16, 0.342115
0.180508947914361, 0.848552338530067, -0.00110786890430172, 20, 16, 0.341272
0.180508947914361, 0.851670378619154, -0.0011078386387933, 20, 16, 0.341538
0.180508947914361, 0.854788418708241, -0.00110780820979204, 20, 16, 0.341282
0.180508947914361, 0.857906458797328, -0.00110777761865, 20, 16, 0.343874
0.180508947914361, 0.861024498886414, -0.00110774686672715, 20, 16, 0.344168
0.180508947914361, 0.864142538975501, -0.00110771595543338, 20, 16, 0.34451
0.180508947914361, 0.867260579064588, -0.00110768488620053, 20, 16, 0.344236
0.180508947914361, 0.870378619153675, -0.00110765366048948, 20, 16, 0.343808
0.180508947914361, 0.873496659242762, -0.00110762227979012, 20, 16, 0.34383
0.180508947914361, 0.876614699331849, -0.00110759074562144, 20, 16, 0.344179
0.180508947914361, 0.879732739420936, -0.00110755905953151, 20, 16, 0.343978
0.180508947914361, 0.882850779510022, -0.00110752722309755, 20, 16, 0.34397
0.180508947914361, 0.885968819599109, -0.00110749523792592, 20, 16, 0.344229
0.180508947914361, 0.889086859688196, -0.00110746310565217, 20, 16, 0.343837
0.180508947914361, 0.892204899777283, -0.00110743082794104, 20, 16, 0.343845
0.180508947914361, 0.89532293986637, -0.00110739840648647, 20, 16, 0.343848
0.180508947914361, 0.898440979955457, -0.00110736584301161, 20, 16, 0.343881
0.180508947914361, 0.901559020044544, -0.00110733313625194, 20, 15, 0.320864
0.180508947914361, 0.90467706013363, -0.00110730029423378, 20, 15, 0.320668
0.180508947914361, 0.907795100222717, -0.00110726731552555, 20, 15, 0.320639
0.180508947914361, 0.910913140311804, -0.0011072342019684, 20, 15, 0.33801
0.180508947914361, 0.914031180400891, -0.00110720095543263, 20, 15, 0.321232
0.180508947914361, 0.917149220489978, -0.00110716757781772, 20, 15, 0.366115
0.180508947914361, 0.920267260579065, -0.00110713407105231, 20, 15, 0.369507
0.180508947914361, 0.923385300668152, -0.00110710043709421, 20, 15, 0.338457
0.180508947914361, 0.926503340757238, -0.0011070666779304, 20, 15, 0.367484
0.180508947914361, 0.929621380846325, -0.00110703279557697, 20, 15, 0.350169
0.180508947914361, 0.932739420935412, -0.00110699879207918, 20, 15, 0.346615
0.180508947914361, 0.935857461024499, -0.00110696466951138, 20, 15, 0.336789
0.180508947914361, 0.938975501113586, -0.00110693042997703, 20, 15, 0.341261
0.180508947914361, 0.942093541202673, -0.00110689607560866, 20, 15, 0.326516
0.180508947914361, 0.945211581291759, -0.00110686160856784, 20, 15, 0.321088
0.180508947914361, 0.948329621380847, -0.00110682703104518, 20, 15, 0.320629
0.180508947914361, 0.951447661469933, -0.00110679234526026, 20, 15, 0.320614
0.180508947914361, 0.95456570155902, -0.00110675755346164, 20, 15, 0.320583
0.180508947914361, 0.957683741648107, -0.0011067226579268, 20, 15, 0.320712
0.180508947914361, 0.960801781737194, -0.00110668766096209, 20, 15, 0.320588
0.180508947914361, 0.963919821826281, -0.00110665256490273, 20, 15, 0.321273
0.180508947914361, 0.967037861915368, -0.00110661737211274, 20, 15, 0.320589
0.180508947914361, 0.970155902004454, -0.00110658208498487, 20, 15, 0.320576
0.180508947914361, 0.973273942093541, -0.00110654670318252, 20, 14, 0.297399
0.180508947914361, 0.976391982182628, -0.00110651123485243, 20, 14, 0.297572
0.180508947914361, 0.979510022271715, -0.00110647567952307, 20, 14, 0.297445
0.180508947914361, 0.982628062360802, -0.00110644003970252, 20, 14, 0.355235
0.180508947914361, 0.985746102449889, -0.0011064043179273, 20, 14, 0.31434
0.180508947914361, 0.988864142538975, -0.00110636851676229, 20, 14, 0.298437
0.180508947914361, 0.991982182628063, -0.00110633263880073, 20, 14, 0.297569
0.180508947914361, 0.995100222717149, -0.00110629668666411, 20, 14, 0.298205
0.180508947914361, 0.998218262806236, -0.00110626066300213, 20, 14, 0.309793
0.180508947914361, 1.00133630289532, -0.00110622457049263, 20, 14, 0.308582
0.180508947914361, 1.00445434298441, -0.00110618841184151, 20, 14, 0.339696
0.180508947914361, 1.0075723830735, -0.00110615218978266, 20, 14, 0.308775
0.180508947914361, 1.01069042316258, -0.00110611590707789, 20, 14, 0.302431
0.180508947914361, 1.01380846325167, -0.00110607956651687, 20, 14, 0.327628
0.180508947914361, 1.01692650334076, -0.00110604317091702, 20, 14, 0.302672
0.180508947914361, 1.02004454342984, -0.00110600672312345, 20, 14, 0.315928
0.180508947914361, 1.02316258351893, -0.00110597022600886, 20, 14, 0.297544
0.180508947914361, 1.02628062360802, -0.00110593368247348, 20, 14, 0.304953
0.180508947914361, 1.0293986636971, -0.00110589709544495, 20, 14, 0.29825
0.180508947914361, 1.03251670378619, -0.00110586046787825, 20, 14, 0.297557
0.180508947914361, 1.03563474387528, -0.00110582380275562, 20, 14, 0.297615
0.180508947914361, 1.03875278396437, -0.00110578710308643, 20, 14, 0.310649
0.180508947914361, 1.04187082405345, -0.00110575037190709, 20, 14, 0.329685
0.180508947914361, 1.04498886414254, -0.001105713612281, 20, 14, 0.321755
0.180508947914361, 1.04810690423163, -0.00110567682729836, 20, 14, 0.338013
0.180508947914361, 1.05122494432071, -0.00110564002007617, 20, 14, 0.331668
0.180508947914361, 1.0543429844098, -0.00110560319113665, 20, 13, 0.282614
0.180508947914361, 1.05746102449889, -0.00110556634905237, 20, 13, 0.274354
0.180508947914361, 1.06057906458797, -0.00110552949422918, 20, 13, 0.291593
0.180508947914361, 1.06369710467706, -0.00110549262989055, 20, 13, 0.278561
0.180508947914361, 1.06681514476615, -0.00110545575928613, 20, 13, 0.279436
0.180508947914361, 1.06993318485523, -0.0011054188856916, 20, 13, 0.27799
0.180508947914361, 1.07305122494432, -0.00110538201240859, 20, 13, 0.277978
0.180508947914361, 1.07616926503341, -0.00110534514276454, 20, 13, 0.278364
0.180508947914361, 1.07928730512249, -0.00110530828011259, 20, 13, 0.274775
0.180508947914361, 1.08240534521158, -0.00110527142783146, 20, 13, 0.285018
0.180508947914361, 1.08552338530067, -0.0011052345893253, 20, 13, 0.274351
0.180508947914361, 1.08864142538976, -0.00110519776802363, 20, 13, 0.278021
0.180508947914361, 1.09175946547884, -0.00110516096738111, 20, 13, 0.274306
0.180508947914361, 1.09487750556793, -0.00110512419087753, 20, 13, 0.286352
0.180508947914361, 1.09799554565702, -0.00110508744201758, 20, 13, 0.281411
0.180508947914361, 1.1011135857461, -0.00110505072433075, 20, 13, 0.274254
0.180508947914361, 1.10423162583519, -0.00110501404137122, 20, 13, 0.282613
0.180508947914361, 1.10734966592428, -0.0011049773967177, 20, 13, 0.292348
0.180508947914361, 1.11046770601336, -0.00110494079397327, 20, 13, 0.27436
0.180508947914361, 1.11358574610245, -0.0011049042367653, 20, 13, 0.274481
0.180508947914361, 1.11670378619154, -0.00110486772874522, 20, 13, 0.300434
0.180508947914361, 1.11982182628062, -0.00110483127358848, 20, 13, 0.277345
0.180508947914361, 1.12293986636971, -0.00110479487499431, 20, 13, 0.274525
0.180508947914361, 1.1260579064588, -0.00110475853668563, 20, 13, 0.274249
0.180508947914361, 1.12917594654788, -0.00110472226240887, 20, 13, 0.274284
0.180508947914361, 1.13229398663697, -0.00110468605593386, 20, 13, 0.274296
0.180508947914361, 1.13541202672606, -0.00110464992105362, 20, 13, 0.275193
0.180508947914361, 1.13853006681514, -0.00110461386158425, 20, 13, 0.274671
0.180508947914361, 1.14164810690423, -0.00110457788136475, 20, 13, 0.281188
0.180508947914361, 1.14476614699332, -0.0011045419842569, 20, 13, 0.281799
0.180508947914361, 1.14788418708241, -0.00110450617158993, 20, 12, 0.251154
0.180508947914361, 1.15100222717149, -0.00110447045252487, 20, 12, 0.251872
0.180508947914361, 1.15412026726058, -0.00110443482828356, 20, 12, 0.260749
0.180508947914361, 1.15723830734967, -0.00110439930281762, 20, 12, 0.260964
0.180508947914361, 1.16035634743875, -0.00110436388010058, 20, 12, 0.251054
0.180508947914361, 1.16347438752784, -0.00110432856412774, 20, 12, 0.257899
0.180508947914361, 1.16659242761693, -0.00110429335891599, 20, 12, 0.251062
0.180508947914361, 1.16971046770601, -0.00110425826850362, 20, 12, 0.258068
0.180508947914361, 1.1728285077951, -0.00110422329695019, 20, 12, 0.257929
0.180508947914361, 1.17594654788419, -0.00110418844833633, 20, 12, 0.251024
0.180508947914361, 1.17906458797327, -0.00110415372676359, 20, 12, 0.251078
0.180508947914361, 1.18218262806236, -0.00110411913635423, 20, 12, 0.258032
0.180508947914361, 1.18530066815145, -0.00110408468125109, 20, 12, 0.251196
0.180508947914361, 1.18841870824053, -0.0011040503656174, 20, 12, 0.251333
0.180508947914361, 1.19153674832962, -0.00110401619363658, 20, 12, 0.251187
0.180508947914361, 1.19465478841871, -0.00110398216951208, 20, 12, 0.251027
0.180508947914361, 1.1977728285078, -0.00110394829746721, 20, 12, 0.251024
0.180508947914361, 1.20089086859688, -0.00110391458174494, 20, 12, 0.251011
0.180508947914361, 1.20400890868597, -0.00110388102660771, 20, 12, 0.251024
0.180508947914361, 1.20712694877506, -0.0011038476363373, 20, 12, 0.250986
0.180508947914361, 1.21024498886414, -0.00110381441523457, 20, 12, 0.250975
0.180508947914361, 1.21336302895323, -0.00110378136761932, 20, 12, 0.250977
0.180508947914361, 1.21648106904232, -0.00110374849783011, 20, 12, 0.251142
0.180508947914361, 1.2195991091314, -0.00110371581022404, 20, 12, 0.250996
0.180508947914361, 1.22271714922049, -0.00110368330917657, 20, 12, 0.251008
0.180508947914361, 1.22583518930958, -0.00110365099908137, 20, 12, 0.250987
0.180508947914361, 1.22895322939866, -0.00110361888435005, 20, 12, 0.250993
0.180508947914361, 1.23207126948775, -0.00110358696941206, 20, 12, 0.251022
0.180508947914361, 1.23518930957684, -0.00110355525871441, 20, 12, 0.251019
0.180508947914361, 1.23830734966592, -0.00110352375672155, 20, 12, 0.25103
0.180508947914361, 1.24142538975501, -0.00110349246791512, 20, 12, 0.251156
0.180508947914361, 1.2445434298441, -0.00110346139679378, 20, 12, 0.251036
0.180508947914361, 1.24766146993318, -0.00110343054787302, 20, 12, 0.251033
0.180508947914361, 1.25077951002227, -0.00110339992568492, 20, 12, 0.251217
0.180508947914361, 1.25389755011136, -0.00110336953477803, 20, 12, 0.251032
0.180508947914361, 1.25701559020045, -0.00110333937971707, 20, 12, 0.251089
0.180508947914361, 1.26013363028953, -0.00110330946508283, 20, 12, 0.251053
0.180508947914361, 1.26325167037862, -0.00110327979316204, 20, 11, 0.227848
0.180508947914361, 1.26636971046771, -0.00110325037330633, 20, 11, 0.228144
0.180508947914361, 1.26948775055679, -0.00110322120770757, 20, 11, 0.227808
0.180508947914361, 1.27260579064588, -0.00110319230100893, 20, 11, 0.227902
0.180508947914361, 1.27572383073497, -0.00110316365786856, 20, 11, 0.227812
0.180508947914361, 1.27884187082405, -0.00110313528295939, 20, 11, 0.227866
0.180508947914361, 1.28195991091314, -0.00110310718096897, 20, 11, 0.227857
0.180508947914361, 1.28507795100223, -0.00110307935660969, 20, 11, 0.230662
0.180508947914361, 1.28819599109131, -0.00110305181457662, 20, 11, 0.230522
0.180508947914361, 1.2913140311804, -0.00110302455961034, 20, 11, 0.230509
0.180508947914361, 1.29443207126949, -0.00110299759645464, 20, 11, 0.230523
0.180508947914361, 1.29755011135857, -0.00110297092986689, 20, 11, 0.230501
0.180508947914361, 1.30066815144766, -0.00110294456461779, 20, 11, 0.230496
0.180508947914361, 1.30378619153675, -0.00110291850549118, 20, 11, 0.231024
0.180508947914361, 1.30690423162584, -0.00110289275728383, 20, 11, 0.230526
0.180508947914361, 1.31002227171492, -0.00110286732480521, 20, 11, 0.230538
0.180508947914361, 1.31314031180401, -0.00110284221287731, 20, 11, 0.230588
0.180508947914361, 1.3162583518931, -0.0011028174263344, 20, 11, 0.231063
0.180508947914361, 1.31937639198218, -0.00110279297002286, 20, 11, 0.242562
0.180508947914361, 1.32249443207127, -0.00110276884880091, 20, 11, 0.231526
0.180508947914361, 1.32561247216036, -0.00110274506753843, 20, 11, 0.234206
0.180508947914361, 1.32873051224944, -0.00110272163111677, 20, 11, 0.240202
0.180508947914361, 1.33184855233853, -0.00110269854442849, 20, 11, 0.237471
0.180508947914361, 1.33496659242762, -0.00110267581237717, 20, 11, 0.23202
0.180508947914361, 1.3380846325167, -0.0011026534398772, 20, 11, 0.23057
0.180508947914361, 1.34120267260579, -0.00110263143185357, 20, 11, 0.230685
0.180508947914361, 1.34432071269488, -0.00110260979324164, 20, 11, 0.231311
0.180508947914361, 1.34743875278396, -0.00110258852898692, 20, 11, 0.231021
0.180508947914361, 1.35055679287305, -0.00110256764404488, 20, 11, 0.231031
0.180508947914361, 1.35367483296214, -0.00110254714338072, 20, 11, 0.230868
0.180508947914361, 1.35679287305122, -0.00110252703196916, 20, 11, 0.230572
0.180508947914361, 1.35991091314031, -0.0011025073147942, 20, 11, 0.230552
0.180508947914361, 1.3630289532294, -0.00110248799684897, 20, 11, 0.23057
0.180508947914361, 1.36614699331849, -0.00110246908313541, 20, 11, 0.230651
0.180508947914361, 1.36926503340757, -0.00110245057866416, 20, 11, 0.238302
0.180508947914361, 1.37238307349666, -0.00110243248845428, 20, 11, 0.234876
0.180508947914361, 1.37550111358575, -0.00110241481753306, 20, 11, 0.234735
0.180508947914361, 1.37861915367483, -0.00110239757093577, 20, 11, 0.247397
0.180508947914361, 1.38173719376392, -0.0011023807537055, 20, 11, 0.243993
0.180508947914361, 1.38485523385301, -0.00110236437089288, 20, 11, 0.247789
0.180508947914361, 1.38797327394209, -0.00110234842755593, 20, 11, 0.248593
0.180508947914361, 1.39109131403118, -0.00110233292875977, 20, 11, 0.230517
0.180508947914361, 1.39420935412027, -0.00110231787957647, 20, 11, 0.23055
0.180508947914361, 1.39732739420935, -0.0011023032850848, 20, 11, 0.230545
0.180508947914361, 1.40044543429844, -0.00110228915037001, 20, 11, 0.230749
0.180508947914361, 1.40356347438753, -0.00110227547847858, 20, 10, 0.207362
0.180508947914361, 1.40668151447661, -0.00110226227869484, 20, 10, 0.207308
0.180508947914361, 1.4097995545657, -0.00110224955397597, 20, 10, 0.207336
0.180508947914361, 1.41291759465479, -0.00110223730943122, 20, 10, 0.207316
0.180508947914361, 1.41603563474388, -0.00110222555017525, 20, 10, 0.207873
0.180508947914361, 1.41915367483296, -0.00110221428132791, 20, 10, 0.209716
0.180508947914361, 1.42227171492205, -0.00110220350801401, 20, 10, 0.207548
0.180508947914361, 1.42538975501114, -0.00110219323536309, 20, 10, 0.207286
0.180508947914361, 1.42850779510022, -0.00110218346850927, 20, 10, 0.208199
0.180508947914361, 1.43162583518931, -0.00110217421259096, 20, 10, 0.207642
0.180508947914361, 1.4347438752784, -0.00110216547275068, 20, 10, 0.207257
0.180508947914361, 1.43786191536748, -0.00110215725413485, 20, 10, 0.207631
0.180508947914361, 1.44097995545657, -0.00110214956189357, 20, 10, 0.207282
0.180508947914361, 1.44409799554566, -0.0011021424011804, 20, 10, 0.207307
0.180508947914361, 1.44721603563474, -0.00110213577715216, 20, 10, 0.207296
0.180508947914361, 1.45033407572383, -0.00110212969496869, 20, 10, 0.207337
0.180508947914361, 1.45345211581292, -0.00110212415979268, 20, 10, 0.207737
0.180508947914361, 1.456570155902, -0.0011021191767894, 20, 10, 0.222469
0.180508947914361, 1.45968819599109, -0.00110211475112656, 20, 10, 0.210273
0.180508947914361, 1.46280623608018, -0.00110211088797401, 20, 10, 0.244568
0.180508947914361, 1.46592427616927, -0.00110210759250362, 20, 10, 0.207318
0.180508947914361, 1.46904231625835, -0.00110210486988901, 20, 10, 0.207994
0.180508947914361, 1.47216035634744, -0.00110210272530533, 20, 10, 0.207803
0.180508947914361, 1.47527839643653, -0.00110210116392911, 20, 10, 0.211193
0.180508947914361, 1.47839643652561, -0.00110210019093798, 20, 10, 0.220089
0.180508947914361, 1.4815144766147, -0.00110209981151053, 20, 10, 0.207534
0.180508947914361, 1.48463251670379, -0.00110210003082602, 20, 10, 0.215314
0.180508947914361, 1.48775055679287, -0.00110210085406426, 20, 10, 0.223679
0.180508947914361, 1.49086859688196, -0.00110210228640533, 20, 10, 0.211682
0.180508947914361, 1.49398663697105, -0.0011021043330294, 20, 10, 0.20754
0.180508947914361, 1.49710467706013, -0.00110210699911653, 20, 10, 0.207385
0.180508947914361, 1.50022271714922, -0.00110211028984646, 20, 10, 0.225032
0.180508947914361, 1.50334075723831, -0.00110211421039838, 20, 10, 0.231288
0.180508947914361, 1.50645879732739, -0.00110211876595077, 20, 10, 0.230318
0.180508947914361, 1.50957683741648, -0.00110212396168116, 20, 10, 0.207752
0.180508947914361, 1.51269487750557, -0.0011021298027659, 20, 10, 0.207351
0.180508947914361, 1.51581291759465, -0.00110213629438005, 20, 10, 0.21139
0.180508947914361, 1.51893095768374, -0.00110214344169706, 20, 10, 0.207795
0.180508947914361, 1.52204899777283, -0.00110215124988868, 20, 10, 0.20735
0.180508947914361, 1.52516703786192, -0.00110215972412464, 20, 10, 0.20736
0.180508947914361, 1.528285077951, -0.00110216886957256, 20, 10, 0.207365
0.180508947914361, 1.53140311804009, -0.00110217869139767, 20, 10, 0.207362
0.180508947914361, 1.53452115812918, -0.00110218919476266, 20, 10, 0.20735
0.180508947914361, 1.53763919821826, -0.00110220038482745, 20, 10, 0.207359
0.180508947914361, 1.54075723830735, -0.001102212266749, 20, 10, 0.207361
0.180508947914361, 1.54387527839644, -0.00110222484568112, 20, 10, 0.21148
0.180508947914361, 1.54699331848552, -0.00110223812677425, 20, 10, 0.223604
0.180508947914361, 1.55011135857461, -0.00110225211517529, 20, 10, 0.211087
0.180508947914361, 1.5532293986637, -0.0011022668160274, 20, 10, 0.232014
0.180508947914361, 1.55634743875278, -0.0011022822344698, 20, 10, 0.224856
0.180508947914361, 1.55946547884187, -0.00110229837563754, 20, 10, 0.214638
0.180508947914361, 1.56258351893096, -0.00110231524466138, 20, 10, 0.207445
0.180508947914361, 1.56570155902004, -0.00110233284666753, 20, 10, 0.207343
0.180508947914361, 1.56881959910913, -0.0011023511867775, 20, 10, 0.214244
0.180508947914361, 1.57193763919822, -0.00110237027010789, 20, 10, 0.207849
0.180508947914361, 1.57505567928731, -0.00110239010177021, 20, 10, 0.225698
0.180508947914361, 1.57817371937639, -0.00110241068512003, 20, 9, 0.18893
0.180508947914361, 1.58129175946548, -0.00110243202883405, 20, 9, 0.191163
0.180508947914361, 1.58440979955457, -0.00110245413617883, 20, 9, 0.184211
0.180508947914361, 1.58752783964365, -0.00110247701224374, 20, 9, 0.191115
0.180508947914361, 1.59064587973274, -0.00110250066211209, 20, 9, 0.191106
0.180508947914361, 1.59376391982183, -0.00110252509086098, 20, 9, 0.184762
0.180508947914361, 1.59688195991091, -0.00110255030356107, 20, 9, 0.184644
0.180508947914361, 1.6, -0.00110257630527644, 20, 9, 0.184012
# finished at Tue Apr 29 20:41:37 CEST 2014
