# starting on alcc59 at Wed Apr 30 01:53:11 CEST 2014
# casimir, -T, 0.200000,1.600000,450, -Q, 0.322314427266887, -p, 1e-08, -L, 20
# Compiler icc, using long double and plain matrix elements and plain integration
# precision=1e-08
# lfac=5
# cores=1
# L=0.322314
# T=0.2...1.6 (450)
#
# R/(L+R), T, F, lmax, nmax, time
0.322314427266887, 0.2, -0.00723871168459817, 20, 74, 2.06297
0.322314427266887, 0.203118040089087, -0.00723870734650457, 20, 73, 2.01101
0.322314427266887, 0.206236080178174, -0.00723870280841631, 20, 72, 1.97605
0.322314427266887, 0.209354120267261, -0.00723869806458726, 20, 71, 1.88007
0.322314427266887, 0.212472160356347, -0.00723869310919457, 20, 70, 1.84403
0.322314427266887, 0.215590200445434, -0.0072386879363393, 20, 69, 1.82355
0.322314427266887, 0.218708240534521, -0.00723868254004942, 20, 68, 1.84324
0.322314427266887, 0.221826280623608, -0.00723867691427946, 20, 67, 1.94747
0.322314427266887, 0.224944320712695, -0.0072386710529127, 20, 66, 1.74987
0.322314427266887, 0.228062360801782, -0.00723866494975978, 20, 65, 1.7163
0.322314427266887, 0.231180400890869, -0.00723865861395309, 20, 65, 1.7207
0.322314427266887, 0.234298440979955, -0.00723865200932782, 20, 64, 1.6749
0.322314427266887, 0.237416481069042, -0.00723864514411485, 20, 63, 1.68771
0.322314427266887, 0.240534521158129, -0.00723863801186246, 20, 62, 1.62227
0.322314427266887, 0.243652561247216, -0.00723863060604566, 20, 61, 1.60141
0.322314427266887, 0.246770601336303, -0.0072386229362609, 20, 61, 1.59425
0.322314427266887, 0.24988864142539, -0.0072386149650902, 20, 60, 1.58511
0.322314427266887, 0.253006681514477, -0.00723860670093477, 20, 59, 1.62899
0.322314427266887, 0.256124721603563, -0.00723859813642515, 20, 58, 1.56256
0.322314427266887, 0.25924276169265, -0.007238589282681, 20, 58, 1.57578
0.322314427266887, 0.262360801781737, -0.00723858009970722, 20, 57, 1.55605
0.322314427266887, 0.265478841870824, -0.00723857059626254, 20, 56, 1.52033
0.322314427266887, 0.268596881959911, -0.0072385607837147, 20, 56, 1.51961
0.322314427266887, 0.271714922048998, -0.00723855062091044, 20, 55, 1.44492
0.322314427266887, 0.274832962138085, -0.0072385401339423, 20, 55, 1.44529
0.322314427266887, 0.277951002227172, -0.00723852928405899, 20, 54, 1.4161
0.322314427266887, 0.281069042316258, -0.00723851807878368, 20, 53, 1.38787
0.322314427266887, 0.284187082405345, -0.00723850653009581, 20, 53, 1.38402
0.322314427266887, 0.287305122494432, -0.00723849459549407, 20, 52, 1.35646
0.322314427266887, 0.290423162583519, -0.00723848230271804, 20, 52, 1.35648
0.322314427266887, 0.293541202672606, -0.00723846961025013, 20, 51, 1.33125
0.322314427266887, 0.296659242761693, -0.00723845654498865, 20, 51, 1.33101
0.322314427266887, 0.29977728285078, -0.00723844306582279, 20, 50, 1.30354
0.322314427266887, 0.302895322939866, -0.00723842919938451, 20, 50, 1.30739
0.322314427266887, 0.306013363028953, -0.00723841490441553, 20, 49, 1.28608
0.322314427266887, 0.30913140311804, -0.00723840020784489, 20, 49, 1.28152
0.322314427266887, 0.312249443207127, -0.00723838506770752, 20, 48, 1.25428
0.322314427266887, 0.315367483296214, -0.00723836951181337, 20, 48, 1.25015
0.322314427266887, 0.318485523385301, -0.007238353496898, 20, 47, 1.22644
0.322314427266887, 0.321603563474388, -0.0072383370522816, 20, 47, 1.22894
0.322314427266887, 0.324721603563474, -0.00723832013274335, 20, 46, 1.21315
0.322314427266887, 0.327839643652561, -0.00723830276982636, 20, 46, 1.19679
0.322314427266887, 0.330957683741648, -0.00723828493491606, 20, 46, 1.19985
0.322314427266887, 0.334075723830735, -0.00723826660464837, 20, 45, 1.1716
0.322314427266887, 0.337193763919822, -0.00723824780667615, 20, 45, 1.17168
0.322314427266887, 0.340311804008909, -0.00723822849660308, 20, 44, 1.14413
0.322314427266887, 0.343429844097996, -0.00723820870562949, 20, 44, 1.14394
0.322314427266887, 0.346547884187082, -0.0072381884052327, 20, 44, 1.14889
0.322314427266887, 0.349665924276169, -0.00723816757123511, 20, 43, 1.12225
0.322314427266887, 0.352783964365256, -0.00723814623260183, 20, 43, 1.11848
0.322314427266887, 0.355902004454343, -0.00723812434268956, 20, 42, 1.09326
0.322314427266887, 0.35902004454343, -0.00723810193568545, 20, 42, 1.09293
0.322314427266887, 0.362138084632517, -0.00723807898142164, 20, 42, 1.09571
0.322314427266887, 0.365256124721604, -0.00723805545342809, 20, 41, 1.06707
0.322314427266887, 0.36837416481069, -0.00723803138532542, 20, 41, 1.06918
0.322314427266887, 0.371492204899777, -0.00723800674725747, 20, 41, 1.06988
0.322314427266887, 0.374610244988864, -0.00723798151247481, 20, 40, 1.04016
0.322314427266887, 0.377728285077951, -0.00723795571506396, 20, 40, 1.04354
0.322314427266887, 0.380846325167038, -0.00723792932494592, 20, 40, 1.03917
0.322314427266887, 0.383964365256125, -0.00723790231461845, 20, 39, 1.0118
0.322314427266887, 0.387082405345212, -0.00723787471970347, 20, 39, 1.01191
0.322314427266887, 0.390200445434298, -0.00723784650934551, 20, 39, 1.01669
0.322314427266887, 0.393318485523385, -0.00723781767613544, 20, 39, 1.01238
0.322314427266887, 0.396436525612472, -0.00723778819428461, 20, 38, 0.986939
0.322314427266887, 0.399554565701559, -0.00723775809567909, 20, 38, 0.987992
0.322314427266887, 0.402672605790646, -0.00723772735156143, 20, 38, 0.98716
0.322314427266887, 0.405790645879733, -0.00723769593442324, 20, 37, 0.980003
0.322314427266887, 0.40890868596882, -0.00723766387987489, 20, 37, 0.963131
0.322314427266887, 0.412026726057906, -0.00723763115725759, 20, 37, 0.965241
0.322314427266887, 0.415144766146993, -0.00723759775923174, 20, 37, 0.961019
0.322314427266887, 0.41826280623608, -0.00723756365889544, 20, 36, 0.935585
0.322314427266887, 0.421380846325167, -0.00723752889066457, 20, 36, 0.935004
0.322314427266887, 0.424498886414254, -0.00723749342467597, 20, 36, 0.936496
0.322314427266887, 0.427616926503341, -0.00723745725366224, 20, 36, 0.932944
0.322314427266887, 0.430734966592428, -0.00723742035070791, 20, 35, 0.905419
0.322314427266887, 0.433853006681514, -0.00723738275044805, 20, 35, 0.905565
0.322314427266887, 0.436971046770601, -0.0072373444230945, 20, 35, 0.906231
0.322314427266887, 0.440089086859688, -0.00723730536147928, 20, 35, 0.906732
0.322314427266887, 0.443207126948775, -0.00723726553804306, 20, 34, 0.885681
0.322314427266887, 0.446325167037862, -0.00723722498906793, 20, 34, 0.879901
0.322314427266887, 0.449443207126949, -0.00723718368411422, 20, 34, 0.882473
0.322314427266887, 0.452561247216036, -0.00723714161614254, 20, 34, 0.8817
0.322314427266887, 0.455679287305123, -0.00723709875623957, 20, 33, 0.855898
0.322314427266887, 0.458797327394209, -0.00723705514391884, 20, 33, 0.853787
0.322314427266887, 0.461915367483296, -0.00723701074728376, 20, 33, 0.852247
0.322314427266887, 0.465033407572383, -0.00723696555945011, 20, 33, 0.855484
0.322314427266887, 0.46815144766147, -0.00723691957356286, 20, 33, 0.858062
0.322314427266887, 0.471269487750557, -0.00723687276143683, 20, 32, 0.827636
0.322314427266887, 0.474387527839644, -0.00723682516158423, 20, 32, 0.828541
0.322314427266887, 0.477505567928731, -0.00723677674302135, 20, 32, 0.82706
0.322314427266887, 0.480623608017817, -0.00723672749908163, 20, 32, 0.828977
0.322314427266887, 0.483741648106904, -0.00723667742313824, 20, 32, 0.826988
0.322314427266887, 0.486859688195991, -0.00723662648689018, 20, 31, 0.798307
0.322314427266887, 0.489977728285078, -0.00723657472976383, 20, 31, 0.807792
0.322314427266887, 0.493095768374165, -0.00723652212072453, 20, 31, 0.80527
0.322314427266887, 0.496213808463252, -0.00723646865336495, 20, 31, 0.797993
0.322314427266887, 0.499331848552339, -0.00723641432132648, 20, 31, 0.800068
0.322314427266887, 0.502449888641425, -0.00723635909530157, 20, 30, 0.7725
0.322314427266887, 0.505567928730512, -0.0072363030182183, 20, 30, 0.774737
0.322314427266887, 0.508685968819599, -0.00723624605681875, 20, 30, 0.775066
0.322314427266887, 0.511804008908686, -0.00723618820557658, 20, 30, 0.774703
0.322314427266887, 0.514922048997773, -0.00723612945843993, 20, 30, 0.774842
0.322314427266887, 0.51804008908686, -0.00723606980941568, 20, 30, 0.774682
0.322314427266887, 0.521158129175947, -0.00723600922997237, 20, 29, 0.748213
0.322314427266887, 0.524276169265034, -0.00723594776191518, 20, 29, 0.750753
0.322314427266887, 0.52739420935412, -0.00723588537409636, 20, 29, 0.751182
0.322314427266887, 0.530512249443207, -0.00723582206080966, 20, 29, 0.747134
0.322314427266887, 0.533630289532294, -0.00723575781641509, 20, 29, 0.747215
0.322314427266887, 0.536748329621381, -0.00723569263534171, 20, 29, 0.749207
0.322314427266887, 0.539866369710468, -0.00723562648876124, 20, 28, 0.721745
0.322314427266887, 0.542984409799555, -0.00723555942037034, 20, 28, 0.721655
0.322314427266887, 0.546102449888642, -0.0072354913987568, 20, 28, 0.721609
0.322314427266887, 0.549220489977728, -0.00723542241867133, 20, 28, 0.726012
0.322314427266887, 0.552338530066815, -0.00723535247494018, 20, 28, 0.722844
0.322314427266887, 0.555456570155902, -0.00723528156246724, 20, 28, 0.721522
0.322314427266887, 0.558574610244989, -0.00723520967623606, 20, 28, 0.721574
0.322314427266887, 0.561692650334076, -0.00723513678860771, 20, 27, 0.697797
0.322314427266887, 0.564810690423163, -0.00723506294246326, 20, 27, 0.693995
0.322314427266887, 0.567928730512249, -0.0072349881077708, 20, 27, 0.694094
0.322314427266887, 0.571046770601336, -0.00723491227987533, 20, 27, 0.693965
0.322314427266887, 0.574164810690423, -0.00723483545420807, 20, 27, 0.694849
0.322314427266887, 0.57728285077951, -0.0072347576262884, 20, 27, 0.704951
0.322314427266887, 0.580400890868597, -0.00723467879172575, 20, 27, 0.705904
0.322314427266887, 0.583518930957684, -0.00723459892281898, 20, 26, 0.668674
0.322314427266887, 0.586636971046771, -0.0072345180644791, 20, 26, 0.668426
0.322314427266887, 0.589755011135857, -0.0072344361866542, 20, 26, 0.668517
0.322314427266887, 0.592873051224944, -0.00723435328535332, 20, 26, 0.668465
0.322314427266887, 0.595991091314031, -0.00723426935668165, 20, 26, 0.668533
0.322314427266887, 0.599109131403118, -0.0072341843968424, 20, 26, 0.668507
0.322314427266887, 0.602227171492205, -0.00723409840213842, 20, 26, 0.672127
0.322314427266887, 0.605345211581292, -0.00723401136897393, 20, 26, 0.66849
0.322314427266887, 0.608463251670379, -0.0072339232707372, 20, 25, 0.640828
0.322314427266887, 0.611581291759466, -0.00723383415247815, 20, 25, 0.640779
0.322314427266887, 0.614699331848552, -0.00723374398538625, 20, 25, 0.641898
0.322314427266887, 0.617817371937639, -0.00723365276630647, 20, 25, 0.64124
0.322314427266887, 0.620935412026726, -0.00723356049219096, 20, 25, 0.640892
0.322314427266887, 0.624053452115813, -0.00723346716010057, 20, 25, 0.640848
0.322314427266887, 0.6271714922049, -0.00723337276720642, 20, 25, 0.640856
0.322314427266887, 0.630289532293987, -0.00723327731079147, 20, 25, 0.64095
0.322314427266887, 0.633407572383074, -0.00723318076386507, 20, 24, 0.613075
0.322314427266887, 0.63652561247216, -0.00723308317494501, 20, 24, 0.615762
0.322314427266887, 0.639643652561247, -0.0072329845148339, 20, 24, 0.616391
0.322314427266887, 0.642761692650334, -0.00723288478129534, 20, 24, 0.615658
0.322314427266887, 0.645879732739421, -0.00723278397220954, 20, 24, 0.618988
0.322314427266887, 0.648997772828508, -0.0072326820855753, 20, 24, 0.620113
0.322314427266887, 0.652115812917595, -0.00723257911951145, 20, 24, 0.621417
0.322314427266887, 0.655233853006682, -0.00723247507225826, 20, 24, 0.616049
0.322314427266887, 0.658351893095768, -0.00723236994217876, 20, 24, 0.61633
0.322314427266887, 0.661469933184855, -0.00723226372776007, 20, 24, 0.615378
0.322314427266887, 0.664587973273942, -0.00723215640476008, 20, 23, 0.588245
0.322314427266887, 0.667706013363029, -0.00723204801963696, 20, 23, 0.606216
0.322314427266887, 0.670824053452116, -0.00723193854621711, 20, 23, 0.597567
0.322314427266887, 0.673942093541203, -0.00723182798351204, 20, 23, 0.630673
0.322314427266887, 0.67706013363029, -0.0072317163306622, 20, 23, 0.611708
0.322314427266887, 0.680178173719376, -0.00723160358693818, 20, 23, 0.632578
0.322314427266887, 0.683296213808463, -0.00723148975174207, 20, 23, 0.607631
0.322314427266887, 0.68641425389755, -0.00723137482460857, 20, 23, 0.623927
0.322314427266887, 0.689532293986637, -0.00723125880520618, 20, 23, 0.591302
0.322314427266887, 0.692650334075724, -0.00723114169333842, 20, 23, 0.606194
0.322314427266887, 0.695768374164811, -0.00723102346569812, 20, 22, 0.560078
0.322314427266887, 0.698886414253898, -0.00723090417081557, 20, 22, 0.567567
0.322314427266887, 0.702004454342984, -0.00723078378353376, 20, 22, 0.571732
0.322314427266887, 0.705122494432071, -0.00723066230422153, 20, 22, 0.588059
0.322314427266887, 0.708240534521158, -0.00723053973338622, 20, 22, 0.594937
0.322314427266887, 0.711358574610245, -0.00723041607167551, 20, 22, 0.596967
0.322314427266887, 0.714476614699332, -0.00723029131987845, 20, 22, 0.566067
0.322314427266887, 0.717594654788419, -0.00723016547892648, 20, 22, 0.581899
0.322314427266887, 0.720712694877506, -0.00723003854989449, 20, 22, 0.593857
0.322314427266887, 0.723830734966592, -0.0072299105340018, 20, 22, 0.604104
0.322314427266887, 0.726948775055679, -0.00722978143261309, 20, 22, 0.601322
0.322314427266887, 0.730066815144766, -0.00722965122363951, 20, 21, 0.572229
0.322314427266887, 0.733184855233853, -0.00722951995784174, 20, 21, 0.534646
0.322314427266887, 0.73630289532294, -0.00722938761137072, 20, 21, 0.585137
0.322314427266887, 0.739420935412027, -0.00722925418619416, 20, 21, 0.535129
0.322314427266887, 0.742538975501114, -0.00722911968442864, 20, 21, 0.546145
0.322314427266887, 0.7456570155902, -0.00722898410834058, 20, 21, 0.561863
0.322314427266887, 0.748775055679287, -0.00722884746034707, 20, 21, 0.543508
0.322314427266887, 0.751893095768374, -0.00722870974301675, 20, 21, 0.542944
0.322314427266887, 0.755011135857461, -0.00722857095907066, 20, 21, 0.534972
0.322314427266887, 0.758129175946548, -0.00722843111138301, 20, 21, 0.535191
0.322314427266887, 0.761247216035635, -0.00722829020298199, 20, 21, 0.538943
0.322314427266887, 0.764365256124722, -0.00722814823705054, 20, 21, 0.534583
0.322314427266887, 0.767483296213809, -0.00722800519272134, 20, 20, 0.507632
0.322314427266887, 0.770601336302895, -0.00722786112376283, 20, 20, 0.50757
0.322314427266887, 0.773719376391982, -0.00722771600761556, 20, 20, 0.507134
0.322314427266887, 0.776837416481069, -0.00722756984810025, 20, 20, 0.509151
0.322314427266887, 0.779955456570156, -0.00722742264919294, 20, 20, 0.513626
0.322314427266887, 0.783073496659243, -0.00722727441502985, 20, 20, 0.542217
0.322314427266887, 0.78619153674833, -0.00722712514990529, 20, 20, 0.509232
0.322314427266887, 0.789309576837417, -0.00722697485827301, 20, 20, 0.534731
0.322314427266887, 0.792427616926503, -0.00722682354474679, 20, 20, 0.556302
0.322314427266887, 0.79554565701559, -0.00722667121410109, 20, 20, 0.534053
0.322314427266887, 0.798663697104677, -0.00722651787127162, 20, 20, 0.509037
0.322314427266887, 0.801781737193764, -0.0072263635213559, 20, 20, 0.50897
0.322314427266887, 0.804899777282851, -0.00722620816961381, 20, 20, 0.508998
0.322314427266887, 0.808017817371938, -0.00722605182146809, 20, 20, 0.508956
0.322314427266887, 0.811135857461025, -0.00722589445897205, 20, 19, 0.482246
0.322314427266887, 0.814253897550111, -0.00722573613666508, 20, 19, 0.48748
0.322314427266887, 0.817371937639198, -0.00722557683507891, 20, 19, 0.481384
0.322314427266887, 0.820489977728285, -0.00722541656030171, 20, 19, 0.481362
0.322314427266887, 0.823608017817372, -0.00722525531858618, 20, 19, 0.509841
0.322314427266887, 0.826726057906459, -0.00722509311634995, 20, 19, 0.485458
0.322314427266887, 0.829844097995546, -0.00722492996017604, 20, 19, 0.48533
0.322314427266887, 0.832962138084633, -0.00722476585681325, 20, 19, 0.482242
0.322314427266887, 0.836080178173719, -0.00722460081317655, 20, 19, 0.481652
0.322314427266887, 0.839198218262806, -0.00722443483634741, 20, 19, 0.485614
0.322314427266887, 0.842316258351893, -0.00722426793357417, 20, 19, 0.488025
0.322314427266887, 0.84543429844098, -0.0072241001122724, 20, 19, 0.505625
0.322314427266887, 0.848552338530067, -0.0072239313800251, 20, 19, 0.503251
0.322314427266887, 0.851670378619154, -0.00722376174458305, 20, 19, 0.487793
0.322314427266887, 0.854788418708241, -0.00722359121386509, 20, 19, 0.481596
0.322314427266887, 0.857906458797328, -0.00722341977207931, 20, 18, 0.454419
0.322314427266887, 0.861024498886414, -0.0072232474768998, 20, 18, 0.489812
0.322314427266887, 0.864142538975501, -0.0072230743110961, 20, 18, 0.502427
0.322314427266887, 0.867260579064588, -0.00722290028326929, 20, 18, 0.464597
0.322314427266887, 0.870378619153675, -0.00722272540218895, 20, 18, 0.45478
0.322314427266887, 0.873496659242762, -0.00722254967679408, 20, 18, 0.459726
0.322314427266887, 0.876614699331849, -0.00722237311619024, 20, 18, 0.493776
0.322314427266887, 0.879732739420936, -0.00722219572965427, 20, 18, 0.456568
0.322314427266887, 0.882850779510022, -0.00722201752663134, 20, 18, 0.456731
0.322314427266887, 0.885968819599109, -0.00722183851673581, 20, 18, 0.456883
0.322314427266887, 0.889086859688196, -0.00722165870975135, 20, 18, 0.456575
0.322314427266887, 0.892204899777283, -0.00722147811563098, 20, 18, 0.455918
0.322314427266887, 0.89532293986637, -0.00722129674449709, 20, 18, 0.456042
0.322314427266887, 0.898440979955457, -0.00722111460664152, 20, 18, 0.484039
0.322314427266887, 0.901559020044544, -0.00722093171252553, 20, 18, 0.45584
0.322314427266887, 0.90467706013363, -0.00722074807277981, 20, 18, 0.474808
0.322314427266887, 0.907795100222717, -0.00722056369820441, 20, 18, 0.460174
0.322314427266887, 0.910913140311804, -0.00722037857584987, 20, 17, 0.43591
0.322314427266887, 0.914031180400891, -0.00722019276626695, 20, 17, 0.441003
0.322314427266887, 0.917149220489978, -0.00722000625516699, 20, 17, 0.429844
0.322314427266887, 0.920267260579065, -0.00721981905403371, 20, 17, 0.428852
0.322314427266887, 0.923385300668152, -0.00721963117451939, 20, 17, 0.456341
0.322314427266887, 0.926503340757238, -0.0072194426284447, 20, 17, 0.462388
0.322314427266887, 0.929621380846325, -0.00721925342779862, 20, 17, 0.444029
0.322314427266887, 0.932739420935412, -0.00721906358473831, 20, 17, 0.4418
0.322314427266887, 0.935857461024499, -0.00721887311158888, 20, 17, 0.432541
0.322314427266887, 0.938975501113586, -0.00721868202084329, 20, 17, 0.429151
0.322314427266887, 0.942093541202673, -0.00721849032516208, 20, 17, 0.428401
0.322314427266887, 0.945211581291759, -0.00721829803737322, 20, 17, 0.428761
0.322314427266887, 0.948329621380847, -0.00721810517047183, 20, 17, 0.428865
0.322314427266887, 0.951447661469933, -0.00721791173761992, 20, 17, 0.444566
0.322314427266887, 0.95456570155902, -0.00721771775214618, 20, 17, 0.43211
0.322314427266887, 0.957683741648107, -0.00721752322754564, 20, 17, 0.447844
0.322314427266887, 0.960801781737194, -0.00721732817747937, 20, 17, 0.456423
0.322314427266887, 0.963919821826281, -0.00721713261577419, 20, 17, 0.476936
0.322314427266887, 0.967037861915368, -0.00721693655642235, 20, 17, 0.470625
0.322314427266887, 0.970155902004454, -0.0072167400135811, 20, 17, 0.46813
0.322314427266887, 0.973273942093541, -0.0072165429788417, 20, 16, 0.428661
0.322314427266887, 0.976391982182628, -0.00721634551356319, 20, 16, 0.406671
0.322314427266887, 0.979510022271715, -0.00721614760816627, 20, 16, 0.432109
0.322314427266887, 0.982628062360802, -0.00721594927747001, 20, 16, 0.412796
0.322314427266887, 0.985746102449889, -0.00721575053645618, 20, 16, 0.427395
0.322314427266887, 0.988864142538975, -0.00721555140026884, 20, 16, 0.41247
0.322314427266887, 0.991982182628063, -0.00721535188421395, 20, 16, 0.423597
0.322314427266887, 0.995100222717149, -0.00721515200375885, 20, 16, 0.400818
0.322314427266887, 0.998218262806236, -0.0072149517745327, 20, 16, 0.43805
0.322314427266887, 1.00133630289532, -0.00721475121232246, 20, 16, 0.410955
0.322314427266887, 1.00445434298441, -0.00721455033307769, 20, 16, 0.428817
0.322314427266887, 1.0075723830735, -0.00721434915290648, 20, 16, 0.410584
0.322314427266887, 1.01069042316258, -0.00721414768807579, 20, 16, 0.432722
0.322314427266887, 1.01380846325167, -0.00721394595501096, 20, 16, 0.461623
0.322314427266887, 1.01692650334076, -0.00721374397029507, 20, 16, 0.410351
0.322314427266887, 1.02004454342984, -0.00721354175066842, 20, 16, 0.40335
0.322314427266887, 1.02316258351893, -0.00721333931302788, 20, 16, 0.415024
0.322314427266887, 1.02628062360802, -0.00721313667442637, 20, 16, 0.415541
0.322314427266887, 1.0293986636971, -0.00721293385207215, 20, 16, 0.407822
0.322314427266887, 1.03251670378619, -0.00721273086332824, 20, 16, 0.402956
0.322314427266887, 1.03563474387528, -0.00721252772571174, 20, 16, 0.422673
0.322314427266887, 1.03875278396437, -0.00721232445689322, 20, 16, 0.420119
0.322314427266887, 1.04187082405345, -0.00721212105212388, 20, 15, 0.375648
0.322314427266887, 1.04498886414254, -0.00721191757584004, 20, 15, 0.375287
0.322314427266887, 1.04810690423163, -0.00721171402220299, 20, 15, 0.395615
0.322314427266887, 1.05122494432071, -0.00721151040949457, 20, 15, 0.379821
0.322314427266887, 1.0543429844098, -0.00721130675614631, 20, 15, 0.375212
0.322314427266887, 1.05746102449889, -0.00721110308073869, 20, 15, 0.375586
0.322314427266887, 1.06057906458797, -0.00721089940200039, 20, 15, 0.378991
0.322314427266887, 1.06369710467706, -0.00721069573880757, 20, 15, 0.409415
0.322314427266887, 1.06681514476615, -0.00721049211018307, 20, 15, 0.402708
0.322314427266887, 1.06993318485523, -0.00721028853529567, 20, 15, 0.395525
0.322314427266887, 1.07305122494432, -0.0072100850334593, 20, 15, 0.394325
0.322314427266887, 1.07616926503341, -0.0072098816241322, 20, 15, 0.379023
0.322314427266887, 1.07928730512249, -0.00720967832691617, 20, 15, 0.375172
0.322314427266887, 1.08240534521158, -0.00720947516155569, 20, 15, 0.37897
0.322314427266887, 1.08552338530067, -0.00720927214793709, 20, 15, 0.379031
0.322314427266887, 1.08864142538976, -0.00720906930608777, 20, 15, 0.379265
0.322314427266887, 1.09175946547884, -0.00720886665617525, 20, 15, 0.376013
0.322314427266887, 1.09487750556793, -0.00720866421850638, 20, 15, 0.397743
0.322314427266887, 1.09799554565702, -0.00720846201352638, 20, 15, 0.391126
0.322314427266887, 1.1011135857461, -0.00720826006181804, 20, 15, 0.378911
0.322314427266887, 1.10423162583519, -0.00720805838410074, 20, 15, 0.375691
0.322314427266887, 1.10734966592428, -0.00720785700122959, 20, 15, 0.408406
0.322314427266887, 1.11046770601336, -0.00720765593419448, 20, 15, 0.409279
0.322314427266887, 1.11358574610245, -0.00720745520411915, 20, 15, 0.375727
0.322314427266887, 1.11670378619154, -0.00720725483226028, 20, 15, 0.375312
0.322314427266887, 1.11982182628062, -0.00720705484000649, 20, 15, 0.420163
0.322314427266887, 1.12293986636971, -0.00720685522742039, 20, 14, 0.348037
0.322314427266887, 1.1260579064588, -0.00720665606023671, 20, 14, 0.348649
0.322314427266887, 1.12917594654788, -0.0072064573375424, 20, 14, 0.347681
0.322314427266887, 1.13229398663697, -0.00720625908124773, 20, 14, 0.347753
0.322314427266887, 1.13541202672606, -0.0072060613133898, 20, 14, 0.347858
0.322314427266887, 1.13853006681514, -0.00720586405613164, 20, 14, 0.347706
0.322314427266887, 1.14164810690423, -0.00720566733176114, 20, 14, 0.351714
0.322314427266887, 1.14476614699332, -0.00720547116269006, 20, 14, 0.351371
0.322314427266887, 1.14788418708241, -0.007205275571453, 20, 14, 0.351317
0.322314427266887, 1.15100222717149, -0.00720508058070638, 20, 14, 0.374493
0.322314427266887, 1.15412026726058, -0.00720488621322737, 20, 14, 0.352643
0.322314427266887, 1.15723830734967, -0.00720469249191292, 20, 14, 0.403956
0.322314427266887, 1.16035634743875, -0.00720449943977859, 20, 14, 0.365442
0.322314427266887, 1.16347438752784, -0.00720430707995859, 20, 14, 0.391607
0.322314427266887, 1.16659242761693, -0.0072041154357006, 20, 14, 0.349863
0.322314427266887, 1.16971046770601, -0.0072039245303708, 20, 14, 0.368519
0.322314427266887, 1.1728285077951, -0.00720373438744877, 20, 14, 0.349763
0.322314427266887, 1.17594654788419, -0.00720354503052732, 20, 14, 0.350023
0.322314427266887, 1.17906458797327, -0.00720335648331144, 20, 14, 0.375226
0.322314427266887, 1.18218262806236, -0.00720316876961721, 20, 14, 0.391897
0.322314427266887, 1.18530066815145, -0.00720298191337063, 20, 14, 0.352178
0.322314427266887, 1.18841870824053, -0.00720279593860658, 20, 14, 0.364812
0.322314427266887, 1.19153674832962, -0.0072026108694676, 20, 14, 0.350068
0.322314427266887, 1.19465478841871, -0.00720242673020286, 20, 14, 0.349729
0.322314427266887, 1.1977728285078, -0.0072022435451669, 20, 14, 0.35225
0.322314427266887, 1.20089086859688, -0.00720206133881862, 20, 14, 0.351502
0.322314427266887, 1.20400890868597, -0.00720188013572001, 20, 14, 0.349862
0.322314427266887, 1.20712694877506, -0.00720169996053508, 20, 14, 0.34966
0.322314427266887, 1.21024498886414, -0.00720152083802865, 20, 14, 0.349695
0.322314427266887, 1.21336302895323, -0.0072013427930652, 20, 14, 0.350405
0.322314427266887, 1.21648106904232, -0.00720116583010686, 20, 13, 0.327621
0.322314427266887, 1.2195991091314, -0.00720099001625691, 20, 13, 0.350429
0.322314427266887, 1.22271714922049, -0.00720081535507686, 20, 13, 0.350377
0.322314427266887, 1.22583518930958, -0.00720064187182073, 20, 13, 0.342446
0.322314427266887, 1.22895322939866, -0.00720046959183616, 20, 13, 0.322084
0.322314427266887, 1.23207126948775, -0.00720029854056324, 20, 13, 0.322514
0.322314427266887, 1.23518930957684, -0.00720012874353328, 20, 13, 0.322543
0.322314427266887, 1.23830734966592, -0.00719996022636765, 20, 13, 0.325746
0.322314427266887, 1.24142538975501, -0.00719979301477656, 20, 13, 0.338325
0.322314427266887, 1.2445434298441, -0.00719962713455785, 20, 13, 0.323373
0.322314427266887, 1.24766146993318, -0.0071994626115958, 20, 13, 0.322459
0.322314427266887, 1.25077951002227, -0.00719929947185992, 20, 13, 0.32209
0.322314427266887, 1.25389755011136, -0.00719913774140371, 20, 13, 0.322123
0.322314427266887, 1.25701559020045, -0.00719897744636346, 20, 13, 0.322457
0.322314427266887, 1.26013363028953, -0.00719881861295701, 20, 13, 0.322199
0.322314427266887, 1.26325167037862, -0.00719866126748257, 20, 13, 0.322105
0.322314427266887, 1.26636971046771, -0.0071985054363174, 20, 13, 0.322097
0.322314427266887, 1.26948775055679, -0.00719835114591671, 20, 13, 0.322156
0.322314427266887, 1.27260579064588, -0.00719819842281231, 20, 13, 0.322073
0.322314427266887, 1.27572383073497, -0.00719804729361142, 20, 13, 0.322091
0.322314427266887, 1.27884187082405, -0.00719789778499544, 20, 13, 0.322066
0.322314427266887, 1.28195991091314, -0.00719774992371868, 20, 13, 0.322003
0.322314427266887, 1.28507795100223, -0.00719760373660717, 20, 13, 0.322076
0.322314427266887, 1.28819599109131, -0.00719745925055734, 20, 13, 0.322111
0.322314427266887, 1.2913140311804, -0.00719731649253486, 20, 13, 0.322065
0.322314427266887, 1.29443207126949, -0.00719717548957329, 20, 13, 0.322156
0.322314427266887, 1.29755011135857, -0.00719703626877295, 20, 13, 0.322138
0.322314427266887, 1.30066815144766, -0.00719689885729954, 20, 13, 0.322097
0.322314427266887, 1.30378619153675, -0.00719676328238302, 20, 13, 0.322118
0.322314427266887, 1.30690423162584, -0.00719662957131622, 20, 13, 0.322166
0.322314427266887, 1.31002227171492, -0.00719649775145371, 20, 13, 0.322085
0.322314427266887, 1.31314031180401, -0.00719636785021046, 20, 13, 0.322149
0.322314427266887, 1.3162583518931, -0.00719623989506063, 20, 13, 0.322105
0.322314427266887, 1.31937639198218, -0.00719611391353628, 20, 13, 0.322073
0.322314427266887, 1.32249443207127, -0.00719598993322614, 20, 13, 0.322064
0.322314427266887, 1.32561247216036, -0.00719586796207132, 20, 12, 0.294565
0.322314427266887, 1.32873051224944, -0.00719574806810208, 20, 12, 0.29453
0.322314427266887, 1.33184855233853, -0.00719563025839722, 20, 12, 0.294512
0.322314427266887, 1.33496659242762, -0.00719551456076155, 20, 12, 0.294532
0.322314427266887, 1.3380846325167, -0.00719540100305016, 20, 12, 0.29454
0.322314427266887, 1.34120267260579, -0.00719528961316717, 20, 12, 0.294506
0.322314427266887, 1.34432071269488, -0.00719518041906446, 20, 12, 0.294554
0.322314427266887, 1.34743875278396, -0.00719507344874044, 20, 12, 0.294635
0.322314427266887, 1.35055679287305, -0.00719496873023877, 20, 12, 0.294543
0.322314427266887, 1.35367483296214, -0.00719486629164713, 20, 12, 0.294511
0.322314427266887, 1.35679287305122, -0.00719476616109597, 20, 12, 0.294541
0.322314427266887, 1.35991091314031, -0.00719466836675723, 20, 12, 0.294573
0.322314427266887, 1.3630289532294, -0.00719457293684313, 20, 12, 0.294555
0.322314427266887, 1.36614699331849, -0.0071944798996049, 20, 12, 0.294607
0.322314427266887, 1.36926503340757, -0.00719438928333154, 20, 12, 0.294574
0.322314427266887, 1.37238307349666, -0.00719430111634857, 20, 12, 0.294542
0.322314427266887, 1.37550111358575, -0.00719421542701676, 20, 12, 0.294508
0.322314427266887, 1.37861915367483, -0.00719413224373096, 20, 12, 0.29453
0.322314427266887, 1.38173719376392, -0.00719405159491876, 20, 12, 0.294577
0.322314427266887, 1.38485523385301, -0.00719397350903934, 20, 12, 0.294502
0.322314427266887, 1.38797327394209, -0.00719389801458217, 20, 12, 0.29456
0.322314427266887, 1.39109131403118, -0.00719382514006581, 20, 12, 0.294547
0.322314427266887, 1.39420935412027, -0.00719375491403664, 20, 12, 0.294531
0.322314427266887, 1.39732739420935, -0.00719368736506887, 20, 12, 0.29651
0.322314427266887, 1.40044543429844, -0.00719362252175846, 20, 12, 0.29654
0.322314427266887, 1.40356347438753, -0.00719356041272915, 20, 12, 0.296713
0.322314427266887, 1.40668151447661, -0.00719350106662641, 20, 12, 0.296601
0.322314427266887, 1.4097995545657, -0.00719344451211738, 20, 12, 0.296624
0.322314427266887, 1.41291759465479, -0.0071933907778897, 20, 12, 0.296624
0.322314427266887, 1.41603563474388, -0.0071933398926503, 20, 12, 0.296621
0.322314427266887, 1.41915367483296, -0.0071932918851241, 20, 12, 0.296578
0.322314427266887, 1.42227171492205, -0.00719324678405291, 20, 12, 0.296606
0.322314427266887, 1.42538975501114, -0.00719320461819412, 20, 12, 0.296587
0.322314427266887, 1.42850779510022, -0.0071931654163196, 20, 12, 0.296608
0.322314427266887, 1.43162583518931, -0.00719312920721439, 20, 12, 0.296672
0.322314427266887, 1.4347438752784, -0.00719309601967556, 20, 12, 0.296656
0.322314427266887, 1.43786191536748, -0.00719306588251101, 20, 12, 0.296613
0.322314427266887, 1.44097995545657, -0.00719303882453825, 20, 12, 0.296572
0.322314427266887, 1.44409799554566, -0.00719301487458327, 20, 12, 0.296601
0.322314427266887, 1.44721603563474, -0.00719299406147926, 20, 12, 0.296565
0.322314427266887, 1.45033407572383, -0.00719297641406552, 20, 12, 0.296589
0.322314427266887, 1.45345211581292, -0.00719296196118622, 20, 12, 0.296646
0.322314427266887, 1.456570155902, -0.00719295073168925, 20, 12, 0.296677
0.322314427266887, 1.45968819599109, -0.00719294273668587, 20, 11, 0.269016
0.322314427266887, 1.46280623608018, -0.00719293804127238, 20, 11, 0.269025
0.322314427266887, 1.46592427616927, -0.0071929366557625, 20, 11, 0.269029
0.322314427266887, 1.46904231625835, -0.00719293860900875, 20, 11, 0.268959
0.322314427266887, 1.47216035634744, -0.00719294392986145, 20, 11, 0.268968
0.322314427266887, 1.47527839643653, -0.00719295264716766, 20, 11, 0.269006
0.322314427266887, 1.47839643652561, -0.00719296478976994, 20, 11, 0.268982
0.322314427266887, 1.4815144766147, -0.00719298038650529, 20, 11, 0.268998
0.322314427266887, 1.48463251670379, -0.00719299946620397, 20, 11, 0.269045
0.322314427266887, 1.48775055679287, -0.00719302205768838, 20, 11, 0.269029
0.322314427266887, 1.49086859688196, -0.00719304818977193, 20, 11, 0.269055
0.322314427266887, 1.49398663697105, -0.00719307789125795, 20, 11, 0.269028
0.322314427266887, 1.49710467706013, -0.0071931111909385, 20, 11, 0.269025
0.322314427266887, 1.50022271714922, -0.00719314811759334, 20, 11, 0.269051
0.322314427266887, 1.50334075723831, -0.00719318869998877, 20, 11, 0.26902
0.322314427266887, 1.50645879732739, -0.00719323296687655, 20, 11, 0.269046
0.322314427266887, 1.50957683741648, -0.00719328094699278, 20, 11, 0.269057
0.322314427266887, 1.51269487750557, -0.00719333266905683, 20, 11, 0.269039
0.322314427266887, 1.51581291759465, -0.00719338816177023, 20, 11, 0.269139
0.322314427266887, 1.51893095768374, -0.00719344745381563, 20, 11, 0.269
0.322314427266887, 1.52204899777283, -0.00719351057385564, 20, 11, 0.269076
0.322314427266887, 1.52516703786192, -0.00719357755053184, 20, 11, 0.268989
0.322314427266887, 1.528285077951, -0.00719364841246368, 20, 11, 0.268977
0.322314427266887, 1.53140311804009, -0.00719372318824741, 20, 11, 0.269017
0.322314427266887, 1.53452115812918, -0.00719380190645503, 20, 11, 0.269017
0.322314427266887, 1.53763919821826, -0.00719388459563323, 20, 11, 0.269038
0.322314427266887, 1.54075723830735, -0.00719397128430236, 20, 11, 0.269079
0.322314427266887, 1.54387527839644, -0.00719406200095538, 20, 11, 0.269033
0.322314427266887, 1.54699331848552, -0.00719415677405682, 20, 11, 0.269126
0.322314427266887, 1.55011135857461, -0.00719425563204176, 20, 11, 0.269056
0.322314427266887, 1.5532293986637, -0.00719435860331479, 20, 11, 0.269038
0.322314427266887, 1.55634743875278, -0.00719446571624903, 20, 11, 0.269048
0.322314427266887, 1.55946547884187, -0.00719457699918505, 20, 11, 0.269018
0.322314427266887, 1.56258351893096, -0.00719469248042992, 20, 11, 0.268991
0.322314427266887, 1.56570155902004, -0.00719481218825621, 20, 11, 0.269005
0.322314427266887, 1.56881959910913, -0.00719493615090095, 20, 11, 0.26905
0.322314427266887, 1.57193763919822, -0.00719506439656466, 20, 11, 0.269007
0.322314427266887, 1.57505567928731, -0.0071951969534104, 20, 11, 0.269205
0.322314427266887, 1.57817371937639, -0.00719533384956275, 20, 11, 0.268963
0.322314427266887, 1.58129175946548, -0.00719547511310686, 20, 11, 0.269019
0.322314427266887, 1.58440979955457, -0.00719562077208744, 20, 11, 0.269134
0.322314427266887, 1.58752783964365, -0.00719577085450789, 20, 11, 0.269153
0.322314427266887, 1.59064587973274, -0.00719592538832927, 20, 11, 0.268988
0.322314427266887, 1.59376391982183, -0.00719608440146938, 20, 11, 0.268944
0.322314427266887, 1.59688195991091, -0.00719624792180179, 20, 11, 0.268915
0.322314427266887, 1.6, -0.00719641597715497, 20, 11, 0.268712
# finished at Wed Apr 30 01:57:42 CEST 2014
