# starting on alcc62 at Tue Apr 29 20:42:47 CEST 2014
# casimir, -T, 0.200000,1.600000,450, -Q, 0.182282006531138, -p, 1e-08, -L, 20
# Compiler icc, using long double and plain matrix elements and plain integration
# precision=1e-08
# lfac=5
# cores=1
# L=0.182282
# T=0.2...1.6 (450)
#
# R/(L+R), T, F, lmax, nmax, time
0.182282006531138, 0.2, -0.00114482705998153, 20, 65, 1.47641
0.182282006531138, 0.203118040089087, -0.0011448262689876, 20, 64, 1.44538
0.182282006531138, 0.206236080178174, -0.00114482544156465, 20, 63, 1.44506
0.182282006531138, 0.209354120267261, -0.00114482457665093, 20, 62, 1.45139
0.182282006531138, 0.212472160356347, -0.00114482367317691, 20, 61, 1.40216
0.182282006531138, 0.215590200445434, -0.00114482273005709, 20, 60, 1.37698
0.182282006531138, 0.218708240534521, -0.00114482174619188, 20, 59, 1.36129
0.182282006531138, 0.221826280623608, -0.00114482072046728, 20, 58, 1.37347
0.182282006531138, 0.224944320712695, -0.00114481965424954, 20, 58, 1.33122
0.182282006531138, 0.228062360801782, -0.00114481854165271, 20, 57, 1.27529
0.182282006531138, 0.231180400890869, -0.00114481738381664, 20, 56, 1.2734
0.182282006531138, 0.234298440979955, -0.00114481617957441, 20, 55, 1.23323
0.182282006531138, 0.237416481069042, -0.00114481493037939, 20, 55, 1.22643
0.182282006531138, 0.240534521158129, -0.00114481363012145, 20, 54, 1.27136
0.182282006531138, 0.243652561247216, -0.00114481227993454, 20, 53, 1.19894
0.182282006531138, 0.246770601336303, -0.00114481088128739, 20, 53, 1.19284
0.182282006531138, 0.24988864142539, -0.00114480942799999, 20, 52, 1.15833
0.182282006531138, 0.253006681514477, -0.00114480792115754, 20, 51, 1.13545
0.182282006531138, 0.256124721603563, -0.00114480636240401, 20, 51, 1.13534
0.182282006531138, 0.25924276169265, -0.00114480474519571, 20, 50, 1.11252
0.182282006531138, 0.262360801781737, -0.00114480307345346, 20, 50, 1.11218
0.182282006531138, 0.265478841870824, -0.00114480134094404, 20, 49, 1.08885
0.182282006531138, 0.268596881959911, -0.00114479955129942, 20, 49, 1.08895
0.182282006531138, 0.271714922048998, -0.00114479769848468, 20, 48, 1.06574
0.182282006531138, 0.274832962138085, -0.00114479578334225, 20, 47, 1.04584
0.182282006531138, 0.277951002227172, -0.00114479380776283, 20, 47, 1.04612
0.182282006531138, 0.281069042316258, -0.00114479176466482, 20, 46, 1.02341
0.182282006531138, 0.284187082405345, -0.00114478965858503, 20, 46, 1.02348
0.182282006531138, 0.287305122494432, -0.00114478748236462, 20, 45, 0.999067
0.182282006531138, 0.290423162583519, -0.00114478524064366, 20, 45, 0.99954
0.182282006531138, 0.293541202672606, -0.00114478292886518, 20, 45, 0.998923
0.182282006531138, 0.296659242761693, -0.00114478054351363, 20, 44, 0.975694
0.182282006531138, 0.29977728285078, -0.00114477808827274, 20, 44, 0.975864
0.182282006531138, 0.302895322939866, -0.00114477555666212, 20, 43, 0.952519
0.182282006531138, 0.306013363028953, -0.00114477295268927, 20, 43, 0.955674
0.182282006531138, 0.30913140311804, -0.00114477026945784, 20, 42, 0.932393
0.182282006531138, 0.312249443207127, -0.00114476751143279, 20, 42, 0.932178
0.182282006531138, 0.315367483296214, -0.00114476467409797, 20, 42, 0.932048
0.182282006531138, 0.318485523385301, -0.00114476175373982, 20, 41, 0.909606
0.182282006531138, 0.321603563474388, -0.00114475875429048, 20, 41, 0.909662
0.182282006531138, 0.324721603563474, -0.00114475566875781, 20, 40, 0.886488
0.182282006531138, 0.327839643652561, -0.00114475250179131, 20, 40, 0.887749
0.182282006531138, 0.330957683741648, -0.00114474924874534, 20, 40, 0.886383
0.182282006531138, 0.334075723830735, -0.00114474590564218, 20, 39, 0.863081
0.182282006531138, 0.337193763919822, -0.0011447424768915, 20, 39, 0.862736
0.182282006531138, 0.340311804008909, -0.00114473895796656, 20, 39, 0.862738
0.182282006531138, 0.343429844097996, -0.00114473534489457, 20, 38, 0.839408
0.182282006531138, 0.346547884187082, -0.00114473164202299, 20, 38, 0.840347
0.182282006531138, 0.349665924276169, -0.00114472784485446, 20, 38, 0.84214
0.182282006531138, 0.352783964365256, -0.00114472394933941, 20, 37, 0.818894
0.182282006531138, 0.355902004454343, -0.00114471995993963, 20, 37, 0.818976
0.182282006531138, 0.35902004454343, -0.00114471587208994, 20, 37, 0.818931
0.182282006531138, 0.362138084632517, -0.00114471168159743, 20, 36, 0.79587
0.182282006531138, 0.365256124721604, -0.00114470739321502, 20, 36, 0.795775
0.182282006531138, 0.36837416481069, -0.00114470300221752, 20, 36, 0.796504
0.182282006531138, 0.371492204899777, -0.00114469850724261, 20, 36, 0.79594
0.182282006531138, 0.374610244988864, -0.00114469390432427, 20, 35, 0.772583
0.182282006531138, 0.377728285077951, -0.00114468919769219, 20, 35, 0.772782
0.182282006531138, 0.380846325167038, -0.00114468438290893, 20, 35, 0.772622
0.182282006531138, 0.383964365256125, -0.0011446794556891, 20, 34, 0.7496
0.182282006531138, 0.387082405345212, -0.00114467442094227, 20, 34, 0.74963
0.182282006531138, 0.390200445434298, -0.00114466927387185, 20, 34, 0.750109
0.182282006531138, 0.393318485523385, -0.00114466401311552, 20, 34, 0.749771
0.182282006531138, 0.396436525612472, -0.00114465863442662, 20, 33, 0.726292
0.182282006531138, 0.399554565701559, -0.00114465314262715, 20, 33, 0.726348
0.182282006531138, 0.402672605790646, -0.00114464753298406, 20, 33, 0.726418
0.182282006531138, 0.405790645879733, -0.00114464180414064, 20, 33, 0.726229
0.182282006531138, 0.40890868596882, -0.00114463595178358, 20, 32, 0.705912
0.182282006531138, 0.412026726057906, -0.00114462998089029, 20, 32, 0.705941
0.182282006531138, 0.415144766146993, -0.00114462388666655, 20, 32, 0.706619
0.182282006531138, 0.41826280623608, -0.00114461766776642, 20, 32, 0.705794
0.182282006531138, 0.421380846325167, -0.00114461131968253, 20, 31, 0.682767
0.182282006531138, 0.424498886414254, -0.00114460484783408, 20, 31, 0.682627
0.182282006531138, 0.427616926503341, -0.00114459824721919, 20, 31, 0.682632
0.182282006531138, 0.430734966592428, -0.00114459151650777, 20, 31, 0.682816
0.182282006531138, 0.433853006681514, -0.00114458465437189, 20, 31, 0.682561
0.182282006531138, 0.436971046770601, -0.00114457765644389, 20, 30, 0.659616
0.182282006531138, 0.440089086859688, -0.0011445705278959, 20, 30, 0.660931
0.182282006531138, 0.443207126948775, -0.00114456326390412, 20, 30, 0.65951
0.182282006531138, 0.446325167037862, -0.00114455586316254, 20, 30, 0.659485
0.182282006531138, 0.449443207126949, -0.00114454832436908, 20, 30, 0.659642
0.182282006531138, 0.452561247216036, -0.00114454064315137, 20, 29, 0.636583
0.182282006531138, 0.455679287305123, -0.00114453282476678, 20, 29, 0.661785
0.182282006531138, 0.458797327394209, -0.00114452486440129, 20, 29, 0.682337
0.182282006531138, 0.461915367483296, -0.0011445167607806, 20, 29, 0.636647
0.182282006531138, 0.465033407572383, -0.00114450851263595, 20, 29, 0.636984
0.182282006531138, 0.46815144766147, -0.00114450011544032, 20, 28, 0.613379
0.182282006531138, 0.471269487750557, -0.0011444915748775, 20, 28, 0.613236
0.182282006531138, 0.474387527839644, -0.00114448288597116, 20, 28, 0.613226
0.182282006531138, 0.477505567928731, -0.00114447404748609, 20, 28, 0.617559
0.182282006531138, 0.480623608017817, -0.00114446505819408, 20, 28, 0.613161
0.182282006531138, 0.483741648106904, -0.00114445591687448, 20, 28, 0.613148
0.182282006531138, 0.486859688195991, -0.00114444661911693, 20, 27, 0.590259
0.182282006531138, 0.489977728285078, -0.00114443717050677, 20, 27, 0.592763
0.182282006531138, 0.493095768374165, -0.00114442756620442, 20, 27, 0.592751
0.182282006531138, 0.496213808463252, -0.00114441780503423, 20, 27, 0.592842
0.182282006531138, 0.499331848552339, -0.00114440788582454, 20, 27, 0.592857
0.182282006531138, 0.502449888641425, -0.00114439780741303, 20, 27, 0.593128
0.182282006531138, 0.505567928730512, -0.00114438756532418, 20, 26, 0.569598
0.182282006531138, 0.508685968819599, -0.001144377165452, 20, 26, 0.56976
0.182282006531138, 0.511804008908686, -0.00114436660290526, 20, 26, 0.569572
0.182282006531138, 0.514922048997773, -0.00114435587656825, 20, 26, 0.573217
0.182282006531138, 0.51804008908686, -0.00114434498533585, 20, 26, 0.569995
0.182282006531138, 0.521158129175947, -0.00114433392811396, 20, 26, 0.569645
0.182282006531138, 0.524276169265034, -0.00114432270381987, 20, 26, 0.58154
0.182282006531138, 0.52739420935412, -0.00114431130813398, 20, 25, 0.546451
0.182282006531138, 0.530512249443207, -0.00114429974686289, 20, 25, 0.546553
0.182282006531138, 0.533630289532294, -0.0011442880153019, 20, 25, 0.546434
0.182282006531138, 0.536748329621381, -0.00114427611242212, 20, 25, 0.546372
0.182282006531138, 0.539866369710468, -0.00114426403720728, 20, 25, 0.546554
0.182282006531138, 0.542984409799555, -0.00114425178865402, 20, 25, 0.546534
0.182282006531138, 0.546102449888642, -0.00114423936577235, 20, 25, 0.55006
0.182282006531138, 0.549220489977728, -0.00114422676758588, 20, 25, 0.556448
0.182282006531138, 0.552338530066815, -0.00114421399010057, 20, 24, 0.564572
0.182282006531138, 0.555456570155902, -0.00114420103876233, 20, 24, 0.556809
0.182282006531138, 0.558574610244989, -0.00114418790923938, 20, 24, 0.524676
0.182282006531138, 0.561692650334076, -0.00114417460061703, 20, 24, 0.524886
0.182282006531138, 0.564810690423163, -0.00114416111199538, 20, 24, 0.534849
0.182282006531138, 0.567928730512249, -0.00114414744248962, 20, 24, 0.555994
0.182282006531138, 0.571046770601336, -0.00114413359123036, 20, 24, 0.551069
0.182282006531138, 0.574164810690423, -0.00114411955736396, 20, 24, 0.531454
0.182282006531138, 0.57728285077951, -0.001144105336992, 20, 23, 0.521641
0.182282006531138, 0.580400890868597, -0.00114409093573549, 20, 23, 0.501689
0.182282006531138, 0.583518930957684, -0.0011440763493747, 20, 23, 0.548517
0.182282006531138, 0.586636971046771, -0.00114406157712528, 20, 23, 0.503737
0.182282006531138, 0.589755011135857, -0.00114404661821968, 20, 23, 0.503773
0.182282006531138, 0.592873051224944, -0.00114403147190742, 20, 23, 0.503792
0.182282006531138, 0.595991091314031, -0.00114401613745541, 20, 23, 0.500107
0.182282006531138, 0.599109131403118, -0.00114400061414821, 20, 23, 0.506247
0.182282006531138, 0.602227171492205, -0.00114398489794449, 20, 22, 0.477342
0.182282006531138, 0.605345211581292, -0.00114396899518853, 20, 22, 0.477857
0.182282006531138, 0.608463251670379, -0.00114395290150612, 20, 22, 0.47691
0.182282006531138, 0.611581291759466, -0.0011439366162646, 20, 22, 0.480072
0.182282006531138, 0.614699331848552, -0.00114392013883165, 20, 22, 0.47994
0.182282006531138, 0.617817371937639, -0.00114390346861219, 20, 22, 0.480017
0.182282006531138, 0.620935412026726, -0.00114388660502421, 20, 22, 0.480077
0.182282006531138, 0.624053452115813, -0.00114386954750514, 20, 22, 0.483367
0.182282006531138, 0.6271714922049, -0.00114385229551216, 20, 22, 0.479617
0.182282006531138, 0.630289532293987, -0.00114383484852235, 20, 22, 0.479585
0.182282006531138, 0.633407572383074, -0.00114381720280289, 20, 21, 0.456449
0.182282006531138, 0.63652561247216, -0.00114379936464236, 20, 21, 0.456413
0.182282006531138, 0.639643652561247, -0.00114378133000872, 20, 21, 0.456367
0.182282006531138, 0.642761692650334, -0.00114376309846416, 20, 21, 0.456369
0.182282006531138, 0.645879732739421, -0.00114374466959168, 20, 21, 0.456369
0.182282006531138, 0.648997772828508, -0.00114372604299542, 20, 21, 0.45642
0.182282006531138, 0.652115812917595, -0.00114370721830085, 20, 21, 0.45643
0.182282006531138, 0.655233853006682, -0.001143688195155, 20, 21, 0.456444
0.182282006531138, 0.658351893095768, -0.00114366897322673, 20, 21, 0.456397
0.182282006531138, 0.661469933184855, -0.0011436495522069, 20, 21, 0.456419
0.182282006531138, 0.664587973273942, -0.00114362993180863, 20, 21, 0.456408
0.182282006531138, 0.667706013363029, -0.00114361010864014, 20, 20, 0.43325
0.182282006531138, 0.670824053452116, -0.00114359008900141, 20, 20, 0.433223
0.182282006531138, 0.673942093541203, -0.00114356986923285, 20, 20, 0.43324
0.182282006531138, 0.67706013363029, -0.00114354944914101, 20, 20, 0.433259
0.182282006531138, 0.680178173719376, -0.00114352882855548, 20, 20, 0.433237
0.182282006531138, 0.683296213808463, -0.00114350800732914, 20, 20, 0.433266
0.182282006531138, 0.68641425389755, -0.0011434869853383, 20, 20, 0.433235
0.182282006531138, 0.689532293986637, -0.00114346576248294, 20, 20, 0.433228
0.182282006531138, 0.692650334075724, -0.00114344433868693, 20, 20, 0.433235
0.182282006531138, 0.695768374164811, -0.00114342271389818, 20, 20, 0.433248
0.182282006531138, 0.698886414253898, -0.00114340088808882, 20, 20, 0.433231
0.182282006531138, 0.702004454342984, -0.00114337885788101, 20, 19, 0.410108
0.182282006531138, 0.705122494432071, -0.00114335663033976, 20, 19, 0.410076
0.182282006531138, 0.708240534521158, -0.00114333420181595, 20, 19, 0.41008
0.182282006531138, 0.711358574610245, -0.00114331157238272, 20, 19, 0.410107
0.182282006531138, 0.714476614699332, -0.00114328874213818, 20, 19, 0.410927
0.182282006531138, 0.717594654788419, -0.00114326571120553, 20, 19, 0.410052
0.182282006531138, 0.720712694877506, -0.00114324247973327, 20, 19, 0.429182
0.182282006531138, 0.723830734966592, -0.00114321904789535, 20, 19, 0.410087
0.182282006531138, 0.726948775055679, -0.00114319541589139, 20, 19, 0.410115
0.182282006531138, 0.730066815144766, -0.00114317158394676, 20, 19, 0.410101
0.182282006531138, 0.733184855233853, -0.00114314755231283, 20, 19, 0.419576
0.182282006531138, 0.73630289532294, -0.00114312332126705, 20, 19, 0.41627
0.182282006531138, 0.739420935412027, -0.00114309889111317, 20, 19, 0.410929
0.182282006531138, 0.742538975501114, -0.00114307426218133, 20, 19, 0.410148
0.182282006531138, 0.7456570155902, -0.00114304943169838, 20, 18, 0.386964
0.182282006531138, 0.748775055679287, -0.00114302440656736, 20, 18, 0.387738
0.182282006531138, 0.751893095768374, -0.00114299918378723, 20, 18, 0.387436
0.182282006531138, 0.755011135857461, -0.00114297376379701, 20, 18, 0.401712
0.182282006531138, 0.758129175946548, -0.00114294814706266, 20, 18, 0.426519
0.182282006531138, 0.761247216035635, -0.00114292233407724, 20, 18, 0.389633
0.182282006531138, 0.764365256124722, -0.00114289632536108, 20, 18, 0.418066
0.182282006531138, 0.767483296213809, -0.00114287012146184, 20, 18, 0.428219
0.182282006531138, 0.770601336302895, -0.00114284372295472, 20, 18, 0.390936
0.182282006531138, 0.773719376391982, -0.00114281713044253, 20, 18, 0.387096
0.182282006531138, 0.776837416481069, -0.00114279034455581, 20, 18, 0.407013
0.182282006531138, 0.779955456570156, -0.001142763365953, 20, 18, 0.406623
0.182282006531138, 0.783073496659243, -0.00114273619532049, 20, 18, 0.388478
0.182282006531138, 0.78619153674833, -0.00114270883337279, 20, 18, 0.399227
0.182282006531138, 0.789309576837417, -0.00114268128085257, 20, 18, 0.387201
0.182282006531138, 0.792427616926503, -0.00114265353546055, 20, 17, 0.382294
0.182282006531138, 0.79554565701559, -0.00114262560437815, 20, 17, 0.384738
0.182282006531138, 0.798663697104677, -0.00114259748510261, 20, 17, 0.369923
0.182282006531138, 0.801781737193764, -0.00114256917849192, 20, 17, 0.36555
0.182282006531138, 0.804899777282851, -0.00114254068543264, 20, 17, 0.364289
0.182282006531138, 0.808017817371938, -0.00114251200683998, 20, 17, 0.363819
0.182282006531138, 0.811135857461025, -0.00114248314365796, 20, 17, 0.363794
0.182282006531138, 0.814253897550111, -0.00114245409685941, 20, 17, 0.369783
0.182282006531138, 0.817371937639198, -0.00114242486745426, 20, 17, 0.370192
0.182282006531138, 0.820489977728285, -0.00114239545645707, 20, 17, 0.36726
0.182282006531138, 0.823608017817372, -0.00114236586493591, 20, 17, 0.370653
0.182282006531138, 0.826726057906459, -0.0011423360939799, 20, 17, 0.366574
0.182282006531138, 0.829844097995546, -0.00114230614470741, 20, 17, 0.36654
0.182282006531138, 0.832962138084633, -0.00114227601826616, 20, 17, 0.367033
0.182282006531138, 0.836080178173719, -0.00114224571583324, 20, 17, 0.373336
0.182282006531138, 0.839198218262806, -0.00114221523861523, 20, 17, 0.374278
0.182282006531138, 0.842316258351893, -0.00114218458461506, 20, 16, 0.378216
0.182282006531138, 0.84543429844098, -0.00114215376180454, 20, 16, 0.390068
0.182282006531138, 0.848552338530067, -0.00114212276798824, 20, 16, 0.361159
0.182282006531138, 0.851670378619154, -0.00114209160449246, 20, 16, 0.350242
0.182282006531138, 0.854788418708241, -0.00114206027267312, 20, 16, 0.350179
0.182282006531138, 0.857906458797328, -0.00114202877391588, 20, 16, 0.343357
0.182282006531138, 0.861024498886414, -0.00114199710963609, 20, 16, 0.350156
0.182282006531138, 0.864142538975501, -0.00114196528127892, 20, 16, 0.343636
0.182282006531138, 0.867260579064588, -0.00114193329031938, 20, 16, 0.343275
0.182282006531138, 0.870378619153675, -0.00114190113826233, 20, 16, 0.343246
0.182282006531138, 0.873496659242762, -0.00114186882664257, 20, 16, 0.343299
0.182282006531138, 0.876614699331849, -0.0011418363570248, 20, 16, 0.343266
0.182282006531138, 0.879732739420936, -0.00114180373100374, 20, 16, 0.343272
0.182282006531138, 0.882850779510022, -0.00114177095020408, 20, 16, 0.343367
0.182282006531138, 0.885968819599109, -0.00114173801628055, 20, 16, 0.343307
0.182282006531138, 0.889086859688196, -0.00114170493091794, 20, 16, 0.343295
0.182282006531138, 0.892204899777283, -0.00114167169583108, 20, 16, 0.343421
0.182282006531138, 0.89532293986637, -0.0011416383127649, 20, 16, 0.343306
0.182282006531138, 0.898440979955457, -0.00114160478349441, 20, 16, 0.343283
0.182282006531138, 0.901559020044544, -0.00114157110982475, 20, 16, 0.343297
0.182282006531138, 0.90467706013363, -0.00114153729060454, 20, 15, 0.320148
0.182282006531138, 0.907795100222717, -0.00114150333388064, 20, 15, 0.320205
0.182282006531138, 0.910913140311804, -0.00114146923833915, 20, 15, 0.320099
0.182282006531138, 0.914031180400891, -0.00114143500590663, 20, 15, 0.320113
0.182282006531138, 0.917149220489978, -0.00114140063853972, 20, 15, 0.320118
0.182282006531138, 0.920267260579065, -0.0011413661382251, 20, 15, 0.320107
0.182282006531138, 0.923385300668152, -0.00114133150697948, 20, 15, 0.320126
0.182282006531138, 0.926503340757238, -0.00114129674684957, 20, 15, 0.320425
0.182282006531138, 0.929621380846325, -0.00114126185991215, 20, 15, 0.320195
0.182282006531138, 0.932739420935412, -0.00114122684827395, 20, 15, 0.320139
0.182282006531138, 0.935857461024499, -0.00114119171407172, 20, 15, 0.320159
0.182282006531138, 0.938975501113586, -0.00114115645947215, 20, 15, 0.320344
0.182282006531138, 0.942093541202673, -0.00114112108667191, 20, 15, 0.320274
0.182282006531138, 0.945211581291759, -0.00114108559789754, 20, 15, 0.320148
0.182282006531138, 0.948329621380847, -0.0011410499954055, 20, 15, 0.320171
0.182282006531138, 0.951447661469933, -0.00114101428148212, 20, 15, 0.320192
0.182282006531138, 0.95456570155902, -0.00114097845844352, 20, 15, 0.320117
0.182282006531138, 0.957683741648107, -0.00114094252863563, 20, 15, 0.32015
0.182282006531138, 0.960801781737194, -0.00114090649443413, 20, 15, 0.320155
0.182282006531138, 0.963919821826281, -0.0011408703582444, 20, 15, 0.320082
0.182282006531138, 0.967037861915368, -0.0011408341225015, 20, 15, 0.320167
0.182282006531138, 0.970155902004454, -0.0011407977896701, 20, 15, 0.320162
0.182282006531138, 0.973273942093541, -0.0011407613593084, 20, 14, 0.298513
0.182282006531138, 0.976391982182628, -0.00114072484000385, 20, 14, 0.296972
0.182282006531138, 0.979510022271715, -0.00114068823116953, 20, 14, 0.297257
0.182282006531138, 0.982628062360802, -0.00114065153538888, 20, 14, 0.296978
0.182282006531138, 0.985746102449889, -0.00114061475527462, 20, 14, 0.29787
0.182282006531138, 0.988864142538975, -0.00114057789346871, 20, 14, 0.29722
0.182282006531138, 0.991982182628063, -0.00114054095264229, 20, 14, 0.297017
0.182282006531138, 0.995100222717149, -0.0011405039354956, 20, 14, 0.297023
0.182282006531138, 0.998218262806236, -0.00114046684475793, 20, 14, 0.296977
0.182282006531138, 1.00133630289532, -0.00114042968318756, 20, 14, 0.297053
0.182282006531138, 1.00445434298441, -0.00114039245357164, 20, 14, 0.296941
0.182282006531138, 1.0075723830735, -0.00114035515872618, 20, 14, 0.296991
0.182282006531138, 1.01069042316258, -0.00114031780149593, 20, 14, 0.297005
0.182282006531138, 1.01380846325167, -0.00114028038475432, 20, 14, 0.29703
0.182282006531138, 1.01692650334076, -0.00114024291140338, 20, 14, 0.296995
0.182282006531138, 1.02004454342984, -0.00114020538437363, 20, 14, 0.296993
0.182282006531138, 1.02316258351893, -0.00114016780662403, 20, 14, 0.296986
0.182282006531138, 1.02628062360802, -0.00114013018114188, 20, 14, 0.297013
0.182282006531138, 1.0293986636971, -0.00114009251094269, 20, 14, 0.297012
0.182282006531138, 1.03251670378619, -0.00114005479907016, 20, 14, 0.297131
0.182282006531138, 1.03563474387528, -0.00114001704859603, 20, 14, 0.296993
0.182282006531138, 1.03875278396437, -0.00113997926262, 20, 14, 0.296996
0.182282006531138, 1.04187082405345, -0.00113994144426963, 20, 14, 0.297353
0.182282006531138, 1.04498886414254, -0.00113990359670022, 20, 14, 0.297631
0.182282006531138, 1.04810690423163, -0.00113986572309474, 20, 14, 0.296939
0.182282006531138, 1.05122494432071, -0.0011398278266637, 20, 14, 0.296941
0.182282006531138, 1.0543429844098, -0.00113978990785378, 20, 13, 0.273794
0.182282006531138, 1.05746102449889, -0.00113975197568241, 20, 13, 0.273813
0.182282006531138, 1.06057906458797, -0.0011397140304709, 20, 13, 0.273826
0.182282006531138, 1.06369710467706, -0.00113967607553944, 20, 13, 0.273868
0.182282006531138, 1.06681514476615, -0.00113963811423519, 20, 13, 0.273841
0.182282006531138, 1.06993318485523, -0.0011396001499321, 20, 13, 0.273873
0.182282006531138, 1.07305122494432, -0.00113956218603085, 20, 13, 0.273858
0.182282006531138, 1.07616926503341, -0.00113952422595872, 20, 13, 0.273835
0.182282006531138, 1.07928730512249, -0.0011394862731694, 20, 13, 0.273846
0.182282006531138, 1.08240534521158, -0.00113944833114298, 20, 13, 0.273822
0.182282006531138, 1.08552338530067, -0.00113941040338571, 20, 13, 0.273814
0.182282006531138, 1.08864142538976, -0.00113937249342995, 20, 13, 0.273835
0.182282006531138, 1.09175946547884, -0.00113933460483399, 20, 13, 0.27383
0.182282006531138, 1.09487750556793, -0.00113929674118194, 20, 13, 0.273842
0.182282006531138, 1.09799554565702, -0.00113925890608359, 20, 13, 0.27381
0.182282006531138, 1.1011135857461, -0.00113922110317427, 20, 13, 0.273824
0.182282006531138, 1.10423162583519, -0.00113918333611471, 20, 13, 0.273793
0.182282006531138, 1.10734966592428, -0.00113914560859092, 20, 13, 0.273891
0.182282006531138, 1.11046770601336, -0.00113910792431399, 20, 13, 0.274069
0.182282006531138, 1.11358574610245, -0.00113907028702002, 20, 13, 0.27457
0.182282006531138, 1.11670378619154, -0.00113903270046992, 20, 13, 0.273845
0.182282006531138, 1.11982182628062, -0.00113899516844927, 20, 13, 0.273978
0.182282006531138, 1.12293986636971, -0.00113895769476819, 20, 13, 0.27382
0.182282006531138, 1.1260579064588, -0.00113892028326117, 20, 13, 0.273859
0.182282006531138, 1.12917594654788, -0.00113888293778692, 20, 13, 0.27394
0.182282006531138, 1.13229398663697, -0.00113884566222822, 20, 13, 0.273906
0.182282006531138, 1.13541202672606, -0.00113880846049176, 20, 13, 0.273848
0.182282006531138, 1.13853006681514, -0.00113877133650797, 20, 13, 0.273832
0.182282006531138, 1.14164810690423, -0.00113873429423089, 20, 13, 0.273864
0.182282006531138, 1.14476614699332, -0.00113869733763796, 20, 13, 0.273836
0.182282006531138, 1.14788418708241, -0.0011386604707299, 20, 13, 0.273834
0.182282006531138, 1.15100222717149, -0.00113862369496231, 20, 12, 0.250651
0.182282006531138, 1.15412026726058, -0.00113858701966287, 20, 12, 0.250712
0.182282006531138, 1.15723830734967, -0.00113855044618028, 20, 12, 0.250673
0.182282006531138, 1.16035634743875, -0.00113851397860709, 20, 12, 0.250665
0.182282006531138, 1.16347438752784, -0.00113847762105826, 20, 12, 0.250661
0.182282006531138, 1.16659242761693, -0.00113844137767097, 20, 12, 0.250657
0.182282006531138, 1.16971046770601, -0.00113840525260446, 20, 12, 0.250673
0.182282006531138, 1.1728285077951, -0.00113836925003984, 20, 12, 0.250654
0.182282006531138, 1.17594654788419, -0.00113833337417994, 20, 12, 0.250695
0.182282006531138, 1.17906458797327, -0.00113829762924908, 20, 12, 0.25099
0.182282006531138, 1.18218262806236, -0.00113826201949298, 20, 12, 0.251541
0.182282006531138, 1.18530066815145, -0.00113822654917847, 20, 12, 0.250632
0.182282006531138, 1.18841870824053, -0.00113819122259341, 20, 12, 0.25061
0.182282006531138, 1.19153674832962, -0.00113815604404645, 20, 12, 0.250693
0.182282006531138, 1.19465478841871, -0.00113812101786684, 20, 12, 0.250586
0.182282006531138, 1.1977728285078, -0.00113808614840429, 20, 12, 0.250643
0.182282006531138, 1.20089086859688, -0.00113805144002875, 20, 12, 0.25058
0.182282006531138, 1.20400890868597, -0.00113801689713023, 20, 12, 0.250568
0.182282006531138, 1.20712694877506, -0.0011379825241186, 20, 12, 0.250565
0.182282006531138, 1.21024498886414, -0.00113794832542341, 20, 12, 0.250601
0.182282006531138, 1.21336302895323, -0.00113791430549371, 20, 12, 0.250585
0.182282006531138, 1.21648106904232, -0.00113788046879785, 20, 12, 0.250579
0.182282006531138, 1.2195991091314, -0.00113784681982327, 20, 12, 0.25058
0.182282006531138, 1.22271714922049, -0.00113781336307631, 20, 12, 0.250576
0.182282006531138, 1.22583518930958, -0.00113778010309424, 20, 12, 0.253251
0.182282006531138, 1.22895322939866, -0.00113774704439624, 20, 12, 0.253274
0.182282006531138, 1.23207126948775, -0.00113771419155639, 20, 12, 0.253427
0.182282006531138, 1.23518930957684, -0.00113768154915473, 20, 12, 0.253265
0.182282006531138, 1.23830734966592, -0.00113764912178916, 20, 12, 0.25328
0.182282006531138, 1.24142538975501, -0.00113761691407535, 20, 12, 0.253294
0.182282006531138, 1.2445434298441, -0.00113758493064645, 20, 12, 0.253251
0.182282006531138, 1.24766146993318, -0.00113755317615293, 20, 12, 0.253207
0.182282006531138, 1.25077951002227, -0.00113752165526238, 20, 12, 0.253224
0.182282006531138, 1.25389755011136, -0.00113749037265928, 20, 12, 0.253469
0.182282006531138, 1.25701559020045, -0.00113745933304481, 20, 12, 0.253475
0.182282006531138, 1.26013363028953, -0.00113742854113664, 20, 12, 0.253611
0.182282006531138, 1.26325167037862, -0.00113739800166874, 20, 12, 0.25324
0.182282006531138, 1.26636971046771, -0.00113736771705732, 20, 11, 0.230095
0.182282006531138, 1.26948775055679, -0.00113733769685664, 20, 11, 0.230158
0.182282006531138, 1.27260579064588, -0.0011373079433875, 20, 11, 0.230118
0.182282006531138, 1.27572383073497, -0.00113727846144723, 20, 11, 0.230157
0.182282006531138, 1.27884187082405, -0.00113724925584839, 20, 11, 0.230147
0.182282006531138, 1.28195991091314, -0.00113722033141852, 20, 11, 0.230082
0.182282006531138, 1.28507795100223, -0.001137191693, 20, 11, 0.230124
0.182282006531138, 1.28819599109131, -0.00113716334544976, 20, 11, 0.230093
0.182282006531138, 1.2913140311804, -0.00113713529363913, 20, 11, 0.230181
0.182282006531138, 1.29443207126949, -0.00113710754245359, 20, 11, 0.230172
0.182282006531138, 1.29755011135857, -0.00113708009679256, 20, 11, 0.230197
0.182282006531138, 1.30066815144766, -0.0011370529615692, 20, 11, 0.230197
0.182282006531138, 1.30378619153675, -0.00113702614171018, 20, 11, 0.230183
0.182282006531138, 1.30690423162584, -0.00113699964215548, 20, 11, 0.230184
0.182282006531138, 1.31002227171492, -0.00113697346785815, 20, 11, 0.230188
0.182282006531138, 1.31314031180401, -0.00113694762378412, 20, 11, 0.23023
0.182282006531138, 1.3162583518931, -0.00113692211491196, 20, 11, 0.230847
0.182282006531138, 1.31937639198218, -0.00113689694623267, 20, 11, 0.230589
0.182282006531138, 1.32249443207127, -0.00113687212274948, 20, 11, 0.230409
0.182282006531138, 1.32561247216036, -0.0011368476494776, 20, 11, 0.230199
0.182282006531138, 1.32873051224944, -0.00113682353144401, 20, 11, 0.23024
0.182282006531138, 1.33184855233853, -0.00113679977368726, 20, 11, 0.230324
0.182282006531138, 1.33496659242762, -0.00113677638125723, 20, 11, 0.230595
0.182282006531138, 1.3380846325167, -0.00113675335921492, 20, 11, 0.23021
0.182282006531138, 1.34120267260579, -0.00113673071263222, 20, 11, 0.230217
0.182282006531138, 1.34432071269488, -0.00113670844659171, 20, 11, 0.230199
0.182282006531138, 1.34743875278396, -0.00113668656618638, 20, 11, 0.230187
0.182282006531138, 1.35055679287305, -0.00113666507651951, 20, 11, 0.234573
0.182282006531138, 1.35367483296214, -0.00113664398270436, 20, 11, 0.230195
0.182282006531138, 1.35679287305122, -0.00113662328986397, 20, 11, 0.230355
0.182282006531138, 1.35991091314031, -0.00113660300313096, 20, 11, 0.230205
0.182282006531138, 1.3630289532294, -0.00113658312764729, 20, 11, 0.230169
0.182282006531138, 1.36614699331849, -0.00113656366856406, 20, 11, 0.230147
0.182282006531138, 1.36926503340757, -0.00113654463104124, 20, 11, 0.230335
0.182282006531138, 1.37238307349666, -0.00113652602024749, 20, 11, 0.230321
0.182282006531138, 1.37550111358575, -0.00113650784135994, 20, 11, 0.230156
0.182282006531138, 1.37861915367483, -0.00113649009956391, 20, 11, 0.230154
0.182282006531138, 1.38173719376392, -0.00113647280005277, 20, 11, 0.23014
0.182282006531138, 1.38485523385301, -0.00113645594802766, 20, 11, 0.230138
0.182282006531138, 1.38797327394209, -0.00113643954869726, 20, 11, 0.230133
0.182282006531138, 1.39109131403118, -0.00113642360727764, 20, 11, 0.233819
0.182282006531138, 1.39420935412027, -0.00113640812899193, 20, 11, 0.231622
0.182282006531138, 1.39732739420935, -0.00113639311907019, 20, 11, 0.230281
0.182282006531138, 1.40044543429844, -0.00113637858274913, 20, 11, 0.230183
0.182282006531138, 1.40356347438753, -0.00113636452527193, 20, 11, 0.230197
0.182282006531138, 1.40668151447661, -0.00113635094981077, 20, 10, 0.207019
0.182282006531138, 1.4097995545657, -0.0011363378658734, 20, 10, 0.209499
0.182282006531138, 1.41291759465479, -0.00113632527654123, 20, 10, 0.20901
0.182282006531138, 1.41603563474388, -0.00113631318708119, 20, 10, 0.207595
0.182282006531138, 1.41915367483296, -0.00113630160276555, 20, 10, 0.207161
0.182282006531138, 1.42227171492205, -0.00113629052887167, 20, 10, 0.207011
0.182282006531138, 1.42538975501114, -0.00113627997068181, 20, 10, 0.208385
0.182282006531138, 1.42850779510022, -0.00113626993348288, 20, 10, 0.209051
0.182282006531138, 1.43162583518931, -0.00113626042256621, 20, 10, 0.20946
0.182282006531138, 1.4347438752784, -0.00113625144322737, 20, 10, 0.207327
0.182282006531138, 1.43786191536748, -0.00113624300076591, 20, 10, 0.211667
0.182282006531138, 1.44097995545657, -0.00113623510048518, 20, 10, 0.20704
0.182282006531138, 1.44409799554566, -0.00113622774769205, 20, 10, 0.206954
0.182282006531138, 1.44721603563474, -0.00113622094769676, 20, 10, 0.209966
0.182282006531138, 1.45033407572383, -0.00113621470581264, 20, 10, 0.208904
0.182282006531138, 1.45345211581292, -0.00113620902735592, 20, 10, 0.207233
0.182282006531138, 1.456570155902, -0.00113620391764553, 20, 10, 0.207299
0.182282006531138, 1.45968819599109, -0.00113619938200282, 20, 10, 0.207134
0.182282006531138, 1.46280623608018, -0.00113619542575142, 20, 10, 0.207076
0.182282006531138, 1.46592427616927, -0.00113619205421695, 20, 10, 0.207091
0.182282006531138, 1.46904231625835, -0.00113618927272685, 20, 10, 0.207064
0.182282006531138, 1.47216035634744, -0.00113618708661015, 20, 10, 0.207039
0.182282006531138, 1.47527839643653, -0.00113618550119723, 20, 10, 0.207719
0.182282006531138, 1.47839643652561, -0.00113618452181966, 20, 10, 0.210699
0.182282006531138, 1.4815144766147, -0.00113618415380991, 20, 10, 0.207136
0.182282006531138, 1.48463251670379, -0.00113618440250119, 20, 10, 0.20902
0.182282006531138, 1.48775055679287, -0.00113618527322723, 20, 10, 0.207331
0.182282006531138, 1.49086859688196, -0.00113618677132203, 20, 10, 0.209299
0.182282006531138, 1.49398663697105, -0.00113618890211968, 20, 10, 0.207771
0.182282006531138, 1.49710467706013, -0.00113619167095414, 20, 10, 0.20711
0.182282006531138, 1.50022271714922, -0.00113619508315902, 20, 10, 0.207291
0.182282006531138, 1.50334075723831, -0.00113619914406737, 20, 10, 0.208192
0.182282006531138, 1.50645879732739, -0.00113620385901147, 20, 10, 0.208014
0.182282006531138, 1.50957683741648, -0.00113620923332262, 20, 10, 0.207774
0.182282006531138, 1.51269487750557, -0.00113621527233091, 20, 10, 0.207695
0.182282006531138, 1.51581291759465, -0.00113622198136506, 20, 10, 0.207476
0.182282006531138, 1.51893095768374, -0.00113622936575214, 20, 10, 0.207611
0.182282006531138, 1.52204899777283, -0.00113623743081744, 20, 10, 0.207548
0.182282006531138, 1.52516703786192, -0.00113624618188419, 20, 10, 0.207849
0.182282006531138, 1.528285077951, -0.00113625562427339, 20, 10, 0.207635
0.182282006531138, 1.53140311804009, -0.00113626576330361, 20, 10, 0.208096
0.182282006531138, 1.53452115812918, -0.00113627660429075, 20, 10, 0.209935
0.182282006531138, 1.53763919821826, -0.00113628815254788, 20, 10, 0.207494
0.182282006531138, 1.54075723830735, -0.001136300413385, 20, 10, 0.208025
0.182282006531138, 1.54387527839644, -0.00113631339210883, 20, 10, 0.207565
0.182282006531138, 1.54699331848552, -0.00113632709402265, 20, 10, 0.207612
0.182282006531138, 1.55011135857461, -0.00113634152442606, 20, 10, 0.207631
0.182282006531138, 1.5532293986637, -0.00113635668861479, 20, 10, 0.207405
0.182282006531138, 1.55634743875278, -0.0011363725918805, 20, 10, 0.207453
0.182282006531138, 1.55946547884187, -0.00113638923951057, 20, 10, 0.207103
0.182282006531138, 1.56258351893096, -0.00113640663678792, 20, 10, 0.207607
0.182282006531138, 1.56570155902004, -0.00113642478899079, 20, 10, 0.207017
0.182282006531138, 1.56881959910913, -0.00113644370139258, 20, 10, 0.207039
0.182282006531138, 1.57193763919822, -0.00113646337926158, 20, 10, 0.207034
0.182282006531138, 1.57505567928731, -0.00113648382786086, 20, 10, 0.207073
0.182282006531138, 1.57817371937639, -0.00113650505244802, 20, 10, 0.211172
0.182282006531138, 1.58129175946548, -0.0011365270564873, 20, 9, 0.184393
0.182282006531138, 1.58440979955457, -0.00113654984887634, 20, 9, 0.183873
0.182282006531138, 1.58752783964365, -0.00113657343298813, 20, 9, 0.185981
0.182282006531138, 1.59064587973274, -0.00113659781405667, 20, 9, 0.185166
0.182282006531138, 1.59376391982183, -0.00113662299730951, 20, 9, 0.184352
0.182282006531138, 1.59688195991091, -0.00113664898796758, 20, 9, 0.184261
0.182282006531138, 1.6, -0.00113667579124501, 20, 9, 0.18384
# finished at Tue Apr 29 20:46:07 CEST 2014
