# starting on alcc119 at Fr 16. Feb 08:42:42 CET 2018
# compiler: icc
# compile time: Feb  1 2018 09:49:34
# compiled on: Linux alcc83 3.16.0-4-amd64 #1 SMP Debian 3.16.51-3 (2017-12-13) x86_64 GNU/Linux
# LAPACK support: false
# git HEAD: b96c9c30c7b1cdd2d059ceccd0396c6d55d3da95
# git branch: dev
#
# LbyR = 0.019825
# L = 1.130025e-07
# R = 5.7e-06
# T = 300
# cutoff = 5e-08
# epsrel = 1e-07
# iepsrel = 2e-07
# ldim = 404
# cores = 4
# alpha = 0.0388792194739293
# filename = /alcc/gpfs1/home/u/hartmmic/libcasimir-dev/data/materials/GoldDalvit.dat
# model = optical data (xi=0: Drude)
# plasma = -11.4502334999593 (logdetD(xi=0) for plasma model with omegap=1.36734e+16eV)
#
# xi=0, logdetD=-7.16318250271627, t=0.961356
# xi=4.785065729244, logdetD=-9.25970627223482, t=10.073
# xi=9.570131458488, logdetD=-7.21458628997692, t=10.2529
# xi=14.355197187732, logdetD=-5.59709025508442, t=10.6582
# xi=19.140262916976, logdetD=-4.34810071255778, t=10.6996
# xi=23.92532864622, logdetD=-3.38511559769931, t=10.7432
# xi=28.710394375464, logdetD=-2.64096137073737, t=11.3103
# xi=33.495460104708, logdetD=-2.06673240651209, t=11.5286
# xi=38.280525833952, logdetD=-1.61676773936073, t=11.2399
# xi=43.065591563196, logdetD=-1.26935985509295, t=11.3001
# xi=47.85065729244, logdetD=-0.997062498599271, t=11.497
# xi=52.635723021684, logdetD=-0.784408521851189, t=11.5671
# xi=57.420788750928, logdetD=-0.618287272548304, t=11.2616
# xi=62.205854480172, logdetD=-0.487682037216477, t=11.5344
# xi=66.990920209416, logdetD=-0.385358041044268, t=11.6659
# xi=71.77598593866, logdetD=-0.304828130505782, t=11.4326
# xi=76.561051667904, logdetD=-0.241304386815526, t=11.4334
# xi=81.346117397148, logdetD=-0.191361436483483, t=11.6319
# xi=86.131183126392, logdetD=-0.151846139920043, t=11.5912
# xi=90.916248855636, logdetD=-0.120610385567872, t=11.5449
# xi=95.70131458488, logdetD=-0.0959113651035135, t=11.3877
# xi=100.486380314124, logdetD=-0.0763148721859286, t=11.5684
# xi=105.271446043368, logdetD=-0.060789567456087, t=11.5528
# xi=110.056511772612, logdetD=-0.048458945651818, t=11.615
# xi=114.841577501856, logdetD=-0.0386512141147642, t=11.602
# xi=119.6266432311, logdetD=-0.0308629629111059, t=11.5252
# xi=124.411708960344, logdetD=-0.024655900668737, t=11.5037
# xi=129.196774689588, logdetD=-0.0197107449168246, t=11.3586
# xi=133.981840418832, logdetD=-0.0157697843346678, t=11.4035
# xi=138.766906148076, logdetD=-0.0126224391546764, t=11.2382
# xi=143.55197187732, logdetD=-0.0101109193953808, t=11.4141
# xi=148.337037606564, logdetD=-0.00810351837230472, t=11.0448
# xi=153.122103335808, logdetD=-0.00649744438621839, t=11.3582
# xi=157.907169065052, logdetD=-0.00521371072053075, t=11.1152
# xi=162.692234794296, logdetD=-0.00418518199293965, t=11.1637
# xi=167.47730052354, logdetD=-0.00336126032440316, t=10.9586
# xi=172.262366252784, logdetD=-0.00270107723685098, t=10.9312
# xi=177.047431982028, logdetD=-0.00217131899574291, t=10.8531
# xi=181.832497711272, logdetD=-0.0017464385804811, t=10.6833
# xi=186.617563440516, logdetD=-0.00140527636777637, t=10.6681
# xi=191.40262916976, logdetD=-0.00113113935490394, t=10.6414
# xi=196.187694899004, logdetD=-0.000911000456958513, t=10.6536
# xi=200.972760628248, logdetD=-0.000733923729970963, t=10.4725
# xi=205.757826357492, logdetD=-0.000591498545336426, t=10.156
# xi=210.542892086736, logdetD=-0.00047691947442717, t=10.3203
# xi=215.32795781598, logdetD=-0.000384642952955464, t=10.1996
# xi=220.113023545224, logdetD=-0.000310354866291526, t=10.2464
# xi=224.898089274468, logdetD=-0.000250495501011633, t=10.0558
# xi=229.683155003712, logdetD=-0.000202236260673603, t=9.77996
# xi=234.468220732956, logdetD=-0.000163346654237675, t=9.67695
# xi=239.2532864622, logdetD=-0.000131967536217329, t=9.78187
# xi=244.038352191444, logdetD=-0.00010664986205922, t=9.43513
# xi=248.823417920688, logdetD=-8.62189555615804e-05, t=9.51344
# xi=253.608483649932, logdetD=-6.97179161344207e-05, t=9.51195
# xi=258.393549379176, logdetD=-5.63944776348905e-05, t=9.30695
# xi=263.17861510842, logdetD=-4.56291476821601e-05, t=9.19502
# xi=267.963680837664, logdetD=-3.69270992058461e-05, t=9.04336
# xi=272.748746566908, logdetD=-2.98952147544943e-05, t=9.04527
# xi=277.533812296152, logdetD=-2.42072635147945e-05, t=8.96953
# xi=282.318878025396, logdetD=-1.96065660822145e-05, t=8.86222
# xi=287.10394375464, logdetD=-1.58846869183264e-05, t=8.47654
# xi=291.889009483884, logdetD=-1.28717715783629e-05, t=8.48166
# xi=296.674075213128, logdetD=-1.04440824912736e-05, t=8.33317
# xi=301.459140942372, logdetD=-8.48265913507099e-06, t=8.16229
# xi=306.244206671616, logdetD=-6.88551522662681e-06, t=8.05778
# xi=311.02927240086, logdetD=-5.58561925225991e-06, t=7.94977
# xi=315.814338130104, logdetD=-4.52817938621179e-06, t=7.66311
# xi=320.599403859348, logdetD=-3.66842277976588e-06, t=7.88225
# xi=325.384469588592, logdetD=-2.97408790530263e-06, t=7.65844
# xi=330.169535317836, logdetD=-2.4182888759178e-06, t=7.37505
# xi=334.95460104708, logdetD=-1.96536578563925e-06, t=7.27642
# xi=339.739666776324, logdetD=-1.59643063467418e-06, t=7.14678
# xi=344.524732505568, logdetD=-1.29603967512615e-06, t=6.94508
# xi=349.309798234812, logdetD=-1.0515684286727e-06, t=6.86247
# xi=354.094863964056, logdetD=-8.53196834019872e-07, t=6.84883
# xi=358.8799296933, logdetD=-6.9444994292383e-07, t=6.493
#
# 4129 determinants computed
#
# L/R, L, R, T, ldim, F*(L+R)/(ħc)
0.019825, 1.130025e-07, 5.7e-06, 300, 404, -69.66485970557682
# finished at Fr 16. Feb 08:55:18 CET 2018
