# starting on alcc114 at Fr 16. Feb 10:20:50 CET 2018
# compiler: icc
# compile time: Feb  1 2018 09:49:34
# compiled on: Linux alcc83 3.16.0-4-amd64 #1 SMP Debian 3.16.51-3 (2017-12-13) x86_64 GNU/Linux
# LAPACK support: false
# git HEAD: b96c9c30c7b1cdd2d059ceccd0396c6d55d3da95
# git branch: dev
#
# LbyR = 0.01125
# L = 6.4125e-08
# R = 5.7e-06
# T = 300
# cutoff = 5e-08
# epsrel = 1e-07
# iepsrel = 2e-07
# ldim = 712
# cores = 4
# alpha = 0.0222496909765142
# filename = /alcc/gpfs1/home/u/hartmmic/libcasimir-dev/data/materials/GoldDalvit.dat
# model = optical data (xi=0: Drude)
# plasma = -19.4811339524541 (logdetD(xi=0) for plasma model with omegap=1.36734e+16eV)
#
# xi=0, logdetD=-12.9067282305731, t=2.03816
# xi=4.74483143548942, logdetD=-16.9086667876857, t=27.476
# xi=9.48966287097883, logdetD=-14.4232205121511, t=27.7998
# xi=14.2344943064683, logdetD=-12.2211317395446, t=28.584
# xi=18.9793257419577, logdetD=-10.3503428685571, t=29.5666
# xi=23.7241571774471, logdetD=-8.77372367822638, t=29.9443
# xi=28.4689886129365, logdetD=-7.44629302167049, t=30.405
# xi=33.2138200484259, logdetD=-6.33492508936809, t=30.6834
# xi=37.9586514839153, logdetD=-5.3851308720212, t=31.173
# xi=42.7034829194048, logdetD=-4.59249344067461, t=31.0221
# xi=47.4483143548942, logdetD=-3.91735927657538, t=32.5537
# xi=52.1931457903836, logdetD=-3.34598035048139, t=32.448
# xi=56.937977225873, logdetD=-2.86282750816458, t=32.7984
# xi=61.6828086613624, logdetD=-2.45081015490816, t=33.411
# xi=66.4276400968518, logdetD=-2.10155643090806, t=33.2567
# xi=71.1724715323413, logdetD=-1.8038028005269, t=33.0101
# xi=75.9173029678307, logdetD=-1.5492462477798, t=33.1228
# xi=80.6621344033201, logdetD=-1.3328507118279, t=33.8063
# xi=85.4069658388095, logdetD=-1.14729546797706, t=33.7351
# xi=90.1517972742989, logdetD=-0.988483022339995, t=33.2827
# xi=94.8966287097883, logdetD=-0.852580648454073, t=33.5321
# xi=99.6414601452778, logdetD=-0.735755785428766, t=33.5777
# xi=104.386291580767, logdetD=-0.63560071658207, t=33.7694
# xi=109.131123016257, logdetD=-0.549462819343598, t=33.4526
# xi=113.875954451746, logdetD=-0.47524576845113, t=34.0237
# xi=118.620785887235, logdetD=-0.411489291603301, t=34.1555
# xi=123.365617322725, logdetD=-0.356444735194246, t=33.8512
# xi=128.110448758214, logdetD=-0.308963609934166, t=34.1638
# xi=132.855280193704, logdetD=-0.268006387958077, t=33.6519
# xi=137.600111629193, logdetD=-0.232575944022745, t=33.9369
# xi=142.344943064683, logdetD=-0.201975259027829, t=34.0036
# xi=147.089774500172, logdetD=-0.175490790350685, t=34.0045
# xi=151.834605935661, logdetD=-0.152540603828497, t=34.297
# xi=156.579437371151, logdetD=-0.132689885215808, t=34.105
# xi=161.32426880664, logdetD=-0.115463289221741, t=34.1887
# xi=166.06910024213, logdetD=-0.100521785990208, t=34.026
# xi=170.813931677619, logdetD=-0.0875615069191207, t=33.9265
# xi=175.558763113108, logdetD=-0.0762975107647298, t=34.042
# xi=180.303594548598, logdetD=-0.0665183324324101, t=34.0305
# xi=185.048425984087, logdetD=-0.0580154556606107, t=34.1444
# xi=189.793257419577, logdetD=-0.0506157501375111, t=34.2747
# xi=194.538088855066, logdetD=-0.0441842828252104, t=33.7998
# xi=199.282920290556, logdetD=-0.0385810948017136, t=34.1361
# xi=204.027751726045, logdetD=-0.0337012494933932, t=33.9519
# xi=208.772583161534, logdetD=-0.0294510246264058, t=33.8568
# xi=213.517414597024, logdetD=-0.0257437612788388, t=34.2282
# xi=218.262246032513, logdetD=-0.022512650006936, t=33.4865
# xi=223.007077468003, logdetD=-0.0196932732442097, t=33.8737
# xi=227.751908903492, logdetD=-0.0172315209023759, t=33.9543
# xi=232.496740338981, logdetD=-0.0150840238405079, t=33.6687
# xi=237.241571774471, logdetD=-0.0132072931804743, t=33.645
# xi=241.98640320996, logdetD=-0.0115676157985589, t=33.3956
# xi=246.73123464545, logdetD=-0.0101349194069541, t=33.499
# xi=251.476066080939, logdetD=-0.00888165649283291, t=33.2467
# xi=256.220897516429, logdetD=-0.00778602335585449, t=33.2515
# xi=260.965728951918, logdetD=-0.00682730389924049, t=33.1032
# xi=265.710560387407, logdetD=-0.00598795319553054, t=33.0832
# xi=270.455391822897, logdetD=-0.00525362682887154, t=32.8475
# xi=275.200223258386, logdetD=-0.00461027226506681, t=32.441
# xi=279.945054693876, logdetD=-0.00404673321849279, t=32.6252
# xi=284.689886129365, logdetD=-0.00355306135451292, t=32.0536
# xi=289.434717564854, logdetD=-0.00312020265269879, t=32.1367
# xi=294.179549000344, logdetD=-0.00274365465773027, t=32.2077
# xi=298.924380435833, logdetD=-0.0024149162176474, t=32.1294
# xi=303.669211871323, logdetD=-0.00212432526637741, t=32.5202
# xi=308.414043306812, logdetD=-0.00186755748696408, t=32.2222
# xi=313.158874742302, logdetD=-0.00164077056716511, t=32.1614
# xi=317.903706177791, logdetD=-0.00144055108343694, t=31.9274
# xi=322.64853761328, logdetD=-0.00126568521472901, t=31.8375
# xi=327.39336904877, logdetD=-0.0011153002257118, t=31.4947
# xi=332.138200484259, logdetD=-0.000982295011386835, t=31.549
# xi=336.883031919749, logdetD=-0.000864702550538035, t=30.9859
# xi=341.627863355238, logdetD=-0.00076077499846626, t=30.879
# xi=346.372694790727, logdetD=-0.000668959544489861, t=30.8531
# xi=351.117526226217, logdetD=-0.000588216138272644, t=30.9234
# xi=355.862357661706, logdetD=-0.000518852803850337, t=30.282
# xi=360.607189097196, logdetD=-0.000457472693615332, t=30.7481
# xi=365.352020532685, logdetD=-0.00040317407211701, t=29.9471
# xi=370.096851968175, logdetD=-0.000355155603383323, t=30.3442
# xi=374.841683403664, logdetD=-0.000312705287549949, t=29.9665
# xi=379.586514839153, logdetD=-0.000275190622541009, t=29.9254
# xi=384.331346274643, logdetD=-0.00024294466116951, t=29.3479
# xi=389.076177710132, logdetD=-0.000214411967086816, t=29.7897
# xi=393.821009145622, logdetD=-0.000189156997245398, t=29.2537
# xi=398.565840581111, logdetD=-0.000166809726971781, t=29.1836
# xi=403.310672016601, logdetD=-0.000147041334670128, t=28.8045
# xi=408.05550345209, logdetD=-0.00012955966525655, t=28.9092
# xi=412.800334887579, logdetD=-0.000114416387889265, t=28.632
# xi=417.545166323069, logdetD=-0.000101066757646093, t=28.6808
# xi=422.289997758558, logdetD=-8.92443422613898e-05, t=28.149
# xi=427.034829194048, logdetD=-7.87771628435278e-05, t=28.2291
# xi=431.779660629537, logdetD=-6.95123639712637e-05, t=27.73
# xi=436.524492065026, logdetD=-6.13141088913494e-05, t=27.6767
# xi=441.269323500516, logdetD=-5.41676288632022e-05, t=26.9779
# xi=446.014154936005, logdetD=-4.78853342420817e-05, t=27.5681
# xi=450.758986371495, logdetD=-4.23189005196978e-05, t=26.7945
# xi=455.503817806984, logdetD=-3.73879196790635e-05, t=26.9185
# xi=460.248649242474, logdetD=-3.30209109616271e-05, t=26.6041
# xi=464.993480677963, logdetD=-2.91543381406787e-05, t=26.4388
# xi=469.738312113452, logdetD=-2.57662938920634e-05, t=26.1055
# xi=474.483143548942, logdetD=-2.2794315052365e-05, t=26.5463
# xi=479.227974984431, logdetD=-2.01597141627194e-05, t=25.9173
# xi=483.972806419921, logdetD=-1.78246923062876e-05, t=25.8877
# xi=488.71763785541, logdetD=-1.57556395395911e-05, t=25.325
# xi=493.462469290899, logdetD=-1.39226753779762e-05, t=25.5627
# xi=498.207300726389, logdetD=-1.23096046824262e-05, t=24.8793
# xi=502.952132161878, logdetD=-1.08969272268838e-05, t=24.6988
# xi=507.696963597368, logdetD=-9.64404214073144e-06, t=24.5832
# xi=512.441795032857, logdetD=-8.53309158488396e-06, t=24.2304
# xi=517.186626468347, logdetD=-7.548193406513e-06, t=24.0191
# xi=521.931457903836, logdetD=-6.67522463412707e-06, t=23.896
# xi=526.676289339325, logdetD=-5.90418372138214e-06, t=23.581
# xi=531.421120774815, logdetD=-5.22976352511855e-06, t=23.2601
# xi=536.165952210304, logdetD=-4.63136961291923e-06, t=23.1625
# xi=540.910783645794, logdetD=-4.10052650289835e-06, t=23.1482
# xi=545.655615081283, logdetD=-3.6296947933887e-06, t=22.6708
# xi=550.400446516772, logdetD=-3.21216836404882e-06, t=22.4508
# xi=555.145277952262, logdetD=-2.84225240553097e-06, t=22.204
# xi=559.890109387751, logdetD=-2.51899203700526e-06, t=21.8498
# xi=564.634940823241, logdetD=-2.23205467698831e-06, t=21.9826
# xi=569.37977225873, logdetD=-1.97740058710206e-06, t=21.6635
# xi=574.12460369422, logdetD=-1.75143566228538e-06, t=21.0259
# xi=578.869435129709, logdetD=-1.55096210557552e-06, t=21.0415
# xi=583.614266565198, logdetD=-1.37313546076811e-06, t=20.4132
# xi=588.359098000688, logdetD=-1.21736414528051e-06, t=20.6778
#
# 8900 determinants computed
#
# L/R, L, R, T, ldim, F*(L+R)/(ħc)
0.01125, 6.4125e-08, 5.7e-06, 300, 712, -182.4283541422043
# finished at Fr 16. Feb 11:22:53 CET 2018
