# starting on alcc118 at Fr 16. Feb 08:43:26 CET 2018
# compiler: icc
# compile time: Feb  1 2018 09:49:34
# compiled on: Linux alcc83 3.16.0-4-amd64 #1 SMP Debian 3.16.51-3 (2017-12-13) x86_64 GNU/Linux
# LAPACK support: false
# git HEAD: b96c9c30c7b1cdd2d059ceccd0396c6d55d3da95
# git branch: dev
#
# LbyR = 0.01335
# L = 7.6095e-08
# R = 5.7e-06
# T = 300
# cutoff = 5e-08
# epsrel = 1e-07
# iepsrel = 2e-07
# ldim = 600
# cores = 4
# alpha = 0.0263482508511373
# filename = /alcc/gpfs1/home/u/hartmmic/libcasimir-dev/data/materials/GoldDalvit.dat
# model = optical data (xi=0: Drude)
# plasma = -16.6490438458076 (logdetD(xi=0) for plasma model with omegap=1.36734e+16eV)
#
# xi=0, logdetD=-10.8154992999907, t=1.86316
# xi=4.75468473191911, logdetD=-14.1964395624102, t=22.0889
# xi=9.50936946383822, logdetD=-11.8353132557556, t=23.288
# xi=14.2640541957573, logdetD=-9.80704339732709, t=24.2046
# xi=19.0187389276764, logdetD=-8.12665020475371, t=24.4444
# xi=23.7734236595956, logdetD=-6.7427346078171, t=24.6965
# xi=28.5281083915147, logdetD=-5.60288197978087, t=25.3703
# xi=33.2827931234338, logdetD=-4.66800744910616, t=25.5382
# xi=38.0374778553529, logdetD=-3.8866050841348, t=25.8131
# xi=42.792162587272, logdetD=-3.24694576537016, t=26.7099
# xi=47.5468473191911, logdetD=-2.7134071672665, t=26.9738
# xi=52.3015320511102, logdetD=-2.27080740493695, t=27.2639
# xi=57.0562167830293, logdetD=-1.90381090081888, t=27.2042
# xi=61.8109015149484, logdetD=-1.5971098060957, t=27.2872
# xi=66.5655862468675, logdetD=-1.34211648986884, t=27.6979
# xi=71.3202709787867, logdetD=-1.12897075860081, t=26.7719
# xi=76.0749557107058, logdetD=-0.950330774499913, t=26.6189
# xi=80.8296404426249, logdetD=-0.801340334805569, t=27.1834
# xi=85.584325174544, logdetD=-0.676089167094032, t=27.5941
# xi=90.3390099064631, logdetD=-0.570958023891034, t=27.4427
# xi=95.0936946383822, logdetD=-0.482713689479461, t=27.6675
# xi=99.8483793703013, logdetD=-0.40833433505607, t=27.4304
# xi=104.60306410222, logdetD=-0.345784566779514, t=27.5292
# xi=109.35774883414, logdetD=-0.293026531862555, t=27.4312
# xi=114.112433566059, logdetD=-0.248451282754453, t=27.6989
# xi=118.867118297978, logdetD=-0.210884698784405, t=27.6383
# xi=123.621803029897, logdetD=-0.1790803510595, t=27.8569
# xi=128.376487761816, logdetD=-0.152173337375591, t=27.8344
# xi=133.131172493735, logdetD=-0.129407149092131, t=27.6853
# xi=137.885857225654, logdetD=-0.110094187308836, t=27.5589
# xi=142.640541957573, logdetD=-0.0937324399621518, t=27.7693
# xi=147.395226689492, logdetD=-0.0798440782466189, t=27.8504
# xi=152.149911421412, logdetD=-0.06804156386424, t=27.8564
# xi=156.904596153331, logdetD=-0.0580272585317225, t=27.9284
# xi=161.65928088525, logdetD=-0.0495047389429464, t=27.7347
# xi=166.413965617169, logdetD=-0.0422547180796982, t=28.0896
# xi=171.168650349088, logdetD=-0.036086435730785, t=27.5316
# xi=175.923335081007, logdetD=-0.0308290065004581, t=27.9025
# xi=180.678019812926, logdetD=-0.0263519126941136, t=27.5442
# xi=185.432704544845, logdetD=-0.0225340217426603, t=27.5074
# xi=190.187389276764, logdetD=-0.0192755645712835, t=27.4535
# xi=194.942074008684, logdetD=-0.0164975138619654, t=27.2924
# xi=199.696758740603, logdetD=-0.0141239562931212, t=27.3237
# xi=204.451443472522, logdetD=-0.0120965352546595, t=27.0769
# xi=209.206128204441, logdetD=-0.0103645543480571, t=27.344
# xi=213.96081293636, logdetD=-0.00888298594918601, t=26.8545
# xi=218.715497668279, logdetD=-0.00761644313133689, t=26.7051
# xi=223.470182400198, logdetD=-0.00653256238892288, t=27.1275
# xi=228.224867132117, logdetD=-0.0056044190523786, t=26.6599
# xi=232.979551864036, logdetD=-0.00481024436291709, t=26.5206
# xi=237.734236595956, logdetD=-0.00412959749540231, t=26.4949
# xi=242.488921327875, logdetD=-0.00354636050732761, t=26.3568
# xi=247.243606059794, logdetD=-0.00304653094453822, t=26.3322
# xi=251.998290791713, logdetD=-0.00261773905493984, t=26.3289
# xi=256.752975523632, logdetD=-0.00225007086934728, t=25.9817
# xi=261.507660255551, logdetD=-0.00193454407488442, t=25.7907
# xi=266.26234498747, logdetD=-0.00166363231267159, t=25.6821
# xi=271.017029719389, logdetD=-0.00143116135845586, t=25.8294
# xi=275.771714451308, logdetD=-0.00123142199081807, t=25.292
# xi=280.526399183228, logdetD=-0.0010598305796003, t=25.854
# xi=285.281083915147, logdetD=-0.000912403008315424, t=24.8466
# xi=290.035768647066, logdetD=-0.000785632278285271, t=25.324
# xi=294.790453378985, logdetD=-0.000677361970042363, t=25.1149
# xi=299.545138110904, logdetD=-0.00058458797883747, t=25.2114
# xi=304.299822842823, logdetD=-0.000504224692011908, t=24.6444
# xi=309.054507574742, logdetD=-0.000434641532138778, t=24.717
# xi=313.809192306661, logdetD=-0.000374419223756258, t=24.4285
# xi=318.56387703858, logdetD=-0.000322322701572676, t=24.2732
# xi=323.3185617705, logdetD=-0.000277677707331644, t=23.9692
# xi=328.073246502419, logdetD=-0.000239918921969814, t=24.1198
# xi=332.827931234338, logdetD=-0.000207191087274799, t=23.4831
# xi=337.582615966257, logdetD=-0.000178834513449018, t=23.6057
# xi=342.337300698176, logdetD=-0.000154274929547496, t=23.5487
# xi=347.091985430095, logdetD=-0.000133012540465302, t=23.3618
# xi=351.846670162014, logdetD=-0.00011467880107261, t=23.3113
# xi=356.601354893933, logdetD=-9.91854206962455e-05, t=22.7892
# xi=361.356039625852, logdetD=-8.57482887052001e-05, t=22.6992
# xi=366.110724357772, logdetD=-7.40983712572782e-05, t=22.4497
# xi=370.865409089691, logdetD=-6.40014335731593e-05, t=22.3409
# xi=375.62009382161, logdetD=-5.52535798261422e-05, t=21.9551
# xi=380.374778553529, logdetD=-4.76773607229939e-05, t=22.3053
# xi=385.129463285448, logdetD=-4.12707869008377e-05, t=21.8981
# xi=389.884148017367, logdetD=-3.57141689213715e-05, t=21.9417
# xi=394.638832749286, logdetD=-3.0893658044688e-05, t=21.3663
# xi=399.393517481205, logdetD=-2.67130184140073e-05, t=21.2426
# xi=404.148202213124, logdetD=-2.30884606716466e-05, t=20.7735
# xi=408.902886945043, logdetD=-1.99470467461174e-05, t=20.4314
# xi=413.657571676963, logdetD=-1.727238524656e-05, t=20.7974
# xi=418.412256408882, logdetD=-1.49598623177692e-05, t=20.4735
# xi=423.166941140801, logdetD=-1.29525257116879e-05, t=19.8998
# xi=427.92162587272, logdetD=-1.12105766860085e-05, t=20.2492
# xi=432.676310604639, logdetD=-9.69935439307667e-06, t=19.7748
# xi=437.430995336558, logdetD=-8.38868285761893e-06, t=19.9009
# xi=442.185680068477, logdetD=-7.26652595289747e-06, t=19.3531
# xi=446.940364800396, logdetD=-6.29859094835431e-06, t=19.285
# xi=451.695049532315, logdetD=-5.45793685276442e-06, t=18.9927
# xi=456.449734264235, logdetD=-4.72800645267887e-06, t=18.5137
# xi=461.204418996154, logdetD=-4.0943770039e-06, t=18.4969
# xi=465.959103728073, logdetD=-3.54448694594364e-06, t=18.0555
# xi=470.713788459992, logdetD=-3.0715249027692e-06, t=18.1595
# xi=475.468473191911, logdetD=-2.66428651117211e-06, t=17.8481
# xi=480.22315792383, logdetD=-2.31041741325588e-06, t=17.7988
# xi=484.977842655749, logdetD=-2.00299209567787e-06, t=17.1701
# xi=489.732527387668, logdetD=-1.73597623494637e-06, t=16.9406
# xi=494.487212119587, logdetD=-1.50411280074e-06, t=16.6926
# xi=499.241896851507, logdetD=-1.30392258319744e-06, t=16.4972
# xi=503.996581583426, logdetD=-1.13178056221872e-06, t=16.4732
# xi=508.751266315345, logdetD=-9.8212604335463e-07, t=16.0147
#
# 7081 determinants computed
#
# L/R, L, R, T, ldim, F*(L+R)/(ħc)
0.01335, 7.609499999999999e-08, 5.7e-06, 300, 600, -137.2375261695157
# finished at Fr 16. Feb 09:26:40 CET 2018
