# starting on alcc124 at Fr 16. Feb 09:45:27 CET 2018
# compiler: icc
# compile time: Feb  1 2018 09:49:34
# compiled on: Linux alcc83 3.16.0-4-amd64 #1 SMP Debian 3.16.51-3 (2017-12-13) x86_64 GNU/Linux
# LAPACK support: false
# git HEAD: b96c9c30c7b1cdd2d059ceccd0396c6d55d3da95
# git branch: dev
#
# LbyR = 0.007925
# L = 4.51725e-08
# R = 5.7e-06
# T = 300
# cutoff = 5e-08
# epsrel = 1e-07
# iepsrel = 2e-07
# ldim = 1010
# cores = 5
# alpha = 0.0157253763920927
# filename = /alcc/gpfs1/home/u/hartmmic/libcasimir-dev/data/materials/GoldDalvit.dat
# model = optical data (xi=0: Drude)
# plasma = -26.6710741123547 (logdetD(xi=0) for plasma model with omegap=1.36734e+16eV)
#
# xi=0, logdetD=-18.4914189453513, t=3.24233
# xi=4.72923038280907, logdetD=-23.8386383906553, t=41.928
# xi=9.45846076561814, logdetD=-21.1193678799429, t=42.7846
# xi=14.1876911484272, logdetD=-18.5691679528613, t=43.5795
# xi=18.9169215312363, logdetD=-16.3046889872673, t=43.8361
# xi=23.6461519140453, logdetD=-14.3187715830629, t=46.2825
# xi=28.3753822968544, logdetD=-12.5827662222824, t=46.7755
# xi=33.1046126796635, logdetD=-11.0783246064464, t=46.1447
# xi=37.8338430624725, logdetD=-9.74291905782933, t=48.0924
# xi=42.5630734452816, logdetD=-8.59279626003292, t=48.0582
# xi=47.2923038280907, logdetD=-7.57829091852367, t=48.897
# xi=52.0215342108998, logdetD=-6.69099952455638, t=48.7912
# xi=56.7507645937088, logdetD=-5.91640013653566, t=49.0269
# xi=61.4799949765179, logdetD=-5.23360167790896, t=49.1454
# xi=66.209225359327, logdetD=-4.63645324713283, t=51.5829
# xi=70.938455742136, logdetD=-4.11084502646111, t=51.2022
# xi=75.6676861249451, logdetD=-3.64681489513478, t=51.9392
# xi=80.3969165077542, logdetD=-3.24018220746242, t=52.3762
# xi=85.1261468905632, logdetD=-2.88020191361399, t=51.5146
# xi=89.8553772733723, logdetD=-2.56235600617878, t=52.4784
# xi=94.5846076561814, logdetD=-2.28187607405552, t=52.6245
# xi=99.3138380389904, logdetD=-2.03306286136591, t=52.9678
# xi=104.0430684218, logdetD=-1.8131409954437, t=51.8584
# xi=108.772298804609, logdetD=-1.61804979926012, t=51.233
# xi=113.501529187418, logdetD=-1.44463616346952, t=47.8449
# xi=118.230759570227, logdetD=-1.29110170396826, t=49.1827
# xi=122.959989953036, logdetD=-1.15435648823519, t=48.0066
# xi=127.689220335845, logdetD=-1.03272264881861, t=47.8343
# xi=132.418450718654, logdetD=-0.924555495198654, t=49.5634
# xi=137.147681101463, logdetD=-0.828040553873867, t=53.0432
# xi=141.876911484272, logdetD=-0.742111132599407, t=53.1518
# xi=146.606141867081, logdetD=-0.665422000721242, t=52.7835
# xi=151.33537224989, logdetD=-0.596884410173263, t=53.6291
# xi=156.064602632699, logdetD=-0.535786375356218, t=51.4822
# xi=160.793833015508, logdetD=-0.48110342390236, t=48.9524
# xi=165.523063398317, logdetD=-0.432201441325323, t=48.8916
# xi=170.252293781126, logdetD=-0.388473586265466, t=48.8111
# xi=174.981524163936, logdetD=-0.349280273074046, t=49.1907
# xi=179.710754546745, logdetD=-0.314204341790327, t=51.2166
# xi=184.439984929554, logdetD=-0.282758106576014, t=52.3757
# xi=189.169215312363, logdetD=-0.254537565977152, t=53.2391
# xi=193.898445695172, logdetD=-0.229256484972392, t=53.6637
# xi=198.627676077981, logdetD=-0.206543341876678, t=53.0196
# xi=203.35690646079, logdetD=-0.186148800107553, t=51.4257
# xi=208.086136843599, logdetD=-0.167836706243743, t=49.2848
# xi=212.815367226408, logdetD=-0.151365505524612, t=48.9653
# xi=217.544597609217, logdetD=-0.136566797001595, t=49.4279
# xi=222.273827992026, logdetD=-0.123252628028403, t=49.6769
# xi=227.003058374835, logdetD=-0.11126495350214, t=49.0193
# xi=231.732288757644, logdetD=-0.100485703684942, t=49.3144
# xi=236.461519140453, logdetD=-0.0907716910760088, t=49.7511
# xi=241.190749523262, logdetD=-0.0820213585535391, t=48.6431
# xi=245.919979906072, logdetD=-0.0741390186666424, t=48.8351
# xi=250.649210288881, logdetD=-0.0670288391333372, t=49.384
# xi=255.37844067169, logdetD=-0.0606208229480234, t=48.8343
# xi=260.107671054499, logdetD=-0.0548392600296236, t=48.8744
# xi=264.836901437308, logdetD=-0.0496198121822829, t=49.4003
# xi=269.566131820117, logdetD=-0.0449125658001522, t=49.1054
# xi=274.295362202926, logdetD=-0.0406598355582081, t=49.1521
# xi=279.024592585735, logdetD=-0.036819025603333, t=48.7037
# xi=283.753822968544, logdetD=-0.033350116931682, t=48.7331
# xi=288.483053351353, logdetD=-0.0302136490629767, t=48.8977
# xi=293.212283734162, logdetD=-0.0274074850439257, t=48.7811
# xi=297.941514116971, logdetD=-0.0248860921555113, t=48.8132
# xi=302.67074449978, logdetD=-0.022583610735726, t=48.7837
# xi=307.399974882589, logdetD=-0.0204817396627629, t=49.1773
# xi=312.129205265399, logdetD=-0.0185636737110566, t=48.4902
# xi=316.858435648208, logdetD=-0.0168139826940126, t=48.3781
# xi=321.587666031017, logdetD=-0.0152401854866776, t=48.3597
# xi=326.316896413826, logdetD=-0.0138537442328519, t=48.5126
# xi=331.046126796635, logdetD=-0.0125872387190262, t=48.4887
# xi=335.775357179444, logdetD=-0.011430643924368, t=47.6994
# xi=340.504587562253, logdetD=-0.0103747546734547, t=48.1921
# xi=345.233817945062, logdetD=-0.00941111930747331, t=48.4379
# xi=349.963048327871, logdetD=-0.00853686179650105, t=48.0666
# xi=354.69227871068, logdetD=-0.00776809204435239, t=47.8383
# xi=359.421509093489, logdetD=-0.00706555386338876, t=47.5288
# xi=364.150739476298, logdetD=-0.0064237167985532, t=47.4677
# xi=368.879969859107, logdetD=-0.00583750261510759, t=47.4747
# xi=373.609200241916, logdetD=-0.00530224879907619, t=47.3161
# xi=378.338430624725, logdetD=-0.0048136749877536, t=46.9606
# xi=383.067661007535, logdetD=-0.00438388480387126, t=47.2252
# xi=387.796891390344, logdetD=-0.00399126813152494, t=46.9993
# xi=392.526121773153, logdetD=-0.00363241997549659, t=46.7735
# xi=397.255352155962, logdetD=-0.00330452005636582, t=47.7319
# xi=401.984582538771, logdetD=-0.00300497881468801, t=47.2107
# xi=406.71381292158, logdetD=-0.00273141885155893, t=47.2324
# xi=411.443043304389, logdetD=-0.00248838343141455, t=46.7287
# xi=416.172273687198, logdetD=-0.00226750312355231, t=46.3566
# xi=420.901504070007, logdetD=-0.00206553327444358, t=46.5956
# xi=425.630734452816, logdetD=-0.00188089780558421, t=46.1243
# xi=430.359964835625, logdetD=-0.00171214946915209, t=46.011
# xi=435.089195218434, logdetD=-0.00155795946090031, t=45.7274
# xi=439.818425601243, logdetD=-0.00141986889966207, t=45.7694
# xi=444.547655984052, logdetD=-0.00129485938113683, t=45.9346
# xi=449.276886366862, logdetD=-0.00118050386689272, t=45.1566
# xi=454.006116749671, logdetD=-0.00107591648315733, t=45.4552
# xi=458.73534713248, logdetD=-0.000980283680730017, t=45.1335
# xi=463.464577515289, logdetD=-0.000892858409837364, t=45.055
# xi=468.193807898098, logdetD=-0.000814041085049773, t=45.1862
# xi=472.923038280907, logdetD=-0.000742906750976867, t=44.7023
# xi=477.652268663716, logdetD=-0.000677807994311883, t=45.015
# xi=482.381499046525, logdetD=-0.000618244213562452, t=44.7068
# xi=487.110729429334, logdetD=-0.0005637556216941, t=44.4016
# xi=491.839959812143, logdetD=-0.000513919955379063, t=44.048
# xi=496.569190194952, logdetD=-0.000468742419247843, t=43.9444
# xi=501.298420577761, logdetD=-0.000428065002890428, t=44.1535
# xi=506.02765096057, logdetD=-0.000390824118632465, t=43.8153
# xi=510.756881343379, logdetD=-0.000356735473795219, t=43.9172
# xi=515.486111726188, logdetD=-0.000325537914635124, t=42.9777
# xi=520.215342108998, logdetD=-0.000296991568905247, t=42.8934
# xi=524.944572491807, logdetD=-0.00027099296398433, t=42.7184
# xi=529.673802874616, logdetD=-0.000247627084170417, t=42.8522
# xi=534.403033257425, logdetD=-0.000226227013593742, t=42.6453
# xi=539.132263640234, logdetD=-0.00020663055555377, t=42.0975
# xi=543.861494023043, logdetD=-0.000188688692233172, t=42.3138
# xi=548.590724405852, logdetD=-0.000172264528179311, t=41.299
# xi=553.319954788661, logdetD=-0.000157247147898982, t=39.7684
# xi=558.04918517147, logdetD=-0.000143769744594623, t=39.4632
# xi=562.778415554279, logdetD=-0.000131421683806126, t=39.4131
# xi=567.507645937088, logdetD=-0.000120110029203742, t=41.5007
# xi=572.236876319897, logdetD=-0.000109749384734776, t=41.5539
# xi=576.966106702706, logdetD=-0.000100261287781615, t=41.3466
# xi=581.695337085515, logdetD=-9.15736526567982e-05, t=41.0053
# xi=586.424567468324, logdetD=-8.37531776686666e-05, t=40.898
# xi=591.153797851134, logdetD=-7.66011185505221e-05, t=40.6612
# xi=595.883028233943, logdetD=-7.00469755912272e-05, t=40.5631
# xi=600.612258616752, logdetD=-6.40416156905635e-05, t=40.0143
# xi=605.341488999561, logdetD=-5.85398875680523e-05, t=40.2155
# xi=610.07071938237, logdetD=-5.35003021815954e-05, t=40.5793
# xi=614.799949765179, logdetD=-4.89436213138792e-05, t=39.5641
# xi=619.529180147988, logdetD=-4.47865333367545e-05, t=39.4353
# xi=624.258410530797, logdetD=-4.09756631780228e-05, t=39.3312
# xi=628.987640913606, logdetD=-3.74826362874389e-05, t=38.8303
# xi=633.716871296415, logdetD=-3.42813733563766e-05, t=38.326
# xi=638.446101679224, logdetD=-3.13479065221364e-05, t=38.5709
# xi=643.175332062033, logdetD=-2.86853125775704e-05, t=37.808
# xi=647.904562444842, logdetD=-2.62611366509486e-05, t=37.8035
# xi=652.633792827651, logdetD=-2.40381230162444e-05, t=37.574
# xi=657.36302321046, logdetD=-2.19998276913565e-05, t=37.6338
# xi=662.09225359327, logdetD=-2.01311351496796e-05, t=37.2459
# xi=666.821483976079, logdetD=-1.84181509186679e-05, t=37.0202
# xi=671.550714358888, logdetD=-1.68581106365317e-05, t=36.9419
# xi=676.279944741697, logdetD=-1.5440168114876e-05, t=36.6476
# xi=681.009175124506, logdetD=-1.41394799882711e-05, t=36.8876
# xi=685.738405507315, logdetD=-1.29464864390565e-05, t=36.1597
# xi=690.467635890124, logdetD=-1.18523972775786e-05, t=35.8939
# xi=695.196866272933, logdetD=-1.08491318242968e-05, t=35.494
# xi=699.926096655742, logdetD=-9.93274472138059e-06, t=35.2281
# xi=704.655327038551, logdetD=-9.10100856085731e-06, t=34.7392
# xi=709.38455742136, logdetD=-8.33782278152557e-06, t=35.1586
# xi=714.113787804169, logdetD=-7.63761230356388e-06, t=34.8802
# xi=718.843018186978, logdetD=-6.99525013517079e-06, t=34.7536
# xi=723.572248569787, logdetD=-6.4060223799348e-06, t=34.9369
# xi=728.301478952597, logdetD=-5.86641799967313e-06, t=34.5328
# xi=733.030709335406, logdetD=-5.37724036381532e-06, t=34.0255
# xi=737.759939718215, logdetD=-4.92825173564129e-06, t=33.8334
# xi=742.489170101024, logdetD=-4.51619147906045e-06, t=33.8383
# xi=747.218400483833, logdetD=-4.13806050808272e-06, t=33.0889
# xi=751.947630866642, logdetD=-3.79110115836008e-06, t=33.5049
# xi=756.676861249451, logdetD=-3.4727770182423e-06, t=32.3737
# xi=761.40609163226, logdetD=-3.18420640330902e-06, t=32.4516
# xi=766.135322015069, logdetD=-2.91940647108656e-06, t=32.3054
# xi=770.864552397878, logdetD=-2.67631805565324e-06, t=32.0217
# xi=775.593782780687, logdetD=-2.45318209579144e-06, t=32.4524
# xi=780.323013163496, logdetD=-2.24838090210404e-06, t=31.8919
# xi=785.052243546305, logdetD=-2.06042616880696e-06, t=31.412
# xi=789.781473929114, logdetD=-1.88955440631847e-06, t=31.0773
# xi=794.510704311924, logdetD=-1.73301877907579e-06, t=31.1388
#
# 14397 determinants computed
#
# L/R, L, R, T, ldim, F*(L+R)/(ħc)
0.007925000000000001, 4.51725e-08, 5.7e-06, 300, 1010, -321.740602754597
# finished at Fr 16. Feb 11:49:51 CET 2018
