# starting on alcc114 at Do 15. Feb 16:26:20 CET 2018
# compiler: icc
# compile time: Feb  1 2018 09:49:34
# compiled on: Linux alcc83 3.16.0-4-amd64 #1 SMP Debian 3.16.51-3 (2017-12-13) x86_64 GNU/Linux
# LAPACK support: false
# git HEAD: b96c9c30c7b1cdd2d059ceccd0396c6d55d3da95
# git branch: dev
#
# LbyR = 0.00565
# L = 3.2205e-08
# R = 5.7e-06
# T = 300
# cutoff = 5e-08
# epsrel = 1e-07
# iepsrel = 2e-07
# ldim = 1416
# cores = 5
# alpha = 0.0112365136976085
# filename = /alcc/gpfs1/home/u/hartmmic/libcasimir-dev/data/materials/GoldDalvit.dat
# model = optical data (xi=0: Drude)
# plasma = -35.8812969943431 (logdetD(xi=0) for plasma model with omegap=1.36734e+16eV)
#
# xi=0, logdetD=-26.1084848222403, t=5.22642
# xi=4.71855597834357, logdetD=-32.7797984351902, t=72.6759
# xi=9.43711195668713, logdetD=-29.8538123071014, t=74.25
# xi=14.1556679350307, logdetD=-26.9726343993814, t=75.1272
# xi=18.8742239133743, logdetD=-24.3205049156586, t=75.5864
# xi=23.5927798917178, logdetD=-21.9197909564457, t=76.1666
# xi=28.3113358700614, logdetD=-19.7585659221241, t=78.8007
# xi=33.029891848405, logdetD=-17.8356320006596, t=80.1368
# xi=37.7484478267485, logdetD=-16.0775498248822, t=80.8051
# xi=42.4670038050921, logdetD=-14.5277443985151, t=81.3226
# xi=47.1855597834357, logdetD=-13.1239810732576, t=83.1811
# xi=51.9041157617792, logdetD=-11.8659721768165, t=82.583
# xi=56.6226717401228, logdetD=-10.7418640183512, t=83.2157
# xi=61.3412277184664, logdetD=-9.72652442134799, t=83.3475
# xi=66.0597836968099, logdetD=-8.81839126770363, t=84.2009
# xi=70.7783396751535, logdetD=-8.00043632906923, t=86.5243
# xi=75.4968956534971, logdetD=-7.26138954865389, t=86.8858
# xi=80.2154516318406, logdetD=-6.59978432726272, t=87.5908
# xi=84.9340076101842, logdetD=-6.00059170745859, t=88.4004
# xi=89.6525635885278, logdetD=-5.45977837331723, t=89.0992
# xi=94.3711195668713, logdetD=-4.97217620958961, t=89.5281
# xi=99.0896755452149, logdetD=-4.52992573990847, t=90.1959
# xi=103.808231523558, logdetD=-4.13065684392121, t=90.1717
# xi=108.526787501902, logdetD=-3.76874015534814, t=91.1775
# xi=113.245343480246, logdetD=-3.43996371778096, t=90.1783
# xi=117.963899458589, logdetD=-3.1427889099474, t=90.6713
# xi=122.682455436933, logdetD=-2.872322446337, t=91.4691
# xi=127.401011415276, logdetD=-2.62659511319297, t=91.6034
# xi=132.11956739362, logdetD=-2.40345776906392, t=92.1706
# xi=136.838123371963, logdetD=-2.20005074566834, t=91.6373
# xi=141.556679350307, logdetD=-2.01515430598833, t=91.3752
# xi=146.275235328651, logdetD=-1.84662724931453, t=91.9751
# xi=150.993791306994, logdetD=-1.69278471812168, t=92.0591
# xi=155.712347285338, logdetD=-1.55280211260348, t=92.2992
# xi=160.430903263681, logdetD=-1.42483555359775, t=91.9428
# xi=165.149459242025, logdetD=-1.30798397269057, t=91.858
# xi=169.868015220368, logdetD=-1.20131169601765, t=91.8234
# xi=174.586571198712, logdetD=-1.10366494465937, t=92.1758
# xi=179.305127177056, logdetD=-1.01445713512669, t=91.9877
# xi=184.023683155399, logdetD=-0.932795159515759, t=93.0136
# xi=188.742239133743, logdetD=-0.857956620357933, t=93.6685
# xi=193.460795112086, logdetD=-0.789528868861308, t=94.072
# xi=198.17935109043, logdetD=-0.726748604842921, t=93.4621
# xi=202.897907068773, logdetD=-0.669195521069109, t=93.0541
# xi=207.616463047117, logdetD=-0.616442605373839, t=93.7763
# xi=212.33501902546, logdetD=-0.567989514385365, t=93.4521
# xi=217.053575003804, logdetD=-0.523552209309233, t=94.1557
# xi=221.772130982148, logdetD=-0.482733563310975, t=93.5948
# xi=226.490686960491, logdetD=-0.445206758755933, t=93.5349
# xi=231.209242938835, logdetD=-0.410765718952381, t=93.9327
# xi=235.927798917178, logdetD=-0.37907328064307, t=93.5683
# xi=240.646354895522, logdetD=-0.349927818257272, t=93.6802
# xi=245.364910873865, logdetD=-0.323126826647027, t=93.5217
# xi=250.083466852209, logdetD=-0.298441674759, t=93.7301
# xi=254.802022830553, logdetD=-0.27573216700875, t=94.1472
# xi=259.520578808896, logdetD=-0.254813263418733, t=93.2737
# xi=264.23913478724, logdetD=-0.235530844730027, t=93.4791
# xi=268.957690765583, logdetD=-0.21778072802578, t=92.9282
# xi=273.676246743927, logdetD=-0.201406694255794, t=92.9689
# xi=278.39480272227, logdetD=-0.186309427886266, t=93.0273
# xi=283.113358700614, logdetD=-0.172389853830019, t=92.9933
# xi=287.831914678958, logdetD=-0.15953923571971, t=93.0079
# xi=292.550470657301, logdetD=-0.147834322209818, t=92.6394
# xi=297.269026635645, logdetD=-0.137119324190914, t=92.885
# xi=301.987582613988, logdetD=-0.127108444531979, t=92.7377
# xi=306.706138592332, logdetD=-0.117757906529372, t=93.4395
# xi=311.424694570675, logdetD=-0.109026600211158, t=92.9475
# xi=316.143250549019, logdetD=-0.10087591834171, t=93.1916
# xi=320.861806527363, logdetD=-0.0934009215105966, t=93.8168
# xi=325.580362505706, logdetD=-0.0867275211084743, t=92.544
# xi=330.29891848405, logdetD=-0.0804918117078661, t=92.1917
# xi=335.017474462393, logdetD=-0.0746665282691397, t=92.8814
# xi=339.736030440737, logdetD=-0.0692260638751732, t=92.6522
# xi=344.45458641908, logdetD=-0.064146371636031, t=92.3887
# xi=349.173142397424, logdetD=-0.059438506995051, t=92.3525
# xi=353.891698375767, logdetD=-0.0552469760300405, t=92.5266
# xi=358.610254354111, logdetD=-0.0513295014971372, t=92.7545
# xi=363.328810332455, logdetD=-0.0476690003048501, t=92.0612
# xi=368.047366310798, logdetD=-0.0442494284729229, t=92.933
# xi=372.765922289142, logdetD=-0.0410557185067759, t=91.7588
# xi=377.484478267485, logdetD=-0.0380737204492044, t=91.9915
# xi=382.203034245829, logdetD=-0.0354184882175992, t=91.7978
# xi=386.921590224172, logdetD=-0.0329386428136168, t=92.0949
# xi=391.640146202516, logdetD=-0.0306208035069808, t=91.1728
# xi=396.35870218086, logdetD=-0.0284548587737539, t=91.1606
# xi=401.077258159203, logdetD=-0.0264313122651316, t=92.2504
# xi=405.795814137547, logdetD=-0.024541245471004, t=90.6859
# xi=410.51437011589, logdetD=-0.0228375017900089, t=90.0348
# xi=415.232926094234, logdetD=-0.0212569893920131, t=90.0774
# xi=419.951482072577, logdetD=-0.0197792675069201, t=89.3203
# xi=424.670038050921, logdetD=-0.0183979274534935, t=89.6292
# xi=429.388594029265, logdetD=-0.0171069500985832, t=90.1286
# xi=434.107150007608, logdetD=-0.0159006824683852, t=89.0129
# xi=438.825705985952, logdetD=-0.0148023875226734, t=89.2951
# xi=443.544261964295, logdetD=-0.0137888607937708, t=89.8647
# xi=448.262817942639, logdetD=-0.0128409405849619, t=89.1328
# xi=452.981373920982, logdetD=-0.0119545431948556, t=89.1349
# xi=457.699929899326, logdetD=-0.0111258329311829, t=89.954
# xi=462.41848587767, logdetD=-0.0103512071144297, t=88.661
# xi=467.137041856013, logdetD=-0.00964006119956986, t=88.8036
# xi=471.855597834357, logdetD=-0.00898649740700071, t=88.9295
# xi=476.5741538127, logdetD=-0.00837503727232663, t=88.1602
# xi=481.292709791044, logdetD=-0.00780306534582086, t=88.6555
# xi=486.011265769387, logdetD=-0.00726812479824899, t=88.4208
# xi=490.729821747731, logdetD=-0.00676790793306907, t=87.7409
# xi=495.448377726074, logdetD=-0.00630550152220366, t=87.7811
# xi=500.166933704418, logdetD=-0.00588191485781495, t=88.2338
# xi=504.885489682762, logdetD=-0.00548548593432247, t=87.1061
# xi=509.604045661105, logdetD=-0.00511453161765379, t=86.6942
# xi=514.322601639449, logdetD=-0.00476747070385444, t=87.5151
# xi=519.041157617792, logdetD=-0.00444281783741966, t=86.8737
# xi=523.759713596136, logdetD=-0.00414095332104695, t=87.2536
# xi=528.478269574479, logdetD=-0.00386514170242587, t=87.5816
# xi=533.196825552823, logdetD=-0.00360692983615526, t=87.2694
# xi=537.915381531167, logdetD=-0.00336522967688525, t=86.9487
# xi=542.63393750951, logdetD=-0.00313901896714652, t=86.9216
# xi=547.352493487854, logdetD=-0.00292733731744427, t=86.0005
# xi=552.071049466197, logdetD=-0.00272953871009669, t=86.2905
# xi=556.789605444541, logdetD=-0.00254918012266371, t=86.0632
# xi=561.508161422884, logdetD=-0.00238027697942238, t=85.7994
# xi=566.226717401228, logdetD=-0.00222212294334404, t=85.9741
# xi=570.945273379572, logdetD=-0.0020740543121807, t=85.8784
# xi=575.663829357915, logdetD=-0.00193544748319378, t=85.3616
# xi=580.382385336259, logdetD=-0.00180571656394025, t=85.0621
# xi=585.100941314602, logdetD=-0.00168697641054827, t=85.5492
# xi=589.819497292946, logdetD=-0.00157605714860715, t=84.2664
# xi=594.538053271289, logdetD=-0.00147216399452502, t=84.3275
# xi=599.256609249633, logdetD=-0.00137486432054012, t=83.1078
# xi=603.975165227977, logdetD=-0.0012837515932074, t=84.6373
# xi=608.69372120632, logdetD=-0.00119844380846709, t=84.5359
# xi=613.412277184664, logdetD=-0.00111992383536482, t=83.3567
# xi=618.130833163007, logdetD=-0.00104681704587028, t=83.4965
# xi=622.849389141351, logdetD=-0.000978320229271263, t=83.7046
# xi=627.567945119694, logdetD=-0.000914150324185684, t=82.6203
# xi=632.286501098038, logdetD=-0.000854041310673134, t=83.2068
# xi=637.005057076381, logdetD=-0.000797743193470524, t=83.2425
# xi=641.723613054725, logdetD=-0.000745671120533448, t=82.6509
# xi=646.442169033069, logdetD=-0.000697323190987922, t=81.9108
# xi=651.160725011412, logdetD=-0.000652010646148688, t=82.9771
# xi=655.879280989756, logdetD=-0.000609547633160919, t=81.5278
# xi=660.597836968099, logdetD=-0.000569759464537805, t=81.6706
# xi=665.316392946443, logdetD=-0.000532481957247039, t=81.3448
# xi=670.034948924786, logdetD=-0.000497855271868815, t=80.8886
# xi=674.75350490313, logdetD=-0.000465780217229334, t=81.3292
# xi=679.472060881474, logdetD=-0.000435710382347713, t=80.5096
# xi=684.190616859817, logdetD=-0.000407523335861511, t=79.7829
# xi=688.909172838161, logdetD=-0.000381103985998096, t=81.1091
# xi=693.627728816504, logdetD=-0.000356344147146198, t=80.3358
# xi=698.346284794848, logdetD=-0.000333258625107539, t=79.9374
# xi=703.064840773191, logdetD=-0.000311916558829954, t=79.2286
# xi=707.783396751535, logdetD=-0.000291903273537935, t=79.6828
# xi=712.501952729879, logdetD=-0.000273137864527407, t=79.6855
# xi=717.220508708222, logdetD=-0.000255544266399569, t=78.7217
# xi=721.939064686566, logdetD=-0.000239050973627767, t=79.1387
# xi=726.657620664909, logdetD=-0.000223622060602267, t=79.5037
# xi=731.376176643253, logdetD=-0.000209382253311657, t=78.5003
# xi=736.094732621596, logdetD=-0.00019602553968759, t=78.6575
# xi=740.81328859994, logdetD=-0.000183498297275518, t=77.9991
# xi=745.531844578284, logdetD=-0.000171750108027556, t=77.5008
# xi=750.250400556627, logdetD=-0.000160733566299467, t=77.644
# xi=754.968956534971, logdetD=-0.000150404102122216, t=77.2617
# xi=759.687512513314, logdetD=-0.000140872047604107, t=76.865
# xi=764.406068491658, logdetD=-0.000131934845891586, t=76.369
# xi=769.124624470001, logdetD=-0.000123550506625359, t=76.7871
# xi=773.843180448345, logdetD=-0.00011568551642173, t=76.4983
# xi=778.561736426688, logdetD=-0.000108308361824003, t=75.5213
# xi=783.280292405032, logdetD=-0.000101389409759213, t=75.2028
# xi=787.998848383376, logdetD=-9.49812640612956e-05, t=76.2701
# xi=792.717404361719, logdetD=-8.89866992296527e-05, t=74.6958
# xi=797.435960340063, logdetD=-8.336157890577e-05, t=74.1167
# xi=802.154516318406, logdetD=-7.80835684035635e-05, t=74.2861
# xi=806.87307229675, logdetD=-7.31316629124174e-05, t=73.8946
# xi=811.591628275093, logdetD=-6.84861095027263e-05, t=73.9043
# xi=816.310184253437, logdetD=-6.41694669235132e-05, t=73.9638
# xi=821.028740231781, logdetD=-6.0139446825588e-05, t=73.3589
# xi=825.747296210124, logdetD=-5.63569035868965e-05, t=73.4587
# xi=830.465852188468, logdetD=-5.28069156241902e-05, t=73.182
# xi=835.184408166811, logdetD=-4.94754483078119e-05, t=72.9536
# xi=839.902964145155, logdetD=-4.63493007989043e-05, t=72.7741
# xi=844.621520123498, logdetD=-4.34359726668463e-05, t=71.8228
# xi=849.340076101842, logdetD=-4.07208171766719e-05, t=72.097
# xi=854.058632080185, logdetD=-3.81718177771394e-05, t=69.7066
# xi=858.777188058529, logdetD=-3.57789820485234e-05, t=70.0086
# xi=863.495744036873, logdetD=-3.3532909925343e-05, t=70.3851
# xi=868.214300015216, logdetD=-3.14247594142742e-05, t=69.32
# xi=872.93285599356, logdetD=-2.94549429491383e-05, t=69.6051
# xi=877.651411971903, logdetD=-2.76219146072062e-05, t=68.1561
# xi=882.369967950247, logdetD=-2.59006862030308e-05, t=67.8363
# xi=887.08852392859, logdetD=-2.4284550850363e-05, t=68.1423
# xi=891.807079906934, logdetD=-2.27671986130173e-05, t=67.7222
# xi=896.525635885278, logdetD=-2.13426938600367e-05, t=67.5526
# xi=901.244191863621, logdetD=-2.00084953327994e-05, t=66.3543
# xi=905.962747841965, logdetD=-1.87686041084656e-05, t=66.9967
# xi=910.681303820308, logdetD=-1.76040934099359e-05, t=66.6987
# xi=915.399859798652, logdetD=-1.65104521247794e-05, t=65.7838
# xi=920.118415776995, logdetD=-1.54834361745284e-05, t=66.0563
# xi=924.836971755339, logdetD=-1.45190519158578e-05, t=65.3271
# xi=929.555527733683, logdetD=-1.36138600887029e-05, t=64.7227
# xi=934.274083712026, logdetD=-1.27736373019155e-05, t=65.0529
# xi=938.99263969037, logdetD=-1.19843385518501e-05, t=64.4137
# xi=943.711195668713, logdetD=-1.12429241431454e-05, t=64.3185
# xi=948.429751647057, logdetD=-1.05465325640545e-05, t=64.8551
# xi=953.1483076254, logdetD=-9.89247233816862e-06, t=63.3264
# xi=957.866863603744, logdetD=-9.27821001862847e-06, t=63.0272
# xi=962.585419582088, logdetD=-8.70698297151968e-06, t=62.6665
# xi=967.303975560431, logdetD=-8.17107229701936e-06, t=62.3084
# xi=972.022531538775, logdetD=-7.66757516422435e-06, t=63.069
# xi=976.741087517118, logdetD=-7.1945596340828e-06, t=60.9903
# xi=981.459643495462, logdetD=-6.75020730424752e-06, t=61.4605
# xi=986.178199473805, logdetD=-6.33280716906991e-06, t=60.8486
# xi=990.896755452149, logdetD=-5.94373851581756e-06, t=60.8359
# xi=995.615311430493, logdetD=-5.57927071728097e-06, t=60.6444
# xi=1000.33386740884, logdetD=-5.23678284217399e-06, t=60.4116
# xi=1005.05242338718, logdetD=-4.914967684605e-06, t=59.8129
# xi=1009.77097936552, logdetD=-4.61259498356703e-06, t=59.4429
# xi=1014.48953534387, logdetD=-4.32850679844297e-06, t=59.2923
# xi=1019.20809132221, logdetD=-4.06313384347637e-06, t=58.9918
# xi=1023.92664730055, logdetD=-3.81487347521952e-06, t=58.3965
# xi=1028.6452032789, logdetD=-3.58154269662007e-06, t=57.8842
# xi=1033.36375925724, logdetD=-3.3622559571641e-06, t=57.5568
# xi=1038.08231523558, logdetD=-3.15617905013361e-06, t=57.5472
# xi=1042.80087121393, logdetD=-2.96252720220294e-06, t=57.9608
# xi=1047.51942719227, logdetD=-2.78127813694923e-06, t=56.3934
# xi=1052.23798317062, logdetD=-2.6119204287772e-06, t=56.7352
# xi=1056.95653914896, logdetD=-2.4527198480707e-06, t=55.9954
#
# 22492 determinants computed
#
# L/R, L, R, T, ldim, F*(L+R)/(ħc)
0.005650000000000001, 3.2205e-08, 5.7e-06, 300, 1416, -546.8342460143463
# finished at Do 15. Feb 21:31:02 CET 2018
