# starting on alcc120 at Fr 16. Feb 10:55:17 CET 2018
# compiler: icc
# compile time: Feb  1 2018 09:49:34
# compiled on: Linux alcc83 3.16.0-4-amd64 #1 SMP Debian 3.16.51-3 (2017-12-13) x86_64 GNU/Linux
# LAPACK support: false
# git HEAD: b96c9c30c7b1cdd2d059ceccd0396c6d55d3da95
# git branch: dev
#
# LbyR = 0.01195
# L = 6.8115e-08
# R = 5.7e-06
# T = 300
# cutoff = 5e-08
# epsrel = 1e-07
# iepsrel = 2e-07
# ldim = 670
# cores = 4
# alpha = 0.0236177676762686
# filename = /alcc/gpfs1/home/u/hartmmic/libcasimir-dev/data/materials/GoldDalvit.dat
# model = optical data (xi=0: Drude)
# plasma = -18.4367559328742 (logdetD(xi=0) for plasma model with omegap=1.36734e+16eV)
#
# xi=0, logdetD=-12.1277590582777, t=1.9506
# xi=4.74811586763265, logdetD=-15.9070764236291, t=24.174
# xi=9.4962317352653, logdetD=-13.4646520628328, t=25.4809
# xi=14.2443476028979, logdetD=-11.3235610133044, t=25.9288
# xi=18.9924634705306, logdetD=-9.52008245794879, t=26.1585
# xi=23.7405793381632, logdetD=-8.01201721381752, t=26.5211
# xi=28.4886952057959, logdetD=-6.75171107269366, t=26.6077
# xi=33.2368110734285, logdetD=-5.70383396341312, t=28.196
# xi=37.9849269410612, logdetD=-4.81500526103728, t=29.2568
# xi=42.7330428086938, logdetD=-4.07802080068987, t=28.8097
# xi=47.4811586763265, logdetD=-3.45470105458827, t=28.9825
# xi=52.2292745439591, logdetD=-2.93070243931857, t=29.2242
# xi=56.9773904115918, logdetD=-2.49051124583687, t=29.5885
# xi=61.7255062792244, logdetD=-2.11766567134439, t=29.5679
# xi=66.4736221468571, logdetD=-1.80365581066701, t=29.7876
# xi=71.2217380144897, logdetD=-1.53770974789456, t=29.6737
# xi=75.9698538821224, logdetD=-1.31185158991046, t=29.7689
# xi=80.717969749755, logdetD=-1.12106937402993, t=30.0751
# xi=85.4660856173877, logdetD=-0.958556326974406, t=29.6656
# xi=90.2142014850203, logdetD=-0.820366564265311, t=29.8871
# xi=94.962317352653, logdetD=-0.702870803316098, t=30.0561
# xi=99.7104332202856, logdetD=-0.602529659939034, t=30.6138
# xi=104.458549087918, logdetD=-0.517056470066959, t=30.2182
# xi=109.206664955551, logdetD=-0.444021450475443, t=30.1694
# xi=113.954780823184, logdetD=-0.381503543592765, t=30.361
# xi=118.702896690816, logdetD=-0.32813834719256, t=30.4758
# xi=123.451012558449, logdetD=-0.282365034007642, t=30.6202
# xi=128.199128426082, logdetD=-0.243135662932704, t=30.6145
# xi=132.947244293714, logdetD=-0.20951324815148, t=30.4843
# xi=137.695360161347, logdetD=-0.180616680360237, t=30.3953
# xi=142.443476028979, logdetD=-0.155818876261389, t=30.7806
# xi=147.191591896612, logdetD=-0.13449517902568, t=30.6691
# xi=151.939707764245, logdetD=-0.116136772551369, t=30.5938
# xi=156.687823631877, logdetD=-0.10035889036365, t=30.5817
# xi=161.43593949951, logdetD=-0.0867554730264665, t=30.3417
# xi=166.184055367143, logdetD=-0.075032494614943, t=30.4501
# xi=170.932171234775, logdetD=-0.0649291883305224, t=30.7659
# xi=175.680287102408, logdetD=-0.0562050898683472, t=30.5827
# xi=180.428402970041, logdetD=-0.0486795271118126, t=30.357
# xi=185.176518837673, logdetD=-0.0421783296378616, t=30.6645
# xi=189.924634705306, logdetD=-0.0365571923327437, t=30.5031
# xi=194.672750572939, logdetD=-0.0317027910510348, t=30.5812
# xi=199.420866440571, logdetD=-0.0275009346257374, t=30.0069
# xi=204.168982308204, logdetD=-0.0238650794366059, t=30.1646
# xi=208.917098175837, logdetD=-0.0207186771872488, t=30.4904
# xi=213.665214043469, logdetD=-0.0179919778651167, t=30.0681
# xi=218.413329911102, logdetD=-0.0156307389658969, t=30.1381
# xi=223.161445778734, logdetD=-0.0135836762835897, t=30.0486
# xi=227.909561646367, logdetD=-0.0118078280192997, t=29.8624
# xi=232.657677514, logdetD=-0.0102685993178849, t=29.5079
# xi=237.405793381632, logdetD=-0.00893214557862093, t=29.9041
# xi=242.153909249265, logdetD=-0.00777202583438309, t=30.1879
# xi=246.902025116898, logdetD=-0.00676487088495867, t=29.6419
# xi=251.65014098453, logdetD=-0.0058895528690971, t=29.7143
# xi=256.398256852163, logdetD=-0.0051292466367457, t=29.3221
# xi=261.146372719796, logdetD=-0.00446824460208286, t=29.4575
# xi=265.894488587428, logdetD=-0.00389328481573136, t=29.0424
# xi=270.642604455061, logdetD=-0.00339349650281458, t=29.3333
# xi=275.390720322694, logdetD=-0.00295845770355976, t=28.8142
# xi=280.138836190326, logdetD=-0.00257984846972929, t=28.9109
# xi=284.886952057959, logdetD=-0.00225031538907323, t=28.2287
# xi=289.635067925591, logdetD=-0.00196324589403945, t=28.7928
# xi=294.383183793224, logdetD=-0.00171503675905167, t=28.9957
# xi=299.131299660857, logdetD=-0.00149968052705567, t=28.3151
# xi=303.879415528489, logdetD=-0.00131059941329646, t=28.7101
# xi=308.627531396122, logdetD=-0.00114465547669624, t=28.1812
# xi=313.375647263755, logdetD=-0.000999079664077993, t=28.3424
# xi=318.123763131387, logdetD=-0.000871428940126033, t=27.8936
# xi=322.87187899902, logdetD=-0.000760642360530453, t=27.8599
# xi=327.619994866653, logdetD=-0.00066588572581731, t=27.5218
# xi=332.368110734285, logdetD=-0.000582643106000073, t=27.799
# xi=337.116226601918, logdetD=-0.000509541810344457, t=27.4759
# xi=341.864342469551, logdetD=-0.000445370441112786, t=27.5192
# xi=346.612458337183, logdetD=-0.000389060152439019, t=26.823
# xi=351.360574204816, logdetD=-0.000339864290104356, t=26.7716
# xi=356.108690072449, logdetD=-0.000297828310645629, t=26.6765
# xi=360.856805940081, logdetD=-0.000260879461553055, t=26.9812
# xi=365.604921807714, logdetD=-0.000228412523952033, t=26.3617
# xi=370.353037675347, logdetD=-0.000199893328185812, t=26.4349
# xi=375.101153542979, logdetD=-0.000174850499685667, t=26.3787
# xi=379.849269410612, logdetD=-0.000152868156245774, t=26.2321
# xi=384.597385278244, logdetD=-0.000134073764237309, t=26.028
# xi=389.345501145877, logdetD=-0.000117554232773291, t=26.1353
# xi=394.09361701351, logdetD=-0.000103030119901886, t=25.4961
# xi=398.841732881142, logdetD=-9.02641819128315e-05, t=25.4859
# xi=403.589848748775, logdetD=-7.90470282655161e-05, t=25.1852
# xi=408.337964616408, logdetD=-6.91938842349422e-05, t=24.7157
# xi=413.08608048404, logdetD=-6.07069888345166e-05, t=24.6413
# xi=417.834196351673, logdetD=-5.32735126748839e-05, t=24.3884
# xi=422.582312219306, logdetD=-4.67343274017625e-05, t=24.2666
# xi=427.330428086938, logdetD=-4.09833740667385e-05, t=23.9418
# xi=432.078543954571, logdetD=-3.59270264930909e-05, t=24.0879
# xi=436.826659822204, logdetD=-3.14826478421349e-05, t=23.5499
# xi=441.574775689836, logdetD=-2.76313882298069e-05, t=23.7004
# xi=446.322891557469, logdetD=-2.42670818054344e-05, t=23.106
# xi=451.071007425102, logdetD=-2.13059713015807e-05, t=23.1877
# xi=455.819123292734, logdetD=-1.87003605375744e-05, t=22.9863
# xi=460.567239160367, logdetD=-1.64081355883918e-05, t=22.8931
# xi=465.315355027999, logdetD=-1.43921168257434e-05, t=22.866
# xi=470.063470895632, logdetD=-1.26364459661406e-05, t=22.9842
# xi=474.811586763265, logdetD=-1.11058346762833e-05, t=22.4867
# xi=479.559702630897, logdetD=-9.75799286445496e-06, t=22.0051
# xi=484.30781849853, logdetD=-8.57135395288501e-06, t=21.9067
# xi=489.055934366163, logdetD=-7.52687142806202e-06, t=21.5012
# xi=493.804050233795, logdetD=-6.60772609619131e-06, t=21.5732
# xi=498.552166101428, logdetD=-5.80395900239569e-06, t=21.1562
# xi=503.300281969061, logdetD=-5.1042906877919e-06, t=21.238
# xi=508.048397836693, logdetD=-4.48788137292897e-06, t=20.7242
# xi=512.796513704326, logdetD=-3.94493093233319e-06, t=20.7619
# xi=517.544629571959, logdetD=-3.4667822058479e-06, t=20.1726
# xi=522.292745439591, logdetD=-3.04578876407875e-06, t=19.9523
# xi=527.040861307224, logdetD=-2.67635695158877e-06, t=19.9768
# xi=531.788977174857, logdetD=-2.35513998676896e-06, t=19.4422
# xi=536.537093042489, logdetD=-2.07202237689748e-06, t=19.4235
# xi=541.285208910122, logdetD=-1.82253032255068e-06, t=18.9508
# xi=546.033324777755, logdetD=-1.60271089857659e-06, t=19.0542
# xi=550.781440645387, logdetD=-1.40907192105423e-06, t=18.6284
# xi=555.52955651302, logdetD=-1.2386457287957e-06, t=18.6686
# xi=560.277672380652, logdetD=-1.0905889761814e-06, t=17.995
#
# 8232 determinants computed
#
# L/R, L, R, T, ldim, F*(L+R)/(ħc)
0.01195, 6.8115e-08, 5.7e-06, 300, 670, -165.0996143961961
# finished at Fr 16. Feb 11:48:06 CET 2018
