# starting on alcc54.physik.uni-augsburg.de at Thu Apr  2 00:44:35 CEST 2015
# casimir -x 0.162071735075683 -T 0.929657388060546 -L 38 -c 1 -p 3e-09 -v

# Compiled on Apr  2 2015 at 00:35:54 with icc, using long double, no lapack support
#
# R/(R+L) = 0.860532
# L/R     = 0.162072
# R/L     = 6.17011
# T       = 0.929657
# omegap_sphere = inf
# omegap_plane  = inf
# gamma_sphere  = 0
# gamma_plane   = 0
# integration   = analytic (perfect mirrors)
# lmax      = 38
# verbose   = 1
# cores     = 1
# precision = 3e-09
#
# LbyR, T, F, lmax, nmax, time
# n=0, m=0, value=-0.76891137722647
# n=0, m=1, value=-0.496402079805355
# n=0, m=2, value=-0.164569141804217
# n=0, m=3, value=-0.0542739162600959
# n=0, m=4, value=-0.0178453437424852
# n=0, m=5, value=-0.00585123962625817
# n=0, m=6, value=-0.00191409525880474
# n=0, m=7, value=-0.000624944889675984
# n=0, m=8, value=-0.000203671727613414
# n=0, m=9, value=-6.62388778828671e-05
# n=0, m=10, value=-2.14814250220968e-05
# n=0, m=11, value=-6.93743943630641e-06
# n=0, m=12, value=-2.2265572023244e-06
# n=0, m=13, value=-7.0817359366742e-07
# n=0, m=14, value=-2.22404608392239e-07
# n=0, m=15, value=-6.86682900219058e-08
# n=0, m=16, value=-2.07410198575942e-08
# n=0, m=17, value=-6.09590401617413e-09
# n=0, m=18, value=-1.73360479753149e-09
# n=0, value=-1.1262380338443
# n=1, m=0, value=-0.579522250504085
# n=1, m=1, value=-0.497882537918778
# n=1, m=2, value=-0.159541704687594
# n=1, m=3, value=-0.0526344676726315
# n=1, m=4, value=-0.0173821114796368
# n=1, m=5, value=-0.00572232621360849
# n=1, m=6, value=-0.00187791231173005
# n=1, m=7, value=-0.000614658004947491
# n=1, m=8, value=-0.000200710574116374
# n=1, m=9, value=-6.53772158360878e-05
# n=1, m=10, value=-2.12284494577254e-05
# n=1, m=11, value=-6.86266076208952e-06
# n=1, m=12, value=-2.20435453115132e-06
# n=1, m=13, value=-7.01570778616018e-07
# n=1, m=14, value=-2.20444699520543e-07
# n=1, m=15, value=-6.80900893759352e-08
# n=1, m=16, value=-2.05723375369427e-08
# n=1, m=17, value=-6.04751798975127e-09
# n=1, m=18, value=-1.72004310756522e-09
# n=1, value=-1.02571424524114
# n=2, m=0, value=-0.412910655269234
# n=2, m=1, value=-0.416237325513289
# n=2, m=2, value=-0.141206204724638
# n=2, m=3, value=-0.0478587116788375
# n=2, m=4, value=-0.0160809132964614
# n=2, m=5, value=-0.00536004255010894
# n=2, m=6, value=-0.00177545402992545
# n=2, m=7, value=-0.00058529851366262
# n=2, m=8, value=-0.000192202068876758
# n=2, m=9, value=-6.28876959641917e-05
# n=2, m=10, value=-2.04943045203275e-05
# n=2, m=11, value=-6.64487236169007e-06
# n=2, m=12, value=-2.13950302541378e-06
# n=2, m=13, value=-6.82239422410805e-07
# n=2, m=14, value=-2.14695741128141e-07
# n=2, m=15, value=-6.63915167523257e-08
# n=2, m=16, value=-2.00762219468581e-08
# n=2, m=17, value=-5.90508342872607e-09
# n=2, m=18, value=-1.68009630670441e-09
# n=2, value=-0.83584463737437
# n=3, m=0, value=-0.302271721221789
# n=3, m=1, value=-0.3276477402212
# n=3, m=2, value=-0.117634377423298
# n=3, m=3, value=-0.0413280598041703
# n=3, m=4, value=-0.014236684972837
# n=3, m=5, value=-0.00483265572380372
# n=3, m=6, value=-0.00162312227848287
# n=3, m=7, value=-0.000540911534534642
# n=3, m=8, value=-0.000179166709824458
# n=3, m=9, value=-5.90331031200559e-05
# n=3, m=10, value=-1.93479157319492e-05
# n=3, m=11, value=-6.30244727448085e-06
# n=3, m=12, value=-2.03696818890698e-06
# n=3, m=13, value=-6.51536503622838e-07
# n=3, m=14, value=-2.05531553796203e-07
# n=3, m=15, value=-6.36759916112936e-08
# n=3, m=16, value=-1.92812750200395e-08
# n=3, m=17, value=-5.67646442594147e-09
# n=3, m=18, value=-1.61590035671264e-09
# n=3, value=-0.65924624703105
# n=4, m=0, value=-0.224825549585543
# n=4, m=1, value=-0.253630729684906
# n=4, m=2, value=-0.0950494364215335
# n=4, m=3, value=-0.0345026401936482
# n=4, m=4, value=-0.0121939321909915
# n=4, m=5, value=-0.00422402660167266
# n=4, m=6, value=-0.00144189500033389
# n=4, m=7, value=-0.000486858882404903
# n=4, m=8, value=-0.000162999663788846
# n=4, m=9, value=-5.41821883663159e-05
# n=4, m=10, value=-1.78881158719325e-05
# n=4, m=11, value=-5.86220421224011e-06
# n=4, m=12, value=-1.90410505307924e-06
# n=4, m=13, value=-6.11496381970506e-07
# n=4, m=14, value=-1.93518132059347e-07
# n=4, m=15, value=-6.01013667726567e-08
# n=4, m=16, value=-1.8231437244224e-08
# n=4, m=17, value=-5.37380450727777e-09
# n=4, m=18, value=-1.53076654568289e-09
# n=4, value=-0.514186020297444
# n=5, m=0, value=-0.168847253354561
# n=5, m=1, value=-0.195327496815823
# n=5, m=2, value=-0.0755742278337183
# n=5, m=3, value=-0.0281908784545287
# n=5, m=4, value=-0.0101994030384056
# n=5, m=5, value=-0.00360413515758456
# n=5, m=6, value=-0.00125110514696958
# n=5, m=7, value=-0.000428440383592001
# n=5, m=8, value=-0.00014515420367594
# n=5, m=9, value=-4.8735045394607e-05
# n=5, m=10, value=-1.62256756459557e-05
# n=5, m=11, value=-5.35499995570473e-06
# n=5, m=12, value=-1.74955905809719e-06
# n=5, m=13, value=-5.64552641539465e-07
# n=5, m=14, value=-1.79342347765771e-07
# n=5, m=15, value=-5.5861466372336e-08
# n=5, m=16, value=-1.69811740460395e-08
# n=5, m=17, value=-5.01226841215783e-09
# n=5, m=18, value=-1.42885356241684e-09
# n=5, m=19, value=-3.91252264964566e-10
# n=5, value=-0.399217356561636
# n=6, m=0, value=-0.127617356222723
# n=6, m=1, value=-0.150213849433171
# n=6, m=2, value=-0.0595410575837014
# n=6, m=3, value=-0.0227113629541066
# n=6, m=4, value=-0.00838732609011233
# n=6, m=5, value=-0.00301899401086256
# n=6, m=6, value=-0.00106518544758501
# n=6, m=7, value=-0.000369988731220487
# n=6, m=8, value=-0.000126901932001092
# n=6, m=9, value=-4.30606360830364e-05
# n=6, m=10, value=-1.44670876463695e-05
# n=6, m=11, value=-4.81151164434895e-06
# n=6, m=12, value=-1.58216370345668e-06
# n=6, m=13, value=-5.13248250868858e-07
# n=6, m=14, value=-1.63735294208324e-07
# n=6, m=15, value=-5.11657180538161e-08
# n=6, m=16, value=-1.55900519437002e-08
# n=6, m=17, value=-4.60859988819607e-09
# n=6, m=18, value=-1.31478654312639e-09
# n=6, m=19, value=-3.60056517373056e-10
# n=6, value=-0.309308015715957
# n=7, m=0, value=-0.0968843077243808
# n=7, m=1, value=-0.115507717075931
# n=7, m=2, value=-0.0466477705496652
# n=7, m=3, value=-0.0181223857258719
# n=7, m=4, value=-0.00681236225988314
# n=7, m=5, value=-0.00249328772633425
# n=7, m=6, value=-0.000893235085518581
# n=7, m=7, value=-0.000314555503315655
# n=7, m=8, value=-0.000109214773757518
# n=7, m=9, value=-3.74592945636878e-05
# n=7, m=10, value=-1.27034649268948e-05
# n=7, m=11, value=-4.25906210295991e-06
# n=7, m=12, value=-1.41004894821872e-06
# n=7, m=13, value=-4.59987557837007e-07
# n=7, m=14, value=-1.47403677946205e-07
# n=7, m=15, value=-4.62202502529703e-08
# n=7, m=16, value=-1.4117555469889e-08
# n=7, m=17, value=-4.1797109314511e-09
# n=7, m=18, value=-1.19327746449744e-09
# n=7, m=19, value=-3.26773395237505e-10
# n=7, value=-0.239399187861813
# n=8, m=0, value=-0.0737893242941652
# n=8, m=1, value=-0.0888511110260655
# n=8, m=2, value=-0.0364146798737029
# n=8, m=3, value=-0.0143632210210044
# n=8, m=4, value=-0.00548245993983962
# n=8, m=5, value=-0.00203663104254797
# n=8, m=6, value=-0.000739965998712811
# n=8, m=7, value=-0.000263989670227899
# n=8, m=8, value=-9.27471176264029e-05
# n=8, m=9, value=-3.21495390176123e-05
# n=8, m=10, value=-1.10051948096264e-05
# n=8, m=11, value=-3.71979060691117e-06
# n=8, m=12, value=-1.24006207769311e-06
# n=8, m=13, value=-4.06860596264315e-07
# n=8, m=14, value=-1.30977910092393e-07
# n=8, m=15, value=-4.12128402116217e-08
# n=8, m=16, value=-1.26187908529195e-08
# n=8, m=17, value=-3.7414749474889e-09
# n=8, m=18, value=-1.06879244302598e-09
# n=8, m=19, value=-2.92623253755038e-10
# n=8, value=-0.18518817919635
# n=9, m=0, value=-0.0563344738975781
# n=9, m=1, value=-0.06837835843118
# n=9, m=2, value=-0.0283568797999882
# n=9, m=3, value=-0.0113278980061369
# n=9, m=4, value=-0.00438144168299605
# n=9, m=5, value=-0.00164931645365657
# n=9, m=6, value=-0.000606980053292021
# n=9, m=7, value=-0.00021918621613963
# n=9, m=8, value=-7.78757077102952e-05
# n=9, m=9, value=-2.72718187494067e-05
# n=9, m=10, value=-9.42121731200268e-06
# n=9, m=11, value=-3.21003810513422e-06
# n=9, m=12, value=-1.07750037933903e-06
# n=9, m=13, value=-3.55546397559225e-07
# n=9, m=14, value=-1.14980062786063e-07
# n=9, m=15, value=-3.63028352754476e-08
# n=9, m=16, value=-1.11414316334366e-08
# n=9, m=17, value=-3.30782960780363e-09
# n=9, m=18, value=-9.45295987554927e-10
# n=9, m=19, value=-2.58697511764659e-10
# n=9, value=-0.143206676356985
# n=10, m=0, value=-0.0430871347833292
# n=10, m=1, value=-0.0526472445892584
# n=10, m=2, value=-0.0220439070273336
# n=10, m=3, value=-0.00890109816934659
# n=10, m=4, value=-0.00348261280934066
# n=10, m=5, value=-0.00132650605933496
# n=10, m=6, value=-0.000493901832093108
# n=10, m=7, value=-0.0001803636653328
# n=10, m=8, value=-6.4761912163803e-05
# n=10, m=9, value=-2.29011556674827e-05
# n=10, m=10, value=-7.98122280474966e-06
# n=10, m=11, value=-2.74060738982122e-06
# n=10, m=12, value=-9.26093020599298e-07
# n=10, m=13, value=-3.07285111680654e-07
# n=10, m=14, value=-9.98104527964766e-08
# n=10, m=15, value=-3.16160505136139e-08
# n=10, m=16, value=-9.72398104113468e-09
# n=10, m=17, value=-2.89022506268605e-09
# n=10, m=18, value=-8.26085161010886e-10
# n=10, m=19, value=-2.25911197085516e-10
# n=10, value=-0.110718964912569
# n=11, m=0, value=-0.0330016389012744
# n=11, m=1, value=-0.0405518577011344
# n=11, m=2, value=-0.0171146394466445
# n=11, m=3, value=-0.00697439227413208
# n=11, m=4, value=-0.00275635760278502
# n=11, m=5, value=-0.00106096936633748
# n=11, m=6, value=-0.00039923173423387
# n=11, m=7, value=-0.00014730504697904
# n=11, m=8, value=-5.34148966523342e-05
# n=11, m=9, value=-1.90626840141933e-05
# n=11, m=10, value=-6.69924080746112e-06
# n=11, m=11, value=-2.31753199747772e-06
# n=11, m=12, value=-7.88148450552599e-07
# n=11, m=13, value=-2.62900627621316e-07
# n=11, m=14, value=-8.57490281250519e-08
# n=11, m=15, value=-2.72438895927079e-08
# n=11, m=16, value=-8.39521523374126e-09
# n=11, m=17, value=-2.4973968848942e-09
# n=11, m=18, value=-7.13711427425258e-10
# n=11, m=19, value=-1.94978711996265e-10
# n=11, value=-0.0855882428196532
# n=12, m=0, value=-0.0253050311813437
# n=12, m=1, value=-0.0312460881911624
# n=12, m=2, value=-0.0132748698790962
# n=12, m=3, value=-0.00545259029861218
# n=12, m=4, value=-0.00217407808548327
# n=12, m=5, value=-0.000844741810883029
# n=12, m=6, value=-0.000320930544490353
# n=12, m=7, value=-0.000119542516797657
# n=12, m=8, value=-4.37456054814227e-05
# n=12, m=9, value=-1.5746528930255e-05
# n=12, m=10, value=-5.5775448315742e-06
# n=12, m=11, value=-1.94305641640412e-06
# n=12, m=12, value=-6.6478965329492e-07
# n=12, m=13, value=-2.22854239212171e-07
# n=12, m=14, value=-7.29668426660894e-08
# n=12, m=15, value=-2.32455777268646e-08
# n=12, m=16, value=-7.17455193849784e-09
# n=12, m=17, value=-2.13540619451233e-09
# n=12, m=18, value=-6.09977582557918e-10
# n=12, m=19, value=-1.6641014369508e-10
# n=12, value=-0.0661533635955153
# n=13, m=0, value=-0.0194206376266621
# n=13, m=1, value=-0.0240825728038226
# n=13, m=2, value=-0.0102888989589828
# n=13, m=3, value=-0.00425526838652898
# n=13, m=4, value=-0.00171001811006939
# n=13, m=5, value=-0.000670058400910464
# n=13, m=6, value=-0.000256792255069246
# n=13, m=7, value=-9.64876287477374e-05
# n=13, m=8, value=-3.56084790940762e-05
# n=13, m=9, value=-1.29203517134832e-05
# n=13, m=10, value=-4.61024679921579e-06
# n=13, m=11, value=-1.61662624514211e-06
# n=13, m=12, value=-5.56217887255437e-07
# n=13, m=13, value=-1.87312805276447e-07
# n=13, m=14, value=-6.15431819003764e-08
# n=13, m=15, value=-1.96523511326184e-08
# n=13, m=16, value=-6.07305025505009e-09
# n=13, m=17, value=-1.80787324689392e-09
# n=13, m=18, value=-5.15991662814492e-10
# n=13, m=19, value=-1.40523658139945e-10
# n=13, value=-0.0511260043249785
# n=14, m=0, value=-0.0149152498173013
# n=14, m=1, value=-0.0185655647686432
# n=14, m=2, value=-0.00796984139998671
# n=14, m=3, value=-0.003316068393941
# n=14, m=4, value=-0.00134191352961313
# n=14, m=5, value=-0.00052982852628479
# n=14, m=6, value=-0.000204665310485278
# n=14, m=7, value=-7.75172210006894e-05
# n=14, m=8, value=-2.8831421646856e-05
# n=14, m=9, value=-1.05390778719382e-05
# n=14, m=10, value=-3.78629221742573e-06
# n=14, m=11, value=-1.33577351600962e-06
# n=14, m=12, value=-4.61965975972809e-07
# n=14, m=13, value=-1.56219303682289e-07
# n=14, m=14, value=-5.14847837892012e-08
# n=14, m=15, value=-1.64725978723496e-08
# n=14, m=16, value=-5.09476533202037e-09
# n=14, m=17, value=-1.51633038139765e-09
# n=14, m=18, value=-4.32258027010898e-10
# n=14, m=19, value=-1.17468868833865e-10
# n=14, value=-0.0395082099273416
# n=15, m=0, value=-0.0114617334208172
# n=15, m=1, value=-0.0143149892498797
# n=15, m=2, value=-0.00617050756591155
# n=15, m=3, value=-0.00258108748004508
# n=15, m=4, value=-0.00105102208543352
# n=15, m=5, value=-0.000417833618053764
# n=15, m=6, value=-0.000162571851878753
# n=15, m=7, value=-6.20261794952281e-05
# n=15, m=8, value=-2.32359843505445e-05
# n=15, m=9, value=-8.55195847032102e-06
# n=15, m=10, value=-3.09178263110753e-06
# n=15, m=11, value=-1.09684637575927e-06
# n=15, m=12, value=-3.8111960475179e-07
# n=15, m=13, value=-1.29358091217996e-07
# n=15, m=14, value=-4.27446530305209e-08
# n=15, m=15, value=-1.36971822597658e-08
# n=15, m=16, value=-4.23823187894444e-09
# n=15, m=17, value=-1.26062968899381e-09
# n=15, m=18, value=-3.58787912143627e-10
# n=15, m=19, value=-9.7256346205911e-11
# n=15, m=20, value=-2.4992346083307e-11
# n=15, value=-0.0305274542123634
# n=16, m=0, value=-0.00881206613716605
# n=16, m=1, value=-0.0110391248576754
# n=16, m=2, value=-0.00477549846639064
# n=16, m=3, value=-0.00200701265027393
# n=16, m=4, value=-0.000821850888163445
# n=16, m=5, value=-0.00032876548369489
# n=16, m=6, value=-0.000128761637430171
# n=16, m=7, value=-4.94569497880715e-05
# n=16, m=8, value=-1.86500462049095e-05
# n=16, m=9, value=-6.90738898553184e-06
# n=16, m=10, value=-2.51167021619085e-06
# n=16, m=11, value=-8.95573407160548e-07
# n=16, m=12, value=-3.12497749981169e-07
# n=16, m=13, value=-1.06410792626714e-07
# n=16, m=14, value=-3.52389374093412e-08
# n=16, m=15, value=-1.13044335557273e-08
# n=16, m=16, value=-3.49791146374091e-09
# n=16, m=17, value=-1.03935540222162e-09
# n=16, m=18, value=-2.95214748373879e-10
# n=16, m=19, value=-7.97891375367872e-11
# n=16, m=20, value=-2.04264503532228e-11
# n=16, value=-0.0235859390654242
# n=17, m=0, value=-0.00677762179414411
# n=17, m=1, value=-0.00851383908740734
# n=17, m=2, value=-0.00369462908832295
# n=17, m=3, value=-0.001559311176509
# n=17, m=4, value=-0.000641759396882056
# n=17, m=5, value=-0.000258179067799541
# n=17, m=6, value=-0.000101726160207994
# n=17, m=7, value=-3.93135238436352e-05
# n=17, m=8, value=-1.49150702377287e-05
# n=17, m=9, value=-5.55597810589785e-06
# n=17, m=10, value=-2.03092236292215e-06
# n=17, m=11, value=-7.27475833781902e-07
# n=17, m=12, value=-2.54791522895924e-07
# n=17, m=13, value=-8.70013412323243e-08
# n=17, m=14, value=-2.88611061904187e-08
# n=17, m=15, value=-9.26449732048422e-09
# n=17, m=16, value=-2.8654975321181e-09
# n=17, m=17, value=-8.50206516424384e-10
# n=17, m=18, value=-2.40903593190685e-10
# n=17, m=19, value=-6.48932536397137e-11
# n=17, m=20, value=-1.65438568877368e-11
# n=17, value=-0.0182211818010973
# n=18, m=0, value=-0.00521459701141298
# n=18, m=1, value=-0.00656678128645654
# n=18, m=2, value=-0.00285758348029441
# n=18, m=3, value=-0.00121061004928268
# n=18, m=4, value=-0.000500533973709996
# n=18, m=5, value=-0.000202404375879123
# n=18, m=6, value=-8.01899841776293e-05
# n=18, m=7, value=-3.11655627708739e-05
# n=18, m=8, value=-1.18896270553852e-05
# n=18, m=9, value=-4.45232486142811e-06
# n=18, m=10, value=-1.63526803777357e-06
# n=18, m=11, value=-5.88151306561072e-07
# n=18, m=12, value=-2.06665296539213e-07
# n=18, m=13, value=-7.07303617809623e-08
# n=18, m=14, value=-2.34932183112918e-08
# n=18, m=15, value=-7.542915769361e-09
# n=18, m=16, value=-2.3310213774906e-09
# n=18, m=17, value=-6.9032902431485e-10
# n=18, m=18, value=-1.95048047592589e-10
# n=18, m=19, value=-5.23449768773877e-11
# n=18, m=20, value=-1.32840639530175e-11
# n=18, value=-0.0140754443033588
# n=19, m=0, value=-0.00401314884872193
# n=19, m=1, value=-0.00506532582281864
# n=19, m=2, value=-0.00220963294235804
# n=19, m=3, value=-0.000939307291928175
# n=19, m=4, value=-0.0003899829092317
# n=19, m=5, value=-0.000158443764118987
# n=19, m=6, value=-6.30902532094876e-05
# n=19, m=7, value=-2.46466149172472e-05
# n=19, m=8, value=-9.45047289043357e-06
# n=19, m=9, value=-3.55588730605971e-06
# n=19, m=10, value=-1.31163103780393e-06
# n=19, m=11, value=-4.73455701194957e-07
# n=19, m=12, value=-1.66826072188115e-07
# n=19, m=13, value=-5.72000218036696e-08
# n=19, m=14, value=-1.90144169673463e-08
# n=19, m=15, value=-6.10342141345481e-09
# n=19, m=16, value=-1.88373958615301e-09
# n=19, m=17, value=-5.56588400050464e-10
# n=19, m=18, value=-1.56750975102021e-10
# n=19, m=19, value=-4.18938573069021e-11
# n=19, m=20, value=-1.05793650749567e-11
# n=19, value=-0.0108720472633633
# n=20, m=0, value=-0.00308924566457129
# n=20, m=1, value=-0.00390735757836298
# n=20, m=2, value=-0.00170823779097242
# n=20, m=3, value=-0.000728413842585292
# n=20, m=4, value=-0.000303574081640706
# n=20, m=5, value=-0.000123869224660441
# n=20, m=6, value=-4.95511741890527e-05
# n=20, m=7, value=-1.94490947025156e-05
# n=20, m=8, value=-7.49211536632574e-06
# n=20, m=9, value=-2.83124243217151e-06
# n=20, m=10, value=-1.04833954926039e-06
# n=20, m=11, value=-3.79607832817891e-07
# n=20, m=12, value=-1.34067548643734e-07
# n=20, m=13, value=-4.60308955136624e-08
# n=20, m=14, value=-1.530698021414e-08
# n=20, m=15, value=-4.91000202062864e-09
# n=20, m=16, value=-1.51280884037513e-09
# n=20, m=17, value=-4.45781204706088e-10
# n=20, m=18, value=-1.25088128549258e-10
# n=20, m=19, value=-3.32810347206787e-11
# n=20, m=20, value=-8.35985772794603e-12
# n=20, value=-0.00839702936532509
# n=21, m=0, value=-0.00237852223346747
# n=21, m=1, value=-0.00301421712522242
# n=21, m=2, value=-0.00132036744027682
# n=21, m=3, value=-0.000564604922624887
# n=21, m=4, value=-0.000236122666535214
# n=21, m=5, value=-9.6727226741275e-05
# n=21, m=6, value=-3.88575161269975e-05
# n=21, m=7, value=-1.5317751401232e-05
# n=21, m=8, value=-5.92551728231192e-06
# n=21, m=9, value=-2.24796057815569e-06
# n=21, m=10, value=-8.35183326443645e-07
# n=21, m=11, value=-3.03238500830979e-07
# n=21, m=12, value=-1.07294967078687e-07
# n=21, m=13, value=-3.68724688812848e-08
# n=21, m=14, value=-1.22603392340013e-08
# n=21, m=15, value=-3.92833429198317e-09
# n=21, m=16, value=-1.20776943700892e-09
# n=21, m=17, value=-3.54790059313589e-10
# n=21, m=18, value=-9.91554013378244e-11
# n=21, m=19, value=-2.62528693988108e-11
# n=21, m=20, value=-6.55717960398326e-12
# n=21, value=-0.00648494971598476
# n=22, m=0, value=-0.00183162750776129
# n=22, m=1, value=-0.00232529110923285
# n=22, m=2, value=-0.0010203963963611
# n=22, m=3, value=-0.00043745265870256
# n=22, m=4, value=-0.000183528536399139
# n=22, m=5, value=-7.54544655193432e-05
# n=22, m=6, value=-3.04293820330594e-05
# n=22, m=7, value=-1.20427038300928e-05
# n=22, m=8, value=-4.67637492741201e-06
# n=22, m=9, value=-1.78025412583551e-06
# n=22, m=10, value=-6.63372724694623e-07
# n=22, m=11, value=-2.41401183966273e-07
# n=22, m=12, value=-8.55359831226013e-08
# n=22, m=13, value=-2.94088060952732e-08
# n=22, m=14, value=-9.77348635727084e-09
# n=22, m=15, value=-3.12669899218501e-09
# n=22, m=16, value=-9.58866625117082e-10
# n=22, m=17, value=-2.80689302315096e-10
# n=22, m=18, value=-7.81014873002104e-11
# n=22, m=19, value=-2.05704806487259e-11
# n=22, m=20, value=-5.10710148216806e-12
# n=22, value=-0.00500789959723025
# n=23, m=0, value=-0.00141069118600468
# n=23, m=1, value=-0.00179385886815289
# n=23, m=2, value=-0.000788457765353003
# n=23, m=3, value=-0.00033881091928359
# n=23, m=4, value=-0.000142559211025742
# n=23, m=5, value=-5.88054509957052e-05
# n=23, m=6, value=-2.37993860851339e-05
# n=23, m=7, value=-9.45267452890303e-06
# n=23, m=8, value=-3.68325224602793e-06
# n=23, m=9, value=-1.40651065038586e-06
# n=23, m=10, value=-5.25439221399565e-07
# n=23, m=11, value=-1.91557761908547e-07
# n=23, m=12, value=-6.79418542643341e-08
# n=23, m=13, value=-2.33606941901962e-08
# n=23, m=14, value=-7.7561626096306e-09
# n=23, m=15, value=-2.47648946608771e-09
# n=23, m=16, value=-7.57241161606183e-10
# n=23, m=17, value=-2.20809940320428e-10
# n=23, m=18, value=-6.11483413818019e-11
# n=23, m=19, value=-1.60157086703019e-11
# n=23, m=20, value=-3.9511599287534e-12
# n=23, value=-0.00386699922267387
# n=24, m=0, value=-0.00108663317755398
# n=24, m=1, value=-0.00138390023048023
# n=24, m=2, value=-0.000609157917881282
# n=24, m=3, value=-0.000262325490149953
# n=24, m=4, value=-0.000110672692149815
# n=24, m=5, value=-4.57915512860765e-05
# n=24, m=6, value=-1.85926828566283e-05
# n=24, m=7, value=-7.40876588684368e-06
# n=24, m=8, value=-2.89574315279875e-06
# n=24, m=9, value=-1.1087834983404e-06
# n=24, m=10, value=-4.15105328672237e-07
# n=24, m=11, value=-1.51549197681023e-07
# n=24, m=12, value=-5.37822918066741e-08
# n=24, m=13, value=-1.84853471587523e-08
# n=24, m=14, value=-6.12916167261209e-09
# n=24, m=15, value=-1.9524155262555e-09
# n=24, m=16, value=-5.95019183129855e-10
# n=24, m=17, value=-1.72772693125617e-10
# n=24, m=18, value=-4.76019380164043e-11
# n=24, m=19, value=-1.23942654642205e-11
# n=24, m=20, value=-3.03748129079663e-12
# n=24, value=-0.00298581828068704
# n=25, m=0, value=-0.000837110689694741
# n=25, m=1, value=-0.00106763999721407
# n=25, m=2, value=-0.000470574956871476
# n=25, m=3, value=-0.000203046058577915
# n=25, m=4, value=-8.58742102963722e-05
# n=25, m=5, value=-3.56304512487988e-05
# n=25, m=6, value=-1.45098947139511e-05
# n=25, m=7, value=-5.79893491361677e-06
# n=25, m=8, value=-2.27275995449556e-06
# n=25, m=9, value=-8.72285851783559e-07
# n=25, m=10, value=-3.2714278691145e-07
# n=25, m=11, value=-1.19558290539581e-07
# n=25, m=12, value=-4.24364947510876e-08
# n=25, m=13, value=-1.45745198460202e-08
# n=25, m=14, value=-4.82402710798467e-09
# n=25, m=15, value=-1.53249011028212e-09
# n=25, m=16, value=-4.65328331861233e-10
# n=25, m=17, value=-1.34497191921505e-10
# n=25, m=18, value=-3.68556416939554e-11
# n=25, m=19, value=-9.5367552288418e-12
# n=25, m=20, value=-2.32103008687721e-12
# n=25, value=-0.00230528561163807
# n=26, m=0, value=-0.000644949231595222
# n=26, m=1, value=-0.000823657835301612
# n=26, m=2, value=-0.000363479460550329
# n=26, m=3, value=-0.000157120081058498
# n=26, m=4, value=-6.66012321868296e-05
# n=26, m=5, value=-2.77047253653648e-05
# n=26, m=6, value=-1.13127644627525e-05
# n=26, m=7, value=-4.5332092953252e-06
# n=26, m=8, value=-1.78099668691631e-06
# n=26, m=9, value=-6.84915444812945e-07
# n=26, m=10, value=-2.57231242052689e-07
# n=26, m=11, value=-9.40693940132191e-08
# n=26, m=12, value=-3.33821890798607e-08
# n=26, m=13, value=-1.14516757385116e-08
# n=26, m=14, value=-3.78236093984904e-09
# n=26, m=15, value=-1.19787005653933e-09
# n=26, m=16, value=-3.62262787153868e-10
# n=26, m=17, value=-1.04194303088132e-10
# n=26, m=18, value=-2.83884096243733e-11
# n=26, m=19, value=-7.29812082078509e-12
# n=26, m=20, value=-1.76343423370652e-12
# n=26, value=-0.00177975145478899
# n=27, m=0, value=-0.000496941847376625
# n=27, m=1, value=-0.000635432622096689
# n=27, m=2, value=-0.000280728873815974
# n=27, m=3, value=-0.000121552026213884
# n=27, m=4, value=-5.16316812170569e-05
# n=27, m=5, value=-2.15281829722987e-05
# n=27, m=6, value=-8.81225422579798e-06
# n=27, m=7, value=-3.53962099741125e-06
# n=27, m=8, value=-1.39358482080561e-06
# n=27, m=9, value=-5.36824240824528e-07
# n=27, m=10, value=-2.01824803275958e-07
# n=27, m=11, value=-7.38283173611644e-08
# n=27, m=12, value=-2.618394316144e-08
# n=27, m=13, value=-8.96867845927489e-09
# n=27, m=14, value=-2.95490910559511e-09
# n=27, m=15, value=-9.3260713335609e-10
# n=27, m=16, value=-2.80815578420548e-10
# n=27, m=17, value=-8.03474581791154e-11
# n=27, m=18, value=-2.17594478134673e-11
# n=27, m=19, value=-5.55611914983376e-12
# n=27, m=20, value=-1.33252344705286e-12
# n=27, value=-0.00137394167735868
# n=28, m=0, value=-0.000382929142939804
# n=28, m=1, value=-0.000490220915573616
# n=28, m=2, value=-0.000216797295471788
# n=28, m=3, value=-9.40145200434595e-05
# n=28, m=4, value=-4.00110210607081e-05
# n=28, m=5, value=-1.67187206603977e-05
# n=28, m=6, value=-6.85877350496461e-06
# n=28, m=7, value=-2.76079826129894e-06
# n=28, m=8, value=-1.0889397051884e-06
# n=28, m=9, value=-4.20038924083725e-07
# n=28, m=10, value=-1.58030527815341e-07
# n=28, m=11, value=-5.78043997201843e-08
# n=28, m=12, value=-2.04816045779537e-08
# n=28, m=13, value=-7.00233642160172e-09
# n=28, m=14, value=-2.30054449903342e-09
# n=28, m=15, value=-7.23351342485635e-10
# n=28, m=16, value=-2.16792210269815e-10
# n=28, m=17, value=-6.1687441613273e-11
# n=28, m=18, value=-1.66008649426977e-11
# n=28, m=19, value=-4.20916611027702e-12
# n=28, m=20, value=-1.00173032846142e-12
# n=28, value=-0.0010606022377312
# n=29, m=0, value=-0.00029509380231471
# n=29, m=1, value=-0.000378192576927235
# n=29, m=2, value=-0.000167410673600401
# n=29, m=3, value=-7.27005167191048e-05
# n=29, m=4, value=-3.09945418834903e-05
# n=29, m=5, value=-1.29765486961283e-05
# n=29, m=6, value=-5.33422056063261e-06
# n=29, m=7, value=-2.15114097011461e-06
# n=29, m=8, value=-8.49785283387938e-07
# n=29, m=9, value=-3.28132730519483e-07
# n=29, m=10, value=-1.23500621247828e-07
# n=29, m=11, value=-4.51558723945112e-08
# n=29, m=12, value=-1.59793867195963e-08
# n=29, m=13, value=-5.45102058822194e-09
# n=29, m=14, value=-1.78523211221177e-09
# n=29, m=15, value=-5.59037179402501e-10
# n=29, m=16, value=-1.66716140513698e-10
# n=29, m=17, value=-4.71641004246994e-11
# n=29, m=18, value=-1.26092886674564e-11
# n=29, m=19, value=-3.17389300605357e-12
# n=29, m=20, value=-7.49378044426925e-13
# n=29, value=-0.000818677700111412
# n=30, m=0, value=-0.000227419177022653
# n=30, m=1, value=-0.000291764416455419
# n=30, m=2, value=-0.000129263962216744
# n=30, m=3, value=-5.62077846429457e-05
# n=30, m=4, value=-2.40018202385475e-05
# n=30, m=5, value=-1.00668094684453e-05
# n=30, m=6, value=-4.14554342620366e-06
# n=30, m=7, value=-1.6745003779404e-06
# n=30, m=8, value=-6.62339186778853e-07
# n=30, m=9, value=-2.55945982328924e-07
# n=30, m=10, value=-9.63386783617568e-08
# n=30, m=11, value=-3.51990234798043e-08
# n=30, m=12, value=-1.2435904682714e-08
# n=30, m=13, value=-4.2314928881165e-09
# n=30, m=14, value=-1.38103221684547e-09
# n=30, m=15, value=-4.30573722296973e-10
# n=30, m=16, value=-1.27733512732247e-10
# n=30, m=17, value=-3.5917443390185e-11
# n=30, m=18, value=-9.53725954548231e-12
# n=30, m=19, value=-2.38266649249204e-12
# n=30, m=20, value=-5.58003621607697e-13
# n=30, value=-0.000631902903340918
# n=31, m=0, value=-0.000175273528100152
# n=31, m=1, value=-0.000225086397004713
# n=31, m=2, value=-9.98019440100551e-05
# n=31, m=3, value=-4.34487753173758e-05
# n=31, m=4, value=-1.85808771634031e-05
# n=31, m=5, value=-7.80575607155944e-06
# n=31, m=6, value=-3.21955883561875e-06
# n=31, m=7, value=-1.30228706993315e-06
# n=31, m=8, value=-5.15638305870678e-07
# n=31, m=9, value=-1.99350992025265e-07
# n=31, m=10, value=-7.50193928527086e-08
# n=31, m=11, value=-2.73812809517302e-08
# n=31, m=12, value=-9.65530001462236e-09
# n=31, m=13, value=-3.27602266394955e-09
# n=31, m=14, value=-1.06517598980664e-09
# n=31, m=15, value=-3.30552253757163e-10
# n=31, m=16, value=-9.75220111373739e-11
# n=31, m=17, value=-2.72497604450867e-11
# n=31, m=18, value=-7.18490376786474e-12
# n=31, m=19, value=-1.78117947908381e-12
# n=31, m=20, value=-4.13677067861309e-13
# n=31, value=-0.000487714210696889
# n=32, m=0, value=-0.000135090589482348
# n=32, m=1, value=-0.000173645408521297
# n=32, m=2, value=-7.70494668960971e-05
# n=32, m=3, value=-3.35803840021784e-05
# n=32, m=4, value=-1.43800302324285e-05
# n=32, m=5, value=-6.0497978108313e-06
# n=32, m=6, value=-2.4988023782539e-06
# n=32, m=7, value=-1.01193750678793e-06
# n=32, m=8, value=-4.00985008408093e-07
# n=32, m=9, value=-1.55056260228619e-07
# n=32, m=10, value=-5.83206575652153e-08
# n=32, m=11, value=-2.12580799435606e-08
# n=32, m=12, value=-7.47948592898283e-09
# n=32, m=13, value=-2.5298257901604e-09
# n=32, m=14, value=-8.19232204603189e-10
# n=32, m=15, value=-2.52979284115438e-10
# n=32, m=16, value=-7.42069101480978e-11
# n=32, m=17, value=-2.05998294594339e-11
# n=32, m=18, value=-5.39224708721271e-12
# n=32, m=19, value=-1.32623209289646e-12
# n=32, m=20, value=-3.05403922637452e-13
# n=32, value=-0.000376407925449024
# n=33, m=0, value=-0.000104124027221917
# n=33, m=1, value=-0.000133959674969876
# n=33, m=2, value=-5.94800061186588e-05
# n=33, m=3, value=-2.59492694103787e-05
# n=33, m=4, value=-1.11258286508595e-05
# n=33, m=5, value=-4.68684209374292e-06
# n=33, m=6, value=-1.93821749864096e-06
# n=33, m=7, value=-7.85677574651146e-07
# n=33, m=8, value=-3.11495421534538e-07
# n=33, m=9, value=-1.20444753634527e-07
# n=33, m=10, value=-4.5266735173722e-08
# n=33, m=11, value=-1.64732338411504e-08
# n=33, m=12, value=-5.7814760067195e-09
# n=33, m=13, value=-1.94883250429774e-09
# n=33, m=14, value=-6.28372326944896e-10
# n=33, m=15, value=-1.93038976731487e-10
# n=33, m=16, value=-5.628590074502e-11
# n=33, m=17, value=-1.55197341523353e-11
# n=33, m=18, value=-4.03229543938984e-12
# n=33, m=19, value=-9.83756966947036e-13
# n=33, m=20, value=-2.24583372732126e-13
# n=33, value=-0.000290489838838036
# n=34, m=0, value=-8.02586280019551e-05
# n=34, m=1, value=-0.000103343041685993
# n=34, m=2, value=-4.59139344681769e-05
# n=34, m=3, value=-2.00493241384523e-05
# n=34, m=4, value=-8.60578408888513e-06
# n=34, m=5, value=-3.62946761592659e-06
# n=34, m=6, value=-1.50252252875293e-06
# n=34, m=7, value=-6.09529984140269e-07
# n=34, m=8, value=-2.41733035023913e-07
# n=34, m=9, value=-9.3441270396138e-08
# n=34, m=10, value=-3.50811069634676e-08
# n=34, m=11, value=-1.27424548819193e-08
# n=34, m=12, value=-4.45971817527692e-09
# n=34, m=13, value=-1.49777122170652e-09
# n=34, m=14, value=-4.80733895242289e-10
# n=34, m=15, value=-1.46885858186295e-10
# n=34, m=16, value=-4.25632359219394e-11
# n=34, m=17, value=-1.16546034433515e-11
# n=34, m=18, value=-3.00502716243619e-12
# n=34, m=19, value=-7.27103544474078e-13
# n=34, m=20, value=-1.6453581119097e-13
# n=34, value=-0.000224172559602226
# n=35, m=0, value=-6.18650628232702e-05
# n=35, m=1, value=-7.97231513179347e-05
# n=35, m=2, value=-3.54398093638854e-05
# n=35, m=3, value=-1.54886214486782e-05
# n=35, m=4, value=-6.6548733487309e-06
# n=35, m=5, value=-2.8095525775313e-06
# n=35, m=6, value=-1.16412289297605e-06
# n=35, m=7, value=-4.72520438867659e-07
# n=35, m=8, value=-1.87412945499353e-07
# n=35, m=9, value=-7.24043181796395e-08
# n=35, m=10, value=-2.71476421447561e-08
# n=35, m=11, value=-9.83964367631948e-09
# n=35, m=12, value=-3.43333450909672e-09
# n=35, m=13, value=-1.14854451657234e-09
# n=35, m=14, value=-3.66877096847682e-10
# n=35, m=15, value=-1.11467094181476e-10
# n=35, m=16, value=-3.20931597812043e-11
# n=35, m=17, value=-8.72514023921618e-12
# n=35, m=18, value=-2.23219825869915e-12
# n=35, m=19, value=-5.35585031186126e-13
# n=35, m=20, value=-1.20115180822501e-13
# n=35, value=-0.000172987091279155
# n=36, m=0, value=-4.76881378265685e-05
# n=36, m=1, value=-6.15011812457086e-05
# n=36, m=2, value=-2.73534850366185e-05
# n=36, m=3, value=-1.19637442519729e-05
# n=36, m=4, value=-5.14500156011975e-06
# n=36, m=5, value=-2.17405538494517e-06
# n=36, m=6, value=-9.01459726999881e-07
# n=36, m=7, value=-3.66044858030735e-07
# n=36, m=8, value=-1.4516412557848e-07
# n=36, m=9, value=-5.60384369843824e-08
# n=36, m=10, value=-2.09788254959776e-08
# n=36, m=11, value=-7.58557129390932e-09
# n=36, m=12, value=-2.63815923247981e-09
# n=36, m=13, value=-8.7886781870563e-10
# n=36, m=14, value=-2.79326799322599e-10
# n=36, m=15, value=-8.43721488618447e-11
# n=36, m=16, value=-2.41319873697796e-11
# n=36, m=17, value=-6.51290702142138e-12
# n=36, m=18, value=-1.65301805446851e-12
# n=36, m=19, value=-3.93243109516473e-13
# n=36, value=-0.000133482721354187
# n=37, m=0, value=-3.67607901473793e-05
# n=37, m=1, value=-4.74436382016476e-05
# n=37, m=2, value=-2.11110240341977e-05
# n=37, m=3, value=-9.23985931825801e-06
# n=37, m=4, value=-3.97678508658885e-06
# n=37, m=5, value=-1.6817057841255e-06
# n=37, m=6, value=-6.97706541152482e-07
# n=37, m=7, value=-2.8336643548196e-07
# n=37, m=8, value=-1.12339039310313e-07
# n=37, m=9, value=-4.33234286927315e-08
# n=37, m=10, value=-1.61899072490582e-08
# n=37, m=11, value=-5.83860033893443e-09
# n=37, m=12, value=-2.02346789114643e-09
# n=37, m=13, value=-6.71139121988056e-10
# n=37, m=14, value=-2.12190742787921e-10
# n=37, m=15, value=-6.3707236697497e-11
# n=37, m=16, value=-1.80981343193235e-11
# n=37, m=17, value=-4.84806037546065e-12
# n=37, m=18, value=-1.22053463256367e-12
# n=37, m=19, value=-2.87851990507519e-13
# n=37, value=-0.000102995166410307
# n=38, m=0, value=-2.83378835513246e-05
# n=38, m=1, value=-3.65988810104683e-05
# n=38, m=2, value=-1.62922880633288e-05
# n=38, m=3, value=-7.13525897493768e-06
# n=38, m=4, value=-3.07314932245478e-06
# n=38, m=5, value=-1.30041357245646e-06
# n=38, m=6, value=-5.39742561760259e-07
# n=38, m=7, value=-2.19216916749021e-07
# n=38, m=8, value=-8.68616733977146e-08
# n=38, m=9, value=-3.34574666728645e-08
# n=38, m=10, value=-1.2477976933979e-08
# n=38, m=11, value=-4.4871237186493e-09
# n=38, m=12, value=-1.5492966006145e-09
# n=38, m=13, value=-5.11508399661011e-10
# n=38, m=14, value=-1.60844272688744e-10
# n=38, m=15, value=-4.79915502954724e-11
# n=38, m=16, value=-1.35390823444042e-11
# n=38, m=17, value=-3.59924660605197e-12
# n=38, m=18, value=-8.98707052787055e-13
# n=38, m=19, value=-2.10097076455003e-13
# n=38, value=-7.94674643264971e-05
# n=39, m=0, value=-2.18452361052655e-05
# n=39, m=1, value=-2.82327190058539e-05
# n=39, m=2, value=-1.25727912826312e-05
# n=39, m=3, value=-5.50937418763974e-06
# n=39, m=4, value=-2.37434458337702e-06
# n=39, m=5, value=-1.00524177153984e-06
# n=39, m=6, value=-4.17345406911017e-07
# n=39, m=7, value=-1.69481219413968e-07
# n=39, m=8, value=-6.71065873102703e-08
# n=39, m=9, value=-2.58115305811422e-08
# n=39, m=10, value=-9.6050994252461e-09
# n=39, m=11, value=-3.44343661568522e-09
# n=39, m=12, value=-1.18425900024346e-09
# n=39, m=13, value=-3.8911717126757e-10
# n=39, m=14, value=-1.21672281625318e-10
# n=39, m=15, value=-3.60723122921738e-11
# n=39, m=16, value=-1.01044232659848e-11
# n=39, m=17, value=-2.66540771658883e-12
# n=39, m=18, value=-6.59996092066562e-13
# n=39, m=19, value=-1.52925252756149e-13
# n=39, value=-6.13116268674495e-05
# n=40, m=0, value=-1.68403689606512e-05
# n=40, m=1, value=-2.17787263338535e-05
# n=40, m=2, value=-9.70194455856719e-06
# n=40, m=3, value=-4.25348329545281e-06
# n=40, m=4, value=-1.83406879427981e-06
# n=40, m=5, value=-7.76823049943155e-07
# n=40, m=6, value=-3.22557216511908e-07
# n=40, m=7, value=-1.30948486976585e-07
# n=40, m=8, value=-5.18029044587476e-08
# n=40, m=9, value=-1.98930324619677e-08
# n=40, m=10, value=-7.38477976978838e-09
# n=40, m=11, value=-2.63879436369012e-09
# n=40, m=12, value=-9.03778903294066e-10
# n=40, m=13, value=-2.95481284515831e-10
# n=40, m=14, value=-9.18595393437933e-11
# n=40, m=15, value=-2.70558511575866e-11
# n=40, m=16, value=-7.52403038961458e-12
# n=40, m=17, value=-1.96914668815579e-12
# n=40, m=18, value=-4.83482991055921e-13
# n=40, m=19, value=-1.11025880329685e-13
# n=40, value=-4.73017839902291e-05
# n=41, m=0, value=-1.29822766307345e-05
# n=41, m=1, value=-1.67999091378452e-05
# n=41, m=2, value=-7.4862420183418e-06
# n=41, m=3, value=-3.28351284573632e-06
# n=41, m=4, value=-1.4164531555937e-06
# n=41, m=5, value=-6.00123686736195e-07
# n=41, m=6, value=-2.49187661648447e-07
# n=41, m=7, value=-1.01115946523441e-07
# n=41, m=8, value=-3.99582831865812e-08
# n=41, m=9, value=-1.53168670419661e-08
# n=41, m=10, value=-5.67113995049421e-09
# n=41, m=11, value=-2.01944446122417e-09
# n=41, m=12, value=-6.88666987865515e-10
# n=41, m=13, value=-2.23993060320552e-10
# n=41, m=14, value=-6.92215604499046e-11
# n=41, m=15, value=-2.02520653242353e-11
# n=41, m=16, value=-5.59054294828086e-12
# n=41, m=17, value=-1.45146796057962e-12
# n=41, m=18, value=-3.53340783281619e-13
# n=41, m=19, value=-8.04075230877169e-14
# n=41, value=-3.64916581118658e-05
# n=42, m=0, value=-1.00081423042065e-05
# n=42, m=1, value=-1.2959131360113e-05
# n=42, m=2, value=-5.77626886694477e-06
# n=42, m=3, value=-2.53446130367439e-06
# n=42, m=4, value=-1.09372008857925e-06
# n=42, m=5, value=-4.63479666980605e-07
# n=42, m=6, value=-1.92424766547687e-07
# n=42, m=7, value=-7.80346304807641e-08
# n=42, m=8, value=-3.07988411247494e-08
# n=42, m=9, value=-1.17824344209408e-08
# n=42, m=10, value=-4.35029348028472e-09
# n=42, m=11, value=-1.54345388622447e-09
# n=42, m=12, value=-5.23980181514766e-10
# n=42, m=13, value=-1.69521880962647e-10
# n=42, m=14, value=-5.20690128384331e-11
# n=42, m=15, value=-1.51300090620272e-11
# n=42, m=16, value=-4.14540770417014e-12
# n=42, m=17, value=-1.06758384684634e-12
# n=42, m=18, value=-2.57652135304129e-13
# n=42, m=19, value=-5.80988165563291e-14
# n=42, value=-2.81508330881627e-05
# n=43, m=0, value=-7.7154006079693e-06
# n=43, m=1, value=-9.99629782510942e-06
# n=43, m=2, value=-4.45666320045717e-06
# n=43, m=3, value=-1.95608109657157e-06
# n=43, m=4, value=-8.44364491694055e-07
# n=43, m=5, value=-3.57845607824159e-07
# n=43, m=6, value=-1.48530506043699e-07
# n=43, m=7, value=-6.01882148791638e-08
# n=43, m=8, value=-2.37217803711078e-08
# n=43, m=9, value=-9.05544904914506e-09
# n=43, m=10, value=-3.33349308043016e-09
# n=43, m=11, value=-1.17818174739151e-09
# n=43, m=12, value=-3.98111589216688e-10
# n=43, m=13, value=-1.28095497642565e-10
# n=43, m=14, value=-3.90996514137516e-11
# n=43, m=15, value=-1.12826257668254e-11
# n=43, m=16, value=-3.06784800471434e-12
# n=43, m=17, value=-7.83628207896177e-13
# n=43, m=18, value=-1.87479372304457e-13
# n=43, m=19, value=-4.18881509339776e-14
# n=43, value=-2.17155408210197e-05
# n=44, m=0, value=-5.94791836548713e-06
# n=44, m=1, value=-7.7107506326941e-06
# n=44, m=2, value=-3.43836102619211e-06
# n=44, m=3, value=-1.5095359531917e-06
# n=44, m=4, value=-6.51742064302212e-07
# n=44, m=5, value=-2.76209958540253e-07
# n=44, m=6, value=-1.14602963262394e-07
# n=44, m=7, value=-4.63980006579589e-08
# n=44, m=8, value=-1.82580975612422e-08
# n=44, m=9, value=-6.95357177353479e-09
# n=44, m=10, value=-2.55170267505212e-09
# n=44, m=11, value=-8.98273189461116e-10
# n=44, m=12, value=-3.02067452812743e-10
# n=44, m=13, value=-9.66469021243088e-11
# n=44, m=14, value=-2.93126727318271e-11
# n=44, m=15, value=-8.39884851120414e-12
# n=44, m=16, value=-2.26618658734374e-12
# n=44, m=17, value=-5.74082122985222e-13
# n=44, m=18, value=-1.36143266799006e-13
# n=44, m=19, value=-3.01380014694486e-14
# n=44, value=-1.67506608592097e-05
# n=45, m=0, value=-4.58534700009291e-06
# n=45, m=1, value=-5.94768770317947e-06
# n=45, m=2, value=-2.65260577408144e-06
# n=45, m=3, value=-1.16481389588681e-06
# n=45, m=4, value=-5.02974076406114e-07
# n=45, m=5, value=-2.13139976647901e-07
# n=45, m=6, value=-8.83906746597408e-08
# n=45, m=7, value=-3.5748495458276e-08
# n=45, m=8, value=-1.40432824704442e-08
# n=45, m=9, value=-5.33508626997962e-09
# n=45, m=10, value=-1.95130930365208e-09
# n=45, m=11, value=-6.84072150279362e-10
# n=45, m=12, value=-2.28894828981642e-10
# n=45, m=13, value=-7.2814157427197e-11
# n=45, m=14, value=-2.19411173257985e-11
# n=45, m=15, value=-6.24171179151987e-12
# n=45, m=16, value=-1.67106075071181e-12
# n=45, m=17, value=-4.19799611739442e-13
# n=45, m=18, value=-9.86783354681169e-14
# n=45, m=19, value=-2.16428979772643e-14
# n=45, value=-1.29203799495577e-05
# n=46, m=0, value=-3.53491800885796e-06
# n=46, m=1, value=-4.58768449234127e-06
# n=46, m=2, value=-2.04632125584783e-06
# n=46, m=3, value=-8.9872552045534e-07
# n=46, m=4, value=-3.88097996849336e-07
# n=46, m=5, value=-1.6442790504833e-07
# n=46, m=6, value=-6.81478427041328e-08
# n=46, m=7, value=-2.75292012006703e-08
# n=46, m=8, value=-1.07943307861476e-08
# n=46, m=9, value=-4.08999302706046e-09
# n=46, m=10, value=-1.49074411179445e-09
# n=46, m=11, value=-5.20369403388222e-10
# n=46, m=12, value=-1.73230293066508e-10
# n=46, m=13, value=-5.47828098532353e-11
# n=46, m=14, value=-1.63988583454827e-11
# n=46, m=15, value=-4.63123636662633e-12
# n=46, m=16, value=-1.23016082997229e-12
# n=46, m=17, value=-3.06445569874668e-13
# n=46, m=18, value=-7.13943335874103e-14
# n=46, m=19, value=-1.55129273142485e-14
# n=46, value=-9.96553932291557e-06
# n=47, m=0, value=-2.72512050105769e-06
# n=47, m=1, value=-3.53860986946566e-06
# n=47, m=2, value=-1.57853805766949e-06
# n=47, m=3, value=-6.93355476813158e-07
# n=47, m=4, value=-2.99409039561644e-07
# n=47, m=5, value=-1.26816004269975e-07
# n=47, m=6, value=-5.25215150749191e-08
# n=47, m=7, value=-2.11891304885748e-08
# n=47, m=8, value=-8.29173753186385e-09
# n=47, m=9, value=-3.13301812719367e-09
# n=47, m=10, value=-1.13782602759176e-09
# n=47, m=11, value=-3.95417872601667e-10
# n=47, m=12, value=-1.3094517039727e-10
# n=47, m=13, value=-4.11622433729612e-11
# n=47, m=14, value=-1.2239093690352e-11
# n=47, m=15, value=-3.4310850601658e-12
# n=47, m=16, value=-9.04149964533365e-13
# n=47, m=17, value=-2.23330468701601e-13
# n=47, m=18, value=-5.15654684750401e-14
# n=47, m=19, value=-1.11012002541877e-14
# n=47, value=-7.68614631117113e-06
# n=48, m=0, value=-2.10082875978643e-06
# n=48, m=1, value=-2.72938914581442e-06
# n=48, m=2, value=-1.21763375512223e-06
# n=48, m=3, value=-5.34864779549068e-07
# n=48, m=4, value=-2.30949894236915e-07
# n=48, m=5, value=-9.77829829221913e-08
# n=48, m=6, value=-4.0463742390965e-08
# n=48, m=7, value=-1.6301306985774e-08
# n=48, m=8, value=-6.36541201898324e-09
# n=48, m=9, value=-2.39813510768054e-09
# n=48, m=10, value=-8.6767821135666e-10
# n=48, m=11, value=-3.00160261827601e-10
# n=48, m=12, value=-9.88676176520048e-11
# n=48, m=13, value=-3.08890643640752e-11
# n=48, m=14, value=-9.12208383916744e-12
# n=48, m=15, value=-2.53828300609084e-12
# n=48, m=16, value=-6.63535199008097e-13
# n=48, m=17, value=-1.62505751043208e-13
# n=48, m=18, value=-3.71861287422338e-14
# n=48, m=19, value=-7.9305594209711e-15
# n=48, value=-5.92787366072113e-06
# n=49, m=0, value=-1.61954705973391e-06
# n=49, m=1, value=-2.10519221970723e-06
# n=49, m=2, value=-9.3920177905388e-07
# n=49, m=3, value=-4.12564635704466e-07
# n=49, m=4, value=-1.78115423045827e-07
# n=49, m=5, value=-7.53782021529482e-08
# n=49, m=6, value=-3.11632347374165e-08
# n=49, m=7, value=-1.25350862281397e-08
# n=49, m=8, value=-4.88367502096309e-09
# n=49, m=9, value=-1.83427976577978e-09
# n=49, m=10, value=-6.61097290416477e-10
# n=49, m=11, value=-2.27624741376593e-10
# n=49, m=12, value=-7.45655043787709e-11
# n=49, m=13, value=-2.31518188409694e-11
# n=49, m=14, value=-6.79007978316015e-12
# n=49, m=15, value=-1.8752213323815e-12
# n=49, m=16, value=-4.86256217582812e-13
# n=49, m=17, value=-1.18068966062369e-13
# n=49, m=18, value=-2.67742100192037e-14
# n=49, m=19, value=-5.6563369439655e-15
# n=49, value=-4.57163780669546e-06
# n=50, m=0, value=-1.24851540785903e-06
# n=50, m=1, value=-1.62372122763813e-06
# n=50, m=2, value=-7.24405849737025e-07
# n=50, m=3, value=-3.18200360268372e-07
# n=50, m=4, value=-1.37346516091599e-07
# n=50, m=5, value=-5.80930296103e-08
# n=50, m=6, value=-2.39922263071289e-08
# n=50, m=7, value=-9.6345951037668e-09
# n=50, m=8, value=-3.7446746871678e-09
# n=50, m=9, value=-1.40200356952992e-09
# n=50, m=10, value=-5.03279500652428e-10
# n=50, m=11, value=-1.72453303103205e-10
# n=50, m=12, value=-5.61772869976674e-11
# n=50, m=13, value=-1.73325704375019e-11
# n=50, m=14, value=-5.04798226873693e-12
# n=50, m=15, value=-1.38355716857239e-12
# n=50, m=16, value=-3.55857324944175e-13
# n=50, m=17, value=-8.56650904726422e-14
# n=50, m=18, value=-1.92513106150871e-14
# n=50, m=19, value=-4.02911211339063e-15
# n=50, value=-3.525554325946e-06
# n=51, m=0, value=-9.62478729870254e-07
# n=51, m=1, value=-1.25234648381338e-06
# n=51, m=2, value=-5.58709430928861e-07
# n=51, m=3, value=-2.45397814308775e-07
# n=51, m=4, value=-1.05893065255404e-07
# n=51, m=5, value=-4.47610647660443e-08
# n=51, m=6, value=-1.84651912297269e-08
# n=51, m=7, value=-7.40195252131576e-09
# n=51, m=8, value=-2.86969749282252e-09
# n=51, m=9, value=-1.07086411858858e-09
# n=51, m=10, value=-3.82827524457904e-10
# n=51, m=11, value=-1.30534461441249e-10
# n=51, m=12, value=-4.22806181884599e-11
# n=51, m=13, value=-1.29616504161755e-11
# n=51, m=14, value=-3.74841596564216e-12
# n=51, m=15, value=-1.01953547600873e-12
# n=51, m=16, value=-2.60092945444937e-13
# n=51, m=17, value=-6.20726885690316e-14
# n=51, m=18, value=-1.38239571699506e-14
# n=51, m=19, value=-2.86408266894633e-15
# n=51, value=-2.71872864042966e-06
# n=52, m=0, value=-7.41967354238235e-07
# n=52, m=1, value=-9.65896886302094e-07
# n=52, m=2, value=-4.30894801149886e-07
# n=52, m=3, value=-1.89235545412758e-07
# n=52, m=4, value=-8.16305024736294e-08
# n=52, m=5, value=-3.448078978049e-08
# n=52, m=6, value=-1.42067877589379e-08
# n=52, m=7, value=-5.68422256466549e-09
# n=52, m=8, value=-2.19796196061539e-09
# n=52, m=9, value=-8.17393319001994e-10
# n=52, m=10, value=-2.9097760350442e-10
# n=52, m=11, value=-9.87178659132019e-11
# n=52, m=12, value=-3.17905365660826e-11
# n=52, m=13, value=-9.68273638352306e-12
# n=52, m=14, value=-2.78027877413332e-12
# n=52, m=15, value=-7.50404729674156e-13
# n=52, m=16, value=-1.89866026546749e-13
# n=52, m=17, value=-4.49199596790074e-14
# n=52, m=18, value=-9.9129146731436e-15
# n=52, m=19, value=-2.03564378895016e-15
# n=52, value=-2.09646351400161e-06
# n=53, m=0, value=-5.7197155908577e-07
# n=53, m=1, value=-7.44955251097127e-07
# n=53, m=2, value=-3.32305771520054e-07
# n=53, m=3, value=-1.45914134576521e-07
# n=53, m=4, value=-6.29178348693255e-08
# n=53, m=5, value=-2.6555630232257e-08
# n=53, m=6, value=-1.09269828749649e-08
# n=53, m=7, value=-4.36327831408968e-09
# n=53, m=8, value=-1.6825709378143e-09
# n=53, m=9, value=-6.23517624039914e-10
# n=53, m=10, value=-2.20999095923176e-10
# n=53, m=11, value=-7.45929847838663e-11
# n=53, m=12, value=-2.3880748778213e-11
# n=53, m=13, value=-7.22597817085781e-12
# n=53, m=14, value=-2.05998006196444e-12
# n=53, m=15, value=-5.51697522301758e-13
# n=53, m=16, value=-1.38440311731742e-13
# n=53, m=17, value=-3.24694698211614e-14
# n=53, m=18, value=-7.09989792652133e-15
# n=53, m=19, value=-1.44545833635767e-15
# n=53, value=-1.61656024152946e-06
# n=54, m=0, value=-4.40919843190929e-07
# n=54, m=1, value=-5.74543201164215e-07
# n=54, m=2, value=-2.56263094441883e-07
# n=54, m=3, value=-1.1250070038064e-07
# n=54, m=4, value=-4.84878182483221e-08
# n=54, m=5, value=-2.04475255717261e-08
# n=54, m=6, value=-8.40176018861098e-09
# n=54, m=7, value=-3.34793317529745e-09
# n=54, m=8, value=-1.2873678826754e-09
# n=54, m=9, value=-4.75331389161645e-10
# n=54, m=10, value=-1.67728791251515e-10
# n=54, m=11, value=-5.63178558150993e-11
# n=54, m=12, value=-1.79229015526562e-11
# n=54, m=13, value=-5.38735375754742e-12
# n=54, m=14, value=-1.52473319343587e-12
# n=54, m=15, value=-4.05175947047065e-13
# n=54, m=16, value=-1.00834000437561e-13
# n=54, m=17, value=-2.34434867352196e-14
# n=54, m=18, value=-5.08176400265681e-15
# n=54, m=19, value=-1.02289053963145e-15
# n=54, value=-1.24646407123166e-06
# n=55, m=0, value=-3.39891302245537e-07
# n=55, m=1, value=-4.43106597446557e-07
# n=55, m=2, value=-1.97613208615649e-07
# n=55, m=3, value=-8.67315038186698e-08
# n=55, m=4, value=-3.73620136847166e-08
# n=55, m=5, value=-1.57409779086256e-08
# n=55, m=6, value=-6.45816618769435e-09
# n=55, m=7, value=-2.56783726018322e-09
# n=55, m=8, value=-9.84497814936058e-10
# n=55, m=9, value=-3.62145641927106e-10
# n=55, m=10, value=-1.27210276330004e-10
# n=55, m=11, value=-4.24867881220132e-11
# n=55, m=12, value=-1.34398806645462e-11
# n=55, m=13, value=-4.01285363445292e-12
# n=55, m=14, value=-1.12745885761174e-12
# n=55, m=15, value=-2.97267635854251e-13
# n=55, m=16, value=-7.33664431290528e-14
# n=55, m=17, value=-1.69093797124098e-14
# n=55, m=18, value=-3.63099307565396e-15
# n=55, m=19, value=-7.25385463501427e-16
# n=55, value=-9.61061268659173e-07
# n=56, m=0, value=-2.62008456695624e-07
# n=56, m=1, value=-3.41732836761421e-07
# n=56, m=2, value=-1.52379927636922e-07
# n=56, m=3, value=-6.68594608029327e-08
# n=56, m=4, value=-2.87851047440332e-08
# n=56, m=5, value=-1.21152245291211e-08
# n=56, m=6, value=-4.9627254491883e-09
# n=56, m=7, value=-1.96874632893442e-09
# n=56, m=8, value=-7.52516763862543e-10
# n=56, m=9, value=-2.75751372908798e-10
# n=56, m=10, value=-9.64151199743683e-11
# n=56, m=11, value=-3.2028356421036e-11
# n=56, m=12, value=-1.00698920773118e-11
# n=56, m=13, value=-2.98640116542401e-12
# n=56, m=14, value=-8.32923682282683e-13
# n=56, m=15, value=-2.17887014854203e-13
# n=56, m=16, value=-5.3328598047936e-14
# n=56, m=17, value=-1.21840471739576e-14
# n=56, m=18, value=-2.59303212582496e-15
# n=56, m=19, value=-5.12556577042522e-16
# n=56, value=-7.40979141935705e-07
# n=57, m=0, value=-2.01969178816609e-07
# n=57, m=1, value=-2.63547032464959e-07
# n=57, m=2, value=-1.17495602278145e-07
# n=57, m=3, value=-5.15363606019209e-08
# n=57, m=4, value=-2.21741191665342e-08
# n=57, m=5, value=-9.32270599934264e-09
# n=57, m=6, value=-3.81247042822845e-09
# n=57, m=7, value=-1.5088572526577e-09
# n=57, m=8, value=-5.74927788812476e-10
# n=57, m=9, value=-2.09849596359409e-10
# n=57, m=10, value=-7.30276044172897e-11
# n=57, m=11, value=-2.41268819701651e-11
# n=57, m=12, value=-7.53896397349757e-12
# n=57, m=13, value=-2.22063578463064e-12
# n=57, m=14, value=-6.14789740383688e-13
# n=57, m=15, value=-1.59559323219261e-13
# n=57, m=16, value=-3.87284063325944e-14
# n=57, m=17, value=-8.77195451692847e-15
# n=57, m=18, value=-1.84943206582577e-15
# n=57, m=19, value=-3.62177735718783e-16
# n=57, value=-5.71274253132444e-07
# n=58, m=0, value=-1.55685846234803e-07
# n=58, m=1, value=-2.03246200083207e-07
# n=58, m=2, value=-9.05936342266827e-08
# n=58, m=3, value=-3.97219018318114e-08
# n=58, m=4, value=-1.70791815458135e-08
# n=58, m=5, value=-7.17241123314642e-09
# n=58, m=6, value=-2.92799916158772e-09
# n=58, m=7, value=-1.15597154165045e-09
# n=58, m=8, value=-4.39048309267449e-10
# n=58, m=9, value=-1.59610979869559e-10
# n=58, m=10, value=-5.52787436593959e-11
# n=58, m=11, value=-1.81620949833431e-11
# n=58, m=12, value=-5.63988992227035e-12
# n=58, m=13, value=-1.64990091901248e-12
# n=58, m=14, value=-4.5340250651172e-13
# n=58, m=15, value=-1.16745805731067e-13
# n=58, m=16, value=-2.81018155794122e-14
# n=58, m=17, value=-6.30799665973791e-15
# n=58, m=18, value=-1.31855247206825e-15
# n=58, value=-4.40420218536599e-07
# n=59, m=0, value=-1.20007154460264e-07
# n=59, m=1, value=-1.56739910503574e-07
# n=59, m=2, value=-6.98483481696879e-08
# n=59, m=3, value=-3.06134482186392e-08
# n=59, m=4, value=-1.31531845660169e-08
# n=59, m=5, value=-5.51699912002979e-09
# n=59, m=6, value=-2.24810506094652e-09
# n=59, m=7, value=-8.8530126112946e-10
# n=59, m=8, value=-3.35134573577195e-10
# n=59, m=9, value=-1.2133594536038e-10
# n=59, m=10, value=-4.18184912696896e-11
# n=59, m=11, value=-1.36628362703464e-11
# n=59, m=12, value=-4.21614582439254e-12
# n=59, m=13, value=-1.22491285777658e-12
# n=59, m=14, value=-3.34113054063782e-13
# n=59, m=15, value=-8.53485034382764e-14
# n=59, m=16, value=-2.03719961906768e-14
# n=59, m=17, value=-4.53359138424814e-15
# n=59, m=18, value=-9.39244342024192e-16
# n=59, value=-3.39526712341705e-07
# n=60, m=0, value=-9.25036513596137e-08
# n=60, m=1, value=-1.20873079542329e-07
# n=60, m=2, value=-5.38514191832534e-08
# n=60, m=3, value=-2.35917905925622e-08
# n=60, m=4, value=-1.01283569966997e-08
# n=60, m=5, value=-4.24284352831349e-09
# n=60, m=6, value=-1.72562469330365e-09
# n=60, m=7, value=-6.77772949207313e-10
# n=60, m=8, value=-2.55705425313534e-10
# n=60, m=9, value=-9.21925747008349e-11
# n=60, m=10, value=-3.16174807147456e-11
# n=60, m=11, value=-1.02715873458714e-11
# n=60, m=12, value=-3.14963208509029e-12
# n=60, m=13, value=-9.08730610291894e-13
# n=60, m=14, value=-2.46022386490854e-13
# n=60, m=15, value=-6.23477506601912e-14
# n=60, m=16, value=-1.47579431314382e-14
# n=60, m=17, value=-3.25678069582058e-15
# n=60, m=18, value=-6.68302219120065e-16
# n=60, value=-2.61736885649409e-07
# n=61, m=0, value=-7.13023959238438e-08
# n=61, m=1, value=-9.32121224020267e-08
# n=61, m=2, value=-4.15165149588543e-08
# n=61, m=3, value=-1.81792725035639e-08
# n=61, m=4, value=-7.79816357925357e-09
# n=61, m=5, value=-3.2623404213048e-09
# n=61, m=6, value=-1.32422875450398e-09
# n=61, m=7, value=-5.1871731107836e-10
# n=61, m=8, value=-1.95020451014856e-10
# n=61, m=9, value=-7.00147658492355e-11
# n=61, m=10, value=-2.38915417939975e-11
# n=61, m=11, value=-7.71733035549169e-12
# n=61, m=12, value=-2.35134871642854e-12
# n=61, m=13, value=-6.73691896539721e-13
# n=61, m=14, value=-1.81027393596213e-13
# n=61, m=15, value=-4.55127472168138e-14
# n=61, m=16, value=-1.06839450481067e-14
# n=61, m=17, value=-2.33596779072864e-15
# n=61, m=18, value=-4.75422652634894e-16
# n=61, value=-2.0176246705761e-07
# n=62, m=0, value=-5.49594882752104e-08
# n=62, m=1, value=-7.18799912172977e-08
# n=62, m=2, value=-3.20057141812433e-08
# n=62, m=3, value=-1.40074645268396e-08
# n=62, m=4, value=-6.00332624273706e-09
# n=62, m=5, value=-2.50796493161059e-09
# n=62, m=6, value=-1.01594309230622e-09
# n=62, m=7, value=-3.96857575721022e-10
# n=62, m=8, value=-1.48677565485117e-10
# n=62, m=9, value=-5.31468809391765e-11
# n=62, m=10, value=-1.8043805924239e-11
# n=62, m=11, value=-5.79482772530915e-12
# n=62, m=12, value=-1.75428226632809e-12
# n=62, m=13, value=-4.9911480113838e-13
# n=62, m=14, value=-1.3311167489441e-13
# n=62, m=15, value=-3.32010894471547e-14
# n=62, m=16, value=-7.72803045515081e-15
# n=62, m=17, value=-1.67633918898846e-15
# n=62, m=18, value=-3.37349505968865e-16
# n=62, value=-1.55525098436985e-07
# n=63, m=0, value=-4.2361796128539e-08
# n=63, m=1, value=-5.54289230808625e-08
# n=63, m=2, value=-2.4672730969542e-08
# n=63, m=3, value=-1.07922125764481e-08
# n=63, m=4, value=-4.62103021201919e-09
# n=63, m=5, value=-1.92768155353902e-09
# n=63, m=6, value=-7.79234497356089e-10
# n=63, m=7, value=-3.03528864912405e-10
# n=63, m=8, value=-1.13302950572312e-10
# n=63, m=9, value=-4.0324355183128e-11
# n=63, m=10, value=-1.36203355451846e-11
# n=63, m=11, value=-4.3487858171318e-12
# n=63, m=12, value=-1.30803370522116e-12
# n=63, m=13, value=-3.6954353422811e-13
# n=63, m=14, value=-9.78133589749078e-14
# n=63, m=15, value=-2.42012898436783e-14
# n=63, m=16, value=-5.58716484536093e-15
# n=63, m=17, value=-1.20042864537595e-15
# n=63, m=18, value=-2.40096571096915e-16
# n=63, value=-1.19879642865645e-07
# n=64, m=0, value=-3.26511902400384e-08
# n=64, m=1, value=-4.27422792906418e-08
# n=64, m=2, value=-1.90191090366167e-08
# n=64, m=3, value=-8.31437994160157e-09
# n=64, m=4, value=-3.5565908762116e-09
# n=64, m=5, value=-1.48140045182215e-09
# n=64, m=6, value=-5.97533212529808e-10
# n=64, m=7, value=-2.32076190405588e-10
# n=64, m=8, value=-8.63123167774252e-11
# n=64, m=9, value=-3.05819652371238e-11
# n=64, m=10, value=-1.0276181110476e-11
# n=64, m=11, value=-3.26181920015681e-12
# n=64, m=12, value=-9.74737976965094e-13
# n=64, m=13, value=-2.73443702576706e-13
# n=64, m=14, value=-7.18317549538996e-14
# n=64, m=15, value=-1.7632922032218e-14
# n=64, m=16, value=-4.0355089062083e-15
# n=64, m=17, value=-8.59934953106878e-16
# n=64, m=18, value=-1.70490791623346e-16
# n=64, value=-9.24007391144647e-08
# n=65, m=0, value=-2.5166133134053e-08
# n=65, m=1, value=-3.29588262658183e-08
# n=65, m=2, value=-1.46604241794815e-08
# n=65, m=3, value=-6.40498535195006e-09
# n=65, m=4, value=-2.7370215636242e-09
# n=65, m=5, value=-1.13824217744668e-09
# n=65, m=6, value=-4.58092975881313e-10
# n=65, m=7, value=-1.77390448955788e-10
# n=65, m=8, value=-6.57272208665395e-11
# n=65, m=9, value=-2.31834646966063e-11
# n=65, m=10, value=-7.74939850787859e-12
# n=65, m=11, value=-2.44526171229804e-12
# n=65, m=12, value=-7.25964806932309e-13
# n=65, m=13, value=-2.02218829788854e-13
# n=65, m=14, value=-5.27228542941683e-14
# n=65, m=15, value=-1.28382547648354e-14
# n=65, m=16, value=-2.91449806996691e-15
# n=65, m=17, value=-6.15826833971767e-16
# n=65, m=18, value=-1.21322223101128e-16
# n=65, value=-7.12181522723606e-08
# n=66, m=0, value=-1.93966466597402e-08
# n=66, m=1, value=-2.54143282818297e-08
# n=66, m=2, value=-1.13002098499819e-08
# n=66, m=3, value=-4.93373473045672e-09
# n=66, m=4, value=-2.10606946058291e-09
# n=66, m=5, value=-8.74426961836768e-10
# n=66, m=6, value=-3.51111848527155e-10
# n=66, m=7, value=-1.35550967802948e-10
# n=66, m=8, value=-5.00338243059454e-11
# n=66, m=9, value=-1.75676094765126e-11
# n=66, m=10, value=-5.8412330419644e-12
# n=66, m=11, value=-1.83220653275995e-12
# n=66, m=12, value=-5.40399539353262e-13
# n=66, m=13, value=-1.49465509413638e-13
# n=66, m=14, value=-3.8675659896903e-14
# n=66, m=15, value=-9.34332906182833e-15
# n=66, m=16, value=-2.10427378646849e-15
# n=66, m=17, value=-4.4051134268086e-16
# n=66, m=18, value=-8.56519716263549e-17
# n=66, value=-5.48897708187203e-08
# n=67, m=0, value=-1.49495940053967e-08
# n=67, m=1, value=-1.95964947414378e-08
# n=67, m=2, value=-8.70984184585145e-09
# n=67, m=3, value=-3.80017247355085e-09
# n=67, m=4, value=-1.62038520500162e-09
# n=67, m=5, value=-6.71646393400617e-10
# n=67, m=6, value=-2.69054413352533e-10
# n=67, m=7, value=-1.03550308573159e-10
# n=67, m=8, value=-3.8074391621306e-11
# n=67, m=9, value=-1.33068313312755e-11
# n=67, m=10, value=-4.40097535237729e-12
# n=67, m=11, value=-1.37219570558668e-12
# n=67, m=12, value=-4.0206547943442e-13
# n=67, m=13, value=-1.10415962397554e-13
# n=67, m=14, value=-2.83545431058186e-14
# n=67, m=15, value=-6.7954539564874e-15
# n=67, m=16, value=-1.51712409995897e-15
# n=67, m=17, value=-3.14472840129421e-16
# n=67, m=18, value=-6.09863722023096e-17
# n=67, value=-4.23036463018991e-08
# n=68, m=0, value=-1.15219138258549e-08
# n=68, m=1, value=-1.51102289291654e-08
# n=68, m=2, value=-6.71302097881443e-09
# n=68, m=3, value=-2.92685464018856e-09
# n=68, m=4, value=-1.24656774639503e-09
# n=68, m=5, value=-5.15807568155876e-10
# n=68, m=6, value=-2.06129431395366e-10
# n=68, m=7, value=-7.90824446402286e-11
# n=68, m=8, value=-2.89639522218841e-11
# n=68, m=9, value=-1.00755865781716e-11
# n=68, m=10, value=-3.31442956847557e-12
# n=68, m=11, value=-1.02720907951481e-12
# n=68, m=12, value=-2.98999052513601e-13
# n=68, m=13, value=-8.15281002430892e-14
# n=68, m=14, value=-2.07785720053588e-14
# n=68, m=15, value=-4.93951667762671e-15
# n=68, m=16, value=-1.09433946279824e-15
# n=68, m=17, value=-2.25080371007991e-16
# n=68, m=18, value=-4.32596666821716e-17
# n=68, value=-3.26024374370513e-08
# n=69, m=0, value=-8.87998521503707e-09
# n=69, m=1, value=-1.16508232915232e-08
# n=69, m=2, value=-5.17380319215984e-09
# n=69, m=3, value=-2.25408250413973e-09
# n=69, m=4, value=-9.58884871308055e-10
# n=69, m=5, value=-3.96064733366394e-10
# n=69, m=6, value=-1.5788743169894e-10
# n=69, m=7, value=-6.0379863923431e-11
# n=69, m=8, value=-2.20263687389271e-11
# n=69, m=9, value=-7.626157246932e-12
# n=69, m=10, value=-2.49512064655357e-12
# n=69, m=11, value=-7.68619488802234e-13
# n=69, m=12, value=-2.2225000702661e-13
# n=69, m=13, value=-6.01711605888179e-14
# n=69, m=14, value=-1.52201927276774e-14
# n=69, m=15, value=-3.58968497288226e-15
# n=69, m=16, value=-7.8794392885384e-16
# n=69, m=17, value=-1.61058232722722e-16
# n=69, m=18, value=-3.05202911554669e-17
# n=69, value=-2.51251369723271e-08
# n=70, m=0, value=-6.84371925890521e-09
# n=70, m=1, value=-8.98328434005974e-09
# n=70, m=2, value=-3.98736654602909e-09
# n=70, m=3, value=-1.7358401936721e-09
# n=70, m=4, value=-7.37515106120604e-10
# n=70, m=5, value=-3.04072834783514e-10
# n=70, m=6, value=-1.20910815864906e-10
# n=70, m=7, value=-4.60883249425157e-11
# n=70, m=8, value=-1.67452897251567e-11
# n=70, m=9, value=-5.77013935763933e-12
# n=70, m=10, value=-1.87760055983887e-12
# n=70, m=11, value=-5.74885787845572e-13
# n=70, m=12, value=-1.65131526074642e-13
# n=70, m=13, value=-4.43894595560102e-14
# n=70, m=14, value=-1.11426167771767e-14
# n=70, m=15, value=-2.60756043493626e-15
# n=70, m=16, value=-5.67417206970289e-16
# n=70, m=17, value=-1.15142270717961e-16
# n=70, m=18, value=-2.13587827979644e-17
# n=70, value=-1.93621296814367e-08
# n=71, m=0, value=-5.27429469499684e-09
# n=71, m=1, value=-6.92638581260779e-09
# n=71, m=2, value=-3.07288967863802e-09
# n=71, m=3, value=-1.33666144750464e-09
# n=71, m=4, value=-5.6719206810983e-10
# n=71, m=5, value=-2.33412211922409e-10
# n=71, m=6, value=-9.25752955740201e-11
# n=71, m=7, value=-3.517059652413e-11
# n=71, m=8, value=-1.27265765742713e-11
# n=71, m=9, value=-4.36433381838625e-12
# n=71, m=10, value=-1.41238014122682e-12
# n=71, m=11, value=-4.29810050397999e-13
# n=71, m=12, value=-1.22639962421567e-13
# n=71, m=13, value=-3.27308709649477e-14
# n=71, m=14, value=-8.15488085045835e-15
# n=71, m=15, value=-1.89269173250795e-15
# n=71, m=16, value=-4.08690008918411e-16
# n=71, m=17, value=-8.19114741312799e-17
# n=71, m=18, value=-1.54498809579184e-17
# n=71, value=-1.49205334834209e-08
# n=72, m=0, value=-4.06470295079215e-09
# n=72, m=1, value=-5.34036892630285e-09
# n=72, m=2, value=-2.36805903076367e-09
# n=72, m=3, value=-1.02921313361978e-09
# n=72, m=4, value=-4.36159205867791e-10
# n=72, m=5, value=-1.79145344338375e-10
# n=72, m=6, value=-7.08662914050108e-11
# n=72, m=7, value=-2.68325429692294e-11
# n=72, m=8, value=-9.66949854604662e-12
# n=72, m=9, value=-3.29993833907853e-12
# n=72, m=10, value=-1.06204417005612e-12
# n=72, m=11, value=-3.2122378758673e-13
# n=72, m=12, value=-9.1046527955774e-14
# n=72, m=13, value=-2.41270219948631e-14
# n=72, m=14, value=-5.9653887732325e-15
# n=72, m=15, value=-1.37422625362538e-15
# n=72, m=16, value=-2.94523520155687e-16
# n=72, m=17, value=-5.87637577487143e-17
# n=72, m=18, value=-1.07878116162308e-17
# n=72, value=-1.14974715327456e-08
# n=73, m=0, value=-3.13245910681208e-09
# n=73, m=1, value=-4.11745575112244e-09
# n=73, m=2, value=-1.82483258281489e-09
# n=73, m=3, value=-7.9243180410047e-10
# n=73, m=4, value=-3.35364036130251e-10
# n=73, m=5, value=-1.37475384049924e-10
# n=73, m=6, value=-5.42376893181174e-11
# n=73, m=7, value=-2.046634720423e-11
# n=73, m=8, value=-7.34469548981882e-12
# n=73, m=9, value=-2.49433953309839e-12
# n=73, m=10, value=-7.98331290397678e-13
# n=73, m=11, value=-2.39980561464461e-13
# n=73, m=12, value=-6.7566720447776e-14
# n=73, m=13, value=-1.77788014345259e-14
# n=73, m=14, value=-4.36228744099543e-15
# n=73, m=15, value=-9.96490216731427e-16
# n=73, m=16, value=-2.11744684286419e-16
# n=73, m=17, value=-4.17959937493162e-17
# n=73, m=18, value=-7.58941520739853e-18
# n=73, value=-8.85946146045076e-09
# n=74, m=0, value=-2.41398271576194e-09
# n=74, m=1, value=-3.17453247855828e-09
# n=74, m=2, value=-1.40617275106537e-09
# n=74, m=3, value=-6.10086785510519e-10
# n=74, m=4, value=-2.57837066747789e-10
# n=74, m=5, value=-1.05483194499104e-10
# n=74, m=6, value=-4.15032136262756e-11
# n=74, m=7, value=-1.56069591928897e-11
# n=74, m=8, value=-5.57731562756594e-12
# n=74, m=9, value=-1.88482541206576e-12
# n=74, m=10, value=-5.9989963300742e-13
# n=74, m=11, value=-1.79223498021631e-13
# n=74, m=12, value=-5.01233169553084e-14
# n=74, m=13, value=-1.30938554269988e-14
# n=74, m=14, value=-3.18950595101786e-15
# n=74, m=15, value=-7.23217059156456e-16
# n=74, m=16, value=-1.52493035560086e-16
# n=74, m=17, value=-2.99781900692242e-17
# n=74, m=18, value=-5.09575021068187e-18
# n=74, value=-6.82652238871422e-09
# n=75, m=0, value=-1.86026592955825e-09
# n=75, m=1, value=-2.44750631122584e-09
# n=75, m=2, value=-1.08352685359146e-09
# n=75, m=3, value=-4.69672296933212e-10
# n=75, m=4, value=-1.98213164848883e-10
# n=75, m=5, value=-8.09248593701101e-11
# n=75, m=6, value=-3.17529051012875e-11
# n=75, m=7, value=-1.18986777353766e-11
# n=75, m=8, value=-4.23411208438254e-12
# n=75, m=9, value=-1.42383349034662e-12
# n=75, m=10, value=-4.5064489249611e-13
# n=75, m=11, value=-1.33804534292737e-13
# n=75, m=12, value=-3.71712751724707e-14
# n=75, m=13, value=-9.64121360871873e-15
# n=75, m=14, value=-2.33049256975759e-15
# n=75, m=15, value=-5.2394069985362e-16
# n=75, m=16, value=-1.09667049746909e-16
# n=75, m=17, value=-2.13587827979644e-17
# n=75, m=18, value=-3.68628738645072e-18
# n=75, value=-5.25992023022098e-09
0.162071735075683, 0.929657388060546, -1.58661637711899, 38, 75, 16.4151
# 100.00%, L/R=0.162072, T=0.929657
# finished at Thu Apr  2 00:44:51 CEST 2015
