# starting on alcc80 at Thu Apr  2 00:41:38 CEST 2015
# casimir -x 0.352288804171277 -T 1.081831043337022 -L 30 -c 1 -p 3e-09 -v

# Compiled on Apr  2 2015 at 00:35:54 with icc, using long double, no lapack support
#
# R/(R+L) = 0.739487
# L/R     = 0.352289
# R/L     = 2.83858
# T       = 1.08183
# omegap_sphere = inf
# omegap_plane  = inf
# gamma_sphere  = 0
# gamma_plane   = 0
# integration   = analytic (perfect mirrors)
# lmax      = 30
# verbose   = 1
# cores     = 1
# precision = 3e-09
#
# LbyR, T, F, lmax, nmax, time
# n=0, m=0, value=-0.303715843541704
# n=0, m=1, value=-0.179553153748001
# n=0, m=2, value=-0.0370182936425966
# n=0, m=3, value=-0.00745878760667095
# n=0, m=4, value=-0.001485690793604
# n=0, m=5, value=-0.000294014676144055
# n=0, m=6, value=-5.79614158349039e-05
# n=0, m=7, value=-1.13988932361633e-05
# n=0, m=8, value=-2.23813581029251e-06
# n=0, m=9, value=-4.3893060275042e-07
# n=0, m=10, value=-8.59917327802246e-08
# n=0, m=11, value=-1.68267368418204e-08
# n=0, m=12, value=-3.28664072310521e-09
# n=0, m=13, value=-6.39894212929598e-10
# n=0, value=-0.377740006358357
# n=1, m=0, value=-0.180737584942956
# n=1, m=1, value=-0.171169174244887
# n=1, m=2, value=-0.0340997152924391
# n=1, m=3, value=-0.00689714190905162
# n=1, m=4, value=-0.00138701675864952
# n=1, m=5, value=-0.000276978802750226
# n=1, m=6, value=-5.50144029377756e-05
# n=1, m=7, value=-1.08852802391984e-05
# n=1, m=8, value=-2.14785315855494e-06
# n=1, m=9, value=-4.22930027074846e-07
# n=1, m=10, value=-8.31349576470806e-08
# n=1, m=11, value=-1.63134022623684e-08
# n=1, m=12, value=-3.19391189971974e-09
# n=1, m=13, value=-6.23080085148072e-10
# n=1, value=-0.30426739321097
# n=2, m=0, value=-0.0949816767899884
# n=2, m=1, value=-0.112415977994241
# n=2, m=2, value=-0.0251562950659052
# n=2, m=3, value=-0.00540946626063934
# n=2, m=4, value=-0.00113190575998481
# n=2, m=5, value=-0.000232631590109228
# n=2, m=6, value=-4.72352735804998e-05
# n=2, m=7, value=-9.51023613681976e-06
# n=2, m=8, value=-1.90310621085546e-06
# n=2, m=9, value=-3.7909021773526e-07
# n=2, m=10, value=-7.52373550440697e-08
# n=2, m=11, value=-1.48835585326151e-08
# n=2, m=12, value=-2.93397878228201e-09
# n=2, m=13, value=-5.75693576801139e-10
# n=2, m=14, value=-1.12166424586208e-10
# n=2, value=-0.191896236514773
# n=3, m=0, value=-0.0514732490343886
# n=3, m=1, value=-0.0671042850803811
# n=3, m=2, value=-0.0163992904107419
# n=3, m=3, value=-0.00376885154370886
# n=3, m=4, value=-0.000829694541124474
# n=3, m=5, value=-0.000177386660388528
# n=3, m=6, value=-3.71643659737889e-05
# n=3, m=7, value=-7.67472385285421e-06
# n=3, m=8, value=-1.56816783897784e-06
# n=3, m=9, value=-3.17853423675009e-07
# n=3, m=10, value=-6.40161247184653e-08
# n=3, m=11, value=-1.28227031948151e-08
# n=3, m=12, value=-2.55477413018188e-09
# n=3, m=13, value=-5.0585055394129e-10
# n=3, m=14, value=-9.931307534183e-11
# n=3, value=-0.114062937863394
# n=4, m=0, value=-0.0283896072043567
# n=4, m=1, value=-0.0390545859447225
# n=4, m=2, value=-0.0101125425434361
# n=4, m=3, value=-0.00245094116123372
# n=4, m=4, value=-0.000565416269694934
# n=4, m=5, value=-0.000125830561306186
# n=4, m=6, value=-2.72749343681452e-05
# n=4, m=7, value=-5.79727137413427e-06
# n=4, m=8, value=-1.21398685238851e-06
# n=4, m=9, value=-2.51289112270599e-07
# n=4, m=10, value=-5.15335083627358e-08
# n=4, m=11, value=-1.04848913292815e-08
# n=4, m=12, value=-2.1173755790561e-09
# n=4, m=13, value=-4.24133349105221e-10
# n=4, m=14, value=-8.40910795858814e-11
# n=4, value=-0.0665387222082785
# n=5, m=0, value=-0.0158119849584329
# n=5, m=1, value=-0.0225228012387768
# n=5, m=2, value=-0.00606513998373614
# n=5, m=3, value=-0.00153092258187917
# n=5, m=4, value=-0.000367336486939112
# n=5, m=5, value=-8.47730917907781e-05
# n=5, m=6, value=-1.89860114048394e-05
# n=5, m=7, value=-4.15434757657118e-06
# n=5, m=8, value=-8.92536079518685e-07
# n=5, m=9, value=-1.88971067294659e-07
# n=5, m=10, value=-3.95322525871246e-08
# n=5, m=11, value=-8.18516350054573e-09
# n=5, m=12, value=-1.67850309026786e-09
# n=5, m=13, value=-3.40727459270295e-10
# n=5, m=14, value=-6.83250979666418e-11
# n=5, value=-0.0385012375334384
# n=6, m=0, value=-0.00885870000063376
# n=6, m=1, value=-0.0129345614977038
# n=6, m=2, value=-0.00358151629786874
# n=6, m=3, value=-0.000932759725937662
# n=6, m=4, value=-0.000231160510175711
# n=6, m=5, value=-5.50559727157948e-05
# n=6, m=6, value=-1.27026820321817e-05
# n=6, m=7, value=-2.85689133364507e-06
# n=6, m=8, value=-6.29362117640516e-07
# n=6, m=9, value=-1.36309613447229e-07
# n=6, m=10, value=-2.91045937062913e-08
# n=6, m=11, value=-6.13750742519134e-09
# n=6, m=12, value=-1.27925016503402e-09
# n=6, m=13, value=-2.63412068851304e-10
# n=6, m=14, value=-5.34708353983647e-11
# n=6, value=-0.0221807660880497
# n=7, m=0, value=-0.00498188624588782
# n=7, m=1, value=-0.00741094264442397
# n=7, m=2, value=-0.00209483040067789
# n=7, m=3, value=-0.000559157587301701
# n=7, m=4, value=-0.000142307084704345
# n=7, m=5, value=-3.48219012055408e-05
# n=7, m=6, value=-8.24922722556063e-06
# n=7, m=7, value=-1.90259673380603e-06
# n=7, m=8, value=-4.29151406295275e-07
# n=7, m=9, value=-9.50055730946185e-08
# n=7, m=10, value=-2.06979669347617e-08
# n=7, m=11, value=-4.44550888916118e-09
# n=7, m=12, value=-9.41999355274038e-10
# n=7, m=13, value=-1.96817454912763e-10
# n=7, m=14, value=-4.04567432072874e-11
# n=7, m=15, value=-8.1472766901028e-12
# n=7, value=-0.0127437050530928
# n=8, m=0, value=-0.00280882988454708
# n=8, m=1, value=-0.00423989201226644
# n=8, m=2, value=-0.00121760665251599
# n=8, m=3, value=-0.000331488144637371
# n=8, m=4, value=-8.62483669676041e-05
# n=8, m=5, value=-2.15984240882606e-05
# n=8, m=6, value=-5.23693860528852e-06
# n=8, m=7, value=-1.23561122704923e-06
# n=8, m=8, value=-2.84850733939632e-07
# n=8, m=9, value=-6.43751556168882e-08
# n=8, m=10, value=-1.42980667151092e-08
# n=8, m=11, value=-3.12615782857687e-09
# n=8, m=12, value=-6.73250147264286e-10
# n=8, m=13, value=-1.42707081937536e-10
# n=8, m=14, value=-2.97001138960432e-11
# n=8, m=15, value=-6.04231747102024e-12
# n=8, value=-0.0073080885943953
# n=9, m=0, value=-0.00158649199081676
# n=9, m=1, value=-0.00242320172609442
# n=9, m=2, value=-0.000704658105941138
# n=9, m=3, value=-0.000194965610307126
# n=9, m=4, value=-5.16767948487431e-05
# n=9, m=5, value=-1.32008665526982e-05
# n=9, m=6, value=-3.26683690528593e-06
# n=9, m=7, value=-7.86651937074471e-07
# n=9, m=8, value=-1.84999304081266e-07
# n=9, m=9, value=-4.26181272233948e-08
# n=9, m=10, value=-9.63933285450655e-09
# n=9, m=11, value=-2.14364431271695e-09
# n=9, m=12, value=-4.68890468340679e-10
# n=9, m=13, value=-1.00777484231121e-10
# n=9, m=14, value=-2.12250470020986e-11
# n=9, m=15, value=-4.36015546584386e-12
# n=9, value=-0.00418524258365649
# n=10, m=0, value=-0.000897265325019371
# n=10, m=1, value=-0.00138386723524931
# n=10, m=2, value=-0.000406526338546811
# n=10, m=3, value=-0.000114001552814904
# n=10, m=4, value=-3.06965782300454e-05
# n=10, m=5, value=-7.97752558683966e-06
# n=10, m=6, value=-2.01002635234265e-06
# n=10, m=7, value=-4.92921338251552e-07
# n=10, m=8, value=-1.18039040956251e-07
# n=10, m=9, value=-2.7676691905108e-08
# n=10, m=10, value=-6.36674558731421e-09
# n=10, m=11, value=-1.43861971623493e-09
# n=10, m=12, value=-3.1932695442081e-10
# n=10, m=13, value=-6.95359082815011e-11
# n=10, m=14, value=-1.48095843314395e-11
# n=10, m=15, value=-3.06959503388486e-12
# n=10, value=-0.0023943587684684
# n=11, m=0, value=-0.000507965031814634
# n=11, m=1, value=-0.00078985389642363
# n=11, m=2, value=-0.000233983174750422
# n=11, m=3, value=-6.63654829296098e-05
# n=11, m=4, value=-1.81131805717555e-05
# n=11, m=5, value=-4.77839893138679e-06
# n=11, m=6, value=-1.22325145154087e-06
# n=11, m=7, value=-3.0491890029968e-07
# n=11, m=8, value=-7.42263277964632e-08
# n=11, m=9, value=-1.76875974430956e-08
# n=11, m=10, value=-4.13299565700197e-09
# n=11, m=11, value=-9.47820967129482e-10
# n=11, m=12, value=-2.13277495057996e-10
# n=11, m=13, value=-4.70095922909625e-11
# n=11, m=14, value=-1.01150228601028e-11
# n=11, m=15, value=-2.11343995689543e-12
# n=11, value=-0.00136870208712338
# n=12, m=0, value=-0.000287792399030134
# n=12, m=1, value=-0.000450610598066506
# n=12, m=2, value=-0.000134432640772999
# n=12, m=3, value=-3.8502156780111e-05
# n=12, m=4, value=-1.06323302217943e-05
# n=12, m=5, value=-2.84202031212915e-06
# n=12, m=6, value=-7.37877521883534e-07
# n=12, m=7, value=-1.86645125378512e-07
# n=12, m=8, value=-4.61154768870159e-08
# n=12, m=9, value=-1.1152528101404e-08
# n=12, m=10, value=-2.64370247669393e-09
# n=12, m=11, value=-6.14613843225426e-10
# n=12, m=12, value=-1.40047670509457e-10
# n=12, m=13, value=-3.1212349436828e-11
# n=12, m=14, value=-6.77797499116462e-12
# n=12, m=15, value=-1.42611551907927e-12
# n=12, value=-0.000781901174101288
# n=13, m=0, value=-0.000163150301528349
# n=13, m=1, value=-0.000256979686412943
# n=13, m=2, value=-7.71291206489634e-05
# n=13, m=3, value=-2.22767340074771e-05
# n=13, m=4, value=-6.21507481431731e-06
# n=13, m=5, value=-1.68069517819702e-06
# n=13, m=6, value=-4.41881856512147e-07
# n=13, m=7, value=-1.13256472523895e-07
# n=13, m=8, value=-2.8362606233359e-08
# n=13, m=9, value=-6.95223125526488e-09
# n=13, m=10, value=-1.66984965097038e-09
# n=13, m=11, value=-3.93090086634341e-10
# n=13, m=12, value=-9.06006632566071e-11
# n=13, m=13, value=-2.03941846049854e-11
# n=13, m=14, value=-4.46465163016954e-12
# n=13, m=15, value=-9.44905557877954e-13
# n=13, value=-0.00044644909433674
# n=14, m=0, value=-9.25355254614705e-05
# n=14, m=1, value=-0.000146510780063758
# n=14, m=2, value=-4.4202743288265e-05
# n=14, m=3, value=-1.28609379936164e-05
# n=14, m=4, value=-3.6206810958542e-06
# n=14, m=5, value=-9.89270445075899e-07
# n=14, m=6, value=-2.63040494390369e-07
# n=14, m=7, value=-6.82249545416918e-08
# n=14, m=8, value=-1.72956662585509e-08
# n=14, m=9, value=-4.29186257560883e-09
# n=14, m=10, value=-1.04330045256186e-09
# n=14, m=11, value=-2.48402215681668e-10
# n=14, m=12, value=-5.78453021160512e-11
# n=14, m=13, value=-1.3136220084791e-11
# n=14, m=14, value=-2.89572326620681e-12
# n=14, m=15, value=-6.15747253532315e-13
# n=14, value=-0.000254806394790732
# n=15, m=0, value=-5.2505261066983e-05
# n=15, m=1, value=-8.35097829616992e-05
# n=15, m=2, value=-2.53098513258203e-05
# n=15, m=3, value=-7.41178527340269e-06
# n=15, m=4, value=-2.10339874837951e-06
# n=15, m=5, value=-5.80031943869768e-07
# n=15, m=6, value=-1.55796669088934e-07
# n=15, m=7, value=-4.08459944922995e-08
# n=15, m=8, value=-1.04704959831288e-08
# n=15, m=9, value=-2.62740057480273e-09
# n=15, m=10, value=-6.4568994205999e-10
# n=15, m=11, value=-1.55318151569738e-10
# n=15, m=12, value=-3.6502264535677e-11
# n=15, m=13, value=-8.35313730077893e-12
# n=15, m=14, value=-1.85197072521272e-12
# n=15, m=15, value=-3.95199769177155e-13
# n=15, value=-0.000145378069457468
# n=16, m=0, value=-2.98017260861835e-05
# n=16, m=1, value=-4.7590526827256e-05
# n=16, m=2, value=-1.44813750017001e-05
# n=16, m=3, value=-4.26516772961771e-06
# n=16, m=4, value=-1.2191116763273e-06
# n=16, m=5, value=-3.38978173964771e-07
# n=16, m=6, value=-9.18860996350854e-08
# n=16, m=7, value=-2.43263098735462e-08
# n=16, m=8, value=-6.29910300674894e-09
# n=16, m=9, value=-1.59678269396553e-09
# n=16, m=10, value=-3.96303471921338e-10
# n=16, m=11, value=-9.62089366509206e-11
# n=16, m=12, value=-2.27938811488932e-11
# n=16, m=13, value=-5.25024847816053e-12
# n=16, m=14, value=-1.16938425089033e-12
# n=16, m=15, value=-2.50136120583806e-13
# n=16, m=16, value=-5.09731146181026e-14
# n=16, value=-8.29206527741987e-05
# n=17, m=0, value=-1.69200346726866e-05
# n=17, m=1, value=-2.71164937497167e-05
# n=17, m=2, value=-8.28064720413625e-06
# n=17, m=3, value=-2.45141679743697e-06
# n=17, m=4, value=-7.05205971552689e-07
# n=17, m=5, value=-1.97556319559447e-07
# n=17, m=6, value=-5.39967804410306e-08
# n=17, m=7, value=-1.44225682422246e-08
# n=17, m=8, value=-3.76905416333995e-09
# n=17, m=9, value=-9.64269435259229e-10
# n=17, m=10, value=-2.41456930839539e-10
# n=17, m=11, value=-5.90977325670676e-11
# n=17, m=12, value=-1.40997353766489e-11
# n=17, m=13, value=-3.26525921101975e-12
# n=17, m=14, value=-7.29779680696414e-13
# n=17, m=15, value=-1.56297772033882e-13
# n=17, m=16, value=-3.18186232570184e-14
# n=17, value=-4.72848088885813e-05
# n=18, m=0, value=-9.60868572825778e-06
# n=18, m=1, value=-1.54485567470153e-05
# n=18, m=2, value=-4.73255662000102e-06
# n=18, m=3, value=-1.40750130930148e-06
# n=18, m=4, value=-4.07255360575403e-07
# n=18, m=5, value=-1.14863884352026e-07
# n=18, m=6, value=-3.16323318721693e-08
# n=18, m=7, value=-8.51743146829588e-09
# n=18, m=8, value=-2.24452285798139e-09
# n=18, m=9, value=-5.79040545227695e-10
# n=18, m=10, value=-1.46152702028854e-10
# n=18, m=11, value=-3.60290494270842e-11
# n=18, m=12, value=-8.6471996013305e-12
# n=18, m=13, value=-2.01118988000037e-12
# n=18, m=14, value=-4.50549049024062e-13
# n=18, m=15, value=-9.65111237455354e-14
# n=18, m=16, value=-1.96055194648381e-14
# n=18, value=-2.69582435189244e-05
# n=19, m=0, value=-5.45776526445383e-06
# n=19, m=1, value=-8.80020620322598e-06
# n=19, m=2, value=-2.70357524251326e-06
# n=19, m=3, value=-8.0741619883893e-07
# n=19, m=4, value=-2.34854580058839e-07
# n=19, m=5, value=-6.66485568743767e-08
# n=19, m=6, value=-1.84807082075629e-08
# n=19, m=7, value=-5.01288627322859e-09
# n=19, m=8, value=-1.33105987726087e-09
# n=19, m=9, value=-3.45976629292374e-10
# n=19, m=10, value=-8.79465692980915e-11
# n=19, m=11, value=-2.18156068297011e-11
# n=19, m=12, value=-5.26177929352555e-12
# n=19, m=13, value=-1.22778442144051e-12
# n=19, m=14, value=-2.75398248043153e-13
# n=19, m=15, value=-5.89403742826123e-14
# n=19, m=16, value=-1.19368490786309e-14
# n=19, value=-1.5366870642741e-05
# n=20, m=0, value=-3.10057150735799e-06
# n=20, m=1, value=-5.01251581517399e-06
# n=20, m=2, value=-1.54390162939477e-06
# n=20, m=3, value=-4.62825092069922e-07
# n=20, m=4, value=-1.3526848665586e-07
# n=20, m=5, value=-3.86036543549869e-08
# n=20, m=6, value=-1.07715241913166e-08
# n=20, m=7, value=-2.94141671463489e-09
# n=20, m=8, value=-7.86421291272042e-10
# n=20, m=9, value=-2.05795479291375e-10
# n=20, m=10, value=-5.26402704521109e-11
# n=20, m=11, value=-1.31272168157404e-11
# n=20, m=12, value=-3.17875207492982e-12
# n=20, m=13, value=-7.43390971610231e-13
# n=20, m=14, value=-1.667881869942e-13
# n=20, m=15, value=-3.56271002283082e-14
# n=20, m=16, value=-7.18728462162366e-15
# n=20, value=-8.75817548823793e-06
# n=21, m=0, value=-1.76171109134733e-06
# n=21, m=1, value=-2.85484579394744e-06
# n=21, m=2, value=-8.81376798379892e-07
# n=21, m=3, value=-2.65125265327097e-07
# n=21, m=4, value=-7.78267023437461e-08
# n=21, m=5, value=-2.23250292723147e-08
# n=21, m=6, value=-6.26510989000736e-09
# n=21, m=7, value=-1.72131848060203e-09
# n=21, m=8, value=-4.63090061418874e-10
# n=21, m=9, value=-1.21916784990271e-10
# n=21, m=10, value=-3.13551045479442e-11
# n=21, m=11, value=-7.85394546707596e-12
# n=21, m=12, value=-1.90757663571385e-12
# n=21, m=13, value=-4.46674598350576e-13
# n=21, m=14, value=-1.00145532058033e-13
# n=21, m=15, value=-2.13323824750644e-14
# n=21, m=16, value=-4.28146016903663e-15
# n=21, value=-4.99096825922179e-06
# n=22, m=0, value=-1.00111808989926e-06
# n=22, m=1, value=-1.62584247454731e-06
# n=22, m=2, value=-5.03017079300413e-07
# n=22, m=3, value=-1.51787641450203e-07
# n=22, m=4, value=-4.47354909485748e-08
# n=22, m=5, value=-1.28932083019896e-08
# n=22, m=6, value=-3.63726297136338e-09
# n=22, m=7, value=-1.00490299883107e-09
# n=22, m=8, value=-2.71874879977999e-10
# n=22, m=9, value=-7.19593222358178e-11
# n=22, m=10, value=-1.85935180555223e-11
# n=22, m=11, value=-4.67412751298982e-12
# n=22, m=12, value=-1.13766808473861e-12
# n=22, m=13, value=-2.66481606746307e-13
# n=22, m=14, value=-5.96474909395074e-14
# n=22, m=15, value=-1.26598492973529e-14
# n=22, m=16, value=-2.52673316297747e-15
# n=22, value=-2.84384568629986e-06
# n=23, m=0, value=-5.6896632684798e-07
# n=23, m=1, value=-9.25864079744706e-07
# n=23, m=2, value=-2.87010725069333e-07
# n=23, m=3, value=-8.68566263275678e-08
# n=23, m=4, value=-2.56930143081745e-08
# n=23, m=5, value=-7.43706673474385e-09
# n=23, m=6, value=-2.10814350641527e-09
# n=23, m=7, value=-5.85393362588255e-10
# n=23, m=8, value=-1.59178522468539e-10
# n=23, m=9, value=-4.23291160152997e-11
# n=23, m=10, value=-1.09805615121383e-11
# n=23, m=11, value=-2.76803542110044e-12
# n=23, m=12, value=-6.74576497092248e-13
# n=23, m=13, value=-1.57924996864456e-13
# n=23, m=14, value=-3.52604230535736e-14
# n=23, m=15, value=-7.45025785856002e-15
# n=23, m=16, value=-1.4790143935961e-15
# n=23, value=-1.62025434540412e-06
# n=24, m=0, value=-3.2339436931682e-07
# n=24, m=1, value=-5.27220531048423e-07
# n=24, m=2, value=-1.63727045032628e-07
# n=24, m=3, value=-4.96793604841108e-08
# n=24, m=4, value=-1.4745421712395e-08
# n=24, m=5, value=-4.28518775157938e-09
# n=24, m=6, value=-1.22004704952615e-09
# n=24, m=7, value=-3.40344282056028e-10
# n=24, m=8, value=-9.29632866998393e-11
# n=24, m=9, value=-2.48217486603925e-11
# n=24, m=10, value=-6.45985169653036e-12
# n=24, m=11, value=-1.63170258554729e-12
# n=24, m=12, value=-3.97824731056959e-13
# n=24, m=13, value=-9.30063318027587e-14
# n=24, m=14, value=-2.06975278929655e-14
# n=24, m=15, value=-4.35074068785846e-15
# n=24, m=16, value=-8.56736556698046e-16
# n=24, value=-9.2304151534484e-07
# n=25, m=0, value=-1.83830609777641e-07
# n=25, m=1, value=-3.00204009028409e-07
# n=25, m=2, value=-9.33813645971947e-08
# n=25, m=3, value=-2.84038224302457e-08
# n=25, m=4, value=-8.45692301843265e-09
# n=25, m=5, value=-2.46667887195692e-09
# n=25, m=6, value=-7.05122016556866e-10
# n=25, m=7, value=-1.9751907108667e-10
# n=25, m=8, value=-5.41669775982323e-11
# n=25, m=9, value=-1.45131762510668e-11
# n=25, m=10, value=-3.78672109944646e-12
# n=25, m=11, value=-9.57702179279364e-13
# n=25, m=12, value=-2.33417397823428e-13
# n=25, m=13, value=-5.44516688683051e-14
# n=25, m=14, value=-1.20670617595464e-14
# n=25, m=15, value=-2.52158320265816e-15
# n=25, m=16, value=-4.93474618806777e-16
# n=25, value=-5.25804471451017e-07
# n=26, m=0, value=-1.04505279146259e-07
# n=26, m=1, value=-1.70931492111536e-07
# n=26, m=2, value=-5.32508369176146e-08
# n=26, m=3, value=-1.62339170258616e-08
# n=26, m=4, value=-4.84740380521834e-09
# n=26, m=5, value=-1.41863236173767e-09
# n=26, m=6, value=-4.07018733390145e-10
# n=26, m=7, value=-1.14440909548526e-10
# n=26, m=8, value=-3.14938520141506e-11
# n=26, m=9, value=-8.46275480248642e-12
# n=26, m=10, value=-2.21228753632267e-12
# n=26, m=11, value=-5.59822967063229e-13
# n=26, m=12, value=-1.36295380363805e-13
# n=26, m=13, value=-3.17027762548883e-14
# n=26, m=14, value=-6.9935376934005e-15
# n=26, m=15, value=-1.45255986058745e-15
# n=26, m=16, value=-2.81513094085861e-16
# n=26, value=-2.99499286881124e-07
# n=27, m=0, value=-5.94141345956326e-08
# n=27, m=1, value=-9.73220068574489e-08
# n=27, m=2, value=-3.03617404748804e-08
# n=27, m=3, value=-9.27536241647129e-09
# n=27, m=4, value=-2.77697516324979e-09
# n=27, m=5, value=-8.15221337929568e-10
# n=27, m=6, value=-2.34676932618548e-10
# n=27, m=7, value=-6.62045517150063e-11
# n=27, m=8, value=-1.82745433369216e-11
# n=27, m=9, value=-4.92210710124245e-12
# n=27, m=10, value=-1.28836356730683e-12
# n=27, m=11, value=-3.25984139855353e-13
# n=27, m=12, value=-7.92233574749281e-14
# n=27, m=13, value=-1.83617769426714e-14
# n=27, m=14, value=-4.02938316393375e-15
# n=27, m=15, value=-8.31474646079133e-16
# n=27, m=16, value=-1.59919820441612e-16
# n=27, value=-1.70584168636187e-07
# n=28, m=0, value=-3.37807320309043e-08
# n=28, m=1, value=-5.54096042740752e-08
# n=28, m=2, value=-1.73088152977597e-08
# n=28, m=3, value=-5.29800714140417e-09
# n=28, m=4, value=-1.59008938057622e-09
# n=28, m=5, value=-4.68121499954925e-10
# n=28, m=6, value=-1.35166584305755e-10
# n=28, m=7, value=-3.82448989470144e-11
# n=28, m=8, value=-1.05839935882394e-11
# n=28, m=9, value=-2.85589477413987e-12
# n=28, m=10, value=-7.48045180486167e-13
# n=28, m=11, value=-1.89130503792934e-13
# n=28, m=12, value=-4.58532951191915e-14
# n=28, m=13, value=-1.05823553045448e-14
# n=28, m=14, value=-2.30788695446127e-15
# n=28, m=15, value=-4.72170046117437e-16
# n=28, m=16, value=-9.0205620750794e-17
# n=28, value=-9.71528514624348e-08
# n=29, m=0, value=-1.92075980222171e-08
# n=29, m=1, value=-3.15460835845829e-08
# n=29, m=2, value=-9.86629256993502e-09
# n=29, m=3, value=-3.02537667769147e-09
# n=29, m=4, value=-9.10071699546625e-10
# n=29, m=5, value=-2.68623352621064e-10
# n=29, m=6, value=-7.77755116712783e-11
# n=29, m=7, value=-2.20636227387257e-11
# n=29, m=8, value=-6.11900281962946e-12
# n=29, m=9, value=-1.65325413949152e-12
# n=29, m=10, value=-4.33085858841945e-13
# n=29, m=11, value=-1.09347210106026e-13
# n=29, m=12, value=-2.64298674092223e-14
# n=29, m=13, value=-6.07039375363772e-15
# n=29, m=14, value=-1.31605880707153e-15
# n=29, m=15, value=-2.66551104105561e-16
# n=29, m=16, value=-5.05780313464488e-17
# n=29, value=-5.53284348533728e-08
# n=30, m=0, value=-1.09219227169431e-08
# n=30, m=1, value=-1.79594665678136e-08
# n=30, m=2, value=-5.62330096534769e-09
# n=30, m=3, value=-1.72719445630268e-09
# n=30, m=4, value=-5.20654323370429e-10
# n=30, m=5, value=-1.54046665289692e-10
# n=30, m=6, value=-4.47113910565983e-11
# n=30, m=7, value=-1.27124973959099e-11
# n=30, m=8, value=-3.53166497782408e-12
# n=30, m=9, value=-9.54973025570782e-13
# n=30, m=10, value=-2.50057299085866e-13
# n=30, m=11, value=-6.3010740288666e-14
# n=30, m=12, value=-1.51758488588227e-14
# n=30, m=13, value=-3.46679065663103e-15
# n=30, m=14, value=-7.45388993583784e-16
# n=30, m=15, value=-1.50812522192734e-16
# n=30, m=16, value=-2.84060969191202e-17
# n=30, value=-3.15078674983381e-08
# n=31, m=0, value=-6.21076044515177e-09
# n=31, m=1, value=-1.02242154427203e-08
# n=31, m=2, value=-3.20467078819179e-09
# n=31, m=3, value=-9.85839350816483e-10
# n=31, m=4, value=-2.9775309198632e-10
# n=31, m=5, value=-8.82881493609225e-11
# n=31, m=6, value=-2.56813943483596e-11
# n=31, m=7, value=-7.31584226792376e-12
# n=31, m=8, value=-2.03507653437358e-12
# n=31, m=9, value=-5.50477090126294e-13
# n=31, m=10, value=-1.44005033592132e-13
# n=31, m=11, value=-3.61980410923391e-14
# n=31, m=12, value=-8.68120679509144e-15
# n=31, m=13, value=-1.97183849109939e-15
# n=31, m=14, value=-4.21754645096861e-16
# n=31, m=15, value=-8.41340885848751e-17
# n=31, m=16, value=-1.55040910665427e-17
# n=31, value=-1.79419212134053e-08
# n=32, m=0, value=-3.53189621527549e-09
# n=32, m=1, value=-5.82044203834829e-09
# n=32, m=2, value=-1.82613874022654e-09
# n=32, m=3, value=-5.62576170332839e-10
# n=32, m=4, value=-1.70218725508527e-10
# n=32, m=5, value=-5.05719648558648e-11
# n=32, m=6, value=-1.47388713647064e-11
# n=32, m=7, value=-4.20534982704975e-12
# n=32, m=8, value=-1.1708876598328e-12
# n=32, m=9, value=-3.16680926273906e-13
# n=32, m=10, value=-8.27221320956474e-14
# n=32, m=11, value=-2.0731951311942e-14
# n=32, m=12, value=-4.9493287072877e-15
# n=32, m=13, value=-1.11683665787732e-15
# n=32, m=14, value=-2.36572914036337e-16
# n=32, m=15, value=-4.64580630910039e-17
# n=32, m=16, value=-8.29414661951411e-18
# n=32, value=-1.02164373482616e-08
# n=33, m=0, value=-2.00856830035987e-09
# n=33, m=1, value=-3.31338632012073e-09
# n=33, m=2, value=-1.04050792549836e-09
# n=33, m=3, value=-3.20976288735416e-10
# n=33, m=4, value=-9.72775028391224e-11
# n=33, m=5, value=-2.89526330427833e-11
# n=33, m=6, value=-8.45225576811872e-12
# n=33, m=7, value=-2.41471632186223e-12
# n=33, m=8, value=-6.7268255852724e-13
# n=33, m=9, value=-1.81834527903519e-13
# n=33, m=10, value=-4.74072278829063e-14
# n=33, m=11, value=-1.18398129841935e-14
# n=33, m=12, value=-2.81182412423253e-15
# n=33, m=13, value=-6.31114084603812e-16
# n=33, m=14, value=-1.32489505477729e-16
# n=33, m=15, value=-2.58582218137793e-17
# n=33, m=16, value=-4.77048955893622e-18
# n=33, value=-5.81716916269005e-09
# n=34, m=0, value=-1.14229692292678e-09
# n=34, m=1, value=-1.88616165720739e-09
# n=34, m=2, value=-5.92817347192048e-10
# n=34, m=3, value=-1.8309915595478e-10
# n=34, m=4, value=-5.5575065166216e-11
# n=34, m=5, value=-1.65671917916203e-11
# n=34, m=6, value=-4.84349452906134e-12
# n=34, m=7, value=-1.38508367102111e-12
# n=34, m=8, value=-3.85916233865138e-13
# n=34, m=9, value=-1.04216114904521e-13
# n=34, m=10, value=-2.71069516659395e-14
# n=34, m=11, value=-6.74395435329434e-15
# n=34, m=12, value=-1.59350614301057e-15
# n=34, m=13, value=-3.5415463964239e-16
# n=34, m=14, value=-7.44304791411299e-17
# n=34, m=15, value=-1.48535697630514e-17
# n=34, m=16, value=-2.43945488809238e-18
# n=34, value=-3.3121234796146e-09
# n=35, m=0, value=-6.49656078885627e-10
# n=35, m=1, value=-1.07368525270509e-09
# n=35, m=2, value=-3.37724491440917e-10
# n=35, m=3, value=-1.04430207699837e-10
# n=35, m=4, value=-3.17407623622195e-11
# n=35, m=5, value=-9.47550713023344e-12
# n=35, m=6, value=-2.77355390173815e-12
# n=35, m=7, value=-7.93684562516727e-13
# n=35, m=8, value=-2.21095982234216e-13
# n=35, m=9, value=-5.96255900556231e-14
# n=35, m=10, value=-1.54650597883332e-14
# n=35, m=11, value=-3.83026943495679e-15
# n=35, m=12, value=-9.00050433488842e-16
# n=35, m=13, value=-1.98842678433842e-16
# n=35, m=14, value=-4.12538926630734e-17
# n=35, m=15, value=-7.69783542464708e-18
# n=35, m=16, value=-1.40946282423116e-18
# n=35, value=-1.88575266540118e-09
0.352288804171277, 1.08183104333702, -0.329253587316207, 30, 35, 3.53501
# 100.00%, L/R=0.352289, T=1.08183
# finished at Thu Apr  2 00:41:41 CEST 2015
