# starting on alcc75 at Thu Apr  2 00:44:35 CEST 2015
# casimir -x 0.154394849693428 -T 0.923515879754742 -L 40 -c 1 -p 3e-09 -v

# Compiled on Apr  2 2015 at 00:35:54 with icc, using long double, no lapack support
#
# R/(R+L) = 0.866255
# L/R     = 0.154395
# R/L     = 6.4769
# T       = 0.923516
# omegap_sphere = inf
# omegap_plane  = inf
# gamma_sphere  = 0
# gamma_plane   = 0
# integration   = analytic (perfect mirrors)
# lmax      = 40
# verbose   = 1
# cores     = 1
# precision = 3e-09
#
# LbyR, T, F, lmax, nmax, time
# n=0, m=0, value=-0.809997462889558
# n=0, m=1, value=-0.525814910281165
# n=0, m=2, value=-0.178579446839293
# n=0, m=3, value=-0.0603909943668711
# n=0, m=4, value=-0.0203726478092715
# n=0, m=5, value=-0.00685558346104633
# n=0, m=6, value=-0.00230202616841772
# n=0, m=7, value=-0.000771610585510168
# n=0, m=8, value=-0.000258208302207515
# n=0, m=9, value=-8.62486066171529e-05
# n=0, m=10, value=-2.87406871091635e-05
# n=0, m=11, value=-9.54431220622632e-06
# n=0, m=12, value=-3.15337653438711e-06
# n=0, m=13, value=-1.03413862152193e-06
# n=0, m=14, value=-3.35609188168774e-07
# n=0, m=15, value=-1.07381212778546e-07
# n=0, m=16, value=-3.37286601890852e-08
# n=0, m=17, value=-1.03513239045497e-08
# n=0, m=18, value=-3.08852443180361e-09
# n=0, value=-1.20047337053856
# n=1, m=0, value=-0.616561947793296
# n=1, m=1, value=-0.528033835583209
# n=1, m=2, value=-0.173425683200057
# n=1, m=3, value=-0.0586655623922866
# n=1, m=4, value=-0.0198735351446568
# n=1, m=5, value=-0.00671332084059288
# n=1, m=6, value=-0.00226110593185843
# n=1, m=7, value=-0.000759683057698877
# n=1, m=8, value=-0.000254686971144536
# n=1, m=9, value=-8.51973859776722e-05
# n=1, m=10, value=-2.84239530449563e-05
# n=1, m=11, value=-9.44818257349849e-06
# n=1, m=12, value=-3.12405025729252e-06
# n=1, m=13, value=-1.0251679447171e-06
# n=1, m=14, value=-3.32865883411322e-07
# n=1, m=15, value=-1.06545535748095e-07
# n=1, m=16, value=-3.34761650231927e-08
# n=1, m=17, value=-1.0276028304207e-08
# n=1, m=18, value=-3.06648452934638e-09
# n=1, value=-1.09839609198805
# n=2, m=0, value=-0.444875035444631
# n=2, m=1, value=-0.44553579225166
# n=2, m=2, value=-0.154506183615971
# n=2, m=3, value=-0.0536237420452819
# n=2, m=4, value=-0.0184674774496442
# n=2, m=5, value=-0.00631241376407179
# n=2, m=6, value=-0.00214493631167038
# n=2, m=7, value=-0.000725561733148018
# n=2, m=8, value=-0.000244547508782092
# n=2, m=9, value=-8.21543690124989e-05
# n=2, m=10, value=-2.7503166940135e-05
# n=2, m=11, value=-9.16775758395985e-06
# n=2, m=12, value=-3.03826187519865e-06
# n=2, m=13, value=-9.98866372493754e-07
# n=2, m=14, value=-3.24807844891991e-07
# n=2, m=15, value=-1.0408722778097e-07
# n=2, m=16, value=-3.27325302536633e-08
# n=2, m=17, value=-1.00540712356968e-08
# n=2, m=18, value=-3.00147142365581e-09
# n=2, m=19, value=-8.66463794173574e-10
# n=2, value=-0.904121510373938
# n=3, m=0, value=-0.329683384201158
# n=3, m=1, value=-0.35459698227639
# n=3, m=2, value=-0.129914624090479
# n=3, m=3, value=-0.046673397057042
# n=3, m=4, value=-0.0164614479830109
# n=3, m=5, value=-0.0057254590790419
# n=3, m=6, value=-0.00197134140867529
# n=3, m=7, value=-0.000673740596560547
# n=3, m=8, value=-0.000228949557370753
# n=3, m=9, value=-7.7425155894921e-05
# n=3, m=10, value=-2.60604012433942e-05
# n=3, m=11, value=-8.72544972695498e-06
# n=3, m=12, value=-2.90222047624963e-06
# n=3, m=13, value=-9.56974676303243e-07
# n=3, m=14, value=-3.11927607127991e-07
# n=3, m=15, value=-1.00146476556158e-07
# n=3, m=16, value=-3.15377387046276e-08
# n=3, m=17, value=-9.69682645127912e-09
# n=3, m=18, value=-2.89669461131151e-09
# n=3, m=19, value=-8.36493296734733e-10
# n=3, value=-0.721204161393004
# n=4, m=0, value=-0.248186617516389
# n=4, m=1, value=-0.277641602383819
# n=4, m=2, value=-0.106075914772127
# n=4, m=3, value=-0.0393344433462415
# n=4, m=4, value=-0.0142193781569546
# n=4, m=5, value=-0.00504265795098372
# n=4, m=6, value=-0.00176333686067636
# n=4, m=7, value=-0.000610226763496884
# n=4, m=8, value=-0.000209490590702837
# n=4, m=9, value=-7.14415553984811e-05
# n=4, m=10, value=-2.42140899668912e-05
# n=4, m=11, value=-8.15416648587597e-06
# n=4, m=12, value=-2.72517349032588e-06
# n=4, m=13, value=-9.02116039803291e-07
# n=4, m=14, value=-2.94974574234266e-07
# n=4, m=15, value=-9.49382774859738e-08
# n=4, m=16, value=-2.99535056342934e-08
# n=4, m=17, value=-9.22194085464882e-09
# n=4, m=18, value=-2.75715401976111e-09
# n=4, m=19, value=-7.96527138095853e-10
# n=4, value=-0.569098229326558
# n=5, m=0, value=-0.188636451206754
# n=5, m=1, value=-0.216299903178516
# n=5, m=2, value=-0.0852767525507965
# n=5, m=3, value=-0.0324720562050905
# n=5, m=4, value=-0.0120076264616022
# n=5, m=5, value=-0.00434063119434759
# n=5, m=6, value=-0.00154245652078288
# n=5, m=7, value=-0.000541036738217316
# n=5, m=8, value=-0.000187854258816548
# n=5, m=9, value=-6.46770654408417e-05
# n=5, m=10, value=-2.20982601451413e-05
# n=5, m=11, value=-7.49210803572827e-06
# n=5, m=12, value=-2.51808090892287e-06
# n=5, m=13, value=-8.37452904198231e-07
# n=5, m=14, value=-2.7486497526951e-07
# n=5, m=15, value=-8.87285321604144e-08
# n=5, m=16, value=-2.8056878641423e-08
# n=5, m=17, value=-8.6516119782019e-09
# n=5, m=18, value=-2.58917609249787e-09
# n=5, m=19, value=-7.48338718693932e-10
# n=5, value=-0.447084569318494
# n=6, m=0, value=-0.144288154424116
# n=6, m=1, value=-0.168284709055579
# n=6, m=2, value=-0.0679515243439822
# n=6, m=3, value=-0.0264458298864102
# n=6, m=4, value=-0.00997607289431715
# n=6, m=5, value=-0.00367108424048093
# n=6, m=6, value=-0.00132512545167857
# n=6, m=7, value=-0.00047118076936166
# n=6, m=8, value=-0.000165537863288891
# n=6, m=9, value=-5.75747298812844e-05
# n=6, m=10, value=-1.98434700917816e-05
# n=6, m=11, value=-6.7777134015342e-06
# n=6, m=12, value=-2.29226728818285e-06
# n=6, m=13, value=-7.66324868595831e-07
# n=6, m=14, value=-2.525839045493e-07
# n=6, m=15, value=-8.18073827248266e-08
# n=6, m=16, value=-2.59329477089752e-08
# n=6, m=17, value=-8.01059216426805e-09
# n=6, m=18, value=-2.39986888748003e-09
# n=6, m=19, value=-6.93931911724904e-10
# n=6, value=-0.350522767651316
# n=7, m=0, value=-0.110857861607645
# n=7, m=1, value=-0.130922406354813
# n=7, m=2, value=-0.0538547730773765
# n=7, m=3, value=-0.0213398497175164
# n=7, m=4, value=-0.00819022787816318
# n=7, m=5, value=-0.00306296869582631
# n=7, m=6, value=-0.00112203363908033
# n=7, m=7, value=-0.000404280068539069
# n=7, m=8, value=-0.000143711325059733
# n=7, m=9, value=-5.05022190188974e-05
# n=7, m=10, value=-1.75633705128763e-05
# n=7, m=11, value=-6.04576104620892e-06
# n=7, m=12, value=-2.05830766573956e-06
# n=7, m=13, value=-6.91932806187216e-07
# n=7, m=14, value=-2.29096078541834e-07
# n=7, m=15, value=-7.4464049289183e-08
# n=7, m=16, value=-2.36677660866899e-08
# n=7, m=17, value=-7.32420506233778e-09
# n=7, m=18, value=-2.19657031721263e-09
# n=7, m=19, value=-6.35389370682953e-10
# n=7, value=-0.274546380535305
# n=8, m=0, value=-0.0854491436824054
# n=8, m=1, value=-0.101896616164242
# n=8, m=2, value=-0.0425342644131573
# n=8, m=3, value=-0.0171076772755518
# n=8, m=4, value=-0.00666471609268255
# n=8, m=5, value=-0.00252876075966433
# n=8, m=6, value=-0.000939037876316239
# n=8, m=7, value=-0.000342618153373754
# n=8, m=8, value=-0.000123187567737223
# n=8, m=9, value=-4.37341991688379e-05
# n=8, m=10, value=-1.53477969713467e-05
# n=8, m=11, value=-5.32501427870603e-06
# n=8, m=12, value=-1.82527655502721e-06
# n=8, m=13, value=-6.17107987129955e-07
# n=8, m=14, value=-2.0527643532495e-07
# n=8, m=15, value=-6.69662844319852e-08
# n=8, m=16, value=-2.13423417468328e-08
# n=8, m=17, value=-6.61660918501104e-09
# n=8, m=18, value=-1.98635321132305e-09
# n=8, m=19, value=-5.74733914980119e-10
# n=8, value=-0.214928602301647
# n=9, m=0, value=-0.0660239329111615
# n=9, m=1, value=-0.0793477346910079
# n=9, m=2, value=-0.0335145433535528
# n=9, m=3, value=-0.0136497221043898
# n=9, m=4, value=-0.00538686848954332
# n=9, m=5, value=-0.002070443454529
# n=9, m=6, value=-0.000778479643749578
# n=9, m=7, value=-0.000287391305492538
# n=9, m=8, value=-0.000104459742048435
# n=9, m=9, value=-3.74543459794646e-05
# n=9, m=10, value=-1.3261267657796e-05
# n=9, m=11, value=-4.63730111206076e-06
# n=9, m=12, value=-1.60036975712434e-06
# n=9, m=13, value=-5.44176930031956e-07
# n=9, m=14, value=-1.81865144847165e-07
# n=9, m=15, value=-5.95460294099229e-08
# n=9, m=16, value=-1.9028201426731e-08
# n=9, m=17, value=-5.90946000853331e-09
# n=9, m=18, value=-1.7756313134799e-09
# n=9, m=19, value=-5.13815374584474e-10
# n=9, m=20, value=-1.42524678474588e-10
# n=9, value=-0.168209375482138
# n=10, m=0, value=-0.0511093696626483
# n=10, m=1, value=-0.0618207839139809
# n=10, m=2, value=-0.0263638993694309
# n=10, m=3, value=-0.0108519230773087
# n=10, m=4, value=-0.00433127621558481
# n=10, m=5, value=-0.00168398320173681
# n=10, m=6, value=-0.000640393726534893
# n=10, m=7, value=-0.000239003548388876
# n=10, m=8, value=-8.77666480328933e-05
# n=10, m=9, value=-3.17682243165974e-05
# n=10, m=10, value=-1.13450302389426e-05
# n=10, m=11, value=-3.99766250317768e-06
# n=10, m=12, value=-1.3888332035674e-06
# n=10, m=13, value=-4.74912028357452e-07
# n=10, m=14, value=-1.59446158382674e-07
# n=10, m=15, value=-5.23914559663298e-08
# n=10, m=16, value=-1.67846735242378e-08
# n=10, m=17, value=-5.22103193779194e-09
# n=10, m=18, value=-1.56988758715911e-09
# n=10, m=19, value=-4.54229795274227e-10
# n=10, m=20, value=-1.25889622728405e-10
# n=10, value=-0.13162292518794
# n=11, m=0, value=-0.0396211307055212
# n=11, m=1, value=-0.048187587865053
# n=11, m=2, value=-0.0207139209677285
# n=11, m=3, value=-0.00860397131977768
# n=11, m=4, value=-0.00346814519536111
# n=11, m=5, value=-0.0013623285148901
# n=11, m=6, value=-0.000523442893564384
# n=11, m=7, value=-0.000197330953386811
# n=11, m=8, value=-7.31620055638048e-05
# n=11, m=9, value=-2.67202522034618e-05
# n=11, m=10, value=-9.62092794586649e-06
# n=11, m=11, value=-3.41515392793272e-06
# n=11, m=12, value=-1.19410406733927e-06
# n=11, m=13, value=-4.105473356775e-07
# n=11, m=14, value=-1.38445061393913e-07
# n=11, m=15, value=-4.56445926116757e-08
# n=11, m=16, value=-1.46577592045329e-08
# n=11, m=17, value=-4.56578588930187e-09
# n=11, m=18, value=-1.37352602060261e-09
# n=11, m=19, value=-3.97272361603618e-10
# n=11, m=20, value=-1.09980273152738e-10
# n=11, value=-0.102982021247544
# n=12, m=0, value=-0.030750251938465
# n=12, m=1, value=-0.0375756456377945
# n=12, m=2, value=-0.0162600119669089
# n=12, m=3, value=-0.0068070197814093
# n=12, m=4, value=-0.00276779867123064
# n=12, m=5, value=-0.00109728063241241
# n=12, m=6, value=-0.000425575688491175
# n=12, m=7, value=-0.000161929710515041
# n=12, m=8, value=-6.05754586659219e-05
# n=12, m=9, value=-2.23105529611377e-05
# n=12, m=10, value=-8.09582275390679e-06
# n=12, m=11, value=-2.89395079099808e-06
# n=12, m=12, value=-1.01807261562867e-06
# n=12, m=13, value=-3.51836521904698e-07
# n=12, m=14, value=-1.19140652355803e-07
# n=12, m=15, value=-3.94032242975581e-08
# n=12, m=16, value=-1.26802933861515e-08
# n=12, m=17, value=-3.95431689691918e-09
# n=12, m=18, value=-1.1898329951771e-09
# n=12, m=19, value=-3.43921264191431e-10
# n=12, m=20, value=-9.50751781992553e-11
# n=12, value=-0.0805658105596203
# n=13, m=0, value=-0.0238872825510588
# n=13, m=1, value=-0.0293102077614398
# n=13, m=2, value=-0.0127548229972748
# n=13, m=3, value=-0.00537611393188071
# n=13, m=4, value=-0.00220290077795651
# n=13, m=5, value=-0.000880588109852902
# n=13, m=6, value=-0.000344459016791962
# n=13, m=7, value=-0.000132187090468051
# n=13, m=8, value=-4.98610383506594e-05
# n=13, m=9, value=-1.85095870001935e-05
# n=13, m=10, value=-6.76580498110088e-06
# n=13, m=11, value=-2.43451165889532e-06
# n=13, m=12, value=-8.61392268421268e-07
# n=13, m=13, value=-2.99132713536596e-07
# n=13, m=14, value=-1.01684785132647e-07
# n=13, m=15, value=-3.37256366766411e-08
# n=13, m=16, value=-1.08730300471506e-08
# n=13, m=17, value=-3.39358996414062e-09
# n=13, m=18, value=-1.02102557161886e-09
# n=13, m=19, value=-2.94846957940191e-10
# n=13, m=20, value=-8.13667566485164e-11
# n=13, value=-0.0630238035024481
# n=14, m=0, value=-0.0185697122758967
# n=14, m=1, value=-0.0228689527897431
# n=14, m=2, value=-0.00999968234252697
# n=14, m=3, value=-0.00424007442313086
# n=14, m=4, value=-0.00174937907747376
# n=14, m=5, value=-0.000704537896844148
# n=14, m=6, value=-0.000277745230299585
# n=14, m=7, value=-0.000107424209961571
# n=14, m=8, value=-4.08329957394325e-05
# n=14, m=9, value=-1.52698200922073e-05
# n=14, m=10, value=-5.61980345843849e-06
# n=14, m=11, value=-2.0346512671709e-06
# n=14, m=12, value=-7.23788198545535e-07
# n=14, m=13, value=-2.52474809089364e-07
# n=14, m=14, value=-8.6125933699248e-08
# n=14, m=15, value=-2.86369140614881e-08
# n=14, m=16, value=-9.24629502464684e-09
# n=14, m=17, value=-2.88736741231076e-09
# n=14, m=18, value=-8.6836085177221e-10
# n=14, m=19, value=-2.50440004998477e-10
# n=14, m=20, value=-6.89683817869736e-11
# n=14, value=-0.0492975137257726
# n=15, m=0, value=-0.0144445874823202
# n=15, m=1, value=-0.0178470400977187
# n=15, m=2, value=-0.00783613878263093
# n=15, m=3, value=-0.003340248793945
# n=15, m=4, value=-0.00138663300616567
# n=15, m=5, value=-0.000562233476686018
# n=15, m=6, value=-0.000223224866199452
# n=15, m=7, value=-8.69618099082142e-05
# n=15, m=8, value=-3.32907568691013e-05
# n=15, m=9, value=-1.25344504754319e-05
# n=15, m=10, value=-4.64246589472105e-06
# n=15, m=11, value=-1.69045054427961e-06
# n=15, m=12, value=-6.04335156460891e-07
# n=15, m=13, value=-2.11669986827349e-07
# n=15, m=14, value=-7.24331471841671e-08
# n=15, m=15, value=-2.41357662464162e-08
# n=15, m=16, value=-7.80190199543135e-09
# n=15, m=17, value=-2.43673996399182e-09
# n=15, m=18, value=-7.32281678339569e-10
# n=15, m=19, value=-2.10850663861153e-10
# n=15, m=20, value=-5.79250419332514e-11
# n=15, value=-0.0385578565119537
# n=16, m=0, value=-0.0112414038458504
# n=16, m=1, value=-0.0139302861648322
# n=16, m=2, value=-0.00613841769382713
# n=16, m=3, value=-0.00262885822797703
# n=16, m=4, value=-0.00109737285325221
# n=16, m=5, value=-0.000447686472248113
# n=16, m=6, value=-0.000178903973505109
# n=16, m=7, value=-7.01593394823671e-05
# n=16, m=8, value=-2.70352890225321e-05
# n=16, m=9, value=-1.02435770218361e-05
# n=16, m=10, value=-3.81632703982287e-06
# n=16, m=11, value=-1.39698134338068e-06
# n=16, m=12, value=-5.01690629823728e-07
# n=16, m=13, value=-1.76366495714911e-07
# n=16, m=14, value=-6.05182321149794e-08
# n=16, m=15, value=-2.02011555443261e-08
# n=16, m=16, value=-6.53509955995963e-09
# n=16, m=17, value=-2.04069045599425e-09
# n=16, m=18, value=-6.12577511076634e-10
# n=16, m=19, value=-1.76034106346234e-10
# n=16, m=20, value=-4.82258224240776e-11
# n=16, value=-0.0301556470116176
# n=17, m=0, value=-0.00875215285568869
# n=17, m=1, value=-0.0108745815359574
# n=17, m=2, value=-0.0048070126601843
# n=17, m=3, value=-0.00206730023596378
# n=17, m=4, value=-0.000867287516991456
# n=17, m=5, value=-0.000355802741202675
# n=17, m=6, value=-0.000143033812699753
# n=17, m=7, value=-5.64356687307964e-05
# n=17, m=8, value=-2.18790761184113e-05
# n=17, m=9, value=-8.33830969610961e-06
# n=17, m=10, value=-3.12335493360316e-06
# n=17, m=11, value=-1.14885341402602e-06
# n=17, m=12, value=-4.14279832670414e-07
# n=17, m=13, value=-1.46114099637767e-07
# n=17, m=14, value=-5.02549670251006e-08
# n=17, m=15, value=-1.67982677758801e-08
# n=17, m=16, value=-5.43639055701698e-09
# n=17, m=17, value=-1.69663808745445e-09
# n=17, m=18, value=-5.08544282319667e-10
# n=17, m=19, value=-1.45796428207745e-10
# n=17, m=20, value=-3.9816811956945e-11
# n=17, value=-0.0235826554680899
# n=18, m=0, value=-0.00681646190934752
# n=18, m=1, value=-0.00849007263013715
# n=18, m=2, value=-0.00376338721774481
# n=18, m=3, value=-0.00162457514643111
# n=18, m=4, value=-0.000684652102190191
# n=18, m=5, value=-0.000282313472636139
# n=18, m=6, value=-0.000114111938330738
# n=18, m=7, value=-4.52776999510154e-05
# n=18, m=8, value=-1.76515572067956e-05
# n=18, m=9, value=-6.76331556945528e-06
# n=18, m=10, value=-2.54599125277471e-06
# n=18, m=11, value=-9.40606198021781e-07
# n=18, m=12, value=-3.40435236258924e-07
# n=18, m=13, value=-1.20411753234551e-07
# n=18, m=14, value=-4.14948720759658e-08
# n=18, m=15, value=-1.38835900146425e-08
# n=18, m=16, value=-4.49312883179293e-09
# n=18, m=17, value=-1.40092942643002e-09
# n=18, m=18, value=-4.19131930121378e-10
# n=18, m=19, value=-1.19837867602716e-10
# n=18, m=20, value=-3.26134146815621e-11
# n=18, value=-0.018441045323415
# n=19, m=0, value=-0.005310426538581
# n=19, m=1, value=-0.00662897940100183
# n=19, m=2, value=-0.00294566547590987
# n=19, m=3, value=-0.00127590316876181
# n=19, m=4, value=-0.000539935050909099
# n=19, m=5, value=-0.000223681887956749
# n=19, m=6, value=-9.08672465067246e-05
# n=19, m=7, value=-3.62413842135178e-05
# n=19, m=8, value=-1.42014817724102e-05
# n=19, m=9, value=-5.46822875394309e-06
# n=19, m=10, value=-2.06780122282771e-06
# n=19, m=11, value=-7.66973531596711e-07
# n=19, m=12, value=-2.78496530008726e-07
# n=19, m=13, value=-9.87434158229939e-08
# n=19, m=14, value=-3.40795381082075e-08
# n=19, m=15, value=-1.14090186812623e-08
# n=19, m=16, value=-3.69084935977224e-09
# n=19, m=17, value=-1.14925748043987e-09
# n=19, m=18, value=-3.43072788279579e-10
# n=19, m=19, value=-9.77909440710099e-11
# n=19, m=20, value=-2.65113059543857e-11
# n=19, value=-0.0144194194058154
# n=20, m=0, value=-0.00413815720654806
# n=20, m=1, value=-0.00517619232608898
# n=20, m=2, value=-0.00230516356205391
# n=20, m=3, value=-0.00100154706209065
# n=20, m=4, value=-0.000425434605597643
# n=20, m=5, value=-0.000177003431506384
# n=20, m=6, value=-7.2237060056965e-05
# n=20, m=7, value=-2.89482653464093e-05
# n=20, m=8, value=-1.13972664445837e-05
# n=20, m=9, value=-4.40827005361839e-06
# n=20, m=10, value=-1.67383526524401e-06
# n=20, m=11, value=-6.23049254803008e-07
# n=20, m=12, value=-2.26878063824901e-07
# n=20, m=13, value=-8.0603589354602e-08
# n=20, m=14, value=-2.78498085746677e-08
# n=20, m=15, value=-9.32502874833209e-09
# n=20, m=16, value=-3.01432426458394e-09
# n=20, m=17, value=-9.3700213030842e-10
# n=20, m=18, value=-2.78987716502598e-10
# n=20, m=19, value=-7.92524242848102e-11
# n=20, m=20, value=-2.13956621517152e-11
# n=20, value=-0.0112740563244859
# n=21, m=0, value=-0.00322534462859651
# n=21, m=1, value=-0.00404199968834936
# n=21, m=2, value=-0.00180361735585095
# n=21, m=3, value=-0.00078583032187311
# n=21, m=4, value=-0.000334957328017171
# n=21, m=5, value=-0.000139909363155614
# n=21, m=6, value=-5.73412544950247e-05
# n=21, m=7, value=-2.30796446099784e-05
# n=21, m=8, value=-9.12613170904012e-06
# n=21, m=9, value=-3.54434176527422e-06
# n=21, m=10, value=-1.35078660298928e-06
# n=21, m=11, value=-5.04378785334385e-07
# n=21, m=12, value=-1.84110771538794e-07
# n=21, m=13, value=-6.55144072535538e-08
# n=21, m=14, value=-2.26522536888848e-08
# n=21, m=15, value=-7.58299799434675e-09
# n=21, m=16, value=-2.44836097674058e-09
# n=21, m=17, value=-7.5949337466999e-10
# n=21, m=18, value=-2.25469592650183e-10
# n=21, m=19, value=-6.38086928131404e-11
# n=21, m=20, value=-1.7148573793627e-11
# n=21, value=-0.00881421628422379
# n=22, m=0, value=-0.00251433962235872
# n=22, m=1, value=-0.0031564523549462
# n=22, m=2, value=-0.00141097752935908
# n=22, m=3, value=-0.00061632992137035
# n=22, m=4, value=-0.000263541929712136
# n=22, m=5, value=-0.00011047876627184
# n=22, m=6, value=-4.54563885078354e-05
# n=22, m=7, value=-1.83697219269584e-05
# n=22, m=8, value=-7.29255880785014e-06
# n=22, m=9, value=-2.84279350435154e-06
# n=22, m=10, value=-1.08701087924301e-06
# n=22, m=11, value=-4.06997619650285e-07
# n=22, m=12, value=-1.48864876065741e-07
# n=22, m=13, value=-5.3036072694283e-08
# n=22, m=14, value=-1.83434240033895e-08
# n=22, m=15, value=-6.13681127857179e-09
# n=22, m=16, value=-1.97837277416026e-09
# n=22, m=17, value=-6.12204241627571e-10
# n=22, m=18, value=-1.81145441963202e-10
# n=22, m=19, value=-5.10548541378386e-11
# n=22, m=20, value=-1.36546032727309e-11
# n=22, value=-0.00689063500170081
# n=23, m=0, value=-0.00196037753421644
# n=23, m=1, value=-0.00246499065905315
# n=23, m=2, value=-0.001103661941676
# n=23, m=3, value=-0.000483219255805943
# n=23, m=4, value=-0.000207226683271617
# n=23, m=5, value=-8.71610503590139e-05
# n=23, m=6, value=-3.59914785145192e-05
# n=23, m=7, value=-1.45985562591685e-05
# n=23, m=8, value=-5.81642895925361e-06
# n=23, m=9, value=-2.27499868292455e-06
# n=23, m=10, value=-8.72457595544358e-07
# n=23, m=11, value=-3.27433470746359e-07
# n=23, m=12, value=-1.19958700699556e-07
# n=23, m=13, value=-4.27722678560272e-08
# n=23, m=14, value=-1.47923574917193e-08
# n=23, m=15, value=-4.94387845525389e-09
# n=23, m=16, value=-1.59075805375869e-09
# n=23, m=17, value=-4.90882912882164e-10
# n=23, m=18, value=-1.44719846567072e-10
# n=23, m=19, value=-4.06081809346744e-11
# n=23, m=20, value=-1.08047107502363e-11
# n=23, value=-0.00538651445573431
# n=24, m=0, value=-0.00152867265168049
# n=24, m=1, value=-0.00192504638573535
# n=24, m=2, value=-0.000863174108155311
# n=24, m=3, value=-0.000378737323266456
# n=24, m=4, value=-0.000162856302133916
# n=24, m=5, value=-6.87093332350218e-05
# n=24, m=6, value=-2.84662184320628e-05
# n=24, m=7, value=-1.15853394864546e-05
# n=24, m=8, value=-4.63107829506355e-06
# n=24, m=9, value=-1.81683782521917e-06
# n=24, m=10, value=-6.98549644190615e-07
# n=24, m=11, value=-2.62684854728547e-07
# n=24, m=12, value=-9.63578817330393e-08
# n=24, m=13, value=-3.43719128208963e-08
# n=24, m=14, value=-1.18817668237078e-08
# n=24, m=15, value=-3.96569374539373e-09
# n=24, m=16, value=-1.27312567349199e-09
# n=24, m=17, value=-3.91634860178809e-10
# n=24, m=18, value=-1.15002592627145e-10
# n=24, m=19, value=-3.21167966353964e-11
# n=24, m=20, value=-8.49882230563822e-12
# n=24, value=-0.00421046888453788
# n=25, m=0, value=-0.00119217695102127
# n=25, m=1, value=-0.00150339967673855
# n=25, m=2, value=-0.000675013204073227
# n=25, m=3, value=-0.000296762312532867
# n=25, m=4, value=-0.000127923277036353
# n=25, m=5, value=-5.41241640879664e-05
# n=25, m=6, value=-2.24919313256971e-05
# n=25, m=7, value=-9.18224790772925e-06
# n=25, m=8, value=-3.68141139526421e-06
# n=25, m=9, value=-1.44815251000563e-06
# n=25, m=10, value=-5.58036473843285e-07
# n=25, m=11, value=-2.10185618325239e-07
# n=25, m=12, value=-7.71683183614517e-08
# n=25, m=13, value=-2.75283958425733e-08
# n=25, m=14, value=-9.50827032659613e-09
# n=25, m=15, value=-3.1680510047592e-09
# n=25, m=16, value=-1.01440159193422e-09
# n=25, m=17, value=-3.10965510722033e-10
# n=25, m=18, value=-9.09236853561749e-11
# n=25, m=19, value=-2.52644387615564e-11
# n=25, m=20, value=-6.64719071886427e-12
# n=25, value=-0.00329100189644842
# n=26, m=0, value=-0.00092984803483933
# n=26, m=1, value=-0.00117412139581802
# n=26, m=2, value=-0.000527815389779552
# n=26, m=3, value=-0.000232470563574621
# n=26, m=4, value=-0.000100438570154427
# n=26, m=5, value=-4.26065958435155e-05
# n=26, m=6, value=-1.77552374727847e-05
# n=26, m=7, value=-7.26898767195056e-06
# n=26, m=8, value=-2.92215432773384e-06
# n=26, m=9, value=-1.15221026966292e-06
# n=26, m=10, value=-4.44838214625556e-07
# n=26, m=11, value=-1.67762207277e-07
# n=26, m=12, value=-6.1625364586475e-08
# n=26, m=13, value=-2.19771539271433e-08
# n=26, m=14, value=-7.58196374027941e-09
# n=26, m=15, value=-2.52101220444543e-09
# n=26, m=16, value=-8.04847736051199e-10
# n=26, m=17, value=-2.45793171624657e-10
# n=26, m=18, value=-7.15387384748959e-11
# n=26, m=19, value=-1.97722726863238e-11
# n=26, m=20, value=-5.17092445251422e-12
# n=26, value=-0.00257218257537113
# n=27, m=0, value=-0.000725308523247348
# n=27, m=1, value=-0.000916970179877745
# n=27, m=2, value=-0.000412678178931964
# n=27, m=3, value=-0.000182064752838843
# n=27, m=4, value=-7.88268983850334e-05
# n=27, m=5, value=-3.35194423179382e-05
# n=27, m=6, value=-1.40042577724455e-05
# n=27, m=7, value=-5.74805903839217e-06
# n=27, m=8, value=-2.31628687093507e-06
# n=27, m=9, value=-9.15204248952597e-07
# n=27, m=10, value=-3.53891995471941e-07
# n=27, m=11, value=-1.33588372916183e-07
# n=27, m=12, value=-4.90810816073662e-08
# n=27, m=13, value=-1.74922700101793e-08
# n=27, m=14, value=-6.02556652202972e-09
# n=27, m=15, value=-1.99870841911325e-09
# n=27, m=16, value=-6.36019358932575e-10
# n=27, m=17, value=-1.93440576058177e-10
# n=27, m=18, value=-5.60273073053861e-11
# n=27, m=19, value=-1.53985075558654e-11
# n=27, m=20, value=-4.00184751872936e-12
# n=27, value=-0.00201026050478847
# n=28, m=0, value=-0.00056580712249696
# n=28, m=1, value=-0.000716143020976426
# n=28, m=2, value=-0.000322629345022119
# n=28, m=3, value=-0.000142557854342586
# n=28, m=4, value=-6.18423555102423e-05
# n=28, m=5, value=-2.63555428257172e-05
# n=28, m=6, value=-1.10370916916931e-05
# n=28, m=7, value=-4.54071078709103e-06
# n=28, m=8, value=-1.83366708534232e-06
# n=28, m=9, value=-7.25800106165567e-07
# n=28, m=10, value=-2.81007290413114e-07
# n=28, m=11, value=-1.06140422138369e-07
# n=28, m=12, value=-3.8990824377467e-08
# n=28, m=13, value=-1.38825751035791e-08
# n=28, m=14, value=-4.77332105412179e-09
# n=28, m=15, value=-1.57903585914519e-09
# n=28, m=16, value=-5.00681990393136e-10
# n=28, m=17, value=-1.51612041931893e-10
# n=28, m=18, value=-4.36864429181024e-11
# n=28, m=19, value=-1.19364689573536e-11
# n=28, m=20, value=-3.08192159943452e-12
# n=28, value=-0.00157101603406367
# n=29, m=0, value=-0.000441412648343207
# n=29, m=1, value=-0.000559300985214522
# n=29, m=2, value=-0.00025220977530605
# n=29, m=3, value=-0.000111601820122062
# n=29, m=4, value=-4.85006992181944e-05
# n=29, m=5, value=-2.07119299993049e-05
# n=29, m=6, value=-8.69228157366131e-06
# n=29, m=7, value=-3.5835273415236e-06
# n=29, m=8, value=-1.44984511001496e-06
# n=29, m=9, value=-5.74735131841592e-07
# n=29, m=10, value=-2.2273404533262e-07
# n=29, m=11, value=-8.41549439604952e-08
# n=29, m=12, value=-3.0900016114439e-08
# n=29, m=13, value=-1.09876001905464e-08
# n=29, m=14, value=-3.76977563892065e-09
# n=29, m=15, value=-1.24329439693548e-09
# n=29, m=16, value=-3.92704588306501e-10
# n=29, m=17, value=-1.18361801480084e-10
# n=29, m=18, value=-3.39212195117075e-11
# n=29, m=19, value=-9.2117869322116e-12
# n=29, m=20, value=-2.36239820023915e-12
# n=29, value=-0.00122768626942621
# n=30, m=0, value=-0.000344388230821378
# n=30, m=1, value=-0.000436809218516743
# n=30, m=2, value=-0.000197146039324755
# n=30, m=3, value=-8.73519766398518e-05
# n=30, m=4, value=-3.80251929061462e-05
# n=30, m=5, value=-1.62689103893947e-05
# n=30, m=6, value=-6.84097835216384e-06
# n=30, m=7, value=-2.82557826689259e-06
# n=30, m=8, value=-1.14505371412088e-06
# n=30, m=9, value=-4.54469779153695e-07
# n=30, m=10, value=-1.76245238692171e-07
# n=30, m=11, value=-6.65901067840145e-08
# n=30, m=12, value=-2.4431650367242e-08
# n=30, m=13, value=-8.67361096393934e-09
# n=30, m=14, value=-2.9685440746085e-09
# n=30, m=15, value=-9.7580338873991e-10
# n=30, m=16, value=-3.06941260713215e-10
# n=30, m=17, value=-9.20577065100698e-11
# n=30, m=18, value=-2.62336808635003e-11
# n=30, m=19, value=-7.07903576253009e-12
# n=30, m=20, value=-1.80281804025238e-12
# n=30, value=-0.000959341852368683
# n=31, m=0, value=-0.000268705069994138
# n=31, m=1, value=-0.000341143946871884
# n=31, m=2, value=-0.000154093518746016
# n=31, m=3, value=-6.83598579742865e-05
# n=31, m=4, value=-2.98034088835343e-05
# n=31, m=5, value=-1.27731952163071e-05
# n=31, m=6, value=-5.3805435717609e-06
# n=31, m=7, value=-2.22605669482737e-06
# n=31, m=8, value=-9.03358387770339e-07
# n=31, m=9, value=-3.58888925944088e-07
# n=31, m=10, value=-1.39234154914107e-07
# n=31, m=11, value=-5.2591037688774e-08
# n=31, m=12, value=-1.9274831842046e-08
# n=31, m=13, value=-6.82987355791734e-09
# n=31, m=14, value=-2.33110432225631e-09
# n=31, m=15, value=-7.63519221925363e-10
# n=31, m=16, value=-2.39110566254898e-10
# n=31, m=17, value=-7.13434893303509e-11
# n=31, m=18, value=-2.02111408664025e-11
# n=31, m=19, value=-5.41817556532723e-12
# n=31, m=20, value=-1.36997580163854e-12
# n=31, value=-0.000749616672244295
# n=32, m=0, value=-0.000209664394740277
# n=32, m=1, value=-0.000266429677737017
# n=32, m=2, value=-0.000120434986628595
# n=32, m=3, value=-5.34886231036489e-05
# n=32, m=4, value=-2.33528545416692e-05
# n=32, m=5, value=-1.00243452762403e-05
# n=32, m=6, value=-4.22935036910077e-06
# n=32, m=7, value=-1.75233585283561e-06
# n=32, m=8, value=-7.11947968294386e-07
# n=32, m=9, value=-2.8304861599188e-07
# n=32, m=10, value=-1.0982579321072e-07
# n=32, m=11, value=-4.1459404348373e-08
# n=32, m=12, value=-1.51745050372441e-08
# n=32, m=13, value=-5.36523680906147e-09
# n=32, m=14, value=-1.82567582292812e-09
# n=32, m=15, value=-5.95670770745619e-10
# n=32, m=16, value=-1.85678542908626e-10
# n=32, m=17, value=-5.51017414205969e-11
# n=32, m=18, value=-1.5514700635329e-11
# n=32, m=19, value=-4.1310871824052e-12
# n=32, m=20, value=-1.03686438775179e-12
# n=32, value=-0.000585713875212467
# n=33, m=0, value=-0.000163603396272246
# n=33, m=1, value=-0.000208077954069481
# n=33, m=2, value=-9.41227295613848e-05
# n=33, m=3, value=-4.18463719672133e-05
# n=33, m=4, value=-1.82936732679416e-05
# n=33, m=5, value=-7.86391147585575e-06
# n=33, m=6, value=-3.32257641981481e-06
# n=33, m=7, value=-1.37837860037679e-06
# n=33, m=8, value=-5.60546834555879e-07
# n=33, m=9, value=-2.22963319104429e-07
# n=33, m=10, value=-8.65013419885656e-08
# n=33, m=11, value=-3.26270701384703e-08
# n=33, m=12, value=-1.19224100128571e-08
# n=33, m=13, value=-4.20507186338284e-09
# n=33, m=14, value=-1.426197727825e-09
# n=33, m=15, value=-4.63422776774267e-10
# n=33, m=16, value=-1.43749397856517e-10
# n=33, m=17, value=-4.24190425082174e-11
# n=33, m=18, value=-1.18683585637264e-11
# n=33, m=19, value=-3.13824259547852e-12
# n=33, m=20, value=-7.81743701890071e-13
# n=33, value=-0.000457628151123145
# n=34, m=0, value=-0.000127666383718532
# n=34, m=1, value=-0.00016250533963357
# n=34, m=2, value=-7.35548422726453e-05
# n=34, m=3, value=-3.27336225372935e-05
# n=34, m=4, value=-1.43270004741331e-05
# n=34, m=5, value=-6.16675712444419e-06
# n=34, m=6, value=-2.60881170949475e-06
# n=34, m=7, value=-1.08344200734667e-06
# n=34, m=8, value=-4.40930797121953e-07
# n=34, m=9, value=-1.75428595435232e-07
# n=34, m=10, value=-6.80344041353725e-08
# n=34, m=11, value=-2.56335439922353e-08
# n=34, m=12, value=-9.34923227563768e-09
# n=34, m=13, value=-3.28857913038479e-09
# n=34, m=14, value=-1.11141812807224e-09
# n=34, m=15, value=-3.59572429830813e-10
# n=34, m=16, value=-1.10966157703833e-10
# n=34, m=17, value=-3.25540804166302e-11
# n=34, m=18, value=-9.04903490464479e-12
# n=34, m=19, value=-2.37572076811444e-12
# n=34, m=20, value=-5.8725366149788e-13
# n=34, value=-0.00035753729929309
# n=35, m=0, value=-9.96266298868039e-05
# n=35, m=1, value=-0.000126913234979806
# n=35, m=2, value=-5.74783271429009e-05
# n=35, m=3, value=-2.56019754567881e-05
# n=35, m=4, value=-1.12178281144644e-05
# n=35, m=5, value=-4.83413886651751e-06
# n=35, m=6, value=-2.04733167825978e-06
# n=35, m=7, value=-8.51026515949249e-07
# n=35, m=8, value=-3.46530460210189e-07
# n=35, m=9, value=-1.37874233433253e-07
# n=35, m=10, value=-5.34375771319024e-08
# n=35, m=11, value=-2.01068676507298e-08
# n=35, m=12, value=-7.31786990879021e-09
# n=35, m=13, value=-2.56645189838956e-09
# n=35, m=14, value=-8.64095714429228e-10
# n=35, m=15, value=-2.78281159836075e-10
# n=35, m=16, value=-8.54223052971783e-11
# n=35, m=17, value=-2.4909247028325e-11
# n=35, m=18, value=-6.8777395345798e-12
# n=35, m=19, value=-1.79252115537984e-12
# n=35, m=20, value=-4.3962191742867e-13
# n=35, value=-0.00027932627297663
# n=36, m=0, value=-7.77476348727698e-05
# n=36, m=1, value=-9.91159538855363e-05
# n=36, m=2, value=-4.49132103217122e-05
# n=36, m=3, value=-2.00216062964155e-05
# n=36, m=4, value=-8.78145560030545e-06
# n=36, m=5, value=-3.78820033828296e-06
# n=36, m=6, value=-1.60591103363946e-06
# n=36, m=7, value=-6.68026492661487e-07
# n=36, m=8, value=-2.72107705291085e-07
# n=36, m=9, value=-1.0824330517446e-07
# n=36, m=10, value=-4.19180147583375e-08
# n=36, m=11, value=-1.57475516995208e-08
# n=36, m=12, value=-5.71771696197158e-09
# n=36, m=13, value=-1.99887366274221e-09
# n=36, m=14, value=-6.70309743592398e-10
# n=36, m=15, value=-2.14841235352055e-10
# n=36, m=16, value=-6.55845659357445e-11
# n=36, m=17, value=-1.90057522671365e-11
# n=36, m=18, value=-5.21176428836761e-12
# n=36, m=19, value=-1.34822404976316e-12
# n=36, m=20, value=-3.28019404173545e-13
# n=36, value=-0.000218214891201791
# n=37, m=0, value=-6.0675056289406e-05
# n=37, m=1, value=-7.74064738170847e-05
# n=37, m=2, value=-3.50931298793331e-05
# n=37, m=3, value=-1.56557160033063e-05
# n=37, m=4, value=-6.87278823235651e-06
# n=37, m=5, value=-2.96759737628501e-06
# n=37, m=6, value=-1.2590750823772e-06
# n=37, m=7, value=-5.24045672095814e-07
# n=37, m=8, value=-2.13492845695148e-07
# n=37, m=9, value=-8.48930499945784e-08
# n=37, m=10, value=-3.28406809333472e-08
# n=37, m=11, value=-1.23151717253871e-08
# n=37, m=12, value=-4.45985162585203e-09
# n=37, m=13, value=-1.55381892795059e-09
# n=37, m=14, value=-5.18870606154334e-10
# n=37, m=15, value=-1.6547547175883e-10
# n=37, m=16, value=-5.02264553191085e-11
# n=37, m=17, value=-1.44622224352498e-11
# n=37, m=18, value=-3.93804802136018e-12
# n=37, m=19, value=-1.0110067622492e-12
# n=37, m=20, value=-2.43983869566147e-13
# n=37, value=-0.000170466663854238
# n=38, m=0, value=-4.73525073559783e-05
# n=38, m=1, value=-6.04515995708737e-05
# n=38, m=2, value=-2.74188299044756e-05
# n=38, m=3, value=-1.22404610600076e-05
# n=38, m=4, value=-5.3778928422714e-06
# n=38, m=5, value=-2.32402731556672e-06
# n=38, m=6, value=-9.86703863496684e-07
# n=38, m=7, value=-4.1084696651566e-07
# n=38, m=8, value=-1.67371806490318e-07
# n=38, m=9, value=-6.65139943778467e-08
# n=38, m=10, value=-2.56981235317758e-08
# n=38, m=11, value=-9.61725500109041e-09
# n=38, m=12, value=-3.47301669555267e-09
# n=38, m=13, value=-1.20562430907149e-09
# n=38, m=14, value=-4.00821575748881e-10
# n=38, m=15, value=-1.27167287497104e-10
# n=38, m=16, value=-3.8371841836822e-11
# n=38, m=17, value=-1.09765050239215e-11
# n=38, m=18, value=-2.96751073150208e-12
# n=38, m=19, value=-7.55970373106396e-13
# n=38, m=20, value=-1.80937513236114e-13
# n=38, value=-0.000133161076263231
# n=39, m=0, value=-3.69559377878126e-05
# n=39, m=1, value=-4.72100926712782e-05
# n=39, m=2, value=-2.14217636038177e-05
# n=39, m=3, value=-9.56919565494379e-06
# n=39, m=4, value=-4.20734021069561e-06
# n=39, m=5, value=-1.81947909195563e-06
# n=39, m=6, value=-7.72919907882424e-07
# n=39, m=7, value=-3.21911319658577e-07
# n=39, m=8, value=-1.31114332835999e-07
# n=39, m=9, value=-5.20642029341629e-08
# n=39, m=10, value=-2.00857268544511e-08
# n=39, m=11, value=-7.50011794734109e-09
# n=39, m=12, value=-2.70028417969932e-09
# n=39, m=13, value=-9.33796362245088e-10
# n=39, m=14, value=-3.09021321608785e-10
# n=39, m=15, value=-9.75179799110429e-11
# n=39, m=16, value=-2.92474864856696e-11
# n=39, m=17, value=-8.31042743301914e-12
# n=39, m=18, value=-2.23036357178286e-12
# n=39, m=19, value=-5.63734334820694e-13
# n=39, m=20, value=-1.33803070619804e-13
# n=39, value=-0.000104015516840369
# n=40, m=0, value=-2.88424870246367e-05
# n=40, m=1, value=-3.68687336447641e-05
# n=40, m=2, value=-1.67356126160857e-05
# n=40, m=3, value=-7.48010469074539e-06
# n=40, m=4, value=-3.29096015425589e-06
# n=40, m=5, value=-1.42405695042359e-06
# n=40, m=6, value=-6.05203414210687e-07
# n=40, m=7, value=-2.52084743906362e-07
# n=40, m=8, value=-1.02635693615749e-07
# n=40, m=9, value=-4.0716011249956e-08
# n=40, m=10, value=-1.56815340741652e-08
# n=40, m=11, value=-5.84134992223055e-09
# n=40, m=12, value=-2.09630426772498e-09
# n=40, m=13, value=-7.2202383911005e-10
# n=40, m=14, value=-2.3779698544601e-10
# n=40, m=15, value=-7.46279268309732e-11
# n=40, m=16, value=-2.22435805668841e-11
# n=40, m=17, value=-6.27714975267922e-12
# n=40, m=18, value=-1.67218333364121e-12
# n=40, m=19, value=-4.19294590367499e-13
# n=40, m=20, value=-9.86819133352861e-14
# n=40, value=-8.12460357794814e-05
# n=41, m=0, value=-2.25106114867389e-05
# n=41, m=1, value=-2.87923879990221e-05
# n=41, m=2, value=-1.30740040248673e-05
# n=41, m=3, value=-5.84650165963626e-06
# n=41, m=4, value=-2.57371231500626e-06
# n=41, m=5, value=-1.11425987849581e-06
# n=41, m=6, value=-4.73689353342733e-07
# n=41, m=7, value=-1.97296451605505e-07
# n=41, m=8, value=-8.02856217127749e-08
# n=41, m=9, value=-3.18130028554346e-08
# n=41, m=10, value=-1.22298574191314e-08
# n=41, m=11, value=-4.54367547898083e-09
# n=41, m=12, value=-1.62504842507935e-09
# n=41, m=13, value=-5.57364504653307e-10
# n=41, m=14, value=-1.82657902746941e-10
# n=41, m=15, value=-5.69985239563222e-11
# n=41, m=16, value=-1.68812194583413e-11
# n=41, m=17, value=-4.73073094370004e-12
# n=41, m=18, value=-1.250742944544e-12
# n=41, m=19, value=-3.11099887170822e-13
# n=41, m=20, value=-7.2595954855176e-14
# n=41, value=-6.34584748985573e-05
# n=42, m=0, value=-1.75689963522851e-05
# n=42, m=1, value=-2.24850081027098e-05
# n=42, m=2, value=-1.02130786680216e-05
# n=42, m=3, value=-4.56921974506679e-06
# n=42, m=4, value=-2.01243728780076e-06
# n=42, m=5, value=-8.71622590332926e-07
# n=42, m=6, value=-3.70609817622865e-07
# n=42, m=7, value=-1.5433414851749e-07
# n=42, m=8, value=-6.27593242638747e-08
# n=42, m=9, value=-2.48353565797479e-08
# n=42, m=10, value=-9.52801064311493e-09
# n=42, m=11, value=-3.52996298221124e-09
# n=42, m=12, value=-1.2579669396278e-09
# n=42, m=13, value=-4.29579416638627e-10
# n=42, m=14, value=-1.40060957623967e-10
# n=42, m=15, value=-4.34518256879405e-11
# n=42, m=16, value=-1.27857658271646e-11
# n=42, m=17, value=-3.5576668022158e-12
# n=42, m=18, value=-9.33423585820802e-13
# n=42, m=19, value=-2.30284812486466e-13
# n=42, m=20, value=-5.32755263515928e-14
# n=42, value=-4.95633498102399e-05
# n=43, m=0, value=-1.37123134399333e-05
# n=43, m=1, value=-1.75591755134243e-05
# n=43, m=2, value=-7.97785617059685e-06
# n=43, m=3, value=-3.57064636832771e-06
# n=43, m=4, value=-1.57330179621779e-06
# n=43, m=5, value=-6.81642983795812e-07
# n=43, m=6, value=-2.89852121793455e-07
# n=43, m=7, value=-1.20665177621878e-07
# n=43, m=8, value=-4.90263209404265e-08
# n=43, m=9, value=-1.93720067167606e-08
# n=43, m=10, value=-7.41560227303881e-09
# n=43, m=11, value=-2.73918072757153e-09
# n=43, m=12, value=-9.72491603050538e-10
# n=43, m=13, value=-3.30590847993132e-10
# n=43, m=14, value=-1.07219345598426e-10
# n=43, m=15, value=-3.30650834945888e-11
# n=43, m=16, value=-9.66524034201536e-12
# n=43, m=17, value=-2.67003812722706e-12
# n=43, m=18, value=-6.95122074050748e-13
# n=43, m=19, value=-1.70083131606492e-13
# n=43, m=20, value=-3.90084015436388e-14
# n=43, value=-3.87093065687744e-05
# n=44, m=0, value=-1.07023154532685e-05
# n=44, m=1, value=-1.37123131865712e-05
# n=44, m=2, value=-6.23157090366261e-06
# n=44, m=3, value=-2.7900475117931e-06
# n=44, m=4, value=-1.22979064493e-06
# n=44, m=5, value=-5.32936326218789e-07
# n=44, m=6, value=-2.26609003280809e-07
# n=44, m=7, value=-9.42943615747214e-08
# n=44, m=8, value=-3.82736440505536e-08
# n=44, m=9, value=-1.50983285984329e-08
# n=44, m=10, value=-5.76592048985233e-09
# n=44, m=11, value=-2.12313219930927e-09
# n=44, m=12, value=-7.50823831340741e-10
# n=44, m=13, value=-2.54042933717658e-10
# n=44, m=14, value=-8.19476224076467e-11
# n=44, m=15, value=-2.51178295285542e-11
# n=44, m=16, value=-7.2928813595762e-12
# n=44, m=17, value=-1.9999809642604e-12
# n=44, m=18, value=-5.16609866864369e-13
# n=44, m=19, value=-1.25357081486033e-13
# n=44, m=20, value=-2.8500639348561e-14
# n=44, value=-3.02311025855505e-05
# n=45, m=0, value=-8.35309042739381e-06
# n=45, m=1, value=-1.07081068022762e-05
# n=45, m=2, value=-4.86733235604479e-06
# n=45, m=3, value=-2.1799038857112e-06
# n=45, m=4, value=-9.61129141415847e-07
# n=45, m=5, value=-4.16568702946341e-07
# n=45, m=6, value=-1.77101998759461e-07
# n=45, m=7, value=-7.36511626800548e-08
# n=45, m=8, value=-2.98605791852409e-08
# n=45, m=9, value=-1.17582915058274e-08
# n=45, m=10, value=-4.47901932683317e-09
# n=45, m=11, value=-1.64382880662468e-09
# n=45, m=12, value=-5.78957611946962e-10
# n=45, m=13, value=-1.9494722437981e-10
# n=45, m=14, value=-6.25367310020746e-11
# n=45, m=15, value=-1.90492442783435e-11
# n=45, m=16, value=-5.49315849968529e-12
# n=45, m=17, value=-1.49530474807821e-12
# n=45, m=18, value=-3.83198626909698e-13
# n=45, m=19, value=-9.22078169027233e-14
# n=45, m=20, value=-2.07800356782917e-14
# n=45, value=-2.36089439578166e-05
# n=46, m=0, value=-6.51955989606778e-06
# n=46, m=1, value=-8.36199443064745e-06
# n=46, m=2, value=-3.80160386391305e-06
# n=46, m=3, value=-1.70304063297534e-06
# n=46, m=4, value=-7.51044218989501e-07
# n=46, m=5, value=-3.25532069756654e-07
# n=46, m=6, value=-1.38362886310406e-07
# n=46, m=7, value=-5.75002229873183e-08
# n=46, m=8, value=-2.32826587821236e-08
# n=46, m=9, value=-9.15021322742635e-09
# n=46, m=10, value=-3.47618403507942e-09
# n=46, m=11, value=-1.27138195232561e-09
# n=46, m=12, value=-4.45894572245413e-10
# n=46, m=13, value=-1.49397867937916e-10
# n=46, m=14, value=-4.76537455872137e-11
# n=46, m=15, value=-1.44240613377035e-11
# n=46, m=16, value=-4.13062834804576e-12
# n=46, m=17, value=-1.11601071266236e-12
# n=46, m=18, value=-2.83717548153071e-13
# n=46, m=19, value=-6.76959031366277e-14
# n=46, m=20, value=-1.51221808512847e-14
# n=46, value=-1.84367016950324e-05
# n=47, m=0, value=-5.08850650686074e-06
# n=47, m=1, value=-6.52983361973534e-06
# n=47, m=2, value=-2.96910365274464e-06
# n=47, m=3, value=-1.33037917948111e-06
# n=47, m=4, value=-5.86791912981027e-07
# n=47, m=5, value=-2.54331069717743e-07
# n=47, m=6, value=-1.08061149207277e-07
# n=47, m=7, value=-4.48705205052828e-08
# n=47, m=8, value=-1.81430591600979e-08
# n=47, m=9, value=-7.11541064715036e-09
# n=47, m=10, value=-2.69551077671366e-09
# n=47, m=11, value=-9.82316594727332e-10
# n=47, m=12, value=-3.43015475346597e-10
# n=47, m=13, value=-1.14343637369116e-10
# n=47, m=14, value=-3.62617061486707e-11
# n=47, m=15, value=-1.09053941549917e-11
# n=47, m=16, value=-3.1010913780462e-12
# n=47, m=17, value=-8.31525115690287e-13
# n=47, m=18, value=-2.09698306895963e-13
# n=47, m=19, value=-4.96110856389177e-14
# n=47, m=20, value=-1.09835101083644e-14
# n=47, value=-1.43970693841039e-05
# n=48, m=0, value=-3.97157431214676e-06
# n=48, m=1, value=-5.09905011165426e-06
# n=48, m=2, value=-2.31881828957196e-06
# n=48, m=3, value=-1.03917672282127e-06
# n=48, m=4, value=-4.58394193628692e-07
# n=48, m=5, value=-1.98657996110182e-07
# n=48, m=6, value=-8.43678764584443e-08
# n=48, m=7, value=-3.49993267719483e-08
# n=48, m=8, value=-1.41299100109126e-08
# n=48, m=9, value=-5.52917343716394e-09
# n=48, m=10, value=-2.08838391925746e-09
# n=48, m=11, value=-7.58225514285266e-10
# n=48, m=12, value=-2.63578541806405e-10
# n=48, m=13, value=-8.74061256859412e-11
# n=48, m=14, value=-2.75558739238326e-11
# n=48, m=15, value=-8.23318160609651e-12
# n=48, m=16, value=-2.32460546038139e-12
# n=48, m=17, value=-6.18571654401753e-13
# n=48, m=18, value=-1.54732997248442e-13
# n=48, m=19, value=-3.62960529687318e-14
# n=48, m=20, value=-7.96438652875265e-15
# n=48, value=-1.12421472818653e-05
# n=49, m=0, value=-3.09980766911958e-06
# n=49, m=1, value=-3.98172477035435e-06
# n=49, m=2, value=-1.81088608231888e-06
# n=49, m=3, value=-8.11647837668817e-07
# n=49, m=4, value=-3.58040282547061e-07
# n=49, m=5, value=-1.5513722666333e-07
# n=49, m=6, value=-6.58484833813291e-08
# n=49, m=7, value=-2.72879171186992e-08
# n=49, m=8, value=-1.09983176550109e-08
# n=49, m=9, value=-4.29359735827076e-09
# n=49, m=10, value=-1.616674509418e-09
# n=49, m=11, value=-5.84698159740767e-10
# n=49, m=12, value=-2.02320192447059e-10
# n=49, m=13, value=-6.67352351224033e-11
# n=49, m=14, value=-2.0913136836436e-11
# n=49, m=15, value=-6.20717783813187e-12
# n=49, m=16, value=-1.74000326950637e-12
# n=49, m=17, value=-4.59451704112886e-13
# n=49, m=18, value=-1.13993775356647e-13
# n=49, m=19, value=-2.65111283620501e-14
# n=49, m=20, value=-5.76578715327791e-15
# n=49, value=-8.77826824376261e-06
# n=50, m=0, value=-2.41939029958076e-06
# n=50, m=1, value=-3.10919430603321e-06
# n=50, m=2, value=-1.41416075069446e-06
# n=50, m=3, value=-6.33885442462905e-07
# n=50, m=4, value=-2.79617145092288e-07
# n=50, m=5, value=-1.21124375939334e-07
# n=50, m=6, value=-5.13782068913796e-08
# n=50, m=7, value=-2.12666015586632e-08
# n=50, m=8, value=-8.55614015953128e-09
# n=50, m=9, value=-3.33190274111193e-09
# n=50, m=10, value=-1.25051653187487e-09
# n=50, m=11, value=-4.50470028090617e-10
# n=50, m=12, value=-1.55138155740305e-10
# n=50, m=13, value=-5.08946836498433e-11
# n=50, m=14, value=-1.58520974667219e-11
# n=50, m=15, value=-4.67355223531732e-12
# n=50, m=16, value=-1.30061006452595e-12
# n=50, m=17, value=-3.40771898546537e-13
# n=50, m=18, value=-8.38556654669812e-14
# n=50, m=19, value=-1.93335473498702e-14
# n=50, value=-6.85413931098349e-06
# n=51, m=0, value=-1.88832058339105e-06
# n=51, m=1, value=-2.42783431917348e-06
# n=51, m=2, value=-1.10430700441655e-06
# n=51, m=3, value=-4.9501624525263e-07
# n=51, m=4, value=-2.18341391365488e-07
# n=51, m=5, value=-9.45485207229188e-08
# n=51, m=6, value=-4.00755833609559e-08
# n=51, m=7, value=-1.65671391697004e-08
# n=51, m=8, value=-6.65274438208568e-09
# n=51, m=9, value=-2.58393719283087e-09
# n=51, m=10, value=-9.66545068334102e-10
# n=51, m=11, value=-3.46748708199127e-10
# n=51, m=12, value=-1.1884065443991e-10
# n=51, m=13, value=-3.87715498270479e-11
# n=51, m=14, value=-1.20016051133705e-11
# n=51, m=15, value=-3.51440588870109e-12
# n=51, m=16, value=-9.70886402957453e-13
# n=51, m=17, value=-2.52399609459305e-13
# n=51, m=18, value=-6.15993801106331e-14
# n=51, m=19, value=-1.40803167736348e-14
# n=51, value=-5.35157489768968e-06
# n=52, m=0, value=-1.4738172508424e-06
# n=52, m=1, value=-1.89576577272528e-06
# n=52, m=2, value=-8.62311990565684e-07
# n=52, m=3, value=-3.86539813528785e-07
# n=52, m=4, value=-1.70470760287915e-07
# n=52, m=5, value=-7.3788313104274e-08
# n=52, m=6, value=-3.12501142527253e-08
# n=52, m=7, value=-1.29009949216175e-08
# n=52, m=8, value=-5.17012959512435e-09
# n=52, m=9, value=-2.0026206277603e-09
# n=52, m=10, value=-7.46502849995417e-10
# n=52, m=11, value=-2.66680993478648e-10
# n=52, m=12, value=-9.09483124121701e-11
# n=52, m=13, value=-2.95050567094966e-11
# n=52, m=14, value=-9.07608759199162e-12
# n=52, m=15, value=-2.63957047408704e-12
# n=52, m=16, value=-7.23836030176746e-13
# n=52, m=17, value=-1.86700969354721e-13
# n=52, m=18, value=-4.51883539268062e-14
# n=52, m=19, value=-1.02399642584738e-14
# n=52, value=-4.17825545386634e-06
# n=53, m=0, value=-1.1502949296296e-06
# n=53, m=1, value=-1.48028268945867e-06
# n=53, m=2, value=-6.73321863165948e-07
# n=53, m=3, value=-3.01811416650089e-07
# n=53, m=4, value=-1.33078037880821e-07
# n=53, m=5, value=-5.75747414576418e-08
# n=53, m=6, value=-2.43611171166842e-08
# n=53, m=7, value=-1.00422154095202e-08
# n=53, m=8, value=-4.01592689066095e-09
# n=53, m=9, value=-1.55113895732971e-09
# n=53, m=10, value=-5.76140016939014e-10
# n=53, m=11, value=-2.0493236421064e-10
# n=53, m=12, value=-6.95381479721411e-11
# n=53, m=13, value=-2.24305840828533e-11
# n=53, m=14, value=-6.85623763709482e-12
# n=53, m=15, value=-1.98022257228923e-12
# n=53, m=16, value=-5.38999509087933e-13
# n=53, m=17, value=-1.37929977769153e-13
# n=53, m=18, value=-3.3106818068257e-14
# n=53, m=19, value=-7.43643428086083e-15
# n=53, value=-3.26206920684832e-06
# n=54, m=0, value=-8.97784315549643e-07
# n=54, m=1, value=-1.15584314792913e-06
# n=54, m=2, value=-5.25732512703712e-07
# n=54, m=3, value=-2.35637419733783e-07
# n=54, m=4, value=-1.0387394166392e-07
# n=54, m=5, value=-4.49148360312582e-08
# n=54, m=6, value=-1.89853892744672e-08
# n=54, m=7, value=-7.81395229353764e-09
# n=54, m=8, value=-3.11788354554388e-09
# n=54, m=9, value=-1.20073167160943e-09
# n=54, m=10, value=-4.44346768584507e-10
# n=54, m=11, value=-1.57355873448978e-10
# n=54, m=12, value=-5.31209187965944e-11
# n=54, m=13, value=-1.70358246281525e-11
# n=54, m=14, value=-5.17393267986183e-12
# n=54, m=15, value=-1.48394339351272e-12
# n=54, m=16, value=-4.00905166269428e-13
# n=54, m=17, value=-1.01779912622946e-13
# n=54, m=18, value=-2.42260638633196e-14
# n=54, m=19, value=-5.39558632148274e-15
# n=54, value=-2.54669102219004e-06
# n=55, m=0, value=-7.00699274830573e-07
# n=55, m=1, value=-9.02500230280447e-07
# n=55, m=2, value=-4.10478969802736e-07
# n=55, m=3, value=-1.83958773795463e-07
# n=55, m=4, value=-8.10683973865635e-08
# n=55, m=5, value=-3.5031829435647e-08
# n=55, m=6, value=-1.47918099972214e-08
# n=55, m=7, value=-6.07786423576676e-09
# n=55, m=8, value=-2.41952148243835e-09
# n=55, m=9, value=-9.289496730022e-10
# n=55, m=10, value=-3.4247061041188e-10
# n=55, m=11, value=-1.20731741824242e-10
# n=55, m=12, value=-4.0544933892512e-11
# n=55, m=13, value=-1.29265107190335e-11
# n=55, m=14, value=-3.90052432627145e-12
# n=55, m=15, value=-1.11087506381173e-12
# n=55, m=16, value=-2.97864109679444e-13
# n=55, m=17, value=-7.50195261814415e-14
# n=55, m=18, value=-1.77080572427713e-14
# n=55, m=19, value=-3.91087986648109e-15
# n=55, value=-1.98812806320338e-06
# n=56, m=0, value=-5.46874663334363e-07
# n=56, m=1, value=-7.04676584056058e-07
# n=56, m=2, value=-3.20480100882911e-07
# n=56, m=3, value=-1.43603450477961e-07
# n=56, m=4, value=-6.3261909671896e-08
# n=56, m=5, value=-2.7318239224139e-08
# n=56, m=6, value=-1.15214024348315e-08
# n=56, m=7, value=-4.72578826851447e-09
# n=56, m=8, value=-1.87672306893326e-09
# n=56, m=9, value=-7.1828511347006e-10
# n=56, m=10, value=-2.63779766259995e-10
# n=56, m=11, value=-9.25631062685196e-11
# n=56, m=12, value=-3.09207722360771e-11
# n=56, m=13, value=-9.79966335943703e-12
# n=56, m=14, value=-2.93772477047798e-12
# n=56, m=15, value=-8.30761999991181e-13
# n=56, m=16, value=-2.2107695448609e-13
# n=56, m=17, value=-5.52371733422709e-14
# n=56, m=18, value=-1.29314419415605e-14
# n=56, m=19, value=-2.83036398138203e-15
# n=56, value=-1.55202093873673e-06
# n=57, m=0, value=-4.26815399653044e-07
# n=57, m=1, value=-5.50207354431895e-07
# n=57, m=2, value=-2.50204679662451e-07
# n=57, m=3, value=-1.12092825654081e-07
# n=57, m=4, value=-4.93605158592631e-08
# n=57, m=5, value=-2.12990942195942e-08
# n=57, m=6, value=-8.97168917397205e-09
# n=57, m=7, value=-3.67319895934917e-09
# n=57, m=8, value=-1.45504855931525e-09
# n=57, m=9, value=-5.55094969777174e-10
# n=57, m=10, value=-2.0304198681602e-10
# n=57, m=11, value=-7.09159234157845e-11
# n=57, m=12, value=-2.35624506559773e-11
# n=57, m=13, value=-7.42282109259458e-12
# n=57, m=14, value=-2.21056349223814e-12
# n=57, m=15, value=-6.20689047034508e-13
# n=57, m=16, value=-1.63922911702864e-13
# n=57, m=17, value=-4.06289043207442e-14
# n=57, m=18, value=-9.43207100964627e-15
# n=57, m=19, value=-2.04648581067501e-15
# n=57, value=-1.21153519178111e-06
# n=58, m=0, value=-3.331103963423e-07
# n=58, m=1, value=-4.29592719036103e-07
# n=58, m=2, value=-1.95332320683199e-07
# n=58, m=3, value=-8.74902723064663e-08
# n=58, m=4, value=-3.85092164340638e-08
# n=58, m=5, value=-1.66031205701248e-08
# n=58, m=6, value=-6.98442246902662e-09
# n=58, m=7, value=-2.85407497271097e-09
# n=58, m=8, value=-1.12763018938142e-09
# n=58, m=9, value=-4.28756343365889e-10
# n=58, m=10, value=-1.56194402952334e-10
# n=58, m=11, value=-5.42937815475228e-11
# n=58, m=12, value=-1.79415551426131e-11
# n=58, m=13, value=-5.61784489370731e-12
# n=58, m=14, value=-1.6619445620051e-12
# n=58, m=15, value=-4.6331477066356e-13
# n=58, m=16, value=-1.21430209637508e-13
# n=58, m=17, value=-2.98569220562317e-14
# n=58, m=18, value=-6.87351651290635e-15
# n=58, m=19, value=-1.47727967012012e-15
# n=58, value=-9.45714063657389e-07
# n=59, m=0, value=-2.59975147344225e-07
# n=59, m=1, value=-3.35414125771945e-07
# n=59, m=2, value=-1.52488549086818e-07
# n=59, m=3, value=-6.82827735185337e-08
# n=59, m=4, value=-3.00398781555461e-08
# n=59, m=5, value=-1.2940171580729e-08
# n=59, m=6, value=-5.43596552292749e-09
# n=59, m=7, value=-2.21687264954046e-09
# n=59, m=8, value=-8.73520301403838e-10
# n=59, m=9, value=-3.31004245986826e-10
# n=59, m=10, value=-1.20085091393533e-10
# n=59, m=11, value=-4.15401090804274e-11
# n=59, m=12, value=-1.36515509725634e-11
# n=59, m=13, value=-4.24842848617939e-12
# n=59, m=14, value=-1.24844107491158e-12
# n=59, m=15, value=-3.45541900214495e-13
# n=59, m=16, value=-8.9873095944493e-14
# n=59, m=17, value=-2.19206163637464e-14
# n=59, m=18, value=-5.00218356319637e-15
# n=59, m=19, value=-1.06647546696537e-15
# n=59, value=-7.38191671530822e-07
# n=60, m=0, value=-2.02894722248673e-07
# n=60, m=1, value=-2.61878384618464e-07
# n=60, m=2, value=-1.1903780602615e-07
# n=60, m=3, value=-5.3288363783099e-08
# n=60, m=4, value=-2.3430470769352e-08
# n=60, m=5, value=-1.00835535027716e-08
# n=60, m=6, value=-4.22975528509749e-09
# n=60, m=7, value=-1.72136981365238e-09
# n=60, m=8, value=-6.76396696254674e-10
# n=60, m=9, value=-2.55413015716583e-10
# n=60, m=10, value=-9.22710023623385e-11
# n=60, m=11, value=-3.17619252838989e-11
# n=60, m=12, value=-1.03800278377007e-11
# n=60, m=13, value=-3.21039831004149e-12
# n=60, m=14, value=-9.37072414022187e-13
# n=60, m=15, value=-2.57493733366728e-13
# n=60, m=16, value=-6.64612679127098e-14
# n=60, m=17, value=-1.60797482100239e-14
# n=60, m=18, value=-3.63885354140448e-15
# n=60, m=19, value=-7.69458281812962e-16
# n=60, value=-5.76187779504163e-07
# n=61, m=0, value=-1.58345123020229e-07
# n=61, m=1, value=-2.04461614116515e-07
# n=61, m=2, value=-9.29217272323652e-08
# n=61, m=3, value=-4.15837710819487e-08
# n=61, m=4, value=-1.82731776531957e-08
# n=61, m=5, value=-7.85618926492237e-09
# n=61, m=6, value=-3.29039878667258e-09
# n=61, m=7, value=-1.33619311955034e-09
# n=61, m=8, value=-5.23548666825838e-10
# n=61, m=9, value=-1.96990589910655e-10
# n=61, m=10, value=-7.08601723306046e-11
# n=61, m=11, value=-2.42704442155892e-11
# n=61, m=12, value=-7.8871787031178e-12
# n=61, m=13, value=-2.42423708060964e-12
# n=61, m=14, value=-7.0282630626821e-13
# n=61, m=15, value=-1.91729878501469e-13
# n=61, m=16, value=-4.9106768998386e-14
# n=61, m=17, value=-1.17858197160037e-14
# n=61, m=18, value=-2.64534488064738e-15
# n=61, m=19, value=-5.54406780900463e-16
# n=61, value=-4.49722572702876e-07
# n=62, m=0, value=-1.23575799972627e-07
# n=62, m=1, value=-1.59631174555054e-07
# n=62, m=2, value=-7.25327982796886e-08
# n=62, m=3, value=-3.24478562614318e-08
# n=62, m=4, value=-1.42494527713965e-08
# n=62, m=5, value=-6.11978966141576e-09
# n=62, m=6, value=-2.55905087172591e-09
# n=62, m=7, value=-1.03688205299603e-09
# n=62, m=8, value=-4.05083511983609e-10
# n=62, m=9, value=-1.51861362244358e-10
# n=62, m=10, value=-5.43886162778648e-11
# n=62, m=11, value=-1.85348941056443e-11
# n=62, m=12, value=-5.98911767619046e-12
# n=62, m=13, value=-1.82932320550245e-12
# n=62, m=14, value=-5.26751277145363e-13
# n=62, m=15, value=-1.42652545592065e-13
# n=62, m=16, value=-3.62582685230207e-14
# n=62, m=17, value=-8.6317671760261e-15
# n=62, m=18, value=-1.9205015182322e-15
# n=62, m=19, value=-4.00016391538527e-16
# n=62, value=-3.51003307879892e-07
# n=63, m=0, value=-9.6439901475268e-08
# n=63, m=1, value=-1.24628508535322e-07
# n=63, m=2, value=-5.66156518483125e-08
# n=63, m=3, value=-2.531740521028e-08
# n=63, m=4, value=-1.1110514305349e-08
# n=63, m=5, value=-4.76638065037187e-09
# n=63, m=6, value=-1.98979661105182e-09
# n=63, m=7, value=-8.04373867542994e-10
# n=63, m=8, value=-3.13305997683448e-10
# n=63, m=9, value=-1.17018534077263e-10
# n=63, m=10, value=-4.17244341291387e-11
# n=63, m=11, value=-1.41466440883732e-11
# n=63, m=12, value=-4.5449929627147e-12
# n=63, m=13, value=-1.37948609783492e-12
# n=63, m=14, value=-3.94516125497295e-13
# n=63, m=15, value=-1.06064137507523e-13
# n=63, m=16, value=-2.67512791432556e-14
# n=63, m=17, value=-6.3166702771178e-15
# n=63, m=18, value=-1.39471767468535e-15
# n=63, m=19, value=-2.86934104948289e-16
# n=63, value=-2.73945237184767e-07
# n=64, m=0, value=-7.52617796056635e-08
# n=64, m=1, value=-9.72995493080005e-08
# n=64, m=2, value=-4.41899627402539e-08
# n=64, m=3, value=-1.97525790960187e-08
# n=64, m=4, value=-8.66209238984977e-09
# n=64, m=5, value=-3.71167580137819e-09
# n=64, m=6, value=-1.54682110688338e-09
# n=64, m=7, value=-6.2381862122154e-10
# n=64, m=8, value=-2.42233429062605e-10
# n=64, m=9, value=-9.01308799731191e-11
# n=64, m=10, value=-3.19931594238062e-11
# n=64, m=11, value=-1.07913794003222e-11
# n=64, m=12, value=-3.44701708582974e-12
# n=64, m=13, value=-1.03960400401132e-12
# n=64, m=14, value=-2.95281214843932e-13
# n=64, m=15, value=-7.88078912024317e-14
# n=64, m=16, value=-1.97228301399011e-14
# n=64, m=17, value=-4.61973124685211e-15
# n=64, m=18, value=-1.01069326519099e-15
# n=64, m=19, value=-2.06106832989494e-16
# n=64, value=-2.13797423983855e-07
# n=65, m=0, value=-5.87335744031062e-08
# n=65, m=1, value=-7.59622789735626e-08
# n=65, m=2, value=-3.44902171867308e-08
# n=65, m=3, value=-1.54099150605519e-08
# n=65, m=4, value=-6.75250518467634e-09
# n=65, m=5, value=-2.88989341504211e-09
# n=65, m=6, value=-1.20219616495375e-09
# n=65, m=7, value=-4.83652852687904e-10
# n=65, m=8, value=-1.87216949409031e-10
# n=65, m=9, value=-6.939209862112e-11
# n=65, m=10, value=-2.45197134081151e-11
# n=65, m=11, value=-8.2275299312214e-12
# n=65, m=12, value=-2.61278759045042e-12
# n=65, m=13, value=-7.82987281781906e-13
# n=65, m=14, value=-2.20866185583758e-13
# n=65, m=15, value=-5.85159091320843e-14
# n=65, m=16, value=-1.45315075077146e-14
# n=65, m=17, value=-3.3771813470751e-15
# n=65, m=18, value=-7.3302908881745e-16
# n=65, m=19, value=-1.48589907739138e-16
# n=65, value=-1.66850496278403e-07
# n=66, m=0, value=-4.58344944679401e-08
# n=66, m=1, value=-5.93032996862552e-08
# n=66, m=2, value=-2.69186652324658e-08
# n=66, m=3, value=-1.20212292845579e-08
# n=66, m=4, value=-5.26333835732577e-09
# n=66, m=5, value=-2.24970443229082e-09
# n=66, m=6, value=-9.34149962580076e-10
# n=66, m=7, value=-3.74875788453524e-10
# n=66, m=8, value=-1.44645977324976e-10
# n=66, m=9, value=-5.34034889877856e-11
# n=66, m=10, value=-1.87833214693938e-11
# n=66, m=11, value=-6.26959676666442e-12
# n=66, m=12, value=-1.97936317943718e-12
# n=66, m=13, value=-5.89370186768894e-13
# n=66, m=14, value=-1.65105071541633e-13
# n=66, m=15, value=-4.34247906730412e-14
# n=66, m=16, value=-1.07023222749303e-14
# n=66, m=17, value=-2.46661415251315e-15
# n=66, m=18, value=-5.31746955495516e-16
# n=66, m=19, value=-1.07010754424319e-16
# n=66, value=-1.3020840343337e-07
# n=67, m=0, value=-3.57678125437644e-08
# n=67, m=1, value=-4.62970631456206e-08
# n=67, m=2, value=-2.10085724851654e-08
# n=67, m=3, value=-9.377133432965e-09
# n=67, m=4, value=-4.10216075832249e-09
# n=67, m=5, value=-1.75106512604671e-09
# n=67, m=6, value=-7.25714851228866e-10
# n=67, m=7, value=-2.90484099991198e-10
# n=67, m=8, value=-1.11717683877903e-10
# n=67, m=9, value=-4.10826084523277e-11
# n=67, m=10, value=-1.43825226251279e-11
# n=67, m=11, value=-4.7752446528248e-12
# n=67, m=12, value=-1.49870702870555e-12
# n=67, m=13, value=-4.43384261597518e-13
# n=67, m=14, value=-1.2335309640052e-13
# n=67, m=15, value=-3.2205358171944e-14
# n=67, m=16, value=-7.87575300115196e-15
# n=67, m=17, value=-1.80167296012779e-15
# n=67, m=18, value=-3.84241249928863e-16
# n=67, m=19, value=-7.67615138119737e-17
# n=67, value=-1.01610166019004e-07
# n=68, m=0, value=-2.79116883908106e-08
# n=68, m=1, value=-3.61427952448489e-08
# n=68, m=2, value=-1.63955174947748e-08
# n=68, m=3, value=-7.31415682263121e-09
# n=68, m=4, value=-3.19683225273666e-09
# n=68, m=5, value=-1.3627420617376e-09
# n=68, m=6, value=-5.63670957786272e-10
# n=68, m=7, value=-2.25030680884652e-10
# n=68, m=8, value=-8.62573382947135e-11
# n=68, m=9, value=-3.15922505712473e-11
# n=68, m=10, value=-1.10080422425033e-11
# n=68, m=11, value=-3.63534701473851e-12
# n=68, m=12, value=-1.13419473465884e-12
# n=68, m=13, value=-3.33382410219743e-13
# n=68, m=14, value=-9.21073655714424e-14
# n=68, m=15, value=-2.38708792316134e-14
# n=68, m=16, value=-5.79289220759005e-15
# n=68, m=17, value=-1.31345672185756e-15
# n=68, m=18, value=-2.78260487568405e-16
# n=68, m=19, value=-5.51316804708879e-17
# n=68, value=-7.92906736840594e-08
# n=69, m=0, value=-2.17807841412106e-08
# n=69, m=1, value=-2.82152400328232e-08
# n=69, m=2, value=-1.27949741856689e-08
# n=69, m=3, value=-5.70468636481329e-09
# n=69, m=4, value=-2.49105641442661e-09
# n=69, m=5, value=-1.06037836742647e-09
# n=69, m=6, value=-4.37721222659988e-10
# n=69, m=7, value=-1.74280370354843e-10
# n=69, m=8, value=-6.65783184335254e-11
# n=69, m=9, value=-2.42852504057153e-11
# n=69, m=10, value=-8.42178464553198e-12
# n=69, m=11, value=-2.76628958455222e-12
# n=69, m=12, value=-8.57919367058138e-13
# n=69, m=13, value=-2.5054383481077e-13
# n=69, m=14, value=-6.8741182451121e-14
# n=69, m=15, value=-1.76849637364973e-14
# n=69, m=16, value=-4.25717404037296e-15
# n=69, m=17, value=-9.58814191237556e-16
# n=69, m=18, value=-2.00902662561564e-16
# n=69, m=19, value=-3.95733792957209e-17
# n=69, value=-6.18719810176603e-08
# n=70, m=0, value=-1.69963038380248e-08
# n=70, m=1, value=-2.20261954341691e-08
# n=70, m=2, value=-9.9848038616594e-09
# n=70, m=3, value=-4.44910837323858e-09
# n=70, m=4, value=-1.94090629737172e-09
# n=70, m=5, value=-8.24983355616612e-10
# n=70, m=6, value=-3.39847334791129e-10
# n=70, m=7, value=-1.34941497863136e-10
# n=70, m=8, value=-5.13731532900342e-11
# n=70, m=9, value=-1.86616162518745e-11
# n=70, m=10, value=-6.44055961991363e-12
# n=70, m=11, value=-2.10406751700528e-12
# n=70, m=12, value=-6.48639128519879e-13
# n=70, m=13, value=-1.88198035714489e-13
# n=70, m=14, value=-5.1278642790309e-14
# n=70, m=15, value=-1.30948312089541e-14
# n=70, m=16, value=-3.12895325968454e-15
# n=70, m=17, value=-6.97955148537543e-16
# n=70, m=18, value=-1.4506625067856e-16
# n=70, m=19, value=-2.80266261587503e-17
# n=70, value=-4.82784226810404e-08
# n=71, m=0, value=-1.3262608272481e-08
# n=71, m=1, value=-1.7194476957356e-08
# n=71, m=2, value=-7.79158194961223e-09
# n=71, m=3, value=-3.46967084788904e-09
# n=71, m=4, value=-1.51211077157833e-09
# n=71, m=5, value=-6.41753012877251e-10
# n=71, m=6, value=-2.63807073463456e-10
# n=71, m=7, value=-1.04456572677712e-10
# n=71, m=8, value=-3.96287285213808e-11
# n=71, m=9, value=-1.43352597045538e-11
# n=71, m=10, value=-4.92350718571794e-12
# n=71, m=11, value=-1.59969612426389e-12
# n=71, m=12, value=-4.90190949897085e-13
# n=71, m=13, value=-1.41301304424497e-13
# n=71, m=14, value=-3.82326006791168e-14
# n=71, m=15, value=-9.6918458501738e-15
# n=71, m=16, value=-2.29845439556065e-15
# n=71, m=17, value=-5.08490818895702e-16
# n=71, m=18, value=-1.05276030948342e-16
# n=71, value=-3.76703308421526e-08
# n=72, m=0, value=-1.03489621613198e-08
# n=72, m=1, value=-1.34224629072484e-08
# n=72, m=2, value=-6.07992011385925e-09
# n=72, m=3, value=-2.70568991399186e-09
# n=72, m=4, value=-1.17793523011001e-09
# n=72, m=5, value=-4.9914911733234e-10
# n=72, m=6, value=-2.04742151455966e-10
# n=72, m=7, value=-8.08391976948854e-11
# n=72, m=8, value=-3.05603531846957e-11
# n=72, m=9, value=-1.10082008612809e-11
# n=72, m=10, value=-3.76238081488428e-12
# n=72, m=11, value=-1.21573730900094e-12
# n=72, m=12, value=-3.70290115844083e-13
# n=72, m=13, value=-1.06041477682118e-13
# n=72, m=14, value=-2.84922367817242e-14
# n=72, m=15, value=-7.17069632838463e-15
# n=72, m=16, value=-1.68701858038745e-15
# n=72, m=17, value=-3.70309252012424e-16
# n=72, m=18, value=-7.58941520739853e-17
# n=72, value=-2.93922805122711e-08
# n=73, m=0, value=-8.07528737233549e-09
# n=73, m=1, value=-1.04777791678675e-08
# n=73, m=2, value=-4.74412775300218e-09
# n=73, m=3, value=-2.10980634247595e-09
# n=73, m=4, value=-9.17526692380969e-10
# n=73, m=5, value=-3.88180392074412e-10
# n=73, m=6, value=-1.5887233038497e-10
# n=73, m=7, value=-6.25470697371106e-11
# n=73, m=8, value=-2.35605077114703e-11
# n=73, m=9, value=-8.45057709789514e-12
# n=73, m=10, value=-2.87405066109e-12
# n=73, m=11, value=-9.23573663293867e-13
# n=73, m=12, value=-2.79602621437727e-13
# n=73, m=13, value=-7.9550027589498e-14
# n=73, m=14, value=-2.12246127791194e-14
# n=73, m=15, value=-5.30207388410586e-15
# n=73, m=16, value=-1.23924308315093e-15
# n=73, m=17, value=-2.69749500514394e-16
# n=73, m=18, value=-5.50232602536394e-17
# n=73, value=-2.29326793865761e-08
# n=74, m=0, value=-6.30104301671331e-09
# n=74, m=1, value=-8.17899762666703e-09
# n=74, m=2, value=-3.70170068703402e-09
# n=74, m=3, value=-1.64506233626888e-09
# n=74, m=4, value=-7.14621729851941e-10
# n=74, m=5, value=-3.01841536304126e-10
# n=74, m=6, value=-1.23256926366953e-10
# n=74, m=7, value=-4.8383065240905e-11
# n=74, m=8, value=-1.81590252817298e-11
# n=74, m=9, value=-6.4851535057892e-12
# n=74, m=10, value=-2.19469928341996e-12
# n=74, m=11, value=-7.01362308074699e-13
# n=74, m=12, value=-2.11041687597781e-13
# n=74, m=13, value=-5.96506351258076e-14
# n=74, m=14, value=-1.58056076907109e-14
# n=74, m=15, value=-3.91890296255748e-15
# n=74, m=16, value=-9.07314588044494e-16
# n=74, m=17, value=-1.96403223545749e-16
# n=74, m=18, value=-3.96817995129695e-17
# n=74, value=-1.78922172167025e-08
# n=75, m=0, value=-4.91654619149544e-09
# n=75, m=1, value=-6.38446878234075e-09
# n=75, m=2, value=-2.88823680300644e-09
# n=75, m=3, value=-1.28261906452066e-09
# n=75, m=4, value=-5.5653778330922e-10
# n=75, m=5, value=-2.34675492906108e-10
# n=75, m=6, value=-9.56088972641826e-11
# n=75, m=7, value=-3.74182829903346e-11
# n=75, m=8, value=-1.3992186261635e-11
# n=75, m=9, value=-4.97533568163999e-12
# n=75, m=10, value=-1.67536687648024e-12
# n=75, m=11, value=-5.32423931332022e-13
# n=75, m=12, value=-1.59232653104691e-13
# n=75, m=13, value=-4.47122807528678e-14
# n=75, m=14, value=-1.17651114545092e-14
# n=75, m=15, value=-2.89650031390365e-15
# n=75, m=16, value=-6.66621705752712e-16
# n=75, m=17, value=-1.43114686768087e-16
# n=75, m=18, value=-2.86229373536173e-17
# n=75, value=-1.39592329597415e-08
# n=76, m=0, value=-3.83619771639446e-09
# n=76, m=1, value=-4.98360179138158e-09
# n=76, m=2, value=-2.25346607036471e-09
# n=76, m=3, value=-9.9997457537537e-10
# n=76, m=4, value=-4.33385844574444e-10
# n=76, m=5, value=-1.82431988407247e-10
# n=76, m=6, value=-7.41499778245758e-11
# n=76, m=7, value=-2.89321709493897e-11
# n=76, m=8, value=-1.07787241588834e-11
# n=76, m=9, value=-3.81590381038173e-12
# n=76, m=10, value=-1.2785122895272e-12
# n=76, m=11, value=-4.04037209505302e-13
# n=76, m=12, value=-1.20099297260673e-13
# n=76, m=13, value=-3.35026602814315e-14
# n=76, m=14, value=-8.75439044173421e-15
# n=76, m=15, value=-2.13864299533628e-15
# n=76, m=16, value=-4.88541498921968e-16
# n=76, m=17, value=-1.04408669210354e-16
# n=76, m=18, value=-2.07624716030974e-17
# n=76, value=-1.08904835632465e-08
# n=77, m=0, value=-2.9931948387138e-09
# n=77, m=1, value=-3.890055671539e-09
# n=77, m=2, value=-1.75815084634428e-09
# n=77, m=3, value=-7.79572528552391e-10
# n=77, m=4, value=-3.37455977550641e-10
# n=77, m=5, value=-1.41801208091346e-10
# n=77, m=6, value=-5.74978046945619e-11
# n=77, m=7, value=-2.23659524603117e-11
# n=77, m=8, value=-8.30120206515263e-12
# n=77, m=9, value=-2.92583210263779e-12
# n=77, m=10, value=-9.75358465868401e-13
# n=77, m=11, value=-3.06507640449041e-13
# n=77, m=12, value=-9.05534328077275e-14
# n=77, m=13, value=-2.50960818966306e-14
# n=77, m=14, value=-6.51155561762207e-15
# n=77, m=15, value=-1.58033308661487e-15
# n=77, m=16, value=-3.57949347246089e-16
# n=77, m=17, value=-7.60025722912339e-17
# n=77, m=18, value=-1.46909394371786e-17
# n=77, value=-8.4961304989098e-09
# n=78, m=0, value=-2.33540451007336e-09
# n=78, m=1, value=-3.03642291266246e-09
# n=78, m=2, value=-1.37166572551728e-09
# n=78, m=3, value=-6.07716134200514e-10
# n=78, m=4, value=-2.62737796526365e-10
# n=78, m=5, value=-1.10206118645064e-10
# n=78, m=6, value=-4.45780179263402e-11
# n=78, m=7, value=-1.72864342198222e-11
# n=78, m=8, value=-6.39160734972466e-12
# n=78, m=9, value=-2.24275784575798e-12
# n=78, m=10, value=-7.43863412706892e-13
# n=78, m=11, value=-2.32446657408293e-13
# n=78, m=12, value=-6.82532914735025e-14
# n=78, m=13, value=-1.87904704816722e-14
# n=78, m=14, value=-4.84177585177714e-15
# n=78, m=15, value=-1.16551733542192e-15
# n=78, m=16, value=-2.61889034763874e-16
# n=78, m=17, value=-5.49690501450151e-17
# n=78, m=18, value=-1.06793913989822e-17
# n=78, value=-6.62801944859274e-09
0.154394849693428, 0.923515879754742, -1.74986062514884, 40, 78, 20.3736
# 100.00%, L/R=0.154395, T=0.923516
# finished at Thu Apr  2 00:44:55 CEST 2015
