# starting on alcc54.physik.uni-augsburg.de at Thu Apr  2 00:41:38 CEST 2015
# casimir -x 0.378887737811011 -T 1.103110190248809 -L 30 -c 1 -p 3e-09 -v

# Compiled on Apr  2 2015 at 00:35:54 with icc, using long double, no lapack support
#
# R/(R+L) = 0.725222
# L/R     = 0.378888
# R/L     = 2.6393
# T       = 1.10311
# omegap_sphere = inf
# omegap_plane  = inf
# gamma_sphere  = 0
# gamma_plane   = 0
# integration   = analytic (perfect mirrors)
# lmax      = 30
# verbose   = 1
# cores     = 1
# precision = 3e-09
#
# LbyR, T, F, lmax, nmax, time
# n=0, m=0, value=-0.275457407992785
# n=0, m=1, value=-0.161557343199816
# n=0, m=2, value=-0.0315506859043508
# n=0, m=3, value=-0.0060110180095311
# n=0, m=4, value=-0.00113135651250824
# n=0, m=5, value=-0.000211505491586523
# n=0, m=6, value=-3.93847640387921e-05
# n=0, m=7, value=-7.31590475488897e-06
# n=0, m=8, value=-1.35675549517116e-06
# n=0, m=9, value=-2.51322719254805e-07
# n=0, m=10, value=-4.651106728205e-08
# n=0, m=11, value=-8.59943449721165e-09
# n=0, m=12, value=-1.58788215676583e-09
# n=0, m=13, value=-2.92547601596874e-10
# n=0, value=-0.338238978852125
# n=1, m=0, value=-0.158675522341074
# n=1, m=1, value=-0.15252720494547
# n=1, m=2, value=-0.0288216603408792
# n=1, m=3, value=-0.00551680474092122
# n=1, m=4, value=-0.00104919275296992
# n=1, m=5, value=-0.000198076898152769
# n=1, m=6, value=-3.71864438602411e-05
# n=1, m=7, value=-6.9534750975023e-06
# n=1, m=8, value=-1.29650834949684e-06
# n=1, m=9, value=-2.4122758697414e-07
# n=1, m=10, value=-4.48072154661963e-08
# n=1, m=11, value=-8.31002269793178e-09
# n=1, m=12, value=-1.53845740492756e-09
# n=1, m=13, value=-2.84071422419818e-10
# n=1, value=-0.267496433443591
# n=2, m=0, value=-0.0799499955387482
# n=2, m=1, value=-0.0966992339875071
# n=2, m=2, value=-0.0206757318597323
# n=2, m=3, value=-0.00422831977478548
# n=2, m=4, value=-0.000839560359836089
# n=2, m=5, value=-0.00016353338250319
# n=2, m=6, value=-3.14460283562972e-05
# n=2, m=7, value=-5.99268878729083e-06
# n=2, m=8, value=-1.13464596957387e-06
# n=2, m=9, value=-2.13794688249459e-07
# n=2, m=10, value=-4.01323658875592e-08
# n=2, m=11, value=-7.50949540613812e-09
# n=2, m=12, value=-1.40080300792238e-09
# n=2, m=13, value=-2.60325758564175e-10
# n=2, value=-0.16262021359453
# n=3, m=0, value=-0.0415422457270035
# n=3, m=1, value=-0.0554966700240959
# n=3, m=2, value=-0.0130002404567904
# n=3, m=3, value=-0.00285216920567152
# n=3, m=4, value=-0.000597892882517396
# n=3, m=5, value=-0.00012151143337785
# n=3, m=6, value=-2.41699354520991e-05
# n=3, m=7, value=-4.73438286348519e-06
# n=3, m=8, value=-9.16946182844417e-07
# n=3, m=9, value=-1.76079828140064e-07
# n=3, m=10, value=-3.35866726078151e-08
# n=3, m=11, value=-6.37119788728099e-09
# n=3, m=12, value=-1.20249129493907e-09
# n=3, m=13, value=-2.25732943839952e-10
# n=3, value=-0.092869645596376
# n=4, m=0, value=-0.0219681164862181
# n=4, m=1, value=-0.0310182611134392
# n=4, m=2, value=-0.00770926709426815
# n=4, m=3, value=-0.0017878669007114
# n=4, m=4, value=-0.000393767617921345
# n=4, m=5, value=-8.35144425013491e-05
# n=4, m=6, value=-1.72277187869568e-05
# n=4, m=7, value=-3.48080634754982e-06
# n=4, m=8, value=-6.92253843467367e-07
# n=4, m=9, value=-1.35992060455443e-07
# n=4, m=10, value=-2.64549280222006e-08
# n=4, m=11, value=-5.10465438615726e-09
# n=4, m=12, value=-9.77833474586092e-10
# n=4, m=13, value=-1.85934169754228e-10
# n=4, m=14, value=-3.50473402469922e-11
# n=4, value=-0.0519983049413863
# n=5, m=0, value=-0.0117302159259832
# n=5, m=1, value=-0.0171684017113109
# n=5, m=2, value=-0.00444063562132934
# n=5, m=3, value=-0.00107408592493957
# n=5, m=4, value=-0.000246499919960865
# n=5, m=5, value=-5.43221689618435e-05
# n=5, m=6, value=-1.160139034074e-05
# n=5, m=7, value=-2.41775519049423e-06
# n=5, m=8, value=-4.94227539883469e-07
# n=5, m=9, value=-9.94789551221007e-08
# n=5, m=10, value=-1.97725407177272e-08
# n=5, m=11, value=-3.88849255249484e-09
# n=5, m=12, value=-7.57475986027756e-10
# n=5, m=13, value=-1.46168823139437e-10
# n=5, m=14, value=-2.79048032511025e-11
# n=5, value=-0.0288636907541032
# n=6, m=0, value=-0.00629991373891426
# n=6, m=1, value=-0.00945889577929266
# n=6, m=2, value=-0.00251661968847886
# n=6, m=3, value=-0.000628666734878006
# n=6, m=4, value=-0.000149210140642212
# n=6, m=5, value=-3.39866505490805e-05
# n=6, m=6, value=-7.48949417019824e-06
# n=6, m=7, value=-1.60691564791983e-06
# n=6, m=8, value=-3.37360595237063e-07
# n=6, m=9, value=-6.95729714837663e-08
# n=6, m=10, value=-1.41356536607957e-08
# n=6, m=11, value=-2.8355526026893e-09
# n=6, m=12, value=-5.62255051335031e-10
# n=6, m=13, value=-1.10218418376742e-10
# n=6, m=14, value=-2.13320223031124e-11
# n=6, value=-0.0159468568716945
# n=7, m=0, value=-0.00339601679706323
# n=7, m=1, value=-0.0051977499355678
# n=7, m=2, value=-0.00141209642963728
# n=7, m=3, value=-0.000361778946464415
# n=7, m=4, value=-8.82638985768804e-05
# n=7, m=5, value=-2.06787605161747e-05
# n=7, m=6, value=-4.68478404183556e-06
# n=7, m=7, value=-1.0321659453189e-06
# n=7, m=8, value=-2.22181861073678e-07
# n=7, m=9, value=-4.69002079786562e-08
# n=7, m=10, value=-9.73651314955665e-09
# n=7, m=11, value=-1.9920622619251e-09
# n=7, m=12, value=-4.02151394220145e-10
# n=7, m=13, value=-8.01099870035405e-11
# n=7, m=14, value=-1.57244042006035e-11
# n=7, value=-0.00878457462791156
# n=8, m=0, value=-0.00183521983583833
# n=8, m=1, value=-0.00285140753718554
# n=8, m=2, value=-0.000787174980144182
# n=8, m=3, value=-0.000205798363880683
# n=8, m=4, value=-5.13667755116024e-05
# n=8, m=5, value=-1.23268300225037e-05
# n=8, m=6, value=-2.86120522041998e-06
# n=8, m=7, value=-6.45592489554776e-07
# n=8, m=8, value=-1.42199126105252e-07
# n=8, m=9, value=-3.06799558727276e-08
# n=8, m=10, value=-6.50147973102224e-09
# n=8, m=11, value=-1.3558815602797e-09
# n=8, m=12, value=-2.78575783102798e-10
# n=8, m=13, value=-5.63804938066821e-11
# n=8, m=14, value=-1.12219194440431e-11
# n=8, value=-0.00482937228499512
# n=9, m=0, value=-0.0009935042745958
# n=9, m=1, value=-0.0015624026962869
# n=9, m=2, value=-0.000436831170134426
# n=9, m=3, value=-0.000116109583251065
# n=9, m=4, value=-2.95393921494374e-05
# n=9, m=5, value=-7.23612707204637e-06
# n=9, m=6, value=-1.71563399480802e-06
# n=9, m=7, value=-3.95438036991315e-07
# n=9, m=8, value=-8.89400434943858e-08
# n=9, m=9, value=-1.95811255216158e-08
# n=9, m=10, value=-4.23037385012137e-09
# n=9, m=11, value=-8.98433106790948e-10
# n=9, m=12, value=-1.87727455109497e-10
# n=9, m=13, value=-3.85789390884882e-11
# n=9, m=14, value=-7.78247963035537e-12
# n=9, value=-0.00265109606228842
# n=10, m=0, value=-0.000538530048952033
# n=10, m=1, value=-0.000855366477973153
# n=10, m=2, value=-0.000241624279416715
# n=10, m=3, value=-6.5112998745206e-05
# n=10, m=4, value=-1.68356706109566e-05
# n=10, m=5, value=-4.19802988395849e-06
# n=10, m=6, value=-1.01404623344103e-06
# n=10, m=7, value=-2.3820919248224e-07
# n=10, m=8, value=-5.46011138276119e-08
# n=10, m=9, value=-1.22463258938897e-08
# n=10, m=10, value=-2.69362027690959e-09
# n=10, m=11, value=-5.81902476298284e-10
# n=10, m=12, value=-1.23537808889197e-10
# n=10, m=13, value=-2.57570807130901e-11
# n=10, m=14, value=-5.2620521872124e-12
# n=10, m=15, value=-1.04897058920974e-12
# n=10, value=-0.00145372501510032
# n=11, m=0, value=-0.000292194386146912
# n=11, m=1, value=-0.000467980504254011
# n=11, m=2, value=-0.000133325866879072
# n=11, m=3, value=-3.63481252564876e-05
# n=11, m=4, value=-9.52946566211654e-06
# n=11, m=5, value=-2.41316452063717e-06
# n=11, m=6, value=-5.92561843316096e-07
# n=11, m=7, value=-1.41579583992414e-07
# n=11, m=8, value=-3.30126588530706e-08
# n=11, m=9, value=-7.53109506354041e-09
# n=11, m=10, value=-1.68413656030455e-09
# n=11, m=11, value=-3.69634662941436e-10
# n=11, m=12, value=-7.96454206840934e-11
# n=11, m=13, value=-1.68305085580164e-11
# n=11, m=14, value=-3.47878204107918e-12
# n=11, m=15, value=-7.00120733956877e-13
# n=11, value=-0.000796471159253061
# n=12, m=0, value=-0.000158657540577591
# n=12, m=1, value=-0.000255907828458218
# n=12, m=2, value=-7.34317533014484e-05
# n=12, m=3, value=-2.02190315370443e-05
# n=12, m=4, value=-5.36488952119524e-06
# n=12, m=5, value=-1.37705020906742e-06
# n=12, m=6, value=-3.43096383074525e-07
# n=12, m=7, value=-8.32298211799109e-08
# n=12, m=8, value=-1.97099314378333e-08
# n=12, m=9, value=-4.56657174136841e-09
# n=12, m=10, value=-1.03684466375151e-09
# n=12, m=11, value=-2.30917669860837e-10
# n=12, m=12, value=-5.04412556645743e-11
# n=12, m=13, value=-1.07915385612011e-11
# n=12, m=14, value=-2.25430297259171e-12
# n=12, m=15, value=-4.57533533629322e-13
# n=12, value=-0.000436081257730167
# n=13, m=0, value=-8.62002795480265e-05
# n=13, m=1, value=-0.00013988346363366
# n=13, m=2, value=-4.0385501164434e-05
# n=13, m=3, value=-1.12157049149993e-05
# n=13, m=4, value=-3.00732566476759e-06
# n=13, m=5, value=-7.81171984581169e-07
# n=13, m=6, value=-1.97169100197685e-07
# n=13, m=7, value=-4.84870702592664e-08
# n=13, m=8, value=-1.16445422915127e-08
# n=13, m=9, value=-2.7362768514714e-09
# n=13, m=10, value=-6.29986349770715e-10
# n=13, m=11, value=-1.42198893719463e-10
# n=13, m=12, value=-3.14526290212521e-11
# n=13, m=13, value=-6.80475370062283e-12
# n=13, m=14, value=-1.43494179212504e-12
# n=13, m=15, value=-2.93359954384178e-13
# n=13, value=-0.000238634156296983
# n=14, m=0, value=-4.68560688027975e-05
# n=14, m=1, value=-7.64383122719977e-05
# n=14, m=2, value=-2.21854257958151e-05
# n=14, m=3, value=-6.2075445812644e-06
# n=14, m=4, value=-1.6798959289803e-06
# n=14, m=5, value=-4.41005243746542e-07
# n=14, m=6, value=-1.12607826250313e-07
# n=14, m=7, value=-2.8034577024129e-08
# n=14, m=8, value=-6.81888505047486e-09
# n=14, m=9, value=-1.62307529986694e-09
# n=14, m=10, value=-3.7847144515892e-10
# n=14, m=11, value=-8.64785561955252e-11
# n=14, m=12, value=-1.93460710775922e-11
# n=14, m=13, value=-4.22758616308619e-12
# n=14, m=14, value=-8.9884181911708e-13
# n=14, m=15, value=-1.84873655013213e-13
# n=14, value=-0.000130529792194202
# n=15, m=0, value=-2.54797192929239e-05
# n=15, m=1, value=-4.17584371750695e-05
# n=15, m=2, value=-1.21760572823497e-05
# n=15, m=3, value=-3.42941850097259e-06
# n=15, m=4, value=-9.35701690738778e-07
# n=15, m=5, value=-2.47971332304294e-07
# n=15, m=6, value=-6.39806940557114e-08
# n=15, m=7, value=-1.61064580536565e-08
# n=15, m=8, value=-3.96310599479754e-09
# n=15, m=9, value=-9.5444500503665e-10
# n=15, m=10, value=-2.25152596437766e-10
# n=15, m=11, value=-5.20199427154527e-11
# n=15, m=12, value=-1.17564504138773e-11
# n=15, m=13, value=-2.59181575940778e-12
# n=15, m=14, value=-5.54927740044349e-13
# n=15, m=15, value=-1.14689507890731e-13
# n=15, value=-7.13727425214286e-05
# n=16, m=0, value=-1.38600915833032e-05
# n=16, m=1, value=-2.28079497972019e-05
# n=16, m=2, value=-6.67751931717673e-06
# n=16, m=3, value=-1.8917639192485e-06
# n=16, m=4, value=-5.19943041366559e-07
# n=16, m=5, value=-1.38964054688525e-07
# n=16, m=6, value=-3.61935764360862e-08
# n=16, m=7, value=-9.20359914335896e-09
# n=16, m=8, value=-2.28852689207821e-09
# n=16, m=9, value=-5.57064797291784e-10
# n=16, m=10, value=-1.32801356392092e-10
# n=16, m=11, value=-3.09913323303012e-11
# n=16, m=12, value=-7.06769582095689e-12
# n=16, m=13, value=-1.57008423189863e-12
# n=16, m=14, value=-3.38118205309159e-13
# n=16, m=15, value=-7.01316717373336e-14
# n=16, value=-3.90146015273213e-05
# n=17, m=0, value=-7.54149658272961e-06
# n=17, m=1, value=-1.24552669213867e-05
# n=17, m=2, value=-3.65973460320317e-06
# n=17, m=3, value=-1.04223872215774e-06
# n=17, m=4, value=-2.88338690303292e-07
# n=17, m=5, value=-7.76553290484074e-08
# n=17, m=6, value=-2.03984820565557e-08
# n=17, m=7, value=-5.2348111378612e-09
# n=17, m=8, value=-1.3141775739811e-09
# n=17, m=9, value=-3.23013030929943e-10
# n=17, m=10, value=-7.77418641616023e-11
# n=17, m=11, value=-1.83056174385475e-11
# n=17, m=12, value=-4.20799533456078e-12
# n=17, m=13, value=-9.40881866775424e-13
# n=17, m=14, value=-2.03551043208295e-13
# n=17, m=15, value=-4.232150654232e-14
# n=17, value=-2.13213544834948e-05
# n=18, m=0, value=-4.10441134094691e-06
# n=18, m=1, value=-6.80075511293499e-06
# n=18, m=2, value=-2.00472261541636e-06
# n=18, m=3, value=-5.73596812570456e-07
# n=18, m=4, value=-1.59628638432215e-07
# n=18, m=5, value=-4.32900606304118e-08
# n=18, m=6, value=-1.14597686009489e-08
# n=18, m=7, value=-2.965528173626e-09
# n=18, m=8, value=-7.51001470115746e-10
# n=18, m=9, value=-1.86224684436769e-10
# n=18, m=10, value=-4.5206703181253e-11
# n=18, m=11, value=-1.07297484699281e-11
# n=18, m=12, value=-2.48353112164089e-12
# n=18, m=13, value=-5.58282478406453e-13
# n=18, m=14, value=-1.21194558295318e-13
# n=18, m=15, value=-2.52310108569964e-14
# n=18, value=-1.16496205580778e-05
# n=19, m=0, value=-2.23424873232425e-06
# n=19, m=1, value=-3.71285937283441e-06
# n=19, m=2, value=-1.09765150718526e-06
# n=19, m=3, value=-3.15394384416023e-07
# n=19, m=4, value=-8.82441323960712e-08
# n=19, m=5, value=-2.40823927800816e-08
# n=19, m=6, value=-6.42024301145238e-09
# n=19, m=7, value=-1.67410997299149e-09
# n=19, m=8, value=-4.27338977901265e-10
# n=19, m=9, value=-1.06817265970112e-10
# n=19, m=10, value=-2.61307901315349e-11
# n=19, m=11, value=-6.24568094725267e-12
# n=19, m=12, value=-1.45412073224512e-12
# n=19, m=13, value=-3.28274516944729e-13
# n=19, m=14, value=-7.14299496287764e-14
# n=19, m=15, value=-1.48710254180284e-14
# n=19, value=-6.36401891016958e-06
# n=20, m=0, value=-1.21643111983083e-06
# n=20, m=1, value=-2.02681971732048e-06
# n=20, m=2, value=-6.00770385956142e-07
# n=20, m=3, value=-1.73286336926971e-07
# n=20, m=4, value=-4.87208309225694e-08
# n=20, m=5, value=-1.33728954133982e-08
# n=20, m=6, value=-3.58820869868429e-09
# n=20, m=7, value=-9.42173973513703e-10
# n=20, m=8, value=-2.42248744936484e-10
# n=20, m=9, value=-6.09914251266048e-11
# n=20, m=10, value=-1.50231092756929e-11
# n=20, m=11, value=-3.61265932533769e-12
# n=20, m=12, value=-8.45190399872284e-13
# n=20, m=13, value=-1.91418170376879e-13
# n=20, m=14, value=-4.17013971097669e-14
# n=20, m=15, value=-8.67497263259964e-15
# n=20, value=-3.47603907205078e-06
# n=21, m=0, value=-6.62382746910769e-07
# n=21, m=1, value=-1.10632688089794e-06
# n=21, m=2, value=-3.287073933083e-07
# n=21, m=3, value=-9.51443860809495e-08
# n=21, m=4, value=-2.68700581432758e-08
# n=21, m=5, value=-7.41420467848122e-09
# n=21, m=6, value=-2.00115742452587e-09
# n=21, m=7, value=-5.28806132676872e-10
# n=21, m=8, value=-1.36862547879367e-10
# n=21, m=9, value=-3.46829783859931e-11
# n=21, m=10, value=-8.59486375300172e-12
# n=21, m=11, value=-2.0775990519987e-12
# n=21, m=12, value=-4.87953427663617e-13
# n=21, m=13, value=-1.10755426097759e-13
# n=21, m=14, value=-2.41322803753996e-14
# n=21, m=15, value=-5.00933929753478e-15
# n=21, value=-1.89836710596108e-06
# n=22, m=0, value=-3.60734553458402e-07
# n=22, m=1, value=-6.03835734325389e-07
# n=22, m=2, value=-1.79798591006128e-07
# n=22, m=3, value=-5.22093052694961e-08
# n=22, m=4, value=-1.48049393694502e-08
# n=22, m=5, value=-4.10486854457708e-09
# n=22, m=6, value=-1.1139552528255e-09
# n=22, m=7, value=-2.96079201034421e-10
# n=22, m=8, value=-7.70884897258767e-11
# n=22, m=9, value=-1.96494022767261e-11
# n=22, m=10, value=-4.89520327485355e-12
# n=22, m=11, value=-1.18844235667828e-12
# n=22, m=12, value=-2.79953035579873e-13
# n=22, m=13, value=-6.36222303139478e-14
# n=22, m=14, value=-1.38527969477387e-14
# n=22, m=15, value=-2.86776895633278e-15
# n=22, value=-1.03663393153157e-06
# n=23, m=0, value=-1.96479284550238e-07
# n=23, m=1, value=-3.29553172775998e-07
# n=23, m=2, value=-9.83228892745689e-08
# n=23, m=3, value=-2.86345048750236e-08
# n=23, m=4, value=-8.15038323966846e-09
# n=23, m=5, value=-2.26985593172992e-09
# n=23, m=6, value=-6.19049866225863e-10
# n=23, m=7, value=-1.65414087050633e-10
# n=23, m=8, value=-4.33012334756161e-11
# n=23, m=9, value=-1.10944745686433e-11
# n=23, m=10, value=-2.77656240013649e-12
# n=23, m=11, value=-6.76464147284653e-13
# n=23, m=12, value=-1.59677826516714e-13
# n=23, m=13, value=-3.63001729369872e-14
# n=23, m=14, value=-7.89093183156675e-15
# n=23, m=15, value=-1.62711641035762e-15
# n=23, value=-5.66012966556024e-07
# n=24, m=0, value=-1.07026217390941e-07
# n=24, m=1, value=-1.79848623223434e-07
# n=24, m=2, value=-5.37560806289041e-08
# n=24, m=3, value=-1.56976456279992e-08
# n=24, m=4, value=-4.48357215244051e-09
# n=24, m=5, value=-1.25377483718151e-09
# n=24, m=6, value=-3.43502080894104e-10
# n=24, m=7, value=-9.22317464374473e-11
# n=24, m=8, value=-2.42617032150431e-11
# n=24, m=9, value=-6.24461772439218e-12
# n=24, m=10, value=-1.56884265778081e-12
# n=24, m=11, value=-3.83269587941884e-13
# n=24, m=12, value=-9.05833025775795e-14
# n=24, m=13, value=-2.05804340583371e-14
# n=24, m=14, value=-4.46235930151584e-15
# n=24, m=15, value=-9.16367676184748e-16
# n=24, value=-3.09021113968411e-07
# n=25, m=0, value=-5.83046115909866e-08
# n=25, m=1, value=-9.81446578031663e-08
# n=25, m=2, value=-2.9384355002749e-08
# n=25, m=3, value=-8.60209833871195e-09
# n=25, m=4, value=-2.46479019259038e-09
# n=25, m=5, value=-6.9184994783725e-10
# n=25, m=6, value=-1.90345166441401e-10
# n=25, m=7, value=-5.13343289860284e-11
# n=25, m=8, value=-1.35625384620924e-11
# n=25, m=9, value=-3.50466254324758e-12
# n=25, m=10, value=-8.83279560603981e-13
# n=25, m=11, value=-2.16213331960536e-13
# n=25, m=12, value=-5.11227345179056e-14
# n=25, m=13, value=-1.15992827322275e-14
# n=25, m=14, value=-2.50629595202612e-15
# n=25, m=15, value=-5.11906055739031e-16
# n=25, m=16, value=-9.76324056323197e-17
# n=25, value=-1.68699969107725e-07
# n=26, m=0, value=-3.17651263403971e-08
# n=26, m=1, value=-5.35558168739061e-08
# n=26, m=2, value=-1.60594108215364e-08
# n=26, m=3, value=-4.71213725746772e-09
# n=26, m=4, value=-1.35417577610494e-09
# n=26, m=5, value=-3.81431766979237e-10
# n=26, m=6, value=-1.05345601328814e-10
# n=26, m=7, value=-2.85245873687916e-11
# n=26, m=8, value=-7.56543888950666e-12
# n=26, m=9, value=-1.96161386830172e-12
# n=26, m=10, value=-4.95632831651332e-13
# n=26, m=11, value=-1.21477589272445e-13
# n=26, m=12, value=-2.87111914104577e-14
# n=26, m=13, value=-6.49903308252986e-15
# n=26, m=14, value=-1.39927132380979e-15
# n=26, m=15, value=-2.84548860168821e-16
# n=26, m=16, value=-5.41558985156509e-17
# n=26, value=-9.20895869662699e-08
# n=27, m=0, value=-1.7307303774094e-08
# n=27, m=1, value=-2.92232946836732e-08
# n=27, m=2, value=-8.77557968734152e-09
# n=27, m=3, value=-2.58042326494414e-09
# n=27, m=4, value=-7.43591905887326e-10
# n=27, m=5, value=-2.10121118964228e-10
# n=27, m=6, value=-5.82369166454791e-11
# n=27, m=7, value=-1.58259488413542e-11
# n=27, m=8, value=-4.21177041810512e-12
# n=27, m=9, value=-1.09516698010641e-12
# n=27, m=10, value=-2.77236241776059e-13
# n=27, m=11, value=-6.79873908907004e-14
# n=27, m=12, value=-1.60535647275584e-14
# n=27, m=13, value=-3.62302418968619e-15
# n=27, m=14, value=-7.75746654413378e-16
# n=27, m=15, value=-1.56938264467277e-16
# n=27, m=16, value=-2.94902990916057e-17
# n=27, value=-5.02663982131392e-08
# n=28, m=0, value=-9.43052922405227e-09
# n=28, m=1, value=-1.59454227940571e-08
# n=28, m=2, value=-4.7947007221687e-09
# n=28, m=3, value=-1.41265787477418e-09
# n=28, m=4, value=-4.08112952289748e-10
# n=28, m=5, value=-1.1566463910806e-10
# n=28, m=6, value=-3.2160765099238e-11
# n=28, m=7, value=-8.76810521974672e-12
# n=28, m=8, value=-2.34038304144586e-12
# n=28, m=9, value=-6.09971708559482e-13
# n=28, m=10, value=-1.54611024504037e-13
# n=28, m=11, value=-3.79097252721506e-14
# n=28, m=12, value=-8.93621114606003e-15
# n=28, m=13, value=-2.01043608843987e-15
# n=28, m=14, value=-4.28314068240399e-16
# n=28, m=15, value=-8.5868812060852e-17
# n=28, m=16, value=-1.63172426959068e-17
# n=28, value=-2.74359068173901e-08
# n=29, m=0, value=-5.13886961474006e-09
# n=29, m=1, value=-8.70019020608399e-09
# n=29, m=2, value=-2.61934338467765e-09
# n=29, m=3, value=-7.73156996498051e-10
# n=29, m=4, value=-2.23887948329181e-10
# n=29, m=5, value=-6.36261094267611e-11
# n=29, m=6, value=-1.77432633473014e-11
# n=29, m=7, value=-4.85140112761433e-12
# n=29, m=8, value=-1.29822053714787e-12
# n=29, m=9, value=-3.38965184046305e-13
# n=29, m=10, value=-8.59788043712507e-14
# n=29, m=11, value=-2.10676203045435e-14
# n=29, m=12, value=-4.95431603728114e-15
# n=29, m=13, value=-1.10968092353891e-15
# n=29, m=14, value=-2.36193443275967e-16
# n=29, m=15, value=-4.73254248289923e-17
# n=29, m=16, value=-8.34835672813838e-18
# n=29, value=-1.49739847048706e-08
# n=30, m=0, value=-2.80040865972305e-09
# n=30, m=1, value=-4.74688369953409e-09
# n=30, m=2, value=-1.43078230300247e-09
# n=30, m=3, value=-4.23051302922366e-10
# n=30, m=4, value=-1.22772637325878e-10
# n=30, m=5, value=-3.49780962657783e-11
# n=30, m=6, value=-9.78020632145898e-12
# n=30, m=7, value=-2.68094904999987e-12
# n=30, m=8, value=-7.18933213742649e-13
# n=30, m=9, value=-1.87962601212733e-13
# n=30, m=10, value=-4.76839704874333e-14
# n=30, m=11, value=-1.1669484822896e-14
# n=30, m=12, value=-2.73598418226717e-15
# n=30, m=13, value=-6.09430041154102e-16
# n=30, m=14, value=-1.29236898960272e-16
# n=30, m=15, value=-2.52619106189123e-17
# n=30, m=16, value=-4.44522890719057e-18
# n=30, value=-8.17210327791209e-09
# n=31, m=0, value=-1.52614282435436e-09
# n=31, m=1, value=-2.58986227490532e-09
# n=31, m=2, value=-7.81464297525795e-10
# n=31, m=3, value=-2.31431069947005e-10
# n=31, m=4, value=-6.72987026892592e-11
# n=31, m=5, value=-1.92177258264974e-11
# n=31, m=6, value=-5.38634550373681e-12
# n=31, m=7, value=-1.47978753816534e-12
# n=31, m=8, value=-3.97506355089008e-13
# n=31, m=9, value=-1.04013098047723e-13
# n=31, m=10, value=-2.63768499229877e-14
# n=31, m=11, value=-6.44249193923474e-15
# n=31, m=12, value=-1.50519787606163e-15
# n=31, m=13, value=-3.34964261189397e-16
# n=31, m=14, value=-6.9931040125315e-17
# n=31, m=15, value=-1.36067372646931e-17
# n=31, m=16, value=-2.33103467084383e-18
# n=31, value=-4.45974788093891e-09
# n=32, m=0, value=-8.3173850945864e-10
# n=32, m=1, value=-1.41297318358915e-09
# n=32, m=2, value=-4.26778832871588e-10
# n=32, m=3, value=-1.26578815138054e-10
# n=32, m=4, value=-3.68771944405052e-11
# n=32, m=5, value=-1.05528383882917e-11
# n=32, m=6, value=-2.96409999409762e-12
# n=32, m=7, value=-8.1587763888642e-13
# n=32, m=8, value=-2.19454174884421e-13
# n=32, m=9, value=-5.7444500545234e-14
# n=32, m=10, value=-1.45551431150748e-14
# n=32, m=11, value=-3.54685898706908e-15
# n=32, m=12, value=-8.2572837456496e-16
# n=32, m=13, value=-1.81603863891322e-16
# n=32, m=14, value=-3.72965547335014e-17
# n=32, m=15, value=-7.26415455565288e-18
# n=32, value=-2.43370614936037e-09
# n=33, m=0, value=-4.5330907772422e-10
# n=33, m=1, value=-7.70869995289137e-10
# n=33, m=2, value=-2.3305473967866e-10
# n=33, m=3, value=-6.92177712716935e-11
# n=33, m=4, value=-2.02006515356393e-11
# n=33, m=5, value=-5.79178052089305e-12
# n=33, m=6, value=-1.62990541202617e-12
# n=33, m=7, value=-4.49353661918787e-13
# n=33, m=8, value=-1.20983084661575e-13
# n=33, m=9, value=-3.1667756524717e-14
# n=33, m=10, value=-8.01182037379889e-15
# n=33, m=11, value=-1.94701026134947e-15
# n=33, m=12, value=-4.50973893645346e-16
# n=33, m=13, value=-9.89334482393023e-17
# n=33, m=14, value=-2.03287907341032e-17
# n=33, m=15, value=-3.74049749507499e-18
# n=33, value=-1.32803191988053e-09
0.378887737811011, 1.10311019024881, -0.283851568224116, 30, 33, 3.29352
# 100.00%, L/R=0.378888, T=1.10311
# finished at Thu Apr  2 00:41:41 CEST 2015
