# starting on alcc115 at Fr 23. Feb 12:51:28 CET 2018
# compiler: icc
# compile time: Feb  1 2018 09:49:34
# compiled on: Linux alcc83 3.16.0-4-amd64 #1 SMP Debian 3.16.51-3 (2017-12-13) x86_64 GNU/Linux
# LAPACK support: false
# git HEAD: b96c9c30c7b1cdd2d059ceccd0396c6d55d3da95
# git branch: dev
#
# LbyR = 0.01265
# L = 3.65585e-06
# R = 0.000289
# T = 300
# cutoff = 5e-08
# epsrel = 1e-07
# iepsrel = 2e-07
# ldim = 633
# cores = 4
# alpha = 0.0249839529946181
# filename = /alcc/gpfs1/home/u/hartmmic/libcasimir-dev/data/materials/GoldDalvit.dat
# model = optical data (xi=0: Drude)
# plasma = -21.5900239117966 (logdetD(xi=0) for plasma model with omegap=1.36734e+16eV)
#
# xi=0, logdetD=-11.435217672636, t=2.34632
# xi=240.904330988637, logdetD=-0.0443302882387607, t=27.8207
# xi=481.808661977273, logdetD=-0.000100567945203453, t=22.7783
# xi=722.71299296591, logdetD=-2.28007881745676e-07, t=13.0668
#
# 210 determinants computed
#
# L/R, L, R, T, ldim, F*(L+R)/(ħc)
0.01265, 3.65585e-06, 0.000289, 300, 633, -441.8460714803721
# finished at Fr 23. Feb 12:52:34 CET 2018
