# starting on alcc117 at Fr 23. Feb 12:53:09 CET 2018
# compiler: icc
# compile time: Feb  1 2018 09:49:34
# compiled on: Linux alcc83 3.16.0-4-amd64 #1 SMP Debian 3.16.51-3 (2017-12-13) x86_64 GNU/Linux
# LAPACK support: false
# git HEAD: b96c9c30c7b1cdd2d059ceccd0396c6d55d3da95
# git branch: dev
#
# LbyR = 0.018775
# L = 5.425975e-06
# R = 0.000289
# T = 300
# cutoff = 5e-08
# epsrel = 1e-07
# iepsrel = 2e-07
# ldim = 427
# cores = 4
# alpha = 0.0368579912149395
# filename = /alcc/gpfs1/home/u/hartmmic/libcasimir-dev/data/materials/GoldDalvit.dat
# model = optical data (xi=0: Drude)
# plasma = -14.1648921885779 (logdetD(xi=0) for plasma model with omegap=1.36734e+16eV)
#
# xi=0, logdetD=-7.58368331444328, t=1.25225
# xi=242.361437617092, logdetD=-0.00162072541012371, t=12.2972
# xi=484.722875234184, logdetD=-1.99143668958621e-07, t=6.33704
#
# 117 determinants computed
#
# L/R, L, R, T, ldim, F*(L+R)/(ħc)
0.018775, 5.425975e-06, 0.000289, 300, 427, -292.6506222298378
# finished at Fr 23. Feb 12:53:29 CET 2018
