# starting on alcc119 at Fr 23. Feb 12:51:35 CET 2018
# compiler: icc
# compile time: Feb  1 2018 09:49:34
# compiled on: Linux alcc83 3.16.0-4-amd64 #1 SMP Debian 3.16.51-3 (2017-12-13) x86_64 GNU/Linux
# LAPACK support: false
# git HEAD: b96c9c30c7b1cdd2d059ceccd0396c6d55d3da95
# git branch: dev
#
# LbyR = 0.013
# L = 3.757e-06
# R = 0.000289
# T = 300
# cutoff = 5e-08
# epsrel = 1e-07
# iepsrel = 2e-07
# ldim = 616
# cores = 4
# alpha = 0.0256663376110563
# filename = /alcc/gpfs1/home/u/hartmmic/libcasimir-dev/data/materials/GoldDalvit.dat
# model = optical data (xi=0: Drude)
# plasma = -20.9755753377778 (logdetD(xi=0) for plasma model with omegap=1.36734e+16eV)
#
# xi=0, logdetD=-11.1169914073263, t=2.15315
# xi=240.987594224548, logdetD=-0.0365200635248157, t=27.2144
# xi=481.975188449097, logdetD=-7.01391144523889e-05, t=22.1845
# xi=722.962782673645, logdetD=-1.34593452860085e-07, t=11.7693
#
# 207 determinants computed
#
# L/R, L, R, T, ldim, F*(L+R)/(ħc)
0.013, 3.757e-06, 0.000289, 300, 616, -429.1919650799223
# finished at Fr 23. Feb 12:52:41 CET 2018
