# starting on alcc82 at Fr 31. Jul 22:32:37 CEST 2015
# casimir_T0 -x 0.00768217580870107 -L 911 -N 80

# LbyR  = 0.00768217580870107
# alpha = 0.0152472197943481
# order = 80
# prec  = 1e-12
# lmax  = 911
# cores = 30
#
# k=28, x=26.0414665601656, logdetD(xi = x/alpha)=-1.54670842654467e-10
# k=27, x=24.2138440689586, logdetD(xi = x/alpha)=-9.68018736101822e-10
# k=26, x=22.4579012045405, logdetD(xi = x/alpha)=-5.63387775818441e-09
# k=25, x=20.7727999097921, logdetD(xi = x/alpha)=-3.05189488788316e-08
# k=29, x=27.9416568418595, logdetD(xi = x/alpha)=-2.29602356570527e-11
# k=32, x=34.0873278647262, logdetD(xi = x/alpha)=-4.78228917098596e-14
# k=30, x=29.915355964901, logdetD(xi = x/alpha)=-3.16348780663492e-12
# k=31, x=31.9635609022089, logdetD(xi = x/alpha)=-4.04146586584035e-13
# k=35, x=40.9235302180313, logdetD(xi = x/alpha)=-4.94694908527155e-17
# k=34, x=38.5660910092922, logdetD(xi = x/alpha)=-5.29729587112754e-16
# k=33, x=36.2877759287815, logdetD(xi = x/alpha)=-5.2357160998962e-15
# k=36, x=43.3614266517312, logdetD(xi = x/alpha)=-4.25855885562126e-18
# k=39, x=51.172444544607, logdetD(xi = x/alpha)=-1.64339191935016e-21
# k=40, x=53.9472167895544, logdetD(xi = x/alpha)=-1.00667496068731e-22
# k=37, x=45.8811946612789, logdetD(xi = x/alpha)=-3.37468717577803e-19
# k=38, x=48.4843356608332, logdetD(xi = x/alpha)=-2.45820008443861e-20
# k=42, x=59.76408434211, logdetD(xi = x/alpha)=-2.88505446376164e-25
# k=41, x=56.8104563346362, logdetD(xi = x/alpha)=-5.64025046416359e-24
# k=43, x=62.8101489639265, logdetD(xi = x/alpha)=-1.34457754525389e-26
# k=44, x=65.9508362574561, logdetD(xi = x/alpha)=-5.69721879503832e-28
# k=46, x=72.5255875442633, logdetD(xi = x/alpha)=-7.61538190748574e-31
# k=45, x=69.1884824202363, logdetD(xi = x/alpha)=-2.18971694010495e-29
# k=47, x=75.9648311278642, logdetD(xi = x/alpha)=-2.39015235051058e-32
# k=48, x=79.5090896290888, logdetD(xi = x/alpha)=-6.75078881263942e-34
# k=24, x=19.1577496842412, logdetD(xi = x/alpha)=-1.54008946214882e-07
# k=51, x=90.8041123009408, logdetD(xi = x/alpha)=-7.82471814218265e-39
# k=52, x=94.8018942159474, logdetD(xi = x/alpha)=-1.40204427148876e-40
# k=50, x=86.9252644196156, logdetD(xi = x/alpha)=-3.87587847300328e-37
# k=49, x=83.1614564010537, logdetD(xi = x/alpha)=-1.71059805616075e-35
# k=53, x=98.9228344469406, logdetD(xi = x/alpha)=-2.2203568268166e-42
# k=54, x=103.171527508039, logdetD(xi = x/alpha)=-3.09359474552089e-44
# k=55, x=107.55298497754, logdetD(xi = x/alpha)=-3.7732270382426e-46
# k=57, x=116.736664673504, logdetD(xi = x/alpha)=-3.6821073361435e-50
# k=56, x=112.072690484128, logdetD(xi = x/alpha)=-4.00676984529739e-48
# k=58, x=121.551542490953, logdetD(xi = x/alpha)=-2.90897312409339e-52
# k=59, x=126.524665796516, logdetD(xi = x/alpha)=-1.96126614574142e-54
# k=61, x=136.979246686937, logdetD(xi = x/alpha)=-5.35791954306656e-59
# k=60, x=131.66419525212, logdetD(xi = x/alpha)=-1.11928919546914e-56
# k=62, x=142.480058912162, logdetD(xi = x/alpha)=-2.12935482491738e-61
# k=63, x=148.178202455004, logdetD(xi = x/alpha)=-6.94492639801002e-64
# k=64, x=154.086842281799, logdetD(xi = x/alpha)=-1.83455359646082e-66
# k=67, x=173.23907133425, logdetD(xi = x/alpha)=-8.1046752573078e-75
# k=66, x=166.598351934054, logdetD(xi = x/alpha)=-6.38700083626565e-72
# k=65, x=160.221072870096, logdetD(xi = x/alpha)=-3.86608554993561e-69
# k=68, x=180.167323049032, logdetD(xi = x/alpha)=-7.71090197028953e-78
# k=69, x=187.411949676964, logdetD(xi = x/alpha)=-5.34386273088702e-81
# k=72, x=211.439870494836, logdetD(xi = x/alpha)=-1.78708638156834e-91
# k=71, x=202.998984195075, logdetD(xi = x/alpha)=-8.54683097465623e-88
# k=70, x=195.008022441533, logdetD(xi = x/alpha)=-2.60449810742039e-84
# k=73, x=220.402368151736, logdetD(xi = x/alpha)=-2.21586646528817e-95
# k=77, x=264.213823883199, logdetD(xi = x/alpha)=-1.79752123614587e-114
# k=0, x=0.0179604233006984, logdetD(xi = x/alpha)=-36.4232373834483
# k=1, x=0.094639912994354, logdetD(xi = x/alpha)=-33.7106859951413
# k=2, x=0.232622868125868, logdetD(xi = x/alpha)=-28.8413598202126
# k=3, x=0.431992547802387, logdetD(xi = x/alpha)=-23.0696391989865
# k=4, x=0.692828861352022, logdetD(xi = x/alpha)=-17.3613506659958
# k=5, x=1.01523255618947, logdetD(xi = x/alpha)=-12.326850221458
# k=6, x=1.39932768784287, logdetD(xi = x/alpha)=-8.2645421090076
# k=7, x=1.84526230383585, logdetD(xi = x/alpha)=-5.23106217391727
# k=8, x=2.35320887160926, logdetD(xi = x/alpha)=-3.12338254825075
# k=9, x=2.92336468655543, logdetD(xi = x/alpha)=-1.75744100005454
# k=10, x=3.55595231404613, logdetD(xi = x/alpha)=-0.930896995283902
# k=11, x=4.25122008230988, logdetD(xi = x/alpha)=-0.463740301267744
# k=12, x=5.00944263362017, logdetD(xi = x/alpha)=-0.217095306964319
# k=13, x=5.83092153860872, logdetD(xi = x/alpha)=-0.0954419900858656
# k=14, x=6.71598597785132, logdetD(xi = x/alpha)=-0.0393821347535279
# k=15, x=7.66499349489177, logdetD(xi = x/alpha)=-0.0152445405883955
# k=16, x=8.6783308251677, logdetD(xi = x/alpha)=-0.0055332408823038
# k=17, x=9.75641480574293, logdetD(xi = x/alpha)=-0.0018822923836743
# k=18, x=10.8996933712879, logdetD(xi = x/alpha)=-0.000599815519018292
# k=19, x=12.1086466423657, logdetD(xi = x/alpha)=-0.000178951718420173
# k=20, x=13.3837881127786, logdetD(xi = x/alpha)=-4.99559351317175e-05
# k=21, x=14.7256659435086, logdetD(xi = x/alpha)=-1.30405817195139e-05
# k=22, x=16.1348643716625, logdetD(xi = x/alpha)=-3.18105702778037e-06
# k=23, x=17.6120052438144, logdetD(xi = x/alpha)=-7.24599167868613e-07
# k=78, x=278.766733046005, logdetD(xi = x/alpha)=-8.22422568856248e-121
# k=76, x=251.6158793305, logdetD(xi = x/alpha)=-5.53768627115107e-109
# k=79, x=296.966511995651, logdetD(xi = x/alpha)=-9.72701625922751e-129
# k=74, x=229.98320607568, logdetD(xi = x/alpha)=-1.47875347925948e-99
# k=75, x=240.319087055842, logdetD(xi = x/alpha)=-4.63123017226664e-104
#
# L/R, lmax, order, alpha, F(T=0)
0.00768217580870107, 911, 80, 0.0152472197943481, -726.890062192558
# finished at Sa 1. Aug 02:26:00 CEST 2015
