# starting on alcc86 at Fri Jul 31 14:36:15 CEST 2015
# casimir_T0 -x 0.0436557780046831 -L 160 -N 80

# LbyR  = 0.0436557780046831
# alpha = 0.0836593423324816
# order = 80
# prec  = 1e-12
# lmax  = 160
# cores = 2
#
# k=0, x=0.0179604233006984, logdetD(xi = x/alpha)=-5.56768087416966
# k=1, x=0.094639912994354, logdetD(xi = x/alpha)=-5.34882318534844
# k=2, x=0.232622868125868, logdetD(xi = x/alpha)=-4.7348764055498
# k=3, x=0.431992547802387, logdetD(xi = x/alpha)=-3.87152651005744
# k=4, x=0.692828861352022, logdetD(xi = x/alpha)=-2.95374875141491
# k=5, x=1.01523255618947, logdetD(xi = x/alpha)=-2.11572628249256
# k=6, x=1.39932768784287, logdetD(xi = x/alpha)=-1.42683605328401
# k=7, x=1.84526230383585, logdetD(xi = x/alpha)=-0.906793329414815
# k=8, x=2.35320887160926, logdetD(xi = x/alpha)=-0.543003301812841
# k=9, x=2.92336468655543, logdetD(xi = x/alpha)=-0.30618363915053
# k=10, x=3.55595231404613, logdetD(xi = x/alpha)=-0.162441984530524
# k=11, x=4.25122008230988, logdetD(xi = x/alpha)=-0.0810228129605085
# k=12, x=5.00944263362017, logdetD(xi = x/alpha)=-0.0379668500518195
# k=13, x=5.83092153860872, logdetD(xi = x/alpha)=-0.0167044187058916
# k=14, x=6.71598597785132, logdetD(xi = x/alpha)=-0.00689707836413433
# k=15, x=7.66499349489177, logdetD(xi = x/alpha)=-0.00267118480946445
# k=16, x=8.6783308251677, logdetD(xi = x/alpha)=-0.000969954251490858
# k=17, x=9.75641480574293, logdetD(xi = x/alpha)=-0.000330068967191875
# k=18, x=10.8996933712879, logdetD(xi = x/alpha)=-0.000105207876860995
# k=19, x=12.1086466423657, logdetD(xi = x/alpha)=-3.13940927777443e-05
# k=20, x=13.3837881127786, logdetD(xi = x/alpha)=-8.76495549232593e-06
# k=21, x=14.7256659435086, logdetD(xi = x/alpha)=-2.28812178799141e-06
# k=22, x=16.1348643716625, logdetD(xi = x/alpha)=-5.5813849537336e-07
# k=23, x=17.6120052438144, logdetD(xi = x/alpha)=-1.27123408869059e-07
# k=24, x=19.1577496842412, logdetD(xi = x/alpha)=-2.70146992084958e-08
# k=25, x=20.7727999097921, logdetD(xi = x/alpha)=-5.35205568552757e-09
# k=26, x=22.4579012045405, logdetD(xi = x/alpha)=-9.87705303731679e-10
# k=27, x=24.2138440689586, logdetD(xi = x/alpha)=-1.69647286136284e-10
# k=28, x=26.0414665601656, logdetD(xi = x/alpha)=-2.70951598289035e-11
# k=29, x=27.9416568418595, logdetD(xi = x/alpha)=-4.02031037875868e-12
# k=30, x=29.915355964901, logdetD(xi = x/alpha)=-5.53646202810729e-13
# k=31, x=31.9635609022089, logdetD(xi = x/alpha)=-7.06926110272218e-14
# k=32, x=34.0873278647262, logdetD(xi = x/alpha)=-8.36043543893657e-15
# k=33, x=36.2877759287815, logdetD(xi = x/alpha)=-9.14784756722508e-16
# k=34, x=38.5660910092922, logdetD(xi = x/alpha)=-9.2499885070408e-17
# k=35, x=40.9235302180313, logdetD(xi = x/alpha)=-8.6330686203301e-18
# k=36, x=43.3614266517312, logdetD(xi = x/alpha)=-7.42728107303732e-19
# k=37, x=45.8811946612789, logdetD(xi = x/alpha)=-5.88221062134188e-20
# k=38, x=48.4843356608332, logdetD(xi = x/alpha)=-4.2821904196464e-21
# k=39, x=51.172444544607, logdetD(xi = x/alpha)=-2.86111066110008e-22
# k=40, x=53.9472167895544, logdetD(xi = x/alpha)=-1.75158651296559e-23
# k=41, x=56.8104563346362, logdetD(xi = x/alpha)=-9.80831442158158e-25
# k=42, x=59.76408434211, logdetD(xi = x/alpha)=-5.01428633454146e-26
# k=43, x=62.8101489639265, logdetD(xi = x/alpha)=-2.33564061215955e-27
# k=44, x=65.9508362574561, logdetD(xi = x/alpha)=-9.89132274331058e-29
# k=45, x=69.1884824202363, logdetD(xi = x/alpha)=-3.79976946727535e-30
# k=46, x=72.5255875442633, logdetD(xi = x/alpha)=-1.32082528562438e-31
# k=47, x=75.9648311278642, logdetD(xi = x/alpha)=-4.14352882470931e-33
# k=48, x=79.5090896290888, logdetD(xi = x/alpha)=-1.16976081483453e-34
# k=49, x=83.1614564010537, logdetD(xi = x/alpha)=-2.96274931177132e-36
# k=50, x=86.9252644196156, logdetD(xi = x/alpha)=-6.71008450319986e-38
# k=51, x=90.8041123009408, logdetD(xi = x/alpha)=-1.35407849270633e-39
# k=52, x=94.8018942159474, logdetD(xi = x/alpha)=-2.42527172493601e-41
# k=53, x=98.9228344469406, logdetD(xi = x/alpha)=-3.83929121591094e-43
# k=54, x=103.171527508039, logdetD(xi = x/alpha)=-5.34720932252799e-45
# k=55, x=107.55298497754, logdetD(xi = x/alpha)=-6.51955366432714e-47
# k=56, x=112.072690484128, logdetD(xi = x/alpha)=-6.92063524026842e-49
# k=57, x=116.736664673504, logdetD(xi = x/alpha)=-6.35769819140452e-51
# k=58, x=121.551542490953, logdetD(xi = x/alpha)=-5.02111446308576e-53
# k=59, x=126.524665796516, logdetD(xi = x/alpha)=-3.38422110713861e-55
# k=60, x=131.66419525212, logdetD(xi = x/alpha)=-1.93077165545438e-57
# k=61, x=136.979246686937, logdetD(xi = x/alpha)=-9.23965172452721e-60
# k=62, x=142.480058912162, logdetD(xi = x/alpha)=-3.67098366498756e-62
# k=63, x=148.178202455004, logdetD(xi = x/alpha)=-1.19696387664358e-64
# k=64, x=154.086842281799, logdetD(xi = x/alpha)=-3.16101492655962e-67
# k=65, x=160.221072870096, logdetD(xi = x/alpha)=-6.65968825580079e-70
# k=66, x=166.598351934054, logdetD(xi = x/alpha)=-1.09994012931075e-72
# k=67, x=173.23907133425, logdetD(xi = x/alpha)=-1.39540553749929e-75
# k=68, x=180.167323049032, logdetD(xi = x/alpha)=-1.32728946399789e-78
# k=69, x=187.411949676964, logdetD(xi = x/alpha)=-9.19631955614827e-82
# k=70, x=195.008022441533, logdetD(xi = x/alpha)=-4.48108830840218e-85
# k=71, x=202.998984195075, logdetD(xi = x/alpha)=-1.4701694447618e-88
# k=72, x=211.439870494836, logdetD(xi = x/alpha)=-3.07335305581591e-92
# k=73, x=220.402368151736, logdetD(xi = x/alpha)=-3.80992619803986e-96
# k=74, x=229.98320607568, logdetD(xi = x/alpha)=-2.54200151323722e-100
# k=75, x=240.319087055842, logdetD(xi = x/alpha)=-7.95946361106859e-105
# k=76, x=251.6158793305, logdetD(xi = x/alpha)=-9.51530402696081e-110
# k=77, x=264.213823883199, logdetD(xi = x/alpha)=-3.08797143106572e-115
# k=78, x=278.766733046005, logdetD(xi = x/alpha)=-1.41251951021673e-121
# k=79, x=296.966511995651, logdetD(xi = x/alpha)=-1.6701951450578e-129
#
# L/R, lmax, order, alpha, F(T=0)
0.0436557780046831, 160, 80, 0.0836593423324816, -22.2640780082057
# finished at Fri Jul 31 14:48:25 CEST 2015
