# starting on alcc86 at Fri Jul 31 14:35:39 CEST 2015
# casimir_T0 -x 0.143781584887701 -L 48 -N 80

# LbyR  = 0.143781584887701
# alpha = 0.251414407763555
# order = 80
# prec  = 1e-12
# lmax  = 48
# cores = 2
#
# k=0, x=0.0179604233006984, logdetD(xi = x/alpha)=-1.31680122236559
# k=1, x=0.094639912994354, logdetD(xi = x/alpha)=-1.29869320329956
# k=2, x=0.232622868125868, logdetD(xi = x/alpha)=-1.21095731399102
# k=3, x=0.431992547802387, logdetD(xi = x/alpha)=-1.03735181582869
# k=4, x=0.692828861352022, logdetD(xi = x/alpha)=-0.81821361954336
# k=5, x=1.01523255618947, logdetD(xi = x/alpha)=-0.599598584037969
# k=6, x=1.39932768784287, logdetD(xi = x/alpha)=-0.41079122991539
# k=7, x=1.84526230383585, logdetD(xi = x/alpha)=-0.263988080508969
# k=8, x=2.35320887160926, logdetD(xi = x/alpha)=-0.159354891057628
# k=9, x=2.92336468655543, logdetD(xi = x/alpha)=-0.0903903990327597
# k=10, x=3.55595231404613, logdetD(xi = x/alpha)=-0.0481711765929601
# k=11, x=4.25122008230988, logdetD(xi = x/alpha)=-0.0241102306645637
# k=12, x=5.00944263362017, logdetD(xi = x/alpha)=-0.0113287914019176
# k=13, x=5.83092153860872, logdetD(xi = x/alpha)=-0.00499525682865524
# k=14, x=6.71598597785132, logdetD(xi = x/alpha)=-0.00206612497312886
# k=15, x=7.66499349489177, logdetD(xi = x/alpha)=-0.000801334929894123
# k=16, x=8.6783308251677, logdetD(xi = x/alpha)=-0.000291311050295665
# k=17, x=9.75641480574293, logdetD(xi = x/alpha)=-9.92194343175118e-05
# k=18, x=10.8996933712879, logdetD(xi = x/alpha)=-3.16464423494332e-05
# k=19, x=12.1086466423657, logdetD(xi = x/alpha)=-9.44736198420239e-06
# k=20, x=13.3837881127786, logdetD(xi = x/alpha)=-2.63815519708058e-06
# k=21, x=14.7256659435086, logdetD(xi = x/alpha)=-6.88683124893493e-07
# k=22, x=16.1348643716625, logdetD(xi = x/alpha)=-1.67947508399013e-07
# k=23, x=17.6120052438144, logdetD(xi = x/alpha)=-3.82341249805448e-08
# k=24, x=19.1577496842412, logdetD(xi = x/alpha)=-8.11942888444454e-09
# k=25, x=20.7727999097921, logdetD(xi = x/alpha)=-1.60714946716668e-09
# k=26, x=22.4579012045405, logdetD(xi = x/alpha)=-2.96272026292054e-10
# k=27, x=24.2138440689586, logdetD(xi = x/alpha)=-5.08233579093959e-11
# k=28, x=26.0414665601656, logdetD(xi = x/alpha)=-8.10580554357152e-12
# k=29, x=27.9416568418595, logdetD(xi = x/alpha)=-1.20087211790091e-12
# k=30, x=29.915355964901, logdetD(xi = x/alpha)=-1.65103717079687e-13
# k=31, x=31.9635609022089, logdetD(xi = x/alpha)=-2.10450610510934e-14
# k=32, x=34.0873278647262, logdetD(xi = x/alpha)=-2.48444906207902e-15
# k=33, x=36.2877759287815, logdetD(xi = x/alpha)=-2.71348153978829e-16
# k=34, x=38.5660910092922, logdetD(xi = x/alpha)=-2.73870384127768e-17
# k=35, x=40.9235302180313, logdetD(xi = x/alpha)=-2.55129511331475e-18
# k=36, x=43.3614266517312, logdetD(xi = x/alpha)=-2.19087852661534e-19
# k=37, x=45.8811946612789, logdetD(xi = x/alpha)=-1.73192061976584e-20
# k=38, x=48.4843356608332, logdetD(xi = x/alpha)=-1.25852634451412e-21
# k=39, x=51.172444544607, logdetD(xi = x/alpha)=-8.39369225213827e-23
# k=40, x=53.9472167895544, logdetD(xi = x/alpha)=-5.12964934626286e-24
# k=41, x=56.8104563346362, logdetD(xi = x/alpha)=-2.86751542220408e-25
# k=42, x=59.76408434211, logdetD(xi = x/alpha)=-1.46350719853085e-26
# k=43, x=62.8101489639265, logdetD(xi = x/alpha)=-6.80590980664361e-28
# k=44, x=65.9508362574561, logdetD(xi = x/alpha)=-2.87772807142588e-29
# k=45, x=69.1884824202363, logdetD(xi = x/alpha)=-1.10379646014292e-30
# k=46, x=72.5255875442633, logdetD(xi = x/alpha)=-3.8311997302856e-32
# k=47, x=75.9648311278642, logdetD(xi = x/alpha)=-1.20015877265916e-33
# k=48, x=79.5090896290888, logdetD(xi = x/alpha)=-3.38349364969495e-35
# k=49, x=83.1614564010537, logdetD(xi = x/alpha)=-8.55822806380113e-37
# k=50, x=86.9252644196156, logdetD(xi = x/alpha)=-1.93578824299453e-38
# k=51, x=90.8041123009408, logdetD(xi = x/alpha)=-3.90152456262193e-40
# k=52, x=94.8018942159474, logdetD(xi = x/alpha)=-6.97960296939002e-42
# k=53, x=98.9228344469406, logdetD(xi = x/alpha)=-1.10362041445004e-43
# k=54, x=103.171527508039, logdetD(xi = x/alpha)=-1.53536666761878e-45
# k=55, x=107.55298497754, logdetD(xi = x/alpha)=-1.86997702262486e-47
# k=56, x=112.072690484128, logdetD(xi = x/alpha)=-1.98296204205995e-49
# k=57, x=116.736664673504, logdetD(xi = x/alpha)=-1.81984438560923e-51
# k=58, x=121.551542490953, logdetD(xi = x/alpha)=-1.43587144109282e-53
# k=59, x=126.524665796516, logdetD(xi = x/alpha)=-9.66873731606863e-56
# k=60, x=131.66419525212, logdetD(xi = x/alpha)=-5.51126600045575e-58
# k=61, x=136.979246686937, logdetD(xi = x/alpha)=-2.63510939452781e-60
# k=62, x=142.480058912162, logdetD(xi = x/alpha)=-1.04606962639883e-62
# k=63, x=148.178202455004, logdetD(xi = x/alpha)=-3.40805130788487e-65
# k=64, x=154.086842281799, logdetD(xi = x/alpha)=-8.9931071030831e-68
# k=65, x=160.221072870096, logdetD(xi = x/alpha)=-1.89324059449996e-70
# k=66, x=166.598351934054, logdetD(xi = x/alpha)=-3.12463680019243e-73
# k=67, x=173.23907133425, logdetD(xi = x/alpha)=-3.96112701301035e-76
# k=68, x=180.167323049032, logdetD(xi = x/alpha)=-3.76513340128015e-79
# k=69, x=187.411949676964, logdetD(xi = x/alpha)=-2.60695198226618e-82
# k=70, x=195.008022441533, logdetD(xi = x/alpha)=-1.2694448885063e-85
# k=71, x=202.998984195075, logdetD(xi = x/alpha)=-4.16212777010445e-89
# k=72, x=211.439870494836, logdetD(xi = x/alpha)=-8.69527878146849e-93
# k=73, x=220.402368151736, logdetD(xi = x/alpha)=-1.07724614840972e-96
# k=74, x=229.98320607568, logdetD(xi = x/alpha)=-7.1829767702202e-101
# k=75, x=240.319087055842, logdetD(xi = x/alpha)=-2.24772866096872e-105
# k=76, x=251.6158793305, logdetD(xi = x/alpha)=-2.68542330103234e-110
# k=77, x=264.213823883199, logdetD(xi = x/alpha)=-8.70939058149929e-116
# k=78, x=278.766733046005, logdetD(xi = x/alpha)=-3.9812527759936e-122
# k=79, x=296.966511995651, logdetD(xi = x/alpha)=-4.70401311523494e-130
#
# L/R, lmax, order, alpha, F(T=0)
0.143781584887701, 48, 80, 0.251414407763555, -2.02047772271785
# finished at Fri Jul 31 14:35:58 CEST 2015
