# starting on alcc62 at Fri Jul 31 14:35:38 CEST 2015
# casimir_T0 -x 0.941192 -L 25 -N 80

# LbyR  = 0.941192
# alpha = 0.969705212055273
# order = 80
# prec  = 1e-12
# lmax  = 25
# cores = 2
#
# k=0, x=0.0179604233006984, logdetD(xi = x/alpha)=-0.0730042128480607
# k=1, x=0.094639912994354, logdetD(xi = x/alpha)=-0.072913569545049
# k=2, x=0.232622868125868, logdetD(xi = x/alpha)=-0.0721372337125969
# k=3, x=0.431992547802387, logdetD(xi = x/alpha)=-0.069227515741069
# k=4, x=0.692828861352022, logdetD(xi = x/alpha)=-0.0626965820032929
# k=5, x=1.01523255618947, logdetD(xi = x/alpha)=-0.0524616679306322
# k=6, x=1.39932768784287, logdetD(xi = x/alpha)=-0.0401890430476166
# k=7, x=1.84526230383585, logdetD(xi = x/alpha)=-0.0281959516882671
# k=8, x=2.35320887160926, logdetD(xi = x/alpha)=-0.0181994349178787
# k=9, x=2.92336468655543, logdetD(xi = x/alpha)=-0.0108622689858796
# k=10, x=3.55595231404613, logdetD(xi = x/alpha)=-0.00601921524260779
# k=11, x=4.25122008230988, logdetD(xi = x/alpha)=-0.00310569286055045
# k=12, x=5.00944263362017, logdetD(xi = x/alpha)=-0.00149487274861541
# k=13, x=5.83092153860872, logdetD(xi = x/alpha)=-0.000672070817409601
# k=14, x=6.71598597785132, logdetD(xi = x/alpha)=-0.000282443514784784
# k=15, x=7.66499349489177, logdetD(xi = x/alpha)=-0.000111008661396401
# k=16, x=8.6783308251677, logdetD(xi = x/alpha)=-4.08125104289802e-05
# k=17, x=9.75641480574293, logdetD(xi = x/alpha)=-1.40367614719663e-05
# k=18, x=10.8996933712879, logdetD(xi = x/alpha)=-4.51588871969168e-06
# k=19, x=12.1086466423657, logdetD(xi = x/alpha)=-1.35874693652197e-06
# k=20, x=13.3837881127786, logdetD(xi = x/alpha)=-3.82232965731724e-07
# k=21, x=14.7256659435086, logdetD(xi = x/alpha)=-1.00496683663563e-07
# k=22, x=16.1348643716625, logdetD(xi = x/alpha)=-2.46841347168116e-08
# k=23, x=17.6120052438144, logdetD(xi = x/alpha)=-5.66117866404644e-09
# k=24, x=19.1577496842412, logdetD(xi = x/alpha)=-1.21163642201877e-09
# k=25, x=20.7727999097921, logdetD(xi = x/alpha)=-2.41848164353369e-10
# k=26, x=22.4579012045405, logdetD(xi = x/alpha)=-4.49906478194745e-11
# k=27, x=24.2138440689586, logdetD(xi = x/alpha)=-7.79453698307809e-12
# k=28, x=26.0414665601656, logdetD(xi = x/alpha)=-1.25661504294731e-12
# k=29, x=27.9416568418595, logdetD(xi = x/alpha)=-1.88359905519315e-13
# k=30, x=29.915355964901, logdetD(xi = x/alpha)=-2.62273196768235e-14
# k=31, x=31.9635609022089, logdetD(xi = x/alpha)=-3.389044049742e-15
# k=32, x=34.0873278647262, logdetD(xi = x/alpha)=-4.05984610888402e-16
# k=33, x=36.2877759287815, logdetD(xi = x/alpha)=-4.5037415304423e-17
# k=34, x=38.5660910092922, logdetD(xi = x/alpha)=-4.62126767823581e-18
# k=35, x=40.9235302180313, logdetD(xi = x/alpha)=-4.38059277578259e-19
# k=36, x=43.3614266517312, logdetD(xi = x/alpha)=-3.83102655570613e-20
# k=37, x=45.8811946612789, logdetD(xi = x/alpha)=-3.08672779962642e-21
# k=38, x=48.4843356608332, logdetD(xi = x/alpha)=-2.28788535816874e-22
# k=39, x=51.172444544607, logdetD(xi = x/alpha)=-1.55751976837704e-23
# k=40, x=53.9472167895544, logdetD(xi = x/alpha)=-9.72215641144593e-25
# k=41, x=56.8104563346362, logdetD(xi = x/alpha)=-5.55443677389643e-26
# k=42, x=59.76408434211, logdetD(xi = x/alpha)=-2.89889854226978e-27
# k=43, x=62.8101489639265, logdetD(xi = x/alpha)=-1.37928184062588e-28
# k=44, x=65.9508362574561, logdetD(xi = x/alpha)=-5.9696793840554e-30
# k=45, x=69.1884824202363, logdetD(xi = x/alpha)=-2.34483424451751e-31
# k=46, x=72.5255875442633, logdetD(xi = x/alpha)=-8.33776815938445e-33
# k=47, x=75.9648311278642, logdetD(xi = x/alpha)=-2.67669469372821e-34
# k=48, x=79.5090896290888, logdetD(xi = x/alpha)=-7.73584700935204e-36
# k=49, x=83.1614564010537, logdetD(xi = x/alpha)=-2.00646106219926e-37
# k=50, x=86.9252644196156, logdetD(xi = x/alpha)=-4.65496633965364e-39
# k=51, x=90.8041123009408, logdetD(xi = x/alpha)=-9.62494865277237e-41
# k=52, x=94.8018942159474, logdetD(xi = x/alpha)=-1.76677205608422e-42
# k=53, x=98.9228344469406, logdetD(xi = x/alpha)=-2.86696936208606e-44
# k=54, x=103.171527508039, logdetD(xi = x/alpha)=-4.09378350400542e-46
# k=55, x=107.55298497754, logdetD(xi = x/alpha)=-5.11803424290355e-48
# k=56, x=112.072690484128, logdetD(xi = x/alpha)=-5.57146880983299e-50
# k=57, x=116.736664673504, logdetD(xi = x/alpha)=-5.24931265426612e-52
# k=58, x=121.551542490953, logdetD(xi = x/alpha)=-4.25218544162967e-54
# k=59, x=126.524665796516, logdetD(xi = x/alpha)=-2.9396954767653e-56
# k=60, x=131.66419525212, logdetD(xi = x/alpha)=-1.72036362010268e-58
# k=61, x=136.979246686937, logdetD(xi = x/alpha)=-8.44496870209016e-61
# k=62, x=142.480058912162, logdetD(xi = x/alpha)=-3.44175313756238e-63
# k=63, x=148.178202455004, logdetD(xi = x/alpha)=-1.15114602673349e-65
# k=64, x=154.086842281799, logdetD(xi = x/alpha)=-3.11833152473057e-68
# k=65, x=160.221072870096, logdetD(xi = x/alpha)=-6.73889671675056e-71
# k=66, x=166.598351934054, logdetD(xi = x/alpha)=-1.14165863386112e-73
# k=67, x=173.23907133425, logdetD(xi = x/alpha)=-1.48557855526916e-76
# k=68, x=180.167323049032, logdetD(xi = x/alpha)=-1.44940402346124e-79
# k=69, x=187.411949676964, logdetD(xi = x/alpha)=-1.03009040702938e-82
# k=70, x=195.008022441533, logdetD(xi = x/alpha)=-5.14876682902505e-86
# k=71, x=202.998984195075, logdetD(xi = x/alpha)=-1.73294114517609e-89
# k=72, x=211.439870494836, logdetD(xi = x/alpha)=-3.71696266729937e-93
# k=73, x=220.402368151736, logdetD(xi = x/alpha)=-4.72877508730597e-97
# k=74, x=229.98320607568, logdetD(xi = x/alpha)=-3.23899850749258e-101
# k=75, x=240.319087055842, logdetD(xi = x/alpha)=-1.04169781277725e-105
# k=76, x=251.6158793305, logdetD(xi = x/alpha)=-1.28008778820706e-110
# k=77, x=264.213823883199, logdetD(xi = x/alpha)=-4.27548191137267e-116
# k=78, x=278.766733046005, logdetD(xi = x/alpha)=-2.01713392613598e-122
# k=79, x=296.966511995651, logdetD(xi = x/alpha)=-2.47139406647696e-130
#
# L/R, lmax, order, alpha, F(T=0)
0.941192, 25, 80, 0.969705212055273, -0.043003167421231
# finished at Fri Jul 31 14:35:40 CEST 2015
