# starting on alcc99 at Fri Jul 31 14:35:39 CEST 2015
# casimir_T0 -x 0.243122581497662 -L 28 -N 80

# LbyR  = 0.243122581497662
# alpha = 0.3911482023032
# order = 80
# prec  = 1e-12
# lmax  = 28
# cores = 2
#
# k=0, x=0.0179604233006984, logdetD(xi = x/alpha)=-0.648038367520354
# k=1, x=0.094639912994354, logdetD(xi = x/alpha)=-0.643264533485395
# k=2, x=0.232622868125868, logdetD(xi = x/alpha)=-0.614682793277669
# k=3, x=0.431992547802387, logdetD(xi = x/alpha)=-0.544692466508698
# k=4, x=0.692828861352022, logdetD(xi = x/alpha)=-0.442318248220056
# k=5, x=1.01523255618947, logdetD(xi = x/alpha)=-0.331145823722548
# k=6, x=1.39932768784287, logdetD(xi = x/alpha)=-0.230359388479367
# k=7, x=1.84526230383585, logdetD(xi = x/alpha)=-0.149666586007553
# k=8, x=2.35320887160926, logdetD(xi = x/alpha)=-0.0910701723530392
# k=9, x=2.92336468655543, logdetD(xi = x/alpha)=-0.0519655017569819
# k=10, x=3.55595231404613, logdetD(xi = x/alpha)=-0.0278189138132971
# k=11, x=4.25122008230988, logdetD(xi = x/alpha)=-0.0139724004105122
# k=12, x=5.00944263362017, logdetD(xi = x/alpha)=-0.00658334793497614
# k=13, x=5.83092153860872, logdetD(xi = x/alpha)=-0.00290919060701274
# k=14, x=6.71598597785132, logdetD(xi = x/alpha)=-0.00120540608431274
# k=15, x=7.66499349489177, logdetD(xi = x/alpha)=-0.000468165847250022
# k=16, x=8.6783308251677, logdetD(xi = x/alpha)=-0.000170380554934011
# k=17, x=9.75641480574293, logdetD(xi = x/alpha)=-5.80789687502503e-05
# k=18, x=10.8996933712879, logdetD(xi = x/alpha)=-1.85350964044038e-05
# k=19, x=12.1086466423657, logdetD(xi = x/alpha)=-5.53503535455331e-06
# k=20, x=13.3837881127786, logdetD(xi = x/alpha)=-1.54576600561104e-06
# k=21, x=14.7256659435086, logdetD(xi = x/alpha)=-4.03451649762854e-07
# k=22, x=16.1348643716625, logdetD(xi = x/alpha)=-9.83493901315449e-08
# k=23, x=17.6120052438144, logdetD(xi = x/alpha)=-2.23757031127474e-08
# k=24, x=19.1577496842412, logdetD(xi = x/alpha)=-4.74772651876069e-09
# k=25, x=20.7727999097921, logdetD(xi = x/alpha)=-9.3878485552702e-10
# k=26, x=22.4579012045405, logdetD(xi = x/alpha)=-1.72851873924118e-10
# k=27, x=24.2138440689586, logdetD(xi = x/alpha)=-2.96111027284658e-11
# k=28, x=26.0414665601656, logdetD(xi = x/alpha)=-4.71563177428558e-12
# k=29, x=27.9416568418595, logdetD(xi = x/alpha)=-6.97506371752432e-13
# k=30, x=29.915355964901, logdetD(xi = x/alpha)=-9.57373370328427e-14
# k=31, x=31.9635609022089, logdetD(xi = x/alpha)=-1.21821108335787e-14
# k=32, x=34.0873278647262, logdetD(xi = x/alpha)=-1.43560066150091e-15
# k=33, x=36.2877759287815, logdetD(xi = x/alpha)=-1.56513754691167e-16
# k=34, x=38.5660910092922, logdetD(xi = x/alpha)=-1.57684944039013e-17
# k=35, x=40.9235302180313, logdetD(xi = x/alpha)=-1.46631865000541e-18
# k=36, x=43.3614266517312, logdetD(xi = x/alpha)=-1.25694440508576e-19
# k=37, x=45.8811946612789, logdetD(xi = x/alpha)=-9.91898506994089e-21
# k=38, x=48.4843356608332, logdetD(xi = x/alpha)=-7.19544121836114e-22
# k=39, x=51.172444544607, logdetD(xi = x/alpha)=-4.7909401764319e-23
# k=40, x=53.9472167895544, logdetD(xi = x/alpha)=-2.92311874976866e-24
# k=41, x=56.8104563346362, logdetD(xi = x/alpha)=-1.63145605030336e-25
# k=42, x=59.76408434211, logdetD(xi = x/alpha)=-8.31373047813763e-27
# k=43, x=62.8101489639265, logdetD(xi = x/alpha)=-3.86046727302872e-28
# k=44, x=65.9508362574561, logdetD(xi = x/alpha)=-1.62996182038191e-29
# k=45, x=69.1884824202363, logdetD(xi = x/alpha)=-6.24326924470367e-31
# k=46, x=72.5255875442633, logdetD(xi = x/alpha)=-2.16408579120427e-32
# k=47, x=75.9648311278642, logdetD(xi = x/alpha)=-6.77042454138653e-34
# k=48, x=79.5090896290888, logdetD(xi = x/alpha)=-1.90634085733941e-35
# k=49, x=83.1614564010537, logdetD(xi = x/alpha)=-4.81611661310189e-37
# k=50, x=86.9252644196156, logdetD(xi = x/alpha)=-1.08809874131062e-38
# k=51, x=90.8041123009408, logdetD(xi = x/alpha)=-2.19058884314582e-40
# k=52, x=94.8018942159474, logdetD(xi = x/alpha)=-3.91463607373177e-42
# k=53, x=98.9228344469406, logdetD(xi = x/alpha)=-6.18346563443141e-44
# k=54, x=103.171527508039, logdetD(xi = x/alpha)=-8.59394549884599e-46
# k=55, x=107.55298497754, logdetD(xi = x/alpha)=-1.04568537297464e-47
# k=56, x=112.072690484128, logdetD(xi = x/alpha)=-1.10784438697846e-49
# k=57, x=116.736664673504, logdetD(xi = x/alpha)=-1.01581084914238e-51
# k=58, x=121.551542490953, logdetD(xi = x/alpha)=-8.0079682597128e-54
# k=59, x=126.524665796516, logdetD(xi = x/alpha)=-5.38788145610182e-56
# k=60, x=131.66419525212, logdetD(xi = x/alpha)=-3.06869530472826e-58
# k=61, x=136.979246686937, logdetD(xi = x/alpha)=-1.46611207858556e-60
# k=62, x=142.480058912162, logdetD(xi = x/alpha)=-5.81576184184834e-63
# k=63, x=148.178202455004, logdetD(xi = x/alpha)=-1.89339140443674e-65
# k=64, x=154.086842281799, logdetD(xi = x/alpha)=-4.99278018414142e-68
# k=65, x=160.221072870096, logdetD(xi = x/alpha)=-1.05037998518014e-70
# k=66, x=166.598351934054, logdetD(xi = x/alpha)=-1.73243547566077e-73
# k=67, x=173.23907133425, logdetD(xi = x/alpha)=-2.19483324498684e-76
# k=68, x=180.167323049032, logdetD(xi = x/alpha)=-2.08495214815459e-79
# k=69, x=187.411949676964, logdetD(xi = x/alpha)=-1.44274243521707e-82
# k=70, x=195.008022441533, logdetD(xi = x/alpha)=-7.02127671319053e-86
# k=71, x=202.998984195075, logdetD(xi = x/alpha)=-2.30075191535953e-89
# k=72, x=211.439870494836, logdetD(xi = x/alpha)=-4.80391042549358e-93
# k=73, x=220.402368151736, logdetD(xi = x/alpha)=-5.94822302417787e-97
# k=74, x=229.98320607568, logdetD(xi = x/alpha)=-3.96406134504159e-101
# k=75, x=240.319087055842, logdetD(xi = x/alpha)=-1.23977974292041e-105
# k=76, x=251.6158793305, logdetD(xi = x/alpha)=-1.48039302754956e-110
# k=77, x=264.213823883199, logdetD(xi = x/alpha)=-4.79855967822056e-116
# k=78, x=278.766733046005, logdetD(xi = x/alpha)=-2.19224944248897e-122
# k=79, x=296.966511995651, logdetD(xi = x/alpha)=-2.58854400468907e-130
#
# L/R, lmax, order, alpha, F(T=0)
0.243122581497662, 28, 80, 0.3911482023032, -0.699289427615004
# finished at Fri Jul 31 14:35:43 CEST 2015
