# starting on alcc68 at Fri Jul 31 14:36:15 CEST 2015
# casimir_T0 -x 0.0999476595820609 -L 70 -N 80

# LbyR  = 0.0999476595820609
# alpha = 0.181731664614
# order = 80
# prec  = 1e-12
# lmax  = 70
# cores = 2
#
# k=0, x=0.0179604233006984, logdetD(xi = x/alpha)=-2.08688483655805
# k=1, x=0.094639912994354, logdetD(xi = x/alpha)=-2.04485301628301
# k=2, x=0.232622868125868, logdetD(xi = x/alpha)=-1.87294936405161
# k=3, x=0.431992547802387, logdetD(xi = x/alpha)=-1.57487459087816
# k=4, x=0.692828861352022, logdetD(xi = x/alpha)=-1.22497650265044
# k=5, x=1.01523255618947, logdetD(xi = x/alpha)=-0.888952421590018
# k=6, x=1.39932768784287, logdetD(xi = x/alpha)=-0.604887147049291
# k=7, x=1.84526230383585, logdetD(xi = x/alpha)=-0.386841498288001
# k=8, x=2.35320887160926, logdetD(xi = x/alpha)=-0.232695942829884
# k=9, x=2.92336468655543, logdetD(xi = x/alpha)=-0.131648436043931
# k=10, x=3.55595231404613, logdetD(xi = x/alpha)=-0.070020514725683
# k=11, x=4.25122008230988, logdetD(xi = x/alpha)=-0.0349928011219683
# k=12, x=5.00944263362017, logdetD(xi = x/alpha)=-0.0164225838122564
# k=13, x=5.83092153860872, logdetD(xi = x/alpha)=-0.0072343909900575
# k=14, x=6.71598597785132, logdetD(xi = x/alpha)=-0.00298998663496794
# k=15, x=7.66499349489177, logdetD(xi = x/alpha)=-0.00115894418164544
# k=16, x=8.6783308251677, logdetD(xi = x/alpha)=-0.000421113802688012
# k=17, x=9.75641480574293, logdetD(xi = x/alpha)=-0.000143379448930514
# k=18, x=10.8996933712879, logdetD(xi = x/alpha)=-4.57208779505182e-05
# k=19, x=12.1086466423657, logdetD(xi = x/alpha)=-1.36474603457103e-05
# k=20, x=13.3837881127786, logdetD(xi = x/alpha)=-3.81106730263568e-06
# k=21, x=14.7256659435086, logdetD(xi = x/alpha)=-9.95005611514077e-07
# k=22, x=16.1348643716625, logdetD(xi = x/alpha)=-2.42714214929167e-07
# k=23, x=17.6120052438144, logdetD(xi = x/alpha)=-5.52769439903268e-08
# k=24, x=19.1577496842412, logdetD(xi = x/alpha)=-1.17447524587224e-08
# k=25, x=20.7727999097921, logdetD(xi = x/alpha)=-2.32622517313032e-09
# k=26, x=22.4579012045405, logdetD(xi = x/alpha)=-4.29151742438626e-10
# k=27, x=24.2138440689586, logdetD(xi = x/alpha)=-7.36802506449048e-11
# k=28, x=26.0414665601656, logdetD(xi = x/alpha)=-1.17622018477902e-11
# k=29, x=27.9416568418595, logdetD(xi = x/alpha)=-1.74431622643818e-12
# k=30, x=29.915355964901, logdetD(xi = x/alpha)=-2.40074854863904e-13
# k=31, x=31.9635609022089, logdetD(xi = x/alpha)=-3.06352168862742e-14
# k=32, x=34.0873278647262, logdetD(xi = x/alpha)=-3.62072863333582e-15
# k=33, x=36.2877759287815, logdetD(xi = x/alpha)=-3.9591055773079e-16
# k=34, x=38.5660910092922, logdetD(xi = x/alpha)=-4.00059357935739e-17
# k=35, x=40.9235302180313, logdetD(xi = x/alpha)=-3.73121426770787e-18
# k=36, x=43.3614266517312, logdetD(xi = x/alpha)=-3.20786156096975e-19
# k=37, x=45.8811946612789, logdetD(xi = x/alpha)=-2.53879757082277e-20
# k=38, x=48.4843356608332, logdetD(xi = x/alpha)=-1.84696157104873e-21
# k=39, x=51.172444544607, logdetD(xi = x/alpha)=-1.23320396519925e-22
# k=40, x=53.9472167895544, logdetD(xi = x/alpha)=-7.54475786780684e-24
# k=41, x=56.8104563346362, logdetD(xi = x/alpha)=-4.22209007832386e-25
# k=42, x=59.76408434211, logdetD(xi = x/alpha)=-2.15708991817156e-26
# k=43, x=62.8101489639265, logdetD(xi = x/alpha)=-1.00414915891253e-27
# k=44, x=65.9508362574561, logdetD(xi = x/alpha)=-4.24998212493245e-29
# k=45, x=69.1884824202363, logdetD(xi = x/alpha)=-1.63169185468507e-30
# k=46, x=72.5255875442633, logdetD(xi = x/alpha)=-5.66868336549429e-32
# k=47, x=75.9648311278642, logdetD(xi = x/alpha)=-1.77734162470656e-33
# k=48, x=79.5090896290888, logdetD(xi = x/alpha)=-5.01497876586155e-35
# k=49, x=83.1614564010537, logdetD(xi = x/alpha)=-1.26953911459153e-36
# k=50, x=86.9252644196156, logdetD(xi = x/alpha)=-2.87386164120165e-38
# k=51, x=90.8041123009408, logdetD(xi = x/alpha)=-5.79663240031905e-40
# k=52, x=94.8018942159474, logdetD(xi = x/alpha)=-1.03775193259362e-41
# k=53, x=98.9228344469406, logdetD(xi = x/alpha)=-1.64207273412959e-43
# k=54, x=103.171527508039, logdetD(xi = x/alpha)=-2.28603796891452e-45
# k=55, x=107.55298497754, logdetD(xi = x/alpha)=-2.78609250205842e-47
# k=56, x=112.072690484128, logdetD(xi = x/alpha)=-2.95631896123531e-49
# k=57, x=116.736664673504, logdetD(xi = x/alpha)=-2.71480661469165e-51
# k=58, x=121.551542490953, logdetD(xi = x/alpha)=-2.14327809240633e-53
# k=59, x=126.524665796516, logdetD(xi = x/alpha)=-1.44404937703597e-55
# k=60, x=131.66419525212, logdetD(xi = x/alpha)=-8.23577338074313e-58
# k=61, x=136.979246686937, logdetD(xi = x/alpha)=-3.93989125176434e-60
# k=62, x=142.480058912162, logdetD(xi = x/alpha)=-1.56484381873124e-62
# k=63, x=148.178202455004, logdetD(xi = x/alpha)=-5.10074969650363e-65
# k=64, x=154.086842281799, logdetD(xi = x/alpha)=-1.34662973741704e-67
# k=65, x=160.221072870096, logdetD(xi = x/alpha)=-2.83627449345776e-70
# k=66, x=166.598351934054, logdetD(xi = x/alpha)=-4.68316959084755e-73
# k=67, x=173.23907133425, logdetD(xi = x/alpha)=-5.93951910329746e-76
# k=68, x=180.167323049032, logdetD(xi = x/alpha)=-5.64806594869802e-79
# k=69, x=187.411949676964, logdetD(xi = x/alpha)=-3.91232059968595e-82
# k=70, x=195.008022441533, logdetD(xi = x/alpha)=-1.90586822730814e-85
# k=71, x=202.998984195075, logdetD(xi = x/alpha)=-6.25126841546802e-89
# k=72, x=211.439870494836, logdetD(xi = x/alpha)=-1.306491667614e-92
# k=73, x=220.402368151736, logdetD(xi = x/alpha)=-1.61921986486772e-96
# k=74, x=229.98320607568, logdetD(xi = x/alpha)=-1.08009324363988e-100
# k=75, x=240.319087055842, logdetD(xi = x/alpha)=-3.38116106628155e-105
# k=76, x=251.6158793305, logdetD(xi = x/alpha)=-4.04111097897963e-110
# k=77, x=264.213823883199, logdetD(xi = x/alpha)=-1.31112851918699e-115
# k=78, x=278.766733046005, logdetD(xi = x/alpha)=-5.9959095448552e-122
# k=79, x=296.966511995651, logdetD(xi = x/alpha)=-7.08766271716919e-130
#
# L/R, lmax, order, alpha, F(T=0)
0.0999476595820609, 70, 80, 0.181731664614, -4.20511153103027
# finished at Fri Jul 31 14:37:12 CEST 2015
