# starting on alcc84 at Fri Aug 14 14:18:44 CEST 2015
# casimir_T0 -x 0.012989913941963 -L 616 -N 80

# LbyR  = 0.012989913941963
# alpha = 0.0256466797214473
# order = 80
# prec  = 1e-12
# lmax  = 616
# cores = 6
#
# k=4, x=0.692828861352022, logdetD(xi = x/alpha)=-10.2160325049422
# k=3, x=0.431992547802387, logdetD(xi = x/alpha)=-13.5462774762351
# k=2, x=0.232622868125868, logdetD(xi = x/alpha)=-16.874828474865
# k=1, x=0.094639912994354, logdetD(xi = x/alpha)=-19.6012272049608
# k=0, x=0.0179604233006984, logdetD(xi = x/alpha)=-20.9911651055094
# k=9, x=2.92336468655543, logdetD(xi = x/alpha)=-1.03782480984272
# k=8, x=2.35320887160926, logdetD(xi = x/alpha)=-1.84387051046037
# k=7, x=1.84526230383585, logdetD(xi = x/alpha)=-3.08679613891007
# k=5, x=1.01523255618947, logdetD(xi = x/alpha)=-7.26318865272924
# k=6, x=1.39932768784287, logdetD(xi = x/alpha)=-4.87387792576041
# k=14, x=6.71598597785132, logdetD(xi = x/alpha)=-0.0232771433860695
# k=13, x=5.83092153860872, logdetD(xi = x/alpha)=-0.0564035149265354
# k=12, x=5.00944263362017, logdetD(xi = x/alpha)=-0.128278342512892
# k=11, x=4.25122008230988, logdetD(xi = x/alpha)=-0.273972728071274
# k=10, x=3.55595231404613, logdetD(xi = x/alpha)=-0.549857692436334
# k=19, x=12.1086466423657, logdetD(xi = x/alpha)=-0.000105930433873214
# k=18, x=10.8996933712879, logdetD(xi = x/alpha)=-0.000354880845765579
# k=17, x=9.75641480574293, logdetD(xi = x/alpha)=-0.0011132499551578
# k=16, x=8.6783308251677, logdetD(xi = x/alpha)=-0.00327166620321645
# k=15, x=7.66499349489177, logdetD(xi = x/alpha)=-0.00901189114534842
# k=24, x=19.1577496842412, logdetD(xi = x/alpha)=-9.17418446051016e-08
# k=25, x=20.7727999097921, logdetD(xi = x/alpha)=-1.82220064546364e-08
# k=26, x=22.4579012045405, logdetD(xi = x/alpha)=-3.37301345966056e-09
# k=27, x=24.2138440689586, logdetD(xi = x/alpha)=-5.81377114369653e-10
# k=23, x=17.6120052438144, logdetD(xi = x/alpha)=-4.30811024027536e-07
# k=28, x=26.0414665601656, logdetD(xi = x/alpha)=-9.32224735614254e-11
# k=29, x=27.9416568418595, logdetD(xi = x/alpha)=-1.38928426480283e-11
# k=30, x=29.915355964901, logdetD(xi = x/alpha)=-1.92235820503024e-12
# k=22, x=16.1348643716625, logdetD(xi = x/alpha)=-1.88837643132126e-06
# k=31, x=31.9635609022089, logdetD(xi = x/alpha)=-2.46714398891568e-13
# k=32, x=34.0873278647262, logdetD(xi = x/alpha)=-2.93355591603254e-14
# k=33, x=36.2877759287815, logdetD(xi = x/alpha)=-3.22800154997939e-15
# k=34, x=38.5660910092922, logdetD(xi = x/alpha)=-3.28312746291027e-16
# k=35, x=40.9235302180313, logdetD(xi = x/alpha)=-3.08251236986803e-17
# k=37, x=45.8811946612789, logdetD(xi = x/alpha)=-2.12605037661114e-19
# k=36, x=43.3614266517312, logdetD(xi = x/alpha)=-2.66811338035642e-18
# k=38, x=48.4843356608332, logdetD(xi = x/alpha)=-1.55727477169847e-20
# k=40, x=53.9472167895544, logdetD(xi = x/alpha)=-6.44810696964867e-23
# k=39, x=51.172444544607, logdetD(xi = x/alpha)=-1.04687268552924e-21
# k=21, x=14.7256659435086, logdetD(xi = x/alpha)=-7.73190195497495e-06
# k=41, x=56.8104563346362, logdetD(xi = x/alpha)=-3.63251666142125e-24
# k=43, x=62.8101489639265, logdetD(xi = x/alpha)=-8.75235802013125e-27
# k=42, x=59.76408434211, logdetD(xi = x/alpha)=-1.86808880919067e-25
# k=44, x=65.9508362574561, logdetD(xi = x/alpha)=-3.72781174053075e-28
# k=45, x=69.1884824202363, logdetD(xi = x/alpha)=-1.44006757217543e-29
# k=47, x=75.9648311278642, logdetD(xi = x/alpha)=-1.58734816095151e-32
# k=46, x=72.5255875442633, logdetD(xi = x/alpha)=-5.03314212479261e-31
# k=48, x=79.5090896290888, logdetD(xi = x/alpha)=-4.50448520644308e-34
# k=20, x=13.3837881127786, logdetD(xi = x/alpha)=-2.95919052577568e-05
# k=49, x=83.1614564010537, logdetD(xi = x/alpha)=-1.14663887317825e-35
# k=51, x=90.8041123009408, logdetD(xi = x/alpha)=-5.29120308130398e-39
# k=50, x=86.9252644196156, logdetD(xi = x/alpha)=-2.60963945620795e-37
# k=52, x=94.8018942159474, logdetD(xi = x/alpha)=-9.52065807158786e-41
# k=53, x=98.9228344469406, logdetD(xi = x/alpha)=-1.51388340212104e-42
# k=54, x=103.171527508039, logdetD(xi = x/alpha)=-2.11759740917435e-44
# k=56, x=112.072690484128, logdetD(xi = x/alpha)=-2.76336194970064e-48
# k=55, x=107.55298497754, logdetD(xi = x/alpha)=-2.59268861671787e-46
# k=57, x=116.736664673504, logdetD(xi = x/alpha)=-2.54856545906677e-50
# k=58, x=121.551542490953, logdetD(xi = x/alpha)=-2.02044328202146e-52
# k=59, x=126.524665796516, logdetD(xi = x/alpha)=-1.36679828367078e-54
# k=61, x=136.979246686937, logdetD(xi = x/alpha)=-3.75796780854726e-59
# k=60, x=131.66419525212, logdetD(xi = x/alpha)=-7.82575481968336e-57
# k=62, x=142.480058912162, logdetD(xi = x/alpha)=-1.49808554320989e-61
# k=63, x=148.178202455004, logdetD(xi = x/alpha)=-4.90059258706687e-64
# k=64, x=154.086842281799, logdetD(xi = x/alpha)=-1.29827392116451e-66
# k=66, x=166.598351934054, logdetD(xi = x/alpha)=-4.54504995281318e-72
# k=65, x=160.221072870096, logdetD(xi = x/alpha)=-2.74363891742837e-69
# k=67, x=173.23907133425, logdetD(xi = x/alpha)=-5.78272103159157e-75
# k=68, x=180.167323049032, logdetD(xi = x/alpha)=-5.51604373878047e-78
# k=69, x=187.411949676964, logdetD(xi = x/alpha)=-3.83245467282341e-81
# k=70, x=195.008022441533, logdetD(xi = x/alpha)=-1.87249588682295e-84
# k=71, x=202.998984195075, logdetD(xi = x/alpha)=-6.15964615286565e-88
# k=72, x=211.439870494836, logdetD(xi = x/alpha)=-1.29101719371821e-91
# k=73, x=220.402368151736, logdetD(xi = x/alpha)=-1.60454474675753e-95
# k=74, x=229.98320607568, logdetD(xi = x/alpha)=-1.07328899225857e-99
# k=78, x=278.766733046005, logdetD(xi = x/alpha)=-6.02666974985052e-121
# k=77, x=264.213823883199, logdetD(xi = x/alpha)=-1.31390129555419e-114
# k=75, x=240.319087055842, logdetD(xi = x/alpha)=-3.36920492811757e-104
# k=79, x=296.966511995651, logdetD(xi = x/alpha)=-7.14808425193146e-129
# k=76, x=251.6158793305, logdetD(xi = x/alpha)=-4.03809713901402e-109
#
# L/R, lmax, order, alpha, F(T=0)
0.012989913941963, 616, 80, 0.0256466797214473, -253.691635852846
# finished at Fri Aug 14 17:53:53 CEST 2015
