# starting on alcc58.physik.uni-augsburg.de at Fri Aug 14 09:07:35 CEST 2015
# casimir_T0 -x 0.0482960212434877 -L 166 -N 80

# LbyR  = 0.0482960212434877
# alpha = 0.0921419527781838
# order = 80
# prec  = 1e-12
# lmax  = 166
# cores = 2
#
# k=0, x=0.0179604233006984, logdetD(xi = x/alpha)=-4.95985719898824
# k=1, x=0.094639912994354, logdetD(xi = x/alpha)=-4.77734955172742
# k=2, x=0.232622868125868, logdetD(xi = x/alpha)=-4.24365182829586
# k=3, x=0.431992547802387, logdetD(xi = x/alpha)=-3.47868049182163
# k=4, x=0.692828861352022, logdetD(xi = x/alpha)=-2.65847607389896
# k=5, x=1.01523255618947, logdetD(xi = x/alpha)=-1.90633043560789
# k=6, x=1.39932768784287, logdetD(xi = x/alpha)=-1.28658185907889
# k=7, x=1.84526230383585, logdetD(xi = x/alpha)=-0.818084883445878
# k=8, x=2.35320887160926, logdetD(xi = x/alpha)=-0.490067341691362
# k=9, x=2.92336468655543, logdetD(xi = x/alpha)=-0.276411793207351
# k=10, x=3.55595231404613, logdetD(xi = x/alpha)=-0.146678442182907
# k=11, x=4.25122008230988, logdetD(xi = x/alpha)=-0.0731729632722103
# k=12, x=5.00944263362017, logdetD(xi = x/alpha)=-0.0342935641915124
# k=13, x=5.83092153860872, logdetD(xi = x/alpha)=-0.0150903796652999
# k=14, x=6.71598597785132, logdetD(xi = x/alpha)=-0.00623157108615692
# k=15, x=7.66499349489177, logdetD(xi = x/alpha)=-0.00241385325816174
# k=16, x=8.6783308251677, logdetD(xi = x/alpha)=-0.000876705817744264
# k=17, x=9.75641480574293, logdetD(xi = x/alpha)=-0.000298426430250767
# k=18, x=10.8996933712879, logdetD(xi = x/alpha)=-9.51615077084311e-05
# k=19, x=12.1086466423657, logdetD(xi = x/alpha)=-2.84126232020733e-05
# k=20, x=13.3837881127786, logdetD(xi = x/alpha)=-7.93880343001161e-06
# k=21, x=14.7256659435086, logdetD(xi = x/alpha)=-2.0746310183142e-06
# k=22, x=16.1348643716625, logdetD(xi = x/alpha)=-5.06753634397338e-07
# k=23, x=17.6120052438144, logdetD(xi = x/alpha)=-1.15619291602416e-07
# k=24, x=19.1577496842412, logdetD(xi = x/alpha)=-2.46222316994771e-08
# k=25, x=20.7727999097921, logdetD(xi = x/alpha)=-4.89050415636069e-09
# k=26, x=22.4579012045405, logdetD(xi = x/alpha)=-9.0521958395814e-10
# k=27, x=24.2138440689586, logdetD(xi = x/alpha)=-1.56010309398734e-10
# k=28, x=26.0414665601656, logdetD(xi = x/alpha)=-2.50124929107656e-11
# k=29, x=27.9416568418595, logdetD(xi = x/alpha)=-3.7269253383913e-12
# k=30, x=29.915355964901, logdetD(xi = x/alpha)=-5.15585124665468e-13
# k=31, x=31.9635609022089, logdetD(xi = x/alpha)=-6.61533147086093e-14
# k=32, x=34.0873278647262, logdetD(xi = x/alpha)=-7.86372987324913e-15
# k=33, x=36.2877759287815, logdetD(xi = x/alpha)=-8.65033097330515e-16
# k=34, x=38.5660910092922, logdetD(xi = x/alpha)=-8.79510158548267e-17
# k=35, x=40.9235302180313, logdetD(xi = x/alpha)=-8.25473446672883e-18
# k=36, x=43.3614266517312, logdetD(xi = x/alpha)=-7.14233804788786e-19
# k=37, x=45.8811946612789, logdetD(xi = x/alpha)=-5.68907616312895e-20
# k=38, x=48.4843356608332, logdetD(xi = x/alpha)=-4.165443085577e-21
# k=39, x=51.172444544607, logdetD(xi = x/alpha)=-2.79907535748665e-22
# k=40, x=53.9472167895544, logdetD(xi = x/alpha)=-1.72335962317908e-23
# k=41, x=56.8104563346362, logdetD(xi = x/alpha)=-9.70450739091466e-25
# k=42, x=59.76408434211, logdetD(xi = x/alpha)=-4.98868126019013e-26
# k=43, x=62.8101489639265, logdetD(xi = x/alpha)=-2.33634306758123e-27
# k=44, x=65.9508362574561, logdetD(xi = x/alpha)=-9.94696127473393e-29
# k=45, x=69.1884824202363, logdetD(xi = x/alpha)=-3.84101861649056e-30
# k=46, x=72.5255875442633, logdetD(xi = x/alpha)=-1.34193799937313e-31
# k=47, x=75.9648311278642, logdetD(xi = x/alpha)=-4.23056299490994e-33
# k=48, x=79.5090896290888, logdetD(xi = x/alpha)=-1.20007157089832e-34
# k=49, x=83.1614564010537, logdetD(xi = x/alpha)=-3.05371266954632e-36
# k=50, x=86.9252644196156, logdetD(xi = x/alpha)=-6.94744679413195e-38
# k=51, x=90.8041123009408, logdetD(xi = x/alpha)=-1.408141038551e-39
# k=52, x=94.8018942159474, logdetD(xi = x/alpha)=-2.53285054792388e-41
# k=53, x=98.9228344469406, logdetD(xi = x/alpha)=-4.02614854485062e-43
# k=54, x=103.171527508039, logdetD(xi = x/alpha)=-5.62988381851974e-45
# k=55, x=107.55298497754, logdetD(xi = x/alpha)=-6.89078879453327e-47
# k=56, x=112.072690484128, logdetD(xi = x/alpha)=-7.34214096602824e-49
# k=57, x=116.736664673504, logdetD(xi = x/alpha)=-6.76941070186262e-51
# k=58, x=121.551542490953, logdetD(xi = x/alpha)=-5.36507176627045e-53
# k=59, x=126.524665796516, logdetD(xi = x/alpha)=-3.62836257614287e-55
# k=60, x=131.66419525212, logdetD(xi = x/alpha)=-2.07688929230198e-57
# k=61, x=136.979246686937, logdetD(xi = x/alpha)=-9.97067084835315e-60
# k=62, x=142.480058912162, logdetD(xi = x/alpha)=-3.9737028308301e-62
# k=63, x=148.178202455004, logdetD(xi = x/alpha)=-1.29956475233629e-64
# k=64, x=154.086842281799, logdetD(xi = x/alpha)=-3.44198660441911e-67
# k=65, x=160.221072870096, logdetD(xi = x/alpha)=-7.27220536697568e-70
# k=66, x=166.598351934054, logdetD(xi = x/alpha)=-1.20441691601711e-72
# k=67, x=173.23907133425, logdetD(xi = x/alpha)=-1.53204647107418e-75
# k=68, x=180.167323049032, logdetD(xi = x/alpha)=-1.46107073729889e-78
# k=69, x=187.411949676964, logdetD(xi = x/alpha)=-1.01490772656978e-81
# k=70, x=195.008022441533, logdetD(xi = x/alpha)=-4.9576782044712e-85
# k=71, x=202.998984195075, logdetD(xi = x/alpha)=-1.63050772953581e-88
# k=72, x=211.439870494836, logdetD(xi = x/alpha)=-3.41672632767156e-92
# k=73, x=220.402368151736, logdetD(xi = x/alpha)=-4.24563032122202e-96
# k=74, x=229.98320607568, logdetD(xi = x/alpha)=-2.83935620736647e-100
# k=75, x=240.319087055842, logdetD(xi = x/alpha)=-8.91135227136959e-105
# k=76, x=251.6158793305, logdetD(xi = x/alpha)=-1.06783761381969e-109
# k=77, x=264.213823883199, logdetD(xi = x/alpha)=-3.47377262550291e-115
# k=78, x=278.766733046005, logdetD(xi = x/alpha)=-1.59302110414929e-121
# k=79, x=296.966511995651, logdetD(xi = x/alpha)=-1.88898099829853e-129
#
# L/R, lmax, order, alpha, F(T=0)
0.0482960212434877, 166, 80, 0.0921419527781838, -18.1726012672501
# finished at Fri Aug 14 09:21:01 CEST 2015
