# starting on alcc97 at Sa 15. Aug 16:30:22 CEST 2015
# casimir_T0 -x 0.0101934027101342 -L 785 -N 80

# LbyR  = 0.0101934027101342
# alpha = 0.0201810914282106
# order = 80
# prec  = 1e-12
# lmax  = 785
# cores = 20
#
# k=18, x=10.8996933712879, logdetD(xi = x/alpha)=-0.000452349252989472
# k=17, x=9.75641480574293, logdetD(xi = x/alpha)=-0.00141903969147281
# k=16, x=8.6783308251677, logdetD(xi = x/alpha)=-0.00417045480455237
# k=15, x=7.66499349489177, logdetD(xi = x/alpha)=-0.0114880242583365
# k=14, x=6.71598597785132, logdetD(xi = x/alpha)=-0.0296740617566112
# k=13, x=5.83092153860872, logdetD(xi = x/alpha)=-0.0719076488558772
# k=12, x=5.00944263362017, logdetD(xi = x/alpha)=-0.163549293129337
# k=25, x=20.7727999097921, logdetD(xi = x/alpha)=-2.32252280625889e-08
# k=11, x=4.25122008230988, logdetD(xi = x/alpha)=-0.349329693874368
# k=26, x=22.4579012045405, logdetD(xi = x/alpha)=-4.29916855054783e-09
# k=10, x=3.55595231404613, logdetD(xi = x/alpha)=-0.701164841071229
# k=24, x=19.1577496842412, logdetD(xi = x/alpha)=-1.16931183886655e-07
# k=27, x=24.2138440689586, logdetD(xi = x/alpha)=-7.41017797512522e-10
# k=28, x=26.0414665601656, logdetD(xi = x/alpha)=-1.18822126048027e-10
# k=29, x=27.9416568418595, logdetD(xi = x/alpha)=-1.77082412832779e-11
# k=30, x=29.915355964901, logdetD(xi = x/alpha)=-2.45034813637802e-12
# k=31, x=31.9635609022089, logdetD(xi = x/alpha)=-3.14484011056036e-13
# k=32, x=34.0873278647262, logdetD(xi = x/alpha)=-3.7394725197272e-14
# k=34, x=38.5660910092922, logdetD(xi = x/alpha)=-4.18534104682125e-16
# k=33, x=36.2877759287815, logdetD(xi = x/alpha)=-4.11493304092176e-15
# k=9, x=2.92336468655543, logdetD(xi = x/alpha)=-1.32357307926462
# k=35, x=40.9235302180313, logdetD(xi = x/alpha)=-3.92973134365228e-17
# k=36, x=43.3614266517312, logdetD(xi = x/alpha)=-3.40155845696636e-18
# k=23, x=17.6120052438144, logdetD(xi = x/alpha)=-5.49098729364152e-07
# k=8, x=2.35320887160926, logdetD(xi = x/alpha)=-2.35193956767814
# k=38, x=48.4843356608332, logdetD(xi = x/alpha)=-1.98550821249612e-20
# k=37, x=45.8811946612789, logdetD(xi = x/alpha)=-2.71058724290776e-19
# k=39, x=51.172444544607, logdetD(xi = x/alpha)=-1.33480309023351e-21
# k=40, x=53.9472167895544, logdetD(xi = x/alpha)=-8.22190860809473e-23
# k=41, x=56.8104563346362, logdetD(xi = x/alpha)=-4.6319640954662e-24
# k=42, x=59.76408434211, logdetD(xi = x/alpha)=-2.38216719309947e-25
# k=43, x=62.8101489639265, logdetD(xi = x/alpha)=-1.11613535063495e-26
# k=45, x=69.1884824202363, logdetD(xi = x/alpha)=-1.8365734473057e-29
# k=44, x=65.9508362574561, logdetD(xi = x/alpha)=-4.75403836518796e-28
# k=46, x=72.5255875442633, logdetD(xi = x/alpha)=-6.41920281792196e-31
# k=7, x=1.84526230383585, logdetD(xi = x/alpha)=-3.93823623462205
# k=47, x=75.9648311278642, logdetD(xi = x/alpha)=-2.02455829966686e-32
# k=48, x=79.5090896290888, logdetD(xi = x/alpha)=-5.74538502397564e-34
# k=49, x=83.1614564010537, logdetD(xi = x/alpha)=-1.46256837683642e-35
# k=6, x=1.39932768784287, logdetD(xi = x/alpha)=-6.22022698507156
# k=50, x=86.9252644196156, logdetD(xi = x/alpha)=-3.32878098725372e-37
# k=52, x=94.8018942159474, logdetD(xi = x/alpha)=-1.21450966426346e-40
# k=53, x=98.9228344469406, logdetD(xi = x/alpha)=-1.93125901423658e-42
# k=51, x=90.8041123009408, logdetD(xi = x/alpha)=-6.74953688206317e-39
# k=54, x=103.171527508039, logdetD(xi = x/alpha)=-2.70150147462099e-44
# k=55, x=107.55298497754, logdetD(xi = x/alpha)=-3.3076954570279e-46
# k=56, x=112.072690484128, logdetD(xi = x/alpha)=-3.52554210287462e-48
# k=58, x=121.551542490953, logdetD(xi = x/alpha)=-2.57786204201977e-52
# k=57, x=116.736664673504, logdetD(xi = x/alpha)=-3.25159569557178e-50
# k=5, x=1.01523255618947, logdetD(xi = x/alpha)=-9.27382851706548
# k=59, x=126.524665796516, logdetD(xi = x/alpha)=-1.74393120737232e-54
# k=61, x=136.979246686937, logdetD(xi = x/alpha)=-4.79513478440978e-59
# k=60, x=131.66419525212, logdetD(xi = x/alpha)=-9.98533738441161e-57
# k=63, x=148.178202455004, logdetD(xi = x/alpha)=-6.25342511387126e-64
# k=62, x=142.480058912162, logdetD(xi = x/alpha)=-1.91159251770691e-61
# k=64, x=154.086842281799, logdetD(xi = x/alpha)=-1.65670829759463e-66
# k=22, x=16.1348643716625, logdetD(xi = x/alpha)=-2.40688076310943e-06
# k=66, x=166.598351934054, logdetD(xi = x/alpha)=-5.80013751880923e-72
# k=65, x=160.221072870096, logdetD(xi = x/alpha)=-3.50119867462937e-69
# k=67, x=173.23907133425, logdetD(xi = x/alpha)=-7.37974674844686e-75
# k=68, x=180.167323049032, logdetD(xi = x/alpha)=-7.03957238643649e-78
# k=0, x=0.0179604233006984, logdetD(xi = x/alpha)=-27.1057527022623
# k=1, x=0.094639912994354, logdetD(xi = x/alpha)=-25.2000865804848
# k=2, x=0.232622868125868, logdetD(xi = x/alpha)=-21.6255657645071
# k=3, x=0.431992547802387, logdetD(xi = x/alpha)=-17.3275413926817
# k=4, x=0.692828861352022, logdetD(xi = x/alpha)=-13.05319908552
# k=79, x=296.966511995651, logdetD(xi = x/alpha)=-9.12444012659725e-129
# k=76, x=251.6158793305, logdetD(xi = x/alpha)=-5.15424432839284e-109
# k=72, x=211.439870494836, logdetD(xi = x/alpha)=-1.64773052822272e-91
# k=69, x=187.411949676964, logdetD(xi = x/alpha)=-4.89107991326686e-81
# k=70, x=195.008022441533, logdetD(xi = x/alpha)=-2.38977806276344e-84
# k=71, x=202.998984195075, logdetD(xi = x/alpha)=-7.86142478249947e-88
# k=74, x=229.98320607568, logdetD(xi = x/alpha)=-1.36989690395393e-99
# k=77, x=264.213823883199, logdetD(xi = x/alpha)=-1.67710299464835e-114
# k=73, x=220.402368151736, logdetD(xi = x/alpha)=-2.04792737468949e-95
# k=78, x=278.766733046005, logdetD(xi = x/alpha)=-7.69278510892607e-121
# k=75, x=240.319087055842, logdetD(xi = x/alpha)=-4.30038280169946e-104
# k=21, x=14.7256659435086, logdetD(xi = x/alpha)=-9.85499251871984e-06
# k=20, x=13.3837881127786, logdetD(xi = x/alpha)=-3.77179782905749e-05
# k=19, x=12.1086466423657, logdetD(xi = x/alpha)=-0.000135021623221215
#
# L/R, lmax, order, alpha, F(T=0)
0.0101934027101342, 785, 80, 0.0201810914282106, -412.428867754107
# finished at Sa 15. Aug 19:05:43 CEST 2015
