# starting on alcc80 at Fri Aug 14 09:06:25 CEST 2015
# casimir_T0 -x 0.0921885388650118 -L 87 -N 80

# LbyR  = 0.0921885388650118
# alpha = 0.168814331197456
# order = 80
# prec  = 1e-12
# lmax  = 87
# cores = 2
#
# k=0, x=0.0179604233006984, logdetD(xi = x/alpha)=-2.30525866988206
# k=1, x=0.094639912994354, logdetD(xi = x/alpha)=-2.25506392579034
# k=2, x=0.232622868125868, logdetD(xi = x/alpha)=-2.05757634156287
# k=3, x=0.431992547802387, logdetD(xi = x/alpha)=-1.72398801065087
# k=4, x=0.692828861352022, logdetD(xi = x/alpha)=-1.33753987281145
# k=5, x=1.01523255618947, logdetD(xi = x/alpha)=-0.968932909085203
# k=6, x=1.39932768784287, logdetD(xi = x/alpha)=-0.658507780651162
# k=7, x=1.84526230383585, logdetD(xi = x/alpha)=-0.420771960325753
# k=8, x=2.35320887160926, logdetD(xi = x/alpha)=-0.252949593524912
# k=9, x=2.92336468655543, logdetD(xi = x/alpha)=-0.143042029923782
# k=10, x=3.55595231404613, logdetD(xi = x/alpha)=-0.0760547603120268
# k=11, x=4.25122008230988, logdetD(xi = x/alpha)=-0.0379988242117824
# k=12, x=5.00944263362017, logdetD(xi = x/alpha)=-0.0178300621747362
# k=13, x=5.83092153860872, logdetD(xi = x/alpha)=-0.00785343266272856
# k=14, x=6.71598597785132, logdetD(xi = x/alpha)=-0.00324563531421335
# k=15, x=7.66499349489177, logdetD(xi = x/alpha)=-0.00125804713287374
# k=16, x=8.6783308251677, logdetD(xi = x/alpha)=-0.000457169187519901
# k=17, x=9.75641480574293, logdetD(xi = x/alpha)=-0.000155689343946755
# k=18, x=10.8996933712879, logdetD(xi = x/alpha)=-4.96648064652425e-05
# k=19, x=12.1086466423657, logdetD(xi = x/alpha)=-1.48332286340175e-05
# k=20, x=13.3837881127786, logdetD(xi = x/alpha)=-4.14562248848582e-06
# k=21, x=14.7256659435086, logdetD(xi = x/alpha)=-1.08357886505758e-06
# k=22, x=16.1348643716625, logdetD(xi = x/alpha)=-2.64713740088893e-07
# k=23, x=17.6120052438144, logdetD(xi = x/alpha)=-6.04010856636045e-08
# k=24, x=19.1577496842412, logdetD(xi = x/alpha)=-1.28632649000561e-08
# k=25, x=20.7727999097921, logdetD(xi = x/alpha)=-2.55482408113219e-09
# k=26, x=22.4579012045405, logdetD(xi = x/alpha)=-4.72845211422081e-10
# k=27, x=24.2138440689586, logdetD(xi = x/alpha)=-8.14798880621399e-11
# k=28, x=26.0414665601656, logdetD(xi = x/alpha)=-1.30605439883906e-11
# k=29, x=27.9416568418595, logdetD(xi = x/alpha)=-1.94553201902242e-12
# k=30, x=29.915355964901, logdetD(xi = x/alpha)=-2.6906008003573e-13
# k=31, x=31.9635609022089, logdetD(xi = x/alpha)=-3.4509715613903e-14
# k=32, x=34.0873278647262, logdetD(xi = x/alpha)=-4.10054001065506e-15
# k=33, x=36.2877759287815, logdetD(xi = x/alpha)=-4.5087066553871e-16
# k=34, x=38.5660910092922, logdetD(xi = x/alpha)=-4.58198148146189e-17
# k=35, x=40.9235302180313, logdetD(xi = x/alpha)=-4.29830796046785e-18
# k=36, x=43.3614266517312, logdetD(xi = x/alpha)=-3.71712988698973e-19
# k=37, x=45.8811946612789, logdetD(xi = x/alpha)=-2.95920503512979e-20
# k=38, x=48.4843356608332, logdetD(xi = x/alpha)=-2.16548649040757e-21
# k=39, x=51.172444544607, logdetD(xi = x/alpha)=-1.45434207329855e-22
# k=40, x=53.9472167895544, logdetD(xi = x/alpha)=-8.94919334954761e-24
# k=41, x=56.8104563346362, logdetD(xi = x/alpha)=-5.0365962371563e-25
# k=42, x=59.76408434211, logdetD(xi = x/alpha)=-2.58765222921628e-26
# k=43, x=62.8101489639265, logdetD(xi = x/alpha)=-1.21119796289282e-27
# k=44, x=65.9508362574561, logdetD(xi = x/alpha)=-5.15382909135228e-29
# k=45, x=69.1884824202363, logdetD(xi = x/alpha)=-1.98907185045338e-30
# k=46, x=72.5255875442633, logdetD(xi = x/alpha)=-6.94552309951923e-32
# k=47, x=75.9648311278642, logdetD(xi = x/alpha)=-2.18848490982313e-33
# k=48, x=79.5090896290888, logdetD(xi = x/alpha)=-6.20483450325585e-35
# k=49, x=83.1614564010537, logdetD(xi = x/alpha)=-1.57809788484629e-36
# k=50, x=86.9252644196156, logdetD(xi = x/alpha)=-3.58854951355223e-38
# k=51, x=90.8041123009408, logdetD(xi = x/alpha)=-7.26997925033884e-40
# k=52, x=94.8018942159474, logdetD(xi = x/alpha)=-1.30705933657275e-41
# k=53, x=98.9228344469406, logdetD(xi = x/alpha)=-2.07672836629116e-43
# k=54, x=103.171527508039, logdetD(xi = x/alpha)=-2.90267833879294e-45
# k=55, x=107.55298497754, logdetD(xi = x/alpha)=-3.55126726270483e-47
# k=56, x=112.072690484128, logdetD(xi = x/alpha)=-3.78231203691932e-49
# k=57, x=116.736664673504, logdetD(xi = x/alpha)=-3.48586760645424e-51
# k=58, x=121.551542490953, logdetD(xi = x/alpha)=-2.76163319884653e-53
# k=59, x=126.524665796516, logdetD(xi = x/alpha)=-1.86696629165985e-55
# k=60, x=131.66419525212, logdetD(xi = x/alpha)=-1.06826557568951e-57
# k=61, x=136.979246686937, logdetD(xi = x/alpha)=-5.12666498960671e-60
# k=62, x=142.480058912162, logdetD(xi = x/alpha)=-2.04246689615817e-62
# k=63, x=148.178202455004, logdetD(xi = x/alpha)=-6.67745346924087e-65
# k=64, x=154.086842281799, logdetD(xi = x/alpha)=-1.76798860311706e-67
# k=65, x=160.221072870096, logdetD(xi = x/alpha)=-3.7342001328989e-70
# k=66, x=166.598351934054, logdetD(xi = x/alpha)=-6.18262766051383e-73
# k=67, x=173.23907133425, logdetD(xi = x/alpha)=-7.86206037934944e-76
# k=68, x=180.167323049032, logdetD(xi = x/alpha)=-7.49561086411467e-79
# k=69, x=187.411949676964, logdetD(xi = x/alpha)=-5.2051902829926e-82
# k=70, x=195.008022441533, logdetD(xi = x/alpha)=-2.54193989294907e-85
# k=71, x=202.998984195075, logdetD(xi = x/alpha)=-8.35774296545564e-89
# k=72, x=211.439870494836, logdetD(xi = x/alpha)=-1.75088449493095e-92
# k=73, x=220.402368151736, logdetD(xi = x/alpha)=-2.17506449229669e-96
# k=74, x=229.98320607568, logdetD(xi = x/alpha)=-1.45423115987977e-100
# k=75, x=240.319087055842, logdetD(xi = x/alpha)=-4.56290017789604e-105
# k=76, x=251.6158793305, logdetD(xi = x/alpha)=-5.46619895908659e-110
# k=77, x=264.213823883199, logdetD(xi = x/alpha)=-1.77771334614366e-115
# k=78, x=278.766733046005, logdetD(xi = x/alpha)=-8.14996498231318e-122
# k=79, x=296.966511995651, logdetD(xi = x/alpha)=-9.66095578284898e-130
#
# L/R, lmax, order, alpha, F(T=0)
0.0921885388650118, 87, 80, 0.168814331197456, -4.9484335367574
# finished at Fri Aug 14 09:08:23 CEST 2015
