# starting on alcc84 at Fri Aug 14 09:09:03 CEST 2015
# casimir_T0 -x 0.030965993558272 -L 259 -N 80

# LbyR  = 0.030965993558272
# alpha = 0.0600718040202201
# order = 80
# prec  = 1e-12
# lmax  = 259
# cores = 4
#
# k=0, x=0.0179604233006984, logdetD(xi = x/alpha)=-8.19309261418641
# k=2, x=0.232622868125868, logdetD(xi = x/alpha)=-6.83553190769084
# k=1, x=0.094639912994354, logdetD(xi = x/alpha)=-7.80179097575129
# k=4, x=0.692828861352022, logdetD(xi = x/alpha)=-4.2137562511265
# k=3, x=0.431992547802387, logdetD(xi = x/alpha)=-5.54890595648542
# k=5, x=1.01523255618947, logdetD(xi = x/alpha)=-3.00906130257819
# k=8, x=2.35320887160926, logdetD(xi = x/alpha)=-0.768815381776351
# k=7, x=1.84526230383585, logdetD(xi = x/alpha)=-1.2851983015793
# k=6, x=1.39932768784287, logdetD(xi = x/alpha)=-2.02513829197057
# k=10, x=3.55595231404613, logdetD(xi = x/alpha)=-0.22969501705898
# k=11, x=4.25122008230988, logdetD(xi = x/alpha)=-0.114518798210454
# k=9, x=2.92336468655543, logdetD(xi = x/alpha)=-0.43318915987736
# k=14, x=6.71598597785132, logdetD(xi = x/alpha)=-0.00974137257660737
# k=13, x=5.83092153860872, logdetD(xi = x/alpha)=-0.0235970289501981
# k=12, x=5.00944263362017, logdetD(xi = x/alpha)=-0.0536456234152841
# k=17, x=9.75641480574293, logdetD(xi = x/alpha)=-0.000466205409407137
# k=16, x=8.6783308251677, logdetD(xi = x/alpha)=-0.00136984659141713
# k=15, x=7.66499349489177, logdetD(xi = x/alpha)=-0.00377243710267474
# k=20, x=13.3837881127786, logdetD(xi = x/alpha)=-1.23974616107824e-05
# k=19, x=12.1086466423657, logdetD(xi = x/alpha)=-4.43743861677969e-05
# k=18, x=10.8996933712879, logdetD(xi = x/alpha)=-0.000148640156366171
# k=23, x=17.6120052438144, logdetD(xi = x/alpha)=-1.80525576280012e-07
# k=24, x=19.1577496842412, logdetD(xi = x/alpha)=-3.84444245866978e-08
# k=22, x=16.1348643716625, logdetD(xi = x/alpha)=-7.91258253639857e-07
# k=25, x=20.7727999097921, logdetD(xi = x/alpha)=-7.63603331883955e-09
# k=26, x=22.4579012045405, logdetD(xi = x/alpha)=-1.41347207464503e-09
# k=27, x=24.2138440689586, logdetD(xi = x/alpha)=-2.43622044305782e-10
# k=21, x=14.7256659435086, logdetD(xi = x/alpha)=-3.2395552859778e-06
# k=28, x=26.0414665601656, logdetD(xi = x/alpha)=-3.90625827111212e-11
# k=29, x=27.9416568418595, logdetD(xi = x/alpha)=-5.82110812960298e-12
# k=30, x=29.915355964901, logdetD(xi = x/alpha)=-8.05408258576875e-13
# k=31, x=31.9635609022089, logdetD(xi = x/alpha)=-1.03356315934544e-13
# k=33, x=36.2877759287815, logdetD(xi = x/alpha)=-1.35201331756886e-15
# k=32, x=34.0873278647262, logdetD(xi = x/alpha)=-1.22883006491742e-14
# k=34, x=38.5660910092922, logdetD(xi = x/alpha)=-1.37492906159516e-16
# k=36, x=43.3614266517312, logdetD(xi = x/alpha)=-1.11706077971468e-18
# k=35, x=40.9235302180313, logdetD(xi = x/alpha)=-1.29074043374757e-17
# k=37, x=45.8811946612789, logdetD(xi = x/alpha)=-8.89983679869549e-20
# k=39, x=51.172444544607, logdetD(xi = x/alpha)=-4.38095917880756e-22
# k=38, x=48.4843356608332, logdetD(xi = x/alpha)=-6.51790208355532e-21
# k=40, x=53.9472167895544, logdetD(xi = x/alpha)=-2.69798462979728e-23
# k=42, x=59.76408434211, logdetD(xi = x/alpha)=-7.8138964414388e-26
# k=41, x=56.8104563346362, logdetD(xi = x/alpha)=-1.51965962916327e-24
# k=43, x=62.8101489639265, logdetD(xi = x/alpha)=-3.66038609601833e-27
# k=45, x=69.1884824202363, logdetD(xi = x/alpha)=-6.02074080123124e-30
# k=44, x=65.9508362574561, logdetD(xi = x/alpha)=-1.55879149370824e-28
# k=46, x=72.5255875442633, logdetD(xi = x/alpha)=-2.10397327546942e-31
# k=47, x=75.9648311278642, logdetD(xi = x/alpha)=-6.63450151269369e-33
# k=48, x=79.5090896290888, logdetD(xi = x/alpha)=-1.88242457649119e-34
# k=49, x=83.1614564010537, logdetD(xi = x/alpha)=-4.79111643431206e-36
# k=51, x=90.8041123009408, logdetD(xi = x/alpha)=-2.21026340676435e-39
# k=50, x=86.9252644196156, logdetD(xi = x/alpha)=-1.09025884587471e-37
# k=52, x=94.8018942159474, logdetD(xi = x/alpha)=-3.97647765085429e-41
# k=54, x=103.171527508039, logdetD(xi = x/alpha)=-8.84226282251146e-45
# k=53, x=98.9228344469406, logdetD(xi = x/alpha)=-6.32218903727456e-43
# k=55, x=107.55298497754, logdetD(xi = x/alpha)=-1.08247244402654e-46
# k=56, x=112.072690484128, logdetD(xi = x/alpha)=-1.1535919187604e-48
# k=57, x=116.736664673504, logdetD(xi = x/alpha)=-1.06379910538238e-50
# k=58, x=121.551542490953, logdetD(xi = x/alpha)=-8.43259631525177e-53
# k=60, x=131.66419525212, logdetD(xi = x/alpha)=-3.26547710412966e-57
# k=59, x=126.524665796516, logdetD(xi = x/alpha)=-5.70389178742984e-55
# k=61, x=136.979246686937, logdetD(xi = x/alpha)=-1.56793594700765e-59
# k=62, x=142.480058912162, logdetD(xi = x/alpha)=-6.24982685632612e-62
# k=63, x=148.178202455004, logdetD(xi = x/alpha)=-2.04426544885498e-64
# k=64, x=154.086842281799, logdetD(xi = x/alpha)=-5.4151874202244e-67
# k=65, x=160.221072870096, logdetD(xi = x/alpha)=-1.14428361359449e-69
# k=66, x=166.598351934054, logdetD(xi = x/alpha)=-1.89542230807083e-72
# k=67, x=173.23907133425, logdetD(xi = x/alpha)=-2.41135496725608e-75
# k=68, x=180.167323049032, logdetD(xi = x/alpha)=-2.29995368550216e-78
# k=69, x=187.411949676964, logdetD(xi = x/alpha)=-1.5978342885599e-81
# k=70, x=195.008022441533, logdetD(xi = x/alpha)=-7.80619969111512e-85
# k=71, x=202.998984195075, logdetD(xi = x/alpha)=-2.56767047760095e-88
# k=72, x=211.439870494836, logdetD(xi = x/alpha)=-5.38122122645011e-92
# k=73, x=220.402368151736, logdetD(xi = x/alpha)=-6.68753980899997e-96
# k=74, x=229.98320607568, logdetD(xi = x/alpha)=-4.47298267265268e-100
# k=75, x=240.319087055842, logdetD(xi = x/alpha)=-1.40402230238327e-104
# k=76, x=251.6158793305, logdetD(xi = x/alpha)=-1.68263183244798e-109
# k=77, x=264.213823883199, logdetD(xi = x/alpha)=-5.47444414768511e-115
# k=78, x=278.766733046005, logdetD(xi = x/alpha)=-2.51083280161955e-121
# k=79, x=296.966511995651, logdetD(xi = x/alpha)=-2.97775256850464e-129
#
# L/R, lmax, order, alpha, F(T=0)
0.030965993558272, 259, 80, 0.0600718040202201, -44.3904772799125
# finished at Fri Aug 14 09:28:04 CEST 2015
