# starting on alcc82 at Sa 15. Aug 20:19:31 CEST 2015
# casimir_T0 -x 0.00783895490683783 -L 1021 -N 80

# LbyR  = 0.00783895490683783
# alpha = 0.0155559672875761
# order = 80
# prec  = 1e-12
# lmax  = 1021
# cores = 20
#
# k=18, x=10.8996933712879, logdetD(xi = x/alpha)=-0.000588332561839493
# k=17, x=9.75641480574293, logdetD(xi = x/alpha)=-0.00184566263236027
# k=16, x=8.6783308251677, logdetD(xi = x/alpha)=-0.00542440008352254
# k=15, x=7.66499349489177, logdetD(xi = x/alpha)=-0.014942601068944
# k=14, x=6.71598597785132, logdetD(xi = x/alpha)=-0.0385987197617286
# k=13, x=5.83092153860872, logdetD(xi = x/alpha)=-0.0935382327723201
# k=12, x=5.00944263362017, logdetD(xi = x/alpha)=-0.212757540243007
# k=25, x=20.7727999097921, logdetD(xi = x/alpha)=-3.02057426193808e-08
# k=11, x=4.25122008230988, logdetD(xi = x/alpha)=-0.454463932797157
# k=26, x=22.4579012045405, logdetD(xi = x/alpha)=-5.5913604428365e-09
# k=27, x=24.2138440689586, logdetD(xi = x/alpha)=-9.63755432001324e-10
# k=28, x=26.0414665601656, logdetD(xi = x/alpha)=-1.54540526483715e-10
# k=24, x=19.1577496842412, logdetD(xi = x/alpha)=-1.52075082991093e-07
# k=10, x=3.55595231404613, logdetD(xi = x/alpha)=-0.912260996433472
# k=29, x=27.9416568418595, logdetD(xi = x/alpha)=-2.30318599174915e-11
# k=30, x=29.915355964901, logdetD(xi = x/alpha)=-3.18706886651397e-12
# k=31, x=31.9635609022089, logdetD(xi = x/alpha)=-4.09047518618926e-13
# k=32, x=34.0873278647262, logdetD(xi = x/alpha)=-4.86405420269602e-14
# k=33, x=36.2877759287815, logdetD(xi = x/alpha)=-5.35260118509046e-15
# k=34, x=38.5660910092922, logdetD(xi = x/alpha)=-5.44437525107404e-16
# k=35, x=40.9235302180313, logdetD(xi = x/alpha)=-5.11206089441426e-17
# k=36, x=43.3614266517312, logdetD(xi = x/alpha)=-4.42514773217662e-18
# k=9, x=2.92336468655543, logdetD(xi = x/alpha)=-1.72223495037435
# k=37, x=45.8811946612789, logdetD(xi = x/alpha)=-3.52639105704763e-19
# k=38, x=48.4843356608332, logdetD(xi = x/alpha)=-2.5831905517008e-20
# k=39, x=51.172444544607, logdetD(xi = x/alpha)=-1.7366805177517e-21
# k=8, x=2.35320887160926, logdetD(xi = x/alpha)=-3.06077311220933
# k=40, x=53.9472167895544, logdetD(xi = x/alpha)=-1.06977767103807e-22
# k=41, x=56.8104563346362, logdetD(xi = x/alpha)=-6.02704314825842e-24
# k=42, x=59.76408434211, logdetD(xi = x/alpha)=-3.09977073927834e-25
# k=43, x=62.8101489639265, logdetD(xi = x/alpha)=-1.4524203475933e-26
# k=44, x=65.9508362574561, logdetD(xi = x/alpha)=-6.18665800326392e-28
# k=45, x=69.1884824202363, logdetD(xi = x/alpha)=-2.39011873980691e-29
# k=46, x=72.5255875442633, logdetD(xi = x/alpha)=-8.35429408397174e-31
# k=47, x=75.9648311278642, logdetD(xi = x/alpha)=-2.63497277664235e-32
# k=48, x=79.5090896290888, logdetD(xi = x/alpha)=-7.47793757682189e-34
# k=49, x=83.1614564010537, logdetD(xi = x/alpha)=-1.90368625240418e-35
# k=23, x=17.6120052438144, logdetD(xi = x/alpha)=-7.14131125811932e-07
# k=50, x=86.9252644196156, logdetD(xi = x/alpha)=-4.33291871368107e-37
# k=7, x=1.84526230383585, logdetD(xi = x/alpha)=-5.12612686005382
# k=51, x=90.8041123009408, logdetD(xi = x/alpha)=-8.78587529359182e-39
# k=52, x=94.8018942159474, logdetD(xi = x/alpha)=-1.58098366626594e-40
# k=53, x=98.9228344469406, logdetD(xi = x/alpha)=-2.51409615873505e-42
# k=54, x=103.171527508039, logdetD(xi = x/alpha)=-3.51690895649728e-44
# k=55, x=107.55298497754, logdetD(xi = x/alpha)=-4.30621387127641e-46
# k=56, x=112.072690484128, logdetD(xi = x/alpha)=-4.58996904559773e-48
# k=6, x=1.39932768784287, logdetD(xi = x/alpha)=-8.09859966789158
# k=57, x=116.736664673504, logdetD(xi = x/alpha)=-4.23344362117583e-50
# k=58, x=121.551542490953, logdetD(xi = x/alpha)=-3.35637074060086e-52
# k=59, x=126.524665796516, logdetD(xi = x/alpha)=-2.27066074895093e-54
# k=60, x=131.66419525212, logdetD(xi = x/alpha)=-1.30016341228409e-56
# k=62, x=142.480058912162, logdetD(xi = x/alpha)=-2.48916731060251e-61
# k=61, x=136.979246686937, logdetD(xi = x/alpha)=-6.24378538061794e-59
# k=63, x=148.178202455004, logdetD(xi = x/alpha)=-8.14306726583816e-64
# k=64, x=154.086842281799, logdetD(xi = x/alpha)=-2.15738231617122e-66
# k=65, x=160.221072870096, logdetD(xi = x/alpha)=-4.55940878772192e-69
# k=66, x=166.598351934054, logdetD(xi = x/alpha)=-7.55336555200442e-72
# k=67, x=173.23907133425, logdetD(xi = x/alpha)=-9.6106740964038e-75
# k=68, x=180.167323049032, logdetD(xi = x/alpha)=-9.16787347956433e-78
# k=69, x=187.411949676964, logdetD(xi = x/alpha)=-6.3699615528033e-81
# k=70, x=195.008022441533, logdetD(xi = x/alpha)=-3.11242678505828e-84
# k=0, x=0.0179604233006984, logdetD(xi = x/alpha)=-35.6657888332676
# k=1, x=0.094639912994354, logdetD(xi = x/alpha)=-33.0195228213327
# k=2, x=0.232622868125868, logdetD(xi = x/alpha)=-28.2555224817087
# k=3, x=0.431992547802387, logdetD(xi = x/alpha)=-22.6034867071384
# k=4, x=0.692828861352022, logdetD(xi = x/alpha)=-17.0116209333732
# k=5, x=1.01523255618947, logdetD(xi = x/alpha)=-12.0790180389026
# k=74, x=229.98320607568, logdetD(xi = x/alpha)=-1.78429274742235e-99
# k=76, x=251.6158793305, logdetD(xi = x/alpha)=-6.71369051099256e-109
# k=77, x=264.213823883199, logdetD(xi = x/alpha)=-2.18456689631331e-114
# k=71, x=202.998984195075, logdetD(xi = x/alpha)=-1.02388736621231e-87
# k=78, x=278.766733046005, logdetD(xi = x/alpha)=-1.00207217327834e-120
# k=79, x=296.966511995651, logdetD(xi = x/alpha)=-1.18859152093958e-128
# k=72, x=211.439870494836, logdetD(xi = x/alpha)=-2.14608198522726e-91
# k=75, x=240.319087055842, logdetD(xi = x/alpha)=-5.60137114074505e-104
# k=73, x=220.402368151736, logdetD(xi = x/alpha)=-2.66737305316291e-95
# k=22, x=16.1348643716625, logdetD(xi = x/alpha)=-3.1302820230142e-06
# k=21, x=14.7256659435086, logdetD(xi = x/alpha)=-1.28170492648806e-05
# k=20, x=13.3837881127786, logdetD(xi = x/alpha)=-4.90551344702551e-05
# k=19, x=12.1086466423657, logdetD(xi = x/alpha)=-0.000175608336511841
#
# L/R, lmax, order, alpha, F(T=0)
0.00783895490683783, 1021, 80, 0.0155559672875761, -698.060718592445
# finished at So 16. Aug 02:03:12 CEST 2015
