# starting on alcc99 at Fri Aug 14 09:06:20 CEST 2015
# casimir_T0 -x 0.112827814226474 -L 71 -N 80

# LbyR  = 0.112827814226474
# alpha = 0.202776768847929
# order = 80
# prec  = 1e-12
# lmax  = 71
# cores = 2
#
# k=0, x=0.0179604233006984, logdetD(xi = x/alpha)=-1.79421821071547
# k=1, x=0.094639912994354, logdetD(xi = x/alpha)=-1.76222455079043
# k=2, x=0.232622868125868, logdetD(xi = x/alpha)=-1.62360429133568
# k=3, x=0.431992547802387, logdetD(xi = x/alpha)=-1.37303756502815
# k=4, x=0.692828861352022, logdetD(xi = x/alpha)=-1.07245673893878
# k=5, x=1.01523255618947, logdetD(xi = x/alpha)=-0.780530651670077
# k=6, x=1.39932768784287, logdetD(xi = x/alpha)=-0.532183831561822
# k=7, x=1.84526230383585, logdetD(xi = x/alpha)=-0.340832404979553
# k=8, x=2.35320887160926, logdetD(xi = x/alpha)=-0.205232701560138
# k=9, x=2.92336468655543, logdetD(xi = x/alpha)=-0.11620050923423
# k=10, x=3.55595231404613, logdetD(xi = x/alpha)=-0.0618405595340716
# k=11, x=4.25122008230988, logdetD(xi = x/alpha)=-0.0309192397827682
# k=12, x=5.00944263362017, logdetD(xi = x/alpha)=-0.0145163607279141
# k=13, x=5.83092153860872, logdetD(xi = x/alpha)=-0.0063967977082407
# k=14, x=6.71598597785132, logdetD(xi = x/alpha)=-0.00264462931147058
# k=15, x=7.66499349489177, logdetD(xi = x/alpha)=-0.00102540618866366
# k=16, x=8.6783308251677, logdetD(xi = x/alpha)=-0.000372724100587539
# k=17, x=9.75641480574293, logdetD(xi = x/alpha)=-0.000126958665712294
# k=18, x=10.8996933712879, logdetD(xi = x/alpha)=-4.05069159899596e-05
# k=19, x=12.1086466423657, logdetD(xi = x/alpha)=-1.20998161155033e-05
# k=20, x=13.3837881127786, logdetD(xi = x/alpha)=-3.38206593108458e-06
# k=21, x=14.7256659435086, logdetD(xi = x/alpha)=-8.84074862607877e-07
# k=22, x=16.1348643716625, logdetD(xi = x/alpha)=-2.15987267398892e-07
# k=23, x=17.6120052438144, logdetD(xi = x/alpha)=-4.92840380711513e-08
# k=24, x=19.1577496842412, logdetD(xi = x/alpha)=-1.04956432077931e-08
# k=25, x=20.7727999097921, logdetD(xi = x/alpha)=-2.08449738601052e-09
# k=26, x=22.4579012045405, logdetD(xi = x/alpha)=-3.8576959508291e-10
# k=27, x=24.2138440689586, logdetD(xi = x/alpha)=-6.64682694302339e-11
# k=28, x=26.0414665601656, logdetD(xi = x/alpha)=-1.06528763226323e-11
# k=29, x=27.9416568418595, logdetD(xi = x/alpha)=-1.58662052629619e-12
# k=30, x=29.915355964901, logdetD(xi = x/alpha)=-2.19382161885995e-13
# k=31, x=31.9635609022089, logdetD(xi = x/alpha)=-2.81319701771874e-14
# k=32, x=34.0873278647262, logdetD(xi = x/alpha)=-3.34192811292352e-15
# k=33, x=36.2877759287815, logdetD(xi = x/alpha)=-3.67364455798494e-16
# k=34, x=38.5660910092922, logdetD(xi = x/alpha)=-3.73233563649867e-17
# k=35, x=40.9235302180313, logdetD(xi = x/alpha)=-3.50026932098314e-18
# k=36, x=43.3614266517312, logdetD(xi = x/alpha)=-3.02610371442165e-19
# k=37, x=45.8811946612789, logdetD(xi = x/alpha)=-2.40835197380499e-20
# k=38, x=48.4843356608332, logdetD(xi = x/alpha)=-1.76184187480041e-21
# k=39, x=51.172444544607, logdetD(xi = x/alpha)=-1.18288686691169e-22
# k=40, x=53.9472167895544, logdetD(xi = x/alpha)=-7.27654447717704e-24
# k=41, x=56.8104563346362, logdetD(xi = x/alpha)=-4.09395688684379e-25
# k=42, x=59.76408434211, logdetD(xi = x/alpha)=-2.10270165323198e-26
# k=43, x=62.8101489639265, logdetD(xi = x/alpha)=-9.83906447191879e-28
# k=44, x=65.9508362574561, logdetD(xi = x/alpha)=-4.18540369713338e-29
# k=45, x=69.1884824202363, logdetD(xi = x/alpha)=-1.61483655707829e-30
# k=46, x=72.5255875442633, logdetD(xi = x/alpha)=-5.63710598630506e-32
# k=47, x=75.9648311278642, logdetD(xi = x/alpha)=-1.77570385661024e-33
# k=48, x=79.5090896290888, logdetD(xi = x/alpha)=-5.03310160122275e-35
# k=49, x=83.1614564010537, logdetD(xi = x/alpha)=-1.2797373403072e-36
# k=50, x=86.9252644196156, logdetD(xi = x/alpha)=-2.90931158179488e-38
# k=51, x=90.8041123009408, logdetD(xi = x/alpha)=-5.89239540550022e-40
# k=52, x=94.8018942159474, logdetD(xi = x/alpha)=-1.05911832548982e-41
# k=53, x=98.9228344469406, logdetD(xi = x/alpha)=-1.68237338210356e-43
# k=54, x=103.171527508039, logdetD(xi = x/alpha)=-2.35092158337725e-45
# k=55, x=107.55298497754, logdetD(xi = x/alpha)=-2.87555785112348e-47
# k=56, x=112.072690484128, logdetD(xi = x/alpha)=-3.06195324336426e-49
# k=57, x=116.736664673504, logdetD(xi = x/alpha)=-2.82135281587973e-51
# k=58, x=121.551542490953, logdetD(xi = x/alpha)=-2.23470706902662e-53
# k=59, x=126.524665796516, logdetD(xi = x/alpha)=-1.51043446196517e-55
# k=60, x=131.66419525212, logdetD(xi = x/alpha)=-8.6408816803562e-58
# k=61, x=136.979246686937, logdetD(xi = x/alpha)=-4.14600382435376e-60
# k=62, x=142.480058912162, logdetD(xi = x/alpha)=-1.65146031135984e-62
# k=63, x=148.178202455004, logdetD(xi = x/alpha)=-5.39814637241617e-65
# k=64, x=154.086842281799, logdetD(xi = x/alpha)=-1.42901282720579e-67
# k=65, x=160.221072870096, logdetD(xi = x/alpha)=-3.01772202733699e-70
# k=66, x=166.598351934054, logdetD(xi = x/alpha)=-4.99553139254815e-73
# k=67, x=173.23907133425, logdetD(xi = x/alpha)=-6.35146325178673e-76
# k=68, x=180.167323049032, logdetD(xi = x/alpha)=-6.05445408680942e-79
# k=69, x=187.411949676964, logdetD(xi = x/alpha)=-4.20374826116999e-82
# k=70, x=195.008022441533, logdetD(xi = x/alpha)=-2.05257453072589e-85
# k=71, x=202.998984195075, logdetD(xi = x/alpha)=-6.74772698512798e-89
# k=72, x=211.439870494836, logdetD(xi = x/alpha)=-1.41338958870162e-92
# k=73, x=220.402368151736, logdetD(xi = x/alpha)=-1.7555502103859e-96
# k=74, x=229.98320607568, logdetD(xi = x/alpha)=-1.17357759786294e-100
# k=75, x=240.319087055842, logdetD(xi = x/alpha)=-3.68177033228975e-105
# k=76, x=251.6158793305, logdetD(xi = x/alpha)=-4.4099943867805e-110
# k=77, x=264.213823883199, logdetD(xi = x/alpha)=-1.43400196311716e-115
# k=78, x=278.766733046005, logdetD(xi = x/alpha)=-6.57318432313341e-122
# k=79, x=296.966511995651, logdetD(xi = x/alpha)=-7.79047328410218e-130
#
# L/R, lmax, order, alpha, F(T=0)
0.112827814226474, 71, 80, 0.202776768847929, -3.29394469929426
# finished at Fri Aug 14 09:07:22 CEST 2015
