# starting on alcc118 at Sa 15. Apr 01:51:31 CEST 2017

# L      = 4.2e-07
# R      = 2e-05
# LbyR   = 0.021
# T      = 295
# cutoff = 1e-12
# epsrel = 1e-09
# ldim   = 429
# cores  = 5
# alpha  = 0.0411361410381978
# filename = /alcc/gpfs1/home/u/hartmmic/libcasimir-dev/data/materials/GoldEpsIm.dat
# model  = optical data (xi=0: Drude)
# plasma = -11.9670581511794 (logdetD(xi=0) for plasma model with omegap=9eV)
#
# xi=0, logdetD=-6.74270957777002, t=1.217
# xi=16.528897901095, logdetD=-5.668339693548, t=14.9611
# xi=33.0577958021899, logdetD=-2.62725581288958, t=14.7605
# xi=49.5866937032849, logdetD=-1.23460687957138, t=14.8477
# xi=66.1155916043798, logdetD=-0.584190616342954, t=15.3424
# xi=82.6444895054748, logdetD=-0.2774636185051, t=16.3585
# xi=99.1733874065698, logdetD=-0.132094872790345, t=17.9474
# xi=115.702285307665, logdetD=-0.0630430837630144, t=19.2374
# xi=132.23118320876, logdetD=-0.0301159004766145, t=19.4022
# xi=148.760081109855, logdetD=-0.0144072871245372, t=19.3393
# xi=165.28897901095, logdetD=-0.0068964527481468, t=19.0924
# xi=181.817876912045, logdetD=-0.00331027339159738, t=18.863
# xi=198.34677481314, logdetD=-0.00158955957302032, t=18.4141
# xi=214.875672714234, logdetD=-0.000764636636429049, t=18.0256
# xi=231.404570615329, logdetD=-0.000368285681959035, t=17.7107
# xi=247.933468516424, logdetD=-0.0001775292236642, t=17.2801
# xi=264.462366417519, logdetD=-8.5742118714684e-05, t=16.7496
# xi=280.991264318614, logdetD=-4.14362715969335e-05, t=16.4253
# xi=297.520162219709, logdetD=-2.00525207604868e-05, t=15.9744
# xi=314.049060120804, logdetD=-9.71399974635871e-06, t=15.4061
# xi=330.577958021899, logdetD=-4.70927386682828e-06, t=14.8199
# xi=347.106855922994, logdetD=-2.2862180752192e-06, t=14.2312
# xi=363.635753824089, logdetD=-1.11050860012424e-06, t=13.714
# xi=380.164651725184, logdetD=-5.39999435942821e-07, t=13.4171
# xi=396.693549626279, logdetD=-2.62786837084719e-07, t=12.5969
# xi=413.222447527374, logdetD=-1.27963804392515e-07, t=11.9169
# xi=429.751345428469, logdetD=-6.23766067874097e-08, t=11.508
# xi=446.280243329564, logdetD=-3.04198507248941e-08, t=10.7833
# xi=462.809141230659, logdetD=-1.48477054470762e-08, t=10.7534
# xi=479.338039131754, logdetD=-7.25141174594908e-09, t=10.7239
# xi=495.866937032849, logdetD=-3.54331999155151e-09, t=10.7003
#
# L/R, L, R, T, ldim, F*(L+R)/(ħc)
0.021, 4.2e-07, 2e-05, 295, 429, -73.7433084694092

# finished at Sa 15. Apr 01:59:14 CEST 2017
