# starting on alcc116 at Sa 15. Apr 03:01:03 CEST 2017

# L      = 8.05e-07
# R      = 2e-05
# LbyR   = 0.04025
# T      = 295
# cutoff = 1e-12
# epsrel = 1e-09
# ldim   = 224
# cores  = 4
# alpha  = 0.0773852439317472
# filename = /alcc/gpfs1/home/u/hartmmic/libcasimir-dev/data/materials/GoldEpsIm.dat
# model  = optical data (xi=0: Drude)
# plasma = -5.94592100525764 (logdetD(xi=0) for plasma model with omegap=9eV)
#
# xi=0, logdetD=-3.36405808747829, t=0.458258
# xi=16.8405348105916, logdetD=-1.55741893321025, t=5.01382
# xi=33.6810696211832, logdetD=-0.390589732755094, t=5.475
# xi=50.5216044317748, logdetD=-0.0991361054337378, t=5.9539
# xi=67.3621392423664, logdetD=-0.0252457165351063, t=6.38337
# xi=84.202674052958, logdetD=-0.00643840398489092, t=6.39855
# xi=101.04320886355, logdetD=-0.00164395894487539, t=6.41087
# xi=117.883743674141, logdetD=-0.000420579514808213, t=6.06965
# xi=134.724278484733, logdetD=-0.000107677904360726, t=5.91882
# xi=151.564813295324, logdetD=-2.76064316959173e-05, t=5.68587
# xi=168.405348105916, logdetD=-7.08195811872291e-06, t=5.40188
# xi=185.245882916508, logdetD=-1.8218088478702e-06, t=5.1235
# xi=202.086417727099, logdetD=-4.68851492940853e-07, t=4.91953
# xi=218.926952537691, logdetD=-1.20875358747516e-07, t=4.53258
# xi=235.767487348283, logdetD=-3.12024699424773e-08, t=3.98696
# xi=252.608022158874, logdetD=-8.06092487958299e-09, t=3.90254
# xi=269.448556969466, logdetD=-2.08642937543045e-09, t=3.85853
#
# L/R, L, R, T, ldim, F*(L+R)/(ħc)
0.04025, 8.05e-07, 2e-05, 295, 224, -20.1719550352793

# finished at Sa 15. Apr 03:02:29 CEST 2017
