# starting on alcc114 at Sa 15. Apr 14:26:35 CEST 2017

# L      = 1.45e-07
# R      = 2e-05
# LbyR   = 0.00725
# T      = 295
# cutoff = 1e-12
# epsrel = 1e-09
# ldim   = 1242
# cores  = 13
# alpha  = 0.0143956316703897
# filename = /alcc/gpfs1/home/u/hartmmic/libcasimir-dev/data/materials/GoldEpsIm.dat
# model  = optical data (xi=0: Drude)
# plasma = -34.3888085532835 (logdetD(xi=0) for plasma model with omegap=9eV)
#
# xi=0, logdetD=-20.2520130791871, t=5.85483
# xi=16.3063001085974, logdetD=-25.2912717165178, t=46.0321
# xi=32.6126002171947, logdetD=-18.4846853674214, t=44.2338
# xi=48.9189003257921, logdetD=-13.5645526778282, t=44.4556
# xi=65.2252004343894, logdetD=-9.99947055165484, t=44.722
# xi=81.5315005429868, logdetD=-7.3986207354789, t=45.4881
# xi=97.8378006515842, logdetD=-5.4905669745397, t=46.9252
# xi=114.144100760182, logdetD=-4.08750004246235, t=47.6168
# xi=130.450400868779, logdetD=-3.04755822750744, t=49.2286
# xi=146.756700977376, logdetD=-2.27646549661678, t=50.6375
# xi=163.063001085974, logdetD=-1.70199332071891, t=51.6228
# xi=179.369301194571, logdetD=-1.27620000320373, t=53.1239
# xi=195.675601303168, logdetD=-0.957417112471537, t=53.6886
# xi=211.981901411766, logdetD=-0.719548767386739, t=55.0087
# xi=228.288201520363, logdetD=-0.541461658742455, t=56.5497
# xi=244.59450162896, logdetD=-0.407774233780342, t=57.4318
# xi=260.900801737558, logdetD=-0.307668655700202, t=58.6037
# xi=277.207101846155, logdetD=-0.232267588419375, t=59.4224
# xi=293.513401954752, logdetD=-0.17557662414621, t=59.202
# xi=309.81970206335, logdetD=-0.132849331298344, t=59.3702
# xi=326.126002171947, logdetD=-0.100590129387076, t=59.8094
# xi=342.432302280545, logdetD=-0.0762661237207487, t=59.6447
# xi=358.738602389142, logdetD=-0.0578535122964364, t=60.009
# xi=375.044902497739, logdetD=-0.0439312753966895, t=60.0103
# xi=391.351202606337, logdetD=-0.0333841389684569, t=60.3663
# xi=407.657502714934, logdetD=-0.0253843649477226, t=60.3067
# xi=423.963802823531, logdetD=-0.0193209913915794, t=60.5222
# xi=440.270102932129, logdetD=-0.0147124542321354, t=59.1856
# xi=456.576403040726, logdetD=-0.0112124138222951, t=59.0654
# xi=472.882703149323, logdetD=-0.00855005690436349, t=59.3416
# xi=489.189003257921, logdetD=-0.00652320080660206, t=59.2317
# xi=505.495303366518, logdetD=-0.00498073809627374, t=58.9518
# xi=521.801603475115, logdetD=-0.00380445212456856, t=58.9812
# xi=538.107903583713, logdetD=-0.00290794240158522, t=57.5833
# xi=554.41420369231, logdetD=-0.00222375484577235, t=57.8636
# xi=570.720503800908, logdetD=-0.00170129283434897, t=57.888
# xi=587.026803909505, logdetD=-0.00130240297228885, t=57.5534
# xi=603.333104018102, logdetD=-0.000997365476890925, t=57.0809
# xi=619.6394041267, logdetD=-0.000764208613557854, t=57.0998
# xi=635.945704235297, logdetD=-0.000585788495977109, t=56.2959
# xi=652.252004343894, logdetD=-0.000449196241754732, t=55.7185
# xi=668.558304452492, logdetD=-0.000344632864790124, t=55.7752
# xi=684.864604561089, logdetD=-0.000264485100572739, t=55.3601
# xi=701.170904669686, logdetD=-0.000203076132145171, t=54.9771
# xi=717.477204778284, logdetD=-0.000155976902776781, t=53.75
# xi=733.783504886881, logdetD=-0.000119841744584629, t=53.9274
# xi=750.089804995479, logdetD=-9.21179981866939e-05, t=54.042
# xi=766.396105104076, logdetD=-7.08254703654211e-05, t=52.4853
# xi=782.702405212673, logdetD=-5.44778347947497e-05, t=52.3768
# xi=799.008705321271, logdetD=-4.19152822512458e-05, t=52.1845
# xi=815.315005429868, logdetD=-3.22593083526902e-05, t=50.8298
# xi=831.621305538465, logdetD=-2.48369241751856e-05, t=50.6339
# xi=847.927605647063, logdetD=-1.91265431857947e-05, t=48.9611
# xi=864.23390575566, logdetD=-1.47345995380279e-05, t=48.9385
# xi=880.540205864257, logdetD=-1.13539036993838e-05, t=48.7678
# xi=896.846505972855, logdetD=-8.7512202810955e-06, t=48.5088
# xi=913.152806081452, logdetD=-6.74729337644165e-06, t=47.1401
# xi=929.45910619005, logdetD=-5.20326422803174e-06, t=46.7203
# xi=945.765406298647, logdetD=-4.01390662597486e-06, t=46.3292
# xi=962.071706407244, logdetD=-3.09706047872893e-06, t=45.0253
# xi=978.378006515842, logdetD=-2.39021681499764e-06, t=44.6947
# xi=994.684306624439, logdetD=-1.84520356244884e-06, t=43.7514
# xi=1010.99060673304, logdetD=-1.4247138482156e-06, t=43.1021
# xi=1027.29690684163, logdetD=-1.1013874725001e-06, t=42.2256
# xi=1043.60320695023, logdetD=-8.52378631922741e-07, t=41.5057
# xi=1059.90950705883, logdetD=-6.59289908423227e-07, t=40.6487
# xi=1076.21580716743, logdetD=-5.09635835230076e-07, t=40.1673
# xi=1092.52210727602, logdetD=-3.93705105413446e-07, t=38.7333
# xi=1108.82840738462, logdetD=-3.03946048257478e-07, t=38.1005
# xi=1125.13470749322, logdetD=-2.34653943408185e-07, t=37.2334
# xi=1141.44100760182, logdetD=-1.81813117224423e-07, t=36.4721
# xi=1157.74730771041, logdetD=-1.40802891027916e-07, t=35.3798
# xi=1174.05360781901, logdetD=-1.08987895087317e-07, t=34.6891
# xi=1190.35990792761, logdetD=-8.43171712742851e-08, t=33.5094
# xi=1206.6662080362, logdetD=-6.51950186482532e-08, t=33.0468
# xi=1222.9725081448, logdetD=-5.03806370646601e-08, t=32.9845
# xi=1239.2788082534, logdetD=-3.90567225877265e-08, t=32.9979
# xi=1255.585108362, logdetD=-3.02800198159856e-08, t=32.8716
# xi=1271.89140847059, logdetD=-2.34654075226416e-08, t=32.774
# xi=1288.19770857919, logdetD=-1.8176255239588e-08, t=32.694
#
# L/R, L, R, T, ldim, F*(L+R)/(ħc)
0.007249999999999999, 1.45e-07, 2e-05, 295, 1242, -553.5019245800738

# finished at Sa 15. Apr 15:32:11 CEST 2017
