# starting on alcc118 at Fr 14. Apr 22:10:34 CEST 2017

# L      = 8.5e-07
# R      = 2e-05
# LbyR   = 0.0425
# T      = 295
# cutoff = 1e-12
# epsrel = 1e-09
# ldim   = 212
# cores  = 2
# alpha  = 0.0815347721822542
# filename = /alcc/gpfs1/home/u/hartmmic/libcasimir-dev/data/materials/GoldEpsIm.dat
# model  = optical data (xi=0: Drude)
# plasma = -5.59699640140218 (logdetD(xi=0) for plasma model with omegap=9eV)
#
# xi=0, logdetD=-3.17027516603471, t=0.424089
# xi=16.8769599039094, logdetD=-1.36899006629457, t=13.1767
# xi=33.7539198078188, logdetD=-0.319600159949254, t=14.0543
# xi=50.6308797117282, logdetD=-0.07546157379241, t=15.6005
# xi=67.5078396156376, logdetD=-0.0178696210846198, t=16.4006
# xi=84.384799519547, logdetD=-0.00423714536360866, t=16.3819
# xi=101.261759423456, logdetD=-0.00100585217379777, t=15.7398
# xi=118.138719327366, logdetD=-0.000239240987940167, t=15.3065
# xi=135.015679231275, logdetD=-5.69454098231929e-05, t=14.8521
# xi=151.892639135185, logdetD=-1.35733688489583e-05, t=14.0192
# xi=168.769599039094, logdetD=-3.23724514146763e-06, t=13.4698
# xi=185.646558943003, logdetD=-7.74227001814304e-07, t=12.6248
# xi=202.523518846913, logdetD=-1.85242623229262e-07, t=11.565
# xi=219.400478750822, logdetD=-4.43995770884551e-08, t=10.3034
# xi=236.277438654732, logdetD=-1.06551494671229e-08, t=9.96923
# xi=253.154398558641, logdetD=-2.55904295002382e-09, t=9.75524
#
# L/R, L, R, T, ldim, F*(L+R)/(ħc)
0.0425, 8.5e-07, 2e-05, 295, 212, -18.11804124395494

# finished at Fr 14. Apr 22:13:58 CEST 2017
