# starting on alcc119 at Sa 15. Apr 01:59:36 CEST 2017

# L      = 5.55e-07
# R      = 2e-05
# LbyR   = 0.02775
# T      = 295
# cutoff = 1e-12
# epsrel = 1e-09
# ldim   = 325
# cores  = 4
# alpha  = 0.0540014594989054
# filename = /alcc/gpfs1/home/u/hartmmic/libcasimir-dev/data/materials/GoldEpsIm.dat
# model  = optical data (xi=0: Drude)
# plasma = -8.91501098470251 (logdetD(xi=0) for plasma model with omegap=9eV)
#
# xi=0, logdetD=-5.02024383982822, t=0.857827
# xi=16.6381731810483, logdetD=-3.42457318934827, t=10.9194
# xi=33.2763463620967, logdetD=-1.27877087045834, t=10.8293
# xi=49.914519543145, logdetD=-0.484383051566727, t=11.5432
# xi=66.5526927241933, logdetD=-0.184550454436978, t=12.3604
# xi=83.1908659052417, logdetD=-0.0705097633575795, t=13.1782
# xi=99.82903908629, logdetD=-0.0269866279302005, t=13.7112
# xi=116.467212267338, logdetD=-0.0103508941836361, t=13.5752
# xi=133.105385448387, logdetD=-0.00397327398149298, t=13.609
# xi=149.743558629435, logdetD=-0.0015272923887688, t=13.2303
# xi=166.381731810483, logdetD=-0.00058741935162056, t=12.9944
# xi=183.019904991532, logdetD=-0.000226555417873702, t=12.7917
# xi=199.65807817258, logdetD=-8.74143912789782e-05, t=12.3543
# xi=216.296251353628, logdetD=-3.37882300014106e-05, t=12.0921
# xi=232.934424534677, logdetD=-1.30769561040174e-05, t=11.4889
# xi=249.572597715725, logdetD=-5.06533862993045e-06, t=11.017
# xi=266.210770896773, logdetD=-1.96586634767719e-06, t=10.7181
# xi=282.848944077822, logdetD=-7.63418993131964e-07, t=10.1558
# xi=299.48711725887, logdetD=-2.96875186791098e-07, t=9.54811
# xi=316.125290439918, logdetD=-1.15564257848348e-07, t=9.06681
# xi=332.763463620967, logdetD=-4.50190039744469e-08, t=8.47096
# xi=349.401636802015, logdetD=-1.75618682009385e-08, t=8.06237
# xi=366.039809983063, logdetD=-6.85454538371682e-09, t=8.14025
# xi=382.677983164112, logdetD=-2.67821216861522e-09, t=8.23812
#
# L/R, L, R, T, ldim, F*(L+R)/(ħc)
0.02775, 5.55e-07, 2e-05, 295, 325, -42.35130348064796

# finished at Sa 15. Apr 02:03:55 CEST 2017
