# starting on alcc120 at Thu Apr 13 15:58:02 CEST 2017

# L      = 0.0491225629628
# R      = 1
# LbyR   = 0.0491225629628
# T      = 0
# cutoff = 1e-11
# epsrel = 5e-07
# ldim   = 163
# cores  = 6
# alpha  = 0.0936450414793754
# quad   = adaptive Gauss-Kronrod
#
# xi=10.6786219986, logdetD=-1.90274538945055, t=1.26415
# xi=2488.81483748, logdetD=-1.27830729325001e-101, t=0.253315
# xi=0.0458181806342, logdetD=-4.87138879973518, t=0.93316
# xi=408.978833223, logdetD=-1.13655824931855e-16, t=0.488474
# xi=0.278823642021, logdetD=-4.85509406749952, t=0.96154
# xi=147.364467232, logdetD=-5.14890847252499e-06, t=0.968694
# xi=0.773815899658, logdetD=-4.75503442075117, t=0.990813
# xi=71.9512459284, logdetD=-0.00599355393275974, t=1.21569
# xi=1.58486439418, logdetD=-4.49511141013522, t=1.05141
# xi=40.9197963814, logdetD=-0.109395047903653, t=1.16499
# xi=2.78674328498, logdetD=-4.05431631501198, t=1.03006
# xi=25.2669636458, logdetD=-0.475467427403144, t=0.988718
# xi=4.51312509834, logdetD=-3.44930318886212, t=0.986611
# xi=16.2802752506, logdetD=-1.1130438315631, t=0.989092
# xi=7.00436362614, logdetD=-2.71323363479702, t=0.961329
# xi=32.0358659958, logdetD=-0.251605121833596, t=1.07028
# xi=4988.30829695, logdetD=-1.60101930528373e-203, t=0.266208
# xi=10.7702583599, logdetD=-1.88603419427219, t=1.06216
# xi=828.636288445, logdetD=-8.14163240953891e-34, t=0.345462
# xi=11.2362692826, logdetD=-1.8033420728448, t=1.01742
# xi=305.407556462, logdetD=-1.89981582982526e-12, t=0.588542
# xi=12.2262537979, logdetD=-1.63974911739343, t=0.986642
# xi=154.581113855, logdetD=-2.61948179875697e-06, t=0.921217
# xi=13.8483507869, logdetD=-1.40375514044492, t=0.954889
# xi=92.5182147615, logdetD=-0.000874452345348033, t=1.18764
# xi=16.2521085685, logdetD=-1.11603286809402, t=0.988206
# xi=61.2125492901, logdetD=-0.0163718795137199, t=1.20466
# xi=19.7048721953, logdetD=-0.804040949888291, t=0.992437
# xi=43.2391724997, logdetD=-0.0880362056616796, t=1.13179
# xi=24.6873492509, logdetD=-0.502160312684843, t=0.979409
# xi=3.55954066619, logdetD=-3.77520937351864, t=0.994433
# xi=10.587765305, logdetD=-1.91946378418048, t=1.07262
# xi=0.0228600481366, logdetD=-4.87170148488774, t=0.904474
# xi=10.1486503145, logdetD=-2.00240492515783, t=1.05403
# xi=0.137615223203, logdetD=-4.86784582521766, t=0.967364
# xi=9.32689355821, logdetD=-2.16758421690067, t=1.06687
# xi=0.373379654091, logdetD=-4.84195906762322, t=0.962289
# xi=8.23440780372, logdetD=-2.40888460867697, t=1.02971
# xi=0.737690167606, logdetD=-4.76452872865055, t=0.990182
# xi=7.01650295454, logdetD=-2.7100494407023, t=0.98046
# xi=1.23254613249, logdetD=-4.6162642157406, t=1.0368
# xi=5.78704427304, logdetD=-3.05195988967452, t=1.00255
# xi=1.86290179238, logdetD=-4.39499269832628, t=1.06621
# xi=4.61908512858, logdetD=-3.41455716788071, t=0.981126
# xi=2.63726064113, logdetD=-4.10936334742576, t=1.03926
# xi=74.7503539901, logdetD=-0.00461237702697907, t=1.23121
# xi=9987.2952159, logdetD=0, t=0.0693479
# xi=32.2191387183, logdetD=-0.247313696791278, t=1.05431
# xi=1667.95119889, logdetD=-4.11397546049536e-68, t=0.286416
# xi=33.1511605638, logdetD=-0.22660054131837, t=1.07533
# xi=621.493734923, logdetD=-2.38283794151049e-25, t=0.369589
# xi=35.1311295944, logdetD=-0.188191369466616, t=1.09599
# xi=319.840849709, logdetD=-4.90390455057483e-13, t=0.570898
# xi=38.3753235725, logdetD=-0.138843632805436, t=1.18186
# xi=195.715051521, logdetD=-5.55820685152114e-08, t=0.755049
# xi=43.1828391357, logdetD=-0.0885018320547074, t=1.15228
# xi=133.103720579, logdetD=-1.95725064785091e-05, t=1.02639
# xi=50.0883663891, logdetD=-0.0463661757992301, t=1.19501
# xi=97.156966998, logdetD=-0.000566458594688703, t=1.11009
# xi=60.0533205003, logdetD=-0.0182477027383061, t=1.20587
# xi=17.797703331, logdetD=-0.963482425920008, t=0.974207
# xi=31.8541526086, logdetD=-0.255933848898687, t=1.01515
# xi=10.7243420949, logdetD=-1.89438885089148, t=1.0522
# xi=30.9759226275, logdetD=-0.277932701765295, t=1.04707
# xi=10.953852445, logdetD=-1.85300296628703, t=1.02662
# xi=29.332409115, logdetD=-0.324335432014532, t=1.00918
# xi=11.4253813068, logdetD=-1.77085049343534, t=1.00242
# xi=27.147437606, logdetD=-0.398315528178085, t=1.01972
# xi=12.1540023338, logdetD=-1.65115820070123, t=0.977964
# xi=24.7116279077, logdetD=-0.501012464599271, t=0.973894
# xi=13.1437142636, logdetD=-1.50168721070589, t=0.963851
# xi=22.2527105447, logdetD=-0.631844220568756, t=0.959695
# xi=14.4044255833, logdetD=-1.33108926831254, t=0.951191
# xi=19.9167922557, logdetD=-0.788062065495172, t=0.992077
# xi=15.9531432809, logdetD=-1.14826707683836, t=0.981501
# xi=6.40717319915, logdetD=-2.87453663869342, t=0.960956
# xi=10.6330968166, logdetD=-1.91110372777122, t=1.05186
# xi=3.57984621941, logdetD=-3.76803595702666, t=0.997569
# xi=10.4103070916, logdetD=-1.95255170920336, t=1.03163
# xi=3.6813420914, logdetD=-3.73232231983065, t=1.00794
# xi=9.98067064257, logdetD=-2.03509305766375, t=1.05266
# xi=3.8876100269, logdetD=-3.6604973687938, t=0.960014
# xi=9.38233880963, logdetD=-2.15601444521211, t=1.06572
# xi=4.20050575099, logdetD=-3.55357389022922, t=0.969756
# xi=8.67585566013, logdetD=-2.30825758271241, t=1.05793
# xi=4.61454697419, logdetD=-3.41603905627874, t=0.95509
# xi=7.91652309416, logdetD=-2.48408431634381, t=0.999869
# xi=5.12445293169, logdetD=-3.2530619059747, t=0.958579
# xi=7.14799370764, logdetD=-2.67579629872007, t=0.980292
# xi=5.7254685556, logdetD=-3.07014227261418, t=0.983603
# xi=1.52551742837, logdetD=-4.51606828854487, t=1.04509
# xi=3.5392928652, logdetD=-3.78237167456977, t=0.993193
# xi=0.0114178028509, logdetD=-4.87177723074621, t=0.934507
# xi=3.43978810543, logdetD=-3.81770207022573, t=1.01093
# xi=0.0683670888361, logdetD=-4.87086430974123, t=0.929878
# xi=3.24592374641, logdetD=-3.88713889767089, t=1.0043
# xi=0.183482087398, logdetD=-4.86465959917571, t=0.944742
# xi=2.97151807915, logdetD=-3.98664357031726, t=1.01831
# xi=0.356530342801, logdetD=-4.84454828927802, t=0.958176
# xi=2.64070103011, logdetD=-4.10809402530367, t=1.03653
# xi=0.582647920546, logdetD=-4.80195712457475, t=0.981587
# xi=2.27663579408, logdetD=-4.24273408122198, t=1.04823
# xi=0.856722616714, logdetD=-4.73229003418159, t=1.04789
# xi=1.89886199195, logdetD=-4.38186852942565, t=1.06109
# xi=1.17369830813, logdetD=-4.63554892491481, t=1.03407
# xi=160.179329979, logdetD=-1.55068825373114e-06, t=0.918352
# xi=19985.2690538, logdetD=0, t=0.069731
# xi=75.1168994352, logdetD=-0.00445684628746431, t=1.18989
# xi=3346.58101978, logdetD=-1.31817518809103e-136, t=0.274142
# xi=76.9809431263, logdetD=-0.00374341781691884, t=1.19093
# xi=1253.66609185, logdetD=-3.45595691600622e-51, t=0.303832
# xi=80.9408811874, logdetD=-0.00258417337417003, t=1.1671
# xi=650.360321417, logdetD=-1.57571142778807e-26, t=0.366222
# xi=87.4292691435, logdetD=-0.00140797328789824, t=1.18761
# xi=402.108725042, logdetD=-2.16714822489442e-16, t=0.505287
# xi=97.0443002699, logdetD=-0.000572464080237418, t=1.18798
# xi=276.886063156, logdetD=-2.75825318818319e-11, t=0.595968
# xi=110.855354777, logdetD=-0.000157134758469185, t=1.12144
# xi=204.992555995, logdetD=-2.33044146431618e-08, t=0.670777
# xi=130.785262999, logdetD=-2.43177403318035e-05, t=1.04115
# xi=46.2740286605, logdetD=-0.0662612097753214, t=1.15286
# xi=74.3869272159, logdetD=-0.00477194183586792, t=1.21877
# xi=32.1273061883, logdetD=-0.24945473767175, t=1.07243
# xi=72.6304672537, logdetD=-0.00562445186154392, t=1.20423
# xi=32.5863268886, logdetD=-0.238935602190887, t=1.03277
# xi=69.3434402286, logdetD=-0.00765009171548774, t=1.19925
# xi=33.5293846121, logdetD=-0.218700005272112, t=1.04158
# xi=64.9734972106, logdetD=-0.0115148518203603, t=1.2176
# xi=34.9866266662, logdetD=-0.190758969549303, t=1.10835
# xi=60.1018778139, logdetD=-0.0181649782897882, t=1.19152
# xi=36.9660505257, logdetD=-0.158447957042694, t=1.07819
# xi=55.1840430879, logdetD=-0.0287802261441938, t=1.18062
# xi=39.4874731653, logdetD=-0.125103639353418, t=1.15227
# xi=50.5122065101, logdetD=-0.044562905751076, t=1.15867
# xi=42.5849085603, logdetD=-0.0935986479526745, t=1.12385
#
# ier=0, integral=-5.16695820933729, neval=135, abserr=9.77812e-07, absrel=1.89243e-07
#
# L/R, L, R, T, ldim, F*(L+R)/(ħc)
0.0491225629628, 0.0491225629628, 1, 0, 163, -17.56306424289199

# finished at Thu Apr 13 16:00:12 CEST 2017
