# starting on alcc94 at So 16. Apr 13:08:22 CEST 2017
# 0.0007

# L      = 0.0007
# R      = 1
# LbyR   = 0.0007
# T      = 0
# cutoff = 1e-11
# epsrel = 5e-07
# ldim   = 11429
# cores  = 46
# alpha  = 0.00139902068552014
# quad   = adaptive Gauss-Kronrod
#
# xi=714.785714286, logdetD=-138.144305345926, t=1384
# xi=166591.653077, logdetD=-9.12341840136002e-100, t=86.5303
# xi=3.06689205557, logdetD=-423.452393645184, t=1053.97
# xi=27375.4635637, logdetD=-7.98472315654809e-15, t=389.098
# xi=18.6633777418, logdetD=-412.637470354731, t=982.62
# xi=9864.00829477, logdetD=-0.000362499779289735, t=1306.42
# xi=51.7962477402, logdetD=-389.46346867754, t=968.527
# xi=4816.13851689, logdetD=-0.423285692627335, t=1586.51
# xi=106.084701583, logdetD=-354.918957858646, t=1022.46
# xi=2739.01313192, logdetD=-7.75832827905961, t=1655.38
# xi=186.533832713, logdetD=-310.672724639915, t=1049.71
# xi=1691.27296198, logdetD=-33.9121340294898, t=1668.44
# xi=302.091163776, logdetD=-258.290368528225, t=1088.13
# xi=1089.73874862, logdetD=-79.9945326622573, t=1537.62
# xi=468.845049323, logdetD=-199.637831988643, t=1203.37
# xi=2144.35714286, logdetD=-17.8900052083248, t=1689.45
# xi=333898.091869, logdetD=-1.15010036276465e-201, t=71.3599
# xi=720.919498397, logdetD=-136.898682953953, t=1390.8
# xi=55465.7128418, logdetD=-5.73902450431866e-32, t=182.769
# xi=752.112469769, logdetD=-130.745783542908, t=1403.41
# xi=20442.8023038, logdetD=-1.33497666217976e-10, t=481.236
# xi=818.378209766, logdetD=-118.623741346641, t=1442.38
# xi=10347.0627481, logdetD=-0.000184391551172938, t=1253.24
# xi=926.955117452, logdetD=-101.245221679612, t=1492.45
# xi=6192.81197813, logdetD=-0.0616762868686996, t=1547.77
# xi=1087.85337971, logdetD=-80.2122115685868, t=1548.49
# xi=4097.33163824, logdetD=-1.15739440900127, t=1613
# xi=1318.96804184, logdetD=-57.5760756249704, t=1613.3
# xi=2894.26321153, logdetD=-6.24038517174604, t=1655.98
# xi=1652.47581293, logdetD=-35.8280707746233, t=1679.93
# xi=238.261904762, logdetD=-285.797536427809, t=1075.93
# xi=708.70411812, logdetD=-139.391217126267, t=1372.96
# xi=1.53016333363, logdetD=-424.32075828167, t=1049.81
# xi=679.311456575, logdetD=-145.588631335335, t=1351.36
# xi=9.2114315524, logdetD=-419.359397659704, t=1040.07
# xi=624.306233047, logdetD=-157.990637282208, t=1308.74
# xi=24.9925920015, logdetD=-408.112919240068, t=955.374
# xi=551.179455971, logdetD=-176.267050075428, t=1253.79
# xi=49.3781307591, logdetD=-391.103325722376, t=990.66
# xi=469.657609082, logdetD=-199.391210570436, t=1200.87
# xi=82.5018778467, logdetD=-369.405604520705, t=991.85
# xi=387.36239328, logdetD=-226.177675114326, t=1148.87
# xi=124.6954512, logdetD=-344.006128728253, t=1029.43
# xi=309.183718968, logdetD=-255.428836956212, t=1086.69
# xi=176.528041856, logdetD=-315.783909339863, t=1045
# xi=5003.5, logdetD=-0.325671681741571, t=1587.76
# xi=668510.969452, logdetD=0, t=16.8185
# xi=2156.62471108, logdetD=-17.5836963872056, t=1683.91
# xi=111646.211398, logdetD=-2.9226115676348e-66, t=116.917
# xi=2219.01065382, logdetD=-16.1057234610042, t=1681.71
# xi=41600.3903219, logdetD=-1.67609563802313e-23, t=247.894
# xi=2351.54213382, logdetD=-13.3671734594871, t=1677.89
# xi=21408.9112104, logdetD=-3.44566024687667e-11, t=476.467
# xi=2568.69594919, logdetD=-9.85296989028072, t=1676.18
# xi=13100.4096705, logdetD=-3.90981141365428e-06, t=915.431
# xi=2890.49247371, logdetD=-6.27346426750676, t=1655.79
# xi=8909.44899076, logdetD=-0.00137844300308572, t=1390.98
# xi=3352.72179796, logdetD=-3.28256806102391, t=1653.99
# xi=6503.31213734, logdetD=-0.0399441342596333, t=1507.48
# xi=4019.73734015, logdetD=-1.29016848809932, t=1620
# xi=1191.30952381, logdetD=-69.123057400266, t=1581.61
# xi=2132.19395053, logdetD=-18.1990099647788, t=1686.68
# xi=717.846040953, logdetD=-137.52133044573, t=1378.9
# xi=2073.40862744, logdetD=-19.7699046576952, t=1687.8
# xi=733.208577391, logdetD=-134.438778875619, t=1393.12
# xi=1963.39818038, logdetD=-23.0861916695798, t=1698.02
# xi=764.770898289, logdetD=-128.332975639104, t=1413.92
# xi=1817.14462623, logdetD=-28.3808766188246, t=1677.56
# xi=813.541975804, logdetD=-119.46705880263, t=1442.16
# xi=1654.10093245, logdetD=-35.7456580241096, t=1676.3
# xi=879.789469979, logdetD=-108.442167514061, t=1467.03
# xi=1489.51050085, logdetD=-45.1526862942745, t=1651.81
# xi=964.176616686, logdetD=-95.9179209844573, t=1506.43
# xi=1333.15315222, logdetD=-56.4212128825275, t=1611.86
# xi=1067.841798, logdetD=-82.5607337541285, t=1536.35
# xi=428.871428571, logdetD=-212.197214060472, t=1159.38
# xi=711.738434426, logdetD=-138.767602583401, t=1381.69
# xi=239.621080071, logdetD=-285.176870237941, t=1077.71
# xi=696.825750682, logdetD=-141.86127051291, t=1369.96
# xi=246.414821751, logdetD=-282.098424228093, t=1069.34
# xi=668.067546098, logdetD=-148.036462741411, t=1349.99
# xi=260.221600719, logdetD=-275.962565660458, t=1075.91
# xi=628.01752404, logdetD=-157.119233382238, t=1312.36
# xi=281.165632043, logdetD=-266.951958046899, t=1084.68
# xi=580.728270548, logdetD=-168.620850209893, t=1278.42
# xi=308.87995244, logdetD=-255.550640125404, t=1094.64
# xi=529.901481228, logdetD=-182.005877175094, t=1236.39
# xi=343.011087909, logdetD=-242.272990477421, t=1104.93
# xi=478.45909226, logdetD=-196.741268289144, t=1200.84
# xi=383.240752569, logdetD=-227.621335098961, t=1141.2
# xi=102.112244898, logdetD=-357.3062905201, t=1013.57
# xi=236.906595163, logdetD=-286.418039132947, t=1075.58
# xi=0.764263625721, logdetD=-424.677132250266, t=1045.56
# xi=230.246130845, logdetD=-289.49085023434, t=1074
# xi=4.57622888363, logdetD=-422.504252904484, t=1046.72
# xi=217.269599383, logdetD=-295.591664662799, t=1059.68
# xi=12.2815822975, logdetD=-417.195364966241, t=1011.27
# xi=198.901943809, logdetD=-304.494176603278, t=1060.9
# xi=23.8647641781, logdetD=-408.917369151205, t=961.335
# xi=176.758328207, logdetD=-315.665114610685, t=1032.33
# xi=39.0002015354, logdetD=-398.241121736376, t=988.509
# xi=152.389207377, logdetD=-328.549933751817, t=1029.15
# xi=57.3457031828, logdetD=-385.73371752903, t=972.797
# xi=127.102488076, logdetD=-342.626476700398, t=1035.01
# xi=78.5628317628, logdetD=-371.900948755166, t=1004.78
# xi=10721.7857143, logdetD=-0.000109144432664553, t=1224.1
# xi=1337736.72462, logdetD=0, t=22.6304
# xi=5028.03513644, logdetD=-0.314681365020686, t=1581.34
# xi=224007.20851, logdetD=-9.4367075824658e-135, t=80.4341
# xi=5152.80702193, logdetD=-0.264273207303913, t=1582.18
# xi=83915.5663581, logdetD=-2.4467949260228e-49, t=139.395
# xi=5417.86998192, logdetD=-0.182385533806768, t=1570.78
# xi=43532.6081351, logdetD=-1.10865820421688e-24, t=238.623
# xi=5852.17761266, logdetD=-0.0993330864107262, t=1554.54
# xi=26915.6050554, logdetD=-1.52248803751031e-14, t=391.495
# xi=6495.7706617, logdetD=-0.0403678245035426, t=1521.48
# xi=18533.6836958, logdetD=-1.9385530320641e-09, t=497.498
# xi=7420.22931021, logdetD=-0.0110742274464161, t=1473.57
# xi=13721.409989, logdetD=-1.63909407042304e-06, t=826.33
# xi=8754.26039459, logdetD=-0.00171274436668686, t=1395.62
# xi=3097.4047619, logdetD=-4.69410386618196, t=1640.45
# xi=4979.17361534, logdetD=-0.336947447237812, t=1590.39
# xi=2150.47779619, logdetD=-17.7365132163512, t=1684.46
# xi=4861.60296916, logdetD=-0.39719699839288, t=1583.94
# xi=2181.20286907, logdetD=-16.985789227974, t=1694.77
# xi=4641.58207505, logdetD=-0.540392925221954, t=1591.86
# xi=2244.32751086, logdetD=-15.542193414175, t=1684.38
# xi=4349.07496674, logdetD=-0.813718500752348, t=1586.67
# xi=2341.86966589, logdetD=-13.5501539783159, t=1688.2
# xi=4022.98757919, logdetD=-1.28431263641223, t=1610.76
# xi=2474.36465424, logdetD=-11.2484554439851, t=1683.12
# xi=3693.80671598, logdetD=-2.03605141333364, t=1629.65
# xi=2643.13894766, logdetD=-8.87541670911925, t=1655.04
# xi=3381.09201873, logdetD=-3.15469389412459, t=1617.99
# xi=2850.46931028, logdetD=-6.63558977382927, t=1652.77
# xi=164.950549451, logdetD=-321.828209801696, t=1030.24
# xi=237.58376778, logdetD=-286.107808239116, t=1082.3
# xi=102.611127231, logdetD=-357.005327169607, t=1023.47
# xi=234.237092108, logdetD=-287.644921158299, t=1076.96
# xi=105.09262492, logdetD=-355.51321211222, t=1011.27
# xi=227.648868035, logdetD=-290.699760980754, t=1073.77
# xi=110.074239577, logdetD=-352.542244883034, t=1028.28
# xi=218.166973503, logdetD=-295.164833607583, t=1056.17
# xi=117.477537466, logdetD=-348.18630100242, t=1037.05
# xi=206.484770331, logdetD=-300.780097594636, t=1047.05
# xi=126.999799848, logdetD=-342.685189937805, t=1039.31
# xi=193.299946565, logdetD=-307.273909954152, t=1053.76
# xi=138.317637232, logdetD=-336.290681747008, t=1030.63
# xi=179.240174768, logdetD=-314.388329704535, t=1051.15
# xi=151.110533081, logdetD=-329.243987405347, t=1030.74
# xi=47.6523809524, logdetD=-392.279078927301, t=1003.97
# xi=101.61397116, logdetD=-357.607217978705, t=1015.25
# xi=0.381927630411, logdetD=-424.81320588908, t=1033.68
# xi=99.1534546456, logdetD=-359.098096011262, t=1009.69
# xi=2.28081328608, logdetD=-423.91404627675, t=1056.79
# xi=94.3024877031, logdetD=-362.061358591227, t=1001.36
# xi=6.08848440784, logdetD=-421.505064476146, t=1052.49
# xi=87.304017609, logdetD=-366.393408243537, t=1005.08
# xi=11.7364577781, logdetD=-417.581935396327, t=1023.9
# xi=78.6540418305, logdetD=-371.842915716332, t=994.327
# xi=18.9822452921, logdetD=-412.409149441432, t=982.868
# xi=68.8548286026, logdetD=-378.14712280833, t=1003.53
# xi=27.5670301562, logdetD=-406.281012730085, t=959.314
# xi=58.3622823994, logdetD=-385.055556815403, t=974.048
# xi=37.2351396655, logdetD=-399.470865389549, t=974.346
# xi=73.9433497537, logdetD=-374.855918397197, t=1008.74
# xi=101.863032024, logdetD=-357.456758729229, t=1012.07
# xi=47.8696011735, logdetD=-392.130838616904, t=997.311
# xi=100.630165739, logdetD=-358.202351869866, t=1022.25
# xi=48.9479810247, logdetD=-391.395964295718, t=995.273
# xi=98.1886108188, logdetD=-359.684937517525, t=1005.34
# xi=51.1023384071, logdetD=-389.933136964318, t=984.576
# xi=94.6404088129, logdetD=-361.853897361601, t=1003.01
# xi=54.2783501838, logdetD=-387.789471462325, t=970.418
# xi=90.2122825299, logdetD=-364.584938285608, t=1006.79
# xi=58.3189776292, logdetD=-385.084413465707, t=975.255
# xi=85.1380106236, logdetD=-367.748021550825, t=1005.98
# xi=63.0576953968, logdetD=-381.943557538077, t=993.644
# xi=79.6353756304, logdetD=-371.219294592957, t=1005.33
# xi=68.3323103223, logdetD=-378.487251888842, t=1000.11
# xi=23.0576036866, logdetD=-409.493709776373, t=965.138
# xi=47.4352844338, logdetD=-392.427306133099, t=1003.51
# xi=0.190912810495, logdetD=-424.859049385617, t=1029.41
# xi=46.3611691553, logdetD=-393.161728528863, t=1004.94
# xi=1.13859007667, logdetD=-424.512900733789, t=1052.32
# xi=44.2333649207, logdetD=-394.621735149967, t=1001.66
# xi=3.03133188928, logdetD=-423.473868832134, t=1058.44
# xi=41.1396102058, logdetD=-396.756587141047, t=1005.55
# xi=5.82044435858, logdetD=-421.684729057422, t=1052.1
# xi=37.276114596, logdetD=-399.442267347176, t=979.217
# xi=9.36674836749, logdetD=-419.250862661087, t=1034.69
# xi=32.8454253982, logdetD=-402.548049009892, t=963.623
# xi=13.5227501703, logdetD=-416.312669657693, t=1000.57
# xi=28.0365485402, logdetD=-405.947644268359, t=949.669
# xi=18.1449595868, logdetD=-413.008677412891, t=980.021
# xi=35.1533957845, logdetD=-400.926886746703, t=977.75
# xi=47.5438172369, logdetD=-392.353194173645, t=997.666
# xi=23.1593047563, logdetD=-409.421065663384, t=960.032
# xi=47.0062279141, logdetD=-392.720463018339, t=999.057
# xi=23.6637526383, logdetD=-409.060853114306, t=962.148
# xi=45.939031333, logdetD=-393.450840062734, t=995.32
# xi=24.669324381, logdetD=-408.343388564941, t=955.559
# xi=44.3820278484, logdetD=-394.519508472486, t=1002.75
# xi=26.1464400654, logdetD=-407.291068582383, t=955.667
# xi=42.4287024097, logdetD=-395.865322476922, t=995.242
# xi=28.016560835, logdetD=-405.961831105049, t=948.227
# xi=40.1763085129, logdetD=-397.424197211746, t=991.388
# xi=30.1968781941, logdetD=-404.416959206718, t=958.971
# xi=37.7166526774, logdetD=-399.134948240407, t=975.806
# xi=32.6075421099, logdetD=-402.71554373207, t=965.533
# xi=11.3458049887, logdetD=-417.858456431461, t=1022.99
# xi=22.9559306453, logdetD=-409.566341030028, t=964.315
# xi=0.0954436591775, logdetD=-424.872340987924, t=1016.45
# xi=22.4524490216, logdetD=-409.926110130978, t=967.732
# xi=0.568841980993, logdetD=-424.75203465019, t=1037.33
# xi=21.4528935445, logdetD=-410.640807246982, t=972.725
# xi=1.51245885428, logdetD=-424.329800138588, t=1053.86
# xi=19.9944141922, logdetD=-411.684484391006, t=969.979
# xi=2.89842136964, logdetD=-423.553689535989, t=1060.42
# xi=18.164419555, logdetD=-412.994743610494, t=980.797
# xi=4.6528878236, logdetD=-422.454563903022, t=1052.53
# xi=16.0538637055, logdetD=-414.505361730554, t=990.062
# xi=6.69801651338, logdetD=-421.093214783408, t=1053.58
# xi=13.7486379665, logdetD=-416.151710266791, t=1008.01
# xi=8.95876982884, logdetD=-419.535676319854, t=1037.13
#
# ier=0, integral=-386.103764071608, neval=225, abserr=1.5278e-05, absrel=3.95696e-08
#
# L/R, L, R, T, ldim, F*(L+R)/(ħc)
0.0007, 0.0007, 1, 0, 11429, -87847.62546314597
# finished at Mi 19. Apr 12:31:13 CEST 2017
