# starting on alcc75 at Tue Apr 22 09:26:00 CEST 2014
# casimir, -Q, 0.196869244008409, -T, 0.05,0.25,20, -p, 1e-10, -L, 25
# Compiler icc, using long double and plain matrix elements and plain integration
# precision=1e-10
# lfac=5
# cores=1
# L=0.196869
# T=0.05...0.25 (20)
#
# R/(L+R), T, F, lmax, nmax, time
0.196869244008409, 0.05, -0.00145639974058239, 25, 315, 15.9896
0.196869244008409, 0.0605263157894737, -0.00145639966835582, 25, 261, 13.2352
0.196869244008409, 0.0710526315789474, -0.00145639954693507, 25, 222, 11.2575
0.196869244008409, 0.0815789473684211, -0.00145639935797864, 25, 194, 9.82466
0.196869244008409, 0.0921052631578947, -0.00145639908025417, 25, 172, 8.71423
0.196869244008409, 0.102631578947368, -0.00145639868973985, 25, 154, 7.80357
0.196869244008409, 0.113157894736842, -0.00145639815967663, 25, 140, 7.07191
0.196869244008409, 0.123684210526316, -0.00145639746055582, 25, 128, 6.46245
0.196869244008409, 0.134210526315789, -0.00145639656024653, 25, 118, 5.96108
0.196869244008409, 0.144736842105263, -0.00145639542402624, 25, 110, 5.56604
0.196869244008409, 0.155263157894737, -0.00145639401460055, 25, 102, 5.13729
0.196869244008409, 0.165789473684211, -0.00145639229231245, 25, 96, 4.84128
0.196869244008409, 0.176315789473684, -0.00145639021503193, 25, 90, 4.5309
0.196869244008409, 0.186842105263158, -0.00145638773840904, 25, 85, 4.28058
0.196869244008409, 0.197368421052632, -0.00145638481585938, 25, 81, 4.07329
0.196869244008409, 0.207894736842105, -0.00145638139865011, 25, 77, 3.86026
0.196869244008409, 0.218421052631579, -0.00145637743605093, 25, 73, 3.68126
0.196869244008409, 0.228947368421053, -0.00145637287543737, 25, 70, 3.50342
0.196869244008409, 0.239473684210526, -0.00145636766230132, 25, 67, 3.35041
0.196869244008409, 0.25, -0.0014563617404484, 25, 64, 3.20673
# finished at Tue Apr 22 09:28:12 CEST 2014
