# starting on alcc73 at Tue Apr 22 09:26:01 CEST 2014
# casimir, -Q, 0.197310480414667, -T, 0.05,0.25,20, -p, 1e-10, -L, 25
# Compiler icc, using long double and plain matrix elements and plain integration
# precision=1e-10
# lfac=5
# cores=1
# L=0.19731
# T=0.05...0.25 (20)
#
# R/(L+R), T, F, lmax, nmax, time
0.197310480414667, 0.05, -0.00146666741999656, 25, 315, 16.0076
0.197310480414667, 0.0605263157894737, -0.00146666734728426, 25, 261, 13.2582
0.197310480414667, 0.0710526315789474, -0.00146666722504686, 25, 222, 11.2685
0.197310480414667, 0.0815789473684211, -0.00146666703481961, 25, 194, 9.84063
0.197310480414667, 0.0921052631578947, -0.00146666675522728, 25, 172, 8.71574
0.197310480414667, 0.102631578947368, -0.00146666636208649, 25, 154, 7.80281
0.197310480414667, 0.113157894736842, -0.00146666582845832, 25, 140, 7.08301
0.197310480414667, 0.123684210526316, -0.00146666512463554, 25, 128, 6.48034
0.197310480414667, 0.134210526315789, -0.00146666421827129, 25, 118, 5.96955
0.197310480414667, 0.144736842105263, -0.0014666630744097, 25, 110, 5.5608
0.197310480414667, 0.155263157894737, -0.00146666165552839, 25, 103, 5.19452
0.197310480414667, 0.165789473684211, -0.00146665992163426, 25, 96, 4.84686
0.197310480414667, 0.176315789473684, -0.00146665783038366, 25, 90, 4.54093
0.197310480414667, 0.186842105263158, -0.00146665533710535, 25, 85, 4.2855
0.197310480414667, 0.197368421052632, -0.00146665239490177, 25, 81, 4.0753
0.197310480414667, 0.207894736842105, -0.00146664895471216, 25, 77, 3.88206
0.197310480414667, 0.218421052631579, -0.00146664496546518, 25, 73, 3.67319
0.197310480414667, 0.228947368421053, -0.00146664037418291, 25, 70, 3.51403
0.197310480414667, 0.239473684210526, -0.00146663512599059, 25, 67, 3.36188
0.197310480414667, 0.25, -0.0014666291643158, 25, 64, 3.21239
# finished at Tue Apr 22 09:28:14 CEST 2014
