# starting on alcc74 at Tue Apr 22 09:19:03 CEST 2014
# casimir, -Q, 0.177248765178132, -T, 0.05,0.25,20, -p, 1e-10, -L, 25
# Compiler icc, using long double and plain matrix elements and plain integration
# precision=1e-10
# lfac=5
# cores=1
# L=0.177249
# T=0.05...0.25 (20)
#
# R/(L+R), T, F, lmax, nmax, time
0.177248765178132, 0.05, -0.00104928261286791, 25, 310, 15.3474
0.177248765178132, 0.0605263157894737, -0.00104928256012139, 25, 256, 12.65
0.177248765178132, 0.0710526315789474, -0.00104928247146195, 25, 218, 10.7719
0.177248765178132, 0.0815789473684211, -0.00104928233348022, 25, 190, 9.35756
0.177248765178132, 0.0921052631578947, -0.00104928213069063, 25, 169, 8.31233
0.177248765178132, 0.102631578947368, -0.00104928184554303, 25, 152, 7.45793
0.177248765178132, 0.113157894736842, -0.00104928145848422, 25, 138, 6.76804
0.177248765178132, 0.123684210526316, -0.00104928094797758, 25, 126, 6.19753
0.177248765178132, 0.134210526315789, -0.00104928029055943, 25, 116, 5.70575
0.177248765178132, 0.144736842105263, -0.00104927946087443, 25, 108, 5.30788
0.177248765178132, 0.155263157894737, -0.00104927843170565, 25, 101, 4.96749
0.177248765178132, 0.165789473684211, -0.00104927717404198, 25, 94, 4.6172
0.177248765178132, 0.176315789473684, -0.00104927565718909, 25, 89, 4.36758
0.177248765178132, 0.186842105263158, -0.00104927384870473, 25, 84, 4.11881
0.177248765178132, 0.197368421052632, -0.00104927171458704, 25, 80, 3.91932
0.177248765178132, 0.207894736842105, -0.00104926921925014, 25, 76, 3.71867
0.177248765178132, 0.218421052631579, -0.00104926632564639, 25, 72, 3.52618
0.177248765178132, 0.228947368421053, -0.00104926299534251, 25, 69, 3.37756
0.177248765178132, 0.239473684210526, -0.00104925918853371, 25, 66, 3.22069
0.177248765178132, 0.25, -0.00104925486418095, 25, 63, 3.07917
# finished at Tue Apr 22 09:21:10 CEST 2014
