# starting on alcc73 at Tue Apr 22 09:33:01 CEST 2014
# casimir, -Q, 0.219169663674836, -T, 0.05,0.25,20, -p, 1e-10, -L, 25
# Compiler icc, using long double and plain matrix elements and plain integration
# precision=1e-10
# lfac=5
# cores=1
# L=0.21917
# T=0.05...0.25 (20)
#
# R/(L+R), T, F, lmax, nmax, time
0.219169663674836, 0.05, -0.00204330802667372, 25, 322, 16.9277
0.219169663674836, 0.0605263157894737, -0.00204330792707942, 25, 266, 13.9786
0.219169663674836, 0.0710526315789474, -0.0020433077596822, 25, 227, 11.914
0.219169663674836, 0.0815789473684211, -0.00204330749915116, 25, 198, 10.3865
0.219169663674836, 0.0921052631578947, -0.0020433071162269, 25, 175, 9.17517
0.219169663674836, 0.102631578947368, -0.00204330657783703, 25, 158, 8.27523
0.219169663674836, 0.113157894736842, -0.00204330584700078, 25, 143, 7.48146
0.219169663674836, 0.123684210526316, -0.0020433048831037, 25, 131, 6.85091
0.219169663674836, 0.134210526315789, -0.00204330364182466, 25, 121, 6.32156
0.219169663674836, 0.144736842105263, -0.00204330207526268, 25, 112, 5.85349
0.219169663674836, 0.155263157894737, -0.00204330013209381, 25, 105, 5.48225
0.219169663674836, 0.165789473684211, -0.00204329775751968, 25, 98, 5.11077
0.219169663674836, 0.176315789473684, -0.00204329489355727, 25, 92, 4.80015
0.219169663674836, 0.186842105263158, -0.00204329147903325, 25, 87, 4.53554
0.219169663674836, 0.197368421052632, -0.00204328744972618, 25, 83, 4.31689
0.219169663674836, 0.207894736842105, -0.00204328273845679, 25, 79, 4.1034
0.219169663674836, 0.218421052631579, -0.002043277275293, 25, 75, 3.89491
0.219169663674836, 0.228947368421053, -0.00204327098764342, 25, 71, 3.69612
0.219169663674836, 0.239473684210526, -0.00204326380045717, 25, 68, 3.53341
0.219169663674836, 0.25, -0.00204325563627183, 25, 66, 3.42039
# finished at Tue Apr 22 09:35:23 CEST 2014
