# starting on alcc73 at Tue Apr 22 09:54:48 CEST 2014
# casimir, -Q, 0.308704676944419, -T, 0.05,0.25,20, -p, 1e-10, -L, 25
# Compiler icc, using long double and plain matrix elements and plain integration
# precision=1e-10
# lfac=5
# cores=1
# L=0.308705
# T=0.05...0.25 (20)
#
# R/(L+R), T, F, lmax, nmax, time
0.308704676944419, 0.05, -0.00625064314128176, 25, 355, 20.5504
0.308704676944419, 0.0605263157894737, -0.00625064286435222, 25, 294, 17.0133
0.308704676944419, 0.0710526315789474, -0.00625064239880207, 25, 250, 14.4555
0.308704676944419, 0.0815789473684211, -0.00625064167431318, 25, 218, 12.6027
0.308704676944419, 0.0921052631578947, -0.00625064060950716, 25, 193, 11.1404
0.308704676944419, 0.102631578947368, -0.00625063911239675, 25, 174, 10.0349
0.308704676944419, 0.113157894736842, -0.00625063708023272, 25, 158, 9.11363
0.308704676944419, 0.123684210526316, -0.00625063439997927, 25, 144, 8.29488
0.308704676944419, 0.134210526315789, -0.00625063094859685, 25, 133, 7.65663
0.308704676944419, 0.144736842105263, -0.00625062659295648, 25, 124, 7.12897
0.308704676944419, 0.155263157894737, -0.00625062119015331, 25, 115, 6.61694
0.308704676944419, 0.165789473684211, -0.00625061458827077, 25, 108, 6.20579
0.308704676944419, 0.176315789473684, -0.00625060662601641, 25, 102, 5.85465
0.308704676944419, 0.186842105263158, -0.00625059713331002, 25, 96, 5.50775
0.308704676944419, 0.197368421052632, -0.00625058593184231, 25, 91, 5.21609
0.308704676944419, 0.207894736842105, -0.00625057283510402, 25, 87, 4.98844
0.308704676944419, 0.218421052631579, -0.00625055764861268, 25, 82, 4.70294
0.308704676944419, 0.228947368421053, -0.00625054017114863, 25, 79, 4.52311
0.308704676944419, 0.239473684210526, -0.00625052019377385, 25, 75, 4.29592
0.308704676944419, 0.25, -0.0062504975016619, 25, 72, 4.11364
# finished at Tue Apr 22 09:57:38 CEST 2014
