# starting on alcc70 at Tue Apr 22 10:43:47 CEST 2014
# casimir, -Q, 0.735611378288441, -T, 0.05,0.25,20, -p, 1e-10, -L, 25
# Compiler icc, using long double and plain matrix elements and plain integration
# precision=1e-10
# lfac=5
# cores=1
# L=0.735611
# T=0.05...0.25 (20)
#
# R/(L+R), T, F, lmax, nmax, time
0.735611378288441, 0.05, -0.316343214784635, 25, 870, 79.283
0.735611378288441, 0.0605263157894737, -0.316343211464957, 25, 719, 59.2957
0.735611378288441, 0.0710526315789474, -0.316343205886367, 25, 612, 47.9747
0.735611378288441, 0.0815789473684211, -0.316343197212306, 25, 534, 48.3138
0.735611378288441, 0.0921052631578947, -0.316343184469906, 25, 473, 45.7106
0.735611378288441, 0.102631578947368, -0.316343166565408, 25, 424, 40.6056
0.735611378288441, 0.113157894736842, -0.316343142285046, 25, 385, 35.3199
0.735611378288441, 0.123684210526316, -0.316343110288628, 25, 352, 34.3703
0.735611378288441, 0.134210526315789, -0.316343069127972, 25, 325, 31.6617
0.735611378288441, 0.144736842105263, -0.316343017233944, 25, 301, 23.61
0.735611378288441, 0.155263157894737, -0.316342952940246, 25, 281, 27.8102
0.735611378288441, 0.165789473684211, -0.316342874467815, 25, 263, 26.6377
0.735611378288441, 0.176315789473684, -0.316342779948384, 25, 248, 28.0117
0.735611378288441, 0.186842105263158, -0.31634266740939, 25, 234, 24.5643
0.735611378288441, 0.197368421052632, -0.316342534796438, 25, 221, 20.7052
0.735611378288441, 0.207894736842105, -0.316342379976495, 25, 210, 19.2235
0.735611378288441, 0.218421052631579, -0.31634220073106, 25, 200, 22.4768
0.735611378288441, 0.228947368421053, -0.31634199477354, 25, 191, 19.6838
0.735611378288441, 0.239473684210526, -0.316341759751431, 25, 183, 19.5755
0.735611378288441, 0.25, -0.316341493247839, 25, 175, 17.0449
# finished at Tue Apr 22 10:54:59 CEST 2014
