# starting on alcc74 at Tue Apr 22 10:11:20 CEST 2014
# casimir, -Q, 0.413940129615367, -T, 0.05,0.25,20, -p, 1e-10, -L, 25
# Compiler icc, using long double and plain matrix elements and plain integration
# precision=1e-10
# lfac=5
# cores=1
# L=0.41394
# T=0.05...0.25 (20)
#
# R/(L+R), T, F, lmax, nmax, time
0.413940129615367, 0.05, -0.0177298172652135, 25, 410, 26.3803
0.413940129615367, 0.0605263157894737, -0.0177298166048009, 25, 339, 21.8036
0.413940129615367, 0.0710526315789474, -0.0177298154947632, 25, 289, 18.5566
0.413940129615367, 0.0815789473684211, -0.0177298137672696, 25, 252, 16.2199
0.413940129615367, 0.0921052631578947, -0.0177298112283936, 25, 223, 14.3316
0.413940129615367, 0.102631578947368, -0.0177298076589942, 25, 201, 12.8519
0.413940129615367, 0.113157894736842, -0.0177298028140565, 25, 182, 11.6574
0.413940129615367, 0.123684210526316, -0.0177297964247262, 25, 167, 10.6843
0.413940129615367, 0.134210526315789, -0.0177297881973538, 25, 154, 9.82952
0.413940129615367, 0.144736842105263, -0.0177297778151058, 25, 143, 9.12252
0.413940129615367, 0.155263157894737, -0.0177297649379517, 25, 133, 8.48191
0.413940129615367, 0.165789473684211, -0.0177297492041072, 25, 125, 7.95756
0.413940129615367, 0.176315789473684, -0.0177297302294146, 25, 117, 7.4481
0.413940129615367, 0.186842105263158, -0.017729707610094, 25, 111, 7.06806
0.413940129615367, 0.197368421052632, -0.0177296809211658, 25, 105, 6.69973
0.413940129615367, 0.207894736842105, -0.0177296497194491, 25, 100, 6.36761
0.413940129615367, 0.218421052631579, -0.0177296135428609, 25, 95, 6.05175
0.413940129615367, 0.228947368421053, -0.0177295719126511, 25, 91, 5.82723
0.413940129615367, 0.239473684210526, -0.0177295243329957, 25, 87, 5.6736
0.413940129615367, 0.25, -0.0177294702930007, 25, 83, 5.3304
# finished at Tue Apr 22 10:14:58 CEST 2014
