# starting on alcc71 at Tue Apr 22 09:50:46 CEST 2014
# casimir, -Q, 0.284281548539645, -T, 0.05,0.25,20, -p, 1e-10, -L, 25
# Compiler icc, using long double and plain matrix elements and plain integration
# precision=1e-10
# lfac=5
# cores=1
# L=0.284282
# T=0.05...0.25 (20)
#
# R/(L+R), T, F, lmax, nmax, time
0.284281548539645, 0.05, -0.00474354551415512, 25, 345, 19.4987
0.284281548539645, 0.0605263157894737, -0.00474354529750542, 25, 285, 16.1125
0.284281548539645, 0.0710526315789474, -0.00474354493335968, 25, 243, 13.6908
0.284281548539645, 0.0815789473684211, -0.00474354436663573, 25, 212, 11.9559
0.284281548539645, 0.0921052631578947, -0.00474354353370688, 25, 188, 10.582
0.284281548539645, 0.102631578947368, -0.00474354236255426, 25, 169, 9.50245
0.284281548539645, 0.113157894736842, -0.00474354077284291, 25, 153, 8.61576
0.284281548539645, 0.123684210526316, -0.00474353867620273, 25, 140, 7.86653
0.284281548539645, 0.134210526315789, -0.00474353597624731, 25, 129, 7.24535
0.284281548539645, 0.144736842105263, -0.00474353256888244, 25, 120, 6.73556
0.284281548539645, 0.155263157894737, -0.00474352834237215, 25, 112, 6.29015
0.284281548539645, 0.165789473684211, -0.00474352317770158, 25, 105, 5.89555
0.284281548539645, 0.176315789473684, -0.00474351694874203, 25, 99, 5.5491
0.284281548539645, 0.186842105263158, -0.00474350952240597, 25, 93, 5.2066
0.284281548539645, 0.197368421052632, -0.00474350075916578, 25, 88, 4.92383
0.284281548539645, 0.207894736842105, -0.00474349051307576, 25, 84, 4.69697
0.284281548539645, 0.218421052631579, -0.00474347863202898, 25, 80, 4.48569
0.284281548539645, 0.228947368421053, -0.00474346495825461, 25, 76, 4.25187
0.284281548539645, 0.239473684210526, -0.00474344932864608, 25, 73, 4.07121
0.284281548539645, 0.25, -0.00474343157474942, 25, 70, 3.9071
# finished at Tue Apr 22 09:53:27 CEST 2014
