# starting on alcc99 at Tue Apr 22 09:48:40 CEST 2014
# casimir, -Q, 0.276687038888011, -T, 0.05,0.25,20, -p, 1e-10, -L, 25
# Compiler icc, using long double and plain matrix elements and plain integration
# precision=1e-10
# lfac=5
# cores=1
# L=0.276687
# T=0.05...0.25 (20)
#
# R/(L+R), T, F, lmax, nmax, time
0.276687038888011, 0.05, -0.00433739203066039, 25, 342, 19.7132
0.276687038888011, 0.0605263157894737, -0.00433739183083688, 25, 283, 16.301
0.276687038888011, 0.0710526315789474, -0.00433739149493682, 25, 241, 13.8719
0.276687038888011, 0.0815789473684211, -0.00433739097217722, 25, 210, 12.0843
0.276687038888011, 0.0921052631578947, -0.00433739020386783, 25, 186, 10.6961
0.276687038888011, 0.102631578947368, -0.00433738912357705, 25, 167, 9.59663
0.276687038888011, 0.113157894736842, -0.00433738765725502, 25, 152, 8.73257
0.276687038888011, 0.123684210526316, -0.00433738572328299, 25, 139, 7.9749
0.276687038888011, 0.134210526315789, -0.00433738323279916, 25, 128, 7.34463
0.276687038888011, 0.144736842105263, -0.00433738008978163, 25, 119, 6.82209
0.276687038888011, 0.155263157894737, -0.0043373761911596, 25, 111, 6.36127
0.276687038888011, 0.165789473684211, -0.00433737142714597, 25, 104, 5.95484
0.276687038888011, 0.176315789473684, -0.00433736568139048, 25, 98, 5.60951
0.276687038888011, 0.186842105263158, -0.0043373588312016, 25, 93, 5.31804
0.276687038888011, 0.197368421052632, -0.00433735074771264, 25, 88, 5.02668
0.276687038888011, 0.207894736842105, -0.00433734129627253, 25, 83, 4.74414
0.276687038888011, 0.218421052631579, -0.00433733033673741, 25, 79, 4.51027
0.276687038888011, 0.228947368421053, -0.00433731772357334, 25, 76, 4.33848
0.276687038888011, 0.239473684210526, -0.00433730330611262, 25, 73, 4.16298
0.276687038888011, 0.25, -0.00433728692905599, 25, 70, 3.99071
# finished at Tue Apr 22 09:51:23 CEST 2014
