# starting on alcc116 at Tue Apr 18 10:14:08 CEST 2017

# L      = 5.35e-07
# R      = 1.2e-05
# LbyR   = 0.0445833333333333
# T      = 295
# cutoff = 1e-13
# epsrel = 1e-10
# ldim   = 250
# cores  = 3
# alpha  = 0.0853609892301555
# filename = /alcc/gpfs1/home/u/hartmmic/libcasimir-dev/data/materials/GoldEpsIm.dat
# model  = optical data (xi=0: Drude)
# plasma = -5.21971011099752 (logdetD(xi=0) for plasma model with omegap=9eV)
#
# xi=0, logdetD=-3.00848448697634, t=0.519127
# xi=10.1464121053, logdetD=-2.17352450969431, t=9.10876
# xi=20.2928242105999, logdetD=-0.843024186853482, t=8.56922
# xi=30.4392363158999, logdetD=-0.330459225794337, t=9.08926
# xi=40.5856484211999, logdetD=-0.13017718286938, t=9.58139
# xi=50.7320605264999, logdetD=-0.0514066218531468, t=9.85245
# xi=60.8784726317998, logdetD=-0.0203328409563823, t=10.2237
# xi=71.0248847370998, logdetD=-0.00805864521094638, t=10.6305
# xi=81.1712968423998, logdetD=-0.00319620707621497, t=10.5201
# xi=91.3177089476997, logdetD=-0.00126936453391549, t=10.4181
# xi=101.464121053, logdetD=-0.000504395965482531, t=10.1438
# xi=111.6105331583, logdetD=-0.000200975342434704, t=10.0281
# xi=121.7569452636, logdetD=-8.01098217110459e-05, t=9.91881
# xi=131.9033573689, logdetD=-3.19885972560381e-05, t=9.52219
# xi=142.0497694742, logdetD=-1.27896417678709e-05, t=9.24298
# xi=152.1961815795, logdetD=-5.11775521020846e-06, t=9.0374
# xi=162.3425936848, logdetD=-2.05184098522875e-06, t=8.76486
# xi=172.489005790099, logdetD=-8.23138500373187e-07, t=8.33161
# xi=182.635417895399, logdetD=-3.30679669520611e-07, t=8.14202
# xi=192.781830000699, logdetD=-1.32979982047906e-07, t=7.70783
# xi=202.928242105999, logdetD=-5.35173905736903e-08, t=7.29545
# xi=213.074654211299, logdetD=-2.15682687211026e-08, t=6.71651
# xi=223.221066316599, logdetD=-8.69720685544673e-09, t=6.70534
# xi=233.367478421899, logdetD=-3.51087585592795e-09, t=6.72859
# xi=243.513890527199, logdetD=-1.41838532600325e-09, t=6.92505
# xi=253.660302632499, logdetD=-5.73390572944058e-10, t=6.92721
# xi=263.806714737799, logdetD=-2.32040027780249e-10, t=6.88268
#
# L/R, L, R, T, ldim, F*(L+R)/(ħc)
0.04458333333333333, 5.35e-07, 1.2e-05, 295, 250, -16.36338803405059

# finished at Tue Apr 18 10:17:56 CEST 2017
