# starting on alcc121 at Tue Apr 18 11:22:54 CEST 2017

# L      = 7.95e-07
# R      = 1.2e-05
# LbyR   = 0.06625
# T      = 295
# cutoff = 1e-13
# epsrel = 1e-10
# ldim   = 250
# cores  = 3
# alpha  = 0.124267291910903
# filename = /alcc/gpfs1/home/u/hartmmic/libcasimir-dev/data/materials/GoldEpsIm.dat
# model  = optical data (xi=0: Drude)
# plasma = -3.33406187766392 (logdetD(xi=0) for plasma model with omegap=9eV)
#
# xi=0, logdetD=-1.93559126240886, t=0.486061
# xi=10.356868200025, logdetD=-0.947688697727694, t=7.51283
# xi=20.71373640005, logdetD=-0.243114155445809, t=7.10075
# xi=31.0706046000749, logdetD=-0.062859523973237, t=7.29583
# xi=41.4274728000999, logdetD=-0.0162894003415848, t=7.56189
# xi=51.7843410001249, logdetD=-0.00422549492625762, t=7.84866
# xi=62.1412092001499, logdetD=-0.00109715641053408, t=8.101
# xi=72.4980774001749, logdetD=-0.000285392044818172, t=7.912
# xi=82.8549456001998, logdetD=-7.42843421799437e-05, t=7.85892
# xi=93.2118138002248, logdetD=-1.93612398077736e-05, t=7.29925
# xi=103.56868200025, logdetD=-5.04910088891742e-06, t=7.04911
# xi=113.925550200275, logdetD=-1.32036868560131e-06, t=6.76244
# xi=124.2824184003, logdetD=-3.45430452400507e-07, t=6.34388
# xi=134.639286600325, logdetD=-9.05324461186365e-08, t=5.99986
# xi=144.99615480035, logdetD=-2.37580706606333e-08, t=5.47853
# xi=155.353023000375, logdetD=-6.23999508555824e-09, t=5.46386
# xi=165.7098912004, logdetD=-1.64213175385478e-09, t=5.42124
# xi=176.066759400425, logdetD=-4.32416779847611e-10, t=5.43696
# xi=186.42362760045, logdetD=-1.14027065106581e-10, t=5.39582
#
# L/R, L, R, T, ldim, F*(L+R)/(ħc)
0.06625, 7.95e-07, 1.2e-05, 295, 250, -7.395986684544139

# finished at Tue Apr 18 11:24:57 CEST 2017
