# starting on alcc116 at Tue Apr 18 11:00:56 CEST 2017

# L      = 3.6e-07
# R      = 1.2e-05
# LbyR   = 0.03
# T      = 295
# cutoff = 1e-13
# epsrel = 1e-10
# ldim   = 334
# cores  = 4
# alpha  = 0.058252427184466
# filename = /alcc/gpfs1/home/u/hartmmic/libcasimir-dev/data/materials/GoldEpsIm.dat
# model  = optical data (xi=0: Drude)
# plasma = -8.01502374533539 (logdetD(xi=0) for plasma model with omegap=9eV)
#
# xi=0, logdetD=-4.61933052997695, t=0.877446
# xi=10.0047589646197, logdetD=-4.32814681792889, t=11.5373
# xi=20.0095179292393, logdetD=-2.22181386678153, t=10.6623
# xi=30.014276893859, logdetD=-1.15161659326368, t=10.9524
# xi=40.0190358584787, logdetD=-0.600588462851395, t=11.5989
# xi=50.0237948230984, logdetD=-0.314378962198652, t=11.8617
# xi=60.028553787718, logdetD=-0.164967843429707, t=11.9636
# xi=70.0333127523377, logdetD=-0.0867865431362645, t=12.6685
# xi=80.0380717169574, logdetD=-0.0457014884486937, t=13.2792
# xi=90.0428306815771, logdetD=-0.0241012984865007, t=13.7392
# xi=100.047589646197, logdetD=-0.012717542495426, t=13.8796
# xi=110.052348610816, logdetD=-0.00672899599726947, t=14.2023
# xi=120.057107575436, logdetD=-0.00356173150385265, t=14.2067
# xi=130.061866540056, logdetD=-0.00188853732944719, t=13.9453
# xi=140.066625504675, logdetD=-0.00100260666974531, t=13.8831
# xi=150.071384469295, logdetD=-0.000532698590064461, t=13.5217
# xi=160.076143433915, logdetD=-0.000283571875377249, t=13.1244
# xi=170.080902398534, logdetD=-0.000151042913580275, t=13.0775
# xi=180.085661363154, logdetD=-8.0562644906482e-05, t=12.9072
# xi=190.090420327774, logdetD=-4.30133894568323e-05, t=12.7517
# xi=200.095179292393, logdetD=-2.29825089561481e-05, t=12.4249
# xi=210.099938257013, logdetD=-1.22969342386516e-05, t=12.1772
# xi=220.104697221633, logdetD=-6.58318680378437e-06, t=11.8024
# xi=230.109456186252, logdetD=-3.52811433327053e-06, t=11.5027
# xi=240.114215150872, logdetD=-1.89229659484257e-06, t=10.9631
# xi=250.118974115492, logdetD=-1.01557277280932e-06, t=10.9998
# xi=260.123733080111, logdetD=-5.45615820489928e-07, t=10.6832
# xi=270.128492044731, logdetD=-2.93269837084687e-07, t=10.253
# xi=280.133251009351, logdetD=-1.57768154443216e-07, t=9.99977
# xi=290.138009973971, logdetD=-8.49254348795788e-08, t=9.69544
# xi=300.14276893859, logdetD=-4.57390322358343e-08, t=9.27976
# xi=310.14752790321, logdetD=-2.46539708132768e-08, t=8.8212
# xi=320.15228686783, logdetD=-1.32940862328512e-08, t=8.83521
# xi=330.157045832449, logdetD=-7.17351893267775e-09, t=8.80725
# xi=340.161804797069, logdetD=-3.8727403188535e-09, t=8.80443
# xi=350.166563761689, logdetD=-2.09170057447187e-09, t=8.82943
# xi=360.171322726308, logdetD=-1.13046951202906e-09, t=8.8226
# xi=370.176081690928, logdetD=-6.11171050722061e-10, t=8.82361
# xi=380.180840655548, logdetD=-3.30611281575672e-10, t=8.84045
#
# L/R, L, R, T, ldim, F*(L+R)/(ħc)
0.03, 3.6e-07, 1.2e-05, 295, 334, -35.90590445215163

# finished at Tue Apr 18 11:08:12 CEST 2017
