# starting on alcc114 at Tue Apr 18 12:34:42 CEST 2017

# L      = 1.05e-07
# R      = 1.2e-05
# LbyR   = 0.00875
# T      = 295
# cutoff = 1e-13
# epsrel = 1e-10
# ldim   = 1143
# cores  = 18
# alpha  = 0.0173482032218092
# filename = /alcc/gpfs1/home/u/hartmmic/libcasimir-dev/data/materials/GoldEpsIm.dat
# model  = optical data (xi=0: Drude)
# plasma = -27.2170642699004 (logdetD(xi=0) for plasma model with omegap=9eV)
#
# xi=0, logdetD=-16.7090212291086, t=4.79422
# xi=9.79835010248553, logdetD=-21.7200651111982, t=27.9475
# xi=19.5967002049711, logdetD=-17.1054452885751, t=27.5765
# xi=29.3950503074566, logdetD=-13.4627219935755, t=26.8912
# xi=39.1934004099421, logdetD=-10.6222445053985, t=27.3451
# xi=48.9917505124276, logdetD=-8.40292865529869, t=27.4033
# xi=58.7901006149132, logdetD=-6.66299575271854, t=27.6058
# xi=68.5884507173987, logdetD=-5.29814140585822, t=27.4333
# xi=78.3868008198842, logdetD=-4.21826547776732, t=27.5904
# xi=88.1851509223698, logdetD=-3.36433670816998, t=27.8648
# xi=97.9835010248553, logdetD=-2.68545600659327, t=28.5575
# xi=107.781851127341, logdetD=-2.14965876576712, t=28.9204
# xi=117.580201229826, logdetD=-1.72158570392804, t=29.5133
# xi=127.378551332312, logdetD=-1.38117191503092, t=30.0554
# xi=137.176901434797, logdetD=-1.10943786501047, t=30.6949
# xi=146.975251537283, logdetD=-0.891854512439929, t=31.1376
# xi=156.773601639768, logdetD=-0.718259107481814, t=31.6798
# xi=166.571951742254, logdetD=-0.578765464736245, t=32.085
# xi=176.37030184474, logdetD=-0.466964965276205, t=32.4096
# xi=186.168651947225, logdetD=-0.377111718225501, t=32.8226
# xi=195.967002049711, logdetD=-0.304754279261043, t=33.0554
# xi=205.765352152196, logdetD=-0.246602100515543, t=33.8266
# xi=215.563702254682, logdetD=-0.199644400714372, t=34.3063
# xi=225.362052357167, logdetD=-0.161790222064424, t=34.8196
# xi=235.160402459653, logdetD=-0.131207964869712, t=35.3124
# xi=244.958752562138, logdetD=-0.1064680567149, t=35.586
# xi=254.757102664624, logdetD=-0.0864778775107251, t=36.047
# xi=264.555452767109, logdetD=-0.0702709931327477, t=36.3113
# xi=274.353802869595, logdetD=-0.0571474179464786, t=36.6417
# xi=284.15215297208, logdetD=-0.0465013650424595, t=36.8911
# xi=293.950503074566, logdetD=-0.0378573318185482, t=35.5955
# xi=303.748853177051, logdetD=-0.0308438092855389, t=35.7454
# xi=313.547203279537, logdetD=-0.0251388892523797, t=36.0092
# xi=323.345553382022, logdetD=-0.0205027964643334, t=36.0575
# xi=333.143903484508, logdetD=-0.0167294785218003, t=35.9189
# xi=342.942253586994, logdetD=-0.0136564578963467, t=36.1094
# xi=352.740603689479, logdetD=-0.0111548252983284, t=36.0822
# xi=362.538953791965, logdetD=-0.00911436527576265, t=36.0019
# xi=372.33730389445, logdetD=-0.00745134099681512, t=36.1679
# xi=382.135653996936, logdetD=-0.00609411096292545, t=36.2406
# xi=391.934004099421, logdetD=-0.00498596825280506, t=36.3182
# xi=401.732354201907, logdetD=-0.00408141380698979, t=36.3788
# xi=411.530704304392, logdetD=-0.00334189894726435, t=36.2341
# xi=421.329054406878, logdetD=-0.00273770305124525, t=34.9012
# xi=431.127404509363, logdetD=-0.00224347362442355, t=34.5788
# xi=440.925754611849, logdetD=-0.00183907750157819, t=34.7503
# xi=450.724104714334, logdetD=-0.00150822297107564, t=35.1545
# xi=460.52245481682, logdetD=-0.00123719524316592, t=34.9797
# xi=470.320804919305, logdetD=-0.00101530043428597, t=34.8889
# xi=480.119155021791, logdetD=-0.000833435218431564, t=34.9461
# xi=489.917505124276, logdetD=-0.00068434966427078, t=34.9434
# xi=499.715855226762, logdetD=-0.00056213826427206, t=34.8788
# xi=509.514205329247, logdetD=-0.000461852599782949, t=34.7676
# xi=519.312555431733, logdetD=-0.00037959966623608, t=34.5619
# xi=529.110905534219, logdetD=-0.000312070446927462, t=34.4431
# xi=538.909255636704, logdetD=-0.000256622923179074, t=34.1944
# xi=548.70760573919, logdetD=-0.000211093678575863, t=33.2188
# xi=558.505955841675, logdetD=-0.000173676094815448, t=33.1132
# xi=568.304305944161, logdetD=-0.000142938589219905, t=33.2316
# xi=578.102656046646, logdetD=-0.000117665688792358, t=33.2184
# xi=587.901006149132, logdetD=-9.68847105961324e-05, t=32.8966
# xi=597.699356251617, logdetD=-7.97957767392599e-05, t=32.9349
# xi=607.497706354103, logdetD=-6.57326320875324e-05, t=32.6964
# xi=617.296056456588, logdetD=-5.42137871096827e-05, t=32.7144
# xi=627.094406559074, logdetD=-4.47627928182022e-05, t=32.5139
# xi=636.892756661559, logdetD=-3.69383563584808e-05, t=32.4564
# xi=646.691106764045, logdetD=-3.04634687815224e-05, t=31.1449
# xi=656.48945686653, logdetD=-2.51078891560897e-05, t=31.1231
# xi=666.287806969016, logdetD=-2.06803068379726e-05, t=30.9971
# xi=676.086157071501, logdetD=-1.70337450904341e-05, t=30.95
# xi=685.884507173987, logdetD=-1.4080730008059e-05, t=31.0034
# xi=695.682857276473, logdetD=-1.16340463057709e-05, t=30.9476
# xi=705.481207378958, logdetD=-9.60767257347717e-06, t=30.9285
# xi=715.279557481444, logdetD=-7.93008956026436e-06, t=29.675
# xi=725.077907583929, logdetD=-6.54185014511004e-06, t=29.5238
# xi=734.876257686415, logdetD=-5.39355650111517e-06, t=29.4707
# xi=744.6746077889, logdetD=-4.46097580577028e-06, t=29.2154
# xi=754.472957891386, logdetD=-3.68989228414152e-06, t=29.3622
# xi=764.271307993871, logdetD=-3.05077874459741e-06, t=29.252
# xi=774.069658096357, logdetD=-2.52123697463237e-06, t=27.9555
# xi=783.868008198842, logdetD=-2.0826436779716e-06, t=27.8118
# xi=793.666358301328, logdetD=-1.71951754577171e-06, t=27.8273
# xi=803.464708403813, logdetD=-1.42226930043384e-06, t=27.7749
# xi=813.263058506299, logdetD=-1.17757694622624e-06, t=27.7021
# xi=823.061408608784, logdetD=-9.74618959675329e-07, t=26.7545
# xi=832.85975871127, logdetD=-8.06329893980245e-07, t=26.1792
# xi=842.658108813755, logdetD=-6.6683287159935e-07, t=26.2198
# xi=852.456458916241, logdetD=-5.51240669712312e-07, t=26.3684
# xi=862.254809018727, logdetD=-4.56027856235951e-07, t=26.2106
# xi=872.053159121212, logdetD=-3.77900427688295e-07, t=25.3907
# xi=881.851509223698, logdetD=-3.13055729763735e-07, t=25.3417
# xi=891.649859326183, logdetD=-2.59250399315418e-07, t=24.8134
# xi=901.448209428669, logdetD=-2.14617835135748e-07, t=24.7195
# xi=911.246559531154, logdetD=-1.77605356720326e-07, t=23.9134
# xi=921.04490963364, logdetD=-1.46965577716895e-07, t=23.8474
# xi=930.843259736125, logdetD=-1.21882761219511e-07, t=23.7295
# xi=940.641609838611, logdetD=-1.01051727155114e-07, t=23.4503
# xi=950.439959941096, logdetD=-8.37560261443522e-08, t=22.3607
# xi=960.238310043582, logdetD=-6.93993351505947e-08, t=22.1924
# xi=970.036660146067, logdetD=-5.74853871863795e-08, t=22.301
# xi=979.835010248553, logdetD=-4.76012358128209e-08, t=22.2746
# xi=989.633360351038, logdetD=-3.9489680787978e-08, t=22.2551
# xi=999.431710453524, logdetD=-3.27648073192616e-08, t=22.298
# xi=1009.23006055601, logdetD=-2.71779573707114e-08, t=22.2281
# xi=1019.02841065849, logdetD=-2.25376159062044e-08, t=22.1133
# xi=1028.82676076098, logdetD=-1.86843389587582e-08, t=22.0845
# xi=1038.62511086347, logdetD=-1.54854064997771e-08, t=22.0562
# xi=1048.42346096595, logdetD=-1.28478211224286e-08, t=21.9925
# xi=1058.22181106844, logdetD=-1.06671025291707e-08, t=22.0332
# xi=1068.02016117092, logdetD=-8.85443120398631e-09, t=22.0733
# xi=1077.81851127341, logdetD=-7.34800380494281e-09, t=21.9546
# xi=1087.61686137589, logdetD=-6.09634841099386e-09, t=21.9633
# xi=1097.41521147838, logdetD=-5.05660442300039e-09, t=21.8737
# xi=1107.21356158086, logdetD=-4.19595498702292e-09, t=21.8575
# xi=1117.01191168335, logdetD=-3.4859040525591e-09, t=21.8231
# xi=1126.81026178584, logdetD=-2.89539232616543e-09, t=21.9655
# xi=1136.60861188832, logdetD=-2.40438773781725e-09, t=21.7838
# xi=1146.40696199081, logdetD=-1.9962012407329e-09, t=21.8246
# xi=1156.20531209329, logdetD=-1.65693099668717e-09, t=21.7895
#
# L/R, L, R, T, ldim, F*(L+R)/(ħc)
0.008749999999999999, 1.05e-07, 1.2e-05, 295, 1143, -352.1532264214885

# finished at Tue Apr 18 13:33:17 CEST 2017
