# starting on alcc121 at Tue Apr 18 10:59:09 CEST 2017

# L      = 3.35e-07
# R      = 1.2e-05
# LbyR   = 0.0279166666666667
# T      = 295
# cutoff = 1e-13
# epsrel = 1e-10
# ldim   = 359
# cores  = 4
# alpha  = 0.0543169841913255
# filename = /alcc/gpfs1/home/u/hartmmic/libcasimir-dev/data/materials/GoldEpsIm.dat
# model  = optical data (xi=0: Drude)
# plasma = -8.64751571205743 (logdetD(xi=0) for plasma model with omegap=9eV)
#
# xi=0, logdetD=-4.9883133149992, t=0.930698
# xi=9.98452280166535, logdetD=-4.8479582440687, t=13.371
# xi=19.9690456033307, logdetD=-2.5913664340456, t=12.1749
# xi=29.953568404996, logdetD=-1.39797825994343, t=12.9589
# xi=39.9380912066614, logdetD=-0.758848770868897, t=13.3679
# xi=49.9226140083267, logdetD=-0.413502172609431, t=13.7447
# xi=59.9071368099921, logdetD=-0.22590585086035, t=13.7137
# xi=69.8916596116574, logdetD=-0.123744987829782, t=14.4706
# xi=79.8761824133228, logdetD=-0.06785479593728, t=15.0822
# xi=89.8607052149881, logdetD=-0.0372633848396208, t=15.7428
# xi=99.8452280166535, logdetD=-0.0204760229710149, t=16.1587
# xi=109.829750818319, logdetD=-0.0112822705771653, t=16.3889
# xi=119.814273619984, logdetD=-0.0062188783905659, t=16.2564
# xi=129.798796421649, logdetD=-0.00343383828162919, t=16.2991
# xi=139.783319223315, logdetD=-0.00189839361857649, t=15.9449
# xi=149.76784202498, logdetD=-0.00105035590839993, t=16.0614
# xi=159.752364826646, logdetD=-0.000582257053876354, t=15.7863
# xi=169.736887628311, logdetD=-0.000322958401147977, t=15.7096
# xi=179.721410429976, logdetD=-0.000179379348552692, t=15.2776
# xi=189.705933231642, logdetD=-9.97316678181763e-05, t=14.7165
# xi=199.690456033307, logdetD=-5.54901653609158e-05, t=14.765
# xi=209.674978834972, logdetD=-3.09174085197914e-05, t=14.4025
# xi=219.659501636638, logdetD=-1.72357022847874e-05, t=14.3163
# xi=229.644024438303, logdetD=-9.61880136513537e-06, t=14.039
# xi=239.628547239968, logdetD=-5.37220006238396e-06, t=13.7968
# xi=249.613070041634, logdetD=-3.00232781362447e-06, t=13.238
# xi=259.597592843299, logdetD=-1.67964472579455e-06, t=12.7223
# xi=269.582115644964, logdetD=-9.40115145713349e-07, t=12.3732
# xi=279.56663844663, logdetD=-5.26642447590704e-07, t=12.3345
# xi=289.551161248295, logdetD=-2.952004560204e-07, t=11.8296
# xi=299.53568404996, logdetD=-1.65557559011249e-07, t=11.5682
# xi=309.520206851626, logdetD=-9.29247885490023e-08, t=11.0984
# xi=319.504729653291, logdetD=-5.21778505400041e-08, t=10.6549
# xi=329.489252454956, logdetD=-2.93185963991837e-08, t=10.054
# xi=339.473775256622, logdetD=-1.64821156801886e-08, t=10.0883
# xi=349.458298058287, logdetD=-9.26996839492931e-09, t=10.1626
# xi=359.442820859952, logdetD=-5.21701766793162e-09, t=10.1152
# xi=369.427343661618, logdetD=-2.93705204277456e-09, t=10.1414
# xi=379.411866463283, logdetD=-1.65444636452329e-09, t=10.2462
# xi=389.396389264948, logdetD=-9.32323879967746e-10, t=10.1082
# xi=399.380912066614, logdetD=-5.25591672819169e-10, t=10.1729
# xi=409.365434868279, logdetD=-2.96453533928308e-10, t=10.2179
#
# L/R, L, R, T, ldim, F*(L+R)/(ħc)
0.02791666666666667, 3.35e-07, 1.2e-05, 295, 359, -41.32974448846868

# finished at Tue Apr 18 11:08:12 CEST 2017
