# starting on alcc121 at Tue Apr 18 11:14:38 CEST 2017

# L      = 6.45e-07
# R      = 1.2e-05
# LbyR   = 0.05375
# T      = 295
# cutoff = 1e-13
# epsrel = 1e-10
# ldim   = 250
# cores  = 3
# alpha  = 0.102016607354686
# filename = /alcc/gpfs1/home/u/hartmmic/libcasimir-dev/data/materials/GoldEpsIm.dat
# model  = optical data (xi=0: Drude)
# plasma = -4.23497489763373 (logdetD(xi=0) for plasma model with omegap=9eV)
#
# xi=0, logdetD=-2.44732789408925, t=0.476709
# xi=10.235451222299, logdetD=-1.49978354875848, t=8.23361
# xi=20.470902444598, logdetD=-0.488313395324023, t=7.85628
# xi=30.706353666897, logdetD=-0.160560051411643, t=8.07879
# xi=40.941804889196, logdetD=-0.0529927526886396, t=8.54983
# xi=51.1772561114951, logdetD=-0.017520615138766, t=8.82126
# xi=61.4127073337941, logdetD=-0.00579990826756424, t=9.05767
# xi=71.6481585560931, logdetD=-0.00192358684245612, t=9.29198
# xi=81.8836097783921, logdetD=-0.000638394943222387, t=9.0895
# xi=92.1190610006911, logdetD=-0.000212149746899163, t=8.88403
# xi=102.35451222299, logdetD=-7.05396659779767e-05, t=8.5688
# xi=112.589963445289, logdetD=-2.35189031825921e-05, t=8.44998
# xi=122.825414667588, logdetD=-7.84474621551121e-06, t=8.02338
# xi=133.060865889887, logdetD=-2.62128000678638e-06, t=7.81315
# xi=143.296317112186, logdetD=-8.77015053109567e-07, t=7.55829
# xi=153.531768334485, logdetD=-2.93672359479478e-07, t=6.96898
# xi=163.767219556784, logdetD=-9.85295289504609e-08, t=6.73887
# xi=174.002670779083, logdetD=-3.30779044671704e-08, t=6.27034
# xi=184.238122001382, logdetD=-1.11203412304111e-08, t=6.06742
# xi=194.473573223681, logdetD=-3.74235617013947e-09, t=6.05233
# xi=204.70902444598, logdetD=-1.26038891245938e-09, t=6.07148
# xi=214.944475668279, logdetD=-4.25087347200154e-10, t=6.07979
# xi=225.179926890578, logdetD=-1.43449169186395e-10, t=6.06733
#
# L/R, L, R, T, ldim, F*(L+R)/(ħc)
0.05375, 6.45e-07, 1.2e-05, 295, 250, -11.24518964379873

# finished at Tue Apr 18 11:17:28 CEST 2017
