# compiler: gcc
# compile time: Mar 16 2018 09:39:59
# compiled on: Linux jonas.physik.uni-augsburg.de 4.9.0-6-amd64 #1 SMP Debian 4.9.82-1+deb9u2 (2018-02-21) x86_64 GNU/Linux
# LAPACK support: false
# git HEAD: d8690740b22f555dc742fbe5355a8f48d72307b3
# git branch: master
# pid: 17602
# start time: Fri Mar 16 15:56:36 2018
#
# LbyR = 0.00234
# RbyL = 427.350427350427
# L = 2.34e-07
# R = 0.0001
# high-temperature limit
# cutoff = 1e-12
# epsrel = 1e-06
# iepsrel = 1e-09
# ldim = 4274
# cores = 8
# alpha = 0.0046690743659836
# omegap = 9
# gamma = 0
#
# L/R, L, R, ldim, omegap, F_Drude/(kB*T), F_PR/(kB*T), F_Plasma/(kB*T)
0.00234, 2.34e-07, 0.0001, 4274, 9, -63.68659166838119, -125.1161158299641, -115.1197755545913
