# starting on alcc114 at Fri Apr 14 16:08:05 CEST 2017
# ../casimir_fixed -R 100e-6 -L 725e-9 -T 295 --material ../../data/materials/GoldEpsIm.dat --cutoff 1e-12 --epsrel 1e-9 --eta 8

# L      = 7.25e-07
# R      = 0.0001
# LbyR   = 0.00725
# T      = 295
# cutoff = 1e-12
# epsrel = 1e-09
# ldim   = 1104
# cores  = 16
# alpha  = 0.0143956316703897
# filename = ../../data/materials/GoldEpsIm.dat
# model  = optical data (xi=0: Drude)
# plasma = -37.8876100816913 (logdetD(xi=0) for plasma model with omegap=9eV)
#
# xi=0, logdetD=-20.2520130791871, t=5.6739
# xi=81.5315005429868, logdetD=-10.0511904993404, t=32.1935
# xi=163.063001085974, logdetD=-2.84036780144455, t=36.9573
# xi=244.59450162896, logdetD=-0.817248394579756, t=41.1448
# xi=326.126002171947, logdetD=-0.236437926534081, t=42.8007
# xi=407.657502714934, logdetD=-0.0685660271236224, t=43.773
# xi=489.189003257921, logdetD=-0.019915839229392, t=42.8546
# xi=570.720503800908, logdetD=-0.00579717901537865, t=42.687
# xi=652.252004343894, logdetD=-0.00168888147880116, t=41.5236
# xi=733.783504886881, logdetD=-0.000492730270544121, t=40.0946
# xi=815.315005429868, logdetD=-0.000143843060037607, t=38.865
# xi=896.846505972855, logdetD=-4.2109145776724e-05, t=36.3754
# xi=978.378006515841, logdetD=-1.23322479368878e-05, t=34.7423
# xi=1059.90950705883, logdetD=-3.61799508073621e-06, t=32.1905
# xi=1141.44100760182, logdetD=-1.06274280347372e-06, t=29.6595
# xi=1222.9725081448, logdetD=-3.12403142090512e-07, t=27.1062
# xi=1304.50400868779, logdetD=-9.20037466872208e-08, t=24.4387
# xi=1386.03550923078, logdetD=-2.7108765357096e-08, t=22.9117
# xi=1467.56700977376, logdetD=-7.99764791820768e-09, t=22.6288
#
# L/R, L, R, T, ldim, F*(L+R)/(ħc)
0.00725, 7.25e-07, 0.0001, 295, 1104, -627.2125671356534
# finished at Fri Apr 14 16:18:44 CEST 2017
