# starting on alcc118 at Sun Apr 16 12:27:37 CEST 2017
# ../casimir_fixed -R 100e-6 -L 200e-9 -T 295 --material ../../data/materials/GoldEpsIm.dat --cutoff 1e-12 --epsrel 1e-9 --eta 8

# L      = 2e-07
# R      = 0.0001
# LbyR   = 0.002
# T      = 295
# cutoff = 1e-12
# epsrel = 1e-09
# ldim   = 4001
# cores  = 32
# alpha  = 0.00399201596806387
# filename = ../../data/materials/GoldEpsIm.dat
# model  = optical data (xi=0: Drude)
# plasma = -133.471046904807 (logdetD(xi=0) for plasma model with omegap=9eV)
#
# xi=0, logdetD=-74.5962052914657, t=42.9007
# xi=81.1065411209459, logdetD=-86.0048773057468, t=230.01
# xi=162.213082241892, logdetD=-56.8858254183455, t=237.858
# xi=243.319623362838, logdetD=-38.0168474661745, t=252.589
# xi=324.426164483784, logdetD=-25.5822168461393, t=268.582
# xi=405.53270560473, logdetD=-17.2960357054455, t=294.112
# xi=486.639246725675, logdetD=-11.7340441548449, t=310.222
# xi=567.745787846621, logdetD=-7.98743312457875, t=319.35
# xi=648.852328967567, logdetD=-5.44568374411549, t=328.873
# xi=729.958870088513, logdetD=-3.71978109133615, t=332.559
# xi=811.065411209459, logdetD=-2.54309972708622, t=330.689
# xi=892.171952330405, logdetD=-1.74369467270323, t=327.858
# xi=973.278493451351, logdetD=-1.19616603856259, t=326.623
# xi=1054.3850345723, logdetD=-0.822032277672704, t=322.947
# xi=1135.49157569324, logdetD=-0.565634905163628, t=323.522
# xi=1216.59811681419, logdetD=-0.389520923934213, t=329.041
# xi=1297.70465793513, logdetD=-0.268748791499894, t=328.473
# xi=1378.81119905608, logdetD=-0.185528353106258, t=328.633
# xi=1459.91774017703, logdetD=-0.12825004013212, t=325.536
# xi=1541.02428129797, logdetD=-0.0887420299040314, t=318.58
# xi=1622.13082241892, logdetD=-0.0614488805978237, t=319.558
# xi=1703.23736353986, logdetD=-0.0426079892876735, t=320.753
# xi=1784.34390466081, logdetD=-0.0295596030327228, t=318.684
# xi=1865.45044578176, logdetD=-0.0205287564404836, t=314.465
# xi=1946.5569869027, logdetD=-0.0142678301472126, t=312.945
# xi=2027.66352802365, logdetD=-0.00992249641255313, t=313.373
# xi=2108.77006914459, logdetD=-0.00690764151230603, t=314
# xi=2189.87661026554, logdetD=-0.00481102485602704, t=301.998
# xi=2270.98315138649, logdetD=-0.00335359588861315, t=305.724
# xi=2352.08969250743, logdetD=-0.00233908203261666, t=306.487
# xi=2433.19623362838, logdetD=-0.00163232623339706, t=303.545
# xi=2514.30277474932, logdetD=-0.00114002627323802, t=293.873
# xi=2595.40931587027, logdetD=-0.00079651089822077, t=294.9
# xi=2676.51585699122, logdetD=-0.000556887763572316, t=291.181
# xi=2757.62239811216, logdetD=-0.000389541621426511, t=283.618
# xi=2838.72893923311, logdetD=-0.000272604736348745, t=282.903
# xi=2919.83548035405, logdetD=-0.000190892722917078, t=279.791
# xi=3000.942021475, logdetD=-0.00013371779128998, t=273.582
# xi=3082.04856259594, logdetD=-9.3721454469562e-05, t=272.112
# xi=3163.15510371689, logdetD=-6.57144311889911e-05, t=265.709
# xi=3244.26164483784, logdetD=-4.60944972941253e-05, t=263.533
# xi=3325.36818595878, logdetD=-3.23491504702681e-05, t=256.13
# xi=3406.47472707973, logdetD=-2.27091056679476e-05, t=251.383
# xi=3487.58126820067, logdetD=-1.59496007127384e-05, t=244.468
# xi=3568.68780932162, logdetD=-1.12057834509212e-05, t=243.224
# xi=3649.79435044257, logdetD=-7.87552853310529e-06, t=233.774
# xi=3730.90089156351, logdetD=-5.53738001878638e-06, t=226.278
# xi=3812.00743268446, logdetD=-3.89435499265396e-06, t=222.101
# xi=3893.1139738054, logdetD=-2.73999731487437e-06, t=212.838
# xi=3974.22051492635, logdetD=-1.92834449698894e-06, t=211.555
# xi=4055.3270560473, logdetD=-1.3575206483081e-06, t=203.327
# xi=4136.43359716824, logdetD=-9.56017527488362e-07, t=193.144
# xi=4217.54013828919, logdetD=-6.73407455920135e-07, t=190.38
# xi=4298.64667941013, logdetD=-4.74515092596046e-07, t=183.14
# xi=4379.75322053108, logdetD=-3.34444119253502e-07, t=173.075
# xi=4460.85976165202, logdetD=-2.3578195673813e-07, t=160.675
# xi=4541.96630277297, logdetD=-1.66276528560381e-07, t=158.561
# xi=4623.07284389392, logdetD=-1.17282310128345e-07, t=150.503
# xi=4704.17938501486, logdetD=-8.27514309020058e-08, t=149.135
# xi=4785.28592613581, logdetD=-5.8398986596725e-08, t=149.602
#
# L/R, L, R, T, ldim, F*(L+R)/(ħc)
0.002, 2e-07, 0.0001, 295, 4001, -7696.140616279865
# finished at Sun Apr 16 16:53:04 CEST 2017
