# starting on alcc118 at Fri Apr 14 19:43:37 CEST 2017
# ../casimir_fixed -R 100e-6 -L 470e-9 -T 295 --material ../../data/materials/GoldEpsIm.dat --cutoff 1e-12 --epsrel 1e-9 --eta 8

# L      = 4.7e-07
# R      = 0.0001
# LbyR   = 0.0047
# T      = 295
# cutoff = 1e-12
# epsrel = 1e-09
# ldim   = 1703
# cores  = 16
# alpha  = 0.00935602667462924
# filename = ../../data/materials/GoldEpsIm.dat
# model  = optical data (xi=0: Drude)
# plasma = -58.5297459141751 (logdetD(xi=0) for plasma model with omegap=9eV)
#
# xi=0, logdetD=-31.4749745610921, t=11.306
# xi=81.3250916808526, logdetD=-23.6840115795975, t=74.7344
# xi=162.650183361705, logdetD=-10.0594979118348, t=80.6019
# xi=243.975275042558, logdetD=-4.35261377049195, t=91.8579
# xi=325.300366723411, logdetD=-1.89816380656346, t=98.2246
# xi=406.625458404263, logdetD=-0.831042959904777, t=101.202
# xi=487.950550085116, logdetD=-0.364716135015167, t=102.587
# xi=569.275641765968, logdetD=-0.160459330449081, t=101.173
# xi=650.600733446821, logdetD=-0.0706633060467656, t=101.863
# xi=731.925825127674, logdetD=-0.031164934894087, t=101.597
# xi=813.250916808526, logdetD=-0.0137534497867295, t=99.0152
# xi=894.576008489379, logdetD=-0.00608648982794237, t=98.8921
# xi=975.901100170232, logdetD=-0.00269469309116034, t=97.1716
# xi=1057.22619185108, logdetD=-0.00119516246447521, t=95.3818
# xi=1138.55128353194, logdetD=-0.000530765594968, t=93.2728
# xi=1219.87637521279, logdetD=-0.000235905193774253, t=90.7147
# xi=1301.20146689364, logdetD=-0.000105054049087908, t=87.7697
# xi=1382.52655857449, logdetD=-4.68110335202532e-05, t=84.9057
# xi=1463.85165025535, logdetD=-2.08872511788506e-05, t=82.0728
# xi=1545.1767419362, logdetD=-9.3292851538258e-06, t=78.5612
# xi=1626.50183361705, logdetD=-4.16997088363351e-06, t=74.6006
# xi=1707.82692529791, logdetD=-1.86644176232162e-06, t=71.4207
# xi=1789.15201697876, logdetD=-8.3583992083845e-07, t=66.1584
# xi=1870.47710865961, logdetD=-3.74700187985238e-07, t=60.881
# xi=1951.80220034046, logdetD=-1.68099851195429e-07, t=55.8646
# xi=2033.12729202132, logdetD=-7.54579585967577e-08, t=50.3932
# xi=2114.45238370217, logdetD=-3.39058909713821e-08, t=50.1144
# xi=2195.77747538302, logdetD=-1.52414226762641e-08, t=49.8333
#
# L/R, L, R, T, ldim, F*(L+R)/(ħc)
0.0047, 4.7e-07, 0.0001, 295, 1703, -1481.087953995331
# finished at Fri Apr 14 20:21:10 CEST 2017
