# starting on alcc118 at Do 15. Feb 15:41:29 CET 2018
# compiler: icc
# compile time: Feb  1 2018 09:49:34
# compiled on: Linux alcc83 3.16.0-4-amd64 #1 SMP Debian 3.16.51-3 (2017-12-13) x86_64 GNU/Linux
# LAPACK support: false
# git HEAD: b96c9c30c7b1cdd2d059ceccd0396c6d55d3da95
# git branch: dev
#
# LbyR = 0.0179
# L = 1.611e-06
# R = 9e-05
# T = 300
# cutoff = 5e-08
# epsrel = 1e-07
# iepsrel = 2e-07
# ldim = 447
# cores = 4
# alpha = 0.0351704489635524
# filename = /alcc/gpfs1/home/u/hartmmic/libcasimir-dev/data/materials/GoldDalvit.dat
# model = optical data (xi=0: Drude)
# plasma = -14.7688889809438 (logdetD(xi=0) for plasma model with omegap=1.36734e+16eV)
#
# xi=0, logdetD=-7.9719672800971, t=1.29848
# xi=75.4110559081597, logdetD=-0.908416933940857, t=14.3188
# xi=150.822111816319, logdetD=-0.0594744227739923, t=14.5111
# xi=226.233167724479, logdetD=-0.00391706296947188, t=13.7188
# xi=301.644223632639, logdetD=-0.000258272703909207, t=12.2208
# xi=377.055279540798, logdetD=-1.70484559575079e-05, t=10.7748
# xi=452.466335448958, logdetD=-1.12658960222084e-06, t=8.56539
# xi=527.877391357118, logdetD=-7.46025628431108e-08, t=5.71873
#
# 411 determinants computed
#
# L/R, L, R, T, ldim, F*(L+R)/(ħc)
0.0179, 1.611e-06, 9.000000000000001e-05, 300, 447, -119.0138978116273
# finished at Do 15. Feb 15:42:51 CET 2018
