# starting on alcc124 at Do 15. Feb 15:59:53 CET 2018
# compiler: icc
# compile time: Feb  1 2018 09:49:34
# compiled on: Linux alcc83 3.16.0-4-amd64 #1 SMP Debian 3.16.51-3 (2017-12-13) x86_64 GNU/Linux
# LAPACK support: false
# git HEAD: b96c9c30c7b1cdd2d059ceccd0396c6d55d3da95
# git branch: dev
#
# LbyR = 0.011775
# L = 1.05975e-06
# R = 9e-05
# T = 300
# cutoff = 5e-08
# epsrel = 1e-07
# iepsrel = 2e-07
# ldim = 680
# cores = 4
# alpha = 0.0232759259716834
# filename = /alcc/gpfs1/home/u/hartmmic/libcasimir-dev/data/materials/GoldDalvit.dat
# model = optical data (xi=0: Drude)
# plasma = -22.9571469939138 (logdetD(xi=0) for plasma model with omegap=1.36734e+16eV)
#
# xi=0, logdetD=-12.313796201415, t=2.32512
# xi=74.9572856778449, logdetD=-3.45207702421617, t=31.7278
# xi=149.91457135569, logdetD=-0.555294346224346, t=32.8982
# xi=224.871857033535, logdetD=-0.0904995983705869, t=33.0936
# xi=299.829142711379, logdetD=-0.0147902707904357, t=32.2209
# xi=374.786428389224, logdetD=-0.00242076747837143, t=30.4604
# xi=449.743714067069, logdetD=-0.000396756799797597, t=28.3273
# xi=524.700999744914, logdetD=-6.51903150185204e-05, t=26.2759
# xi=599.658285422759, logdetD=-1.07032154886341e-05, t=23.323
# xi=674.615571100604, logdetD=-1.76315370625669e-06, t=19.6377
# xi=749.572856778449, logdetD=-2.90502237857606e-07, t=15.59
#
# 710 determinants computed
#
# L/R, L, R, T, ldim, F*(L+R)/(ħc)
0.011775, 1.05975e-06, 9.000000000000001e-05, 300, 680, -245.0971258348925
# finished at Do 15. Feb 16:04:29 CET 2018
