# starting on alcc120 at Do 15. Feb 16:00:47 CET 2018
# compiler: icc
# compile time: Feb  1 2018 09:49:34
# compiled on: Linux alcc83 3.16.0-4-amd64 #1 SMP Debian 3.16.51-3 (2017-12-13) x86_64 GNU/Linux
# LAPACK support: false
# git HEAD: b96c9c30c7b1cdd2d059ceccd0396c6d55d3da95
# git branch: dev
#
# LbyR = 0.01265
# L = 1.1385e-06
# R = 9e-05
# T = 300
# cutoff = 5e-08
# epsrel = 1e-07
# iepsrel = 2e-07
# ldim = 633
# cores = 4
# alpha = 0.0249839529946181
# filename = /alcc/gpfs1/home/u/hartmmic/libcasimir-dev/data/materials/GoldDalvit.dat
# model = optical data (xi=0: Drude)
# plasma = -21.3039694854132 (logdetD(xi=0) for plasma model with omegap=1.36734e+16eV)
#
# xi=0, logdetD=-11.4352176726361, t=2.10313
# xi=75.0221099964613, logdetD=-2.8175584828393, t=27.6378
# xi=150.044219992923, logdetD=-0.398760691920183, t=28.4218
# xi=225.066329989384, logdetD=-0.0571102905863981, t=28.5624
# xi=300.088439985845, logdetD=-0.00819879094550035, t=27.7624
# xi=375.110549982306, logdetD=-0.00117867626405717, t=25.8683
# xi=450.132659978767, logdetD=-0.000169677184597648, t=24.0422
# xi=525.154769975229, logdetD=-2.4486631182855e-05, t=21.1581
# xi=600.17687997169, logdetD=-3.53093490426334e-06, t=18.5045
# xi=675.198989968151, logdetD=-5.10822753049202e-07, t=14.5627
#
# 618 determinants computed
#
# L/R, L, R, T, ldim, F*(L+R)/(ħc)
0.01265, 1.1385e-06, 9.000000000000001e-05, 300, 633, -214.9371755294445
# finished at Do 15. Feb 16:04:26 CET 2018
