# starting on alcc119 at Wed Apr 12 17:15:59 CEST 2017
# ../casimir_fixed -R 10e-6 -L 735e-9 -T 295 --material ../../data/materials/GoldEpsIm.dat --cutoff 1e-13 --epsrel 1e-10 -l 250

# L      = 7.35e-07
# R      = 1e-05
# LbyR   = 0.0735
# T      = 295
# cutoff = 1e-13
# epsrel = 1e-10
# ldim   = 250
# cores  = 8
# alpha  = 0.136935258500233
# filename = ../../data/materials/GoldEpsIm.dat
# model  = optical data (xi=0: Drude)
# plasma = -2.9386907031577 (logdetD(xi=0) for plasma model with omegap=9eV)
#
# xi=0, logdetD=-1.71986536568588, t=0.459008
# xi=8.68940837258837, logdetD=-0.936920881437482, t=2.25875
# xi=17.3788167451767, logdetD=-0.265268939659369, t=2.07061
# xi=26.0682251177651, logdetD=-0.0756086985634151, t=2.1052
# xi=34.7576334903535, logdetD=-0.0215990467207673, t=2.22172
# xi=43.4470418629418, logdetD=-0.00617647420008259, t=2.2319
# xi=52.1364502355302, logdetD=-0.00176786315812976, t=2.31558
# xi=60.8258586081186, logdetD=-0.000506893485995412, t=2.29154
# xi=69.5152669807069, logdetD=-0.000145427456140364, t=2.35386
# xi=78.2046753532953, logdetD=-4.17772702097195e-05, t=2.21969
# xi=86.8940837258837, logdetD=-1.20078671701306e-05, t=2.21649
# xi=95.583492098472, logdetD=-3.46084241491534e-06, t=2.07917
# xi=104.27290047106, logdetD=-9.97870515159072e-07, t=2.08033
# xi=112.962308843649, logdetD=-2.88229481844573e-07, t=1.90582
# xi=121.651717216237, logdetD=-8.33606470053939e-08, t=1.91653
# xi=130.341125588826, logdetD=-2.41293517823612e-08, t=1.74613
# xi=139.030533961414, logdetD=-6.99805659876105e-09, t=1.74621
# xi=147.719942334002, logdetD=-2.03084716853755e-09, t=1.75766
# xi=156.409350706591, logdetD=-5.90181351876873e-10, t=1.75317
# xi=165.098759079179, logdetD=-1.71688229129861e-10, t=1.76706
#
# L/R, L, R, T, ldim, F*(L+R)/(ħc)
0.0735, 7.35e-07, 1e-05, 295, 250, -5.996484562732869
# finished at Wed Apr 12 17:16:39 CEST 2017
