# starting on alcc115 at Wed Apr 12 17:16:37 CEST 2017
# ../casimir_fixed -R 10e-6 -L 690e-9 -T 295 --material ../../data/materials/GoldEpsIm.dat --cutoff 1e-13 --epsrel 1e-10 -l 250

# L      = 6.9e-07
# R      = 1e-05
# LbyR   = 0.069
# T      = 295
# cutoff = 1e-13
# epsrel = 1e-10
# ldim   = 250
# cores  = 8
# alpha  = 0.129092609915809
# filename = ../../data/materials/GoldEpsIm.dat
# model  = optical data (xi=0: Drude)
# plasma = -3.16292047501681 (logdetD(xi=0) for plasma model with omegap=9eV)
#
# xi=0, logdetD=-1.84831381679536, t=0.446187
# xi=8.65298327927058, logdetD=-1.07586132925117, t=2.2744
# xi=17.3059665585412, logdetD=-0.327168211223328, t=2.07325
# xi=25.9589498378117, logdetD=-0.100221119970396, t=2.14262
# xi=34.6119331170823, logdetD=-0.0307843658726188, t=2.25658
# xi=43.2649163963529, logdetD=-0.00946764183226646, t=2.28235
# xi=51.9178996756235, logdetD=-0.00291469325679559, t=2.32308
# xi=60.570882954894, logdetD=-0.000898908501109641, t=2.43346
# xi=69.2238662341646, logdetD=-0.000277396814179176, t=2.43796
# xi=77.8768495134352, logdetD=-8.57136575156401e-05, t=2.39263
# xi=86.5298327927057, logdetD=-2.64989499334497e-05, t=2.39041
# xi=95.1828160719763, logdetD=-8.21476678670652e-06, t=2.25022
# xi=103.835799351247, logdetD=-2.54763057870116e-06, t=2.17186
# xi=112.488782630517, logdetD=-7.91494465212226e-07, t=2.0856
# xi=121.141765909788, logdetD=-2.46216133291705e-07, t=2.02822
# xi=129.794749189059, logdetD=-7.66559630010732e-08, t=1.92475
# xi=138.447732468329, logdetD=-2.39123128674584e-08, t=1.75645
# xi=147.1007157476, logdetD=-7.46387744884135e-09, t=1.77426
# xi=155.75369902687, logdetD=-2.33300235328095e-09, t=1.77233
# xi=164.406682306141, logdetD=-7.29981895992719e-10, t=1.77335
# xi=173.059665585411, logdetD=-2.28581415542942e-10, t=1.78172
# xi=181.712648864682, logdetD=-7.16776132822606e-11, t=1.80829
#
# L/R, L, R, T, ldim, F*(L+R)/(ħc)
0.069, 6.9e-07, 1e-05, 295, 250, -6.808358943815205
# finished at Wed Apr 12 17:17:23 CEST 2017
