# starting on alcc119 at Do 15. Feb 15:14:58 CET 2018
# compiler: icc
# compile time: Feb  1 2018 09:49:34
# compiled on: Linux alcc83 3.16.0-4-amd64 #1 SMP Debian 3.16.51-3 (2017-12-13) x86_64 GNU/Linux
# LAPACK support: false
# git HEAD: b96c9c30c7b1cdd2d059ceccd0396c6d55d3da95
# git branch: dev
#
# LbyR = 0.013
# L = 2.106e-06
# R = 0.000162
# T = 300
# cutoff = 5e-08
# epsrel = 1e-07
# iepsrel = 2e-07
# ldim = 616
# cores = 4
# alpha = 0.0256663376110563
# filename = /alcc/gpfs1/home/u/hartmmic/libcasimir-dev/data/materials/GoldDalvit.dat
# model = optical data (xi=0: Drude)
# plasma = -20.8779012310732 (logdetD(xi=0) for plasma model with omegap=1.36734e+16eV)
#
# xi=0, logdetD=-11.1169914073263, t=2.07322
# xi=135.086471503034, logdetD=-0.553373845013419, t=27.0256
# xi=270.172943006068, logdetD=-0.0160775353285281, t=26.6481
# xi=405.259414509102, logdetD=-0.000468552294059961, t=23.866
# xi=540.345886012136, logdetD=-1.36665107655788e-05, t=19.6037
# xi=675.43235751517, logdetD=-3.98919583254856e-07, t=13.3862
#
# 342 determinants computed
#
# L/R, L, R, T, ldim, F*(L+R)/(ħc)
0.013, 2.106e-06, 0.000162, 300, 616, -263.5185511129377
# finished at Do 15. Feb 15:16:51 CET 2018
