# starting on alcc118 at Di 20. Feb 18:38:45 CET 2018
# compiler: icc
# compile time: Feb  1 2018 09:49:34
# compiled on: Linux alcc83 3.16.0-4-amd64 #1 SMP Debian 3.16.51-3 (2017-12-13) x86_64 GNU/Linux
# LAPACK support: false
# git HEAD: b96c9c30c7b1cdd2d059ceccd0396c6d55d3da95
# git branch: dev
#
# LbyR = 0.02175
# L = 3.5235e-06
# R = 0.000162
# T = 300
# cutoff = 5e-08
# epsrel = 1e-07
# iepsrel = 2e-07
# ldim = 368
# cores = 4
# alpha = 0.0425740151700514
# filename = /alcc/gpfs1/home/u/hartmmic/libcasimir-dev/data/materials/GoldDalvit.dat
# model = optical data (xi=0: Drude)
# plasma = -12.0453837197592 (logdetD(xi=0) for plasma model with omegap=1.36734e+16eV)
#
# xi=0, logdetD=-6.49819443277393, t=1.08397
# xi=136.253309238129, logdetD=-0.0320132035443971, t=9.95592
# xi=272.506618476259, logdetD=-9.03683366174947e-05, t=8.06404
# xi=408.759927714388, logdetD=-2.54898994434478e-07, t=4.84375
#
# 163 determinants computed
#
# L/R, L, R, T, ldim, F*(L+R)/(ħc)
0.02175, 3.5235e-06, 0.000162, 300, 368, -142.3082333402598
# finished at Di 20. Feb 18:39:10 CET 2018
