# starting on alcc121 at Do 15. Feb 15:17:18 CET 2018
# compiler: icc
# compile time: Feb  1 2018 09:49:34
# compiled on: Linux alcc83 3.16.0-4-amd64 #1 SMP Debian 3.16.51-3 (2017-12-13) x86_64 GNU/Linux
# LAPACK support: false
# git HEAD: b96c9c30c7b1cdd2d059ceccd0396c6d55d3da95
# git branch: dev
#
# LbyR = 0.01895
# L = 3.0699e-06
# R = 0.000162
# T = 300
# cutoff = 5e-08
# epsrel = 1e-07
# iepsrel = 2e-07
# ldim = 423
# cores = 4
# alpha = 0.0371951518720251
# filename = /alcc/gpfs1/home/u/hartmmic/libcasimir-dev/data/materials/GoldDalvit.dat
# model = optical data (xi=0: Drude)
# plasma = -13.9781718903448 (logdetD(xi=0) for plasma model with omegap=1.36734e+16eV)
#
# xi=0, logdetD=-7.51034840571245, t=1.25521
# xi=135.879921162899, logdetD=-0.0775402601619304, t=13.4284
# xi=271.759842325798, logdetD=-0.000461822730242709, t=11.424
# xi=407.639763488697, logdetD=-2.75097667171605e-06, t=8.38622
# xi=543.519684651596, logdetD=-1.63773360425332e-08, t=4.46647
#
# 231 determinants computed
#
# L/R, L, R, T, ldim, F*(L+R)/(ħc)
0.01895, 3.0699e-06, 0.000162, 300, 423, -165.7923623368772
# finished at Do 15. Feb 15:17:58 CET 2018
