# starting on alcc124 at Do 15. Feb 15:09:55 CET 2018
# compiler: icc
# compile time: Feb  1 2018 09:49:34
# compiled on: Linux alcc83 3.16.0-4-amd64 #1 SMP Debian 3.16.51-3 (2017-12-13) x86_64 GNU/Linux
# LAPACK support: false
# git HEAD: b96c9c30c7b1cdd2d059ceccd0396c6d55d3da95
# git branch: dev
#
# LbyR = 0.00915
# L = 1.4823e-06
# R = 0.000162
# T = 300
# cutoff = 5e-08
# epsrel = 1e-07
# iepsrel = 2e-07
# ldim = 875
# cores = 4
# alpha = 0.018134073229946
# filename = /alcc/gpfs1/home/u/hartmmic/libcasimir-dev/data/materials/GoldDalvit.dat
# model = optical data (xi=0: Drude)
# plasma = -30.1370904554276 (logdetD(xi=0) for plasma model with omegap=1.36734e+16eV)
#
# xi=0, logdetD=-15.9607230832858, t=3.43451
# xi=134.573062899592, logdetD=-2.20477476126412, t=52.463
# xi=269.146125799184, logdetD=-0.177954577706314, t=53.5012
# xi=403.719188698776, logdetD=-0.0144788699064325, t=52.4294
# xi=538.292251598369, logdetD=-0.00117982621825667, t=48.7173
# xi=672.865314497961, logdetD=-9.62614879671353e-05, t=44.058
# xi=807.438377397553, logdetD=-7.86362477782081e-06, t=36.8496
# xi=942.011440297145, logdetD=-6.43837943250191e-07, t=28.5513
#
# 563 determinants computed
#
# L/R, L, R, T, ldim, F*(L+R)/(ħc)
0.00915, 1.4823e-06, 0.000162, 300, 875, -444.5879439818831
# finished at Do 15. Feb 15:15:15 CET 2018
