# starting on alcc118 at Do 15. Feb 15:09:54 CET 2018
# compiler: icc
# compile time: Feb  1 2018 09:49:34
# compiled on: Linux alcc83 3.16.0-4-amd64 #1 SMP Debian 3.16.51-3 (2017-12-13) x86_64 GNU/Linux
# LAPACK support: false
# git HEAD: b96c9c30c7b1cdd2d059ceccd0396c6d55d3da95
# git branch: dev
#
# LbyR = 0.008975
# L = 1.45395e-06
# R = 0.000162
# T = 300
# cutoff = 5e-08
# epsrel = 1e-07
# iepsrel = 2e-07
# ldim = 892
# cores = 4
# alpha = 0.0177903317723432
# filename = /alcc/gpfs1/home/u/hartmmic/libcasimir-dev/data/materials/GoldDalvit.dat
# model = optical data (xi=0: Drude)
# plasma = -30.7461147293398 (logdetD(xi=0) for plasma model with omegap=1.36734e+16eV)
#
# xi=0, logdetD=-16.2798806193277, t=3.46834
# xi=134.54972614489, logdetD=-2.35595767802071, t=54.0338
# xi=269.09945228978, logdetD=-0.199170424150092, t=55.1773
# xi=403.649178434671, logdetD=-0.01697868032423, t=54.8811
# xi=538.198904579561, logdetD=-0.00144965518824981, t=51.0044
# xi=672.748630724451, logdetD=-0.000123931721290779, t=45.7487
# xi=807.298356869341, logdetD=-1.06082511011324e-05, t=39.6997
# xi=941.848083014232, logdetD=-9.10124740573524e-07, t=29.5898
#
# 565 determinants computed
#
# L/R, L, R, T, ldim, F*(L+R)/(ħc)
0.008975, 1.45395e-06, 0.000162, 300, 892, -458.8488824405781
# finished at Do 15. Feb 15:15:30 CET 2018
