# starting on alcc124 at Do 15. Feb 15:16:01 CET 2018
# compiler: icc
# compile time: Feb  1 2018 09:49:34
# compiled on: Linux alcc83 3.16.0-4-amd64 #1 SMP Debian 3.16.51-3 (2017-12-13) x86_64 GNU/Linux
# LAPACK support: false
# git HEAD: b96c9c30c7b1cdd2d059ceccd0396c6d55d3da95
# git branch: dev
#
# LbyR = 0.0151
# L = 2.4462e-06
# R = 0.000162
# T = 300
# cutoff = 5e-08
# epsrel = 1e-07
# iepsrel = 2e-07
# ldim = 530
# cores = 4
# alpha = 0.0297507634715792
# filename = /alcc/gpfs1/home/u/hartmmic/libcasimir-dev/data/materials/GoldDalvit.dat
# model = optical data (xi=0: Drude)
# plasma = -17.8184404565131 (logdetD(xi=0) for plasma model with omegap=1.36734e+16eV)
#
# xi=0, logdetD=-9.51829333470757, t=1.74597
# xi=135.366512559457, logdetD=-0.271865891292066, t=20.5558
# xi=270.733025118914, logdetD=-0.00451691115066367, t=19.5035
# xi=406.099537678371, logdetD=-7.51723871602118e-05, t=16.5165
# xi=541.466050237828, logdetD=-1.25165552463385e-06, t=11.5868
# xi=676.832562797285, logdetD=-2.08442795686335e-08, t=6.82329
#
# 320 determinants computed
#
# L/R, L, R, T, ldim, F*(L+R)/(ħc)
0.0151, 2.4462e-06, 0.000162, 300, 530, -216.9767014560514
# finished at Do 15. Feb 15:17:19 CET 2018
