# starting on alcc123 at Do 15. Feb 15:00:03 CET 2018
# compiler: icc
# compile time: Feb  1 2018 09:49:34
# compiled on: Linux alcc83 3.16.0-4-amd64 #1 SMP Debian 3.16.51-3 (2017-12-13) x86_64 GNU/Linux
# LAPACK support: false
# git HEAD: b96c9c30c7b1cdd2d059ceccd0396c6d55d3da95
# git branch: dev
#
# LbyR = 0.00635
# L = 1.0287e-06
# R = 0.000162
# T = 300
# cutoff = 5e-08
# epsrel = 1e-07
# iepsrel = 2e-07
# ldim = 1260
# cores = 6
# alpha = 0.0126198638644607
# filename = /alcc/gpfs1/home/u/hartmmic/libcasimir-dev/data/materials/GoldDalvit.dat
# model = optical data (xi=0: Drude)
# plasma = -43.8706490735346 (logdetD(xi=0) for plasma model with omegap=1.36734e+16eV)
#
# xi=0, logdetD=-23.1826675741065, t=6.08687
# xi=134.199674824362, logdetD=-6.75756615717333, t=61.8053
# xi=268.399349648723, logdetD=-1.14206357687911, t=65.0682
# xi=402.599024473085, logdetD=-0.195779013291074, t=65.7092
# xi=536.798699297447, logdetD=-0.0336668087735598, t=64.5613
# xi=670.998374121808, logdetD=-0.00579876419524758, t=61.9826
# xi=805.19804894617, logdetD=-0.00100019273727847, t=59.0011
# xi=939.397723770531, logdetD=-0.000172954418250118, t=54.7624
# xi=1073.59739859489, logdetD=-2.98856542673161e-05, t=49.8517
# xi=1207.79707341925, logdetD=-5.18143083903858e-06, t=43.3934
# xi=1341.99674824362, logdetD=-8.98529239113175e-07, t=35.2697
#
# 968 determinants computed
#
# L/R, L, R, T, ldim, F*(L+R)/(ħc)
0.00635, 1.0287e-06, 0.000162, 300, 1260, -842.6977230932773
# finished at Do 15. Feb 15:09:31 CET 2018
