# starting on alcc114 at Thu Apr 13 02:40:01 CEST 2017
# ../casimir_fixed -R 50e-6 -L 590e-9 -T 295 --material ../../data/materials/GoldEpsIm.dat --cutoff 1e-12 --epsrel 1e-9 --eta 8.5

# L      = 5.9e-07
# R      = 5e-05
# LbyR   = 0.0118
# T      = 295
# cutoff = 1e-12
# epsrel = 1e-09
# ldim   = 721
# cores  = 9
# alpha  = 0.0233247677406602
# filename = ../../data/materials/GoldEpsIm.dat
# model  = optical data (xi=0: Drude)
# plasma = -22.5474165507227 (logdetD(xi=0) for plasma model with omegap=9eV)
#
# xi=0, logdetD=-12.2868807272458, t=2.94377
# xi=40.9498993543778, logdetD=-7.6944551446123, t=23.0153
# xi=81.8997987087555, logdetD=-2.70192852443833, t=23.697
# xi=122.849698063133, logdetD=-0.965728965761686, t=27.288
# xi=163.799597417511, logdetD=-0.347418261884071, t=29.9216
# xi=204.749496771889, logdetD=-0.12535454406772, t=31.4628
# xi=245.699396126267, logdetD=-0.0453142119674741, t=31.3535
# xi=286.649295480644, logdetD=-0.0164168742787669, t=31.3793
# xi=327.599194835022, logdetD=-0.00595270845996701, t=30.7556
# xi=368.5490941894, logdetD=-0.00216154082366331, t=30.0979
# xi=409.498993543778, logdetD=-0.000785383008037288, t=29.2927
# xi=450.448892898155, logdetD=-0.000286162294331524, t=28.6633
# xi=491.398792252533, logdetD=-0.000104311998327792, t=27.5556
# xi=532.348691606911, logdetD=-3.80921580072078e-05, t=26.1271
# xi=573.298590961289, logdetD=-1.39282964003812e-05, t=25.2226
# xi=614.248490315667, logdetD=-5.09707027480621e-06, t=24.2302
# xi=655.198389670044, logdetD=-1.86889169708792e-06, t=22.5999
# xi=696.148289024422, logdetD=-6.8565538831291e-07, t=21.1763
# xi=737.0981883788, logdetD=-2.51896668166964e-07, t=19.4522
# xi=778.048087733178, logdetD=-9.26335612772349e-08, t=17.8478
# xi=818.997987087555, logdetD=-3.40899308516053e-08, t=16.9013
# xi=859.947886441933, logdetD=-1.25624424331604e-08, t=16.7232
# xi=900.897785796311, logdetD=-4.63171035608503e-09, t=16.6312
#
# L/R, L, R, T, ldim, F*(L+R)/(ħc)
0.0118, 5.9e-07, 5e-05, 295, 721, -235.2696495765042
# finished at Thu Apr 13 02:49:16 CEST 2017
