# starting on alcc114 at Thu Apr 13 06:44:55 CEST 2017
# ../casimir_fixed -R 50e-6 -L 245e-9 -T 295 --material ../../data/materials/GoldEpsIm.dat --cutoff 1e-12 --epsrel 1e-9 --eta 8.5

# L      = 2.45e-07
# R      = 5e-05
# LbyR   = 0.0049
# T      = 295
# cutoff = 1e-12
# epsrel = 1e-09
# ldim   = 1735
# cores  = 24
# alpha  = 0.00975221415066176
# filename = ../../data/materials/GoldEpsIm.dat
# model  = optical data (xi=0: Drude)
# plasma = -54.0768627603524 (logdetD(xi=0) for plasma model with omegap=9eV)
#
# xi=0, logdetD=-30.1720879190729, t=10.8055
# xi=40.6706403056081, logdetD=-32.6738813947206, t=50.4028
# xi=81.3412806112161, logdetD=-20.0593742603891, t=50.9627
# xi=122.011920916824, logdetD=-12.4623716823483, t=52.4211
# xi=162.682561222432, logdetD=-7.79999109557248, t=54.9656
# xi=203.35320152804, logdetD=-4.90535199805846, t=58.5486
# xi=244.023841833648, logdetD=-3.09531194276109, t=61.3812
# xi=284.694482139256, logdetD=-1.95947786636842, t=64.6304
# xi=325.365122444864, logdetD=-1.24224569963091, t=66.5054
# xi=366.035762750472, logdetD=-0.78894615816146, t=67.3867
# xi=406.706403056081, logdetD=-0.501454429320443, t=68.0966
# xi=447.377043361689, logdetD=-0.319633894945608, t=68.4785
# xi=488.047683667297, logdetD=-0.203831203929675, t=68.611
# xi=528.718323972905, logdetD=-0.13021361255858, t=69.2153
# xi=569.388964278513, logdetD=-0.0832890892841652, t=69.4735
# xi=610.059604584121, logdetD=-0.0533170528512649, t=69.2339
# xi=650.730244889729, logdetD=-0.0341955031763096, t=69.3443
# xi=691.400885195337, logdetD=-0.0219443558259451, t=69.3569
# xi=732.071525500945, logdetD=-0.0141015068305792, t=66.6822
# xi=772.742165806553, logdetD=-0.00907064316409823, t=66.5825
# xi=813.412806112161, logdetD=-0.00583886463635891, t=66.756
# xi=854.083446417769, logdetD=-0.0037637196502455, t=66.6299
# xi=894.754086723377, logdetD=-0.00242739862274094, t=66.3073
# xi=935.424727028985, logdetD=-0.00156720755607865, t=64.5721
# xi=976.095367334593, logdetD=-0.00101262229259054, t=63.9567
# xi=1016.7660076402, logdetD=-0.000654696390780846, t=63.8592
# xi=1057.43664794581, logdetD=-0.00042372321433219, t=64.2574
# xi=1098.10728825142, logdetD=-0.000274363551011585, t=62.3918
# xi=1138.77792855703, logdetD=-0.000177802960283785, t=61.5458
# xi=1179.44856886263, logdetD=-0.00011529636799746, t=61.0958
# xi=1220.11920916824, logdetD=-7.48033659201333e-05, t=59.2287
# xi=1260.78984947385, logdetD=-4.85707968659342e-05, t=58.9839
# xi=1301.46048977946, logdetD=-3.1550026224387e-05, t=56.2368
# xi=1342.13113008507, logdetD=-2.05080734542132e-05, t=56.2913
# xi=1382.80177039067, logdetD=-1.33370991107095e-05, t=55.4842
# xi=1423.47241069628, logdetD=-8.67744921633787e-06, t=53.7123
# xi=1464.14305100189, logdetD=-5.6493719425272e-06, t=52.2143
# xi=1504.8136913075, logdetD=-3.67919252769974e-06, t=51.6901
# xi=1545.48433161311, logdetD=-2.39748205652556e-06, t=49.3609
# xi=1586.15497191871, logdetD=-1.56289687279558e-06, t=48.7633
# xi=1626.82561222432, logdetD=-1.01922929978504e-06, t=46.445
# xi=1667.49625252993, logdetD=-6.65026563690568e-07, t=45.2377
# xi=1708.16689283554, logdetD=-4.34039458432566e-07, t=43.7799
# xi=1748.83753314115, logdetD=-2.83420782057116e-07, t=42.3513
# xi=1789.50817344675, logdetD=-1.85129920172942e-07, t=40.0721
# xi=1830.17881375236, logdetD=-1.20966670796254e-07, t=39.7407
# xi=1870.84945405797, logdetD=-7.90753749507833e-08, t=36.7165
# xi=1911.52009436358, logdetD=-5.1703844914281e-08, t=36.6687
# xi=1952.19073466919, logdetD=-3.38210524036603e-08, t=36.6605
# xi=1992.86137497479, logdetD=-2.21294311350427e-08, t=36.431
#
# L/R, L, R, T, ldim, F*(L+R)/(ħc)
0.0049, 2.45e-07, 5e-05, 295, 1735, -1313.494343130005
# finished at Thu Apr 13 07:31:47 CEST 2017
