# starting on alcc114 at Thu Apr 13 05:23:50 CEST 2017
# ../casimir_fixed -R 50e-6 -L 315e-9 -T 295 --material ../../data/materials/GoldEpsIm.dat --cutoff 1e-12 --epsrel 1e-9 --eta 8.5

# L      = 3.15e-07
# R      = 5e-05
# LbyR   = 0.0063
# T      = 295
# cutoff = 1e-12
# epsrel = 1e-09
# ldim   = 1350
# cores  = 24
# alpha  = 0.0125211169631323
# filename = ../../data/materials/GoldEpsIm.dat
# model  = optical data (xi=0: Drude)
# plasma = -42.3495773872512 (logdetD(xi=0) for plasma model with omegap=9eV)
#
# xi=0, logdetD=-23.3700672976416, t=7.71233
# xi=40.7273015618802, logdetD=-22.7242684074616, t=31.1697
# xi=81.4546031237603, logdetD=-12.4269805356546, t=31.8993
# xi=122.181904685641, logdetD=-6.89556152028518, t=33.1403
# xi=162.909206247521, logdetD=-3.85676762980983, t=35.3302
# xi=203.636507809401, logdetD=-2.16733041808436, t=37.2756
# xi=244.363809371281, logdetD=-1.22173489461859, t=39.549
# xi=285.091110933161, logdetD=-0.690748853014887, t=41.1035
# xi=325.818412495041, logdetD=-0.391027794924403, t=42.0135
# xi=366.545714056921, logdetD=-0.221719970334385, t=41.9339
# xi=407.273015618802, logdetD=-0.125806956586816, t=41.6058
# xi=448.000317180682, logdetD=-0.0715846135522503, t=42.0892
# xi=488.727618742562, logdetD=-0.0407491769218593, t=42.0495
# xi=529.454920304442, logdetD=-0.0232371896797255, t=42.1929
# xi=570.182221866322, logdetD=-0.0132677313021653, t=42.1887
# xi=610.909523428203, logdetD=-0.00758159634536282, t=42.3025
# xi=651.636824990083, logdetD=-0.00434067853410712, t=41.012
# xi=692.364126551963, logdetD=-0.00248663546138505, t=40.689
# xi=733.091428113843, logdetD=-0.00142647240204256, t=40.7843
# xi=773.818729675723, logdetD=-0.000819127394792415, t=40.2295
# xi=814.546031237603, logdetD=-0.000470720694374946, t=39.7581
# xi=855.273332799484, logdetD=-0.000270881901204661, t=38.358
# xi=896.000634361364, logdetD=-0.000155968175968313, t=37.8591
# xi=936.727935923244, logdetD=-8.98996408769978e-05, t=37.9263
# xi=977.455237485124, logdetD=-5.18583523156241e-05, t=35.9698
# xi=1018.182539047, logdetD=-2.99332136192427e-05, t=35.9155
# xi=1058.90984060888, logdetD=-1.72957763483988e-05, t=35.7846
# xi=1099.63714217076, logdetD=-9.99837696150458e-06, t=33.8098
# xi=1140.36444373264, logdetD=-5.78479691895278e-06, t=33.3808
# xi=1181.09174529452, logdetD=-3.34896569282093e-06, t=31.8501
# xi=1221.81904685641, logdetD=-1.93982007051623e-06, t=31.4343
# xi=1262.54634841829, logdetD=-1.12450090257646e-06, t=29.5144
# xi=1303.27364998017, logdetD=-6.52119046564058e-07, t=29.1946
# xi=1344.00095154205, logdetD=-3.78436167081573e-07, t=27.5481
# xi=1384.72825310393, logdetD=-2.19718643050053e-07, t=26.1442
# xi=1425.45555466581, logdetD=-1.27624002431406e-07, t=25.1556
# xi=1466.18285622769, logdetD=-7.41774344018706e-08, t=23.2609
# xi=1506.91015778957, logdetD=-4.31272376973835e-08, t=23.0796
# xi=1547.63745935145, logdetD=-2.5088696971722e-08, t=23.0319
# xi=1588.36476091333, logdetD=-1.46006503973166e-08, t=22.8979
#
# L/R, L, R, T, ldim, F*(L+R)/(ħc)
0.0063, 3.15e-07, 5e-05, 295, 1350, -811.1978579328207
# finished at Thu Apr 13 05:46:49 CEST 2017
