# starting on alcc114 at Thu Apr 13 04:19:25 CEST 2017
# ../casimir_fixed -R 50e-6 -L 390e-9 -T 295 --material ../../data/materials/GoldEpsIm.dat --cutoff 1e-12 --epsrel 1e-9 --eta 8.5

# L      = 3.9e-07
# R      = 5e-05
# LbyR   = 0.0078
# T      = 295
# cutoff = 1e-12
# epsrel = 1e-09
# ldim   = 1090
# cores  = 24
# alpha  = 0.0154792617582854
# filename = ../../data/materials/GoldEpsIm.dat
# model  = optical data (xi=0: Drude)
# plasma = -34.280595183478 (logdetD(xi=0) for plasma model with omegap=9eV)
#
# xi=0, logdetD=-18.7944295804975, t=5.38198
# xi=40.7880100507432, logdetD=-16.229380238619, t=20.4947
# xi=81.5760201014863, logdetD=-7.85552689258871, t=20.8276
# xi=122.364030152229, logdetD=-3.86521295307891, t=22.361
# xi=163.152040202973, logdetD=-1.91700873231657, t=23.9021
# xi=203.940050253716, logdetD=-0.954900141511015, t=25.3467
# xi=244.728060304459, logdetD=-0.476954916523768, t=26.5688
# xi=285.516070355202, logdetD=-0.238871486448252, t=27.57
# xi=326.304080405945, logdetD=-0.119761154685772, t=27.9676
# xi=367.092090456688, logdetD=-0.0601354172787102, t=28.0331
# xi=407.880100507432, logdetD=-0.0302150099583359, t=28.3466
# xi=448.668110558175, logdetD=-0.0152237542883073, t=28.4911
# xi=489.456120608918, logdetD=-0.00767367188755964, t=27.0024
# xi=530.244130659661, logdetD=-0.00387484511422445, t=27.0629
# xi=571.032140710404, logdetD=-0.00195911331942733, t=27.2914
# xi=611.820150761147, logdetD=-0.000991337914088065, t=27.0613
# xi=652.60816081189, logdetD=-0.000502601583260369, t=25.5988
# xi=693.396170862634, logdetD=-0.000254969712515792, t=25.448
# xi=734.184180913377, logdetD=-0.000129525450047867, t=25.5043
# xi=774.97219096412, logdetD=-6.58661352569783e-05, t=24.2477
# xi=815.760201014863, logdetD=-3.35193472985648e-05, t=24.0113
# xi=856.548211065606, logdetD=-1.70818919228694e-05, t=24.0285
# xi=897.336221116349, logdetD=-8.70996110918625e-06, t=22.5113
# xi=938.124231167092, logdetD=-4.44592856660582e-06, t=22.4074
# xi=978.912241217836, logdetD=-2.27115349725189e-06, t=21.1695
# xi=1019.70025126858, logdetD=-1.16092046708e-06, t=19.8576
# xi=1060.48826131932, logdetD=-5.94029636652447e-07, t=19.8009
# xi=1101.27627137007, logdetD=-3.0409757652646e-07, t=18.2586
# xi=1142.06428142081, logdetD=-1.55805600499494e-07, t=16.979
# xi=1182.85229147155, logdetD=-7.98752829892188e-08, t=16.7236
# xi=1223.64030152229, logdetD=-4.09698439283217e-08, t=15.4208
# xi=1264.42831157304, logdetD=-2.1030922897991e-08, t=15.3268
# xi=1305.21632162378, logdetD=-1.07997685871618e-08, t=15.3871
#
# L/R, L, R, T, ldim, F*(L+R)/(ħc)
0.007800000000000001, 3.9e-07, 5e-05, 295, 1090, -534.5963850693142
# finished at Thu Apr 13 04:31:53 CEST 2017
