# starting on alcc114 at Thu Apr 13 02:01:17 CEST 2017
# ../casimir_fixed -R 50e-6 -L 705e-9 -T 295 --material ../../data/materials/GoldEpsIm.dat --cutoff 1e-12 --epsrel 1e-9 --eta 8.5

# L      = 7.05e-07
# R      = 5e-05
# LbyR   = 0.0141
# T      = 295
# cutoff = 1e-12
# epsrel = 1e-09
# ldim   = 603
# cores  = 9
# alpha  = 0.027807908490287
# filename = ../../data/materials/GoldEpsIm.dat
# model  = optical data (xi=0: Drude)
# plasma = -18.7593207562929 (logdetD(xi=0) for plasma model with omegap=9eV)
#
# xi=0, logdetD=-10.2199951716265, t=2.17368
# xi=41.0429857039677, logdetD=-5.31893033400689, t=15.9195
# xi=82.0859714079354, logdetD=-1.55483582804212, t=16.9678
# xi=123.128957111903, logdetD=-0.462281265206936, t=20.1232
# xi=164.171942815871, logdetD=-0.138180282312745, t=21.8628
# xi=205.214928519838, logdetD=-0.041399400029623, t=22.0767
# xi=246.257914223806, logdetD=-0.012422950991561, t=21.6801
# xi=287.300899927774, logdetD=-0.00373570279666952, t=21.5842
# xi=328.343885631742, logdetD=-0.00112428626990793, t=20.8719
# xi=369.386871335709, logdetD=-0.000338849337858831, t=20.0717
# xi=410.429857039677, logdetD=-0.000102189987009724, t=19.4148
# xi=451.472842743645, logdetD=-3.09047227474653e-05, t=18.3438
# xi=492.515828447612, logdetD=-9.35041875325673e-06, t=17.4549
# xi=533.55881415158, logdetD=-2.83408360361014e-06, t=16.3716
# xi=574.601799855548, logdetD=-8.6009782860998e-07, t=15.138
# xi=615.644785559515, logdetD=-2.61235562972133e-07, t=13.848
# xi=656.687771263483, logdetD=-7.94958175451363e-08, t=12.5583
# xi=697.730756967451, logdetD=-2.42045855870569e-08, t=11.7234
# xi=738.773742671418, logdetD=-7.37950106289714e-09, t=11.5302
#
# L/R, L, R, T, ldim, F*(L+R)/(ħc)
0.0141, 7.05e-07, 5e-05, 295, 603, -165.178193108291
# finished at Thu Apr 13 02:06:37 CEST 2017
