# starting on alcc120 at Thu Apr 13 04:46:24 CEST 2017
# ../casimir_fixed -R 50e-6 -L 355e-9 -T 295 --material ../../data/materials/GoldEpsIm.dat --cutoff 1e-12 --epsrel 1e-9 --eta 8.5

# L      = 3.55e-07
# R      = 5e-05
# LbyR   = 0.0071
# T      = 295
# cutoff = 1e-12
# epsrel = 1e-09
# ldim   = 1198
# cores  = 24
# alpha  = 0.014099890775494
# filename = ../../data/materials/GoldEpsIm.dat
# model  = optical data (xi=0: Drude)
# plasma = -37.6392584274077 (logdetD(xi=0) for plasma model with omegap=9eV)
#
# xi=0, logdetD=-20.6887897765632, t=9.20182
# xi=40.7596794226071, logdetD=-18.8878319107771, t=31.7499
# xi=81.5193588452142, logdetD=-9.67630359618591, t=32.3537
# xi=122.279038267821, logdetD=-5.03548029605334, t=34.4884
# xi=163.038717690428, logdetD=-2.64149510336548, t=36.583
# xi=203.798397113035, logdetD=-1.39196911522692, t=38.6366
# xi=244.558076535642, logdetD=-0.735654691061312, t=40.9418
# xi=285.31775595825, logdetD=-0.389889881203522, t=42.3198
# xi=326.077435380857, logdetD=-0.20687533215267, t=43.7199
# xi=366.837114803464, logdetD=-0.109940341146682, t=44.102
# xi=407.596794226071, logdetD=-0.0584645458351109, t=42.7751
# xi=448.356473648678, logdetD=-0.0311772005573124, t=43.0036
# xi=489.116153071285, logdetD=-0.0166327425214949, t=43.0558
# xi=529.875832493892, logdetD=-0.00888910327842985, t=43.3249
# xi=570.635511916499, logdetD=-0.0047566734565259, t=42.1302
# xi=611.395191339106, logdetD=-0.00254743429683204, t=41.4077
# xi=652.154870761713, logdetD=-0.00136690937020438, t=41.8797
# xi=692.91455018432, logdetD=-0.000733900304636368, t=40.4654
# xi=733.674229606927, logdetD=-0.000394579339962842, t=40.2571
# xi=774.433909029535, logdetD=-0.000212359132856225, t=39.0829
# xi=815.193588452142, logdetD=-0.000114375547082714, t=38.5136
# xi=855.953267874749, logdetD=-6.16881897148818e-05, t=37.4568
# xi=896.712947297356, logdetD=-3.32897857581794e-05, t=36.5681
# xi=937.472626719963, logdetD=-1.79840122242223e-05, t=35.1968
# xi=978.23230614257, logdetD=-9.72301608248477e-06, t=34.7101
# xi=1018.99198556518, logdetD=-5.26003760474728e-06, t=33.0255
# xi=1059.75166498778, logdetD=-2.84857800595393e-06, t=32.5339
# xi=1100.51134441039, logdetD=-1.54336560324045e-06, t=30.7685
# xi=1141.271023833, logdetD=-8.36907087089687e-07, t=29.019
# xi=1182.03070325561, logdetD=-4.54096055520378e-07, t=27.6062
# xi=1222.79038267821, logdetD=-2.46515470754869e-07, t=26.5682
# xi=1263.55006210082, logdetD=-1.33932369743764e-07, t=24.7555
# xi=1304.30974152343, logdetD=-7.27935540311259e-08, t=22.7856
# xi=1345.06942094603, logdetD=-3.95909298202845e-08, t=22.5758
# xi=1385.82910036864, logdetD=-2.15428931179428e-08, t=22.4677
# xi=1426.58877979125, logdetD=-1.17273527752789e-08, t=22.4016
#
# L/R, L, R, T, ldim, F*(L+R)/(ħc)
0.0071, 3.55e-07, 5e-05, 295, 1198, -642.810542885338
# finished at Thu Apr 13 05:07:15 CEST 2017
