# starting on alcc115 at Thu Apr 13 02:43:20 CEST 2017
# ../casimir_fixed -R 50e-6 -L 575e-9 -T 295 --material ../../data/materials/GoldEpsIm.dat --cutoff 1e-12 --epsrel 1e-9 --eta 8.5

# L      = 5.75e-07
# R      = 5e-05
# LbyR   = 0.0115
# T      = 295
# cutoff = 1e-12
# epsrel = 1e-09
# ldim   = 740
# cores  = 9
# alpha  = 0.0227385071675729
# filename = ../../data/materials/GoldEpsIm.dat
# model  = optical data (xi=0: Drude)
# plasma = -23.1509224674851 (logdetD(xi=0) for plasma model with omegap=9eV)
#
# xi=0, logdetD=-12.617610508276, t=3.0647
# xi=40.9377576566052, logdetD=-8.09474019586892, t=24.2239
# xi=81.8755153132104, logdetD=-2.91139039473399, t=25.5552
# xi=122.813272969816, logdetD=-1.06585719861916, t=29.1004
# xi=163.751030626421, logdetD=-0.392804782989992, t=31.9299
# xi=204.688788283026, logdetD=-0.145206673951727, t=32.8535
# xi=245.626545939631, logdetD=-0.0537804581001996, t=33.4392
# xi=286.564303596236, logdetD=-0.0199633334841405, t=33.0371
# xi=327.502061252841, logdetD=-0.00741673302195756, t=32.1413
# xi=368.439818909447, logdetD=-0.00275941706904831, t=32.1667
# xi=409.377576566052, logdetD=-0.00102728480435622, t=31.1508
# xi=450.315334222657, logdetD=-0.000383509926061049, t=30.3972
# xi=491.253091879262, logdetD=-0.000143236256785761, t=29.3917
# xi=532.190849535867, logdetD=-5.35930759684359e-05, t=28.2002
# xi=573.128607192472, logdetD=-2.00782472386423e-05, t=27.1858
# xi=614.066364849078, logdetD=-7.52841928904908e-06, t=25.6052
# xi=655.004122505683, logdetD=-2.82828832047668e-06, t=24.3463
# xi=695.941880162288, logdetD=-1.06317124135534e-06, t=23.0172
# xi=736.879637818893, logdetD=-4.0020192707905e-07, t=21.5241
# xi=777.817395475498, logdetD=-1.50794901042346e-07, t=19.4803
# xi=818.755153132104, logdetD=-5.68601996077569e-08, t=17.6584
# xi=859.692910788709, logdetD=-2.14695137676412e-08, t=17.4402
# xi=900.630668445314, logdetD=-8.11070043191168e-09, t=17.3517
#
# L/R, L, R, T, ldim, F*(L+R)/(ħc)
0.0115, 5.75e-07, 5e-05, 295, 740, -247.64383606962
# finished at Thu Apr 13 02:53:10 CEST 2017
