# starting on alcc116 at Di 20. Feb 18:52:44 CET 2018
# compiler: icc
# compile time: Feb  1 2018 09:49:34
# compiled on: Linux alcc83 3.16.0-4-amd64 #1 SMP Debian 3.16.51-3 (2017-12-13) x86_64 GNU/Linux
# LAPACK support: false
# git HEAD: b96c9c30c7b1cdd2d059ceccd0396c6d55d3da95
# git branch: dev
#
# LbyR = 0.022975
# L = 2.412375e-06
# R = 0.000105
# T = 300
# cutoff = 5e-08
# epsrel = 1e-07
# iepsrel = 2e-07
# ldim = 349
# cores = 4
# alpha = 0.0449180087489919
# filename = /alcc/gpfs1/home/u/hartmmic/libcasimir-dev/data/materials/GoldDalvit.dat
# model = optical data (xi=0: Drude)
# plasma = -11.3117541505881 (logdetD(xi=0) for plasma model with omegap=1.36734e+16eV)
#
# xi=0, logdetD=-6.13333093751323, t=0.975354
# xi=88.4182097821573, logdetD=-0.188601083955466, t=8.94361
# xi=176.836419564315, logdetD=-0.00331528035842689, t=8.51063
# xi=265.254629346472, logdetD=-5.83524505893188e-05, t=7.12094
# xi=353.672839128629, logdetD=-1.02747554038053e-06, t=5.21312
# xi=442.091048910787, logdetD=-1.80955567650262e-08, t=3.11663
#
# 264 determinants computed
#
# L/R, L, R, T, ldim, F*(L+R)/(ħc)
0.022975, 2.412375e-06, 0.000105, 300, 349, -91.71247063054727
# finished at Di 20. Feb 18:53:18 CET 2018
