# starting on alcc119 at Mi 14. Feb 19:38:02 CET 2018
# compiler: icc
# compile time: Feb  1 2018 09:49:34
# compiled on: Linux alcc83 3.16.0-4-amd64 #1 SMP Debian 3.16.51-3 (2017-12-13) x86_64 GNU/Linux
# LAPACK support: false
# git HEAD: b96c9c30c7b1cdd2d059ceccd0396c6d55d3da95
# git branch: dev
#
# LbyR = 0.0172
# L = 1.806e-06
# R = 0.000105
# T = 300
# cutoff = 5e-08
# epsrel = 1e-07
# iepsrel = 2e-07
# ldim = 466
# cores = 4
# alpha = 0.0338183248132127
# filename = /alcc/gpfs1/home/u/hartmmic/libcasimir-dev/data/materials/GoldDalvit.dat
# model = optical data (xi=0: Drude)
# plasma = -15.44149703839 (logdetD(xi=0) for plasma model with omegap=1.36734e+16eV)
#
# xi=0, logdetD=-8.3111674886004, t=1.33779
# xi=87.919062528811, logdetD=-0.685259219806234, t=15.6702
# xi=175.838125057622, logdetD=-0.0325903206679608, t=15.8086
# xi=263.757187586433, logdetD=-0.00155693185075602, t=14.8142
# xi=351.676250115244, logdetD=-7.44507892582489e-05, t=12.648
# xi=439.595312644055, logdetD=-3.56380361611433e-06, t=10.1664
# xi=527.514375172866, logdetD=-1.70744734845383e-07, t=6.85476
#
# 358 determinants computed
#
# L/R, L, R, T, ldim, F*(L+R)/(ħc)
0.0172, 1.806e-06, 0.000105, 300, 466, -136.4312598498837
# finished at Mi 14. Feb 19:39:20 CET 2018
