# starting on alcc125 at Do 15. Feb 08:55:52 CET 2018
# compiler: icc
# compile time: Feb  1 2018 09:49:34
# compiled on: Linux alcc83 3.16.0-4-amd64 #1 SMP Debian 3.16.51-3 (2017-12-13) x86_64 GNU/Linux
# LAPACK support: false
# git HEAD: b96c9c30c7b1cdd2d059ceccd0396c6d55d3da95
# git branch: dev
#
# LbyR = 0.00355
# L = 3.7275e-07
# R = 0.000105
# T = 300
# cutoff = 5e-08
# epsrel = 1e-07
# iepsrel = 2e-07
# ldim = 2254
# cores = 7
# alpha = 0.00707488416122764
# filename = /alcc/gpfs1/home/u/hartmmic/libcasimir-dev/data/materials/GoldDalvit.dat
# model = optical data (xi=0: Drude)
# plasma = -77.3132166699263 (logdetD(xi=0) for plasma model with omegap=1.36734e+16eV)
#
# xi=0, logdetD=-41.8182798922192, t=14.5233
# xi=86.7392599299924, logdetD=-36.3977129784989, t=138.964
# xi=173.478519859985, logdetD=-17.8825372953729, t=149.166
# xi=260.217779789977, logdetD=-8.93910405183864, t=161.327
# xi=346.95703971997, logdetD=-4.50581010061153, t=166.421
# xi=433.696299649962, logdetD=-2.28167014386764, t=168.165
# xi=520.435559579955, logdetD=-1.15874146643445, t=167.871
# xi=607.174819509947, logdetD=-0.590360606134015, t=170.608
# xi=693.914079439939, logdetD=-0.300656338111401, t=168.967
# xi=780.653339369932, logdetD=-0.153659813101693, t=168.887
# xi=867.392599299924, logdetD=-0.0785625776442404, t=168.218
# xi=954.131859229917, logdetD=-0.0402292502691695, t=165.996
# xi=1040.87111915991, logdetD=-0.0206399284999996, t=164.027
# xi=1127.6103790899, logdetD=-0.0105970592539195, t=162.546
# xi=1214.34963901989, logdetD=-0.0054510564801303, t=158.824
# xi=1301.08889894989, logdetD=-0.00280720181750535, t=154.482
# xi=1387.82815887988, logdetD=-0.00144683956353198, t=152.069
# xi=1474.56741880987, logdetD=-0.000747130362435332, t=148.4
# xi=1561.30667873986, logdetD=-0.00038607068160056, t=144.054
# xi=1648.04593866986, logdetD=-0.000199713479570473, t=138.293
# xi=1734.78519859985, logdetD=-0.000103440583574592, t=133.335
# xi=1821.52445852984, logdetD=-5.36113948108296e-05, t=127.252
# xi=1908.26371845983, logdetD=-2.78186736035583e-05, t=121.738
# xi=1995.00297838983, logdetD=-1.44466016939912e-05, t=115.719
# xi=2081.74223831982, logdetD=-7.50687184694561e-06, t=110.131
# xi=2168.48149824981, logdetD=-3.90535364058093e-06, t=104.584
#
# 3180 determinants computed
#
# L/R, L, R, T, ldim, F*(L+R)/(ħc)
0.00355, 3.7275e-07, 0.000105, 300, 2254, -2575.47594470692
# finished at Do 15. Feb 09:58:18 CET 2018
