# starting on alcc120 at Do 15. Feb 08:55:52 CET 2018
# compiler: icc
# compile time: Feb  1 2018 09:49:34
# compiled on: Linux alcc83 3.16.0-4-amd64 #1 SMP Debian 3.16.51-3 (2017-12-13) x86_64 GNU/Linux
# LAPACK support: false
# git HEAD: b96c9c30c7b1cdd2d059ceccd0396c6d55d3da95
# git branch: dev
#
# LbyR = 0.003025
# L = 3.17625e-07
# R = 0.000105
# T = 300
# cutoff = 5e-08
# epsrel = 1e-07
# iepsrel = 2e-07
# ldim = 2645
# cores = 8
# alpha = 0.00603175394431844
# filename = /alcc/gpfs1/home/u/hartmmic/libcasimir-dev/data/materials/GoldDalvit.dat
# model = optical data (xi=0: Drude)
# plasma = -90.3203937962014 (logdetD(xi=0) for plasma model with omegap=1.36734e+16eV)
#
# xi=0, logdetD=-49.1569607857041, t=18.5146
# xi=86.6938829069609, logdetD=-46.817068813433, t=158.617
# xi=173.387765813922, logdetD=-25.2015822122713, t=173.522
# xi=260.081648720883, logdetD=-13.7826828372491, t=181.537
# xi=346.775531627844, logdetD=-7.60051608623465, t=194.289
# xi=433.469414534805, logdetD=-4.21185411102739, t=196.559
# xi=520.163297441766, logdetD=-2.34141697561247, t=192.166
# xi=606.857180348727, logdetD=-1.30608972521063, t=194.726
# xi=693.551063255687, logdetD=-0.728363494617832, t=198.595
# xi=780.244946162648, logdetD=-0.407656990137575, t=198.363
# xi=866.938829069609, logdetD=-0.228257442527189, t=199.828
# xi=953.63271197657, logdetD=-0.128006684567398, t=198.517
# xi=1040.32659488353, logdetD=-0.0719251254361182, t=195.858
# xi=1127.02047779049, logdetD=-0.0404424388636098, t=196.319
# xi=1213.71436069745, logdetD=-0.0227828313038325, t=191.688
# xi=1300.40824360441, logdetD=-0.012849061803096, t=188.458
# xi=1387.10212651137, logdetD=-0.00725245785817091, t=186.915
# xi=1473.79600941834, logdetD=-0.00410132681570803, t=183.387
# xi=1560.4898923253, logdetD=-0.00232089676154938, t=179.177
# xi=1647.18377523226, logdetD=-0.00131478827562931, t=177.667
# xi=1733.87765813922, logdetD=-0.000745758274523206, t=174.333
# xi=1820.57154104618, logdetD=-0.000423275784748806, t=169.295
# xi=1907.26542395314, logdetD=-0.000240526518186289, t=163.826
# xi=1993.9593068601, logdetD=-0.00013679006923727, t=159.902
# xi=2080.65318976706, logdetD=-7.7841860120392e-05, t=153.49
# xi=2167.34707267402, logdetD=-4.43489423523585e-05, t=148.497
# xi=2254.04095558098, logdetD=-2.52801234316048e-05, t=143.063
# xi=2340.73483848795, logdetD=-1.44208514254131e-05, t=135.889
# xi=2427.42872139491, logdetD=-8.23300862369064e-06, t=129.033
# xi=2514.12260430187, logdetD=-4.70252578069331e-06, t=123.808
#
# 3996 determinants computed
#
# L/R, L, R, T, ldim, F*(L+R)/(ħc)
0.003025, 3.17625e-07, 0.000105, 300, 2645, -3518.337345002403
# finished at Do 15. Feb 10:20:59 CET 2018
