# starting on alcc116 at Di 20. Feb 18:53:14 CET 2018
# compiler: icc
# compile time: Feb  1 2018 09:49:34
# compiled on: Linux alcc83 3.16.0-4-amd64 #1 SMP Debian 3.16.51-3 (2017-12-13) x86_64 GNU/Linux
# LAPACK support: false
# git HEAD: b96c9c30c7b1cdd2d059ceccd0396c6d55d3da95
# git branch: dev
#
# LbyR = 0.023325
# L = 2.449125e-06
# R = 0.000105
# T = 300
# cutoff = 5e-08
# epsrel = 1e-07
# iepsrel = 2e-07
# ldim = 343
# cores = 4
# alpha = 0.0455866904453619
# filename = /alcc/gpfs1/home/u/hartmmic/libcasimir-dev/data/materials/GoldDalvit.dat
# model = optical data (xi=0: Drude)
# plasma = -11.1276592079342 (logdetD(xi=0) for plasma model with omegap=1.36734e+16eV)
#
# xi=0, logdetD=-6.03616259120719, t=0.933973
# xi=88.448461130845, logdetD=-0.174852115895437, t=8.79749
# xi=176.89692226169, logdetD=-0.00289343541427855, t=8.03957
# xi=265.345383392535, logdetD=-4.79361589049018e-05, t=6.64592
# xi=353.79384452338, logdetD=-7.94439498996387e-07, t=4.90759
# xi=442.242305654225, logdetD=-1.31675255256386e-08, t=3.02808
#
# 262 determinants computed
#
# L/R, L, R, T, ldim, F*(L+R)/(ħc)
0.023325, 2.449125e-06, 0.000105, 300, 343, -89.97674400537291
# finished at Di 20. Feb 18:53:47 CET 2018
