# starting on alcc118 at Di 20. Feb 18:53:14 CET 2018
# compiler: icc
# compile time: Feb  1 2018 09:49:34
# compiled on: Linux alcc83 3.16.0-4-amd64 #1 SMP Debian 3.16.51-3 (2017-12-13) x86_64 GNU/Linux
# LAPACK support: false
# git HEAD: b96c9c30c7b1cdd2d059ceccd0396c6d55d3da95
# git branch: dev
#
# LbyR = 0.0249
# L = 2.6145e-06
# R = 0.000105
# T = 300
# cutoff = 5e-08
# epsrel = 1e-07
# iepsrel = 2e-07
# ldim = 322
# cores = 4
# alpha = 0.0485901063518392
# filename = /alcc/gpfs1/home/u/hartmmic/libcasimir-dev/data/materials/GoldDalvit.dat
# model = optical data (xi=0: Drude)
# plasma = -10.3639430996226 (logdetD(xi=0) for plasma model with omegap=1.36734e+16eV)
#
# xi=0, logdetD=-5.63290360224431, t=0.836434
# xi=88.5845921999394, logdetD=-0.124720503936557, t=7.73195
# xi=177.169184399879, logdetD=-0.00157254072108716, t=7.0007
# xi=265.753776599818, logdetD=-1.9840789744241e-05, t=5.64325
# xi=354.338368799758, logdetD=-2.50364966431774e-07, t=3.73568
#
# 204 determinants computed
#
# L/R, L, R, T, ldim, F*(L+R)/(ħc)
0.0249, 2.6145e-06, 0.000105, 300, 322, -82.97817719326198
# finished at Di 20. Feb 18:53:40 CET 2018
