# starting on alcc118 at Mi 14. Feb 19:37:55 CET 2018
# compiler: icc
# compile time: Feb  1 2018 09:49:34
# compiled on: Linux alcc83 3.16.0-4-amd64 #1 SMP Debian 3.16.51-3 (2017-12-13) x86_64 GNU/Linux
# LAPACK support: false
# git HEAD: b96c9c30c7b1cdd2d059ceccd0396c6d55d3da95
# git branch: dev
#
# LbyR = 0.01685
# L = 1.76925e-06
# R = 0.000105
# T = 300
# cutoff = 5e-08
# epsrel = 1e-07
# iepsrel = 2e-07
# ldim = 475
# cores = 4
# alpha = 0.0331415646358853
# filename = /alcc/gpfs1/home/u/hartmmic/libcasimir-dev/data/materials/GoldDalvit.dat
# model = optical data (xi=0: Drude)
# plasma = -15.7833170148718 (logdetD(xi=0) for plasma model with omegap=1.36734e+16eV)
#
# xi=0, logdetD=-8.49138136058438, t=1.38994
# xi=87.8888111801233, logdetD=-0.743306517080427, t=16.3363
# xi=175.777622360247, logdetD=-0.0375448310551178, t=16.4058
# xi=263.66643354037, logdetD=-0.00190548096222624, t=15.2493
# xi=351.555244720493, logdetD=-9.68038147173847e-05, t=13.4116
# xi=439.444055900617, logdetD=-4.92306290509933e-06, t=10.9413
# xi=527.33286708074, logdetD=-2.50602053206559e-07, t=7.85173
#
# 360 determinants computed
#
# L/R, L, R, T, ldim, F*(L+R)/(ħc)
0.01685, 1.76925e-06, 0.000105, 300, 475, -140.6780843647524
# finished at Mi 14. Feb 19:39:17 CET 2018
