# starting on alcc119 at Fr 16. Feb 23:37:52 CET 2018
# compiler: icc
# compile time: Feb  1 2018 09:49:34
# compiled on: Linux alcc83 3.16.0-4-amd64 #1 SMP Debian 3.16.51-3 (2017-12-13) x86_64 GNU/Linux
# LAPACK support: false
# git HEAD: b96c9c30c7b1cdd2d059ceccd0396c6d55d3da95
# git branch: dev
#
# LbyR = 0.014575
# L = 1.749e-07
# R = 1.2e-05
# T = 300
# cutoff = 5e-08
# epsrel = 1e-07
# iepsrel = 2e-07
# ldim = 549
# cores = 4
# alpha = 0.028731242145726
# filename = /alcc/gpfs1/home/u/hartmmic/libcasimir-dev/data/materials/GoldDalvit.dat
# model = optical data (xi=0: Drude)
# plasma = -16.7289566370048 (logdetD(xi=0) for plasma model with omegap=1.36734e+16eV)
#
# xi=0, logdetD=-9.87464000780884, t=1.58824
# xi=10.021963132989, logdetD=-11.8911979554044, t=17.673
# xi=20.043926265978, logdetD=-8.2330195404275, t=18.2855
# xi=30.0658893989669, logdetD=-5.72284520272233, t=19.48
# xi=40.0878525319559, logdetD=-3.99703511523197, t=19.8183
# xi=50.1098156649449, logdetD=-2.80242211901813, t=20.1564
# xi=60.1317787979339, logdetD=-1.97075670693585, t=20.3945
# xi=70.1537419309229, logdetD=-1.39084814595473, t=20.3961
# xi=80.1757050639118, logdetD=-0.981491237923949, t=20.6619
# xi=90.1976681969008, logdetD=-0.695245681730413, t=20.5127
# xi=100.21963132989, logdetD=-0.492750435108341, t=20.9246
# xi=110.241594462879, logdetD=-0.349803004175188, t=20.9554
# xi=120.263557595868, logdetD=-0.248811142873968, t=21.16
# xi=130.285520728857, logdetD=-0.177103038177691, t=21.0241
# xi=140.307483861846, logdetD=-0.126293776633938, t=21.0722
# xi=150.329446994835, logdetD=-0.0901602064793849, t=20.8968
# xi=160.351410127824, logdetD=-0.064413940217246, t=21.1411
# xi=170.373373260813, logdetD=-0.0461046782694501, t=21.0676
# xi=180.395336393802, logdetD=-0.0330204740436056, t=21.1998
# xi=190.417299526791, logdetD=-0.0236738919637803, t=20.7542
# xi=200.43926265978, logdetD=-0.0169933204158333, t=20.7791
# xi=210.461225792769, logdetD=-0.0122054650022305, t=20.4576
# xi=220.483188925758, logdetD=-0.00877664107824303, t=20.6628
# xi=230.505152058747, logdetD=-0.00631599434344477, t=20.6162
# xi=240.527115191736, logdetD=-0.00454791296221673, t=20.2497
# xi=250.549078324725, logdetD=-0.00327856266684045, t=19.9337
# xi=260.571041457714, logdetD=-0.00236469261714971, t=20.1183
# xi=270.593004590702, logdetD=-0.00170677602727814, t=19.743
# xi=280.614967723691, logdetD=-0.00123290746883129, t=19.3568
# xi=290.63693085668, logdetD=-0.000891021717839148, t=19.2496
# xi=300.658893989669, logdetD=-0.000644445172241614, t=18.776
# xi=310.680857122658, logdetD=-0.000466366678171109, t=18.8382
# xi=320.702820255647, logdetD=-0.000337646394157279, t=18.4761
# xi=330.724783388636, logdetD=-0.000244647202315964, t=18.198
# xi=340.746746521625, logdetD=-0.000177332005494767, t=17.8446
# xi=350.768709654614, logdetD=-0.000128605677242466, t=17.7412
# xi=360.790672787603, logdetD=-9.33223568281892e-05, t=17.3149
# xi=370.812635920592, logdetD=-6.77434201674691e-05, t=17.1084
# xi=380.834599053581, logdetD=-4.92035094730946e-05, t=17.1627
# xi=390.85656218657, logdetD=-3.57525677996296e-05, t=16.3668
# xi=400.878525319559, logdetD=-2.59876562191525e-05, t=15.9613
# xi=410.900488452548, logdetD=-1.89007203803091e-05, t=16.0052
# xi=420.922451585537, logdetD=-1.37505907241689e-05, t=15.6892
# xi=430.944414718526, logdetD=-1.00077555720313e-05, t=15.2347
# xi=440.966377851515, logdetD=-7.28689243469644e-06, t=14.5061
# xi=450.988340984504, logdetD=-5.30725917983485e-06, t=14.5169
# xi=461.010304117493, logdetD=-3.86711778248323e-06, t=13.8719
# xi=471.032267250482, logdetD=-2.818678860216e-06, t=13.9402
# xi=481.054230383471, logdetD=-2.05504642803806e-06, t=13.0675
# xi=491.07619351646, logdetD=-1.49896031971055e-06, t=12.9273
# xi=501.098156649449, logdetD=-1.09361350947449e-06, t=12.4914
# xi=511.120119782438, logdetD=-7.98129639937224e-07, t=12.1144
#
# 3233 determinants computed
#
# L/R, L, R, T, ldim, F*(L+R)/(ħc)
0.014575, 1.749e-07, 1.2e-05, 300, 549, -141.43253568542
# finished at Fr 16. Feb 23:53:31 CET 2018
