# starting on alcc123 at Fr 16. Feb 23:39:58 CET 2018
# compiler: icc
# compile time: Feb  1 2018 09:49:34
# compiled on: Linux alcc83 3.16.0-4-amd64 #1 SMP Debian 3.16.51-3 (2017-12-13) x86_64 GNU/Linux
# LAPACK support: false
# git HEAD: b96c9c30c7b1cdd2d059ceccd0396c6d55d3da95
# git branch: dev
#
# LbyR = 0.01545
# L = 1.854e-07
# R = 1.2e-05
# T = 300
# cutoff = 5e-08
# epsrel = 1e-07
# iepsrel = 2e-07
# ldim = 518
# cores = 4
# alpha = 0.0304298586833424
# filename = /alcc/gpfs1/home/u/hartmmic/libcasimir-dev/data/materials/GoldDalvit.dat
# model = optical data (xi=0: Drude)
# plasma = -15.7969342319064 (logdetD(xi=0) for plasma model with omegap=1.36734e+16eV)
#
# xi=0, logdetD=-9.29422931910268, t=1.4971
# xi=10.0306063754712, logdetD=-11.04461837534, t=16.3686
# xi=20.0612127509423, logdetD=-7.50932259749595, t=16.7437
# xi=30.0918191264135, logdetD=-5.12864656445363, t=17.2921
# xi=40.1224255018847, logdetD=-3.52025963489436, t=18.2199
# xi=50.1530318773558, logdetD=-2.42579746902423, t=18.4119
# xi=60.183638252827, logdetD=-1.67667884931734, t=18.6042
# xi=70.2142446282982, logdetD=-1.16303239588283, t=18.9669
# xi=80.2448510037693, logdetD=-0.806657043328793, t=18.7432
# xi=90.2754573792405, logdetD=-0.561596998239056, t=18.9133
# xi=100.306063754712, logdetD=-0.391193151043081, t=18.9912
# xi=110.336670130183, logdetD=-0.27293591418944, t=18.6479
# xi=120.367276505654, logdetD=-0.190799300220555, t=19.1064
# xi=130.397882881125, logdetD=-0.133475095583637, t=19.0225
# xi=140.428489256596, logdetD=-0.0935454778568955, t=18.9101
# xi=150.459095632068, logdetD=-0.0656329824056315, t=18.8434
# xi=160.489702007539, logdetD=-0.0460843778396022, t=19.0339
# xi=170.52030838301, logdetD=-0.0324180566285751, t=18.8092
# xi=180.550914758481, logdetD=-0.022818883638945, t=18.885
# xi=190.581521133952, logdetD=-0.0160787156471554, t=18.434
# xi=200.612127509423, logdetD=-0.0113431133697241, t=18.4308
# xi=210.642733884895, logdetD=-0.00800722592480011, t=18.2296
# xi=220.673340260366, logdetD=-0.00565889395407327, t=18.146
# xi=230.703946635837, logdetD=-0.00400241274997354, t=18.0719
# xi=240.734553011308, logdetD=-0.00283250376316509, t=17.7117
# xi=250.765159386779, logdetD=-0.00200688084243602, t=17.9269
# xi=260.79576576225, logdetD=-0.00142263539608497, t=17.469
# xi=270.826372137722, logdetD=-0.00100920028366306, t=17.2834
# xi=280.856978513193, logdetD=-0.00071649683065871, t=17.2268
# xi=290.887584888664, logdetD=-0.000508927381609724, t=16.8871
# xi=300.918191264135, logdetD=-0.000361774605333385, t=16.7033
# xi=310.948797639606, logdetD=-0.000257314840811742, t=16.0821
# xi=320.979404015077, logdetD=-0.000183098658717838, t=15.827
# xi=331.010010390549, logdetD=-0.000130391595758565, t=15.6089
# xi=341.04061676602, logdetD=-9.28930232576331e-05, t=15.6576
# xi=351.071223141491, logdetD=-6.62129660358719e-05, t=15.4319
# xi=361.101829516962, logdetD=-4.72232412031017e-05, t=15.0906
# xi=371.132435892433, logdetD=-3.36918231062715e-05, t=14.7426
# xi=381.163042267904, logdetD=-2.40514297616223e-05, t=14.524
# xi=391.193648643376, logdetD=-1.71766907223348e-05, t=13.9448
# xi=401.224255018847, logdetD=-1.22711917196435e-05, t=13.7845
# xi=411.254861394318, logdetD=-8.7717311448978e-06, t=13.4902
# xi=421.285467769789, logdetD=-6.27213596155863e-06, t=12.9694
# xi=431.31607414526, logdetD=-4.48660399977039e-06, t=12.7816
# xi=441.346680520731, logdetD=-3.21077686912964e-06, t=12.4595
# xi=451.377286896203, logdetD=-2.29839380612286e-06, t=12.0274
# xi=461.407893271674, logdetD=-1.64599155965347e-06, t=11.6307
# xi=471.438499647145, logdetD=-1.17915658575163e-06, t=11.0905
# xi=481.469106022616, logdetD=-8.44953389792535e-07, t=10.9206
#
# 2966 determinants computed
#
# L/R, L, R, T, ldim, F*(L+R)/(ħc)
0.01545, 1.854e-07, 1.2e-05, 300, 518, -127.0350712743672
# finished at Fr 16. Feb 23:53:13 CET 2018
