# starting on alcc120 at Fr 16. Feb 23:19:19 CET 2018
# compiler: icc
# compile time: Feb  1 2018 09:49:34
# compiled on: Linux alcc83 3.16.0-4-amd64 #1 SMP Debian 3.16.51-3 (2017-12-13) x86_64 GNU/Linux
# LAPACK support: false
# git HEAD: b96c9c30c7b1cdd2d059ceccd0396c6d55d3da95
# git branch: dev
#
# LbyR = 0.01335
# L = 1.602e-07
# R = 1.2e-05
# T = 300
# cutoff = 5e-08
# epsrel = 1e-07
# iepsrel = 2e-07
# ldim = 600
# cores = 4
# alpha = 0.0263482508511373
# filename = /alcc/gpfs1/home/u/hartmmic/libcasimir-dev/data/materials/GoldDalvit.dat
# model = optical data (xi=0: Drude)
# plasma = -18.2248305539561 (logdetD(xi=0) for plasma model with omegap=1.36734e+16eV)
#
# xi=0, logdetD=-10.8154992999907, t=1.77866
# xi=10.0098625935139, logdetD=-13.2590435868814, t=20.8632
# xi=20.0197251870278, logdetD=-9.41817471087735, t=21.4849
# xi=30.0295877805418, logdetD=-6.71109990445062, t=22.3611
# xi=40.0394503740557, logdetD=-4.80331371302525, t=23.1925
# xi=50.0493129675696, logdetD=-3.45057091667926, t=23.7153
# xi=60.0591755610835, logdetD=-2.48610109482381, t=24.4569
# xi=70.0690381545974, logdetD=-1.79757839494556, t=24.1709
# xi=80.0789007481113, logdetD=-1.29962765475368, t=24.56
# xi=90.0887633416253, logdetD=-0.943193940933574, t=24.3936
# xi=100.098625935139, logdetD=-0.684899390427154, t=24.7143
# xi=110.108488528653, logdetD=-0.498156719586689, t=24.9047
# xi=120.118351122167, logdetD=-0.363043517261555, t=25.1353
# xi=130.128213715681, logdetD=-0.264767475534256, t=24.8284
# xi=140.138076309195, logdetD=-0.193451045422301, t=25.0498
# xi=150.147938902709, logdetD=-0.141499488279232, t=25.1966
# xi=160.157801496223, logdetD=-0.103578698288223, t=24.9841
# xi=170.167664089737, logdetD=-0.0759598269368178, t=24.9539
# xi=180.177526683251, logdetD=-0.0557403034671179, t=24.9457
# xi=190.187389276764, logdetD=-0.0409449718880814, t=24.9367
# xi=200.197251870278, logdetD=-0.0301128234090078, t=24.8579
# xi=210.207114463792, logdetD=-0.0221599020275444, t=24.6705
# xi=220.216977057306, logdetD=-0.0163259877921336, t=24.3578
# xi=230.22683965082, logdetD=-0.0120372768842521, t=24.2403
# xi=240.236702244334, logdetD=-0.00888039037921428, t=24.0887
# xi=250.246564837848, logdetD=-0.00655895055435808, t=24.3685
# xi=260.256427431362, logdetD=-0.00484679681349187, t=23.9277
# xi=270.266290024876, logdetD=-0.00358413302175996, t=23.7808
# xi=280.27615261839, logdetD=-0.00265255138487185, t=23.5735
# xi=290.286015211904, logdetD=-0.00196402059433696, t=23.3344
# xi=300.295877805417, logdetD=-0.00145534750267857, t=23.3407
# xi=310.305740398931, logdetD=-0.00107902149190184, t=22.8967
# xi=320.315602992445, logdetD=-0.00080036045606621, t=22.7494
# xi=330.325465585959, logdetD=-0.000594132925422422, t=22.4756
# xi=340.335328179473, logdetD=-0.000441214416138127, t=22.3436
# xi=350.345190772987, logdetD=-0.000327824350026448, t=22.277
# xi=360.355053366501, logdetD=-0.000243716409997868, t=21.537
# xi=370.364915960015, logdetD=-0.000181252413437392, t=21.131
# xi=380.374778553529, logdetD=-0.000134874537581726, t=20.9135
# xi=390.384641147043, logdetD=-0.000100405642257844, t=20.4656
# xi=400.394503740557, logdetD=-7.47712932568196e-05, t=20.2347
# xi=410.404366334071, logdetD=-5.57138125171282e-05, t=20.1301
# xi=420.414228927585, logdetD=-4.15262485387298e-05, t=19.4523
# xi=430.424091521098, logdetD=-3.0963848205187e-05, t=19.2616
# xi=440.433954114612, logdetD=-2.30981732946091e-05, t=19.2673
# xi=450.443816708126, logdetD=-1.72354599373824e-05, t=18.8852
# xi=460.45367930164, logdetD=-1.28664145998574e-05, t=18.1023
# xi=470.463541895154, logdetD=-9.60801521987372e-06, t=17.9101
# xi=480.473404488668, logdetD=-7.17675448697988e-06, t=17.4241
# xi=490.483267082182, logdetD=-5.36309363174587e-06, t=16.9429
# xi=500.493129675696, logdetD=-4.00874508307558e-06, t=16.7826
# xi=510.50299226921, logdetD=-2.99735321333461e-06, t=16.3306
# xi=520.512854862724, logdetD=-2.24190240584857e-06, t=15.6281
# xi=530.522717456238, logdetD=-1.67723629757628e-06, t=15.405
# xi=540.532580049752, logdetD=-1.25522640124789e-06, t=14.9605
# xi=550.542442643265, logdetD=-9.39643017794704e-07, t=14.4173
#
# 3637 determinants computed
#
# L/R, L, R, T, ldim, F*(L+R)/(ħc)
0.01335, 1.602e-07, 1.2e-05, 300, 600, -166.0452846056031
# finished at Fr 16. Feb 23:39:23 CET 2018
