# starting on alcc119 at Fr 16. Feb 23:38:34 CET 2018
# compiler: icc
# compile time: Feb  1 2018 09:49:34
# compiled on: Linux alcc83 3.16.0-4-amd64 #1 SMP Debian 3.16.51-3 (2017-12-13) x86_64 GNU/Linux
# LAPACK support: false
# git HEAD: b96c9c30c7b1cdd2d059ceccd0396c6d55d3da95
# git branch: dev
#
# LbyR = 0.014925
# L = 1.791e-07
# R = 1.2e-05
# T = 300
# cutoff = 5e-08
# epsrel = 1e-07
# iepsrel = 2e-07
# ldim = 537
# cores = 4
# alpha = 0.0294110402246471
# filename = /alcc/gpfs1/home/u/hartmmic/libcasimir-dev/data/materials/GoldDalvit.dat
# model = optical data (xi=0: Drude)
# plasma = -16.3438556722231 (logdetD(xi=0) for plasma model with omegap=1.36734e+16eV)
#
# xi=0, logdetD=-9.63428040301665, t=1.51765
# xi=10.0254204299819, logdetD=-11.5408272977364, t=17.104
# xi=20.0508408599637, logdetD=-7.93252533350535, t=18.2475
# xi=30.0762612899456, logdetD=-5.47519827476857, t=18.9546
# xi=40.1016817199274, logdetD=-3.79753043818721, t=19.3982
# xi=50.1271021499093, logdetD=-2.64416479185522, t=19.4623
# xi=60.1525225798911, logdetD=-1.84665154356393, t=19.711
# xi=70.177943009873, logdetD=-1.29428172405072, t=20.0947
# xi=80.2033634398548, logdetD=-0.907049653698526, t=19.977
# xi=90.2287838698367, logdetD=-0.638081416898311, t=20.0565
# xi=100.254204299819, logdetD=-0.449112959592397, t=20.3409
# xi=110.2796247298, logdetD=-0.316621943733364, t=20.3774
# xi=120.305045159782, logdetD=-0.223653133103178, t=20.4869
# xi=130.330465589764, logdetD=-0.158094897344295, t=20.6766
# xi=140.355886019746, logdetD=-0.111959309484262, t=20.4755
# xi=150.381306449728, logdetD=-0.0793742226399708, t=20.656
# xi=160.40672687971, logdetD=-0.0563158783330886, t=20.5086
# xi=170.432147309692, logdetD=-0.040029761812195, t=20.4742
# xi=180.457567739673, logdetD=-0.0284713934660133, t=20.088
# xi=190.482988169655, logdetD=-0.0202713698589811, t=20.0178
# xi=200.508408599637, logdetD=-0.0144504177368469, t=20.0973
# xi=210.533829029619, logdetD=-0.0103073203527624, t=19.8108
# xi=220.559249459601, logdetD=-0.00736054187444424, t=19.964
# xi=230.584669889583, logdetD=-0.00526033967674535, t=19.7535
# xi=240.610090319565, logdetD=-0.00376162363857182, t=19.6642
# xi=250.635510749546, logdetD=-0.00269301311471462, t=19.3811
# xi=260.660931179528, logdetD=-0.00192895416230672, t=19.2108
# xi=270.68635160951, logdetD=-0.00138266333268528, t=18.9133
# xi=280.711772039492, logdetD=-0.000991890063181443, t=18.5914
# xi=290.737192469474, logdetD=-0.000711893171663998, t=18.2457
# xi=300.762612899456, logdetD=-0.000511335985838076, t=18.1661
# xi=310.788033329437, logdetD=-0.000367487040719483, t=17.9249
# xi=320.813453759419, logdetD=-0.000264223229249804, t=17.6837
# xi=330.838874189401, logdetD=-0.000190126984576097, t=17.3324
# xi=340.864294619383, logdetD=-0.000136862799653713, t=17.1947
# xi=350.889715049365, logdetD=-9.85719570529095e-05, t=17.0243
# xi=360.915135479347, logdetD=-7.10352670923106e-05, t=16.7625
# xi=370.940555909329, logdetD=-5.12095072699767e-05, t=16.28
# xi=380.96597633931, logdetD=-3.69381213872485e-05, t=15.8929
# xi=390.991396769292, logdetD=-2.66551572095896e-05, t=15.5955
# xi=401.016817199274, logdetD=-1.92413891318542e-05, t=15.3312
# xi=411.042237629256, logdetD=-1.38977014688225e-05, t=15.0693
# xi=421.067658059238, logdetD=-1.00410995839433e-05, t=14.5331
# xi=431.09307848922, logdetD=-7.25758033878503e-06, t=14.1481
# xi=441.118498919202, logdetD=-5.24798662056616e-06, t=14.015
# xi=451.143919349183, logdetD=-3.79590875872426e-06, t=13.6568
# xi=461.169339779165, logdetD=-2.74680545571759e-06, t=12.8319
# xi=471.194760209147, logdetD=-1.98829593792572e-06, t=12.7609
# xi=481.220180639129, logdetD=-1.43963316343124e-06, t=12.3413
# xi=491.245601069111, logdetD=-1.04283358550766e-06, t=11.917
# xi=501.271021499093, logdetD=-7.555847870322e-07, t=11.4825
#
# 3135 determinants computed
#
# L/R, L, R, T, ldim, F*(L+R)/(ħc)
0.014925, 1.791e-07, 1.2e-05, 300, 537, -135.3959111191932
# finished at Fr 16. Feb 23:53:25 CET 2018
