# starting on alcc122 at Fr 16. Feb 13:51:55 CET 2018
# compiler: icc
# compile time: Feb  1 2018 09:49:34
# compiled on: Linux alcc83 3.16.0-4-amd64 #1 SMP Debian 3.16.51-3 (2017-12-13) x86_64 GNU/Linux
# LAPACK support: false
# git HEAD: b96c9c30c7b1cdd2d059ceccd0396c6d55d3da95
# git branch: dev
#
# LbyR = 0.01965
# L = 2.358e-07
# R = 1.2e-05
# T = 300
# cutoff = 5e-08
# epsrel = 1e-07
# iepsrel = 2e-07
# ldim = 408
# cores = 4
# alpha = 0.0385426371794243
# filename = /alcc/gpfs1/home/u/hartmmic/libcasimir-dev/data/materials/GoldDalvit.dat
# model = optical data (xi=0: Drude)
# plasma = -12.4226835641756 (logdetD(xi=0) for plasma model with omegap=1.36734e+16eV)
#
# xi=0, logdetD=-7.23013050610886, t=1.12901
# xi=10.0720939393857, logdetD=-8.02808466421442, t=11.1223
# xi=20.1441878787713, logdetD=-5.00918765418725, t=11.3951
# xi=30.216281818157, logdetD=-3.1465058622204, t=12.2052
# xi=40.2883757575427, logdetD=-1.98791723518619, t=12.2918
# xi=50.3604696969283, logdetD=-1.26115593929598, t=12.4372
# xi=60.432563636314, logdetD=-0.802505893787766, t=12.2231
# xi=70.5046575756997, logdetD=-0.512425448478594, t=12.3606
# xi=80.5767515150853, logdetD=-0.32713017990278, t=12.4891
# xi=90.648845454471, logdetD=-0.209606451006062, t=12.6201
# xi=100.720939393857, logdetD=-0.134364183437726, t=12.4968
# xi=110.793033333242, logdetD=-0.0862661322913194, t=12.6545
# xi=120.865127272628, logdetD=-0.0554918021465961, t=12.414
# xi=130.937221212014, logdetD=-0.035720260473453, t=12.6402
# xi=141.009315151399, logdetD=-0.0230354962645802, t=12.3507
# xi=151.081409090785, logdetD=-0.0148716039272627, t=12.1671
# xi=161.153503030171, logdetD=-0.0096084383078039, t=12.1198
# xi=171.225596969556, logdetD=-0.00621951350641289, t=12.1412
# xi=181.297690908942, logdetD=-0.00402846229917142, t=11.9345
# xi=191.369784848328, logdetD=-0.00261203126112748, t=11.6178
# xi=201.441878787713, logdetD=-0.00169569820434309, t=11.5802
# xi=211.513972727099, logdetD=-0.00110152250557026, t=11.4654
# xi=221.586066666485, logdetD=-0.000716381680440746, t=11.1851
# xi=231.65816060587, logdetD=-0.000466274689083131, t=11.086
# xi=241.730254545256, logdetD=-0.000303670162080258, t=10.8636
# xi=251.802348484642, logdetD=-0.000198002231717473, t=10.5248
# xi=261.874442424027, logdetD=-0.000129170230942072, t=10.5593
# xi=271.946536363413, logdetD=-8.43276272536261e-05, t=10.1905
# xi=282.018630302799, logdetD=-5.50977059206356e-05, t=9.84396
# xi=292.090724242184, logdetD=-3.60166879065447e-05, t=9.68042
# xi=302.16281818157, logdetD=-2.35622522669374e-05, t=9.42001
# xi=312.234912120956, logdetD=-1.54232391433207e-05, t=8.97187
# xi=322.307006060341, logdetD=-1.01001690596309e-05, t=8.83277
# xi=332.379099999727, logdetD=-6.61952192856661e-06, t=8.6048
# xi=342.451193939113, logdetD=-4.34003800018848e-06, t=8.36704
# xi=352.523287878498, logdetD=-2.84699437716951e-06, t=8.10131
# xi=362.595381817884, logdetD=-1.86866714454598e-06, t=7.69687
# xi=372.66747575727, logdetD=-1.22696490262346e-06, t=7.37111
# xi=382.739569696655, logdetD=-8.06081273695775e-07, t=7.19001
# xi=392.811663636041, logdetD=-5.29792879626175e-07, t=6.74708
#
# 2157 determinants computed
#
# L/R, L, R, T, ldim, F*(L+R)/(ħc)
0.01965, 2.358e-07, 1.2e-05, 300, 408, -81.03814901684052
# finished at Fr 16. Feb 13:58:57 CET 2018
