# starting on alcc119 at Fr 23. Feb 10:35:01 CET 2018
# compiler: icc
# compile time: Feb  1 2018 09:49:34
# compiled on: Linux alcc83 3.16.0-4-amd64 #1 SMP Debian 3.16.51-3 (2017-12-13) x86_64 GNU/Linux
# LAPACK support: false
# git HEAD: b96c9c30c7b1cdd2d059ceccd0396c6d55d3da95
# git branch: dev
#
# LbyR = 0.0193
# L = 6.4655e-06
# R = 0.000335
# T = 300
# cutoff = 5e-08
# epsrel = 1e-07
# iepsrel = 2e-07
# ldim = 415
# cores = 4
# alpha = 0.0378691258706956
# filename = /alcc/gpfs1/home/u/hartmmic/libcasimir-dev/data/materials/GoldDalvit.dat
# model = optical data (xi=0: Drude)
# plasma = -13.7573940310588 (logdetD(xi=0) for plasma model with omegap=1.36734e+16eV)
#
# xi=0, logdetD=-7.36768658773025, t=1.25892
# xi=281.082772933465, logdetD=-0.00028485256353589, t=10.87
# xi=562.165545866931, logdetD=-6.30602316711495e-09, t=4.16328
#
# 115 determinants computed
#
# L/R, L, R, T, ldim, F*(L+R)/(ħc)
0.0193, 6.4655e-06, 0.000335, 300, 415, -329.624197404978
# finished at Fr 23. Feb 10:35:18 CET 2018
