# starting on alcc118 at Fr 23. Feb 10:35:03 CET 2018
# compiler: icc
# compile time: Feb  1 2018 09:49:34
# compiled on: Linux alcc83 3.16.0-4-amd64 #1 SMP Debian 3.16.51-3 (2017-12-13) x86_64 GNU/Linux
# LAPACK support: false
# git HEAD: b96c9c30c7b1cdd2d059ceccd0396c6d55d3da95
# git branch: dev
#
# LbyR = 0.018075
# L = 6.055125e-06
# R = 0.000335
# T = 300
# cutoff = 5e-08
# epsrel = 1e-07
# iepsrel = 2e-07
# ldim = 443
# cores = 4
# alpha = 0.0355081894752351
# filename = /alcc/gpfs1/home/u/hartmmic/libcasimir-dev/data/materials/GoldDalvit.dat
# model = optical data (xi=0: Drude)
# plasma = -14.7654601675411 (logdetD(xi=0) for plasma model with omegap=1.36734e+16eV)
#
# xi=0, logdetD=-7.89128957650579, t=1.30663
# xi=280.744966206453, logdetD=-0.0005977364287124, t=12.9267
# xi=561.489932412907, logdetD=-2.60326063469179e-08, t=4.90804
#
# 120 determinants computed
#
# L/R, L, R, T, ldim, F*(L+R)/(ħc)
0.018075, 6.055125e-06, 0.000335, 300, 443, -352.6516177317847
# finished at Fr 23. Feb 10:35:23 CET 2018
