# starting on alcc120 at Fr 23. Feb 11:24:50 CET 2018
# compiler: icc
# compile time: Feb  1 2018 09:49:34
# compiled on: Linux alcc83 3.16.0-4-amd64 #1 SMP Debian 3.16.51-3 (2017-12-13) x86_64 GNU/Linux
# LAPACK support: false
# git HEAD: b96c9c30c7b1cdd2d059ceccd0396c6d55d3da95
# git branch: dev
#
# LbyR = 0.021575
# L = 7.227625e-06
# R = 0.000335
# T = 300
# cutoff = 5e-08
# epsrel = 1e-07
# iepsrel = 2e-07
# ldim = 371
# cores = 4
# alpha = 0.0422387000464968
# filename = /alcc/gpfs1/home/u/hartmmic/libcasimir-dev/data/materials/GoldDalvit.dat
# model = optical data (xi=0: Drude)
# plasma = -12.1926532830358 (logdetD(xi=0) for plasma model with omegap=1.36734e+16eV)
#
# xi=0, logdetD=-6.55371931596384, t=1.04205
# xi=281.710128283631, logdetD=-7.26602015880326e-05, t=7.99489
# xi=563.420256567262, logdetD=-4.5750532231691e-10, t=3.31133
#
# 109 determinants computed
#
# L/R, L, R, T, ldim, F*(L+R)/(ħc)
0.021575, 7.227625e-06, 0.000335, 300, 371, -293.8461874763709
# finished at Fr 23. Feb 11:25:03 CET 2018
