# starting on alcc124 at Fr 23. Feb 11:24:50 CET 2018
# compiler: icc
# compile time: Feb  1 2018 09:49:34
# compiled on: Linux alcc83 3.16.0-4-amd64 #1 SMP Debian 3.16.51-3 (2017-12-13) x86_64 GNU/Linux
# LAPACK support: false
# git HEAD: b96c9c30c7b1cdd2d059ceccd0396c6d55d3da95
# git branch: dev
#
# LbyR = 0.020525
# L = 6.875875e-06
# R = 0.000335
# T = 300
# cutoff = 5e-08
# epsrel = 1e-07
# iepsrel = 2e-07
# ldim = 390
# cores = 4
# alpha = 0.0402243943068519
# filename = /alcc/gpfs1/home/u/hartmmic/libcasimir-dev/data/materials/GoldDalvit.dat
# model = optical data (xi=0: Drude)
# plasma = -12.8711346370443 (logdetD(xi=0) for plasma model with omegap=1.36734e+16eV)
#
# xi=0, logdetD=-6.90686164534712, t=1.16741
# xi=281.420579660478, logdetD=-0.000136293184769427, t=9.47887
# xi=562.841159320955, logdetD=-1.53330390476521e-09, t=3.72362
#
# 112 determinants computed
#
# L/R, L, R, T, ldim, F*(L+R)/(ħc)
0.020525, 6.875875e-06, 0.000335, 300, 390, -309.3669253912198
# finished at Fr 23. Feb 11:25:06 CET 2018
