# starting on alcc114 at Fr 23. Feb 10:35:03 CET 2018
# compiler: icc
# compile time: Feb  1 2018 09:49:34
# compiled on: Linux alcc83 3.16.0-4-amd64 #1 SMP Debian 3.16.51-3 (2017-12-13) x86_64 GNU/Linux
# LAPACK support: false
# git HEAD: b96c9c30c7b1cdd2d059ceccd0396c6d55d3da95
# git branch: dev
#
# LbyR = 0.0158
# L = 5.293e-06
# R = 0.000335
# T = 300
# cutoff = 5e-08
# epsrel = 1e-07
# iepsrel = 2e-07
# ldim = 507
# cores = 4
# alpha = 0.0311084859224257
# filename = /alcc/gpfs1/home/u/hartmmic/libcasimir-dev/data/materials/GoldDalvit.dat
# model = optical data (xi=0: Drude)
# plasma = -17.0577056364257 (logdetD(xi=0) for plasma model with omegap=1.36734e+16eV)
#
# xi=0, logdetD=-9.08012749511736, t=1.65029
# xi=280.117610856288, logdetD=-0.00239781310891703, t=17.4426
# xi=560.235221712576, logdetD=-3.66756941596807e-07, t=9.21599
#
# 127 determinants computed
#
# L/R, L, R, T, ldim, F*(L+R)/(ħc)
0.0158, 5.293e-06, 0.000335, 300, 507, -405.0250057281785
# finished at Fr 23. Feb 10:35:32 CET 2018
