# starting on alcc115 at Fr 23. Feb 10:35:32 CET 2018
# compiler: icc
# compile time: Feb  1 2018 09:49:34
# compiled on: Linux alcc83 3.16.0-4-amd64 #1 SMP Debian 3.16.51-3 (2017-12-13) x86_64 GNU/Linux
# LAPACK support: false
# git HEAD: b96c9c30c7b1cdd2d059ceccd0396c6d55d3da95
# git branch: dev
#
# LbyR = 0.011775
# L = 3.944625e-06
# R = 0.000335
# T = 300
# cutoff = 5e-08
# epsrel = 1e-07
# iepsrel = 2e-07
# ldim = 680
# cores = 4
# alpha = 0.0232759259716834
# filename = /alcc/gpfs1/home/u/hartmmic/libcasimir-dev/data/materials/GoldDalvit.dat
# model = optical data (xi=0: Drude)
# plasma = -23.3080140719382 (logdetD(xi=0) for plasma model with omegap=1.36734e+16eV)
#
# xi=0, logdetD=-12.313796201415, t=2.49264
# xi=279.007674467534, logdetD=-0.0296133098982246, t=33.3024
# xi=558.015348935067, logdetD=-4.17527485765094e-05, t=26.2817
# xi=837.023023402601, logdetD=-5.87971116673661e-08, t=12.1189
#
# 218 determinants computed
#
# L/R, L, R, T, ldim, F*(L+R)/(ħc)
0.011775, 3.944625e-06, 0.000335, 300, 680, -549.4333663881425
# finished at Fr 23. Feb 10:36:47 CET 2018
