# starting on alcc116 at Mo 12. Feb 19:51:55 CET 2018
# compiler: icc
# compile time: Feb  1 2018 09:49:34
# compiled on: Linux alcc83 3.16.0-4-amd64 #1 SMP Debian 3.16.51-3 (2017-12-13) x86_64 GNU/Linux
# LAPACK support: false
# git HEAD: b96c9c30c7b1cdd2d059ceccd0396c6d55d3da95
# git branch: dev
#
# LbyR = 0.006
# L = 6e-09
# R = 1e-06
# T = 300
# cutoff = 1e-09
# epsrel = 5e-08
# iepsrel = 1e-07
# ldim = 1334
# cores = 6
# alpha = 0.0119284294234592
# filename = /alcc/gpfs1/home/u/hartmmic/libcasimir-dev/data/materials/GoldDalvit.dat
# model = optical data (xi=0: Drude)
# plasma = -26.740674134511 (logdetD(xi=0) for plasma model with omegap=1.36734e+16eV)
#
# xi=0, logdetD=-24.5601392793343, t=3.99227
# xi=0.828104946388629, logdetD=-26.2199276909093, t=64.3448
# xi=1.65620989277726, logdetD=-25.6606451466615, t=64.9244
# xi=2.48431483916589, logdetD=-24.9105288129147, t=65.4242
# xi=3.31241978555451, logdetD=-24.0793326395067, t=66.5493
# xi=4.14052473194314, logdetD=-23.2119557426188, t=65.5967
# xi=4.96862967833177, logdetD=-22.3319124897468, t=66.0381
# xi=5.7967346247204, logdetD=-21.4667065292176, t=66.3565
# xi=6.62483957110903, logdetD=-20.588721831327, t=66.2934
# xi=7.45294451749766, logdetD=-19.7513555432413, t=67.5607
# xi=8.28104946388629, logdetD=-18.9249092906645, t=67.7642
# xi=9.10915441027491, logdetD=-18.1259457310231, t=67.7508
# xi=9.93725935666354, logdetD=-17.3607538010765, t=67.8331
# xi=10.7653643030522, logdetD=-16.6182905386518, t=67.8256
# xi=11.5934692494408, logdetD=-15.9113183014942, t=68.2969
# xi=12.4215741958294, logdetD=-15.2328442004874, t=68.0308
# xi=13.2496791422181, logdetD=-14.5799783413368, t=68.0484
# xi=14.0777840886067, logdetD=-13.9627935841555, t=68.2962
# xi=14.9058890349953, logdetD=-13.3695501675618, t=68.4935
# xi=15.7339939813839, logdetD=-12.803564991517, t=68.4798
# xi=16.5620989277726, logdetD=-12.265655200748, t=68.5766
# xi=17.3902038741612, logdetD=-11.7501401036061, t=68.7932
# xi=18.2183088205498, logdetD=-11.2607399111473, t=68.9936
# xi=19.0464137669385, logdetD=-10.7936759957622, t=69.0845
# xi=19.8745187133271, logdetD=-10.34679293001, t=69.2534
# xi=20.7026236597157, logdetD=-9.92355379885248, t=69.1097
# xi=21.5307286061043, logdetD=-9.5183634891329, t=68.9002
# xi=22.358833552493, logdetD=-9.13205465443845, t=69.0681
# xi=23.1869384988816, logdetD=-8.76452126442092, t=68.8226
# xi=24.0150434452702, logdetD=-8.41277663586944, t=68.8014
# xi=24.8431483916589, logdetD=-8.07819288248527, t=69.2155
# xi=25.6712533380475, logdetD=-7.75868214669048, t=69.8731
# xi=26.4993582844361, logdetD=-7.45295077315595, t=69.5846
# xi=27.3274632308247, logdetD=-7.16241962168398, t=69.4293
# xi=28.1555681772134, logdetD=-6.88417810826257, t=69.5508
# xi=28.983673123602, logdetD=-6.61844794608609, t=69.7266
# xi=29.8117780699906, logdetD=-6.36500655484739, t=69.2871
# xi=30.6398830163793, logdetD=-6.12220344988947, t=69.5703
# xi=31.4679879627679, logdetD=-5.89062783119243, t=69.6753
# xi=32.2960929091565, logdetD=-5.66907289004061, t=69.3258
# xi=33.1241978555451, logdetD=-5.45676970175451, t=69.5831
# xi=33.9523028019338, logdetD=-5.25437050317188, t=69.7472
# xi=34.7804077483224, logdetD=-5.06025453950553, t=70.0943
# xi=35.608512694711, logdetD=-4.87447020856516, t=69.6233
# xi=36.4366176410997, logdetD=-4.69682348637708, t=69.8694
# xi=37.2647225874883, logdetD=-4.52635627774742, t=69.6058
# xi=38.0928275338769, logdetD=-4.36334923106256, t=69.7108
# xi=38.9209324802655, logdetD=-4.20707361045761, t=70.1089
# xi=39.7490374266542, logdetD=-4.05706243208636, t=70.1176
# xi=40.5771423730428, logdetD=-3.91363873819514, t=69.93
# xi=41.4052473194314, logdetD=-3.77585151803537, t=70.2866
# xi=42.2333522658201, logdetD=-3.64369862336333, t=69.7882
# xi=43.0614572122087, logdetD=-3.5170329399028, t=70.1186
# xi=43.8895621585973, logdetD=-3.39527497552977, t=70.1281
# xi=44.7176671049859, logdetD=-3.27856925257333, t=69.4618
# xi=45.5457720513746, logdetD=-3.16645927016663, t=70.0495
# xi=46.3738769977632, logdetD=-3.0586541065599, t=70.3254
# xi=47.2019819441518, logdetD=-2.95532289955371, t=69.7381
# xi=48.0300868905405, logdetD=-2.8558841531316, t=70.047
# xi=48.8581918369291, logdetD=-2.76032302114195, t=70.3063
# xi=49.6862967833177, logdetD=-2.66853235674648, t=70.284
# xi=50.5144017297063, logdetD=-2.58014950983977, t=70.0959
# xi=51.342506676095, logdetD=-2.49756142378627, t=70.5954
# xi=52.1706116224836, logdetD=-2.41970422713068, t=69.8788
# xi=52.9987165688722, logdetD=-2.34298018172125, t=70.1764
# xi=53.8268215152609, logdetD=-2.26737285953576, t=70.1872
# xi=54.6549264616495, logdetD=-2.19286670987161, t=70.0483
# xi=55.4830314080381, logdetD=-2.11944706225733, t=69.7487
# xi=56.3111363544267, logdetD=-2.04979285091222, t=69.9292
# xi=57.1392413008154, logdetD=-1.9876914129928, t=70.1995
# xi=57.967346247204, logdetD=-1.92656233719708, t=69.7957
# xi=58.7954511935926, logdetD=-1.86639211258488, t=70.7154
# xi=59.6235561399813, logdetD=-1.80716782635262, t=70.9086
# xi=60.4516610863699, logdetD=-1.74887716061681, t=70.6919
# xi=61.2797660327585, logdetD=-1.69240929765298, t=70.3626
# xi=62.1078709791471, logdetD=-1.64251531433304, t=70.2248
# xi=62.9359759255358, logdetD=-1.59344221220596, t=70.3767
# xi=63.7640808719244, logdetD=-1.54517863668145, t=70.307
# xi=64.592185818313, logdetD=-1.49771365149487, t=70.6978
# xi=65.4202907647016, logdetD=-1.45103673330918, t=70.2978
# xi=66.2483957110903, logdetD=-1.40513776723337, t=70.7019
# xi=67.0765006574789, logdetD=-1.36468953429129, t=70.4995
# xi=67.9046056038675, logdetD=-1.32501967939334, t=70.7572
# xi=68.7327105502562, logdetD=-1.28602731240104, t=70.8961
# xi=69.5608154966448, logdetD=-1.24770312769435, t=69.4121
# xi=70.3889204430334, logdetD=-1.21003811529324, t=69.5253
# xi=71.217025389422, logdetD=-1.17302355616404, t=69.4797
# xi=72.0451303358107, logdetD=-1.13955725207701, t=69.3796
# xi=72.8732352821993, logdetD=-1.10728242659683, t=69.6846
# xi=73.7013402285879, logdetD=-1.07557218806011, t=69.6512
# xi=74.5294451749766, logdetD=-1.04441862440452, t=70.7307
# xi=75.3575501213652, logdetD=-1.0138140413289, t=71.1688
# xi=76.1856550677538, logdetD=-0.983750958437203, t=70.9899
# xi=77.0137600141424, logdetD=-0.955984912026082, t=71.3544
# xi=77.8418649605311, logdetD=-0.929570497589238, t=71.4382
# xi=78.6699699069197, logdetD=-0.903625848667617, t=69.8277
# xi=79.4980748533083, logdetD=-0.878144252494842, t=69.9665
# xi=80.326179799697, logdetD=-0.853119161073567, t=70.0353
# xi=81.1542847460856, logdetD=-0.828544187731793, t=69.9293
# xi=81.9823896924742, logdetD=-0.805436769673465, t=69.8454
# xi=82.8104946388628, logdetD=-0.78369969837097, t=70.0618
# xi=83.6385995852515, logdetD=-0.762353524237869, t=69.9537
# xi=84.4667045316401, logdetD=-0.741392563725199, t=70.2725
# xi=85.2948094780287, logdetD=-0.7208112605638, t=69.9223
# xi=86.1229144244174, logdetD=-0.700604183007553, t=70.1665
# xi=86.951019370806, logdetD=-0.681312068826456, t=70.0549
# xi=87.7791243171946, logdetD=-0.663332765578693, t=70.0824
# xi=88.6072292635832, logdetD=-0.645679087214564, t=69.7577
# xi=89.4353342099719, logdetD=-0.628346228606103, t=69.8127
# xi=90.2634391563605, logdetD=-0.6113294846934, t=69.903
# xi=91.0915441027491, logdetD=-0.594624248294469, t=69.6198
# xi=91.9196490491378, logdetD=-0.578465240412305, t=70.9054
# xi=92.7477539955264, logdetD=-0.563523441981573, t=70.7747
# xi=93.575858941915, logdetD=-0.548853365074589, t=70.4328
# xi=94.4039638883037, logdetD=-0.5344509503859, t=70.3811
# xi=95.2320688346923, logdetD=-0.520312218415809, t=70.7569
# xi=96.0601737810809, logdetD=-0.506433267731997, t=70.5975
# xi=96.8882787274695, logdetD=-0.492855004020692, t=70.5091
# xi=97.7163836738582, logdetD=-0.480382518536373, t=70.6573
# xi=98.5444886202468, logdetD=-0.468137257370988, t=70.4643
# xi=99.3725935666354, logdetD=-0.456115791841936, t=70.2369
# xi=100.200698513024, logdetD=-0.444314757650894, t=70.6081
# xi=101.028803459413, logdetD=-0.432730853503201, t=70.626
# xi=101.856908405801, logdetD=-0.421360839770347, t=70.6494
# xi=102.68501335219, logdetD=-0.410830819428033, t=70.3299
# xi=103.513118298579, logdetD=-0.400566891169578, t=70.3847
# xi=104.341223244967, logdetD=-0.390490530590523, t=70.2139
# xi=105.169328191356, logdetD=-0.380598893085881, t=70.1705
# xi=105.997433137744, logdetD=-0.370889185377491, t=70.2687
# xi=106.825538084133, logdetD=-0.361358664451391, t=70.7881
# xi=107.653643030522, logdetD=-0.352414799854923, t=70.6033
# xi=108.48174797691, logdetD=-0.343777989643892, t=70.0612
# xi=109.309852923299, logdetD=-0.33529878229583, t=70.1957
# xi=110.137957869688, logdetD=-0.326974771150601, t=70.5025
# xi=110.966062816076, logdetD=-0.318803591710356, t=70.5769
# xi=111.794167762465, logdetD=-0.310782920722538, t=70.7189
# xi=112.622272708853, logdetD=-0.303167681348945, t=70.7444
# xi=113.450377655242, logdetD=-0.295873394319983, t=70.5244
# xi=114.278482601631, logdetD=-0.288711876484185, t=70.6295
# xi=115.106587548019, logdetD=-0.281681089739228, t=70.61
# xi=115.934692494408, logdetD=-0.274779030807909, t=70.3209
# xi=116.762797440797, logdetD=-0.268003730558931, t=70.5265
# xi=117.590902387185, logdetD=-0.261504018313558, t=70.4425
# xi=118.419007333574, logdetD=-0.255322328274401, t=70.1515
# xi=119.247112279963, logdetD=-0.249252779265038, t=70.1051
# xi=120.075217226351, logdetD=-0.243293643165218, t=70.4188
# xi=120.90332217274, logdetD=-0.237443220796118, t=70.1778
# xi=121.731427119128, logdetD=-0.231699841360432, t=70.2624
# xi=122.559532065517, logdetD=-0.226139028497422, t=70.0329
# xi=123.387637011906, logdetD=-0.220883212197483, t=70.3628
# xi=124.215741958294, logdetD=-0.215722359839097, t=70.4294
# xi=125.043846904683, logdetD=-0.210655004039781, t=70.3045
# xi=125.871951851072, logdetD=-0.205679701577314, t=69.9854
# xi=126.70005679746, logdetD=-0.200795032935262, t=70.5973
# xi=127.528161743849, logdetD=-0.196026422531129, t=70.7913
# xi=128.356266690237, logdetD=-0.191544103071212, t=70.8024
# xi=129.184371636626, logdetD=-0.187142407448461, t=70.1418
# xi=130.012476583015, logdetD=-0.182820087712954, t=70.3123
# xi=130.840581529403, logdetD=-0.178575916167169, t=70.1644
# xi=131.668686475792, logdetD=-0.174408685003453, t=70.4246
# xi=132.496791422181, logdetD=-0.170317205904758, t=70.9353
# xi=133.324896368569, logdetD=-0.166476422841942, t=70.9815
# xi=134.153001314958, logdetD=-0.162711302842532, t=70.7118
# xi=134.981106261346, logdetD=-0.159013740567429, t=70.4913
# xi=135.809211207735, logdetD=-0.155382689945152, t=70.856
# xi=136.637316154124, logdetD=-0.151817121638057, t=70.8973
# xi=137.465421100512, logdetD=-0.148316022739307, t=70.9669
# xi=138.293526046901, logdetD=-0.14499878405443, t=70.8514
# xi=139.12163099329, logdetD=-0.141769319370197, t=70.617
# xi=139.949735939678, logdetD=-0.13859749511202, t=70.6999
# xi=140.777840886067, logdetD=-0.135482418433868, t=70.2454
# xi=141.605945832455, logdetD=-0.13242321062147, t=70.3376
# xi=142.434050778844, logdetD=-0.129419006841734, t=70.3467
# xi=143.262155725233, logdetD=-0.126548540713258, t=70.1695
# xi=144.090260671621, logdetD=-0.123771302600966, t=70.537
# xi=144.91836561801, logdetD=-0.121043360851599, t=69.9156
# xi=145.746470564399, logdetD=-0.118363952077608, t=70.4701
# xi=146.574575510787, logdetD=-0.115732324821468, t=70.2312
# xi=147.402680457176, logdetD=-0.113147739411884, t=70.2038
# xi=148.230785403565, logdetD=-0.110659288662578, t=70.0756
# xi=149.058890349953, logdetD=-0.108265040178446, t=70.9675
# xi=149.886995296342, logdetD=-0.10591304948224, t=70.5149
# xi=150.71510024273, logdetD=-0.103602662672018, t=70.5617
# xi=151.543205189119, logdetD=-0.101333236011363, t=69.8252
# xi=152.371310135508, logdetD=-0.0991041357553548, t=69.7462
# xi=153.199415081896, logdetD=-0.0969429768592482, t=69.9765
# xi=154.027520028285, logdetD=-0.0948740471682023, t=69.8582
# xi=154.855624974674, logdetD=-0.0928414228163423, t=70.6541
# xi=155.683729921062, logdetD=-0.0908445426842883, t=70.9949
# xi=156.511834867451, logdetD=-0.0888828543218834, t=70.5101
# xi=157.339939813839, logdetD=-0.0869558137849471, t=70.6674
# xi=158.168044760228, logdetD=-0.085075613123048, t=70.5713
# xi=158.996149706617, logdetD=-0.0832837975378559, t=70.7235
# xi=159.824254653005, logdetD=-0.0815232408572289, t=70.6906
# xi=160.652359599394, logdetD=-0.0797934607295335, t=70.573
# xi=161.480464545783, logdetD=-0.0780939821933634, t=70.8424
# xi=162.308569492171, logdetD=-0.0764243375557422, t=69.9315
# xi=163.13667443856, logdetD=-0.0747857876828993, t=69.6155
# xi=163.964779384948, logdetD=-0.073230660109993, t=70.3029
# xi=164.792884331337, logdetD=-0.07170250276907, t=71.1065
# xi=165.620989277726, logdetD=-0.0702009002761469, t=71.0995
# xi=166.449094224114, logdetD=-0.0687254435703893, t=70.6157
# xi=167.277199170503, logdetD=-0.0672757298107266, t=70.67
# xi=168.105304116892, logdetD=-0.0658513622733925, t=70.2353
# xi=168.93340906328, logdetD=-0.0644929680842623, t=70.7752
# xi=169.761514009669, logdetD=-0.0631638356580075, t=70.7645
# xi=170.589618956057, logdetD=-0.0618576618427841, t=70.473
# xi=171.417723902446, logdetD=-0.0605740937174127, t=71.0505
# xi=172.245828848835, logdetD=-0.0593127836954246, t=70.4103
# xi=173.073933795223, logdetD=-0.058073389440462, t=70.8622
# xi=173.902038741612, logdetD=-0.0568837800093992, t=69.8217
# xi=174.730143688001, logdetD=-0.0557255085802234, t=69.3121
# xi=175.558248634389, logdetD=-0.0545871252970035, t=70.0128
# xi=176.386353580778, logdetD=-0.0534683251510545, t=69.562
# xi=177.214458527166, logdetD=-0.052368807716292, t=70.3826
# xi=178.042563473555, logdetD=-0.0512882770812964, t=70.1015
# xi=178.870668419944, logdetD=-0.0502449881369045, t=69.9157
# xi=179.698773366332, logdetD=-0.0492337423720601, t=70.0233
# xi=180.526878312721, logdetD=-0.0482397202537031, t=70.8504
# xi=181.35498325911, logdetD=-0.0472627690612256, t=70.7929
# xi=182.183088205498, logdetD=-0.0463025173662153, t=71.0189
# xi=183.011193151887, logdetD=-0.045358746063563, t=71.0328
# xi=183.839298098276, logdetD=-0.0444425048502798, t=70.6068
# xi=184.667403044664, logdetD=-0.0435580572616051, t=69.7397
# xi=185.495507991053, logdetD=-0.0426886173334405, t=70.2436
# xi=186.323612937441, logdetD=-0.0418339560980624, t=70.1695
# xi=187.15171788383, logdetD=-0.0409938479945034, t=70.169
# xi=187.979822830219, logdetD=-0.040168070815264, t=69.701
# xi=188.807927776607, logdetD=-0.0393623153825328, t=70.1088
# xi=189.636032722996, logdetD=-0.0385874551144206, t=70.0328
# xi=190.464137669385, logdetD=-0.0378256663547516, t=69.8024
# xi=191.292242615773, logdetD=-0.037076750233909, t=70.1386
# xi=192.120347562162, logdetD=-0.0363405108271592, t=70.2426
# xi=192.94845250855, logdetD=-0.0356167551086295, t=70.0711
# xi=193.776557454939, logdetD=-0.0349072295544965, t=70.518
# xi=194.604662401328, logdetD=-0.0342272756697308, t=70.5933
# xi=195.432767347716, logdetD=-0.0335587261415676, t=70.3817
# xi=196.260872294105, logdetD=-0.0329014079692792, t=69.825
# xi=197.088977240494, logdetD=-0.032255150701974, t=69.6536
# xi=197.917082186882, logdetD=-0.0316197864002335, t=69.7484
# xi=198.745187133271, logdetD=-0.0309951495964466, t=69.9519
# xi=199.573292079659, logdetD=-0.0303965991105946, t=70.0242
# xi=200.401397026048, logdetD=-0.0298089645740169, t=69.8376
# xi=201.229501972437, logdetD=-0.0292311453388078, t=69.9285
# xi=202.057606918825, logdetD=-0.0286629928870048, t=70.1229
# xi=202.885711865214, logdetD=-0.0281043608790641, t=69.8225
# xi=203.713816811603, logdetD=-0.0275551051213598, t=70.4617
# xi=204.541921757991, logdetD=-0.0270260931700958, t=70.0296
# xi=205.37002670438, logdetD=-0.0265088103151151, t=70.2676
# xi=206.198131650769, logdetD=-0.0260001187162462, t=70.1928
# xi=207.026236597157, logdetD=-0.0254998887726891, t=69.9401
# xi=207.854341543546, logdetD=-0.0250079927775198, t=69.8629
# xi=208.682446489934, logdetD=-0.0245243048852591, t=70.3924
# xi=209.510551436323, logdetD=-0.0240562232061709, t=70.3253
# xi=210.338656382712, logdetD=-0.0236002179826963, t=70.2814
# xi=211.1667613291, logdetD=-0.0231517440116919, t=70.0663
# xi=211.994866275489, logdetD=-0.0227106880337747, t=69.9372
# xi=212.822971221878, logdetD=-0.0222769384365579, t=70.3822
# xi=213.651076168266, logdetD=-0.0218503852336031, t=70.0957
# xi=214.479181114655, logdetD=-0.0214357596459172, t=70.2375
# xi=215.307286061043, logdetD=-0.0210332207277542, t=70.2155
# xi=216.135391007432, logdetD=-0.0206372934919958, t=69.9629
# xi=216.963495953821, logdetD=-0.0202478788201915, t=70.1332
# xi=217.791600900209, logdetD=-0.0198648790295452, t=70.0822
# xi=218.619705846598, logdetD=-0.0194881978528258, t=70.3239
# xi=219.447810792987, logdetD=-0.019120529889351, t=69.4615
# xi=220.275915739375, logdetD=-0.0187647192201873, t=69.4806
# xi=221.104020685764, logdetD=-0.0184147211303699, t=69.6723
# xi=221.932125632152, logdetD=-0.0180704487551192, t=70.0284
# xi=222.760230578541, logdetD=-0.0177318164849079, t=69.8489
# xi=223.58833552493, logdetD=-0.0173987399458096, t=69.3785
# xi=224.416440471318, logdetD=-0.0170723717583909, t=69.9921
# xi=225.244545417707, logdetD=-0.0167574656762675, t=69.6324
# xi=226.072650364096, logdetD=-0.0164476766056373, t=69.8525
# xi=226.900755310484, logdetD=-0.016142928320798, t=69.6478
# xi=227.728860256873, logdetD=-0.0158431456920122, t=69.9333
# xi=228.556965203261, logdetD=-0.0155482546703673, t=70.1071
# xi=229.38507014965, logdetD=-0.015258253658064, t=69.8664
# xi=230.213175096039, logdetD=-0.0149792092985128, t=70.0543
# xi=231.041280042427, logdetD=-0.0147046755400304, t=69.3967
# xi=231.869384988816, logdetD=-0.0144345854040934, t=69.2493
# xi=232.697489935205, logdetD=-0.0141688728706638, t=69.4287
# xi=233.525594881593, logdetD=-0.0139074728687066, t=69.0504
# xi=234.353699827982, logdetD=-0.0136503212567607, t=69.4901
# xi=235.181804774371, logdetD=-0.0134019756884482, t=69.4907
# xi=236.009909720759, logdetD=-0.0131583994708368, t=69.1847
# xi=236.838014667148, logdetD=-0.0129187454259923, t=69.5962
# xi=237.666119613536, logdetD=-0.012682955469298, t=69.6919
# xi=238.494224559925, logdetD=-0.0124509723418023, t=69.8707
# xi=239.322329506314, logdetD=-0.0122227396059548, t=69.8763
# xi=240.150434452702, logdetD=-0.0120014577425961, t=69.7384
# xi=240.978539399091, logdetD=-0.011785103855067, t=69.6727
# xi=241.80664434548, logdetD=-0.0115722161263394, t=70.0807
# xi=242.634749291868, logdetD=-0.0113627433855434, t=69.5254
# xi=243.462854238257, logdetD=-0.0111566351924039, t=69.3159
# xi=244.290959184645, logdetD=-0.0109538418227072, t=69.6134
# xi=245.119064131034, logdetD=-0.0107564995894309, t=69.6865
# xi=245.947169077423, logdetD=-0.0105641162772968, t=69.7168
# xi=246.775274023811, logdetD=-0.0103747997546792, t=69.7675
# xi=247.6033789702, logdetD=-0.0101885048905832, t=69.4905
# xi=248.431483916589, logdetD=-0.0100051871969566, t=69.5531
# xi=249.259588862977, logdetD=-0.00982480281253251, t=69.1718
# xi=250.087693809366, logdetD=-0.00964865837389459, t=69.8488
# xi=250.915798755754, logdetD=-0.00947741016463836, t=70.0035
# xi=251.743903702143, logdetD=-0.00930887849722006, t=70.1422
# xi=252.572008648532, logdetD=-0.00914302352201726, t=69.6164
# xi=253.40011359492, logdetD=-0.00897980595149371, t=69.0968
# xi=254.228218541309, logdetD=-0.00881918705570187, t=69.0101
# xi=255.056323487698, logdetD=-0.00866183132048789, t=69.0628
# xi=255.884428434086, logdetD=-0.00850924186334178, t=68.9557
# xi=256.712533380475, logdetD=-0.00835906136458355, t=69.9749
# xi=257.540638326863, logdetD=-0.0082112545953134, t=69.5838
# xi=258.368743273252, logdetD=-0.00806578682609146, t=69.039
# xi=259.196848219641, logdetD=-0.00792262381529662, t=70.0278
# xi=260.024953166029, logdetD=-0.00778193769811737, t=68.6338
# xi=260.853058112418, logdetD=-0.00764584101192185, t=68.946
# xi=261.681163058807, logdetD=-0.00751188281225366, t=69.4491
# xi=262.509268005195, logdetD=-0.00738003192448377, t=68.8774
# xi=263.337372951584, logdetD=-0.00725025761168155, t=68.9856
# xi=264.165477897972, logdetD=-0.00712252956859077, t=69.3408
# xi=264.993582844361, logdetD=-0.00699681791627869, t=68.3038
# xi=265.82168779075, logdetD=-0.00687514585354492, t=68.3771
# xi=266.649792737138, logdetD=-0.00675554501446875, t=68.9443
# xi=267.477897683527, logdetD=-0.00663781690548968, t=68.5109
# xi=268.306002629916, logdetD=-0.00652193429640186, t=68.7063
# xi=269.134107576304, logdetD=-0.00640787033773087, t=68.4704
# xi=269.962212522693, logdetD=-0.00629559855612451, t=68.753
# xi=270.790317469082, logdetD=-0.00618657652090857, t=68.8563
# xi=271.61842241547, logdetD=-0.00607969701172652, t=68.8724
# xi=272.446527361859, logdetD=-0.00597448343236193, t=69.0936
# xi=273.274632308247, logdetD=-0.00587091163215058, t=68.7864
# xi=274.102737254636, logdetD=-0.00576895779890674, t=68.8271
# xi=274.930842201025, logdetD=-0.00566859845322204, t=69.1425
# xi=275.758947147413, logdetD=-0.00557084047543275, t=68.9876
# xi=276.587052093802, logdetD=-0.00547524513140206, t=69.2314
# xi=277.415157040191, logdetD=-0.00538113318754781, t=69.2958
# xi=278.243261986579, logdetD=-0.00528848320619394, t=68.9616
# xi=279.071366932968, logdetD=-0.00519727404698443, t=68.974
# xi=279.899471879356, logdetD=-0.00510748486455857, t=68.8772
# xi=280.727576825745, logdetD=-0.00501976524464794, t=69.2601
# xi=281.555681772134, logdetD=-0.00493418993214789, t=69.3572
# xi=282.383786718522, logdetD=-0.00484993673055625, t=68.7284
# xi=283.211891664911, logdetD=-0.00476698658928735, t=69.1504
# xi=284.0399966113, logdetD=-0.00468532072360994, t=68.8548
# xi=284.868101557688, logdetD=-0.00460492060834985, t=68.8382
# xi=285.696206504077, logdetD=-0.00452615436017881, t=68.645
# xi=286.524311450465, logdetD=-0.00444948573540837, t=68.8727
# xi=287.352416396854, logdetD=-0.00437399654007358, t=68.5906
# xi=288.180521343243, logdetD=-0.00429966983051156, t=68.2656
# xi=289.008626289631, logdetD=-0.00422648889681996, t=68.2345
# xi=289.83673123602, logdetD=-0.00415443726213478, t=68.1864
# xi=290.664836182409, logdetD=-0.00408366306805469, t=68.5025
# xi=291.492941128797, logdetD=-0.00401491938709971, t=68.2119
# xi=292.321046075186, logdetD=-0.00394722877820923, t=69.0648
# xi=293.149151021574, logdetD=-0.00388057615916672, t=68.3594
# xi=293.977255967963, logdetD=-0.00381494665211631, t=68.5871
# xi=294.805360914352, logdetD=-0.00375032558753316, t=68.4385
# xi=295.63346586074, logdetD=-0.003686698496691, t=68.2024
# xi=296.461570807129, logdetD=-0.00362500546178094, t=68.3416
# xi=297.289675753518, logdetD=-0.00356426105172204, t=68.5669
# xi=298.117780699906, logdetD=-0.00350444425724997, t=68.3771
# xi=298.945885646295, logdetD=-0.00344554182303059, t=68.1609
# xi=299.773990592684, logdetD=-0.00338754067604506, t=68.4743
# xi=300.602095539072, logdetD=-0.00333042792233572, t=67.9752
# xi=301.430200485461, logdetD=-0.00327489552609471, t=67.8993
# xi=302.258305431849, logdetD=-0.00322034385896807, t=68.5885
# xi=303.086410378238, logdetD=-0.00316662185659957, t=68.3411
# xi=303.914515324627, logdetD=-0.00311371769724245, t=67.8034
# xi=304.742620271015, logdetD=-0.00306161972099887, t=68.2143
# xi=305.570725217404, logdetD=-0.00301031642873802, t=67.9302
# xi=306.398830163793, logdetD=-0.00296029944945059, t=68.3444
# xi=307.226935110181, logdetD=-0.00291127378075211, t=68.3303
# xi=308.05504005657, logdetD=-0.00286299076389982, t=68.5447
# xi=308.883145002958, logdetD=-0.00281543984757071, t=69.1377
# xi=309.711249949347, logdetD=-0.00276861062384443, t=68.7624
# xi=310.539354895736, logdetD=-0.00272249282730827, t=68.388
# xi=311.367459842124, logdetD=-0.00267741706637207, t=68.2347
# xi=312.195564788513, logdetD=-0.00263332674811291, t=67.9043
# xi=313.023669734902, logdetD=-0.00258990171241843, t=68.204
# xi=313.85177468129, logdetD=-0.00254713253329538, t=68.4067
# xi=314.679879627679, logdetD=-0.00250500991276714, t=68.5359
# xi=315.507984574067, logdetD=-0.00246352468007794, t=68.1724
# xi=316.336089520456, logdetD=-0.00242287874002258, t=68.1862
# xi=317.164194466845, logdetD=-0.00238319999004176, t=68.2975
# xi=317.992299413233, logdetD=-0.00234411766429185, t=68.3152
# xi=318.820404359622, logdetD=-0.00230562333465155, t=68.5373
# xi=319.648509306011, logdetD=-0.00226770868891988, t=68.6702
# xi=320.476614252399, logdetD=-0.00223036552701887, t=68.2374
# xi=321.304719198788, logdetD=-0.00219369358771796, t=68.2315
# xi=322.132824145176, logdetD=-0.0021579614517386, t=68.1228
# xi=322.960929091565, logdetD=-0.00212276440004936, t=67.8807
# xi=323.789034037954, logdetD=-0.00208809489225961, t=68.2438
# xi=324.617138984342, logdetD=-0.00205394549077092, t=68.486
# xi=325.445243930731, logdetD=-0.00202030885851419, t=68.0728
# xi=326.27334887712, logdetD=-0.00198720432719213, t=68.4405
# xi=327.101453823508, logdetD=-0.00195500566610223, t=68.5777
# xi=327.929558769897, logdetD=-0.00192328740046291, t=68.2849
# xi=328.757663716286, logdetD=-0.00189204277766212, t=68.0443
# xi=329.585768662674, logdetD=-0.00186126513896899, t=68.0635
# xi=330.413873609063, logdetD=-0.00183094791379841, t=68.4654
# xi=331.241978555451, logdetD=-0.00180108462180339, t=68.4992
# xi=332.07008350184, logdetD=-0.00177201520784623, t=68.0897
# xi=332.898188448229, logdetD=-0.00174341416904432, t=67.4185
# xi=333.726293394617, logdetD=-0.00171523867447209, t=68.0045
# xi=334.554398341006, logdetD=-0.00168748275635305, t=67.5815
# xi=335.382503287395, logdetD=-0.00166014052694919, t=67.7515
# xi=336.210608233783, logdetD=-0.00163320617967721, t=67.49
# xi=337.038713180172, logdetD=-0.00160692696773428, t=67.5541
# xi=337.86681812656, logdetD=-0.00158112126582359, t=67.5157
# xi=338.694923072949, logdetD=-0.00155569815047889, t=67.7258
# xi=339.523028019338, logdetD=-0.00153065226916049, t=67.8124
# xi=340.351132965726, logdetD=-0.00150597834378997, t=67.4062
# xi=341.179237912115, logdetD=-0.00148167116555325, t=67.3071
# xi=342.007342858504, logdetD=-0.00145790262257419, t=67.8363
# xi=342.835447804892, logdetD=-0.00143460542794834, t=67.3831
# xi=343.663552751281, logdetD=-0.00141165242201121, t=67.182
# xi=344.491657697669, logdetD=-0.00138903880342636, t=67.1884
# xi=345.319762644058, logdetD=-0.00136675983442787, t=67.6173
# xi=346.147867590447, logdetD=-0.00134481084150884, t=67.5678
# xi=346.975972536835, logdetD=-0.00132330273701339, t=67.909
# xi=347.804077483224, logdetD=-0.00130225823851451, t=68.1692
# xi=348.632182429613, logdetD=-0.00128152358244403, t=67.902
# xi=349.460287376001, logdetD=-0.00126109445656127, t=68.2392
# xi=350.28839232239, logdetD=-0.00124096660697877, t=66.7863
# xi=351.116497268779, logdetD=-0.00122113583726885, t=67.4987
# xi=351.944602215167, logdetD=-0.00120166402298755, t=67.8301
# xi=352.772707161556, logdetD=-0.001182643884423, t=67.6339
# xi=353.600812107944, logdetD=-0.00116390284024287, t=67.9234
# xi=354.428917054333, logdetD=-0.00114543701713217, t=67.5865
# xi=355.257022000722, logdetD=-0.00112724259225102, t=66.941
# xi=356.08512694711, logdetD=-0.00110931579454551, t=66.8718
# xi=356.913231893499, logdetD=-0.00109167935863505, t=66.936
# xi=357.741336839888, logdetD=-0.00107447959846036, t=66.4765
# xi=358.569441786276, logdetD=-0.00105753138770991, t=66.3576
# xi=359.397546732665, logdetD=-0.0010408312434614, t=67.0885
# xi=360.225651679053, logdetD=-0.00102437572933484, t=66.3415
# xi=361.053756625442, logdetD=-0.00100816145478948, t=66.9666
# xi=361.881861571831, logdetD=-0.000992185073509759, t=67.37
# xi=362.709966518219, logdetD=-0.000976618448780358, t=66.7173
# xi=363.538071464608, logdetD=-0.000961283554542948, t=67.0864
# xi=364.366176410997, logdetD=-0.000946172383277946, t=66.5173
# xi=365.194281357385, logdetD=-0.00093128184190833, t=66.3037
# xi=366.022386303774, logdetD=-0.000916608880093682, t=66.8394
# xi=366.850491250162, logdetD=-0.000902150488026698, t=67.0234
# xi=367.678596196551, logdetD=-0.000888034172804498, t=66.6503
# xi=368.50670114294, logdetD=-0.000874151965924579, t=66.1349
# xi=369.334806089328, logdetD=-0.00086047164129935, t=66.4197
# xi=370.162911035717, logdetD=-0.000846990414606169, t=66.0817
# xi=370.991015982106, logdetD=-0.000833705539646726, t=66.5
# xi=371.819120928494, logdetD=-0.000820614306678422, t=66.2291
# xi=372.647225874883, logdetD=-0.000807807801522215, t=66.2486
# xi=373.475330821271, logdetD=-0.000795234445299836, t=66.5128
# xi=374.30343576766, logdetD=-0.000782843362675597, t=66.3948
# xi=375.131540714049, logdetD=-0.000770632047141563, t=66.624
# xi=375.959645660437, logdetD=-0.000758598024017535, t=66.2982
# xi=376.787750606826, logdetD=-0.000746738853542506, t=66.5974
# xi=377.615855553215, logdetD=-0.00073511584792424, t=65.8574
# xi=378.443960499603, logdetD=-0.000723722447523071, t=66.7022
# xi=379.272065445992, logdetD=-0.000712493706497541, t=66.5462
# xi=380.100170392381, logdetD=-0.000701427365292067, t=66.5204
# xi=380.928275338769, logdetD=-0.0006905211941478, t=66.464
# xi=381.756380285158, logdetD=-0.000679772993042113, t=66.1122
# xi=382.584485231546, logdetD=-0.000669219869214573, t=66.3088
# xi=383.412590177935, logdetD=-0.000658890839374186, t=65.7213
# xi=384.240695124324, logdetD=-0.000648710634933408, t=66.5785
# xi=385.068800070712, logdetD=-0.000638677217915271, t=66.261
# xi=385.896905017101, logdetD=-0.000628788577564281, t=66.6011
# xi=386.72500996349, logdetD=-0.000619042729962009, t=66.5475
# xi=387.553114909878, logdetD=-0.000609457230049364, t=66.2393
# xi=388.381219856267, logdetD=-0.00060008884957922, t=65.3341
# xi=389.209324802655, logdetD=-0.000590855050874309, t=65.774
# xi=390.037429749044, logdetD=-0.000581753996475085, t=65.8199
# xi=390.865534695433, logdetD=-0.000572783871628149, t=65.9356
# xi=391.693639641821, logdetD=-0.000563942886109554, t=66.2775
# xi=392.52174458821, logdetD=-0.000555232927870136, t=66.176
# xi=393.349849534599, logdetD=-0.000546732057082284, t=65.6526
# xi=394.177954480987, logdetD=-0.000538352949599544, t=66.4189
# xi=395.006059427376, logdetD=-0.000530093945961112, t=65.5362
# xi=395.834164373764, logdetD=-0.000521953408285236, t=66.4698
# xi=396.662269320153, logdetD=-0.000513929720346898, t=65.5319
# xi=397.490374266542, logdetD=-0.000506021287441778, t=66.1002
# xi=398.31847921293, logdetD=-0.000498295289386389, t=65.9654
# xi=399.146584159319, logdetD=-0.000490688457814562, t=65.3949
# xi=399.974689105708, logdetD=-0.000483190345977456, t=65.4024
# xi=400.802794052096, logdetD=-0.00047579947534475, t=65.4707
# xi=401.630898998485, logdetD=-0.000468514385165396, t=66.2077
# xi=402.459003944873, logdetD=-0.000461333635683778, t=65.7566
# xi=403.287108891262, logdetD=-0.000454306318622924, t=65.9329
# xi=404.115213837651, logdetD=-0.000447397656733492, t=66.2118
# xi=404.943318784039, logdetD=-0.000440587457271419, t=66.3115
# xi=405.771423730428, logdetD=-0.00043387438258255, t=65.6761
# xi=406.599528676817, logdetD=-0.000427257114149547, t=65.4263
# xi=407.427633623205, logdetD=-0.000420734349543279, t=65.5537
# xi=408.255738569594, logdetD=-0.000414340264219981, t=65.5507
# xi=409.083843515982, logdetD=-0.000408063097514069, t=65.6943
# xi=409.911948462371, logdetD=-0.000401875143961492, t=65.9503
# xi=410.74005340876, logdetD=-0.00039577519508327, t=65.0549
# xi=411.568158355148, logdetD=-0.00038976205749222, t=65.5318
# xi=412.396263301537, logdetD=-0.000383834554333244, t=65.2999
# xi=413.224368247926, logdetD=-0.000378014618031803, t=65.3022
# xi=414.052473194314, logdetD=-0.000372308921036227, t=65.6234
# xi=414.880578140703, logdetD=-0.000366684093598088, t=65.3699
# xi=415.708683087092, logdetD=-0.000361139042239157, t=64.2387
# xi=416.53678803348, logdetD=-0.000355672687789801, t=64.2833
# xi=417.364892979869, logdetD=-0.000350283965484381, t=64.1805
# xi=418.192997926257, logdetD=-0.000344984818342968, t=63.9093
# xi=419.021102872646, logdetD=-0.000339796520680292, t=64.2088
# xi=419.849207819035, logdetD=-0.00033468156121671, t=64.4483
# xi=420.677312765423, logdetD=-0.000329638950417216, t=63.934
# xi=421.505417711812, logdetD=-0.000324667712454482, t=63.8747
# xi=422.333522658201, logdetD=-0.000319766882371573, t=63.4564
# xi=423.161627604589, logdetD=-0.000314940311058218, t=63.8832
# xi=423.989732550978, logdetD=-0.000310220677325884, t=64.1623
# xi=424.817837497366, logdetD=-0.000305567580938335, t=63.8951
# xi=425.645942443755, logdetD=-0.000300980125856316, t=64.2911
# xi=426.474047390144, logdetD=-0.000296457428212229, t=64.3051
# xi=427.302152336532, logdetD=-0.000291998615007043, t=64.2305
# xi=428.130257282921, logdetD=-0.000287602825407188, t=64.1214
# xi=428.95836222931, logdetD=-0.000283306115616425, t=64.1813
# xi=429.786467175698, logdetD=-0.000279071589110504, t=64.309
# xi=430.614572122087, logdetD=-0.000274896642935509, t=64.7791
# xi=431.442677068475, logdetD=-0.000270780476807063, t=64.3374
# xi=432.270782014864, logdetD=-0.000266722299981801, t=63.6898
# xi=433.098886961253, logdetD=-0.000262721332320757, t=64.0216
# xi=433.926991907641, logdetD=-0.000258804433703797, t=63.4514
# xi=434.75509685403, logdetD=-0.000254949410863446, t=63.217
# xi=435.583201800419, logdetD=-0.000251148489778899, t=63.9586
# xi=436.411306746807, logdetD=-0.000247400944709652, t=63.4069
# xi=437.239411693196, logdetD=-0.000243706059189692, t=64.2332
# xi=438.067516639584, logdetD=-0.000240063126002368, t=64.619
# xi=438.895621585973, logdetD=-0.000236491362885747, t=64.0651
# xi=439.723726532362, logdetD=-0.000232980573574415, t=64.7893
# xi=440.55183147875, logdetD=-0.00022951893075431, t=64.5008
# xi=441.379936425139, logdetD=-0.00022610577662387, t=64.1943
# xi=442.208041371528, logdetD=-0.000222740460943132, t=64.9047
# xi=443.036146317916, logdetD=-0.000219422343315017, t=63.5421
# xi=443.864251264305, logdetD=-0.000216164316683205, t=63.2058
# xi=444.692356210694, logdetD=-0.00021296590192505, t=63.4316
# xi=445.520461157082, logdetD=-0.000209812150303683, t=63.3176
# xi=446.348566103471, logdetD=-0.000206702463749204, t=63.3511
# xi=447.176671049859, logdetD=-0.000203636253745351, t=63.1042
# xi=448.004775996248, logdetD=-0.000200612938683962, t=63.5577
# xi=448.832880942637, logdetD=-0.000197640206508522, t=63.4163
# xi=449.660985889025, logdetD=-0.000194725374621861, t=63.6463
# xi=450.489090835414, logdetD=-0.000191851144194138, t=63.6698
# xi=451.317195781803, logdetD=-0.000189016977896921, t=63.5749
# xi=452.145300728191, logdetD=-0.000186222337112522, t=63.7122
# xi=452.97340567458, logdetD=-0.000183466695688489, t=63.3784
# xi=453.801510620968, logdetD=-0.000180753483862711, t=63.427
# xi=454.629615567357, logdetD=-0.000178096199667083, t=63.0281
# xi=455.457720513746, logdetD=-0.000175475842403592, t=63.7797
# xi=456.285825460134, logdetD=-0.000172891919697624, t=63.426
# xi=457.113930406523, logdetD=-0.000170343946554426, t=63.5969
# xi=457.942035352912, logdetD=-0.000167831444042595, t=63.7152
# xi=458.7701402993, logdetD=-0.000165354386482858, t=63.0533
# xi=459.598245245689, logdetD=-0.00016293109919021, t=63.6069
# xi=460.426350192077, logdetD=-0.000160541407825715, t=63.1521
# xi=461.254455138466, logdetD=-0.000158184864419215, t=63.4073
# xi=462.082560084855, logdetD=-0.000155861029256955, t=63.7812
# xi=462.910665031243, logdetD=-0.000153569466906024, t=63.4236
# xi=463.738769977632, logdetD=-0.000151309748286553, t=63.5313
# xi=464.566874924021, logdetD=-0.000149096767569415, t=62.6044
# xi=465.394979870409, logdetD=-0.000146916737702027, t=62.4931
# xi=466.223084816798, logdetD=-0.000144766877900158, t=62.4912
# xi=467.051189763186, logdetD=-0.000142646786943024, t=62.4539
# xi=467.879294709575, logdetD=-0.000140556070382989, t=62.3658
# xi=468.707399655964, logdetD=-0.000138494337525823, t=62.1203
# xi=469.535504602352, logdetD=-0.000136472489638589, t=62.7421
# xi=470.363609548741, logdetD=-0.000134483103489139, t=62.8172
# xi=471.19171449513, logdetD=-0.000132521185086581, t=62.0466
# xi=472.019819441518, logdetD=-0.000130586370876576, t=61.9657
# xi=472.847924387907, logdetD=-0.000128678301711349, t=62.6499
# xi=473.676029334295, logdetD=-0.000126796622579457, t=62.6587
# xi=474.504134280684, logdetD=-0.000124948907295701, t=62.3246
# xi=475.332239227073, logdetD=-0.00012313293504426, t=62.3473
# xi=476.160344173461, logdetD=-0.000121341979506355, t=62.1505
# xi=476.98844911985, logdetD=-0.00011957570990186, t=61.6708
# xi=477.816554066239, logdetD=-0.000117833799921173, t=61.7317
# xi=478.644659012627, logdetD=-0.000116115926814162, t=62.4578
# xi=479.472763959016, logdetD=-0.000114426904504274, t=62.3898
# xi=480.300868905405, logdetD=-0.000112768731016591, t=62.0945
# xi=481.128973851793, logdetD=-0.000111133349675542, t=62.8913
# xi=481.957078798182, logdetD=-0.000109520459175138, t=62.5013
# xi=482.78518374457, logdetD=-0.000107929763082087, t=62.3998
# xi=483.613288690959, logdetD=-0.000106360967996619, t=62.1663
# xi=484.441393637348, logdetD=-0.000104816611085362, t=62.4715
# xi=485.269498583736, logdetD=-0.000103302078745379, t=62.2349
# xi=486.097603530125, logdetD=-0.000101808317935607, t=62.2189
# xi=486.925708476514, logdetD=-0.000100335055537102, t=62.0997
# xi=487.753813422902, logdetD=-9.88820205960088e-05, t=62.1932
# xi=488.581918369291, logdetD=-9.74489474172918e-05, t=61.5593
# xi=489.410023315679, logdetD=-9.60365083086243e-05, t=61.8751
# xi=490.238128262068, logdetD=-9.46527741566769e-05, t=62.2087
# xi=491.066233208457, logdetD=-9.32879768663187e-05, t=61.2901
# xi=491.894338154845, logdetD=-9.19418672772834e-05, t=62.0031
# xi=492.722443101234, logdetD=-9.06141994994666e-05, t=62.409
# xi=493.550548047623, logdetD=-8.93047309875881e-05, t=62.3803
# xi=494.378652994011, logdetD=-8.80132218571242e-05, t=62.7891
# xi=495.2067579404, logdetD=-8.67480303189616e-05, t=62.4896
# xi=496.034862886788, logdetD=-8.55007103247503e-05, t=62.5852
# xi=496.862967833177, logdetD=-8.42704326804527e-05, t=62.1913
# xi=497.691072779566, logdetD=-8.30569741308948e-05, t=62.118
# xi=498.519177725954, logdetD=-8.18601131215374e-05, t=62.4683
# xi=499.347282672343, logdetD=-8.06796316547328e-05, t=61.7262
# xi=500.175387618732, logdetD=-7.9521765655836e-05, t=61.8471
# xi=501.00349256512, logdetD=-7.83814949799114e-05, t=62.6195
# xi=501.831597511509, logdetD=-7.72567717750014e-05, t=62.4087
# xi=502.659702457898, logdetD=-7.61473915701268e-05, t=62.369
# xi=503.487807404286, logdetD=-7.50531532014389e-05, t=62.5808
# xi=504.315912350675, logdetD=-7.39738585095491e-05, t=62.1529
# xi=505.144017297063, logdetD=-7.29139626406398e-05, t=62.2454
# xi=505.972122243452, logdetD=-7.18712713711581e-05, t=62.3596
# xi=506.800227189841, logdetD=-7.08427672871034e-05, t=61.0206
# xi=507.628332136229, logdetD=-6.98282643849462e-05, t=61.082
# xi=508.456437082618, logdetD=-6.88275797519669e-05, t=60.8424
# xi=509.284542029007, logdetD=-6.78405320153833e-05, t=60.8834
# xi=510.112646975395, logdetD=-6.6882739957226e-05, t=61.3355
# xi=510.940751921784, logdetD=-6.59555052232115e-05, t=61.0346
# xi=511.768856868172, logdetD=-6.50405933293842e-05, t=61.0187
# xi=512.596961814561, logdetD=-6.41378463212166e-05, t=61.3451
# xi=513.42506676095, logdetD=-6.32471072622384e-05, t=61.0356
# xi=514.253171707338, logdetD=-6.23682221372053e-05, t=61.1411
# xi=515.081276653727, logdetD=-6.15010377073661e-05, t=61.2083
# xi=515.909381600116, logdetD=-6.06454035955131e-05, t=61.1982
# xi=516.737486546504, logdetD=-5.98011711684601e-05, t=61.3509
# xi=517.565591492893, logdetD=-5.89681931002955e-05, t=60.7216
# xi=518.393696439281, logdetD=-5.81463245346284e-05, t=60.6955
# xi=519.22180138567, logdetD=-5.73354221090314e-05, t=61.2966
# xi=520.049906332059, logdetD=-5.65353445896078e-05, t=61.4663
# xi=520.878011278447, logdetD=-5.57459520569269e-05, t=60.7356
# xi=521.706116224836, logdetD=-5.49671064616792e-05, t=61.0468
# xi=522.534221171225, logdetD=-5.41986719841183e-05, t=60.6737
# xi=523.362326117613, logdetD=-5.34405138759136e-05, t=60.7364
# xi=524.190431064002, logdetD=-5.26924994483592e-05, t=60.7408
# xi=525.01853601039, logdetD=-5.19544972590826e-05, t=60.8881
# xi=525.846640956779, logdetD=-5.12263787294593e-05, t=61.0637
# xi=526.674745903168, logdetD=-5.05080151888238e-05, t=61.441
# xi=527.502850849556, logdetD=-4.97992808968998e-05, t=61.0677
# xi=528.330955795945, logdetD=-4.91000509571979e-05, t=59.7173
# xi=529.159060742334, logdetD=-4.84102025249169e-05, t=59.7568
# xi=529.987165688722, logdetD=-4.77296137493807e-05, t=59.8133
# xi=530.815270635111, logdetD=-4.70581652229263e-05, t=60.1947
# xi=531.6433755815, logdetD=-4.63957379388799e-05, t=59.6856
# xi=532.471480527888, logdetD=-4.57422154586118e-05, t=59.9129
# xi=533.299585474277, logdetD=-4.50974817076335e-05, t=60.2402
# xi=534.127690420665, logdetD=-4.44614229476001e-05, t=60.1719
# xi=534.955795367054, logdetD=-4.38339267485238e-05, t=60.5568
# xi=535.783900313443, logdetD=-4.32148818816552e-05, t=60.5956
# xi=536.612005259831, logdetD=-4.26041784414089e-05, t=60.1351
# xi=537.44011020622, logdetD=-4.20017082682127e-05, t=60.5152
# xi=538.268215152608, logdetD=-4.14073642928915e-05, t=60.3332
# xi=539.096320098997, logdetD=-4.08210406794777e-05, t=59.847
# xi=539.924425045386, logdetD=-4.02426333311454e-05, t=59.8925
# xi=540.752529991774, logdetD=-3.96720392935811e-05, t=59.7195
# xi=541.580634938163, logdetD=-3.91091567337211e-05, t=59.3473
# xi=542.408739884552, logdetD=-3.85538852145496e-05, t=59.321
# xi=543.23684483094, logdetD=-3.80061258139528e-05, t=60.1151
# xi=544.064949777329, logdetD=-3.74657804577494e-05, t=59.5724
# xi=544.893054723718, logdetD=-3.69327526251069e-05, t=59.9498
# xi=545.721159670106, logdetD=-3.64069470043918e-05, t=59.7286
# xi=546.549264616495, logdetD=-3.58882692036072e-05, t=60.2035
# xi=547.377369562883, logdetD=-3.5376626253631e-05, t=59.3165
# xi=548.205474509272, logdetD=-3.48719263565813e-05, t=59.847
# xi=549.033579455661, logdetD=-3.43740790187342e-05, t=59.0114
# xi=549.861684402049, logdetD=-3.388299450393e-05, t=59.5039
# xi=550.689789348438, logdetD=-3.33985844741363e-05, t=59.8004
# xi=551.517894294827, logdetD=-3.29207616593822e-05, t=58.9899
# xi=552.345999241215, logdetD=-3.24494398898318e-05, t=58.8042
# xi=553.174104187604, logdetD=-3.19845345037498e-05, t=58.6089
# xi=554.002209133992, logdetD=-3.1525960985347e-05, t=59.8025
# xi=554.830314080381, logdetD=-3.10736366369171e-05, t=59.3946
# xi=555.65841902677, logdetD=-3.06274797370211e-05, t=59.686
# xi=556.486523973158, logdetD=-3.01874096344492e-05, t=59.1548
# xi=557.314628919547, logdetD=-2.97533459084891e-05, t=59.8419
# xi=558.142733865936, logdetD=-2.93252103456515e-05, t=59.4181
# xi=558.970838812324, logdetD=-2.89029248689458e-05, t=58.99
# xi=559.798943758713, logdetD=-2.84864129903966e-05, t=58.8677
# xi=560.627048705102, logdetD=-2.80755986698924e-05, t=58.8301
# xi=561.45515365149, logdetD=-2.76921932550925e-05, t=58.7884
# xi=562.283258597879, logdetD=-2.73157894865469e-05, t=59.3073
# xi=563.111363544267, logdetD=-2.69443104846509e-05, t=58.8151
# xi=563.939468490656, logdetD=-2.65776934635411e-05, t=58.5857
# xi=564.767573437045, logdetD=-2.62158769299223e-05, t=58.8863
# xi=565.595678383433, logdetD=-2.58587996944794e-05, t=58.5981
# xi=566.423783329822, logdetD=-2.55064016834561e-05, t=58.6189
# xi=567.251888276211, logdetD=-2.51586232654758e-05, t=58.9204
# xi=568.079993222599, logdetD=-2.48154056985707e-05, t=59.469
# xi=568.908098168988, logdetD=-2.44766911444684e-05, t=58.7983
# xi=569.736203115376, logdetD=-2.41424223084626e-05, t=58.0946
# xi=570.564308061765, logdetD=-2.38125423096104e-05, t=58.4756
# xi=571.392413008154, logdetD=-2.34869955253777e-05, t=58.534
# xi=572.220517954542, logdetD=-2.31657266643494e-05, t=58.2332
# xi=573.048622900931, logdetD=-2.28486812920423e-05, t=57.9569
# xi=573.87672784732, logdetD=-2.25358057203836e-05, t=59.0937
# xi=574.704832793708, logdetD=-2.22270464434966e-05, t=58.0908
# xi=575.532937740097, logdetD=-2.1922351301899e-05, t=58.6261
# xi=576.361042686485, logdetD=-2.16216684008945e-05, t=58.7123
# xi=577.189147632874, logdetD=-2.1324946510343e-05, t=58.2369
# xi=578.017252579263, logdetD=-2.10321350277546e-05, t=58.5366
# xi=578.845357525651, logdetD=-2.07431840108035e-05, t=58.956
# xi=579.67346247204, logdetD=-2.0458044276318e-05, t=59.406
# xi=580.501567418429, logdetD=-2.01766671911887e-05, t=58.6212
# xi=581.329672364817, logdetD=-1.98990046228513e-05, t=58.7816
# xi=582.157777311206, logdetD=-1.96250088194345e-05, t=58.89
# xi=582.985882257595, logdetD=-1.935463329412e-05, t=58.9437
# xi=583.813987203983, logdetD=-1.90878315852265e-05, t=58.3104
# xi=584.642092150372, logdetD=-1.88245579641339e-05, t=58.4909
# xi=585.47019709676, logdetD=-1.85647674360149e-05, t=58.5021
# xi=586.298302043149, logdetD=-1.83084151204258e-05, t=58.262
# xi=587.126406989538, logdetD=-1.80554570041557e-05, t=58.5066
# xi=587.954511935926, logdetD=-1.78058498261956e-05, t=58.3821
# xi=588.782616882315, logdetD=-1.75595506187209e-05, t=58.5006
# xi=589.610721828704, logdetD=-1.73165168553385e-05, t=58.2214
# xi=590.438826775092, logdetD=-1.70767067974811e-05, t=56.8956
# xi=591.266931721481, logdetD=-1.68400789651188e-05, t=56.8388
# xi=592.095036667869, logdetD=-1.66065925282215e-05, t=57.6665
# xi=592.923141614258, logdetD=-1.63762073067839e-05, t=57.277
# xi=593.751246560647, logdetD=-1.61488832611807e-05, t=57.2348
# xi=594.579351507035, logdetD=-1.59245813278414e-05, t=56.957
# xi=595.407456453424, logdetD=-1.57032624262035e-05, t=56.9729
# xi=596.235561399813, logdetD=-1.5484888509401e-05, t=58.15
# xi=597.063666346201, logdetD=-1.52694214788827e-05, t=58.1051
# xi=597.89177129259, logdetD=-1.50568241765366e-05, t=58.3965
# xi=598.719876238978, logdetD=-1.48470591763504e-05, t=58.7581
# xi=599.547981185367, logdetD=-1.46400906864762e-05, t=57.9766
# xi=600.376086131756, logdetD=-1.44358821277776e-05, t=58.0882
# xi=601.204191078144, logdetD=-1.42343986516995e-05, t=57.2165
# xi=602.032296024533, logdetD=-1.40356044358189e-05, t=57.4881
# xi=602.860400970922, logdetD=-1.38394651655396e-05, t=57.2522
# xi=603.68850591731, logdetD=-1.36459465430614e-05, t=57.4306
# xi=604.516610863699, logdetD=-1.34550147415188e-05, t=57.6193
# xi=605.344715810087, logdetD=-1.32666366604964e-05, t=57.4525
# xi=606.172820756476, logdetD=-1.30807788711311e-05, t=57.4663
# xi=607.000925702865, logdetD=-1.28974090982334e-05, t=57.6518
# xi=607.829030649253, logdetD=-1.27164952842215e-05, t=57.2163
# xi=608.657135595642, logdetD=-1.25380056208721e-05, t=57.583
# xi=609.485240542031, logdetD=-1.23619087895962e-05, t=57.007
# xi=610.313345488419, logdetD=-1.21881736622059e-05, t=57.4127
# xi=611.141450434808, logdetD=-1.20167700872237e-05, t=57.094
# xi=611.969555381197, logdetD=-1.18508397039546e-05, t=56.5448
# xi=612.797660327585, logdetD=-1.16926024373959e-05, t=56.6279
# xi=613.625765273974, logdetD=-1.15364063319369e-05, t=57.0002
# xi=614.453870220362, logdetD=-1.13822255143682e-05, t=56.5429
# xi=615.281975166751, logdetD=-1.12300346726847e-05, t=57.1703
# xi=616.11008011314, logdetD=-1.10798088694903e-05, t=57.3626
# xi=616.938185059528, logdetD=-1.09315236067447e-05, t=56.9974
# xi=617.766290005917, logdetD=-1.07851542027449e-05, t=56.9039
# xi=618.594394952305, logdetD=-1.0640676792308e-05, t=56.9684
# xi=619.422499898694, logdetD=-1.04980675939266e-05, t=56.6193
# xi=620.250604845083, logdetD=-1.03573029988315e-05, t=57.2189
# xi=621.078709791471, logdetD=-1.02183598434857e-05, t=56.1238
# xi=621.90681473786, logdetD=-1.00812151933536e-05, t=56.3346
# xi=622.734919684249, logdetD=-9.94584649501414e-06, t=56.4009
# xi=623.563024630637, logdetD=-9.81223151668432e-06, t=56.0528
# xi=624.391129577026, logdetD=-9.68034797453468e-06, t=56.259
# xi=625.219234523415, logdetD=-9.55017415172425e-06, t=56.7012
# xi=626.047339469803, logdetD=-9.42168858315166e-06, t=56.7709
# xi=626.875444416192, logdetD=-9.29486974307522e-06, t=56.8869
# xi=627.70354936258, logdetD=-9.16969674248799e-06, t=57.2019
# xi=628.531654308969, logdetD=-9.04614901177527e-06, t=56.9893
# xi=629.359759255358, logdetD=-8.92420590905593e-06, t=57.2348
# xi=630.187864201746, logdetD=-8.80384702054163e-06, t=56.8534
# xi=631.015969148135, logdetD=-8.68505277726435e-06, t=56.7076
# xi=631.844074094524, logdetD=-8.56780305243316e-06, t=56.4136
# xi=632.672179040912, logdetD=-8.45207860094567e-06, t=55.8858
# xi=633.500283987301, logdetD=-8.33786002298196e-06, t=56.104
# xi=634.328388933689, logdetD=-8.22512818804015e-06, t=56.0071
# xi=635.156493880078, logdetD=-8.11386461846878e-06, t=56.1108
# xi=635.984598826467, logdetD=-8.00405040166185e-06, t=55.9733
# xi=636.812703772855, logdetD=-7.89566753827585e-06, t=56.1097
# xi=637.640808719244, logdetD=-7.78869764768257e-06, t=56.3191
# xi=638.468913665633, logdetD=-7.6831231403072e-06, t=55.8457
# xi=639.297018612021, logdetD=-7.57892619185697e-06, t=56.0388
# xi=640.12512355841, logdetD=-7.47608914209331e-06, t=56.0345
# xi=640.953228504799, logdetD=-7.37459521443276e-06, t=55.7233
# xi=641.781333451187, logdetD=-7.27442713999166e-06, t=55.9756
# xi=642.609438397576, logdetD=-7.17556815452049e-06, t=55.5604
# xi=643.437543343964, logdetD=-7.07800173440887e-06, t=55.4084
# xi=644.265648290353, logdetD=-6.98171137726838e-06, t=55.0795
# xi=645.093753236742, logdetD=-6.88668101100866e-06, t=55.3476
# xi=645.92185818313, logdetD=-6.79289443412491e-06, t=55.5591
# xi=646.749963129519, logdetD=-6.70033623417772e-06, t=55.4058
# xi=647.578068075907, logdetD=-6.60899048250874e-06, t=55.603
# xi=648.406173022296, logdetD=-6.5188421441197e-06, t=55.7087
# xi=649.234277968685, logdetD=-6.42987564239023e-06, t=55.6413
# xi=650.062382915073, logdetD=-6.34207602520222e-06, t=55.7841
# xi=650.890487861462, logdetD=-6.25542856234037e-06, t=55.4286
# xi=651.718592807851, logdetD=-6.16991865324814e-06, t=54.7143
# xi=652.546697754239, logdetD=-6.08553174246808e-06, t=54.9757
# xi=653.374802700628, logdetD=-6.00225362210956e-06, t=54.5807
# xi=654.202907647017, logdetD=-5.92007000514934e-06, t=55.0578
# xi=655.031012593405, logdetD=-5.83896726811175e-06, t=55.4472
# xi=655.859117539794, logdetD=-5.75893122455646e-06, t=55.1271
# xi=656.687222486182, logdetD=-5.67994865550477e-06, t=54.7544
# xi=657.515327432571, logdetD=-5.60200604951002e-06, t=54.7089
# xi=658.34343237896, logdetD=-5.52509021716364e-06, t=54.9737
# xi=659.171537325348, logdetD=-5.44918772016567e-06, t=55.2521
# xi=659.999642271737, logdetD=-5.37428594759012e-06, t=55.2631
# xi=660.827747218126, logdetD=-5.30037219830349e-06, t=54.7028
# xi=661.655852164514, logdetD=-5.22743348548903e-06, t=54.5595
# xi=662.483957110903, logdetD=-5.15545778488081e-06, t=54.2746
# xi=663.312062057291, logdetD=-5.08707811735122e-06, t=54.3495
# xi=664.14016700368, logdetD=-5.02018832100824e-06, t=54.4163
# xi=664.968271950069, logdetD=-4.95415060722797e-06, t=54.2918
# xi=665.796376896457, logdetD=-4.88895447243746e-06, t=54.7695
# xi=666.624481842846, logdetD=-4.82458925527026e-06, t=54.7574
# xi=667.452586789235, logdetD=-4.76104489527039e-06, t=54.6936
# xi=668.280691735623, logdetD=-4.69831107532888e-06, t=54.9277
# xi=669.108796682012, logdetD=-4.6363777389745e-06, t=54.6009
# xi=669.936901628401, logdetD=-4.57523485247047e-06, t=54.6509
# xi=670.765006574789, logdetD=-4.51487273081599e-06, t=54.6418
# xi=671.593111521178, logdetD=-4.45528144136932e-06, t=54.9026
# xi=672.421216467566, logdetD=-4.39645161640427e-06, t=53.6246
# xi=673.249321413955, logdetD=-4.33837373100945e-06, t=53.6847
# xi=674.077426360344, logdetD=-4.28103824241716e-06, t=54.3312
# xi=674.905531306732, logdetD=-4.22443611252404e-06, t=53.7953
# xi=675.733636253121, logdetD=-4.16855824356622e-06, t=53.9023
# xi=676.561741199509, logdetD=-4.11339532099533e-06, t=53.9007
# xi=677.389846145898, logdetD=-4.05893883698576e-06, t=53.7962
# xi=678.217951092287, logdetD=-4.00517954006544e-06, t=53.9621
# xi=679.046056038675, logdetD=-3.95210907249104e-06, t=53.8653
# xi=679.874160985064, logdetD=-3.8997186702789e-06, t=53.8637
# xi=680.702265931453, logdetD=-3.84799996407763e-06, t=54.2475
# xi=681.530370877841, logdetD=-3.79694445504924e-06, t=53.888
# xi=682.35847582423, logdetD=-3.74654402933642e-06, t=53.2058
# xi=683.186580770619, logdetD=-3.69679026359483e-06, t=53.219
# xi=684.014685717007, logdetD=-3.6476753288602e-06, t=53.0444
# xi=684.842790663396, logdetD=-3.59919112786786e-06, t=53.4247
# xi=685.670895609784, logdetD=-3.55132975178678e-06, t=52.8988
# xi=686.499000556173, logdetD=-3.5040835443339e-06, t=52.54
# xi=687.327105502562, logdetD=-3.45744465171781e-06, t=53.4565
# xi=688.15521044895, logdetD=-3.41140552455202e-06, t=53.832
# xi=688.983315395339, logdetD=-3.36595870427951e-06, t=53.3906
# xi=689.811420341728, logdetD=-3.32109677868164e-06, t=53.6784
# xi=690.639525288116, logdetD=-3.27681235746984e-06, t=53.7619
# xi=691.467630234505, logdetD=-3.23309836856532e-06, t=53.3414
# xi=692.295735180893, logdetD=-3.18994741405815e-06, t=52.5783
# xi=693.123840127282, logdetD=-3.14735276889691e-06, t=53.0865
# xi=693.951945073671, logdetD=-3.10530710827547e-06, t=52.8729
# xi=694.780050020059, logdetD=-3.06380378647398e-06, t=52.6331
# xi=695.608154966448, logdetD=-3.02283593660013e-06, t=52.8694
# xi=696.436259912837, logdetD=-2.9823968346662e-06, t=52.957
# xi=697.264364859225, logdetD=-2.94247986887471e-06, t=52.9277
# xi=698.092469805614, logdetD=-2.90307849125174e-06, t=52.7248
# xi=698.920574752002, logdetD=-2.86418619521399e-06, t=52.6457
# xi=699.748679698391, logdetD=-2.82579666987441e-06, t=52.6221
# xi=700.57678464478, logdetD=-2.78790354040557e-06, t=53.2053
# xi=701.404889591168, logdetD=-2.75050050757445e-06, t=52.8044
# xi=702.232994537557, logdetD=-2.71358148176095e-06, t=51.8871
# xi=703.061099483946, logdetD=-2.67714034735361e-06, t=51.9428
# xi=703.889204430334, logdetD=-2.64117121903787e-06, t=52.4956
# xi=704.717309376723, logdetD=-2.60566799630335e-06, t=52.2528
# xi=705.545414323111, logdetD=-2.5706249797011e-06, t=51.9149
# xi=706.3735192695, logdetD=-2.53603612709763e-06, t=52.094
# xi=707.201624215889, logdetD=-2.50189600082857e-06, t=52.1365
# xi=708.029729162277, logdetD=-2.46819876567376e-06, t=52.0164
# xi=708.857834108666, logdetD=-2.43493890627987e-06, t=52.2174
# xi=709.685939055055, logdetD=-2.40211089967237e-06, t=52.2774
# xi=710.514044001443, logdetD=-2.36970939921575e-06, t=52.7463
# xi=711.342148947832, logdetD=-2.33772887992006e-06, t=52.6108
# xi=712.170253894221, logdetD=-2.30616410672361e-06, t=52.4056
# xi=712.998358840609, logdetD=-2.27500986056357e-06, t=51.8829
# xi=713.826463786998, logdetD=-2.24458658735344e-06, t=52.3659
# xi=714.654568733386, logdetD=-2.21548631500847e-06, t=52.3972
# xi=715.482673679775, logdetD=-2.18675249357427e-06, t=52.2894
# xi=716.310778626164, logdetD=-2.15838063254727e-06, t=51.9339
# xi=717.138883572552, logdetD=-2.13036630340207e-06, t=52.2123
# xi=717.966988518941, logdetD=-2.10270502833169e-06, t=52.4646
# xi=718.79509346533, logdetD=-2.07539257430218e-06, t=52.2889
# xi=719.623198411718, logdetD=-2.04842454377773e-06, t=52.0704
# xi=720.451303358107, logdetD=-2.02179677103667e-06, t=52.2936
# xi=721.279408304495, logdetD=-1.99550501027817e-06, t=52.3968
# xi=722.107513250884, logdetD=-1.96954517091471e-06, t=50.987
# xi=722.935618197273, logdetD=-1.94391320095178e-06, t=50.9856
# xi=723.763723143661, logdetD=-1.91860493497269e-06, t=51.1397
# xi=724.59182809005, logdetD=-1.89361639903981e-06, t=51.2105
# xi=725.419933036439, logdetD=-1.86894372042766e-06, t=51.375
# xi=726.248037982827, logdetD=-1.84458294221335e-06, t=51.0243
# xi=727.076142929216, logdetD=-1.82053030545769e-06, t=51.1021
# xi=727.904247875604, logdetD=-1.79678195157189e-06, t=51.0679
# xi=728.732352821993, logdetD=-1.77333419120617e-06, t=51.4537
# xi=729.560457768382, logdetD=-1.75018313777766e-06, t=51.4137
# xi=730.38856271477, logdetD=-1.72732531645367e-06, t=51.5426
# xi=731.216667661159, logdetD=-1.70475696797811e-06, t=51.2349
# xi=732.044772607548, logdetD=-1.68247455967109e-06, t=51.3668
# xi=732.872877553936, logdetD=-1.66047465241376e-06, t=51.1884
# xi=733.700982500325, logdetD=-1.63875356897327e-06, t=50.6661
# xi=734.529087446713, logdetD=-1.61730807530925e-06, t=51.0827
# xi=735.357192393102, logdetD=-1.59613453397529e-06, t=51.1324
# xi=736.185297339491, logdetD=-1.57522977386184e-06, t=51.2586
# xi=737.013402285879, logdetD=-1.55459045100408e-06, t=51.081
# xi=737.841507232268, logdetD=-1.53421309693318e-06, t=51.0631
# xi=738.669612178657, logdetD=-1.51409467272234e-06, t=51.0987
# xi=739.497717125045, logdetD=-1.49423189623879e-06, t=50.9044
# xi=740.325822071434, logdetD=-1.47462165378878e-06, t=50.9612
# xi=741.153927017823, logdetD=-1.45526058110537e-06, t=51.0147
# xi=741.982031964211, logdetD=-1.43614593937658e-06, t=51.2127
# xi=742.8101369106, logdetD=-1.41727436175035e-06, t=50.2517
# xi=743.638241856988, logdetD=-1.39864307339725e-06, t=50.0641
# xi=744.466346803377, logdetD=-1.38024897746031e-06, t=50.1464
# xi=745.294451749766, logdetD=-1.36208914098967e-06, t=50.2675
# xi=746.122556696154, logdetD=-1.3441607370636e-06, t=50.624
# xi=746.950661642543, logdetD=-1.32646074381867e-06, t=50.3236
# xi=747.778766588932, logdetD=-1.30898647815755e-06, t=50.5119
# xi=748.60687153532, logdetD=-1.29173498102896e-06, t=50.0004
# xi=749.434976481709, logdetD=-1.27470358239942e-06, t=50.423
# xi=750.263081428097, logdetD=-1.25788954915744e-06, t=50.4836
# xi=751.091186374486, logdetD=-1.24129017082412e-06, t=50.1803
# xi=751.919291320875, logdetD=-1.22490284962143e-06, t=50.1873
#
# 105929 determinants computed
#
# L/R, L, R, T, ldim, F*(L+R)/(c)
0.006, 6e-09, 1e-06, 300, 1334, -189.7473504160829
# finished at Di 13. Feb 12:01:24 CET 2018
