# starting on alcc120 at Sa 10. Feb 16:24:18 CET 2018
# compiler: icc
# compile time: Feb  1 2018 09:49:34
# compiled on: Linux alcc83 3.16.0-4-amd64 #1 SMP Debian 3.16.51-3 (2017-12-13) x86_64 GNU/Linux
# LAPACK support: false
# git HEAD: b96c9c30c7b1cdd2d059ceccd0396c6d55d3da95
# git branch: dev
#
# LbyR = 0.013875
# L = 1.3875e-08
# R = 1e-06
# T = 300
# cutoff = 1e-09
# epsrel = 5e-08
# iepsrel = 1e-07
# ldim = 577
# cores = 4
# alpha = 0.027370237948465
# filename = /alcc/gpfs1/home/u/hartmmic/libcasimir-dev/data/materials/GoldDalvit.dat
# model = optical data (xi=0: Drude)
# plasma = -12.1812817538444 (logdetD(xi=0) for plasma model with omegap=1.36734e+16eV)
#
# xi=0, logdetD=-10.391865336726, t=1.30441
# xi=0.834587378250269, logdetD=-11.7821174287482, t=21.7408
# xi=1.66917475650054, logdetD=-11.3471376428106, t=22.079
# xi=2.50376213475081, logdetD=-10.7974238436926, t=22.3385
# xi=3.33834951300108, logdetD=-10.2191067751261, t=22.468
# xi=4.17293689125134, logdetD=-9.64322054659693, t=22.1342
# xi=5.00752426950161, logdetD=-9.08331493119531, t=22.5224
# xi=5.84211164775188, logdetD=-8.55290390891404, t=22.7969
# xi=6.67669902600215, logdetD=-8.03540226237526, t=22.9437
# xi=7.51128640425242, logdetD=-7.55653515384146, t=22.771
# xi=8.34587378250269, logdetD=-7.09918013969075, t=22.9225
# xi=9.18046116075296, logdetD=-6.66965583919154, t=23.0001
# xi=10.0150485390032, logdetD=-6.26892668656108, t=23.0167
# xi=10.8496359172535, logdetD=-5.8904934429249, t=23.2766
# xi=11.6842232955038, logdetD=-5.53841380571437, t=23.3319
# xi=12.518810673754, logdetD=-5.20836398342531, t=22.9884
# xi=13.3533980520043, logdetD=-4.8980657057181, t=23.0308
# xi=14.1879854302546, logdetD=-4.61036666109547, t=23.1171
# xi=15.0225728085048, logdetD=-4.33973734278855, t=23.0888
# xi=15.8571601867551, logdetD=-4.08659327105346, t=23.1747
# xi=16.6917475650054, logdetD=-3.85040488832329, t=23.4663
# xi=17.5263349432556, logdetD=-3.62842355700452, t=23.5779
# xi=18.3609223215059, logdetD=-3.42129503218389, t=23.4292
# xi=19.1955096997562, logdetD=-3.22710899667776, t=23.5923
# xi=20.0300970780065, logdetD=-3.04461933368727, t=23.5508
# xi=20.8646844562567, logdetD=-2.87444916739474, t=23.4644
# xi=21.699271834507, logdetD=-2.71433265995314, t=23.6293
# xi=22.5338592127573, logdetD=-2.56412879750578, t=23.5903
# xi=23.3684465910075, logdetD=-2.42341214152731, t=23.2409
# xi=24.2030339692578, logdetD=-2.29092665649179, t=23.5321
# xi=25.0376213475081, logdetD=-2.16675784907795, t=23.5953
# xi=25.8722087257583, logdetD=-2.04999046294356, t=23.6378
# xi=26.7067961040086, logdetD=-1.93998533523667, t=23.6376
# xi=27.5413834822589, logdetD=-1.8368846642648, t=23.5921
# xi=28.3759708605091, logdetD=-1.73964250322861, t=23.821
# xi=29.2105582387594, logdetD=-1.64810750689143, t=23.785
# xi=30.0451456170097, logdetD=-1.56201545283687, t=23.604
# xi=30.87973299526, logdetD=-1.48074585494484, t=23.833
# xi=31.7143203735102, logdetD=-1.40427892044437, t=23.8131
# xi=32.5489077517605, logdetD=-1.33214368281252, t=24.0656
# xi=33.3834951300108, logdetD=-1.26400113864365, t=23.934
# xi=34.218082508261, logdetD=-1.19987163561665, t=23.8803
# xi=35.0526698865113, logdetD=-1.13923033950684, t=23.9076
# xi=35.8872572647616, logdetD=-1.08197082069045, t=23.8287
# xi=36.7218446430118, logdetD=-1.02793369769937, t=23.9653
# xi=37.5564320212621, logdetD=-0.976792591349139, t=23.9224
# xi=38.3910193995124, logdetD=-0.928514101108994, t=24.0585
# xi=39.2256067777626, logdetD=-0.882841896450273, t=24.0326
# xi=40.0601941560129, logdetD=-0.839588762386618, t=23.9341
# xi=40.8947815342632, logdetD=-0.798744568858721, t=23.9688
# xi=41.7293689125135, logdetD=-0.760029474157291, t=24.0253
# xi=42.5639562907637, logdetD=-0.723374270718463, t=23.7682
# xi=43.398543669014, logdetD=-0.688682091849549, t=23.9425
# xi=44.2331310472643, logdetD=-0.655772692687567, t=24.1753
# xi=45.0677184255145, logdetD=-0.624617908131163, t=24.1829
# xi=45.9023058037648, logdetD=-0.595072008211189, t=24.1249
# xi=46.7368931820151, logdetD=-0.567027830521487, t=24.1382
# xi=47.5714805602653, logdetD=-0.540470150029797, t=24.2024
# xi=48.4060679385156, logdetD=-0.515242672301035, t=24.0761
# xi=49.2406553167659, logdetD=-0.491301120895271, t=24.3789
# xi=50.0752426950161, logdetD=-0.468585674142955, t=24.1515
# xi=50.9098300732664, logdetD=-0.446992842398, t=24.1506
# xi=51.7444174515167, logdetD=-0.426910099852986, t=24.2685
# xi=52.5790048297669, logdetD=-0.408100496698184, t=24.1244
# xi=53.4135922080172, logdetD=-0.389903023327495, t=23.9506
# xi=54.2481795862675, logdetD=-0.37229953060776, t=24.1275
# xi=55.0827669645178, logdetD=-0.355272512401026, t=24.1148
# xi=55.917354342768, logdetD=-0.338805081712378, t=24.1625
# xi=56.7519417210183, logdetD=-0.323318892847708, t=24.2367
# xi=57.5865290992686, logdetD=-0.309389652132146, t=24.2174
# xi=58.4211164775188, logdetD=-0.295920279322365, t=24.2036
# xi=59.2557038557691, logdetD=-0.282897041855599, t=24.2837
# xi=60.0902912340194, logdetD=-0.270306671243101, t=24.3824
# xi=60.9248786122696, logdetD=-0.258136346060994, t=24.3053
# xi=61.7594659905199, logdetD=-0.246508595244675, t=24.1736
# xi=62.5940533687702, logdetD=-0.236109435602276, t=23.9549
# xi=63.4286407470204, logdetD=-0.226056466274769, t=24.0963
# xi=64.2632281252707, logdetD=-0.216339277687871, t=24.0893
# xi=65.097815503521, logdetD=-0.206947800265856, t=24.2131
# xi=65.9324028817713, logdetD=-0.197872292267211, t=24.1969
# xi=66.7669902600215, logdetD=-0.189103328220118, t=24.1767
# xi=67.6015776382718, logdetD=-0.18126946971363, t=24.2487
# xi=68.4361650165221, logdetD=-0.173709681498764, t=24.1237
# xi=69.2707523947723, logdetD=-0.166403455752908, t=24.2412
# xi=70.1053397730226, logdetD=-0.159343137310058, t=24.1719
# xi=70.9399271512729, logdetD=-0.152521314251077, t=24.5339
# xi=71.7745145295231, logdetD=-0.145930809484318, t=24.1284
# xi=72.6091019077734, logdetD=-0.139929824991686, t=24.2319
# xi=73.4436892860237, logdetD=-0.134205884870817, t=24.2444
# xi=74.2782766642739, logdetD=-0.128674176158084, t=24.2751
# xi=75.1128640425242, logdetD=-0.123328866032286, t=24.2215
# xi=75.9474514207745, logdetD=-0.118164303786757, t=24.2319
# xi=76.7820387990247, logdetD=-0.113175014711214, t=24.2088
# xi=77.616626177275, logdetD=-0.1085601701058, t=24.4635
# xi=78.4512135555253, logdetD=-0.104199124296941, t=24.4511
# xi=79.2858009337755, logdetD=-0.0999844278667526, t=24.2596
# xi=80.1203883120258, logdetD=-0.0959116246114683, t=24.4493
# xi=80.9549756902761, logdetD=-0.0919763956774226, t=24.3778
# xi=81.7895630685264, logdetD=-0.0881745550474433, t=24.3259
# xi=82.6241504467766, logdetD=-0.0846117229226596, t=24.2886
# xi=83.4587378250269, logdetD=-0.0812700129119274, t=24.1362
# xi=84.2933252032772, logdetD=-0.0780401988779282, t=24.3224
# xi=85.1279125815274, logdetD=-0.0749188662338098, t=24.2851
# xi=85.9624999597777, logdetD=-0.071902704609284, t=24.2326
# xi=86.797087338028, logdetD=-0.0689885044962154, t=24.3602
# xi=87.6316747162782, logdetD=-0.0662272174342449, t=24.3242
# xi=88.4662620945285, logdetD=-0.0636530930097073, t=24.5597
# xi=89.3008494727788, logdetD=-0.0611648848366059, t=24.4341
# xi=90.135436851029, logdetD=-0.0587599682427955, t=24.3722
# xi=90.9700242292793, logdetD=-0.0564357980517948, t=24.1922
# xi=91.8046116075296, logdetD=-0.0541899060676803, t=24.2243
# xi=92.6391989857799, logdetD=-0.0520417946111426, t=24.3009
# xi=93.4737863640301, logdetD=-0.0500493022648021, t=24.3725
# xi=94.3083737422804, logdetD=-0.0481230507034925, t=24.3351
# xi=95.1429611205307, logdetD=-0.0462610159182123, t=24.2551
# xi=95.9775484987809, logdetD=-0.0444612348233359, t=24.2202
# xi=96.8121358770312, logdetD=-0.0427218033537258, t=24.1647
# xi=97.6467232552815, logdetD=-0.0410446604034357, t=24.3868
# xi=98.4813106335317, logdetD=-0.0394954374973143, t=24.3255
# xi=99.315898011782, logdetD=-0.0379974891321476, t=24.0657
# xi=100.150485390032, logdetD=-0.0365492494232704, t=24.0607
# xi=100.985072768283, logdetD=-0.0351491993703115, t=24.1843
# xi=101.819660146533, logdetD=-0.0337958654151295, t=24.1186
# xi=102.654247524783, logdetD=-0.032487818050346, t=24.2319
# xi=103.488834903033, logdetD=-0.0312722965844176, t=24.2419
# xi=104.323422281284, logdetD=-0.0301025367161938, t=24.1552
# xi=105.158009659534, logdetD=-0.0289714027888211, t=24.2833
# xi=105.992597037784, logdetD=-0.0278777156554794, t=24.143
# xi=106.827184416034, logdetD=-0.0268203312951562, t=24.4982
# xi=107.661771794285, logdetD=-0.0257981397373329, t=24.582
# xi=108.496359172535, logdetD=-0.0248393869093871, t=24.4576
# xi=109.330946550785, logdetD=-0.0239223507816031, t=24.182
# xi=110.165533929036, logdetD=-0.0230354387833913, t=24.1692
# xi=111.000121307286, logdetD=-0.0221777326920964, t=24.3446
# xi=111.834708685536, logdetD=-0.0213483415292402, t=24.0593
# xi=112.669296063786, logdetD=-0.0205464007401371, t=24.1652
# xi=113.503883442037, logdetD=-0.0197880864717722, t=24.1478
# xi=114.338470820287, logdetD=-0.0190665588622475, t=24.3214
# xi=115.173058198537, logdetD=-0.0183686068910641, t=24.1381
# xi=116.007645576787, logdetD=-0.0176935133102555, t=24.1435
# xi=116.842232955038, logdetD=-0.0170405820768138, t=23.8122
# xi=117.676820333288, logdetD=-0.0164091377205936, t=24.0621
# xi=118.511407711538, logdetD=-0.0158077551700545, t=23.9851
# xi=119.345995089788, logdetD=-0.0152381230898021, t=24.0829
# xi=120.180582468039, logdetD=-0.014687002988675, t=24.1066
# xi=121.015169846289, logdetD=-0.0141538329207091, t=24.1281
# xi=121.849757224539, logdetD=-0.0136380674993624, t=23.8861
# xi=122.68434460279, logdetD=-0.0131391774040422, t=24.0741
# xi=123.51893198104, logdetD=-0.01266102187568, t=24.0234
# xi=124.35351935929, logdetD=-0.0122098740768139, t=24.0048
# xi=125.18810673754, logdetD=-0.011773308117149, t=23.9461
# xi=126.022694115791, logdetD=-0.0113508824469792, t=23.9054
# xi=126.857281494041, logdetD=-0.010942168483971, t=23.7007
# xi=127.691868872291, logdetD=-0.0105467502327537, t=23.8211
# xi=128.526456250541, logdetD=-0.0101656309007224, t=23.9516
# xi=129.361043628792, logdetD=-0.00980725187488039, t=24.0587
# xi=130.195631007042, logdetD=-0.00946039344371941, t=24.167
# xi=131.030218385292, logdetD=-0.00912470768069001, t=24.0236
# xi=131.864805763543, logdetD=-0.0087998568454173, t=23.9861
# xi=132.699393141793, logdetD=-0.0084855130890648, t=24.0999
# xi=133.533980520043, logdetD=-0.00818135816269819, t=24.1397
# xi=134.368567898293, logdetD=-0.00789552707952756, t=24.0161
# xi=135.203155276544, logdetD=-0.00761916603377596, t=23.9894
# xi=136.037742654794, logdetD=-0.00735165811630564, t=23.7936
# xi=136.872330033044, logdetD=-0.00709273645444273, t=23.9919
# xi=137.706917411294, logdetD=-0.00684214196796312, t=23.9127
# xi=138.541504789545, logdetD=-0.00659962314190852, t=24.1311
# xi=139.376092167795, logdetD=-0.00637028006713531, t=23.889
# xi=140.210679546045, logdetD=-0.00614950317179028, t=23.9444
# xi=141.045266924295, logdetD=-0.00593576051588755, t=23.9078
# xi=141.879854302546, logdetD=-0.00572884067531614, t=23.9595
# xi=142.714441680796, logdetD=-0.0055285383805077, t=23.6631
# xi=143.549029059046, logdetD=-0.00533465433958494, t=23.499
# xi=144.383616437297, logdetD=-0.00515026633670479, t=23.7624
# xi=145.218203815547, logdetD=-0.00497345157754475, t=23.5497
# xi=146.052791193797, logdetD=-0.00480224033877481, t=23.6122
# xi=146.887378572047, logdetD=-0.00463646470330162, t=23.6264
# xi=147.721965950298, logdetD=-0.0044759616292094, t=23.6536
# xi=148.556553328548, logdetD=-0.00432057280864317, t=23.7084
# xi=149.391140706798, logdetD=-0.0041720408114215, t=23.7277
# xi=150.225728085048, logdetD=-0.00403009828129631, t=23.4765
# xi=151.060315463299, logdetD=-0.00389263055762786, t=23.6781
# xi=151.894902841549, logdetD=-0.00375950395708393, t=23.2299
# xi=152.729490219799, logdetD=-0.0036305886658181, t=23.1616
# xi=153.564077598049, logdetD=-0.00350575863008461, t=23.7142
# xi=154.3986649763, logdetD=-0.00338588676438916, t=23.7597
# xi=155.23325235455, logdetD=-0.00327168275554328, t=23.9098
# xi=156.0678397328, logdetD=-0.00316106058935589, t=23.8606
# xi=156.902427111051, logdetD=-0.00305391358925258, t=23.6915
# xi=157.737014489301, logdetD=-0.00295013816009115, t=23.7907
# xi=158.571601867551, logdetD=-0.00284963369815648, t=23.8508
# xi=159.406189245801, logdetD=-0.00275271793953949, t=23.7749
# xi=160.240776624052, logdetD=-0.00266063595246307, t=23.4226
# xi=161.075364002302, logdetD=-0.0025714274564623, t=23.4654
# xi=161.909951380552, logdetD=-0.00248500713858108, t=23.6395
# xi=162.744538758802, logdetD=-0.00240129214251294, t=23.5192
# xi=163.579126137053, logdetD=-0.00232020199802638, t=23.4933
# xi=164.413713515303, logdetD=-0.00224171058912347, t=23.3
# xi=165.248300893553, logdetD=-0.00216731520603051, t=23.3395
# xi=166.082888271804, logdetD=-0.00209522997024947, t=23.6082
# xi=166.917475650054, logdetD=-0.00202538650806625, t=23.6281
# xi=167.752063028304, logdetD=-0.00195771840909461, t=23.1139
# xi=168.586650406554, logdetD=-0.00189216117113115, t=23.1732
# xi=169.421237784805, logdetD=-0.00182865214556085, t=23.1141
# xi=170.255825163055, logdetD=-0.00176826416123671, t=23.0451
# xi=171.090412541305, logdetD=-0.00170990363081483, t=23.05
# xi=171.924999919555, logdetD=-0.00165334922145494, t=23.1704
# xi=172.759587297806, logdetD=-0.00159854759645432, t=23.1515
# xi=173.594174676056, logdetD=-0.00154544694685308, t=23.1274
# xi=174.428762054306, logdetD=-0.00149399694864513, t=23.0608
# xi=175.263349432556, logdetD=-0.00144487071966407, t=23.081
# xi=176.097936810807, logdetD=-0.001397535464204, t=22.9335
# xi=176.932524189057, logdetD=-0.00135165817141137, t=23.0596
# xi=177.767111567307, logdetD=-0.00130719591969407, t=22.902
# xi=178.601698945558, logdetD=-0.00126410701330296, t=22.9686
# xi=179.436286323808, logdetD=-0.001222350950092, t=23.076
# xi=180.270873702058, logdetD=-0.00118232805956123, t=23.0531
# xi=181.105461080308, logdetD=-0.00114386841026923, t=22.9793
# xi=181.940048458559, logdetD=-0.00110658786628076, t=22.9284
# xi=182.774635836809, logdetD=-0.00107045182203327, t=22.9838
# xi=183.609223215059, logdetD=-0.00103542665892704, t=23.269
# xi=184.443810593309, logdetD=-0.00100147971689151, t=22.9852
# xi=185.27839797156, logdetD=-0.000968827419366898, t=23.0253
# xi=186.11298534981, logdetD=-0.000937527298208276, t=22.9569
# xi=186.94757272806, logdetD=-0.000907182455676211, t=22.8939
# xi=187.782160106311, logdetD=-0.000877764941019177, t=22.8714
# xi=188.616747484561, logdetD=-0.000849247598243028, t=22.95
# xi=189.451334862811, logdetD=-0.000821604044398701, t=23.0708
# xi=190.285922241061, logdetD=-0.000794928822171858, t=22.9315
# xi=191.120509619312, logdetD=-0.000769415083408248, t=22.903
# xi=191.955096997562, logdetD=-0.000744676601260939, t=22.6913
# xi=192.789684375812, logdetD=-0.000720690760961391, t=22.5954
# xi=193.624271754062, logdetD=-0.000697435589344057, t=22.6726
# xi=194.458859132313, logdetD=-0.000674889736062602, t=22.6501
# xi=195.293446510563, logdetD=-0.000653068932383919, t=22.7698
# xi=196.128033888813, logdetD=-0.00063224038730222, t=22.7782
# xi=196.962621267063, logdetD=-0.000612042026621156, t=22.6506
# xi=197.797208645314, logdetD=-0.000592455522333518, t=22.8588
# xi=198.631796023564, logdetD=-0.000573463064657199, t=22.7899
# xi=199.466383401814, logdetD=-0.000555047347925157, t=22.8803
# xi=200.300970780065, logdetD=-0.000537191557183343, t=22.5016
# xi=201.135558158315, logdetD=-0.000520146668448297, t=22.5484
# xi=201.970145536565, logdetD=-0.000503631408357058, t=22.6716
# xi=202.804732914815, logdetD=-0.000487614328748641, t=22.6131
# xi=203.639320293066, logdetD=-0.000472080971424211, t=22.3031
# xi=204.473907671316, logdetD=-0.000457017286917922, t=22.4916
# xi=205.308495049566, logdetD=-0.000442409622550666, t=22.5495
# xi=206.143082427816, logdetD=-0.000428420320122826, t=22.556
# xi=206.977669806067, logdetD=-0.000414897913193826, t=22.5828
# xi=207.812257184317, logdetD=-0.000401781736399632, t=22.1963
# xi=208.646844562567, logdetD=-0.000389060034661198, t=22.2016
# xi=209.481431940818, logdetD=-0.000376721383905374, t=22.1018
# xi=210.316019319068, logdetD=-0.000364754682182018, t=22.1755
# xi=211.150606697318, logdetD=-0.000353260264073275, t=22.2346
# xi=211.985194075568, logdetD=-0.000342173710345529, t=22.2185
# xi=212.819781453819, logdetD=-0.000331418883029263, t=22.2446
# xi=213.654368832069, logdetD=-0.000320986209908674, t=22.141
# xi=214.488956210319, logdetD=-0.000310866388124493, t=22.1569
# xi=215.323543588569, logdetD=-0.00030105037663071, t=22.1399
# xi=216.15813096682, logdetD=-0.000291595605203131, t=22.1174
# xi=216.99271834507, logdetD=-0.000282494602500702, t=22.081
# xi=217.82730572332, logdetD=-0.000273664858555362, t=21.995
# xi=218.66189310157, logdetD=-0.000265098568143418, t=22.2466
# xi=219.496480479821, logdetD=-0.000256788145205619, t=22.0806
# xi=220.331067858071, logdetD=-0.000248726215981785, t=22.2175
# xi=221.165655236321, logdetD=-0.000240940962824466, t=22.3396
# xi=222.000242614572, logdetD=-0.000233460825200252, t=22.2574
# xi=222.834829992822, logdetD=-0.000226202793658916, t=22.2163
# xi=223.669417371072, logdetD=-0.000219160495196678, t=21.7696
# xi=224.504004749322, logdetD=-0.000212327734753189, t=21.8305
# xi=225.338592127573, logdetD=-0.000205698491083974, t=22.0104
# xi=226.173179505823, logdetD=-0.000199281414384525, t=22.0999
# xi=227.007766884073, logdetD=-0.000193126295886895, t=21.7795
# xi=227.842354262323, logdetD=-0.000187153268144957, t=21.7459
# xi=228.676941640574, logdetD=-0.000181357120391423, t=21.9335
# xi=229.511529018824, logdetD=-0.000175732787343547, t=22.036
# xi=230.346116397074, logdetD=-0.000170275344931781, t=21.94
# xi=231.180703775325, logdetD=-0.000164980782866829, t=21.8813
# xi=232.015291153575, logdetD=-0.000159910295282006, t=21.8326
# xi=232.849878531825, logdetD=-0.000154989274382586, t=21.8474
# xi=233.684465910075, logdetD=-0.000150213454471397, t=21.8661
# xi=234.519053288326, logdetD=-0.000145578688320835, t=21.8609
# xi=235.353640666576, logdetD=-0.000141080944539803, t=21.874
# xi=236.188228044826, logdetD=-0.000136716303886301, t=21.8837
# xi=237.022815423076, logdetD=-0.000132526883111311, t=21.7582
# xi=237.857402801327, logdetD=-0.000128468229235693, t=21.858
# xi=238.691990179577, logdetD=-0.000124528910291506, t=21.3711
# xi=239.526577557827, logdetD=-0.000120705527269384, t=21.4979
# xi=240.361164936077, logdetD=-0.000116994774818747, t=21.4688
# xi=241.195752314328, logdetD=-0.000113393440260945, t=21.3929
# xi=242.030339692578, logdetD=-0.000109928371956013, t=21.3781
# xi=242.864927070828, logdetD=-0.00010657750528794, t=21.5206
# xi=243.699514449079, logdetD=-0.000103324826329263, t=21.3527
# xi=244.534101827329, logdetD=-0.00010016754478147, t=21.6289
# xi=245.368689205579, logdetD=-9.71029484550791e-05, t=21.4935
# xi=246.203276583829, logdetD=-9.41284003031469e-05, t=21.5433
# xi=247.03786396208, logdetD=-9.12599216694732e-05, t=21.0784
# xi=247.87245134033, logdetD=-8.84907063346743e-05, t=21.1787
# xi=248.70703871858, logdetD=-8.58023219692181e-05, t=21.056
# xi=249.54162609683, logdetD=-8.31925202394017e-05, t=21.3318
# xi=250.376213475081, logdetD=-8.0659072936592e-05, t=21.2663
# xi=251.210800853331, logdetD=-7.81998129484807e-05, t=21.174
# xi=252.045388231581, logdetD=-7.58232906617164e-05, t=21.1321
# xi=252.879975609831, logdetD=-7.35324989470634e-05, t=21.1962
# xi=253.714562988082, logdetD=-7.13083921017509e-05, t=21.2374
# xi=254.549150366332, logdetD=-6.91490845716571e-05, t=20.9609
# xi=255.383737744582, logdetD=-6.70527433204026e-05, t=20.9881
# xi=256.218325122833, logdetD=-6.50175860456138e-05, t=20.9025
# xi=257.052912501083, logdetD=-6.30470169301078e-05, t=20.9386
# xi=257.887499879333, logdetD=-6.11502769189533e-05, t=20.9918
# xi=258.722087257583, logdetD=-5.93085766062819e-05, t=21.0621
# xi=259.556674635834, logdetD=-5.75203638697362e-05, t=21.0402
# xi=260.391262014084, logdetD=-5.57841289634909e-05, t=20.9331
# xi=261.225849392334, logdetD=-5.40984041400558e-05, t=21.0536
# xi=262.060436770584, logdetD=-5.24631561391344e-05, t=20.8306
# xi=262.895024148835, logdetD=-5.08912889939965e-05, t=20.7833
# xi=263.729611527085, logdetD=-4.93648941327652e-05, t=20.7651
# xi=264.564198905335, logdetD=-4.78826923602394e-05, t=20.6983
# xi=265.398786283586, logdetD=-4.64434390757668e-05, t=20.7083
# xi=266.233373661836, logdetD=-4.50459245132365e-05, t=20.8785
# xi=267.067961040086, logdetD=-4.36889720491806e-05, t=20.6981
# xi=267.902548418336, logdetD=-4.23841452771379e-05, t=20.6694
# xi=268.737135796587, logdetD=-4.11179934003772e-05, t=20.8055
# xi=269.571723174837, logdetD=-3.98883890969477e-05, t=20.5881
# xi=270.406310553087, logdetD=-3.86943058556757e-05, t=20.6325
# xi=271.240897931337, logdetD=-3.75347454230043e-05, t=20.7063
# xi=272.075485309588, logdetD=-3.64087364874331e-05, t=20.4511
# xi=272.910072687838, logdetD=-3.53238415164153e-05, t=20.5997
# xi=273.744660066088, logdetD=-3.42726960272671e-05, t=20.6074
# xi=274.579247444338, logdetD=-3.32518028242036e-05, t=20.6234
# xi=275.413834822589, logdetD=-3.22603142350586e-05, t=20.6556
# xi=276.248422200839, logdetD=-3.12974053264853e-05, t=20.2961
# xi=277.083009579089, logdetD=-3.03622743827317e-05, t=20.3883
# xi=277.91759695734, logdetD=-2.94596102995874e-05, t=20.3776
# xi=278.75218433559, logdetD=-2.85862657718037e-05, t=20.3842
# xi=279.58677171384, logdetD=-2.7737984368143e-05, t=20.2398
# xi=280.42135909209, logdetD=-2.69140654757811e-05, t=20.2934
# xi=281.255946470341, logdetD=-2.61138269550686e-05, t=20.406
# xi=282.090533848591, logdetD=-2.53366062741741e-05, t=20.2898
# xi=282.925121226841, logdetD=-2.4585053365593e-05, t=20.3173
# xi=283.759708605091, logdetD=-2.38588765386478e-05, t=20.0148
# xi=284.594295983342, logdetD=-2.31534811954298e-05, t=19.876
# xi=285.428883361592, logdetD=-2.24682877204115e-05, t=19.8958
# xi=286.263470739842, logdetD=-2.18027319731649e-05, t=19.942
# xi=287.098058118093, logdetD=-2.11562653883646e-05, t=19.9681
# xi=287.932645496343, logdetD=-2.05301135998389e-05, t=19.7485
# xi=288.767232874593, logdetD=-1.99258561751155e-05, t=19.7822
# xi=289.601820252843, logdetD=-1.93388441973418e-05, t=19.9731
# xi=290.436407631094, logdetD=-1.87685974357403e-05, t=19.8921
# xi=291.270995009344, logdetD=-1.8214649086004e-05, t=19.8525
# xi=292.105582387594, logdetD=-1.76765445643749e-05, t=19.9194
# xi=292.940169765844, logdetD=-1.71545353005503e-05, t=19.7259
# xi=293.774757144095, logdetD=-1.66513661238917e-05, t=19.7332
# xi=294.609344522345, logdetD=-1.61625195507241e-05, t=19.7353
# xi=295.443931900595, logdetD=-1.56875970408418e-05, t=19.6545
# xi=296.278519278845, logdetD=-1.52262120583349e-05, t=19.7366
# xi=297.113106657096, logdetD=-1.47779876758637e-05, t=19.652
# xi=297.947694035346, logdetD=-1.43425578119614e-05, t=19.6972
# xi=298.782281413596, logdetD=-1.39232446788538e-05, t=19.3736
# xi=299.616868791847, logdetD=-1.3515864770269e-05, t=19.2326
# xi=300.451456170097, logdetD=-1.31200585812327e-05, t=19.376
# xi=301.286043548347, logdetD=-1.27355048012481e-05, t=19.405
# xi=302.120630926597, logdetD=-1.23618913739763e-05, t=19.2804
# xi=302.955218304848, logdetD=-1.19989140876918e-05, t=19.3307
# xi=303.789805683098, logdetD=-1.16487929973972e-05, t=19.4969
# xi=304.624393061348, logdetD=-1.13090754361307e-05, t=19.3673
# xi=305.458980439598, logdetD=-1.09789846977362e-05, t=19.4144
# xi=306.293567817849, logdetD=-1.06582543458268e-05, t=18.9748
# xi=307.128155196099, logdetD=-1.03466248555024e-05, t=19.0904
# xi=307.962742574349, logdetD=-1.0043844119367e-05, t=19.2007
# xi=308.7973299526, logdetD=-9.7513292089212e-06, t=19.0067
# xi=309.63191733085, logdetD=-9.467851763374e-06, t=19.0446
# xi=310.4665047091, logdetD=-9.19238731775728e-06, t=19.0896
# xi=311.30109208735, logdetD=-8.92471474929012e-06, t=19.3002
# xi=312.135679465601, logdetD=-8.66461843587205e-06, t=18.9894
# xi=312.970266843851, logdetD=-8.41188901923588e-06, t=18.8006
# xi=313.804854222101, logdetD=-8.16736524705296e-06, t=18.7296
# xi=314.639441600351, logdetD=-7.93066829618149e-06, t=18.6767
# xi=315.474028978602, logdetD=-7.70064572278263e-06, t=18.6376
# xi=316.308616356852, logdetD=-7.47711382348565e-06, t=19.1313
# xi=317.143203735102, logdetD=-7.2598934045824e-06, t=19.0646
# xi=317.977791113352, logdetD=-7.04881022288522e-06, t=18.8731
# xi=318.812378491603, logdetD=-6.84429244757624e-06, t=19.0215
# xi=319.646965869853, logdetD=-6.6465352722572e-06, t=18.9852
# xi=320.481553248103, logdetD=-6.45434154636067e-06, t=18.7831
# xi=321.316140626354, logdetD=-6.26755796137515e-06, t=18.7183
# xi=322.150728004604, logdetD=-6.08603562569536e-06, t=18.7032
# xi=322.985315382854, logdetD=-5.90962961521325e-06, t=18.8465
# xi=323.819902761104, logdetD=-5.73848171943626e-06, t=18.8872
# xi=324.654490139355, logdetD=-5.57316057512921e-06, t=18.7716
# xi=325.489077517605, logdetD=-5.41247939340741e-06, t=18.6466
# xi=326.323664895855, logdetD=-5.25631094535105e-06, t=18.6921
# xi=327.158252274105, logdetD=-5.10453112899459e-06, t=18.6067
# xi=327.992839652356, logdetD=-4.9570191891109e-06, t=18.3824
# xi=328.827427030606, logdetD=-4.81372232049451e-06, t=18.531
# xi=329.662014408856, logdetD=-4.67543755071833e-06, t=18.5233
# xi=330.496601787106, logdetD=-4.54102524223119e-06, t=18.4076
# xi=331.331189165357, logdetD=-4.41037929072947e-06, t=18.3467
# xi=332.165776543607, logdetD=-4.28339640553087e-06, t=18.5307
# xi=333.000363921857, logdetD=-4.15997593895615e-06, t=18.2998
# xi=333.834951300108, logdetD=-4.04002009339937e-06, t=18.5427
# xi=334.669538678358, logdetD=-3.92420291394378e-06, t=18.2758
# xi=335.504126056608, logdetD=-3.81170241238442e-06, t=18.0959
# xi=336.338713434858, logdetD=-3.70234732104946e-06, t=18.0573
# xi=337.173300813109, logdetD=-3.59605150871652e-06, t=18.2321
# xi=338.007888191359, logdetD=-3.49273097548992e-06, t=18.2101
# xi=338.842475569609, logdetD=-3.3923044135191e-06, t=18.2205
# xi=339.677062947859, logdetD=-3.29521250913404e-06, t=18.246
# xi=340.51165032611, logdetD=-3.20100092953555e-06, t=18.0407
# xi=341.34623770436, logdetD=-3.1094177087135e-06, t=18.2094
# xi=342.18082508261, logdetD=-3.02039094982558e-06, t=17.6696
# xi=343.015412460861, logdetD=-2.93385085814942e-06, t=17.6532
# xi=343.849999839111, logdetD=-2.84972917174846e-06, t=17.939
# xi=344.684587217361, logdetD=-2.76829686629996e-06, t=17.7007
# xi=345.519174595611, logdetD=-2.68935970587657e-06, t=17.7078
# xi=346.353761973862, logdetD=-2.61262009058378e-06, t=17.6983
# xi=347.188349352112, logdetD=-2.53801804981105e-06, t=17.6273
# xi=348.022936730362, logdetD=-2.46549517568418e-06, t=17.5917
# xi=348.857524108612, logdetD=-2.39499477904024e-06, t=17.6107
# xi=349.692111486863, logdetD=-2.32666521072455e-06, t=17.5339
# xi=350.526698865113, logdetD=-2.26049225840864e-06, t=17.3581
# xi=351.361286243363, logdetD=-2.19615775107557e-06, t=17.4117
# xi=352.195873621613, logdetD=-2.13361155726287e-06, t=17.4385
# xi=353.030460999864, logdetD=-2.07280490595814e-06, t=17.4069
# xi=353.865048378114, logdetD=-2.01369040646564e-06, t=17.4982
# xi=354.699635756364, logdetD=-1.9563296454541e-06, t=17.5185
# xi=355.534223134615, logdetD=-1.90082951028617e-06, t=17.5668
# xi=356.368810512865, logdetD=-1.84686815600715e-06, t=17.2362
# xi=357.203397891115, logdetD=-1.79440378360811e-06, t=17.2846
# xi=358.037985269365, logdetD=-1.74339555279567e-06, t=17.2112
# xi=358.872572647616, logdetD=-1.69380379187284e-06, t=17.4884
# xi=359.707160025866, logdetD=-1.64563007203758e-06, t=17.1303
# xi=360.541747404116, logdetD=-1.5990589558181e-06, t=17.2072
# xi=361.376334782366, logdetD=-1.55377647201208e-06, t=17.3982
# xi=362.210922160617, logdetD=-1.50974771652456e-06, t=17.0617
# xi=363.045509538867, logdetD=-1.46693856262254e-06, t=17.1954
# xi=363.880096917117, logdetD=-1.42531582320186e-06, t=16.9092
# xi=364.714684295368, logdetD=-1.38484730299049e-06, t=16.8243
# xi=365.549271673618, logdetD=-1.34574352783821e-06, t=16.9903
# xi=366.383859051868, logdetD=-1.30772638889487e-06, t=16.8034
# xi=367.218446430118, logdetD=-1.27075966123807e-06, t=16.8498
# xi=368.053033808369, logdetD=-1.23481495635189e-06, t=16.6953
# xi=368.887621186619, logdetD=-1.19986446767902e-06, t=16.9719
# xi=369.722208564869, logdetD=-1.16588128730249e-06, t=16.7627
# xi=370.556795943119, logdetD=-1.13300591662294e-06, t=16.4297
# xi=371.39138332137, logdetD=-1.10107382279896e-06, t=16.5939
# xi=372.22597069962, logdetD=-1.07002243823428e-06, t=16.4616
# xi=373.06055807787, logdetD=-1.03982738724212e-06, t=16.4118
# xi=373.89514545612, logdetD=-1.0104668017072e-06, t=16.5258
# xi=374.729732834371, logdetD=-9.81916752876115e-07, t=16.5697
# xi=375.564320212621, logdetD=-9.54266765692673e-07, t=16.4255
# xi=376.398907590871, logdetD=-9.27433930095174e-07, t=16.4242
# xi=377.233494969122, logdetD=-9.01339773779497e-07, t=16.3562
# xi=378.068082347372, logdetD=-8.7596424969473e-07, t=16.207
# xi=378.902669725622, logdetD=-8.51287934046245e-07, t=16.1816
# xi=379.737257103872, logdetD=-8.27291930089512e-07, t=16.3221
# xi=380.571844482123, logdetD=-8.04027717659454e-07, t=16.1877
# xi=381.406431860373, logdetD=-7.81470066219263e-07, t=16.1294
# xi=382.241019238623, logdetD=-7.59532284045254e-07, t=16.0991
# xi=383.075606616873, logdetD=-7.38197583987317e-07, t=16.1462
# xi=383.910193995124, logdetD=-7.17449734406562e-07, t=16.1806
# xi=384.744781373374, logdetD=-6.97272746898633e-07, t=15.9016
# xi=385.579368751624, logdetD=-6.77691179166488e-07, t=15.9811
# xi=386.413956129875, logdetD=-6.58719642786775e-07, t=15.8589
# xi=387.248543508125, logdetD=-6.40268496545913e-07, t=15.9019
# xi=388.083130886375, logdetD=-6.22323637722307e-07, t=15.813
# xi=388.917718264625, logdetD=-6.04871546661542e-07, t=15.9162
# xi=389.752305642876, logdetD=-5.87898745985414e-07, t=15.8485
# xi=390.586893021126, logdetD=-5.71410772105564e-07, t=15.8664
# xi=391.421480399376, logdetD=-5.55448728126606e-07, t=15.8461
# xi=392.256067777626, logdetD=-5.39923718494165e-07, t=15.3905
# xi=393.090655155877, logdetD=-5.24824013464188e-07, t=15.5333
# xi=393.925242534127, logdetD=-5.10138088707034e-07, t=15.4355
#
# 36659 determinants computed
#
# L/R, L, R, T, ldim, F*(L+R)/(ħc)
0.013875, 1.3875e-08, 1e-06, 300, 577, -58.80147881324915
# finished at Sa 10. Feb 19:14:28 CET 2018
