# starting on alcc121 at Mon Aug  7 18:58:27 CEST 2017

# L      = 6.33195e-07
# R      = 1e-05
# LbyR   = 0.0633195
# T      = 0
# cutoff = 1e-12
# epsrel = 2e-07
# ldim   = 158
# cores  = 8
# alpha  = 0.119097787635795
# omegap = 9
# gamma  = 0.035
# quad   = adaptive Gauss-Kronrod
#
# xi=8.39646159556, logdetD=-1.32236056708282, t=1.20323
# xi=1956.92273817, logdetD=-2.97950922743126e-105, t=0.381509
# xi=0.0360262395396, logdetD=-2.96164568439093, t=0.877744
# xi=321.574737547, logdetD=-7.52161978321769e-18, t=0.597869
# xi=0.219235403451, logdetD=-3.25877999713672, t=0.892646
# xi=115.870764021, logdetD=-1.53664846322298e-06, t=0.947161
# xi=0.608441377958, logdetD=-3.30169859104151, t=0.911036
# xi=56.5743289041, logdetD=-0.00287963636106217, t=1.10558
# xi=1.24615826102, logdetD=-3.17251938214075, t=0.951078
# xi=32.1747037081, logdetD=-0.063856600237588, t=1.09977
# xi=2.1911800017, logdetD=-2.88204211942782, t=0.936908
# xi=19.8670849025, logdetD=-0.305089480972418, t=0.922304
# xi=3.54861156891, logdetD=-2.45224642868363, t=0.883018
# xi=12.8009686947, logdetD=-0.751578140083268, t=0.866848
# xi=5.50744002326, logdetD=-1.91558758793242, t=0.852392
# xi=25.1893847867, logdetD=-0.155062842273205, t=0.981071
# xi=3922.24193793, logdetD=-2.57256559177087e-208, t=0.359271
# xi=8.46851407464, logdetD=-1.31017416512394, t=0.926106
# xi=651.545936689, logdetD=-8.6618767148669e-36, t=0.482196
# xi=8.83493240246, logdetD=-1.24992097448168, t=0.930057
# xi=240.137989637, logdetD=-2.20246822741954e-13, t=0.715509
# xi=9.61334435147, logdetD=-1.13099277152636, t=0.945459
# xi=121.545119404, logdetD=-7.47297495385783e-07, t=0.946053
# xi=10.8887781176, logdetD=-0.960224816021802, t=0.943249
# xi=72.7458690117, logdetD=-0.000368808876158558, t=1.12389
# xi=12.778821599, logdetD=-0.753711590218263, t=0.861801
# xi=48.1306314006, logdetD=-0.00841808672884753, t=1.11034
# xi=15.4936847334, logdetD=-0.532724943754601, t=0.889113
# xi=33.998398985, logdetD=-0.0506569833886511, t=1.13256
# xi=19.4113416421, logdetD=-0.323313031151166, t=0.925218
# xi=2.79882053185, logdetD=-2.68605436893902, t=0.911944
# xi=8.32502215906, logdetD=-1.33455534357177, t=0.930728
# xi=0.0179745585411, logdetD=-2.81293363983515, t=0.87902
# xi=7.97975175295, logdetD=-1.39509782052969, t=0.922606
# xi=0.108205060236, logdetD=-3.16377922540433, t=0.874041
# xi=7.33361510294, logdetD=-1.51585256094251, t=0.899119
# xi=0.293583565984, logdetD=-3.28615784732977, t=0.884204
# xi=6.47460776262, logdetD=-1.69255499628653, t=0.859436
# xi=0.580036184682, logdetD=-3.30396881698591, t=0.903109
# xi=5.5169850193, logdetD=-1.91325483492029, t=0.854549
# xi=0.969134993966, logdetD=-3.241902995509, t=0.929345
# xi=4.55027764789, logdetD=-2.16339564266869, t=0.859076
# xi=1.46477545118, logdetD=-3.11016070715189, t=0.946882
# xi=3.63192656261, logdetD=-2.42711603721722, t=0.881712
# xi=2.07364374296, logdetD=-2.91997086045671, t=0.944307
# xi=5.03787695734, logdetD=-2.03369799936777, t=0.862544
# xi=8.36066573702, logdetD=-1.32845694338314, t=0.927851
# xi=2.81478652426, logdetD=-2.68095452483795, t=0.915208
# xi=8.18548907381, logdetD=-1.35869930984629, t=0.925927
# xi=2.89459140839, logdetD=-2.65552738708172, t=0.908803
# xi=7.84767152161, logdetD=-1.41897669204927, t=0.916343
# xi=3.05677720344, logdetD=-2.60421683788605, t=0.902273
# xi=7.37721098303, logdetD=-1.50738773678736, t=0.911598
# xi=3.30280304189, logdetD=-2.52745915023983, t=0.89377
# xi=6.82171247082, logdetD=-1.61883588321134, t=0.881236
# xi=3.62835827084, logdetD=-2.42818845586635, t=0.878758
# xi=6.22465914977, logdetD=-1.74766257358876, t=0.852696
# xi=4.02929069358, logdetD=-2.30994796132974, t=0.867281
# xi=5.62037448834, logdetD=-1.88815881323346, t=0.85793
# xi=4.50186146209, logdetD=-2.17666899008971, t=0.864983
# xi=1.19949451365, logdetD=-3.18510180322911, t=0.944947
# xi=2.78289994927, logdetD=-2.69114374579223, t=0.91446
# xi=0.00897766988622, logdetD=-2.65960827099841, t=0.884413
# xi=2.70466065078, logdetD=-2.71620997607015, t=0.919281
# xi=0.0537561527965, logdetD=-3.04116210372739, t=0.8778
# xi=2.5522276266, logdetD=-2.76527093629179, t=0.923494
# xi=0.144269579026, logdetD=-3.20660143031354, t=0.8782
# xi=2.33646601925, logdetD=-2.83503311900951, t=0.940065
# xi=0.280335171652, logdetD=-3.28242422199345, t=0.890031
# xi=2.07634887606, logdetD=-2.91909972411411, t=0.944737
# xi=0.458128482238, logdetD=-3.30725438657276, t=0.898911
# xi=1.79008911586, logdetD=-3.01042398650588, t=0.95583
# xi=0.673629851327, logdetD=-3.29478031686441, t=0.916061
# xi=1.49305048843, logdetD=-3.10176192546911, t=0.954789
# xi=0.922863715028, logdetD=-3.251973106949, t=0.934906
# xi=58.7752311689, logdetD=-0.00217712638557687, t=1.10196
# xi=7852.88033746, logdetD=0, t=0.117752
# xi=25.3334897448, logdetD=-0.152249433391227, t=1.01358
# xi=1311.48833497, logdetD=-4.20109917140163e-71, t=0.363097
# xi=26.0663264005, logdetD=-0.138713679982817, t=0.994679
# xi=488.672440869, logdetD=-5.77199953998122e-27, t=0.498974
# xi=27.6231502985, logdetD=-0.113823644512882, t=1.01761
# xi=251.486700403, logdetD=-5.24228626723852e-14, t=0.708506
# xi=30.1740178308, logdetD=-0.0823262445423978, t=1.05453
# xi=153.888199619, logdetD=-1.22979145624419e-08, t=0.791375
# xi=33.9541047935, logdetD=-0.0509426897445949, t=1.13916
# xi=104.657724397, logdetD=-6.3878353941595e-06, t=1.00858
# xi=39.3838310623, logdetD=-0.0255657713313782, t=1.1568
# xi=76.3932595655, logdetD=-0.000231989633476391, t=1.10922
# xi=47.2191448797, logdetD=-0.00945138783443585, t=1.11195
# xi=13.9941026593, logdetD=-0.645201632038708, t=0.870134
# xi=25.0465059137, logdetD=-0.157903719776063, t=1.00744
# xi=8.43241071264, logdetD=-1.31626628432631, t=0.932411
# xi=24.3559651015, logdetD=-0.17238619181331, t=0.974188
# xi=8.61287171603, logdetD=-1.2860961276248, t=0.933714
# xi=23.0636918014, logdetD=-0.203160139201116, t=0.959158
# xi=8.98362872753, logdetD=-1.22626993175086, t=0.936204
# xi=21.3456771208, logdetD=-0.252766258546347, t=0.998511
# xi=9.55653396492, logdetD=-1.13927380927897, t=0.942359
# xi=19.4304316341, logdetD=-0.322528200440258, t=0.921122
# xi=10.3347315835, logdetD=-1.03096081573612, t=0.935626
# xi=17.4970168913, logdetD=-0.412598268349235, t=0.91677
# xi=11.3260124979, logdetD=-0.907872099104006, t=0.893749
# xi=15.6603147208, logdetD=-0.521513775950586, t=0.892251
# xi=12.5437490815, logdetD=-0.776736259891449, t=0.868277
# xi=1.93764498359, logdetD=-2.96360324070601, t=0.942581
# xi=2.79085457645, logdetD=-2.68860037010568, t=0.910995
# xi=1.20535479634, logdetD=-3.18353837688717, t=0.941096
# xi=2.75154176815, logdetD=-2.70117951484442, t=0.909606
# xi=1.2345045116, logdetD=-3.17568969164727, t=0.945519
# xi=2.67415106307, logdetD=-2.72600770772986, t=0.914645
# xi=1.29302265952, logdetD=-3.15959399806003, t=0.945472
# xi=2.56276892197, logdetD=-2.76187025116428, t=0.919466
# xi=1.37998789282, logdetD=-3.13493188816713, t=0.946998
# xi=2.42554014371, logdetD=-2.80620646720816, t=0.924759
# xi=1.49184422793, logdetD=-3.10212153018138, t=0.948039
# xi=2.27066034662, logdetD=-2.85633318646799, t=0.935434
# xi=1.62479286561, logdetD=-3.0618676364411, t=0.95242
# xi=2.10550268947, logdetD=-2.90970505904544, t=0.944254
# xi=1.77506875465, logdetD=-3.01514901513055, t=0.947345
# xi=0.559764106371, logdetD=-3.30527974331689, t=0.902964
# xi=1.19364138002, logdetD=-3.18665834461673, t=0.940669
# xi=0.00448643644793, logdetD=-2.51228421348913, t=0.877293
# xi=1.16473812691, logdetD=-3.19426963663741, t=0.938447
# xi=0.0267923110108, logdetD=-2.89956914402529, t=0.877831
# xi=1.10775467464, logdetD=-3.20888552979292, t=0.944305
# xi=0.0715203514619, logdetD=-3.09403135538111, t=0.875414
# xi=1.02554488197, logdetD=-3.22894489187645, t=0.938634
# xi=0.137866097534, logdetD=-3.20018456644628, t=0.876791
# xi=0.923935143591, logdetD=-3.25174606280577, t=0.930592
# xi=0.222981084271, logdetD=-3.26059593616837, t=0.8837
# xi=0.808825515782, logdetD=-3.2742607138559, t=0.92285
# xi=0.323825036488, logdetD=-3.29324194284931, t=0.891429
# xi=0.685571427915, logdetD=-3.29327996759458, t=0.917945
# xi=0.437394612061, logdetD=-3.30654000895363, t=0.894557
# xi=125.946923933, logdetD=-4.27220980419306e-07, t=0.916375
# xi=15714.1571365, logdetD=0, t=0.121898
# xi=59.0634410852, logdetD=-0.00209883648545473, t=1.09903
# xi=2631.37313154, logdetD=-9.95139360596797e-141, t=0.346732
# xi=60.5291143965, logdetD=-0.00174217893329603, t=1.10145
# xi=985.741343334, logdetD=-9.62741511455483e-54, t=0.416883
# xi=63.6427621926, logdetD=-0.00117287407089252, t=1.10176
# xi=511.369862402, logdetD=-3.37486373059108e-28, t=0.500403
# xi=68.7444972571, logdetD=-0.000613290783156075, t=1.0881
# xi=316.172860833, logdetD=-1.4862717444313e-17, t=0.610755
# xi=76.3046711825, logdetD=-0.000234616542626482, t=1.10999
# xi=217.711910389, logdetD=-3.76398277452262e-12, t=0.733709
# xi=87.1641237202, logdetD=-5.9008751053099e-05, t=1.07944
# xi=161.182980727, logdetD=-4.87272811915707e-09, t=0.787829
# xi=102.834751355, logdetD=-8.05310942893662e-06, t=1.00688
# xi=36.3846669141, logdetD=-0.0374154736587888, t=1.16016
# xi=58.4894734229, logdetD=-0.00225763242592195, t=1.09914
# xi=25.2612830208, logdetD=-0.153652700065139, t=0.982693
# xi=57.1083917985, logdetD=-0.00269070912233989, t=1.1608
# xi=25.6222050276, logdetD=-0.146765623612063, t=0.993433
# xi=54.5238451984, logdetD=-0.00373666343095237, t=1.09186
# xi=26.3637190506, logdetD=-0.133570710696962, t=1.02759
# xi=51.0878158372, logdetD=-0.00578186888116735, t=1.11036
# xi=27.5095295254, logdetD=-0.115478226619405, t=1.0092
# xi=47.2573248639, logdetD=-0.00940566312559486, t=1.1133
# xi=29.0659247625, logdetD=-0.0947658548486725, t=1.02897
# xi=43.3904953782, logdetD=-0.0153703488109524, t=1.14674
# xi=31.0484865914, logdetD=-0.073673704858209, t=1.06889
# xi=39.7170910371, logdetD=-0.0245064332260282, t=1.15877
# xi=33.4839597585, logdetD=-0.0540763633596206, t=1.13701
# xi=0.868599475403, logdetD=-3.26306224832676, t=0.931596
# xi=1.19656705402, logdetD=-3.18588093699569, t=0.945031
# xi=0.562315753959, logdetD=-3.3051296032834, t=0.909145
# xi=1.18208479142, logdetD=-3.18971677641757, t=0.944029
# xi=0.574983291691, logdetD=-3.3043205164223, t=0.900125
# xi=1.15340427681, logdetD=-3.19721907999504, t=0.945793
# xi=0.600290147527, logdetD=-3.30239967504166, t=0.906648
# xi=1.11172417426, logdetD=-3.20788512767327, t=0.938539
# xi=0.637598197166, logdetD=-3.29888214409847, t=0.909811
# xi=1.05970775656, logdetD=-3.22076751101165, t=0.936855
# xi=0.685062734424, logdetD=-3.29334524970845, t=0.917902
# xi=1.00010118031, logdetD=-3.23487723145802, t=0.937824
# xi=0.740727615454, logdetD=-3.28552001306466, t=0.923294
# xi=0.935462698491, logdetD=-3.24928443240318, t=0.935227
# xi=0.80268758579, logdetD=-3.27534446728156, t=0.927926
# xi=0.270853599857, logdetD=-3.27948669865535, t=0.891788
# xi=0.557213911893, logdetD=-3.30542541495197, t=0.901748
# xi=0.00224261908063, logdetD=-2.38050001314509, t=0.887686
# xi=0.544596469344, logdetD=-3.30608042074448, t=0.898266
# xi=0.013374816621, logdetD=-2.74762072811029, t=0.875519
# xi=0.519601528649, logdetD=-3.30704032400379, t=0.898551
# xi=0.0356085205441, logdetD=-2.95924711864805, t=0.871879
# xi=0.483259738193, logdetD=-3.30756375631621, t=0.896647
# xi=0.0683717323236, logdetD=-3.08593466553642, t=0.872527
# xi=0.437875937336, logdetD=-3.30656159428557, t=0.896053
# xi=0.110029539442, logdetD=-3.16640370717356, t=0.876085
# xi=0.385829413535, logdetD=-3.30269760990208, t=0.889903
# xi=0.158849358908, logdetD=-3.21975320316005, t=0.874727
# xi=0.329340386055, logdetD=-3.29433980264968, t=0.888415
# xi=0.213145636907, logdetD=-3.25570400672226, t=0.880167
# xi=0.412940734208, logdetD=-3.30510985323252, t=0.8932
# xi=0.558488827571, logdetD=-3.30535313947528, t=0.906484
# xi=0.272048264368, logdetD=-3.27986965433052, t=0.882861
# xi=0.552173860703, logdetD=-3.30570028230179, t=0.901859
# xi=0.27797392458, logdetD=-3.28171415523882, t=0.883527
# xi=0.539637690871, logdetD=-3.30630724322648, t=0.897576
# xi=0.289786198316, logdetD=-3.28512995486241, t=0.884064
# xi=0.521347845815, logdetD=-3.30698844000434, t=0.897533
# xi=0.307137615487, logdetD=-3.28956597300818, t=0.885961
# xi=0.498402476732, logdetD=-3.30747824913411, t=0.896137
# xi=0.329105594011, logdetD=-3.29429419966677, t=0.888128
# xi=0.471944003269, logdetD=-3.30749653147981, t=0.896066
# xi=0.354717397109, logdetD=-3.29870854867921, t=0.885203
# xi=0.443050860404, logdetD=-3.3067783350458, t=0.893278
# xi=0.383035040543, logdetD=-3.30239527733781, t=0.888987
# xi=0.133277168183, logdetD=-3.1953134564001, t=0.87477
# xi=0.269659264589, logdetD=-3.27910005277064, t=0.885176
# xi=0.00112115981448, logdetD=-2.27078147976404, t=0.885824
# xi=0.263744954842, logdetD=-3.27712829183932, t=0.884554
# xi=0.00668208632586, logdetD=-2.59556264726202, t=0.877822
# xi=0.252003353117, logdetD=-3.27291826348656, t=0.885768
# xi=0.0177665871477, logdetD=-2.81037358133854, t=0.880476
# xi=0.23487085365, logdetD=-3.26600137198157, t=0.881309
# xi=0.0340472441342, logdetD=-2.94998802989973, t=0.874314
# xi=0.213374229718, logdetD=-3.25582232156828, t=0.882243
# xi=0.0546566518307, logdetD=-3.04433349199502, t=0.870482
# xi=0.188581902757, logdetD=-3.24155294211977, t=0.878072
# xi=0.0786804174972, logdetD=-3.11087405891834, t=0.872267
# xi=0.161502822972, logdetD=-3.22195188885001, t=0.878758
# xi=0.105237087574, logdetD=-3.15937873627015, t=0.876913
# xi=0.201515078293, logdetD=-3.24937320030511, t=0.880217
# xi=0.270256391076, logdetD=-3.27929383890146, t=0.884283
# xi=0.133855647509, logdetD=-3.19594073325335, t=0.879184
# xi=0.267297819183, logdetD=-3.27832427169519, t=0.886601
# xi=0.136723768323, logdetD=-3.19899410282424, t=0.876774
# xi=0.26141821614, logdetD=-3.27632591393451, t=0.885424
# xi=0.142435174047, logdetD=-3.20480640003154, t=0.879992
# xi=0.252824803076, logdetD=-3.27322615623035, t=0.883585
# xi=0.150810527644, logdetD=-3.21273703174405, t=0.87997
# xi=0.242018300702, logdetD=-3.26900541021522, t=0.884642
# xi=0.161389898106, logdetD=-3.22185944815361, t=0.876832
# xi=0.229521585894, logdetD=-3.26363488280452, t=0.882969
# xi=0.17368984303, logdetD=-3.23137411624092, t=0.878358
# xi=0.215831117124, logdetD=-3.25707976328415, t=0.88378
# xi=0.187246554999, logdetD=-3.24069425339768, t=0.880678
# xi=0.0661138708312, logdetD=-3.07983508321812, t=0.871707
# xi=0.132698767311, logdetD=-3.19468234454563, t=0.874473
# xi=0.000560542483281, logdetD=-2.18578370343876, t=0.881823
# xi=0.129833351121, logdetD=-3.19149671815616, t=0.877477
# xi=0.00333971425439, logdetD=-2.45382718235415, t=0.889443
# xi=0.12413878528, logdetD=-3.18485885260614, t=0.876648
# xi=0.00887390515425, logdetD=-2.65706116378795, t=0.879678
# xi=0.11581559522, logdetD=-3.17434775994999, t=0.875663
# xi=0.0169891769233, logdetD=-2.80051908086691, t=0.881782
# xi=0.105348535367, logdetD=-3.15954700214909, t=0.876177
# xi=0.027239667793, logdetD=-2.90309914366239, t=0.876461
# xi=0.0932438376555, logdetD=-3.13973770746681, t=0.87646
# xi=0.0391567463985, logdetD=-2.97865901490266, t=0.873372
# xi=0.0799821975412, logdetD=-3.11372647164283, t=0.878064
# xi=0.0522908499905, logdetD=-3.03586160570974, t=0.87572
# xi=0.0995627857181, logdetD=-3.15048041139499, t=0.876629
# xi=0.132987957941, logdetD=-3.19499838202457, t=0.882641
# xi=0.0663985637419, logdetD=-3.08061840769236, t=0.878203
# xi=0.131554911979, logdetD=-3.19342256271051, t=0.883156
# xi=0.0678097938292, logdetD=-3.08444038516155, t=0.87595
# xi=0.128705527806, logdetD=-3.19021521925086, t=0.874478
# xi=0.0706186100676, logdetD=-3.09175903975103, t=0.872797
# xi=0.124537435972, logdetD=-3.18533744909651, t=0.875893
# xi=0.0747341066962, logdetD=-3.1018445230886, t=0.874733
# xi=0.119289952844, logdetD=-3.17885956318013, t=0.873346
# xi=0.0799268053046, logdetD=-3.11360631455443, t=0.874911
# xi=0.113213419491, logdetD=-3.17084413120783, t=0.872663
# xi=0.0859558766152, logdetD=-3.12608867727249, t=0.874489
# xi=0.106546173413, logdetD=-3.16134014553522, t=0.88033
# xi=0.0925908593055, logdetD=-3.13857273824646, t=0.875595
# xi=0.0329273003747, logdetD=-2.94304262209863, t=0.879894
# xi=0.0658291970741, logdetD=-3.079047594817, t=0.876052
# xi=0.000280261886586, logdetD=-2.12465358824156, t=0.878124
# xi=0.0644186272959, logdetD=-3.07508201930453, t=0.871359
# xi=0.00166952509824, logdetD=-2.33085743601889, t=0.883528
# xi=0.0616139223572, logdetD=-3.06686710689305, t=0.87085
# xi=0.00443460919111, logdetD=-2.50992505888472, t=0.879489
# xi=0.0575111609282, logdetD=-3.05398137545071, t=0.869691
# xi=0.00848600328505, logdetD=-2.64728471223207, t=0.876979
# xi=0.052345881619, logdetD=-3.03606390270781, t=0.870122
# xi=0.01359777705, logdetD=-2.75128314682552, t=0.877243
# xi=0.0463644769451, logdetD=-3.01244421687026, t=0.870744
# xi=0.0195328277053, logdetD=-2.83117914823395, t=0.877626
# xi=0.0398015299982, logdetD=-2.98196761695468, t=0.871208
# xi=0.0260642644654, logdetD=-2.89368272264815, t=0.876475
# xi=0.0494879858284, logdetD=-3.02520543397603, t=0.870081
# xi=0.0659715315586, logdetD=-3.07944186184272, t=0.87314
# xi=0.0330685301915, logdetD=-2.94393315791601, t=0.874805
# xi=0.0652661641562, logdetD=-3.07747751894619, t=0.87378
# xi=0.033768539612, logdetD=-2.94828419454276, t=0.8724
# xi=0.0638632982267, logdetD=-3.0734910869638, t=0.87026
# xi=0.0351614420241, logdetD=-2.95664394375696, t=0.874657
# xi=0.0618103284767, logdetD=-3.06745731775136, t=0.87292
# xi=0.0372014942961, logdetD=-2.9682261279835, t=0.872612
# xi=0.0592242717891, logdetD=-3.05949494348323, t=0.874909
# xi=0.0397740957419, logdetD=-2.98182811587239, t=0.867438
# xi=0.0562276379729, logdetD=-3.04971711577592, t=0.86981
# xi=0.0427590726858, logdetD=-2.99638140920573, t=0.868679
# xi=0.0529372155963, logdetD=-3.03822158217994, t=0.871199
# xi=0.0460415710139, logdetD=-3.01106681928959, t=0.870776
# xi=0.0164314316939, logdetD=-2.79315601775365, t=0.876362
# xi=0.0327860752903, logdetD=-2.94214776832141, t=0.872358
# xi=0.000140128604647, logdetD=-2.08414361659434, t=0.874503
# xi=0.0320862290126, logdetD=-2.93764782584313, t=0.875067
# xi=0.000834679566636, logdetD=-2.23156022544344, t=0.881232
# xi=0.0306943423804, logdetD=-2.92835887511213, t=0.876008
# xi=0.00221671921305, logdetD=-2.378467153713, t=0.885668
# xi=0.0286574365955, logdetD=-2.91387556558857, t=0.873906
# xi=0.00424085860051, logdetD=-2.50089645365723, t=0.879296
# xi=0.0260916096265, logdetD=-2.89390707511065, t=0.874376
# xi=0.00679338769764, logdetD=-2.59910283140101, t=0.87921
# xi=0.0231184096229, logdetD=-2.86787327242753, t=0.875939
# xi=0.00975506716549, logdetD=-2.67784943140723, t=0.876735
# xi=0.0198537089872, logdetD=-2.83474520222909, t=0.875515
# xi=0.0130119364307, logdetD=-2.74152704911389, t=0.877918
#
# ier=0, integral=-3.54271238079786, neval=315, abserr=5.58078e-08, absrel=1.57528e-08
#
# L/R, L, R, T, ldim, F*(L+R)/(ħc)
0.0633195, 6.33195e-07, 1e-05, 0, 158, -9.468524958348972

# finished at Mon Aug  7 19:03:11 CEST 2017
