# starting on alcc121 at Tue Aug  8 01:59:26 CEST 2017

# L      = 1.07088e-07
# R      = 1e-05
# LbyR   = 0.0107088
# T      = 0
# cutoff = 1e-12
# epsrel = 2e-07
# ldim   = 934
# cores  = 8
# alpha  = 0.0211906733175767
# omegap = 9
# gamma  = 0.035
# quad   = adaptive Gauss-Kronrod
#
# xi=47.1905722397, logdetD=-5.5081948617875, t=32.734
# xi=10998.4786796, logdetD=-1.5624122174774e-107, t=6.40529
# xi=0.202478012931, logdetD=-18.499132799262, t=32.3629
# xi=1807.34416634, logdetD=-1.34198036925434e-19, t=19.3415
# xi=1.23216714878, logdetD=-20.3650072362502, t=32.2379
# xi=651.227615079, logdetD=-2.45865668048678e-07, t=27.3499
# xi=3.41961866595, logdetD=-19.9326866710583, t=29.6503
# xi=317.964290633, logdetD=-0.00214172934245582, t=41.3327
# xi=7.00377424104, logdetD=-18.1872148406073, t=31.0132
# xi=180.831254016, logdetD=-0.110189521003274, t=43.1219
# xi=12.3150730797, logdetD=-15.5777745444573, t=32.6743
# xi=111.658833261, logdetD=-0.829705759903273, t=38.0266
# xi=19.9442358769, logdetD=-12.3968067563999, t=31.2068
# xi=71.9451915608, logdetD=-2.65709571433339, t=34.045
# xi=30.9534252393, logdetD=-8.91834202819325, t=32.0884
# xi=141.571716719, logdetD=-0.346042773463071, t=39.9978
# xi=22044.1479315, logdetD=-1.30078654372973e-210, t=5.28881
# xi=47.5955282655, logdetD=-5.44265790315168, t=32.8731
# xi=3661.87890492, logdetD=-6.63157602110939e-38, t=11.4802
# xi=49.6549065372, logdetD=-5.12139587669876, t=33.2337
# xi=1349.6458024, logdetD=-6.75173636173414e-15, t=21.7298
# xi=54.0298095716, logdetD=-4.50112782488373, t=33.1027
# xi=683.119153506, logdetD=-1.06800780821666e-07, t=25.191
# xi=61.1981207217, logdetD=-3.64431346686636, t=33.5869
# xi=408.853080272, logdetD=-0.000167933043743883, t=38.9762
# xi=71.8207183991, logdetD=-2.66682695333316, t=34.1316
# xi=270.508238763, logdetD=-0.00827249218812704, t=42.1891
# xi=87.0790439935, logdetD=-1.70439202936334, t=35.5191
# xi=191.080955361, logdetD=-0.0818018958314813, t=43.482
# xi=109.097422718, logdetD=-0.894293406647168, t=37.4167
# xi=15.7301907466, logdetD=-14.0667061309604, t=32.3082
# xi=46.7890616926, logdetD=-5.57396408810398, t=32.6468
# xi=0.101022281071, logdetD=-17.535875646387, t=31.9461
# xi=44.8485409319, logdetD=-5.90323561682188, t=32.5356
# xi=0.608144115665, logdetD=-19.8609213373439, t=32.5022
# xi=41.2170638017, logdetD=-6.57347041439212, t=31.811
# xi=1.65002558771, logdetD=-20.4176090222162, t=31.9803
# xi=36.3891910739, logdetD=-7.58610039961552, t=31.7923
# xi=3.25997316409, logdetD=-19.9981681688536, t=30.0971
# xi=31.0070709114, logdetD=-8.90408949566139, t=32.1725
# xi=5.44682238134, logdetD=-18.9779550626855, t=30.2898
# xi=25.5738924795, logdetD=-10.4727209116784, t=31.453
# xi=8.23246685015, logdetD=-17.5625562844757, t=30.8965
# xi=20.412490532, logdetD=-12.2239268532456, t=30.883
# xi=11.6544848967, logdetD=-15.886537552305, t=32.2344
# xi=28.3143433438, logdetD=-9.64905021410092, t=32.3794
# xi=46.9893890354, logdetD=-5.54105064603155, t=32.7868
# xi=15.819924298, logdetD=-14.0289382389628, t=32.2769
# xi=46.004844905, logdetD=-5.70472805338472, t=32.5485
# xi=16.2684511097, logdetD=-13.8416304498738, t=32.0886
# xi=44.1062113652, logdetD=-6.03435525838275, t=32.2085
# xi=17.1799827579, logdetD=-13.4684750232218, t=31.751
# xi=41.4620854106, logdetD=-6.52590782665915, t=32.0368
# xi=18.5627199943, logdetD=-12.9213177000982, t=31.3945
# xi=38.3400211492, logdetD=-7.15905855877842, t=31.8092
# xi=20.3924356877, logdetD=-12.2312810544785, t=30.8923
# xi=34.984406697, logdetD=-7.90961713957648, t=31.258
# xi=22.6457932769, logdetD=-11.4323233603979, t=30.8885
# xi=31.5881499948, logdetD=-8.7511914112187, t=31.5544
# xi=25.3017793415, logdetD=-10.5583301331653, t=31.4781
# xi=6.74151031995, logdetD=-18.3210638458654, t=30.7388
# xi=15.6407124117, logdetD=-14.1044646664192, t=32.0249
# xi=0.0504571329825, logdetD=-16.6276717212327, t=31.8624
# xi=15.2009846495, logdetD=-14.2914497251105, t=32.3809
# xi=0.302125315884, logdetD=-19.0390671921695, t=32.4508
# xi=14.3442664287, logdetD=-14.6625882500015, t=32.7625
# xi=0.81083726919, logdetD=-20.1188433374779, t=32.6686
# xi=13.1316230309, logdetD=-15.2034147002014, t=32.7098
# xi=1.57556573309, logdetD=-20.4169999152353, t=32.2009
# xi=11.6696885367, logdetD=-15.8793727589504, t=32.3652
# xi=2.57481618775, logdetD=-20.2452164581915, t=30.6088
# xi=10.0608248816, logdetD=-16.6522568042924, t=31.886
# xi=3.78599697028, logdetD=-19.7745165220258, t=29.6054
# xi=8.39138083699, logdetD=-17.4823362996816, t=30.7687
# xi=5.18676424774, logdetD=-19.1078209245789, t=30.1652
# xi=330.334005678, logdetD=-0.0015095617016956, t=41.1617
# xi=44135.4864352, logdetD=0, t=0.856237
# xi=142.381628771, logdetD=-0.337954314396555, t=40.1148
# xi=7370.94838209, logdetD=-2.34629328487589e-73, t=7.5211
# xi=146.500385314, logdetD=-0.29966231719757, t=40.7028
# xi=2746.48217703, logdetD=-5.76222854046257e-29, t=14.4915
# xi=155.250191383, logdetD=-0.232138629502919, t=41.3019
# xi=1413.42887925, logdetD=-1.46543654327842e-15, t=21.4964
# xi=169.586813683, logdetD=-0.152851488668014, t=42.2592
# xi=864.896732784, logdetD=-1.00683266149009e-09, t=23.6447
# xi=190.832009038, logdetD=-0.0823955081152408, t=43.4258
# xi=588.207049765, logdetD=-1.29745497557339e-06, t=30.5993
# xi=221.348660227, logdetD=-0.0340301334099088, t=43.0666
# xi=429.352482962, logdetD=-9.53152357187351e-05, t=38.3069
# xi=265.385417676, logdetD=-0.00957986626452921, t=42.1864
# xi=78.6509537328, logdetD=-2.18231860198307, t=34.2176
# xi=140.768695625, logdetD=-0.354254064565923, t=40.1423
# xi=47.3926168018, logdetD=-5.47539714412374, t=33.0194
# xi=136.887654104, logdetD=-0.396779146821926, t=39.6129
# xi=48.406860471, logdetD=-5.31372168234722, t=32.9085
# xi=129.624699843, logdetD=-0.490595453097022, t=39.5491
# xi=50.4906234151, logdetD=-4.99656533059981, t=33.1847
# xi=119.968954387, logdetD=-0.65063442823268, t=38.3151
# xi=53.7105185678, logdetD=-4.54370882734786, t=33.2203
# xi=109.204714062, logdetD=-0.891489504510289, t=37.8112
# xi=58.0842170023, logdetD=-3.9942073783538, t=33.1414
# xi=98.3383571986, logdetD=-1.22542793723647, t=36.7308
# xi=63.65550594, logdetD=-3.39012813539226, t=33.7436
# xi=88.0155533037, logdetD=-1.65823755104, t=35.2218
# xi=70.4995420331, logdetD=-2.77235080125932, t=34.3929
# xi=10.8901320553, logdetD=-16.2502207390346, t=31.9046
# xi=15.6854197451, logdetD=-14.0855865852356, t=32.1743
# xi=6.77444682426, logdetD=-18.3042548515768, t=30.8137
# xi=15.4644702537, logdetD=-14.1791230412297, t=32.4339
# xi=6.93827675766, logdetD=-18.2206405906863, t=30.9268
# xi=15.0295118349, logdetD=-14.3650089340147, t=32.4333
# xi=7.26716588019, logdetD=-18.0528544958519, t=30.7675
# xi=14.4035115947, logdetD=-14.6366310411135, t=32.729
# xi=7.75593595048, logdetD=-17.8040458781405, t=30.8402
# xi=13.632245687, logdetD=-14.977941583592, t=32.9198
# xi=8.38460129989, logdetD=-17.4857550689686, t=31.0795
# xi=12.7617758861, logdetD=-15.3719677966292, t=32.6149
# xi=9.13181156446, logdetD=-17.1110906813841, t=31.1814
# xi=11.8335415029, logdetD=-15.8023301069387, t=32.3883
# xi=9.97640605432, logdetD=-16.6935958697239, t=31.5832
# xi=3.14603814931, logdetD=-20.0433743343698, t=29.9452
# xi=6.70861399543, logdetD=-18.3378514597586, t=30.9866
# xi=0.0252150862462, logdetD=-15.836109931481, t=31.9136
# xi=6.54616925149, logdetD=-18.4207283492806, t=30.7444
# xi=0.150580631357, logdetD=-18.0879992457737, t=32.2699
# xi=6.22590556777, logdetD=-18.5839103398998, t=30.8973
# xi=0.401965312871, logdetD=-19.399872372344, t=32.6142
# xi=5.76386246598, logdetD=-18.8183134332992, t=30.6749
# xi=0.774847828579, logdetD=-20.0823069004606, t=32.7235
# xi=5.19278598993, logdetD=-19.104827205095, t=30.2287
# xi=1.25321897154, logdetD=-20.3710449185838, t=32.3625
# xi=4.54583618318, logdetD=-19.4216114078298, t=29.9124
# xi=1.81999150517, logdetD=-20.4083281478065, t=31.9556
# xi=3.85311212661, logdetD=-19.744533655492, t=29.5513
# xi=2.4582857675, logdetD=-20.2798880516188, t=30.9247
# xi=707.858583595, logdetD=-5.61257952071412e-08, t=23.9793
# xi=88318.1634426, logdetD=0, t=1.04404
# xi=331.953829781, logdetD=-0.00144208502129241, t=41.0804
# xi=14789.0873364, logdetD=-5.10293162404504e-143, t=5.81014
# xi=340.191342868, logdetD=-0.00114317787882885, t=40.508
# xi=5540.15492631, logdetD=-5.85907277057094e-56, t=8.82811
# xi=357.690955005, logdetD=-0.000699004901406214, t=40.3639
# xi=2874.04833074, logdetD=-3.20886742883752e-30, t=13.6465
# xi=386.364199606, logdetD=-0.000313627394840573, t=39.7856
# xi=1776.98403781, logdetD=-2.72843943621882e-19, t=19.2787
# xi=428.854590315, logdetD=-9.66322129254106e-05, t=38.5736
# xi=1223.60467177, logdetD=-1.41369325434996e-13, t=22.8133
# xi=489.887892693, logdetD=-1.81930709903911e-05, t=35.8817
# xi=905.895538164, logdetD=-3.58104559783471e-10, t=23.636
# xi=577.961407592, logdetD=-1.70386653755292e-06, t=31.5901
# xi=204.492479705, logdetD=-0.0554322280193394, t=43.2679
# xi=328.727963489, logdetD=-0.00157960869533099, t=41.3432
# xi=141.975805843, logdetD=-0.341983221982439, t=40.1532
# xi=320.965880447, logdetD=-0.00196725506672219, t=41.3024
# xi=144.004293182, logdetD=-0.322314947746845, t=40.4916
# xi=306.439971926, logdetD=-0.00296958811423236, t=41.4869
# xi=148.17181907, logdetD=-0.285393172819558, t=40.8485
# xi=287.128481015, logdetD=-0.00514497528429749, t=42.2934
# xi=154.611609375, logdetD=-0.236503189116042, t=41.2007
# xi=265.600000364, logdetD=-0.00952113768899435, t=42.3497
# xi=163.359006244, logdetD=-0.183260735089735, t=41.9164
# xi=243.867286637, logdetD=-0.0177732481715489, t=42.9947
# xi=174.50158412, logdetD=-0.132471728844397, t=42.7236
# xi=223.221678847, logdetD=-0.0322370636988651, t=42.8492
# xi=188.189656306, logdetD=-0.0889693671422626, t=43.7012
# xi=4.88178333514, logdetD=-19.2584483749878, t=30.1579
# xi=6.72505713981, logdetD=-18.3294603388261, t=31.063
# xi=3.16037915576, logdetD=-20.0377595406679, t=29.9101
# xi=6.64366258432, logdetD=-18.3709938129453, t=30.9826
# xi=3.23157442624, logdetD=-20.0095614331743, t=29.9519
# xi=6.48246969595, logdetD=-18.4532122743494, t=30.9133
# xi=3.37380636465, logdetD=-19.9517164439102, t=29.8818
# xi=6.2482153177, logdetD=-18.5725564582912, t=30.8745
# xi=3.58348852559, logdetD=-19.8631801820495, t=29.5962
# xi=5.95586782241, logdetD=-18.7211039868125, t=30.7028
# xi=3.85025312027, logdetD=-19.7458165149361, t=29.613
# xi=5.62086141395, logdetD=-18.8904725697784, t=30.2728
# xi=4.16310604761, logdetD=-19.6027514622792, t=29.698
# xi=5.25757422317, logdetD=-19.0725750095882, t=30.1645
# xi=4.51133921974, logdetD=-19.4381672065972, t=29.6251
# xi=1.52227652386, logdetD=-20.4145624193589, t=32.1398
# xi=3.13170530978, logdetD=-20.0489634401883, t=29.9756
# xi=0.0126041757621, logdetD=-15.1879614854068, t=31.9233
# xi=3.06079158888, logdetD=-20.0762756431586, t=29.9856
# xi=0.075170384901, logdetD=-17.1381059612052, t=32.0885
# xi=2.92031270488, logdetD=-20.1285901370098, t=30.1876
# xi=0.200130309888, logdetD=-18.4830409057575, t=32.4365
# xi=2.71606120342, logdetD=-20.1998339169251, t=30.2486
# xi=0.384269151553, logdetD=-19.3448670360641, t=32.6446
# xi=2.46099095645, logdetD=-20.2791140238416, t=30.9419
# xi=0.618398222925, logdetD=-19.8775167648924, t=32.7937
# xi=2.16847425602, logdetD=-20.3530286715897, t=31.5493
# xi=0.892779900376, logdetD=-20.1905265350143, t=32.5834
# xi=1.85098938436, logdetD=-20.4052194984283, t=31.7771
# xi=1.19794087802, logdetD=-20.3542185348508, t=32.6758
# xi=2.32084781506, logdetD=-20.3171093361862, t=31.1348
# xi=3.13887070912, logdetD=-20.0461721134246, t=29.8826
# xi=1.52899088815, logdetD=-20.4149668931049, t=32.1334
# xi=3.10337874661, logdetD=-20.059942169106, t=30.0491
# xi=1.56229483329, logdetD=-20.4165555863868, t=32.0897
# xi=3.03292180217, logdetD=-20.086849182883, t=30.1312
# xi=1.62868326974, logdetD=-20.4177513333959, t=32.1781
# xi=2.93012751859, logdetD=-20.1250171899544, t=30.1125
# xi=1.72620331389, logdetD=-20.4151626411411, t=31.8467
# xi=2.80116782706, logdetD=-20.1708989507798, t=30.2843
# xi=1.84966978434, logdetD=-20.4053599965255, t=31.872
# xi=2.65246346046, logdetD=-20.2206951964901, t=30.5207
# xi=1.99361561563, logdetD=-20.3860478954707, t=31.566
# xi=2.49007553906, logdetD=-20.2706968632754, t=30.8023
# xi=2.15276906175, logdetD=-20.3563749050228, t=31.3172
# xi=0.749056702217, logdetD=-20.0539822196243, t=32.7871
# xi=1.51556401001, logdetD=-20.4141291744554, t=32.1248
# xi=0.00630124637806, logdetD=-14.6842394922266, t=31.7553
# xi=1.48232385782, logdetD=-20.4115482681444, t=32.4188
# xi=0.0375552813388, logdetD=-16.2742265308992, t=31.6254
# xi=1.41633261875, logdetD=-20.4041594724985, t=32.1412
# xi=0.0998534209564, logdetD=-17.519979681036, t=32.1242
# xi=1.32004295619, logdetD=-20.3873963506965, t=32.7722
# xi=0.191355479399, logdetD=-18.4210644337233, t=32.452
# xi=1.19922563654, logdetD=-20.354645970882, t=32.7856
# xi=0.307186384079, logdetD=-19.0607577481287, t=32.7346
# xi=1.05988550104, logdetD=-20.2969242285052, t=32.5853
# xi=0.442206980106, logdetD=-19.513672243902, t=32.5683
# xi=0.907693145216, logdetD=-20.2020306969151, t=32.9585
# xi=0.591463240432, logdetD=-19.8329216819699, t=32.5879
# xi=1.13257373375, logdetD=-20.3300150567725, t=32.3119
# xi=1.51892003568, logdetD=-20.4143494096131, t=32.4652
# xi=0.752307925379, logdetD=-20.0576565201236, t=32.8337
# xi=1.50229199551, logdetD=-20.4131864423155, t=32.1559
# xi=0.768427603994, logdetD=-20.0754294460402, t=32.5154
# xi=1.46924690516, logdetD=-20.4103290059651, t=32.5652
# xi=0.800527376186, logdetD=-20.1087167879634, t=32.6306
# xi=1.420949408, logdetD=-20.4047791935569, t=32.0505
# xi=0.847599315294, logdetD=-20.1528622425594, t=32.7203
# xi=1.36021370105, logdetD=-20.3953092092035, t=32.2927
# xi=0.90705847441, logdetD=-20.2015500630307, t=32.3017
# xi=1.2899785054, logdetD=-20.38055204545, t=32.305
# xi=0.976187765706, logdetD=-20.2495062135876, t=32.4875
# xi=1.21303406301, logdetD=-20.3591281485199, t=32.306
# xi=1.05238045571, logdetD=-20.2931012287075, t=32.244
# xi=0.371579308974, logdetD=-19.3033347807764, t=32.3915
# xi=0.745805919985, logdetD=-20.0502777155926, t=32.6098
# xi=0.00315041285542, logdetD=-14.3101133356136, t=31.6035
# xi=0.729701442147, logdetD=-20.0314632093802, t=32.5932
# xi=0.0187701718144, logdetD=-15.542160135094, t=31.8994
# xi=0.697696315031, logdetD=-19.9916760070598, t=32.475
# xi=0.0498739448116, logdetD=-16.6133306071901, t=31.6111
# xi=0.650917550271, logdetD=-19.9272347024779, t=32.8612
# xi=0.0954841479076, logdetD=-17.4590216918291, t=32.1166
# xi=0.592089609655, logdetD=-19.8339961853196, t=32.7371
# xi=0.153094907437, logdetD=-18.1110564650882, t=32.4329
# xi=0.524057664852, logdetD=-19.7056630415442, t=32.6559
# xi=0.220072377936, logdetD=-18.613682229524, t=32.418
# xi=0.449523365051, logdetD=-19.5328399915657, t=32.6236
# xi=0.293889885145, logdetD=-19.0028224253174, t=32.3445
# xi=0.559572002842, logdetD=-19.7756948228602, t=32.9771
# xi=0.74743125599, logdetD=-20.0521337593571, t=32.6295
# xi=0.373179366476, logdetD=-19.3086723593543, t=32.4421
# xi=0.739377118153, logdetD=-20.0428601613873, t=32.9383
# xi=0.381110892706, logdetD=-19.3346991655507, t=32.4501
# xi=0.723362744942, logdetD=-20.0238417926234, t=32.4938
# xi=0.396897262249, logdetD=-19.3844515645265, t=32.6391
# xi=0.699936848625, logdetD=-19.9945697015725, t=32.3833
# xi=0.420027558118, logdetD=-19.4527825824256, t=32.4742
# xi=0.670444457239, logdetD=-19.9550963728067, t=32.3734
# xi=0.449212044465, logdetD=-19.5320332661082, t=32.554
# xi=0.636292560885, logdetD=-19.9054064780975, t=32.4924
# xi=0.483097190247, logdetD=-19.6154656625859, t=32.6033
# xi=0.598820686079, logdetD=-19.8454279850437, t=32.3341
# xi=0.520387735364, logdetD=-19.6980138902762, t=32.6816
# xi=0.185061067606, logdetD=-18.3747289247434, t=32.2835
# xi=0.36997935912, logdetD=-19.2979677655074, t=32.3801
# xi=0.00157515384957, logdetD=-14.0434568301498, t=31.5079
# xi=0.362051544021, logdetD=-19.270925855615, t=32.5833
# xi=0.00938321980727, logdetD=-14.9565038151886, t=31.5819
# xi=0.346288281186, logdetD=-19.2148402134182, t=32.4028
# xi=0.0249238018903, logdetD=-15.8240366357944, t=31.9611
# xi=0.323229560867, logdetD=-19.1267490539361, t=32.4188
# xi=0.047693822748, logdetD=-16.5585070760197, t=31.6879
# xi=0.294199179009, logdetD=-19.0042054943874, t=32.4463
# xi=0.0764234877839, logdetD=-17.1599811985021, t=31.9876
# xi=0.260581933679, logdetD=-18.8429490400871, t=32.4049
# xi=0.109780209959, logdetD=-17.6498780482907, t=31.8596
# xi=0.223696250528, logdetD=-18.6360367991769, t=32.6091
# xi=0.146488796635, logdetD=-18.0496432232367, t=32.4585
# xi=0.278136968014, logdetD=-18.9300066392282, t=32.4058
# xi=0.370779320592, logdetD=-19.3006549677227, t=32.8064
# xi=0.185854820522, logdetD=-18.3806624377832, t=32.3754
# xi=0.366814949293, logdetD=-19.2872640786467, t=32.5927
# xi=0.189789078394, logdetD=-18.4096850013956, t=32.4489
# xi=0.358930432079, logdetD=-19.260070534608, t=32.2741
# xi=0.197617597723, logdetD=-18.4655932351222, t=32.5249
# xi=0.347392141075, logdetD=-19.2188722455545, t=32.4399
# xi=0.209083288719, logdetD=-18.5433556158088, t=32.2985
# xi=0.33285774542, logdetD=-19.1644533288622, t=32.7266
# xi=0.223542061976, logdetD=-18.6350937780882, t=32.2729
# xi=0.316015786105, logdetD=-19.0975821476722, t=32.4676
# xi=0.240318506256, logdetD=-18.7336879588444, t=32.5998
# xi=0.297522649074, logdetD=-19.0189584384936, t=32.42
# xi=0.258767107814, logdetD=-18.833564382561, t=32.3805
# xi=0.0923494564377, logdetD=-17.4137150500438, t=31.922
# xi=0.184267341288, logdetD=-18.3687689232066, t=32.2465
# xi=0.000787563780907, logdetD=-13.8608258764713, t=31.0696
# xi=0.180334000327, logdetD=-18.3388329471252, t=32.4132
# xi=0.00469114351778, logdetD=-14.5103500321102, t=31.4525
# xi=0.172511189978, logdetD=-18.277227011478, t=32.1086
# xi=0.0124586109241, logdetD=-15.1783573295225, t=31.8643
# xi=0.16106318316, logdetD=-18.1816994721541, t=32.3989
# xi=0.0238348668505, logdetD=-15.7779979207783, t=31.8165
# xi=0.146642484446, logdetD=-18.0511029636816, t=32.3135
# xi=0.0381808276318, logdetD=-16.2933797558775, t=31.7812
# xi=0.129932230018, logdetD=-17.8828753997851, t=32.0121
# xi=0.0548263332758, logdetD=-16.7310767298941, t=31.6583
# xi=0.111583656701, logdetD=-17.6723047272252, t=31.8123
# xi=0.0731308919979, logdetD=-17.1018222508596, t=31.9066
#
# ier=0, integral=-15.9173593086852, neval=315, abserr=2.13496e-07, absrel=1.34128e-08
#
# L/R, L, R, T, ldim, F*(L+R)/(ħc)
0.0107088, 1.07088e-07, 1e-05, 0, 934, -239.0982463823616

# finished at Tue Aug  8 04:48:02 CEST 2017
