# starting on alcc121 at Mon Aug  7 19:12:17 CEST 2017

# L      = 4.2182e-07
# R      = 1e-05
# LbyR   = 0.042182
# T      = 0
# cutoff = 1e-12
# epsrel = 2e-07
# ldim   = 238
# cores  = 8
# alpha  = 0.0809493927164353
# omegap = 9
# gamma  = 0.035
# quad   = adaptive Gauss-Kronrod
#
# xi=12.3533971836, logdetD=-1.9284362221596, t=2.47163
# xi=2879.1465985, logdetD=-9.23423995725427e-106, t=0.718557
# xi=0.0530040471215, logdetD=-4.6176834683179, t=2.00682
# xi=473.120779739, logdetD=-4.0685290776602e-18, t=1.49106
# xi=0.322552778301, logdetD=-5.10939380682036, t=2.05676
# xi=170.476283804, logdetD=-1.46327150661326e-06, t=2.15984
# xi=0.895176845547, logdetD=-5.15087964848283, t=2.11701
# xi=83.2356758137, logdetD=-0.00344126346573914, t=2.61102
# xi=1.83342563732, logdetD=-4.89335038294046, t=2.18691
# xi=47.3374277543, logdetD=-0.0841999645485404, t=2.69609
# xi=3.22380047283, logdetD=-4.38753903509361, t=2.24
# xi=29.2296925186, logdetD=-0.423075055756959, t=2.29395
# xi=5.22093832768, logdetD=-3.68399369437721, t=2.18115
# xi=18.8335823157, logdetD=-1.07390822909989, t=2.10123
# xi=8.1028887345, logdetD=-2.83816819102457, t=2.15253
# xi=37.0601915509, logdetD=-0.210371494308706, t=2.52074
# xi=5770.64659418, logdetD=-7.80876524532776e-209, t=0.747437
# xi=12.4594052779, logdetD=-1.90997855682054, t=2.192
# xi=958.594956661, logdetD=-3.27136639518503e-36, t=1.01003
# xi=12.9985027402, logdetD=-1.81885045349051, t=2.18506
# xi=353.305964792, logdetD=-1.42654329294668e-13, t=1.66127
# xi=14.1437508747, logdetD=-1.63962917990597, t=2.1081
# xi=178.824748811, logdetD=-6.97176035744383e-07, t=2.13249
# xi=16.0202484583, logdetD=-1.38382559929247, t=2.07529
# xi=107.028252692, logdetD=-0.000413433935787462, t=2.52341
# xi=18.8009981293, logdetD=-1.07706146187623, t=2.13099
# xi=70.8127822208, logdetD=-0.0104060820444393, t=2.59317
# xi=22.795273839, logdetD=-0.752402567157057, t=2.22892
# xi=50.0205618151, logdetD=-0.0663019664805265, t=2.74847
# xi=28.5591746526, logdetD=-0.449194358259627, t=2.28012
# xi=4.11779906121, logdetD=-4.06260888161958, t=2.19965
# xi=12.2482910358, logdetD=-1.94691556404935, t=2.20207
# xi=0.0264452898797, logdetD=-4.3760924701361, t=2.01309
# xi=11.7403077128, logdetD=-2.03879182000762, t=2.21126
# xi=0.159198023019, logdetD=-4.95379346213201, t=2.02658
# xi=10.7896712356, logdetD=-2.22270926119721, t=2.18156
# xi=0.431938425003, logdetD=-5.15066004237668, t=2.07276
# xi=9.5258461424, logdetD=-2.49347298316804, t=2.1123
# xi=0.853385356285, logdetD=-5.15706295149843, t=2.12003
# xi=8.11693192708, logdetD=-2.83454488001804, t=2.1436
# xi=1.42585175538, logdetD=-5.02418040790043, t=2.15131
# xi=6.69465184118, logdetD=-3.22547826118745, t=2.12653
# xi=2.15506886173, logdetD=-4.78072302506059, t=2.21518
# xi=5.3435165348, logdetD=-3.64374361918364, t=2.17665
# xi=3.05087380947, logdetD=-4.45152431957143, t=2.33296
# xi=7.41203831018, logdetD=-3.02215578273968, t=2.10778
# xi=12.3007320874, logdetD=-1.93767323518852, t=2.21537
# xi=4.14128922352, logdetD=-4.05425930780159, t=2.19671
# xi=12.0430012715, logdetD=-1.98352863931269, t=2.22999
# xi=4.25870313884, logdetD=-4.01269741096569, t=2.18256
# xi=11.5459830513, logdetD=-2.07509032615027, t=2.19171
# xi=4.49732098053, logdetD=-3.92915584875642, t=2.19971
# xi=10.8538122093, logdetD=-2.20978763693881, t=2.1858
# xi=4.85928951516, logdetD=-3.80493268050741, t=2.19018
# xi=10.0365282048, logdetD=-2.38027150571098, t=2.17379
# xi=5.33826664173, logdetD=-3.64545970798201, t=2.18706
# xi=9.15810617779, logdetD=-2.57832613737686, t=2.10342
# xi=5.92814338989, logdetD=-3.45703466603029, t=2.17848
# xi=8.26904495246, logdetD=-2.79558993418215, t=2.08424
# xi=6.62341893356, logdetD=-3.24636780740983, t=2.1353
# xi=1.76477102623, logdetD=-4.91653822171002, t=2.19072
# xi=4.09437570867, logdetD=-4.07094596128538, t=2.22311
# xi=0.0132085070152, logdetD=-4.13338557649278, t=1.99929
# xi=3.97926518043, logdetD=-4.11207704634295, t=2.20783
# xi=0.0790893996241, logdetD=-4.7491615774483, t=2.02507
# xi=3.75499622259, logdetD=-4.19293253660462, t=2.21793
# xi=0.212258388958, logdetD=-5.02491552598095, t=2.04088
# xi=3.43755430943, logdetD=-4.30879443559399, t=2.25623
# xi=0.412446562227, logdetD=-5.14531523504847, t=2.05266
# xi=3.05485376976, logdetD=-4.45004983139061, t=2.26397
# xi=0.674027152725, logdetD=-5.17293216494934, t=2.0785
# xi=2.63369058391, logdetD=-4.60606479894132, t=2.27426
# xi=0.991086187138, logdetD=-5.1339443160003, t=2.11831
# xi=2.19666885733, logdetD=-4.76579115826069, t=2.23784
# xi=1.35777456829, logdetD=-5.04398972337129, t=2.16332
# xi=86.4737802854, logdetD=-0.00257901333627612, t=2.61223
# xi=11553.6465855, logdetD=0, t=0.221743
# xi=37.2722077394, logdetD=-0.206432783836686, t=2.51903
# xi=1929.54331051, logdetD=-1.34816913651873e-71, t=0.795575
# xi=38.3504026641, logdetD=-0.187516857089823, t=2.54549
# xi=718.965326768, logdetD=-2.46810079943461e-27, t=1.06077
# xi=40.6408989331, logdetD=-0.152894338697108, t=2.61024
# xi=370.002894806, logdetD=-3.30049670750584e-14, t=1.62232
# xi=44.3938941002, logdetD=-0.109441119784725, t=2.65656
# xi=226.409902568, logdetD=-1.02591285528305e-08, t=1.73359
# xi=49.9553934422, logdetD=-0.0666879083120435, t=2.74249
# xi=153.978961625, logdetD=-6.33875132764996e-06, t=2.31303
# xi=57.9439448616, logdetD=-0.0327387473404113, t=2.75857
# xi=112.394520814, logdetD=-0.000256381365645466, t=2.50518
# xi=69.4717464889, logdetD=-0.0117263305834544, t=2.59616
# xi=20.5889953061, logdetD=-0.917132692360533, t=2.14141
# xi=36.8499792553, logdetD=-0.214351018510367, t=2.50482
# xi=12.4062877634, logdetD=-1.91920462813506, t=2.21034
# xi=35.8340126093, logdetD=-0.23467358336979, t=2.47806
# xi=12.6717932297, logdetD=-1.87353609479359, t=2.19141
# xi=33.9327396548, logdetD=-0.278037321579775, t=2.42972
# xi=13.2172740336, logdetD=-1.78314029835384, t=2.15108
# xi=31.4050894684, logdetD=-0.34838122945207, t=2.36044
# xi=14.0601678962, logdetD=-1.65208037925796, t=2.11735
# xi=28.5872610378, logdetD=-0.448068448016598, t=2.24105
# xi=15.2051006944, logdetD=-1.48956064328312, t=2.09363
# xi=25.742700866, logdetD=-0.57783604838439, t=2.22127
# xi=16.6635349071, logdetD=-1.30578043740128, t=2.06562
# xi=23.0404302532, logdetD=-0.736047095839349, t=2.21687
# xi=18.4551448026, logdetD=-1.11111348031243, t=2.08203
# xi=2.85078396545, logdetD=-4.52569686602474, t=2.26376
# xi=4.10607905155, logdetD=-4.06677898926733, t=2.20462
# xi=1.77339303907, logdetD=-4.91364673207697, t=2.20287
# xi=4.0482395998, logdetD=-4.08739966188241, t=2.22595
# xi=1.81627991545, logdetD=-4.8991754809071, t=2.18497
# xi=3.93437757503, logdetD=-4.12818623974432, t=2.21189
# xi=1.90237545884, logdetD=-4.86971375414821, t=2.21197
# xi=3.77050523279, logdetD=-4.18731223554759, t=2.22647
# xi=2.03032412577, logdetD=-4.82506275134394, t=2.22616
# xi=3.56860570838, logdetD=-4.26078333042448, t=2.28819
# xi=2.19489413177, logdetD=-4.76642949912808, t=2.22883
# xi=3.34073690586, logdetD=-4.34440185866647, t=2.26874
# xi=2.39049644681, logdetD=-4.69547541861313, t=2.23871
# xi=3.09774667558, logdetD=-4.43416341225415, t=2.25928
# xi=2.61159169311, logdetD=-4.61422529325679, t=2.25168
# xi=0.823559812242, logdetD=-5.16097171707522, t=2.11003
# xi=1.75615953153, logdetD=-4.91942001170499, t=2.18647
# xi=0.00660072469214, logdetD=-3.90622543285235, t=2.00855
# xi=1.71363526563, logdetD=-4.93355679928136, t=2.18035
# xi=0.039418516433, logdetD=-4.51611425302474, t=2.01703
# xi=1.62979766204, logdetD=-4.96093275436488, t=2.1761
# xi=0.105225194955, logdetD=-4.83726090849945, t=2.03499
# xi=1.5088454955, logdetD=-4.99908649445276, t=2.1639
# xi=0.202837188214, logdetD=-5.01431354751937, t=2.04156
# xi=1.35935092072, logdetD=-5.04353965427482, t=2.15167
# xi=0.328063657183, logdetD=-5.11223813181685, t=2.07176
# xi=1.18999446791, logdetD=-5.08918844412883, t=2.13407
# xi=0.476431559677, logdetD=-5.16033808521068, t=2.0618
# xi=1.00865537827, logdetD=-5.13047275738363, t=2.12
# xi=0.643522191732, logdetD=-5.17348696283786, t=2.08776
# xi=185.300957754, logdetD=-3.92348085771721e-07, t=2.05082
# xi=23119.6465683, logdetD=0, t=0.228767
# xi=86.8978126624, logdetD=-0.00248342034567714, t=2.62236
# xi=3871.4400182, logdetD=-3.04537132672826e-141, t=0.776971
# xi=89.0542025118, logdetD=-0.00204942773920657, t=2.59557
# xi=1450.28405072, logdetD=-3.23531607762467e-54, t=0.886174
# xi=93.6351950498, logdetD=-0.00136278200585394, t=2.60688
# xi=752.359186795, logdetD=-1.41173297488732e-28, t=1.04519
# xi=101.141185384, logdetD=-0.000698382516974592, t=2.52241
# xi=465.17320232, logdetD=-8.12314740811431e-18, t=1.49701
# xi=112.264184068, logdetD=-0.000259373979472999, t=2.53485
# xi=320.311320434, logdetD=-2.5870405016409e-12, t=1.68047
# xi=128.241286907, logdetD=-6.25539570688047e-05, t=2.42978
# xi=237.142438811, logdetD=-3.9685537937453e-09, t=1.70397
# xi=151.296890161, logdetD=-8.04564895529222e-06, t=2.31157
# xi=53.5313877957, logdetD=-0.0484989147709798, t=2.76466
# xi=86.0533556942, logdetD=-0.00267742557924132, t=2.60448
# xi=37.1659727104, logdetD=-0.208397033234752, t=2.51496
# xi=84.0214224023, logdetD=-0.00320864471444118, t=2.59733
# xi=37.696983643, logdetD=-0.198762406618153, t=2.53519
# xi=80.2188764933, logdetD=-0.00450216926139193, t=2.6058
# xi=38.7879452509, logdetD=-0.180345060197296, t=2.56042
# xi=75.1635761205, logdetD=-0.00706290238604279, t=2.57576
# xi=40.473732976, logdetD=-0.155188827593071, t=2.60344
# xi=69.5279192592, logdetD=-0.0116678068386766, t=2.64122
# xi=42.7635985724, logdetD=-0.126547894820436, t=2.61331
# xi=63.8387989156, logdetD=-0.0193665729008677, t=2.65992
# xi=45.6804669978, logdetD=-0.0975907202889275, t=2.66564
# xi=58.4342576901, logdetD=-0.031339889593821, t=2.7553
# xi=49.2636867888, logdetD=-0.0709254688289668, t=2.72991
# xi=1.27793763969, logdetD=-5.06619933811799, t=2.1477
# xi=1.76046396532, logdetD=-4.91798033329691, t=2.18388
# xi=0.827313955077, logdetD=-5.1605040888074, t=2.12518
# xi=1.73915675871, logdetD=-4.9250914108663, t=2.19283
# xi=0.845951225451, logdetD=-5.15807805291913, t=2.13485
# xi=1.69696019956, logdetD=-4.93905596885138, t=2.18766
# xi=0.883184247725, logdetD=-5.15273447609048, t=2.11783
# xi=1.63563783708, logdetD=-4.9590485743149, t=2.17311
# xi=0.938074173688, logdetD=-5.14374808736271, t=2.12305
# xi=1.55910804408, logdetD=-4.98344179322886, t=2.19032
# xi=1.00790695673, logdetD=-5.13062278787585, t=2.14428
# xi=1.47141113712, logdetD=-5.01052500698289, t=2.17456
# xi=1.08980459619, logdetD=-5.11314617600412, t=2.12904
# xi=1.37631097736, logdetD=-5.03867070493395, t=2.15107
# xi=1.18096396307, logdetD=-5.09145142321445, t=2.13562
# xi=0.398496683343, logdetD=-5.14102425308505, t=2.06574
# xi=0.819807807316, logdetD=-5.16143187484083, t=2.12581
# xi=0.00329948084908, logdetD=-3.70773957898565, t=1.99569
# xi=0.801244240094, logdetD=-5.16360030378884, t=2.11349
# xi=0.0196778631209, logdetD=-4.27190660248682, t=2.00555
# xi=0.764470126799, logdetD=-5.16733702232847, t=2.09387
# xi=0.0523894729222, logdetD=-4.61374054925174, t=2.01626
# xi=0.711001821518, logdetD=-5.17131375370154, t=2.07667
# xi=0.1005927504, logdetD=-4.82374347391935, t=2.02547
# xi=0.64423034745, logdetD=-5.17348262158647, t=2.09138
# xi=0.161882310447, logdetD=-4.95817073967074, t=2.04192
# xi=0.567656260471, logdetD=-5.17132312414567, t=2.08715
# xi=0.233709069068, logdetD=-5.04654711728063, t=2.04716
# xi=0.484546085425, logdetD=-5.16176319071348, t=2.07868
# xi=0.313593134525, logdetD=-5.10455326937164, t=2.05856
# xi=0.607544123785, logdetD=-5.17313583178148, t=2.08535
# xi=0.821683542655, logdetD=-5.16120273312882, t=2.11564
# xi=0.400254348169, logdetD=-5.14158743137903, t=2.07805
# xi=0.812392570138, logdetD=-5.16231986023243, t=2.11315
# xi=0.40897254849, logdetD=-5.14428432743063, t=2.02856
# xi=0.793948576399, logdetD=-5.16440198747222, t=2.11607
# xi=0.426351501211, logdetD=-5.14920223354484, t=2.05849
# xi=0.767039417364, logdetD=-5.16710118392523, t=2.09993
# xi=0.451879986702, logdetD=-5.155406125874, t=2.08231
# xi=0.733280761462, logdetD=-5.16987925570974, t=2.09493
# xi=0.484200644748, logdetD=-5.1617045058634, t=2.08486
# xi=0.694353407619, logdetD=-5.17216454641404, t=2.07668
# xi=0.521882324425, logdetD=-5.16712753157902, t=2.07313
# xi=0.651844016533, logdetD=-5.17340973736052, t=2.08535
# xi=0.563545004908, logdetD=-5.17104343040719, t=2.07881
# xi=0.196085669581, logdetD=-5.00624858379527, t=2.03253
# xi=0.396739502921, logdetD=-5.14045456816525, t=2.06453
# xi=0.00164952013857, logdetD=-3.54546923942873, t=2.01237
# xi=0.388038002112, logdetD=-5.13753328820689, t=2.06678
# xi=0.00983110152523, logdetD=-4.03392104365354, t=1.98178
# xi=0.370763026452, logdetD=-5.13121511973588, t=2.06531
# xi=0.0261393094145, logdetD=-4.37198635199309, t=2.01767
# xi=0.345556626321, logdetD=-5.12063862172663, t=2.06508
# xi=0.0500924258405, logdetD=-4.59853341218608, t=2.00385
# xi=0.313929454504, logdetD=-5.10473995333122, t=2.06467
# xi=0.0804142698812, logdetD=-4.7544333870528, t=2.02737
# xi=0.277453439153, logdetD=-5.08198436441897, t=2.07156
# xi=0.115759529994, logdetD=-4.86539900954542, t=2.01869
# xi=0.237613010641, logdetD=-5.05014802154891, t=2.05774
# xi=0.154831356812, logdetD=-4.94645091697534, t=2.03811
# xi=0.296481532407, logdetD=-5.09451166641458, t=2.06321
# xi=0.397618032594, logdetD=-5.14074022730798, t=2.05295
# xi=0.19693676439, logdetD=-5.00728789319649, t=2.0367
# xi=0.393265197381, logdetD=-5.13930834691535, t=2.08817
# xi=0.201156522341, logdetD=-5.01234378757965, t=2.04616
# xi=0.384614759237, logdetD=-5.13633722559767, t=2.06701
# xi=0.209559498117, logdetD=-5.02195252936288, t=2.04396
# xi=0.371971594787, logdetD=-5.13168057779065, t=2.06264
# xi=0.221881839899, logdetD=-5.03502531333042, t=2.04409
# xi=0.356072395526, logdetD=-5.12525859556991, t=2.07115
# xi=0.237446868545, logdetD=-5.0499967274822, t=2.06259
# xi=0.337686450476, logdetD=-5.11697380490189, t=2.05734
# xi=0.255543313489, logdetD=-5.06551752846104, t=2.04989
# xi=0.317544180257, logdetD=-5.10672160358043, t=2.07522
# xi=0.275488792373, logdetD=-5.08060169090376, t=2.10255
# xi=0.0972708439656, logdetD=-4.81356523653568, t=2.03052
# xi=0.195234690198, logdetD=-5.00520270884684, t=2.03212
# xi=0.000824705008825, logdetD=-3.42110792859439, t=1.98772
# xi=0.191018911458, logdetD=-4.99992039349289, t=2.04569
# xi=0.00491359558962, logdetD=-3.8176576421031, t=1.99736
# xi=0.182640711568, logdetD=-4.98889845249585, t=2.03633
# xi=0.0130558418797, logdetD=-4.12940854254179, t=2.00415
# xi=0.17039511603, logdetD=-4.97141020382669, t=2.05375
# xi=0.0249955350796, logdetD=-4.3561975722338, t=1.99935
# xi=0.154995325745, logdetD=-4.94673174735444, t=2.02896
# xi=0.0400766955899, logdetD=-4.52186285630843, t=2.00832
# xi=0.137186140659, logdetD=-4.91364459461236, t=2.03178
# xi=0.0576098437626, logdetD=-4.64569187406448, t=2.01434
# xi=0.117674789863, logdetD=-4.8701662291852, t=2.02569
# xi=0.076933554885, logdetD=-4.7403548226503, t=2.01068
# xi=0.146482970557, logdetD=-4.93159361017405, t=2.01223
# xi=0.195660165463, logdetD=-5.0057264706426, t=2.03219
# xi=0.0976897019049, logdetD=-4.81487209118915, t=2.00448
# xi=0.193551779, logdetD=-5.0031143851988, t=2.02529
# xi=0.0997659914929, logdetD=-4.82124957843991, t=2.05802
# xi=0.189359587562, logdetD=-4.99779404747265, t=2.03278
# xi=0.10389849686, logdetD=-4.83346656514451, t=2.00853
# xi=0.183227231291, logdetD=-4.98969377652321, t=2.0477
# xi=0.10995347179, logdetD=-4.85031116264359, t=2.0178
# xi=0.17550680733, logdetD=-4.97892153234146, t=2.04958
# xi=0.117593293355, logdetD=-4.86996540369707, t=2.02475
# xi=0.166566633049, logdetD=-4.96557312579516, t=2.02865
# xi=0.126463638523, logdetD=-4.89083019636666, t=2.01442
# xi=0.156757365419, logdetD=-4.94972412972542, t=2.04388
# xi=0.136225438246, logdetD=-4.91169761854973, t=2.01972
# xi=0.0484446948378, logdetD=-4.58714054279422, t=2.01188
# xi=0.0968520142064, logdetD=-4.81225151556563, t=2.02165
# xi=0.000412338740675, logdetD=-3.33175002755893, t=1.983
# xi=0.0947766961063, logdetD=-4.80563723846827, t=2.00635
# xi=0.00245630929313, logdetD=-3.63401905119005, t=1.98873
# xi=0.0906502395394, logdetD=-4.79194248984641, t=2.01459
# xi=0.00652447320439, logdetD=-3.90263434358305, t=2.01135
# xi=0.0846140014282, logdetD=-4.77048243144037, t=2.01078
# xi=0.0124851364934, logdetD=-4.11416014524009, t=2.0011
# xi=0.0770145208441, logdetD=-4.74069083827917, t=2.0329
# xi=0.0200058963888, logdetD=-4.27771737232275, t=2.01327
# xi=0.0682143057997, logdetD=-4.70151487915421, t=2.01981
# xi=0.0287379125144, logdetD=-4.40540942151901, t=2.01546
# xi=0.058558489548, logdetD=-4.65114687898889, t=2.0183
# xi=0.0383473690168, logdetD=-4.50653565666901, t=1.99551
# xi=0.0728098065833, logdetD=-4.722666454516, t=2.02049
# xi=0.0970614255637, logdetD=-4.81290923809442, t=2.00873
# xi=0.0486524809392, logdetD=-4.58860064020522, t=2.023
# xi=0.096023645115, logdetD=-4.80963249439982, t=2.01093
# xi=0.0496823783913, logdetD=-4.59573739425768, t=2.01015
# xi=0.0939596613969, logdetD=-4.80298429413355, t=2.00571
# xi=0.0517317031621, logdetD=-4.60946290975887, t=2.02156
# xi=0.0909392044533, logdetD=-4.79292607180474, t=2.01961
# xi=0.0547331551075, logdetD=-4.62850817573145, t=2.01585
# xi=0.0871344368096, logdetD=-4.77966145538417, t=2.02563
# xi=0.0585181265617, logdetD=-4.65091682581161, t=2.0091
# xi=0.0827256025257, logdetD=-4.76338686613209, t=2.01594
# xi=0.0629098105291, logdetD=-4.67494164648595, t=2.00756
# xi=0.0778845282163, logdetD=-4.74427524363852, t=2.01854
# xi=0.0677392264848, logdetD=-4.69923395161146, t=2.02564
# xi=0.0241749455648, logdetD=-4.34441818649974, t=2.0107
# xi=0.0482369156988, logdetD=-4.5856735707133, t=2.02978
# xi=0.000206165929575, logdetD=-3.27178181308227, t=1.97588
# xi=0.0472072582726, logdetD=-4.57829974521404, t=2.00644
# xi=0.00122803255757, logdetD=-3.48798492506197, t=2.00449
# xi=0.0451594279805, logdetD=-4.56309499563749, t=2.02605
# xi=0.003261375351, logdetD=-3.70471013512309, t=1.99706
# xi=0.0421626053427, logdetD=-4.53943283849375, t=2.02216
# xi=0.00623941526981, logdetD=-3.88890422022056, t=2.00756
# xi=0.0383876009208, logdetD=-4.50690056019249, t=2.01455
# xi=0.00999485503461, logdetD=-4.03939009550662, t=1.99698
# xi=0.0340132439213, logdetD=-4.46464824137644, t=2.01605
# xi=0.0143522623044, logdetD=-4.16191920323316, t=2.00094
# xi=0.0292100130389, logdetD=-4.411150150161, t=2.00315
# xi=0.0191439711868, logdetD=-4.26224668555078, t=2.00862
#
# ier=0, integral=-5.22599446075967, neval=315, abserr=2.7223e-08, absrel=5.20916e-09
#
# L/R, L, R, T, ldim, F*(L+R)/(ħc)
0.042182, 4.2182e-07, 1e-05, 0, 238, -20.54969958611918

# finished at Mon Aug  7 19:23:22 CEST 2017
