# starting on alcc122 at Mon Aug  7 22:21:26 CEST 2017

# L      = 1.52792e-07
# R      = 1e-05
# LbyR   = 0.0152792
# T      = 0
# cutoff = 1e-12
# epsrel = 2e-07
# ldim   = 655
# cores  = 8
# alpha  = 0.0300985187128821
# omegap = 9
# gamma  = 0.035
# quad   = adaptive Gauss-Kronrod
#
# xi=33.2242263993, logdetD=-4.38277062179156, t=16.0665
# xi=7743.40993034, logdetD=-4.52597250868294e-107, t=3.62727
# xi=0.142553375033, logdetD=-13.0735852563516, t=15.8823
# xi=1272.44932439, logdetD=-3.65694849676082e-19, t=10.242
# xi=0.867499552769, logdetD=-14.4839082334652, t=15.7663
# xi=458.492717803, logdetD=-5.06501926968189e-07, t=14.8295
# xi=2.40756107342, logdetD=-14.3181215562076, t=15.1813
# xi=223.860764503, logdetD=-0.00301441615480612, t=21.0052
# xi=4.93096332573, logdetD=-13.2177102890575, t=15.448
# xi=127.313110191, logdetD=-0.118527025197015, t=21.134
# xi=8.67034995986, logdetD=-11.4776745288577, t=15.8726
# xi=78.6127012175, logdetD=-0.763576099665074, t=17.6459
# xi=14.041614176, logdetD=-9.29483168597183, t=15.9104
# xi=50.6525608678, logdetD=-2.23384417255115, t=16.7708
# xi=21.7925648954, logdetD=-6.84953778046913, t=15.9144
# xi=99.6726791979, logdetD=-0.340971470209768, t=19.3215
# xi=15520.0440871, logdetD=-3.77120597381852e-210, t=3.48561
# xi=33.5093331494, logdetD=-4.33447412509363, t=15.8347
# xi=2578.12287518, logdetD=-1.89455872595115e-37, t=5.96295
# xi=34.9592255048, logdetD=-4.0971229735762, t=16.0569
# xi=950.209662006, logdetD=-1.75944282099313e-14, t=11.4725
# xi=38.0393485461, logdetD=-3.63581658772906, t=16.3895
# xi=480.945755404, logdetD=-2.24822090757991e-07, t=13.9806
# xi=43.0861530507, logdetD=-2.99092708516486, t=16.4308
# xi=287.85044678, logdetD=-0.000271560346118958, t=19.7048
# xi=50.564926319, logdetD=-2.24139711361222, t=16.6685
# xi=190.449628834, logdetD=-0.0106925306715131, t=21.252
# xi=61.3074547513, logdetD=-1.48285582227166, t=17.0001
# xi=134.529348135, logdetD=-0.0899765522595564, t=21.2634
# xi=76.8093561902, logdetD=-0.818201807879238, t=17.5345
# xi=11.0747421331, logdetD=-10.4474179064852, t=16.4476
# xi=32.941545417, logdetD=-4.4311977511612, t=15.6743
# xi=0.0711241033619, logdetD=-12.3730879654638, t=15.756
# xi=31.5753339466, logdetD=-4.67305437307486, t=15.5753
# xi=0.428160050267, logdetD=-14.0749248404426, t=15.9155
# xi=29.0186152503, logdetD=-5.1625003308073, t=15.7205
# xi=1.16169016583, logdetD=-14.5532026216435, t=15.6596
# xi=25.6195817373, logdetD=-5.89549562655658, t=15.9291
# xi=2.29516365916, logdetD=-14.3562581280481, t=14.9593
# xi=21.8303337944, logdetD=-6.83938759209136, t=15.8989
# xi=3.83480113433, logdetD=-13.7282450693109, t=15.0891
# xi=18.0051385971, logdetD=-7.94984787366944, t=15.3304
# xi=5.79601665064, logdetD=-12.8072750458492, t=15.6408
# xi=14.371285929, logdetD=-9.17472345971988, t=15.7735
# xi=8.20526699293, logdetD=-11.6865000402166, t=15.6659
# xi=19.9345358396, logdetD=-7.3684025450868, t=15.6159
# xi=33.0825846262, logdetD=-4.40696800120736, t=15.5944
# xi=11.1379184771, logdetD=-10.4215057476421, t=16.4085
# xi=32.3894225064, logdetD=-4.52736321185465, t=15.6845
# xi=11.4537009657, logdetD=-10.2928861329262, t=16.4344
# xi=31.0527014712, logdetD=-4.76909868733392, t=15.5609
# xi=12.0954591054, logdetD=-10.0361134290549, t=16.2631
# xi=29.1911211772, logdetD=-5.12788649004424, t=15.5947
# xi=13.068966584, logdetD=-9.65834547611801, t=15.9927
# xi=26.993051416, logdetD=-5.58727101223485, t=15.7659
# xi=14.3571664416, logdetD=-9.17983574199232, t=15.6841
# xi=24.6305521078, logdetD=-6.12818701126008, t=16.1213
# xi=15.9436287189, logdetD=-8.62290377780489, t=15.6035
# xi=22.2394388784, logdetD=-6.73042511572163, t=16.0126
# xi=17.813559049, logdetD=-8.01008038965469, t=15.3216
# xi=4.74631805704, logdetD=-13.3049451788463, t=15.2285
# xi=11.0117454726, logdetD=-10.4733161725862, t=16.4013
# xi=0.0355240280019, logdetD=-11.7059777166447, t=15.6602
# xi=10.7021578997, logdetD=-10.6014566867957, t=16.5563
# xi=0.212709433675, logdetD=-13.4662784877298, t=15.8946
# xi=10.0989908099, logdetD=-10.8552394329137, t=16.459
# xi=0.570864893686, logdetD=-14.2748366788401, t=15.9721
# xi=9.24523683151, logdetD=-11.2236687680876, t=15.9722
# xi=1.10926717221, logdetD=-14.5472581314975, t=15.5748
# xi=8.21597102031, logdetD=-11.6816614651651, t=15.6488
# xi=1.81278318737, logdetD=-14.4927217196296, t=15.1107
# xi=7.08326065492, logdetD=-12.2014796449966, t=15.5307
# xi=2.66550742061, logdetD=-14.224084779351, t=14.8939
# xi=5.90789904634, logdetD=-12.7542204615534, t=15.7011
# xi=3.65170883649, logdetD=-13.8107399236553, t=15.0213
# xi=232.569584795, logdetD=-0.00216921108148329, t=21.0865
# xi=31073.3124006, logdetD=0, t=0.659888
# xi=100.242892698, logdetD=-0.333613995662209, t=19.2809
# xi=5189.46997676, logdetD=-6.78356370910858e-73, t=3.99009
# xi=103.142677409, logdetD=-0.29858665822911, t=19.4921
# xi=1933.64355041, logdetD=-1.62609080608869e-28, t=7.7347
# xi=109.302923492, logdetD=-0.235914700919057, t=19.8681
# xi=995.115737208, logdetD=-3.85162272658365e-15, t=11.2848
# xi=119.396532501, logdetD=-0.160391711704902, t=20.6766
# xi=608.92511996, logdetD=-2.32834288339261e-09, t=11.9348
# xi=134.354079037, logdetD=-0.0905807019915441, t=21.1803
# xi=414.123484068, logdetD=-2.54620808330628e-06, t=16.269
# xi=155.839135902, logdetD=-0.039907016102324, t=21.3369
# xi=302.282922669, logdetD=-0.000158370001453247, t=19.3664
# xi=186.84293878, logdetD=-0.0122625937419076, t=21.0875
# xi=55.3737106655, logdetD=-1.86268275487679, t=16.8724
# xi=99.1073172332, logdetD=-0.348426761684934, t=19.325
# xi=33.366474606, logdetD=-4.35860590023861, t=15.7664
# xi=96.3748942926, logdetD=-0.386825131302263, t=18.9392
# xi=34.0805464998, logdetD=-4.23933667215878, t=15.8989
# xi=91.2614568998, logdetD=-0.470436442795715, t=18.3887
# xi=35.547606731, logdetD=-4.00461738499482, t=16.021
# xi=84.463389874, logdetD=-0.610279840897916, t=17.9303
# xi=37.8145537176, logdetD=-3.66762246228049, t=16.3167
# xi=76.884893988, logdetD=-0.815836927456521, t=17.5608
# xi=40.8938286679, logdetD=-3.25546158800529, t=16.4825
# xi=69.2345035934, logdetD=-1.09389006114186, t=17.4358
# xi=44.8162597006, logdetD=-2.79760987008895, t=16.5932
# xi=61.9667982573, logdetD=-1.44577928472737, t=16.963
# xi=49.6347603851, logdetD=-2.32317114274469, t=16.6209
# xi=7.66712916907, logdetD=-11.9316347444765, t=15.5175
# xi=11.0432213904, logdetD=-10.4603687888683, t=16.4704
# xi=4.76950679632, logdetD=-13.2940057508413, t=15.207
# xi=10.8876632867, logdetD=-10.5245016418072, t=16.5146
# xi=4.88485023336, logdetD=-13.2395215516776, t=15.302
# xi=10.5814335401, logdetD=-10.6518155880551, t=16.5333
# xi=5.11640255724, logdetD=-13.1298681311117, t=15.4242
# xi=10.1407019973, logdetD=-10.837514601323, t=16.6328
# xi=5.46051805959, logdetD=-12.9665405334617, t=15.5329
# xi=9.59769707253, logdetD=-11.0702744142436, t=16.2957
# xi=5.90312595576, logdetD=-12.7564829553958, t=15.708
# xi=8.98484826893, logdetD=-11.3381404314759, t=15.9801
# xi=6.42919465593, logdetD=-12.5078136297354, t=15.7626
# xi=8.33133067343, logdetD=-11.6296106203206, t=15.6669
# xi=7.0238261091, logdetD=-12.2291535146027, t=15.5427
# xi=2.21494842662, logdetD=-14.3822348070627, t=14.99
# xi=4.72315760609, logdetD=-13.315866061563, t=15.4563
# xi=0.017752523319, logdetD=-11.1162537234461, t=15.8501
# xi=4.608789403, logdetD=-13.3697106988102, t=15.2398
# xi=0.106015349043, logdetD=-12.7750654793106, t=15.7944
# xi=4.38330976521, logdetD=-13.4753721026536, t=15.3037
# xi=0.283001157343, logdetD=-13.7307036452189, t=16.0123
# xi=4.0580112174, logdetD=-13.6262245021725, t=15.2333
# xi=0.545526753754, logdetD=-14.2459132484734, t=15.9025
# xi=3.65594840631, logdetD=-13.8088437018725, t=15.009
# xi=0.882320956544, logdetD=-14.4898611939403, t=15.7287
# xi=3.20046745263, logdetD=-14.0078140291428, t=15.0583
# xi=1.28135360397, logdetD=-14.558892753076, t=15.5693
# xi=2.71275942547, logdetD=-14.2060127757012, t=15.187
# xi=1.73074067588, logdetD=-14.510169577568, t=15.2706
# xi=498.363395989, logdetD=-1.19998416694566e-07, t=13.0714
# xi=62179.8490275, logdetD=0, t=0.771827
# xi=233.710011795, logdetD=-0.00207779514264674, t=20.5707
# xi=10412.1641799, logdetD=-1.47906155306821e-142, t=3.6863
# xi=239.509581217, logdetD=-0.00166940120723185, t=20.6299
# xi=3900.51132722, logdetD=-1.68897830911099e-55, t=4.45127
# xi=251.830073382, logdetD=-0.00104940844868091, t=20.4465
# xi=2023.45570082, logdetD=-9.07726672613879e-30, t=7.16111
# xi=272.017291401, logdetD=-0.000491447471727085, t=20.0484
# xi=1251.07446632, logdetD=-7.41995852863345e-19, t=10.3122
# xi=301.932384474, logdetD=-0.000160455221531896, t=19.4493
# xi=861.471194535, logdetD=-3.60982225345461e-13, t=11.5859
# xi=344.902498203, logdetD=-3.24849479420867e-05, t=18.5741
# xi=637.790071737, logdetD=-8.41391827827918e-10, t=11.8451
# xi=406.910103958, logdetD=-3.31479315437627e-06, t=16.5128
# xi=143.97164773, logdetD=-0.0627492964079958, t=21.9298
# xi=231.438860866, logdetD=-0.00226383634895786, t=20.9917
# xi=99.9571756113, logdetD=-0.337280517910518, t=19.3099
# xi=225.974014984, logdetD=-0.00278298026090485, t=20.5591
# xi=101.385319399, logdetD=-0.319348107036831, t=19.42
# xi=215.747140199, logdetD=-0.00409735626759587, t=20.8687
# xi=104.319439861, logdetD=-0.285445397657253, t=19.7098
# xi=202.151006147, logdetD=-0.00685834464889087, t=20.943
# xi=108.853333835, logdetD=-0.240005460840019, t=19.7712
# xi=186.994014375, logdetD=-0.0121924065089628, t=21.0512
# xi=115.011883735, logdetD=-0.18965501006645, t=20.292
# xi=171.693233586, logdetD=-0.0218166066764466, t=21.4097
# xi=122.8567458, logdetD=-0.140526128906317, t=20.7139
# xi=157.157822914, logdetD=-0.0379507409446095, t=21.2574
# xi=132.49374717, logdetD=-0.0972491994886883, t=21.0744
# xi=3.43698893786, logdetD=-13.9057801249079, t=14.9551
# xi=4.73473429876, logdetD=-13.3104079489492, t=15.2574
# xi=2.22504512226, logdetD=-14.3790259560418, t=14.9096
# xi=4.67742897249, logdetD=-13.3374124574466, t=15.2638
# xi=2.2751697059, logdetD=-14.3628344274479, t=14.9709
# xi=4.56394213045, logdetD=-13.3907829366985, t=15.1854
# xi=2.37530721003, logdetD=-14.3292606809431, t=15.1952
# xi=4.39901680473, logdetD=-13.4680365200974, t=15.2436
# xi=2.52293262029, logdetD=-14.2770928759944, t=15.0038
# xi=4.19319138431, logdetD=-13.5638065670836, t=15.0891
# xi=2.71074655998, logdetD=-14.2067874030807, t=14.9837
# xi=3.95733222364, logdetD=-13.6724167044387, t=15.1658
# xi=2.93100870122, logdetD=-14.1197144485522, t=15.0887
# xi=3.70156215556, logdetD=-13.7883982496515, t=15.1702
# xi=3.17618008189, logdetD=-14.0181065113977, t=15.0232
# xi=1.07174923869, logdetD=-14.5415333850838, t=15.6102
# xi=2.20485748084, logdetD=-14.3854237163224, t=15.0358
# xi=0.00887389089014, logdetD=-10.6267267620882, t=16.0068
# xi=2.15493112043, logdetD=-14.4009275289893, t=14.9441
# xi=0.0529232380101, logdetD=-12.0819965805364, t=15.6819
# xi=2.05602784325, logdetD=-14.4302089282028, t=15.0911
# xi=0.140900489431, logdetD=-13.0619027750462, t=15.9102
# xi=1.91222585474, logdetD=-14.4689656291065, t=15.1596
# xi=0.270542285959, logdetD=-13.690206266132, t=16.0551
# xi=1.7326452472, logdetD=-14.5097883801881, t=15.1433
# xi=0.435379390168, logdetD=-14.0875540480522, t=15.88
# xi=1.52670069897, logdetD=-14.5435092668557, t=15.4335
# xi=0.628556089216, logdetD=-14.3325073820305, t=15.8333
# xi=1.30317746639, logdetD=-14.5588798424066, t=15.5472
# xi=0.843402761512, logdetD=-14.473527624774, t=15.8236
# xi=1.63397834751, logdetD=-14.5279189369355, t=15.4071
# xi=2.20990223531, logdetD=-14.3838317655364, t=14.9456
# xi=1.07647644475, logdetD=-14.5423260676009, t=15.6134
# xi=2.18491434171, logdetD=-14.391671995798, t=15.1712
# xi=1.09992387844, logdetD=-14.5459518113346, t=15.6962
# xi=2.1353095719, logdetD=-14.4068920977802, t=15.0532
# xi=1.14666424072, logdetD=-14.5517319985344, t=15.5444
# xi=2.06293790128, logdetD=-14.4282284738831, t=15.0905
# xi=1.21532261615, logdetD=-14.557021349063, t=15.6633
# xi=1.97214463932, logdetD=-14.4534079684072, t=15.097
# xi=1.30224841027, logdetD=-14.5588864695627, t=15.5754
# xi=1.8674502627, logdetD=-14.4799952288807, t=15.1453
# xi=1.40359256994, logdetD=-14.5551858848593, t=15.5635
# xi=1.75312206516, logdetD=-14.5056164619881, t=15.1488
# xi=1.51564355545, logdetD=-14.5448455495034, t=15.3883
# xi=0.527368673005, logdetD=-14.2236642684724, t=15.8746
# xi=1.06702333542, logdetD=-14.5407197675634, t=15.6858
# xi=0.00443635299015, logdetD=-10.2421372459009, t=15.9681
# xi=1.04362081475, logdetD=-14.5363720618365, t=15.5763
# xi=0.0264405602745, logdetD=-11.4437139854169, t=16.1413
# xi=0.99716009679, logdetD=-14.5260860833812, t=15.769
# xi=0.0703011747294, logdetD=-12.3614830141941, t=15.847
# xi=0.929367963807, logdetD=-14.5067220923, t=15.7128
# xi=0.134722625062, logdetD=-13.0169111920347, t=15.8786
# xi=0.844307287688, logdetD=-14.4739334862682, t=15.8671
# xi=0.216272646994, logdetD=-13.4821084863255, t=15.9402
# xi=0.746205739253, logdetD=-14.4217381280706, t=15.8047
# xi=0.311333050758, logdetD=-13.8147789688855, t=15.9576
# xi=0.639055665708, logdetD=-14.3419050830035, t=15.8534
# xi=0.416415984684, logdetD=-14.0536694285207, t=15.9308
# xi=0.797381433583, logdetD=-14.451108578959, t=15.8469
# xi=1.06938612424, logdetD=-14.5411292046925, t=15.5651
# xi=0.52965767628, logdetD=-14.2265426152828, t=15.8791
# xi=1.05767925685, logdetD=-14.5390480352106, t=15.5428
# xi=0.541006634904, logdetD=-14.2404979743913, t=15.8706
# xi=1.03441406825, logdetD=-14.5345125462299, t=15.6219
# xi=0.563606278182, logdetD=-14.2667926812401, t=15.8617
# xi=1.0004105183, logdetD=-14.5268806718008, t=15.6026
# xi=0.596746981668, logdetD=-14.3020332060745, t=15.8862
# xi=0.957649924766, logdetD=-14.5154686874188, t=15.6004
# xi=0.638608829707, logdetD=-14.3415115240138, t=15.8256
# xi=0.908201275796, logdetD=-14.4995071924449, t=15.7478
# xi=0.687278873655, logdetD=-14.3812424252482, t=15.8379
# xi=0.854029023741, logdetD=-14.4782149630747, t=15.7184
# xi=0.740921859161, logdetD=-14.4184140542306, t=15.7174
# xi=0.261608081884, logdetD=-13.6596807799396, t=15.8657
# xi=0.525079980164, logdetD=-14.220764512128, t=15.9775
# xi=0.00221802841101, logdetD=-9.95455559077602, t=15.7416
# xi=0.513741723552, logdetD=-14.2060708371986, t=15.9103
# xi=0.0132150217367, logdetD=-10.8950041682705, t=16.0239
# xi=0.491208714546, logdetD=-14.1751687603075, t=15.8988
# xi=0.035113438028, logdetD=-11.6953679037133, t=15.6438
# xi=0.45827441862, logdetD=-14.1255417204335, t=15.8893
# xi=0.0672250154441, logdetD=-12.3169602285184, t=15.7985
# xi=0.416856976007, logdetD=-14.0544839510465, t=15.9075
# xi=0.107785509348, logdetD=-12.7918165394438, t=15.8129
# xi=0.368959511974, logdetD=-13.9577761583147, t=15.9449
# xi=0.154940577361, logdetD=-13.156761620504, t=15.9165
# xi=0.316484105689, logdetD=-13.8289840283547, t=15.8962
# xi=0.206911330317, logdetD=-13.4398406293613, t=15.9281
# xi=0.393963158885, logdetD=-14.0104133487549, t=15.8696
# xi=0.526224287784, logdetD=-14.2222170779811, t=15.7926
# xi=0.262734592333, logdetD=-13.6636014369356, t=15.8699
# xi=0.520553822556, logdetD=-14.2149649661551, t=15.8859
# xi=0.268318733627, logdetD=-13.6827290742625, t=15.9998
# xi=0.509279003541, logdetD=-14.2001340670267, t=15.8926
# xi=0.27943302809, logdetD=-13.7193417277327, t=15.9188
# xi=0.49278614817, logdetD=-14.1774089677226, t=15.8784
# xi=0.29571776782, logdetD=-13.7697412285871, t=15.971
# xi=0.472022214995, logdetD=-14.1469396868443, t=15.9152
# xi=0.316264922383, logdetD=-13.828385891077, t=16.0038
# xi=0.447977786573, logdetD=-14.1088342129213, t=15.8822
# xi=0.340121546738, logdetD=-13.8903860698239, t=16.0179
# xi=0.421595948144, logdetD=-14.0631554570596, t=15.8685
# xi=0.366375721137, logdetD=-13.95204461383, t=15.9304
# xi=0.130291083919, logdetD=-12.9832750902059, t=15.9035
# xi=0.260481647225, logdetD=-13.6557391830398, t=15.8853
# xi=0.0011089771882, logdetD=-9.74918560486642, t=15.7763
# xi=0.254900118729, logdetD=-13.6358894423145, t=16.0663
# xi=0.00660619705241, logdetD=-10.4504377280518, t=15.9338
# xi=0.243802092399, logdetD=-13.5947713429143, t=15.8536
# xi=0.0175474463952, logdetD=-11.1071911739832, t=16.0212
# xi=0.227567744986, logdetD=-13.5303119368984, t=16.0123
# xi=0.0335785367632, logdetD=-11.6547843807975, t=15.6733
# xi=0.207129086722, logdetD=-13.4408491686457, t=15.8886
# xi=0.0538054772352, logdetD=-12.0980455697795, t=15.7695
# xi=0.183461075999, logdetD=-13.323400458697, t=15.9378
# xi=0.0772900682644, logdetD=-12.4562559599796, t=15.7538
# xi=0.157491942129, logdetD=-13.1729980743788, t=15.9029
# xi=0.103134518472, logdetD=-12.747195327205, t=15.8137
#
# ier=0, integral=-12.3337247541481, neval=285, abserr=4.12363e-07, absrel=3.34338e-08
#
# L/R, L, R, T, ldim, F*(L+R)/(ħc)
0.0152792, 1.52792e-07, 1e-05, 0, 655, -130.4365361021835

# finished at Mon Aug  7 23:36:48 CEST 2017
