# starting on alcc122 at Wed Aug 23 11:10:17 CEST 2017

# L      = 3.81087e-06
# R      = 0.0001
# LbyR   = 0.0381087
# T      = 0
# cutoff = 1e-12
# epsrel = 2e-07
# ldim   = 263
# cores  = 5
# alpha  = 0.0734194790969385
# omegap = 9
# gamma  = 0.35
# quad   = adaptive Gauss-Kronrod
#
# xi=13.6203635915, logdetD=-2.33221238291885, t=4.63632
# xi=3174.43233808, logdetD=-1.72098278613376e-102, t=1.49249
# xi=0.0584401507444, logdetD=-5.15725802150244, t=3.96913
# xi=521.644123228, logdetD=-9.08632720739662e-17, t=2.80083
# xi=0.355633843274, logdetD=-5.74998619639973, t=4.06435
# xi=187.960358971, logdetD=-5.3115713016258e-06, t=4.50053
# xi=0.986986327228, logdetD=-5.83235824844288, t=4.11913
# xi=91.7723401519, logdetD=-0.00675148934285128, t=5.37665
# xi=2.02146206644, logdetD=-5.57352710811835, t=4.40644
# xi=52.1923619808, logdetD=-0.128222149320257, t=5.40823
# xi=3.55443396935, logdetD=-5.03558735397493, t=4.45976
# xi=32.2274944983, logdetD=-0.569608199329818, t=4.77313
# xi=5.75639860476, logdetD=-4.27467363650394, t=4.39482
# xi=20.7651575561, logdetD=-1.35171869561053, t=4.37155
# xi=8.93392231019, logdetD=-3.34744509703013, t=4.16355
# xi=40.8610907745, logdetD=-0.298520973694936, t=5.03627
# xi=6362.48503974, logdetD=-3.47924593681082e-205, t=1.33844
# xi=13.737243893, logdetD=-2.31136446578972, t=4.46918
# xi=1056.90861005, logdetD=-4.61923321636278e-34, t=1.8446
# xi=14.3316312781, logdetD=-2.20825929928521, t=4.3781
# xi=389.541081533, logdetD=-1.66560840081147e-12, t=3.17993
# xi=15.594336246, logdetD=-2.00457080564842, t=4.22733
# xi=197.165043895, logdetD=-2.68057743112499e-06, t=4.35619
# xi=17.6632877244, logdetD=-1.71146154862859, t=4.25443
# xi=118.005087553, logdetD=-0.000960863096545603, t=5.1968
# xi=20.7292315302, logdetD=-1.35540924697507, t=4.36473
# xi=78.0753525881, logdetD=-0.0186904155173471, t=5.33176
# xi=25.133160801, logdetD=-0.971265696923927, t=4.42966
# xi=55.1506787037, logdetD=-0.10286761957935, t=5.50072
# xi=31.4882082119, logdetD=-0.60209651614261, t=4.6966
# xi=4.54012119717, logdetD=-4.68541278032689, t=4.44026
# xi=13.5044777402, logdetD=-2.35307307913008, t=4.47392
# xi=0.0291575230757, logdetD=-4.87998156592696, t=3.97552
# xi=12.9443955657, logdetD=-2.4566197834268, t=4.44517
# xi=0.17552539794, logdetD=-5.55512455274846, t=4.0229
# xi=11.896261658, logdetD=-2.66310061711864, t=4.42912
# xi=0.476238099547, logdetD=-5.80590169368381, t=4.08338
# xi=10.5028184594, logdetD=-2.9653316145139, t=4.30338
# xi=0.940908696085, logdetD=-5.83747916070626, t=4.13506
# xi=8.94940577487, logdetD=-3.34344248502911, t=4.16631
# xi=1.57208734142, logdetD=-5.70899419835477, t=4.25376
# xi=7.38125641393, logdetD=-3.77373287564541, t=4.36223
# xi=2.37609307183, logdetD=-5.45501830232225, t=4.46601
# xi=5.89154845257, logdetD=-4.23085308571446, t=4.40167
# xi=3.3637719195, logdetD=-5.10423527308253, t=4.52012
# xi=8.17221815491, logdetD=-3.55032774297823, t=4.26449
# xi=13.5622971545, logdetD=-2.3426411859389, t=4.39976
# xi=4.56602051431, logdetD=-4.67638426825746, t=4.40136
# xi=13.2781334245, logdetD=-2.39437026876152, t=4.41146
# xi=4.69547641973, logdetD=-4.63142219350199, t=4.41473
# xi=12.7301409355, logdetD=-2.49745368517852, t=4.46958
# xi=4.95856694576, logdetD=-4.54094440372933, t=4.43569
# xi=11.9669809403, logdetD=-2.64862678243944, t=4.42188
# xi=5.35765903169, logdetD=-4.4061637051478, t=4.40366
# xi=11.0658761565, logdetD=-2.83921276734415, t=4.3962
# xi=5.88576012963, logdetD=-4.2327220030542, t=4.40901
# xi=10.0973630247, logdetD=-3.05965542859685, t=4.23768
# xi=6.53613473222, logdetD=-4.02719742684762, t=4.36451
# xi=9.11711953667, logdetD=-3.30039154247623, t=4.16861
# xi=7.30271784781, logdetD=-3.79664018085833, t=4.33892
# xi=1.94576622736, logdetD=-5.59775763215537, t=4.40796
# xi=4.51429554181, logdetD=-4.69442638586861, t=4.4297
# xi=0.0145631736254, logdetD=-4.60584707655222, t=3.99972
# xi=4.38737925923, logdetD=-4.73887446656825, t=4.4229
# xi=0.0872008212074, logdetD=-5.31071298365557, t=4.02046
# xi=4.1401092409, logdetD=-4.82614750775472, t=4.44368
# xi=0.234027643569, logdetD=-5.642602461454, t=4.07734
# xi=3.79011043392, logdetD=-4.9509519129536, t=4.4234
# xi=0.454747148181, logdetD=-5.79834634547029, t=4.08572
# xi=3.36816006516, logdetD=-5.10265468018988, t=4.45493
# xi=0.743155486236, logdetD=-5.84653680241236, t=4.11015
# xi=2.90380231504, logdetD=-5.26949556329817, t=4.47353
# xi=1.09273214636, logdetD=-5.81728263607868, t=4.17206
# xi=2.42195956968, logdetD=-5.43922692722634, t=4.4457
# xi=1.49702814704, logdetD=-5.7291284846955, t=4.28348
# xi=95.3425451406, logdetD=-0.00517783842032269, t=5.24767
# xi=12738.5904431, logdetD=0, t=0.210619
# xi=41.0948513775, logdetD=-0.293354060211569, t=5.0343
# xi=2127.43758369, logdetD=-1.12640330242831e-68, t=1.47044
# xi=42.2836261476, logdetD=-0.268435421551787, t=5.06831
# xi=792.702526658, logdetD=-1.60092324457172e-25, t=2.04574
# xi=44.8090360835, logdetD=-0.222324334507224, t=5.18266
# xi=407.950451382, logdetD=-4.24199918767353e-13, t=3.10887
# xi=48.9469390403, logdetD=-0.163299491176263, t=5.31661
# xi=249.630538698, logdetD=-5.43872077786426e-08, t=3.56021
# xi=55.0788266519, logdetD=-0.103419452020338, t=5.49892
# xi=169.771068768, logdetD=-2.05178819125595e-05, t=4.77764
# xi=63.8866851936, logdetD=-0.0536913137284249, t=5.50656
# xi=123.921720999, logdetD=-0.000619023534757574, t=5.08805
# xi=76.5967800153, logdetD=-0.0208623915968264, t=5.37883
# xi=22.7006059859, logdetD=-1.16729823757707, t=4.36047
# xi=40.629319072, logdetD=-0.303734200785867, t=5.04577
# xi=13.6786786377, logdetD=-2.32178677451781, t=4.41887
# xi=39.5091547229, logdetD=-0.330249122862769, t=5.00264
# xi=13.9714143874, logdetD=-2.27016788574771, t=4.42966
# xi=37.4128869075, logdetD=-0.386283976406747, t=5.04625
# xi=14.5728397906, logdetD=-2.16777327214027, t=4.35078
# xi=34.6260005103, logdetD=-0.475880655811924, t=4.90249
# xi=15.5021809837, logdetD=-2.01876333087996, t=4.23691
# xi=31.5191751413, logdetD=-0.600698852429963, t=4.66268
# xi=16.7645382744, logdetD=-1.83298614041587, t=4.17975
# xi=28.3828764194, logdetD=-0.760323273493432, t=4.5561
# xi=18.3725497352, logdetD=-1.62139534945111, t=4.25609
# xi=25.4034604967, logdetD=-0.951655540284369, t=4.49401
# xi=20.3479074305, logdetD=-1.39522021381327, t=4.34503
# xi=3.14316082881, logdetD=-5.1836569403573, t=4.47531
# xi=4.52719918143, logdetD=-4.68992145296357, t=4.4289
# xi=1.95527251522, logdetD=-5.59474006335692, t=4.40955
# xi=4.46342770618, logdetD=-4.71221112862402, t=4.41904
# xi=2.00255787656, logdetD=-5.57962074253464, t=4.40576
# xi=4.33788797378, logdetD=-4.75627329105528, t=4.42854
# xi=2.09748339277, logdetD=-5.5487592886225, t=4.44961
# xi=4.15720885768, logdetD=-4.82008565990858, t=4.4035
# xi=2.23855449562, logdetD=-5.50181154610715, t=4.46694
# xi=3.93460248549, logdetD=-4.89927308195544, t=4.44352
# xi=2.42000282799, logdetD=-5.43990232883849, t=4.47979
# xi=3.68336342182, logdetD=-4.98924295793811, t=4.45008
# xi=2.63566614801, logdetD=-5.36467259537992, t=4.47484
# xi=3.41545207432, logdetD=-5.08562095301093, t=4.46325
# xi=2.87943695843, logdetD=-5.27819737348921, t=4.48325
# xi=0.908024239434, logdetD=-5.84052338400604, t=4.11588
# xi=1.93627153638, logdetD=-5.60076390033273, t=4.38417
# xi=0.00727769608133, logdetD=-4.35228299120145, t=3.95864
# xi=1.8893859749, logdetD=-5.61549354832401, t=4.39041
# xi=0.043461285837, logdetD=-5.04004656504963, t=3.98868
# xi=1.79694997316, logdetD=-5.64392475803675, t=4.36278
# xi=0.116017107923, logdetD=-5.41492378396734, t=3.99025
# xi=1.66359293292, logdetD=-5.68330021911245, t=4.34812
# xi=0.223640202957, logdetD=-5.62943802243634, t=4.05347
# xi=1.49876617042, logdetD=-5.72867274017564, t=4.23464
# xi=0.361709918784, logdetD=-5.75371872773415, t=4.06681
# xi=1.31204049249, logdetD=-5.77435604550285, t=4.18098
# xi=0.525294457291, logdetD=-5.82011239024417, t=4.08374
# xi=1.11210323657, logdetD=-5.81407401423041, t=4.21375
# xi=0.709521931523, logdetD=-5.84548040175877, t=4.10548
# xi=204.305453873, logdetD=-1.57704139896209e-06, t=4.25011
# xi=25490.8012497, logdetD=0, t=0.212553
# xi=95.8100663466, logdetD=-0.00500099752318867, t=5.29049
# xi=4268.49553097, logdetD=-8.91845007309132e-138, t=1.3526
# xi=98.1876158868, logdetD=-0.00419091814721987, t=5.27451
# xi=1599.02541691, logdetD=-1.36323284823421e-51, t=1.57774
# xi=103.238435758, logdetD=-0.00287921739367543, t=5.25634
# xi=829.521266356, logdetD=-1.03426862952048e-26, t=2.01757
# xi=111.514241672, logdetD=-0.00155652436141572, t=5.21688
# xi=512.881440987, logdetD=-1.74274115346142e-16, t=2.89364
# xi=123.778016895, logdetD=-0.000625669543671441, t=5.10474
# xi=353.162501127, logdetD=-2.48490429639447e-11, t=3.22555
# xi=141.393733979, logdetD=-0.000168984281925244, t=5.09567
# xi=261.463805589, logdetD=-2.25801618919346e-08, t=3.26785
# xi=166.813923622, logdetD=-2.55595379604711e-05, t=4.85552
# xi=59.0215755632, logdetD=-0.0771135347623042, t=5.61112
# xi=94.8790017354, logdetD=-0.00535934879995147, t=5.39839
# xi=40.9777208669, logdetD=-0.295931717948846, t=5.0463
# xi=92.6386730374, logdetD=-0.00633042254339258, t=5.37948
# xi=41.5631923663, logdetD=-0.283270832130518, t=5.05168
# xi=88.4461374066, logdetD=-0.00864527770366624, t=5.25024
# xi=42.7660431727, logdetD=-0.258939998708514, t=5.09641
# xi=82.8723646121, logdetD=-0.0130836674868756, t=5.32596
# xi=44.6247255589, logdetD=-0.225402557654326, t=5.16178
# xi=76.658713874, logdetD=-0.0207665390140142, t=5.34435
# xi=47.1494401402, logdetD=-0.186715221436868, t=5.31988
# xi=70.3861164303, logdetD=-0.0331085935960624, t=5.43526
# xi=50.3654630619, logdetD=-0.146917684132, t=5.4127
# xi=64.4272845848, logdetD=-0.0515747313202156, t=5.49762
# xi=54.3161784526, logdetD=-0.109462653906628, t=5.46461
# xi=1.40900313016, logdetD=-5.75150080691812, t=4.27898
# xi=1.94101743358, logdetD=-5.59926218372518, t=4.4005
# xi=0.912163407764, logdetD=-5.8401697184606, t=4.16098
# xi=1.91752495643, logdetD=-5.60667675561165, t=4.39325
# xi=0.932712119593, logdetD=-5.83828738680389, t=4.12208
# xi=1.87100071136, logdetD=-5.62121496001457, t=4.37866
# xi=0.973763766638, logdetD=-5.833925173492, t=4.14421
# xi=1.80338911749, logdetD=-5.64197224815688, t=4.37528
# xi=1.03428321226, logdetD=-5.82615179943221, t=4.16974
# xi=1.71901041658, logdetD=-5.66719440604736, t=4.35613
# xi=1.11127805679, logdetD=-5.81421329582481, t=4.14033
# xi=1.6223193007, logdetD=-5.69503544049985, t=4.256
# xi=1.20157513137, logdetD=-5.79769005573098, t=4.18077
# xi=1.51746565321, logdetD=-5.72373702819621, t=4.24816
# xi=1.30208381762, logdetD=-5.77658463590006, t=4.1934
# xi=0.439366567468, logdetD=-5.79237939850172, t=4.07147
# xi=0.903887428277, logdetD=-5.84086812324861, t=4.12369
# xi=0.00363787613721, logdetD=-4.13264268956157, t=3.95988
# xi=0.883419978607, logdetD=-5.84244264632455, t=4.1169
# xi=0.0216960279368, logdetD=-4.7618425502708, t=3.98188
# xi=0.842874306321, logdetD=-5.84488482099635, t=4.15042
# xi=0.057762545716, logdetD=-5.15268809678467, t=3.97472
# xi=0.783922283025, logdetD=-5.84667170642272, t=4.11287
# xi=0.110909559108, logdetD=-5.39884844192616, t=3.98757
# xi=0.710302715806, logdetD=-5.84551526361605, t=4.10311
# xi=0.178484986319, logdetD=-5.56045810080324, t=4.02513
# xi=0.625875178114, logdetD=-5.83856373946374, t=4.1075
# xi=0.257678308891, logdetD=-5.66963118035292, t=4.09165
# xi=0.534241210109, logdetD=-5.82229445263355, t=4.08899
# xi=0.345755296988, logdetD=-5.74366007550483, t=4.05197
# xi=0.669853947124, logdetD=-5.84301717070955, t=4.0918
# xi=0.905955539335, logdetD=-5.84069687349485, t=4.11694
# xi=0.441304498682, logdetD=-5.79315826832955, t=4.06629
# xi=0.895711683179, logdetD=-5.84152347576116, t=4.1568
# xi=0.450916839035, logdetD=-5.79690564259131, t=4.07692
# xi=0.875376070467, logdetD=-5.84300024983483, t=4.11904
# xi=0.470078179951, logdetD=-5.80382529017762, t=4.07425
# xi=0.84570710374, logdetD=-5.84474475814844, t=4.16515
# xi=0.498224871032, logdetD=-5.81276276542251, t=4.08406
# xi=0.808486154643, logdetD=-5.84619666606893, t=4.11912
# xi=0.53386034098, logdetD=-5.82220395215079, t=4.08151
# xi=0.76556640511, logdetD=-5.84675881465183, t=4.10489
# xi=0.575406659803, logdetD=-5.83089522321731, t=4.08857
# xi=0.718697244018, logdetD=-5.84585834420545, t=4.09768
# xi=0.621342271517, logdetD=-5.83799240353045, t=4.08684
# xi=0.216196247484, logdetD=-5.61945646929234, t=4.06962
# xi=0.437429170339, logdetD=-5.79159274667475, t=4.06592
# xi=0.00181869519007, logdetD=-3.95416270929645, t=4.00797
# xi=0.427835242203, logdetD=-5.78757700902983, t=4.06905
# xi=0.0108393808835, logdetD=-4.49450338200949, t=3.98084
# xi=0.408788542253, logdetD=-5.77898275076663, t=4.06928
# xi=0.0288201612046, logdetD=-4.87531104671133, t=3.97104
# xi=0.380996969658, logdetD=-5.7648171243204, t=4.05932
# xi=0.0552299131151, logdetD=-5.13507844203907, t=3.98643
# xi=0.346126109998, logdetD=-5.74390347831456, t=4.06423
# xi=0.0886615703719, logdetD=-5.31691402610433, t=3.9888
# xi=0.305909108629, logdetD=-5.71452153119839, t=4.04804
# xi=0.127631846064, logdetD=-5.44849849553293, t=3.99061
# xi=0.261982639341, logdetD=-5.67415495974049, t=4.11747
# xi=0.170710885742, logdetD=-5.54619068542899, t=4.01724
# xi=0.326888726196, logdetD=-5.73062930320513, t=4.05726
# xi=0.438397802157, logdetD=-5.79198704930225, t=4.06824
# xi=0.217134630714, logdetD=-5.62074124717945, t=4.02776
# xi=0.433598539463, logdetD=-5.79001356665059, t=4.08109
# xi=0.221787167721, logdetD=-5.62699763601909, t=4.09481
# xi=0.424060910987, logdetD=-5.78594103538187, t=4.06915
# xi=0.231051954048, logdetD=-5.6389182061421, t=4.10387
# xi=0.410121061551, logdetD=-5.77961209437407, t=4.05948
# xi=0.244638077191, logdetD=-5.65520476831662, t=4.06292
# xi=0.39259123785, logdetD=-5.77097519852937, t=4.06144
# xi=0.261799457686, logdetD=-5.6739647386594, t=4.09595
# xi=0.372319627309, logdetD=-5.75996074410522, t=4.07043
# xi=0.281751876942, logdetD=-5.69355320858512, t=4.04716
# xi=0.350111562607, logdetD=-5.74648999178219, t=4.09316
# xi=0.303742967357, logdetD=-5.71275252571165, t=4.04582
# xi=0.107246957414, logdetD=-5.38676600237684, t=3.99763
# xi=0.215257991518, logdetD=-5.61816401851325, t=4.03378
# xi=0.000909286887564, logdetD=-3.81786707117032, t=3.9774
# xi=0.210609841831, logdetD=-5.61164302317222, t=4.03279
# xi=0.00541753474591, logdetD=-4.25407605188022, t=3.96121
# xi=0.201372372408, logdetD=-5.59807103375225, t=4.01752
# xi=0.0143948511289, logdetD=-4.60138486264794, t=3.95797
# xi=0.187870866616, logdetD=-5.57662596075723, t=4.00236
# xi=0.0275590811894, logdetD=-4.85736352336619, t=3.97448
# xi=0.170891671356, logdetD=-5.54653209088308, t=4.01521
# xi=0.0441869679544, logdetD=-5.04665371568187, t=4.05665
# xi=0.151255973374, logdetD=-5.50645625044714, t=4.0057
# xi=0.063518318632, logdetD=-5.18977020633058, t=3.99339
# xi=0.129743535293, logdetD=-5.45420257055894, t=4.0164
# xi=0.0848238726842, logdetD=-5.3003629845465, t=4.00299
# xi=0.161506287646, logdetD=-5.5281602071862, t=4.00427
# xi=0.215727103595, logdetD=-5.6188112071791, t=4.03613
# xi=0.107708773491, logdetD=-5.38831632501729, t=3.98971
# xi=0.213402480677, logdetD=-5.61558466864405, t=4.02644
# xi=0.109998007674, logdetD=-5.39588626800452, t=3.98818
# xi=0.208780337408, logdetD=-5.60902114646828, t=4.03107
# xi=0.114554343458, logdetD=-5.41040802870245, t=4.05675
# xi=0.202019045689, logdetD=-5.59904885332556, t=4.03038
# xi=0.121230317593, logdetD=-5.43047613828288, t=4.01081
# xi=0.1935068138, logdetD=-5.58582391948996, t=4.02465
# xi=0.12965368049, logdetD=-5.45396218312034, t=3.9995
# xi=0.183649733803, logdetD=-5.56949097549496, t=4.01895
# xi=0.13943376969, logdetD=-5.47898363504834, t=4.01095
# xi=0.172834426103, logdetD=-5.55017134382485, t=4.01144
# xi=0.150196741168, logdetD=-5.50410687537835, t=3.99558
# xi=0.053413190555, logdetD=-5.12190171110169, t=3.98184
# xi=0.106785172407, logdetD=-5.38520783536463, t=3.99627
# xi=0.000454628268433, logdetD=-3.72002835878718, t=3.96302
# xi=0.104497009347, logdetD=-5.37736737543012, t=4.05413
# xi=0.00270822877046, logdetD=-4.051451082323, t=3.94988
# xi=0.0999473427293, logdetD=-5.36115744999818, t=3.98761
# xi=0.0071936242287, logdetD=-4.34829441564233, t=3.97207
# xi=0.0932920270638, logdetD=-5.33581763926353, t=4.01366
# xi=0.0137656141061, logdetD=-4.58428431303293, t=4.04812
# xi=0.0849131425251, logdetD=-5.30075767566844, t=3.99158
# xi=0.0220577043496, logdetD=-4.76841216942266, t=3.98219
# xi=0.0752103760061, logdetD=-5.25484668960483, t=3.97745
# xi=0.0316852774576, logdetD=-4.91336487165268, t=3.96294
# xi=0.0645642576821, logdetD=-5.19611281090771, t=3.97965
# xi=0.042280281369, logdetD=-5.02904410202815, t=3.96307
#
# ier=0, integral=-6.31024264609355, neval=285, abserr=1.24798e-06, absrel=1.97771e-07
#
# L/R, L, R, T, ldim, F*(L+R)/(ħc)
0.0381087, 3.81087e-06, 0.0001, 0, 263, -27.35803417807001

# finished at Wed Aug 23 11:30:20 CEST 2017
