# starting on alcc122 at Wed Aug 23 10:50:00 CEST 2017

# L      = 4.00936e-06
# R      = 0.0001
# LbyR   = 0.0400936
# T      = 0
# cutoff = 1e-12
# epsrel = 2e-07
# ldim   = 250
# cores  = 5
# alpha  = 0.0770961382706326
# omegap = 9
# gamma  = 0.35
# quad   = adaptive Gauss-Kronrod
#
# xi=12.9708182852, logdetD=-2.2170643511317, t=4.34827
# xi=3023.04595169, logdetD=-1.82500949757661e-102, t=1.23034
# xi=0.055653182147, logdetD=-4.88581402716026, t=3.64481
# xi=496.767291598, logdetD=-8.82713874579464e-17, t=2.50278
# xi=0.338673922043, logdetD=-5.44227825725446, t=3.76909
# xi=178.996665152, logdetD=-5.09025166217978e-06, t=4.18267
# xi=0.939917661848, logdetD=-5.52181214813085, t=3.78355
# xi=87.3957835061, logdetD=-0.00644450991320653, t=4.84176
# xi=1.92505999991, logdetD=-5.28141182412113, t=4.07569
# xi=49.7033459188, logdetD=-0.122181351648981, t=5.06684
# xi=3.38492557952, logdetD=-4.77618237795506, t=4.14363
# xi=30.6905885527, logdetD=-0.542233511666934, t=4.33997
# xi=5.4818801112, logdetD=-4.05790956909875, t=4.01599
# xi=19.7748821839, logdetD=-1.2858178990238, t=4.02
# xi=8.50787000517, logdetD=-3.18005147596936, t=3.85707
# xi=38.9124548556, logdetD=-0.284303140521663, t=4.64533
# xi=6059.06272166, logdetD=-3.87679230255217e-205, t=1.2248
# xi=13.0821246495, logdetD=-2.19727475944789, t=4.15042
# xi=1006.50540148, logdetD=-4.58324256429633e-34, t=1.72883
# xi=13.6481661293, logdetD=-2.09939606853345, t=4.07528
# xi=370.964148589, logdetD=-1.60942944004607e-12, t=2.88151
# xi=14.8506536089, logdetD=-1.90599668775079, t=4.00326
# xi=187.762385297, logdetD=-2.56985443399191e-06, t=4.04025
# xi=16.820938285, logdetD=-1.62761297453452, t=3.8949
# xi=112.377510123, logdetD=-0.000918178886498678, t=4.7401
# xi=19.7406694442, logdetD=-1.28932502158067, t=4.00494
# xi=74.3519953906, logdetD=-0.0178302253462569, t=4.88044
# xi=23.9345785076, logdetD=-0.924195315103258, t=4.04965
# xi=52.520582653, logdetD=-0.0980346005046066, t=5.04078
# xi=29.9865582955, logdetD=-0.573136735654893, t=4.28384
# xi=4.32360609507, logdetD=-4.44597001605129, t=4.05921
# xi=12.8604589465, logdetD=-2.23686555150263, t=4.13021
# xi=0.0277670218508, logdetD=-4.62441848244767, t=3.61165
# xi=12.3270866865, logdetD=-2.33514538123694, t=4.16074
# xi=0.167154718435, logdetD=-5.25940281309656, t=3.68505
# xi=11.3289375282, logdetD=-2.53108336258717, t=4.03646
# xi=0.453526648405, logdetD=-5.49504147743005, t=3.76302
# xi=10.0019466297, logdetD=-2.81777875797726, t=3.9478
# xi=0.896037439669, logdetD=-5.52644193770305, t=3.79434
# xi=8.52261507459, logdetD=-3.17625796840264, t=3.85245
# xi=1.49711563109, logdetD=-5.40781133756461, t=3.92034
# xi=7.02924962453, logdetD=-3.58389169770459, t=3.97346
# xi=2.26277890868, logdetD=-5.17044266888596, t=4.13603
# xi=5.61058476034, logdetD=-4.01647257341948, t=4.00554
# xi=3.20335606518, logdetD=-4.84082500442599, t=4.18531
# xi=7.78249097113, logdetD=-3.37229620219816, t=3.94611
# xi=12.9155209947, logdetD=-2.22696355012463, t=4.13624
# xi=4.34827029247, logdetD=-4.43744748856968, t=4.07045
# xi=12.6449088278, logdetD=-2.27606374320877, t=4.16875
# xi=4.47155253923, logdetD=-4.39499963301285, t=4.05539
# xi=12.123049705, logdetD=-2.37389863464003, t=4.1658
# xi=4.72209646801, logdetD=-4.30955434385266, t=4.05154
# xi=11.396284259, logdetD=-2.51735036240355, t=4.09876
# xi=5.10215614049, logdetD=-4.18220914304037, t=4.10181
# xi=10.5381525117, logdetD=-2.6981585184614, t=3.9726
# xi=5.60507247834, logdetD=-4.01823995796234, t=4.01365
# xi=9.61582707194, logdetD=-2.90722677239892, t=3.88423
# xi=6.22443118568, logdetD=-3.82381861550585, t=4.00038
# xi=8.68233068817, logdetD=-3.13545429456435, t=3.83948
# xi=6.95445650593, logdetD=-3.60558190192513, t=4.00359
# xi=1.85297404074, logdetD=-5.30406321149011, t=4.03865
# xi=4.29901204657, logdetD=-4.45447808987694, t=4.09816
# xi=0.0138686663892, logdetD=-4.36503472299911, t=3.62045
# xi=4.17814830987, logdetD=-4.49642756882857, t=4.05224
# xi=0.0830422769997, logdetD=-5.03008255835962, t=3.64279
# xi=3.9426704202, logdetD=-4.57876556657075, t=4.07126
# xi=0.222867034206, logdetD=-5.34143153001964, t=3.74747
# xi=3.60936280364, logdetD=-4.69643877399557, t=4.13363
# xi=0.433060584994, logdetD=-5.48788831625232, t=3.73544
# xi=3.20753494334, logdetD=-4.8393370381245, t=4.19058
# xi=0.707714937627, logdetD=-5.53415733820287, t=3.8026
# xi=2.76532207906, logdetD=-4.99628084607244, t=4.15781
# xi=1.04062053921, logdetD=-5.50805150324287, t=3.8817
# xi=2.30645806637, logdetD=-5.15563673890379, t=4.11689
# xi=1.4256359555, logdetD=-5.42653245235577, t=3.92087
# xi=90.7957279965, logdetD=-0.00494315244514606, t=4.87027
# xi=12131.0962616, logdetD=0, t=0.200341
# xi=39.1350675842, logdetD=-0.279385568850386, t=4.7173
# xi=2025.98162125, logdetD=-1.16034272995271e-68, t=1.36675
# xi=40.2671505438, logdetD=-0.255668513459599, t=4.67917
# xi=754.899115463, logdetD=-1.57221481385312e-25, t=1.88566
# xi=42.672125503, logdetD=-0.21177654937633, t=4.73316
# xi=388.49558888, logdetD=-4.10200071827045e-13, t=2.86478
# xi=46.6126948553, logdetD=-0.155582648598017, t=4.86389
# xi=237.725838531, logdetD=-5.22529189128854e-08, t=3.32034
# xi=52.4521571737, logdetD=-0.0985601841432193, t=5.03864
# xi=161.674809066, logdetD=-1.96482833329427e-05, t=4.3316
# xi=60.8399753004, logdetD=-0.0511887454993722, t=5.04279
# xi=118.011983591, logdetD=-0.000591669729694324, t=4.71676
# xi=72.9439348763, logdetD=-0.0199009790289495, t=4.82507
# xi=21.6180304754, logdetD=-1.11054502297762, t=4.12476
# xi=38.6917361782, logdetD=-0.289264726145091, t=4.63919
# xi=13.0263523289, logdetD=-2.20716805416713, t=4.12452
# xi=37.6249916583, logdetD=-0.314498803530574, t=4.71649
# xi=13.3051277221, logdetD=-2.15816796510508, t=4.10554
# xi=35.6286933416, logdetD=-0.367821799549947, t=4.57164
# xi=13.877871582, logdetD=-2.06095891501446, t=4.0697
# xi=32.9747115446, logdetD=-0.453069766792895, t=4.45948
# xi=14.7628931645, logdetD=-1.91947380805101, t=3.99505
# xi=30.0160484344, logdetD=-0.571807295441987, t=4.3237
# xi=15.9650495474, logdetD=-1.74304357774112, t=3.93663
# xi=27.0293175343, logdetD=-0.723622491847304, t=4.19094
# xi=17.4963761026, logdetD=-1.54205307738822, t=3.92485
# xi=24.1919878059, logdetD=-0.90555139580912, t=4.04761
# xi=19.3775304156, logdetD=-1.32715637439586, t=4.02826
# xi=2.99326575813, logdetD=-4.91556576275919, t=4.168
# xi=4.31130032093, logdetD=-4.45022586595877, t=4.08422
# xi=1.8620269806, logdetD=-5.30124312916922, t=4.04861
# xi=4.2505700613, logdetD=-4.47126423301193, t=4.10502
# xi=1.9070573372, logdetD=-5.2871097257155, t=4.0668
# xi=4.1310172281, logdetD=-4.51284568390761, t=4.10842
# xi=1.99745592407, logdetD=-5.2582434379798, t=4.07401
# xi=3.9589545686, logdetD=-4.5730478032578, t=4.07432
# xi=2.13179944787, logdetD=-5.21429130954318, t=4.10623
# xi=3.74696413359, logdetD=-4.6477240470477, t=4.09008
# xi=2.30459464027, logdetD=-5.15627007325641, t=4.11162
# xi=3.50770647948, logdetD=-4.73252263132991, t=4.14989
# xi=2.50997313226, logdetD=-5.08568511166133, t=4.12707
# xi=3.25257163072, logdetD=-4.82330028347059, t=4.17136
# xi=2.74211868873, logdetD=-5.00445912548284, t=4.14592
# xi=0.864721219014, logdetD=-5.52917100397095, t=3.82835
# xi=1.84393214472, logdetD=-5.30687248921249, t=4.00805
# xi=0.00693062800942, logdetD=-4.12427635868916, t=3.63295
# xi=1.79928252182, logdetD=-5.32063332607316, t=4.01378
# xi=0.0413886484928, logdetD=-4.77543218176532, t=3.62057
# xi=1.71125472627, logdetD=-5.34717615186313, t=4.01673
# xi=0.110484335806, logdetD=-5.12791319287726, t=3.64305
# xi=1.58425738699, logdetD=-5.38388979094728, t=3.9479
# xi=0.212974963138, logdetD=-5.32908438770128, t=3.68637
# xi=1.42729109381, logdetD=-5.42610896426941, t=3.91787
# xi=0.344460233898, logdetD=-5.44579133283394, t=3.75537
# xi=1.24947022865, logdetD=-5.46847965970793, t=3.89627
# xi=0.500243543865, logdetD=-5.50853444737499, t=3.74956
# xi=1.05906783611, logdetD=-5.50510843943832, t=3.88638
# xi=0.675685342856, logdetD=-5.53303165172882, t=3.81077
# xi=194.562274278, logdetD=-1.51234330301726e-06, t=3.964
# xi=24275.1633415, logdetD=0, t=0.206962
# xi=91.2409534537, logdetD=-0.004774420579955, t=4.85713
# xi=4064.93406078, logdetD=-9.67289393621516e-138, t=1.26011
# xi=93.5051193728, logdetD=-0.00400144185507021, t=4.79815
# xi=1522.76904921, logdetD=-1.37981441792003e-51, t=1.47762
# xi=98.3150692913, logdetD=-0.00274962537009722, t=4.85885
# xi=789.961996046, logdetD=-1.01719631792814e-26, t=1.86823
# xi=106.196207996, logdetD=-0.00148697855147848, t=4.79999
# xi=488.422495347, logdetD=-1.69242862744279e-16, t=2.51242
# xi=117.875132633, logdetD=-0.000598018505603821, t=4.72331
# xi=336.320436418, logdetD=-2.39752702068617e-11, t=2.92285
# xi=134.650768886, logdetD=-0.000161633613882923, t=4.58237
# xi=248.994785468, logdetD=-2.1704580935534e-08, t=3.03361
# xi=158.858688038, logdetD=-2.44732897087367e-05, t=4.33344
# xi=56.2068792359, logdetD=-0.0735033555779725, t=5.08774
# xi=90.3542906416, logdetD=-0.00511633625236461, t=4.8779
# xi=39.023522943, logdetD=-0.28183884355914, t=4.63707
# xi=88.2208016018, logdetD=-0.00604280874518819, t=4.85952
# xi=39.5810737294, logdetD=-0.269788743945232, t=4.69735
# xi=84.2282049684, logdetD=-0.00825103291552347, t=4.85864
# xi=40.7265614493, logdetD=-0.246630543452613, t=4.70226
# xi=78.9202413744, logdetD=-0.0124840720132185, t=4.85549
# xi=42.4966046143, logdetD=-0.214706821201771, t=4.70521
# xi=73.002915154, logdetD=-0.019809596323901, t=4.81376
# xi=44.90091738, logdetD=-0.177876762716704, t=4.84919
# xi=67.0294533538, logdetD=-0.0315743687407109, t=4.94895
# xi=47.9635704904, logdetD=-0.139984256238337, t=5.00051
# xi=61.354793897, logdetD=-0.0491719893860505, t=5.019
# xi=51.7258791163, logdetD=-0.104315814805975, t=5.0368
# xi=1.34180878813, logdetD=-5.44730359195329, t=3.91094
# xi=1.84845171352, logdetD=-5.30546920554408, t=4.05298
# xi=0.868662993394, logdetD=-5.52885528222783, t=3.82203
# xi=1.82607957564, logdetD=-5.31239717306536, t=3.97803
# xi=0.888231751992, logdetD=-5.52716872727303, t=3.8239
# xi=1.78177403822, logdetD=-5.32597673784809, t=3.99693
# xi=0.927325675627, logdetD=-5.52323254820375, t=3.80196
# xi=1.71738679246, logdetD=-5.34535415713295, t=3.96581
# xi=0.984958992582, logdetD=-5.51616391842202, t=3.84716
# xi=1.63703205087, logdetD=-5.36887996435358, t=3.95045
# xi=1.05828200856, logdetD=-5.50523626775466, t=3.94761
# xi=1.5449520645, logdetD=-5.39481940035271, t=3.93674
# xi=1.14427288085, logdetD=-5.49003477513948, t=3.89935
# xi=1.44509881176, logdetD=-5.42152175356086, t=3.92436
# xi=1.23998838041, logdetD=-5.47054159371184, t=3.88597
# xi=0.418413493071, logdetD=-5.48224624352847, t=3.75561
# xi=0.860781689395, logdetD=-5.52947833341651, t=3.81804
# xi=0.00346438845063, logdetD=-3.91510161133838, t=3.65523
# xi=0.841290317623, logdetD=-5.53087549508497, t=3.78501
# xi=0.0206613600282, logdetD=-4.51275278331581, t=3.69386
# xi=0.802678239175, logdetD=-5.53300655006264, t=3.76452
# xi=0.0550078916131, logdetD=-4.8815135011262, t=3.6463
# xi=0.746537595309, logdetD=-5.53444746836031, t=3.81186
# xi=0.105620362306, logdetD=-5.1128285435121, t=3.66222
# xi=0.6764288921, logdetD=-5.5330674741959, t=3.79414
# xi=0.169973166181, logdetD=-5.26440353831644, t=3.70068
# xi=0.596027642727, logdetD=-5.52621380081694, t=3.75601
# xi=0.245389816374, logdetD=-5.36678872862853, t=3.72194
# xi=0.5087636325, logdetD=-5.5106125579099, t=3.75155
# xi=0.329266476497, logdetD=-5.43632597152534, t=3.7624
# xi=0.637909095994, logdetD=-5.53056330110288, t=3.76354
# xi=0.862751173729, logdetD=-5.52932572152039, t=3.82546
# xi=0.420259005745, logdetD=-5.48298238889101, t=3.74238
# xi=0.852995839677, logdetD=-5.53006127977559, t=3.78021
# xi=0.429412940526, logdetD=-5.48652552083407, t=3.7667
# xi=0.833630017654, logdetD=-5.53136701594009, t=3.83044
# xi=0.447660490927, logdetD=-5.49307445639359, t=3.7309
# xi=0.805375942531, logdetD=-5.53288639482032, t=3.8085
# xi=0.474464886631, logdetD=-5.50154845942308, t=3.73795
# xi=0.769930033624, logdetD=-5.53410018852039, t=3.7758
# xi=0.508400926745, logdetD=-5.51052632588528, t=3.77043
# xi=0.72905709596, logdetD=-5.53445554433071, t=3.76982
# xi=0.547965931618, logdetD=-5.51882920748436, t=3.73116
# xi=0.684423091323, logdetD=-5.53342287605636, t=3.77967
# xi=0.591710907174, logdetD=-5.52566037906622, t=3.82057
# xi=0.205886004527, logdetD=-5.31972353724974, t=3.69003
# xi=0.416568489013, logdetD=-5.48150283408881, t=3.7386
# xi=0.00173196292948, logdetD=-3.74473624501267, t=3.61919
# xi=0.407432088382, logdetD=-5.47770919917142, t=3.73762
# xi=0.0103224586348, logdetD=-4.25941221116246, t=3.65934
# xi=0.389293711802, logdetD=-5.46959709283637, t=3.77912
# xi=0.0274457485238, logdetD=-4.62000723063883, t=3.67664
# xi=0.36282749924, logdetD=-5.4562427359881, t=3.78315
# xi=0.0525960384325, logdetD=-4.86493960192514, t=3.62844
# xi=0.329619605702, logdetD=-5.43655494919186, t=3.76285
# xi=0.0844333640911, logdetD=-5.035906917637, t=3.64126
# xi=0.291320524093, logdetD=-5.40893421075432, t=3.72729
# xi=0.12154517547, logdetD=-5.1594121383215, t=3.64971
# xi=0.249488876412, logdetD=-5.37103384451146, t=3.76713
# xi=0.162569806848, logdetD=-5.25102638745878, t=3.72602
# xi=0.311299638845, logdetD=-5.42407182281664, t=3.72579
# xi=0.417490927478, logdetD=-5.48187545051657, t=3.78007
# xi=0.206779636938, logdetD=-5.32092837927532, t=3.68997
# xi=0.412920538157, logdetD=-5.48001073036718, t=3.72869
# xi=0.211210297814, logdetD=-5.32679568439625, t=3.69289
# xi=0.403837752297, logdetD=-5.47616432335843, t=3.79967
# xi=0.22003325317, logdetD=-5.33797583370645, t=3.73243
# xi=0.390562684217, logdetD=-5.47019084318142, t=3.7761
# xi=0.232971463909, logdetD=-5.35325322165511, t=3.72591
# xi=0.373868845152, logdetD=-5.46204589806602, t=3.77406
# xi=0.249314430558, logdetD=-5.37085533354521, t=3.7219
# xi=0.354563973083, logdetD=-5.45166838027002, t=3.72359
# xi=0.268315333345, logdetD=-5.38924181715045, t=3.75052
# xi=0.333414994953, logdetD=-5.43898837546444, t=3.76521
# xi=0.289257684535, logdetD=-5.4072723321991, t=3.76574
# xi=0.102132427443, logdetD=-5.10148926435467, t=3.64668
# xi=0.204992493311, logdetD=-5.31851151123448, t=3.73589
# xi=0.000865923652366, logdetD=-3.61445658751473, t=3.57025
# xi=0.200566010526, logdetD=-5.31239645925219, t=3.66944
# xi=0.00515917642513, logdetD=-4.03081845184285, t=3.64151
# xi=0.191769069351, logdetD=-5.29967008822052, t=3.6791
# xi=0.0137083710711, logdetD=-4.36080477398533, t=3.66335
# xi=0.178911440623, logdetD=-5.27956252612856, t=3.72399
# xi=0.0262448085041, logdetD=-4.60305343620806, t=3.65486
# xi=0.162741970926, logdetD=-5.25134649209495, t=3.65543
# xi=0.0420797233539, logdetD=-4.78165883208272, t=3.63294
# xi=0.144042685205, logdetD=-5.21376914694066, t=3.65373
# xi=0.0604891758742, logdetD=-4.91640244781803, t=3.63085
# xi=0.123556159765, logdetD=-5.16476273786905, t=3.68845
# xi=0.0807786834354, logdetD=-5.02036037532072, t=3.62904
# xi=0.15380416939, logdetD=-5.23412055088137, t=3.67799
# xi=0.205439233771, logdetD=-5.3191184261543, t=3.68582
# xi=0.102572219844, logdetD=-5.10294430247605, t=3.69602
# xi=0.203225470441, logdetD=-5.31609269861699, t=3.6923
# xi=0.104752282102, logdetD=-5.11004868353103, t=3.65453
# xi=0.198823753848, logdetD=-5.30993787003925, t=3.68794
# xi=0.109091329522, logdetD=-5.12367595277223, t=3.63738
# xi=0.19238490325, logdetD=-5.30058695569547, t=3.73469
# xi=0.115448931271, logdetD=-5.14250508340736, t=3.7001
# xi=0.184278613555, logdetD=-5.28818667235078, t=3.70767
# xi=0.123470590072, logdetD=-5.16453725146837, t=3.66437
# xi=0.174891610586, logdetD=-5.2728727424627, t=3.70336
# xi=0.132784273879, logdetD=-5.18800569966826, t=3.7218
# xi=0.164592077102, logdetD=-5.25475867708065, t=3.68341
# xi=0.143033967018, logdetD=-5.21156607438319, t=3.69476
# xi=0.0508659540597, logdetD=-4.85253545054718, t=3.63185
# xi=0.101692664629, logdetD=-5.10002684236616, t=3.69508
# xi=0.000432947374535, logdetD=-3.52091049007491, t=3.55699
# xi=0.0995136224145, logdetD=-5.09266782459022, t=3.65523
# xi=0.00257907529564, logdetD=-3.83764107904686, t=3.607
# xi=0.0951809261127, logdetD=-5.07745146934979, t=3.65516
# xi=0.00685056548275, logdetD=-4.12048291056724, t=3.65483
# xi=0.0888429976463, logdetD=-5.05365979039711, t=3.68841
# xi=0.0131091419076, logdetD=-4.34459202089465, t=3.65451
# xi=0.080863696062, logdetD=-5.02073114575773, t=3.69731
# xi=0.0210057883539, logdetD=-4.51896706265027, t=3.64861
# xi=0.0716236474734, logdetD=-4.97759136601991, t=3.70739
# xi=0.0301742294511, logdetD=-4.65594061309882, t=3.62396
# xi=0.0614852348462, logdetD=-4.92236830482982, t=3.6352
# xi=0.0402639652753, logdetD=-4.76506214009205, t=3.63236
# xi=0.0764488307576, logdetD=-5.00086131879617, t=3.6839
# xi=0.101912542338, logdetD=-5.10075898034062, t=3.64722
# xi=0.051084125282, logdetD=-4.8541245581184, t=3.65799
# xi=0.100822893764, logdetD=-5.09711214856383, t=3.64826
# xi=0.0521654968679, logdetD=-4.86189440607623, t=3.6473
# xi=0.098655752422, logdetD=-5.0897179920467, t=3.64356
# xi=0.0543172466105, logdetD=-4.87684941478241, t=3.68254
# xi=0.0954843334536, logdetD=-5.07854343985937, t=3.69249
# xi=0.0574687107136, logdetD=-4.8976274973047, t=3.62694
# xi=0.0914894040433, logdetD=-5.06382844113303, t=3.64879
# xi=0.0614428545233, logdetD=-4.92211665099383, t=3.68555
# xi=0.086860216825, logdetD=-5.0458068465816, t=3.68801
# xi=0.0660540342547, logdetD=-4.94842483450054, t=3.67504
# xi=0.0817771862837, logdetD=-5.02468714241038, t=3.65744
# xi=0.0711248237594, logdetD=-4.97508493019051, t=3.66657
# xi=0.0253832060376, logdetD=-4.59041328640731, t=3.65294
# xi=0.0506477901477, logdetD=-4.85093903521537, t=3.67622
# xi=0.000216470074537, logdetD=-3.45806917875187, t=3.55832
# xi=0.0495666705842, logdetD=-4.84291718156426, t=3.64407
# xi=0.00128940945683, logdetD=-3.68449278418547, t=3.58926
# xi=0.0474164900142, logdetD=-4.82638978976881, t=3.63577
# xi=0.00342437844497, logdetD=-3.91191624015243, t=3.67417
# xi=0.0442698865909, logdetD=-4.80070447154951, t=3.63853
# xi=0.00655126039158, logdetD=-4.10598236325018, t=3.66655
# xi=0.0403062079643, logdetD=-4.7654570787051, t=3.64913
# xi=0.0104943965222, logdetD=-4.26521114778348, t=3.61798
# xi=0.0357132212002, logdetD=-4.71978577752442, t=3.65068
# xi=0.0150695864113, logdetD=-4.39540021060087, t=3.61567
# xi=0.0306699254953, logdetD=-4.66211873779681, t=3.62905
# xi=0.0201007842482, logdetD=-4.50242542608392, t=3.61257
#
# ier=0, integral=-5.99366220394221, neval=315, abserr=1.69952e-08, absrel=2.83552e-09
#
# L/R, L, R, T, ldim, F*(L+R)/(ħc)
0.04009359999999999, 4.00936e-06, 0.0001, 0, 250, -24.74627104231585

# finished at Wed Aug 23 11:10:16 CEST 2017
