# starting on alcc57 at Fri Aug 25 20:53:39 CEST 2017

# L      = 1.18461e-07
# R      = 0.0001
# LbyR   = 0.00118461
# T      = 0
# cutoff = 1e-12
# epsrel = 2e-07
# ldim   = 8442
# cores  = 30
# alpha  = 0.0023664167190904
# omegap = 9
# gamma  = 0.35
# quad   = adaptive Gauss-Kronrod
#
# xi=422.579840623, logdetD=-48.8913703768609, t=1162.08
# xi=98488.6418397, logdetD=-2.10966053327942e-106, t=144.687
# xi=1.81314026029, logdetD=-151.093002124254, t=1012.34
# xi=16184.3176193, logdetD=-1.75770625902025e-18, t=574.564
# xi=11.0337504429, logdetD=-166.991402340274, t=947.972
# xi=5831.58136739, logdetD=-2.9425266194934e-06, t=974.999
# xi=30.6218348764, logdetD=-166.762131389958, t=927.487
# xi=2847.29116182, logdetD=-0.0227514635268703, t=1392.07
# xi=62.7170568627, logdetD=-154.530038645089, t=959.182
# xi=1619.29891661, logdetD=-1.07498364159974, t=1481.45
# xi=110.278417326, logdetD=-133.902748523964, t=994.035
# xi=999.877088248, logdetD=-7.70793766716586, t=1475.56
# xi=178.595673208, logdetD=-107.615195783876, t=1012.13
# xi=644.251301487, logdetD=-24.0003533484357, t=1337.98
# xi=277.180226549, logdetD=-78.1979168259216, t=1040.84
# xi=1267.73952187, logdetD=-3.28401965958842, t=1486.53
# xi=197399.86352, logdetD=-1.76310888608626e-209, t=95.8444
# xi=426.206121143, logdetD=-48.3237135197258, t=1169.85
# xi=32791.2150792, logdetD=-8.85414577913726e-37, t=297.274
# xi=444.647341509, logdetD=-45.5384088089392, t=1188.08
# xi=12085.7425754, logdetD=-8.70687001266809e-14, t=662.451
# xi=483.823510376, logdetD=-40.1477214468968, t=1218.13
# xi=6117.16216427, logdetD=-1.28680798001169e-06, t=898.363
# xi=548.013954348, logdetD=-32.6700359378143, t=1269.6
# xi=3661.17767384, logdetD=-0.00186369590285972, t=1310.86
# xi=643.136675274, logdetD=-24.086146275105, t=1335.42
# xi=2422.33401712, logdetD=-0.0855395508200562, t=1401.35
# xi=779.771187038, logdetD=-15.5598871671315, t=1389.71
# xi=1711.0824436, logdetD=-0.803686080902198, t=1459.58
# xi=976.940293721, logdetD=-8.29280712812171, t=1457.95
# xi=140.859946874, logdetD=-121.513929122005, t=984.984
# xi=418.984413508, logdetD=-49.460857952236, t=1162.55
# xi=0.904629408128, logdetD=-145.095659741824, t=1001.84
# xi=401.607532601, logdetD=-52.3092950638986, t=1138.32
# xi=5.44577934271, logdetD=-161.559598736568, t=991.134
# xi=369.088557855, logdetD=-58.0939188946194, t=1103.15
# xi=14.7755688644, logdetD=-168.274014963478, t=925.143
# xi=325.856158012, logdetD=-66.8010165434494, t=1070.33
# xi=29.1922491026, logdetD=-167.136604080762, t=920.78
# xi=277.660610203, logdetD=-78.0763440399846, t=1034.3
# xi=48.7749400901, logdetD=-160.387429700826, t=912.109
# xi=229.007848288, logdetD=-91.4087125750829, t=1017.4
# xi=73.7196936668, logdetD=-149.727495974161, t=934.043
# xi=182.788777214, logdetD=-106.166589820141, t=1005.13
# xi=104.3630144, logdetD=-136.404762628096, t=983.618
# xi=253.547904374, logdetD=-84.4202867661088, t=1033.81
# xi=420.778295052, logdetD=-49.1758871341006, t=1164.12
# xi=141.663488515, logdetD=-121.201701146659, t=1003.86
# xi=411.961947168, logdetD=-50.5925930307548, t=1151.24
# xi=145.67993459, logdetD=-119.651622115282, t=1003.22
# xi=394.960155908, logdetD=-53.4423501439323, t=1132.85
# xi=153.84247385, logdetD=-116.555951033958, t=1016.3
# xi=371.282665438, logdetD=-57.6839963017551, t=1113.24
# xi=166.224541989, logdetD=-111.999865607572, t=991.772
# xi=343.325356269, logdetD=-63.1338006244941, t=1083.36
# xi=182.60919107, logdetD=-106.22824569706, t=988.604
# xi=313.276663212, logdetD=-69.5746892855935, t=1061.06
# xi=202.787447991, logdetD=-99.5136293045927, t=1032.45
# xi=282.864028912, logdetD=-76.7716516328784, t=1017.99
# xi=226.571142797, logdetD=-92.1334386707503, t=1019.93
# xi=60.3685486604, logdetD=-155.541993978422, t=956.685
# xi=140.058690634, logdetD=-121.825969187075, t=982.341
# xi=0.451831079855, logdetD=-140.132105464479, t=997.231
# xi=136.121037861, logdetD=-123.369567607352, t=991.908
# xi=2.70545708126, logdetD=-154.884748897555, t=1009.61
# xi=128.449339214, logdetD=-126.424777085317, t=976.348
# xi=7.26084613353, logdetD=-164.051433227754, t=976.181
# xi=117.590419106, logdetD=-130.854294352145, t=984.277
# xi=14.1087993805, logdetD=-168.125535405895, t=929.223
# xi=104.499159216, logdetD=-136.346838866189, t=994.418
# xi=23.0568387416, logdetD=-168.348344412629, t=903.258
# xi=90.0921852227, logdetD=-142.553301984882, t=957.601
# xi=33.9026614929, logdetD=-165.805458537792, t=934.36
# xi=75.1427289055, logdetD=-149.102644326424, t=931.784
# xi=46.4461841663, logdetD=-161.314771400095, t=910.78
# xi=2958.05888436, logdetD=-0.01614149551432, t=1361.12
# xi=395222.306881, logdetD=0, t=18.6885
# xi=1274.99208291, logdetD=-3.20910614520115, t=1480.81
# xi=66005.0099991, logdetD=-3.15845585156778e-72, t=182.446
# xi=1311.87452364, logdetD=-2.85383578017633, t=1484.73
# xi=24594.0649914, logdetD=-7.65005230672355e-28, t=408.831
# xi=1390.22686137, logdetD=-2.22451615045256, t=1485.22
# xi=12656.9041692, logdetD=-1.89527164499982e-14, t=660.071
# xi=1518.60774932, logdetD=-1.47956808622495, t=1476.51
# xi=7744.9351883, logdetD=-1.24925945505994e-08, t=719.905
# xi=1708.85319117, logdetD=-0.809380395562129, t=1466.63
# xi=5267.24787486, logdetD=-1.52955138773446e-05, t=1050.29
# xi=1982.1222147, logdetD=-0.341188957750139, t=1436.28
# xi=3844.74472782, logdetD=-0.00106682765897426, t=1283.42
# xi=2376.46042806, logdetD=-0.0987533398320594, t=1402.16
# xi=704.299734371, logdetD=-19.8050164194538, t=1343.89
# xi=1260.54866764, logdetD=-3.36002679155128, t=1483.11
# xi=424.389099439, logdetD=-48.6073112961592, t=1162.88
# xi=1225.79490582, logdetD=-3.75298583025148, t=1477.93
# xi=433.471399308, logdetD=-47.206384716441, t=1172.09
# xi=1160.75695633, logdetD=-4.61639792538119, t=1485.83
# xi=452.130978352, logdetD=-44.4549283416175, t=1188.16
# xi=1074.29215665, logdetD=-6.08029838391548, t=1475.86
# xi=480.964338828, logdetD=-40.5183624939307, t=1222.34
# xi=977.901061029, logdetD=-8.26743823553785, t=1452.16
# xi=520.129720803, logdetD=-35.728360972834, t=1248.49
# xi=880.595537199, logdetD=-11.2768216983697, t=1434.57
# xi=570.019227956, logdetD=-30.4438571075675, t=1278.47
# xi=788.157395051, logdetD=-15.1485469023566, t=1393.17
# xi=631.305869423, logdetD=-25.0160007243264, t=1327.36
# xi=97.5184247591, logdetD=-139.335867757, t=981.587
# xi=140.459033689, logdetD=-121.669972840059, t=994.854
# xi=60.6634868669, logdetD=-155.415296110941, t=954.318
# xi=138.480485931, logdetD=-122.442623711359, t=998.107
# xi=62.1305431847, logdetD=-154.783396737827, t=949.893
# xi=134.585541442, logdetD=-123.976036180233, t=989.052
# xi=65.0756634998, logdetD=-153.50753490399, t=954.4
# xi=128.979864943, logdetD=-126.211486990757, t=980.661
# xi=69.4524779481, logdetD=-151.598177022154, t=943.16
# xi=122.073370513, logdetD=-129.011064302964, t=976.666
# xi=75.0820198364, logdetD=-149.129306934982, t=936.656
# xi=114.278529886, logdetD=-132.228754346798, t=974.634
# xi=81.7731019643, logdetD=-146.191073083568, t=929.492
# xi=105.966421786, logdetD=-135.723572204861, t=984.984
# xi=89.3362356153, logdetD=-142.882634122262, t=951.469
# xi=28.1719893748, logdetD=-167.385574107384, t=913.747
# xi=60.0739702539, logdetD=-155.6684164442, t=946.458
# xi=0.225794827685, logdetD=-136.237151133411, t=996.123
# xi=58.6193179633, logdetD=-156.290818308874, t=948.322
# xi=1.34841211241, logdetD=-148.427033028747, t=1008.17
# xi=55.751436308, logdetD=-157.5074043664, t=947.075
# xi=3.59949942938, logdetD=-157.648180547227, t=996.522
# xi=51.613955217, logdetD=-159.231588120904, t=919.382
# xi=6.93856964151, logdetD=-163.677461697438, t=981.523
# xi=46.5001073703, logdetD=-161.293537313543, t=911.15
# xi=11.2222642813, logdetD=-167.086264021677, t=941.478
# xi=40.7068327129, logdetD=-163.496051622629, t=935.026
# xi=16.2975713938, logdetD=-168.511459529844, t=921.793
# xi=34.5036610299, logdetD=-165.61742258048, t=938.36
# xi=22.0133378031, logdetD=-168.472502365857, t=903.085
# xi=6338.69760934, logdetD=-6.795193346321e-07, t=850.224
# xi=790867.193602, logdetD=0, t=23.4215
# xi=2972.56400644, logdetD=-0.0154330033464655, t=1354.98
# xi=132432.599839, logdetD=-6.90283671778462e-142, t=117.386
# xi=3046.3288879, logdetD=-0.012286147175108, t=1352.68
# xi=49610.7098235, logdetD=-7.86552926313799e-55, t=219.974
# xi=3203.03356337, logdetD=-0.00757831029486691, t=1354.07
# xi=25736.388179, logdetD=-4.26459416003102e-29, t=388.614
# xi=3459.79533926, logdetD=-0.00344635901260071, t=1318.61
# xi=15912.4502172, logdetD=-3.57103385090512e-18, t=582.727
# xi=3840.28622296, logdetD=-0.00108135073661836, t=1288.62
# xi=10957.0755903, logdetD=-1.81075503034668e-12, t=682.005
# xi=4386.82427002, logdetD=-0.000208261800742335, t=1217.96
# xi=8112.06929625, logdetD=-4.46561729598662e-09, t=710.581
# xi=5175.50069675, logdetD=-2.00323729583211e-05, t=1089.77
# xi=1831.17930936, logdetD=-0.549584316082044, t=1434.68
# xi=2943.6771759, logdetD=-0.0168763070617193, t=1366.44
# xi=1271.3580395, logdetD=-3.24642644016712, t=1463.84
# xi=2874.16965227, logdetD=-0.0209316929264713, t=1368.86
# xi=1289.52263924, logdetD=-3.06413170133166, t=1463.34
# xi=2744.09375329, logdetD=-0.0313480781859095, t=1393.01
# xi=1326.84179733, logdetD=-2.72116869180857, t=1467.87
# xi=2571.16415392, logdetD=-0.0537226966031929, t=1393.75
# xi=1384.50851828, logdetD=-2.2653179731484, t=1498.67
# xi=2378.38196268, logdetD=-0.0981606735690566, t=1437.95
# xi=1462.83928223, logdetD=-1.76619646695616, t=1497.51
# xi=2183.77091502, logdetD=-0.180795243327337, t=1435.41
# xi=1562.61829654, logdetD=-1.28670031918082, t=1501.24
# xi=1998.89463073, logdetD=-0.32360783692847, t=1442.61
# xi=1685.19157947, logdetD=-0.87237570893131, t=1485.25
# xi=43.7151559265, logdetD=-162.373489824158, t=938.743
# xi=60.2212145233, logdetD=-155.605239793183, t=972.862
# xi=28.3004095217, logdetD=-167.355128036714, t=932.541
# xi=59.4923465173, logdetD=-155.917661134896, t=973.511
# xi=28.9379454665, logdetD=-167.200151179333, t=934.132
# xi=58.0489042821, logdetD=-156.533966618048, t=972.545
# xi=30.2115971094, logdetD=-166.872484298622, t=947.707
# xi=55.9512145715, logdetD=-157.423161586856, t=967.441
# xi=32.0892487238, logdetD=-166.349744279618, t=948.168
# xi=53.3333154424, logdetD=-158.520171829955, t=952.733
# xi=34.478059339, logdetD=-165.62550569044, t=957.766
# xi=50.3334163529, logdetD=-159.75605688558, t=934.823
# xi=37.2795795135, logdetD=-164.705500502996, t=965.164
# xi=47.0802698896, logdetD=-161.064333227515, t=930.613
# xi=40.3979209829, logdetD=-163.608337451183, t=954.011
# xi=13.631607762, logdetD=-168.000577854245, t=945.035
# xi=28.0436423606, logdetD=-167.415738016445, t=930.166
# xi=0.112867259962, logdetD=-133.293806348615, t=998.231
# xi=27.4086276225, logdetD=-167.560984498885, t=924.322
# xi=0.673132105915, logdetD=-142.849382459884, t=1006.57
# xi=26.1506741459, logdetD=-167.827938034756, t=927.509
# xi=1.79211716329, logdetD=-150.985340393987, t=1017.03
# xi=24.3216527368, logdetD=-168.16118830552, t=928.945
# xi=3.44103470487, logdetD=-157.212702022194, t=1011.58
# xi=22.0375620975, logdetD=-168.469953249412, t=923.62
# xi=5.53760232357, logdetD=-161.71131672008, t=1001.02
# xi=19.4181477785, logdetD=-168.642008748021, t=931.49
# xi=7.99462202103, logdetD=-164.814530014471, t=981.363
# xi=16.5751496944, logdetD=-168.541073204583, t=931.991
# xi=10.7272626985, logdetD=-166.828760883872, t=962.003
# xi=20.7826151126, logdetD=-168.579565383358, t=926.035
# xi=28.1078067301, logdetD=-167.400691481132, t=933.451
# xi=13.6917332247, logdetD=-168.017224616351, t=942.763
# xi=27.7899850308, logdetD=-167.474562354009, t=928.048
# xi=13.9899617725, logdetD=-168.095927733235, t=947.255
# xi=27.1590606122, logdetD=-167.616196619039, t=937.19
# xi=14.5844537137, logdetD=-168.234436696649, t=940.548
# xi=26.2385633622, logdetD=-167.810231183567, t=922.249
# xi=15.457721461, logdetD=-168.396883228988, t=935.592
# xi=25.08376139, logdetD=-168.030784894604, t=911.223
# xi=16.5633330043, logdetD=-168.539892375602, t=924.647
# xi=23.7521507619, logdetD=-168.250164410072, t=910.904
# xi=17.8523321319, logdetD=-168.62933315447, t=925.473
# xi=22.298007303, logdetD=-168.44152185163, t=918.119
# xi=19.2775116689, logdetD=-168.644753051142, t=929.574
# xi=6.70761651782, logdetD=-163.393292127974, t=992.277
# xi=13.5714988696, logdetD=-167.983669035912, t=939.198
# xi=0.056426094531, logdetD=-131.131581795574, t=985.996
# xi=13.2738415717, logdetD=-167.895929259136, t=941.396
# xi=0.33629820639, logdetD=-138.348345489881, t=1001.02
# xi=12.6829064344, logdetD=-167.701047961536, t=941.786
# xi=0.894162556434, logdetD=-145.003553942414, t=1006.51
# xi=11.8206564483, logdetD=-167.362798913677, t=944.769
# xi=1.7135407381, logdetD=-150.573322830375, t=1013.65
# xi=10.7387673916, logdetD=-166.835059437233, t=952.907
# xi=2.75077768852, logdetD=-155.045086354491, t=1011.15
# xi=9.4910111247, logdetD=-166.055533927401, t=954.12
# xi=3.95985355351, logdetD=-158.567576440631, t=985.772
# xi=8.12816642044, logdetD=-164.941378394673, t=959.454
# xi=5.29640625265, logdetD=-161.305752164435, t=986.498
# xi=10.1419161749, logdetD=-166.487320256589, t=945.341
# xi=13.6015512449, logdetD=-167.992156330398, t=928.362
# xi=6.73673041283, logdetD=-163.429891727002, t=972.15
# xi=13.4526512798, logdetD=-167.94944321199, t=928.951
# xi=6.88107812673, logdetD=-163.608025726944, t=973.451
# xi=13.1567407122, logdetD=-167.859541798302, t=931.685
# xi=7.1685236052, logdetD=-163.946886097114, t=973.71
# xi=12.7242486342, logdetD=-167.715615057174, t=930.042
# xi=7.59004111563, logdetD=-164.408195966273, t=965.816
# xi=12.1803754801, logdetD=-167.512125035355, t=936.08
# xi=8.12248310118, logdetD=-164.936050706751, t=962.247
# xi=11.5514367669, logdetD=-167.242880482263, t=936.312
# xi=8.74151871596, logdetD=-165.481358700735, t=950.571
# xi=10.8624184173, logdetD=-166.901793562999, t=947.824
# xi=9.42380530988, logdetD=-166.007567807097, t=954.621
# xi=3.32740031986, logdetD=-156.887505226654, t=1000.93
# xi=6.67850657123, logdetD=-163.356468233711, t=978.53
# xi=0.0282111637803, logdetD=-129.577490386928, t=964.781
# xi=6.53429497652, logdetD=-163.170599908715, t=980.769
# xi=0.168082221455, logdetD=-134.877390028566, t=984.616
# xi=6.24769702116, logdetD=-162.78349972683, t=985.279
# xi=0.446608774792, logdetD=-140.058238630186, t=995.281
# xi=5.82880481413, logdetD=-162.171841411561, t=988.131
# xi=0.855036802687, logdetD=-144.652203403876, t=996.425
# xi=5.30201523329, logdetD=-161.315445662502, t=984.563
# xi=1.37092682954, logdetD=-148.572089979404, t=1007.59
# xi=4.6928060835, logdetD=-160.182499189527, t=989.324
# xi=1.97069342413, logdetD=-151.867747908011, t=1007.12
# xi=4.0253699615, logdetD=-158.725030920512, t=991.345
# xi=2.63171084671, logdetD=-154.618337327509, t=1003.79
#
# ier=0, integral=-138.956247770982, neval=255, abserr=1.41988e-05, absrel=1.02181e-07
#
# L/R, L, R, T, ldim, F*(L+R)/(ħc)
0.00118461, 1.18461e-07, 0.0001, 0, 8442, -18691.19122413461

# finished at Mon Aug 28 21:54:18 CEST 2017
