# starting on alcc114 at Mon Aug 28 10:39:30 CEST 2017

# L      = 1e-07
# R      = 0.0001
# LbyR   = 0.001
# T      = 0
# cutoff = 1e-12
# epsrel = 2e-07
# ldim   = 10000
# cores  = 36
# alpha  = 0.001998001998002
# omegap = 9
# gamma  = 0.35
# quad   = adaptive Gauss-Kronrod
#
# xi=500.5, logdetD=-54.0501450902961, t=878.288
# xi=116649.116929, logdetD=-1.27040369027803e-106, t=104.603
# xi=2.14746803571, logdetD=-177.222901886301, t=747.656
# xi=19168.5693206, logdetD=-1.08400950465578e-18, t=427.716
# xi=13.068280987, logdetD=-194.844458956417, t=706.708
# xi=6906.87579908, logdetD=-2.02493072350667e-06, t=681.278
# xi=36.2682430214, logdetD=-193.903761442348, t=704.777
# xi=3372.30764343, logdetD=-0.0186042958642457, t=1026.49
# xi=74.2815533119, logdetD=-178.922259000281, t=713.628
# xi=1917.88398275, logdetD=-1.00838672444871, t=1098.57
# xi=130.612827602, logdetD=-154.118860920583, t=742.42
# xi=1184.24599226, logdetD=-7.86606268369216, t=1099.32
# xi=211.527209412, logdetD=-122.807086029803, t=756.466
# xi=763.045809093, logdetD=-25.7421548071073, t=1001.2
# xi=328.289923115, logdetD=-88.1203770802935, t=779.783
# xi=1501.5, logdetD=-3.22897690788636, t=1105.2
# xi=233798.733859, logdetD=-1.0609617934159e-209, t=67.9874
# xi=504.794936071, logdetD=-53.3966525970749, t=881.082
# xi=38837.6386412, logdetD=-5.36398543179241e-37, t=210.71
# xi=526.636561974, logdetD=-50.1945487617691, t=889.121
# xi=14314.2515982, logdetD=-5.46026803465885e-14, t=477.619
# xi=573.036486043, logdetD=-44.0192981728011, t=913.68
# xi=7245.11528687, logdetD=-8.77638821649727e-07, t=639.617
# xi=649.063106624, logdetD=-35.5087190844063, t=956.565
# xi=4336.2679655, logdetD=-0.00142659441429385, t=956.244
# xi=761.725655205, logdetD=-25.8381639811496, t=1003.39
# xi=2868.99198452, logdetD=-0.0729641986217672, t=1035.09
# xi=923.554418823, logdetD=-16.3769090398383, t=1047.18
# xi=2026.59161819, logdetD=-0.745043250568006, t=1077.77
# xi=1157.07984623, logdetD=-8.49018000048291, t=1093.13
# xi=166.833333333, logdetD=-139.326655754734, t=742.631
# xi=496.241606442, logdetD=-54.7060391288799, t=877.417
# xi=1.07143544307, logdetD=-170.541032583462, t=739.333
# xi=475.660575219, logdetD=-57.9909538266784, t=866.638
# xi=6.44993513417, logdetD=-188.884375977092, t=737.427
# xi=437.145375733, logdetD=-64.6826454680845, t=847.44
# xi=17.500059174, logdetD=-196.172063256091, t=691.286
# xi=385.941285899, logdetD=-74.8018245618414, t=814.888
# xi=34.5750536853, logdetD=-194.379133775964, t=698.798
# xi=328.858885464, logdetD=-87.9779096397231, t=778.889
# xi=57.7686277678, logdetD=-186.035925277599, t=701.778
# xi=271.234964496, logdetD=-103.647418874407, t=763.734
# xi=87.3129835675, logdetD=-173.12137853551, t=714.383
# xi=216.49348644, logdetD=-121.089892742711, t=758.146
# xi=123.606674256, logdetD=-157.114435064031, t=737.943
# xi=300.3, logdetD=-95.4227123480359, t=766.866
# xi=498.366264617, logdetD=-54.3777940553187, t=876.786
# xi=167.785041277, logdetD=-138.954686708389, t=743.474
# xi=487.924256524, logdetD=-56.010348242294, t=864.612
# xi=172.542086141, logdetD=-137.108608210681, t=750.136
# xi=467.787478316, logdetD=-59.2995576571662, t=857.077
# xi=182.209728814, logdetD=-133.424724041098, t=747.055
# xi=439.744058254, logdetD=-64.2075815961105, t=847.766
# xi=196.87494591, logdetD=-128.010026910727, t=756.394
# xi=406.631657013, logdetD=-70.5334670042509, t=829.531
# xi=216.280786125, logdetD=-121.162962462541, t=754.589
# xi=371.042238329, logdetD=-78.0359732229465, t=805.308
# xi=240.179743477, logdetD=-113.21482523538, t=760.149
# xi=335.021770707, logdetD=-86.4494932555575, t=782.516
# xi=268.348951059, logdetD=-104.501694645951, t=763.737
# xi=71.5, logdetD=-180.147608058741, t=716.044
# xi=165.884332198, logdetD=-139.698440792524, t=749.939
# xi=0.535144921098, logdetD=-165.024383147491, t=734.053
# xi=161.220609456, logdetD=-141.538172823773, t=747.038
# xi=3.20432055437, logdetD=-181.45178386675, t=743.516
# xi=152.134314268, logdetD=-145.182414890711, t=741.613
# xi=8.59968493641, logdetD=-191.641220390799, t=720.644
# xi=139.273100856, logdetD=-150.47290754, t=734.907
# xi=16.7103430195, logdetD=-196.026360635679, t=691.602
# xi=123.767923028, logdetD=-157.045051694586, t=742.883
# xi=27.3083253881, logdetD=-195.969896208024, t=685.918
# xi=106.704424512, logdetD=-164.48896831755, t=744.044
# xi=40.1540264017, logdetD=-192.702432023179, t=720.352
# xi=88.998414505, logdetD=-172.368112497691, t=721.845
# xi=55.010468888, logdetD=-187.168295921829, t=705.262
# xi=3503.5, logdetD=-0.0130666364886706, t=1013.05
# xi=468097.967717, logdetD=0, t=14.1969
# xi=1510.08987214, logdetD=-3.15218125027427, t=1127.29
# xi=78175.7772824, logdetD=-1.90392025793708e-72, t=132.243
# xi=1553.77312395, logdetD=-2.78910268188356, t=1129.81
# xi=29129.0031963, logdetD=-4.65650514575874e-28, t=300.048
# xi=1646.57297209, logdetD=-2.15104796873697, t=1123.35
# xi=14990.7305737, logdetD=-1.18474980298303e-14, t=475.106
# xi=1798.62621325, logdetD=-1.40635141806156, t=1117.55
# xi=9173.03593099, logdetD=-8.20308310561395e-09, t=533.533
# xi=2023.95131041, logdetD=-0.750535405015835, t=1090.83
# xi=6238.48396905, logdetD=-1.07431598359989e-05, t=768.688
# xi=2347.60883765, logdetD=-0.30586512268665, t=1067.71
# xi=4553.68323637, logdetD=-0.000806487947931294, t=937.575
# xi=2814.65969246, logdetD=-0.0846489258452221, t=1036.41
# xi=834.166666667, logdetD=-21.0658356263751, t=1027.66
# xi=1492.98321288, logdetD=-3.30697341310883, t=1112.34
# xi=502.642870886, logdetD=-53.7230965086317, t=883.753
# xi=1451.82115044, logdetD=-3.71143617744681, t=1109.86
# xi=513.399870268, logdetD=-52.1112413347787, t=890.644
# xi=1374.79075147, logdetD=-4.6065426380723, t=1109.46
# xi=535.500118348, logdetD=-48.9509631192831, t=908.208
# xi=1272.3825718, logdetD=-6.14078116502911, t=1104.95
# xi=569.650107371, logdetD=-44.442886957079, t=924.042
# xi=1158.21777093, logdetD=-8.4630672583011, t=1091.95
# xi=616.037255536, logdetD=-38.9809734300957, t=948.027
# xi=1042.96992899, logdetD=-11.7023482887026, t=1075.1
# xi=675.125967135, logdetD=-32.9894274131468, t=968.512
# xi=933.486972881, logdetD=-15.9252620176442, t=1045.02
# xi=747.713348513, logdetD=-26.8796493039164, t=994.784
# xi=115.5, logdetD=-160.627566344002, t=739.915
# xi=166.358495137, logdetD=-139.512571511367, t=748.533
# xi=71.8493223249, logdetD=-179.994125026403, t=713.05
# xi=164.015119856, logdetD=-140.433280835999, t=749.004
# xi=73.5868914574, logdetD=-179.228929207606, t=713.291
# xi=159.401980446, logdetD=-142.261258397242, t=745.336
# xi=77.0750671249, logdetD=-177.685324667419, t=711.056
# xi=152.762664469, logdetD=-144.927877115184, t=744.624
# xi=82.2589292518, logdetD=-175.378398890259, t=709.09
# xi=144.582670702, logdetD=-148.27038530445, t=737.222
# xi=88.9265111955, logdetD=-172.400248451158, t=713.557
# xi=135.350527189, logdetD=-152.116249823018, t=737.143
# xi=96.851372448, logdetD=-168.861931242432, t=727.869
# xi=125.505736445, logdetD=-156.298579209011, t=739.625
# xi=105.809084171, logdetD=-164.884535486934, t=735.921
# xi=33.3666666667, logdetD=-194.697630796022, t=696.255
# xi=71.1511038192, logdetD=-180.300777639754, t=714.979
# xi=0.267429489986, logdetD=-160.706973891727, t=730.783
# xi=69.428225912, logdetD=-181.055163740203, t=717.085
# xi=1.597047936, logdetD=-174.251035210876, t=739.221
# xi=66.0315310618, logdetD=-182.531301400743, t=714.963
# xi=4.26321677284, logdetD=-184.532790888017, t=743.207
# xi=61.1311333453, logdetD=-184.627449783004, t=711.347
# xi=8.21798337673, logdetD=-191.228861985992, t=723.813
# xi=55.0743350761, logdetD=-187.142340746121, t=697.45
# xi=13.2915551876, logdetD=-194.945640575149, t=705.217
# xi=48.2128294213, logdetD=-189.842836995666, t=695.719
# xi=19.3027061361, logdetD=-196.389365226988, t=687.299
# xi=40.8658451856, logdetD=-192.467873960086, t=711.625
# xi=26.0724116754, logdetD=-196.147253924444, t=678.037
# xi=7507.5, logdetD=-4.60501074351095e-07, t=593.43
# xi=936696.435435, logdetD=0, t=17.8399
# xi=3520.67974429, logdetD=-0.012476943903959, t=1003.24
# xi=156852.054565, logdetD=-4.15508458977038e-142, t=86.3262
# xi=3608.0462479, logdetD=-0.00986860724397984, t=1003.02
# xi=58758.5063927, logdetD=-4.7476597468809e-55, t=158.94
# xi=3793.64594417, logdetD=-0.00600695566314612, t=988.082
# xi=30481.9611475, logdetD=-2.59342872537439e-29, t=283.984
# xi=4097.7524265, logdetD=-0.00267701924384566, t=964.891
# xi=18846.571862, logdetD=-2.20399764768767e-18, t=429.442
# xi=4548.40262082, logdetD=-0.000817707066736177, t=931.714
# xi=12977.4679381, logdetD=-1.14431244498094e-12, t=496.139
# xi=5195.71767529, logdetD=-0.000152411588642421, t=879.085
# xi=9607.86647274, logdetD=-2.91400758826976e-09, t=528.418
# xi=6129.81938492, logdetD=-1.41225538301534e-05, t=774.293
# xi=2168.83333333, logdetD=-0.501840031844017, t=1063.29
# xi=3486.46642577, logdetD=-0.0136791031200479, t=1009.15
# xi=1505.78574177, logdetD=-3.19042932698842, t=1117.85
# xi=3404.14230088, logdetD=-0.0170737826345144, t=1013.68
# xi=1527.29974054, logdetD=-3.00379257573643, t=1124.29
# xi=3250.08150293, logdetD=-0.0258847761579099, t=1025.42
# xi=1571.5002367, logdetD=-2.65402189212098, t=1124.29
# xi=3045.2651436, logdetD=-0.0451231275684544, t=1026.9
# xi=1639.80021474, logdetD=-2.19219535927991, t=1121.07
# xi=2816.93554186, logdetD=-0.0841235365888773, t=1037.51
# xi=1732.57451107, logdetD=-1.69128864505663, t=1116.34
# xi=2586.43985799, logdetD=-0.158308852746251, t=1054.31
# xi=1850.75193427, logdetD=-1.21595410205673, t=1101.36
# xi=2367.47394576, logdetD=-0.289523378696712, t=1058.47
# xi=1995.92669703, logdetD=-0.811402028929987, t=1083.52
# xi=51.775862069, logdetD=-188.464201845656, t=689.705
# xi=71.3254986904, logdetD=-180.224232212079, t=715.285
# xi=33.5187664058, logdetD=-194.65855481149, t=692.407
# xi=70.46223357, logdetD=-180.602814932609, t=716.842
# xi=34.273858603, logdetD=-194.460213560038, t=698.484
# xi=68.7526327578, logdetD=-181.350015078309, t=716.985
# xi=35.7823608693, logdetD=-194.043460549434, t=706.624
# xi=66.2681467525, logdetD=-182.42901438721, t=721.813
# xi=38.0062356088, logdetD=-193.38402330605, t=705.395
# xi=63.1675290984, logdetD=-183.761911943232, t=717.076
# xi=40.8355227588, logdetD=-192.477948521851, t=713.428
# xi=59.6144739122, logdetD=-185.266187099189, t=712.476
# xi=44.1536196308, logdetD=-191.33537563247, t=710.295
# xi=55.761474672, logdetD=-186.862258655597, t=701.224
# xi=47.846956973, logdetD=-189.981051561697, t=694.667
# xi=16.1451612903, logdetD=-195.900857304415, t=692.045
# xi=33.2146535453, logdetD=-194.736383586812, t=695.963
# xi=0.133679030992, logdetD=-157.451134025615, t=728.404
# xi=32.4625474439, logdetD=-194.923579622794, t=693.342
# xi=0.797251990332, logdetD=-168.042555296885, t=738.095
# xi=30.9726379534, logdetD=-195.27079261814, t=691.445
# xi=2.1225684569, logdetD=-177.102851287502, t=744.384
# xi=28.8063604189, logdetD=-195.713206312432, t=683.059
# xi=4.07553248931, logdetD=-184.047459074343, t=740.756
# xi=26.1011027255, logdetD=-196.14351571713, t=673.75
# xi=6.55868949845, logdetD=-189.052725015612, t=734.8
# xi=22.9986904932, logdetD=-196.429875816153, t=679.213
# xi=9.46876291029, logdetD=-192.480391495453, t=717.492
# xi=19.6314675348, logdetD=-196.413437194826, t=683.323
# xi=12.7052794868, logdetD=-194.670424260057, t=707.738
# xi=24.6147540984, logdetD=-196.311635489388, t=675.919
# xi=33.2906492834, logdetD=-194.717047759362, t=696.36
# xi=16.2163733814, logdetD=-195.917694888039, t=693.411
# xi=32.9142239426, logdetD=-194.81207471239, t=692.11
# xi=16.5695927587, logdetD=-195.996821567749, t=694.089
# xi=32.1669623814, logdetD=-194.995022641557, t=696.573
# xi=17.273704001, logdetD=-196.133685384797, t=694.955
# xi=31.0767332001, logdetD=-195.247607667544, t=691.305
# xi=18.3079949574, logdetD=-196.288145056747, t=688.556
# xi=29.7089954817, logdetD=-195.538478829693, t=683.408
# xi=19.6174719467, logdetD=-196.41250318365, t=690.589
# xi=28.131847082, logdetD=-195.834139093549, t=683.616
# xi=21.1441516444, logdetD=-196.469627853477, t=683.56
# xi=26.4095718308, logdetD=-196.102158676699, t=674.215
# xi=22.8321222708, logdetD=-196.437862852229, t=676.706
# xi=7.94444444444, logdetD=-190.915122389335, t=730.641
# xi=16.073968825, logdetD=-195.883721679275, t=692.787
# xi=0.0668305905723, logdetD=-155.062930768621, t=724.515
# xi=15.7214260312, logdetD=-195.794317500081, t=696.922
# xi=0.39830875995, logdetD=-163.045856303363, t=732.601
# xi=15.0215274374, logdetD=-195.59334222825, t=697.498
# xi=1.05903859218, logdetD=-170.438531125403, t=738.529
# xi=14.0002858244, logdetD=-195.238961110039, t=700.663
# xi=2.02950320147, logdetD=-176.643445082558, t=741.774
# xi=12.7189055483, logdetD=-194.677176159942, t=703.201
# xi=3.25799789947, logdetD=-181.630603059172, t=741.437
# xi=11.241073547, logdetD=-193.835741962794, t=713.081
# xi=4.69001715892, logdetD=-185.557058454748, t=740.529
# xi=9.62693177089, logdetD=-192.619535281054, t=718.816
# xi=6.27301890583, logdetD=-188.602599087353, t=733.139
# xi=12.012, logdetD=-194.303140303976, t=707.749
# xi=16.1095626049, logdetD=-195.892326891819, t=692.196
# xi=7.9789266962, logdetD=-190.955548399321, t=724.467
# xi=15.9332067417, logdetD=-195.848940197847, t=695.269
# xi=8.14989091139, logdetD=-191.152230854475, t=724.675
# xi=15.5827327606, logdetD=-195.757022933155, t=696.439
# xi=8.49033891233, logdetD=-191.526006657265, t=723.602
# xi=15.0704927902, logdetD=-195.608461253943, t=699.785
# xi=8.9895806974, logdetD=-192.033964994294, t=723.191
# xi=14.4263340126, logdetD=-195.396118289479, t=704.527
# xi=9.62020049548, logdetD=-192.613693465637, t=718.914
# xi=13.6814243039, logdetD=-195.112090602376, t=704.82
# xi=10.3533810579, logdetD=-193.21046523627, t=717.663
# xi=12.8653567805, logdetD=-194.748655176466, t=703.76
# xi=11.1614755466, logdetD=-193.783654118686, t=712.75
# xi=3.94094488189, logdetD=-183.684972952154, t=741.605
# xi=7.90996686916, logdetD=-190.874443490713, t=729.307
# xi=0.0334130645021, logdetD=-153.347908837405, t=719.287
# xi=7.73916387239, logdetD=-190.669040750201, t=731.562
# xi=0.199075165807, logdetD=-159.202138201638, t=731.629
# xi=7.39971967069, logdetD=-190.240876651396, t=730.148
# xi=0.528959667016, logdetD=-164.942406737131, t=737.909
# xi=6.90358727282, logdetD=-189.563418629678, t=737.285
# xi=1.01269837935, logdetD=-170.047565454081, t=742.209
# xi=6.27966213521, logdetD=-188.613361439451, t=740.907
# xi=1.62371417713, logdetD=-174.412680690674, t=742.351
# xi=5.55811995511, logdetD=-187.354419172316, t=740.769
# xi=2.33407267447, logdetD=-178.086863417742, t=743.173
# xi=4.76761424009, logdetD=-185.732411412463, t=744.169
# xi=3.116976136, logdetD=-181.154656326101, t=744.443
#
# ier=0, integral=-155.822315155519, neval=255, abserr=1.53243e-05, absrel=9.83447e-08
#
# L/R, L, R, T, ldim, F*(L+R)/(ħc)
0.0009999999999999998, 1e-07, 0.0001, 0, 10000, -24824.69159272509

# finished at Wed Aug 30 17:07:10 CEST 2017
