# starting on alcc93 at Thu Aug 24 08:20:02 CEST 2017

# L      = 2.33281e-07
# R      = 0.0001
# LbyR   = 0.00233281
# T      = 0
# cutoff = 1e-12
# epsrel = 2e-07
# ldim   = 4287
# cores  = 19
# alpha  = 0.00465476132623056
# omegap = 9
# gamma  = 0.35
# quad   = adaptive Gauss-Kronrod
#
# xi=214.833786292, logdetD=-30.2917654745727, t=429.95
# xi=50070.2726425, logdetD=-1.59604202241551e-105, t=60.3993
# xi=0.921775602505, logdetD=-79.8641651274609, t=385.373
# xi=8227.88476513, logdetD=-1.07969557559316e-17, t=232.915
# xi=5.60940716236, logdetD=-89.7116350795201, t=370.036
# xi=2964.69586287, logdetD=-8.96757171199959e-06, t=417.403
# xi=15.5677202207, logdetD=-90.347986292735, t=366.02
# xi=1447.52371545, logdetD=-0.034094176991768, t=552.618
# xi=31.8844902091, logdetD=-84.5980610786312, t=375.082
# xi=823.229326039, logdetD=-1.04831858866394, t=571.881
# xi=56.0640325517, logdetD=-74.4437084417845, t=378.914
# xi=508.323777061, logdetD=-5.93222442633674, t=541.262
# xi=90.7955870163, logdetD=-61.2070603202862, t=389.44
# xi=327.528512051, logdetD=-16.1350870695823, t=473.244
# xi=140.914619749, logdetD=-46.0090180330516, t=408.288
# xi=644.501358876, logdetD=-2.80149915876186, t=567.753
# xi=100355.379071, logdetD=-1.34199482319287e-208, t=39.2131
# xi=216.677337497, logdetD=-29.9793269172809, t=431.241
# xi=16670.6033165, logdetD=-6.34614275710951e-36, t=121.494
# xi=226.052600617, logdetD=-28.4407105505092, t=430.329
# xi=6144.22551203, logdetD=-4.68898681663584e-13, t=262.154
# xi=245.969226733, logdetD=-25.434333449193, t=439.938
# xi=3109.88121718, logdetD=-4.10772922536698e-06, t=395.206
# xi=278.60276671, logdetD=-21.1911739278868, t=453.56
# xi=1861.29243837, logdetD=-0.0035506974849178, t=528.497
# xi=326.961851395, logdetD=-16.1860090187444, t=472.42
# xi=1231.48134041, logdetD=-0.111413240113073, t=553.878
# xi=396.424960325, logdetD=-11.009224293261, t=511.519
# xi=869.890810395, logdetD=-0.811185149206318, t=566.306
# xi=496.66302579, logdetD=-6.32641132001667, t=534.564
# xi=71.6112620974, logdetD=-68.2424133840147, t=390.749
# xi=213.005920535, logdetD=-30.6048373443651, t=427.649
# xi=0.459901164838, logdetD=-76.1086911301072, t=383.135
# xi=204.171752975, logdetD=-32.1653006878263, t=422.364
# xi=2.76855941301, logdetD=-86.3118834773479, t=381.538
# xi=187.639552905, logdetD=-35.3083130326697, t=419.982
# xi=7.51169624914, logdetD=-90.5976109607588, t=364.681
# xi=165.660794678, logdetD=-39.9813240998802, t=408.667
# xi=14.8409384505, logdetD=-90.5063086955305, t=365.626
# xi=141.1588402, logdetD=-45.9451916278379, t=409.734
# xi=24.7965095549, logdetD=-87.4133022820919, t=375.568
# xi=116.424444351, logdetD=-52.8913541291128, t=402.415
# xi=37.4780796249, logdetD=-82.258886282567, t=384.732
# xi=92.9273034956, logdetD=-60.4688887295137, t=390.731
# xi=53.05672296, logdetD=-75.6879355945814, t=374.096
# xi=128.900271775, logdetD=-49.263427045929, t=403.007
# xi=213.917905271, logdetD=-30.448223130237, t=428.195
# xi=72.0197716299, logdetD=-68.085279969104, t=391.936
# xi=209.43579511, logdetD=-31.2259089173721, t=426.338
# xi=74.0616776431, logdetD=-67.30456722607, t=392.54
# xi=200.792317975, logdetD=-32.7835917744095, t=424.964
# xi=78.21140048, logdetD=-65.7423407192562, t=390.609
# xi=188.755007061, logdetD=-35.0866625364376, t=419.324
# xi=84.5062738381, logdetD=-63.4356161295001, t=389.08
# xi=174.541895109, logdetD=-38.0210259290271, t=412.791
# xi=92.8360043664, logdetD=-60.500326485159, t=391.701
# xi=159.265552317, logdetD=-41.456927877318, t=410.311
# xi=103.094353011, logdetD=-57.0661506275824, t=401.531
# xi=143.804186796, logdetD=-45.2596144273018, t=412.245
# xi=115.18565675, logdetD=-53.2660421885535, t=402.463
# xi=30.6905408989, logdetD=-85.0880246415763, t=373.697
# xi=71.203914431, logdetD=-68.3994109571339, t=391.531
# xi=0.229704714514, logdetD=-72.9452545403802, t=381.762
# xi=69.2020658499, logdetD=-69.1754392364943, t=395.832
# xi=1.37541721716, logdetD=-82.2096969736768, t=386.259
# xi=65.3018796385, logdetD=-70.708436900666, t=391.384
# xi=3.69131443718, logdetD=-87.8505699421203, t=375.283
# xi=59.7813538173, logdetD=-72.923935912324, t=381.979
# xi=7.17271980243, logdetD=-90.4863012114558, t=365.667
# xi=53.1259371143, logdetD=-75.6591633142974, t=377.577
# xi=11.7217801007, logdetD=-90.9609975192709, t=362.176
# xi=45.8016294346, logdetD=-78.73277828515, t=383.544
# xi=17.2356474061, logdetD=-89.9293409399335, t=373.959
# xi=38.201531193, logdetD=-81.9531201364605, t=382.442
# xi=23.6126020318, logdetD=-87.8528919215448, t=374.719
# xi=1503.83650404, logdetD=-0.025047889887549, t=549.52
# xi=200925.591929, logdetD=0, t=7.31123
# xi=648.188461286, logdetD=-2.7452209974153, t=569.483
# xi=33556.0404194, logdetD=-2.36798175464089e-71, t=74.6732
# xi=666.938987526, logdetD=-2.47607433589299, t=574.334
# xi=12503.2848104, logdetD=-5.25606670447625e-27, t=167.439
# xi=706.772239759, logdetD=-1.98878919144696, t=569.539
# xi=6434.59622066, logdetD=-1.04584972068276e-13, t=261.516
# xi=772.039319713, logdetD=-1.38901793777945, t=570.749
# xi=3937.41866303, logdetD=-4.93809777167371e-08, t=277.801
# xi=868.757489083, logdetD=-0.816252887126673, t=567.972
# xi=2677.79646712, logdetD=-4.21348961020797e-05, t=458.133
# xi=1007.68370694, logdetD=-0.380521075422378, t=564.495
# xi=1954.61540708, logdetD=-0.0021344909412029, t=528.458
# xi=1208.15983787, logdetD=-0.126617711687557, t=553.497
# xi=358.056310487, logdetD=-13.6184085733266, t=490.57
# xi=640.845627362, logdetD=-2.85843977851166, t=568.314
# xi=215.753588622, logdetD=-30.1354661448161, t=428.202
# xi=623.177292243, logdetD=-3.15041713849511, t=566.621
# xi=220.370905118, logdetD=-29.363239412116, t=432.641
# xi=590.112892102, logdetD=-3.77954294883775, t=558.246
# xi=229.85717879, logdetD=-27.8395845167245, t=433.66
# xi=546.155375647, logdetD=-4.81528785241046, t=548.648
# xi=244.515663193, logdetD=-25.642335118857, t=441.409
# xi=497.151466692, logdetD=-6.30938350487927, t=537.827
# xi=264.426805402, logdetD=-22.9379336598907, t=451.227
# xi=447.682674994, logdetD=-8.29119518968212, t=527.115
# xi=289.789945542, logdetD=-19.9086464693973, t=459.174
# xi=400.688393283, logdetD=-10.7523670849036, t=508.723
# xi=320.947232212, logdetD=-16.7366444402274, t=472.841
# xi=49.5770276059, logdetD=-77.1418092554133, t=381.364
# xi=71.4074433409, logdetD=-68.3209292443833, t=394.042
# xi=30.8404834317, logdetD=-85.0267468923943, t=371.278
# xi=70.4015768387, logdetD=-68.7095487384309, t=394.899
# xi=31.5863147118, logdetD=-84.720841734033, t=371.949
# xi=68.4214405626, logdetD=-69.4800589601295, t=396.155
# xi=33.0835734249, logdetD=-84.1018381181693, t=371.551
# xi=65.5715916321, logdetD=-70.6015440787542, t=386.832
# xi=35.3086857692, logdetD=-83.1724754559216, t=376.947
# xi=62.0604247333, logdetD=-72.0030386783913, t=380.475
# xi=38.1706675362, logdetD=-81.9661731446734, t=381.746
# xi=58.0976348306, logdetD=-73.6096665479924, t=376.221
# xi=41.5723217794, logdetD=-80.524775388745, t=376.972
# xi=53.8718732504, logdetD=-75.3494712956647, t=377.229
# xi=45.4173150381, logdetD=-78.895319887168, t=378.438
# xi=14.3222524195, logdetD=-90.6089103486757, t=364.508
# xi=30.5407812834, logdetD=-85.1491495305544, t=369.657
# xi=0.114790988811, logdetD=-70.4229812293018, t=378.949
# xi=29.8012560404, logdetD=-85.4497831392951, t=369.279
# xi=0.685514195766, logdetD=-78.2026894086067, t=384.58
# xi=28.3432644009, logdetD=-86.0358854995294, t=377.769
# xi=1.82993606612, logdetD=-83.909727453163, t=383.542
# xi=26.2398258479, logdetD=-86.8624607232498, t=378.155
# xi=3.52747349552, logdetD=-87.6185480681646, t=377.72
# xi=23.640015848, logdetD=-87.8428530077266, t=373.396
# xi=5.7052450083, logdetD=-89.7739187780226, t=368.664
# xi=20.6947945903, logdetD=-88.8756598559301, t=376.298
# xi=8.28546142838, logdetD=-90.7930110067177, t=363.558
# xi=17.5411873152, logdetD=-89.8453750617607, t=371.843
# xi=11.1912785574, logdetD=-90.9916862052388, t=363.491
# xi=3222.50679438, logdetD=-2.2440170871272e-06, t=380.741
# xi=402066.017644, logdetD=0, t=9.00051
# xi=1511.21070886, logdetD=-0.0240569275908206, t=550.341
# xi=67326.914625, logdetD=-5.24067530218955e-141, t=49.7638
# xi=1548.71176134, logdetD=-0.019593142372939, t=544.223
# xi=25221.403407, logdetD=-5.82702351864785e-54, t=89.2737
# xi=1628.37826581, logdetD=-0.0126718664088385, t=540.175
# xi=13084.0262276, logdetD=-2.95401729333704e-28, t=157.571
# xi=1758.91242572, logdetD=-0.00620909701155271, t=542.283
# xi=8089.67111236, logdetD=-2.17988322160065e-17, t=232.908
# xi=1952.34876446, logdetD=-0.00216102536274315, t=527.269
# xi=5570.42672053, logdetD=-9.21598082182838e-12, t=266.765
# xi=2230.20120018, logdetD=-0.000476372400777557, t=498.283
# xi=4124.06460046, logdetD=-1.83418639138241e-08, t=274.5
# xi=2631.15346203, logdetD=-5.42159003414139e-05, t=463.413
# xi=930.946407266, logdetD=-0.580001549656355, t=561.734
# xi=1496.52504102, logdetD=-0.0260707796028693, t=552.555
# xi=646.340963536, logdetD=-2.77327727858365, t=561.465
# xi=1461.18837078, logdetD=-0.0316359445475067, t=551.064
# xi=655.575596528, logdetD=-2.63585234824714, t=570.235
# xi=1395.0595705, logdetD=-0.0454454480151749, t=549.23
# xi=674.548143873, logdetD=-2.37454402400691, t=572.422
# xi=1307.14453759, logdetD=-0.073577400628033, t=551.797
# xi=703.865112678, logdetD=-2.02084844565497, t=569.341
# xi=1209.13671968, logdetD=-0.125940996605767, t=554.305
# xi=743.687397096, logdetD=-1.62335523576216, t=571.549
# xi=1110.19913628, logdetD=-0.216742429032737, t=554.257
# xi=794.413677376, logdetD=-1.2282459104075, t=569.733
# xi=1016.21057286, logdetD=-0.363113785208055, t=556.419
# xi=856.728250716, logdetD=-0.87203551045976, t=570.533
# xi=22.2241847888, logdetD=-88.3515939089469, t=377.995
# xi=30.6156382474, logdetD=-85.1186062783404, t=370.123
# xi=14.3875394581, logdetD=-90.5965026574923, t=365.976
# xi=30.2450917651, logdetD=-85.2696000004103, t=369.538
# xi=14.7116539751, logdetD=-90.5327294699561, t=366.263
# xi=29.5112655603, logdetD=-85.5670902953051, t=371.511
# xi=15.3591609751, logdetD=-90.3950631574959, t=366.302
# xi=28.4448289259, logdetD=-85.9953710201335, t=374.139
# xi=16.3137332638, logdetD=-90.1695564072055, t=370.324
# xi=27.1139249689, logdetD=-86.52204700587, t=380.985
# xi=17.5281717672, logdetD=-89.8489934899726, t=375.894
# xi=25.5888174793, logdetD=-87.1127739991868, t=376.672
# xi=18.9524261414, logdetD=-89.4328016937791, t=377.124
# xi=23.9349625035, logdetD=-87.7344079639521, t=376.565
# xi=20.53774811, logdetD=-88.9277544597941, t=377.326
# xi=6.93012213845, logdetD=-90.3958026436672, t=364.62
# xi=14.2570025605, logdetD=-90.6211604751244, t=366.605
# xi=0.0573801645871, logdetD=-68.4923585616534, t=376.302
# xi=13.9341697903, logdetD=-90.679500006554, t=366.284
# xi=0.342211116308, logdetD=-74.6839035045348, t=382.077
# xi=13.2946435224, logdetD=-90.7832594123005, t=365.554
# xi=0.911087748771, logdetD=-79.7972860414669, t=386.398
# xi=12.364794162, logdetD=-90.9029045929973, t=360.384
# xi=1.74937477689, logdetD=-83.6421821886056, t=384.004
# xi=11.203593856, logdetD=-90.9911637847057, t=362
# xi=2.81524095518, logdetD=-86.4052134937874, t=382.746
# xi=9.87191959723, logdetD=-90.9884839175008, t=363.996
# xi=4.06435601902, logdetD=-88.3260249809977, t=374.844
# xi=8.42657842353, logdetD=-90.8207483632684, t=362.633
# xi=5.45359300311, logdetD=-89.6054398614166, t=369.033
# xi=10.5655960472, logdetD=-91.0054149498978, t=363.607
# xi=14.2896228445, logdetD=-90.615055191819, t=365.727
# xi=6.9606890978, logdetD=-90.4077289492038, t=366.124
# xi=14.1280466583, logdetD=-90.6449220417152, t=365.75
# xi=7.11230439494, logdetD=-90.4646405577278, t=365.71
# xi=13.8072933505, logdetD=-90.7013645126559, t=366.174
# xi=7.4145359317, logdetD=-90.5674323280563, t=364.995
# xi=13.3393251927, logdetD=-90.7765469624621, t=362.337
# xi=7.85849325897, logdetD=-90.6946863684507, t=366.339
# xi=12.7522397328, logdetD=-90.8578611415864, t=361.438
# xi=8.42057098059, logdetD=-90.8196135630767, t=361.214
# xi=12.0752671808, logdetD=-90.9317423260873, t=364.367
# xi=9.07588043099, logdetD=-90.9207481640643, t=362.386
# xi=11.3360006209, logdetD=-90.9849623871106, t=360.845
# xi=9.80042213091, logdetD=-90.9846260055416, t=359.596
# xi=3.41006009987, logdetD=-87.4425817935372, t=378.01
# xi=6.89956360321, logdetD=-90.3837247992917, t=365.13
# xi=0.0286862513742, logdetD=-67.0604452998174, t=373.938
# xi=6.74823872168, logdetD=-90.3215875067729, t=365.549
# xi=0.170969388638, logdetD=-71.7946100529228, t=380.488
# xi=6.44781541512, logdetD=-90.1861937883309, t=365.99
# xi=0.454579961212, logdetD=-76.0504826575003, t=383.178
# xi=6.0094593663, logdetD=-89.9572322532534, t=368.601
# xi=0.871140573552, logdetD=-79.5411813516262, t=384.16
# xi=5.45944183103, logdetD=-89.6095396386469, t=368.653
# xi=1.39845759136, logdetD=-82.3085096110782, t=386.71
# xi=4.82509968449, logdetD=-89.1081905551307, t=370.624
# xi=2.0131351529, logdetD=-84.4743095868873, t=382.757
# xi=4.13224815728, logdetD=-88.4053829116528, t=377.054
# xi=2.69262018586, logdetD=-86.1557878774443, t=382.846
# xi=5.15601087101, logdetD=-89.3845229989919, t=370.102
# xi=6.91484181804, logdetD=-90.389782740221, t=367.599
# xi=3.42486120418, logdetD=-87.4652305085761, t=379.848
# xi=6.83914312108, logdetD=-90.359383493251, t=367.552
# xi=3.49824559912, logdetD=-87.5755260852885, t=378.746
# xi=6.68870625322, logdetD=-90.2960553706651, t=366.582
# xi=3.64437893194, logdetD=-87.7856500899788, t=376.268
# xi=6.4688332216, logdetD=-90.1962091468073, t=368.758
# xi=3.85867264416, logdetD=-88.0724761989582, t=375.135
# xi=6.19233558089, logdetD=-90.0575441714014, t=366.271
# xi=4.12935883583, logdetD=-88.4020476845305, t=374.299
# xi=5.87259177835, logdetD=-89.8773889845994, t=370.915
# xi=4.44406803913, logdetD=-88.7445334843289, t=370.444
# xi=5.52230431399, logdetD=-89.6530389766517, t=369.024
# xi=4.79093317139, logdetD=-89.0776629327161, t=369.871
# xi=1.69160461647, logdetD=-83.4423207611593, t=385.314
# xi=3.39526100289, logdetD=-87.4197984804645, t=379.08
# xi=0.0143421681491, logdetD=-66.0255216544777, t=372.67
# xi=3.32194580907, logdetD=-87.3048615281116, t=379.926
# xi=0.0854506925613, logdetD=-69.5337817263107, t=377.581
# xi=3.17624334536, logdetD=-87.0657862657504, t=380.033
# xi=0.227049766355, logdetD=-72.8977532409806, t=381.999
# xi=2.96328430133, logdetD=-86.6887004240263, t=382.212
# xi=0.43468896545, logdetD=-75.8282743450883, t=381.69
# xi=2.69547171457, logdetD=-86.161747359386, t=383.652
# xi=0.696960368688, logdetD=-78.293395666238, t=384.011
# xi=2.38575815109, logdetD=-85.4657160413832, t=383.705
# xi=1.00187346681, logdetD=-80.3449371380862, t=385.387
# xi=2.04644279476, logdetD=-84.5709741712037, t=385.023
# xi=1.33792564451, logdetD=-82.0454557125779, t=384.515
# xi=2.54743620109, logdetD=-85.8417462042095, t=381.815
# xi=3.40266030049, logdetD=-87.4312070256805, t=378.64
# xi=1.69888883438, logdetD=-83.4679055371163, t=386.883
# xi=3.36599405881, logdetD=-87.3743322643131, t=379.465
# xi=1.73499689009, logdetD=-83.5930848078374, t=383.774
# xi=3.29308906383, logdetD=-87.2586588926284, t=379.661
# xi=1.80686390461, logdetD=-83.8343847747087, t=385.522
# xi=3.18644331312, logdetD=-87.0830022677491, t=379.941
# xi=1.91216394239, logdetD=-84.1702990410442, t=383.922
# xi=3.05218000993, logdetD=-86.8503086966155, t=380.476
# xi=2.04502551633, logdetD=-84.5668961943539, t=384.394
# xi=2.89670443813, logdetD=-86.5634963749707, t=381.289
# xi=2.19928671347, logdetD=-84.9933017706289, t=384.267
# xi=2.72611475544, logdetD=-86.2253016326224, t=380.266
# xi=2.36905089772, logdetD=-85.4251547287029, t=384.127
# xi=0.842485436439, logdetD=-79.3512107609708, t=384.973
# xi=1.68432088863, logdetD=-83.4166244091233, t=384.917
# xi=0.00717084471399, logdetD=-65.2943743643446, t=369.012
# xi=1.64822972775, logdetD=-83.2875977114752, t=384.603
# xi=0.0427168509119, logdetD=-67.8278735925, t=378.318
# xi=1.57646790587, logdetD=-83.0223022429941, t=384.869
# xi=0.113464924767, logdetD=-70.385986545497, t=381.87
# xi=1.47149371383, logdetD=-82.6116159609593, t=383.499
# xi=0.217124820434, logdetD=-72.7168125697292, t=380.861
# xi=1.33933369635, logdetD=-82.0517032057866, t=386.133
# xi=0.347915832825, logdetD=-74.7605950479581, t=382.7
# xi=1.18629210867, logdetD=-81.3334443216965, t=384.765
# xi=0.499771395982, logdetD=-76.5294032561647, t=383.187
# xi=1.01837104742, logdetD=-80.4397448463863, t=384.069
# xi=0.666886230384, logdetD=-78.0524119780322, t=382.853
# xi=1.26621092117, logdetD=-81.7187052996995, t=385.548
# xi=1.6879626913, logdetD=-83.4294865824647, t=384.177
# xi=0.846098974824, logdetD=-79.3754668840307, t=383.668
# xi=1.66991499965, logdetD=-83.3654648181182, t=384.346
# xi=0.864009575919, logdetD=-79.4944092003833, t=385.717
# xi=1.63402095121, logdetD=-83.2360094733585, t=384.696
# xi=0.899648695533, logdetD=-79.7249517190649, t=384.83
# xi=1.58149319776, logdetD=-83.0412728498262, t=385.515
# xi=0.951845939435, logdetD=-80.048786207659, t=382.839
# xi=1.51532576003, logdetD=-82.7865231870649, t=384.951
# xi=1.01766910827, logdetD=-80.4357387740136, t=383.109
# xi=1.43865320201, logdetD=-82.4771821050098, t=386.334
# xi=1.09404341089, logdetD=-80.8578087636078, t=385.076
# xi=1.3544637027, logdetD=-82.118441443379, t=385.888
# xi=1.17803016368, logdetD=-81.2922529208803, t=383.323
# xi=0.420418368478, logdetD=-75.6641452327359, t=381.52
# xi=0.838872019136, logdetD=-79.3268670853103, t=385.786
# xi=0.00358536251986, logdetD=-64.7888926081544, t=375.171
# xi=0.82096559225, logdetD=-79.2049057745074, t=392.27
# xi=0.0213563022471, logdetD=-66.5771238491921, t=372.29
# xi=0.785352462615, logdetD=-78.9555363374768, t=384.414
# xi=0.0567174846531, logdetD=-68.46454591052, t=376.682
# xi=0.73323572545, logdetD=-78.5730559451165, t=384.339
# xi=0.108507577854, logdetD=-70.2452954400819, t=377.732
# xi=0.667585889929, logdetD=-78.0581172547043, t=382.678
# xi=0.173817170986, logdetD=-71.8559183700518, t=379.366
# xi=0.591512914793, logdetD=-77.4076949824636, t=382.539
# xi=0.249595379059, logdetD=-73.289867365384, t=381.108
# xi=0.507981537832, logdetD=-76.6128488521083, t=381.965
# xi=0.332926380783, logdetD=-74.5571086410331, t=381.212
#
# ier=0, integral=-83.6904727650206, neval=315, abserr=1.50864e-05, absrel=1.80264e-07
#
# L/R, L, R, T, ldim, F*(L+R)/(ħc)
0.00233281, 2.33281e-07, 0.0001, 0, 4287, -5723.065694127463

# finished at Fri Aug 25 19:04:21 CEST 2017
