# starting on alcc114 at So 10. Sep 00:34:26 CEST 2017

# L      = 3.6222e-06
# R      = 0.0001
# LbyR   = 0.036222
# T      = 0
# cutoff = 1e-12
# epsrel = 2e-07
# ldim   = 277
# cores  = 4
# alpha  = 0.0699116598566716
# omegap = 9
# gamma  = 3.5
# quad   = adaptive Gauss-Kronrod
#
# xi=14.3037656673, logdetD=-2.18358139965668, t=6.46727
# xi=3333.70955814, logdetD=-1.0010333390782e-102, t=1.87962
# xi=0.0613723867349, logdetD=-4.51305123270474, t=5.75352
# xi=547.817629847, logdetD=-6.11415441967302e-17, t=4.01097
# xi=0.373477780044, logdetD=-5.19168491056526, t=5.81085
# xi=197.391274572, logdetD=-4.09130598864218e-06, t=6.45183
# xi=1.03650839029, logdetD=-5.42130931594402, t=6.00213
# xi=96.3770195597, logdetD=-0.00563185391321349, t=7.59062
# xi=2.12288897498, logdetD=-5.25767012141101, t=6.21465
# xi=54.8111150175, logdetD=-0.112348216515523, t=7.68964
# xi=3.73277778055, logdetD=-4.77721330743449, t=6.1725
# xi=33.8445098216, logdetD=-0.515114742606351, t=6.75417
# xi=6.0452260453, logdetD=-4.05515740432094, t=6.24819
# xi=21.8070498435, logdetD=-1.24818322614014, t=6.09532
# xi=9.38218208024, logdetD=-3.16153858608976, t=5.93801
# xi=42.9112970018, logdetD=-0.266111703490861, t=7.24506
# xi=6681.72288196, logdetD=-2.17583197303336e-205, t=1.82743
# xi=14.4265104407, logdetD=-2.16357175118509, t=6.16394
# xi=1109.93902536, logdetD=-2.84131521477745e-34, t=2.56576
# xi=15.0507212274, logdetD=-2.06467402518907, t=6.1219
# xi=409.08631481, logdetD=-1.16628309380212e-12, t=4.56365
# xi=16.3767824479, logdetD=-1.86962585071566, t=5.95143
# xi=207.057804787, logdetD=-2.05259820520369e-06, t=6.22822
# xi=18.5495436172, logdetD=-1.58983528218041, t=5.95848
# xi=123.925995702, logdetD=-0.000781010056995023, t=7.27474
# xi=21.7693212284, logdetD=-1.25167685351218, t=6.10528
# xi=81.9927853105, logdetD=-0.0158327217037514, t=7.6536
# xi=26.3942177579, logdetD=-0.889552003216158, t=6.39128
# xi=57.9178653542, logdetD=-0.0897523603739168, t=7.95051
# xi=33.0681298277, logdetD=-0.545194316212028, t=6.72213
# xi=4.76792188909, logdetD=-4.44754752768206, t=6.18166
# xi=14.1820652406, logdetD=-2.20360735422862, t=6.26059
# xi=0.0306205025079, logdetD=-4.29638807790552, t=5.74448
# xi=13.5938809293, logdetD=-2.30306810022234, t=6.31107
# xi=0.184332389068, logdetD=-4.92395792812504, t=5.7937
# xi=12.4931568772, logdetD=-2.50166019640215, t=6.25393
# xi=0.50013335782, logdetD=-5.28738565272106, t=5.82671
# xi=11.029797632, logdetD=-2.79284713109492, t=6.09458
# xi=0.988118812884, logdetD=-5.41944167807618, t=5.99381
# xi=9.39844242813, logdetD=-3.15767496626594, t=5.93045
# xi=1.65096686216, logdetD=-5.36227809930027, t=6.07319
# xi=7.75161113472, logdetD=-3.57295180697834, t=6.15434
# xi=2.49531359972, logdetD=-5.15728231607145, t=6.30865
# xi=6.18715704003, logdetD=-4.01308726924164, t=6.22724
# xi=3.53254925769, logdetD=-4.84092585813753, t=6.27137
# xi=8.58225940036, logdetD=-3.35737859806664, t=5.94599
# xi=14.2427857454, logdetD=-2.19359239272969, t=6.20626
# xi=4.7951207051, logdetD=-4.4389726630877, t=6.29139
# xi=13.9443640933, logdetD=-2.24326368747124, t=6.19503
# xi=4.93107206374, logdetD=-4.39622789236144, t=6.16005
# xi=13.3688760678, logdetD=-2.34231577157299, t=6.27202
# xi=5.20736316333, logdetD=-4.31001971491474, t=6.30787
# xi=12.5674245012, logdetD=-2.4877291301495, t=6.31817
# xi=5.62647970441, logdetD=-4.18119910993431, t=6.24432
# xi=11.6211067628, logdetD=-2.67127521103457, t=6.13147
# xi=6.18107828784, logdetD=-4.01488212435698, t=6.2041
# xi=10.603998461, logdetD=-2.88381695050911, t=6.05279
# xi=6.864085452, logdetD=-3.81723501578037, t=6.19117
# xi=9.57457123202, logdetD=-3.11612002406514, t=5.927
# xi=7.66913189413, logdetD=-3.59504578257317, t=6.08548
# xi=2.04339509532, logdetD=-5.27742211502128, t=6.17018
# xi=4.74080043085, logdetD=-4.45610531029634, t=6.28197
# xi=0.0152938812176, logdetD=-4.12393687614121, t=5.76503
# xi=4.60751612068, logdetD=-4.49826104746302, t=6.15753
# xi=0.0915761245406, logdetD=-4.65533578200883, t=5.82997
# xi=4.34783932315, logdetD=-4.58079540138051, t=6.16939
# xi=0.245769986299, logdetD=-5.03617196882177, t=5.81959
# xi=3.98027931748, logdetD=-4.69816619585718, t=6.27209
# xi=0.477564097444, logdetD=-5.27329540449786, t=5.84694
# xi=3.53715757867, logdetD=-4.83946348519482, t=6.20545
# xi=0.780443330902, logdetD=-5.39350384445615, t=5.88677
# xi=3.04950066709, logdetD=-4.99235117643476, t=6.15819
# xi=1.14756000849, logdetD=-5.42092853236632, t=6.02941
# xi=2.54348145023, logdetD=-5.1435435166146, t=6.22761
# xi=1.57214157087, logdetD=-5.37605141270949, t=6.04105
# xi=100.126359671, logdetD=-0.00430286460377772, t=7.56162
# xi=13377.7495296, logdetD=0, t=0.217348
# xi=43.1567865488, logdetD=-0.261408102098069, t=7.18039
# xi=2234.18181639, logdetD=-6.55192646075244e-69, t=2.03495
# xi=44.405208122, logdetD=-0.23875213146908, t=7.31128
# xi=832.476395288, logdetD=-1.01932801262567e-25, t=2.92094
# xi=47.057330563, logdetD=-0.196961918522618, t=7.39151
# xi=428.419375241, logdetD=-2.95168108018169e-13, t=4.49551
# xi=51.4028529017, logdetD=-0.143766062507984, t=7.5262
# xi=262.155757072, logdetD=-4.04153543533571e-08, t=4.95397
# xi=57.842408124, logdetD=-0.0902429885778213, t=7.88921
# xi=178.289336288, logdetD=-1.60005010425752e-05, t=6.74551
# xi=67.092201183, logdetD=-0.0462920362911282, t=7.85232
# xi=130.139496376, logdetD=-0.00050049003024716, t=7.34464
# xi=80.4400253228, logdetD=-0.0177036110672682, t=7.62197
# xi=23.8396094455, logdetD=-1.07394507281976, t=6.25294
# xi=42.6678961484, logdetD=-0.270859433879306, t=7.15518
# xi=14.3650066723, logdetD=-2.17357448297386, t=6.20759
# xi=41.4915275258, logdetD=-0.295036365701652, t=7.14543
# xi=14.6724304454, logdetD=-2.1240437739283, t=6.15252
# xi=39.2900794216, logdetD=-0.346280973556874, t=7.03891
# xi=15.3040323829, logdetD=-2.02586942171176, t=6.0664
# xi=36.3633609313, logdetD=-0.428590895934876, t=7.00722
# xi=16.280003293, logdetD=-1.88320116120751, t=5.99332
# xi=33.1006505235, logdetD=-0.543899402138812, t=6.67799
# xi=17.6056993916, logdetD=-1.70569976380904, t=5.90492
# xi=29.8069879367, logdetD=-0.692255415548492, t=6.50167
# xi=19.2943928667, logdetD=-1.50410177073753, t=6.01052
# xi=26.6780797473, logdetD=-0.871158027400774, t=6.38904
# xi=21.3688641827, logdetD=-1.28937964279229, t=6.13517
# xi=3.30086900014, logdetD=-4.91409078994173, t=6.21971
# xi=4.75435151089, logdetD=-4.45182856287289, t=6.21908
# xi=2.05337836141, logdetD=-5.27498066935581, t=6.15352
# xi=4.68738030032, logdetD=-4.47298188914594, t=6.16057
# xi=2.10303626691, logdetD=-5.26266823161202, t=6.14297
# xi=4.55554160878, logdetD=-4.51474137129785, t=6.22261
# xi=2.20272467322, logdetD=-5.23716209520423, t=6.24446
# xi=4.36579691362, logdetD=-4.57507379019667, t=6.17755
# xi=2.35087402209, logdetD=-5.19755082806948, t=6.16189
# xi=4.13202126126, logdetD=-4.64967045442395, t=6.1848
# xi=2.54142652897, logdetD=-5.14413253653075, t=6.2241
# xi=3.86817627144, logdetD=-4.733990750178, t=6.25343
# xi=2.76791076134, logdetD=-5.07783854634305, t=6.19509
# xi=3.58682246554, logdetD=-4.8236894951877, t=6.19023
# xi=3.02391277813, logdetD=-5.00022890550684, t=6.22765
# xi=0.953584377818, logdetD=-5.41725627111936, t=5.95855
# xi=2.03342400799, logdetD=-5.27984891123984, t=6.15101
# xi=0.0076428546599, logdetD=-3.99494587461303, t=5.76707
# xi=1.98418596232, logdetD=-5.29165619161179, t=6.17877
# xi=0.045641956915, logdetD=-4.4156402747934, t=5.72518
# xi=1.88711198194, logdetD=-5.31401145505303, t=6.17614
# xi=0.121838269146, logdetD=-4.76284650700541, t=5.84407
# xi=1.74706374894, logdetD=-5.34380084443681, t=6.12398
# xi=0.234861355601, logdetD=-5.01860087954189, t=5.81905
# xi=1.57396679962, logdetD=-5.37574779415101, t=6.04076
# xi=0.37985872279, logdetD=-5.19761143683812, t=5.76834
# xi=1.37787215624, logdetD=-5.40360763236064, t=6.05531
# xi=0.551651119511, logdetD=-5.31570045498145, t=5.88071
# xi=1.16790304362, logdetD=-5.42022802166689, t=5.99427
# xi=0.745122211761, logdetD=-5.3855318833467, t=5.88024
# xi=214.556485009, logdetD=-1.20224681616355e-06, t=6.12162
# xi=26769.8028248, logdetD=0, t=0.217663
# xi=100.617338765, logdetD=-0.00415387620859661, t=7.59204
# xi=4482.66739845, logdetD=-5.29444044690985e-138, t=1.84129
# xi=103.114181911, logdetD=-0.00347245331505988, t=7.46094
# xi=1679.25655624, logdetD=-8.05923054436847e-52, t=2.17216
# xi=108.418426793, logdetD=-0.00237346114124477, t=7.5443
# xi=871.142516149, logdetD=-6.54786283249766e-27, t=2.80255
# xi=117.109471471, logdetD=-0.00127283580594116, t=7.40866
# xi=538.615279811, logdetD=-1.17538469544259e-16, t=4.02545
# xi=129.988581915, logdetD=-0.000505927658448033, t=7.27749
# xi=370.882438244, logdetD=-1.76328510937354e-11, t=4.6931
# xi=148.488168033, logdetD=-0.000134627884939773, t=7.1519
# xi=274.582758419, logdetD=-1.66783990359e-08, t=4.68759
# xi=175.183816313, logdetD=-1.99740541313175e-05, t=6.68264
# xi=61.9829845582, logdetD=-0.0669211599292343, t=7.96373
# xi=99.6395579641, logdetD=-0.0044558680037109, t=7.59302
# xi=43.0337790119, logdetD=-0.263754379195522, t=7.28053
# xi=97.2868207189, logdetD=-0.00527572745450521, t=7.62413
# xi=43.6486265581, logdetD=-0.252234732850453, t=7.2219
# xi=92.8839245105, logdetD=-0.00723763248971494, t=7.61787
# xi=44.9118304331, logdetD=-0.230131732611626, t=7.36149
# xi=87.0304875299, logdetD=-0.0110217834019381, t=7.59072
# xi=46.8637722534, logdetD=-0.199745847524509, t=7.41752
# xi=80.5050667143, logdetD=-0.0176209711929587, t=7.61304
# xi=49.5151644505, logdetD=-0.164824687113069, t=7.47921
# xi=73.9177415407, logdetD=-0.0283092539354363, t=7.68279
# xi=52.8925514007, logdetD=-0.129072701534728, t=7.5829
# xi=67.6599251619, logdetD=-0.0444356453340632, t=7.84101
# xi=57.0414940326, logdetD=-0.0956194842816636, t=7.87041
# xi=1.47969989661, logdetD=-5.39039611510795, t=6.14096
# xi=2.03840803071, logdetD=-5.27863735112003, t=6.14781
# xi=0.95793122902, logdetD=-5.41757246210316, t=6.02268
# xi=2.01373681794, logdetD=-5.28460557841048, t=6.21915
# xi=0.979510972967, logdetD=-5.41896588583056, t=5.98361
# xi=1.96487821773, logdetD=-5.2962032036396, t=6.16025
# xi=1.0226223874, logdetD=-5.42090971012547, t=5.99602
# xi=1.89387421049, logdetD=-5.31249644617773, t=6.17849
# xi=1.08617839769, logdetD=-5.42189437928709, t=5.98801
# xi=1.8052618062, logdetD=-5.33180458108357, t=6.14532
# xi=1.16703646043, logdetD=-5.4202615425617, t=6.09921
# xi=1.70371921122, logdetD=-5.35235019636626, t=6.12257
# xi=1.26186419293, logdetD=-5.4147731869109, t=6.00224
# xi=1.59360452941, logdetD=-5.37243395553689, t=6.12777
# xi=1.36741590496, logdetD=-5.40479379327477, t=6.04557
# xi=0.461411795719, logdetD=-5.2625107944376, t=5.84893
# xi=0.94924000206, logdetD=-5.4169281203771, t=6.03179
# xi=0.00382040666121, logdetD=-3.90421549985782, t=5.74548
# xi=0.927745597603, logdetD=-5.41512229327006, t=5.93787
# xi=0.0227846266683, logdetD=-4.21749096212551, t=5.79914
# xi=0.88516554522, logdetD=-5.41060638084659, t=5.97104
# xi=0.0606607828576, logdetD=-4.50907995212711, t=5.75972
# xi=0.823255602716, logdetD=-5.40160656848291, t=5.91091
# xi=0.116474448944, logdetD=-4.7456315655082, t=5.74809
# xi=0.745942171914, logdetD=-5.38573096855627, t=5.90719
# xi=0.187440474866, logdetD=-4.93051370280871, t=5.83635
# xi=0.657278480457, logdetD=-5.35992188522999, t=5.90857
# xi=0.270607324331, logdetD=-5.07311978589044, t=5.77491
# xi=0.56104677587, logdetD=-5.32033928438947, t=5.87367
# xi=0.363103577456, logdetD=-5.18174684084694, t=5.75736
# xi=0.703463885276, logdetD=-5.37448301769411, t=5.87969
# xi=0.951411880641, logdetD=-5.41709369608642, t=5.94422
# xi=0.463446962678, logdetD=-5.26390329070605, t=5.7934
# xi=0.940654038752, logdetD=-5.41624347018636, t=5.95946
# xi=0.473541602443, logdetD=-5.27066608943504, t=5.82689
# xi=0.919298086176, logdetD=-5.4143276216748, t=5.94664
# xi=0.493664364107, logdetD=-5.28345915372155, t=5.79139
# xi=0.888140478319, logdetD=-5.41096417781501, t=5.9274
# xi=0.5232233161, logdetD=-5.3007038546318, t=5.8512
# xi=0.849051967193, logdetD=-5.40572726664759, t=5.91962
# xi=0.560646796623, logdetD=-5.32014489529946, t=5.84705
# xi=0.803978718179, logdetD=-5.39816016068428, t=5.91769
# xi=0.604277703008, logdetD=-5.33981550838435, t=5.8962
# xi=0.754757895785, logdetD=-5.38782843921159, t=5.97094
# xi=0.652518135161, logdetD=-5.35827131080372, t=5.88263
# xi=0.227043899481, logdetD=-5.00545123304318, t=5.95982
# xi=0.459377189641, logdetD=-5.26110876106957, t=5.79405
# xi=0.00190994826564, logdetD=-3.84447147014489, t=5.72493
# xi=0.449301885926, logdetD=-5.25401709698485, t=5.7697
# xi=0.011383247084, logdetD=-4.06394874410525, t=5.75562
# xi=0.429299517341, logdetD=-5.23917288974433, t=5.83151
# xi=0.0302662134967, logdetD=-4.2931283820781, t=5.76485
# xi=0.400113501913, logdetD=-5.21553567632595, t=5.8269
# xi=0.0580010753541, logdetD=-4.49391261739816, t=5.77447
# xi=0.363492996018, logdetD=-5.18212683295876, t=5.80771
# xi=0.09311016683, logdetD=-4.66147174033371, t=5.87487
# xi=0.321258105624, logdetD=-5.13747484785055, t=5.81921
# xi=0.134035777056, logdetD=-4.79958976271114, t=5.83503
# xi=0.275127624667, logdetD=-5.07942619921682, t=5.75944
# xi=0.179276308602, logdetD=-4.91305309010461, t=5.79523
# xi=0.343290376015, logdetD=-5.16166286933237, t=5.81972
# xi=0.460394422584, logdetD=-5.26181097417197, t=5.8316
# xi=0.228029366112, logdetD=-5.00713564271993, t=5.90928
# xi=0.455354356767, logdetD=-5.25830715736294, t=5.82898
# xi=0.232915344276, logdetD=-5.01537240300738, t=5.97703
# xi=0.445338177549, logdetD=-5.25115788038463, t=5.80659
# xi=0.242644991484, logdetD=-5.03122762573992, t=5.86058
# xi=0.430698895828, logdetD=-5.24024577848241, t=5.81208
# xi=0.256912798687, logdetD=-5.05324777047928, t=5.9042
# xi=0.412289512794, logdetD=-5.22569680808972, t=5.8278
# xi=0.274935251867, logdetD=-5.07916027526709, t=5.82828
# xi=0.3910007737, logdetD=-5.2076342624684, t=5.79223
# xi=0.295888784247, logdetD=-5.10690334980293, t=5.86821
# xi=0.367678418809, logdetD=-5.18617643098773, t=5.81912
# xi=0.318983278161, logdetD=-5.13485756488644, t=5.77345
# xi=0.11262807612, logdetD=-4.73284896114309, t=5.82776
# xi=0.226058566498, logdetD=-5.00375916147986, t=5.82603
# xi=0.000954910379348, logdetD=-3.80810013398416, t=5.76155
# xi=0.221177195787, logdetD=-4.99525819880787, t=5.85856
# xi=0.00568935968406, logdetD=-3.95204779858874, t=5.69677
# xi=0.21147623611, logdetD=-4.97775516027401, t=5.7983
# xi=0.0151171131357, logdetD=-4.12142759832575, t=5.76522
# xi=0.197297291936, logdetD=-4.95059975425467, t=5.79761
# xi=0.028941858761, logdetD=-4.28071260987354, t=5.76158
# xi=0.179466165138, logdetD=-4.91346807830409, t=5.81429
# xi=0.0464040501504, logdetD=-4.42089320294554, t=5.73221
# xi=0.158845245531, logdetD=-4.86566575305989, t=5.77879
# xi=0.0667053518202, logdetD=-4.54173030322007, t=5.74375
# xi=0.136253420344, logdetD=-4.80594096858308, t=5.77058
# xi=0.0890799125672, logdetD=-4.6451647868727, t=5.77979
# xi=0.169609869572, logdetD=-4.89132887584319, t=5.77583
# xi=0.226551216285, logdetD=-5.00460615844582, t=5.80985
# xi=0.11311306383, logdetD=-4.7344817070322, t=5.7526
# xi=0.224109955355, logdetD=-5.00038943296317, t=5.87108
# xi=0.115517160394, logdetD=-4.7424854249653, t=5.75642
# xi=0.219255895935, logdetD=-4.99185712354444, t=5.7976
# xi=0.120302110438, logdetD=-4.7579863751346, t=5.7559
# xi=0.212155356239, logdetD=-4.97900779968589, t=5.82244
# xi=0.127313051738, logdetD=-4.7797320274948, t=5.82049
# xi=0.203216022908, logdetD=-4.96217361006111, t=5.79754
# xi=0.136159057074, logdetD=-4.80567265861783, t=5.79436
# xi=0.192864363681, logdetD=-4.94169565260523, t=5.79863
# xi=0.146429862489, logdetD=-4.83391252798591, t=5.74216
# xi=0.181506397653, logdetD=-4.91790024320014, t=5.79014
# xi=0.157732866323, logdetD=-4.86291885537693, t=5.77381
# xi=0.0560931986952, logdetD=-4.48270255259335, t=5.7421
# xi=0.112143121039, logdetD=-4.73121014066864, t=5.76946
# xi=0.000477439252902, logdetD=-3.7880789953209, t=5.64799
# xi=0.109740149343, logdetD=-4.72299695774242, t=5.79374
# xi=0.00284411421515, logdetD=-3.87544666994231, t=5.71322
# xi=0.104962203091, logdetD=-4.7061897172049, t=5.79781
# xi=0.00755456450002, logdetD=-3.99312923825097, t=5.72828
# xi=0.0979729567995, logdetD=-4.68037459440424, t=5.74689
# xi=0.01445630413, logdetD=-4.11189402107586, t=5.74105
# xi=0.0891736615245, logdetD=-4.64555104749977, t=5.77036
# xi=0.0231644502039, logdetD=-4.22168915986988, t=5.7539
# xi=0.0789840584586, logdetD=-4.60145634793618, t=5.73416
# xi=0.0332750870276, logdetD=-4.32003780669484, t=5.73202
# xi=0.0678037708877, logdetD=-4.54741344130492, t=5.77561
# xi=0.044401695519, logdetD=-4.40695359047216, t=5.7629
#
# ier=0, integral=-5.87689547031707, neval=285, abserr=7.28226e-07, absrel=1.23913e-07
#
# L/R, L, R, T, ldim, F*(L+R)/(ħc)
0.036222, 3.6222e-06, 0.0001, 0, 277, -26.75768150986251

# finished at So 10. Sep 01:03:01 CEST 2017
