# starting on alcc119 at So 10. Sep 00:20:27 CEST 2017

# L      = 6.66176e-06
# R      = 0.0001
# LbyR   = 0.0666176
# T      = 0
# cutoff = 1e-12
# epsrel = 2e-07
# ldim   = 151
# cores  = 4
# alpha  = 0.124913746032317
# omegap = 9
# gamma  = 3.5
# quad   = adaptive Gauss-Kronrod
#
# xi=8.00552406571, logdetD=-1.21565147870124, t=2.10018
# xi=1865.80881683, logdetD=-1.60238160280336e-102, t=0.631825
# xi=0.0343488652153, logdetD=-2.33287251676212, t=1.6997
# xi=306.602283719, logdetD=-4.4221010324888e-17, t=1.11233
# xi=0.20902784803, logdetD=-2.69041816398613, t=1.71053
# xi=110.475845012, logdetD=-2.57611028018506e-06, t=1.82174
# xi=0.580112472186, logdetD=-2.82758461646132, t=1.75636
# xi=53.9402397532, logdetD=-0.00336824147104044, t=2.11644
# xi=1.18813738797, logdetD=-2.77874740314391, t=1.79489
# xi=30.6766561022, logdetD=-0.0653650721401189, t=2.12449
# xi=2.08915911021, logdetD=-2.56160119417803, t=1.75304
# xi=18.9420775041, logdetD=-0.294322298522272, t=1.80477
# xi=3.38338894205, logdetD=-2.20388698150273, t=1.69233
# xi=12.2049582176, logdetD=-0.703359377547009, t=1.69778
# xi=5.2510147453, logdetD=-1.73952794606056, t=1.68619
# xi=24.0165721971, logdetD=-0.153335506734081, t=1.95123
# xi=3739.62315772, logdetD=-5.93222477309924e-205, t=0.560329
# xi=8.07422179614, logdetD=-1.20480045547466, t=1.84411
# xi=621.210091503, logdetD=-2.48794472239159e-34, t=0.881747
# xi=8.42357976177, logdetD=-1.15109828488924, t=1.84447
# xi=228.957214089, logdetD=-8.01152725405102e-13, t=1.24312
# xi=9.16574901008, logdetD=-1.04484512412025, t=1.86115
# xi=115.886003572, logdetD=-1.29810545432034e-06, t=1.74463
# xi=10.3817988416, logdetD=-0.891653986930984, t=1.81238
# xi=69.3588362701, logdetD=-0.000474370392531266, t=2.11097
# xi=12.1838422861, logdetD=-0.705291790962984, t=1.7137
# xi=45.8896790738, logdetD=-0.00938621797817584, t=2.16647
# xi=14.7723019498, logdetD=-0.504184821778223, t=1.7356
# xi=32.415440501, logdetD=-0.0523410807332531, t=2.22731
# xi=18.5075535563, logdetD=-0.311265443995654, t=1.81262
# xi=2.6685080219, logdetD=-2.40107094637474, t=1.71511
# xi=7.93741083473, logdetD=-1.2265064664817, t=1.84241
# xi=0.0171376667819, logdetD=-2.21373251279578, t=1.70775
# xi=7.60821614791, logdetD=-1.28034579733642, t=1.84043
# xi=0.103167054823, logdetD=-2.55069498298447, t=1.69758
# xi=6.99216348781, logdetD=-1.38747415937585, t=1.79553
# xi=0.279914375363, logdetD=-2.74193989031551, t=1.71933
# xi=6.17315135308, logdetD=-1.54360774503791, t=1.71083
# xi=0.553029818884, logdetD=-2.82489589973193, t=1.75323
# xi=5.26011532828, logdetD=-1.73748600920289, t=1.6921
# xi=0.924012267408, logdetD=-2.81858957947554, t=1.80678
# xi=4.33841765382, logdetD=-1.95543230909774, t=1.70308
# xi=1.39657580659, logdetD=-2.73630881880326, t=1.80973
# xi=3.46282480673, logdetD=-2.18244790242433, t=1.69392
# xi=1.97709531557, logdetD=-2.59186830414039, t=1.78289
# xi=4.80331443943, logdetD=-1.84269303368915, t=1.70053
# xi=7.97139485501, logdetD=-1.22107850820249, t=1.86202
# xi=2.68373064098, logdetD=-2.39682347158333, t=1.72463
# xi=7.80437438131, logdetD=-1.24798754868399, t=1.85747
# xi=2.75981982607, logdetD=-2.37560420372099, t=1.73179
# xi=7.48228554505, logdetD=-1.30155725321643, t=1.83533
# xi=2.91445428376, logdetD=-2.33258702941396, t=1.7237
# xi=7.03372955266, logdetD=-1.37997573651267, t=1.80721
# xi=3.14902520963, logdetD=-2.26780101684051, t=1.70387
# xi=6.50409493726, logdetD=-1.47856273966491, t=1.74291
# xi=3.45942265389, logdetD=-2.18336359906844, t=1.69065
# xi=5.93484029639, logdetD=-1.59214114517569, t=1.69782
# xi=3.84168774526, logdetD=-2.08200843332504, t=1.66898
# xi=5.35869100486, logdetD=-1.71550842105375, t=1.68448
# xi=4.29225571571, logdetD=-1.96693431961248, t=1.69079
# xi=1.1436462951, logdetD=-2.78673745656283, t=1.80057
# xi=2.65332869838, logdetD=-2.40530680919393, t=1.73298
# xi=0.00855967141756, logdetD=-2.11669799721306, t=1.71153
# xi=2.57873220558, logdetD=-2.42612568551599, t=1.74541
# xi=0.0512532773472, logdetD=-2.40937360526709, t=1.71253
# xi=2.43339643175, logdetD=-2.46664653289681, t=1.73512
# xi=0.137552417015, logdetD=-2.60904932107744, t=1.70408
# xi=2.22768064058, logdetD=-2.5236628266374, t=1.7532
# xi=0.267282823554, logdetD=-2.73421169570809, t=1.72498
# xi=1.97967449824, logdetD=-2.59117698690049, t=1.772
# xi=0.436798114063, logdetD=-2.80440634014503, t=1.73841
# xi=1.70674293376, logdetD=-2.6624479723803, t=1.78588
# xi=0.642265783605, logdetD=-2.83137972200607, t=1.75285
# xi=1.4235343639, logdetD=-2.73031924407667, t=1.7998
# xi=0.879895369728, logdetD=-2.82309546763397, t=1.78772
# xi=56.03866846, logdetD=-0.0025790754973768, t=2.1628
# xi=7487.2518395, logdetD=0, t=0.091022
# xi=24.153967658, logdetD=-0.150657364600743, t=1.95077
# xi=1250.42570707, logdetD=-8.00988348672431e-69, t=0.715787
# xi=24.8526835893, logdetD=-0.137747865034477, t=1.93481
# xi=465.919952245, logdetD=-8.14317727330976e-26, t=0.95449
# xi=26.3370220859, logdetD=-0.11389046128537, t=1.96981
# xi=239.77753121, logdetD=-2.04256206858643e-13, t=1.23144
# xi=28.769121749, logdetD=-0.0834230566437964, t=2.03275
# xi=146.723196606, logdetD=-2.61797572977302e-08, t=1.40529
# xi=32.373208638, logdetD=-0.0526242468847872, t=2.22743
# xi=99.7848822133, logdetD=-9.98593599175934e-06, t=1.92635
# xi=37.5501279653, logdetD=-0.0271744916075507, t=2.27756
# xi=72.8364050677, logdetD=-0.000304990493524151, t=2.12596
# xi=45.0206311784, logdetD=-0.0104849944755486, t=2.19333
# xi=13.3425401095, logdetD=-0.606795191355175, t=1.69859
# xi=23.8803457352, logdetD=-0.156038101104032, t=1.9492
# xi=8.03979939928, logdetD=-1.21022544026453, t=1.86174
# xi=23.2219563615, logdetD=-0.16979038166553, t=1.96991
# xi=8.21185817536, logdetD=-1.18335059635452, t=1.85587
# xi=21.9898510413, logdetD=-0.198886738966727, t=1.8967
# xi=8.56535281644, logdetD=-1.12999513604295, t=1.86135
# xi=20.3518267719, logdetD=-0.245488865290587, t=1.83653
# xi=9.11158370348, logdetD=-1.05225478518462, t=1.85112
# xi=18.5257547223, logdetD=-0.310536387030518, t=1.83061
# xi=9.85354860053, logdetD=-0.955202093783374, t=1.81658
# xi=16.6823593734, logdetD=-0.393877118251603, t=1.80936
# xi=10.7986756789, logdetD=-0.844531842324607, t=1.76315
# xi=14.9311736792, logdetD=-0.493924236380557, t=1.73697
# xi=11.9597146969, logdetD=-0.726136848754061, t=1.74006
# xi=1.84742863055, logdetD=-2.62623300739118, t=1.76722
# xi=2.66091295975, logdetD=-2.40319033435633, t=1.70953
# xi=1.14923372423, logdetD=-2.78575822026986, t=1.79387
# xi=2.62343054775, logdetD=-2.4136508952488, t=1.71979
# xi=1.17702623473, logdetD=-2.78078335024699, t=1.81984
# xi=2.54964313802, logdetD=-2.43424275253285, t=1.71991
# xi=1.23281978968, logdetD=-2.77030344801501, t=1.78955
# xi=2.44344692656, logdetD=-2.46384821225529, t=1.72642
# xi=1.31573593955, logdetD=-2.75364002860114, t=1.79914
# xi=2.31260749208, logdetD=-2.50019738647672, t=1.73397
# xi=1.42238426664, logdetD=-2.73057676722047, t=1.79504
# xi=2.16493886657, logdetD=-2.54090646994577, t=1.74747
# xi=1.54914284302, logdetD=-2.7012224935936, t=1.79277
# xi=2.00747091607, logdetD=-2.58370960667455, t=1.76571
# xi=1.69242191749, logdetD=-2.66605809156096, t=1.80314
# xi=0.533701604381, logdetD=-2.82254745833059, t=1.74669
# xi=1.13806568217, logdetD=-2.78770832332727, t=1.79353
# xi=0.00427754888704, logdetD=-2.04326289887341, t=1.72188
# xi=1.1105081586, logdetD=-2.79239460334402, t=1.81699
# xi=0.025544866505, logdetD=-2.27971021194393, t=1.70201
# xi=1.05617784418, logdetD=-2.80107518815727, t=1.78605
# xi=0.068190378566, logdetD=-2.46635080299818, t=1.69357
# xi=0.977795722597, logdetD=-2.81213785240189, t=1.78347
# xi=0.131447080308, logdetD=-2.59991439399416, t=1.70068
# xi=0.880916912797, logdetD=-2.82299973976855, t=1.78238
# xi=0.212599130719, logdetD=-2.69355820298773, t=1.71306
# xi=0.771166765651, logdetD=-2.83065571274254, t=1.79532
# xi=0.308747809203, logdetD=-2.75770571373902, t=1.72381
# xi=0.653651362836, logdetD=-2.83175063695535, t=1.75631
# xi=0.417029608629, logdetD=-2.79916513107176, t=1.73323
# xi=120.082860986, logdetD=-7.62883848619202e-07, t=1.75713
# xi=14982.5092031, logdetD=0, t=0.0915411
# xi=56.3134593817, logdetD=-0.00249048439535013, t=2.15537
# xi=2508.85693821, logdetD=-1.06202421406848e-137, t=0.585254
# xi=57.7108912442, logdetD=-0.00208493730049702, t=2.16422
# xi=939.845428555, logdetD=-8.41777455581864e-52, t=0.754668
# xi=60.6795682375, logdetD=-0.0014293850481445, t=2.12789
# xi=487.560586486, logdetD=-5.29963161656174e-27, t=0.946595
# xi=65.5437675637, logdetD=-0.000770252484125389, t=2.13011
# xi=301.451917277, logdetD=-8.47270597360579e-17, t=1.11238
# xi=72.7519413417, logdetD=-0.000308279658645227, t=2.12933
# xi=207.575288492, logdetD=-1.19352425735932e-11, t=1.27519
# xi=83.1057799964, logdetD=-8.28151792995486e-05, t=2.03885
# xi=153.678334201, logdetD=-1.08602178361446e-08, t=1.38373
# xi=98.0467864224, logdetD=-1.24475539144265e-05, t=1.95405
# xi=34.6906042848, logdetD=-0.0391427841648854, t=2.25338
# xi=55.766215536, logdetD=-0.00267002667422363, t=2.17559
# xi=24.0851228643, logdetD=-0.151993374284759, t=1.95554
# xi=54.4494367888, logdetD=-0.003156946359367, t=2.15046
# xi=24.4292404164, logdetD=-0.14543227321747, t=1.95755
# xi=51.9852261484, logdetD=-0.00431961551132198, t=2.15614
# xi=25.1362296986, logdetD=-0.132831569315658, t=1.93979
# xi=48.7091776095, logdetD=-0.00655471792697954, t=2.13363
# xi=26.2286914727, logdetD=-0.115481720381661, t=1.99924
# xi=45.0570335103, logdetD=-0.0104364841430933, t=2.17487
# xi=27.7126212668, logdetD=-0.0954988839904875, t=1.99887
# xi=41.3702428124, logdetD=-0.0166952306395442, t=2.21278
# xi=29.6028754235, logdetD=-0.0749844681959886, t=2.07056
# xi=37.8678714241, logdetD=-0.0260949951353156, t=2.27947
# xi=31.9249534594, logdetD=-0.0557261511985484, t=2.25064
# xi=0.82815766197, logdetD=-2.82736953171423, t=1.79129
# xi=1.14085513739, logdetD=-2.78722393944894, t=1.79441
# xi=0.536134447781, logdetD=-2.82286369269575, t=1.69356
# xi=1.12704716597, logdetD=-2.78960385460117, t=1.80245
# xi=0.548212187554, logdetD=-2.82434517576879, t=1.75687
# xi=1.09970201024, logdetD=-2.79418174672252, t=1.79942
# xi=0.572340761372, logdetD=-2.82688200097171, t=1.74661
# xi=1.05996252471, logdetD=-2.80049582744495, t=1.80214
# xi=0.607911755872, logdetD=-2.82966865862008, t=1.76091
# xi=1.01036798076, logdetD=-2.80776522524929, t=1.80075
# xi=0.653166354009, logdetD=-2.83173674331624, t=1.75756
# xi=0.953536674463, logdetD=-2.8151713203392, t=1.79425
# xi=0.706239489595, logdetD=-2.83230769317159, t=1.76449
# xi=0.891907747105, logdetD=-2.8219433586321, t=1.79051
# xi=0.76531461642, logdetD=-2.8309007424927, t=1.77544
# xi=0.258242711797, logdetD=-2.7283387032841, t=1.73912
# xi=0.531270146435, logdetD=-2.82222532230672, t=1.74708
# xi=0.00213820319618, logdetD=-1.99181808200207, t=1.71801
# xi=0.519240169424, logdetD=-2.82054033687267, t=1.75247
# xi=0.0127520879022, logdetD=-2.16955803526181, t=1.72313
# xi=0.495408988041, logdetD=-2.81673439293685, t=1.76549
# xi=0.0339505951305, logdetD=-2.33071798723589, t=1.71119
# xi=0.460759263895, logdetD=-2.80999387626441, t=1.74484
# xi=0.0651883584891, logdetD=-2.45727058555112, t=1.69369
# xi=0.417488523498, logdetD=-2.7992936646926, t=1.73603
# xi=0.104906586652, logdetD=-2.55410842730735, t=1.69717
# xi=0.367865275171, logdetD=-2.78330614081666, t=1.73681
# xi=0.151453365336, logdetD=-2.62827397401974, t=1.70282
# xi=0.314006365226, logdetD=-2.76032558836026, t=1.7232
# xi=0.203221619767, logdetD=-2.68516285119991, t=1.71139
# xi=0.393714298314, logdetD=-2.79217863041497, t=1.7481
# xi=0.5324857023, logdetD=-2.82238713047956, t=1.74292
# xi=0.259381752974, logdetD=-2.72909514428733, t=1.7297
# xi=0.526464758995, logdetD=-2.82157059551107, t=1.7525
# xi=0.265031515662, logdetD=-2.73277669466118, t=1.72734
# xi=0.514512270659, logdetD=-2.81983568723074, t=1.74692
# xi=0.276293812355, logdetD=-2.73977949086986, t=1.73291
# xi=0.497073997037, logdetD=-2.81702132877961, t=1.74261
# xi=0.292837351102, logdetD=-2.74931154241534, t=1.7403
# xi=0.475196959634, logdetD=-2.81298570629194, t=1.74161
# xi=0.31378250505, logdetD=-2.76021555993076, t=1.7316
# xi=0.449970387268, logdetD=-2.80757727379415, t=1.74593
# xi=0.338201827849, logdetD=-2.77147248019326, t=1.7242
# xi=0.422422503209, logdetD=-2.80065456422019, t=1.73252
# xi=0.365201007613, logdetD=-2.78231877440098, t=1.74095
# xi=0.127071810567, logdetD=-2.59307939911931, t=1.70581
# xi=0.257103984535, logdetD=-2.72757761715705, t=1.72125
# xi=0.00106895884346, logdetD=-1.95881501225509, t=1.71982
# xi=0.251465043837, logdetD=-2.72373588638889, t=1.71917
# xi=0.00637096975696, logdetD=-2.08259049228772, t=1.72343
# xi=0.240270128679, logdetD=-2.71573387394286, t=1.71229
# xi=0.0169393784939, logdetD=-2.21191542648446, t=1.71053
# xi=0.223935314874, logdetD=-2.70308585808104, t=1.72707
# xi=0.0324620114301, logdetD=-2.32247934341262, t=1.71422
# xi=0.203439569343, logdetD=-2.68536357151415, t=1.71403
# xi=0.0521118493311, logdetD=-2.41264353684404, t=1.69713
# xi=0.179801568042, logdetD=-2.66187808839108, t=1.71045
# xi=0.0750170733952, logdetD=-2.4856815826794, t=1.69965
# xi=0.153983284657, logdetD=-2.63155880028413, t=1.70316
# xi=0.10033727036, logdetD=-2.54501482299523, t=1.69476
# xi=0.192132577577, logdetD=-2.67457672440304, t=1.71742
# xi=0.257673308935, logdetD=-2.72795874302531, t=1.72534
# xi=0.127623356014, logdetD=-2.59395490488144, t=1.70096
# xi=0.254852487542, logdetD=-2.72605835894573, t=1.71472
# xi=0.13035793771, logdetD=-2.59823621948534, t=1.70017
# xi=0.249246637611, logdetD=-2.72219057513694, t=1.71485
# xi=0.135803421556, logdetD=-2.60647852948726, t=1.69933
# xi=0.241053332097, logdetD=-2.71631057162768, t=1.71407
# xi=0.143788820407, logdetD=-2.6179305905839, t=1.70253
# xi=0.230749978257, logdetD=-2.70851017280867, t=1.71328
# xi=0.15387561755, logdetD=-2.6314202618615, t=1.70319
# xi=0.218835107928, logdetD=-2.69887981405385, t=1.71734
# xi=0.165602879561, logdetD=-2.64588857664969, t=1.70999
# xi=0.205782064576, logdetD=-2.68750373476811, t=1.71523
# xi=0.1785283938, logdetD=-2.6605068235428, t=1.71096
# xi=0.0630356225647, logdetD=-2.45051810913192, t=1.69679
# xi=0.12652033992, logdetD=-2.59219991337654, t=1.7032
# xi=0.000534443740222, logdetD=-1.93981465498353, t=1.70198
# xi=0.123788336921, logdetD=-2.58778135515628, t=1.69876
# xi=0.00318421784366, logdetD=-2.01885260635612, t=1.71011
# xi=0.118358908898, logdetD=-2.57868292275362, t=1.69972
# xi=0.00846073795023, logdetD=-2.11527407232416, t=1.70703
# xi=0.11042324486, logdetD=-2.56456127391902, t=1.70001
# xi=0.0161981643301, logdetD=-2.2049879069675, t=1.70169
# xi=0.100443529167, logdetD=-2.54523103840217, t=1.71149
# xi=0.0259713944472, logdetD=-2.28259382188491, t=1.7027
# xi=0.0889024236978, logdetD=-2.52029203046818, t=1.69423
# xi=0.0373336163169, logdetD=-2.34839983872264, t=1.71695
# xi=0.0762582428274, logdetD=-2.48901644352561, t=1.6895
# xi=0.0498561987393, logdetD=-2.4039482631589, t=1.71341
# xi=0.0949271628345, logdetD=-2.53368954449693, t=1.69289
# xi=0.126796065894, logdetD=-2.59264015564509, t=1.69996
# xi=0.0633070602318, logdetD=-2.45138110662439, t=1.6904
# xi=0.125429742258, logdetD=-2.59044843452749, t=1.69279
# xi=0.0646525837357, logdetD=-2.45560943417069, t=1.6911
# xi=0.122713024828, logdetD=-2.58601352957563, t=1.69709
# xi=0.0673306220661, logdetD=-2.46378883154906, t=1.69099
# xi=0.118738998495, logdetD=-2.57933413601602, t=1.70203
# xi=0.0712545020158, logdetD=-2.47524254455994, t=1.69498
# xi=0.113735837105, logdetD=-2.57058118981579, t=1.69863
# xi=0.0762054296419, logdetD=-2.48887559799965, t=1.68963
# xi=0.107942225899, logdetD=-2.55992849955971, t=1.70218
# xi=0.0819537886288, logdetD=-2.50368228446397, t=1.69315
# xi=0.10158540543, logdetD=-2.54753999213033, t=1.69605
# xi=0.0882798478858, logdetD=-2.51885666616614, t=1.71064
# xi=0.0313942120224, logdetD=-2.31638005544779, t=1.70348
# xi=0.0627642031594, logdetD=-2.44965175489198, t=1.68832
# xi=0.000267212950626, logdetD=-1.93021458117843, t=1.71009
# xi=0.0614193092207, logdetD=-2.44530767765082, t=1.6912
# xi=0.00159179235207, logdetD=-1.97576278809045, t=1.73237
# xi=0.0587451907688, logdetD=-2.43640635331092, t=1.69542
# xi=0.00422813469667, logdetD=-2.04222775906925, t=1.72497
# xi=0.0548334530705, logdetD=-2.42270280203468, t=1.71333
# xi=0.0080908967125, logdetD=-2.10986162335278, t=1.71006
# xi=0.0499086681066, logdetD=-2.4041544162796, t=1.71671
# xi=0.0129646673393, logdetD=-2.17191851188694, t=1.70979
# xi=0.0442057564075, logdetD=-2.38055978481793, t=1.69723
# xi=0.0186233832534, logdetD=-2.22689447200036, t=1.72008
# xi=0.0379483789244, logdetD=-2.351470178214, t=1.69998
# xi=0.0248507176575, logdetD=-2.27493741362714, t=1.70683
#
# ier=0, integral=-3.22875768356986, neval=285, abserr=4.36956e-07, absrel=1.35332e-07
#
# L/R, L, R, T, ldim, F*(L+R)/(ħc)
0.0666176, 6.66176e-06, 0.0001, 0, 151, -8.227641259803896

# finished at So 10. Sep 00:28:44 CEST 2017
