# starting on alcc115 at So 10. Sep 00:12:57 CEST 2017

# L      = 7.00875e-06
# R      = 0.0001
# LbyR   = 0.0700875
# T      = 0
# cutoff = 1e-12
# epsrel = 2e-07
# ldim   = 150
# cores  = 4
# alpha  = 0.130993960774236
# omegap = 9
# gamma  = 3.5
# quad   = adaptive Gauss-Kronrod
#
# xi=7.63393971821, logdetD=-1.15635889721981, t=1.97601
# xi=1779.20544819, logdetD=-1.7254138201218e-102, t=0.622523
# xi=0.0327545285343, logdetD=-2.20401998787676, t=1.70408
# xi=292.371034321, logdetD=-4.29366227089816e-17, t=1.0864
# xi=0.199325612938, logdetD=-2.5416800290754, t=1.65541
# xi=105.347998984, logdetD=-2.47305259421335e-06, t=1.76555
# xi=0.553185975846, logdetD=-2.67226228483061, t=1.78224
# xi=51.4365499725, logdetD=-0.00322213450312799, t=2.05054
# xi=1.13298881151, logdetD=-2.62928963027478, t=1.7795
# xi=29.252768653, logdetD=-0.0624053155730731, t=1.97272
# xi=1.99218871597, logdetD=-2.42739562816336, t=1.74221
# xi=18.0628621707, logdetD=-0.280602353884458, t=1.73279
# xi=3.22634558523, logdetD=-2.09134743532647, t=1.65847
# xi=11.6384529647, logdetD=-0.669792661173848, t=1.69555
# xi=5.00728368262, logdetD=-1.65278267168685, t=1.62598
# xi=22.9018191546, logdetD=-0.146284907486794, t=1.86907
# xi=3566.0448361, logdetD=-6.76710953995065e-205, t=0.614736
# xi=7.69944877528, logdetD=-1.14606313445394, t=1.76706
# xi=592.37600836, logdetD=-2.48146552041686e-34, t=0.875023
# xi=8.03259094408, logdetD=-1.09510197578883, t=1.77522
# xi=218.329937686, logdetD=-7.7398487302962e-13, t=1.16644
# xi=8.7403116699, logdetD=-0.994238725255301, t=1.78493
# xi=110.507039663, logdetD=-1.24654210088246e-06, t=1.64614
# xi=9.89991734122, logdetD=-0.848743764777429, t=1.7733
# xi=66.1394770242, logdetD=-0.000454281182813612, t=2.00416
# xi=11.6183171501, logdetD=-0.671629827004772, t=1.71282
# xi=43.7596640597, logdetD=-0.00897347731026941, t=2.0719
# xi=14.0866308887, logdetD=-0.480362922046003, t=1.69142
# xi=30.9108456477, logdetD=-0.0499797667516865, t=2.09909
# xi=17.6485070835, logdetD=-0.296736963127657, t=1.73634
# xi=2.54464657274, logdetD=-2.27688253813549, t=1.72026
# xi=7.56898803046, logdetD=-1.16665793979748, t=1.76166
# xi=0.0163422049637, logdetD=-2.09103386161734, t=1.69825
# xi=7.25507324186, logdetD=-1.21773262907672, t=1.76774
# xi=0.0983784535477, logdetD=-2.40989862513249, t=1.69746
# xi=6.6676152776, logdetD=-1.31932292258336, t=1.7022
# xi=0.266921871728, logdetD=-2.59035639042467, t=1.66461
# xi=5.88661840424, logdetD=-1.46729013902477, t=1.63316
# xi=0.527360390785, logdetD=-2.66959297960375, t=1.74806
# xi=5.01596185301, logdetD=-1.6508505648921, t=1.62663
# xi=0.881123320645, logdetD=-2.66558266890274, t=1.77634
# xi=4.13704569118, logdetD=-1.85691583886585, t=1.62811
# xi=1.33175235399, logdetD=-2.59013889182161, t=1.77644
# xi=3.30209435539, logdetD=-2.07114329756044, t=1.65578
# xi=1.88532647361, logdetD=-2.45569470041864, t=1.75205
# xi=4.58036383093, logdetD=-1.75036388232414, t=1.6084
# xi=7.60139464871, logdetD=-1.16150803832854, t=1.77353
# xi=2.55916261884, logdetD=-2.27289245790589, t=1.70999
# xi=7.44212659611, logdetD=-1.18703742250722, t=1.74959
# xi=2.63172004886, logdetD=-2.25295419094886, t=1.7298
# xi=7.13498783296, logdetD=-1.23785152151599, t=1.75539
# xi=2.77917699467, logdetD=-2.21251043933206, t=1.69947
# xi=6.70725201229, logdetD=-1.3122137938513, t=1.69569
# xi=3.00286007813, logdetD=-2.15154651563091, t=1.68067
# xi=6.20220091339, logdetD=-1.40566159412252, t=1.64591
# xi=3.29885011685, logdetD=-2.07200635680429, t=1.6671
# xi=5.65936879184, logdetD=-1.51326022046982, t=1.63019
# xi=3.66337199449, logdetD=-1.97642249994407, t=1.64151
# xi=5.10996204169, logdetD=-1.6300534677938, t=1.62476
# xi=4.09302640526, logdetD=-1.86778111133258, t=1.61934
# xi=1.09056281689, logdetD=-2.63662201665362, t=1.77724
# xi=2.53017181258, logdetD=-2.28086137721467, t=1.70192
# xi=0.00816236577056, logdetD=-1.99882891664991, t=1.6943
# xi=2.45903779006, logdetD=-2.30041204101708, t=1.7092
# xi=0.0488743055942, logdetD=-2.27642417065332, t=1.68632
# xi=2.32044792046, logdetD=-2.338439289925, t=1.71775
# xi=0.131167785015, logdetD=-2.46493580504201, t=1.69621
# xi=2.12428063197, logdetD=-2.39188296844357, t=1.73708
# xi=0.254876625937, logdetD=-2.58304582787692, t=1.6625
# xi=1.88778594095, logdetD=-2.45504869312843, t=1.75136
# xi=0.41652369594, logdetD=-2.64974706560802, t=1.74322
# xi=1.62752276601, logdetD=-2.52154297722986, t=1.77503
# xi=0.612454379609, logdetD=-2.67615853970503, t=1.75665
# xi=1.35745960309, logdetD=-2.58459352936766, t=1.79328
# xi=0.83905415257, logdetD=-2.66960274163773, t=1.77422
# xi=53.4375780275, logdetD=-0.00246758151284917, t=2.08511
# xi=7139.72361193, logdetD=0, t=0.0882118
# xi=23.0328372688, logdetD=-0.143732279331753, t=1.87213
# xi=1192.38595644, logdetD=-8.36279411281377e-69, t=0.704944
# xi=23.6991216064, logdetD=-0.131427057678461, t=1.88431
# xi=444.29381509, logdetD=-8.01057172728293e-26, t=0.943311
# xi=25.114563058, logdetD=-0.108682941414835, t=1.92422
# xi=228.648019045, logdetD=-1.97455438823418e-13, t=1.15397
# xi=27.4337744006, logdetD=-0.0796298130095628, t=1.90551
# xi=139.912893767, logdetD=-2.51807128001176e-08, t=1.37654
# xi=30.8705740185, logdetD=-0.0502499489241789, t=2.11998
# xi=95.1532678376, logdetD=-9.58072991300059e-06, t=1.8543
# xi=35.8072014956, logdetD=-0.0259610968096682, t=2.15662
# xi=69.4556310135, logdetD=-0.000292140530865971, t=2.08243
# xi=42.9309538851, logdetD=-0.0100232304278684, t=2.10159
# xi=12.7232328637, logdetD=-0.577971027288303, t=1.65643
# xi=22.7719157791, logdetD=-0.14886078994929, t=1.86757
# xi=7.66662412814, logdetD=-1.15121057599409, t=1.76472
# xi=22.1440862019, logdetD=-0.161967504463546, t=1.84677
# xi=7.8306966253, logdetD=-1.12570948552836, t=1.77568
# xi=20.9691702734, logdetD=-0.189693924503345, t=1.77679
# xi=8.16778346166, logdetD=-1.07507281306145, t=1.75885
# xi=19.4071765267, logdetD=-0.234091438808234, t=1.73093
# xi=8.68866049978, logdetD=-1.0012739208582, t=1.78035
# xi=17.6658634242, logdetD=-0.296042724871857, t=1.77537
# xi=9.3961863595, logdetD=-0.909109753026904, t=1.77572
# xi=15.9080311006, logdetD=-0.375387871597508, t=1.71754
# xi=10.2974444262, logdetD=-0.803971791433636, t=1.74191
# xi=14.238128429, logdetD=-0.470600374727182, t=1.68565
# xi=11.4045926654, logdetD=-0.691446596947938, t=1.67976
# xi=1.76167839651, logdetD=-2.48778355352151, t=1.76493
# xi=2.53740404293, logdetD=-2.27887336765615, t=1.7324
# xi=1.09589089994, logdetD=-2.63572430898641, t=1.78336
# xi=2.5016614143, logdetD=-2.28869817329026, t=1.71111
# xi=1.12239339348, logdetD=-2.63115956241618, t=1.78445
# xi=2.43129892045, logdetD=-2.30803233842751, t=1.72321
# xi=1.17559723518, logdetD=-2.62152423178452, t=1.78901
# xi=2.33003191158, logdetD=-2.33581430911447, t=1.7327
# xi=1.25466474964, logdetD=-2.60616080972786, t=1.78261
# xi=2.20526551935, logdetD=-2.36989767320388, t=1.72674
# xi=1.35636288875, logdetD=-2.58483203227767, t=1.77806
# xi=2.0644510797, logdetD=-2.40802935576093, t=1.7515
# xi=1.47723783995, logdetD=-2.55760588471895, t=1.77192
# xi=1.91429216046, logdetD=-2.44806962919644, t=1.74482
# xi=1.61386647393, logdetD=-2.52490457924249, t=1.77001
# xi=0.508929314547, logdetD=-2.66728504688252, t=1.7346
# xi=1.08524123365, logdetD=-2.63751177403707, t=1.77993
# xi=0.00407900220864, logdetD=-1.92898617335699, t=1.70326
# xi=1.05896281989, logdetD=-2.64180238822901, t=1.77918
# xi=0.0243591761649, logdetD=-2.15363718345809, t=1.69744
# xi=1.00715430095, logdetD=-2.64972861431362, t=1.79947
# xi=0.0650252544445, logdetD=-2.33027772799446, t=1.70062
# xi=0.932410363364, logdetD=-2.65977287440995, t=1.78537
# xi=0.125345833573, logdetD=-2.45632163519517, t=1.70119
# xi=0.840028279703, logdetD=-2.66951780821216, t=1.7748
# xi=0.202731130995, logdetD=-2.54464354432504, t=1.65575
# xi=0.735372294598, logdetD=-2.67615728434523, t=1.7696
# xi=0.29441697311, logdetD=-2.60528602275014, t=1.67433
# xi=0.623311485876, logdetD=-2.67656763101257, t=1.74456
# xi=0.397672765312, logdetD=-2.6447264725689, t=1.725
# xi=114.509095773, logdetD=-7.32746218115148e-07, t=1.6493
# xi=14287.0811636, logdetD=0, t=0.0914669
# xi=53.6996142557, logdetD=-0.002382867855201, t=2.05244
# xi=2392.4058526, logdetD=-1.17169363679321e-137, t=0.5751
# xi=55.032182931, logdetD=-0.0019950462219984, t=2.05069
# xi=896.221569897, logdetD=-8.61273060942059e-52, t=0.763841
# xi=57.8630658342, logdetD=-0.0013680457530976, t=2.07018
# xi=464.929977807, logdetD=-5.22336300732999e-27, t=0.944192
# xi=62.5014885195, logdetD=-0.000737445273482588, t=2.06138
# xi=287.459727251, logdetD=-8.22360383934937e-17, t=1.0839
# xi=69.3750877552, logdetD=-0.000295289508832733, t=2.07732
# xi=197.940475393, logdetD=-1.15165947428129e-11, t=1.19744
# xi=79.2483427093, logdetD=-7.93769762027771e-05, t=1.9781
# xi=146.545201745, logdetD=-1.04495361103516e-08, t=1.30222
# xi=93.4958474884, logdetD=-1.194127885104e-05, t=1.84849
# xi=33.0804054456, logdetD=-0.0373851063583012, t=2.20152
# xi=53.1777712765, logdetD=-0.00255455009780275, t=2.08215
# xi=22.9671879745, logdetD=-0.14500568194617, t=1.86707
# xi=51.9221121221, logdetD=-0.00302011879963667, t=2.06422
# xi=23.2953329688, logdetD=-0.138751917495176, t=1.87696
# xi=49.572280265, logdetD=-0.00413163476472234, t=2.03506
# xi=23.9695066415, logdetD=-0.126740554806746, t=1.88979
# xi=46.4482927716, logdetD=-0.00626789087137843, t=2.05535
# xi=25.0112607178, logdetD=-0.110200094203427, t=1.91918
# xi=42.9656665667, logdetD=-0.00997688612793605, t=2.13182
# xi=26.4263124372, logdetD=-0.0911461907239367, t=1.95023
# xi=39.4500019194, logdetD=-0.0159551042711383, t=2.14947
# xi=28.2288285706, logdetD=-0.0715812117793803, t=1.93542
# xi=36.1101965762, logdetD=-0.0249305152601446, t=2.16786
# xi=30.4431250491, logdetD=-0.0532095389539319, t=2.10588
# xi=0.789717901884, logdetD=-2.67336102783811, t=1.77568
# xi=1.08790121353, logdetD=-2.63706789221509, t=1.78646
# xi=0.511249235106, logdetD=-2.66759489655394, t=1.74415
# xi=1.07473415281, logdetD=-2.63924811881735, t=1.78481
# xi=0.522766374596, logdetD=-2.66905019690514, t=1.73877
# xi=1.04865824963, logdetD=-2.64343667706313, t=1.78158
# xi=0.545774996706, logdetD=-2.671560978577, t=1.74028
# xi=1.01076331178, logdetD=-2.64920061460947, t=1.779
# xi=0.57969492818, logdetD=-2.67436801156909, t=1.74211
# xi=0.963470747822, logdetD=-2.65581246419551, t=1.79442
# xi=0.622848989216, logdetD=-2.67655199673485, t=1.7423
# xi=0.909277323034, logdetD=-2.66251050415176, t=1.76942
# xi=0.673458682522, logdetD=-2.67736986383136, t=1.75236
# xi=0.850508963525, logdetD=-2.668578970858, t=1.7604
# xi=0.729791778684, logdetD=-2.67635719563868, t=1.77662
# xi=0.246256119942, logdetD=-2.57749296070566, t=1.662
# xi=0.506610715136, logdetD=-2.6669696716295, t=1.73186
# xi=0.00203895637199, logdetD=-1.88009069967563, t=1.69902
# xi=0.495139121451, logdetD=-2.66532383680829, t=1.72967
# xi=0.0121601870818, logdetD=-2.04907547116661, t=1.69803
# xi=0.472414088012, logdetD=-2.66162480586018, t=1.74993
# xi=0.032374744551, logdetD=-2.20197918129866, t=1.68904
# xi=0.439372665213, logdetD=-2.65511581978662, t=1.72544
# xi=0.06216257611, logdetD=-2.32169924477799, t=1.75659
# xi=0.398110379191, logdetD=-2.64484944822446, t=1.7399
# xi=0.10003724328, logdetD=-2.41311885861947, t=1.68935
# xi=0.350790443202, logdetD=-2.62959587566129, t=1.67222
# xi=0.144423507019, logdetD=-2.48306398668622, t=1.70283
# xi=0.299431448034, logdetD=-2.6077694339391, t=1.6903
# xi=0.193788886525, logdetD=-2.53672073434124, t=1.65904
# xi=0.375439658273, logdetD=-2.63805138962291, t=1.67218
# xi=0.507769849769, logdetD=-2.66712805223923, t=1.73899
# xi=0.247342291392, logdetD=-2.57820804805511, t=1.67975
# xi=0.502028374525, logdetD=-2.66632943597877, t=1.73674
# xi=0.252729814736, logdetD=-2.5816888407246, t=1.65936
# xi=0.490630672802, logdetD=-2.66463723129065, t=1.73283
# xi=0.263469360746, logdetD=-2.58831229095072, t=1.66119
# xi=0.474001813963, logdetD=-2.66190294971138, t=1.73346
# xi=0.279245014717, logdetD=-2.59733412560169, t=1.68362
# xi=0.45314022097, logdetD=-2.65799959419848, t=1.73058
# xi=0.299217978551, logdetD=-2.60766512027173, t=1.66647
# xi=0.429084565007, logdetD=-2.65279142656166, t=1.72933
# xi=0.322503854238, logdetD=-2.61834571322758, t=1.71937
# xi=0.402815343336, logdetD=-2.6461519291192, t=1.73439
# xi=0.348249840268, logdetD=-2.62865612276129, t=1.67094
# xi=0.121173646321, logdetD=-2.44987605015874, t=1.69873
# xi=0.245170247836, logdetD=-2.57677351679792, t=1.67477
# xi=0.00101934205746, logdetD=-1.84881439766276, t=1.71275
# xi=0.239793044169, logdetD=-2.57314249410233, t=1.71171
# xi=0.00607525487051, logdetD=-1.96639188223759, t=1.69803
# xi=0.229117752113, logdetD=-2.56558188139736, t=1.66535
# xi=0.0161531204234, logdetD=-2.08930858347691, t=1.70829
# xi=0.213541134908, logdetD=-2.55363739976213, t=1.66109
# xi=0.0309552549409, logdetD=-2.19417455713378, t=1.71029
# xi=0.193996719755, logdetD=-2.53691013609551, t=1.66078
# xi=0.049693026107, logdetD=-2.27951646212411, t=1.70609
# xi=0.171455899751, logdetD=-2.51475436297809, t=1.64919
# xi=0.0715350814556, logdetD=-2.34853566224815, t=1.68667
# xi=0.146835997623, logdetD=-2.48616148079003, t=1.70846
# xi=0.0956800163403, logdetD=-2.40453968184033, t=1.68918
# xi=0.183214553237, logdetD=-2.52673279749361, t=1.65473
# xi=0.245713146479, logdetD=-2.57713378536177, t=1.66827
# xi=0.121699591238, logdetD=-2.45070168937631, t=1.70167
# xi=0.243023256312, logdetD=-2.57533748527645, t=1.67139
# xi=0.12430724461, logdetD=-2.4547390927158, t=1.69358
# xi=0.237677607471, logdetD=-2.5716821692906, t=1.70586
# xi=0.129499970917, logdetD=-2.46251159639697, t=1.70604
# xi=0.229864602366, logdetD=-2.56612666288284, t=1.66565
# xi=0.137114719552, logdetD=-2.47331056336429, t=1.7129
# xi=0.220039488924, logdetD=-2.55875920395439, t=1.68689
# xi=0.146733327991, logdetD=-2.48603084264909, t=1.7125
# xi=0.208677659131, logdetD=-2.54966664661608, t=1.67821
# xi=0.157916257493, logdetD=-2.49967449630624, t=1.72257
# xi=0.196230485745, logdetD=-2.53892967652061, t=1.65454
# xi=0.170241821157, logdetD=-2.51346100560449, t=1.70974
# xi=0.0601097615607, logdetD=-2.31531893892732, t=1.69349
# xi=0.120647772732, logdetD=-2.44904665328083, t=1.69337
# xi=0.000509637003416, logdetD=-1.83091037243641, t=1.69132
# xi=0.118042578364, logdetD=-2.44487967245926, t=1.69379
# xi=0.00303641921111, logdetD=-1.90577554120244, t=1.70572
# xi=0.112865162633, logdetD=-2.43629885651222, t=1.69563
# xi=0.00806802439833, logdetD=-1.99747492337686, t=1.70416
# xi=0.10529784032, logdetD=-2.42297926296133, t=1.69597
# xi=0.0154463104509, logdetD=-2.08273054765729, t=1.70468
# xi=0.0957813430388, logdetD=-2.40474367709824, t=1.70159
# xi=0.0247659063892, logdetD=-2.15637144087489, t=1.69274
# xi=0.0847759294383, logdetD=-2.38121024555258, t=1.69778
# xi=0.0356007394502, logdetD=-2.21872502650859, t=1.69544
# xi=0.0727186407763, logdetD=-2.35168481103113, t=1.70701
# xi=0.0475420737769, logdetD=-2.27129311330906, t=1.69575
# xi=0.0905210243266, logdetD=-2.39385368205118, t=1.68527
# xi=0.120910700611, logdetD=-2.44946182322948, t=1.69118
# xi=0.0603686001791, logdetD=-2.31613441659757, t=1.68229
# xi=0.119607796242, logdetD=-2.44739491193873, t=1.71204
# xi=0.0616516698737, logdetD=-2.32012972482148, t=1.68146
# xi=0.117017177949, logdetD=-2.44321246578682, t=1.68987
# xi=0.0642054043962, logdetD=-2.3278574660017, t=1.68389
# xi=0.113227609994, logdetD=-2.43691304224307, t=1.69298
# xi=0.0679471535623, logdetD=-2.33867676723672, t=1.69638
# xi=0.108456675308, logdetD=-2.42865748902151, t=1.69402
# xi=0.0726682789673, logdetD=-2.35155181258548, t=1.69976
# xi=0.102931980317, logdetD=-2.41860920364544, t=1.70328
# xi=0.0781498221647, logdetD=-2.36553182745878, t=1.69632
# xi=0.0968702179818, logdetD=-2.40692209773469, t=1.70179
# xi=0.0841822511007, logdetD=-2.37985552302015, t=1.69024
# xi=0.0299370185028, logdetD=-2.18839572595905, t=1.7004
# xi=0.0598509403566, logdetD=-2.3145002759282, t=1.70743
# xi=0.00025480999623, logdetD=-1.82193458336446, t=1.68019
# xi=0.0585684710053, logdetD=-2.3103951288415, t=1.69102
# xi=0.0015179077297, logdetD=-1.86485876715697, t=1.69487
# xi=0.0560184744162, logdetD=-2.30198232051224, t=1.68239
# xi=0.00403188162698, logdetD=-1.92800171880849, t=1.69446
# xi=0.0522883039068, logdetD=-2.28902798760559, t=1.68315
# xi=0.00771534970884, logdetD=-1.99232810916185, t=1.69134
# xi=0.0475921077264, logdetD=-2.27148809440801, t=1.69469
# xi=0.0123628994333, logdetD=-2.05131833172811, t=1.6935
# xi=0.0421539023358, logdetD=-2.24916681529809, t=1.69212
# xi=0.0177589604301, logdetD=-2.10352906523686, t=1.71277
# xi=0.036186967241, logdetD=-2.22163220773113, t=1.69537
# xi=0.0236972469253, logdetD=-2.14911123354953, t=1.69687
# xi=0.0449937507949, logdetD=-2.26111625490781, t=1.68837
# xi=0.059980348782, logdetD=-2.31491000705981, t=1.71698
# xi=0.0300654225805, logdetD=-2.18913310279422, t=1.71188
# xi=0.0593390390865, logdetD=-2.31287147340535, t=1.70188
# xi=0.0307018608775, logdetD=-2.19275095479422, t=1.70272
# xi=0.0580635739615, logdetD=-2.30875631682945, t=1.69355
# xi=0.0319682673187, logdetD=-2.19977318263423, t=1.68843
# xi=0.056197043979, logdetD=-2.30258269407271, t=1.68203
# xi=0.0338230529196, logdetD=-2.20965964096842, t=1.68932
# xi=0.0538458391725, logdetD=-2.29453530645008, t=1.68843
# xi=0.0361620244176, logdetD=-2.22150931495715, t=1.68779
# xi=0.0511213436633, logdetD=-2.28480449090689, t=1.69168
# xi=0.0388759216695, logdetD=-2.23448235086225, t=1.69051
# xi=0.0481297399044, logdetD=-2.2735719244992, t=1.70882
# xi=0.0418603209997, logdetD=-2.24789221412542, t=1.69027
# xi=0.0149392166697, logdetD=-2.07788030818647, t=1.69538
# xi=0.0298086187276, logdetD=-2.18765582915322, t=1.69733
# xi=0.000127402871852, logdetD=-1.81801548489338, t=1.69617
# xi=0.0291723287576, logdetD=-2.1839510841827, t=1.71778
# xi=0.000758878418391, logdetD=-1.83982022916871, t=1.71405
# xi=0.0279068458487, logdetD=-2.17638701342625, t=1.69866
# xi=0.0020154085923, logdetD=-1.8794326109577, t=1.70563
# xi=0.0260549209877, logdetD=-2.16481310673378, t=1.70275
# xi=0.00385572643205, logdetD=-1.9242715690418, t=1.70396
# xi=0.0237221087446, logdetD=-2.14928296944488, t=1.69547
# xi=0.00617644844509, logdetD=-1.96809922491295, t=1.70506
# xi=0.0210189189141, logdetD=-2.12975111187129, t=1.69937
# xi=0.00886916397353, logdetD=-2.00868537458581, t=1.69317
# xi=0.0180507009847, logdetD=-2.10601259414844, t=1.69668
# xi=0.0118302617357, logdetD=-2.04537164426636, t=1.69223
#
# ier=0, integral=-3.06712453702169, neval=315, abserr=2.63451e-07, absrel=8.5895e-08
#
# L/R, L, R, T, ldim, F*(L+R)/(ħc)
0.0700875, 7.00875e-06, 0.0001, 0, 150, -7.452985286653826

# finished at So 10. Sep 00:21:56 CEST 2017
