# starting on alcc121 at Mo 19. Feb 15:34:56 CET 2018
# compiler: icc
# compile time: Feb  1 2018 09:49:34
# compiled on: Linux alcc83 3.16.0-4-amd64 #1 SMP Debian 3.16.51-3 (2017-12-13) x86_64 GNU/Linux
# LAPACK support: false
# git HEAD: b96c9c30c7b1cdd2d059ceccd0396c6d55d3da95
# git branch: dev
#
# LbyR = 0.014925
# L = 3.13425e-07
# R = 2.1e-05
# T = 300
# cutoff = 5e-08
# epsrel = 1e-07
# iepsrel = 2e-07
# ldim = 537
# cores = 4
# alpha = 0.0294110402246471
# filename = /alcc/gpfs1/home/u/hartmmic/libcasimir-dev/data/materials/GoldDalvit.dat
# model = optical data (xi=0: Drude)
# plasma = -17.0419830894538 (logdetD(xi=0) for plasma model with omegap=1.36734e+16eV)
#
# xi=0, logdetD=-9.63428040301665, t=1.51084
# xi=17.5444857524682, logdetD=-9.42347397331064, t=17.7245
# xi=35.0889715049365, logdetD=-5.1380615579863, t=18.7812
# xi=52.6334572574047, logdetD=-2.83589145102634, t=19.7006
# xi=70.177943009873, logdetD=-1.57657847907506, t=19.8058
# xi=87.7224287623412, logdetD=-0.880374235672365, t=20.0192
# xi=105.266914514809, logdetD=-0.493056543134353, t=20.295
# xi=122.811400267278, logdetD=-0.277050945724222, t=20.2436
# xi=140.355886019746, logdetD=-0.155621112222476, t=20.4525
# xi=157.900371772214, logdetD=-0.0877253678249272, t=20.4794
# xi=175.444857524682, logdetD=-0.0494706819406817, t=20.4027
# xi=192.989343277151, logdetD=-0.027940552360708, t=20.2043
# xi=210.533829029619, logdetD=-0.0158107270298374, t=20.2793
# xi=228.078314782087, logdetD=-0.00895300885742494, t=19.6113
# xi=245.622800534555, logdetD=-0.00507917132203519, t=19.3641
# xi=263.167286287024, logdetD=-0.00288472453679112, t=19.1943
# xi=280.711772039492, logdetD=-0.00163968779832218, t=18.7528
# xi=298.25625779196, logdetD=-0.000933768683625487, t=18.505
# xi=315.800743544428, logdetD=-0.000532116126611506, t=17.9631
# xi=333.345229296897, logdetD=-0.00030355633668437, t=17.7727
# xi=350.889715049365, logdetD=-0.000173385231435701, t=17.4523
# xi=368.434200801833, logdetD=-9.90982725465423e-05, t=16.8604
# xi=385.978686554301, logdetD=-5.67064774389705e-05, t=16.3476
# xi=403.52317230677, logdetD=-3.2475065760833e-05, t=15.904
# xi=421.067658059238, logdetD=-1.8609445230676e-05, t=15.1313
# xi=438.612143811706, logdetD=-1.06764634733298e-05, t=14.6729
# xi=456.156629564174, logdetD=-6.12839461288896e-06, t=13.8552
# xi=473.701115316643, logdetD=-3.52031403143192e-06, t=13.0874
# xi=491.245601069111, logdetD=-2.02381960585342e-06, t=12.5749
# xi=508.790086821579, logdetD=-1.16403767216708e-06, t=11.9191
# xi=526.334572574047, logdetD=-6.70043325828886e-07, t=11.2687
#
# 1886 determinants computed
#
# L/R, L, R, T, ldim, F*(L+R)/(ħc)
0.014925, 3.13425e-07, 2.1e-05, 300, 537, -144.0762521308313
# finished at Mo 19. Feb 15:43:47 CET 2018
