# starting on alcc116 at Mo 19. Feb 16:35:55 CET 2018
# compiler: icc
# compile time: Feb  1 2018 09:49:34
# compiled on: Linux alcc83 3.16.0-4-amd64 #1 SMP Debian 3.16.51-3 (2017-12-13) x86_64 GNU/Linux
# LAPACK support: false
# git HEAD: b96c9c30c7b1cdd2d059ceccd0396c6d55d3da95
# git branch: dev
#
# LbyR = 0.0095
# L = 1.995e-07
# R = 2.1e-05
# T = 300
# cutoff = 5e-08
# epsrel = 1e-07
# iepsrel = 2e-07
# ldim = 843
# cores = 4
# alpha = 0.0188211986131748
# filename = /alcc/gpfs1/home/u/hartmmic/libcasimir-dev/data/materials/GoldDalvit.dat
# model = optical data (xi=0: Drude)
# plasma = -26.6734849291311 (logdetD(xi=0) for plasma model with omegap=1.36734e+16eV)
#
# xi=0, logdetD=-15.3577505453874, t=2.98707
# xi=17.4507065715365, logdetD=-17.7796777356186, t=38.8527
# xi=34.901413143073, logdetD=-11.7471316625622, t=41.3293
# xi=52.3521197146095, logdetD=-7.82168718524456, t=43.0664
# xi=69.802826286146, logdetD=-5.23978349158291, t=43.8997
# xi=87.2535328576826, logdetD=-3.52563188228429, t=45.7439
# xi=104.704239429219, logdetD=-2.37996921326903, t=46.9531
# xi=122.154946000756, logdetD=-1.61249610121584, t=46.8022
# xi=139.605652572292, logdetD=-1.09245894412033, t=47.0304
# xi=157.056359143829, logdetD=-0.742955679357711, t=47.5325
# xi=174.507065715365, logdetD=-0.505543342774555, t=47.7091
# xi=191.957772286902, logdetD=-0.344557825426252, t=48.0757
# xi=209.408478858438, logdetD=-0.23529754237002, t=48.07
# xi=226.859185429975, logdetD=-0.160799235954002, t=48.3652
# xi=244.309892001511, logdetD=-0.110091704593714, t=48.4065
# xi=261.760598573048, logdetD=-0.0754582073608008, t=48.9053
# xi=279.211305144584, logdetD=-0.0517600748978762, t=47.951
# xi=296.662011716121, logdetD=-0.0355705133813426, t=47.7257
# xi=314.112718287657, logdetD=-0.0244604026631986, t=47.3081
# xi=331.563424859194, logdetD=-0.0168380136200178, t=47.4953
# xi=349.01413143073, logdetD=-0.0116050291184977, t=47.2262
# xi=366.464838002267, logdetD=-0.00800338998471808, t=46.3006
# xi=383.915544573803, logdetD=-0.00552592529217151, t=46.1488
# xi=401.36625114534, logdetD=-0.00381838726829362, t=45.4633
# xi=418.816957716876, logdetD=-0.00264007307134524, t=45.5067
# xi=436.267664288413, logdetD=-0.00182749931306962, t=45.1252
# xi=453.718370859949, logdetD=-0.00126567319838244, t=44.5198
# xi=471.169077431486, logdetD=-0.000877202261709515, t=43.9051
# xi=488.619784003022, logdetD=-0.000608461307433618, t=43.5546
# xi=506.070490574559, logdetD=-0.000422252596326722, t=42.8883
# xi=523.521197146095, logdetD=-0.000293260723738221, t=42.0066
# xi=540.971903717632, logdetD=-0.000203789200355908, t=41.1055
# xi=558.422610289168, logdetD=-0.000141678181002623, t=40.8704
# xi=575.873316860705, logdetD=-9.85757038455854e-05, t=39.7995
# xi=593.324023432241, logdetD=-6.86130161311059e-05, t=39.3432
# xi=610.774730003778, logdetD=-4.7782643645494e-05, t=38.0666
# xi=628.225436575314, logdetD=-3.32956220951594e-05, t=36.9968
# xi=645.676143146851, logdetD=-2.3209209138633e-05, t=37.2047
# xi=663.126849718387, logdetD=-1.61875633506114e-05, t=35.5856
# xi=680.577556289924, logdetD=-1.12949661088709e-05, t=34.4431
# xi=698.02826286146, logdetD=-7.88382552346177e-06, t=33.8761
# xi=715.478969432997, logdetD=-5.50605271937646e-06, t=33.3115
# xi=732.929676004533, logdetD=-3.84658300112249e-06, t=31.461
# xi=750.38038257607, logdetD=-2.68832455094503e-06, t=30.7784
# xi=767.831089147606, logdetD=-1.87965480561794e-06, t=29.8627
# xi=785.281795719143, logdetD=-1.31460711613229e-06, t=28.5512
#
# 3492 determinants computed
#
# L/R, L, R, T, ldim, F*(L+R)/(ħc)
0.009500000000000001, 1.995e-07, 2.1e-05, 300, 843, -340.0529352339914
# finished at Mo 19. Feb 17:07:43 CET 2018
