# starting on alcc123 at Mo 19. Feb 16:35:55 CET 2018
# compiler: icc
# compile time: Feb  1 2018 09:49:34
# compiled on: Linux alcc83 3.16.0-4-amd64 #1 SMP Debian 3.16.51-3 (2017-12-13) x86_64 GNU/Linux
# LAPACK support: false
# git HEAD: b96c9c30c7b1cdd2d059ceccd0396c6d55d3da95
# git branch: dev
#
# LbyR = 0.00845
# L = 1.7745e-07
# R = 2.1e-05
# T = 300
# cutoff = 5e-08
# epsrel = 1e-07
# iepsrel = 2e-07
# ldim = 947
# cores = 4
# alpha = 0.0167583915910556
# filename = /alcc/gpfs1/home/u/hartmmic/libcasimir-dev/data/materials/GoldDalvit.dat
# model = optical data (xi=0: Drude)
# plasma = -29.8663611279756 (logdetD(xi=0) for plasma model with omegap=1.36734e+16eV)
#
# xi=0, logdetD=-17.3168265114823, t=3.49997
# xi=17.4325557623239, logdetD=-20.6549698712099, t=46.683
# xi=34.8651115246478, logdetD=-14.1779708531866, t=50.1129
# xi=52.2976672869717, logdetD=-9.79558719476502, t=51.7992
# xi=69.7302230492957, logdetD=-6.80591073057668, t=52.8297
# xi=87.1627788116196, logdetD=-4.74872701407725, t=55.4442
# xi=104.595334573943, logdetD=-3.32398885608922, t=56.6068
# xi=122.027890336267, logdetD=-2.33528674605206, t=57.56
# xi=139.460446098591, logdetD=-1.64063770754377, t=57.5717
# xi=156.893001860915, logdetD=-1.1570487494163, t=58.1819
# xi=174.325557623239, logdetD=-0.816473564217713, t=58.666
# xi=191.758113385563, logdetD=-0.577100214125177, t=59.282
# xi=209.190669147887, logdetD=-0.408713030838478, t=59.6425
# xi=226.623224910211, logdetD=-0.289669033908997, t=59.2922
# xi=244.055780672535, logdetD=-0.20567944425772, t=59.8451
# xi=261.488336434859, logdetD=-0.146204654197706, t=59.1887
# xi=278.920892197183, logdetD=-0.104008132725662, t=59.7142
# xi=296.353447959507, logdetD=-0.0741271059797366, t=59.5871
# xi=313.78600372183, logdetD=-0.0528643399942789, t=59.4641
# xi=331.218559484154, logdetD=-0.0377397677211221, t=59.9511
# xi=348.651115246478, logdetD=-0.0269749220219308, t=58.7707
# xi=366.083671008802, logdetD=-0.0192925959033194, t=59.3179
# xi=383.516226771126, logdetD=-0.0138140473539307, t=58.3962
# xi=400.94878253345, logdetD=-0.00989902064200229, t=58.2452
# xi=418.381338295774, logdetD=-0.00709777087075352, t=57.6748
# xi=435.813894058098, logdetD=-0.00509511560368793, t=57.9206
# xi=453.246449820422, logdetD=-0.00365937674500317, t=56.8204
# xi=470.679005582746, logdetD=-0.00263009788357837, t=56.0493
# xi=488.11156134507, logdetD=-0.0018918634790749, t=55.3256
# xi=505.544117107394, logdetD=-0.00136148348541851, t=55.4827
# xi=522.976672869718, logdetD=-0.000980563311447023, t=55.2357
# xi=540.409228632041, logdetD=-0.000706615978865476, t=54.3877
# xi=557.841784394365, logdetD=-0.000509430507503073, t=53.5789
# xi=575.274340156689, logdetD=-0.000367561972441611, t=52.0046
# xi=592.706895919013, logdetD=-0.000265304993137645, t=51.6803
# xi=610.139451681337, logdetD=-0.000191596192161111, t=51.5116
# xi=627.572007443661, logdetD=-0.000138446275659788, t=50.8534
# xi=645.004563205985, logdetD=-0.000100076450103919, t=49.4589
# xi=662.437118968309, logdetD=-7.2381966211669e-05, t=48.9997
# xi=679.869674730633, logdetD=-5.23734682273773e-05, t=47.7761
# xi=697.302230492957, logdetD=-3.79089058964035e-05, t=47.182
# xi=714.73478625528, logdetD=-2.74550823909136e-05, t=45.8527
# xi=732.167342017604, logdetD=-1.98900648947039e-05, t=45.1617
# xi=749.599897779928, logdetD=-1.44152483068386e-05, t=43.8689
# xi=767.032453542252, logdetD=-1.04519789481241e-05, t=42.4522
# xi=784.465009304576, logdetD=-7.58049000711075e-06, t=41.7918
# xi=801.8975650669, logdetD=-5.50028639901416e-06, t=40.7404
# xi=819.330120829224, logdetD=-3.99222010224706e-06, t=38.9104
# xi=836.762676591548, logdetD=-2.89842135261782e-06, t=38.8448
# xi=854.195232353872, logdetD=-2.10523739405347e-06, t=37.2053
# xi=871.627788116196, logdetD=-1.52948711577896e-06, t=35.6896
#
# 4090 determinants computed
#
# L/R, L, R, T, ldim, F*(L+R)/(ħc)
0.008449999999999999, 1.7745e-07, 2.1e-05, 300, 947, -422.3107249751827
# finished at Mo 19. Feb 17:19:48 CET 2018
