# starting on alcc115 at Mo 19. Feb 16:05:40 CET 2018
# compiler: icc
# compile time: Feb  1 2018 09:49:34
# compiled on: Linux alcc83 3.16.0-4-amd64 #1 SMP Debian 3.16.51-3 (2017-12-13) x86_64 GNU/Linux
# LAPACK support: false
# git HEAD: b96c9c30c7b1cdd2d059ceccd0396c6d55d3da95
# git branch: dev
#
# LbyR = 0.01265
# L = 2.6565e-07
# R = 2.1e-05
# T = 300
# cutoff = 5e-08
# epsrel = 1e-07
# iepsrel = 2e-07
# ldim = 633
# cores = 4
# alpha = 0.0249839529946181
# filename = /alcc/gpfs1/home/u/hartmmic/libcasimir-dev/data/materials/GoldDalvit.dat
# model = optical data (xi=0: Drude)
# plasma = -20.1233869829597 (logdetD(xi=0) for plasma model with omegap=1.36734e+16eV)
#
# xi=0, logdetD=-11.435217672636, t=1.99553
# xi=17.5051589991743, logdetD=-12.0272976825163, t=23.0767
# xi=35.0103179983486, logdetD=-7.10207736983334, t=25.0023
# xi=52.5154769975229, logdetD=-4.23878555749956, t=25.7769
# xi=70.0206359966972, logdetD=-2.54756712549922, t=27.0006
# xi=87.5257949958714, logdetD=-1.53811509302191, t=27.4202
# xi=105.030953995046, logdetD=-0.931574979876718, t=27.3111
# xi=122.53611299422, logdetD=-0.566189086478232, t=27.9311
# xi=140.041271993394, logdetD=-0.344041795887799, t=27.868
# xi=157.546430992569, logdetD=-0.209821692483285, t=28.1155
# xi=175.051589991743, logdetD=-0.128021069081403, t=27.9171
# xi=192.556748990917, logdetD=-0.0782331340482132, t=28.1236
# xi=210.061907990091, logdetD=-0.0478999520547485, t=27.8613
# xi=227.567066989266, logdetD=-0.0293481719818089, t=27.7509
# xi=245.07222598844, logdetD=-0.0180148559035919, t=27.6992
# xi=262.577384987614, logdetD=-0.011070426822775, t=26.9351
# xi=280.082543986789, logdetD=-0.0068083065961017, t=26.8513
# xi=297.587702985963, logdetD=-0.00419497852284544, t=26.4461
# xi=315.092861985137, logdetD=-0.00258645811538164, t=26.0579
# xi=332.598020984311, logdetD=-0.00159640486899437, t=25.8836
# xi=350.103179983486, logdetD=-0.000986545399573821, t=25.4278
# xi=367.60833898266, logdetD=-0.000610056405295772, t=25.1729
# xi=385.113497981834, logdetD=-0.000377688136491008, t=24.4934
# xi=402.618656981009, logdetD=-0.000234016395042482, t=24.157
# xi=420.123815980183, logdetD=-0.000145085764373969, t=23.3851
# xi=437.628974979357, logdetD=-9.00561980205819e-05, t=23.0379
# xi=455.134133978532, logdetD=-5.59278952286128e-05, t=22.6836
# xi=472.639292977706, logdetD=-3.47584057191292e-05, t=21.7374
# xi=490.14445197688, logdetD=-2.16196415840227e-05, t=20.985
# xi=507.649610976054, logdetD=-1.34537774829631e-05, t=20.2077
# xi=525.154769975229, logdetD=-8.37882501159835e-06, t=19.3543
# xi=542.659928974403, logdetD=-5.22116764609989e-06, t=18.6809
# xi=560.165087973577, logdetD=-3.25496226020991e-06, t=17.9663
# xi=577.670246972752, logdetD=-2.03080689789681e-06, t=17.1651
# xi=595.175405971926, logdetD=-1.26753278119714e-06, t=16.4835
# xi=612.6805649711, logdetD=-7.91543333085852e-07, t=15.4401
#
# 2372 determinants computed
#
# L/R, L, R, T, ldim, F*(L+R)/(ħc)
0.01265, 2.6565e-07, 2.1e-05, 300, 633, -198.106102091964
# finished at Mo 19. Feb 16:19:50 CET 2018
