# starting on alcc120 at Mo 19. Feb 15:34:56 CET 2018
# compiler: icc
# compile time: Feb  1 2018 09:49:34
# compiled on: Linux alcc83 3.16.0-4-amd64 #1 SMP Debian 3.16.51-3 (2017-12-13) x86_64 GNU/Linux
# LAPACK support: false
# git HEAD: b96c9c30c7b1cdd2d059ceccd0396c6d55d3da95
# git branch: dev
#
# LbyR = 0.01615
# L = 3.3915e-07
# R = 2.1e-05
# T = 300
# cutoff = 5e-08
# epsrel = 1e-07
# iepsrel = 2e-07
# ldim = 496
# cores = 4
# alpha = 0.0317866456723909
# filename = /alcc/gpfs1/home/u/hartmmic/libcasimir-dev/data/materials/GoldDalvit.dat
# model = optical data (xi=0: Drude)
# plasma = -15.7290561227292 (logdetD(xi=0) for plasma model with omegap=1.36734e+16eV)
#
# xi=0, logdetD=-8.87533953643421, t=1.406
# xi=17.5656616965496, logdetD=-8.34310048731188, t=15.5997
# xi=35.1313233930992, logdetD=-4.35927789495251, t=16.4173
# xi=52.6969850896488, logdetD=-2.30719061095447, t=16.8268
# xi=70.2626467861984, logdetD=-1.22998739513077, t=17.2544
# xi=87.828308482748, logdetD=-0.658554721897483, t=17.0028
# xi=105.393970179298, logdetD=-0.353593551241297, t=17.5226
# xi=122.959631875847, logdetD=-0.190460796612091, t=17.5735
# xi=140.525293572397, logdetD=-0.102546990481601, t=17.3133
# xi=158.090955268946, logdetD=-0.0554076102640491, t=17.5039
# xi=175.656616965496, logdetD=-0.0299482637084655, t=17.3471
# xi=193.222278662046, logdetD=-0.016211892101211, t=17.2373
# xi=210.787940358595, logdetD=-0.00879274733998248, t=16.8298
# xi=228.353602055145, logdetD=-0.0047721750761726, t=16.652
# xi=245.919263751695, logdetD=-0.00259487729408316, t=16.4379
# xi=263.484925448244, logdetD=-0.00141256033781334, t=16.0079
# xi=281.050587144794, logdetD=-0.000769563534192666, t=15.6453
# xi=298.616248841343, logdetD=-0.000420054354854294, t=15.3769
# xi=316.181910537893, logdetD=-0.0002294335275824, t=15.0106
# xi=333.747572234443, logdetD=-0.000125451322929108, t=14.3795
# xi=351.313233930992, logdetD=-6.8680651571634e-05, t=13.9402
# xi=368.878895627542, logdetD=-3.76248711131607e-05, t=13.4625
# xi=386.444557324091, logdetD=-2.06361330415167e-05, t=13.0041
# xi=404.010219020641, logdetD=-1.13274455603562e-05, t=12.5131
# xi=421.575880717191, logdetD=-6.2215821526418e-06, t=12.1801
# xi=439.14154241374, logdetD=-3.42120679454355e-06, t=11.5091
# xi=456.70720411029, logdetD=-1.88226864661426e-06, t=11.108
# xi=474.272865806839, logdetD=-1.03632868163646e-06, t=10.0482
# xi=491.838527503389, logdetD=-5.71040815463081e-07, t=9.43973
#
# 1698 determinants computed
#
# L/R, L, R, T, ldim, F*(L+R)/(ħc)
0.01615, 3.3915e-07, 2.1e-05, 300, 496, -123.5862496977364
# finished at Mo 19. Feb 15:42:00 CET 2018
