# starting on alcc120 at Mo 19. Feb 15:34:56 CET 2018
# compiler: icc
# compile time: Feb  1 2018 09:49:34
# compiled on: Linux alcc83 3.16.0-4-amd64 #1 SMP Debian 3.16.51-3 (2017-12-13) x86_64 GNU/Linux
# LAPACK support: false
# git HEAD: b96c9c30c7b1cdd2d059ceccd0396c6d55d3da95
# git branch: dev
#
# LbyR = 0.015975
# L = 3.35475e-07
# R = 2.1e-05
# T = 300
# cutoff = 5e-08
# epsrel = 1e-07
# iepsrel = 2e-07
# ldim = 501
# cores = 4
# alpha = 0.0314476242033515
# filename = /alcc/gpfs1/home/u/hartmmic/libcasimir-dev/data/materials/GoldDalvit.dat
# model = optical data (xi=0: Drude)
# plasma = -15.904739021244 (logdetD(xi=0) for plasma model with omegap=1.36734e+16eV)
#
# xi=0, logdetD=-8.97660758259127, t=1.44667
# xi=17.5626365616808, logdetD=-8.48647929474222, t=15.814
# xi=35.1252731233617, logdetD=-4.46120787215601, t=16.6422
# xi=52.6879096850425, logdetD=-2.37532095394667, t=17.6337
# xi=70.2505462467234, logdetD=-1.27391455541206, t=17.5588
# xi=87.8131828084042, logdetD=-0.686183828661302, t=17.4787
# xi=105.375819370085, logdetD=-0.370655281873357, t=17.7999
# xi=122.938455931766, logdetD=-0.200860726861087, t=17.9985
# xi=140.501092493447, logdetD=-0.108802791017869, t=17.9569
# xi=158.063729055128, logdetD=-0.0591448178060243, t=17.7146
# xi=175.626365616808, logdetD=-0.0321625447002465, t=17.6517
# xi=193.189002178489, logdetD=-0.0175163845675017, t=17.3639
# xi=210.75163874017, logdetD=-0.00955800894004296, t=17.2978
# xi=228.314275301851, logdetD=-0.00521904633110323, t=17.1389
# xi=245.876911863532, logdetD=-0.00285511263440045, t=16.7022
# xi=263.439548425213, logdetD=-0.00156366876089131, t=16.4716
# xi=281.002184986893, logdetD=-0.000857064064276859, t=16.2609
# xi=298.564821548574, logdetD=-0.000470657561607766, t=15.7052
# xi=316.127458110255, logdetD=-0.000258634812436191, t=15.2845
# xi=333.690094671936, logdetD=-0.000142277336880576, t=14.9467
# xi=351.252731233617, logdetD=-7.8365543760353e-05, t=14.313
# xi=368.815367795298, logdetD=-4.31912716741523e-05, t=14.1431
# xi=386.378004356978, logdetD=-2.38330430154668e-05, t=13.5828
# xi=403.940640918659, logdetD=-1.3161743505647e-05, t=13.0514
# xi=421.50327748034, logdetD=-7.27298429312153e-06, t=12.4823
# xi=439.065914042021, logdetD=-4.02366323681791e-06, t=11.6396
# xi=456.628550603702, logdetD=-2.22717624031834e-06, t=11.1473
# xi=474.191187165383, logdetD=-1.23367686070349e-06, t=10.3418
# xi=491.753823727063, logdetD=-6.83915134797769e-07, t=9.52619
#
# 1704 determinants computed
#
# L/R, L, R, T, ldim, F*(L+R)/(ħc)
0.015975, 3.35475e-07, 2.1e-05, 300, 501, -126.2395792801079
# finished at Mo 19. Feb 15:42:10 CET 2018
