# starting on alcc115 at Mo 19. Feb 15:34:56 CET 2018
# compiler: icc
# compile time: Feb  1 2018 09:49:34
# compiled on: Linux alcc83 3.16.0-4-amd64 #1 SMP Debian 3.16.51-3 (2017-12-13) x86_64 GNU/Linux
# LAPACK support: false
# git HEAD: b96c9c30c7b1cdd2d059ceccd0396c6d55d3da95
# git branch: dev
#
# LbyR = 0.0144
# L = 3.024e-07
# R = 2.1e-05
# T = 300
# cutoff = 5e-08
# epsrel = 1e-07
# iepsrel = 2e-07
# ldim = 556
# cores = 4
# alpha = 0.028391167192429
# filename = /alcc/gpfs1/home/u/hartmmic/libcasimir-dev/data/materials/GoldDalvit.dat
# model = optical data (xi=0: Drude)
# plasma = -17.6702583027842 (logdetD(xi=0) for plasma model with omegap=1.36734e+16eV)
#
# xi=0, logdetD=-9.99921655355793, t=1.67152
# xi=17.5354103478619, logdetD=-9.94720140871807, t=18.4685
# xi=35.0708206957239, logdetD=-5.52390885049224, t=19.9445
# xi=52.6062310435858, logdetD=-3.10426144862038, t=20.717
# xi=70.1416413914478, logdetD=-1.75707926493839, t=21.1175
# xi=87.6770517393097, logdetD=-0.999005733919001, t=21.1588
# xi=105.212462087172, logdetD=-0.569698407086364, t=21.5792
# xi=122.747872435034, logdetD=-0.325967865631193, t=22.0221
# xi=140.283282782896, logdetD=-0.186450710436151, t=21.9241
# xi=157.818693130758, logdetD=-0.10703109305877, t=21.5556
# xi=175.354103478619, logdetD=-0.0614648862079519, t=21.7323
# xi=192.889513826481, logdetD=-0.0353517669112904, t=21.8164
# xi=210.424924174343, logdetD=-0.0203716260032846, t=21.5717
# xi=227.960334522205, logdetD=-0.0117473674940528, t=21.6626
# xi=245.495744870067, logdetD=-0.00678674099779214, t=21.1989
# xi=263.031155217929, logdetD=-0.00392526249376172, t=20.5338
# xi=280.566565565791, logdetD=-0.00227206380217684, t=20.4392
# xi=298.101975913653, logdetD=-0.00131762714375377, t=20.3791
# xi=315.637386261515, logdetD=-0.000764632466684557, t=19.5908
# xi=333.172796609377, logdetD=-0.0004441993959477, t=19.1393
# xi=350.708206957239, logdetD=-0.000258370239056153, t=18.8873
# xi=368.243617305101, logdetD=-0.000150379221808126, t=18.3994
# xi=385.779027652963, logdetD=-8.76285198543338e-05, t=17.8583
# xi=403.314438000825, logdetD=-5.1103872681882e-05, t=17.3925
# xi=420.849848348687, logdetD=-2.98214148863025e-05, t=16.6766
# xi=438.385258696549, logdetD=-1.74226178076676e-05, t=16.0552
# xi=455.920669044411, logdetD=-1.01841367642631e-05, t=15.6808
# xi=473.456079392273, logdetD=-5.95731926052885e-06, t=15.0599
# xi=490.991489740135, logdetD=-3.48765708110437e-06, t=14.2764
# xi=508.526900087996, logdetD=-2.04278288671451e-06, t=13.7884
# xi=526.062310435858, logdetD=-1.19743518658802e-06, t=12.6377
# xi=543.59772078372, logdetD=-7.02304207191691e-07, t=12.0783
#
# 1975 determinants computed
#
# L/R, L, R, T, ldim, F*(L+R)/(ħc)
0.0144, 3.024e-07, 2.1e-05, 300, 556, -154.4191266565911
# finished at Mo 19. Feb 15:44:44 CET 2018
