# starting on alcc114 at Di 20. Feb 14:01:10 CET 2018
# compiler: icc
# compile time: Feb  1 2018 09:49:34
# compiled on: Linux alcc83 3.16.0-4-amd64 #1 SMP Debian 3.16.51-3 (2017-12-13) x86_64 GNU/Linux
# LAPACK support: false
# git HEAD: b96c9c30c7b1cdd2d059ceccd0396c6d55d3da95
# git branch: dev
#
# LbyR = 0.022975
# L = 1.33255e-06
# R = 5.8e-05
# T = 300
# cutoff = 5e-08
# epsrel = 1e-07
# iepsrel = 2e-07
# ldim = 349
# cores = 7
# alpha = 0.0449180087489919
# filename = /alcc/gpfs1/home/u/hartmmic/libcasimir-dev/data/materials/GoldDalvit.dat
# model = optical data (xi=0: Drude)
# plasma = -11.226687495206 (logdetD(xi=0) for plasma model with omegap=1.36734e+16eV)
#
# xi=0, logdetD=-6.13333093751323, t=1.03149
# xi=48.8405349272869, logdetD=-1.11987018543912, t=4.5634
# xi=97.6810698545738, logdetD=-0.11569781882101, t=4.62115
# xi=146.521604781861, logdetD=-0.0120526637988866, t=4.69414
# xi=195.362139709148, logdetD=-0.00125739175441393, t=4.21836
# xi=244.202674636434, logdetD=-0.000131331174944862, t=3.79981
# xi=293.043209563721, logdetD=-1.37340779599259e-05, t=3.40682
# xi=341.883744491008, logdetD=-1.43963198974053e-06, t=2.84736
# xi=390.724279418295, logdetD=-1.50759517405963e-07, t=2.33728
#
# 440 determinants computed
#
# L/R, L, R, T, ldim, F*(L+R)/(ħc)
0.022975, 1.33255e-06, 5.8e-05, 300, 349, -67.09355426351129
# finished at Di 20. Feb 14:01:43 CET 2018
