# starting on alcc122 at Mi 14. Feb 08:23:29 CET 2018
# compiler: icc
# compile time: Feb  1 2018 09:49:34
# compiled on: Linux alcc83 3.16.0-4-amd64 #1 SMP Debian 3.16.51-3 (2017-12-13) x86_64 GNU/Linux
# LAPACK support: false
# git HEAD: b96c9c30c7b1cdd2d059ceccd0396c6d55d3da95
# git branch: dev
#
# LbyR = 0.0053
# L = 3.074e-07
# R = 5.8e-05
# T = 300
# cutoff = 5e-08
# epsrel = 1e-07
# iepsrel = 2e-07
# ldim = 1510
# cores = 7
# alpha = 0.0105441161842236
# filename = /alcc/gpfs1/home/u/hartmmic/libcasimir-dev/data/materials/GoldDalvit.dat
# model = optical data (xi=0: Drude)
# plasma = -50.6005378692712 (logdetD(xi=0) for plasma model with omegap=1.36734e+16eV)
#
# xi=0, logdetD=-27.8615679828126, t=7.74327
# xi=47.9966663529427, logdetD=-27.0992350991022, t=62.9186
# xi=95.9933327058853, logdetD=-14.8558133209835, t=69.4552
# xi=143.989999058828, logdetD=-8.26541826572348, t=72.1512
# xi=191.986665411771, logdetD=-4.63582468283476, t=73.6424
# xi=239.983331764713, logdetD=-2.61267343599063, t=75.3364
# xi=287.979998117656, logdetD=-1.47712668500471, t=75.7604
# xi=335.976664470599, logdetD=-0.838000136342535, t=76.8563
# xi=383.973330823541, logdetD=-0.475286398330592, t=77.9947
# xi=431.969997176484, logdetD=-0.270545765232998, t=77.698
# xi=479.966663529427, logdetD=-0.15406716766118, t=77.7684
# xi=527.963329882369, logdetD=-0.0878731924785269, t=77.7873
# xi=575.959996235312, logdetD=-0.0502159161345753, t=76.6267
# xi=623.956662588255, logdetD=-0.0287166189183676, t=76.759
# xi=671.953328941197, logdetD=-0.0164526832183054, t=75.5726
# xi=719.94999529414, logdetD=-0.00943694841844696, t=74.6434
# xi=767.946661647083, logdetD=-0.0054171986718174, t=73.7412
# xi=815.943328000025, logdetD=-0.00311559919562149, t=72.5985
# xi=863.939994352968, logdetD=-0.00179307893770287, t=71.9103
# xi=911.936660705911, logdetD=-0.00103305792993574, t=70.0267
# xi=959.933327058853, logdetD=-0.000595924567391038, t=67.8672
# xi=1007.9299934118, logdetD=-0.000343985708115313, t=66.5785
# xi=1055.92665976474, logdetD=-0.000198793983701115, t=64.4708
# xi=1103.92332611768, logdetD=-0.00011497884042234, t=63.2201
# xi=1151.91999247062, logdetD=-6.65425788531604e-05, t=61.3549
# xi=1199.91665882357, logdetD=-3.8556077237474e-05, t=59.4478
# xi=1247.91332517651, logdetD=-2.2351787231015e-05, t=57.3416
# xi=1295.90999152945, logdetD=-1.29672506286504e-05, t=54.492
# xi=1343.90665788239, logdetD=-7.52904833472964e-06, t=52.4195
# xi=1391.90332423534, logdetD=-4.37358859062995e-06, t=49.4231
# xi=1439.89999058828, logdetD=-2.54259505328003e-06, t=47.0893
#
# 3155 determinants computed
#
# L/R, L, R, T, ldim, F*(L+R)/(ħc)
0.0053, 3.074e-07, 5.8e-05, 300, 1510, -1143.089631776741
# finished at Mi 14. Feb 08:57:50 CET 2018
