# starting on alcc124 at Mi 14. Feb 07:52:32 CET 2018
# compiler: icc
# compile time: Feb  1 2018 09:49:34
# compiled on: Linux alcc83 3.16.0-4-amd64 #1 SMP Debian 3.16.51-3 (2017-12-13) x86_64 GNU/Linux
# LAPACK support: false
# git HEAD: b96c9c30c7b1cdd2d059ceccd0396c6d55d3da95
# git branch: dev
#
# LbyR = 0.0179
# L = 1.0382e-06
# R = 5.8e-05
# T = 300
# cutoff = 5e-08
# epsrel = 1e-07
# iepsrel = 2e-07
# ldim = 447
# cores = 4
# alpha = 0.0351704489635524
# filename = /alcc/gpfs1/home/u/hartmmic/libcasimir-dev/data/materials/GoldDalvit.dat
# model = optical data (xi=0: Drude)
# plasma = -14.6581935815129 (logdetD(xi=0) for plasma model with omegap=1.36734e+16eV)
#
# xi=0, logdetD=-7.9719672800971, t=1.30169
# xi=48.5982360297029, logdetD=-2.34744179843448, t=14.1947
# xi=97.1964720594058, logdetD=-0.391564586194447, t=14.5291
# xi=145.794708089109, logdetD=-0.066142002579265, t=14.542
# xi=194.392944118812, logdetD=-0.0112024969055185, t=13.9888
# xi=242.991180148515, logdetD=-0.00190008465776053, t=13.2807
# xi=291.589416178217, logdetD=-0.000322706629458039, t=12.5972
# xi=340.18765220792, logdetD=-5.49440173971502e-05, t=11.1938
# xi=388.785888237623, logdetD=-9.34762701131957e-06, t=10.2479
# xi=437.384124267326, logdetD=-1.59561214312234e-06, t=8.67497
# xi=485.982360297029, logdetD=-2.72420699399865e-07, t=7.07669
#
# 584 determinants computed
#
# L/R, L, R, T, ldim, F*(L+R)/(ħc)
0.0179, 1.0382e-06, 5.8e-05, 300, 447, -105.2627549786235
# finished at Mi 14. Feb 07:54:34 CET 2018
