# starting on alcc115 at Mi 14. Feb 07:52:32 CET 2018
# compiler: icc
# compile time: Feb  1 2018 09:49:34
# compiled on: Linux alcc83 3.16.0-4-amd64 #1 SMP Debian 3.16.51-3 (2017-12-13) x86_64 GNU/Linux
# LAPACK support: false
# git HEAD: b96c9c30c7b1cdd2d059ceccd0396c6d55d3da95
# git branch: dev
#
# LbyR = 0.01475
# L = 8.555e-07
# R = 5.8e-05
# T = 300
# cutoff = 5e-08
# epsrel = 1e-07
# iepsrel = 2e-07
# ldim = 543
# cores = 4
# alpha = 0.0290711998029071
# filename = /alcc/gpfs1/home/u/hartmmic/libcasimir-dev/data/materials/GoldDalvit.dat
# model = optical data (xi=0: Drude)
# plasma = -17.9707410553436 (logdetD(xi=0) for plasma model with omegap=1.36734e+16eV)
#
# xi=0, logdetD=-9.75302943299587, t=1.61115
# xi=48.4478436105128, logdetD=-3.86901486492749, t=19.8279
# xi=96.8956872210257, logdetD=-0.868059793551673, t=20.8867
# xi=145.343530831539, logdetD=-0.197772285262719, t=21.2579
# xi=193.791374442051, logdetD=-0.0452381888516254, t=21.02
# xi=242.239218052564, logdetD=-0.0103664924167659, t=20.6431
# xi=290.687061663077, logdetD=-0.00237890061896227, t=19.5099
# xi=339.13490527359, logdetD=-0.000547285928185228, t=18.7974
# xi=387.582748884103, logdetD=-0.000125817492896197, t=17.7152
# xi=436.030592494616, logdetD=-2.9023212935765e-05, t=15.9154
# xi=484.478436105128, logdetD=-6.69704012970591e-06, t=14.4212
# xi=532.926279715641, logdetD=-1.54761624560878e-06, t=12.6468
# xi=581.374123326154, logdetD=-3.58302049523812e-07, t=10.4509
#
# 764 determinants computed
#
# L/R, L, R, T, ldim, F*(L+R)/(ħc)
0.01475, 8.555e-07, 5.8e-05, 300, 543, -152.2103534328286
# finished at Mi 14. Feb 07:56:07 CET 2018
