# starting on alcc118 at Mi 14. Feb 07:54:28 CET 2018
# compiler: icc
# compile time: Feb  1 2018 09:49:34
# compiled on: Linux alcc83 3.16.0-4-amd64 #1 SMP Debian 3.16.51-3 (2017-12-13) x86_64 GNU/Linux
# LAPACK support: false
# git HEAD: b96c9c30c7b1cdd2d059ceccd0396c6d55d3da95
# git branch: dev
#
# LbyR = 0.019125
# L = 1.10925e-06
# R = 5.8e-05
# T = 300
# cutoff = 5e-08
# epsrel = 1e-07
# iepsrel = 2e-07
# ldim = 419
# cores = 4
# alpha = 0.0375321967373973
# filename = /alcc/gpfs1/home/u/hartmmic/libcasimir-dev/data/materials/GoldDalvit.dat
# model = optical data (xi=0: Drude)
# plasma = -13.6632914161431 (logdetD(xi=0) for plasma model with omegap=1.36734e+16eV)
#
# xi=0, logdetD=-7.43836173717183, t=1.15162
# xi=48.656721970499, logdetD=-1.95123297717272, t=12.4547
# xi=97.3134439409981, logdetD=-0.289983961146145, t=12.9265
# xi=145.970165911497, logdetD=-0.0435942980140221, t=12.9386
# xi=194.626887881996, logdetD=-0.00656875517635135, t=12.2754
# xi=243.283609852495, logdetD=-0.000991103050447214, t=11.372
# xi=291.940331822994, logdetD=-0.000149734554200859, t=10.5745
# xi=340.597053793493, logdetD=-2.26774718284607e-05, t=9.758
# xi=389.253775763992, logdetD=-3.43180241809233e-06, t=8.38416
# xi=437.910497734491, logdetD=-5.21044994668037e-07, t=6.8061
#
# 509 determinants computed
#
# L/R, L, R, T, ldim, F*(L+R)/(ħc)
0.019125, 1.10925e-06, 5.8e-05, 300, 419, -93.10914114990466
# finished at Mi 14. Feb 07:56:07 CET 2018
