# starting on alcc117 at Di 20. Feb 19:32:46 CET 2018
# compiler: icc
# compile time: Feb  1 2018 09:49:34
# compiled on: Linux alcc83 3.16.0-4-amd64 #1 SMP Debian 3.16.51-3 (2017-12-13) x86_64 GNU/Linux
# LAPACK support: false
# git HEAD: b96c9c30c7b1cdd2d059ceccd0396c6d55d3da95
# git branch: dev
#
# LbyR = 0.025075
# L = 1.45435e-06
# R = 5.8e-05
# T = 300
# cutoff = 5e-08
# epsrel = 1e-07
# iepsrel = 2e-07
# ldim = 320
# cores = 4
# alpha = 0.0489232495183279
# filename = /alcc/gpfs1/home/u/hartmmic/libcasimir-dev/data/materials/GoldDalvit.dat
# model = optical data (xi=0: Drude)
# plasma = -10.2137111185242 (logdetD(xi=0) for plasma model with omegap=1.36734e+16eV)
#
# xi=0, logdetD=-5.59124317010471, t=0.842295
# xi=48.9407965400803, logdetD=-0.83820962487179, t=7.38903
# xi=97.8815930801606, logdetD=-0.0709885434932237, t=7.58648
# xi=146.822389620241, logdetD=-0.00605289804188976, t=7.19701
# xi=195.763186160321, logdetD=-0.000516703118058416, t=6.50188
# xi=244.703982700401, logdetD=-4.41572615292424e-05, t=5.87098
# xi=293.644779240482, logdetD=-3.77807353319953e-06, t=4.81228
# xi=342.585575780562, logdetD=-3.23977796714174e-07, t=3.83744
#
# 351 determinants computed
#
# L/R, L, R, T, ldim, F*(L+R)/(ħc)
0.025075, 1.45435e-06, 5.8e-05, 300, 320, -57.8180347235805
# finished at Di 20. Feb 19:33:30 CET 2018
