# starting on alcc119 at Mi 14. Feb 07:52:32 CET 2018
# compiler: icc
# compile time: Feb  1 2018 09:49:34
# compiled on: Linux alcc83 3.16.0-4-amd64 #1 SMP Debian 3.16.51-3 (2017-12-13) x86_64 GNU/Linux
# LAPACK support: false
# git HEAD: b96c9c30c7b1cdd2d059ceccd0396c6d55d3da95
# git branch: dev
#
# LbyR = 0.015975
# L = 9.2655e-07
# R = 5.8e-05
# T = 300
# cutoff = 5e-08
# epsrel = 1e-07
# iepsrel = 2e-07
# ldim = 501
# cores = 4
# alpha = 0.0314476242033515
# filename = /alcc/gpfs1/home/u/hartmmic/libcasimir-dev/data/materials/GoldDalvit.dat
# model = optical data (xi=0: Drude)
# plasma = -16.5284008477569 (logdetD(xi=0) for plasma model with omegap=1.36734e+16eV)
#
# xi=0, logdetD=-8.97660758259127, t=1.50623
# xi=48.506329551309, logdetD=-3.1708397676689, t=17.6215
# xi=97.012659102618, logdetD=-0.633998614702737, t=18.1135
# xi=145.518988653927, logdetD=-0.128591965442369, t=18.3979
# xi=194.025318205236, logdetD=-0.0261710834359959, t=18.0241
# xi=242.531647756545, logdetD=-0.00533503891765631, t=17.2784
# xi=291.037977307854, logdetD=-0.00108905778951981, t=16.5812
# xi=339.544306859163, logdetD=-0.000222870151072716, t=15.5325
# xi=388.050636410472, logdetD=-4.5575995434102e-05, t=14.3944
# xi=436.556965961781, logdetD=-9.35166120654491e-06, t=12.5196
# xi=485.06329551309, logdetD=-1.91937645255942e-06, t=11.0827
# xi=533.569625064399, logdetD=-3.94507984778095e-07, t=9.32917
#
# 678 determinants computed
#
# L/R, L, R, T, ldim, F*(L+R)/(ħc)
0.015975, 9.2655e-07, 5.8e-05, 300, 501, -130.539543634472
# finished at Mi 14. Feb 07:55:23 CET 2018
