# starting on alcc114 at Mi 14. Feb 07:52:32 CET 2018
# compiler: icc
# compile time: Feb  1 2018 09:49:34
# compiled on: Linux alcc83 3.16.0-4-amd64 #1 SMP Debian 3.16.51-3 (2017-12-13) x86_64 GNU/Linux
# LAPACK support: false
# git HEAD: b96c9c30c7b1cdd2d059ceccd0396c6d55d3da95
# git branch: dev
#
# LbyR = 0.014925
# L = 8.6565e-07
# R = 5.8e-05
# T = 300
# cutoff = 5e-08
# epsrel = 1e-07
# iepsrel = 2e-07
# ldim = 537
# cores = 4
# alpha = 0.0294110402246471
# filename = /alcc/gpfs1/home/u/hartmmic/libcasimir-dev/data/materials/GoldDalvit.dat
# model = optical data (xi=0: Drude)
# plasma = -17.7503279406369 (logdetD(xi=0) for plasma model with omegap=1.36734e+16eV)
#
# xi=0, logdetD=-9.63428040301665, t=1.61572
# xi=48.4561987449123, logdetD=-3.75902374487238, t=19.5381
# xi=96.9123974898246, logdetD=-0.829618388932645, t=20.3523
# xi=145.368596234737, logdetD=-0.185902397110182, t=20.6589
# xi=193.824794979649, logdetD=-0.0418195402196949, t=20.4555
# xi=242.280993724561, logdetD=-0.00942427230823038, t=20.0984
# xi=290.737192469474, logdetD=-0.0021268207732649, t=19.1875
# xi=339.193391214386, logdetD=-0.000481179048946653, t=18.4383
# xi=387.649589959298, logdetD=-0.000108785455343348, t=17.0184
# xi=436.105788704211, logdetD=-2.46781068227967e-05, t=15.7154
# xi=484.561987449123, logdetD=-5.59995320958964e-06, t=13.9549
# xi=533.018186194035, logdetD=-1.27261768903787e-06, t=11.9503
# xi=581.474384938948, logdetD=-2.897441648683e-07, t=10.3141
#
# 760 determinants computed
#
# L/R, L, R, T, ldim, F*(L+R)/(ħc)
0.014925, 8.6565e-07, 5.8e-05, 300, 537, -148.7757648899035
# finished at Mi 14. Feb 07:56:02 CET 2018
