# starting on alcc118 at Mo 21. Mai 22:15:18 CEST 2018
# compiler: icc
# compile time: Mar 20 2018 10:17:31
# compiled on: Linux alcc83 3.16.0-4-amd64 #1 SMP Debian 3.16.51-3 (2017-12-13) x86_64 GNU/Linux
# LAPACK support: false
# git HEAD: 6d0c9d2b97f5bf34953fe6036ede8a0e34487fd7
# git branch: master
# pid: 5334
# start time: Mon May 21 22:15:18 2018
#
# LbyR = 0.00266536964980545
# RbyL = 375.182481751825
# L = 2.74e-07
# R = 0.0001028
# T = 295
# cutoff = 4e-10
# epsrel = 1e-09
# iepsrel = 1e-08
# ldim = 3377
# cores = 15
# alpha = 0.00531656867881328
# filename = /alcc/gpfs1/home/u/hartmmic/libcasimir-dev/data/materials/GoldDalvit.dat
# model = optical data (xi=0: Drude)
# plasma = -101.885805019881 (logdetD(xi=0) for plasma model with omegap=9eV)
#
# xi=0, logdetD=-55.853519340408, t=2.78523
# xi=83.4328904141754, logdetD=-57.5895003630077, t=151.441
# xi=166.865780828351, logdetD=-33.6408788069794, t=157.535
# xi=250.298671242526, logdetD=-19.929249026305, t=162.684
# xi=333.731561656702, logdetD=-11.9008698896455, t=166.671
# xi=417.164452070877, logdetD=-7.14179484892161, t=169.334
# xi=500.597342485053, logdetD=-4.30018657521313, t=172.251
# xi=584.030232899228, logdetD=-2.59742729554807, t=173.788
# xi=667.463123313403, logdetD=-1.57110634533986, t=175.604
# xi=750.896013727579, logdetD=-0.951963196628623, t=175.251
# xi=834.328904141754, logdetD=-0.577251206397803, t=175.528
# xi=917.76179455593, logdetD=-0.351026290818282, t=177.107
# xi=1001.19468497011, logdetD=-0.213553693091028, t=175.235
# xi=1084.62757538428, logdetD=-0.130149557035063, t=175.663
# xi=1168.06046579846, logdetD=-0.0794193684633133, t=176.023
# xi=1251.49335621263, logdetD=-0.0485019873698825, t=174.399
# xi=1334.92624662681, logdetD=-0.0296771509422826, t=174.335
# xi=1418.35913704098, logdetD=-0.0181693670798368, t=173.755
# xi=1501.79202745516, logdetD=-0.0111391199203316, t=171.951
# xi=1585.22491786933, logdetD=-0.00683590554096245, t=171.043
# xi=1668.65780828351, logdetD=-0.0041981968603312, t=168.686
# xi=1752.09069869768, logdetD=-0.00258185659179113, t=164.95
# xi=1835.52358911186, logdetD=-0.00158869136682091, t=164.507
# xi=1918.95647952603, logdetD=-0.000978614771467831, t=163.674
# xi=2002.38936994021, logdetD=-0.000603284691439742, t=160.37
# xi=2085.82226035439, logdetD=-0.000372140345525261, t=156.309
# xi=2169.25515076856, logdetD=-0.00022979655262826, t=156.088
# xi=2252.68804118274, logdetD=-0.000141965886698135, t=151.592
# xi=2336.12093159691, logdetD=-8.77798538414618e-05, t=148.983
# xi=2419.55382201109, logdetD=-5.43089509289227e-05, t=144.852
# xi=2502.98671242526, logdetD=-3.36184975175666e-05, t=143.119
# xi=2586.41960283944, logdetD=-2.08274072285031e-05, t=139.792
# xi=2669.85249325361, logdetD=-1.29081398789671e-05, t=136.189
# xi=2753.28538366779, logdetD=-8.00560140893607e-06, t=131.989
# xi=2836.71827408196, logdetD=-4.96748532842513e-06, t=127.951
# xi=2920.15116449614, logdetD=-3.08371569250366e-06, t=125.111
# xi=3003.58405491032, logdetD=-1.9155361435069e-06, t=119.983
# xi=3087.01694532449, logdetD=-1.19028601834638e-06, t=115.156
# xi=3170.44983573867, logdetD=-7.40054293635116e-07, t=108.721
# xi=3253.88272615284, logdetD=-4.60308083513979e-07, t=103.375
# xi=3337.31561656702, logdetD=-2.86418306598432e-07, t=100.162
# xi=3420.74850698119, logdetD=-1.78311356521806e-07, t=93.9859
# xi=3504.18139739537, logdetD=-1.11040313934118e-07, t=87.4776
# xi=3587.61428780954, logdetD=-6.91823492488621e-08, t=86.7188
# xi=3671.04717822372, logdetD=-4.31173980933835e-08, t=86.4955
#
# 8636 determinants computed
# stop time: Tue May 22 00:04:17 2018
#
# L/R, L, R, T, ldim, F*(L+R)/(ħc)
0.002665369649805447, 2.74e-07, 0.0001028, 295, 3377, -4488.92055312061
# finished at Di 22. Mai 00:04:17 CEST 2018
