# starting on alcc123 at Mi 23. Mai 02:24:07 CEST 2018
# compiler: icc
# compile time: Mar 20 2018 10:17:31
# compiled on: Linux alcc83 3.16.0-4-amd64 #1 SMP Debian 3.16.51-3 (2017-12-13) x86_64 GNU/Linux
# LAPACK support: false
# git HEAD: 6d0c9d2b97f5bf34953fe6036ede8a0e34487fd7
# git branch: master
# pid: 855
# start time: Wed May 23 02:24:07 2018
#
# LbyR = 0.0071011673151751
# RbyL = 140.821917808219
# L = 7.3e-07
# R = 0.0001028
# T = 295
# cutoff = 4e-10
# epsrel = 1e-09
# iepsrel = 1e-08
# ldim = 1268
# cores = 5
# alpha = 0.0141021926011784
# filename = /alcc/gpfs1/home/u/hartmmic/libcasimir-dev/data/materials/GoldDalvit.dat
# model = optical data (xi=0: Drude)
# plasma = -38.7242829474178 (logdetD(xi=0) for plasma model with omegap=9eV)
#
# xi=0, logdetD=-20.6853193914872, t=2.00931
# xi=83.8019980264624, logdetD=-10.178370846554, t=84.7853
# xi=167.603996052925, logdetD=-2.85332412402644, t=88.5216
# xi=251.405994079387, logdetD=-0.814404223364405, t=91.4875
# xi=335.207992105849, logdetD=-0.233720171862886, t=92.6712
# xi=419.009990132312, logdetD=-0.0672317097350721, t=91.7417
# xi=502.811988158774, logdetD=-0.0193708808377522, t=90.2847
# xi=586.613986185237, logdetD=-0.00559314859531697, t=88.0886
# xi=670.415984211699, logdetD=-0.00161634461250865, t=85.8765
# xi=754.217982238161, logdetD=-0.000467787331862667, t=82.4605
# xi=838.019980264624, logdetD=-0.000135470683734371, t=78.8886
# xi=921.821978291086, logdetD=-3.93429358900595e-05, t=74.2266
# xi=1005.62397631755, logdetD=-1.14310852295283e-05, t=69.3674
# xi=1089.42597434401, logdetD=-3.32731085316624e-06, t=63.7039
# xi=1173.22797237047, logdetD=-9.69757731970831e-07, t=58.4094
# xi=1257.02997039694, logdetD=-2.82874254108376e-07, t=51.2098
# xi=1340.8319684234, logdetD=-8.26727888701017e-08, t=44.6995
# xi=1424.63396644986, logdetD=-2.41760691035389e-08, t=41.1308
# xi=1508.43596447632, logdetD=-7.0794178999301e-09, t=40.7534
#
# 2159 determinants computed
# stop time: Wed May 23 02:46:07 2018
#
# L/R, L, R, T, ldim, F*(L+R)/(ħc)
0.007101167315175097, 7.3e-07, 0.0001028, 295, 1268, -653.989747008362
# finished at Mi 23. Mai 02:46:08 CEST 2018
