# starting on alcc118 at Di 22. Mai 01:44:19 CEST 2018
# compiler: icc
# compile time: Mar 20 2018 10:17:31
# compiled on: Linux alcc83 3.16.0-4-amd64 #1 SMP Debian 3.16.51-3 (2017-12-13) x86_64 GNU/Linux
# LAPACK support: false
# git HEAD: 6d0c9d2b97f5bf34953fe6036ede8a0e34487fd7
# git branch: master
# pid: 32751
# start time: Tue May 22 01:44:20 2018
#
# LbyR = 0.00309338521400778
# RbyL = 323.270440251572
# L = 3.18e-07
# R = 0.0001028
# T = 295
# cutoff = 4e-10
# epsrel = 1e-09
# iepsrel = 1e-08
# ldim = 2910
# cores = 12
# alpha = 0.00616769138268779
# filename = /alcc/gpfs1/home/u/hartmmic/libcasimir-dev/data/materials/GoldDalvit.dat
# model = optical data (xi=0: Drude)
# plasma = -88.2814104307851 (logdetD(xi=0) for plasma model with omegap=9eV)
#
# xi=0, logdetD=-48.059856511762, t=2.84053
# xi=83.4685060609751, logdetD=-46.2309968362943, t=145.507
# xi=166.93701212195, logdetD=-25.1175664959101, t=151.24
# xi=250.405518182925, logdetD=-13.861567792236, t=154.59
# xi=333.8740242439, logdetD=-7.71309141785169, t=161.21
# xi=417.342530304875, logdetD=-4.31264048033239, t=163.061
# xi=500.81103636585, logdetD=-2.41897465007694, t=165.837
# xi=584.279542426825, logdetD=-1.36088919748755, t=166.047
# xi=667.7480484878, logdetD=-0.766594725384657, t=166.633
# xi=751.216554548776, logdetD=-0.432537446974288, t=166.22
# xi=834.685060609751, logdetD=-0.244223919792898, t=166.694
# xi=918.153566670726, logdetD=-0.138283771479557, t=169.46
# xi=1001.6220727317, logdetD=-0.078332352873194, t=166.358
# xi=1085.09057879268, logdetD=-0.0444507671139526, t=165.794
# xi=1168.55908485365, logdetD=-0.0252561926551841, t=166.539
# xi=1252.02759091463, logdetD=-0.014361817812276, t=163.456
# xi=1335.4960969756, logdetD=-0.00818249566525639, t=162.083
# xi=1418.96460303658, logdetD=-0.00466467450823966, t=160.126
# xi=1502.43310909755, logdetD=-0.00266290242534661, t=157.302
# xi=1585.90161515853, logdetD=-0.00152169458779971, t=157.725
# xi=1669.3701212195, logdetD=-0.000870211785046984, t=154.496
# xi=1752.83862728048, logdetD=-0.000498343455393448, t=150.431
# xi=1836.30713334145, logdetD=-0.000285544183760359, t=149.411
# xi=1919.77563940243, logdetD=-0.000163789230640322, t=145.516
# xi=2003.2441454634, logdetD=-9.40237806409271e-05, t=141.819
# xi=2086.71265152438, logdetD=-5.4008928562089e-05, t=137.672
# xi=2170.18115758535, logdetD=-3.10561194193787e-05, t=134.297
# xi=2253.64966364633, logdetD=-1.78662463282516e-05, t=130.007
# xi=2337.1181697073, logdetD=-1.0287041921714e-05, t=126.657
# xi=2420.58667576828, logdetD=-5.92670955386975e-06, t=120.706
# xi=2504.05518182925, logdetD=-3.41638673876175e-06, t=117.323
# xi=2587.52368789023, logdetD=-1.97092569126174e-06, t=113.811
# xi=2670.9921939512, logdetD=-1.13748144703095e-06, t=107.859
# xi=2754.46070001218, logdetD=-6.56930608834202e-07, t=101.766
# xi=2837.92920607315, logdetD=-3.79582321219499e-07, t=96.8466
# xi=2921.39771213413, logdetD=-2.19425044089508e-07, t=91.3101
# xi=3004.8662181951, logdetD=-1.26923832549112e-07, t=84.9681
# xi=3088.33472425608, logdetD=-7.34417807186417e-08, t=80.0976
# xi=3171.80323031705, logdetD=-4.25199520550766e-08, t=79.9006
#
# 6878 determinants computed
# stop time: Tue May 22 03:13:23 2018
#
# L/R, L, R, T, ldim, F*(L+R)/(ħc)
0.003093385214007782, 3.18e-07, 0.0001028, 295, 2910, -3369.163192495858
# finished at Di 22. Mai 03:13:24 CEST 2018
