# LbyR   = 0.0183298071083244
# cutoff = 1e-09
# ldim   = 437
# cores  = 28
# alpha  = 0.0359997458198227
# F_PFA  = -126.045350964033
# omegap = 6949.13780533356
# gamma  = 27.8746314213942
# quadrature: adaptive Gauss-Kronrod (epsrel = 3e-05)
#
# k=1, xi=0, logdetD=-7.7766636151115, t=0.0965471
# k=2, xi=27.7779739058, logdetD=-5.01460427795102, t=3.18732
# k=3, xi=6474.07817423, logdetD=-1.23847645718066e-102, t=0.901916
# k=4, xi=0.119185436683, logdetD=-13.0887234501254, t=2.44283
# k=5, xi=1063.86417263, logdetD=-1.64525113876312e-16, t=1.87647
# k=6, xi=0.72529544106, logdetD=-13.7654127623458, t=2.53737
# k=7, xi=383.334696739, logdetD=-1.09958371772907e-05, t=3.45047
# k=8, xi=2.01290371281, logdetD=-13.5002691570092, t=2.93959
# k=9, xi=187.164582861, logdetD=-0.0143456751842465, t=4.08854
# k=10, xi=4.12265943973, logdetD=-12.6020967697437, t=2.91427
# k=11, xi=106.443419035, logdetD=-0.274760312519778, t=4.02904
# k=12, xi=7.24907036345, logdetD=-11.1989087751434, t=3.2754
# k=13, xi=65.7261823599, logdetD=-1.22545176639119, t=3.21868
# k=14, xi=11.7398547521, logdetD=-9.39648818227333, t=3.20046
# k=15, xi=42.3493837641, logdetD=-2.91779247708137, t=3.24567
# k=16, xi=18.2202375981, logdetD=-7.29800482824732, t=3.17254
# k=17, xi=83.3339217175, logdetD=-0.641086758987741, t=3.51198
# k=18, xi=12975.9343224, logdetD=-1.72533158236578e-205, t=0.867374
# k=19, xi=28.0163447792, logdetD=-5.00952588901237, t=3.14727
# k=20, xi=2155.50631916, logdetD=-6.42090741760256e-34, t=1.29253
# k=21, xi=29.228564788, logdetD=-4.78376891437102, t=3.09509
# k=22, xi=794.447367384, logdetD=-3.20484158901398e-12, t=2.31982
# k=23, xi=31.8037813315, logdetD=-4.3385789923331, t=3.18254
# k=24, xi=402.107139627, logdetD=-5.5337846247118e-06, t=3.34074
# k=25, xi=36.0232927853, logdetD=-3.69963157429547, t=3.17352
# k=26, xi=240.664811977, logdetD=-0.00202849492444215, t=3.74262
# k=27, xi=42.2761146327, logdetD=-2.92580128985454, t=3.22245
# k=28, xi=159.230338626, logdetD=-0.0398376762783, t=4.09466
# k=29, xi=51.25768341, logdetD=-2.09338452490923, t=3.19231
# k=30, xi=112.476741434, logdetD=-0.220302468086761, t=4.06852
# k=31, xi=64.218449102, logdetD=-1.2955650166257, t=3.23919
# k=32, xi=9.25932463528, logdetD=-10.3552222911894, t=3.2681
# k=33, xi=27.5416311583, logdetD=-5.10093281288132, t=3.10343
# k=34, xi=0.0594651464121, logdetD=-12.6352075700797, t=2.4546
# k=35, xi=26.3993747182, logdetD=-5.32807708266579, t=3.10741
# k=36, xi=0.357974285417, logdetD=-13.6071351379594, t=2.67833
# k=37, xi=24.2617639164, logdetD=-5.78200364106079, t=3.00902
# k=38, xi=0.971261113061, logdetD=-13.76760028858, t=2.60444
# k=39, xi=21.4199140238, logdetD=-6.44909568809783, t=3.10565
# k=40, xi=1.91893094718, logdetD=-13.5337096111189, t=2.84751
# k=41, xi=18.251815263, logdetD=-7.28907555610758, t=3.17187
# k=42, xi=3.20618468473, logdetD=-13.0126995600394, t=2.91976
# k=43, xi=15.0536618704, logdetD=-8.25446535193863, t=3.25577
# k=44, xi=4.84590964871, logdetD=-12.2727211419087, t=2.88167
# k=45, xi=12.0154853489, logdetD=-9.2955816065449, t=3.15838
# k=46, xi=6.86022571845, logdetD=-11.3685599873129, t=3.27084
# k=47, xi=16.6667843435, logdetD=-7.75178751325978, t=3.24068
# k=48, xi=27.6595506375, logdetD=-5.07806612028316, t=3.12981
# k=49, xi=9.31214485193, logdetD=-10.3338490374831, t=3.2951
# k=50, xi=27.080014517, logdetD=-5.19148660321462, t=3.12111
# k=51, xi=9.57616296999, logdetD=-10.2276413016028, t=3.27349
# k=52, xi=25.962414318, logdetD=-5.41773949902124, t=3.09885
# k=53, xi=10.1127214633, logdetD=-10.0150139862236, t=3.29044
# k=54, xi=24.4059919589, logdetD=-5.75013927408735, t=3.04143
# k=55, xi=10.9266475729, logdetD=-9.70069847601479, t=3.23719
# k=56, xi=22.5682388767, logdetD=-6.17030632857725, t=3.06905
# k=57, xi=12.0036803862, logdetD=-9.29988065080761, t=3.16344
# k=58, xi=20.5930102183, logdetD=-6.65802555251695, t=3.06302
# k=59, xi=13.3300832108, logdetD=-8.82935374584274, t=3.09743
# k=60, xi=18.593858151, logdetD=-7.19308837635587, t=3.21124
# k=61, xi=14.8934868335, logdetD=-8.30620803027959, t=3.07599
# k=62, xi=3.96828198655, logdetD=-12.6721042096977, t=2.84374
# k=63, xi=9.20665464774, logdetD=-10.3765761971983, t=3.29496
# k=64, xi=0.0297007825257, logdetD=-12.1011239960829, t=2.4302
# k=65, xi=8.94781594918, logdetD=-10.4821168203777, t=3.27282
# k=66, xi=0.177841224266, logdetD=-13.3079059893976, t=2.47837
# k=67, xi=8.44352250132, logdetD=-10.690585480517, t=3.27788
# k=68, xi=0.477286361163, logdetD=-13.6928844093119, t=2.73134
# k=69, xi=7.72971940333, logdetD=-10.9919637720718, t=3.28549
# k=70, xi=0.927431513193, logdetD=-13.7704698059063, t=2.5843
# k=71, xi=6.86917509743, logdetD=-11.3646338827264, t=3.27742
# k=72, xi=1.51562427581, logdetD=-13.6617842397031, t=2.55292
# k=73, xi=5.92214329616, logdetD=-11.7852084219976, t=2.87431
# k=74, xi=2.22856642878, logdetD=-13.4197283712555, t=2.8795
# k=75, xi=4.93945181974, logdetD=-12.2301112933749, t=2.84845
# k=76, xi=3.053105633, logdetD=-13.0794544158013, t=2.89697
# k=77, xi=194.445817341, logdetD=-0.0109926739823302, t=4.11279
# k=78, xi=25979.6466186, logdetD=0, t=0.654984
# k=79, xi=83.8106634643, logdetD=-0.629961704752452, t=3.61848
# k=80, xi=4338.79061223, logdetD=-1.04783955578273e-68, t=1.14304
# k=81, xi=86.2351034818, logdetD=-0.576320589897823, t=3.58445
# k=82, xi=1616.67270867, logdetD=-2.52929282278966e-25, t=1.40638
# k=83, xi=91.3855365688, logdetD=-0.47708640265034, t=3.66779
# k=84, xi=831.99225316, logdetD=-8.09739645287997e-13, t=2.28586
# k=85, xi=99.8245594764, logdetD=-0.350145009933607, t=3.89777
# k=86, xi=509.107597859, logdetD=-1.10402080584687e-07, t=2.531
# k=87, xi=112.330203171, logdetD=-0.221487395479644, t=4.02662
# k=88, xi=346.238651157, logdetD=-4.27042256552212e-05, t=3.73717
# k=89, xi=130.293340726, logdetD=-0.114785370791086, t=4.25315
# k=90, xi=252.731456774, logdetD=-0.00130482594593033, t=3.74804
# k=91, xi=156.21487211, logdetD=-0.0444815578492982, t=4.29779
# k=92, xi=46.2966231764, logdetD=-2.51787744951231, t=3.19244
# k=93, xi=82.8612362225, logdetD=-0.652312092408782, t=3.51099
# k=94, xi=27.8969041987, logdetD=-5.0323624494028, t=3.11976
# k=95, xi=80.5767233423, logdetD=-0.709413586637997, t=3.48178
# k=96, xi=28.4939224767, logdetD=-4.91928835433591, t=3.04964
# k=97, xi=76.3015017387, logdetD=-0.830132253430713, t=3.38766
# k=98, xi=29.720496132, logdetD=-4.69519836112658, t=3.07226
# k=99, xi=70.6178019534, logdetD=-1.02326973201277, t=3.35903
# k=100, xi=31.6158358002, logdetD=-4.36956599838174, t=3.07781
# k=101, xi=64.2816044318, logdetD=-1.29254837751526, t=3.27423
# k=102, xi=34.1903432753, logdetD=-3.96431635472864, t=3.18863
# k=103, xi=57.8852976466, logdetD=-1.63726277893744, t=3.21339
# k=104, xi=37.4697932033, logdetD=-3.5036583562093, t=3.13823
# k=105, xi=51.8089446036, logdetD=-2.05095310374534, t=3.20826
# k=106, xi=41.4984253427, logdetD=-3.01220957048779, t=3.10131
# k=107, xi=6.41030167058, logdetD=-11.5671806550798, t=3.2032
# k=108, xi=9.23297090296, logdetD=-10.3659016707314, t=3.29692
# k=109, xi=3.98766953185, logdetD=-12.6633237753077, t=2.8564
# k=110, xi=9.10291252651, logdetD=-10.4187570790476, t=3.2906
# k=111, xi=4.08410539603, logdetD=-12.6195986572794, t=2.85276
# k=112, xi=8.84688122549, logdetD=-10.5235420758231, t=3.26118
# k=113, xi=4.27770070607, logdetD=-12.5316173350742, t=2.86397
# k=114, xi=8.47839621857, logdetD=-10.6760490519499, t=3.26462
# k=115, xi=4.56540737318, logdetD=-12.4005686673823, t=2.89203
# k=116, xi=8.02440290506, logdetD=-10.866663835527, t=3.312
# k=117, xi=4.9354611539, logdetD=-12.2319286322458, t=2.8542
# k=118, xi=7.51201481, logdetD=-11.085308671971, t=3.28266
# k=119, xi=5.37529449871, logdetD=-12.0320236253639, t=2.85908
# k=120, xi=6.96562451947, logdetD=-11.3223847283507, t=3.29973
# k=121, xi=5.87245150671, logdetD=-11.8075342168703, t=2.83936
# k=122, xi=1.85186492706, logdetD=-13.5568613517043, t=2.5563
# k=123, xi=3.94891809243, logdetD=-12.6808702499509, t=2.86792
# k=124, xi=0.0148424563326, logdetD=-11.506579929177, t=2.40047
# k=125, xi=3.85329759783, logdetD=-12.724098994622, t=2.94692
# k=126, xi=0.0886368749103, logdetD=-12.9064064219108, t=2.49693
# k=127, xi=3.66477951408, logdetD=-12.8089841894408, t=3.04373
# k=128, xi=0.236610438103, logdetD=-13.4438603761517, t=2.73257
# k=129, xi=3.39280524855, logdetD=-12.9303810156046, t=2.86379
# k=130, xi=0.456101753841, logdetD=-13.6810703767024, t=2.80948
# k=131, xi=3.05665023502, logdetD=-13.0779176289652, t=2.90438
# k=132, xi=0.737687259077, logdetD=-13.7667697901611, t=2.61187
# k=133, xi=2.67583360158, logdetD=-13.2400291958366, t=2.88618
# k=134, xi=1.0713088259, logdetD=-13.7569915999633, t=2.5549
# k=135, xi=2.26807268972, logdetD=-13.4044758112699, t=2.84841
# k=136, xi=1.44703051185, logdetD=-13.6803652981323, t=2.55772
# k=137, xi=416.669608588, logdetD=-3.2485002691838e-06, t=3.3194
# k=138, xi=51987.0712112, logdetD=0, t=0.715324
# k=139, xi=195.399300834, logdetD=-0.0106160536406422, t=4.12151
# k=140, xi=8705.35919836, logdetD=-5.37310670644217e-138, t=0.954192
# k=141, xi=200.248180869, logdetD=-0.00889135865706441, t=3.97214
# k=142, xi=3261.12339125, logdetD=-1.51256821865847e-51, t=1.15216
# k=143, xi=210.549047043, logdetD=-0.00610098731804109, t=3.73827
# k=144, xi=1691.76248023, logdetD=-1.60419056533661e-26, t=1.39026
# k=145, xi=227.427092859, logdetD=-0.00329144760722181, t=3.76113
# k=146, xi=1045.99316962, logdetD=-3.16899342192898e-16, t=2.09549
# k=147, xi=252.438380248, logdetD=-0.00131888432473538, t=3.75036
# k=148, xi=720.25527622, logdetD=-4.85422538793592e-11, t=2.32598
# k=149, xi=288.364655357, logdetD=-0.00035453574673186, t=3.80191
# k=150, xi=533.240887454, logdetD=-4.56517146366468e-08, t=2.48692
# k=151, xi=340.207718125, logdetD=-5.32430553157528e-05, t=3.7407
# k=152, xi=120.371220259, logdetD=-0.165021023317144, t=4.17028
# k=153, xi=193.500446351, logdetD=-0.0113792797296908, t=4.09725
# k=154, xi=83.5717823032, logdetD=-0.635511676396983, t=3.47966
# k=155, xi=188.93142059, logdetD=-0.0134482463999423, t=4.02954
# k=156, xi=84.7658188592, logdetD=-0.608252784578523, t=3.52841
# k=157, xi=180.380977383, logdetD=-0.0183839181889214, t=4.13706
# k=158, xi=87.2189661698, logdetD=-0.55587823449502, t=3.58665
# k=159, xi=169.013577813, logdetD=-0.0278573844582251, t=4.31133
# k=160, xi=91.0096455063, logdetD=-0.48370793950266, t=3.67156
# k=161, xi=156.341182769, logdetD=-0.0442765909476409, t=4.31357
# k=162, xi=96.1586604565, logdetD=-0.400491235328633, t=3.78477
# k=163, xi=143.548569199, logdetD=-0.0706869210226652, t=4.33333
# k=164, xi=102.717560312, logdetD=-0.314933206239565, t=3.91671
# k=165, xi=131.395863113, logdetD=-0.110248188961177, t=4.08301
# k=166, xi=110.774824591, logdetD=-0.234464725109437, t=4.0875
# k=167, xi=2.8735835075, logdetD=-13.1566553188695, t=2.88787
# k=168, xi=3.9585970858, logdetD=-12.6764890359994, t=2.93379
# k=169, xi=1.86030653062, logdetD=-13.5539820682828, t=2.51736
# k=170, xi=3.91068548542, logdetD=-12.6981668184063, t=3.04261
# k=171, xi=1.90221448537, logdetD=-13.5395384715059, t=2.56934
# k=172, xi=3.81580187553, logdetD=-12.7410211569446, t=2.8979
# k=173, xi=1.985937036, logdetD=-13.5099782817719, t=3.05141
# k=174, xi=3.67791179077, logdetD=-12.8030879762241, t=2.90577
# k=175, xi=2.10936307892, logdetD=-13.4648505730022, t=2.85649
# k=176, xi=3.50582612386, logdetD=-12.8801131489849, t=3.08821
# k=177, xi=2.26638978147, logdetD=-13.4051283941495, t=2.89798
# k=178, xi=3.30862997152, logdetD=-12.967625303809, t=2.91813
# k=179, xi=2.45054564226, logdetD=-13.3323368588377, t=2.90377
# k=180, xi=3.09478678999, logdetD=-13.0613552420564, t=2.91459
# k=181, xi=2.65552751702, logdetD=-13.248475777492, t=2.89597
# k=182, xi=0.896063674382, logdetD=-13.771770687628, t=2.61542
# k=183, xi=1.84342813081, logdetD=-13.5597286534989, t=2.55117
# k=184, xi=0.00741924602328, logdetD=-10.8824713548963, t=2.38087
# k=185, xi=1.80168590572, logdetD=-13.5737590568317, t=2.5325
# k=186, xi=0.0442478421255, logdetD=-12.4168074633913, t=2.40829
# k=187, xi=1.71899526247, logdetD=-13.6007415447406, t=2.55878
# k=188, xi=0.117803498919, logdetD=-13.0818596120517, t=2.46523
# k=189, xi=1.59876589019, logdetD=-13.6378289965737, t=2.55743
# k=190, xi=0.226193876405, logdetD=-13.4236158918768, t=2.70011
# k=191, xi=1.44862287797, logdetD=-13.6799469784446, t=2.53663
# k=192, xi=0.364010201288, logdetD=-13.6127931242298, t=2.66913
# k=193, xi=1.27643761117, logdetD=-13.721124380217, t=2.54385
# k=194, xi=0.525520577508, logdetD=-13.7155996767995, t=2.78376
# k=195, xi=1.0895552306, logdetD=-13.7545122300029, t=2.58676
# k=196, xi=0.705148695408, logdetD=-13.762852563686, t=2.64058
# k=197, xi=1.36612986422, logdetD=-13.7007397356865, t=2.62962
# k=198, xi=1.84764592828, logdetD=-13.5582965061109, t=2.54042
# k=199, xi=0.900015977294, logdetD=-13.7716432306154, t=2.62795
# k=200, xi=1.82675415347, logdetD=-13.565364571266, t=2.57461
# k=201, xi=0.919619810753, logdetD=-13.7708547636268, t=2.60029
# k=202, xi=1.78528080252, logdetD=-13.5792000612196, t=2.54946
# k=203, xi=0.958698299692, logdetD=-13.7685424416741, t=2.60244
# k=204, xi=1.72477259523, logdetD=-13.5988932486281, t=2.51657
# k=205, xi=1.01610191048, logdetD=-13.7635011736789, t=2.61379
# k=206, xi=1.64886253998, logdetD=-13.6227058193097, t=2.50412
# k=207, xi=1.0887784692, logdetD=-13.7546209442676, t=2.58873
# k=208, xi=1.56133009824, logdetD=-13.6487991401116, t=2.51341
# k=209, xi=1.17350987541, logdetD=-13.7412049899702, t=2.51429
# k=210, xi=1.46574305131, logdetD=-13.6754093660418, t=2.65902
# k=211, xi=1.26719300031, logdetD=-13.7230805996485, t=2.50801
# k=212, xi=0.440920220728, logdetD=-13.6718216110132, t=2.65216
# k=213, xi=0.892112460706, logdetD=-13.7718873180696, t=2.60896
# k=214, xi=0.00370912767438, logdetD=-10.2664252669104, t=2.5438
# k=215, xi=0.872546177938, logdetD=-13.7723024261369, t=2.53799
# k=216, xi=0.0221063143663, logdetD=-11.8538817062983, t=2.40596
# k=217, xi=0.833701492872, logdetD=-13.7722848202845, t=2.56153
# k=218, xi=0.0587771156419, logdetD=-12.6268817796399, t=2.49877
# k=219, xi=0.777022126484, logdetD=-13.770050493533, t=2.77379
# k=220, xi=0.112638335609, logdetD=-13.0552274832912, t=2.44413
# k=221, xi=0.705904947915, logdetD=-13.7629568303683, t=2.61946
# k=222, xi=0.180820340932, logdetD=-13.3162978431106, t=2.47426
# k=223, xi=0.623884610713, logdetD=-13.7475307890626, t=2.70045
# k=224, xi=0.260298050466, logdetD=-13.4852213764173, t=2.79142
# k=225, xi=0.53429902003, logdetD=-13.7191750008058, t=2.65339
# k=226, xi=0.348155355599, logdetD=-13.5975518237179, t=2.7906
# k=227, xi=0.66667137374, logdetD=-13.7566565953014, t=2.66329
# k=228, xi=0.894087931417, logdetD=-13.7718303623332, t=2.62239
# k=229, xi=0.442834001126, logdetD=-13.6730254889718, t=2.70297
# k=230, xi=0.884300102114, logdetD=-13.7720857751071, t=2.71719
# k=231, xi=0.452322591553, logdetD=-13.678831549356, t=2.65757
# k=232, xi=0.864848639372, logdetD=-13.7723898134609, t=2.5817
# k=233, xi=0.471217607909, logdetD=-13.6896240321175, t=2.75392
# k=234, xi=0.836419091859, logdetD=-13.7723241331464, t=2.61893
# k=235, xi=0.498925750323, logdetD=-13.7037499412404, t=2.66469
# k=236, xi=0.800667991525, logdetD=-13.7713208711948, t=2.71456
# k=237, xi=0.533925431234, logdetD=-13.7190260823034, t=2.65071
# k=238, xi=0.759325169445, logdetD=-13.7687617160698, t=2.63479
# k=239, xi=0.574617280445, logdetD=-13.7336582335741, t=2.66248
# k=240, xi=0.714033056819, logdetD=-13.7640368287888, t=2.75276
# k=241, xi=0.619466886082, logdetD=-13.7464416979289, t=2.6739
# k=242, xi=0.218724203983, logdetD=-13.4082188713163, t=2.46701
# k=243, xi=0.439006699876, logdetD=-13.6706066375652, t=2.70231
# k=244, xi=0.00185444002768, logdetD=-9.69497857526046, t=2.60717
# k=245, xi=0.429527057144, logdetD=-13.6644178904759, t=2.70251
# k=246, xi=0.0110487607614, logdetD=-11.2424332996506, t=2.40411
# k=247, xi=0.410687752094, logdetD=-13.6512364657802, t=2.66049
# k=248, xi=0.0293574981571, logdetD=-12.0915889848792, t=2.41714
# k=249, xi=0.38315218206, logdetD=-13.629641745251, t=2.6732
# k=250, xi=0.0562052130991, logdetD=-12.5946588636998, t=2.42099
# k=251, xi=0.348524057801, logdetD=-13.5979204380513, t=2.64808
# k=252, xi=0.0901168632224, logdetD=-12.9170364118923, t=2.46113
# k=253, xi=0.308478144013, logdetD=-13.5534345478396, t=2.66536
# k=254, xi=0.129542077614, logdetD=-13.1369926952836, t=2.48327
# k=255, xi=0.264604723186, logdetD=-13.4921196012539, t=2.73405
# k=256, xi=0.172993569972, logdetD=-13.2938173325518, t=2.45773
#
# ier=0, integral=-13.8928133114033, neval=255, abserr=7.13944e-05, absrel=5.13894e-06
#
# L/R, ldim, F_PFA(T=0)*(L+R)/ħc), F(T=0)*(L+R)/(ħc), F/F_pfa
0.0183298, 437, -126.045350964, -122.840306875, 0.9745722943
