# starting on alcc64 at Mi 30. Sep 13:43:34 CEST 2015
# casimir_T0 -x 0.0279908055708969 -L 286 -N 80

# LbyR  = 0.0279908055708969
# alpha = 0.0544573072428447
# order = 80
# prec  = 1e-12
# lmax  = 286
# cores = 4
#
# k=0, x=0.0179604233006984, logdetD(xi = x/alpha)=-9.16252210491501
# k=2, x=0.232622868125868, logdetD(xi = x/alpha)=-7.60507911916713
# k=1, x=0.094639912994354, logdetD(xi = x/alpha)=-8.70289102950429
# k=3, x=0.431992547802387, logdetD(xi = x/alpha)=-6.16271108797986
# k=5, x=1.01523255618947, logdetD(xi = x/alpha)=-3.33576923138454
# k=4, x=0.692828861352022, logdetD(xi = x/alpha)=-4.67463985718121
# k=6, x=1.39932768784287, logdetD(xi = x/alpha)=-2.24393130242804
# k=8, x=2.35320887160926, logdetD(xi = x/alpha)=-0.851387442687175
# k=7, x=1.84526230383585, logdetD(xi = x/alpha)=-1.4235718594551
# k=9, x=2.92336468655543, logdetD(xi = x/alpha)=-0.479629964270467
# k=10, x=3.55595231404613, logdetD(xi = x/alpha)=-0.254286146418858
# k=11, x=4.25122008230988, logdetD(xi = x/alpha)=-0.126766195225165
# k=12, x=5.00944263362017, logdetD(xi = x/alpha)=-0.0593780433315312
# k=14, x=6.71598597785132, logdetD(xi = x/alpha)=-0.0107810303660231
# k=13, x=5.83092153860872, logdetD(xi = x/alpha)=-0.026116840639231
# k=15, x=7.66499349489177, logdetD(xi = x/alpha)=-0.00417486832371719
# k=17, x=9.75641480574293, logdetD(xi = x/alpha)=-0.000515902588167351
# k=16, x=8.6783308251677, logdetD(xi = x/alpha)=-0.00151592024437664
# k=18, x=10.8996933712879, logdetD(xi = x/alpha)=-0.000164480477213231
# k=20, x=13.3837881127786, logdetD(xi = x/alpha)=-1.37179896128172e-05
# k=19, x=12.1086466423657, logdetD(xi = x/alpha)=-4.91020676047673e-05
# k=23, x=17.6120052438144, logdetD(xi = x/alpha)=-1.99742580072902e-07
# k=21, x=14.7256659435086, logdetD(xi = x/alpha)=-3.58454565821076e-06
# k=22, x=16.1348643716625, logdetD(xi = x/alpha)=-8.75504663743498e-07
# k=25, x=20.7727999097921, logdetD(xi = x/alpha)=-8.44856436808286e-09
# k=26, x=22.4579012045405, logdetD(xi = x/alpha)=-1.56384413106805e-09
# k=24, x=19.1577496842412, logdetD(xi = x/alpha)=-4.25360321507143e-08
# k=27, x=24.2138440689586, logdetD(xi = x/alpha)=-2.69533939510534e-10
# k=28, x=26.0414665601656, logdetD(xi = x/alpha)=-4.32163320444225e-11
# k=29, x=27.9416568418595, logdetD(xi = x/alpha)=-6.43994370053561e-12
# k=30, x=29.915355964901, logdetD(xi = x/alpha)=-8.91007384861171e-13
# k=31, x=31.9635609022089, logdetD(xi = x/alpha)=-1.14337962132981e-13
# k=32, x=34.0873278647262, logdetD(xi = x/alpha)=-1.35935495743354e-14
# k=33, x=36.2877759287815, logdetD(xi = x/alpha)=-1.49557815098132e-15
# k=34, x=38.5660910092922, logdetD(xi = x/alpha)=-1.52088043632917e-16
# k=35, x=40.9235302180313, logdetD(xi = x/alpha)=-1.42770985279144e-17
# k=36, x=43.3614266517312, logdetD(xi = x/alpha)=-1.23555990248941e-18
# k=37, x=45.8811946612789, logdetD(xi = x/alpha)=-9.8436187486662e-20
# k=38, x=48.4843356608332, logdetD(xi = x/alpha)=-7.20885301760933e-21
# k=39, x=51.172444544607, logdetD(xi = x/alpha)=-4.84521519980685e-22
# k=40, x=53.9472167895544, logdetD(xi = x/alpha)=-2.98379413670358e-23
# k=41, x=56.8104563346362, logdetD(xi = x/alpha)=-1.68058810787135e-24
# k=42, x=59.76408434211, logdetD(xi = x/alpha)=-8.64108530180198e-26
# k=43, x=62.8101489639265, logdetD(xi = x/alpha)=-4.04774711185948e-27
# k=44, x=65.9508362574561, logdetD(xi = x/alpha)=-1.72369541225032e-28
# k=45, x=69.1884824202363, logdetD(xi = x/alpha)=-6.65746169243794e-30
# k=46, x=72.5255875442633, logdetD(xi = x/alpha)=-2.32640573909547e-31
# k=47, x=75.9648311278642, logdetD(xi = x/alpha)=-7.33567876995082e-33
# k=48, x=79.5090896290888, logdetD(xi = x/alpha)=-2.08130939753912e-34
# k=50, x=86.9252644196156, logdetD(xi = x/alpha)=-1.20537919357394e-37
# k=49, x=83.1614564010537, logdetD(xi = x/alpha)=-5.2971605738775e-36
# k=51, x=90.8041123009408, logdetD(xi = x/alpha)=-2.44357726866436e-39
# k=53, x=98.9228344469406, logdetD(xi = x/alpha)=-6.98918291893956e-43
# k=52, x=94.8018942159474, logdetD(xi = x/alpha)=-4.39611327875552e-41
# k=54, x=103.171527508039, logdetD(xi = x/alpha)=-9.77487612360443e-45
# k=56, x=112.072690484128, logdetD(xi = x/alpha)=-1.27520144543757e-48
# k=55, x=107.55298497754, logdetD(xi = x/alpha)=-1.19661354549944e-46
# k=57, x=116.736664673504, logdetD(xi = x/alpha)=-1.17591528540677e-50
# k=60, x=131.66419525212, logdetD(xi = x/alpha)=-3.60939353441672e-57
# k=59, x=126.524665796516, logdetD(xi = x/alpha)=-6.30475481412166e-55
# k=58, x=121.551542490953, logdetD(xi = x/alpha)=-9.32111441670282e-53
# k=61, x=136.979246686937, logdetD(xi = x/alpha)=-1.7330330382707e-59
# k=63, x=148.178202455004, logdetD(xi = x/alpha)=-2.25942758928901e-64
# k=62, x=142.480058912162, logdetD(xi = x/alpha)=-6.90776725839422e-62
# k=64, x=154.086842281799, logdetD(xi = x/alpha)=-5.98502944587747e-67
# k=65, x=160.221072870096, logdetD(xi = x/alpha)=-1.2646733254948e-69
# k=66, x=166.598351934054, logdetD(xi = x/alpha)=-2.09480092069739e-72
# k=67, x=173.23907133425, logdetD(xi = x/alpha)=-2.66495695462516e-75
# k=68, x=180.167323049032, logdetD(xi = x/alpha)=-2.54179551460242e-78
# k=69, x=187.411949676964, logdetD(xi = x/alpha)=-1.76581779013933e-81
# k=70, x=195.008022441533, logdetD(xi = x/alpha)=-8.62673767248294e-85
# k=72, x=211.439870494836, logdetD(xi = x/alpha)=-5.94666845213997e-92
# k=71, x=202.998984195075, logdetD(xi = x/alpha)=-2.8375213584728e-88
# k=73, x=220.402368151736, logdetD(xi = x/alpha)=-7.39013500597009e-96
# k=74, x=229.98320607568, logdetD(xi = x/alpha)=-4.94283796014136e-100
# k=75, x=240.319087055842, logdetD(xi = x/alpha)=-1.55148055678403e-104
# k=76, x=251.6158793305, logdetD(xi = x/alpha)=-1.85932174178645e-109
# k=79, x=296.966511995651, logdetD(xi = x/alpha)=-3.29026780071533e-129
# k=77, x=264.213823883199, logdetD(xi = x/alpha)=-6.04920674974493e-115
# k=78, x=278.766733046005, logdetD(xi = x/alpha)=-2.77439806598965e-121
#
# L/R, lmax, order, alpha, F(T=0)
0.0279908055708969, 286, 80, 0.0544573072428447, -54.3733271317843
# finished at Mi 30. Sep 14:06:57 CEST 2015
