# starting on alcc64 at Mi 30. Sep 18:46:39 CEST 2015
# casimir_T0 -x 0.011507016293567 -L 696 -N 80

# LbyR  = 0.011507016293567
# alpha = 0.022752222393339
# order = 80
# prec  = 1e-12
# lmax  = 696
# cores = 25
#
# k=23, x=17.6120052438144, logdetD(xi = x/alpha)=-4.86384580097307e-07
# k=22, x=16.1348643716625, logdetD(xi = x/alpha)=-2.13196542169492e-06
# k=25, x=20.7727999097921, logdetD(xi = x/alpha)=-2.05729768904275e-08
# k=21, x=14.7256659435086, logdetD(xi = x/alpha)=-8.72927230556175e-06
# k=24, x=19.1577496842412, logdetD(xi = x/alpha)=-1.03577048894967e-07
# k=26, x=22.4579012045405, logdetD(xi = x/alpha)=-3.80825311169361e-09
# k=27, x=24.2138440689586, logdetD(xi = x/alpha)=-6.56408855428993e-10
# k=20, x=13.3837881127786, logdetD(xi = x/alpha)=-3.34092042791757e-05
# k=28, x=26.0414665601656, logdetD(xi = x/alpha)=-1.05256248800462e-10
# k=29, x=27.9416568418595, logdetD(xi = x/alpha)=-1.56866829303015e-11
# k=30, x=29.915355964901, logdetD(xi = x/alpha)=-2.1706457146063e-12
# k=31, x=31.9635609022089, logdetD(xi = x/alpha)=-2.78590003645187e-13
# k=19, x=12.1086466423657, logdetD(xi = x/alpha)=-0.000119596019660725
# k=32, x=34.0873278647262, logdetD(xi = x/alpha)=-3.31271008616574e-14
# k=33, x=36.2877759287815, logdetD(xi = x/alpha)=-3.6453755074172e-15
# k=34, x=38.5660910092922, logdetD(xi = x/alpha)=-3.7078061437232e-16
# k=35, x=40.9235302180313, logdetD(xi = x/alpha)=-3.48141591066553e-17
# k=36, x=43.3614266517312, logdetD(xi = x/alpha)=-3.01354750111915e-18
# k=18, x=10.8996933712879, logdetD(xi = x/alpha)=-0.000400666012031902
# k=37, x=45.8811946612789, logdetD(xi = x/alpha)=-2.40143411497117e-19
# k=17, x=9.75641480574293, logdetD(xi = x/alpha)=-0.0012568914828707
# k=38, x=48.4843356608332, logdetD(xi = x/alpha)=-1.75908265453858e-20
# k=39, x=51.172444544607, logdetD(xi = x/alpha)=-1.18260329756452e-21
# k=40, x=53.9472167895544, logdetD(xi = x/alpha)=-7.28453554805154e-23
# k=41, x=56.8104563346362, logdetD(xi = x/alpha)=-4.10394687696948e-24
# k=42, x=59.76408434211, logdetD(xi = x/alpha)=-2.11064924194647e-25
# k=43, x=62.8101489639265, logdetD(xi = x/alpha)=-9.88935354161288e-27
# k=44, x=65.9508362574561, logdetD(xi = x/alpha)=-4.21231505103932e-28
# k=45, x=69.1884824202363, logdetD(xi = x/alpha)=-1.62732195095478e-29
# k=46, x=72.5255875442633, logdetD(xi = x/alpha)=-5.68791603212751e-31
# k=47, x=75.9648311278642, logdetD(xi = x/alpha)=-1.79394502975389e-32
# k=48, x=79.5090896290888, logdetD(xi = x/alpha)=-5.09101768410869e-34
# k=49, x=83.1614564010537, logdetD(xi = x/alpha)=-1.29600931224933e-35
# k=51, x=90.8041123009408, logdetD(xi = x/alpha)=-5.98106340462508e-39
# k=50, x=86.9252644196156, logdetD(xi = x/alpha)=-2.94973830350438e-37
# k=52, x=94.8018942159474, logdetD(xi = x/alpha)=-1.07624566341488e-40
# k=53, x=98.9228344469406, logdetD(xi = x/alpha)=-1.71142082776209e-42
# k=54, x=103.171527508039, logdetD(xi = x/alpha)=-2.39401677838425e-44
# k=16, x=8.6783308251677, logdetD(xi = x/alpha)=-0.0036938603927262
# k=55, x=107.55298497754, logdetD(xi = x/alpha)=-2.93125116828064e-46
# k=56, x=112.072690484128, logdetD(xi = x/alpha)=-3.12434370093679e-48
# k=57, x=116.736664673504, logdetD(xi = x/alpha)=-2.88160645651151e-50
# k=60, x=131.66419525212, logdetD(xi = x/alpha)=-8.84943810273644e-57
# k=59, x=126.524665796516, logdetD(xi = x/alpha)=-1.54553021913099e-54
# k=15, x=7.66499349489177, logdetD(xi = x/alpha)=-0.0101750183035098
# k=58, x=121.551542490953, logdetD(xi = x/alpha)=-2.28456165729378e-52
# k=61, x=136.979246686937, logdetD(xi = x/alpha)=-4.24970161774982e-59
# k=62, x=142.480058912162, logdetD(xi = x/alpha)=-1.69417191672214e-61
# k=63, x=148.178202455004, logdetD(xi = x/alpha)=-5.54222972515686e-64
# k=64, x=154.086842281799, logdetD(xi = x/alpha)=-1.46830714544834e-66
# k=65, x=160.221072870096, logdetD(xi = x/alpha)=-3.10307164378796e-69
# k=14, x=6.71598597785132, logdetD(xi = x/alpha)=-0.0262819956262936
# k=66, x=166.598351934054, logdetD(xi = x/alpha)=-5.14064263658741e-72
# k=68, x=180.167323049032, logdetD(xi = x/alpha)=-6.23926255455607e-78
# k=67, x=173.23907133425, logdetD(xi = x/alpha)=-6.54070493705876e-75
# k=69, x=187.411949676964, logdetD(xi = x/alpha)=-4.33506425239136e-81
# k=0, x=0.0179604233006984, logdetD(xi = x/alpha)=-23.8603331463751
# k=1, x=0.094639912994354, logdetD(xi = x/alpha)=-22.2303784029303
# k=2, x=0.232622868125868, logdetD(xi = x/alpha)=-19.1062016111844
# k=3, x=0.431992547802387, logdetD(xi = x/alpha)=-15.3224064218666
# k=4, x=0.692828861352022, logdetD(xi = x/alpha)=-11.5487268722307
# k=5, x=1.01523255618947, logdetD(xi = x/alpha)=-8.20764742862259
# k=6, x=1.39932768784287, logdetD(xi = x/alpha)=-5.50630088805032
# k=7, x=1.84526230383585, logdetD(xi = x/alpha)=-3.4867451528003
# k=8, x=2.35320887160926, logdetD(xi = x/alpha)=-2.08252717767061
# k=9, x=2.92336468655543, logdetD(xi = x/alpha)=-1.17205017893855
# k=10, x=3.55595231404613, logdetD(xi = x/alpha)=-0.620931662574189
# k=11, x=4.25122008230988, logdetD(xi = x/alpha)=-0.309370397647942
# k=12, x=5.00944263362017, logdetD(xi = x/alpha)=-0.144846286912171
# k=13, x=5.83092153860872, logdetD(xi = x/alpha)=-0.0636863301497885
# k=75, x=240.319087055842, logdetD(xi = x/alpha)=-3.81170661252741e-104
# k=77, x=264.213823883199, logdetD(xi = x/alpha)=-1.48654915054443e-114
# k=71, x=202.998984195075, logdetD(xi = x/alpha)=-6.96786000982457e-88
# k=74, x=229.98320607568, logdetD(xi = x/alpha)=-1.21421812458232e-99
# k=73, x=220.402368151736, logdetD(xi = x/alpha)=-1.81518064748274e-95
# k=72, x=211.439870494836, logdetD(xi = x/alpha)=-1.46045418400117e-91
# k=70, x=195.008022441533, logdetD(xi = x/alpha)=-2.11812736333836e-84
# k=76, x=251.6158793305, logdetD(xi = x/alpha)=-4.56857651639511e-109
# k=78, x=278.766733046005, logdetD(xi = x/alpha)=-6.81878455885079e-121
# k=79, x=296.966511995651, logdetD(xi = x/alpha)=-8.08786509942143e-129
#
# L/R, lmax, order, alpha, F(T=0)
0.011507016293567, 696, 80, 0.022752222393339, -323.472733374381
# finished at Mi 30. Sep 19:53:40 CEST 2015
