# starting on alcc94 at Mi 30. Sep 13:31:46 CEST 2015
# casimir_T0 -x 0.411099861503495 -L 30 -N 80

# LbyR  = 0.411099861503495
# alpha = 0.582665866135764
# order = 80
# prec  = 1e-12
# lmax  = 30
# cores = 2
#
# k=0, x=0.0179604233006984, logdetD(xi = x/alpha)=-0.29825246068663
# k=1, x=0.094639912994354, logdetD(xi = x/alpha)=-0.297139279132503
# k=2, x=0.232622868125868, logdetD(xi = x/alpha)=-0.289299543352584
# k=3, x=0.431992547802387, logdetD(xi = x/alpha)=-0.265893213842901
# k=4, x=0.692828861352022, logdetD(xi = x/alpha)=-0.224895863361211
# k=5, x=1.01523255618947, logdetD(xi = x/alpha)=-0.174206590570858
# k=6, x=1.39932768784287, logdetD(xi = x/alpha)=-0.124319751322898
# k=7, x=1.84526230383585, logdetD(xi = x/alpha)=-0.0822947734554315
# k=8, x=2.35320887160926, logdetD(xi = x/alpha)=-0.0507692787712253
# k=9, x=2.92336468655543, logdetD(xi = x/alpha)=-0.0292696496477586
# k=10, x=3.55595231404613, logdetD(xi = x/alpha)=-0.0157929857935426
# k=11, x=4.25122008230988, logdetD(xi = x/alpha)=-0.00798117995787622
# k=12, x=5.00944263362017, logdetD(xi = x/alpha)=-0.00377901283879138
# k=13, x=5.83092153860872, logdetD(xi = x/alpha)=-0.00167669683427089
# k=14, x=6.71598597785132, logdetD(xi = x/alpha)=-0.000697099191650604
# k=15, x=7.66499349489177, logdetD(xi = x/alpha)=-0.000271554329579456
# k=16, x=8.6783308251677, logdetD(xi = x/alpha)=-9.90981707794382e-05
# k=17, x=9.75641480574293, logdetD(xi = x/alpha)=-3.38700364832495e-05
# k=18, x=10.8996933712879, logdetD(xi = x/alpha)=-1.08385992959295e-05
# k=19, x=12.1086466423657, logdetD(xi = x/alpha)=-3.24622343853384e-06
# k=20, x=13.3837881127786, logdetD(xi = x/alpha)=-9.09593451486737e-07
# k=21, x=14.7256659435086, logdetD(xi = x/alpha)=-2.38326757391831e-07
# k=22, x=16.1348643716625, logdetD(xi = x/alpha)=-5.83613928430377e-08
# k=23, x=17.6120052438144, logdetD(xi = x/alpha)=-1.3349194646681e-08
# k=24, x=19.1577496842412, logdetD(xi = x/alpha)=-2.8502882861835e-09
# k=25, x=20.7727999097921, logdetD(xi = x/alpha)=-5.67718249528925e-10
# k=26, x=22.4579012045405, logdetD(xi = x/alpha)=-1.05407410025484e-10
# k=27, x=24.2138440689586, logdetD(xi = x/alpha)=-1.82290767923852e-11
# k=28, x=26.0414665601656, logdetD(xi = x/alpha)=-2.93393699228185e-12
# k=29, x=27.9416568418595, logdetD(xi = x/alpha)=-4.39078479113547e-13
# k=30, x=29.915355964901, logdetD(xi = x/alpha)=-6.10415815219747e-14
# k=31, x=31.9635609022089, logdetD(xi = x/alpha)=-7.87520507633931e-15
# k=32, x=34.0873278647262, logdetD(xi = x/alpha)=-9.41852074204558e-16
# k=33, x=36.2877759287815, logdetD(xi = x/alpha)=-1.04301688393276e-16
# k=34, x=38.5660910092922, logdetD(xi = x/alpha)=-1.06821915942227e-17
# k=35, x=40.9235302180313, logdetD(xi = x/alpha)=-1.01048616260899e-18
# k=36, x=43.3614266517312, logdetD(xi = x/alpha)=-8.81674649232316e-20
# k=37, x=45.8811946612789, logdetD(xi = x/alpha)=-7.08542400426061e-21
# k=38, x=48.4843356608332, logdetD(xi = x/alpha)=-5.23644800841849e-22
# k=39, x=51.172444544607, logdetD(xi = x/alpha)=-3.55316317099179e-23
# k=40, x=53.9472167895544, logdetD(xi = x/alpha)=-2.20979536292756e-24
# k=41, x=56.8104563346362, logdetD(xi = x/alpha)=-1.2573398195859e-25
# k=42, x=59.76408434211, logdetD(xi = x/alpha)=-6.53239612872373e-27
# k=43, x=62.8101489639265, logdetD(xi = x/alpha)=-3.092525858659e-28
# k=44, x=65.9508362574561, logdetD(xi = x/alpha)=-1.33112374867173e-29
# k=45, x=69.1884824202363, logdetD(xi = x/alpha)=-5.19717422124638e-31
# k=46, x=72.5255875442633, logdetD(xi = x/alpha)=-1.835986734346e-32
# k=47, x=75.9648311278642, logdetD(xi = x/alpha)=-5.85272675870256e-34
# k=48, x=79.5090896290888, logdetD(xi = x/alpha)=-1.67873466902002e-35
# k=49, x=83.1614564010537, logdetD(xi = x/alpha)=-4.31913187583121e-37
# k=50, x=86.9252644196156, logdetD(xi = x/alpha)=-9.93467784750822e-39
# k=51, x=90.8041123009408, logdetD(xi = x/alpha)=-2.03559671679744e-40
# k=52, x=94.8018942159474, logdetD(xi = x/alpha)=-3.70101015655463e-42
# k=53, x=98.9228344469406, logdetD(xi = x/alpha)=-5.9457471288812e-44
# k=54, x=103.171527508039, logdetD(xi = x/alpha)=-8.40149882859396e-46
# k=55, x=107.55298497754, logdetD(xi = x/alpha)=-1.03895532290397e-47
# k=56, x=112.072690484128, logdetD(xi = x/alpha)=-1.11827169525843e-49
# k=57, x=116.736664673504, logdetD(xi = x/alpha)=-1.04134682205024e-51
# k=58, x=121.551542490953, logdetD(xi = x/alpha)=-8.33414883439991e-54
# k=59, x=126.524665796516, logdetD(xi = x/alpha)=-5.69059484415207e-56
# k=60, x=131.66419525212, logdetD(xi = x/alpha)=-3.28807136677693e-58
# k=61, x=136.979246686937, logdetD(xi = x/alpha)=-1.59313654689942e-60
# k=62, x=142.480058912162, logdetD(xi = x/alpha)=-6.4068621963994e-63
# k=63, x=148.178202455004, logdetD(xi = x/alpha)=-2.11393350063165e-65
# k=64, x=154.086842281799, logdetD(xi = x/alpha)=-5.64767795979367e-68
# k=65, x=160.221072870096, logdetD(xi = x/alpha)=-1.20342948636697e-70
# k=66, x=166.598351934054, logdetD(xi = x/alpha)=-2.00980790174872e-73
# k=67, x=173.23907133425, logdetD(xi = x/alpha)=-2.57754258794618e-76
# k=68, x=180.167323049032, logdetD(xi = x/alpha)=-2.47798473248946e-79
# k=69, x=187.411949676964, logdetD(xi = x/alpha)=-1.73496089593671e-82
# k=70, x=195.008022441533, logdetD(xi = x/alpha)=-8.54132891938487e-86
# k=71, x=202.998984195075, logdetD(xi = x/alpha)=-2.83080120583594e-89
# k=72, x=211.439870494836, logdetD(xi = x/alpha)=-5.9772356396725e-93
# k=73, x=220.402368151736, logdetD(xi = x/alpha)=-7.4836173080419e-97
# k=74, x=229.98320607568, logdetD(xi = x/alpha)=-5.04265125624021e-101
# k=75, x=240.319087055842, logdetD(xi = x/alpha)=-1.59464347461757e-105
# k=76, x=251.6158793305, logdetD(xi = x/alpha)=-1.92552287928416e-110
# k=77, x=264.213823883199, logdetD(xi = x/alpha)=-6.31339465366752e-116
# k=78, x=278.766733046005, logdetD(xi = x/alpha)=-2.91942693086678e-122
# k=79, x=296.966511995651, logdetD(xi = x/alpha)=-3.49451072579119e-130
#
# L/R, lmax, order, alpha, F(T=0)
0.411099861503495, 30, 80, 0.582665866135764, -0.240531082233739
# finished at Mi 30. Sep 13:31:51 CEST 2015
