# starting on alcc64 at Mi 30. Sep 19:53:45 CEST 2015
# casimir_T0 -x 0.0108303116793749 -L 739 -N 80

# LbyR  = 0.0108303116793749
# alpha = 0.0214285455318047
# order = 80
# prec  = 1e-12
# lmax  = 739
# cores = 25
#
# k=23, x=17.6120052438144, logdetD(xi = x/alpha)=-5.1678925735359e-07
# k=22, x=16.1348643716625, logdetD(xi = x/alpha)=-2.26525135989602e-06
# k=25, x=20.7727999097921, logdetD(xi = x/alpha)=-2.18587326975852e-08
# k=21, x=14.7256659435086, logdetD(xi = x/alpha)=-9.27505985297281e-06
# k=24, x=19.1577496842412, logdetD(xi = x/alpha)=-1.10051111992927e-07
# k=26, x=22.4579012045405, logdetD(xi = x/alpha)=-4.04622694394572e-09
# k=27, x=24.2138440689586, logdetD(xi = x/alpha)=-6.97421067333269e-10
# k=20, x=13.3837881127786, logdetD(xi = x/alpha)=-3.54982718380795e-05
# k=28, x=26.0414665601656, logdetD(xi = x/alpha)=-1.11831537737955e-10
# k=29, x=27.9416568418595, logdetD(xi = x/alpha)=-1.66664410933694e-11
# k=30, x=29.915355964901, logdetD(xi = x/alpha)=-2.30619281396182e-12
# k=31, x=31.9635609022089, logdetD(xi = x/alpha)=-2.95982956390132e-13
# k=19, x=12.1086466423657, logdetD(xi = x/alpha)=-0.000127075042142199
# k=33, x=36.2877759287815, logdetD(xi = x/alpha)=-3.87285600736636e-15
# k=34, x=38.5660910092922, logdetD(xi = x/alpha)=-3.93912333538937e-16
# k=32, x=34.0873278647262, logdetD(xi = x/alpha)=-3.51948183988079e-14
# k=35, x=40.9235302180313, logdetD(xi = x/alpha)=-3.69855171966537e-17
# k=36, x=43.3614266517312, logdetD(xi = x/alpha)=-3.20145093093266e-18
# k=18, x=10.8996933712879, logdetD(xi = x/alpha)=-0.000425724510349412
# k=17, x=9.75641480574293, logdetD(xi = x/alpha)=-0.0013355089722743
# k=37, x=45.8811946612789, logdetD(xi = x/alpha)=-2.55112858018112e-19
# k=40, x=53.9472167895544, logdetD(xi = x/alpha)=-7.73822973403907e-23
# k=38, x=48.4843356608332, logdetD(xi = x/alpha)=-1.86870466405946e-20
# k=41, x=56.8104563346362, logdetD(xi = x/alpha)=-4.35947441611111e-24
# k=39, x=51.172444544607, logdetD(xi = x/alpha)=-1.25627925802177e-21
# k=42, x=59.76408434211, logdetD(xi = x/alpha)=-2.24202862345223e-25
# k=43, x=62.8101489639265, logdetD(xi = x/alpha)=-1.05047502904627e-26
# k=16, x=8.6783308251677, logdetD(xi = x/alpha)=-0.00392493756565866
# k=46, x=72.5255875442633, logdetD(xi = x/alpha)=-6.04156987616988e-31
# k=45, x=69.1884824202363, logdetD(xi = x/alpha)=-1.72853057233146e-29
# k=44, x=65.9508362574561, logdetD(xi = x/alpha)=-4.4743659525578e-28
# k=47, x=75.9648311278642, logdetD(xi = x/alpha)=-1.90545602757879e-32
# k=48, x=79.5090896290888, logdetD(xi = x/alpha)=-5.40739030847484e-34
# k=50, x=86.9252644196156, logdetD(xi = x/alpha)=-3.13295151193231e-37
# k=49, x=83.1614564010537, logdetD(xi = x/alpha)=-1.37652687533179e-35
# k=51, x=90.8041123009408, logdetD(xi = x/alpha)=-6.35246617537624e-39
# k=53, x=98.9228344469406, logdetD(xi = x/alpha)=-1.81764381225593e-42
# k=52, x=94.8018942159474, logdetD(xi = x/alpha)=-1.14306070976744e-40
# k=54, x=103.171527508039, logdetD(xi = x/alpha)=-2.54257284724815e-44
# k=55, x=107.55298497754, logdetD(xi = x/alpha)=-3.11310415463e-46
# k=57, x=116.736664673504, logdetD(xi = x/alpha)=-3.06030389523317e-50
# k=56, x=112.072690484128, logdetD(xi = x/alpha)=-3.31813444957843e-48
# k=58, x=121.551542490953, logdetD(xi = x/alpha)=-2.42620575961445e-52
# k=15, x=7.66499349489177, logdetD(xi = x/alpha)=-0.0108116312436636
# k=59, x=126.524665796516, logdetD(xi = x/alpha)=-1.64133507732306e-54
# k=62, x=142.480058912162, logdetD(xi = x/alpha)=-1.79913215048893e-61
# k=61, x=136.979246686937, logdetD(xi = x/alpha)=-4.51303408063171e-59
# k=60, x=131.66419525212, logdetD(xi = x/alpha)=-9.39789504385008e-57
# k=63, x=148.178202455004, logdetD(xi = x/alpha)=-5.88553092289442e-64
# k=64, x=154.086842281799, logdetD(xi = x/alpha)=-1.55924259822257e-66
# k=65, x=160.221072870096, logdetD(xi = x/alpha)=-3.29521952128133e-69
# k=66, x=166.598351934054, logdetD(xi = x/alpha)=-5.45890882772141e-72
# k=67, x=173.23907133425, logdetD(xi = x/alpha)=-6.94558713255479e-75
# k=68, x=180.167323049032, logdetD(xi = x/alpha)=-6.62542498323682e-78
# k=72, x=211.439870494836, logdetD(xi = x/alpha)=-1.55079176346517e-91
# k=71, x=202.998984195075, logdetD(xi = x/alpha)=-7.39892458758891e-88
# k=0, x=0.0179604233006984, logdetD(xi = x/alpha)=-25.4330721787047
# k=1, x=0.094639912994354, logdetD(xi = x/alpha)=-23.6700574500295
# k=2, x=0.232622868125868, logdetD(xi = x/alpha)=-20.3276736915248
# k=3, x=0.431992547802387, logdetD(xi = x/alpha)=-16.2945882360132
# k=4, x=0.692828861352022, logdetD(xi = x/alpha)=-12.2781702654466
# k=5, x=1.01523255618947, logdetD(xi = x/alpha)=-8.72458688854411
# k=6, x=1.39932768784287, logdetD(xi = x/alpha)=-5.85244942147705
# k=7, x=1.84526230383585, logdetD(xi = x/alpha)=-3.7056516496489
# k=8, x=2.35320887160926, logdetD(xi = x/alpha)=-2.21315243168454
# k=9, x=2.92336468655543, logdetD(xi = x/alpha)=-1.24551643402018
# k=10, x=3.55595231404613, logdetD(xi = x/alpha)=-0.659832919143859
# k=11, x=4.25122008230988, logdetD(xi = x/alpha)=-0.328744760714862
# k=12, x=5.00944263362017, logdetD(xi = x/alpha)=-0.153914484008659
# k=13, x=5.83092153860872, logdetD(xi = x/alpha)=-0.0676724548807281
# k=14, x=6.71598597785132, logdetD(xi = x/alpha)=-0.0279266455775397
# k=76, x=251.6158793305, logdetD(xi = x/alpha)=-4.85100971488661e-109
# k=77, x=264.213823883199, logdetD(xi = x/alpha)=-1.57843549213921e-114
# k=73, x=220.402368151736, logdetD(xi = x/alpha)=-1.92744418103065e-95
# k=75, x=240.319087055842, logdetD(xi = x/alpha)=-4.04738294780814e-104
# k=78, x=278.766733046005, logdetD(xi = x/alpha)=-7.24020166726771e-121
# k=79, x=296.966511995651, logdetD(xi = x/alpha)=-8.58762836677385e-129
# k=70, x=195.008022441533, logdetD(xi = x/alpha)=-2.24918380689292e-84
# k=69, x=187.411949676964, logdetD(xi = x/alpha)=-4.60333072833783e-81
# k=74, x=229.98320607568, logdetD(xi = x/alpha)=-1.2893033285987e-99
#
# L/R, lmax, order, alpha, F(T=0)
0.0108303116793749, 739, 80, 0.0214285455318047, -365.2546737802
# finished at Mi 30. Sep 21:15:21 CEST 2015
