# starting on alcc56 at Mi 30. Sep 14:14:31 CEST 2015
# casimir_T0 -x 0.0198544876443676 -L 403 -N 80

# LbyR  = 0.0198544876443676
# alpha = 0.0389359224966043
# order = 80
# prec  = 1e-12
# lmax  = 403
# cores = 10
#
# k=6, x=1.39932768784287, logdetD(xi = x/alpha)=-3.17717054001966
# k=4, x=0.692828861352022, logdetD(xi = x/alpha)=-6.64080579761177
# k=3, x=0.431992547802387, logdetD(xi = x/alpha)=-8.78200312299382
# k=5, x=1.01523255618947, logdetD(xi = x/alpha)=-4.72937535162481
# k=0, x=0.0179604233006984, logdetD(xi = x/alpha)=-13.331879550094
# k=1, x=0.094639912994354, logdetD(xi = x/alpha)=-12.5601368241584
# k=2, x=0.232622868125868, logdetD(xi = x/alpha)=-10.8916140428224
# k=7, x=1.84526230383585, logdetD(xi = x/alpha)=-2.01377700672198
# k=8, x=2.35320887160926, logdetD(xi = x/alpha)=-1.20357846432851
# k=11, x=4.25122008230988, logdetD(xi = x/alpha)=-0.179004007996225
# k=17, x=9.75641480574293, logdetD(xi = x/alpha)=-0.000727877625049291
# k=10, x=3.55595231404613, logdetD(xi = x/alpha)=-0.35917277223756
# k=16, x=8.6783308251677, logdetD(xi = x/alpha)=-0.00213896563305525
# k=15, x=7.66499349489177, logdetD(xi = x/alpha)=-0.0058913385720596
# k=9, x=2.92336468655543, logdetD(xi = x/alpha)=-0.677710828374261
# k=14, x=6.71598597785132, logdetD(xi = x/alpha)=-0.0152154128030124
# k=12, x=5.00944263362017, logdetD(xi = x/alpha)=-0.0838280629692028
# k=13, x=5.83092153860872, logdetD(xi = x/alpha)=-0.0368643981672264
# k=25, x=20.7727999097921, logdetD(xi = x/alpha)=-1.19166491807962e-08
# k=26, x=22.4579012045405, logdetD(xi = x/alpha)=-2.20581599232641e-09
# k=24, x=19.1577496842412, logdetD(xi = x/alpha)=-5.99967833146389e-08
# k=27, x=24.2138440689586, logdetD(xi = x/alpha)=-3.80187786106178e-10
# k=28, x=26.0414665601656, logdetD(xi = x/alpha)=-6.09601044309933e-11
# k=23, x=17.6120052438144, logdetD(xi = x/alpha)=-2.81738183729937e-07
# k=29, x=27.9416568418595, logdetD(xi = x/alpha)=-9.08441599060344e-12
# k=30, x=29.915355964901, logdetD(xi = x/alpha)=-1.25694768731579e-12
# k=31, x=31.9635609022089, logdetD(xi = x/alpha)=-1.61306113049029e-13
# k=32, x=34.0873278647262, logdetD(xi = x/alpha)=-1.91787774113504e-14
# k=22, x=16.1348643716625, logdetD(xi = x/alpha)=-1.23492859556537e-06
# k=33, x=36.2877759287815, logdetD(xi = x/alpha)=-2.11021953521876e-15
# k=34, x=38.5660910092922, logdetD(xi = x/alpha)=-2.14608304254661e-16
# k=36, x=43.3614266517312, logdetD(xi = x/alpha)=-1.74376073786303e-18
# k=35, x=40.9235302180313, logdetD(xi = x/alpha)=-2.01477421605115e-17
# k=37, x=45.8811946612789, logdetD(xi = x/alpha)=-1.38936343331789e-19
# k=21, x=14.7256659435086, logdetD(xi = x/alpha)=-5.0562676699523e-06
# k=20, x=13.3837881127786, logdetD(xi = x/alpha)=-1.93509911638717e-05
# k=38, x=48.4843356608332, logdetD(xi = x/alpha)=-1.01757455837066e-20
# k=40, x=53.9472167895544, logdetD(xi = x/alpha)=-4.21258549285215e-23
# k=39, x=51.172444544607, logdetD(xi = x/alpha)=-6.83994843897876e-22
# k=41, x=56.8104563346362, logdetD(xi = x/alpha)=-2.37291105522925e-24
# k=44, x=65.9508362574561, logdetD(xi = x/alpha)=-2.43444956129287e-28
# k=42, x=59.76408434211, logdetD(xi = x/alpha)=-1.22019360945487e-25
# k=43, x=62.8101489639265, logdetD(xi = x/alpha)=-5.71628539487614e-27
# k=45, x=69.1884824202363, logdetD(xi = x/alpha)=-9.40347061543523e-30
# k=46, x=72.5255875442633, logdetD(xi = x/alpha)=-3.28627277022453e-31
# k=49, x=83.1614564010537, logdetD(xi = x/alpha)=-7.48467499184597e-36
# k=47, x=75.9648311278642, logdetD(xi = x/alpha)=-1.03632608935712e-32
# k=50, x=86.9252644196156, logdetD(xi = x/alpha)=-1.70329202540162e-37
# k=48, x=79.5090896290888, logdetD(xi = x/alpha)=-2.94055975457091e-34
# k=51, x=90.8041123009408, logdetD(xi = x/alpha)=-3.45323596235041e-39
# k=19, x=12.1086466423657, logdetD(xi = x/alpha)=-6.92681674522217e-05
# k=18, x=10.8996933712879, logdetD(xi = x/alpha)=-0.000232046001541562
# k=52, x=94.8018942159474, logdetD(xi = x/alpha)=-6.21302263030368e-41
# k=53, x=98.9228344469406, logdetD(xi = x/alpha)=-9.87855603635084e-43
# k=54, x=103.171527508039, logdetD(xi = x/alpha)=-1.381689447406e-44
# k=55, x=107.55298497754, logdetD(xi = x/alpha)=-1.69154802857236e-46
# k=56, x=112.072690484128, logdetD(xi = x/alpha)=-1.80276695407301e-48
# k=57, x=116.736664673504, logdetD(xi = x/alpha)=-1.66251797544363e-50
# k=58, x=121.551542490953, logdetD(xi = x/alpha)=-1.31791330157216e-52
# k=59, x=126.524665796516, logdetD(xi = x/alpha)=-8.91487135678942e-55
# k=60, x=131.66419525212, logdetD(xi = x/alpha)=-5.10397105716841e-57
# k=61, x=136.979246686937, logdetD(xi = x/alpha)=-2.45079584499039e-59
# k=63, x=148.178202455004, logdetD(xi = x/alpha)=-3.19557636893062e-64
# k=62, x=142.480058912162, logdetD(xi = x/alpha)=-9.76930305446573e-62
# k=64, x=154.086842281799, logdetD(xi = x/alpha)=-8.4652790651945e-67
# k=66, x=166.598351934054, logdetD(xi = x/alpha)=-2.96322266878074e-72
# k=65, x=160.221072870096, logdetD(xi = x/alpha)=-1.78886233947235e-69
# k=67, x=173.23907133425, logdetD(xi = x/alpha)=-3.76993731970338e-75
# k=69, x=187.411949676964, logdetD(xi = x/alpha)=-2.49823375132992e-81
# k=68, x=180.167323049032, logdetD(xi = x/alpha)=-3.59589009864126e-78
# k=70, x=195.008022441533, logdetD(xi = x/alpha)=-1.2205475901283e-84
# k=74, x=229.98320607568, logdetD(xi = x/alpha)=-6.99463543401252e-100
# k=79, x=296.966511995651, logdetD(xi = x/alpha)=-4.65720987485188e-129
# k=75, x=240.319087055842, logdetD(xi = x/alpha)=-2.19560819894309e-104
# k=77, x=264.213823883199, logdetD(xi = x/alpha)=-8.56144998929642e-115
# k=71, x=202.998984195075, logdetD(xi = x/alpha)=-4.01483609103209e-88
# k=73, x=220.402368151736, logdetD(xi = x/alpha)=-1.04573407568233e-95
# k=72, x=211.439870494836, logdetD(xi = x/alpha)=-8.41438995601098e-92
# k=76, x=251.6158793305, logdetD(xi = x/alpha)=-2.63137662809239e-109
# k=78, x=278.766733046005, logdetD(xi = x/alpha)=-3.92680351696258e-121
#
# L/R, lmax, order, alpha, F(T=0)
0.0198544876443676, 403, 80, 0.0389359224966043, -108.334499075112
# finished at Mi 30. Sep 14:39:09 CEST 2015
