# starting on alcc119 at Fri Apr 21 16:15:46 CEST 2017

# L      = 5.15e-07
# R      = 0.0001513
# LbyR   = 0.00340383344348976
# T      = 295
# cutoff = 1e-13
# epsrel = 1e-10
# ldim   = 2645
# cores  = 9
# alpha  = 0.00678457332938116
# filename = /alcc/gpfs1/home/theo1/hartmmic/libcasimir-dev/data/materials/GoldEpsIm.dat
# model  = optical data (xi=0: Drude)
# plasma = -81.8846543271647 (logdetD(xi=0) for plasma model with omegap=9eV)
#
# xi=0, logdetD=-43.6339327370715, t=22.8721
# xi=122.886123156451, logdetD=-30.3894084215485, t=319.306
# xi=245.772246312902, logdetD=-12.0011080937139, t=359.509
# xi=368.658369469353, logdetD=-4.8313202865393, t=407.174
# xi=491.544492625804, logdetD=-1.95982645644561, t=424.575
# xi=614.430615782256, logdetD=-0.797919021970435, t=432.36
# xi=737.316738938707, logdetD=-0.325586829133406, t=427.282
# xi=860.202862095158, logdetD=-0.133172607270588, t=425.113
# xi=983.088985251609, logdetD=-0.0545213574620241, t=421.839
# xi=1105.97510840806, logdetD=-0.0223541714436686, t=416.494
# xi=1228.86123156451, logdetD=-0.00917120585591515, t=411.224
# xi=1351.74735472096, logdetD=-0.0037732020803798, t=403.013
# xi=1474.63347787741, logdetD=-0.00155305735400013, t=392.365
# xi=1597.51960103386, logdetD=-0.000640394484504558, t=385.356
# xi=1720.40572419032, logdetD=-0.000264407314455144, t=369.842
# xi=1843.29184734677, logdetD=-0.000109261222848749, t=359.093
# xi=1966.17797050322, logdetD=-4.52384420126524e-05, t=344.174
# xi=2089.06409365967, logdetD=-1.87420842481306e-05, t=331.181
# xi=2211.95021681612, logdetD=-7.77561854576756e-06, t=313.831
# xi=2334.83633997257, logdetD=-3.22920536121527e-06, t=295.423
# xi=2457.72246312902, logdetD=-1.34209758603976e-06, t=277.695
# xi=2580.60858628547, logdetD=-5.58573167318111e-07, t=257.736
# xi=2703.49470944192, logdetD=-2.32602700842952e-07, t=234.404
# xi=2826.38083259838, logdetD=-9.69644291906554e-08, t=213.288
# xi=2949.26695575483, logdetD=-4.04524553639778e-08, t=208.041
# xi=3072.15307891128, logdetD=-1.68866948287803e-08, t=206.763
# xi=3195.03920206773, logdetD=-7.0564924589245e-09, t=206.364
# xi=3317.92532522418, logdetD=-2.95002636388346e-09, t=205.262
#
# L/R, L, R, T, ldim, F*(L+R)/(ħc)
0.003403833443489756, 5.15e-07, 0.0001513, 295, 2645, -2829.945907274931

# finished at Fri Apr 21 18:46:58 CEST 2017
