# starting on alcc119 at Fri Apr 21 13:21:47 CEST 2017

# L      = 6.05e-07
# R      = 0.0001513
# LbyR   = 0.00399867812293457
# T      = 295
# cutoff = 1e-13
# epsrel = 1e-10
# ldim   = 2251
# cores  = 7
# alpha  = 0.00796550475626214
# filename = /alcc/gpfs1/home/theo1/hartmmic/libcasimir-dev/data/materials/GoldEpsIm.dat
# model  = optical data (xi=0: Drude)
# plasma = -69.7945710609451 (logdetD(xi=0) for plasma model with omegap=9eV)
#
# xi=0, logdetD=-37.0744790787525, t=17.5655
# xi=122.958973343087, logdetD=-22.274192216801, t=304.851
# xi=245.917946686173, logdetD=-7.61713575496752, t=352.854
# xi=368.87692002926, logdetD=-2.65546301073981, t=395.223
# xi=491.835893372347, logdetD=-0.932045947836021, t=409.152
# xi=614.794866715433, logdetD=-0.3281449556587, t=406.924
# xi=737.75384005852, logdetD=-0.115750619949101, t=404.545
# xi=860.712813401607, logdetD=-0.0409222411637403, t=399.618
# xi=983.671786744694, logdetD=-0.0144802971683086, t=396.728
# xi=1106.63076008778, logdetD=-0.00513135107016304, t=387.659
# xi=1229.58973343087, logdetD=-0.00181955362687498, t=380.078
# xi=1352.54870677395, logdetD=-0.000647022293064711, t=369.602
# xi=1475.50768011704, logdetD=-0.000230182376556987, t=355.998
# xi=1598.46665346013, logdetD=-8.2037318995718e-05, t=341.817
# xi=1721.42562680321, logdetD=-2.92764867932885e-05, t=328.145
# xi=1844.3846001463, logdetD=-1.04566775943898e-05, t=308.822
# xi=1967.34357348939, logdetD=-3.74211178660101e-06, t=289.594
# xi=2090.30254683247, logdetD=-1.34000327390522e-06, t=269.021
# xi=2213.26152017556, logdetD=-4.80504999548849e-07, t=245.319
# xi=2336.22049351865, logdetD=-1.72475678410125e-07, t=221.226
# xi=2459.17946686173, logdetD=-6.19552752706163e-08, t=198.458
# xi=2582.13844020482, logdetD=-2.22858216199366e-08, t=197.121
# xi=2705.09741354791, logdetD=-8.02062162052163e-09, t=196.419
# xi=2828.05638689099, logdetD=-2.88962166928818e-09, t=195.533
#
# L/R, L, R, T, ldim, F*(L+R)/(ħc)
0.003998678122934567, 6.05e-07, 0.0001513, 295, 2251, -2055.713608223743

# finished at Fri Apr 21 15:24:40 CEST 2017
