# starting on alcc119 at Fri Apr 21 09:36:51 CEST 2017

# L      = 6.9e-07
# R      = 0.0001513
# LbyR   = 0.00456047587574356
# T      = 295
# cutoff = 1e-13
# epsrel = 1e-10
# ldim   = 1974
# cores  = 6
# alpha  = 0.00907954470688861
# filename = /alcc/gpfs1/home/theo1/hartmmic/libcasimir-dev/data/materials/GoldEpsIm.dat
# model  = optical data (xi=0: Drude)
# plasma = -61.2036853624749 (logdetD(xi=0) for plasma model with omegap=9eV)
#
# xi=0, logdetD=-32.4516258061604, t=13.9943
# xi=123.027776297131, logdetD=-16.9592699764608, t=286.248
# xi=246.055552594263, logdetD=-5.06410437483256, t=332.843
# xi=369.083328891394, logdetD=-1.54078646788669, t=366.11
# xi=492.111105188526, logdetD=-0.471591734759699, t=373.715
# xi=615.138881485657, logdetD=-0.144715214997291, t=375.059
# xi=738.166657782788, logdetD=-0.0444836900865887, t=369.156
# xi=861.19443407992, logdetD=-0.013703578065597, t=364.033
# xi=984.222210377051, logdetD=-0.00422515119367578, t=355.877
# xi=1107.24998667418, logdetD=-0.00130463352720059, t=346.779
# xi=1230.27776297131, logdetD=-0.0004031043867156, t=334.937
# xi=1353.30553926845, logdetD=-0.000124902600311353, t=322.486
# xi=1476.33331556558, logdetD=-3.8719147237291e-05, t=306.604
# xi=1599.36109186271, logdetD=-1.20245012858251e-05, t=287.708
# xi=1722.38886815984, logdetD=-3.73916740492616e-06, t=269.577
# xi=1845.41664445697, logdetD=-1.16371477000668e-06, t=246.389
# xi=1968.4444207541, logdetD=-3.62878805139395e-07, t=221.471
# xi=2091.47219705123, logdetD=-1.13223105175195e-07, t=196.35
# xi=2214.49997334837, logdetD=-3.53755448969792e-08, t=182.43
# xi=2337.5277496455, logdetD=-1.10636775077833e-08, t=181.241
# xi=2460.55552594263, logdetD=-3.46262414579165e-09, t=180.217
# xi=2583.58330223976, logdetD=-1.08517179234045e-09, t=178.818
#
# L/R, L, R, T, ldim, F*(L+R)/(ħc)
0.004560475875743556, 6.9e-07, 0.0001513, 295, 1974, -1584.866736810982

# finished at Fri Apr 21 11:18:26 CEST 2017
