# starting on alcc122 at So 23. Apr 12:01:16 CEST 2017

# L      = 8.15e-07
# R      = 0.0001513
# LbyR   = 0.00538664904163913
# T      = 295
# cutoff = 1e-13
# epsrel = 1e-10
# ldim   = 1671
# cores  = 5
# alpha  = 0.0107155770305361
# filename = /alcc/gpfs1/home/theo1/hartmmic/libcasimir-dev/data/materials/GoldEpsIm.dat
# model  = optical data (xi=0: Drude)
# plasma = -51.7621256469185 (logdetD(xi=0) for plasma model with omegap=9eV)
#
# xi=0, logdetD=-27.406318416416, t=10.6443
# xi=123.128957111903, logdetD=-11.6728143442259, t=255.352
# xi=246.257914223806, logdetD=-2.85589083435488, t=300.755
# xi=369.386871335709, logdetD=-0.711012193480012, t=325.271
# xi=492.515828447612, logdetD=-0.177862920662757, t=329.654
# xi=615.644785559515, logdetD=-0.0445850182852185, t=326.011
# xi=738.773742671418, logdetD=-0.011193140084866, t=322.468
# xi=861.902699783321, logdetD=-0.00281606044950318, t=315.478
# xi=985.031656895224, logdetD=-0.0007090996644467, t=305.656
# xi=1108.16061400713, logdetD=-0.000178819469696266, t=290.602
# xi=1231.28957111903, logdetD=-4.5124049312488e-05, t=276.548
# xi=1354.41852823093, logdetD=-1.14189706649482e-05, t=258.177
# xi=1477.54748534284, logdetD=-2.89096651434104e-06, t=237.897
# xi=1600.67644245474, logdetD=-7.3322943450852e-07, t=214.76
# xi=1723.80539956664, logdetD=-1.8620593842936e-07, t=184.599
# xi=1846.93435667855, logdetD=-4.73257558542562e-08, t=165.321
# xi=1970.06331379045, logdetD=-1.20511692846202e-08, t=164.143
# xi=2093.19227090235, logdetD=-3.07044256028271e-09, t=162.984
# xi=2216.32122801425, logdetD=-7.83332835869958e-10, t=160.6
#
# L/R, L, R, T, ldim, F*(L+R)/(ħc)
0.005386649041639128, 8.15e-07, 0.0001513, 295, 1671, -1143.667589629746

# finished at So 23. Apr 13:18:03 CEST 2017
