# starting on alcc120 at So 23. Apr 12:18:16 CEST 2017

# L      = 8.2e-07
# R      = 0.0001513
# LbyR   = 0.00541969596827495
# T      = 295
# cutoff = 1e-13
# epsrel = 1e-10
# ldim   = 1661
# cores  = 5
# alpha  = 0.0107809623981068
# filename = /alcc/gpfs1/home/theo1/hartmmic/libcasimir-dev/data/materials/GoldEpsIm.dat
# model  = optical data (xi=0: Drude)
# plasma = -51.4432197828128 (logdetD(xi=0) for plasma model with omegap=9eV)
#
# xi=0, logdetD=-27.2365301257735, t=15.8811
# xi=123.133004344494, logdetD=-11.5061157976005, t=308.148
# xi=246.266008688988, logdetD=-2.79275984597213, t=363.848
# xi=369.399013033482, logdetD=-0.689732130918735, t=392.52
# xi=492.532017377976, logdetD=-0.171151682350307, t=403.003
# xi=615.66502172247, logdetD=-0.0425568678973813, t=396.347
# xi=738.798026066963, logdetD=-0.0105977936656508, t=389.652
# xi=861.931030411457, logdetD=-0.00264477022819388, t=379.227
# xi=985.064034755951, logdetD=-0.000660595819979051, t=368.966
# xi=1108.19703910045, logdetD=-0.000165244132170611, t=351.392
# xi=1231.33004344494, logdetD=-4.13620492424595e-05, t=329.589
# xi=1354.46304778943, logdetD=-1.03825387761292e-05, t=310.666
# xi=1477.59605213393, logdetD=-2.60736635029189e-06, t=278.235
# xi=1600.72905647842, logdetD=-6.5596533020263e-07, t=248.004
# xi=1723.86206082291, logdetD=-1.65240407396071e-07, t=214.8
# xi=1846.99506516741, logdetD=-4.16582054590353e-08, t=186.21
# xi=1970.1280695119, logdetD=-1.0522333773876e-08, t=184.718
# xi=2093.2610738564, logdetD=-2.65927248316073e-09, t=184.494
#
# L/R, L, R, T, ldim, F*(L+R)/(ħc)
0.00541969596827495, 8.2e-07, 0.0001513, 295, 1661, -1130.160479073496

# finished at So 23. Apr 13:46:42 CEST 2017
