# starting on alcc118 at Fri Apr 21 10:49:14 CEST 2017

# L      = 7.95e-07
# R      = 0.0001513
# LbyR   = 0.00525446133509584
# T      = 295
# cutoff = 1e-13
# epsrel = 1e-10
# ldim   = 1713
# cores  = 5
# alpha  = 0.010453992570433
# filename = /alcc/gpfs1/home/theo1/hartmmic/libcasimir-dev/data/materials/GoldEpsIm.dat
# model  = optical data (xi=0: Drude)
# plasma = -53.0771069716807 (logdetD(xi=0) for plasma model with omegap=9eV)
#
# xi=0, logdetD=-28.1068510549246, t=11.1368
# xi=123.11276818154, logdetD=-12.3689660958986, t=267.39
# xi=246.225536363079, logdetD=-3.12423407662528, t=317.003
# xi=369.338304544619, logdetD=-0.803211723658151, t=344.086
# xi=492.451072726158, logdetD=-0.207523354028913, t=350.752
# xi=615.563840907698, logdetD=-0.0537316189928346, t=345.511
# xi=738.676609089237, logdetD=-0.0139335437041627, t=341.415
# xi=861.789377270777, logdetD=-0.00362094539484027, t=332.604
# xi=984.902145452317, logdetD=-0.000941796873420412, t=321.262
# xi=1108.01491363386, logdetD=-0.0002453206829169, t=311.521
# xi=1231.1276818154, logdetD=-6.39435373589835e-05, t=294.972
# xi=1354.24044999694, logdetD=-1.67141814432033e-05, t=277.214
# xi=1477.35321817847, logdetD=-4.37090968940491e-06, t=256.088
# xi=1600.46598636001, logdetD=-1.14509350001203e-06, t=231.466
# xi=1723.57875454155, logdetD=-3.00378459064463e-07, t=207.477
# xi=1846.69152272309, logdetD=-7.88587765226285e-08, t=176.941
# xi=1969.80429090463, logdetD=-2.07425421160712e-08, t=173.054
# xi=2092.91705908617, logdetD=-5.45905855355347e-09, t=172.359
# xi=2216.02982726771, logdetD=-1.43863638095129e-09, t=170.695
#
# L/R, L, R, T, ldim, F*(L+R)/(ħc)
0.005254461335095837, 7.95e-07, 0.0001513, 295, 1713, -1200.325671744332

# finished at Fri Apr 21 12:10:57 CEST 2017
