# starting on alcc121 at Mon Aug  7 22:40:57 CEST 2017

# L      = 1.45227e-07
# R      = 1e-05
# LbyR   = 0.0145227
# T      = 0
# cutoff = 1e-12
# epsrel = 2e-07
# ldim   = 689
# cores  = 8
# alpha  = 0.0286296206087848
# omegap = 9
# gamma  = 0.035
# quad   = adaptive Gauss-Kronrod
#
# xi=34.9288596473, logdetD=-4.53867943453943, t=17.8092
# xi=8140.70056585, logdetD=-3.88801275637723e-107, t=3.86675
# xi=0.149867351881, logdetD=-13.7443777010031, t=17.7562
# xi=1337.73480008, logdetD=-3.17767373784671e-19, t=11.1402
# xi=0.912008296555, logdetD=-15.217182659627, t=17.6361
# xi=482.016574201, logdetD=-4.61489362253189e-07, t=16.212
# xi=2.53108565465, logdetD=-15.0234070973196, t=16.4852
# xi=235.346374356, logdetD=-0.00290320964421676, t=22.8904
# xi=5.18395594409, logdetD=-13.8468868981331, t=16.856
# xi=133.845155751, logdetD=-0.118230675074317, t=23.2036
# xi=9.11519904787, logdetD=-12.0021103735047, t=17.3733
# xi=82.6460780252, logdetD=-0.776648862265202, t=19.7804
# xi=14.7620463719, logdetD=-9.69758480588821, t=17.2043
# xi=53.251388552, logdetD=-2.29760603188464, t=18.5449
# xi=22.9106746216, logdetD=-7.12459085232558, t=17.9033
# xi=104.786578942, logdetD=-0.343881592785109, t=21.2967
# xi=16316.3299913, logdetD=-3.23899273188247e-210, t=3.74483
# xi=35.2285943511, logdetD=-4.48816948760463, t=17.5031
# xi=2710.3984598, logdetD=-1.63189076521174e-37, t=6.37168
# xi=36.7528762404, logdetD=-4.24001968343887, t=17.7954
# xi=998.962008049, logdetD=-1.54122917761086e-14, t=12.3399
# xi=39.9910309566, logdetD=-3.75812628593149, t=18.048
# xi=505.621608359, logdetD=-2.04141977005935e-07, t=15.3595
# xi=45.2967715355, logdetD=-3.08546144838242, t=18.1997
# xi=302.619171149, logdetD=-0.000256552196048336, t=21.9529
# xi=53.1592577431, logdetD=-2.30545431340109, t=18.5542
# xi=200.221015698, logdetD=-0.0104160416042108, t=23.3483
# xi=64.4529523911, logdetD=-1.51874539072913, t=18.6387
# xi=141.431636751, logdetD=-0.0894983263738376, t=23.7689
# xi=80.7502088905, logdetD=-0.83281387835946, t=19.8758
# xi=11.6429532158, logdetD=-10.9134152250622, t=18.0343
# xi=34.63167517, logdetD=-4.58933133655902, t=17.6786
# xi=0.0747732631608, logdetD=-13.0099141326004, t=17.6758
# xi=33.1953675756, logdetD=-4.84237699715547, t=17.6035
# xi=0.450127630441, logdetD=-14.7935379169451, t=17.8531
# xi=30.5074714774, logdetD=-5.35484294405632, t=17.4106
# xi=1.22129292849, logdetD=-15.28577379497, t=17.5382
# xi=26.9340439706, logdetD=-6.12317404449011, t=17.5738
# xi=2.41292147347, logdetD=-15.064682978625, t=16.642
# xi=22.950381327, logdetD=-7.11392897518339, t=17.6013
# xi=4.03155302961, logdetD=-14.3907868053081, t=16.5719
# xi=18.9289270856, logdetD=-8.28128803716789, t=17.0812
# xi=6.09339250433, logdetD=-13.410780458971, t=17.2166
# xi=15.1086325723, logdetD=-9.57100203826332, t=17.2707
# xi=8.62625409905, logdetD=-12.2230412602098, t=17.1433
# xi=20.9573157884, logdetD=-7.66982167306479, t=17.4301
# xi=34.7799506689, logdetD=-4.5639877925403, t=17.7417
# xi=11.7093709444, logdetD=-10.8860580083606, t=18.0589
# xi=34.0512245247, logdetD=-4.68993031011261, t=17.7013
# xi=12.0413552649, logdetD=-10.7502821451357, t=17.9601
# xi=32.6459204293, logdetD=-4.94289968631453, t=17.439
# xi=12.7160400482, logdetD=-10.4793035363506, t=17.839
# xi=30.6888281548, logdetD=-5.31858529982324, t=17.4328
# xi=13.7394952123, logdetD=-10.080824197632, t=17.5484
# xi=28.3779821697, logdetD=-5.79997138835489, t=17.456
# xi=15.0937886573, logdetD=-9.57638947241383, t=17.1213
# xi=25.8942702614, logdetD=-6.36728219837027, t=17.7428
# xi=16.7616474526, logdetD=-8.98970513960163, t=16.9696
# xi=23.3804763393, logdetD=-6.99948358492569, t=17.5729
# xi=18.7275181779, logdetD=-8.34465855482367, t=16.9319
# xi=4.98983709247, logdetD=-13.9396914638607, t=16.8748
# xi=11.5767243897, logdetD=-10.9407589033859, t=18.0455
# xi=0.037346657023, logdetD=-12.3117290059544, t=17.505
# xi=11.2512528271, logdetD=-11.076067879931, t=18.0865
# xi=0.223622902914, logdetD=-14.1562960349044, t=17.8233
# xi=10.6171390821, logdetD=-11.344132463467, t=18.0108
# xi=0.600154222087, logdetD=-15.0017281539773, t=17.6836
# xi=9.71958160329, logdetD=-11.7335070917914, t=17.7829
# xi=1.1661802717, logdetD=-15.2802692804181, t=17.4138
# xi=8.63750731728, logdetD=-12.2179210781528, t=17.1522
# xi=1.90579153783, logdetD=-15.2136343774076, t=16.8556
# xi=7.44668105399, logdetD=-12.7683262145827, t=16.9878
# xi=2.80226643848, logdetD=-14.9219564917154, t=16.505
# xi=6.21101524292, logdetD=-13.3544628292007, t=17.2199
# xi=3.83906682701, logdetD=-14.4788892160706, t=16.5324
# xi=244.502017531, logdetD=-0.0020832998128958, t=22.8226
# xi=32667.5888423, logdetD=0, t=0.666277
# xi=105.386048349, logdetD=-0.336384283499163, t=21.558
# xi=5455.72577925, logdetD=-5.82968470051038e-73, t=4.65351
# xi=108.434612128, logdetD=-0.300715952071984, t=21.7065
# xi=2032.85287575, logdetD=-1.40388302994502e-28, t=8.39782
# xi=114.910921561, logdetD=-0.237011864746208, t=22.3039
# xi=1046.17207636, logdetD=-3.36877690066584e-15, t=12.3488
# xi=125.522402718, logdetD=-0.160491550156329, t=22.7718
# xi=640.167201945, logdetD=-2.0820040904453e-09, t=13.148
# xi=141.247375133, logdetD=-0.0901054230297119, t=23.5722
# xi=435.370891043, logdetD=-2.33755759280894e-06, t=17.9526
# xi=163.834764429, logdetD=-0.0393712394680381, t=23.9885
# xi=317.79213315, logdetD=-0.000149038237624002, t=21.319
# xi=196.429277428, logdetD=-0.0119608254652856, t=23.3455
# xi=58.2147660789, logdetD=-1.91227399861346, t=18.8326
# xi=104.192209987, logdetD=-0.351480326748452, t=21.3821
# xi=35.0784061736, logdetD=-4.5134065649924, t=17.5444
# xi=101.319594799, logdetD=-0.390644014538318, t=21.2843
# xi=35.8291149082, logdetD=-4.38868761620105, t=17.6251
# xi=95.9438026022, logdetD=-0.476059338653762, t=20.8744
# xi=37.3714455043, logdetD=-4.1433421774697, t=17.842
# xi=88.7969475884, logdetD=-0.619267451158865, t=20.0926
# xi=39.7547025943, logdetD=-3.79133358760814, t=17.9512
# xi=80.8296223012, logdetD=-0.830381530482681, t=19.7605
# xi=42.9919657065, logdetD=-3.36123561181326, t=18.1983
# xi=72.7867138185, logdetD=-1.11681871461409, t=19.3243
# xi=47.115644656, logdetD=-2.88407883123006, t=18.2361
# xi=65.1461247919, logdetD=-1.48038202838252, t=18.7975
# xi=52.1813678454, logdetD=-2.39044244351713, t=18.5965
# xi=8.06050607246, logdetD=-12.4825164148096, t=16.9887
# xi=11.6098152403, logdetD=-10.9270887698397, t=18.196
# xi=5.01421557491, logdetD=-13.9280510743044, t=16.9447
# xi=11.446275927, logdetD=-10.9948044335803, t=18.0959
# xi=5.13547693026, logdetD=-13.8700865207828, t=17.0347
# xi=11.1243344705, logdetD=-11.1292517146662, t=18.1715
# xi=5.37890949433, logdetD=-13.7534802598168, t=16.9806
# xi=10.6609903428, logdetD=-11.3254064043365, t=18.1291
# xi=5.74068050864, logdetD=-13.5799125232892, t=17.1798
# xi=10.0901254992, logdetD=-11.5713606305287, t=18.0328
# xi=6.20599725969, logdetD=-13.3568642442631, t=17.2398
# xi=9.44583330147, logdetD=-11.854540741484, t=17.7199
# xi=6.75905693283, logdetD=-13.0930412565263, t=17.1943
# xi=8.7587857207, logdetD=-12.1628442741949, t=17.3093
# xi=7.38419710374, logdetD=-12.7976488200552, t=16.9676
# xi=2.32859064315, logdetD=-15.0928576895732, t=16.7146
# xi=4.96548834976, logdetD=-13.9513128622715, t=16.97
# xi=0.0186633508917, logdetD=-11.6959367934561, t=17.6089
# xi=4.84525226462, logdetD=-14.0086224734626, t=16.7862
# xi=0.111454671741, logdetD=-13.4312690530458, t=17.699
# xi=4.60820395755, logdetD=-14.1211405254677, t=16.7213
# xi=0.297521079529, logdetD=-14.4334739834334, t=17.8441
# xi=4.26621533806, logdetD=-14.2819303440297, t=16.5524
# xi=0.57351605984, logdetD=-14.9716815613625, t=17.7359
# xi=3.84352391617, logdetD=-14.4768632144714, t=16.434
# xi=0.927590141141, logdetD=-15.2232229729019, t=17.6405
# xi=3.36467363048, logdetD=-14.6897220718575, t=16.4625
# xi=1.34709593095, logdetD=-15.290084044558, t=17.3732
# xi=2.85194279892, logdetD=-14.9025009989285, t=16.5511
# xi=1.81953967648, logdetD=-15.2329810383851, t=17.0611
# xi=523.93289471, logdetD=-1.08690019513888e-07, t=14.6336
# xi=65370.1065443, logdetD=0, t=0.770803
# xi=245.700956346, logdetD=-0.00199477654408953, t=22.9016
# xi=10946.3804182, logdetD=-1.27041671882343e-142, t=3.9976
# xi=251.798083904, logdetD=-0.00159975610635663, t=22.8359
# xi=4100.63461114, logdetD=-1.4523181874483e-55, t=5.14371
# xi=264.750702768, logdetD=-0.00100180135065774, t=22.3466
# xi=2127.27301238, logdetD=-7.83330372223385e-30, t=8.23323
# xi=285.973665084, logdetD=-0.000466357873666131, t=22.1738
# xi=1315.26326354, logdetD=-6.44990984287886e-19, t=11.2529
# xi=317.423609914, logdetD=-0.000151014515528084, t=21.475
# xi=905.670641733, logdetD=-3.17352057804688e-13, t=12.5438
# xi=362.598388506, logdetD=-3.02515226049289e-05, t=20.2288
# xi=670.513125947, logdetD=-7.50371111501822e-10, t=12.9912
# xi=427.787414504, logdetD=-3.04724085589392e-06, t=18.1555
# xi=151.358391805, logdetD=-0.062187829619291, t=23.909
# xi=243.313279622, logdetD=-0.00217496632178478, t=23.0797
# xi=105.085671995, logdetD=-0.340120274325755, t=21.4075
# xi=237.568049244, logdetD=-0.00267846217505161, t=22.9459
# xi=106.587089464, logdetD=-0.321852287999912, t=21.4374
# xi=226.816464852, logdetD=-0.00395680520912591, t=22.9608
# xi=109.671750656, logdetD=-0.287345391439496, t=21.9352
# xi=212.522754824, logdetD=-0.00665373270747783, t=23.3989
# xi=114.438264836, logdetD=-0.241164973901466, t=22.2454
# xi=196.58810425, logdetD=-0.0118917247076514, t=23.4021
# xi=120.91279106, logdetD=-0.190103795521894, t=22.2501
# xi=180.502287284, logdetD=-0.0213968221655774, t=23.445
# xi=129.160148959, logdetD=-0.140421199260117, t=23.2754
# xi=165.221109231, logdetD=-0.0374225880318141, t=23.8237
# xi=139.291595338, logdetD=-0.0968092203565129, t=23.4404
# xi=3.61333030834, logdetD=-14.5804933588162, t=16.5299
# xi=4.97765900705, logdetD=-13.9455045479422, t=16.9587
# xi=2.33920536931, logdetD=-15.0893743018172, t=16.6628
# xi=4.91741352009, logdetD=-13.9742435511189, t=16.8592
# xi=2.39190169174, logdetD=-15.0718106765735, t=16.6445
# xi=4.79810401594, logdetD=-14.0310559304548, t=16.8055
# xi=2.49717694436, logdetD=-15.0354536185883, t=16.6047
# xi=4.62471687713, logdetD=-14.1133263286015, t=16.6403
# xi=2.65237656205, logdetD=-14.9790943541028, t=16.5407
# xi=4.4083311851, logdetD=-14.2153777578343, t=16.6232
# xi=2.84982665948, logdetD=-14.9033346965909, t=16.4863
# xi=4.16037081364, logdetD=-14.3312050533569, t=16.4575
# xi=3.08138977623, logdetD=-14.8097357568649, t=16.4142
# xi=3.89147796712, logdetD=-14.4550211847536, t=16.5146
# xi=3.33914014917, logdetD=-14.7007501647233, t=16.4797
# xi=1.12673740798, logdetD=-15.2747882738544, t=17.5379
# xi=2.31798196187, logdetD=-15.0963203378362, t=16.6461
# xi=0.00932918303957, logdetD=-11.1858560082648, t=17.5991
# xi=2.26549403289, logdetD=-15.1131687333554, t=16.7481
# xi=0.0556385671805, logdetD=-12.7050746063757, t=17.5683
# xi=2.16151633163, logdetD=-15.145061584408, t=16.7225
# xi=0.148129661784, logdetD=-13.7321225768729, t=17.7853
# xi=2.01033630374, logdetD=-15.1874712965411, t=16.8181
# xi=0.284422981633, logdetD=-14.3910442884641, t=17.8515
# xi=1.82154196551, logdetD=-15.2325567424884, t=17.0046
# xi=0.457717372551, logdetD=-14.8067187631046, t=17.7601
# xi=1.60503103358, logdetD=-15.2706207164718, t=17.2975
# xi=0.660805376078, logdetD=-15.0615259403024, t=17.7194
# xi=1.37003950888, logdetD=-15.2897701268187, t=17.2698
# xi=0.886675172779, logdetD=-15.2066243919377, t=17.6132
# xi=1.71781276954, logdetD=-15.2528523293056, t=17.099
# xi=2.32328554723, logdetD=-15.0945916178069, t=16.5423
# xi=1.1317071525, logdetD=-15.2755537190399, t=17.5112
# xi=2.29701560138, logdetD=-15.1031076937896, t=16.7739
# xi=1.15635760216, logdetD=-15.2790294587984, t=17.4611
# xi=2.24486576283, logdetD=-15.1196570981261, t=16.7115
# xi=1.20549606921, logdetD=-15.2844405044705, t=17.6209
# xi=2.16878092356, logdetD=-15.1429010963458, t=16.7375
# xi=1.27767709549, logdetD=-15.2890340365641, t=17.4406
# xi=2.07332933755, logdetD=-15.1704142572062, t=16.8276
# xi=1.36906278574, logdetD=-15.2897898502983, t=17.3792
# xi=1.96326341328, logdetD=-15.199597966645, t=16.8697
# xi=1.4756066037, logdetD=-15.2845236986764, t=17.299
# xi=1.84306938626, logdetD=-15.2279184129287, t=16.8931
# xi=1.59340658191, logdetD=-15.2721697220581, t=17.2033
# xi=0.554426343608, logdetD=-14.9485475313363, t=17.6121
# xi=1.12176903309, logdetD=-15.274000853682, t=17.4808
# xi=0.00466396866783, logdetD=-10.7857858633753, t=17.3951
# xi=1.0971658008, logdetD=-15.2697672856309, t=17.5042
# xi=0.0277971444007, logdetD=-12.0376987775392, t=17.4581
# xi=1.04832132577, logdetD=-15.2596265482846, t=17.4999
# xi=0.0739081125818, logdetD=-12.997756036055, t=17.575
# xi=0.977050986181, logdetD=-15.2402583506867, t=17.6138
# xi=0.141634830125, logdetD=-13.6849264449661, t=17.6877
# xi=0.88762610742, logdetD=-15.2070377462818, t=17.5729
# xi=0.22736893379, logdetD=-14.1728966232382, t=17.8871
# xi=0.784491269146, logdetD=-15.1536111411515, t=17.6391
# xi=0.327306595579, logdetD=-14.5215266509442, t=17.6897
# xi=0.671843653666, logdetD=-15.0712531781878, t=17.7273
# xi=0.437781012841, logdetD=-14.771347590233, t=17.7106
# xi=0.838292631535, logdetD=-15.1837337968594, t=17.6161
# xi=1.12425304937, logdetD=-15.2743973227616, t=17.559
# xi=0.556832788627, logdetD=-14.9515413298903, t=17.8998
# xi=1.11194553849, logdetD=-15.2723778377357, t=17.4834
# xi=0.568764027542, logdetD=-14.9660524641324, t=17.714
# xi=1.08748668435, logdetD=-15.2679453605624, t=17.6213
# xi=0.592523189264, logdetD=-14.9933751278353, t=17.8198
# xi=1.05173851646, logdetD=-15.260414678334, t=17.6465
# xi=0.627364240695, logdetD=-15.0299484464684, t=17.654
# xi=1.00678400789, logdetD=-15.2490400364199, t=17.5516
# xi=0.67137389188, logdetD=-15.0708459289869, t=17.6958
# xi=0.954798300269, logdetD=-15.2329836404143, t=17.7031
# xi=0.722541046644, logdetD=-15.1119041915235, t=17.8237
# xi=0.897846635961, logdetD=-15.211395649468, t=17.7423
# xi=0.778936289358, logdetD=-15.1501943686126, t=17.7396
# xi=0.275030390924, logdetD=-14.3590562488623, t=17.8219
# xi=0.552020224951, logdetD=-14.9455311892582, t=17.8159
# xi=0.00233182865211, logdetD=-10.4869390197386, t=17.3032
# xi=0.540100237135, logdetD=-14.93024263333, t=17.7643
# xi=0.0138930440074, logdetD=-11.4652751561604, t=17.5676
# xi=0.516411128485, logdetD=-14.8980685723974, t=17.7493
# xi=0.0369150009357, logdetD=-12.3006379475875, t=17.5769
# xi=0.481787074756, logdetD=-14.8463468579734, t=17.797
# xi=0.0706741249898, logdetD=-12.9511147981785, t=17.6761
# xi=0.438244630077, logdetD=-14.772198083691, t=17.8026
# xi=0.113315653547, logdetD=-13.4488354065568, t=17.7732
# xi=0.387889693936, logdetD=-14.671148722955, t=17.8098
# xi=0.162890103603, logdetD=-13.8316326504442, t=17.6712
# xi=0.332721935354, logdetD=-14.5363984607102, t=17.8294
# xi=0.21752731664, logdetD=-14.1285698379569, t=17.7801
# xi=0.414176201352, logdetD=-14.7261658624639, t=17.8198
# xi=0.553223243488, logdetD=-14.9470421903405, t=17.8354
# xi=0.276214699172, logdetD=-14.3631650252932, t=17.7684
# xi=0.547261844066, logdetD=-14.9394976562668, t=17.8245
# xi=0.282085345644, logdetD=-14.383209301923, t=17.9009
# xi=0.535408548637, logdetD=-14.9240636272675, t=17.7861
# xi=0.293769880499, logdetD=-14.4215709173766, t=17.8934
# xi=0.518069495395, logdetD=-14.9004018849678, t=17.7555
# xi=0.310890140323, logdetD=-14.4743645379111, t=17.8199
# xi=0.496240228436, logdetD=-14.8686552345984, t=17.7078
# xi=0.332491506424, logdetD=-14.5357722819999, t=17.8748
# xi=0.47096215407, logdetD=-14.8289215019643, t=17.7969
# xi=0.357572141072, logdetD=-14.6006621226467, t=17.8006
# xi=0.443226744353, logdetD=-14.7812518371651, t=17.8069
# xi=0.385173336708, logdetD=-14.6651558524627, t=17.8199
# xi=0.136975920186, logdetD=-13.6496432510061, t=17.6514
# xi=0.273846162354, logdetD=-14.3549254502331, t=17.802
# xi=0.0011658754095, logdetD=-10.2735885404791, t=17.2667
# xi=0.267978262734, logdetD=-14.3341217488487, t=17.7424
# xi=0.00694514077989, logdetD=-11.002402584076, t=17.5507
# xi=0.256310830681, logdetD=-14.291021870405, t=17.6894
# xi=0.0184477520994, logdetD=-11.6864847257659, t=17.6351
# xi=0.239243548649, logdetD=-14.2234422874117, t=17.8173
# xi=0.0353013485903, logdetD=-12.2582176335789, t=17.4577
# xi=0.217756245459, logdetD=-14.129627553746, t=17.8667
# xi=0.0565660713968, logdetD=-12.7218743796328, t=17.5792
# xi=0.192873901632, logdetD=-14.0064394259313, t=17.6922
# xi=0.0812555848282, logdetD=-13.0970576120046, t=17.6494
# xi=0.16557237108, logdetD=-13.8486654002922, t=17.8206
# xi=0.108426034582, logdetD=-13.402043573958, t=17.6452
#
# ier=0, integral=-12.811681106374, neval=285, abserr=1.62716e-07, absrel=1.27006e-08
#
# L/R, L, R, T, ldim, F*(L+R)/(ħc)
0.0145227, 1.45227e-07, 1e-05, 0, 689, -142.44285003

# finished at Tue Aug  8 00:04:34 CEST 2017
