# starting on alcc121 at Mon Aug  7 19:46:57 CEST 2017

# L      = 2.95643e-07
# R      = 1e-05
# LbyR   = 0.0295643
# T      = 0
# cutoff = 1e-12
# epsrel = 2e-07
# ldim   = 339
# cores  = 8
# alpha  = 0.0574307015113092
# omegap = 9
# gamma  = 0.035
# quad   = adaptive Gauss-Kronrod
#
# xi=17.4122894843, logdetD=-2.62947853772497, t=4.4938
# xi=4058.19818593, logdetD=-3.234028115576e-106, t=1.32917
# xi=0.0747099602319, logdetD=-6.71252186638501, t=4.03542
# xi=666.870485534, logdetD=-1.96328375920373e-18, t=2.92796
# xi=0.454642740474, logdetD=-7.44990723114893, t=4.0592
# xi=240.288752938, logdetD=-1.19643785516772e-06, t=4.15679
# xi=1.26176452862, logdetD=-7.46819924592633, t=4.07834
# xi=117.321871963, logdetD=-0.00368046939211362, t=5.34358
# xi=2.58423957964, logdetD=-7.02600902483118, t=4.24047
# xi=66.7227794303, logdetD=-0.101727900779561, t=5.24363
# xi=4.54399273641, logdetD=-6.23211706197936, t=4.18712
# xi=41.1996684073, logdetD=-0.543936251353049, t=4.6058
# xi=7.35898702113, logdetD=-5.17320357962884, t=4.25032
# xi=26.5462028325, logdetD=-1.43101146266687, t=4.3229
# xi=11.4211372149, logdetD=-3.93392824424682, t=4.11135
# xi=52.2368684528, logdetD=-0.263296821498623, t=4.85474
# xi=8133.80866135, logdetD=-2.71007526152359e-209, t=1.36955
# xi=17.5617094047, logdetD=-2.6032986009302, t=4.22373
# xi=1351.15326055, logdetD=-1.25972658310518e-36, t=1.8216
# xi=18.3215749652, logdetD=-2.4742181465035, t=4.18886
# xi=497.989795361, logdetD=-7.94891038808652e-14, t=3.36102
# xi=19.9358185415, logdetD=-2.22122021685157, t=4.07932
# xi=252.05603341, logdetD=-5.57137845466411e-07, t=4.01857
# xi=22.5807686436, logdetD=-1.86222175884678, t=4.11693
# xi=150.857848345, logdetD=-0.00040900489281437, t=5.14143
# xi=26.5002749571, logdetD=-1.43537577660312, t=4.37151
# xi=99.8116262989, logdetD=-0.0116039498324922, t=5.42524
# xi=32.1302635265, logdetD=-0.988960659719454, t=4.3332
# xi=70.5046951494, logdetD=-0.079369690310681, t=5.35914
# xi=40.254563914, logdetD=-0.578847330207171, t=4.65752
# xi=5.80409649476, logdetD=-5.73879919129666, t=4.30199
# xi=17.2641408702, logdetD=-2.65570097181915, t=4.22143
# xi=0.0372750131836, logdetD=-6.3531163494161, t=3.97518
# xi=16.5481311328, logdetD=-2.78624770359247, t=4.21259
# xi=0.224391883538, logdetD=-7.22078137184392, t=4.02549
# xi=15.2081954625, logdetD=-3.04842805715118, t=4.28368
# xi=0.608823369291, logdetD=-7.50478081602822, t=4.01572
# xi=13.426815972, logdetD=-3.43644549412778, t=4.16428
# xi=1.20285882858, logdetD=-7.48073815270451, t=4.06406
# xi=11.4409312951, logdetD=-3.92867795148686, t=4.0603
# xi=2.00975838122, logdetD=-7.24240882650862, t=4.18993
# xi=9.43620723291, logdetD=-4.49786188590385, t=4.1576
# xi=3.03760029093, logdetD=-6.84494178460404, t=4.25056
# xi=7.53176275197, logdetD=-5.11353803313939, t=4.29059
# xi=4.30025013855, logdetD=-6.33040868354129, t=4.20047
# xi=10.4473736906, logdetD=-4.20113762199866, t=4.29088
# xi=17.3380572801, logdetD=-2.64258451616734, t=4.19571
# xi=5.83720621349, logdetD=-5.72623118006773, t=4.29875
# xi=16.97478202, logdetD=-2.70768997177608, t=4.2381
# xi=6.00270280141, logdetD=-5.66374127924805, t=4.34902
# xi=16.2742277514, logdetD=-2.83790289903413, t=4.24809
# xi=6.33903805185, logdetD=-5.53847229659374, t=4.29118
# xi=15.2986030795, logdetD=-3.02997112616657, t=4.26975
# xi=6.84923786292, logdetD=-5.35297850343055, t=4.27329
# xi=14.1466296211, logdetD=-3.27392889796306, t=4.2192
# xi=7.52436295283, logdetD=-5.11608028480131, t=4.22306
# xi=12.9084812481, logdetD=-3.55854128399492, t=4.13929
# xi=8.35580264073, logdetD=-4.83776910821261, t=4.24689
# xi=11.6553367734, logdetD=-3.87225958115731, t=4.0994
# xi=9.33580343386, logdetD=-4.52843694603682, t=4.19919
# xi=2.48746992633, logdetD=-7.06378483995371, t=4.18217
# xi=5.77108094534, logdetD=-5.75135319815114, t=4.37193
# xi=0.0186175789854, logdetD=-5.99969765651249, t=4.00618
# xi=5.60883101436, logdetD=-5.81336019670273, t=4.33798
# xi=0.11147763655, logdetD=-6.91081674128141, t=4.0127
# xi=5.29272072032, logdetD=-5.93561758284636, t=4.35114
# xi=0.299181225947, logdetD=-7.32733105051408, t=4.0415
# xi=4.84528181714, logdetD=-6.1117284996631, t=4.28148
# xi=0.581349310763, logdetD=-7.49814629717166, t=4.00399
# xi=4.30585994933, logdetD=-6.32813856609014, t=4.17441
# xi=0.950050883093, logdetD=-7.51902376212743, t=3.98895
# xi=3.71222443327, logdetD=-6.56984091552565, t=4.10875
# xi=1.39695011322, logdetD=-7.43552642879361, t=4.02143
# xi=3.09623607793, logdetD=-6.82118652670468, t=4.20416
# xi=1.91380261527, logdetD=-7.2760836979112, t=4.10971
# xi=121.88602639, logdetD=-0.00272871475222027, t=5.27948
# xi=16285.0296122, logdetD=0, t=0.393651
# xi=52.5357082938, logdetD=-0.258179169643629, t=4.86816
# xi=2719.71881059, logdetD=-4.79512391035007e-72, t=1.47635
# xi=54.0554394147, logdetD=-0.23365481269208, t=4.90007
# xi=1013.39188021, logdetD=-1.01884539416973e-27, t=2.17894
# xi=57.2839265673, logdetD=-0.189020540658321, t=5.03906
# xi=521.524356305, logdetD=-1.7952535354015e-14, t=3.35343
# xi=62.5738267714, logdetD=-0.133566975765965, t=5.1272
# xi=319.127986174, logdetD=-7.26961960557014e-09, t=3.40471
# xi=70.4128393985, logdetD=-0.0798495530202341, t=5.45195
# xi=217.035542082, logdetD=-5.43119099085397e-06, t=4.46943
# xi=81.6728165373, logdetD=-0.0381417866120533, t=5.45609
# xi=158.421679783, logdetD=-0.000249320245179388, t=4.94629
# xi=97.9214173123, logdetD=-0.013135694344725, t=5.42268
# xi=29.0204824738, logdetD=-1.21469170379679, t=4.36654
# xi=51.9405712246, logdetD=-0.268471241387834, t=4.81867
# xi=17.4868395106, logdetD=-2.61638318342101, t=4.19836
# xi=50.5085517499, logdetD=-0.294952058193272, t=4.84725
# xi=17.8610732514, logdetD=-2.55164406356088, t=4.18058
# xi=47.8286804093, logdetD=-0.351742527742364, t=4.73669
# xi=18.6299362229, logdetD=-2.42371537205725, t=4.0924
# xi=44.2659214284, logdetD=-0.444573689480496, t=4.70357
# xi=19.8180071414, logdetD=-2.23875896708055, t=4.05782
# xi=40.2941520744, logdetD=-0.57734080176522, t=4.66559
# xi=21.4318062467, logdetD=-2.01029807896784, t=4.03975
# xi=36.2847039501, logdetD=-0.751852622544485, t=4.52236
# xi=23.4874900661, logdetD=-1.75322276814597, t=4.17841
# xi=32.4758149882, logdetD=-0.966646813804553, t=4.29646
# xi=26.0127897614, logdetD=-1.48253843864448, t=4.32189
# xi=4.01822065022, logdetD=-6.44493724667427, t=4.16565
# xi=5.78757697401, logdetD=-5.74507795316678, t=4.29744
# xi=2.49962277636, logdetD=-7.05906319661792, t=4.17196
# xi=5.70605144202, logdetD=-5.77614348513954, t=4.31209
# xi=2.56007244017, logdetD=-7.03548018297372, t=4.16231
# xi=5.54556129447, logdetD=-5.83767877408019, t=4.30152
# xi=2.68142533626, logdetD=-6.98769756809771, t=4.19545
# xi=5.31458089134, logdetD=-5.92710312794347, t=4.2957
# xi=2.86177080679, logdetD=-6.91580063590931, t=4.19497
# xi=5.0300006327, logdetD=-6.03861141254196, t=4.26479
# xi=3.09373457695, logdetD=-6.82220102995408, t=4.17161
# xi=4.70881630623, logdetD=-6.16609223459625, t=4.22742
# xi=3.3694388292, logdetD=-6.70995994442247, t=4.15206
# xi=4.36631811172, logdetD=-6.30369542306095, t=4.19687
# xi=3.68107573158, logdetD=-6.58257564444785, t=4.1392
# xi=1.16081929895, logdetD=-7.48896219674722, t=4.00345
# xi=2.47533190175, logdetD=-7.0684939064878, t=4.15912
# xi=0.00930381557696, logdetD=-5.67608951843398, t=3.96073
# xi=2.41539334258, logdetD=-7.09164322621142, t=4.17148
# xi=0.0555609610028, logdetD=-6.56055099369367, t=3.98812
# xi=2.29722304483, logdetD=-7.13672038475827, t=4.15558
# xi=0.148316412753, logdetD=-7.0443388304312, t=4.01517
# xi=2.12673924138, logdetD=-7.20018010092211, t=4.1482
# xi=0.285901909156, logdetD=-7.31156207234686, t=4.0665
# xi=1.91602450649, logdetD=-7.27531482889913, t=4.14093
# xi=0.462410402841, logdetD=-7.4538717838887, t=4.059
# xi=1.67731417131, logdetD=-7.35442829926387, t=4.12458
# xi=0.671537077067, logdetD=-7.51599738337554, t=4.10999
# xi=1.42171413865, logdetD=-7.42902342523406, t=4.09825
# xi=0.907053705586, logdetD=-7.52235653933413, t=4.05337
# xi=261.184342264, logdetD=-3.08132341403908e-07, t=3.93284
# xi=32587.4715138, logdetD=0, t=0.37872
# xi=122.483706072, logdetD=-0.00262387642653189, t=5.2773
# xi=5456.84991066, logdetD=-1.06067814457056e-141, t=1.23355
# xi=125.523168314, logdetD=-0.0021499192496331, t=5.28119
# xi=2044.1960499, logdetD=-1.17541881222324e-54, t=1.47707
# xi=131.980142619, logdetD=-0.00140817035904537, t=5.18195
# xi=1060.46100209, logdetD=-5.75293576182335e-29, t=2.00303
# xi=142.559943027, logdetD=-0.000704163763253323, t=5.16945
# xi=655.668261832, logdetD=-3.95007513129195e-18, t=2.99477
# xi=158.237968281, logdetD=-0.000252335054232176, t=4.94576
# xi=451.483373648, logdetD=-1.51896636681922e-12, t=3.45785
# xi=180.757922559, logdetD=-5.78862067457671e-05, t=4.8969
# xi=334.25564905, logdetD=-2.74348596060308e-09, t=3.41012
# xi=213.255124109, logdetD=-6.94768442700635e-06, t=4.4749
# xi=75.4532544319, logdetD=-0.0573629447349072, t=5.44088
# xi=121.293431933, logdetD=-0.00283679871651869, t=5.31669
# xi=52.3859685056, logdetD=-0.260730897164006, t=4.88076
# xi=118.429392984, logdetD=-0.00342270309233246, t=5.31698
# xi=53.134435987, logdetD=-0.248223705132448, t=4.89669
# xi=113.069650303, logdetD=-0.00486391503670824, t=5.35386
# xi=54.67216193, logdetD=-0.224380969778166, t=4.92393
# xi=105.944132341, logdetD=-0.00776107025181348, t=5.38078
# xi=57.0483037671, logdetD=-0.191967378963189, t=5.03664
# xi=98.0005936331, logdetD=-0.0130676491221634, t=5.48889
# xi=60.2759019777, logdetD=-0.15531223262369, t=5.11485
# xi=89.9816973845, logdetD=-0.0221133630127546, t=5.27516
# xi=64.3872696166, logdetD=-0.118579034094679, t=5.15244
# xi=82.3639194607, logdetD=-0.0364509141297841, t=5.3874
# xi=69.437869007, logdetD=-0.0851252767333195, t=5.3458
# xi=1.80127132596, logdetD=-7.31427586569298, t=4.09028
# xi=2.48139906255, logdetD=-7.06614095132871, t=4.1727
# xi=1.16611081681, logdetD=-7.48796224386549, t=4.04914
# xi=2.45136625101, logdetD=-7.07777109624839, t=4.20592
# xi=1.19238031516, logdetD=-7.48284693124877, t=4.07443
# xi=2.39188959917, logdetD=-7.10067094514585, t=4.20748
# xi=1.24486079098, logdetD=-7.47191255861246, t=4.06547
# xi=2.30545485483, logdetD=-7.13360663839884, t=4.19777
# xi=1.32222892433, logdetD=-7.45421042567843, t=4.13297
# xi=2.19758502031, logdetD=-7.17405993809322, t=4.19306
# xi=1.42065922781, logdetD=-7.4293034271793, t=4.12568
# xi=2.07397497944, logdetD=-7.21937491199266, t=4.19579
# xi=1.53609511846, logdetD=-7.39720306640946, t=4.13042
# xi=1.93992994817, logdetD=-7.26700875610976, t=4.18945
# xi=1.66458554596, logdetD=-7.35842254462364, t=4.07213
# xi=0.561686757557, logdetD=-7.49267071517787, t=3.98916
# xi=1.15553079451, logdetD=-7.48995114511447, t=4.01804
# xi=0.00465066530591, logdetD=-5.39879285479669, t=3.93974
# xi=1.1293651818, logdetD=-7.49468697523548, t=4.01374
# xi=0.0277362286665, logdetD=-6.20043469587017, t=3.96659
# xi=1.07753154473, logdetD=-7.50325377367121, t=4.01059
# xi=0.0738437091344, logdetD=-6.7066006729078, t=4.00571
# xi=1.002167206, logdetD=-7.51356907994082, t=4.00193
# xi=0.141786916097, logdetD=-7.02383685701529, t=4.03792
# xi=0.908051861169, logdetD=-7.52229200044393, t=4.01268
# xi=0.228175424944, logdetD=-7.22737955097672, t=4.06222
# xi=0.80011959366, logdetD=-7.52529196960969, t=4.00856
# xi=0.329416265438, logdetD=-7.35931984178703, t=4.06295
# xi=0.682974616819, logdetD=-7.51751523951508, t=4.04429
# xi=0.442013994812, logdetD=-7.44312210216051, t=4.04
# xi=0.856342105784, logdetD=-7.52477259052616, t=4.03997
# xi=1.15817467021, logdetD=-7.48945805190488, t=4.06237
# xi=0.564164211193, logdetD=-7.49339583315542, t=4.04046
# xi=1.14507891197, logdetD=-7.49187454904344, t=4.08967
# xi=0.576452638863, logdetD=-7.49684159513721, t=4.01259
# xi=1.11908183979, logdetD=-7.49647470333638, t=4.03448
# xi=0.60094852054, logdetD=-7.50299487561086, t=4.00724
# xi=1.08115299642, logdetD=-7.50269216992402, t=4.0066
# xi=0.636931284865, logdetD=-7.51044302078906, t=3.98107
# xi=1.03356968954, logdetD=-7.50959957136081, t=4.00908
# xi=0.682487713258, logdetD=-7.51745369442511, t=3.99513
# xi=0.978701029209, logdetD=-7.5162070972079, t=4.00434
# xi=0.735600578087, logdetD=-7.52265498928846, t=4.00983
# xi=0.91878343631, logdetD=-7.52155867512274, t=4.01447
# xi=0.794324720319, logdetD=-7.52520395319009, t=4.03772
# xi=0.276385547369, logdetD=-7.2995333603785, t=4.04361
# xi=0.559209986696, logdetD=-7.49193537893184, t=4.05101
# xi=0.00232502215674, logdetD=-5.17549524663909, t=4.01655
# xi=0.546945097225, logdetD=-7.48813723572325, t=4.08505
# xi=0.0138570777869, logdetD=-5.85715640195576, t=3.97222
# xi=0.5225957727, logdetD=-7.47978494474677, t=4.03691
# xi=0.0368437293546, logdetD=-6.3470716124007, t=4.02354
# xi=0.487066992283, logdetD=-7.46547013557875, t=4.06045
# xi=0.0706059885179, logdetD=-6.68377940831802, t=4.01614
# xi=0.442488042618, logdetD=-7.44338462364045, t=4.04703
# xi=0.113345060069, logdetD=-6.91879666333155, t=3.99382
# xi=0.391074578849, logdetD=-7.4109730733628, t=4.02435
# xi=0.163164708206, logdetD=-7.08701471680043, t=4.01015
# xi=0.334918926754, logdetD=-7.36461637724179, t=4.00207
# xi=0.218237005252, logdetD=-7.20970535845219, t=4.01666
# xi=0.417894947623, logdetD=-7.42891199356536, t=4.02371
# xi=0.560448286798, logdetD=-7.49230432968336, t=3.98778
# xi=0.277585177639, logdetD=-7.30108495297113, t=4.01027
# xi=0.554312903496, logdetD=-7.49045043944481, t=3.98901
# xi=0.283532986642, logdetD=-7.30862671887405, t=4.02097
# xi=0.54211998758, logdetD=-7.48656976213225, t=4.0102
# xi=0.295377100821, logdetD=-7.3229293536584, t=4.06499
# xi=0.524299267001, logdetD=-7.48040598765506, t=4.08637
# xi=0.312745617273, logdetD=-7.34231536006262, t=4.06824
# xi=0.501889118928, logdetD=-7.47176768139243, t=4.02201
# xi=0.334684747101, logdetD=-7.36439402411847, t=4.07438
# xi=0.475973867205, logdetD=-7.46043188252801, t=4.04217
# xi=0.360191944297, logdetD=-7.38711208815071, t=4.04187
# xi=0.447583050111, logdetD=-7.44616721483342, t=4.10414
# xi=0.388305381197, logdetD=-7.40898079796961, t=4.01976
# xi=0.137104641608, logdetD=-7.00840114181797, t=4.01013
# xi=0.275186079794, logdetD=-7.29797154002187, t=4.08113
# xi=0.00116243346987, logdetD=-5.0059416109256, t=3.92458
# xi=0.269243879545, logdetD=-7.29007706150217, t=4.00939
# xi=0.00692578304926, logdetD=-5.55174894151064, t=3.94358
# xi=0.25743468733, logdetD=-7.27357317639164, t=4.03959
# xi=0.0184023952999, logdetD=-5.99397265799873, t=3.9585
# xi=0.240174345803, logdetD=-7.24731163839671, t=4.01198
# xi=0.0352315631199, logdetD=-6.32384923217029, t=3.96967
# xi=0.218468121802, logdetD=-7.21012915877329, t=4.02105
# xi=0.0564886739098, logdetD=-6.56911992868234, t=3.99117
# xi=0.193365821472, logdetD=-7.16011859336647, t=4.00421
# xi=0.0812018962742, logdetD=-6.754629751474, t=4.03751
# xi=0.165864294301, logdetD=-7.09424350533008, t=3.99819
# xi=0.108438942649, logdetD=-6.89748996796847, t=4.01282
# xi=0.206469835782, logdetD=-7.1872663758807, t=4.02791
# xi=0.275785793247, logdetD=-7.29875373421932, t=4.03642
# xi=0.137695027847, logdetD=-7.01038292331007, t=4.03517
# xi=0.272813992463, logdetD=-7.29485176076983, t=4.07657
# xi=0.140621587628, logdetD=-7.02005458488685, t=4.03036
# xi=0.266905038852, logdetD=-7.28689634564155, t=4.09106
# xi=0.14644641287, logdetD=-7.03858377806785, t=4.04721
# xi=0.258261395244, logdetD=-7.27476539656317, t=4.09819
# xi=0.154980986375, logdetD=-7.06413271165284, t=4.01393
# xi=0.24737934758, logdetD=-7.25860142392467, t=4.08012
# xi=0.165749423811, logdetD=-7.09393899724771, t=4.01084
# xi=0.234778044448, logdetD=-7.23852871658963, t=4.03342
# xi=0.178252301814, logdetD=-7.12556683135984, t=4.00356
# xi=0.220951741848, logdetD=-7.2146441029063, t=4.01719
# xi=0.192011697722, logdetD=-7.15717167881688, t=4.02121
# xi=0.0682834881736, logdetD=-6.66669884795266, t=3.99349
# xi=0.13651429509, logdetD=-7.00640898803438, t=4.00644
# xi=0.000581197334748, logdetD=-4.8843479577728, t=3.89339
# xi=0.133589104635, logdetD=-6.99637963503657, t=3.99544
# xi=0.00346220297455, logdetD=-5.29700162215798, t=3.93602
# xi=0.127772805263, logdetD=-6.9756183529224, t=4.00176
# xi=0.00919633801768, logdetD=-5.67102841288287, t=3.94906
# xi=0.119264641571, logdetD=-6.94310017634295, t=4.03014
# xi=0.0175979779199, logdetD=-5.97204215095493, t=3.94117
# xi=0.108553065322, logdetD=-6.89799834716405, t=3.99163
# xi=0.0281985962351, logdetD=-6.20891196445946, t=3.95137
# xi=0.0961490367303, logdetD=-6.83878246270699, t=3.98533
# xi=0.0405064974788, logdetD=-6.39633906792881, t=3.95388
# xi=0.0825390260359, logdetD=-6.76284011920997, t=3.98302
# xi=0.0540511634456, logdetD=-6.54628198000896, t=3.98501
#
# ier=0, integral=-7.19931425125488, neval=285, abserr=1.14768e-06, absrel=1.59415e-07
#
# L/R, L, R, T, ldim, F*(L+R)/(ħc)
0.0295643, 2.95643e-07, 1e-05, 0, 339, -39.90222719927986

# finished at Mon Aug  7 20:06:37 CEST 2017
