# starting on alcc118 at Di 20. Feb 18:40:45 CET 2018
# compiler: icc
# compile time: Feb  1 2018 09:49:34
# compiled on: Linux alcc83 3.16.0-4-amd64 #1 SMP Debian 3.16.51-3 (2017-12-13) x86_64 GNU/Linux
# LAPACK support: false
# git HEAD: b96c9c30c7b1cdd2d059ceccd0396c6d55d3da95
# git branch: dev
#
# LbyR = 0.02455
# L = 3.437e-06
# R = 0.00014
# T = 300
# cutoff = 5e-08
# epsrel = 1e-07
# iepsrel = 2e-07
# ldim = 326
# cores = 4
# alpha = 0.0479234786003611
# filename = /alcc/gpfs1/home/u/hartmmic/libcasimir-dev/data/materials/GoldDalvit.dat
# model = optical data (xi=0: Drude)
# plasma = -10.548492536244 (logdetD(xi=0) for plasma model with omegap=1.36734e+16eV)
#
# xi=0, logdetD=-5.71801778634615, t=0.856865
# xi=118.072454468336, logdetD=-0.0326858808506542, t=7.92308
# xi=236.144908936671, logdetD=-0.000106413434495347, t=6.37988
# xi=354.217363405007, logdetD=-3.46183723208138e-07, t=4.03927
#
# 154 determinants computed
#
# L/R, L, R, T, ldim, F*(L+R)/(ħc)
0.02455, 3.437e-06, 0.00014, 300, 326, -108.6843975530206
# finished at Di 20. Feb 18:41:05 CET 2018
