# starting on alcc124 at Mi 14. Feb 11:22:26 CET 2018
# compiler: icc
# compile time: Feb  1 2018 09:49:34
# compiled on: Linux alcc83 3.16.0-4-amd64 #1 SMP Debian 3.16.51-3 (2017-12-13) x86_64 GNU/Linux
# LAPACK support: false
# git HEAD: b96c9c30c7b1cdd2d059ceccd0396c6d55d3da95
# git branch: dev
#
# LbyR = 0.009325
# L = 1.3055e-06
# R = 0.00014
# T = 300
# cutoff = 5e-08
# epsrel = 1e-07
# iepsrel = 2e-07
# ldim = 858
# cores = 4
# alpha = 0.0184776954895599
# filename = /alcc/gpfs1/home/u/hartmmic/libcasimir-dev/data/materials/GoldDalvit.dat
# model = optical data (xi=0: Drude)
# plasma = -29.4842193436863 (logdetD(xi=0) for plasma model with omegap=1.36734e+16eV)
#
# xi=0, logdetD=-15.6535675973783, t=3.31568
# xi=116.317876244452, logdetD=-2.89995324332735, t=48.8675
# xi=232.635752488903, logdetD=-0.312425831896577, t=50.7205
# xi=348.953628733355, logdetD=-0.0339994968255817, t=51.0347
# xi=465.271504977807, logdetD=-0.00370700318723559, t=48.6608
# xi=581.589381222258, logdetD=-0.000404721297021408, t=45.2732
# xi=697.90725746671, logdetD=-4.42447593320591e-05, t=40.2659
# xi=814.225133711161, logdetD=-4.8485734408187e-06, t=33.36
# xi=930.543009955613, logdetD=-5.30846395645212e-07, t=26.6523
#
# 634 determinants computed
#
# L/R, L, R, T, ldim, F*(L+R)/(ħc)
0.009325000000000002, 1.3055e-06, 0.00014, 300, 858, -410.1393501925918
# finished at Mi 14. Feb 11:28:15 CET 2018
