# starting on alcc97 at Di 27. Mär 08:29:20 CEST 2018
# compiler: icc
# compile time: Mar 20 2018 10:17:31
# compiled on: Linux alcc83 3.16.0-4-amd64 #1 SMP Debian 3.16.51-3 (2017-12-13) x86_64 GNU/Linux
# LAPACK support: false
# git HEAD: 6d0c9d2b97f5bf34953fe6036ede8a0e34487fd7
# git branch: master
# pid: 18537
# start time: Tue Mar 27 08:29:21 2018
#
# LbyR = 0.005
# RbyL = 200
# L = 5e-07
# R = 0.0001
# T = 300
# cutoff = 1e-15
# epsrel = 1e-10
# iepsrel = 1e-08
# ldim = 200
# cores = 3
# alpha = 0.00995024875621891
# model = perfect reflectors
#
# xi=0, logdetD=-54.5162828478472, t=0.146235
# xi=82.7281780437944, logdetD=-18.3288153781125, t=27.8874
# xi=165.456356087589, logdetD=-6.5607671940854, t=28.9093
# xi=248.184534131383, logdetD=-2.37737138999747, t=30.1635
# xi=330.912712175178, logdetD=-0.874707209469609, t=30.6397
# xi=413.640890218972, logdetD=-0.327251044094183, t=31.3097
# xi=496.369068262766, logdetD=-0.124432970706345, t=31.5765
# xi=579.097246306561, logdetD=-0.048017434434861, t=31.4873
# xi=661.825424350355, logdetD=-0.0187716498093861, t=31.3849
# xi=744.55360239415, logdetD=-0.0074212259843478, t=31.2542
# xi=827.281780437944, logdetD=-0.00296219981258973, t=30.5398
# xi=910.009958481738, logdetD=-0.00119208165256819, t=29.6236
# xi=992.738136525533, logdetD=-0.000483095463174416, t=28.8291
# xi=1075.46631456933, logdetD=-0.000196953917276065, t=27.8865
# xi=1158.19449261312, logdetD=-8.0713366797424e-05, t=26.9737
# xi=1240.92267065692, logdetD=-3.32263310999466e-05, t=26.4682
# xi=1323.65084870071, logdetD=-1.37319820401764e-05, t=25.982
# xi=1406.3790267445, logdetD=-5.6950412060464e-06, t=25.9021
# xi=1489.1072047883, logdetD=-2.36921944104306e-06, t=25.69
# xi=1571.83538283209, logdetD=-9.88363898852065e-07, t=25.6272
# xi=1654.56356087589, logdetD=-4.13343914787719e-07, t=25.0574
# xi=1737.29173891968, logdetD=-1.7325533664041e-07, t=24.8026
# xi=1820.01991696348, logdetD=-7.27701761208166e-08, t=24.5149
# xi=1902.74809500727, logdetD=-3.06221300088492e-08, t=24.0576
# xi=1985.47627305107, logdetD=-1.29081831296362e-08, t=23.8097
# xi=2068.20445109486, logdetD=-5.44984154106971e-09, t=23.481
#
# 5045 determinants computed
# stop time: Tue Mar 27 08:40:55 2018
#
# L/R, L, R, T, ldim, F*(L+R)/(ħc)
0.004999999999999999, 5e-07, 0.0001, 300, 200, -1472.833313294444
# finished at Di 27. Mär 08:40:56 CEST 2018
