# starting on alcc90 at Di 27. Mär 10:35:28 CEST 2018
# compiler: icc
# compile time: Mar 20 2018 10:17:31
# compiled on: Linux alcc83 3.16.0-4-amd64 #1 SMP Debian 3.16.51-3 (2017-12-13) x86_64 GNU/Linux
# LAPACK support: false
# git HEAD: 6d0c9d2b97f5bf34953fe6036ede8a0e34487fd7
# git branch: master
# pid: 30887
# start time: Tue Mar 27 10:35:29 2018
#
# LbyR = 0.005
# RbyL = 200
# L = 5e-07
# R = 0.0001
# T = 0
# cutoff = 1e-15
# epsrel = 1e-10
# iepsrel = 1e-08
# ldim = 934
# cores = 5
# alpha = 0.00995024875621891
# quad = adaptive Gauss-Kronrod
#
# xi=100.5, logdetD=-19.2780056794486, t=97.5544
# xi=23423.0494533, logdetD=-5.16590599532876e-101, t=4.78831
# xi=0.431209865313, logdetD=-57.3423280894242, t=88.3015
# xi=3849.03340004, logdetD=-7.90575604694408e-16, t=42.5627
# xi=2.62410037801, logdetD=-56.3480028580094, t=89.4277
# xi=1386.89514048, logdetD=-4.80361912841807e-05, t=94.7015
# xi=7.28263421309, logdetD=-53.597440294441, t=90.2392
# xi=677.156679651, logdetD=-0.0587801983027696, t=108.701
# xi=14.9156765392, logdetD=-49.1027389485547, t=91.7105
# xi=385.109570961, logdetD=-1.08334361166492, t=106.551
# xi=26.2269513967, logdetD=-43.1306192665278, t=92.4084
# xi=237.795648796, logdetD=-4.73803674439005, t=102.698
# xi=42.4744945971, logdetD=-35.9426074190078, t=94.2122
# xi=153.218988639, logdetD=-11.1721667145408, t=99.6414
# xi=65.9203541918, logdetD=-27.826634827144, t=95.3996
# xi=301.5, logdetD=-2.49929685045335, t=104.664
# xi=46946.5989067, logdetD=-5.986815207224e-203, t=4.79464
# xi=101.362419731, logdetD=-19.1045605763105, t=97.3148
# xi=7798.56680008, logdetD=-4.30087142388791e-33, t=10.7846
# xi=105.748200756, logdetD=-18.2476716524115, t=97.4743
# xi=2874.29028095, logdetD=-1.47777063487725e-11, t=55.7885
# xi=115.065268426, logdetD=-16.5588519139312, t=98.3567
# xi=1454.8133593, logdetD=-2.4269298926414e-05, t=92.5243
# xi=130.331353078, logdetD=-14.136360188669, t=98.7962
# xi=870.719141923, logdetD=-0.00849752450015928, t=108.031
# xi=152.953902793, logdetD=-11.202540071595, t=99.7056
# xi=576.091297592, logdetD=-0.161155918468366, t=108.814
# xi=185.448989194, logdetD=-8.04303455751179, t=100.745
# xi=406.937977278, logdetD=-0.87121308069842, t=107.069
# xi=232.340708384, logdetD=-5.00569500108972, t=102.994
# xi=33.5, logdetD=-39.7273458540296, t=93.3645
# xi=99.6449179769, logdetD=-19.4516208172474, t=97.4043
# xi=0.215143380676, logdetD=-57.3887283140708, t=88.271
# xi=95.5122633557, logdetD=-20.3143804162785, t=97.2436
# xi=1.29514182015, logdetD=-57.0201650943079, t=88.9844
# xi=87.7784420803, logdetD=-22.0401398184663, t=96.2108
# xi=3.51399789609, logdetD=-55.8476217725918, t=89.3062
# xi=77.4967017639, logdetD=-24.5812943585923, t=96.6846
# xi=6.94264314761, logdetD=-53.8030200194661, t=90.1757
# xi=66.0346013769, logdetD=-27.792415626475, t=95.4464
# xi=11.599894287, logdetD=-51.0166607935361, t=90.6792
# xi=54.4637640997, logdetD=-31.5050618927609, t=94.7833
# xi=17.5323773197, logdetD=-47.6438552938771, t=92.0133
# xi=43.4717190554, logdetD=-35.5479095407635, t=94.1891
# xi=24.8201214042, logdetD=-43.8268309732538, t=92.5949
# xi=703.5, logdetD=-0.0451862358136366, t=109.042
# xi=93993.6978134, logdetD=0, t=0.554472
# xi=303.224839461, logdetD=-2.45649033911986, t=104.527
# xi=15697.6336002, logdetD=-1.78740905218043e-67, t=5.3149
# xi=311.996401512, logdetD=-2.24994169992969, t=104.962
# xi=5849.0805619, logdetD=-1.40020479600373e-24, t=19.3597
# xi=330.630536852, logdetD=-1.86721615476436, t=104.957
# xi=3010.1267186, logdetD=-3.75138298620439e-12, t=54.3519
# xi=361.162706157, logdetD=-1.37608035449075, t=105.422
# xi=1841.93828385, logdetD=-4.92715532319248e-07, t=75.8567
# xi=406.407805587, logdetD=-0.875835696561801, t=107.12
# xi=1252.68259518, logdetD=-0.000184943281794752, t=98.367
# xi=471.397978388, logdetD=-0.457926971431613, t=107.966
# xi=914.375954556, logdetD=-0.00549068992550238, t=106.264
# xi=565.181416767, logdetD=-0.179685968359401, t=108.49
# xi=167.5, logdetD=-9.65499128274041, t=99.6958
# xi=299.789835954, logdetD=-2.54247991633966, t=104.704
# xi=100.930286761, logdetD=-19.1912615138145, t=97.577
# xi=291.524526711, logdetD=-2.76200739096494, t=104.679
# xi=103.09028364, logdetD=-18.7620068307826, t=97.4974
# xi=276.056884161, logdetD=-3.22542806688229, t=103.687
# xi=107.527995792, logdetD=-17.9115894342341, t=97.6733
# xi=255.493403528, logdetD=-3.96524934271469, t=103.413
# xi=114.385286295, logdetD=-16.6763673646779, t=98.0722
# xi=232.569202754, logdetD=-4.99418210356451, t=102.734
# xi=123.699788574, logdetD=-15.1397672532283, t=98.3772
# xi=209.427528199, logdetD=-6.30817883681599, t=102.329
# xi=135.564754639, logdetD=-13.3934622748594, t=99.1432
# xi=187.443438111, logdetD=-7.88178815508261, t=100.869
# xi=150.140242808, logdetD=-11.5302233679686, t=99.3898
# xi=60.3, logdetD=-29.5684059947865, t=95.128
# xi=100.07154764, logdetD=-19.3647923523913, t=97.6328
# xi=33.6911021945, logdetD=-39.6421632372482, t=93.3045
# xi=97.9748007605, logdetD=-19.7955129989304, t=97.2709
# xi=34.6463130013, logdetD=-39.2195010839549, t=93.4567
# xi=93.9313517897, logdetD=-20.655082133377, t=97.2328
# xi=36.5875679236, logdetD=-38.376287297259, t=93.5105
# xi=88.3002554536, logdetD=-21.9189171684851, t=96.0704
# xi=39.5323317962, logdetD=-37.1362954096732, t=93.5855
# xi=81.6513117478, logdetD=-23.5184804622678, t=95.928
# xi=43.4290090021, logdetD=-35.5647134045901, t=94.2798
# xi=74.5049849193, logdetD=-25.3786669063876, t=96.4855
# xi=48.2279005384, logdetD=-33.7313426330689, t=94.5509
# xi=67.2721038083, logdetD=-27.4246916576784, t=95.4695
# xi=53.884254908, logdetD=-31.7049010316415, t=94.6566
# xi=14.3571428571, logdetD=-49.4201476276041, t=91.6625
# xi=33.3094413305, logdetD=-39.8124946716012, t=93.4463
# xi=0.107456672468, logdetD=-57.4018879753434, t=88.1569
# xi=32.3729695312, logdetD=-40.2339916225549, t=93.5176
# xi=0.643425006423, logdetD=-57.2788058940857, t=88.5985
# xi=30.5484487191, logdetD=-41.069950583069, t=93.19
# xi=1.72680986236, logdetD=-56.8166604110052, t=89.211
# xi=27.9659273447, logdetD=-42.2874703699544, t=92.8685
# xi=3.3554235234, logdetD=-55.938533983834, t=89.5052
# xi=24.8525000287, logdetD=-43.8106636215063, t=92.4101
# xi=5.48348991309, logdetD=-54.6836281691546, t=90.2452
# xi=21.4261631637, logdetD=-45.5598384078249, t=92.2811
# xi=8.06289641034, logdetD=-53.1261279481444, t=90.3016
# xi=17.870810505, logdetD=-47.4585951857012, t=92.014
# xi=11.0460581883, logdetD=-51.3429322573385, t=90.897
# xi=1507.5, logdetD=-1.42870939562044e-05, t=90.5978
# xi=188087.895627, logdetD=0, t=0.680985
# xi=706.949678923, logdetD=-0.0436562508085785, t=108.712
# xi=31495.7672003, logdetD=-5.12196444026571e-136, t=4.69597
# xi=724.492803024, logdetD=-0.0366406083462387, t=108.482
# xi=11798.6611238, logdetD=-1.60774289323033e-50, t=6.02836
# xi=761.761073705, logdetD=-0.0252517562094977, t=108.639
# xi=6120.7534372, logdetD=-9.09755210053631e-26, t=17.5188
# xi=822.825412313, logdetD=-0.013717272598839, t=108.29
# xi=3784.37656769, logdetD=-1.51772151681654e-15, t=43.4626
# xi=913.315611173, logdetD=-0.0055492533570553, t=106.367
# xi=2605.86519037, logdetD=-2.21914093081775e-10, t=58.9117
# xi=1043.29595678, logdetD=-0.001510223833301, t=103.526
# xi=1929.25190911, logdetD=-2.04379540894854e-07, t=70.9495
# xi=1230.86283353, logdetD=-0.000230228650896348, t=98.5756
# xi=435.5, logdetD=-0.655140200269082, t=107.131
# xi=700.079671908, logdetD=-0.0467560884986344, t=108.675
# xi=302.360573523, logdetD=-2.47784644246115, t=104.484
# xi=683.549053423, logdetD=-0.0551462460296502, t=109.081
# xi=306.680567281, logdetD=-2.37293254586017, t=104.542
# xi=652.613768321, logdetD=-0.0750978424661603, t=108.543
# xi=315.555991584, logdetD=-2.17118658376813, t=105.282
# xi=611.486807056, logdetD=-0.113207480069197, t=109.07
# xi=329.27057259, logdetD=-1.89278886898799, t=104.985
# xi=565.638405508, logdetD=-0.178868665937728, t=108.413
# xi=347.899577148, logdetD=-1.57110983077976, t=105.783
# xi=519.355056399, logdetD=-0.28381970799103, t=107.891
# xi=371.629509279, logdetD=-1.23946117106968, t=106.518
# xi=475.386876222, logdetD=-0.440063317991179, t=107.942
# xi=400.780485617, logdetD=-0.926441168221806, t=107.106
# xi=23.1923076923, logdetD=-44.6484804582028, t=92.2586
# xi=33.4046528697, logdetD=-39.7699244959596, t=93.1496
# xi=14.4272865008, logdetD=-49.3801714833851, t=91.8048
# xi=32.934104986, logdetD=-39.9808203550775, t=93.2653
# xi=14.7761889939, logdetD=-49.1818127652115, t=91.7931
# xi=32.0077902793, logdetD=-40.3997376417283, t=93.229
# xi=15.4766118802, logdetD=-48.786074463751, t=91.5795
# xi=30.6746209372, logdetD=-41.0115046901146, t=93.2329
# xi=16.5175272524, logdetD=-48.2041082193354, t=91.9941
# xi=29.0320847263, logdetD=-41.779886675997, t=93.1107
# xi=17.8563723779, logdetD=-47.4664826066631, t=92.0175
# xi=27.1782776874, logdetD=-42.6670028104147, t=92.951
# xi=19.4476781839, logdetD=-46.6057894510763, t=92.0532
# xi=25.2014515738, logdetD=-43.6368564850876, t=92.3724
# xi=21.2463795389, logdetD=-45.6537849088382, t=92.2336
# xi=6.7, logdetD=-53.9497375072, t=90.2603
# xi=14.2870847829, logdetD=-49.4601076106937, t=91.5237
# xi=0.0536996278593, logdetD=-57.4053080872285, t=87.8516
# xi=13.941132276, logdetD=-49.6579090697533, t=90.9066
# xi=0.320685949187, logdetD=-57.3689060435485, t=88.3514
# xi=13.2590786648, logdetD=-50.0501726425659, t=90.7957
# xi=0.856050520819, logdetD=-57.2030218851834, t=88.609
# xi=12.2750827197, logdetD=-50.6213197411532, t=90.9093
# xi=1.65016449423, logdetD=-56.8541217344729, t=89.2599
# xi=11.0588824678, logdetD=-51.3353577844085, t=90.6678
# xi=2.66893365904, logdetD=-56.3234589496851, t=89.1791
# xi=9.68109761606, logdetD=-52.1540416158108, t=90.3096
# xi=3.87596796539, logdetD=-55.6379565371512, t=89.4604
# xi=8.20582905326, logdetD=-53.0399210890483, t=90.4606
# xi=5.23531942734, logdetD=-54.8325847256328, t=90.012
# xi=10.3965517241, logdetD=-51.7277141625634, t=90.714
# xi=14.3221031336, logdetD=-49.4401296446598, t=91.6209
# xi=6.73054150606, logdetD=-53.9312717996742, t=90.217
# xi=14.1487601874, logdetD=-49.5391011701581, t=91.0046
# xi=6.88216341578, logdetD=-53.8395918856233, t=90.3317
# xi=13.8054737106, logdetD=-49.7356879797698, t=90.9469
# xi=7.18506946526, logdetD=-53.6564289019402, t=90.5021
# xi=13.3065909063, logdetD=-50.0227497909377, t=90.9247
# xi=7.63162173564, logdetD=-53.3865155141623, t=90.263
# xi=12.6839893594, logdetD=-50.3832390377468, t=90.9521
# xi=8.19974033419, logdetD=-53.0435923147208, t=90.4917
# xi=11.9705387176, logdetD=-50.7993012428234, t=90.7595
# xi=8.86601153425, logdetD=-52.6425123246913, t=90.4873
# xi=11.1968595495, logdetD=-51.2539214648972, t=90.6727
# xi=9.60763072085, logdetD=-52.1979552111791, t=90.481
# xi=3.24193548387, logdetD=-56.0031949254855, t=89.5342
# xi=6.66947588671, logdetD=-53.9681919798607, t=90.146
# xi=0.0268426425868, logdetD=-57.406167622683, t=87.4734
# xi=6.51845358264, logdetD=-54.0594844950459, t=90.2544
# xi=0.160087562494, logdetD=-57.3964477325237, t=88.1357
# xi=6.21928094768, logdetD=-54.240231702598, t=90.2476
# xi=0.426210049787, logdetD=-57.3436405094826, t=88.29
# xi=5.78429415005, logdetD=-54.5026211327148, t=90.2247
# xi=0.818363666686, logdetD=-57.2171817204664, t=88.7518
# xi=5.24108056726, logdetD=-54.8291313368003, t=89.9922
# xi=1.31697960958, logdetD=-57.0103521664297, t=88.9589
# xi=4.61811867046, logdetD=-55.2009557401315, t=89.8518
# xi=1.90132002494, logdetD=-56.729569235347, t=89.228
# xi=3.94198299151, logdetD=-55.5994357787503, t=89.7192
# xi=2.55120996689, logdetD=-56.3877209479814, t=89.3484
# xi=3115.5, logdetD=-1.2951472162646e-12, t=52.7309
# xi=376276.291253, logdetD=0, t=0.770773
# xi=1514.39935785, logdetD=-1.33292070840998e-05, t=90.1277
# xi=63092.0344006, logdetD=-7.65262739748784e-273, t=4.79209
# xi=1549.48560605, logdetD=-9.36505766143998e-06, t=88.8599
# xi=23697.8222476, logdetD=-3.32001905266537e-102, t=4.80398
# xi=1624.02214741, logdetD=-4.42329450509907e-06, t=85.8727
# xi=12342.0068744, logdetD=-6.95027232671029e-53, t=5.68137
# xi=1746.15082463, logdetD=-1.2932626309796e-06, t=81.0849
# xi=7669.25313538, logdetD=-1.576694422698e-32, t=10.9602
# xi=1927.13122235, logdetD=-2.08795349484507e-07, t=70.8989
# xi=5312.23038073, logdetD=-3.11437866368538e-22, t=23.895
# xi=2187.09191355, logdetD=-1.51806638426064e-08, t=62.7202
# xi=3959.00381822, logdetD=-2.60751875468531e-16, t=41.0245
# xi=2562.22566707, logdetD=-3.44711928457379e-10, t=59.4578
# xi=971.5, logdetD=-0.00309973537450606, t=105.651
# xi=1500.65934382, logdetD=-1.5304730764866e-05, t=91.1109
# xi=705.221147045, logdetD=-0.0444162990362219, t=108.598
# xi=1467.59810685, logdetD=-2.13415738516822e-05, t=91.6902
# xi=713.861134561, logdetD=-0.0407448912715175, t=108.894
# xi=1405.72753664, logdetD=-3.97527055122793e-05, t=94.2121
# xi=731.611983169, logdetD=-0.0341258677214259, t=108.599
# xi=1323.47361411, logdetD=-9.08468669018067e-05, t=96.3872
# xi=759.041145181, logdetD=-0.0259473276426469, t=108.35
# xi=1231.77681102, logdetD=-0.0002281262988218, t=98.7167
# xi=796.299154296, logdetD=-0.0178818813044206, t=108.896
# xi=1139.2101128, logdetD=-0.000577435443431591, t=101.17
# xi=843.759018558, logdetD=-0.0111269822237822, t=107.555
# xi=1051.27375244, logdetD=-0.00139420654512838, t=103.628
# xi=902.060971233, logdetD=-0.00621065723331514, t=106.937
# xi=4.94262295082, logdetD=-55.0077036859386, t=89.9709
# xi=6.68473577019, logdetD=-53.9589661526277, t=90.2712
# xi=3.25623481485, logdetD=-55.9950673078248, t=89.24
# xi=6.6091498626, logdetD=-54.004661838987, t=90.3041
# xi=3.32716098352, logdetD=-55.9546695674104, t=89.3928
# xi=6.45910033831, logdetD=-54.0953555830883, t=90.2579
# xi=3.46854595823, logdetD=-55.8737436193807, t=89.5416
# xi=6.24018319003, logdetD=-54.2276092850015, t=90.1822
# xi=3.67623075568, logdetD=-55.7539943847689, t=89.568
# xi=5.96554254927, logdetD=-54.3933654983215, t=90.2104
# xi=3.9391726886, logdetD=-55.601077248021, t=89.5948
# xi=5.64885241107, logdetD=-54.5841767024955, t=90.1551
# xi=4.24572875178, logdetD=-55.4212400369301, t=89.7265
# xi=5.30302091706, logdetD=-54.7919881637121, t=89.9143
# xi=4.58467190453, logdetD=-55.2208113232713, t=89.6665
# xi=1.59523809524, logdetD=-56.8806453784887, t=89.2595
# xi=3.22764009372, logdetD=-56.0113145038761, t=89.4951
# xi=0.0134195291759, logdetD=-57.4063819405316, t=87.6032
# xi=3.15684978249, logdetD=-56.0514350491294, t=89.3657
# xi=0.0799800806692, logdetD=-57.4039152576994, t=87.9524
# xi=3.01631070421, logdetD=-56.1306330439661, t=89.551
# xi=0.212654102924, logdetD=-57.3891191410819, t=88.2842
# xi=2.8112462045, logdetD=-56.2450072389113, t=89.4759
# xi=0.407522620874, logdetD=-57.3484590043209, t=88.3519
# xi=2.55394606914, logdetD=-56.386234306478, t=89.4198
# xi=0.654203374418, logdetD=-57.2752231845673, t=88.46
# xi=2.25719858436, logdetD=-56.545354697379, t=89.3344
# xi=0.941751697245, logdetD=-57.1697964568992, t=88.809
# xi=1.93308020574, logdetD=-56.7134701465537, t=89.206
# xi=1.25961718289, logdetD=-57.0360020441074, t=88.7645
# xi=2.412, logdetD=-56.4628982875567, t=89.3282
# xi=3.2347872963, logdetD=-56.0072557226531, t=89.5829
# xi=1.60216210383, logdetD=-56.8773171639883, t=89.1774
# xi=3.19937517991, logdetD=-56.0273512918504, t=89.4648
# xi=1.63649158161, logdetD=-56.8607501023202, t=89.2329
# xi=3.1290002846, logdetD=-56.0671779665567, t=89.4884
# xi=1.70485326811, logdetD=-56.8274438752322, t=89.1862
# xi=3.02614290793, logdetD=-56.1251127823849, t=89.4985
# xi=1.80510061956, logdetD=-56.777884566287, t=89.312
# xi=2.89679634019, logdetD=-56.197473028763, t=89.5117
# xi=1.93172857102, logdetD=-56.7141567615925, t=89.3381
# xi=2.74721906601, logdetD=-56.2804023934614, t=89.4406
# xi=2.07895064199, logdetD=-56.6386320754189, t=89.1241
# xi=2.58335335952, logdetD=-56.3702348674357, t=89.0797
# xi=2.2412153695, logdetD=-56.5537946530435, t=89.2408
# xi=0.791338582677, logdetD=-57.2271552679788, t=88.7345
# xi=1.58831502568, logdetD=-56.8839686357818, t=89.2846
# xi=0.00670931664828, logdetD=-57.4064353634601, t=87.6135
# xi=1.55401792043, logdetD=-56.9003647812007, t=89.2652
# xi=0.0399741341929, logdetD=-57.4058190432505, t=87.4999
# xi=1.48585779601, logdetD=-56.9326059504311, t=89.2126
# xi=0.106214678392, logdetD=-57.4019919621677, t=88.1135
# xi=1.38623480703, logdetD=-56.978856480665, t=89.0953
# xi=0.203349025224, logdetD=-57.3905460558729, t=88.1293
# xi=1.26095113804, logdetD=-57.0354102409182, t=89.1858
# xi=0.326040509093, logdetD=-57.3677445823006, t=88.1186
# xi=1.11606604493, logdetD=-57.0982960374395, t=88.984
# xi=0.468679927641, logdetD=-57.3321927356484, t=88.337
# xi=0.95733312913, logdetD=-57.1636109471263, t=88.7906
# xi=0.62588631702, logdetD=-57.2845698085183, t=88.4016
#
# ier=0, integral=-53.6877122178287, neval=285, epsrel=8.38792e-11
#
# 50467 determinants computed
# stop time: Tue Mar 27 17:34:43 2018
#
# L/R, L, R, T, ldim, F*(L+R)/(ħc)
0.004999999999999999, 5e-07, 0.0001, 0, 934, -1717.477621335279
# finished at Di 27. Mär 17:34:44 CEST 2018
