# starting on alcc92 at Di 27. Mär 10:35:29 CEST 2018
# compiler: icc
# compile time: Mar 20 2018 10:17:31
# compiled on: Linux alcc83 3.16.0-4-amd64 #1 SMP Debian 3.16.51-3 (2017-12-13) x86_64 GNU/Linux
# LAPACK support: false
# git HEAD: 6d0c9d2b97f5bf34953fe6036ede8a0e34487fd7
# git branch: master
# pid: 2036
# start time: Tue Mar 27 10:35:29 2018
#
# LbyR = 0.005
# RbyL = 200
# L = 5e-07
# R = 0.0001
# T = 0
# cutoff = 1e-15
# epsrel = 1e-10
# iepsrel = 1e-08
# ldim = 1000
# cores = 5
# alpha = 0.00995024875621891
# quad = adaptive Gauss-Kronrod
#
# xi=100.5, logdetD=-19.27974254818, t=93.39
# xi=23423.0494533, logdetD=-5.84322177035629e-101, t=5.58435
# xi=0.431209865313, logdetD=-57.3441644734544, t=83.6172
# xi=3849.03340004, logdetD=-8.46906293265575e-16, t=43.3297
# xi=2.62410037801, logdetD=-56.3498391739802, t=84.4744
# xi=1386.89514048, logdetD=-4.8907929998979e-05, t=94.4871
# xi=7.28263421309, logdetD=-53.5992761416837, t=85.8913
# xi=677.156679651, logdetD=-0.0589688679471202, t=107.17
# xi=14.9156765392, logdetD=-49.1045730760091, t=87.3382
# xi=385.109570961, logdetD=-1.08417776798364, t=103.285
# xi=26.2269513967, logdetD=-43.1324486796297, t=88.3867
# xi=237.795648796, logdetD=-4.73938628023778, t=99.4627
# xi=42.4744945971, logdetD=-35.9444255787276, t=89.7688
# xi=153.218988639, logdetD=-11.1737808066539, t=96.6027
# xi=65.9203541918, logdetD=-27.828427648437, t=91.7712
# xi=301.5, logdetD=-2.50042101699464, t=100.889
# xi=46946.5989067, logdetD=-6.81635639032463e-203, t=4.9753
# xi=101.362419731, logdetD=-19.1062957825934, t=93.2298
# xi=7798.56680008, logdetD=-4.74844685933591e-33, t=12.1438
# xi=105.748200756, logdetD=-18.2493982129571, t=93.4366
# xi=2874.29028095, logdetD=-1.55869231495087e-11, t=55.6078
# xi=115.065268426, logdetD=-16.5605590670774, t=94.0138
# xi=1454.8133593, logdetD=-2.4753764061582e-05, t=92.5416
# xi=130.331353078, logdetD=-14.138032615534, t=95.0842
# xi=870.719141923, logdetD=-0.0085500117614808, t=106.41
# xi=152.953902793, logdetD=-11.2041548792895, t=96.3319
# xi=576.091297592, logdetD=-0.161494147718191, t=106.4
# xi=185.448989194, logdetD=-8.04455551384919, t=97.5862
# xi=406.937977278, logdetD=-0.871976780350893, t=104.14
# xi=232.340708384, logdetD=-5.00706324894035, t=99.1354
# xi=33.5, logdetD=-39.7291708786301, t=88.9528
# xi=99.6449179769, logdetD=-19.4533593219642, t=93.338
# xi=0.215143380676, logdetD=-57.3905646995195, t=83.6057
# xi=95.5122633557, logdetD=-20.316126653602, t=93.327
# xi=1.29514182015, logdetD=-57.0220014631867, t=84.4807
# xi=87.7784420803, logdetD=-22.0418997384805, t=92.4297
# xi=3.51399789609, logdetD=-55.8494580330802, t=84.7475
# xi=77.4967017639, logdetD=-24.5830708367749, t=92.7211
# xi=6.94264314761, logdetD=-53.804855915823, t=85.8124
# xi=66.0346013769, logdetD=-27.7942082986261, t=91.2169
# xi=11.599894287, logdetD=-51.0184958131358, t=86.2326
# xi=54.4637640997, logdetD=-31.5068684163368, t=90.5145
# xi=17.5323773197, logdetD=-47.6456885602109, t=87.3881
# xi=43.4717190554, logdetD=-35.5497268395669, t=89.7187
# xi=24.8201214042, logdetD=-43.8286611129797, t=88.0718
# xi=703.5, logdetD=-0.0453466116256615, t=105.838
# xi=93993.6978134, logdetD=0, t=0.57828
# xi=303.224839461, logdetD=-2.45760834256455, t=101.301
# xi=15697.6336002, logdetD=-2.00914200181921e-67, t=6.27134
# xi=311.996401512, logdetD=-2.25102840295095, t=101.851
# xi=5849.0805619, logdetD=-1.52938468855021e-24, t=21.1841
# xi=330.630536852, logdetD=-1.86823677512102, t=101.995
# xi=3010.1267186, logdetD=-3.96674300018427e-12, t=54.2693
# xi=361.162706157, logdetD=-1.37699488186938, t=102.604
# xi=1841.93828385, logdetD=-5.07712934311416e-07, t=74.9748
# xi=406.407805587, logdetD=-0.876601072229717, t=104.16
# xi=1252.68259518, logdetD=-0.00018765427092566, t=97.6116
# xi=471.397978388, logdetD=-0.458501824782731, t=104.683
# xi=914.375954556, logdetD=-0.00552906909004543, t=105.662
# xi=565.181416767, logdetD=-0.180044749071316, t=106.345
# xi=167.5, logdetD=-9.65656555189547, t=96.2541
# xi=299.789835954, logdetD=-2.54361019529469, t=101.103
# xi=100.930286761, logdetD=-19.1929975546593, t=93.5327
# xi=291.524526711, logdetD=-2.7631672237029, t=101.48
# xi=103.09028364, logdetD=-18.7637386689768, t=93.546
# xi=276.056884161, logdetD=-3.22664313701452, t=100.572
# xi=107.527995792, logdetD=-17.9133123958468, t=93.6329
# xi=255.493403528, logdetD=-3.96653725540406, t=100.667
# xi=114.385286295, logdetD=-16.6780759811877, t=93.9733
# xi=232.569202754, logdetD=-4.99554957069686, t=99.4074
# xi=123.699788574, logdetD=-15.1414551988725, t=94.3421
# xi=209.427528199, logdetD=-6.30962377069381, t=98.7984
# xi=135.564754639, logdetD=-13.3951220010883, t=95.2086
# xi=187.443438111, logdetD=-7.88330298391626, t=97.6528
# xi=150.140242808, logdetD=-11.5318457156903, t=95.8861
# xi=60.3, logdetD=-29.5702058496717, t=90.8768
# xi=100.07154764, logdetD=-19.3665300423955, t=93.3296
# xi=33.6911021945, logdetD=-39.6439881323044, t=89.0352
# xi=97.9748007605, logdetD=-19.797254663473, t=93.5677
# xi=34.6463130013, logdetD=-39.2213253206068, t=88.5445
# xi=93.9313517897, logdetD=-20.656831251766, t=93.2681
# xi=36.5875679236, logdetD=-38.378110139998, t=88.3862
# xi=88.3002554536, logdetD=-21.9206761980659, t=92.3839
# xi=39.5323317962, logdetD=-37.1381159953865, t=89.6704
# xi=81.6513117478, logdetD=-23.5202504774467, t=92.6909
# xi=43.4290090021, logdetD=-35.5665307406659, t=89.7014
# xi=74.5049849193, logdetD=-25.3804478446366, t=92.6666
# xi=48.2279005384, logdetD=-33.7331555578761, t=89.8026
# xi=67.2721038083, logdetD=-27.4264826986964, t=91.9526
# xi=53.884254908, logdetD=-31.7067081817622, t=90.1412
# xi=14.3571428571, logdetD=-49.4219819209297, t=87.1484
# xi=33.3094413305, logdetD=-39.8143198246517, t=88.6985
# xi=0.107456672468, logdetD=-57.4037243611439, t=83.1949
# xi=32.3729695312, logdetD=-40.2358173963534, t=88.911
# xi=0.643425006423, logdetD=-57.2806422757993, t=83.7615
# xi=30.5484487191, logdetD=-41.0717775160452, t=88.4247
# xi=1.72680986236, logdetD=-56.8184967666341, t=84.3466
# xi=27.9659273447, logdetD=-42.2892988300098, t=87.8069
# xi=3.3554235234, logdetD=-55.9403702553872, t=84.772
# xi=24.8525000287, logdetD=-43.8124937449574, t=87.9989
# xi=5.48348991309, logdetD=-54.6854642496551, t=85.7077
# xi=21.4261631637, logdetD=-45.5616701367717, t=87.4134
# xi=8.06289641034, logdetD=-53.1279636737993, t=85.9822
# xi=17.870810505, logdetD=-47.4604283305546, t=87.3086
# xi=11.0460581883, logdetD=-51.3447674042467, t=86.207
# xi=1507.5, logdetD=-1.45926016398485e-05, t=90.6936
# xi=188087.895627, logdetD=0, t=0.707892
# xi=706.949678923, logdetD=-0.0438132040128257, t=106.379
# xi=31495.7672003, logdetD=-5.81287519781029e-136, t=5.224
# xi=724.492803024, logdetD=-0.0367811087313329, t=106.878
# xi=11798.6611238, logdetD=-1.79624697659905e-50, t=6.77773
# xi=761.761073705, logdetD=-0.0253621882997258, t=106.506
# xi=6120.7534372, logdetD=-9.95519448992837e-26, t=19.5334
# xi=822.825412313, logdetD=-0.0137905648207477, t=106.143
# xi=3784.37656769, logdetD=-1.62445244607562e-15, t=44.5252
# xi=913.315611173, logdetD=-0.00558792907285217, t=106.26
# xi=2605.86519037, logdetD=-2.32820569155805e-10, t=58.7843
# xi=1043.29595678, logdetD=-0.00152480961528968, t=102.493
# xi=1929.25190911, logdetD=-2.11074181148445e-07, t=69.9888
# xi=1230.86283353, logdetD=-0.000233476705588119, t=99.142
# xi=435.5, logdetD=-0.655816440328772, t=105.322
# xi=700.079671908, logdetD=-0.0469199205361474, t=107.22
# xi=302.360573523, logdetD=-2.47896753380512, t=100.81
# xi=683.549053423, logdetD=-0.0553276892173744, t=106.998
# xi=306.680567281, logdetD=-2.37403820840107, t=101.931
# xi=652.613768321, logdetD=-0.0753165371976106, t=106.914
# xi=315.555991584, logdetD=-2.17226061222216, t=101.798
# xi=611.486807056, logdetD=-0.113485244827917, t=106.325
# xi=329.27057259, logdetD=-1.8938142861277, t=102.324
# xi=565.638405508, logdetD=-0.179226567194775, t=106.083
# xi=347.899577148, logdetD=-1.57207002529697, t=102.708
# xi=519.355056399, logdetD=-0.284275141303098, t=105.515
# xi=371.629509279, logdetD=-1.24034021115208, t=103.405
# xi=475.386876222, logdetD=-0.440627527821581, t=105.409
# xi=400.780485617, logdetD=-0.927224444931418, t=104.331
# xi=23.1923076923, logdetD=-44.6503113890718, t=87.7259
# xi=33.4046528697, logdetD=-39.7717495849209, t=88.2654
# xi=14.4272865008, logdetD=-49.3820057562255, t=86.9887
# xi=32.934104986, logdetD=-39.9826457590195, t=88.7127
# xi=14.7761889939, logdetD=-49.1836469346805, t=87.124
# xi=32.0077902793, logdetD=-40.4015636528522, t=89.0419
# xi=15.4766118802, logdetD=-48.7879084182685, t=87.1283
# xi=30.6746209372, logdetD=-41.0133315450681, t=88.5672
# xi=16.5175272524, logdetD=-48.2059418360759, t=87.4085
# xi=29.0320847263, logdetD=-41.7817145217881, t=88.4627
# xi=17.8563723779, logdetD=-47.4683157567461, t=87.3881
# xi=27.1782776874, logdetD=-42.6688317096519, t=88.3992
# xi=19.4476781839, logdetD=-46.6076219994198, t=87.3599
# xi=25.2014515738, logdetD=-43.6386864317834, t=88.3912
# xi=21.2463795389, logdetD=-45.6556167155031, t=87.754
# xi=6.7, logdetD=-53.9515734371745, t=85.6926
# xi=14.2870847829, logdetD=-49.461941924379, t=87.1769
# xi=0.0536996278593, logdetD=-57.407144473119, t=82.9619
# xi=13.941132276, logdetD=-49.6597434825211, t=87.1364
# xi=0.320685949187, logdetD=-57.3707424284227, t=83.3891
# xi=13.2590786648, logdetD=-50.0520072435769, t=87.0943
# xi=0.856050520819, logdetD=-57.2048582636575, t=84.1445
# xi=12.2750827197, logdetD=-50.6231545971434, t=86.2956
# xi=1.65016449423, logdetD=-56.8559580927306, t=84.3507
# xi=11.0588824678, logdetD=-51.3371929284402, t=86.0976
# xi=2.66893365904, logdetD=-56.3252952632464, t=84.6936
# xi=9.68109761606, logdetD=-52.1558770499268, t=86.1984
# xi=3.87596796539, logdetD=-55.6397927704683, t=85.2979
# xi=8.20582905326, logdetD=-53.0417567910915, t=85.9522
# xi=5.23531942734, logdetD=-54.8344208331509, t=85.6079
# xi=10.3965517241, logdetD=-51.7295494508488, t=86.1752
# xi=14.3221031336, logdetD=-49.4419639481794, t=87.0111
# xi=6.73054150606, logdetD=-53.933107725483, t=85.5979
# xi=14.1487601874, logdetD=-49.540935523749, t=87.0143
# xi=6.88216341578, logdetD=-53.8414277904714, t=85.9352
# xi=13.8054737106, logdetD=-49.7375224307276, t=87.0098
# xi=7.18506946526, logdetD=-53.6582647635171, t=85.801
# xi=13.3065909063, logdetD=-50.0245843791411, t=87.1362
# xi=7.63162173564, logdetD=-53.3883513085495, t=85.7584
# xi=12.6839893594, logdetD=-50.3850737901603, t=86.4276
# xi=8.19974033419, logdetD=-53.0454280177784, t=86.0846
# xi=11.9705387176, logdetD=-50.8011361737547, t=86.1784
# xi=8.86601153425, logdetD=-52.6443479122962, t=86.1336
# xi=11.1968595495, logdetD=-51.2557565777584, t=86.2526
# xi=9.60763072085, logdetD=-52.1997906596833, t=86.2951
# xi=3.24193548387, logdetD=-56.0050312046425, t=85.1833
# xi=6.66947588671, logdetD=-53.9700279139796, t=85.8227
# xi=0.0268426425868, logdetD=-57.4080040085962, t=82.6357
# xi=6.51845358264, logdetD=-54.0613204493914, t=85.8837
# xi=0.160087562494, logdetD=-57.398284118183, t=83.3517
# xi=6.21928094768, logdetD=-54.2420676956455, t=85.9386
# xi=0.426210049787, logdetD=-57.3454768935583, t=83.6609
# xi=5.78429415005, logdetD=-54.5044571787912, t=85.7955
# xi=0.818363666686, logdetD=-57.2190180995832, t=83.9132
# xi=5.24108056726, logdetD=-54.8309674437049, t=85.6752
# xi=1.31697960958, logdetD=-57.0121885347302, t=84.3682
# xi=4.61811867046, logdetD=-55.2027919094186, t=85.5614
# xi=1.90132002494, logdetD=-56.7314055845446, t=84.3464
# xi=3.94198299151, logdetD=-55.6012720068246, t=85.4244
# xi=2.55120996689, logdetD=-56.389557267784, t=84.6758
# xi=3115.5, logdetD=-1.37205075769672e-12, t=53.1673
# xi=376276.291253, logdetD=0, t=0.825405
# xi=1514.39935785, logdetD=-1.36167210828434e-05, t=89.549
# xi=63092.0344006, logdetD=-8.72779408286707e-273, t=5.01657
# xi=1549.48560605, logdetD=-9.57597460039377e-06, t=89.1233
# xi=23697.8222476, logdetD=-3.75587832228997e-102, t=5.34156
# xi=1624.02214741, logdetD=-4.53187784790355e-06, t=86.7393
# xi=12342.0068744, logdetD=-7.77342024958136e-53, t=6.7419
# xi=1746.15082463, logdetD=-1.32929640022572e-06, t=80.3987
# xi=7669.25313538, logdetD=-1.73979008165767e-32, t=12.5719
# xi=1927.13122235, logdetD=-2.15622976506798e-07, t=69.9097
# xi=5312.23038073, logdetD=-3.38783425730785e-22, t=26.0265
# xi=2187.09191355, logdetD=-1.57782087657823e-08, t=61.2539
# xi=3959.00381822, logdetD=-2.79731395187384e-16, t=42.2288
# xi=2562.22566707, logdetD=-3.61322302112477e-10, t=58.7454
# xi=971.5, logdetD=-0.00312492229563232, t=105.13
# xi=1500.65934382, logdetD=-1.56291665059029e-05, t=91.0568
# xi=705.221147045, logdetD=-0.0445749593167271, t=106.951
# xi=1467.59810685, logdetD=-2.17749372898967e-05, t=91.8417
# xi=713.861134561, logdetD=-0.0408951750877376, t=106.612
# xi=1405.72753664, logdetD=-4.04940211289365e-05, t=94.4565
# xi=731.611983169, logdetD=-0.034260128804204, t=106.964
# xi=1323.47361411, logdetD=-9.23439673817621e-05, t=95.6995
# xi=759.041145181, logdetD=-0.0260597456908496, t=107.395
# xi=1231.77681102, logdetD=-0.000231349928894776, t=99.7372
# xi=796.299154296, logdetD=-0.0179696576336609, t=106.107
# xi=1139.2101128, logdetD=-0.000584285750808915, t=101.042
# xi=843.759018558, logdetD=-0.0111904033244697, t=106.889
# xi=1051.27375244, logdetD=-0.00140791851074381, t=103.113
# xi=902.060971233, logdetD=-0.00625261352738929, t=105.546
# xi=4.94262295082, logdetD=-55.0095398237132, t=85.5185
# xi=6.68473577019, logdetD=-53.9608020846786, t=85.5449
# xi=3.25623481485, logdetD=-55.9969035860387, t=84.9426
# xi=6.6091498626, logdetD=-54.0064977812412, t=85.8027
# xi=3.32716098352, logdetD=-55.9565058408811, t=84.2473
# xi=6.45910033831, logdetD=-54.0971915452571, t=85.7554
# xi=3.46854595823, logdetD=-55.8755798830912, t=84.7562
# xi=6.24018319003, logdetD=-54.2294452754033, t=85.9218
# xi=3.67623075568, logdetD=-55.7558306334068, t=84.4569
# xi=5.96554254927, logdetD=-54.395201522769, t=85.7905
# xi=3.9391726886, logdetD=-55.6029134763209, t=85.2427
# xi=5.64885241107, logdetD=-54.5860127642992, t=85.6753
# xi=4.24572875178, logdetD=-55.4230762397435, t=85.3773
# xi=5.30302091706, logdetD=-54.7938242639832, t=85.695
# xi=4.58467190453, logdetD=-55.2226474956841, t=85.6139
# xi=1.59523809524, logdetD=-56.8824817385579, t=84.4053
# xi=3.22764009372, logdetD=-56.0131507839729, t=84.5985
# xi=0.0134195291759, logdetD=-57.4082183264491, t=82.5499
# xi=3.15684978249, logdetD=-56.0532713338163, t=84.8056
# xi=0.0799800806692, logdetD=-57.4057516435538, t=83.0694
# xi=3.01631070421, logdetD=-56.1324693374655, t=84.5612
# xi=0.212654102924, logdetD=-57.3909555265404, t=83.5454
# xi=2.8112462045, logdetD=-56.2468435445502, t=84.7041
# xi=0.407522620874, logdetD=-57.350295388554, t=83.639
# xi=2.55394606914, logdetD=-56.3880706261399, t=84.7094
# xi=0.654203374418, logdetD=-57.2770595661397, t=83.8267
# xi=2.25719858436, logdetD=-56.5471910315436, t=83.8858
# xi=0.941751697245, logdetD=-57.1716328338088, t=83.9523
# xi=1.93308020574, logdetD=-56.7153064945135, t=84.5379
# xi=1.25961718289, logdetD=-57.037838413909, t=84.3157
# xi=2.412, logdetD=-56.4647346143793, t=84.5623
# xi=3.2347872963, logdetD=-56.0090920022805, t=84.6593
# xi=1.60216210383, logdetD=-56.8791535238321, t=84.3327
# xi=3.19937517991, logdetD=-56.0291875737919, t=84.6739
# xi=1.63649158161, logdetD=-56.8625864610336, t=84.2885
# xi=3.1290002846, logdetD=-56.0690142530226, t=84.2882
# xi=1.70485326811, logdetD=-56.8292802316265, t=84.3887
# xi=3.02614290793, logdetD=-56.126949075281, t=84.7275
# xi=1.80510061956, logdetD=-56.779720919106, t=84.284
# xi=2.89679634019, logdetD=-56.1993093294405, t=84.6791
# xi=1.93172857102, logdetD=-56.7159931096054, t=84.6006
# xi=2.74721906601, logdetD=-56.2822387027149, t=84.6226
# xi=2.07895064199, logdetD=-56.6404684174338, t=84.2129
# xi=2.58335335952, logdetD=-56.3720711855623, t=84.3181
# xi=2.2412153695, logdetD=-56.5556309879367, t=84.6716
# xi=0.791338582677, logdetD=-57.2289916475364, t=83.3791
# xi=1.58831502568, logdetD=-56.885804996074, t=84.2102
# xi=0.00670931664828, logdetD=-57.4082717493791, t=82.6325
# xi=1.55401792043, logdetD=-56.9022011425867, t=84.4775
# xi=0.0399741341929, logdetD=-57.4076554291538, t=82.7328
# xi=1.48585779601, logdetD=-56.9344423139231, t=84.2613
# xi=0.106214678392, logdetD=-57.4038283479728, t=83.2605
# xi=1.38623480703, logdetD=-56.9806928470628, t=84.2628
# xi=0.203349025224, logdetD=-57.3923824413728, t=83.4305
# xi=1.26095113804, logdetD=-57.0372466106853, t=84.4025
# xi=0.326040509093, logdetD=-57.36958096714, t=83.6158
# xi=1.11606604493, logdetD=-57.1001324107054, t=84.1772
# xi=0.468679927641, logdetD=-57.3340291193364, t=83.5724
# xi=0.95733312913, logdetD=-57.1654473237362, t=84.0184
# xi=0.62588631702, logdetD=-57.2864061904575, t=83.5128
#
# ier=0, integral=-53.6948501397106, neval=285, epsrel=7.84308e-11
#
# 50554 determinants computed
# stop time: Tue Mar 27 17:18:43 2018
#
# L/R, L, R, T, ldim, F*(L+R)/(ħc)
0.004999999999999999, 5e-07, 0.0001, 0, 1000, -1717.705964481012
# finished at Di 27. Mär 17:18:43 CEST 2018
