# starting on alcc93 at Di 27. Mär 08:29:20 CEST 2018
# compiler: icc
# compile time: Mar 20 2018 10:17:31
# compiled on: Linux alcc83 3.16.0-4-amd64 #1 SMP Debian 3.16.51-3 (2017-12-13) x86_64 GNU/Linux
# LAPACK support: false
# git HEAD: 6d0c9d2b97f5bf34953fe6036ede8a0e34487fd7
# git branch: master
# pid: 30440
# start time: Tue Mar 27 08:29:21 2018
#
# LbyR = 0.005
# RbyL = 200
# L = 5e-07
# R = 0.0001
# T = 300
# cutoff = 1e-15
# epsrel = 1e-10
# iepsrel = 1e-08
# ldim = 867
# cores = 4
# alpha = 0.00995024875621891
# model = perfect reflectors
#
# xi=0, logdetD=-57.4065338141115, t=0.681536
# xi=82.7281780437944, logdetD=-23.2476541537273, t=117.662
# xi=165.456356087589, logdetD=-9.85532074767246, t=122.719
# xi=248.184534131383, logdetD=-4.26510808726785, t=126.037
# xi=330.912712175178, logdetD=-1.86002351448085, t=128.385
# xi=413.640890218972, logdetD=-0.813458656091547, t=130.467
# xi=496.369068262766, logdetD=-0.35603566271744, t=131.857
# xi=579.097246306561, logdetD=-0.155808274542782, t=132.835
# xi=661.825424350355, logdetD=-0.0681453920278937, t=132.802
# xi=744.55360239415, logdetD=-0.0297811286997739, t=132.149
# xi=827.281780437944, logdetD=-0.0130036560384938, t=131.765
# xi=910.009958481738, logdetD=-0.00567282387413314, t=129.838
# xi=992.738136525533, logdetD=-0.00247257773205009, t=127.08
# xi=1075.46631456933, logdetD=-0.00107680154088909, t=124.928
# xi=1158.19449261312, logdetD=-0.000468577425141323, t=122.782
# xi=1240.92267065692, logdetD=-0.000203758487050808, t=118.391
# xi=1323.65084870071, logdetD=-8.85460215144038e-05, t=116.556
# xi=1406.3790267445, logdetD=-3.84566943315939e-05, t=113.123
# xi=1489.1072047883, logdetD=-1.66937596141004e-05, t=110.285
# xi=1571.83538283209, logdetD=-7.24342458210648e-06, t=105.908
# xi=1654.56356087589, logdetD=-3.14172187428003e-06, t=101.852
# xi=1737.29173891968, logdetD=-1.36222836216907e-06, t=98.5169
# xi=1820.01991696348, logdetD=-5.90490202560688e-07, t=93.692
# xi=1902.74809500727, logdetD=-2.55903556037819e-07, t=88.1353
# xi=1985.47627305107, logdetD=-1.10881423246579e-07, t=81.1457
# xi=2068.20445109486, logdetD=-4.80370348187508e-08, t=76.9876
# xi=2150.93262913865, logdetD=-2.0808618874963e-08, t=76.2545
# xi=2233.66080718245, logdetD=-9.01306892308088e-09, t=75.2657
# xi=2316.38898522624, logdetD=-3.9036948364748e-09, t=74.5088
#
# 5826 determinants computed
# stop time: Tue Mar 27 09:21:24 2018
#
# L/R, L, R, T, ldim, F*(L+R)/(ħc)
0.004999999999999999, 5e-07, 0.0001, 300, 867, -1826.935510156718
# finished at Di 27. Mär 09:21:24 CEST 2018
