# starting on alcc89 at Mi 28. Mär 08:45:11 CEST 2018
# compiler: icc
# compile time: Mar 20 2018 10:17:31
# compiled on: Linux alcc83 3.16.0-4-amd64 #1 SMP Debian 3.16.51-3 (2017-12-13) x86_64 GNU/Linux
# LAPACK support: false
# git HEAD: 6d0c9d2b97f5bf34953fe6036ede8a0e34487fd7
# git branch: master
# pid: 27187
# start time: Wed Mar 28 08:45:12 2018
#
# LbyR = 0.1
# RbyL = 10
# L = 1e-05
# R = 0.0001
# T = 0
# cutoff = 1e-15
# epsrel = 1e-10
# iepsrel = 1e-08
# ldim = 30
# cores = 3
# alpha = 0.181818181818182
# quad = adaptive Gauss-Kronrod
#
# xi=5.5, logdetD=-0.897586168510817, t=0.211381
# xi=1281.85842779, logdetD=-1.09993884186235e-102, t=0.0446141
# xi=0.023598549843, logdetD=-2.08194480482187, t=0.206381
# xi=210.643618908, logdetD=-2.1819473320803e-17, t=0.12575
# xi=0.143607483373, logdetD=-2.07900449615454, t=0.204269
# xi=75.8997340559, logdetD=-1.83352714359364e-06, t=0.197767
# xi=0.398552121115, logdetD=-2.05654146571222, t=0.203497
# xi=37.058325752, logdetD=-0.00266133429049353, t=0.211093
# xi=0.816280805626, logdetD=-1.98109886351138, t=0.203668
# xi=21.0756481621, logdetD=-0.0514707653083849, t=0.206602
# xi=1.43530579783, logdetD=-1.82523340779335, t=0.202921
# xi=13.0136922227, logdetD=-0.226411037779623, t=0.189654
# xi=2.3244748287, logdetD=-1.58287024382061, t=0.187038
# xi=8.38511878124, logdetD=-0.529125988119303, t=0.188792
# xi=3.60758157269, logdetD=-1.26476342772024, t=0.186085
# xi=16.5, logdetD=-0.119408721957801, t=0.195252
# xi=2569.21685559, logdetD=-1.23728344714298e-204, t=0.037039
# xi=5.54719709969, logdetD=-0.889882615999127, t=0.190606
# xi=426.787237815, logdetD=-1.02369542882791e-34, t=0.069823
# xi=5.78721496675, logdetD=-0.851696547618293, t=0.190511
# xi=157.299468112, logdetD=-4.43611721840029e-13, t=0.146353
# xi=6.29710424223, logdetD=-0.775839692526055, t=0.19002
# xi=79.616651504, logdetD=-9.12293759664082e-07, t=0.181726
# xi=7.13256161125, logdetD=-0.665736809748173, t=0.189994
# xi=47.6512963241, logdetD=-0.000367779663867405, t=0.195387
# xi=8.37061159566, logdetD=-0.53053564692553, t=0.18915
# xi=31.5273844453, logdetD=-0.00744693002978963, t=0.19126
# xi=10.1489496574, logdetD=-0.382885342159291, t=0.191162
# xi=22.2702375625, logdetD=-0.0412997324578066, t=0.191085
# xi=12.7151631454, logdetD=-0.23915371523427, t=0.189473
# xi=1.83333333333, logdetD=-1.71635299949301, t=0.188688
# xi=5.4532044664, logdetD=-0.905288425179299, t=0.19101
# xi=0.0117740158579, logdetD=-2.08199761270093, t=0.190054
# xi=5.22703928812, logdetD=-0.943430208926894, t=0.192296
# xi=0.0708784080678, logdetD=-2.08133619500951, t=0.189981
# xi=4.80379533773, logdetD=-1.01902833541278, t=0.192604
# xi=0.192308342572, logdetD=-2.07642640778556, t=0.188899
# xi=4.24111303186, logdetD=-1.12851595043621, t=0.192298
# xi=0.379945644894, logdetD=-2.05889846420908, t=0.188955
# xi=3.6138339062, logdetD=-1.26334987858986, t=0.186665
# xi=0.63482008536, logdetD=-2.01848749540978, t=0.189186
# xi=2.98060400546, logdetD=-1.41347316717389, t=0.187224
# xi=0.959483335906, logdetD=-1.94804220975978, t=0.190317
# xi=2.37904930154, logdetD=-1.56831761033845, t=0.19131
# xi=1.35831510172, logdetD=-1.84594680248226, t=0.193011
# xi=38.5, logdetD=-0.00203410282427389, t=0.198079
# xi=5143.93371118, logdetD=0, t=0.00555491
# xi=16.5943941994, logdetD=-0.117356457915231, t=0.200187
# xi=859.07447563, logdetD=-3.91601532381086e-69, t=0.0545921
# xi=17.0744299335, logdetD=-0.107451492319887, t=0.200713
# xi=320.098936223, logdetD=-3.50749969753322e-26, t=0.088655
# xi=18.0942084845, logdetD=-0.0890891281690269, t=0.197304
# xi=164.733303008, logdetD=-1.11034679983252e-13, t=0.146153
# xi=19.7651232225, logdetD=-0.0655170399211094, t=0.198096
# xi=100.802592648, logdetD=-1.7122257569819e-08, t=0.177203
# xi=22.2412231913, logdetD=-0.0415212632239259, t=0.19672
# xi=68.5547688906, logdetD=-7.2844862907133e-06, t=0.1909
# xi=25.7978993148, logdetD=-0.0215314246746606, t=0.199042
# xi=50.040475125, logdetD=-0.000235100190128199, t=0.198047
# xi=30.9303262908, logdetD=-0.00831991636272602, t=0.196488
# xi=9.16666666667, logdetD=-0.45846678711331, t=0.195312
# xi=16.4064089328, logdetD=-0.121478851423797, t=0.20022
# xi=5.52354803172, logdetD=-0.893734532443154, t=0.194541
# xi=15.9540785762, logdetD=-0.131999583440421, t=0.199634
# xi=5.64175681614, logdetD=-0.874642418237312, t=0.194294
# xi=15.1075906755, logdetD=-0.154190118117714, t=0.200933
# xi=5.88461668514, logdetD=-0.836662775927408, t=0.195119
# xi=13.9822260637, logdetD=-0.189556239851629, t=0.19449
# xi=6.25989128979, logdetD=-0.781142920806099, t=0.194451
# xi=12.7276678124, logdetD=-0.238605850185226, t=0.195026
# xi=6.76964017072, logdetD=-0.711518946554834, t=0.19367
# xi=11.4612080109, logdetD=-0.300990407718091, t=0.195084
# xi=7.41896667181, logdetD=-0.631686103153329, t=0.193289
# xi=10.2580986031, logdetD=-0.375297145776043, t=0.196072
# xi=8.21663020344, logdetD=-0.545731218870578, t=0.193525
# xi=3.3, logdetD=-1.33600556991642, t=0.190348
# xi=5.47655235843, logdetD=-0.901437480558121, t=0.197671
# xi=1.84379166239, logdetD=-1.71348084137192, t=0.19151
# xi=5.36180501674, logdetD=-0.920518448671771, t=0.196856
# xi=1.89606688067, logdetD=-1.69913296460944, t=0.192998
# xi=5.14052173974, logdetD=-0.958429754066421, t=0.195021
# xi=2.00230471224, logdetD=-1.67004248702381, t=0.191992
# xi=4.83235228851, logdetD=-1.01374954969595, t=0.197323
# xi=2.16346094407, logdetD=-1.62619616690054, t=0.191293
# xi=4.46847974739, logdetD=-1.08300247874579, t=0.195179
# xi=2.37671193544, logdetD=-1.56893939492786, t=0.193729
# xi=4.07738723439, logdetD=-1.16238458685582, t=0.196935
# xi=2.63933784041, logdetD=-1.49998727068412, t=0.1909
# xi=3.68155791986, logdetD=-1.24812713822163, t=0.189943
# xi=2.94888957208, logdetD=-1.42135447679101, t=0.190943
# xi=0.785714285714, logdetD=-1.98778929528209, t=0.193344
# xi=1.82290474943, logdetD=-1.71921739469521, t=0.191716
# xi=0.00588071341865, logdetD=-2.08201040958143, t=0.194111
# xi=1.77165504897, logdetD=-1.73329763269054, t=0.191854
# xi=0.0352123137843, logdetD=-2.08185597482397, t=0.194083
# xi=1.67180565129, logdetD=-1.76072094444331, t=0.191958
# xi=0.0945020322682, logdetD=-2.08077261586353, t=0.194358
# xi=1.53047363578, logdetD=-1.79939473670799, t=0.191842
# xi=0.183630143071, logdetD=-2.0769466421014, t=0.193054
# xi=1.36008706625, logdetD=-1.84547242595552, t=0.192403
# xi=0.300091487781, logdetD=-2.06778888200536, t=0.193253
# xi=1.17257609354, logdetD=-1.89485353684153, t=0.192265
# xi=0.441253037382, logdetD=-2.05074661249772, t=0.192758
# xi=0.978004555, logdetD=-1.94358640556125, t=0.191999
# xi=0.60451064712, logdetD=-2.02412163265237, t=0.193398
# xi=82.5, logdetD=-5.30885088483716e-07, t=0.184906
# xi=10293.3674224, logdetD=0, t=0.00583696
# xi=38.6887883987, logdetD=-0.00196372518349847, t=0.198419
# xi=1723.64895126, logdetD=-1.07416557981487e-137, t=0.0427141
# xi=39.648859867, logdetD=-0.00164168553475815, t=0.198339
# xi=645.697872447, logdetD=-3.62176536298008e-52, t=0.0594049
# xi=41.6884169689, logdetD=-0.0011217869975696, t=0.19606
# xi=334.966606016, logdetD=-2.25882999009063e-27, t=0.0874212
# xi=45.030246445, logdetD=-0.000600637225557999, t=0.200434
# xi=207.105185297, logdetD=-4.20780219282234e-17, t=0.119969
# xi=49.9824463826, logdetD=-0.000237670119603812, t=0.20371
# xi=142.609537781, logdetD=-6.87033605829059e-12, t=0.157333
# xi=57.0957986296, logdetD=-6.26207515390563e-05, t=0.196267
# xi=105.58095025, logdetD=-6.99178146166431e-09, t=0.177774
# xi=67.3606525815, logdetD=-9.11582006540304e-06, t=0.191138
# xi=23.8333333333, logdetD=-0.0309531071501544, t=0.200553
# xi=38.3128178656, logdetD=-0.00210636422476801, t=0.199553
# xi=16.5470960634, logdetD=-0.118380352181514, t=0.199062
# xi=37.4081571525, logdetD=-0.00249335176352588, t=0.200459
# xi=16.7835136323, logdetD=-0.1133499477761, t=0.198913
# xi=35.7151813509, logdetD=-0.00341792444527032, t=0.20024
# xi=17.2692333703, logdetD=-0.103673837534238, t=0.198733
# xi=33.4644521274, logdetD=-0.00519578656153733, t=0.203771
# xi=18.0197825796, logdetD=-0.0903163353009152, t=0.198187
# xi=30.9553356248, logdetD=-0.00828138225523757, t=0.196946
# xi=19.0392803414, logdetD=-0.074877663146802, t=0.19701
# xi=28.4224160218, logdetD=-0.0132466693446746, t=0.198751
# xi=20.3379333436, logdetD=-0.0589607558209584, t=0.196118
# xi=26.0161972062, logdetD=-0.0206795900273611, t=0.200177
# xi=21.9332604069, logdetD=-0.043946812090356, t=0.196756
# xi=170.5, logdetD=-3.7940375190083e-14, t=0.139774
# xi=20592.2348447, logdetD=0, t=0.00636888
# xi=82.8775767975, logdetD=-4.94552192168224e-07, t=0.185684
# xi=3452.79790252, logdetD=-1.56944950246006e-274, t=0.039124
# xi=84.797719734, logdetD=-3.44865905828811e-07, t=0.184946
# xi=1296.89574489, logdetD=-7.0642566949184e-104, t=0.0431221
# xi=88.8768339378, logdetD=-1.60368525109247e-07, t=0.184022
# xi=675.433212032, logdetD=-1.55807502530809e-54, t=0.055841
# xi=95.56049289, logdetD=-4.57607159626514e-08, t=0.181342
# xi=419.710370593, logdetD=-3.7628366877362e-34, t=0.0721231
# xi=105.464892765, logdetD=-7.14550718935544e-09, t=0.178062
# xi=290.719075563, logdetD=-7.9577090420251e-24, t=0.09816
# xi=119.691597259, logdetD=-4.97811418804637e-10, t=0.17298
# xi=216.6619005, logdetD=-7.14347378219694e-18, t=0.1211
# xi=140.221305163, logdetD=-1.07301355040093e-11, t=0.15721
# xi=53.1666666667, logdetD=-0.000130852959320916, t=0.196795
# xi=82.1256357312, logdetD=-5.69544421527775e-07, t=0.184908
# xi=38.5941921269, logdetD=-0.00199868045498814, t=0.200489
# xi=80.316314305, logdetD=-7.99972168255227e-07, t=0.185538
# xi=39.0670272645, logdetD=-0.00182994539364684, t=0.1996
# xi=76.9303627018, logdetD=-1.51086386268729e-06, t=0.188059
# xi=40.0384667406, logdetD=-0.0015265494448992, t=0.199833
# xi=72.4289042549, logdetD=-3.51879462177874e-06, t=0.189212
# xi=41.5395651592, logdetD=-0.00115341492888435, t=0.199679
# xi=67.4106712496, logdetD=-9.03058950742241e-06, t=0.191007
# xi=43.5785606829, logdetD=-0.000787969682621421, t=0.196484
# xi=62.3448320436, logdetD=-2.33799984917117e-05, t=0.192322
# xi=46.1758666873, logdetD=-0.000484759487295583, t=0.200463
# xi=57.5323944123, logdetD=-5.76952647498295e-05, t=0.194925
# xi=49.3665208138, logdetD=-0.00026673852646767, t=0.199039
# xi=346.5, logdetD=-2.69357073070099e-28, t=0.0812352
# xi=41189.9696894, logdetD=0, t=0.00697207
# xi=171.255153595, logdetD=-3.2964737764035e-14, t=0.139762
# xi=6911.09580504, logdetD=0, t=0.00562692
# xi=175.095439468, logdetD=-1.61300678601941e-14, t=0.138936
# xi=2599.29148979, logdetD=-5.16074831944082e-207, t=0.0384572
# xi=183.253667876, logdetD=-3.53621676723671e-15, t=0.135813
# xi=1356.36642406, logdetD=-1.36203675045142e-108, t=0.043793
# xi=196.62098578, logdetD=-2.94815726029136e-16, t=0.129791
# xi=844.920741186, logdetD=-5.21603339833081e-68, t=0.05357
# xi=216.42978553, logdetD=-7.45776812191484e-18, t=0.120506
# xi=586.938151125, logdetD=-1.72753822278614e-47, t=0.0600791
# xi=244.883194518, logdetD=-3.82330055299837e-20, t=0.110796
# xi=438.823801, logdetD=-1.11900197788281e-35, t=0.0727601
# xi=285.942610326, logdetD=-1.9233660872592e-23, t=0.096858
# xi=111.833333333, logdetD=-2.16726697831836e-09, t=0.17201
# xi=169.751271462, logdetD=-4.36152340722378e-14, t=0.138744
# xi=82.6883842537, logdetD=-5.12435492083624e-07, t=0.192041
# xi=166.13262861, logdetD=-8.55602046682368e-14, t=0.146333
# xi=83.6340545291, logdetD=-4.29071207801301e-07, t=0.184024
# xi=159.360725404, logdetD=-3.021095845514e-13, t=0.151094
# xi=85.5769334811, logdetD=-2.97934776013167e-07, t=0.18438
# xi=150.35780851, logdetD=-1.6184719736859e-12, t=0.151213
# xi=88.5791303183, logdetD=-1.69583955356578e-07, t=0.182836
# xi=140.321342499, logdetD=-1.05315834545889e-11, t=0.158098
# xi=92.6571213658, logdetD=-7.88932803082457e-08, t=0.180789
# xi=130.189664087, logdetD=-6.98957666022379e-11, t=0.163062
# xi=97.8517333745, logdetD=-2.97756727909402e-08, t=0.180327
# xi=120.564788825, logdetD=-4.22776515869675e-10, t=0.172681
# xi=104.233041628, logdetD=-9.00104335770182e-09, t=0.178833
#
# ier=0, integral=-2.38319227382909, neval=195, epsrel=1.6841e-12
#
# 7986 determinants computed
# stop time: Wed Mar 28 08:45:45 2018
#
# L/R, L, R, T, ldim, F*(L+R)/(ħc)
0.1, 1e-05, 0.0001, 0, 30, -4.172265137901451
# finished at Mi 28. Mär 08:45:45 CEST 2018
