# starting on alcc94 at Mi 28. Mär 08:46:16 CEST 2018
# compiler: icc
# compile time: Mar 20 2018 10:17:31
# compiled on: Linux alcc83 3.16.0-4-amd64 #1 SMP Debian 3.16.51-3 (2017-12-13) x86_64 GNU/Linux
# LAPACK support: false
# git HEAD: 6d0c9d2b97f5bf34953fe6036ede8a0e34487fd7
# git branch: master
# pid: 22220
# start time: Wed Mar 28 08:46:17 2018
#
# LbyR = 0.02
# RbyL = 50
# L = 2e-06
# R = 0.0001
# T = 0
# cutoff = 1e-15
# epsrel = 1e-10
# iepsrel = 1e-08
# ldim = 184
# cores = 3
# alpha = 0.0392156862745098
# quad = adaptive Gauss-Kronrod
#
# xi=25.5, logdetD=-4.76373446891579, t=11.0019
# xi=5943.16180159, logdetD=-8.27380884523904e-102, t=0.768575
# xi=0.109411458363, logdetD=-13.2733958017697, t=10.0023
# xi=976.620414935, logdetD=-1.48332746574448e-16, t=3.83891
# xi=0.665816513822, logdetD=-13.1668268002034, t=10.1366
# xi=351.898766986, logdetD=-1.07910251515115e-05, t=8.92327
# xi=1.84783256153, logdetD=-12.7138157035914, t=10.173
# xi=171.815873941, logdetD=-0.0142715659641257, t=10.6599
# xi=3.78457464426, logdetD=-11.8069986037864, t=10.2235
# xi=97.7143687514, logdetD=-0.267800575401566, t=11.0624
# xi=6.65459960811, logdetD=-10.4788325451943, t=10.4327
# xi=60.336209396, logdetD=-1.17477980419948, t=11.2214
# xi=10.7771105694, logdetD=-8.79858907439132, t=10.482
# xi=38.8764598039, logdetD=-2.76776811444563, t=11.0125
# xi=16.7260600188, logdetD=-6.84926370419557, t=10.6363
# xi=76.5, logdetD=-0.619234402468785, t=11.2136
# xi=11911.8236032, logdetD=-9.41388413753307e-204, t=0.799002
# xi=25.7188229167, logdetD=-4.72118483451446, t=10.8401
# xi=1978.74082987, logdetD=-7.37829704352614e-34, t=1.09577
# xi=26.8316330276, logdetD=-4.51085802295486, t=10.8513
# xi=729.297533973, logdetD=-2.91260768009636e-12, t=5.71301
# xi=29.1956651231, logdetD=-4.09579858699698, t=10.8701
# xi=369.131747882, logdetD=-5.4098769111966e-06, t=8.76107
# xi=33.0691492885, logdetD=-3.49929038848745, t=10.9828
# xi=220.928737503, logdetD=-0.0020251296372242, t=10.1434
# xi=38.8091992162, logdetD=-2.77527219632718, t=10.9981
# xi=146.172418792, logdetD=-0.0394355189798079, t=10.838
# xi=47.0542211388, logdetD=-1.99383598414963, t=11.0773
# xi=103.252919608, logdetD=-0.215185359494363, t=11.1685
# xi=58.9521200377, logdetD=-1.24116596001412, t=11.2008
# xi=8.5, logdetD=-9.69082765177755, t=10.4466
# xi=25.2830388897, logdetD=-4.8063178416616, t=10.8383
# xi=0.0545886189774, logdetD=-13.2759827248485, t=9.99976
# xi=24.2344548813, logdetD=-5.01780988802583, t=10.8339
# xi=0.328618073769, logdetD=-13.2466439457873, t=10.143
# xi=22.2721420204, logdetD=-5.44021754500035, t=10.8255
# xi=0.89161140647, logdetD=-13.0958762814504, t=10.1474
# xi=19.6633422386, logdetD=-6.06050698680892, t=10.6382
# xi=1.76156617178, logdetD=-12.7516692458302, t=10.176
# xi=16.7550481106, logdetD=-6.84096953464341, t=10.6582
# xi=2.9432567594, logdetD=-12.2079307616029, t=10.2187
# xi=13.8191640253, logdetD=-7.73757564224777, t=10.598
# xi=4.44851364829, logdetD=-11.4914666060943, t=10.2463
# xi=11.0301376708, logdetD=-8.7047898062692, t=10.4901
# xi=6.29764274434, logdetD=-10.6378492004047, t=10.4253
# xi=178.5, logdetD=-0.0109460196094139, t=10.5331
# xi=23849.1472064, logdetD=0, t=0.0705609
# xi=76.9376458335, logdetD=-0.608608597312012, t=11.224
# xi=3982.98165974, logdetD=-2.91361961251678e-68, t=0.760441
# xi=79.1632660553, logdetD=-0.557336887188563, t=11.2088
# xi=1484.09506795, logdetD=-2.47834332065687e-25, t=1.70512
# xi=83.8913302461, logdetD=-0.462333714074602, t=11.1947
# xi=763.763495765, logdetD=-7.33362420223841e-13, t=5.40741
# xi=91.6382985771, logdetD=-0.340435527670431, t=11.1625
# xi=467.357475006, logdetD=-1.05395781883647e-07, t=7.73959
# xi=103.118398432, logdetD=-0.216331673751925, t=11.1688
# xi=317.844837584, logdetD=-4.21986833800474e-05, t=9.13857
# xi=119.608442278, logdetD=-0.112772719077388, t=11.1
# xi=232.005839216, logdetD=-0.00130243606532046, t=10.0405
# xi=143.404240075, logdetD=-0.0440029197454367, t=10.9564
# xi=42.5, logdetD=-2.39272716791879, t=11.04
# xi=76.0660777793, logdetD=-0.629953632181818, t=11.219
# xi=25.609177238, logdetD=-4.74245534014661, t=10.8468
# xi=73.9689097626, logdetD=-0.684445432435098, t=11.2228
# xi=26.1572361475, logdetD=-4.63712627633801, t=10.8484
# xi=70.0442840407, logdetD=-0.799469048841555, t=11.2392
# xi=27.2832228129, logdetD=-4.42831455531541, t=10.8472
# xi=64.8266844772, logdetD=-0.983062958242436, t=11.2035
# xi=29.0231323436, logdetD=-4.12470215676954, t=10.8667
# xi=59.0100962211, logdetD=-1.23831064115944, t=11.206
# xi=31.3865135188, logdetD=-3.74652098764684, t=10.8869
# xi=53.1383280506, logdetD=-1.56408631934837, t=11.1169
# xi=34.3970272966, logdetD=-3.31611331226451, t=10.9834
# xi=47.5602753416, logdetD=-1.95391171169241, t=11.0728
# xi=38.0952854887, logdetD=-2.85621949779372, t=11.0004
# xi=15.3, logdetD=-7.27073158180241, t=10.6086
# xi=25.3912882073, logdetD=-4.78502203194512, t=10.8511
# xi=8.54848861652, logdetD=-9.67090891591082, t=10.4627
# xi=24.8592778049, logdetD=-4.890641994161, t=10.8325
# xi=8.79085553764, logdetD=-9.57195266900868, t=10.4462
# xi=23.8333280661, logdetD=-5.10127075924599, t=10.842
# xi=9.28341275673, logdetD=-9.37395025533565, t=10.4622
# xi=22.4045424285, logdetD=-5.41057527580162, t=10.8208
# xi=10.0305916498, logdetD=-9.08147195435705, t=10.4778
# xi=20.7174970106, logdetD=-5.80133854433132, t=10.6487
# xi=11.0193007916, logdetD=-8.70878575779862, t=10.4944
# xi=18.9042499049, logdetD=-6.25468312510499, t=10.6427
# xi=12.2369299874, logdetD=-8.2715576394909, t=10.5005
# xi=17.0690412648, logdetD=-6.75180706338326, t=10.6323
# xi=13.6721243796, logdetD=-7.78563114176916, t=10.5968
# xi=3.64285714286, logdetD=-11.87461752675, t=10.2219
# xi=8.45164929283, logdetD=-9.71073002467345, t=10.4569
# xi=0.0272651258501, logdetD=-13.2766166635024, t=9.98592
# xi=8.21403704524, logdetD=-9.80912210307112, t=10.4556
# xi=0.163257091182, logdetD=-13.2691650800905, t=10.0031
# xi=7.75109892872, logdetD=-10.0036089198266, t=10.4391
# xi=0.438145785971, logdetD=-13.2249915859277, t=10.1369
# xi=7.09583231135, logdetD=-10.2851651904011, t=10.4379
# xi=0.851376117876, logdetD=-13.1093091415571, t=10.142
# xi=6.30585821623, logdetD=-10.6341663303763, t=10.4327
# xi=1.39133326153, logdetD=-12.9080920823048, t=10.1685
# xi=5.43648916094, logdetD=-11.0296349505621, t=10.4138
# xi=2.04580953695, logdetD=-12.6254123168033, t=10.1904
# xi=4.534384755, logdetD=-11.4508966865936, t=10.2387
# xi=2.8027311821, logdetD=-12.2744409864715, t=10.2141
# xi=382.5, logdetD=-3.16593913642481e-06, t=8.66611
# xi=47723.7944127, logdetD=0, t=0.071672
# xi=179.375291667, logdetD=-0.0105721634235105, t=10.5364
# xi=7991.46331948, logdetD=-8.12711114270564e-137, t=0.774692
# xi=183.826532111, logdetD=-0.00885922182016244, t=10.4398
# xi=2993.69013589, logdetD=-2.66616494765857e-51, t=0.856301
# xi=193.282660492, logdetD=-0.00608438943308753, t=10.4839
# xi=1553.02699153, logdetD=-1.60158914323777e-26, t=1.51742
# xi=208.776597154, logdetD=-0.00328535236319538, t=10.2594
# xi=960.214950011, logdetD=-2.85528994954682e-16, t=3.93155
# xi=231.736796865, logdetD=-0.0013164793557878, t=10.0979
# xi=661.189675168, logdetD=-4.45193366911663e-11, t=6.20266
# xi=264.716884555, logdetD=-0.000353099814562124, t=9.6892
# xi=489.511678431, logdetD=-4.33487996250005e-08, t=7.35098
# xi=312.308480151, logdetD=-5.26657824384611e-05, t=9.15447
# xi=110.5, logdetD=-0.161620505365946, t=11.0228
# xi=177.632155559, logdetD=-0.0113297172436678, t=10.5347
# xi=76.7183544759, logdetD=-0.613909800686006, t=11.2266
# xi=173.437819525, logdetD=-0.0133819640864437, t=10.5665
# xi=77.8144722951, logdetD=-0.587867048234761, t=11.2146
# xi=165.588568081, logdetD=-0.0182706510690825, t=10.6859
# xi=80.0664456259, logdetD=-0.537787406299616, t=11.2146
# xi=155.153368954, logdetD=-0.027631321130013, t=10.7503
# xi=83.5462646871, logdetD=-0.468681410777285, t=11.1991
# xi=143.520192442, logdetD=-0.0438014120167159, t=10.9568
# xi=88.2730270376, logdetD=-0.388837555754347, t=11.1802
# xi=131.776656101, logdetD=-0.0697084050324596, t=10.938
# xi=94.2940545932, logdetD=-0.306534111323525, t=11.168
# xi=120.620550683, logdetD=-0.108350986686683, t=11.1026
# xi=101.690570977, logdetD=-0.228881588530103, t=11.1639
# xi=5.88461538462, logdetD=-10.8243658640199, t=10.4215
# xi=8.47580744454, logdetD=-9.70078088943154, t=10.4534
# xi=3.66065478379, logdetD=-11.8661235436484, t=10.2234
# xi=8.35641469795, logdetD=-9.75004868234519, t=10.4553
# xi=3.74918228204, logdetD=-11.8238815079856, t=10.231
# xi=8.1213796231, logdetD=-9.84775374108112, t=10.4434
# xi=3.92690152185, logdetD=-11.7391477936022, t=10.2247
# xi=7.78311277512, logdetD=-9.99004093525519, t=10.4319
# xi=4.19101437746, logdetD=-11.6135010056993, t=10.2328
# xi=7.36634985592, logdetD=-10.1680434806691, t=10.4363
# xi=4.53072134962, logdetD=-11.4526260710705, t=10.2441
# xi=6.89598090575, logdetD=-10.3724831982788, t=10.4338
# xi=4.93448550934, logdetD=-11.2628606045573, t=10.2526
# xi=6.39439816052, logdetD=-10.5945436113347, t=10.4295
# xi=5.39087242031, logdetD=-11.0506907560358, t=10.4116
# xi=1.7, logdetD=-12.7783995829679, t=10.1995
# xi=3.62508121357, logdetD=-11.88310151806, t=10.2279
# xi=0.0136252787106, logdetD=-13.2767725245794, t=9.96357
# xi=3.53730221929, logdetD=-11.9249990369038, t=10.2158
# xi=0.0813680766593, logdetD=-13.2749387621236, t=10.0095
# xi=3.36424384031, logdetD=-12.0075852010937, t=10.2175
# xi=0.217206848566, logdetD=-13.2633224833514, t=10.021
# xi=3.11457322738, logdetD=-12.1265524603016, t=10.2019
# xi=0.418698453759, logdetD=-13.2291765374168, t=10.1324
# xi=2.80598510378, logdetD=-12.2729039379259, t=10.216
# xi=0.677192122443, logdetD=-13.1635320693122, t=10.1385
# xi=2.45639790258, logdetD=-12.4369433818927, t=10.2012
# xi=0.983454558384, logdetD=-13.0641034586579, t=10.153
# xi=2.08207602844, logdetD=-12.6090157574133, t=10.1773
# xi=1.32836463082, logdetD=-12.9334944256683, t=10.1675
# xi=790.5, logdetD=-2.51674259001355e-13, t=5.23331
# xi=95473.0888255, logdetD=0, t=0.084795
# xi=384.250583334, logdetD=-2.9514060125358e-06, t=8.65015
# xi=16008.426639, logdetD=-1.197592196558e-273, t=0.770152
# xi=393.153064221, logdetD=-2.06560293144887e-06, t=8.55753
# xi=6012.88027178, logdetD=-5.31516820829655e-103, t=0.772223
# xi=412.065320985, logdetD=-9.67735058228296e-07, t=8.27803
# xi=3131.55398306, logdetD=-1.14911920496946e-53, t=0.827726
# xi=443.053194308, logdetD=-2.79327716238948e-07, t=7.92852
# xi=1945.92990002, logdetD=-2.70928978155642e-33, t=1.09204
# xi=488.97359373, logdetD=-4.42943551344282e-08, t=7.35323
# xi=1347.87935034, logdetD=-5.57917966906044e-23, t=1.99187
# xi=554.933769111, logdetD=-3.14576634255609e-09, t=6.95583
# xi=1004.52335686, logdetD=-4.87088190344158e-17, t=3.62967
# xi=650.116960301, logdetD=-6.93685061396367e-11, t=6.37552
# xi=246.5, logdetD=-0.000730663139185997, t=9.82739
# xi=380.764311117, logdetD=-3.39403384413069e-06, t=8.65571
# xi=178.936708952, logdetD=-0.0107578711327859, t=10.5512
# xi=372.37563905, logdetD=-4.75039070507765e-06, t=8.73819
# xi=181.12894459, logdetD=-0.00986104416754191, t=10.4385
# xi=356.677136163, logdetD=-8.91093011588808e-06, t=8.90925
# xi=185.632891252, logdetD=-0.00824582507781476, t=10.589
# xi=335.806737909, logdetD=-2.05582503079676e-05, t=9.10412
# xi=192.592529374, logdetD=-0.00625360454222038, t=10.4804
# xi=312.540384884, logdetD=-5.21792771027118e-05, t=9.1517
# xi=202.046054075, logdetD=-0.00429419525228958, t=10.3529
# xi=289.053312202, logdetD=-0.000133515302333894, t=9.42132
# xi=214.088109186, logdetD=-0.00265925883560585, t=10.1393
# xi=266.741101366, logdetD=-0.000325675647213978, t=9.7062
# xi=228.881141955, logdetD=-0.00147518276236459, t=10.0579
# xi=2.63793103448, logdetD=-12.352062167911, t=10.2062
# xi=3.63396646674, logdetD=-11.8788607748883, t=10.2203
# xi=1.70774933736, logdetD=-12.7750488411213, t=10.1864
# xi=3.58998392814, logdetD=-11.8998533416198, t=10.2202
# xi=1.74622056818, logdetD=-12.7583550024693, t=10.1829
# xi=3.50288138926, logdetD=-11.9414282859656, t=10.233
# xi=1.82307732701, logdetD=-12.724723554811, t=10.1976
# xi=3.37629918519, logdetD=-12.0018340891097, t=10.2056
# xi=1.93638163442, logdetD=-12.6745205935616, t=10.1846
# xi=3.21832565836, logdetD=-12.077154383396, t=10.2143
# xi=2.08053112957, logdetD=-12.6097153832803, t=10.1872
# xi=3.03730086865, logdetD=-12.1632917637183, t=10.2566
# xi=2.24958501615, logdetD=-12.5325968991606, t=10.194
# xi=2.84099421406, logdetD=-12.2563571104545, t=10.2015
# xi=2.43775704857, logdetD=-12.4456151565569, t=10.205
# xi=0.822580645161, logdetD=-13.1187273682991, t=10.1454
# xi=1.69225507573, logdetD=-12.7817443309001, t=10.1765
# xi=0.00681081976083, logdetD=-13.2768110862141, t=9.95658
# xi=1.65393598366, logdetD=-12.7982315093512, t=10.1731
# xi=0.0406192322747, logdetD=-13.2763609009662, t=10.0142
# xi=1.57802650911, logdetD=-12.8305751709334, t=10.1801
# xi=0.108142848453, logdetD=-13.2734754881925, t=10.0002
# xi=1.46765672464, logdetD=-12.8767775211323, t=10.1829
# xi=0.207644512443, logdetD=-13.2644706052497, t=10.0228
# xi=1.32982641259, logdetD=-12.9329094174596, t=10.1597
# xi=0.334159005416, logdetD=-13.2456658261086, t=10.1315
# xi=1.1717614537, logdetD=-12.9947514955909, t=10.1609
# xi=0.482424483941, logdetD=-13.2149586935216, t=10.1359
# xi=1.00020463964, logdetD=-13.0581529313209, t=10.1576
# xi=0.647321931897, logdetD=-13.1721124916298, t=10.1838
# xi=1606.5, logdetD=-1.91461139404411e-27, t=1.41047
# xi=190971.677651, logdetD=0, t=0.0987699
# xi=794.001166668, logdetD=-2.18788771551173e-13, t=5.22655
# xi=32042.3532779, logdetD=0, t=0.0702598
# xi=811.806128442, logdetD=-1.07348783396328e-13, t=5.09975
# xi=12051.2605436, logdetD=-3.92707934617255e-206, t=0.800739
# xi=849.630641969, logdetD=-2.36636724141869e-14, t=4.68195
# xi=6288.60796612, logdetD=-1.02580457539027e-107, t=0.754727
# xi=911.606388616, logdetD=-1.98901626641026e-15, t=4.29992
# xi=3917.35980005, logdetD=-3.8787466161612e-67, t=0.755741
# xi=1003.44718746, logdetD=-5.08461223685353e-17, t=3.63166
# xi=2721.25870067, logdetD=-1.26638619176764e-46, t=0.896088
# xi=1135.36753822, logdetD=-2.63939498833116e-19, t=2.86382
# xi=2034.54671373, logdetD=-8.07872374082659e-35, t=1.08146
# xi=1325.7339206, logdetD=-1.34658906976604e-22, t=2.08141
# xi=518.5, logdetD=-1.35561239390753e-08, t=7.18989
# xi=787.028622235, logdetD=-2.8915951542021e-13, t=5.23533
# xi=383.373417904, logdetD=-3.05702130785955e-06, t=8.66442
# xi=770.251278101, logdetD=-5.65714051188801e-13, t=5.40009
# xi=387.75788918, logdetD=-2.56432326246144e-06, t=8.56468
# xi=738.854272326, logdetD=-1.98691038103909e-12, t=5.55143
# xi=396.765782504, logdetD=-1.78710002794224e-06, t=8.48852
# xi=697.113475818, logdetD=-1.05631685249791e-11, t=6.02354
# xi=410.685058748, logdetD=-1.02280019805754e-06, t=8.26417
# xi=650.580769769, logdetD=-6.80916384923671e-11, t=6.37441
# xi=429.59210815, logdetD=-4.79230777603529e-07, t=8.08823
# xi=603.606624405, logdetD=-4.47150186903133e-10, t=6.58051
# xi=453.676218373, logdetD=-1.82432514391701e-07, t=7.83462
# xi=558.982202733, logdetD=-2.67449198958103e-09, t=6.94773
# xi=483.262283909, logdetD=-5.56952267427425e-08, t=7.57477
#
# ier=0, integral=-13.1292478384079, neval=255, epsrel=4.66072e-11
#
# 22270 determinants computed
# stop time: Wed Mar 28 09:24:05 2018
#
# L/R, L, R, T, ldim, F*(L+R)/(ħc)
0.02, 2e-06, 0.0001, 0, 184, -106.5688193206211
# finished at Mi 28. Mär 09:24:06 CEST 2018
