# starting on alcc56 at Mi 28. Mär 09:08:28 CEST 2018
# compiler: icc
# compile time: Mar 20 2018 10:17:31
# compiled on: Linux alcc83 3.16.0-4-amd64 #1 SMP Debian 3.16.51-3 (2017-12-13) x86_64 GNU/Linux
# LAPACK support: false
# git HEAD: 6d0c9d2b97f5bf34953fe6036ede8a0e34487fd7
# git branch: master
# pid: 5493
# start time: Wed Mar 28 09:08:28 2018
#
# LbyR = 0.02
# RbyL = 50
# L = 2e-06
# R = 0.0001
# T = 300
# cutoff = 1e-15
# epsrel = 1e-10
# iepsrel = 1e-08
# ldim = 467
# cores = 3
# alpha = 0.0392156862745098
# model = perfect reflectors
#
# xi=0, logdetD=-13.2832554192017, t=0.202229
# xi=83.9629269698212, logdetD=-0.464294762979753, t=33.3698
# xi=167.925853939642, logdetD=-0.0172126652064442, t=33.1362
# xi=251.888780909464, logdetD=-0.000639949782950982, t=31.3147
# xi=335.851707879285, logdetD=-2.37863836954809e-05, t=28.3475
# xi=419.814634849106, logdetD=-8.83896198509775e-07, t=24.753
# xi=503.777561818927, logdetD=-3.28360165365857e-08, t=20.3286
# xi=587.740488788748, logdetD=-1.2193525110133e-09, t=19.7183
#
# 828 determinants computed
# stop time: Wed Mar 28 09:11:39 2018
#
# L/R, L, R, T, ldim, F*(L+R)/(ħc)
0.02, 2e-06, 0.0001, 300, 467, -190.3923097706185
# finished at Mi 28. Mär 09:11:39 CEST 2018
