# starting on alcc94 at Di 27. Mär 10:35:29 CEST 2018
# compiler: icc
# compile time: Mar 20 2018 10:17:31
# compiled on: Linux alcc83 3.16.0-4-amd64 #1 SMP Debian 3.16.51-3 (2017-12-13) x86_64 GNU/Linux
# LAPACK support: false
# git HEAD: 6d0c9d2b97f5bf34953fe6036ede8a0e34487fd7
# git branch: master
# pid: 32515
# start time: Tue Mar 27 10:35:29 2018
#
# LbyR = 0.005
# RbyL = 200
# L = 5e-07
# R = 0.0001
# T = 0
# cutoff = 1e-15
# epsrel = 1e-10
# iepsrel = 1e-08
# ldim = 800
# cores = 4
# alpha = 0.00995024875621891
# quad = adaptive Gauss-Kronrod
#
# xi=100.5, logdetD=-19.2679204102616, t=105.617
# xi=23423.0494533, logdetD=-3.88402385626558e-101, t=4.73617
# xi=0.431209865313, logdetD=-57.3315806692147, t=94.8902
# xi=3849.03340004, logdetD=-6.60200619291516e-16, t=42.6342
# xi=2.62410037801, logdetD=-56.3372558928216, t=96.7125
# xi=1386.89514048, logdetD=-4.51323650708422e-05, t=99.2844
# xi=7.28263421309, logdetD=-53.5866964629578, t=97.5777
# xi=677.156679651, logdetD=-0.0579227499369216, t=116.993
# xi=14.9156765392, logdetD=-49.0920066135645, t=98.6796
# xi=385.109570961, logdetD=-1.07893633965023, t=114.567
# xi=26.2269513967, logdetD=-43.1199184364834, t=99.7825
# xi=237.795648796, logdetD=-4.73046509099917, t=111.043
# xi=42.4744945971, logdetD=-35.9319817352674, t=101.319
# xi=153.218988639, logdetD=-11.1628894387926, t=106.895
# xi=65.9203541918, logdetD=-27.816178047818, t=102.989
# xi=301.5, logdetD=-2.49313676950672, t=112.586
# xi=46946.5989067, logdetD=-4.44728745575267e-203, t=4.71411
# xi=101.362419731, logdetD=-19.0944863142396, t=105.359
# xi=7798.56680008, logdetD=-3.38385432797929e-33, t=9.39943
# xi=105.748200756, logdetD=-18.2376546049312, t=105.349
# xi=2874.29028095, logdetD=-1.27506845948861e-11, t=58.3956
# xi=115.065268426, logdetD=-16.5489631197505, t=105.782
# xi=1454.8133593, logdetD=-2.26902369864136e-05, t=96.9198
# xi=130.331353078, logdetD=-14.1267002623627, t=106.558
# xi=870.719141923, logdetD=-0.00828154175263612, t=113.91
# xi=152.953902793, logdetD=-11.1932581158467, t=107.096
# xi=576.091297592, logdetD=-0.15953384998719, t=116.801
# xi=185.448989194, logdetD=-8.03436340243328, t=108.373
# xi=406.937977278, logdetD=-0.867219493525571, t=114.065
# xi=232.340708384, logdetD=-4.99800437463025, t=110.469
# xi=33.5, logdetD=-39.7166743385656, t=100.902
# xi=99.6449179769, logdetD=-19.4415247143826, t=105.253
# xi=0.215143380676, logdetD=-57.3779808843772, t=94.7632
# xi=95.5122633557, logdetD=-20.3042330836474, t=104.225
# xi=1.29514182015, logdetD=-57.0094177753914, t=96.4061
# xi=87.7784420803, logdetD=-22.0299017405239, t=103.835
# xi=3.51399789609, logdetD=-55.8368751783541, t=96.8699
# xi=77.4967017639, logdetD=-24.5709463025298, t=103.237
# xi=6.94264314761, logdetD=-53.7922758596287, t=97.6378
# xi=66.0346013769, logdetD=-27.7819598400998, t=103.047
# xi=11.599894287, logdetD=-51.0059224949282, t=98.2712
# xi=54.4637640997, logdetD=-31.4945138259798, t=102.31
# xi=17.5323773197, logdetD=-47.6331287146205, t=98.8364
# xi=43.4717190554, logdetD=-35.537289602593, t=101.587
# xi=24.8201214042, logdetD=-43.8161252882625, t=99.742
# xi=703.5, logdetD=-0.0444674535023968, t=115.976
# xi=93993.6978134, logdetD=0, t=0.467016
# xi=303.224839461, logdetD=-2.45036828366213, t=112.388
# xi=15697.6336002, logdetD=-1.35955090211979e-67, t=4.92902
# xi=311.996401512, logdetD=-2.24401226895113, t=112.702
# xi=5849.0805619, logdetD=-1.12477977595608e-24, t=16.9968
# xi=330.630536852, logdetD=-1.86169063142391, t=113.088
# xi=3010.1267186, logdetD=-3.21934855440354e-12, t=56.1431
# xi=361.162706157, logdetD=-1.37119511136125, t=114.1
# xi=1841.93828385, logdetD=-4.48600540625878e-07, t=80.0948
# xi=406.407805587, logdetD=-0.871832328665434, t=113.993
# xi=1252.68259518, logdetD=-0.000175479396710675, t=102.995
# xi=471.397978388, logdetD=-0.455015269324197, t=115.701
# xi=914.375954556, logdetD=-0.00533606422174647, t=113.646
# xi=565.181416767, logdetD=-0.177955354269325, t=116.382
# xi=167.5, logdetD=-9.64597390398606, t=107.967
# xi=299.789835954, logdetD=-2.5362820911957, t=112.396
# xi=100.930286761, logdetD=-19.1811817263222, t=105.261
# xi=291.524526711, logdetD=-2.7556266327004, t=112.263
# xi=103.09028364, logdetD=-18.7519548634045, t=105.291
# xi=276.056884161, logdetD=-3.2187034807826, t=111.991
# xi=107.527995792, logdetD=-17.901596188866, t=105.485
# xi=255.493403528, logdetD=-3.9580676228958, t=110.998
# xi=114.385286295, logdetD=-16.6664689085229, t=105.641
# xi=232.569202754, logdetD=-4.98649644622369, t=110.492
# xi=123.699788574, logdetD=-15.1300051471552, t=106.301
# xi=209.427528199, logdetD=-6.29999792402129, t=109.156
# xi=135.564754639, logdetD=-13.3838858536388, t=106.637
# xi=187.443438111, logdetD=-7.87315666608123, t=109.247
# xi=150.140242808, logdetD=-11.5208920783129, t=107.017
# xi=60.3, logdetD=-29.5579023712737, t=102.216
# xi=100.07154764, logdetD=-19.3547016448683, t=105.371
# xi=33.6911021945, logdetD=-39.6314925869293, t=101.095
# xi=97.9748007605, logdetD=-19.7853959664236, t=104.238
# xi=34.6463130013, logdetD=-39.2088348305718, t=100.976
# xi=93.9313517897, logdetD=-20.6449157032712, t=104.108
# xi=36.5875679236, logdetD=-38.3656303517369, t=101.008
# xi=88.3002554536, logdetD=-21.9086849996982, t=103.892
# xi=39.5323317962, logdetD=-37.1256535328117, t=101.329
# xi=81.6513117478, logdetD=-23.5081753540979, t=103.736
# xi=43.4290090021, logdetD=-35.5540932176827, t=101.562
# xi=74.5049849193, logdetD=-25.3682891966155, t=103.395
# xi=48.2279005384, logdetD=-33.7207518786773, t=102.318
# xi=67.2721038083, logdetD=-27.4142467300557, t=102.937
# xi=53.884254908, logdetD=-31.6943487878249, t=102.414
# xi=14.3571428571, logdetD=-49.4094141838819, t=98.5464
# xi=33.3094413305, logdetD=-39.8018222982748, t=100.9
# xi=0.107456672468, logdetD=-57.3911405432907, t=94.7539
# xi=32.3729695312, logdetD=-40.2233151034273, t=100.94
# xi=0.643425006423, logdetD=-57.2680584893651, t=95.0009
# xi=30.5484487191, logdetD=-41.0592663214279, t=100.084
# xi=1.72680986236, logdetD=-56.8059131806832, t=96.6945
# xi=27.9659273447, logdetD=-42.276775907182, t=99.9676
# xi=3.3554235234, logdetD=-55.9277873156202, t=96.9837
# xi=24.8525000287, logdetD=-43.7999580452731, t=99.7916
# xi=5.48348991309, logdetD=-54.6728827782345, t=97.2431
# xi=21.4261631637, logdetD=-45.5491221032917, t=99.5107
# xi=8.06289641034, logdetD=-53.1153849295133, t=98.161
# xi=17.870810505, logdetD=-47.4478694183865, t=98.8331
# xi=11.0460581883, logdetD=-51.3321931076935, t=98.2747
# xi=1507.5, logdetD=-1.33071551818779e-05, t=95.0911
# xi=188087.895627, logdetD=0, t=0.567394
# xi=706.949678923, logdetD=-0.042954085259671, t=116.296
# xi=31495.7672003, logdetD=-3.82741526733081e-136, t=4.53943
# xi=724.492803024, logdetD=-0.0360178135481357, t=115.79
# xi=11798.6611238, logdetD=-1.23683950180535e-50, t=5.49193
# xi=761.761073705, logdetD=-0.024771652212267, t=116.002
# xi=6120.7534372, logdetD=-7.28184456219842e-26, t=15.2658
# xi=822.825412313, logdetD=-0.0134084139131225, t=115.168
# xi=3784.37656769, logdetD=-1.26969439238997e-15, t=43.6897
# xi=913.315611173, logdetD=-0.00539335390932563, t=113.75
# xi=2605.86519037, logdetD=-1.93728798744671e-10, t=62.0123
# xi=1043.29595678, logdetD=-0.00145482506170282, t=110.109
# xi=1929.25190911, logdetD=-1.85056508063827e-07, t=75.9124
# xi=1230.86283353, logdetD=-0.000218797291020244, t=103.588
# xi=435.5, logdetD=-0.651652766741171, t=114.918
# xi=700.079671908, logdetD=-0.0460204905776619, t=116.14
# xi=302.360573523, logdetD=-2.47170533906224, t=112.5
# xi=683.549053423, logdetD=-0.0543244272235343, t=117.039
# xi=306.680567281, logdetD=-2.36688653607669, t=112.49
# xi=652.613768321, logdetD=-0.07409090032303, t=116.187
# xi=315.555991584, logdetD=-2.16533491534886, t=112.895
# xi=611.486807056, logdetD=-0.111900237760585, t=116.382
# xi=329.27057259, logdetD=-1.88723415565231, t=112.987
# xi=565.638405508, logdetD=-0.17714271195714, t=116.823
# xi=347.899577148, logdetD=-1.56595024970684, t=113.48
# xi=519.355056399, logdetD=-0.281569240348556, t=115.987
# xi=371.629509279, logdetD=-1.23478774880311, t=114.331
# xi=475.386876222, logdetD=-0.437211323122082, t=116.032
# xi=400.780485617, logdetD=-0.92233315044028, t=114.46
# xi=23.1923076923, logdetD=-44.6377694868112, t=99.5772
# xi=33.4046528697, logdetD=-39.7592525506562, t=100.943
# xi=14.4272865008, logdetD=-49.369438176587, t=98.5886
# xi=32.934104986, logdetD=-39.9701463061408, t=100.899
# xi=14.7761889939, logdetD=-49.1710801493765, t=98.5899
# xi=32.0077902793, logdetD=-40.3890595374986, t=101.014
# xi=15.4766118802, logdetD=-48.7753432847093, t=98.6904
# xi=30.6746209372, logdetD=-41.0008209496413, t=100.062
# xi=16.5175272524, logdetD=-48.1933792980169, t=98.764
# xi=29.0320847263, logdetD=-41.7691963167887, t=100.127
# xi=17.8563723779, logdetD=-47.455756804394, t=98.952
# xi=27.1782776874, logdetD=-42.6563054135572, t=99.8588
# xi=19.4476781839, logdetD=-46.5950676705242, t=99.3996
# xi=25.2014515738, logdetD=-43.6261520898631, t=99.7596
# xi=21.2463795389, logdetD=-45.6430680849398, t=99.6158
# xi=6.7, logdetD=-53.9389931226151, t=97.4547
# xi=14.2870847829, logdetD=-49.4493740308781, t=98.4693
# xi=0.0536996278593, logdetD=-57.3945606545882, t=94.3468
# xi=13.941132276, logdetD=-49.6471748276309, t=98.4828
# xi=0.320685949187, logdetD=-57.358158617697, t=95.0821
# xi=13.2590786648, logdetD=-50.0394371421159, t=98.3158
# xi=0.856050520819, logdetD=-57.1922745021153, t=96.0485
# xi=12.2750827197, logdetD=-50.610582536252, t=98.539
# xi=1.65016449423, logdetD=-56.8433744865711, t=96.466
# xi=11.0588824678, logdetD=-51.3246186540007, t=98.2176
# xi=2.66893365904, logdetD=-56.3127120006126, t=96.7131
# xi=9.68109761606, logdetD=-52.1433005461747, t=98.0307
# xi=3.87596796539, logdetD=-55.6272101245662, t=97.0587
# xi=8.20582905326, logdetD=-53.0291782282702, t=98.1057
# xi=5.23531942734, logdetD=-54.8218391540876, t=97.2346
# xi=10.3965517241, logdetD=-51.7169740678181, t=98.232
# xi=14.3221031336, logdetD=-49.429396132787, t=98.8041
# xi=6.73054150606, logdetD=-53.9205274429381, t=97.5122
# xi=14.1487601874, logdetD=-49.5283673235845, t=98.4941
# xi=6.88216341578, logdetD=-53.828847669019, t=97.4745
# xi=13.8054737106, logdetD=-49.7249534823552, t=98.5973
# xi=7.18506946526, logdetD=-53.6456849746274, t=97.3896
# xi=13.3065909063, logdetD=-50.0120143761049, t=98.4127
# xi=7.63162173564, logdetD=-53.3757720360347, t=97.805
# xi=12.6839893594, logdetD=-50.3725025252261, t=98.4777
# xi=8.19974033419, logdetD=-53.0328494471621, t=98.1322
# xi=11.9705387176, logdetD=-50.7885635369632, t=98.3505
# xi=8.86601153425, logdetD=-52.6317702289647, t=98.0544
# xi=11.1968595495, logdetD=-51.2431825428606, t=98.3223
# xi=9.60763072085, logdetD=-52.187214045365, t=98.0694
# xi=3.24193548387, logdetD=-55.9924482064253, t=96.8135
# xi=6.66947588671, logdetD=-53.9574475675681, t=97.3393
# xi=0.0268426425868, logdetD=-57.3954201898969, t=94.1784
# xi=6.51845358264, logdetD=-54.0487399475301, t=97.395
# xi=0.160087562494, logdetD=-57.3857003014277, t=94.7795
# xi=6.21928094768, logdetD=-54.2294868963444, t=97.5171
# xi=0.426210049787, logdetD=-57.3328930889843, t=94.8778
# xi=5.78429415005, logdetD=-54.4918759719366, t=97.3428
# xi=0.818363666686, logdetD=-57.2064343331142, t=95.2061
# xi=5.24108056726, logdetD=-54.8183857693531, t=97.2063
# xi=1.31697960958, logdetD=-56.9996048513873, t=96.4545
# xi=4.61811867046, logdetD=-55.1902097556249, t=97.1574
# xi=1.90132002494, logdetD=-56.7188220480228, t=96.5964
# xi=3.94198299151, logdetD=-55.5886894012127, t=96.9967
# xi=2.55120996689, logdetD=-56.3769739571751, t=96.5789
# xi=3115.5, logdetD=-1.10704930017576e-12, t=54.4467
# xi=376276.291253, logdetD=0, t=0.622945
# xi=1514.39935785, logdetD=-1.24088679324144e-05, t=94.9931
# xi=63092.0344006, logdetD=-5.66712568561392e-273, t=4.63237
# xi=1549.48560605, logdetD=-8.69677106454015e-06, t=93.588
# xi=23697.8222476, logdetD=-2.49549069015136e-102, t=4.75026
# xi=1624.02214741, logdetD=-4.08630407864759e-06, t=90.0841
# xi=12342.0068744, logdetD=-5.33623298883392e-53, t=5.45266
# xi=1746.15082463, logdetD=-1.1848713987374e-06, t=84.9848
# xi=7669.25313538, logdetD=-1.24186093292134e-32, t=9.72286
# xi=1927.13122235, logdetD=-1.8907978799785e-07, t=75.5276
# xi=5312.23038073, logdetD=-2.52189862883888e-22, t=21.6179
# xi=2187.09191355, logdetD=-1.35380942368189e-08, t=66.3861
# xi=3959.00381822, logdetD=-2.17113548547868e-16, t=40.6157
# xi=2562.22566707, logdetD=-3.01544445799386e-10, t=62.4007
# xi=971.5, logdetD=-0.00300094189368621, t=112.476
# xi=1500.65934382, logdetD=-1.42619526724614e-05, t=95.3853
# xi=705.221147045, logdetD=-0.0437058500533148, t=115.921
# xi=1467.59810685, logdetD=-1.99346479853064e-05, t=96.273
# xi=713.861134561, logdetD=-0.0400750026987581, t=116.627
# xi=1405.72753664, logdetD=-3.7298491013547e-05, t=98.0359
# xi=731.611983169, logdetD=-0.0335329430443072, t=116.061
# xi=1323.47361411, logdetD=-8.57516047824051e-05, t=100.3
# xi=759.041145181, logdetD=-0.0254579013289803, t=115.356
# xi=1231.77681102, logdetD=-0.000216784800286997, t=103.249
# xi=796.299154296, logdetD=-0.0175069820238009, t=115.228
# xi=1139.2101128, logdetD=-0.000552447042446232, t=107.251
# xi=843.759018558, logdetD=-0.0108625070727415, t=114.711
# xi=1051.27375244, logdetD=-0.00134230727357528, t=109.774
# xi=902.060971233, logdetD=-0.00604061846061313, t=113.392
# xi=4.94262295082, logdetD=-54.9969579121054, t=97.2483
# xi=6.68473577019, logdetD=-53.9482217541713, t=97.3919
# xi=3.25623481485, logdetD=-55.9843205950759, t=96.8464
# xi=6.6091498626, logdetD=-53.9939173723086, t=97.4215
# xi=3.32716098352, logdetD=-55.943922886371, t=96.8615
# xi=6.45910033831, logdetD=-54.0846109832756, t=97.305
# xi=3.46854595823, logdetD=-55.8629970035896, t=97.1377
# xi=6.24018319003, logdetD=-54.2168644964297, t=97.4066
# xi=3.67623075568, logdetD=-55.7432478697465, t=96.9663
# xi=5.96554254927, logdetD=-54.3826204821439, t=97.4131
# xi=3.9391726886, logdetD=-55.5903308689795, t=96.985
# xi=5.64885241107, logdetD=-54.5734314365725, t=97.3343
# xi=4.24572875178, logdetD=-55.4104938282777, t=97.0497
# xi=5.30302091706, logdetD=-54.7812426406116, t=97.3229
# xi=4.58467190453, logdetD=-55.2100653178626, t=97.1794
# xi=1.59523809524, logdetD=-56.8698981184816, t=96.5801
# xi=3.22764009372, logdetD=-56.0005677785355, t=96.9311
# xi=0.0134195291759, logdetD=-57.3956345077084, t=94.2089
# xi=3.15684978249, logdetD=-56.0406882930964, t=96.9422
# xi=0.0799800806692, logdetD=-57.3931678252979, t=94.5426
# xi=3.01631070421, logdetD=-56.119886229015, t=96.7179
# xi=0.212654102924, logdetD=-57.3783717113163, t=94.7379
# xi=2.8112462045, logdetD=-56.2342603428044, t=96.7322
# xi=0.407522620874, logdetD=-57.3377115827639, t=94.8971
# xi=2.55394606914, logdetD=-56.3754873166194, t=96.7616
# xi=0.654203374418, logdetD=-57.2644757807975, t=95.1048
# xi=2.25719858436, logdetD=-56.5346076105624, t=96.5523
# xi=0.941751697245, logdetD=-57.1590490842957, t=96.1796
# xi=1.93308020574, logdetD=-56.7027229675007, t=96.6408
# xi=1.25961718289, logdetD=-57.0252547190269, t=96.3215
# xi=2.412, logdetD=-56.4521512498274, t=96.8763
# xi=3.2347872963, logdetD=-55.9965090004492, t=96.904
# xi=1.60216210383, logdetD=-56.8665699054843, t=96.2857
# xi=3.19937517991, logdetD=-56.0166045541731, t=96.8822
# xi=1.63649158161, logdetD=-56.8500028513664, t=96.4671
# xi=3.1290002846, logdetD=-56.0564311986356, t=96.7298
# xi=1.70485326811, logdetD=-56.816696639792, t=96.4063
# xi=3.02614290793, logdetD=-56.1143659714678, t=96.7019
# xi=1.80510061956, logdetD=-56.7671373547421, t=96.577
# xi=2.89679634019, logdetD=-56.1867261658186, t=96.7064
# xi=1.93172857102, logdetD=-56.7034095821837, t=96.5102
# xi=2.74721906601, logdetD=-56.2696554731844, t=96.5762
# xi=2.07895064199, logdetD=-56.6278849361108, t=96.5332
# xi=2.58335335952, logdetD=-56.3594878878371, t=96.6292
# xi=2.2412153695, logdetD=-56.5430475613433, t=96.6489
# xi=0.791338582677, logdetD=-57.2164078776714, t=95.2508
# xi=1.58831502568, logdetD=-56.8732213742776, t=96.4935
# xi=0.00670931664828, logdetD=-57.3956879306276, t=94.1029
# xi=1.55401792043, logdetD=-56.8896175123758, t=96.4386
# xi=0.0399741341929, logdetD=-57.3950716105227, t=94.2828
# xi=1.48585779601, logdetD=-56.9218586675349, t=96.509
# xi=0.106214678392, logdetD=-57.3912445300981, t=94.7277
# xi=1.38623480703, logdetD=-56.9681091783358, t=96.4963
# xi=0.203349025224, logdetD=-57.3797986258443, t=94.8078
# xi=1.26095113804, logdetD=-57.0246629160656, t=96.299
# xi=0.326040509093, logdetD=-57.3569971566837, t=94.8618
# xi=1.11606604493, logdetD=-57.0875486891977, t=96.2725
# xi=0.468679927641, logdetD=-57.3214453177306, t=94.9347
# xi=0.95733312913, logdetD=-57.1528635765327, t=96.0993
# xi=0.62588631702, logdetD=-57.2738224022866, t=95.0659
#
# ier=0, integral=-53.6484320142644, neval=285, epsrel=9.4346e-11
#
# 49919 determinants computed
# stop time: Tue Mar 27 18:05:45 2018
#
# L/R, L, R, T, ldim, F*(L+R)/(ħc)
0.004999999999999999, 5e-07, 0.0001, 0, 800, -1716.221041984132
# finished at Di 27. Mär 18:05:45 CEST 2018
