# starting on alcc54 at Mi 28. Mär 08:45:18 CEST 2018
# compiler: icc
# compile time: Mar 20 2018 10:17:31
# compiled on: Linux alcc83 3.16.0-4-amd64 #1 SMP Debian 3.16.51-3 (2017-12-13) x86_64 GNU/Linux
# LAPACK support: false
# git HEAD: 6d0c9d2b97f5bf34953fe6036ede8a0e34487fd7
# git branch: master
# pid: 3103
# start time: Wed Mar 28 08:45:18 2018
#
# LbyR = 0.1
# RbyL = 10
# L = 1e-05
# R = 0.0001
# T = 0
# cutoff = 1e-15
# epsrel = 1e-10
# iepsrel = 1e-08
# ldim = 97
# cores = 3
# alpha = 0.181818181818182
# quad = adaptive Gauss-Kronrod
#
# xi=5.5, logdetD=-0.902099508682604, t=0.843198
# xi=1281.85842779, logdetD=-8.04626801335824e-102, t=0.240934
# xi=0.023598549843, logdetD=-2.08682890506927, t=0.832854
# xi=210.643618908, logdetD=-5.74294432930207e-17, t=0.454375
# xi=0.143607483373, logdetD=-2.08388833897578, t=0.830045
# xi=75.8997340559, logdetD=-2.52185080024007e-06, t=0.663594
# xi=0.398552121115, logdetD=-2.06142353575235, t=0.826081
# xi=37.058325752, logdetD=-0.00292448820384058, t=0.820751
# xi=0.816280805626, logdetD=-1.98597443128975, t=0.82591
# xi=21.0756481621, logdetD=-0.0531405160495036, t=0.848761
# xi=1.43530579783, logdetD=-1.83009116862911, t=0.828901
# xi=13.0136922227, logdetD=-0.229588826354825, t=0.83704
# xi=2.3244748287, logdetD=-1.58768560121795, t=0.836113
# xi=8.38511878124, logdetD=-0.53319746208419, t=0.847183
# xi=3.60758157269, logdetD=-1.26948383753818, t=0.837633
# xi=16.5, logdetD=-0.121888619152403, t=0.835059
# xi=2569.21685559, logdetD=-1.05565271413096e-203, t=0.206722
# xi=5.54719709969, logdetD=-0.894389858384941, t=0.842403
# xi=426.787237815, logdetD=-4.4793128771393e-34, t=0.336695
# xi=5.78721496675, logdetD=-0.856172128609715, t=0.838135
# xi=157.299468112, logdetD=-9.42840144933028e-13, t=0.498761
# xi=6.29710424223, logdetD=-0.780244512327271, t=0.845436
# xi=79.616651504, logdetD=-1.28335026692492e-06, t=0.65989
# xi=7.13256161125, logdetD=-0.670016085465237, t=0.845203
# xi=47.6512963241, logdetD=-0.000427285165926204, t=0.788308
# xi=8.37061159566, logdetD=-0.534609646466547, t=0.845395
# xi=31.5273844453, logdetD=-0.00797995402711643, t=0.815573
# xi=10.1489496574, logdetD=-0.38663308361754, t=0.84654
# xi=22.2702375625, logdetD=-0.0427880947479817, t=0.826709
# xi=12.7151631454, logdetD=-0.242392083333089, t=0.86076
# xi=1.83333333333, logdetD=-1.72119420698579, t=0.839553
# xi=5.4532044664, logdetD=-0.909807769153889, t=0.841715
# xi=0.0117740158579, logdetD=-2.08688171831436, t=0.83395
# xi=5.22703928812, logdetD=-0.947977971606961, t=0.841359
# xi=0.0708784080678, logdetD=-2.08622023795097, t=0.826972
# xi=4.80379533773, logdetD=-1.02362655146271, t=0.839417
# xi=0.192308342572, logdetD=-2.08131004074658, t=0.825471
# xi=4.24111303186, logdetD=-1.133175508385, t=0.837741
# xi=0.379945644894, logdetD=-2.0637807199961, t=0.826431
# xi=3.6138339062, logdetD=-1.26806973171557, t=0.837832
# xi=0.63482008536, logdetD=-2.02336643584199, t=0.826352
# xi=2.98060400546, logdetD=-1.41824483089451, t=0.838804
# xi=0.959483335906, logdetD=-1.95291452303973, t=0.823405
# xi=2.37904930154, logdetD=-1.5731297297035, t=0.838929
# xi=1.35831510172, logdetD=-1.85080730625695, t=0.825398
# xi=38.5, logdetD=-0.00225108153204675, t=0.814912
# xi=5143.93371118, logdetD=0, t=0.0167601
# xi=16.5943941994, logdetD=-0.119818099190848, t=0.832672
# xi=859.07447563, logdetD=-2.48638572381879e-68, t=0.274867
# xi=17.0744299335, logdetD=-0.109821105200172, t=0.834347
# xi=320.098936223, logdetD=-1.25968436215588e-25, t=0.373119
# xi=18.0942084845, logdetD=-0.0912682384080888, t=0.849722
# xi=164.733303008, logdetD=-2.43888434548677e-13, t=0.499076
# xi=19.7651232225, logdetD=-0.0674011812636943, t=0.848654
# xi=100.802592648, logdetD=-2.72854204791699e-08, t=0.534513
# xi=22.2412231913, logdetD=-0.0430138682886766, t=0.824639
# xi=68.5547688906, logdetD=-9.58098618307897e-06, t=0.688514
# xi=25.7978993148, logdetD=-0.0225648946650243, t=0.839167
# xi=50.040475125, logdetD=-0.000276858926158847, t=0.769895
# xi=30.9303262908, logdetD=-0.00889305559054528, t=0.82085
# xi=9.16666666667, logdetD=-0.462398629594105, t=0.848158
# xi=16.4064089328, logdetD=-0.123976898325155, t=0.832174
# xi=5.52354803172, logdetD=-0.898244835565259, t=0.836904
# xi=15.9540785762, logdetD=-0.134586000981988, t=0.831735
# xi=5.64175681614, logdetD=-0.879137316275015, t=0.838937
# xi=15.1075906755, logdetD=-0.156944432603363, t=0.834292
# xi=5.88461668514, logdetD=-0.841125202452214, t=0.841294
# xi=13.9822260637, logdetD=-0.192537369934904, t=0.835539
# xi=6.25989128979, logdetD=-0.785553061204336, t=0.846502
# xi=12.7276678124, logdetD=-0.241841682709174, t=0.858131
# xi=6.76964017072, logdetD=-0.715854156664286, t=0.848197
# xi=11.4612080109, logdetD=-0.304481236382782, t=0.860375
# xi=7.41896667181, logdetD=-0.635919806116063, t=0.848814
# xi=10.2580986031, logdetD=-0.379023935284558, t=0.843801
# xi=8.21663020344, logdetD=-0.549831865676173, t=0.845918
# xi=3.3, logdetD=-1.34075226238375, t=0.839848
# xi=5.47655235843, logdetD=-0.905953834284337, t=0.838922
# xi=1.84379166239, logdetD=-1.71832156056301, t=0.840213
# xi=5.36180501674, logdetD=-0.925049397328381, t=0.837623
# xi=1.89606688067, logdetD=-1.70397120230454, t=0.839878
# xi=5.14052173974, logdetD=-0.962988122605582, t=0.840172
# xi=2.00230471224, logdetD=-1.67487547276277, t=0.839758
# xi=4.83235228851, logdetD=-1.01834447588188, t=0.836297
# xi=2.16346094407, logdetD=-1.63102065336936, t=0.839389
# xi=4.46847974739, logdetD=-1.08763805644236, t=0.836531
# xi=2.37671193544, logdetD=-1.57375165446208, t=0.838364
# xi=4.07738723439, logdetD=-1.16706072116424, t=0.838025
# xi=2.63933784041, logdetD=-1.50478295187879, t=0.838859
# xi=3.68155791986, logdetD=-1.25284090458265, t=0.838236
# xi=2.94888957208, logdetD=-1.42612848923979, t=0.837836
# xi=0.785714285714, logdetD=-1.99266549004445, t=0.826827
# xi=1.82290474943, logdetD=-1.72405908639176, t=0.841665
# xi=0.00588071341865, logdetD=-2.08689451652968, t=0.835819
# xi=1.77165504897, logdetD=-1.73814166458574, t=0.839498
# xi=0.0352123137843, logdetD=-2.0867400663088, t=0.831051
# xi=1.67180565129, logdetD=-1.76556934759418, t=0.823646
# xi=0.0945020322682, logdetD=-2.08565660868367, t=0.830304
# xi=1.53047363578, logdetD=-1.80424890079811, t=0.825557
# xi=0.183630143071, logdetD=-2.08183031691297, t=0.826494
# xi=1.36008706625, logdetD=-1.85033286828074, t=0.821955
# xi=0.300091487781, logdetD=-2.07267183421963, t=0.825685
# xi=1.17257609354, logdetD=-1.89972004186234, t=0.825935
# xi=0.441253037382, logdetD=-2.05562822272372, t=0.826244
# xi=0.978004555, logdetD=-1.94845825978692, t=0.825596
# xi=0.60451064712, logdetD=-2.02900105442937, t=0.826719
# xi=82.5, logdetD=-7.59897947688076e-07, t=0.640818
# xi=10293.3674224, logdetD=0, t=0.017117
# xi=38.6887883987, logdetD=-0.00217523812831668, t=0.797212
# xi=1723.64895126, logdetD=-8.49148110720192e-137, t=0.226807
# xi=39.648859867, logdetD=-0.00182730278971726, t=0.797146
# xi=645.697872447, logdetD=-2.01553648639307e-51, t=0.300717
# xi=41.6884169689, logdetD=-0.00126179663503077, t=0.794637
# xi=334.966606016, logdetD=-8.38014237798977e-27, t=0.355771
# xi=45.030246445, logdetD=-0.000687775258783029, t=0.792751
# xi=207.105185297, logdetD=-1.09355958917647e-16, t=0.457113
# xi=49.9824463826, logdetD=-0.000279792490979484, t=0.768768
# xi=142.609537781, logdetD=-1.36375430102752e-11, t=0.503605
# xi=57.0957986296, logdetD=-7.6850193194261e-05, t=0.72877
# xi=105.58095025, logdetD=-1.14467571445164e-08, t=0.519353
# xi=67.3606525815, logdetD=-1.19027685931766e-05, t=0.705309
# xi=23.8333333333, logdetD=-0.0322250240989156, t=0.825739
# xi=38.3128178656, logdetD=-0.00232888926204693, t=0.814202
# xi=16.5470960634, logdetD=-0.120851134667017, t=0.831099
# xi=37.4081571525, logdetD=-0.00274454778786112, t=0.814522
# xi=16.7835136323, logdetD=-0.115775167448063, t=0.830141
# xi=35.7151813509, logdetD=-0.0037319129353732, t=0.814893
# xi=17.2692333703, logdetD=-0.106006512651972, t=0.830945
# xi=33.4644521274, logdetD=-0.00561485310901354, t=0.802644
# xi=18.0197825796, logdetD=-0.0925090997145365, t=0.851431
# xi=30.9553356248, logdetD=-0.00885279092727805, t=0.816575
# xi=19.0392803414, logdetD=-0.0768871174254954, t=0.84963
# xi=28.4224160218, logdetD=-0.0140172928783431, t=0.818168
# xi=20.3379333436, logdetD=-0.060749261362835, t=0.849659
# xi=26.0161972062, logdetD=-0.0216888267267131, t=0.840534
# xi=21.9332604069, logdetD=-0.045484953227967, t=0.826957
# xi=170.5, logdetD=-8.54287430861242e-14, t=0.496478
# xi=20592.2348447, logdetD=0, t=0.018672
# xi=82.8775767975, logdetD=-7.09498767307105e-07, t=0.640937
# xi=3452.79790252, logdetD=-1.39447850100995e-273, t=0.191976
# xi=84.797719734, logdetD=-5.00478357217281e-07, t=0.622771
# xi=1296.89574489, logdetD=-5.18552252727438e-103, t=0.24203
# xi=88.8768339378, logdetD=-2.38446379755286e-07, t=0.604291
# xi=675.433212032, logdetD=-8.86920206933612e-54, t=0.301627
# xi=95.56049289, logdetD=-7.07575179779266e-08, t=0.566053
# xi=419.710370593, logdetD=-1.6286641766131e-33, t=0.336352
# xi=105.464892765, logdetD=-1.1690829285064e-08, t=0.518636
# xi=290.719075563, logdetD=-2.66450767778107e-23, t=0.395843
# xi=119.691597259, logdetD=-8.80162638181134e-10, t=0.511528
# xi=216.6619005, logdetD=-1.92028538531773e-17, t=0.455118
# xi=140.221305163, logdetD=-2.10549681717129e-11, t=0.503878
# xi=53.1666666667, logdetD=-0.000156905996134624, t=0.750332
# xi=82.1256357312, logdetD=-8.13401946977941e-07, t=0.641751
# xi=38.5941921269, logdetD=-0.00221291620181043, t=0.7977
# xi=80.316314305, logdetD=-1.13010747136962e-06, t=0.643378
# xi=39.0670272645, logdetD=-0.00203088474953997, t=0.79859
# xi=76.9303627018, logdetD=-2.09109522317849e-06, t=0.646377
# xi=40.0384667406, logdetD=-0.00170251522675576, t=0.796883
# xi=72.4289042549, logdetD=-4.73867908921579e-06, t=0.669371
# xi=41.5395651592, logdetD=-0.00129636433941278, t=0.798078
# xi=67.4106712496, logdetD=-1.17950730249384e-05, t=0.704629
# xi=43.5785606829, logdetD=-0.000895229458243113, t=0.777154
# xi=62.3448320436, logdetD=-2.96119280731615e-05, t=0.725161
# xi=46.1758666873, logdetD=-0.000558587796091826, t=0.790522
# xi=57.5323944123, logdetD=-7.09899820923369e-05, t=0.72958
# xi=49.3665208138, logdetD=-0.000312911831918744, t=0.769221
#
# ier=0, integral=-2.39943544609258, neval=165, epsrel=5.94414e-11
#
# 7227 determinants computed
# stop time: Wed Mar 28 08:47:18 2018
#
# L/R, L, R, T, ldim, F*(L+R)/(ħc)
0.1, 1e-05, 0.0001, 0, 97, -4.200702130630945
# finished at Mi 28. Mär 08:47:19 CEST 2018
