# starting on alcc81 at Mi 28. Mär 09:41:33 CEST 2018
# compiler: icc
# compile time: Mar 20 2018 10:17:31
# compiled on: Linux alcc83 3.16.0-4-amd64 #1 SMP Debian 3.16.51-3 (2017-12-13) x86_64 GNU/Linux
# LAPACK support: false
# git HEAD: 6d0c9d2b97f5bf34953fe6036ede8a0e34487fd7
# git branch: master
# pid: 29315
# start time: Wed Mar 28 09:41:33 2018
#
# LbyR = 0.01
# RbyL = 100
# L = 1e-06
# R = 0.0001
# T = 300
# cutoff = 1e-15
# epsrel = 1e-10
# iepsrel = 1e-08
# ldim = 200
# cores = 3
# alpha = 0.0198019801980198
# model = perfect reflectors
#
# xi=0, logdetD=-27.6691956036593, t=0.12603
# xi=83.1397610191367, logdetD=-4.63581812192453, t=22.1885
# xi=166.279522038273, logdetD=-0.805885638616029, t=22.4451
# xi=249.41928305741, logdetD=-0.138973236732815, t=22.1488
# xi=332.559044076547, logdetD=-0.0238657845463978, t=21.5835
# xi=415.698805095683, logdetD=-0.00411019292359549, t=20.6437
# xi=498.83856611482, logdetD=-0.000712335969466323, t=19.7221
# xi=581.978327133957, logdetD=-0.000124359952951004, t=18.5839
# xi=665.118088153093, logdetD=-2.18672222531662e-05, t=17.6764
# xi=748.25784917223, logdetD=-3.87063662789575e-06, t=17.3421
# xi=831.397610191367, logdetD=-6.89219121941898e-07, t=16.7967
# xi=914.537371210503, logdetD=-1.23377659975003e-07, t=16.2844
# xi=997.67713222964, logdetD=-2.21904059281711e-08, t=15.519
# xi=1080.81689324878, logdetD=-4.00792822338146e-09, t=14.9839
# xi=1163.95665426791, logdetD=-7.26618918748185e-10, t=14.3726
#
# 2076 determinants computed
# stop time: Wed Mar 28 09:45:53 2018
#
# L/R, L, R, T, ldim, F*(L+R)/(ħc)
0.009999999999999998, 1e-06, 0.0001, 300, 200, -514.5730760123595
# finished at Mi 28. Mär 09:45:54 CEST 2018
