# starting on alcc120 at Thu Apr 13 13:05:58 CEST 2017
# ../casimir_fixed -R 75e-6 -L 760e-9 -T 295 --material ../../data/materials/GoldEpsIm.dat --cutoff 1e-12 --epsrel 1e-9 --eta 8

# L      = 7.6e-07
# R      = 7.5e-05
# LbyR   = 0.0101333333333333
# T      = 295
# cutoff = 1e-12
# epsrel = 1e-09
# ldim   = 790
# cores  = 8
# alpha  = 0.0200633579725449
# filename = ../../data/materials/GoldEpsIm.dat
# model  = optical data (xi=0: Drude)
# plasma = -26.6980533645063 (logdetD(xi=0) for plasma model with omegap=9eV)
#
# xi=0, logdetD=-14.372743114855, t=5.17826
# xi=61.323668216795, logdetD=-6.7758692831072, t=36.0163
# xi=122.64733643359, logdetD=-1.81212874223559, t=41.9781
# xi=183.971004650385, logdetD=-0.493050220150116, t=46.7508
# xi=245.29467286718, logdetD=-0.134828182861093, t=48.5417
# xi=306.618341083975, logdetD=-0.0369497591585544, t=48.3439
# xi=367.94200930077, logdetD=-0.0101415859299809, t=47.8482
# xi=429.265677517565, logdetD=-0.0027894304668314, t=47.008
# xi=490.58934573436, logdetD=-0.000767863499051575, t=45.2616
# xi=551.913013951155, logdetD=-0.000211678353658464, t=43.8387
# xi=613.23668216795, logdetD=-5.83894752157659e-05, t=41.8269
# xi=674.560350384745, logdetD=-1.615086449661e-05, t=38.9879
# xi=735.88401860154, logdetD=-4.4691931250241e-06, t=35.7632
# xi=797.207686818335, logdetD=-1.2388395034673e-06, t=33.3692
# xi=858.53135503513, logdetD=-3.43816666666641e-07, t=30.088
# xi=919.855023251925, logdetD=-9.54897077252836e-08, t=26.4385
# xi=981.17869146872, logdetD=-2.65691641784261e-08, t=24.3496
# xi=1042.50235968552, logdetD=-7.39611722144244e-09, t=24.2937
#
# L/R, L, R, T, ldim, F*(L+R)/(ħc)
0.01013333333333333, 7.6e-07, 7.499999999999999e-05, 295, 790, -321.1650955811194
# finished at Thu Apr 13 13:17:04 CEST 2017
