# starting on alcc116 at Sat Apr 15 05:52:30 CEST 2017
# ../casimir_fixed -R 75e-6 -L 135e-9 -T 295 --material ../../data/materials/GoldEpsIm.dat --cutoff 1e-12 --epsrel 1e-9 --eta 8

# L      = 1.35e-07
# R      = 7.5e-05
# LbyR   = 0.0018
# T      = 295
# cutoff = 1e-12
# epsrel = 1e-09
# ldim   = 4445
# cores  = 32
# alpha  = 0.00359353164304252
# filename = ../../data/materials/GoldEpsIm.dat
# model  = optical data (xi=0: Drude)
# plasma = -143.212336324195 (logdetD(xi=0) for plasma model with omegap=9eV)
#
# xi=0, logdetD=-82.9395614723692, t=51.0483
# xi=60.8177641429368, logdetD=-104.195129122313, t=240.824
# xi=121.635528285874, logdetD=-77.2028162600518, t=250.393
# xi=182.45329242881, logdetD=-57.5243055810607, t=261.729
# xi=243.271056571747, logdetD=-43.074885716936, t=270.961
# xi=304.088820714684, logdetD=-32.3796188051939, t=284.093
# xi=364.906584857621, logdetD=-24.4148000669085, t=299.324
# xi=425.724349000558, logdetD=-18.4687552669257, t=317.325
# xi=486.542113143495, logdetD=-13.9925668897888, t=333.239
# xi=547.359877286431, logdetD=-10.6215967011338, t=341.009
# xi=608.177641429368, logdetD=-8.0702117439398, t=350.486
# xi=668.995405572305, logdetD=-6.14971371037105, t=357.186
# xi=729.813169715242, logdetD=-4.68874207668849, t=361.183
# xi=790.630933858179, logdetD=-3.58130347361733, t=361.522
# xi=851.448698001116, logdetD=-2.73892232690156, t=361.123
# xi=912.266462144052, logdetD=-2.09636693838707, t=359.15
# xi=973.084226286989, logdetD=-1.60756385744145, t=356.74
# xi=1033.90199042993, logdetD=-1.23342700775927, t=353.759
# xi=1094.71975457286, logdetD=-0.947615437809434, t=352.103
# xi=1155.5375187158, logdetD=-0.728728734196298, t=353.109
# xi=1216.35528285874, logdetD=-0.560793869063998, t=355.458
# xi=1277.17304700167, logdetD=-0.432135678264302, t=355.846
# xi=1337.99081114461, logdetD=-0.333164366286286, t=356.111
# xi=1398.80857528755, logdetD=-0.257123650638045, t=356.3
# xi=1459.62633943048, logdetD=-0.198585244447566, t=348.153
# xi=1520.44410357342, logdetD=-0.153465548471534, t=344.558
# xi=1581.26186771636, logdetD=-0.11871635320741, t=345.085
# xi=1642.07963185929, logdetD=-0.0918759956115116, t=345.209
# xi=1702.89739600223, logdetD=-0.0711624211164158, t=343.928
# xi=1763.71516014517, logdetD=-0.0551511213390729, t=344.023
# xi=1824.5329242881, logdetD=-0.0427640651211873, t=343.762
# xi=1885.35068843104, logdetD=-0.0331851487728328, t=343.971
# xi=1946.16845257398, logdetD=-0.0257616275376259, t=345.299
# xi=2006.98621671692, logdetD=-0.020012306745476, t=334.175
# xi=2067.80398085985, logdetD=-0.0155534837802456, t=333.449
# xi=2128.62174500279, logdetD=-0.0120934039034171, t=332.977
# xi=2189.43950914573, logdetD=-0.00940898453728281, t=331.979
# xi=2250.25727328866, logdetD=-0.0073228308357681, t=333.191
# xi=2311.0750374316, logdetD=-0.0057024718914633, t=332.547
# xi=2371.89280157454, logdetD=-0.00444240355910246, t=326.241
# xi=2432.71056571747, logdetD=-0.00346209223818625, t=324.162
# xi=2493.52832986041, logdetD=-0.00269950352833032, t=325.662
# xi=2554.34609400335, logdetD=-0.00210548712702077, t=322.164
# xi=2615.16385814628, logdetD=-0.00164298576319657, t=320.344
# xi=2675.98162228922, logdetD=-0.00128250246167222, t=318.296
# xi=2736.79938643216, logdetD=-0.00100144820629653, t=313.656
# xi=2797.61715057509, logdetD=-0.000782324122534915, t=313.455
# xi=2858.43491471803, logdetD=-0.000611298104874941, t=312.089
# xi=2919.25267886097, logdetD=-0.000477863843397806, t=306.78
# xi=2980.0704430039, logdetD=-0.000373660288556914, t=304.436
# xi=3040.88820714684, logdetD=-0.000292266650770672, t=302.361
# xi=3101.70597128978, logdetD=-0.000228686788121072, t=301.445
# xi=3162.52373543272, logdetD=-0.000178977429315984, t=300.139
# xi=3223.34149957565, logdetD=-0.000140125774550075, t=291.728
# xi=3284.15926371859, logdetD=-0.000109734250724195, t=290.829
# xi=3344.97702786153, logdetD=-8.59572156078484e-05, t=289.869
# xi=3405.79479200446, logdetD=-6.7353378029808e-05, t=287.542
# xi=3466.6125561474, logdetD=-5.27862889769349e-05, t=280.32
# xi=3527.43032029034, logdetD=-4.13835058504365e-05, t=278.699
# xi=3588.24808443327, logdetD=-3.24506809493521e-05, t=275.874
# xi=3649.06584857621, logdetD=-2.54521735353526e-05, t=272.297
# xi=3709.88361271915, logdetD=-1.99684615110445e-05, t=265.358
# xi=3770.70137686208, logdetD=-1.56689532850885e-05, t=264.03
# xi=3831.51914100502, logdetD=-1.23101550297205e-05, t=264.402
# xi=3892.33690514796, logdetD=-9.68201951497762e-06, t=254.115
# xi=3953.15466929089, logdetD=-7.61060662987026e-06, t=254.25
# xi=4013.97243343383, logdetD=-5.9787693603424e-06, t=251.232
# xi=4074.79019757677, logdetD=-4.6938730771979e-06, t=241.36
# xi=4135.6079617197, logdetD=-3.6826842708453e-06, t=242.043
# xi=4196.42572586264, logdetD=-2.88936701893063e-06, t=240.212
# xi=4257.24349000558, logdetD=-2.27512567203823e-06, t=230.547
# xi=4318.06125414852, logdetD=-1.79059129487195e-06, t=227.036
# xi=4378.87901829145, logdetD=-1.40853343284636e-06, t=220.598
# xi=4439.69678243439, logdetD=-1.10740824107759e-06, t=219.838
# xi=4500.51454657733, logdetD=-8.70179145525178e-07, t=213.484
# xi=4561.33231072026, logdetD=-6.83375911678348e-07, t=209.401
# xi=4622.1500748632, logdetD=-5.38383319271634e-07, t=203.783
# xi=4682.96783900614, logdetD=-4.2418107068289e-07, t=198.852
# xi=4743.78560314907, logdetD=-3.34057642011998e-07, t=194.643
# xi=4804.60336729201, logdetD=-2.62963090163133e-07, t=188.383
# xi=4865.42113143495, logdetD=-2.06901973366948e-07, t=184.931
# xi=4926.23889557788, logdetD=-1.62712837672154e-07, t=174.655
# xi=4987.05665972082, logdetD=-1.28192260752563e-07, t=173.641
# xi=5047.87442386376, logdetD=-1.01095794726158e-07, t=172.88
# xi=5108.69218800669, logdetD=-7.96966182218279e-08, t=171.968
#
# L/R, L, R, T, ldim, F*(L+R)/(ħc)
0.0018, 1.35e-07, 7.499999999999999e-05, 295, 4445, -8859.619057082007
# finished at Sat Apr 15 12:43:34 CEST 2017
