# starting on alcc120 at Di 13. Feb 09:11:02 CET 2018
# compiler: icc
# compile time: Feb  1 2018 09:49:34
# compiled on: Linux alcc83 3.16.0-4-amd64 #1 SMP Debian 3.16.51-3 (2017-12-13) x86_64 GNU/Linux
# LAPACK support: false
# git HEAD: b96c9c30c7b1cdd2d059ceccd0396c6d55d3da95
# git branch: dev
#
# LbyR = 0.01265
# L = 1.265e-07
# R = 1e-05
# T = 300
# cutoff = 5e-08
# epsrel = 1e-07
# iepsrel = 2e-07
# ldim = 633
# cores = 4
# alpha = 0.0249839529946181
# filename = /alcc/gpfs1/home/u/hartmmic/libcasimir-dev/data/materials/GoldDalvit.dat
# model = optical data (xi=0: Drude)
# plasma = -18.8298607782326 (logdetD(xi=0) for plasma model with omegap=1.36734e+16eV)
#
# xi=0, logdetD=-11.4352176726361, t=1.87666
# xi=8.33578999960681, logdetD=-14.5589722226358, t=22.6481
# xi=16.6715799992136, logdetD=-10.9964126699005, t=23.3876
# xi=25.0073699988204, logdetD=-8.30722546759325, t=24.4175
# xi=33.3431599984272, logdetD=-6.29523353770627, t=24.7467
# xi=41.678949998034, logdetD=-4.78505142424694, t=25.6085
# xi=50.0147399976408, logdetD=-3.64663499043711, t=25.9407
# xi=58.3505299972476, logdetD=-2.78845765042094, t=26.8122
# xi=66.6863199968545, logdetD=-2.13186725015781, t=27.0705
# xi=75.0221099964613, logdetD=-1.636019799013, t=27.2287
# xi=83.3578999960681, logdetD=-1.25618987055092, t=26.8053
# xi=91.6936899956749, logdetD=-0.96612388956616, t=27.1536
# xi=100.029479995282, logdetD=-0.744493499140639, t=27.1453
# xi=108.365269994888, logdetD=-0.5741202791794, t=27.3684
# xi=116.701059994495, logdetD=-0.443548358449871, t=27.6023
# xi=125.036849994102, logdetD=-0.343046741983706, t=27.6687
# xi=133.372639993709, logdetD=-0.265518207489869, t=28.0307
# xi=141.708429993316, logdetD=-0.205885108810289, t=27.5694
# xi=150.044219992923, logdetD=-0.159743359187098, t=27.6882
# xi=158.380009992529, logdetD=-0.124067998194045, t=27.844
# xi=166.715799992136, logdetD=-0.0964736108697628, t=27.6156
# xi=175.051589991743, logdetD=-0.0750614179211719, t=27.9915
# xi=183.38737999135, logdetD=-0.0584671967327971, t=27.7523
# xi=191.723169990957, logdetD=-0.0455762141755168, t=27.438
# xi=200.058959990563, logdetD=-0.0355478450780292, t=27.6753
# xi=208.39474999017, logdetD=-0.0277574265818232, t=27.845
# xi=216.730539989777, logdetD=-0.0216849281775725, t=27.4979
# xi=225.066329989384, logdetD=-0.0169527411109271, t=27.4188
# xi=233.402119988991, logdetD=-0.0132637577947254, t=27.0171
# xi=241.737909988597, logdetD=-0.0103822479452503, t=27.1093
# xi=250.073699988204, logdetD=-0.00813297979871056, t=27.0025
# xi=258.409489987811, logdetD=-0.00637450806669251, t=26.8939
# xi=266.745279987418, logdetD=-0.00499841532033991, t=26.8588
# xi=275.081069987025, logdetD=-0.00392244127875243, t=26.2956
# xi=283.416859986631, logdetD=-0.00307925660666685, t=26.1112
# xi=291.752649986238, logdetD=-0.00241856626623504, t=26.3486
# xi=300.088439985845, logdetD=-0.00190072533346166, t=26.1013
# xi=308.424229985452, logdetD=-0.00149428790634572, t=25.8213
# xi=316.760019985059, logdetD=-0.00117542293337324, t=25.4047
# xi=325.095809984665, logdetD=-0.000924984305023934, t=25.0104
# xi=333.431599984272, logdetD=-0.000728151720142035, t=24.6656
# xi=341.767389983879, logdetD=-0.000573533834404237, t=25.0016
# xi=350.103179983486, logdetD=-0.000451884215002202, t=24.5358
# xi=358.438969983093, logdetD=-0.000356177788686666, t=24.0895
# xi=366.774759982699, logdetD=-0.000280864071803522, t=24.0813
# xi=375.110549982306, logdetD=-0.000221537732935843, t=23.8789
# xi=383.446339981913, logdetD=-0.000174818815560642, t=23.3969
# xi=391.78212998152, logdetD=-0.000137997092284886, t=23.2325
# xi=400.117919981127, logdetD=-0.000108960731460829, t=22.756
# xi=408.453709980733, logdetD=-8.60721947292767e-05, t=22.3598
# xi=416.78949998034, logdetD=-6.80082850177829e-05, t=22.8387
# xi=425.125289979947, logdetD=-5.37523589093586e-05, t=22.1868
# xi=433.461079979554, logdetD=-4.24994099413138e-05, t=21.8458
# xi=441.796869979161, logdetD=-3.36099380520464e-05, t=21.6907
# xi=450.132659978768, logdetD=-2.65890830128257e-05, t=21.3064
# xi=458.468449978374, logdetD=-2.10403417037158e-05, t=20.8452
# xi=466.804239977981, logdetD=-1.66532648065064e-05, t=20.4416
# xi=475.140029977588, logdetD=-1.31855970225331e-05, t=20.0713
# xi=483.475819977195, logdetD=-1.0442098095195e-05, t=19.9319
# xi=491.811609976802, logdetD=-8.27156280692221e-06, t=19.6032
# xi=500.147399976408, logdetD=-6.55403324741962e-06, t=19.05
# xi=508.483189976015, logdetD=-5.19412217985784e-06, t=18.7077
# xi=516.818979975622, logdetD=-4.12181532611909e-06, t=18.3395
# xi=525.154769975229, logdetD=-3.27412244817275e-06, t=18.0834
# xi=533.490559974836, logdetD=-2.59922171323978e-06, t=17.6692
# xi=541.826349974442, logdetD=-2.0621558971351e-06, t=17.1887
# xi=550.162139974049, logdetD=-1.63499467641099e-06, t=16.9421
# xi=558.497929973656, logdetD=-1.29543003137756e-06, t=16.5986
# xi=566.833719973263, logdetD=-1.02714143786876e-06, t=16.0338
#
# 4613 determinants computed
#
# L/R, L, R, T, ldim, F*(L+R)/(ħc)
0.01265, 1.265e-07, 1e-05, 300, 633, -176.1442619494861
# finished at Di 13. Feb 09:38:31 CET 2018
