# starting on alcc122 at Di 13. Feb 13:50:31 CET 2018
# compiler: icc
# compile time: Feb  1 2018 09:49:34
# compiled on: Linux alcc83 3.16.0-4-amd64 #1 SMP Debian 3.16.51-3 (2017-12-13) x86_64 GNU/Linux
# LAPACK support: false
# git HEAD: b96c9c30c7b1cdd2d059ceccd0396c6d55d3da95
# git branch: dev
#
# LbyR = 0.003725
# L = 3.725e-08
# R = 1e-05
# T = 300
# cutoff = 5e-08
# epsrel = 1e-07
# iepsrel = 2e-07
# ldim = 2148
# cores = 10
# alpha = 0.00742235173976936
# filename = /alcc/gpfs1/home/u/hartmmic/libcasimir-dev/data/materials/GoldDalvit.dat
# model = optical data (xi=0: Drude)
# plasma = -56.6009097628807 (logdetD(xi=0) for plasma model with omegap=1.36734e+16eV)
#
# xi=0, logdetD=-39.832001904589, t=10.1396
# xi=8.26232243850821, logdetD=-50.7514239426853, t=75.4334
# xi=16.5246448770164, logdetD=-45.5604825943245, t=77.4663
# xi=24.7869673155246, logdetD=-40.6503485304021, t=78.5058
# xi=33.0492897540329, logdetD=-36.2302477945925, t=78.9417
# xi=41.3116121925411, logdetD=-32.2957453601219, t=79.8716
# xi=49.5739346310493, logdetD=-28.8038900399713, t=85.1893
# xi=57.8362570695575, logdetD=-25.7345330605834, t=86.2966
# xi=66.0985795080657, logdetD=-22.9647868270802, t=87.4964
# xi=74.3609019465739, logdetD=-20.5476698979866, t=88.2354
# xi=82.6232243850821, logdetD=-18.3828716781657, t=88.6925
# xi=90.8855468235903, logdetD=-16.4625769091375, t=89.2819
# xi=99.1478692620986, logdetD=-14.763170445408, t=89.4066
# xi=107.410191700607, logdetD=-13.2435485177722, t=90.5963
# xi=115.672514139115, logdetD=-11.8967717753246, t=90.8576
# xi=123.934836577623, logdetD=-10.6950307959394, t=92.0564
# xi=132.197159016131, logdetD=-9.6193572457852, t=92.2583
# xi=140.45948145464, logdetD=-8.6646106808466, t=93.2027
# xi=148.721803893148, logdetD=-7.80780683160738, t=93.0294
# xi=156.984126331656, logdetD=-7.04124352720852, t=93.3502
# xi=165.246448770164, logdetD=-6.35598959838907, t=92.8322
# xi=173.508771208672, logdetD=-5.73993626319045, t=93.4126
# xi=181.771093647181, logdetD=-5.18840317796485, t=93.4488
# xi=190.033416085689, logdetD=-4.69272198081656, t=94.6952
# xi=198.295738524197, logdetD=-4.24628954145379, t=93.7792
# xi=206.558060962705, logdetD=-3.84603940840424, t=94.0101
# xi=214.820383401214, logdetD=-3.48485827821762, t=94.948
# xi=223.082705839722, logdetD=-3.15943657228324, t=95.0355
# xi=231.34502827823, logdetD=-2.86634572146357, t=94.7726
# xi=239.607350716738, logdetD=-2.60140938554468, t=94.796
# xi=247.869673155246, logdetD=-2.36253256517661, t=95.4737
# xi=256.131995593755, logdetD=-2.14659453653952, t=95.5456
# xi=264.394318032263, logdetD=-1.95110443211087, t=95.3506
# xi=272.656640470771, logdetD=-1.77464297848144, t=95.171
# xi=280.918962909279, logdetD=-1.61466095247939, t=96.1069
# xi=289.181285347787, logdetD=-1.4697609180852, t=96.3523
# xi=297.443607786296, logdetD=-1.33854679631573, t=96.6803
# xi=305.705930224804, logdetD=-1.21941980097438, t=96.0371
# xi=313.968252663312, logdetD=-1.11145812535902, t=95.7335
# xi=322.23057510182, logdetD=-1.01342921321663, t=95.0694
# xi=330.492897540329, logdetD=-0.924323456318568, t=96.0868
# xi=338.755219978837, logdetD=-0.843495435132518, t=96.5233
# xi=347.017542417345, logdetD=-0.769942358498783, t=96.2833
# xi=355.279864855853, logdetD=-0.70305571023016, t=97.4242
# xi=363.542187294361, logdetD=-0.642237237771101, t=97.6921
# xi=371.80450973287, logdetD=-0.58682948239597, t=97.066
# xi=380.066832171378, logdetD=-0.53641815470738, t=97.2162
# xi=388.329154609886, logdetD=-0.490484598703412, t=96.6533
# xi=396.591477048394, logdetD=-0.448596898369566, t=97.0947
# xi=404.853799486902, logdetD=-0.410457382146187, t=96.9991
# xi=413.116121925411, logdetD=-0.375645613653926, t=97.0953
# xi=421.378444363919, logdetD=-0.343887936674479, t=97.4157
# xi=429.640766802427, logdetD=-0.314917553337919, t=96.7919
# xi=437.903089240935, logdetD=-0.288449832785331, t=97.3507
# xi=446.165411679444, logdetD=-0.26429388379143, t=97.0723
# xi=454.427734117952, logdetD=-0.242221171688709, t=96.9601
# xi=462.69005655646, logdetD=-0.222039173732193, t=97.6048
# xi=470.952378994968, logdetD=-0.203607921559707, t=96.4308
# xi=479.214701433476, logdetD=-0.186742724938638, t=97.0747
# xi=487.477023871985, logdetD=-0.171316994965723, t=97.4348
# xi=495.739346310493, logdetD=-0.157207912987815, t=96.5153
# xi=504.001668749001, logdetD=-0.144287349146393, t=97.86
# xi=512.263991187509, logdetD=-0.132598296957482, t=97.5056
# xi=520.526313626017, logdetD=-0.121973665601552, t=96.7681
# xi=528.788636064526, logdetD=-0.112136041878421, t=97.6771
# xi=537.050958503034, logdetD=-0.103029830369172, t=96.6566
# xi=545.313280941542, logdetD=-0.0946032736771046, t=96.4358
# xi=553.57560338005, logdetD=-0.0868081892435301, t=96.2539
# xi=561.837925818559, logdetD=-0.0797124121996732, t=96.9682
# xi=570.100248257067, logdetD=-0.073407484919277, t=96.7814
# xi=578.362570695575, logdetD=-0.0675682460567507, t=96.7471
# xi=586.624893134083, logdetD=-0.0621617678629211, t=96.5396
# xi=594.887215572591, logdetD=-0.0571573962401184, t=96.6055
# xi=603.1495380111, logdetD=-0.0525265951934254, t=96.2205
# xi=611.411860449608, logdetD=-0.0482702531361961, t=95.7317
# xi=619.674182888116, logdetD=-0.0444970658881539, t=95.9696
# xi=627.936505326624, logdetD=-0.0410015406578659, t=96.1938
# xi=636.198827765132, logdetD=-0.0377640481373835, t=96.2264
# xi=644.461150203641, logdetD=-0.0347663141983576, t=95.6261
# xi=652.723472642149, logdetD=-0.0319913274288645, t=95.4104
# xi=660.985795080657, logdetD=-0.0294232529263906, t=96.2023
# xi=669.248117519165, logdetD=-0.027146137659931, t=94.7651
# xi=677.510439957673, logdetD=-0.0250377752347207, t=95.1166
# xi=685.772762396182, logdetD=-0.0230843612360932, t=95.4598
# xi=694.03508483469, logdetD=-0.021274933164663, t=95.7141
# xi=702.297407273198, logdetD=-0.0195992858120228, t=95.724
# xi=710.559729711706, logdetD=-0.0180479195174158, t=94.8102
# xi=718.822052150215, logdetD=-0.0166568130613998, t=95.6804
# xi=727.084374588723, logdetD=-0.015376521728769, t=93.8439
# xi=735.346697027231, logdetD=-0.0141898865528024, t=94.552
# xi=743.609019465739, logdetD=-0.0130902920991065, t=94.3726
# xi=751.871341904248, logdetD=-0.0120715795317891, t=93.6931
# xi=760.133664342756, logdetD=-0.0111280155458766, t=93.8612
# xi=768.395986781264, logdetD=-0.0102741628091082, t=94.437
# xi=776.658309219772, logdetD=-0.0094919752589187, t=93.5153
# xi=784.92063165828, logdetD=-0.00876673742394995, t=94.1368
# xi=793.182954096789, logdetD=-0.00809443474913437, t=94.559
# xi=801.445276535297, logdetD=-0.00747132948010989, t=93.9673
# xi=809.707598973805, logdetD=-0.0068939418351343, t=92.9191
# xi=817.969921412313, logdetD=-0.00636749943249505, t=92.5984
# xi=826.232243850821, logdetD=-0.00588698918829384, t=93.7145
# xi=834.49456628933, logdetD=-0.00544130004462624, t=92.0973
# xi=842.756888727838, logdetD=-0.00502798299905086, t=92.0988
# xi=851.019211166346, logdetD=-0.0046447576913861, t=92.6957
# xi=859.281533604854, logdetD=-0.00428950092876373, t=92.406
# xi=867.543856043362, logdetD=-0.00396354808325964, t=91.7854
# xi=875.806178481871, logdetD=-0.003666880355389, t=92.2849
# xi=884.068500920379, logdetD=-0.00339161193712555, t=91.7936
# xi=892.330823358887, logdetD=-0.00313624153439373, t=91.1269
# xi=900.593145797395, logdetD=-0.00289937107708067, t=90.132
# xi=908.855468235904, logdetD=-0.00267969871875808, t=90.7695
# xi=917.117790674412, logdetD=-0.00247707713060351, t=89.9012
# xi=925.38011311292, logdetD=-0.00229307244021471, t=90.1333
# xi=933.642435551428, logdetD=-0.0021222805108338, t=90.4242
# xi=941.904757989936, logdetD=-0.00196377679861091, t=90.5912
# xi=950.167080428445, logdetD=-0.00181670022407649, t=90.1594
# xi=958.429402866953, logdetD=-0.00168024887937393, t=90.4971
# xi=966.691725305461, logdetD=-0.00155382218966061, t=90.1107
# xi=974.954047743969, logdetD=-0.00143921358868024, t=90.0105
# xi=983.216370182477, logdetD=-0.0013327985324689, t=89.4046
# xi=991.478692620986, logdetD=-0.00123400522137457, t=89.1437
# xi=999.741015059494, logdetD=-0.00114230103916701, t=87.7832
# xi=1008.003337498, logdetD=-0.00105718990271978, t=87.7527
# xi=1016.26565993651, logdetD=-0.000978209791504941, t=87.9696
# xi=1024.52798237502, logdetD=-0.000906365430855217, t=87.7393
# xi=1032.79030481353, logdetD=-0.000839804126699244, t=87.9178
# xi=1041.05262725203, logdetD=-0.000777989273000621, t=87.5911
# xi=1049.31494969054, logdetD=-0.000720590102071998, t=87.3318
# xi=1057.57727212905, logdetD=-0.000667298493455782, t=87.4658
# xi=1065.83959456756, logdetD=-0.000617827441306438, t=85.9957
# xi=1074.10191700607, logdetD=-0.000572596983434967, t=86.2754
# xi=1082.36423944458, logdetD=-0.000530814083817115, t=86.5095
# xi=1090.62656188308, logdetD=-0.000491998127107148, t=86.2562
# xi=1098.88888432159, logdetD=-0.000455942928611232, t=86.6247
# xi=1107.1512067601, logdetD=-0.000422456394442553, t=85.0559
# xi=1115.41352919861, logdetD=-0.000391359567531628, t=85.5292
# xi=1123.67585163712, logdetD=-0.000362802593261765, t=85.3264
# xi=1131.93817407563, logdetD=-0.000336486437463595, t=85.3423
# xi=1140.20049651413, logdetD=-0.000312031358895385, t=83.4175
# xi=1148.46281895264, logdetD=-0.000289308381463958, t=83.9684
# xi=1156.72514139115, logdetD=-0.000268197323559311, t=83.0709
# xi=1164.98746382966, logdetD=-0.000248586208582573, t=83.1508
# xi=1173.24978626817, logdetD=-0.000230507271515782, t=82.7861
# xi=1181.51210870667, logdetD=-0.000213881012903547, t=83.1103
# xi=1189.77443114518, logdetD=-0.000198425965653733, t=82.7932
# xi=1198.03675358369, logdetD=-0.000184061181644088, t=82.9651
# xi=1206.2990760222, logdetD=-0.000170711225233848, t=80.9975
# xi=1214.56139846071, logdetD=-0.000158305797757773, t=81.1751
# xi=1222.82372089922, logdetD=-0.000146830799373129, t=80.7912
# xi=1231.08604333772, logdetD=-0.000136296004389369, t=81.1373
# xi=1239.34836577623, logdetD=-0.000126500526671118, t=80.5012
# xi=1247.61068821474, logdetD=-0.000117393405816901, t=80.0572
# xi=1255.87301065325, logdetD=-0.000108927143237881, t=80.7852
# xi=1264.13533309176, logdetD=-0.000101057468879739, t=80.1371
# xi=1272.39765553026, logdetD=-9.37562693872839e-05, t=80.4935
# xi=1280.65997796877, logdetD=-8.70630182725155e-05, t=79.234
# xi=1288.92230040728, logdetD=-8.08377922962553e-05, t=78.0164
# xi=1297.18462284579, logdetD=-7.50484153970339e-05, t=78.0996
# xi=1305.4469452843, logdetD=-6.96648937034904e-05, t=78.7383
# xi=1313.70926772281, logdetD=-6.46592676539193e-05, t=78.8878
# xi=1321.97159016131, logdetD=-6.00054776228077e-05, t=78.993
# xi=1330.23391259982, logdetD=-5.57395472083155e-05, t=77.2728
# xi=1338.49623503833, logdetD=-5.17732369575184e-05, t=78.1166
# xi=1346.75855747684, logdetD=-4.80836368956247e-05, t=76.2219
# xi=1355.02087991535, logdetD=-4.46517538181476e-05, t=76.2094
# xi=1363.28320235386, logdetD=-4.14598814650093e-05, t=76.1774
# xi=1371.54552479236, logdetD=-3.84915134566054e-05, t=75.1416
# xi=1379.80784723087, logdetD=-3.57615960227415e-05, t=75.3922
# xi=1388.07016966938, logdetD=-3.32284811476495e-05, t=74.7838
# xi=1396.33249210789, logdetD=-3.08714879799045e-05, t=74.9907
# xi=1404.5948145464, logdetD=-2.86785584396344e-05, t=73.7365
# xi=1412.8571369849, logdetD=-2.66384493332252e-05, t=75.2404
# xi=1421.11945942341, logdetD=-2.47406787723766e-05, t=73.1169
# xi=1429.38178186192, logdetD=-2.29902283267364e-05, t=72.4523
# xi=1437.64410430043, logdetD=-2.13687924979959e-05, t=72.642
# xi=1445.90642673894, logdetD=-1.98597230496302e-05, t=72.0071
# xi=1454.16874917745, logdetD=-1.84553450353611e-05, t=72.7186
# xi=1462.43107161595, logdetD=-1.71485031275217e-05, t=71.5865
# xi=1470.69339405446, logdetD=-1.59325239726699e-05, t=71.4421
# xi=1478.95571649297, logdetD=-1.48079823715838e-05, t=70.2881
# xi=1487.21803893148, logdetD=-1.37679025321965e-05, t=71.0576
# xi=1495.48036136999, logdetD=-1.27996741278605e-05, t=70.4523
# xi=1503.7426838085, logdetD=-1.18984019687878e-05, t=69.7571
# xi=1512.005006247, logdetD=-1.10595204096111e-05, t=70.3776
# xi=1520.26732868551, logdetD=-1.02787701304938e-05, t=68.8336
# xi=1528.52965112402, logdetD=-9.55502024047174e-06, t=69.0455
# xi=1536.79197356253, logdetD=-8.8865142179708e-06, t=68.5506
# xi=1545.05429600104, logdetD=-8.26405055996193e-06, t=68.5486
# xi=1553.31661843954, logdetD=-7.68450042629748e-06, t=68.2292
# xi=1561.57894087805, logdetD=-7.14494428980293e-06, t=67.9923
# xi=1569.84126331656, logdetD=-6.642659559561e-06, t=67.5308
# xi=1578.10358575507, logdetD=-6.17604694894588e-06, t=66.5872
# xi=1586.36590819358, logdetD=-5.74555038830675e-06, t=66.3426
# xi=1594.62823063209, logdetD=-5.34461761240342e-06, t=65.6606
# xi=1602.89055307059, logdetD=-4.97124415442691e-06, t=65.6043
# xi=1611.1528755091, logdetD=-4.62355955695128e-06, t=64.8781
# xi=1619.41519794761, logdetD=-4.29981914922033e-06, t=64.9545
# xi=1627.67752038612, logdetD=-3.99848865849706e-06, t=63.8296
# xi=1635.93984282463, logdetD=-3.72076251070787e-06, t=63.1272
#
# 25229 determinants computed
#
# L/R, L, R, T, ldim, F*(L+R)/(ħc)
0.003725, 3.725e-08, 1e-05, 300, 2148, -1344.31401053194
# finished at Di 13. Feb 18:38:12 CET 2018
