# starting on alcc119 at Di 13. Feb 11:26:15 CET 2018
# compiler: icc
# compile time: Feb  1 2018 09:49:34
# compiled on: Linux alcc83 3.16.0-4-amd64 #1 SMP Debian 3.16.51-3 (2017-12-13) x86_64 GNU/Linux
# LAPACK support: false
# git HEAD: b96c9c30c7b1cdd2d059ceccd0396c6d55d3da95
# git branch: dev
#
# LbyR = 0.0046
# L = 4.6e-08
# R = 1e-05
# T = 300
# cutoff = 5e-08
# epsrel = 1e-07
# iepsrel = 2e-07
# ldim = 1740
# cores = 8
# alpha = 0.0091578737806092
# filename = /alcc/gpfs1/home/u/hartmmic/libcasimir-dev/data/materials/GoldDalvit.dat
# model = optical data (xi=0: Drude)
# plasma = -47.1544100663046 (logdetD(xi=0) for plasma model with omegap=1.36734e+16eV)
#
# xi=0, logdetD=-32.1689422642177, t=7.4981
# xi=8.2695251405767, logdetD=-41.6015603901429, t=65.7858
# xi=16.5390502811534, logdetD=-36.6486270104856, t=66.9216
# xi=24.8085754217301, logdetD=-32.1072587017169, t=68.4088
# xi=33.0781005623068, logdetD=-28.1132558719458, t=69.1419
# xi=41.3476257028835, logdetD=-24.6305216192911, t=69.8761
# xi=49.6171508434602, logdetD=-21.5983501913924, t=70.3033
# xi=57.8866759840369, logdetD=-18.9787173248048, t=71.389
# xi=66.1562011246136, logdetD=-16.6600145939438, t=75.2453
# xi=74.4257262651903, logdetD=-14.6673909714406, t=75.0398
# xi=82.695251405767, logdetD=-12.9135935353799, t=76.4296
# xi=90.9647765463437, logdetD=-11.3827085577633, t=77.284
# xi=99.2343016869204, logdetD=-10.0486679002158, t=78.0357
# xi=107.503826827497, logdetD=-8.87484919669896, t=78.6312
# xi=115.773351968074, logdetD=-7.849963444902, t=79.1508
# xi=124.042877108651, logdetD=-6.94934273570881, t=79.0406
# xi=132.312402249227, logdetD=-6.15552296350927, t=79.5325
# xi=140.581927389804, logdetD=-5.4609348594209, t=80.5653
# xi=148.851452530381, logdetD=-4.84699334118571, t=80.6336
# xi=157.120977670957, logdetD=-4.30572369337363, t=81.1347
# xi=165.390502811534, logdetD=-3.82878300474135, t=81.3137
# xi=173.660027952111, logdetD=-3.4063188880204, t=81.1243
# xi=181.929553092687, logdetD=-3.03344196323273, t=80.4198
# xi=190.199078233264, logdetD=-2.70314137699283, t=81.3908
# xi=198.468603373841, logdetD=-2.40996546587965, t=81.8519
# xi=206.738128514418, logdetD=-2.15075586672679, t=82.1457
# xi=215.007653654994, logdetD=-1.92022039104519, t=81.3071
# xi=223.277178795571, logdetD=-1.71544738541809, t=81.5221
# xi=231.546703936148, logdetD=-1.53359700468278, t=82.8608
# xi=239.816229076724, logdetD=-1.37156391193371, t=81.2879
# xi=248.085754217301, logdetD=-1.22749930053977, t=81.56
# xi=256.355279357878, logdetD=-1.09910389728185, t=81.7961
# xi=264.624804498454, logdetD=-0.984515056302318, t=82.2187
# xi=272.894329639031, logdetD=-0.882501982188282, t=82.6221
# xi=281.163854779608, logdetD=-0.791325949621056, t=83.0423
# xi=289.433379920185, logdetD=-0.709899959256346, t=83.1581
# xi=297.702905060761, logdetD=-0.637187761393823, t=82.8531
# xi=305.972430201338, logdetD=-0.572105078595387, t=82.1893
# xi=314.241955341915, logdetD=-0.513937878754726, t=82.2074
# xi=322.511480482491, logdetD=-0.461860652649281, t=81.7154
# xi=330.781005623068, logdetD=-0.41518907050862, t=81.5435
# xi=339.050530763645, logdetD=-0.373434576604453, t=81.6184
# xi=347.320055904221, logdetD=-0.335972355455336, t=81.514
# xi=355.589581044798, logdetD=-0.302379690414656, t=81.8755
# xi=363.859106185375, logdetD=-0.272257546797312, t=82.7046
# xi=372.128631325952, logdetD=-0.245200283603945, t=80.9954
# xi=380.398156466528, logdetD=-0.220922913113791, t=81.7733
# xi=388.667681607105, logdetD=-0.199110356538157, t=81.5555
# xi=396.937206747682, logdetD=-0.179497528279828, t=81.8834
# xi=405.206731888258, logdetD=-0.161885227560213, t=82.2175
# xi=413.476257028835, logdetD=-0.146034870515323, t=80.6382
# xi=421.745782169412, logdetD=-0.131776101853129, t=81.4551
# xi=430.015307309988, logdetD=-0.118948899599496, t=80.8211
# xi=438.284832450565, logdetD=-0.107393865866292, t=81.5398
# xi=446.554357591142, logdetD=-0.0969938287461629, t=80.7284
# xi=454.823882731719, logdetD=-0.0876231025201705, t=80.3029
# xi=463.093407872295, logdetD=-0.0791748345952031, t=80.676
# xi=471.362933012872, logdetD=-0.0715657449508528, t=80.4392
# xi=479.632458153449, logdetD=-0.0647006197952678, t=80.1211
# xi=487.901983294025, logdetD=-0.058508750889214, t=80.1435
# xi=496.171508434602, logdetD=-0.0529238980954942, t=80.4087
# xi=504.441033575179, logdetD=-0.0478810593341535, t=79.2705
# xi=512.710558715755, logdetD=-0.0433746864869058, t=79.75
# xi=520.980083856332, logdetD=-0.0393306235008102, t=79.2117
# xi=529.249608996909, logdetD=-0.0356430114666663, t=79.6844
# xi=537.519134137486, logdetD=-0.0322815707751468, t=79.5421
# xi=545.788659278062, logdetD=-0.0292185373142606, t=79.5893
# xi=554.058184418639, logdetD=-0.0264284559394916, t=79.8985
# xi=562.327709559216, logdetD=-0.0239220490347065, t=79.726
# xi=570.597234699792, logdetD=-0.0217161590394873, t=79.6093
# xi=578.866759840369, logdetD=-0.0197039807881188, t=79.3691
# xi=587.136284980946, logdetD=-0.017869063654206, t=79.1801
# xi=595.405810121523, logdetD=-0.0161963242362785, t=78.7767
# xi=603.675335262099, logdetD=-0.0146719341494435, t=78.7071
# xi=611.944860402676, logdetD=-0.0132908227474916, t=77.8691
# xi=620.214385543253, logdetD=-0.0120774775961934, t=79.0131
# xi=628.483910683829, logdetD=-0.0109702441927784, t=78.2542
# xi=636.753435824406, logdetD=-0.00996012107780359, t=78.0836
# xi=645.022960964983, logdetD=-0.00903885483841804, t=78.0504
# xi=653.292486105559, logdetD=-0.0081988787597952, t=78.2745
# xi=661.562011246136, logdetD=-0.00743325632399235, t=77.2069
# xi=669.831536386713, logdetD=-0.00676036436777761, t=77.6601
# xi=678.10106152729, logdetD=-0.00614653646074975, t=77.659
# xi=686.370586667866, logdetD=-0.00558629867819128, t=77.597
# xi=694.640111808443, logdetD=-0.00507510435111332, t=76.99
# xi=702.90963694902, logdetD=-0.00460878489762337, t=76.7946
# xi=711.179162089596, logdetD=-0.00418351875523076, t=76.9846
# xi=719.448687230173, logdetD=-0.00380609409424779, t=77.3272
# xi=727.71821237075, logdetD=-0.00346353009815335, t=79.6425
# xi=735.987737511326, logdetD=-0.00315073643380306, t=79.0648
# xi=744.257262651903, logdetD=-0.0028651927402077, t=78.601
# xi=752.52678779248, logdetD=-0.00260458801111373, t=78.301
# xi=760.796312933057, logdetD=-0.002366803434841, t=78.7481
# xi=769.065838073633, logdetD=-0.00215408686001233, t=77.5536
# xi=777.33536321421, logdetD=-0.00196176328139455, t=77.3845
# xi=785.604888354787, logdetD=-0.00178607789597609, t=77.4288
# xi=793.874413495363, logdetD=-0.00162562545099286, t=77.8043
# xi=802.14393863594, logdetD=-0.00147911727585261, t=76.4538
# xi=810.413463776517, logdetD=-0.00134537173408062, t=76.2582
# xi=818.682988917094, logdetD=-0.00122494062519104, t=75.6038
# xi=826.95251405767, logdetD=-0.00111638028731395, t=75.3704
# xi=835.222039198247, logdetD=-0.0010171702354856, t=75.5673
# xi=843.491564338824, logdetD=-0.000926522738435882, t=75.9466
# xi=851.7610894794, logdetD=-0.000843715320723687, t=75.3199
# xi=860.030614619977, logdetD=-0.000768085422113516, t=74.7024
# xi=868.300139760554, logdetD=-0.000699612172518099, t=74.7423
# xi=876.56966490113, logdetD=-0.000638031360208726, t=74.912
# xi=884.839190041707, logdetD=-0.000581731830366358, t=73.8606
# xi=893.108715182284, logdetD=-0.000530269808468702, t=74.6774
# xi=901.378240322861, logdetD=-0.000483238222820146, t=73.7578
# xi=909.647765463437, logdetD=-0.00044026370642386, t=73.2795
# xi=917.917290604014, logdetD=-0.00040117684514143, t=72.1114
# xi=926.186815744591, logdetD=-0.000366087766282817, t=72.7644
# xi=934.456340885167, logdetD=-0.000333995587897993, t=72.4523
# xi=942.725866025744, logdetD=-0.000304649151228029, t=72.0888
# xi=950.995391166321, logdetD=-0.000277818034439478, t=72.156
# xi=959.264916306897, logdetD=-0.00025329085884404, t=71.3845
# xi=967.534441447474, logdetD=-0.000230895521622781, t=71.3244
# xi=975.803966588051, logdetD=-0.000210818859501639, t=71.0943
# xi=984.073491728628, logdetD=-0.000192450115917565, t=70.9654
# xi=992.343016869204, logdetD=-0.000175646534029115, t=71.1006
# xi=1000.61254200978, logdetD=-0.000160277123143294, t=69.5131
# xi=1008.88206715036, logdetD=-0.000146221698115835, t=71.0094
# xi=1017.15159229093, logdetD=-0.00013337000042747, t=69.5266
# xi=1025.42111743151, logdetD=-0.000121814249370856, t=69.5156
# xi=1033.69064257209, logdetD=-0.000111260518545266, t=68.5375
# xi=1041.96016771266, logdetD=-0.000101602524214988, t=67.7098
# xi=1050.22969285324, logdetD=-9.27655022309079e-05, t=67.8761
# xi=1058.49921799382, logdetD=-8.46808453611459e-05, t=67.2986
# xi=1066.76874313439, logdetD=-7.72856010039822e-05, t=67.7618
# xi=1075.03826827497, logdetD=-7.06069698009565e-05, t=66.6197
# xi=1083.30779341555, logdetD=-6.45220339248852e-05, t=66.7882
# xi=1091.57731855612, logdetD=-5.89516132599475e-05, t=66.7194
# xi=1099.8468436967, logdetD=-5.38528761154535e-05, t=66.7001
# xi=1108.11636883728, logdetD=-4.91865125812969e-05, t=66.0516
# xi=1116.38589397785, logdetD=-4.49164453115493e-05, t=64.858
# xi=1124.65541911843, logdetD=-4.10454932353554e-05, t=65.5889
# xi=1132.92494425901, logdetD=-3.75256729723805e-05, t=65.5009
# xi=1141.19446939958, logdetD=-3.43024044653527e-05, t=64.0065
# xi=1149.46399454016, logdetD=-3.13510654913876e-05, t=64.1256
# xi=1157.73351968074, logdetD=-2.8649053748649e-05, t=63.4229
# xi=1166.00304482131, logdetD=-2.61756218571833e-05, t=63.77
# xi=1174.27256996189, logdetD=-2.39259316106087e-05, t=62.8293
# xi=1182.54209510247, logdetD=-2.18837119223105e-05, t=62.4218
# xi=1190.81162024305, logdetD=-2.00129626466986e-05, t=62.5074
# xi=1199.08114538362, logdetD=-1.82994828252103e-05, t=61.1643
# xi=1207.3506705242, logdetD=-1.67302342727929e-05, t=61.0767
# xi=1215.62019566478, logdetD=-1.52932470629246e-05, t=60.5223
# xi=1223.88972080535, logdetD=-1.39824376392086e-05, t=61.0347
# xi=1232.15924594593, logdetD=-1.27941682474937e-05, t=60.6657
# xi=1240.42877108651, logdetD=-1.17053419567401e-05, t=58.8294
# xi=1248.69829622708, logdetD=-1.07077428475938e-05, t=58.9206
# xi=1256.96782136766, logdetD=-9.79382679644312e-06, t=58.4527
# xi=1265.23734650824, logdetD=-8.95666743640425e-06, t=57.7954
# xi=1273.50687164881, logdetD=-8.19105425545153e-06, t=57.7535
# xi=1281.77639678939, logdetD=-7.49782145685827e-06, t=57.3567
# xi=1290.04592192997, logdetD=-6.86242075909384e-06, t=56.655
# xi=1298.31544707054, logdetD=-6.28008602116745e-06, t=57.1974
# xi=1306.58497221112, logdetD=-5.74643984911793e-06, t=56.6425
# xi=1314.8544973517, logdetD=-5.25746197066866e-06, t=56.2178
# xi=1323.12402249227, logdetD=-4.8094606568439e-06, t=55.2549
# xi=1331.39354763285, logdetD=-4.40381872583222e-06, t=54.8198
# xi=1339.66307277343, logdetD=-4.03210211844136e-06, t=55.2047
# xi=1347.932597914, logdetD=-3.69133433512428e-06, t=54.335
# xi=1356.20212305458, logdetD=-3.37896832137103e-06, t=53.2696
# xi=1364.47164819516, logdetD=-3.09266495888487e-06, t=53.1311
#
# 18763 determinants computed
#
# L/R, L, R, T, ldim, F*(L+R)/(ħc)
0.0046, 4.6e-08, 1e-05, 300, 1740, -963.5881545888859
# finished at Di 13. Feb 14:48:59 CET 2018
