# starting on alcc114 at Thu Jun  8 10:57:36 CEST 2017

# L      = 0.0196950284512
# R      = 1
# LbyR   = 0.0196950284512
# T      = 0
# cutoff = 1e-12
# epsrel = 2e-07
# ldim   = 508
# cores  = 8
# alpha  = 0.0386292526719768
# quad   = adaptive Gauss-Kronrod
#
# xi=25.887117426, logdetD=-4.84465832863836, t=5.34098
# xi=6033.3853898, logdetD=-4.40200403279171e-101, t=1.30816
# xi=0.111072441976, logdetD=-13.503071290192, t=5.30295
# xi=991.44656322, logdetD=-2.93343150218367e-16, t=3.16327
# xi=0.675924324609, logdetD=-13.3933715925697, t=5.282
# xi=357.240968747, logdetD=-1.28750800755014e-05, t=5.48301
# xi=1.87588464722, logdetD=-12.929917566137, t=5.02896
# xi=174.424223701, logdetD=-0.015007246142485, t=6.83709
# xi=3.84202855779, logdetD=-12.0053550307467, t=5.1035
# xi=99.1977779639, logdetD=-0.274609109398357, t=6.667
# xi=6.75562358739, logdetD=-10.6535436185661, t=5.2032
# xi=61.2521779481, logdetD=-1.19766442759121, t=5.80257
# xi=10.940718699, logdetD=-8.94496198754889, t=5.32723
# xi=39.4666462766, logdetD=-2.81667028183075, t=5.38889
# xi=16.9799795993, logdetD=-6.9637553866422, t=5.14637
# xi=77.6613522781, logdetD=-0.632583314210261, t=6.02543
# xi=12092.657897, logdetD=-5.89706972557542e-203, t=1.17167
# xi=26.10926231, logdetD=-4.80142656989898, t=5.18203
# xi=2008.78024387, logdetD=-2.33339876307871e-33, t=1.86161
# xi=27.2389660753, logdetD=-4.58772859462677, t=5.17217
# xi=740.369054921, logdetD=-4.80607264969269e-12, t=3.45525
# xi=29.6388867205, logdetD=-4.16601809096752, t=5.29647
# xi=374.735564828, logdetD=-6.55050121076018e-06, t=5.34865
# xi=33.5711745416, logdetD=-3.55994752658765, t=5.43187
# xi=224.282673354, logdetD=-0.00218789245348262, t=6.59277
# xi=39.3983646008, logdetD=-2.82429523246338, t=5.49319
# xi=148.391473322, logdetD=-0.0410180270480216, t=6.86072
# xi=47.768554824, logdetD=-2.03021532074999, t=5.62057
# xi=104.820409979, logdetD=-0.220924911179394, t=6.8978
# xi=59.8470766247, logdetD=-1.26516112866826, t=5.82875
# xi=8.62903914202, logdetD=-9.85210517284006, t=5.5114
# xi=25.6668626127, logdetD=-4.8879244191949, t=5.19524
# xi=0.0554173329252, logdetD=-13.5057499509748, t=5.31371
# xi=24.6023599713, logdetD=-5.10280811997523, t=5.24348
# xi=0.333606849568, logdetD=-13.4754465103854, t=5.35502
# xi=22.6102570906, logdetD=-5.53199578639242, t=5.23546
# xi=0.905147026576, logdetD=-13.3206044126204, t=5.28609
# xi=19.9618529223, logdetD=-6.16226188592178, t=5.40652
# xi=1.78830864089, logdetD=-12.9685739705044, t=5.1413
# xi=17.0094077615, logdetD=-6.95532691775777, t=5.23476
# xi=2.98793856257, logdetD=-12.4138675911325, t=5.15806
# xi=14.0289537981, logdetD=-7.86650777393385, t=5.15291
# xi=4.51604686999, logdetD=-11.6840411412014, t=5.20548
# xi=11.1975870239, logdetD=-8.84961014064607, t=5.36787
# xi=6.39324773451, logdetD=-10.8153124300767, t=5.30616
# xi=181.209821982, logdetD=-0.0115474416156205, t=6.91206
# xi=24211.2029115, logdetD=0, t=0.253927
# xi=78.1056420461, logdetD=-0.621768634916106, t=6.19317
# xi=4043.44760516, logdetD=-1.33777667679198e-67, t=1.42105
# xi=80.3650495766, logdetD=-0.569580156680912, t=6.16864
# xi=1506.62522727, logdetD=-6.49247370973445e-25, t=2.29297
# xi=85.164890867, logdetD=-0.472850431356489, t=6.18371
# xi=775.358247082, logdetD=-1.24339834181289e-12, t=3.45887
# xi=93.0294665093, logdetD=-0.348664509044792, t=6.5011
# xi=474.452464134, logdetD=-1.39137866074542e-07, t=4.00724
# xi=104.683846628, logdetD=-0.222094970738286, t=6.82135
# xi=322.67006407, logdetD=-4.89411653768887e-05, t=5.79959
# xi=121.424227074, logdetD=-0.116267494459897, t=6.9628
# xi=235.527937385, logdetD=-0.00141711728877103, t=6.53072
# xi=145.581270675, logdetD=-0.0457212198584627, t=6.8835
# xi=43.1451957101, logdetD=-2.43557706695095, t=5.49811
# xi=77.2208426515, logdetD=-0.643492714583898, t=6.10438
# xi=25.9979520919, logdetD=-4.82303806225056, t=5.27038
# xi=75.0918373687, logdetD=-0.69894597316671, t=6.06221
# xi=26.5543311252, logdetD=-4.71602058647457, t=5.21811
# xi=71.1076316073, logdetD=-0.81597411279992, t=5.89982
# xi=27.6974114792, logdetD=-4.50386232392073, t=5.21282
# xi=65.8108232707, logdetD=-1.00271368332909, t=5.84082
# xi=29.4637347078, logdetD=-4.19538481599195, t=5.18871
# xi=59.905932949, logdetD=-1.26225812928002, t=5.86017
# xi=31.8629945512, logdetD=-3.81114264306846, t=5.33148
# xi=53.9450250223, logdetD=-1.59343321459226, t=5.67439
# xi=34.919211166, logdetD=-3.37383110154358, t=5.54115
# xi=48.2822914738, logdetD=-1.98964087085233, t=5.5933
# xi=38.6736128951, logdetD=-2.90654588063729, t=5.45146
# xi=15.5322704556, logdetD=-7.39205979953998, t=5.10665
# xi=25.7767552714, logdetD=-4.86628717765144, t=5.27555
# xi=8.67826386789, logdetD=-9.831850604928, t=5.5562
# xi=25.2366683789, logdetD=-4.97360066851429, t=5.328
# xi=8.92431017955, logdetD=-9.73122828965648, t=5.54938
# xi=24.1951436196, logdetD=-5.18760791822954, t=5.30451
# xi=9.42434494698, logdetD=-9.52990338964498, t=5.43435
# xi=22.7446674794, logdetD=-5.50187742088216, t=5.24863
# xi=10.1828668192, logdetD=-9.23254223611893, t=5.41134
# xi=21.0320108976, logdetD=-5.8989215026723, t=5.3333
# xi=11.1865856292, logdetD=-8.85367218562435, t=5.31011
# xi=19.1912367506, logdetD=-6.35956759323379, t=5.33174
# xi=12.4226997458, logdetD=-8.40923592728049, t=5.35598
# xi=17.3281676695, logdetD=-6.86472126727837, t=5.24799
# xi=13.8796819325, logdetD=-7.91534810905546, t=5.16364
# xi=3.69815963229, logdetD=-12.0742318295544, t=5.17965
# xi=8.5799544191, logdetD=-9.87234326332428, t=5.5094
# xi=0.027679039785, logdetD=-13.5064066866323, t=5.25602
# xi=8.33873496204, logdetD=-9.97239746413445, t=5.52716
# xi=0.165735509414, logdetD=-13.4986943621949, t=5.36163
# xi=7.86876894701, logdetD=-10.170182192148, t=5.41019
# xi=0.444797310241, logdetD=-13.4531461153686, t=5.35618
# xi=7.20355467762, logdetD=-10.4565451188078, t=5.25027
# xi=0.864300923028, logdetD=-13.3343724079088, t=5.24631
# xi=6.4015879261, logdetD=-10.8115656340888, t=5.20347
# xi=1.41245519686, logdetD=-13.1284123525867, t=5.18352
# xi=5.51902091352, logdetD=-11.2139547077083, t=5.17464
# xi=2.07686712606, logdetD=-12.8396680120531, t=5.08819
# xi=4.60322159246, logdetD=-11.6427371086058, t=5.13369
# xi=2.84527965587, logdetD=-12.4816682051571, t=5.16689
# xi=388.306761391, logdetD=-3.87804496704955e-06, t=5.16994
# xi=48448.2929404, logdetD=0, t=0.306572
# xi=182.098401518, logdetD=-0.0111578792365948, t=6.90405
# xi=8112.78232774, logdetD=-4.69299075353016e-136, t=1.21144
# xi=186.617216579, logdetD=-0.00937104194544005, t=6.89816
# xi=3039.13757196, logdetD=-1.07007035424566e-50, t=1.41728
# xi=196.21689916, logdetD=-0.00646805227445399, t=6.75287
# xi=1576.60361159, logdetD=-4.32549419530708e-26, t=2.21519
# xi=211.946050445, logdetD=-0.00352329875497201, t=6.73468
# xi=974.792045694, logdetD=-5.58466740692827e-16, t=3.16208
# xi=235.254810681, logdetD=-0.00143214522114713, t=6.48658
# xi=671.227245567, logdetD=-6.95048118883607e-11, t=3.49241
# xi=268.735571574, logdetD=-0.000392998905268109, t=6.18511
# xi=496.942992195, logdetD=-5.83626052755207e-08, t=3.75023
# xi=317.049658777, logdetD=-6.08071832183678e-05, t=5.88437
# xi=112.177508846, logdetD=-0.166221356073734, t=7.00351
# xi=180.328802729, logdetD=-0.0119471165247148, t=6.89645
# xi=77.8830216098, logdetD=-0.627164112990637, t=6.12418
# xi=176.070792163, logdetD=-0.0140826019213778, t=6.89563
# xi=78.9957796764, logdetD=-0.600657327106532, t=6.14445
# xi=168.102380641, logdetD=-0.0191575099976876, t=6.88961
# xi=81.2819403845, logdetD=-0.549678563533744, t=6.23255
# xi=157.508763967, logdetD=-0.0288425841439596, t=6.88692
# xi=84.8145868417, logdetD=-0.479314794889864, t=6.24685
# xi=145.698983324, logdetD=-0.045513797350817, t=6.88048
# xi=89.6131065284, logdetD=-0.397986860422974, t=6.35366
# xi=133.777167471, logdetD=-0.0721370944341497, t=6.95439
# xi=95.7255397581, logdetD=-0.314106806337663, t=6.67259
# xi=122.451700374, logdetD=-0.111741143639964, t=7.06813
# xi=103.234343216, logdetD=-0.234903408685771, t=6.82814
# xi=5.97395017524, logdetD=-11.005078876425, t=5.22961
# xi=8.60447931755, logdetD=-9.86222628362309, t=5.51032
# xi=3.71622746055, logdetD=-12.0655794304886, t=5.20702
# xi=8.48327406065, logdetD=-9.91232563696495, t=5.58681
# xi=3.80609890145, logdetD=-12.0225513124289, t=5.1681
# xi=8.24467090058, logdetD=-10.0116828305699, t=5.48953
# xi=3.98651611046, logdetD=-11.9362491970312, t=5.11595
# xi=7.90126879803, logdetD=-10.1563835728394, t=5.3479
# xi=4.25463848328, logdetD=-11.8082958666345, t=5.17764
# xi=7.47817896947, logdetD=-10.3374190076157, t=5.26041
# xi=4.59950257264, logdetD=-11.6444977322948, t=5.10751
# xi=7.00066931274, logdetD=-10.5453623456932, t=5.22776
# xi=5.00939630656, logdetD=-11.4513222906796, t=5.17685
# xi=6.49147200197, logdetD=-10.7712557258921, t=5.22555
# xi=5.4727116617, logdetD=-11.2353824330373, t=5.20382
# xi=1.7258078284, logdetD=-12.9958762269021, t=5.10581
# xi=3.68011384528, logdetD=-12.0828741701581, t=5.15702
# xi=0.0138321250958, logdetD=-13.5065681692989, t=5.28685
# xi=3.59100227146, logdetD=-12.125555472292, t=5.18929
# xi=0.0826033315769, logdetD=-13.5046687242183, t=5.29951
# xi=3.41531668016, logdetD=-12.2096956918525, t=5.1962
# xi=0.22050428214, logdetD=-13.4926560065025, t=5.37757
# xi=3.16185579879, logdetD=-12.3309247177854, t=5.15127
# xi=0.425054746611, logdetD=-13.4574535304424, t=5.341
# xi=2.84858297558, logdetD=-12.4801012099924, t=5.12744
# xi=0.687472627203, logdetD=-13.3899896016795, t=5.3327
# xi=2.49368866468, logdetD=-12.647373849894, t=5.10522
# xi=0.998384456316, logdetD=-13.2880520720219, t=5.30453
# xi=2.11368418189, logdetD=-12.8229330652079, t=5.09209
# xi=1.34853063461, logdetD=-13.1543874015152, t=5.20355
# xi=802.500640208, logdetD=-4.35600461392328e-13, t=3.45293
# xi=96922.4729982, logdetD=0, t=0.324825
# xi=390.083920462, logdetD=-3.62076397091948e-06, t=5.21361
# xi=16251.4517729, logdetD=-7.83677063526266e-273, t=1.24056
# xi=399.121550584, logdetD=-2.55381585744382e-06, t=5.16269
# xi=6104.16226135, logdetD=-2.83816866029446e-102, t=1.31283
# xi=418.320915746, logdetD=-1.21648922060531e-06, t=4.7911
# xi=3179.09434061, logdetD=-4.7188444441039e-53, t=1.47574
# xi=449.779218315, logdetD=-3.60884046878279e-07, t=4.43349
# xi=1975.47120881, logdetD=-8.47823375876575e-33, t=1.85739
# xi=496.396738789, logdetD=-5.96072135485651e-08, t=3.79612
# xi=1368.34160856, logdetD=-1.36946704911899e-22, t=2.5771
# xi=563.358260574, logdetD=-4.48627986179125e-09, t=3.56073
# xi=1019.77310182, logdetD=-9.81210346621469e-17, t=3.12099
# xi=659.98643498, logdetD=-1.07307191338519e-10, t=3.49392
# xi=250.242135118, logdetD=-0.000802780500757484, t=6.42341
# xi=386.544722884, logdetD=-4.15118192084195e-06, t=5.17629
# xi=181.653160646, logdetD=-0.0113514062582879, t=6.84678
# xi=378.028701753, logdetD=-5.76807824013728e-06, t=5.14338
# xi=183.878676779, logdetD=-0.0104164849429853, t=6.81821
# xi=362.091878707, logdetD=-1.06751809962645e-05, t=5.46537
# xi=188.450998195, logdetD=-0.00873031772478955, t=6.83125
# xi=340.904645361, logdetD=-2.41987098238012e-05, t=5.70306
# xi=195.516291109, logdetD=-0.00664545522087196, t=6.71886
# xi=317.285084074, logdetD=-6.02567501631026e-05, t=5.91289
# xi=205.113330483, logdetD=-0.0045872723302083, t=6.66191
# xi=293.441452367, logdetD=-0.000151345980423624, t=6.2
# xi=217.338196942, logdetD=-0.0028609264944488, t=6.67076
# xi=270.790518173, logdetD=-0.000363012596308894, t=6.23783
# xi=232.355803858, logdetD=-0.00160181796708562, t=6.58082
#
# ier=0, integral=-13.3615896123453, neval=195, abserr=7.07056e-07, absrel=5.2917e-08
#
# L/R, L, R, T, ldim, F*(L+R)/(ħc)
0.0196950284512, 0.0196950284512, 1, 0, 508, -110.1011739692682

# finished at Thu Jun  8 11:14:32 CEST 2017
