# starting on alcc114 at Thu Jun  8 09:53:29 CEST 2017

# L      = 0.0816196215198
# R      = 1
# LbyR   = 0.0816196215198
# T      = 0
# cutoff = 1e-12
# epsrel = 2e-07
# ldim   = 250
# cores  = 8
# alpha  = 0.150921118470678
# quad   = adaptive Gauss-Kronrod
#
# xi=6.62597792896, logdetD=-1.11948458808931, t=1.08311
# xi=1544.28466375, logdetD=-1.7864004337529e-101, t=0.469735
# xi=0.0284297218937, logdetD=-2.67573976369519, t=0.780423
# xi=253.767267229, logdetD=-7.11651150783259e-17, t=0.639141
# xi=0.173007275503, logdetD=-2.67085870739601, t=0.812274
# xi=91.4381750305, logdetD=-3.09379388717787e-06, t=0.806779
# xi=0.480145010553, logdetD=-2.63544450946477, t=0.839987
# xi=44.6450270031, logdetD=-0.00359181588441937, t=0.971427
# xi=0.983392473074, logdetD=-2.52481788238577, t=0.848745
# xi=25.3903235564, logdetD=-0.0653715699326092, t=0.884607
# xi=1.72914627958, logdetD=-2.31033981420844, t=0.864885
# xi=15.6778977166, logdetD=-0.283043735069419, t=0.832064
# xi=2.80034889298, logdetD=-1.9909504508939, t=0.902718
# xi=10.101747632, logdetD=-0.659229391420675, t=0.858173
# xi=4.34613743228, logdetD=-1.58281526735517, t=0.852797
# xi=19.8779337869, logdetD=-0.150091074301574, t=0.807734
# xi=3095.19530542, logdetD=-3.34591413711441e-203, t=0.389885
# xi=6.68283737274, logdetD=-1.10982248230456, t=0.821928
# xi=514.160512386, logdetD=-6.10133021720803e-34, t=0.565231
# xi=6.97199247996, logdetD=-1.06195677600239, t=0.821447
# xi=189.50232799, logdetD=-1.1592171377729e-12, t=0.64139
# xi=7.58626795006, logdetD=-0.967005481615871, t=0.816992
# xi=95.9160319351, logdetD=-1.57434557875565e-06, t=0.773874
# xi=8.5927628751, logdetD=-0.829473404759216, t=0.797764
# xi=57.4066250418, logdetD=-0.000524524708245646, t=0.960358
# xi=10.0842704881, logdetD=-0.660984138353776, t=0.852461
# xi=37.9817733623, logdetD=-0.00980462334804937, t=0.939122
# xi=12.2266757149, logdetD=-0.477369700440107, t=0.882253
# xi=26.829473193, logdetD=-0.0526261491110858, t=0.896949
# xi=15.3182527935, logdetD=-0.298866227553128, t=0.839165
# xi=2.20865930965, logdetD=-2.16549735031699, t=0.889281
# xi=6.56960226117, logdetD=-1.12914706908661, t=0.870812
# xi=0.0141844307653, logdetD=-2.67582850531292, t=0.793004
# xi=6.29713581034, logdetD=-1.17702618796478, t=0.827039
# xi=0.0853888668176, logdetD=-2.67471965285732, t=0.802688
# xi=5.78724397873, logdetD=-1.27208187351797, t=0.839787
# xi=0.231678333352, logdetD=-2.66665465247233, t=0.823784
# xi=5.10936751696, logdetD=-1.41016591352248, t=0.845054
# xi=0.457729355867, logdetD=-2.63906567644444, t=0.839505
# xi=4.35366976389, logdetD=-1.5810187371067, t=0.859393
# xi=0.764782522628, logdetD=-2.5786495768282, t=0.84242
# xi=3.59080297366, logdetD=-1.77255779101764, t=0.902491
# xi=1.15591189217, logdetD=-2.47825128318963, t=0.85513
# xi=2.8660960298, logdetD=-1.97207032540536, t=0.916479
# xi=1.63639379719, logdetD=-2.33824647616973, t=0.861091
# xi=46.3818455027, logdetD=-0.00276451815260153, t=0.976113
# xi=6197.01658878, logdetD=0, t=0.102915
# xi=19.9916526744, logdetD=-0.14753772214599, t=0.819727
# xi=1034.9470027, logdetD=-4.44894992231397e-68, t=0.474595
# xi=20.5699628889, logdetD=-0.135210984368671, t=0.854494
# xi=385.630633909, logdetD=-1.62065142334139e-25, t=0.608748
# xi=21.7985138291, logdetD=-0.112341201939243, t=0.872274
# xi=198.458041799, logdetD=-3.00069743449118e-13, t=0.645772
# xi=23.8115036792, logdetD=-0.0829343331330801, t=0.887391
# xi=121.439228013, logdetD=-3.34707174159435e-08, t=0.64568
# xi=26.7945189052, logdetD=-0.0529040713360025, t=0.891908
# xi=82.5895246535, logdetD=-1.17551282254499e-05, t=0.846396
# xi=31.0793293588, logdetD=-0.0277399470620485, t=0.88911
# xi=60.284924315, logdetD=-0.000339836530966021, t=0.958523
# xi=37.262483516, logdetD=-0.0109270467179449, t=0.934964
# xi=11.0432965483, logdetD=-0.57131820759153, t=0.870947
# xi=19.7651824513, logdetD=-0.15266643328882, t=0.821907
# xi=6.65434679049, logdetD=-1.1146534622821, t=0.825767
# xi=19.2202495496, logdetD=-0.165751683867406, t=0.809697
# xi=6.79675566259, logdetD=-1.09071342190522, t=0.837838
# xi=18.2004658864, logdetD=-0.193337287035869, t=0.8392
# xi=7.08933459566, logdetD=-1.04312492470701, t=0.823241
# xi=16.8447129629, logdetD=-0.237275221712772, t=0.834376
# xi=7.54143664069, logdetD=-0.973638110663254, t=0.819064
# xi=15.3333174567, logdetD=-0.298185958849971, t=0.838574
# xi=8.15554297421, logdetD=-0.886622617710531, t=0.804162
# xi=13.8075838763, logdetD=-0.37564788204213, t=0.857608
# xi=8.93780171329, logdetD=-0.787001256208906, t=0.820264
# xi=12.3581699886, logdetD=-0.467941633233237, t=0.878227
# xi=9.89876552334, logdetD=-0.679902033984252, t=0.852512
# xi=99.3896689343, logdetD=-9.3217938975824e-07, t=0.770191
# xi=12400.6591555, logdetD=0, t=0.121834
# xi=46.6092832778, logdetD=-0.0026713482211749, t=0.976299
# xi=2076.51998333, logdetD=-2.21507556235909e-136, t=0.409812
# xi=47.7659037067, logdetD=-0.00224394305887073, t=0.984595
# xi=777.887245747, logdetD=-3.15692398603418e-51, t=0.523123
# xi=50.2230055871, logdetD=-0.00154933865776702, t=1.00696
# xi=403.542061527, logdetD=-1.08573665632833e-26, t=0.603676
# xi=54.2489852873, logdetD=-0.000844382351590928, t=0.984641
# xi=249.504433954, logdetD=-1.35411678893505e-16, t=0.641515
# xi=60.2150157394, logdetD=-0.000343438070108027, t=0.972378
# xi=171.805027236, logdetD=-1.67494614608794e-11, t=0.639253
# xi=68.7846366465, logdetD=-9.43118352796033e-05, t=0.909275
# xi=127.195826559, logdetD=-1.40421326719837e-08, t=0.625933
# xi=81.1509449609, logdetD=-1.46040721229845e-05, t=0.849856
# xi=28.7125710255, logdetD=-0.0396253755915828, t=0.858916
# xi=46.1563428315, logdetD=-0.00286010242669754, t=0.98114
# xi=19.9346715099, logdetD=-0.148811641833169, t=0.823614
# xi=45.0664770282, logdetD=-0.00337074595853738, t=0.973598
# xi=20.2194892541, logdetD=-0.142552308523562, t=0.826341
# xi=43.0269097018, logdetD=-0.00458386322395354, t=0.96192
# xi=20.8046471203, logdetD=-0.130508082312224, t=0.83906
# xi=40.3154038547, logdetD=-0.00689770832179982, t=0.954722
# xi=21.7088512103, logdetD=-0.113870509057118, t=0.837967
# xi=37.2926128424, logdetD=-0.010877550151923, t=0.934816
# xi=22.9370638774, logdetD=-0.0946201456127542, t=0.837034
# xi=34.2411456815, logdetD=-0.0172271870772647, t=0.969394
# xi=24.5015813555, logdetD=-0.0747413573852858, t=0.88354
# xi=31.3423179061, logdetD=-0.0266622834646285, t=0.887067
# xi=26.4235089756, logdetD=-0.055946040663809, t=0.890315
# xi=3.97558675737, logdetD=-1.6735228079975, t=0.846172
# xi=6.59773000977, logdetD=-1.12431580762607, t=0.828045
# xi=2.22125870192, logdetD=-2.16171132080788, t=0.884859
# xi=6.45949121824, logdetD=-1.14825910911522, t=0.828481
# xi=2.2842358733, logdetD=-2.14282081227943, t=0.888286
# xi=6.19290610742, logdetD=-1.19586921568907, t=0.835679
# xi=2.41222306006, logdetD=-2.1046296921727, t=0.898102
# xi=5.82164720156, logdetD=-1.26543723929957, t=0.838083
# xi=2.60637172101, logdetD=-2.04731827712102, t=0.897153
# xi=5.38328148767, logdetD=-1.35270087447693, t=0.852925
# xi=2.86328015049, logdetD=-1.97287649152684, t=0.896669
# xi=4.91212324052, logdetD=-1.45299215764012, t=0.842057
# xi=3.17967168684, logdetD=-1.88373935474184, t=0.898948
# xi=4.43525845839, logdetD=-1.56167917756445, t=0.854927
# xi=3.5525958581, logdetD=-1.78265929427388, t=0.904722
# xi=0.946568275565, logdetD=-2.53434754718849, t=0.848466
# xi=2.19609575206, logdetD=-2.16927468779542, t=0.883332
# xi=0.00708463223973, logdetD=-2.6758500032855, t=0.777809
# xi=2.13435404586, logdetD=-2.1878655187528, t=0.88432
# xi=0.0424210934477, logdetD=-2.67559052593962, t=0.773951
# xi=2.014063154, logdetD=-2.22418962970103, t=0.881423
# xi=0.113848796373, logdetD=-2.67378008120703, t=0.802989
# xi=1.84379718755, logdetD=-2.27570550459347, t=0.870416
# xi=0.22122350456, logdetD=-2.66749849095978, t=0.820411
# xi=1.63852852407, logdetD=-2.33760583181856, t=0.86638
# xi=0.361527195401, logdetD=-2.65288931292148, t=0.864242
# xi=1.41262969378, logdetD=-2.40473126210235, t=0.862144
# xi=0.531587797596, logdetD=-2.62660628057458, t=0.835177
# xi=1.17822483561, logdetD=-2.47203222665959, t=0.857301
# xi=0.728268037389, logdetD=-2.58690270622794, t=0.84499
#
# ier=0, integral=-2.99812448143804, neval=135, abserr=5.68895e-07, absrel=1.8975e-07
#
# L/R, L, R, T, ldim, F*(L+R)/(ħc)
0.0816196215198, 0.0816196215198, 1, 0, 250, -6.323387158284225

# finished at Thu Jun  8 09:55:21 CEST 2017
