# starting on alcc116 at Fri Jun  9 12:56:53 CEST 2017

# L      = 0.00253902422552
# R      = 1
# LbyR   = 0.00253902422552
# T      = 0
# cutoff = 1e-12
# epsrel = 2e-07
# ldim   = 3939
# cores  = 20
# alpha  = 0.00506518781646718
# quad   = adaptive Gauss-Kronrod
#
# xi=197.426045437, logdetD=-38.0364904653381, t=143.312
# xi=46013.1345835, logdetD=-3.42864450830194e-100, t=16.0439
# xi=0.847085158827, logdetD=-114.905602713102, t=123.536
# xi=7561.18848681, logdetD=-2.2761059118885e-15, t=60.0307
# xi=5.15488318865, logdetD=-112.488919331386, t=121.956
# xi=2724.46988079, logdetD=-9.99872952370476e-05, t=154.331
# xi=14.306285304, logdetD=-106.571880164196, t=121.219
# xi=1330.23249159, logdetD=-0.11667279939586, t=185.683
# xi=29.3009257129, logdetD=-97.3526552897926, t=124.043
# xi=756.523976665, logdetD=-2.13809490855792, t=188.794
# xi=51.5212268469, logdetD=-85.3462002577208, t=126.807
# xi=467.134871282, logdetD=-9.34371433127622, t=176.148
# xi=83.4385223904, logdetD=-71.0285770043042, t=130.292
# xi=300.989243909, logdetD=-22.0342354012746, t=156.61
# xi=129.496466088, logdetD=-54.9390494592742, t=135.168
# xi=592.278136311, logdetD=-4.92976484420587, t=183.765
# xi=92223.6952125, logdetD=-4.60707459069494e-202, t=11.491
# xi=199.120215754, logdetD=-37.693869107729, t=143.686
# xi=15319.8030191, logdetD=-1.81052245436852e-32, t=32.4398
# xi=207.735811814, logdetD=-36.001334264431, t=144.455
# xi=5646.36580702, logdetD=-3.72997635054921e-11, t=66.9922
# xi=226.038616045, logdetD=-32.6662728463318, t=146.248
# xi=2857.89102861, logdetD=-5.08682654883891e-05, t=149.341
# xi=256.027896863, logdetD=-27.8838772038204, t=151.142
# xi=1710.47399877, logdetD=-0.0170017945563305, t=183.489
# xi=300.468499131, logdetD=-22.0941641478428, t=155.322
# xi=1131.695788, logdetD=-0.319004244452673, t=184.906
# xi=364.303090218, logdetD=-15.8613602907639, t=165.421
# xi=799.404533254, logdetD=-1.71980339202445, t=187.469
# xi=456.418977614, logdetD=-9.87147970550732, t=176.131
# xi=65.8086818123, logdetD=-78.5558671012775, t=129.934
# xi=195.746289593, logdetD=-38.3794583915961, t=142.749
# xi=0.422635889042, logdetD=-115.051562973163, t=123.83
# xi=187.627944727, logdetD=-40.083958500397, t=141.249
# xi=2.54422614758, logdetD=-114.062626343127, t=125.219
# xi=172.435330294, logdetD=-43.4942870885647, t=140.273
# xi=6.90303192336, logdetD=-111.373215764642, t=121.609
# xi=152.237486205, logdetD=-48.518238663078, t=137.89
# xi=13.6383938459, logdetD=-107.002010546834, t=121.238
# xi=129.72089763, logdetD=-54.8713168512512, t=135.315
# xi=22.7872761848, logdetD=-101.246238460312, t=126.451
# xi=106.990702147, logdetD=-62.2245744878797, t=133.982
# xi=34.4412728492, logdetD=-94.4039665230678, t=125.888
# xi=85.3975082732, logdetD=-70.2446836940191, t=130.826
# xi=48.7575961799, logdetD=-86.7387566510293, t=126.361
# xi=1381.98231806, logdetD=-0.0897679350236416, t=184.956
# xi=184644.81647, logdetD=0, t=2.21285
# xi=595.666476946, logdetD=-4.84537084266725, t=184.416
# xi=30837.0320835, logdetD=-1.04011326850985e-66, t=19.8508
# xi=612.897669065, logdetD=-4.43815582168408, t=186.107
# xi=11490.1576595, logdetD=-5.03667560399296e-24, t=43.1689
# xi=649.503277527, logdetD=-3.68360117771656, t=187.469
# xi=5913.20810266, logdetD=-9.6496206331643e-12, t=66.5838
# xi=709.481839162, logdetD=-2.71528557572615, t=188.124
# xi=3618.37404297, logdetD=-1.08023554809259e-06, t=106.561
# xi=798.363043698, logdetD=-1.72891895203653, t=186.408
# xi=2460.81762144, logdetD=-0.000380119505639756, t=163.579
# xi=926.032225872, logdetD=-0.904695466485935, t=185.248
# xi=1796.23511195, logdetD=-0.0110113465528241, t=181.688
# xi=1110.26400066, logdetD=-0.355597798918616, t=185.883
# xi=329.043409061, logdetD=-19.0410153789514, t=159.254
# xi=588.918624622, logdetD=-5.01490127797581, t=182.92
# xi=198.271317215, logdetD=-37.8651357631592, t=143.561
# xi=572.68193489, logdetD=-5.44770597178638, t=182.646
# xi=202.514497732, logdetD=-37.0172235345247, t=143.873
# xi=542.296706024, logdetD=-6.36136311884903, t=180.807
# xi=211.232109284, logdetD=-35.3375694590516, t=143.846
# xi=501.901017848, logdetD=-7.82000210968691, t=179.001
# xi=224.702833129, logdetD=-32.898311727747, t=146.696
# xi=456.867840697, logdetD=-9.84877847492894, t=176.893
# xi=243.000597806, logdetD=-29.8645619927234, t=148.408
# xi=411.407449731, logdetD=-12.4398741728448, t=170.94
