# starting on alcc114 at Thu Jun  8 09:50:14 CEST 2017

# L      = 0.0950492390112
# R      = 1
# LbyR   = 0.0950492390112
# T      = 0
# cutoff = 1e-12
# epsrel = 2e-07
# ldim   = 250
# cores  = 8
# alpha  = 0.173598109792811
# quad   = adaptive Gauss-Kronrod
#
# xi=5.76043138484, logdetD=-0.95236254624194, t=1.06762
# xi=1342.55591244, logdetD=-1.57085943736876e-101, t=0.465993
# xi=0.0247159685732, logdetD=-2.22183214094878, t=0.726719
# xi=220.617838795, logdetD=-6.10891761063952e-17, t=0.622931
# xi=0.150407464422, logdetD=-2.21849024351296, t=0.736613
# xi=79.4936745739, logdetD=-2.65423479720296e-06, t=0.749635
# xi=0.417424026721, logdetD=-2.19326609413087, t=0.7616
# xi=38.8130804967, logdetD=-0.00307883906878992, t=0.895265
# xi=0.854932649377, logdetD=-2.11004415405487, t=0.770862
# xi=22.0736045689, logdetD=-0.0559694532790611, t=0.80704
# xi=1.50326919357, logdetD=-1.94088289601191, t=0.80216
# xi=13.6299056567, logdetD=-0.241952035501047, t=0.79985
# xi=2.43454141027, logdetD=-1.68082687801973, t=0.840088
# xi=8.78216388965, logdetD=-0.562343854501669, t=0.76131
# xi=3.77840474813, logdetD=-1.34190346935355, t=0.82973
# xi=17.2812941545, logdetD=-0.128411515585055, t=0.7684
# xi=2690.87225626, logdetD=-3.15936581473521e-203, t=0.431871
# xi=5.80986332199, logdetD=-0.944201731535712, t=0.807143
# xi=446.996108975, logdetD=-5.23866376004708e-34, t=0.567542
# xi=6.06124631369, logdetD=-0.903754470071905, t=0.811562
# xi=164.747780533, logdetD=-9.94976655296799e-13, t=0.620752
# xi=6.59527943829, logdetD=-0.823430165817424, t=0.805239
# xi=83.3865923782, logdetD=-1.35072095521236e-06, t=0.719632
# xi=7.4702966836, logdetD=-0.706890335327226, t=0.802676
# xi=49.9076405226, logdetD=-0.000449777285225278, t=0.874791
# xi=8.76696977199, logdetD=-0.563835244826376, t=0.760182
# xi=33.0202426983, logdetD=-0.00840199045228969, t=0.823121
# xi=10.6295142054, logdetD=-0.407618051456984, t=0.798384
# xi=23.3247591641, logdetD=-0.0450635568216026, t=0.809408
# xi=13.3172408811, logdetD=-0.255453551295623, t=0.811494
# xi=1.92014379495, logdetD=-1.82376051198279, t=0.818776
# xi=5.7114200284, logdetD=-0.960522370344572, t=0.806733
# xi=0.012331529177, logdetD=-2.22189232421118, t=0.75074
# xi=5.47454566638, logdetD=-1.00093588830819, t=0.811068
# xi=0.0742345829712, logdetD=-2.22113890837622, t=0.724835
# xi=5.0312606236, logdetD=-1.08106789268036, t=0.818152
# xi=0.20141436584, logdetD=-2.21557195715966, t=0.747697
# xi=4.44193465734, logdetD=-1.1972069291824, t=0.818059
# xi=0.397936512251, logdetD=-2.19589653286787, t=0.752838
# xi=3.78495313689, logdetD=-1.3404011251353, t=0.830036
# xi=0.664879553352, logdetD=-2.15110058559836, t=0.789592
# xi=3.12173906524, logdetD=-1.50011521176149, t=0.840573
# xi=1.00491598571, logdetD=-2.07394688981535, t=0.769555
# xi=2.49170004776, logdetD=-1.66527640727248, t=0.837614
# xi=1.42263289863, logdetD=-1.96323941856327, t=0.773474
# xi=40.3230196939, logdetD=-0.0023698382630605, t=0.869935
# xi=5387.5049439, logdetD=0, t=0.0982289
# xi=17.3801580288, logdetD=-0.126229324834984, t=0.774737
# xi=899.752649334, logdetD=-3.84069641824739e-68, t=0.47243
# xi=17.8829240122, logdetD=-0.115693499806615, t=0.772489
# xi=335.25599245, logdetD=-1.39135655685549e-25, t=0.60371
# xi=18.9509902614, logdetD=-0.0961421964039098, t=0.77434
# xi=172.533616141, logdetD=-2.57560337336392e-13, t=0.619763
# xi=20.701024752, logdetD=-0.0709938549766522, t=0.797652
# xi=105.57571243, logdetD=-2.87214990109636e-08, t=0.609142
# xi=23.2943709288, logdetD=-0.0453013918163665, t=0.806215
# xi=71.8009167815, logdetD=-1.00840567187878e-05, t=0.755612
# xi=27.0194597956, logdetD=-0.0237618483682932, t=0.76505
# xi=52.4099497131, logdetD=-0.000291426280442424, t=0.886308
# xi=32.394913147, logdetD=-0.00936350666501715, t=0.813171
# xi=9.60071897474, logdetD=-0.487588226644346, t=0.773886
# xi=17.1832714416, logdetD=-0.130612447850296, t=0.770095
# xi=5.7850944432, logdetD=-0.948282240009642, t=0.812985
# xi=16.7095227176, logdetD=-0.14179423893725, t=0.769162
# xi=5.90890055079, logdetD=-0.928058018188199, t=0.809237
# xi=15.822952632, logdetD=-0.165361612579592, t=0.767466
# xi=6.16326011652, logdetD=-0.887832840170168, t=0.806141
# xi=14.6443006995, logdetD=-0.202884558127292, t=0.78959
# xi=6.55630440935, logdetD=-0.829044753212263, t=0.81011
# xi=13.3303376586, logdetD=-0.254873116172689, t=0.808598
# xi=7.09019049155, logdetD=-0.755343184204875, t=0.804537
# xi=12.0039095153, logdetD=-0.320940566703782, t=0.822537
# xi=7.77026335626, logdetD=-0.670857706112006, t=0.786832
# xi=10.7438314804, logdetD=-0.399588281875814, t=0.795803
# xi=8.6056971821, logdetD=-0.57991195579655, t=0.770097
# xi=86.4064707727, logdetD=-7.99793108738609e-07, t=0.689355
# xi=10780.7703192, logdetD=0, t=0.114951
# xi=40.5207474425, logdetD=-0.00228998732752307, t=0.871042
# xi=1805.26573005, logdetD=-1.99848252416773e-136, t=0.411145
# xi=41.5262794093, logdetD=-0.00192367103692208, t=0.877609
# xi=676.272416285, logdetD=-2.71377034712939e-51, t=0.519845
# xi=43.6624119077, logdetD=-0.00132830507917953, t=0.884177
# xi=350.827663667, logdetD=-9.32134486971772e-27, t=0.598038
# xi=47.1624808889, logdetD=-0.000723998955442287, t=0.898997
# xi=216.911856245, logdetD=-1.16238700571206e-16, t=0.622202
# xi=52.3491732425, logdetD=-0.00029451434800487, t=0.872454
# xi=149.362264948, logdetD=-1.4375707079846e-11, t=0.619279
# xi=59.7993509761, logdetD=-8.08895476878678e-05, t=0.858501
# xi=110.580330811, logdetD=-1.20500357413105e-08, t=0.547977
# xi=70.5502576789, logdetD=-1.25277935289043e-05, t=0.756357
# xi=24.9618693343, logdetD=-0.0339366694862863, t=0.812208
# xi=40.1269742681, logdetD=-0.00245175761055389, t=0.86955
# xi=17.3306202712, logdetD=-0.127318072701482, t=0.77517
# xi=39.1794768201, logdetD=-0.00288938563461586, t=0.865544
# xi=17.5782324864, logdetD=-0.121968412955409, t=0.768167
# xi=37.4063366489, logdetD=-0.00392896590509762, t=0.85345
# xi=18.0869516179, logdetD=-0.111673455447795, t=0.769556
# xi=35.0490327839, logdetD=-0.00591157163299346, t=0.836878
# xi=18.8730402035, logdetD=-0.0974497710457295, t=0.7739
# xi=32.4211067021, logdetD=-0.00932110672860938, t=0.816328
# xi=19.9408123679, logdetD=-0.0809885944667913, t=0.794086
# xi=29.7682504155, logdetD=-0.0147597215496785, t=0.812659
# xi=21.3009580974, logdetD=-0.063985507452466, t=0.79917
# xi=27.2480943456, logdetD=-0.0228391530730948, t=0.76671
# xi=22.971825749, logdetD=-0.0479045163763805, t=0.803499
# xi=178.57337293, logdetD=-9.02753866973604e-14, t=0.61894
# xi=21567.3010697, logdetD=0, t=0.12773
# xi=86.8019262698, logdetD=-7.46748584686585e-07, t=0.688467
# xi=3616.29189149, logdetD=-4.87290011863005e-273, t=0.400121
# xi=88.8129902034, logdetD=-5.26757047142198e-07, t=0.684598
# xi=1358.30526396, logdetD=-1.01975876032202e-102, t=0.487197
# xi=93.0852552002, logdetD=-2.50970699365388e-07, t=0.675878
# xi=707.415758719, logdetD=-1.21780777675001e-53, t=0.519204
# xi=100.085393163, logdetD=-7.44774773858411e-08, t=0.623976
# xi=439.584143874, logdetD=-1.89679344179492e-33, t=0.570788
# xi=110.45877787, logdetD=-1.23069483560971e-08, t=0.548011
# xi=304.484961281, logdetD=-2.90589746238124e-23, t=0.614098
# xi=125.359133337, logdetD=-9.2684521521409e-10, t=0.555364
# xi=226.921093007, logdetD=-2.04537752399103e-17, t=0.622331
# xi=146.860946743, logdetD=-2.21914174982492e-11, t=0.61844
# xi=55.6841700535, logdetD=-0.000165157659522927, t=0.882343
# xi=86.0143799211, logdetD=-8.5610542304406e-07, t=0.688257
# xi=40.4216719273, logdetD=-0.00232965625827896, t=0.871371
# xi=84.119385025, logdetD=-1.18943448001247e-06, t=0.740032
# xi=40.9168963577, logdetD=-0.0021380071796149, t=0.87723
# xi=80.5731046827, logdetD=-2.20086636382134e-06, t=0.750134
# xi=41.9343346206, logdetD=-0.00179229273784421, t=0.879766
# xi=75.8584969526, logdetD=-4.98745182378149e-06, t=0.755306
# xi=43.5065117919, logdetD=-0.00136469741389878, t=0.882171
# xi=70.602644789, logdetD=-1.24144409032788e-05, t=0.788815
# xi=45.6420561207, logdetD=-0.000942394735401594, t=0.88236
# xi=65.2969322158, logdetD=-3.11674846127866e-05, t=0.793083
# xi=48.3623475796, logdetD=-0.000588000310219404, t=0.897662
# xi=60.256620076, logdetD=-7.47211144521078e-05, t=0.855639
# xi=51.7040828829, logdetD=-0.000329378123859624, t=0.926259
#
# ier=0, integral=-2.53765943545175, neval=135, abserr=5.58874e-08, absrel=2.20232e-08
#
# L/R, L, R, T, ldim, F*(L+R)/(ħc)
0.09504923901120001, 0.09504923901120001, 1, 0, 250, -4.653058072094987

# finished at Thu Jun  8 09:51:55 CEST 2017
