# starting on alcc114 at Thu Jun  8 18:46:39 CEST 2017

# L      = 0.00387798673713
# R      = 1
# LbyR   = 0.00387798673713
# T      = 0
# cutoff = 1e-12
# epsrel = 2e-07
# ldim   = 2579
# cores  = 16
# alpha  = 0.00772601210179832
# quad   = adaptive Gauss-Kronrod
#
# xi=129.432880356, logdetD=-24.8800132212321, t=75.9022
# xi=30166.2960942, logdetD=-2.24473861973617e-100, t=10.4652
# xi=0.555350596073, logdetD=-74.4984175523174, t=68.0659
# xi=4957.12914978, logdetD=-1.49025104435021e-15, t=34.7122
# xi=3.37955094794, logdetD=-73.0955608702053, t=68.1567
# xi=1786.16749038, logdetD=-6.54585021750327e-05, t=82.5733
# xi=9.37922709233, logdetD=-69.4086596553419, t=64.4803
# xi=872.102880591, logdetD=-0.0763754567838925, t=100.048
# xi=19.2097410639, logdetD=-63.5067948923144, t=69.6512
# xi=495.978517633, logdetD=-1.39946174352468, t=99.8705
# xi=33.7774115644, logdetD=-55.7343621260507, t=68.9927
# xi=306.254485172, logdetD=-6.1148461562182, t=91.5036
# xi=54.702449526, logdetD=-46.4184205802489, t=72.2294
# xi=197.329104724, logdetD=-14.4168995930947, t=81.9426
# xi=84.8981225585, logdetD=-35.9223721091455, t=74.0699
# xi=388.298641068, logdetD=-3.22648266506913, t=97.1849
# xi=60462.0250687, logdetD=-3.0153932345183e-202, t=6.83496
# xi=130.543581548, logdetD=-24.6560663073532, t=76.5771
# xi=10043.6911799, logdetD=-1.18557698852771e-32, t=18.1138
# xi=136.191982252, logdetD=-23.5497230337435, t=77.3999
# xi=3701.76786112, logdetD=-2.44204951277445e-11, t=38.1023
# xi=148.191334541, logdetD=-21.3694687245957, t=77.5046
# xi=1873.63864154, logdetD=-3.33019735471429e-05, t=79.3169
# xi=167.852362484, logdetD=-18.2424901950164, t=78.8036
# xi=1121.38991562, logdetD=-0.0111299841585191, t=98.515
# xi=196.987703485, logdetD=-14.4560963315844, t=81.8354
# xi=741.941850699, logdetD=-0.208818385283788, t=100.21
# xi=238.837779408, logdetD=-10.3790698394066, t=85.5996
# xi=524.091089804, logdetD=-1.12569031122616, t=99.8925
# xi=299.229125473, logdetD=-6.4601734344894, t=91.2276
# xi=43.144293452, logdetD=-51.3202232781638, t=69.8752
# xi=128.331629319, logdetD=-25.1041828209244, t=75.5643
# xi=0.277080870153, logdetD=-74.57136651646, t=68.1162
# xi=123.009227417, logdetD=-26.2182144777769, t=75.6847
# xi=1.66799936568, logdetD=-74.0295335045144, t=68.6813
# xi=113.048921309, logdetD=-28.4468396283924, t=74.7713
# xi=4.5256404901, logdetD=-72.4144342857627, t=65.6051
# xi=99.8071773869, logdetD=-31.7291340551237, t=75.756
# xi=8.94135621769, logdetD=-69.6809614104782, t=65.3983
# xi=85.0452602922, logdetD=-35.878149023352, t=74.2188
# xi=14.939380392, logdetD=-66.0108549431514, t=67.3718
# xi=70.1433021139, logdetD=-40.6775214910011, t=72.7474
# xi=22.5797621491, logdetD=-61.6035737459051, t=67.9286
# xi=55.9867642922, logdetD=-45.9075532086177, t=72.8717
# xi=31.9655701903, logdetD=-56.6383789950716, t=69.6348
# xi=906.030162491, logdetD=-0.0587635496196355, t=100.278
# xi=121053.483018, logdetD=0, t=1.33286
# xi=390.520043452, logdetD=-3.17125346516143, t=96.7792
# xi=20216.8152402, logdetD=-6.81054845374015e-67, t=12.5286
# xi=401.816844859, logdetD=-2.90476110195508, t=97.697
# xi=7532.96860259, logdetD=-3.2979860326801e-24, t=24.7862
# xi=425.815549437, logdetD=-2.41094992673332, t=98.2722
# xi=3876.71016343, logdetD=-6.31772934499982e-12, t=37.2867
# xi=465.137605323, logdetD=-1.77722371454507, t=99.6122
# xi=2372.2127116, logdetD=-7.07212245005401e-07, t=56.0981
# xi=523.408287325, logdetD=-1.13165649856752, t=100.486
# xi=1613.31658175, logdetD=-0.00024884984757967, t=88.5141
# xi=607.108439172, logdetD=-0.592184931464243, t=99.921
# xi=1177.61505996, logdetD=-0.00720846640217629, t=97.7601
# xi=727.891131302, logdetD=-0.232771503282256, t=99.9404
# xi=215.72146726, logdetD=-12.4590642858397, t=83.1686
# xi=386.096138994, logdetD=-3.2821975615794, t=97.556
# xi=129.987042096, logdetD=-24.7680114666062, t=76.2947
# xi=375.45133519, logdetD=-3.56543059858658, t=96.8227
# xi=132.768879087, logdetD=-24.2137806810938, t=76.2839
# xi=355.530722975, logdetD=-4.1633259920178, t=95.8842
# xi=138.484161336, logdetD=-23.1158217204785, t=77.18
# xi=329.04723513, logdetD=-5.11781891225865, t=93.596
# xi=147.315592791, logdetD=-21.5211717808041, t=77.6266
# xi=299.52340094, logdetD=-6.44531968996759, t=91.7475
# xi=159.31164114, logdetD=-19.5376393192563, t=78.7334
# xi=269.719484584, logdetD=-8.14064304673953, t=88.2559
# xi=174.592404654, logdetD=-17.2836448855878, t=79.7395
# xi=241.40640894, logdetD=-10.1710127795984, t=85.8228
# xi=193.364020736, logdetD=-14.8789747059707, t=81.5757
# xi=77.6597282135, logdetD=-38.173634811857, t=73.2204
# xi=128.881081122, logdetD=-24.9920706455553, t=76.3185
# xi=43.3904119343, logdetD=-51.2098275006838, t=70.1045
# xi=126.180703132, logdetD=-25.548221321268, t=75.7493
# xi=44.6206177659, logdetD=-50.6621163491016, t=70.3284
# xi=120.973188237, logdetD=-26.658165407399, t=75.7243
# xi=47.1207393191, logdetD=-49.5696872545032, t=70.5332
# xi=113.720959199, logdetD=-28.2902826391036, t=75.681
# xi=50.9132693688, logdetD=-47.9637825225037, t=71.8808
# xi=105.157855367, logdetD=-30.3562405996033, t=75.2216
# xi=55.931758469, logdetD=-45.9293017839363, t=72.4865
# xi=95.9541771042, logdetD=-32.759248941039, t=74.6235
# xi=62.112199803, logdetD=-43.5569756521093, t=72.3879
# xi=86.6390265025, logdetD=-35.4029351471682, t=73.9739
# xi=69.3969583938, logdetD=-40.9359403820664, t=72.0684
# xi=18.4904114794, logdetD=-63.9214356469035, t=69.3524
# xi=42.8988749697, logdetD=-51.4305790215009, t=69.8792
# xi=0.138392304786, logdetD=-74.5932440318312, t=67.1842
# xi=41.6928029065, logdetD=-51.9769100659516, t=69.7103
# xi=0.828660217654, logdetD=-74.4029226567806, t=68.1746
# xi=39.3430219713, logdetD=-53.06074803437, t=68.9461
# xi=2.2239400429, logdetD=-73.7431957974466, t=70.0762
# xi=36.0170201796, logdetD=-54.6400606620009, t=69.301
# xi=4.32141424325, logdetD=-72.5376236476018, t=65.9415
# xi=32.0072702762, logdetD=-56.6173813850787, t=69.7406
# xi=7.06212829705, logdetD=-70.851597007097, t=65.7064
# xi=27.5945274951, logdetD=-58.8905857508122, t=70.0924
# xi=10.3841184717, logdetD=-68.7855167238186, t=65.4118
# xi=23.0156266463, logdetD=-61.3621533463914, t=67.6187
# xi=14.226100775, logdetD=-66.4387993146684, t=67.1197
# xi=1941.49320534, logdetD=-1.97148470627233e-05, t=76.0831
# xi=242236.398916, logdetD=0, t=1.64196
# xi=910.47296726, logdetD=-0.0567806103572143, t=100.06
# xi=40563.0633607, logdetD=-2.39607090500257e-135, t=8.75904
# xi=933.066570075, logdetD=-0.0476855994574946, t=100.068
# xi=15195.3700855, logdetD=-5.44214292800449e-50, t=13.591
# xi=981.06397923, logdetD=-0.032910550721609, t=98.9283
# xi=7882.85320722, logdetD=-2.19725830735973e-25, t=22.7832
# xi=1059.708091, logdetD=-0.0179248751318463, t=98.7449
# xi=4873.85830356, logdetD=-2.83716793488766e-15, t=34.7543
# xi=1176.24945501, logdetD=-0.00728492143239035, t=97.8674
# xi=3356.06604386, logdetD=-3.53189608979068e-10, t=39.1912
# xi=1343.6497587, logdetD=-0.00199870996632643, t=94.6493
# xi=2484.66300028, logdetD=-2.96635310243488e-07, t=50.021
# xi=1585.21514296, logdetD=-0.000309190745303444, t=89.0471
# xi=560.875814875, logdetD=-0.846793236744557, t=100.144
# xi=901.625158344, logdetD=-0.0607979861858554, t=100.395
# xi=389.406964548, logdetD=-3.19880724621293, t=97.3785
# xi=880.335550737, logdetD=-0.0716684644976079, t=100.298
# xi=394.97063853, logdetD=-3.06344631596535, t=97.5036
# xi=840.494326305, logdetD=-0.0975039947170496, t=99.3918
# xi=406.401203028, logdetD=-2.80314890353794, t=98.1018
# xi=787.527350615, logdetD=-0.146816127523648, t=99.8126
# xi=424.064065938, logdetD=-2.44394573418694, t=98.742
# xi=728.479682236, logdetD=-0.231715083598587, t=99.5794
# xi=448.056162636, logdetD=-2.02888262948651, t=99.0414
# xi=668.871849523, logdetD=-0.367328070944259, t=100.04
# xi=478.617689664, logdetD=-1.60092799090645, t=99.2768
# xi=612.245698236, logdetD=-0.56911861065027, t=99.3808
# xi=516.160921829, logdetD=-1.19696947459756, t=100.486
# xi=29.869126236, logdetD=-57.7058209023117, t=71.0024
# xi=43.0214968976, logdetD=-51.3754061627909, t=69.8701
# xi=18.5807487315, logdetD=-63.8692012636012, t=69.5913
# xi=42.4154832864, logdetD=-51.6487460234031, t=69.765
# xi=19.030096539, logdetD=-63.6100708285089, t=68.7803
# xi=41.2224924346, logdetD=-52.1917713693828, t=69.3507
# xi=19.9321637195, logdetD=-63.093340204772, t=69.401
# xi=39.5055178282, logdetD=-52.9849583999336, t=69.0138
# xi=21.2727475485, logdetD=-62.334005977693, t=68.1625
# xi=37.390112924, logdetD=-53.9815270220875, t=68.87
# xi=22.9970319361, logdetD=-61.3724306868773, t=67.4127
# xi=35.002614569, logdetD=-55.1325804809891, t=69.5927
# xi=25.046457747, logdetD=-60.2514852645545, t=68.5131
# xi=32.4566812572, logdetD=-56.3916607806089, t=69.6927
# xi=27.3629860781, logdetD=-59.0127671453873, t=69.9103
# xi=8.62885869039, logdetD=-69.8755014626529, t=64.7256
# xi=18.4001844312, logdetD=-63.9736525501588, t=69.5175
# xi=0.0691591791828, logdetD=-74.5991058168982, t=67.2137
# xi=17.9546358797, logdetD=-64.2321802508106, t=69.9775
# xi=0.413008020825, logdetD=-74.5396432915746, t=68.394
# xi=17.076226293, logdetD=-64.7451527201746, t=67.9948
# xi=1.10249835462, logdetD=-74.2917757849252, t=69.0217
# xi=15.8089483882, logdetD=-65.4927867063723, t=68.2975
# xi=2.12522928904, logdetD=-73.7955936079828, t=69.6428
# xi=14.2426170281, logdetD=-66.4288602609739, t=67.7555
# xi=3.43729125342, logdetD=-73.0619509126104, t=68.3565
# xi=12.4681825816, logdetD=-67.5044062419505, t=66.4768
# xi=4.99181788983, logdetD=-72.1310976703353, t=65.6687
# xi=10.5681999012, logdetD=-68.6716945907177, t=66.1728
# xi=6.74251216978, logdetD=-71.0504271232038, t=65.3448
# xi=13.3896083127, logdetD=-66.9439826005576, t=67.8774
# xi=18.4452841924, logdetD=-63.9475462888768, t=69.7956
# xi=8.66819277098, logdetD=-69.8510070544323, t=65.6981
# xi=18.2220376569, logdetD=-64.0768866141602, t=69.4822
# xi=8.86346501477, logdetD=-69.7294374095687, t=65.7439
# xi=17.7799226571, logdetD=-64.3338632293636, t=69.5463
# xi=9.25357449199, logdetD=-69.4867604298245, t=64.9977
# xi=17.1374168032, logdetD=-64.7092785104182, t=68.6538
# xi=9.82868440826, logdetD=-69.1296011192373, t=65.0549
# xi=16.3355748974, logdetD=-65.1810266685205, t=68.0994
# xi=10.5603583047, logdetD=-68.6765409282357, t=66.377
# xi=15.4167294093, logdetD=-65.7259589156517, t=67.8235
# xi=11.418441892, logdetD=-68.1475381357247, t=66.6041
# xi=14.4203162431, logdetD=-66.3220142789893, t=67.8737
# xi=12.3735653492, logdetD=-67.5621773132492, t=66.6406
# xi=4.17525420503, logdetD=-72.625377146064, t=67.0263
# xi=8.58954700976, logdetD=-69.8999838532555, t=64.9394
# xi=0.0345703536952, logdetD=-74.6005956829841, t=66.666
# xi=8.39504699172, logdetD=-70.021139101071, t=65.2805
# xi=0.206175067888, logdetD=-74.5840900780569, t=67.6907
# xi=8.00974573931, logdetD=-70.2612316414052, t=65.6695
# xi=0.548911386871, logdetD=-74.5004287925753, t=69.1488
# xi=7.44953087231, logdetD=-70.6103383080301, t=65.8926
# xi=1.0539618563, logdetD=-74.3123908778561, t=68.6327
# xi=6.74993188057, logdetD=-71.0458143323421, t=65.3657
# xi=1.69612402227, logdetD=-74.0156184239967, t=69.2909
# xi=5.94762588401, logdetD=-71.5434124224619, t=65.1307
# xi=2.44868982395, logdetD=-73.6218200771267, t=69.8118
# xi=5.07683793935, logdetD=-72.0791480202412, t=66.046
# xi=3.28567616325, logdetD=-73.1500028954669, t=69.2634
# xi=4012.41929103, logdetD=-2.21324338855238e-12, t=37.0958
# xi=484602.230712, logdetD=0, t=2.05692
# xi=1950.37881488, logdetD=-1.84068270130065e-05, t=75.9147
# xi=81255.5596018, logdetD=-4.01109519260814e-272, t=6.79611
# xi=1995.5660205, logdetD=-1.29825192548202e-05, t=74.4129
# xi=30520.1730514, logdetD=-1.44735453535504e-101, t=9.29515
# xi=2091.56083882, logdetD=-6.1838515525097e-06, t=70.9887
# xi=15895.1392948, logdetD=-2.40024805811772e-52, t=13.4812
# xi=2248.84906236, logdetD=-1.83438819560436e-06, t=62.4839
# xi=9877.14948747, logdetD=-4.30760743474685e-32, t=18.2646
# xi=2481.93179037, logdetD=-3.02961777733765e-07, t=49.8116
# xi=6841.56496808, logdetD=-6.95641507249006e-22, t=26.6322
# xi=2816.73239775, logdetD=-2.27999137646325e-08, t=39.8725
# xi=5098.75888092, logdetD=-4.98469690567833e-16, t=34.0237
# xi=3299.86316627, logdetD=-5.45289233473572e-10, t=39.2019
# xi=1251.18451011, logdetD=-0.00408316249464345, t=95.9138
# xi=1932.68319704, logdetD=-2.11034867774267e-05, t=77.0446
# xi=908.246809452, logdetD=-0.0577656932840801, t=100.257
# xi=1890.10398183, logdetD=-2.93239781352099e-05, t=78.196
# xi=919.374157416, logdetD=-0.0530068489174631, t=100.354
# xi=1810.42153297, logdetD=-5.42732035757141e-05, t=82.59
# xi=942.235286412, logdetD=-0.0444244368131036, t=99.9159
# xi=1704.48758159, logdetD=-0.000123035211718878, t=85.7588
# xi=977.561012233, logdetD=-0.0338134124864683, t=99.549
# xi=1586.39224483, logdetD=-0.000306391662783531, t=88.3313
# xi=1025.54520563, logdetD=-0.0233391001917817, t=98.453
# xi=1467.1765794, logdetD=-0.000769629323070685, t=91.6413
# xi=1086.66825968, logdetD=-0.0145544643427016, t=98.7146
# xi=1353.92427683, logdetD=-0.00184618770861599, t=94.5445
# xi=1161.75472401, logdetD=-0.00814814673001527, t=98.062
#
# ier=0, integral=-69.3554719279289, neval=225, abserr=6.46762e-06, absrel=9.32532e-08
#
# L/R, L, R, T, ldim, F*(L+R)/(ħc)
0.00387798673713, 0.00387798673713, 1, 0, 2579, -2857.429173643614

# finished at Thu Jun  8 23:16:26 CEST 2017
