# starting on alcc114 at Thu Jun  8 10:45:39 CEST 2017

# L      = 0.021800142088
# R      = 1
# LbyR   = 0.021800142088
# T      = 0
# cutoff = 1e-12
# epsrel = 2e-07
# ldim   = 459
# cores  = 8
# alpha  = 0.0426700705745694
# quad   = adaptive Gauss-Kronrod
#
# xi=23.4356303267, logdetD=-4.37036773108523, t=4.47951
# xi=5462.02913545, logdetD=-3.97440632234647e-101, t=1.01742
# xi=0.100553980067, logdetD=-12.0913642284719, t=4.3335
# xi=897.557451527, logdetD=-2.65000741023391e-16, t=2.68481
# xi=0.611914889543, logdetD=-12.0009489343027, t=4.40805
# xi=323.410565314, logdetD=-1.16301447364314e-05, t=4.51825
# xi=1.69824003207, logdetD=-11.602925182816, t=4.14918
# xi=157.906404155, logdetD=-0.0135543298829868, t=5.64681
# xi=3.47819185517, logdetD=-10.7902608783272, t=4.31195
# xi=89.8038362222, logdetD=-0.247977856928881, t=5.54935
# xi=6.11587201521, logdetD=-9.58785163547883, t=4.33679
# xi=55.4516509301, logdetD=-1.08124978387673, t=4.79093
# xi=9.90464232529, logdetD=-8.0583432657091, t=4.48534
# xi=35.7291898187, logdetD=-2.54204210734317, t=4.55782
# xi=15.3719905656, logdetD=-6.27834005493174, t=4.26694
# xi=70.3068909801, logdetD=-0.571172130324849, t=4.97009
# xi=10947.4939012, logdetD=-5.32261686761073e-203, t=1.0242
# xi=23.6367382868, logdetD=-4.33141297915668, t=4.30265
# xi=1818.55053338, logdetD=-2.10777913004445e-33, t=1.55739
# xi=24.6594601058, logdetD=-4.13884183093783, t=4.30465
# xi=670.256760955, logdetD=-4.34166472373964e-12, t=2.81836
# xi=26.8321103908, logdetD=-3.7587540717627, t=4.2144
# xi=339.248438636, logdetD=-5.91714826106855e-06, t=4.30875
# xi=30.392014037, logdetD=-3.21235459946483, t=4.3474
# xi=203.043302771, logdetD=-0.00197618488605725, t=5.27533
# xi=35.6673743571, logdetD=-2.54891966606949, t=4.50735
# xi=134.338932187, logdetD=-0.0370452896362293, t=5.64212
# xi=43.2449149773, logdetD=-1.83255815568955, t=4.62664
# xi=94.894009964, logdetD=-0.199504284388086, t=5.63571
# xi=54.179611458, logdetD=-1.14216893875059, t=4.75998
# xi=7.81187677557, logdetD=-8.87131447146453, t=4.51239
# xi=23.2362334492, logdetD=-4.40935239184304, t=4.28465
# xi=0.0501693605647, logdetD=-12.0934900769764, t=4.31396
# xi=22.2725382654, logdetD=-4.60295656807518, t=4.32496
# xi=0.302014576295, logdetD=-12.0690597227686, t=4.38508
# xi=20.4690857637, logdetD=-4.98956121053587, t=4.41093
# xi=0.819430404592, logdetD=-11.9395013246833, t=4.31827
# xi=18.0714831252, logdetD=-5.5570772096831, t=4.49489
# xi=1.618957396, logdetD=-11.6365315040987, t=4.16515
# xi=15.3986319069, logdetD=-6.27075813225142, t=4.21486
# xi=2.70498342627, logdetD=-11.1509274703419, t=4.25672
# xi=12.7004242949, logdetD=-7.09001089271876, t=4.36725
# xi=4.08838122999, logdetD=-10.5054651938609, t=4.28182
# xi=10.1371854473, logdetD=-7.97279833256191, t=4.38578
# xi=5.78781283474, logdetD=-9.73222613873078, t=4.21792
# xi=164.049412287, logdetD=-0.0104295818271356, t=5.56245
# xi=21918.4234328, logdetD=0, t=0.229613
# xi=70.7091069004, logdetD=-0.561408968196171, t=4.92515
# xi=3660.53669709, logdetD=-1.20807417146047e-67, t=1.18938
# xi=72.7545505383, logdetD=-0.514294154653666, t=4.95728
# xi=1363.94915224, logdetD=-5.86505400925873e-25, t=1.94498
# xi=77.0998511084, logdetD=-0.426965386524121, t=5.09882
# xi=701.932507599, logdetD=-1.12325256718643e-12, t=2.82332
# xi=84.2196584008, logdetD=-0.31484292945632, t=5.32688
# xi=429.522235869, logdetD=-1.25688404218466e-07, t=3.34107
# xi=94.770379041, logdetD=-0.200560794246819, t=5.58237
# xi=292.113494701, logdetD=-4.42082437704483e-05, t=4.6958
# xi=109.925460281, logdetD=-0.104999976665513, t=5.62078
# xi=213.223650255, logdetD=-0.00128000479325208, t=5.28457
# xi=131.794853243, logdetD=-0.0412927333709745, t=5.6517
# xi=39.0593838778, logdetD=-2.19827524608786, t=4.58714
# xi=69.908097225, logdetD=-0.581020757437083, t=4.98085
# xi=23.5359690478, logdetD=-4.35088652969971, t=4.27263
# xi=67.9807068575, logdetD=-0.631081318243309, t=4.89507
# xi=24.0396594793, logdetD=-4.25445340746736, t=4.36634
# xi=64.373801854, logdetD=-0.736724926450933, t=4.78369
# xi=25.0744911359, logdetD=-4.0632602801068, t=4.1767
# xi=59.578596577, logdetD=-0.905288013007919, t=4.74417
# xi=26.6735451187, logdetD=-3.78522515134836, t=4.22633
# xi=54.2328941404, logdetD=-1.13954886895703, t=4.65949
# xi=28.8455971792, logdetD=-3.43883831700502, t=4.282
# xi=48.8364789166, logdetD=-1.43842842381765, t=4.60824
# xi=31.6123927867, logdetD=-3.0445298230615, t=4.4217
# xi=43.7100012212, logdetD=-1.79594867538411, t=4.66086
# xi=35.0112559962, logdetD=-2.62310673617207, t=4.46965
# xi=14.061378196, logdetD=-6.6635370912677, t=4.18516
# xi=23.3357193704, logdetD=-4.38985640937982, t=4.27526
# xi=7.85643996348, logdetD=-8.85318220899756, t=4.51776
# xi=22.8467782284, logdetD=-4.48654741435081, t=4.27802
# xi=8.07918590728, logdetD=-8.76308846902797, t=4.52394
# xi=21.9038849416, logdetD=-4.67935150877479, t=4.33626
# xi=8.53186782498, logdetD=-8.58275851984382, t=4.47759
# xi=20.5907676076, logdetD=-4.96243482196161, t=4.36389
# xi=9.21855834754, logdetD=-8.31624881967898, t=4.50244
# xi=19.0402980877, logdetD=-5.31998863987616, t=4.49788
# xi=10.1272258749, logdetD=-7.97644290914039, t=4.53863
# xi=17.3738436225, logdetD=-5.73468045724829, t=4.38947
# xi=11.2462810791, logdetD=-7.57752820576022, t=4.38835
# xi=15.6872055338, logdetD=-6.18924875350727, t=4.22291
# xi=12.5652883428, logdetD=-7.13389810731685, t=4.32644
# xi=3.34794718953, logdetD=-10.8511952949549, t=4.23609
# xi=7.76744033246, logdetD=-8.88943096594308, t=4.44657
# xi=0.0250578592249, logdetD=-12.0940097561138, t=4.26787
# xi=7.54906414439, logdetD=-8.9789810498771, t=4.39881
# xi=0.150040503418, logdetD=-12.0878717821587, t=4.29737
# xi=7.12360349487, logdetD=-9.1559231573831, t=4.38545
# xi=0.402675398793, logdetD=-12.050748062882, t=4.35975
# xi=6.5213844278, logdetD=-9.41190699990702, t=4.278
# xi=0.782452390884, logdetD=-11.9511776951462, t=4.32457
# xi=5.79536321758, logdetD=-9.7288833666049, t=4.29221
# xi=1.27869694033, logdetD=-11.7749102645477, t=4.20163
# xi=4.99637451965, logdetD=-10.0875361373666, t=4.33361
# xi=1.88018964811, logdetD=-11.52429462769, t=4.12165
# xi=4.16730058342, logdetD=-10.4687989089535, t=4.30329
# xi=2.57583419172, logdetD=-11.2105885466086, t=4.23424
# xi=351.534454901, logdetD=-3.50310151458396e-06, t=4.19039
# xi=43860.2824959, logdetD=0, t=0.247477
# xi=164.853844127, logdetD=-0.010077743260034, t=5.62962
# xi=7344.5090245, logdetD=-4.23652834131692e-136, t=1.06697
# xi=168.944731403, logdetD=-0.00846392980240119, t=5.53704
# xi=2751.3339348, logdetD=-9.66455484820369e-51, t=1.24933
# xi=177.635332543, logdetD=-0.00584201573546628, t=5.41102
# xi=1427.30064552, logdetD=-3.90746129963344e-26, t=1.87203
# xi=191.874947128, logdetD=-0.00318233574583451, t=5.47128
# xi=882.480102064, logdetD=-5.04508317737836e-16, t=2.68072
# xi=212.976388409, logdetD=-0.0012935784151006, t=5.20181
# xi=607.662619728, logdetD=-6.27881908023105e-11, t=2.93089
# xi=243.286550889, logdetD=-0.000354983048714713, t=5.03412
# xi=449.882930836, logdetD=-5.27213406310368e-08, t=3.09259
# xi=287.025336812, logdetD=-5.49265992293754e-05, t=4.6593
# xi=101.554398082, logdetD=-0.150108578065949, t=5.63036
# xi=163.251824777, logdetD=-0.0107905531238485, t=5.56132
# xi=70.5075684224, logdetD=-0.566279846721656, t=4.91326
# xi=159.397044042, logdetD=-0.0127192342035043, t=5.62779
# xi=71.5149492853, logdetD=-0.542350191845344, t=4.98704
# xi=152.183234035, logdetD=-0.0173026266113295, t=5.61032
# xi=73.5846125985, logdetD=-0.496327069450949, t=5.00784
# xi=142.592823481, logdetD=-0.0260495151486161, t=5.63513
# xi=76.7827205641, logdetD=-0.432801613874844, t=5.09405
# xi=131.901418608, logdetD=-0.0411054111837091, t=5.68687
# xi=81.1268246852, logdetD=-0.359374919544527, t=5.25388
# xi=121.10858816, logdetD=-0.0651483379639933, t=5.6966
# xi=86.6604159001, logdetD=-0.283640907584425, t=5.36747
# xi=110.855632769, logdetD=-0.10091256586685, t=5.55888
# xi=93.4581423191, logdetD=-0.212126172365081, t=5.58917
# xi=5.40822238309, logdetD=-9.90145376426634, t=4.24784
# xi=7.78964274473, logdetD=-8.8803746953637, t=4.41839
# xi=3.36430401045, logdetD=-10.8435430998374, t=4.28208
# xi=7.67991551835, logdetD=-8.92521889032571, t=4.42483
# xi=3.44566470547, logdetD=-10.8054783664557, t=4.25795
# xi=7.46390786627, logdetD=-9.0141349668322, t=4.41102
# xi=3.60899656453, logdetD=-10.7290803362938, t=4.25629
# xi=7.15302563878, logdetD=-9.14358216651125, t=4.35535
# xi=3.85172798604, logdetD=-10.6156946071337, t=4.24563
# xi=6.77000204237, logdetD=-9.30544925413197, t=4.37393
# xi=4.16393375149, logdetD=-10.4703620830494, t=4.27984
# xi=6.33771212734, logdetD=-9.49124869905573, t=4.33173
# xi=4.53501091174, logdetD=-10.2987309217765, t=4.31596
# xi=5.87673535105, logdetD=-9.69291663512764, t=4.27702
# xi=4.95445071297, logdetD=-10.1066135630575, t=4.26655
# xi=1.56237535511, logdetD=-11.6602375026859, t=4.16187
# xi=3.33161032257, logdetD=-10.8588378686384, t=4.3423
# xi=0.0125222350964, logdetD=-12.0941374618881, t=4.33377
# xi=3.25093753589, logdetD=-10.8965708565373, t=4.25222
# xi=0.074780869215, logdetD=-12.0926331697454, t=4.30681
# xi=3.09188921453, logdetD=-10.9709010254111, t=4.22096
# xi=0.19962272186, logdetD=-12.0830227824261, t=4.28631
# xi=2.86243085421, logdetD=-11.0778559518856, t=4.19774
# xi=0.384802438458, logdetD=-12.0543000511669, t=4.30671
# xi=2.57882468998, logdetD=-11.2092104280632, t=4.17632
# xi=0.622369578107, logdetD=-11.998109471941, t=4.26312
# xi=2.25753855609, logdetD=-11.3560975329445, t=4.14479
# xi=0.90383833229, logdetD=-11.911818820504, t=4.21532
# xi=1.91352016136, logdetD=-11.5096902160273, t=4.11429
# xi=1.22082597753, logdetD=-11.7972919085798, t=4.16304
#
# ier=0, integral=-12.0384039613412, neval=165, abserr=2.36152e-06, absrel=1.96166e-07
#
# L/R, L, R, T, ldim, F*(L+R)/(ħc)
0.021800142088, 0.021800142088, 1, 0, 459, -89.80399945841167

# finished at Thu Jun  8 10:57:36 CEST 2017
