# starting on alcc116 at Tue Apr 18 13:47:57 CEST 2017

# L      = 7.75e-07
# R      = 1.5e-05
# LbyR   = 0.0516666666666667
# T      = 295
# cutoff = 1e-13
# epsrel = 1e-10
# ldim   = 250
# cores  = 3
# alpha  = 0.098256735340729
# filename = /alcc/gpfs1/home/u/hartmmic/libcasimir-dev/data/materials/GoldEpsIm.dat
# model  = optical data (xi=0: Drude)
# plasma = -4.45962289540212 (logdetD(xi=0) for plasma model with omegap=9eV)
#
# xi=0, logdetD=-2.55713590241763, t=0.476959
# xi=12.7690188241809, logdetD=-1.26569428020639, t=8.61685
# xi=25.5380376483617, logdetD=-0.33406432867123, t=8.11206
# xi=38.3070564725426, logdetD=-0.0890820450974248, t=8.58168
# xi=51.0760752967234, logdetD=-0.023826612667296, t=9.20505
# xi=63.8450941209043, logdetD=-0.00638136379024977, t=9.40396
# xi=76.6141129450851, logdetD=-0.00171099633779078, t=9.55195
# xi=89.383131769266, logdetD=-0.00045962304530703, t=9.27626
# xi=102.152150593447, logdetD=-0.000123554098673986, t=8.86036
# xi=114.921169417628, logdetD=-3.32587794402289e-05, t=8.67232
# xi=127.690188241809, logdetD=-8.95797248851499e-06, t=8.19961
# xi=140.459207065989, logdetD=-2.41946909131041e-06, t=8.0812
# xi=153.22822589017, logdetD=-6.53762144297526e-07, t=7.53384
# xi=165.997244714351, logdetD=-1.76970721812129e-07, t=6.99927
# xi=178.766263538532, logdetD=-4.79677829430379e-08, t=6.52737
# xi=191.535282362713, logdetD=-1.30126653466994e-08, t=6.1069
# xi=204.304301186894, logdetD=-3.53700272395014e-09, t=6.09719
# xi=217.073320011075, logdetD=-9.62003703096438e-10, t=6.33265
# xi=229.842338835255, logdetD=-2.62017304158961e-10, t=6.34042
# xi=242.611357659436, logdetD=-7.14385578044071e-11, t=6.25649
#
# L/R, L, R, T, ldim, F*(L+R)/(ħc)
0.05166666666666667, 7.75e-07, 1.5e-05, 295, 250, -12.19333711772442

# finished at Tue Apr 18 13:50:26 CEST 2017
