# starting on alcc116 at Tue Apr 18 13:39:08 CEST 2017

# L      = 6.4e-07
# R      = 1.5e-05
# LbyR   = 0.0426666666666667
# T      = 295
# cutoff = 1e-13
# epsrel = 1e-10
# ldim   = 250
# cores  = 3
# alpha  = 0.0818414322250639
# filename = /alcc/gpfs1/home/u/hartmmic/libcasimir-dev/data/materials/GoldEpsIm.dat
# model  = optical data (xi=0: Drude)
# plasma = -5.52505616763956 (logdetD(xi=0) for plasma model with omegap=9eV)
#
# xi=0, logdetD=-3.15674326871906, t=0.527882
# xi=12.6597435442275, logdetD=-1.91900406586568, t=11.076
# xi=25.319487088455, logdetD=-0.627795533036552, t=10.4786
# xi=37.9792306326825, logdetD=-0.207831115069002, t=11.1978
# xi=50.6389741769099, logdetD=-0.0691054930189119, t=11.7939
# xi=63.2987177211374, logdetD=-0.0230242017557513, t=12.253
# xi=75.9584612653649, logdetD=-0.00768164461041968, t=12.621
# xi=88.6182048095924, logdetD=-0.002567886693676, t=12.5294
# xi=101.27794835382, logdetD=-0.000859023168735683, t=12.4889
# xi=113.937691898047, logdetD=-0.000287754967750679, t=11.9583
# xi=126.597435442275, logdetD=-9.64468393908059e-05, t=11.6591
# xi=139.257178986502, logdetD=-3.24155004341459e-05, t=11.2791
# xi=151.91692253073, logdetD=-1.08993512688088e-05, t=10.906
# xi=164.576666074957, logdetD=-3.67134274332391e-06, t=10.2784
# xi=177.236409619185, logdetD=-1.23825750813943e-06, t=10.0339
# xi=189.896153163412, logdetD=-4.17985500514771e-07, t=9.35356
# xi=202.55589670764, logdetD=-1.41370785494888e-07, t=8.88847
# xi=215.215640251867, logdetD=-4.78439085785822e-08, t=8.03793
# xi=227.875383796095, logdetD=-1.62144268291738e-08, t=7.85926
# xi=240.535127340322, logdetD=-5.50075249380041e-09, t=7.87256
# xi=253.19487088455, logdetD=-1.86755291501191e-09, t=7.85527
# xi=265.854614428777, logdetD=-6.34943190232011e-10, t=7.75929
# xi=278.514357973005, logdetD=-2.15992752887593e-10, t=7.74509
#
# L/R, L, R, T, ldim, F*(L+R)/(ħc)
0.04266666666666667, 6.4e-07, 1.5e-05, 295, 250, -17.87855933630209

# finished at Tue Apr 18 13:42:54 CEST 2017
