# starting on alcc114 at Tue Apr 18 13:47:53 CEST 2017

# L      = 7.7e-07
# R      = 1.5e-05
# LbyR   = 0.0513333333333333
# T      = 295
# cutoff = 1e-13
# epsrel = 1e-10
# ldim   = 250
# cores  = 3
# alpha  = 0.0976537729866836
# filename = /alcc/gpfs1/home/u/hartmmic/libcasimir-dev/data/materials/GoldEpsIm.dat
# model  = optical data (xi=0: Drude)
# plasma = -4.49237514404332 (logdetD(xi=0) for plasma model with omegap=9eV)
#
# xi=0, logdetD=-2.57554513641466, t=0.493654
# xi=12.76497159159, logdetD=-1.28454057329629, t=8.51052
# xi=25.52994318318, logdetD=-0.341745211937597, t=8.09843
# xi=38.29491477477, logdetD=-0.0918641864003082, t=8.62228
# xi=51.0598863663599, logdetD=-0.0247698330382701, t=9.08268
# xi=63.8248579579499, logdetD=-0.00668787083901988, t=9.37825
# xi=76.5898295495399, logdetD=-0.00180775683959622, t=9.44264
# xi=89.3548011411299, logdetD=-0.000489564582742254, t=9.32045
# xi=102.11977273272, logdetD=-0.000132673007194303, t=9.12627
# xi=114.88474432431, logdetD=-3.60038313257194e-05, t=8.66338
# xi=127.6497159159, logdetD=-9.77617319706903e-06, t=8.3632
# xi=140.41468750749, logdetD=-2.66192473297373e-06, t=8.03506
# xi=153.17965909908, logdetD=-7.25123193601191e-07, t=7.47368
# xi=165.94463069067, logdetD=-1.97883533345237e-07, t=7.31584
# xi=178.70960228226, logdetD=-5.4072190390362e-08, t=6.68429
# xi=191.47457387385, logdetD=-1.47878991658768e-08, t=6.10682
# xi=204.23954546544, logdetD=-4.05220540903972e-09, t=6.16607
# xi=217.00451705703, logdetD=-1.11108824121322e-09, t=6.32162
# xi=229.76948864862, logdetD=-3.05082602109303e-10, t=6.28327
# xi=242.53446024021, logdetD=-8.38563048004103e-11, t=6.28064
#
# L/R, L, R, T, ldim, F*(L+R)/(ħc)
0.05133333333333333, 7.7e-07, 1.5e-05, 295, 250, -12.3516084688207

# finished at Tue Apr 18 13:50:23 CEST 2017
