# starting on alcc122 at Tue Apr 18 14:01:23 CEST 2017

# L      = 2.6e-07
# R      = 1.5e-05
# LbyR   = 0.0173333333333333
# T      = 295
# cutoff = 1e-13
# epsrel = 1e-10
# ldim   = 549
# cores  = 6
# alpha  = 0.0340760157273919
# filename = /alcc/gpfs1/home/u/hartmmic/libcasimir-dev/data/materials/GoldEpsIm.dat
# model  = optical data (xi=0: Drude)
# plasma = -14.3331251173872 (logdetD(xi=0) for plasma model with omegap=9eV)
#
# xi=0, logdetD=-8.24443672179709, t=1.78705
# xi=12.3521538673217, logdetD=-8.87644005928529, t=20.9887
# xi=24.7043077346434, logdetD=-5.35042371403839, t=19.877
# xi=37.0564616019651, logdetD=-3.2529934184691, t=20.4368
# xi=49.4086154692868, logdetD=-1.99036044324624, t=20.5797
# xi=61.7607693366085, logdetD=-1.22301872739802, t=20.8384
# xi=74.1129232039302, logdetD=-0.753791052790063, t=20.9756
# xi=86.4650770712519, logdetD=-0.465988245982009, t=21.892
# xi=98.8172309385736, logdetD=-0.288445691178712, t=23.3991
# xi=111.169384805895, logdetD=-0.178845886529943, t=24.5597
# xi=123.521538673217, logdetD=-0.110969785747578, t=25.6986
# xi=135.873692540539, logdetD=-0.0690469956319079, t=26.1498
# xi=148.22584640786, logdetD=-0.042979825377164, t=26.7365
# xi=160.578000275182, logdetD=-0.0268003899940546, t=27.0343
# xi=172.930154142504, logdetD=-0.0167322998526051, t=26.7619
# xi=185.282308009825, logdetD=-0.0104546806063595, t=26.6777
# xi=197.634461877147, logdetD=-0.00654466275123417, t=26.4267
# xi=209.986615744469, logdetD=-0.00409932082301267, t=26.5648
# xi=222.338769611791, logdetD=-0.0025711283214385, t=26.2151
# xi=234.690923479112, logdetD=-0.00161422576905364, t=25.713
# xi=247.043077346434, logdetD=-0.00101419555097275, t=25.6576
# xi=259.395231213756, logdetD=-0.000638083304004103, t=25.7149
# xi=271.747385081077, logdetD=-0.000401668395098356, t=25.0814
# xi=284.099538948399, logdetD=-0.000253115965666951, t=24.6785
# xi=296.451692815721, logdetD=-0.000159627249075685, t=24.4844
# xi=308.803846683042, logdetD=-0.000100731698122126, t=23.9205
# xi=321.156000550364, logdetD=-6.36319937179143e-05, t=23.5853
# xi=333.508154417686, logdetD=-4.02149069744117e-05, t=23.3616
# xi=345.860308285008, logdetD=-2.54370983257521e-05, t=22.6744
# xi=358.212462152329, logdetD=-1.60995117972998e-05, t=22.4413
# xi=370.564616019651, logdetD=-1.01950034259912e-05, t=21.8079
# xi=382.916769886973, logdetD=-6.46117423090048e-06, t=21.6897
# xi=395.268923754294, logdetD=-4.09644142357068e-06, t=21.0551
# xi=407.621077621616, logdetD=-2.59898476296233e-06, t=20.4592
# xi=419.973231488938, logdetD=-1.64973080513062e-06, t=20.1117
# xi=432.32538535626, logdetD=-1.04765391215665e-06, t=19.4472
# xi=444.677539223581, logdetD=-6.65734825150111e-07, t=19.0277
# xi=457.029693090903, logdetD=-4.23185097170298e-07, t=18.7004
# xi=469.381846958225, logdetD=-2.6916047164987e-07, t=17.9626
# xi=481.734000825546, logdetD=-1.71263960939328e-07, t=17.3377
# xi=494.086154692868, logdetD=-1.09015659141718e-07, t=16.8315
# xi=506.43830856019, logdetD=-6.94287592327721e-08, t=16.27
# xi=518.790462427511, logdetD=-4.42297395518891e-08, t=15.5314
# xi=531.142616294833, logdetD=-2.8190578912698e-08, t=15.4247
# xi=543.494770162155, logdetD=-1.79737145400417e-08, t=15.6677
# xi=555.846924029477, logdetD=-1.1463529371161e-08, t=15.5514
# xi=568.199077896798, logdetD=-7.31455013756743e-09, t=15.5515
# xi=580.55123176412, logdetD=-4.66836710922148e-09, t=15.4913
# xi=592.903385631442, logdetD=-2.98076318542431e-09, t=15.4948
# xi=605.255539498763, logdetD=-1.90375585194675e-09, t=15.4207
# xi=617.607693366085, logdetD=-1.21625342918088e-09, t=15.4239
# xi=629.959847233407, logdetD=-7.77312915207288e-10, t=15.3909
#
# L/R, L, R, T, ldim, F*(L+R)/(ħc)
0.01733333333333333, 2.6e-07, 1.5e-05, 295, 549, -105.361097661536

# finished at Tue Apr 18 14:19:31 CEST 2017
