# starting on alcc114 at Sun Feb 18 17:21:44 CET 2018
# compiler: icc
# compile time: Feb  1 2018 09:49:34
# compiled on: Linux alcc83 3.16.0-4-amd64 #1 SMP Debian 3.16.51-3 (2017-12-13) x86_64 GNU/Linux
# LAPACK support: false
# git HEAD: b96c9c30c7b1cdd2d059ceccd0396c6d55d3da95
# git branch: dev
#
# LbyR = 0.016675
# L = 7.17025e-08
# R = 4.3e-06
# T = 300
# cutoff = 5e-08
# epsrel = 1e-07
# iepsrel = 2e-07
# ldim = 480
# cores = 4
# alpha = 0.032803009811395
# filename = /alcc/gpfs1/home/u/hartmmic/libcasimir-dev/data/materials/GoldDalvit.dat
# model = optical data (xi=0: Drude)
# plasma = -12.9932511818995 (logdetD(xi=0) for plasma model with omegap=1.36734e+16eV)
#
# xi=0, logdetD=-8.58433689455187, t=1.23094
# xi=3.5986366445224, logdetD=-11.2604481292517, t=13.4534
# xi=7.1972732890448, logdetD=-9.50115315376595, t=13.8627
# xi=10.7959099335672, logdetD=-7.951444440996, t=13.7977
# xi=14.3945465780896, logdetD=-6.64867496898716, t=14.1453
# xi=17.993183222612, logdetD=-5.56366212174401, t=14.3158
# xi=21.5918198671344, logdetD=-4.66128287636799, t=14.9763
# xi=25.1904565116568, logdetD=-3.91475924736151, t=15.133
# xi=28.7890931561792, logdetD=-3.28522409089597, t=15.3439
# xi=32.3877298007016, logdetD=-2.76593203614168, t=15.3094
# xi=35.986366445224, logdetD=-2.32927416459827, t=15.5656
# xi=39.5850030897464, logdetD=-1.9642544378707, t=15.6022
# xi=43.1836397342688, logdetD=-1.65932037966536, t=15.5984
# xi=46.7822763787912, logdetD=-1.4025352225905, t=15.7288
# xi=50.3809130233136, logdetD=-1.18747907508993, t=15.6733
# xi=53.979549667836, logdetD=-1.00638260696978, t=15.5489
# xi=57.5781863123584, logdetD=-0.853473803582089, t=15.6403
# xi=61.1768229568808, logdetD=-0.725031565410774, t=15.7112
# xi=64.7754596014032, logdetD=-0.616256349246349, t=15.8533
# xi=68.3740962459256, logdetD=-0.524290769479824, t=15.8109
# xi=71.972732890448, logdetD=-0.446541409088097, t=15.9855
# xi=75.5713695349704, logdetD=-0.380528573091128, t=15.9541
# xi=79.1700061794928, logdetD=-0.324616740633004, t=16.0989
# xi=82.7686428240152, logdetD=-0.277116213931089, t=15.9791
# xi=86.3672794685376, logdetD=-0.236691316839692, t=15.8769
# xi=89.96591611306, logdetD=-0.202380198641849, t=15.9327
# xi=93.5645527575824, logdetD=-0.173121038814325, t=15.8993
# xi=97.1631894021048, logdetD=-0.148189154264211, t=16.1371
# xi=100.761826046627, logdetD=-0.126943099804084, t=16.0172
# xi=104.36046269115, logdetD=-0.108789232601812, t=16.03
# xi=107.959099335672, logdetD=-0.0932995512445662, t=15.8818
# xi=111.557735980194, logdetD=-0.0800568194928865, t=15.9628
# xi=115.156372624717, logdetD=-0.0687217247969073, t=15.8952
# xi=118.755009269239, logdetD=-0.0590355720532499, t=15.9368
# xi=122.353645913762, logdetD=-0.0507328080548267, t=16.0831
# xi=125.952282558284, logdetD=-0.0436190402744025, t=16.0961
# xi=129.550919202806, logdetD=-0.0375233882572077, t=15.8677
# xi=133.149555847329, logdetD=-0.0322904042616169, t=15.8592
# xi=136.748192491851, logdetD=-0.0278022891822112, t=15.9061
# xi=140.346829136374, logdetD=-0.0239475115857928, t=15.851
# xi=143.945465780896, logdetD=-0.0206338853777311, t=15.8266
# xi=147.544102425418, logdetD=-0.0177886668774536, t=15.9928
# xi=151.142739069941, logdetD=-0.0153402122781787, t=15.5646
# xi=154.741375714463, logdetD=-0.0132338183953728, t=15.7672
# xi=158.340012358986, logdetD=-0.0114214978296517, t=15.7035
# xi=161.938649003508, logdetD=-0.00986004578626854, t=15.6781
# xi=165.53728564803, logdetD=-0.00851567083489749, t=15.6406
# xi=169.135922292553, logdetD=-0.00735692372710686, t=15.4994
# xi=172.734558937075, logdetD=-0.00635753434971578, t=15.4592
# xi=176.333195581598, logdetD=-0.0054962942663762, t=15.4926
# xi=179.93183222612, logdetD=-0.00475285735976427, t=15.5394
# xi=183.530468870642, logdetD=-0.00411124753661176, t=15.4949
# xi=187.129105515165, logdetD=-0.00355745570885294, t=15.247
# xi=190.727742159687, logdetD=-0.00307895271494201, t=15.2875
# xi=194.32637880421, logdetD=-0.00266572383945847, t=15.2598
# xi=197.925015448732, logdetD=-0.00230855114249841, t=15.0474
# xi=201.523652093254, logdetD=-0.0019996767656628, t=15.0892
# xi=205.122288737777, logdetD=-0.00173273537116104, t=14.9858
# xi=208.720925382299, logdetD=-0.001501728617471, t=14.9118
# xi=212.319562026822, logdetD=-0.00130185201638582, t=14.8088
# xi=215.918198671344, logdetD=-0.00112889154158964, t=14.7754
# xi=219.516835315866, logdetD=-0.000979095269753169, t=14.6821
# xi=223.115471960389, logdetD=-0.000850287349257106, t=14.4947
# xi=226.714108604911, logdetD=-0.000739151492844277, t=14.777
# xi=230.312745249434, logdetD=-0.000642165053312982, t=14.3613
# xi=233.911381893956, logdetD=-0.000557561869083529, t=14.4256
# xi=237.510018538478, logdetD=-0.000483792982400654, t=14.5109
# xi=241.108655183001, logdetD=-0.000419500225670141, t=14.332
# xi=244.707291827523, logdetD=-0.000364017085343568, t=14.1476
# xi=248.305928472046, logdetD=-0.000316798578047181, t=14.0906
# xi=251.904565116568, logdetD=-0.000275567523798084, t=14.1596
# xi=255.50320176109, logdetD=-0.000239577927385729, t=13.8943
# xi=259.101838405613, logdetD=-0.000208175485217915, t=13.831
# xi=262.700475050135, logdetD=-0.000180786432847895, t=13.7029
# xi=266.299111694658, logdetD=-0.000156998466615729, t=13.677
# xi=269.89774833918, logdetD=-0.000136772182432221, t=13.43
# xi=273.496384983702, logdetD=-0.000119100424667546, t=13.5509
# xi=277.095021628225, logdetD=-0.000103665598117956, t=13.4386
# xi=280.693658272747, logdetD=-9.01891050566699e-05, t=13.2082
# xi=284.29229491727, logdetD=-7.84266035420172e-05, t=13.228
# xi=287.890931561792, logdetD=-6.81638366716692e-05, t=12.8798
# xi=291.489568206314, logdetD=-5.94322611966648e-05, t=13.1195
# xi=295.088204850837, logdetD=-5.18033600804004e-05, t=12.9634
# xi=298.686841495359, logdetD=-4.51361811056843e-05, t=12.874
# xi=302.285478139882, logdetD=-3.93112402979241e-05, t=12.6615
# xi=305.884114784404, logdetD=-3.4223725587201e-05, t=12.6727
# xi=309.482751428926, logdetD=-2.97817108500447e-05, t=12.4634
# xi=313.081388073449, logdetD=-2.59753489804981e-05, t=12.4889
# xi=316.680024717971, logdetD=-2.26607736493267e-05, t=12.2095
# xi=320.278661362494, logdetD=-1.97624082952223e-05, t=12.2038
# xi=323.877298007016, logdetD=-1.72286723681476e-05, t=12.0227
# xi=327.475934651538, logdetD=-1.50143103800511e-05, t=11.9655
# xi=331.074571296061, logdetD=-1.30796206946509e-05, t=11.8106
# xi=334.673207940583, logdetD=-1.14121295657805e-05, t=11.8331
# xi=338.271844585106, logdetD=-9.9637236010613e-06, t=11.6178
# xi=341.870481229628, logdetD=-8.69651743939733e-06, t=11.5969
# xi=345.46911787415, logdetD=-7.58811173731029e-06, t=11.1834
# xi=349.067754518673, logdetD=-6.6188489184769e-06, t=11.4192
# xi=352.666391163195, logdetD=-5.77148006322356e-06, t=11.3581
# xi=356.265027807718, logdetD=-5.03763705832876e-06, t=11.053
# xi=359.86366445224, logdetD=-4.4014181796597e-06, t=11.0349
# xi=363.462301096762, logdetD=-3.84451203383039e-06, t=10.7986
# xi=367.060937741285, logdetD=-3.35713858080758e-06, t=10.8698
# xi=370.659574385807, logdetD=-2.93071266836923e-06, t=10.6012
# xi=374.25821103033, logdetD=-2.55769943050929e-06, t=10.5185
# xi=377.856847674852, logdetD=-2.23336916487749e-06, t=10.2438
# xi=381.455484319374, logdetD=-1.95258707235255e-06, t=10.3824
# xi=385.054120963897, logdetD=-1.70669153637673e-06, t=10.0132
# xi=388.652757608419, logdetD=-1.49139104522882e-06, t=10.0154
# xi=392.251394252942, logdetD=-1.30291763516727e-06, t=9.79207
# xi=395.850030897464, logdetD=-1.13796337316796e-06, t=9.74373
# xi=399.448667541986, logdetD=-9.94055252648261e-07, t=9.44897
# xi=403.047304186509, logdetD=-8.6960365623382e-07, t=9.44909
# xi=406.645940831031, logdetD=-7.6056618573581e-07, t=9.30043
#
# 6747 determinants computed
#
# L/R, L, R, T, ldim, F*(L+R)/(ħc)
0.016675, 7.17025e-08, 4.3e-06, 300, 480, -86.14778496373901
# finished at Sun Feb 18 17:48:06 CET 2018
