# starting on alcc121 at Sun Feb 18 17:21:44 CET 2018
# compiler: icc
# compile time: Feb  1 2018 09:49:34
# compiled on: Linux alcc83 3.16.0-4-amd64 #1 SMP Debian 3.16.51-3 (2017-12-13) x86_64 GNU/Linux
# LAPACK support: false
# git HEAD: b96c9c30c7b1cdd2d059ceccd0396c6d55d3da95
# git branch: dev
#
# LbyR = 0.019825
# L = 8.52475e-08
# R = 4.3e-06
# T = 300
# cutoff = 5e-08
# epsrel = 1e-07
# iepsrel = 2e-07
# ldim = 404
# cores = 4
# alpha = 0.0388792194739293
# filename = /alcc/gpfs1/home/u/hartmmic/libcasimir-dev/data/materials/GoldDalvit.dat
# model = optical data (xi=0: Drude)
# plasma = -11.0379137580837 (logdetD(xi=0) for plasma model with omegap=1.36734e+16eV)
#
# xi=0, logdetD=-7.16318250271627, t=0.947024
# xi=3.60978642732442, logdetD=-9.39201295757084, t=9.61863
# xi=7.21957285464884, logdetD=-7.72838219867676, t=10.1925
# xi=10.8293592819733, logdetD=-6.31045871883627, t=10.4407
# xi=14.4391457092977, logdetD=-5.15056632575011, t=10.4867
# xi=18.0489321366221, logdetD=-4.20862774515085, t=10.6622
# xi=21.6587185639465, logdetD=-3.44398034977897, t=10.6998
# xi=25.2685049912709, logdetD=-2.82570135952058, t=11.3334
# xi=28.8782914185954, logdetD=-2.31692505260065, t=11.4035
# xi=32.4880778459198, logdetD=-1.9062231094987, t=10.9617
# xi=36.0978642732442, logdetD=-1.56882684171274, t=11.1762
# xi=39.7076507005686, logdetD=-1.29302935918211, t=11.2733
# xi=43.3174371278931, logdetD=-1.06764687032896, t=11.2486
# xi=46.9272235552175, logdetD=-0.882100539030931, t=11.4327
# xi=50.5370099825419, logdetD=-0.730062503584291, t=11.1288
# xi=54.1467964098663, logdetD=-0.604844283801483, t=11.2344
# xi=57.7565828371907, logdetD=-0.501452773700673, t=11.5481
# xi=61.3663692645152, logdetD=-0.416459952378655, t=11.5142
# xi=64.9761556918396, logdetD=-0.346069937975173, t=11.4873
# xi=68.585942119164, logdetD=-0.28785356869551, t=11.4178
# xi=72.1957285464884, logdetD=-0.239700495944204, t=11.471
# xi=75.8055149738128, logdetD=-0.199714495191964, t=11.5824
# xi=79.4153014011373, logdetD=-0.16657802616868, t=11.47
# xi=83.0250878284617, logdetD=-0.139040197733467, t=11.501
# xi=86.6348742557861, logdetD=-0.116117676969982, t=11.5348
# xi=90.2446606831105, logdetD=-0.0970799850526532, t=11.314
# xi=93.854447110435, logdetD=-0.0812011394180374, t=11.5053
# xi=97.4642335377594, logdetD=-0.0679649281060435, t=11.5304
# xi=101.074019965084, logdetD=-0.0569297686112917, t=11.4874
# xi=104.683806392408, logdetD=-0.0477070112918177, t=11.504
# xi=108.293592819733, logdetD=-0.0400080108098315, t=11.4939
# xi=111.903379247057, logdetD=-0.0335691934613299, t=11.3426
# xi=115.513165674381, logdetD=-0.0281783309876983, t=11.4357
# xi=119.122952101706, logdetD=-0.0236710848866808, t=11.418
# xi=122.73273852903, logdetD=-0.0198920433894076, t=11.3944
# xi=126.342524956355, logdetD=-0.0167246087049004, t=11.3577
# xi=129.952311383679, logdetD=-0.0140693671619721, t=11.3524
# xi=133.562097811004, logdetD=-0.011839710762415, t=11.1767
# xi=137.171884238328, logdetD=-0.00996887680072416, t=11.1673
# xi=140.781670665652, logdetD=-0.00839704531849986, t=11.1023
# xi=144.391457092977, logdetD=-0.00707537705566986, t=11.2377
# xi=148.001243520301, logdetD=-0.00596509048243573, t=11.3129
# xi=151.611029947626, logdetD=-0.00503050712123674, t=11.0686
# xi=155.22081637495, logdetD=-0.00424398852362331, t=11.0948
# xi=158.830602802275, logdetD=-0.00358197535236876, t=10.9018
# xi=162.440389229599, logdetD=-0.00302405957438203, t=11.0716
# xi=166.050175656923, logdetD=-0.00255413489231072, t=10.8092
# xi=169.659962084248, logdetD=-0.00215792371407379, t=10.7863
# xi=173.269748511572, logdetD=-0.00182366280066603, t=10.7825
# xi=176.879534938897, logdetD=-0.00154185390083618, t=10.6507
# xi=180.489321366221, logdetD=-0.00130390623981953, t=10.7703
# xi=184.099107793545, logdetD=-0.00110302295156964, t=10.6428
# xi=187.70889422087, logdetD=-0.000933406379575402, t=10.6402
# xi=191.318680648194, logdetD=-0.000790051362477006, t=10.4801
# xi=194.928467075519, logdetD=-0.000668943428522797, t=10.4286
# xi=198.538253502843, logdetD=-0.000566547499356617, t=10.238
# xi=202.148039930168, logdetD=-0.000479932060658677, t=10.2287
# xi=205.757826357492, logdetD=-0.000406701781139639, t=10.1726
# xi=209.367612784816, logdetD=-0.000344714518731567, t=10.2799
# xi=212.977399212141, logdetD=-0.000292249985364306, t=9.93115
# xi=216.587185639465, logdetD=-0.000247839386868029, t=9.99977
# xi=220.19697206679, logdetD=-0.000210217357991029, t=9.73083
# xi=223.806758494114, logdetD=-0.00017854055150279, t=9.81073
# xi=227.416544921439, logdetD=-0.000151786625358753, t=9.79197
# xi=231.026331348763, logdetD=-0.000128965783996784, t=9.68648
# xi=234.636117776087, logdetD=-0.000109508442857134, t=9.58258
# xi=238.245904203412, logdetD=-9.29265366954067e-05, t=9.55841
# xi=241.855690630736, logdetD=-7.88019541691333e-05, t=9.63992
# xi=245.465477058061, logdetD=-6.6873197930855e-05, t=9.46303
# xi=249.075263485385, logdetD=-5.69171113719364e-05, t=9.58645
# xi=252.68504991271, logdetD=-4.84190217187619e-05, t=9.29245
# xi=256.294836340034, logdetD=-4.11682300226108e-05, t=9.29843
# xi=259.904622767358, logdetD=-3.49841621053718e-05, t=8.99042
# xi=263.514409194683, logdetD=-2.97120984262515e-05, t=9.01004
# xi=267.124195622007, logdetD=-2.52341275190975e-05, t=8.92389
# xi=270.733982049332, logdetD=-2.1499061615039e-05, t=8.67559
# xi=274.343768476656, logdetD=-1.830893280688e-05, t=8.66048
# xi=277.95355490398, logdetD=-1.55851700287488e-05, t=8.49653
# xi=281.563341331305, logdetD=-1.32604209598856e-05, t=8.4529
# xi=285.173127758629, logdetD=-1.12769636293114e-05, t=8.37562
# xi=288.782914185954, logdetD=-9.58534056588567e-06, t=8.28431
# xi=292.392700613278, logdetD=-8.17341311100203e-06, t=8.17424
# xi=296.002487040603, logdetD=-6.96732567778363e-06, t=8.07623
# xi=299.612273467927, logdetD=-5.93689299374984e-06, t=7.89625
# xi=303.222059895251, logdetD=-5.05680993959163e-06, t=7.9039
# xi=306.831846322576, logdetD=-4.30538406700019e-06, t=7.79396
# xi=310.4416327499, logdetD=-3.66402354196647e-06, t=7.82143
# xi=314.051419177225, logdetD=-3.12532867730161e-06, t=7.50411
# xi=317.661205604549, logdetD=-2.6664566475424e-06, t=7.50368
# xi=321.270992031874, logdetD=-2.27417783544777e-06, t=7.24769
# xi=324.880778459198, logdetD=-1.93892245115044e-06, t=7.33964
# xi=328.490564886522, logdetD=-1.6524844270452e-06, t=7.22014
# xi=332.100351313847, logdetD=-1.40782871244583e-06, t=7.10702
# xi=335.710137741171, logdetD=-1.20128174899837e-06, t=6.97415
# xi=339.319924168496, logdetD=-1.02570729115613e-06, t=6.73247
# xi=342.92971059582, logdetD=-8.75528079092206e-07, t=6.77393
# xi=346.539497023144, logdetD=-7.47103293052649e-07, t=6.70514
# xi=350.149283450469, logdetD=-6.37310380404893e-07, t=6.58345
#
# 5345 determinants computed
#
# L/R, L, R, T, ldim, F*(L+R)/(ħc)
0.019825, 8.52475e-08, 4.3e-06, 300, 404, -64.37639733725561
# finished at Sun Feb 18 17:37:55 CET 2018
