# starting on alcc114 at So 18. Feb 20:49:20 CET 2018
# compiler: icc
# compile time: Feb  1 2018 09:49:34
# compiled on: Linux alcc83 3.16.0-4-amd64 #1 SMP Debian 3.16.51-3 (2017-12-13) x86_64 GNU/Linux
# LAPACK support: false
# git HEAD: b96c9c30c7b1cdd2d059ceccd0396c6d55d3da95
# git branch: dev
#
# LbyR = 0.014225
# L = 6.11675e-08
# R = 4.3e-06
# T = 300
# cutoff = 5e-08
# epsrel = 1e-07
# iepsrel = 2e-07
# ldim = 563
# cores = 4
# alpha = 0.0280509748822993
# filename = /alcc/gpfs1/home/u/hartmmic/libcasimir-dev/data/materials/GoldDalvit.dat
# model = optical data (xi=0: Drude)
# plasma = -15.0523172246412 (logdetD(xi=0) for plasma model with omegap=1.36734e+16eV)
#
# xi=0, logdetD=-10.1268686372524, t=1.43263
# xi=3.58996459123194, logdetD=-13.2364644441677, t=18.0854
# xi=7.17992918246388, logdetD=-11.3940549355835, t=18.2258
# xi=10.7698937736958, logdetD=-9.72501778329981, t=18.752
# xi=14.3598583649278, logdetD=-8.28993698233744, t=18.7704
# xi=17.9498229561597, logdetD=-7.06984796059682, t=19.4868
# xi=21.5397875473916, logdetD=-6.0350317333916, t=19.6087
# xi=25.1297521386236, logdetD=-5.16313860807908, t=20.1954
# xi=28.7197167298555, logdetD=-4.41315809695608, t=20.3417
# xi=32.3096813210874, logdetD=-3.78387805910875, t=20.385
# xi=35.8996459123194, logdetD=-3.24479487754544, t=20.5441
# xi=39.4896105035513, logdetD=-2.78610014686815, t=20.7949
# xi=43.0795750947833, logdetD=-2.39621780373409, t=20.6678
# xi=46.6695396860152, logdetD=-2.061971923698, t=20.8083
# xi=50.2595042772471, logdetD=-1.77721832786248, t=20.8473
# xi=53.8494688684791, logdetD=-1.53321702245299, t=21.3799
# xi=57.439433459711, logdetD=-1.32354987436984, t=21.4009
# xi=61.0293980509429, logdetD=-1.14444896542038, t=21.5978
# xi=64.6193626421749, logdetD=-0.990098300213868, t=21.2015
# xi=68.2093272334068, logdetD=-0.857340940656562, t=21.4076
# xi=71.7992918246388, logdetD=-0.743181269824678, t=21.2985
# xi=75.3892564158707, logdetD=-0.644559656659343, t=21.4767
# xi=78.9792210071026, logdetD=-0.559601408976877, t=21.1368
# xi=82.5691855983346, logdetD=-0.486176077834087, t=21.6628
# xi=86.1591501895665, logdetD=-0.422601357823948, t=21.6664
# xi=89.7491147807985, logdetD=-0.367726131690774, t=21.6707
# xi=93.3390793720304, logdetD=-0.320116967214441, t=21.6448
# xi=96.9290439632623, logdetD=-0.278850532787216, t=21.4559
# xi=100.519008554494, logdetD=-0.243082761414049, t=21.9213
# xi=104.108973145726, logdetD=-0.211990558375455, t=22.0183
# xi=107.698937736958, logdetD=-0.185007869379387, t=21.6334
# xi=111.28890232819, logdetD=-0.161541712422004, t=21.8944
# xi=114.878866919422, logdetD=-0.141108255901112, t=21.705
# xi=118.468831510654, logdetD=-0.123350063132652, t=21.8415
# xi=122.058796101886, logdetD=-0.10786452778083, t=21.5917
# xi=125.648760693118, logdetD=-0.0943683985363988, t=21.905
# xi=129.23872528435, logdetD=-0.0826056598406326, t=21.9038
# xi=132.828689875582, logdetD=-0.0723329166766782, t=21.729
# xi=136.418654466814, logdetD=-0.0633716009537239, t=21.6649
# xi=140.008619058046, logdetD=-0.0555422750156508, t=21.8129
# xi=143.598583649278, logdetD=-0.0486957782508671, t=21.6981
# xi=147.188548240509, logdetD=-0.0427167293426071, t=21.6492
# xi=150.778512831741, logdetD=-0.0374824931055643, t=21.7533
# xi=154.368477422973, logdetD=-0.0329020387715605, t=21.8668
# xi=157.958442014205, logdetD=-0.0288934403279462, t=21.6968
# xi=161.548406605437, logdetD=-0.0253800351533297, t=21.6079
# xi=165.138371196669, logdetD=-0.0223032141432468, t=21.8095
# xi=168.728335787901, logdetD=-0.019605536314405, t=21.2483
# xi=172.318300379133, logdetD=-0.0172386742078029, t=21.4269
# xi=175.908264970365, logdetD=-0.0151640858599873, t=21.4254
# xi=179.498229561597, logdetD=-0.0133423136178208, t=21.2244
# xi=183.088194152829, logdetD=-0.0117429979749962, t=21.3684
# xi=186.678158744061, logdetD=-0.01033886201272, t=21.4835
# xi=190.268123335293, logdetD=-0.00910465161834842, t=21.1085
# xi=193.858087926525, logdetD=-0.00802050176418173, t=21.1019
# xi=197.448052517757, logdetD=-0.0070672618411697, t=21.0083
# xi=201.038017108989, logdetD=-0.0062286816398502, t=20.9508
# xi=204.62798170022, logdetD=-0.00549151737755608, t=21.2866
# xi=208.217946291452, logdetD=-0.00484255819580479, t=20.8239
# xi=211.807910882684, logdetD=-0.00427137492152422, t=20.9388
# xi=215.397875473916, logdetD=-0.00376860296260856, t=20.8153
# xi=218.987840065148, logdetD=-0.00332563682360483, t=20.5738
# xi=222.57780465638, logdetD=-0.00293856285475593, t=20.7731
# xi=226.167769247612, logdetD=-0.00259908530009919, t=20.5182
# xi=229.757733838844, logdetD=-0.00229748495391362, t=20.5887
# xi=233.347698430076, logdetD=-0.00202964042725283, t=20.6333
# xi=236.937663021308, logdetD=-0.00179187086544528, t=20.2319
# xi=240.52762761254, logdetD=-0.00158088943783697, t=20.4112
# xi=244.117592203772, logdetD=-0.00139576431681909, t=20.167
# xi=247.707556795004, logdetD=-0.00123591981771793, t=20.2226
# xi=251.297521386236, logdetD=-0.00109383746594349, t=20.0251
# xi=254.887485977468, logdetD=-0.000967587324065732, t=20.1879
# xi=258.4774505687, logdetD=-0.000855445715642866, t=19.8369
# xi=262.067415159931, logdetD=-0.000755873444106828, t=19.6633
# xi=265.657379751163, logdetD=-0.000667881093477403, t=19.5658
# xi=269.247344342395, logdetD=-0.000591995010735869, t=19.4683
# xi=272.837308933627, logdetD=-0.000524506553647391, t=19.4079
# xi=276.427273524859, logdetD=-0.000464505001468536, t=19.4908
# xi=280.017238116091, logdetD=-0.000411176907319957, t=19.2815
# xi=283.607202707323, logdetD=-0.00036379581867256, t=19.2233
# xi=287.197167298555, logdetD=-0.000321713086047828, t=19.2893
# xi=290.787131889787, logdetD=-0.000285399978136766, t=19.105
# xi=294.377096481019, logdetD=-0.000253108789428878, t=19.163
# xi=297.967061072251, logdetD=-0.000224384275653302, t=18.6516
# xi=301.557025663483, logdetD=-0.000198839814959555, t=18.8831
# xi=305.146990254715, logdetD=-0.000176130088293075, t=18.9377
# xi=308.736954845947, logdetD=-0.000155946716467499, t=18.3769
# xi=312.326919437179, logdetD=-0.000138390492124429, t=18.4975
# xi=315.916884028411, logdetD=-0.000122839469979827, t=18.37
# xi=319.506848619642, logdetD=-0.000108998878737993, t=18.2726
# xi=323.096813210874, logdetD=-9.66837668211991e-05, t=18.1465
# xi=326.686777802106, logdetD=-8.57289148320824e-05, t=17.9829
# xi=330.276742393338, logdetD=-7.59867511924985e-05, t=17.9698
# xi=333.86670698457, logdetD=-6.74573177798633e-05, t=17.744
# xi=337.456671575802, logdetD=-5.99243637990782e-05, t=17.6774
# xi=341.046636167034, logdetD=-5.3216596240418e-05, t=17.4763
# xi=344.636600758266, logdetD=-4.72450123795855e-05, t=17.4105
# xi=348.226565349498, logdetD=-4.19300908985936e-05, t=17.0593
# xi=351.81652994073, logdetD=-3.72007902709688e-05, t=17.165
# xi=355.406494531962, logdetD=-3.30379404625534e-05, t=17.1084
# xi=358.996459123194, logdetD=-2.9369692756739e-05, t=17.0777
# xi=362.586423714426, logdetD=-2.61017248401476e-05, t=17.001
# xi=366.176388305658, logdetD=-2.31909741051557e-05, t=16.7716
# xi=369.76635289689, logdetD=-2.05989570751485e-05, t=16.6848
# xi=373.356317488122, logdetD=-1.82912870960775e-05, t=16.4345
# xi=376.946282079353, logdetD=-1.62509210507627e-05, t=16.4128
# xi=380.536246670585, logdetD=-1.44560629858475e-05, t=16.2552
# xi=384.126211261817, logdetD=-1.28563389526621e-05, t=16.1699
# xi=387.716175853049, logdetD=-1.14308092443949e-05, t=15.8124
# xi=391.306140444281, logdetD=-1.01607572179762e-05, t=15.7325
# xi=394.896105035513, logdetD=-9.02945512440694e-06, t=15.8724
# xi=398.486069626745, logdetD=-8.02542718634234e-06, t=15.3745
# xi=402.076034217977, logdetD=-7.14336392420969e-06, t=15.5333
# xi=405.665998809209, logdetD=-6.35686102204724e-06, t=15.2929
# xi=409.255963400441, logdetD=-5.65568963497921e-06, t=15.3743
# xi=412.845927991673, logdetD=-5.03070486736086e-06, t=14.9936
# xi=416.435892582905, logdetD=-4.47373166501241e-06, t=14.9767
# xi=420.025857174137, logdetD=-3.97783975233346e-06, t=14.6077
# xi=423.615821765369, logdetD=-3.54261714637489e-06, t=14.602
# xi=427.205786356601, logdetD=-3.15438838509748e-06, t=14.1847
# xi=430.795750947833, logdetD=-2.80813535237338e-06, t=14.1014
# xi=434.385715539064, logdetD=-2.49937085000754e-06, t=13.9431
# xi=437.975680130296, logdetD=-2.22408285173954e-06, t=14.0712
# xi=441.565644721528, logdetD=-1.97868439752646e-06, t=13.3061
# xi=445.15560931276, logdetD=-1.76277496823243e-06, t=13.1076
# xi=448.745573903992, logdetD=-1.57043428952704e-06, t=12.918
# xi=452.335538495224, logdetD=-1.39882175192649e-06, t=12.5556
# xi=455.925503086456, logdetD=-1.24572697912534e-06, t=12.5889
# xi=459.515467677688, logdetD=-1.10917316828183e-06, t=12.346
# xi=463.10543226892, logdetD=-9.87392556139951e-07, t=12.3457
#
# 8295 determinants computed
#
# L/R, L, R, T, ldim, F*(L+R)/(ħc)
0.014225, 6.11675e-08, 4.3e-06, 300, 563, -112.0520829790439
# finished at So 18. Feb 21:30:19 CET 2018
