# starting on alcc117 at Sun Feb 18 17:21:44 CET 2018
# compiler: icc
# compile time: Feb  1 2018 09:49:34
# compiled on: Linux alcc83 3.16.0-4-amd64 #1 SMP Debian 3.16.51-3 (2017-12-13) x86_64 GNU/Linux
# LAPACK support: false
# git HEAD: b96c9c30c7b1cdd2d059ceccd0396c6d55d3da95
# git branch: dev
#
# LbyR = 0.01615
# L = 6.9445e-08
# R = 4.3e-06
# T = 300
# cutoff = 5e-08
# epsrel = 1e-07
# iepsrel = 2e-07
# ldim = 496
# cores = 4
# alpha = 0.0317866456723909
# filename = /alcc/gpfs1/home/u/hartmmic/libcasimir-dev/data/materials/GoldDalvit.dat
# model = optical data (xi=0: Drude)
# plasma = -13.3864109180883 (logdetD(xi=0) for plasma model with omegap=1.36734e+16eV)
#
# xi=0, logdetD=-8.87533953643421, t=1.28701
# xi=3.59677834738873, logdetD=-11.6371476013638, t=14.4193
# xi=7.19355669477746, logdetD=-9.86076588807947, t=14.702
# xi=10.7903350421662, logdetD=-8.28690340607396, t=14.9387
# xi=14.3871133895549, logdetD=-6.95757115243329, t=15.7236
# xi=17.9838917369436, logdetD=-5.84563002796529, t=15.808
# xi=21.5806700843324, logdetD=-4.9170236752283, t=15.9934
# xi=25.1774484317211, logdetD=-4.14582011918298, t=16.1749
# xi=28.7742267791098, logdetD=-3.49274836773347, t=16.2885
# xi=32.3710051264986, logdetD=-2.95208194318768, t=16.5375
# xi=35.9677834738873, logdetD=-2.49565439170909, t=16.4934
# xi=39.564561821276, logdetD=-2.11266792192122, t=16.6583
# xi=43.1613401686648, logdetD=-1.79154131397206, t=16.7953
# xi=46.7581185160535, logdetD=-1.52008887298243, t=16.613
# xi=50.3548968634422, logdetD=-1.29191753320608, t=16.717
# xi=53.9516752108309, logdetD=-1.0990612049605, t=16.6656
# xi=57.5484535582197, logdetD=-0.935612366162848, t=16.9314
# xi=61.1452319056084, logdetD=-0.797821896565162, t=17.087
# xi=64.7420102529971, logdetD=-0.680693412337331, t=16.7179
# xi=68.3387886003859, logdetD=-0.581301027215711, t=17.0496
# xi=71.9355669477746, logdetD=-0.496966370060803, t=16.9533
# xi=75.5323452951633, logdetD=-0.425096285968194, t=17.0546
# xi=79.129123642552, logdetD=-0.364001966589897, t=17.0357
# xi=82.7259019899408, logdetD=-0.311907639466931, t=17.1381
# xi=86.3226803373295, logdetD=-0.267409230247246, t=17.1268
# xi=89.9194586847182, logdetD=-0.229504072631319, t=17.193
# xi=93.516237032107, logdetD=-0.197060468402232, t=17.1926
# xi=97.1130153794957, logdetD=-0.169313742998711, t=17.0416
# xi=100.709793726884, logdetD=-0.145582728158106, t=17.1816
# xi=104.306572074273, logdetD=-0.12523069648391, t=17.3026
# xi=107.903350421662, logdetD=-0.107802175275322, t=17.1247
# xi=111.500128769051, logdetD=-0.0928471480353452, t=17.0801
# xi=115.096907116439, logdetD=-0.0799992390304624, t=17.2656
# xi=118.693685463828, logdetD=-0.0689804839278217, t=17.073
# xi=122.290463811217, logdetD=-0.0595006120400208, t=17.2304
# xi=125.887242158606, logdetD=-0.0513485352918618, t=17.5008
# xi=129.484020505994, logdetD=-0.0443376594296156, t=17.1521
# xi=133.080798853383, logdetD=-0.0382967989626645, t=17.1982
# xi=136.677577200772, logdetD=-0.0330968934563077, t=16.9274
# xi=140.27435554816, logdetD=-0.0286143758393521, t=16.7774
# xi=143.871133895549, logdetD=-0.0247469512087372, t=17.0486
# xi=147.467912242938, logdetD=-0.0214141268720088, t=17.0986
# xi=151.064690590327, logdetD=-0.0185354988794135, t=16.6841
# xi=154.661468937715, logdetD=-0.0160499486648256, t=16.9122
# xi=158.258247285104, logdetD=-0.0139035827581763, t=16.8908
# xi=161.855025632493, logdetD=-0.0120475158273051, t=16.6875
# xi=165.451803979882, logdetD=-0.0104436427778762, t=16.7037
# xi=169.04858232727, logdetD=-0.0090561518575752, t=16.6419
# xi=172.645360674659, logdetD=-0.00785507306336913, t=16.6331
# xi=176.242139022048, logdetD=-0.00681624615529734, t=16.5085
# xi=179.838917369436, logdetD=-0.00591621100575608, t=16.3358
# xi=183.435695716825, logdetD=-0.00513660154417367, t=16.4816
# xi=187.032474064214, logdetD=-0.00446123317624171, t=16.4468
# xi=190.629252411603, logdetD=-0.00387553318142109, t=16.4777
# xi=194.226030758991, logdetD=-0.00336787859330953, t=16.3811
# xi=197.82280910638, logdetD=-0.00292747678984682, t=16.0658
# xi=201.419587453769, logdetD=-0.00254522588079077, t=16.0766
# xi=205.016365801158, logdetD=-0.0022136613461216, t=16.1178
# xi=208.613144148546, logdetD=-0.00192567376872624, t=16.0739
# xi=212.209922495935, logdetD=-0.00167557969117435, t=16.1762
# xi=215.806700843324, logdetD=-0.00145837023074808, t=15.7593
# xi=219.403479190712, logdetD=-0.00126955803632425, t=15.7516
# xi=223.000257538101, logdetD=-0.00110663634736722, t=15.8369
# xi=226.59703588549, logdetD=-0.000965570486789635, t=15.5486
# xi=230.193814232879, logdetD=-0.000841993468516946, t=15.682
# xi=233.790592580267, logdetD=-0.000733781677691715, t=15.4911
# xi=237.387370927656, logdetD=-0.000639065414918322, t=15.5505
# xi=240.984149275045, logdetD=-0.000556198871687372, t=15.3606
# xi=244.580927622434, logdetD=-0.000484430658611224, t=15.2041
# xi=248.177705969822, logdetD=-0.000423159629899754, t=15.4852
# xi=251.774484317211, logdetD=-0.000369454000817053, t=15.2946
# xi=255.3712626646, logdetD=-0.000322396752654298, t=15.1482
# xi=258.968041011989, logdetD=-0.000281180456451686, t=14.9111
# xi=262.564819359377, logdetD=-0.000245094319046085, t=14.9033
# xi=266.161597706766, logdetD=-0.000213636133944709, t=14.8762
# xi=269.758376054155, logdetD=-0.000186804886743814, t=14.6504
# xi=273.355154401543, logdetD=-0.000163273266556536, t=14.5317
# xi=276.951932748932, logdetD=-0.000142642158406326, t=14.3264
# xi=280.548711096321, logdetD=-0.000124560099738693, t=14.4928
# xi=284.14548944371, logdetD=-0.000108717648847877, t=14.2227
# xi=287.742267791098, logdetD=-9.48424135049826e-05, t=14.4819
# xi=291.339046138487, logdetD=-8.30007687243264e-05, t=13.9246
# xi=294.935824485876, logdetD=-7.26154798099634e-05, t=13.9099
# xi=298.532602833265, logdetD=-6.35049608773382e-05, t=13.7642
# xi=302.129381180653, logdetD=-5.5515120596185e-05, t=13.8585
# xi=305.726159528042, logdetD=-4.85102663407076e-05, t=13.5793
# xi=309.322937875431, logdetD=-4.23709286241702e-05, t=13.6403
# xi=312.919716222819, logdetD=-3.70929457024546e-05, t=13.4227
# xi=316.516494570208, logdetD=-3.24800194525663e-05, t=13.5187
# xi=320.113272917597, logdetD=-2.84310666821444e-05, t=13.0723
# xi=323.710051264986, logdetD=-2.48780863232515e-05, t=13.1252
# xi=327.306829612374, logdetD=-2.17611849159945e-05, t=13.1475
# xi=330.903607959763, logdetD=-1.90276178425341e-05, t=12.8419
# xi=334.500386307152, logdetD=-1.66635632959706e-05, t=12.8299
# xi=338.097164654541, logdetD=-1.46027525776207e-05, t=12.7434
# xi=341.693943001929, logdetD=-1.27929416584042e-05, t=12.7738
# xi=345.290721349318, logdetD=-1.12039427392988e-05, t=12.4449
# xi=348.887499696707, logdetD=-9.80916092412076e-06, t=12.5941
# xi=352.484278044096, logdetD=-8.58517060304535e-06, t=12.0379
# xi=356.081056391484, logdetD=-7.52143770241903e-06, t=12.1574
# xi=359.677834738873, logdetD=-6.59597223871277e-06, t=11.9179
# xi=363.274613086262, logdetD=-5.78282044761997e-06, t=11.9954
# xi=366.87139143365, logdetD=-5.06850836929375e-06, t=11.6516
# xi=370.468169781039, logdetD=-4.44116253158587e-06, t=11.7101
# xi=374.064948128428, logdetD=-3.8903220796262e-06, t=11.4673
# xi=377.661726475817, logdetD=-3.40964528351694e-06, t=11.4541
# xi=381.258504823205, logdetD=-2.99206926054186e-06, t=11.0103
# xi=384.855283170594, logdetD=-2.62499762936928e-06, t=11.075
# xi=388.452061517983, logdetD=-2.30238619261087e-06, t=11.0532
# xi=392.048839865372, logdetD=-2.01890776619812e-06, t=10.7771
# xi=395.64561821276, logdetD=-1.76986753352082e-06, t=10.6494
# xi=399.242396560149, logdetD=-1.55180107690838e-06, t=10.5377
# xi=402.839174907538, logdetD=-1.36257310289307e-06, t=10.2828
# xi=406.435953254926, logdetD=-1.19615790828895e-06, t=10.3496
# xi=410.032731602315, logdetD=-1.04983188841526e-06, t=10.0847
# xi=413.629509949704, logdetD=-9.2119385997944e-07, t=10.0066
# xi=417.226288297093, logdetD=-8.08127313817297e-07, t=9.75112
#
# 7025 determinants computed
#
# L/R, L, R, T, ldim, F*(L+R)/(ħc)
0.01615, 6.9445e-08, 4.3e-06, 300, 496, -90.86182460842201
# finished at Sun Feb 18 17:50:40 CET 2018
