# starting on alcc115 at Di 13. Feb 22:12:15 CET 2018
# compiler: icc
# compile time: Feb  1 2018 09:49:34
# compiled on: Linux alcc83 3.16.0-4-amd64 #1 SMP Debian 3.16.51-3 (2017-12-13) x86_64 GNU/Linux
# LAPACK support: false
# git HEAD: b96c9c30c7b1cdd2d059ceccd0396c6d55d3da95
# git branch: dev
#
# LbyR = 0.0151
# L = 2.114e-07
# R = 1.4e-05
# T = 300
# cutoff = 5e-08
# epsrel = 1e-07
# iepsrel = 2e-07
# ldim = 530
# cores = 4
# alpha = 0.0297507634715792
# filename = /alcc/gpfs1/home/u/hartmmic/libcasimir-dev/data/materials/GoldDalvit.dat
# model = optical data (xi=0: Drude)
# plasma = -16.3720657187254 (logdetD(xi=0) for plasma model with omegap=1.36734e+16eV)
#
# xi=0, logdetD=-9.51829333470757, t=1.54767
# xi=11.698340591558, logdetD=-10.90037517957, t=16.804
# xi=23.396681183116, logdetD=-7.07781422593185, t=17.5703
# xi=35.095021774674, logdetD=-4.62606311688615, t=18.6077
# xi=46.793362366232, logdetD=-3.04099133192024, t=19.0503
# xi=58.49170295779, logdetD=-2.00746015250154, t=19.2644
# xi=70.190043549348, logdetD=-1.32932679698813, t=19.2406
# xi=81.888384140906, logdetD=-0.883416225601451, t=19.6624
# xi=93.586724732464, logdetD=-0.587009164334357, t=19.5959
# xi=105.285065324022, logdetD=-0.391516262641202, t=19.9306
# xi=116.98340591558, logdetD=-0.261260023979324, t=19.8648
# xi=128.681746507138, logdetD=-0.174618464397634, t=19.7778
# xi=140.380087098696, logdetD=-0.116936221500632, t=19.7679
# xi=152.078427690254, logdetD=-0.0783631578355853, t=19.6696
# xi=163.776768281812, logdetD=-0.0526107445547539, t=19.7393
# xi=175.47510887337, logdetD=-0.0353602388215473, t=19.5321
# xi=187.173449464928, logdetD=-0.0237843050246825, t=19.3635
# xi=198.871790056486, logdetD=-0.01602773292045, t=19.3322
# xi=210.570130648044, logdetD=-0.0108076529151375, t=18.964
# xi=222.268471239602, logdetD=-0.00729532340758339, t=18.8355
# xi=233.96681183116, logdetD=-0.00493044670966217, t=19.0267
# xi=245.665152422718, logdetD=-0.0033342689549751, t=18.6672
# xi=257.363493014276, logdetD=-0.00225745402035891, t=18.5981
# xi=269.061833605834, logdetD=-0.00152961315133474, t=18.5058
# xi=280.760174197392, logdetD=-0.00103706432657456, t=17.8398
# xi=292.45851478895, logdetD=-0.000703940100502706, t=17.6308
# xi=304.156855380508, logdetD=-0.000478067338450682, t=17.749
# xi=315.855195972066, logdetD=-0.000324905117470332, t=17.5354
# xi=327.553536563624, logdetD=-0.000220993441711339, t=16.7959
# xi=339.251877155182, logdetD=-0.000150386357969403, t=16.6495
# xi=350.95021774674, logdetD=-0.000102418841079321, t=16.4986
# xi=362.648558338298, logdetD=-6.97906037060444e-05, t=15.9222
# xi=374.346898929856, logdetD=-4.75782523711407e-05, t=15.6593
# xi=386.045239521414, logdetD=-3.24612373851944e-05, t=15.2665
# xi=397.743580112972, logdetD=-2.21559877194031e-05, t=15.1789
# xi=409.44192070453, logdetD=-1.51301741665636e-05, t=14.7511
# xi=421.140261296088, logdetD=-1.03383142711147e-05, t=13.921
# xi=432.838601887646, logdetD=-7.06661381886776e-06, t=13.8254
# xi=444.536942479204, logdetD=-4.83304112552714e-06, t=13.5489
# xi=456.235283070762, logdetD=-3.3068265438289e-06, t=12.955
# xi=467.93362366232, logdetD=-2.26334294547544e-06, t=12.708
# xi=479.631964253878, logdetD=-1.55002977304033e-06, t=11.9686
# xi=491.330304845436, logdetD=-1.06184320424287e-06, t=11.5422
# xi=503.028645436994, logdetD=-7.27699222710698e-07, t=11.0739
#
# 2686 determinants computed
#
# L/R, L, R, T, ldim, F*(L+R)/(ħc)
0.0151, 2.114e-07, 1.4e-05, 300, 530, -135.5257222974151
# finished at Di 13. Feb 22:24:35 CET 2018
