# starting on alcc119 at Mi 14. Feb 11:55:52 CET 2018
# compiler: icc
# compile time: Feb  1 2018 09:49:34
# compiled on: Linux alcc83 3.16.0-4-amd64 #1 SMP Debian 3.16.51-3 (2017-12-13) x86_64 GNU/Linux
# LAPACK support: false
# git HEAD: b96c9c30c7b1cdd2d059ceccd0396c6d55d3da95
# git branch: dev
#
# LbyR = 0.008975
# L = 1.2565e-07
# R = 1.4e-05
# T = 300
# cutoff = 5e-08
# epsrel = 1e-07
# iepsrel = 2e-07
# ldim = 892
# cores = 4
# alpha = 0.0177903317723432
# filename = /alcc/gpfs1/home/u/hartmmic/libcasimir-dev/data/materials/GoldDalvit.dat
# model = optical data (xi=0: Drude)
# plasma = -27.0680883274189 (logdetD(xi=0) for plasma model with omegap=1.36734e+16eV)
#
# xi=0, logdetD=-16.2798806193277, t=3.03127
# xi=11.6277541112868, logdetD=-20.6961562031562, t=41.4378
# xi=23.2555082225736, logdetD=-15.6119862278675, t=43.4728
# xi=34.8832623338604, logdetD=-11.7968529609243, t=44.6885
# xi=46.5110164451472, logdetD=-8.94629962237622, t=45.8119
# xi=58.1387705564341, logdetD=-6.80675460527995, t=47.6428
# xi=69.7665246677209, logdetD=-5.19305260660571, t=48.7754
# xi=81.3942787790077, logdetD=-3.97562387318009, t=49.7482
# xi=93.0220328902945, logdetD=-3.04322641765619, t=50.3237
# xi=104.649787001581, logdetD=-2.33835945157202, t=50.5663
# xi=116.277541112868, logdetD=-1.79778572815425, t=51.6804
# xi=127.905295224155, logdetD=-1.38447114248726, t=52.3042
# xi=139.533049335442, logdetD=-1.06828452654438, t=51.6072
# xi=151.160803446729, logdetD=-0.824914613843699, t=52.6034
# xi=162.788557558015, logdetD=-0.638162332744892, t=52.4812
# xi=174.416311669302, logdetD=-0.494231939097318, t=52.4167
# xi=186.044065780589, logdetD=-0.383055580177986, t=52.5989
# xi=197.671819891876, logdetD=-0.29742979239005, t=52.7933
# xi=209.299574003163, logdetD=-0.231087359439448, t=53.2558
# xi=220.927328114449, logdetD=-0.179724986359658, t=53.4
# xi=232.555082225736, logdetD=-0.139943818292628, t=52.6798
# xi=244.182836337023, logdetD=-0.109033387631088, t=52.9652
# xi=255.81059044831, logdetD=-0.0850459065896968, t=53.5409
# xi=267.438344559597, logdetD=-0.066386311299055, t=53.5561
# xi=279.066098670883, logdetD=-0.0518505507031384, t=52.5368
# xi=290.69385278217, logdetD=-0.0405433481062976, t=52.6207
# xi=302.321606893457, logdetD=-0.0317175197012666, t=53.2273
# xi=313.949361004744, logdetD=-0.0248303245922056, t=52.5591
# xi=325.577115116031, logdetD=-0.019454077670185, t=52.1865
# xi=337.204869227317, logdetD=-0.0152488607715616, t=51.9235
# xi=348.832623338604, logdetD=-0.0119618380365083, t=51.6528
# xi=360.460377449891, logdetD=-0.00938852547274701, t=51.2659
# xi=372.088131561178, logdetD=-0.00737200791253161, t=51.6062
# xi=383.715885672465, logdetD=-0.00579312427528389, t=51.0825
# xi=395.343639783752, logdetD=-0.00455413005285093, t=51.1118
# xi=406.971393895038, logdetD=-0.00358196117686192, t=50.8383
# xi=418.599148006325, logdetD=-0.0028189394563654, t=50.6084
# xi=430.226902117612, logdetD=-0.0022192403292561, t=50.3488
# xi=441.854656228899, logdetD=-0.00174810705485943, t=49.8234
# xi=453.482410340186, logdetD=-0.00137756526007267, t=49.6312
# xi=465.110164451472, logdetD=-0.00108593489301649, t=48.7127
# xi=476.737918562759, logdetD=-0.000856535086724438, t=48.5597
# xi=488.365672674046, logdetD=-0.00067579910900783, t=48.4035
# xi=499.993426785333, logdetD=-0.000533410694231307, t=47.6923
# xi=511.62118089662, logdetD=-0.000421207035601525, t=47.7427
# xi=523.248935007906, logdetD=-0.000332699225241998, t=46.5143
# xi=534.876689119193, logdetD=-0.000262903884841078, t=46.3772
# xi=546.50444323048, logdetD=-0.000207818214568052, t=46.1151
# xi=558.132197341767, logdetD=-0.00016431931757263, t=45.5676
# xi=569.759951453054, logdetD=-0.000129982986799133, t=44.9333
# xi=581.387705564341, logdetD=-0.000102846749622832, t=44.1022
# xi=593.015459675627, logdetD=-8.14013242749608e-05, t=43.2886
# xi=604.643213786914, logdetD=-6.44498804744209e-05, t=43.1789
# xi=616.270967898201, logdetD=-5.10401899924234e-05, t=42.7274
# xi=627.898722009488, logdetD=-4.04346194973683e-05, t=41.7019
# xi=639.526476120775, logdetD=-3.20411647864172e-05, t=41.7055
# xi=651.154230232061, logdetD=-2.5395716720589e-05, t=40.6761
# xi=662.781984343348, logdetD=-2.01356909989928e-05, t=40.1162
# xi=674.409738454635, logdetD=-1.59683566055965e-05, t=39.7857
# xi=686.037492565922, logdetD=-1.26667680455701e-05, t=39.2121
# xi=697.665246677209, logdetD=-1.0050617594355e-05, t=37.6559
# xi=709.293000788495, logdetD=-7.97631302396014e-06, t=36.8256
# xi=720.920754899782, logdetD=-6.33847110993401e-06, t=36.461
# xi=732.548509011069, logdetD=-5.04193130438658e-06, t=36.1266
# xi=744.176263122356, logdetD=-4.0082187750188e-06, t=35.3524
# xi=755.804017233643, logdetD=-3.18445977012538e-06, t=34.624
# xi=767.43177134493, logdetD=-2.52834828097531e-06, t=34.2906
# xi=779.059525456216, logdetD=-2.00604593573082e-06, t=33.1719
# xi=790.687279567503, logdetD=-1.59280857315259e-06, t=32.126
#
# 5416 determinants computed
#
# L/R, L, R, T, ldim, F*(L+R)/(ħc)
0.008974999999999999, 1.2565e-07, 1.4e-05, 300, 892, -349.7196226464378
# finished at Mi 14. Feb 12:49:03 CET 2018
