# starting on alcc120 at Mo 19. Feb 20:21:10 CET 2018
# compiler: icc
# compile time: Feb  1 2018 09:49:34
# compiled on: Linux alcc83 3.16.0-4-amd64 #1 SMP Debian 3.16.51-3 (2017-12-13) x86_64 GNU/Linux
# LAPACK support: false
# git HEAD: b96c9c30c7b1cdd2d059ceccd0396c6d55d3da95
# git branch: dev
#
# LbyR = 0.00495
# L = 8.91e-08
# R = 1.8e-05
# T = 300
# cutoff = 5e-08
# epsrel = 1e-07
# iepsrel = 2e-07
# ldim = 1617
# cores = 5
# alpha = 0.0098512363799194
# filename = /alcc/gpfs1/home/u/hartmmic/libcasimir-dev/data/materials/GoldDalvit.dat
# model = optical data (xi=0: Drude)
# plasma = -48.2897345638735 (logdetD(xi=0) for plasma model with omegap=1.36734e+16eV)
#
# xi=0, logdetD=-29.8628316323304, t=7.36269
# xi=14.8903311985274, logdetD=-39.0014313228439, t=94.2922
# xi=29.7806623970547, logdetD=-31.4343579798964, t=99.9485
# xi=44.6709935955821, logdetD=-25.32772715305, t=102.113
# xi=59.5613247941095, logdetD=-20.4559421037881, t=103.563
# xi=74.4516559926369, logdetD=-16.5626109424941, t=105.426
# xi=89.3419871911642, logdetD=-13.4403896439164, t=110.334
# xi=104.232318389692, logdetD=-10.940947989365, t=112.64
# xi=119.122649588219, logdetD=-8.90342365584838, t=114.49
# xi=134.012980786746, logdetD=-7.27174599042182, t=115.457
# xi=148.903311985274, logdetD=-5.94198227378391, t=116.39
# xi=163.793643183801, logdetD=-4.86308119303704, t=120.508
# xi=178.683974382328, logdetD=-3.98768748259285, t=122.486
# xi=193.574305580856, logdetD=-3.27216109413113, t=123.743
# xi=208.464636779383, logdetD=-2.68984835299149, t=124.523
# xi=223.354967977911, logdetD=-2.21352567950672, t=123.143
# xi=238.245299176438, logdetD=-1.82289716497613, t=124.173
# xi=253.135630374965, logdetD=-1.50387990144128, t=123.869
# xi=268.025961573493, logdetD=-1.24143566040979, t=124.421
# xi=282.91629277202, logdetD=-1.02580271680212, t=124.65
# xi=297.806623970547, logdetD=-0.848600498241421, t=125.675
# xi=312.696955169075, logdetD=-0.702415944857194, t=124.837
# xi=327.587286367602, logdetD=-0.582050852226056, t=125.084
# xi=342.47761756613, logdetD=-0.482668311931789, t=125.501
# xi=357.367948764657, logdetD=-0.400477034020475, t=125.849
# xi=372.258279963184, logdetD=-0.332648947650632, t=125.96
# xi=387.148611161712, logdetD=-0.276439603459165, t=126.312
# xi=402.038942360239, logdetD=-0.229884241432008, t=125.895
# xi=416.929273558766, logdetD=-0.191317278326261, t=126.062
# xi=431.819604757294, logdetD=-0.159290906952472, t=126.429
# xi=446.709935955821, logdetD=-0.132725179131591, t=126.012
# xi=461.600267154349, logdetD=-0.110649120413019, t=126.623
# xi=476.490598352876, logdetD=-0.0922838711876085, t=125.333
# xi=491.380929551403, logdetD=-0.077025595496586, t=125.556
# xi=506.271260749931, logdetD=-0.0643139241760272, t=125.816
# xi=521.161591948458, logdetD=-0.0537269984592741, t=125.6
# xi=536.051923146985, logdetD=-0.0449080672513319, t=125.096
# xi=550.942254345513, logdetD=-0.0375496553222054, t=124.713
# xi=565.83258554404, logdetD=-0.0314143486859447, t=124.439
# xi=580.722916742568, logdetD=-0.0262922027192274, t=124.469
# xi=595.613247941095, logdetD=-0.0220125433377682, t=123.716
# xi=610.503579139622, logdetD=-0.0184399361268239, t=123.394
# xi=625.39391033815, logdetD=-0.0154517327623061, t=122.479
# xi=640.284241536677, logdetD=-0.0129528085824291, t=122.126
# xi=655.174572735204, logdetD=-0.0108627026769763, t=121.918
# xi=670.064903933732, logdetD=-0.00911238908280875, t=122.118
# xi=684.955235132259, logdetD=-0.00764739354859811, t=121.562
# xi=699.845566330787, logdetD=-0.00641999001837696, t=121.455
# xi=714.735897529314, logdetD=-0.00539103724468879, t=120.391
# xi=729.626228727841, logdetD=-0.00452899094452338, t=120.235
# xi=744.516559926369, logdetD=-0.00380571076133576, t=119.359
# xi=759.406891124896, logdetD=-0.00319893852897706, t=118.903
# xi=774.297222323423, logdetD=-0.00268982950862587, t=117.477
# xi=789.187553521951, logdetD=-0.00226226030217709, t=117.251
# xi=804.077884720478, logdetD=-0.00190331439751403, t=116.423
# xi=818.968215919006, logdetD=-0.00160173962472452, t=115.73
# xi=833.858547117533, logdetD=-0.00134824964148981, t=115.061
# xi=848.74887831606, logdetD=-0.00113527771949563, t=114.846
# xi=863.639209514588, logdetD=-0.000956140123065647, t=113.195
# xi=878.529540713115, logdetD=-0.000805476410767074, t=113.342
# xi=893.419871911642, logdetD=-0.000678743103404548, t=112.223
# xi=908.31020311017, logdetD=-0.000572058981416653, t=110.871
# xi=923.200534308697, logdetD=-0.00048277745743314, t=110.278
# xi=938.090865507225, logdetD=-0.000407832723787798, t=110.416
# xi=952.981196705752, logdetD=-0.00034431941153972, t=110.088
# xi=967.871527904279, logdetD=-0.000290517992017887, t=108.616
# xi=982.761859102807, logdetD=-0.000244964739136759, t=107.042
# xi=997.652190301334, logdetD=-0.000206414013954904, t=106.424
# xi=1012.54252149986, logdetD=-0.000174057629917532, t=104.748
# xi=1027.43285269839, logdetD=-0.000147205375315473, t=105.336
# xi=1042.32318389692, logdetD=-0.00012443330391612, t=103.68
# xi=1057.21351509544, logdetD=-0.000105129010162854, t=103.425
# xi=1072.10384629397, logdetD=-8.87710921695941e-05, t=101.781
# xi=1086.9941774925, logdetD=-7.49157379584938e-05, t=101.178
# xi=1101.88450869103, logdetD=-6.32219337749875e-05, t=99.5128
# xi=1116.77483988955, logdetD=-5.35229037076816e-05, t=99.2705
# xi=1131.66517108808, logdetD=-4.52922414460506e-05, t=98.2907
# xi=1146.55550228661, logdetD=-3.83100638771497e-05, t=97.9837
# xi=1161.44583348514, logdetD=-3.23891172030773e-05, t=96.5546
# xi=1176.33616468366, logdetD=-2.73699733405438e-05, t=93.976
# xi=1191.22649588219, logdetD=-2.31169244250124e-05, t=93.9646
# xi=1206.11682708072, logdetD=-1.95869608433672e-05, t=92.7342
# xi=1221.00715827924, logdetD=-1.65909298581603e-05, t=91.0355
# xi=1235.89748947777, logdetD=-1.40476851208359e-05, t=90.4139
# xi=1250.7878206763, logdetD=-1.18894839469475e-05, t=88.7592
# xi=1265.67815187483, logdetD=-1.00586340257285e-05, t=87.768
# xi=1280.56848307335, logdetD=-8.50601215891959e-06, t=86.8924
# xi=1295.45881427188, logdetD=-7.20948975556053e-06, t=85.708
# xi=1310.34914547041, logdetD=-6.11201574715948e-06, t=84.2273
# xi=1325.23947666894, logdetD=-5.17982833205526e-06, t=81.8488
# xi=1340.12980786746, logdetD=-4.38825882503303e-06, t=81.0924
# xi=1355.02013906599, logdetD=-3.71629317972413e-06, t=80.1289
# xi=1369.91047026452, logdetD=-3.14603146487024e-06, t=77.8865
# xi=1384.80080146305, logdetD=-2.6674668805109e-06, t=77.769
#
# 9942 determinants computed
#
# L/R, L, R, T, ldim, F*(L+R)/(ħc)
0.00495, 8.91e-08, 1.8e-05, 300, 1617, -1051.491527081432
# finished at Mo 19. Feb 23:13:58 CET 2018
