# starting on alcc116 at So 24. Dez 10:13:15 CET 2017
# compiler: icc
# compile time: Dec 23 2017 10:03:11
# compiled on: Linux alcc83 3.16.0-4-amd64 #1 SMP Debian 3.16.51-3 (2017-12-13) x86_64 GNU/Linux
# LAPACK support: false
# git HEAD: 5dfff5553a75e4813f9c157c1921dc7ac2557ea4
# git branch: master
#
# LbyR = 0.00617333333333333
# L = 9.26e-07
# R = 0.00015
# T = 300
# cutoff = 1e-12
# epsrel = 1e-11
# iepsrel = 1e-10
# ldim = 1620
# cores = 3
# alpha = 0.0122709142228642
# omegap = 9
# gamma = 0.035
# model  = drude
#
# xi=0, logdetD=-23.8584166202438, t=5.10216e-05
# xi=124.237144273012, logdetD=-8.23932511012278, t=381.474
# xi=248.474288546024, logdetD=-1.64294759316624, t=415.332
# xi=372.711432819036, logdetD=-0.332322896288673, t=430.9
# xi=496.948577092048, logdetD=-0.0673760989052336, t=438.372
# xi=621.18572136506, logdetD=-0.0136634098140796, t=437.728
# xi=745.422865638072, logdetD=-0.00277073554580805, t=432.103
# xi=869.660009911084, logdetD=-0.000561853777239862, t=414.667
# xi=993.897154184097, logdetD=-0.000113938146123486, t=388.988
# xi=1118.13429845711, logdetD=-2.31075932684388e-05, t=356.74
# xi=1242.37144273012, logdetD=-4.68702579847981e-06, t=315.56
# xi=1366.60858700313, logdetD=-9.50846719748988e-07, t=274.013
# xi=1490.84573127614, logdetD=-1.92932420974837e-07, t=220.585
# xi=1615.08287554916, logdetD=-3.91551819953988e-08, t=177.657
# xi=1739.32001982217, logdetD=-7.94822565128363e-09, t=175.929
# xi=1863.55716409518, logdetD=-1.61381307290132e-09, t=175.271
# xi=1987.79430836819, logdetD=-3.27750051081175e-10, t=174.633
# xi=2112.0314526412, logdetD=-6.65797869538052e-11, t=172.698
#
# 2594 determinants computed
#
# L/R, L, R, T, ldim, F*(L+R)/(ħc)
0.006173333333333334, 9.26e-07, 0.00015, 300, 1620, -879.0391278511241
# finished at So 24. Dez 11:42:59 CET 2017
