# starting on alcc125 at Do 28. Dez 12:27:13 CET 2017
# compiler: icc
# compile time: Dec 23 2017 10:03:11
# compiled on: Linux alcc83 3.16.0-4-amd64 #1 SMP Debian 3.16.51-3 (2017-12-13) x86_64 GNU/Linux
# LAPACK support: false
# git HEAD: 5dfff5553a75e4813f9c157c1921dc7ac2557ea4
# git branch: master
#
# LbyR = 0.00167166666666667
# L = 2.5075e-07
# R = 0.00015
# T = 300
# cutoff = 1e-12
# epsrel = 1e-11
# iepsrel = 1e-10
# ldim = 5983
# cores = 10
# alpha = 0.00333775372169523
# omegap = 9
# gamma = 0.035
# model  = drude
#
# xi=0, logdetD=-89.3450577362035, t=8.01086e-05
# xi=123.681301464812, logdetD=-94.3290944696624, t=946.567
# xi=247.362602929625, logdetD=-56.7127164301357, t=1010.07
# xi=371.043904394437, logdetD=-34.5087336078425, t=1053.59
# xi=494.725205859249, logdetD=-21.1341455272234, t=1094.73
# xi=618.406507324062, logdetD=-12.9890390708371, t=1117.53
# xi=742.087808788874, logdetD=-7.9988307576326, t=1144.91
# xi=865.769110253686, logdetD=-4.93127147210885, t=1165.14
# xi=989.450411718499, logdetD=-3.04205138007126, t=1168.59
# xi=1113.13171318331, logdetD=-1.87730969515354, t=1167.65
# xi=1236.81301464812, logdetD=-1.15879832194105, t=1174.89
# xi=1360.49431611294, logdetD=-0.715409386621119, t=1205.96
# xi=1484.17561757775, logdetD=-0.441739953052114, t=1205.99
# xi=1607.85691904256, logdetD=-0.272800210982446, t=1209.1
# xi=1731.53822050737, logdetD=-0.168498105417985, t=1210.43
# xi=1855.21952197219, logdetD=-0.104094273615421, t=1211.57
# xi=1978.900823437, logdetD=-0.0643206785812922, t=1207.02
# xi=2102.58212490181, logdetD=-0.0397536642313825, t=1201.01
# xi=2226.26342636662, logdetD=-0.0245763347266547, t=1197.42
# xi=2349.94472783143, logdetD=-0.015197796952372, t=1184.47
# xi=2473.62602929625, logdetD=-0.00940107073274183, t=1173.44
# xi=2597.30733076106, logdetD=-0.00581722804900443, t=1170.19
# xi=2720.98863222587, logdetD=-0.00360085147893883, t=1155.97
# xi=2844.66993369068, logdetD=-0.00222973005058366, t=1137.66
# xi=2968.3512351555, logdetD=-0.00138122459364797, t=1127.81
# xi=3092.03253662031, logdetD=-0.000855948490936771, t=1103.71
# xi=3215.71383808512, logdetD=-0.000530649889228479, t=1087.31
# xi=3339.39513954993, logdetD=-0.000329117453866479, t=1069.19
# xi=3463.07644101475, logdetD=-0.000204211839662856, t=1046.6
# xi=3586.75774247956, logdetD=-0.000126765877519438, t=1019.75
# xi=3710.43904394437, logdetD=-7.87261566962637e-05, t=997.687
# xi=3834.12034540918, logdetD=-4.89141363249774e-05, t=971.911
# xi=3957.80164687399, logdetD=-3.04054455994335e-05, t=938.465
# xi=4081.48294833881, logdetD=-1.89091758522121e-05, t=917.154
# xi=4205.16424980362, logdetD=-1.17652279154794e-05, t=882.539
# xi=4328.84555126843, logdetD=-7.32380008174474e-06, t=853.782
# xi=4452.52685273324, logdetD=-4.56123736757288e-06, t=820.384
# xi=4576.20815419806, logdetD=-2.84210562797667e-06, t=784.542
# xi=4699.88945566287, logdetD=-1.77178047408154e-06, t=748.049
# xi=4823.57075712768, logdetD=-1.10507761034612e-06, t=706.269
# xi=4947.25205859249, logdetD=-6.89587111166937e-07, t=671.803
# xi=5070.93336005731, logdetD=-4.30526201507115e-07, t=629.541
# xi=5194.61466152212, logdetD=-2.68920194738748e-07, t=581.73
# xi=5318.29596298693, logdetD=-1.68058622614124e-07, t=534.906
# xi=5441.97726445174, logdetD=-1.05077845429228e-07, t=508.11
# xi=5565.65856591655, logdetD=-6.57316884167921e-08, t=508.492
# xi=5689.33986738137, logdetD=-4.11386925675127e-08, t=507.737
# xi=5813.02116884618, logdetD=-2.57594983237428e-08, t=507.113
# xi=5936.70247031099, logdetD=-1.61374363879122e-08, t=506.36
# xi=6060.3837717758, logdetD=-1.01144155435504e-08, t=505.935
# xi=6184.06507324062, logdetD=-6.34241868295029e-09, t=505.145
# xi=6307.74637470543, logdetD=-3.97901467060291e-09, t=506.264
# xi=6431.42767617024, logdetD=-2.49747552597591e-09, t=505.017
# xi=6555.10897763505, logdetD=-1.56830479271909e-09, t=503.195
# xi=6678.79027909987, logdetD=-9.8528439303537e-10, t=501.745
# xi=6802.47158056468, logdetD=-6.1928840061029e-10, t=502.482
#
# 16260 determinants computed
#
# L/R, L, R, T, ldim, F*(L+R)/(ħc)
0.001671666666666667, 2.5075e-07, 0.00015, 300, 5983, -11229.04102668405
# finished at Fr 29. Dez 02:21:48 CET 2017
