# starting on alcc114 at So 24. Dez 10:13:15 CET 2017
# compiler: icc
# compile time: Dec 23 2017 10:03:11
# compiled on: Linux alcc83 3.16.0-4-amd64 #1 SMP Debian 3.16.51-3 (2017-12-13) x86_64 GNU/Linux
# LAPACK support: false
# git HEAD: 5dfff5553a75e4813f9c157c1921dc7ac2557ea4
# git branch: master
#
# LbyR = 0.00601916666666667
# L = 9.02875e-07
# R = 0.00015
# T = 300
# cutoff = 1e-12
# epsrel = 1e-11
# iepsrel = 1e-10
# ldim = 1662
# cores = 3
# alpha = 0.0119663061422786
# omegap = 9
# gamma = 0.035
# model  = drude
#
# xi=0, logdetD=-24.4805551554942, t=0.000144005
# xi=124.218108560402, logdetD=-8.78425986469654, t=405.44
# xi=248.436217120805, logdetD=-1.81857557744347, t=440.6
# xi=372.654325681207, logdetD=-0.382040190136732, t=454.211
# xi=496.87243424161, logdetD=-0.0804582310313217, t=466.033
# xi=621.090542802012, logdetD=-0.0169497068980319, t=465.09
# xi=745.308651362415, logdetD=-0.00357060007752986, t=455.225
# xi=869.526759922817, logdetD=-0.00075216348714952, t=440.995
# xi=993.74486848322, logdetD=-0.000158452777391738, t=415.863
# xi=1117.96297704362, logdetD=-3.33830743764317e-05, t=382.397
# xi=1242.18108560402, logdetD=-7.03411471142311e-06, t=347.216
# xi=1366.39919416443, logdetD=-1.48239251456218e-06, t=304.303
# xi=1490.61730272483, logdetD=-3.12463158474126e-07, t=249.292
# xi=1614.83541128523, logdetD=-6.58756987192878e-08, t=186.965
# xi=1739.05351984563, logdetD=-1.38915268603281e-08, t=186.042
# xi=1863.27162840604, logdetD=-2.93007640395191e-09, t=185.068
# xi=1987.48973696644, logdetD=-6.1818291478127e-10, t=184.243
# xi=2111.70784552684, logdetD=-1.30457234905461e-10, t=183.906
#
# 2627 determinants computed
#
# L/R, L, R, T, ldim, F*(L+R)/(ħc)
0.006019166666666667, 9.02875e-07, 0.00015, 300, 1662, -922.349474988729
# finished at So 24. Dez 11:49:09 CET 2017
