# starting on alcc120 at Sa 30. Dez 01:08:23 CET 2017
# compiler: icc
# compile time: Dec 23 2017 10:03:11
# compiled on: Linux alcc83 3.16.0-4-amd64 #1 SMP Debian 3.16.51-3 (2017-12-13) x86_64 GNU/Linux
# LAPACK support: false
# git HEAD: 5dfff5553a75e4813f9c157c1921dc7ac2557ea4
# git branch: master
#
# LbyR = 0.000931666666666667
# L = 1.3975e-07
# R = 0.00015
# T = 300
# cutoff = 1e-12
# epsrel = 1e-11
# iepsrel = 1e-10
# ldim = 10734
# cores = 22
# alpha = 0.00186159894365083
# omegap = 9
# gamma = 0.035
# model  = drude
#
# xi=0, logdetD=-160.716248937445, t=8.70228e-05
# xi=123.589930044286, logdetD=-198.963439282876, t=1198.61
# xi=247.179860088573, logdetD=-145.134847801497, t=1247.76
# xi=370.769790132859, logdetD=-106.404166482622, t=1288.13
# xi=494.359720177145, logdetD=-78.3212425362378, t=1341.63
# xi=617.949650221432, logdetD=-57.8052328842353, t=1377.61
# xi=741.539580265718, logdetD=-42.7400120996677, t=1416.39
# xi=865.129510310005, logdetD=-31.6393172606648, t=1458.27
# xi=988.719440354291, logdetD=-23.4410030871559, t=1476.88
# xi=1112.30937039858, logdetD=-17.3768372358247, t=1501.86
# xi=1235.89930044286, logdetD=-12.8865896598729, t=1518.71
# xi=1359.48923048715, logdetD=-9.55941941098541, t=1538.36
# xi=1483.07916053144, logdetD=-7.09288493476685, t=1554.63
# xi=1606.66909057572, logdetD=-5.26376355465949, t=1566.41
# xi=1730.25902062001, logdetD=-3.90701209117786, t=1577.21
# xi=1853.8489506643, logdetD=-2.90046011145139, t=1584.88
# xi=1977.43888070858, logdetD=-2.15360316378941, t=1584.69
# xi=2101.02881075287, logdetD=-1.59936159294146, t=1594.32
# xi=2224.61874079715, logdetD=-1.18800179726088, t=1599.45
# xi=2348.20867084144, logdetD=-0.882643319247491, t=1607.24
# xi=2471.79860088573, logdetD=-0.655933542786266, t=1597.88
# xi=2595.38853093001, logdetD=-0.48758440995105, t=1594.82
# xi=2718.9784609743, logdetD=-0.362546708614817, t=1590.17
# xi=2842.56839101859, logdetD=-0.269656481348647, t=1586.44
# xi=2966.15832106287, logdetD=-0.200631298598145, t=1592.05
# xi=3089.74825110716, logdetD=-0.149325909338927, t=1585.07
# xi=3213.33818115145, logdetD=-0.111180229290729, t=1583.43
# xi=3336.92811119573, logdetD=-0.0828099676571811, t=1579.37
# xi=3460.51804124002, logdetD=-0.0617030365142976, t=1570.87
# xi=3584.1079712843, logdetD=-0.045994408064113, t=1560.33
# xi=3707.69790132859, logdetD=-0.0342991456194115, t=1564.59
# xi=3831.28783137288, logdetD=-0.0255885716478566, t=1550.77
# xi=3954.87776141716, logdetD=-0.0190984221814246, t=1545.93
# xi=4078.46769146145, logdetD=-0.0142607186629776, t=1535.48
# xi=4202.05762150574, logdetD=-0.0106532263240912, t=1526.32
# xi=4325.64755155002, logdetD=-0.0079619536300486, t=1520.63
# xi=4449.23748159431, logdetD=-0.0059533227033378, t=1501.19
# xi=4572.8274116386, logdetD=-0.00445351243323967, t=1487.72
# xi=4696.41734168288, logdetD=-0.00333312197738083, t=1470.3
# xi=4820.00727172717, logdetD=-0.00249578140084831, t=1463.61
# xi=4943.59720177145, logdetD=-0.00186969117596353, t=1460.26
# xi=5067.18713181574, logdetD=-0.00140133551538048, t=1445.76
# xi=5190.77706186003, logdetD=-0.00105080938631597, t=1428.43
# xi=5314.36699190431, logdetD=-0.000788343926848216, t=1417.64
# xi=5437.9569219486, logdetD=-0.000591721910197177, t=1399.57
# xi=5561.54685199289, logdetD=-0.000444354614782499, t=1389.07
# xi=5685.13678203717, logdetD=-0.000333850171665636, t=1369.99
# xi=5808.72671208146, logdetD=-0.000250947543542363, t=1351.52
# xi=5932.31664212575, logdetD=-0.000188722266350757, t=1334.73
# xi=6055.90657217003, logdetD=-0.000141994470577444, t=1315.18
# xi=6179.49650221432, logdetD=-0.000106887504694713, t=1308.83
# xi=6303.0864322586, logdetD=-8.04986552810139e-05, t=1283.58
# xi=6426.67636230289, logdetD=-6.06534309587051e-05, t=1269.96
# xi=6550.26629234718, logdetD=-4.57220706937711e-05, t=1237.12
# xi=6673.85622239146, logdetD=-3.44825092959957e-05, t=1221.44
# xi=6797.44615243575, logdetD=-2.60179365662004e-05, t=1206.83
# xi=6921.03608248004, logdetD=-1.96402171041861e-05, t=1180.17
# xi=7044.62601252432, logdetD=-1.48326097835851e-05, t=1166.27
# xi=7168.21594256861, logdetD=-1.12068882599048e-05, t=1135.87
# xi=7291.8058726129, logdetD=-8.47124155832444e-06, t=1113.8
# xi=7415.39580265718, logdetD=-6.40621961342087e-06, t=1092.88
# xi=7538.98573270147, logdetD=-4.84671368244221e-06, t=1062.1
# xi=7662.57566274575, logdetD=-3.66844395590568e-06, t=1042.86
# xi=7786.16559279004, logdetD=-2.77781622245398e-06, t=1018.92
# xi=7909.75552283433, logdetD=-2.1043132510622e-06, t=989.705
# xi=8033.34545287861, logdetD=-1.59477966432965e-06, t=968.094
# xi=8156.9353829229, logdetD=-1.20912672131979e-06, t=935.367
# xi=8280.52531296719, logdetD=-9.17112189252004e-07, t=909.716
# xi=8404.11524301147, logdetD=-6.95905870513514e-07, t=873.499
# xi=8527.70517305576, logdetD=-5.28267745739084e-07, t=857.574
# xi=8651.29510310004, logdetD=-4.0117135167252e-07, t=814.423
# xi=8774.88503314433, logdetD=-3.04773444005323e-07, t=793.469
# xi=8898.47496318862, logdetD=-2.31629316673496e-07, t=755.135
# xi=9022.0648932329, logdetD=-1.76107199001669e-07, t=726.421
# xi=9145.65482327719, logdetD=-1.33944787029176e-07, t=722.7
# xi=9269.24475332148, logdetD=-1.01914914880685e-07, t=722.164
# xi=9392.83468336576, logdetD=-7.75730299553271e-08, t=721.365
# xi=9516.42461341005, logdetD=-5.90667182508384e-08, t=720.992
# xi=9640.01454345434, logdetD=-4.49916600170185e-08, t=722.728
# xi=9763.60447349862, logdetD=-3.42828013844639e-08, t=722.589
# xi=9887.19440354291, logdetD=-2.61320652574244e-08, t=721.81
# xi=10010.7843335872, logdetD=-1.99261025865179e-08, t=721.663
# xi=10134.3742636315, logdetD=-1.51991832917585e-08, t=720.12
# xi=10257.9641936758, logdetD=-1.15975295619904e-08, t=720.432
# xi=10381.5541237201, logdetD=-8.85230094508911e-09, t=720.182
# xi=10505.1440537643, logdetD=-6.75912403316051e-09, t=719.65
# xi=10628.7339838086, logdetD=-5.1625748835005e-09, t=718.995
# xi=10752.3239138529, logdetD=-3.94441109229885e-09, t=720.199
# xi=10875.9138438972, logdetD=-3.01464387030136e-09, t=719.9
# xi=10999.5037739415, logdetD=-2.30476203837642e-09, t=719.782
# xi=11123.0937039858, logdetD=-1.7625872385664e-09, t=719.789
# xi=11246.6836340301, logdetD=-1.34836615368272e-09, t=718.638
#
# 36789 determinants computed
#
# L/R, L, R, T, ldim, F*(L+R)/(ħc)
0.0009316666666666667, 1.3975e-07, 0.00015, 300, 10734, -32737.91144074756
# finished at So 31. Dez 07:56:35 CET 2017
