# starting on alcc123 at Do 28. Dez 11:28:31 CET 2017
# compiler: icc
# compile time: Dec 23 2017 10:03:11
# compiled on: Linux alcc83 3.16.0-4-amd64 #1 SMP Debian 3.16.51-3 (2017-12-13) x86_64 GNU/Linux
# LAPACK support: false
# git HEAD: 5dfff5553a75e4813f9c157c1921dc7ac2557ea4
# git branch: master
#
# LbyR = 0.00198
# L = 2.97e-07
# R = 0.00015
# T = 300
# cutoff = 1e-12
# epsrel = 1e-11
# iepsrel = 1e-10
# ldim = 5051
# cores = 8
# alpha = 0.00395217469410567
# omegap = 9
# gamma = 0.035
# model  = drude
#
# xi=0, logdetD=-75.3546696400137, t=0.000122786
# xi=123.719372890031, logdetD=-73.9099280417615, t=864.33
# xi=247.438745780063, logdetD=-41.1061724993256, t=926.15
# xi=371.158118670094, logdetD=-23.1822719993852, t=968.949
# xi=494.877491560126, logdetD=-13.1637789816716, t=1012.68
# xi=618.596864450157, logdetD=-7.50095207390268, t=1042.3
# xi=742.316237340189, logdetD=-4.28185973369629, t=1063.56
# xi=866.03561023022, logdetD=-2.44654653183711, t=1091.16
# xi=989.754983120252, logdetD=-1.39857983782109, t=1094.91
# xi=1113.47435601028, logdetD=-0.799721201142072, t=1109.23
# xi=1237.19372890031, logdetD=-0.457366588403876, t=1114.07
# xi=1360.91310179035, logdetD=-0.261607084049382, t=1119.3
# xi=1484.63247468038, logdetD=-0.149655668623147, t=1123.43
# xi=1608.35184757041, logdetD=-0.08562531492301, t=1125.04
# xi=1732.07122046044, logdetD=-0.0489989399867821, t=1119.19
# xi=1855.79059335047, logdetD=-0.0280451741497956, t=1110.96
# xi=1979.5099662405, logdetD=-0.0160556616616305, t=1095.69
# xi=2103.22933913054, logdetD=-0.00919407793231026, t=1095.57
# xi=2226.94871202057, logdetD=-0.00526633805718354, t=1079.53
# xi=2350.6680849106, logdetD=-0.0030174481543255, t=1069.04
# xi=2474.38745780063, logdetD=-0.00172946043470538, t=1049.76
# xi=2598.10683069066, logdetD=-0.000991584316294593, t=1035.7
# xi=2721.82620358069, logdetD=-0.000568728046502162, t=1018.35
# xi=2845.54557647072, logdetD=-0.000326319282269637, t=992.29
# xi=2969.26494936076, logdetD=-0.000187305460027081, t=968.016
# xi=3092.98432225079, logdetD=-0.000107555763474232, t=944.11
# xi=3216.70369514082, logdetD=-6.17871030102685e-05, t=918.341
# xi=3340.42306803085, logdetD=-3.55097625296497e-05, t=887.637
# xi=3464.14244092088, logdetD=-2.04168086704607e-05, t=854.152
# xi=3587.86181381091, logdetD=-1.17441616879947e-05, t=824.418
# xi=3711.58118670094, logdetD=-6.75855464376716e-06, t=789.207
# xi=3835.30055959098, logdetD=-3.8912249365437e-06, t=754.114
# xi=3959.01993248101, logdetD=-2.24141468596123e-06, t=711.82
# xi=4082.73930537104, logdetD=-1.29170666265627e-06, t=675.568
# xi=4206.45867826107, logdetD=-7.44754394745685e-07, t=630.499
# xi=4330.1780511511, logdetD=-4.29607827333582e-07, t=583.835
# xi=4453.89742404113, logdetD=-2.47937233098751e-07, t=541.016
# xi=4577.61679693117, logdetD=-1.43160415275684e-07, t=481.914
# xi=4701.3361698212, logdetD=-8.27021412416786e-08, t=462.701
# xi=4825.05554271123, logdetD=-4.77995805892627e-08, t=463.003
# xi=4948.77491560126, logdetD=-2.76404405227067e-08, t=464.721
# xi=5072.49428849129, logdetD=-1.59911413659463e-08, t=463.532
# xi=5196.21366138132, logdetD=-9.25608783333231e-09, t=463.09
# xi=5319.93303427135, logdetD=-5.36029450954089e-09, t=462.526
# xi=5443.65240716139, logdetD=-3.10572151684503e-09, t=462.14
# xi=5567.37178005142, logdetD=-1.80031445697679e-09, t=461.392
# xi=5691.09115294145, logdetD=-1.0441079254624e-09, t=460.339
# xi=5814.81052583148, logdetD=-6.05832547520384e-10, t=460.268
#
# 12714 determinants computed
#
# L/R, L, R, T, ldim, F*(L+R)/(ħc)
0.00198, 2.97e-07, 0.00015, 300, 5051, -8133.616120604581
# finished at Do 28. Dez 22:27:02 CET 2017
