# starting on alcc119 at Di 5. Sep 18:25:19 CEST 2017

# L      = 9.6747e-08
# R      = 1e-05
# LbyR   = 0.0096747
# T      = 0
# cutoff = 1e-12
# epsrel = 2e-07
# ldim   = 1034
# cores  = 8
# alpha  = 0.0191639941062205
# omegap = 9
# gamma  = 0.35
# quad   = adaptive Gauss-Kronrod
#
# xi=52.1811890808, logdetD=-5.4755568563839, t=40.3291
# xi=12161.6176356, logdetD=-1.15002620511074e-107, t=7.74724
# xi=0.223890980253, logdetD=-17.2441067066225, t=39.1124
# xi=1998.47900125, logdetD=-9.85652938961332e-20, t=23.4507
# xi=1.36247440788, logdetD=-19.1786069611755, t=39.3446
# xi=720.097886173, logdetD=-1.87460456413394e-07, t=32.1159
# xi=3.78125883462, logdetD=-19.3517567030203, t=35.5337
# xi=351.590455106, logdetD=-0.00177775685798346, t=49.7759
# xi=7.74445510207, logdetD=-18.0177294962125, t=37.1187
# xi=199.954978499, logdetD=-0.0990099670303183, t=52.007
# xi=13.6174478591, logdetD=-15.5997406996663, t=38.6627
# xi=123.46726082, logdetD=-0.785508392579315, t=45.9821
# xi=22.0534291909, logdetD=-12.4610502474479, t=37.1804
# xi=79.5537215616, logdetD=-2.59508044185794, t=41.0994
# xi=34.2268902125, logdetD=-8.94426917182845, t=38.7321
# xi=156.543567242, logdetD=-0.320061412248064, t=49.2161
# xi=24375.4164602, logdetD=-9.58710868044902e-211, t=6.7286
# xi=52.6289710413, logdetD=-5.40899514811885, t=40.3732
# xi=4049.13919158, logdetD=-4.86652509513694e-38, t=13.4559
# xi=54.9061378966, logdetD=-5.08286010544045, t=39.9394
# xi=1492.37696143, logdetD=-4.97728601652626e-15, t=26.5063
# xi=59.74370675, logdetD=-4.45403302526395, t=40.3288
# xi=755.362099293, logdetD=-8.11226099989799e-08, t=30.0576
# xi=67.6700992849, logdetD=-3.58787161423123, t=40.4401
# xi=452.091146079, logdetD=-0.000134625025037562, t=47.0151
# xi=79.4160847991, logdetD=-2.60483105655263, t=41.1429
# xi=299.115710721, logdetD=-0.00702968710883188, t=50.5969
# xi=96.2880474626, logdetD=-1.64522303941583, t=43.0362
# xi=211.288632204, logdetD=-0.0729795003472958, t=52.7795
# xi=120.634969506, logdetD=-0.84837046205121, t=45.5346
# xi=17.3937296936, logdetD=-14.1236316595778, t=38.8897
# xi=51.7372169741, logdetD=-5.54236401933434, t=39.8964
# xi=0.11170584504, logdetD=-16.6111285487071, t=38.9566
# xi=49.5914773502, logdetD=-5.87696276281166, t=40.1752
# xi=0.672458111479, logdetD=-18.4589742260861, t=39.1354
# xi=45.5759550588, logdetD=-6.55856634926531, t=38.908
# xi=1.8245232701, logdetD=-19.3817006233693, t=38.6902
# xi=40.2375129142, logdetD=-7.58904307463392, t=38.7734
# xi=3.60473009757, logdetD=-19.3864319301026, t=36.5078
# xi=34.2862091574, logdetD=-8.92978165345, t=38.3241
# xi=6.02284852845, logdetD=-18.6797303795207, t=37.2167
# xi=28.2784474879, logdetD=-10.5215130304509, t=38.4264
# xi=9.10308752197, logdetD=-17.462926454597, t=37.7829
# xi=22.5712038975, logdetD=-12.2876269367168, t=37.484
# xi=12.8869994826, logdetD=-15.8965476994987, t=38.3663
# xi=31.3087134485, logdetD=-9.68649826753679, t=38.7835
# xi=51.9587298411, logdetD=-5.50892998116154, t=40.4714
# xi=17.4929529747, logdetD=-14.0863326825803, t=38.5992
# xi=50.8700657078, logdetD=-5.67521858311232, t=40.4234
# xi=17.9889135291, logdetD=-13.9011107254374, t=38.3122
# xi=48.7706430682, logdetD=-6.01025771551582, t=40.0419
# xi=18.9968437794, logdetD=-13.5309936760197, t=38.2428
# xi=45.846888813, logdetD=-6.51017940808948, t=39.0177
# xi=20.5258117439, logdetD=-12.9858937423154, t=37.2881
# xi=42.3946521095, logdetD=-7.15443519808316, t=38.7168
# xi=22.5490281625, logdetD=-12.2950083264806, t=37.2151
# xi=38.6841662242, logdetD=-7.91827159829003, t=38.4526
# xi=25.040688527, logdetD=-11.4911851525125, t=37.443
# xi=34.9287399869, logdetD=-8.77434236880464, t=38.673
# xi=27.9775571526, logdetD=-10.6081742552561, t=38.4501
# xi=7.45445558297, logdetD=-18.1335141514882, t=37.1448
# xi=17.2947886194, logdetD=-14.1609047221423, t=38.8472
# xi=0.0557932034234, logdetD=-16.1202292364106, t=38.7325
# xi=16.8085576539, logdetD=-14.3452329185384, t=38.8738
# xi=0.334076437009, logdetD=-17.6666287368506, t=39.7447
# xi=15.8612375994, logdetD=-14.709768524234, t=38.8548
# xi=0.896586984419, logdetD=-18.7760912702816, t=39.5426
# xi=14.5203516676, logdetD=-15.2373953273288, t=39.0249
# xi=1.74218894846, logdetD=-19.3554385071709, t=39.1685
# xi=12.9038109764, logdetD=-15.8896831089291, t=38.5696
# xi=2.84711466644, logdetD=-19.4809002593296, t=37.1262
# xi=11.1248026997, logdetD=-16.6230011750646, t=38.1711
# xi=4.18638330474, logdetD=-19.2585355374291, t=35.6865
# xi=9.27880738297, logdetD=-17.3902196495623, t=37.9011
# xi=5.73528806886, logdetD=-18.7821329708093, t=36.8165
# xi=365.268323566, logdetD=-0.00124617872493893, t=49.4231
# xi=48803.0141095, logdetD=0, t=1.01673
# xi=157.439131163, logdetD=-0.312386814367983, t=49.1552
# xi=8150.45957225, logdetD=-1.72519923848941e-73, t=8.85154
# xi=161.993464874, logdetD=-0.276124640303346, t=49.644
# xi=3036.93511193, logdetD=-4.22692268062972e-29, t=17.0515
# xi=171.668602581, logdetD=-0.212500567913731, t=50.3467
# xi=1562.90538767, logdetD=-1.07941612869753e-15, t=25.9876
# xi=187.521387651, logdetD=-0.138452551068149, t=51.8072
# xi=956.363481239, logdetD=-7.53361557486224e-10, t=28.8422
# xi=211.013358679, logdetD=-0.073521678010948, t=53.4295
# xi=650.412610522, logdetD=-9.98124712617839e-07, t=37.0031
# xi=244.757284006, logdetD=-0.0297599114712466, t=52.5704
# xi=474.758453489, logdetD=-7.59307583925466e-05, t=45.957
# xi=293.451128092, logdetD=-0.00816329356433841, t=51.529
# xi=86.968648468, logdetD=-2.12044335416712, t=42.348
# xi=155.655623029, logdetD=-0.32785760332043, t=49.1321
# xi=52.4046007709, logdetD=-5.44224509499681, t=40.1172
# xi=151.364143781, logdetD=-0.368310182245853, t=48.3985
# xi=53.5261053038, logdetD=-5.27807206813754, t=40.2571
# xi=143.333099198, logdetD=-0.45796237918541, t=47.8766
# xi=55.830235621, logdetD=-4.9562101500607, t=39.9699
# xi=132.656214909, logdetD=-0.61195740103286, t=47.041
# xi=59.3906492759, logdetD=-4.49716008834511, t=39.9549
# xi=120.753607396, logdetD=-0.845638831691247, t=45.7316
# xi=64.2268861377, logdetD=-3.94117276429285, t=40.2968
# xi=108.738084057, logdetD=-1.1724359401186, t=44.7364
# xi=70.3873641247, logdetD=-3.33162903619048, t=40.7831
# xi=97.3235968758, logdetD=-1.59949487980855, t=43.3632
# xi=77.9551880459, logdetD=-2.71061689437282, t=41.0045
# xi=12.0418128648, logdetD=-16.2434442432867, t=38.5153
# xi=17.3442239559, logdetD=-14.1422714587656, t=38.8724
# xi=7.49087527185, logdetD=-18.119043670162, t=37.0374
# xi=17.0999080546, logdetD=-14.2345533245863, t=38.6626
# xi=7.67203096305, logdetD=-18.0467612050942, t=37.3985
# xi=16.6189508122, logdetD=-14.4176279017811, t=38.7784
# xi=8.03570160052, logdetD=-17.900290476012, t=37.3941
# xi=15.92674821, logdetD=-14.6843340409978, t=39.158
# xi=8.57616132042, logdetD=-17.6799434648871, t=37.3851
# xi=15.0739174379, logdetD=-15.0179816028933, t=39.139
# xi=9.2713108791, logdetD=-17.3933241427792, t=38.1296
# xi=14.1113915114, logdetD=-15.4008549871495, t=38.9856
# xi=10.0975420149, logdetD=-17.0501989231639, t=38.1454
# xi=13.0849921362, logdetD=-15.8157982443489, t=38.3385
# xi=11.031456199, logdetD=-16.6617682013289, t=37.951
# xi=3.47874593872, logdetD=-19.4086395461757, t=36.2043
# xi=7.41808032308, logdetD=-18.1479454675065, t=36.8139
# xi=0.0278816958696, logdetD=-15.7590951552798, t=38.4718
# xi=7.23845631141, logdetD=-18.2188773016316, t=37.3351
# xi=0.166505215424, logdetD=-16.9574814851322, t=38.8229
# xi=6.88432329197, logdetD=-18.3569195580887, t=37.0776
# xi=0.444474966066, logdetD=-17.9863653583873, t=39.2886
# xi=6.37341703859, logdetD=-18.5509485048547, t=36.7506
# xi=0.85679149739, logdetD=-18.7274688138571, t=39.6147
# xi=5.74194663757, logdetD=-18.7797985385315, t=36.5676
# xi=1.38575255628, logdetD=-19.1925482644748, t=39.2887
# xi=5.02657895735, logdetD=-19.0187082098025, t=36.2642
# xi=2.01246385347, logdetD=-19.4288315614666, t=38.3641
# xi=4.26059619296, logdetD=-19.2396485930258, t=35.6359
# xi=2.71826062623, logdetD=-19.4858853174601, t=37.6736
# xi=782.717836212, logdetD=-4.25186402664159e-08, t=28.3348
# xi=97658.209408, logdetD=0, t=1.134
# xi=367.059451408, logdetD=-0.00118964387714865, t=49.8692
# xi=16353.1003336, logdetD=-3.75844906268168e-143, t=7.24419
# xi=376.168118829, logdetD=-0.000939778675930407, t=49.4541
# xi=6126.05141295, logdetD=-4.30448834123626e-56, t=10.2579
# xi=395.518394243, logdetD=-0.000570595136557603, t=48.6435
# xi=3177.99196442, logdetD=-2.35393246209328e-30, t=16.5328
# xi=427.223964382, logdetD=-0.00025331819534676, t=47.5482
# xi=1964.90815156, logdetD=-2.00423577663472e-19, t=23.5667
# xi=474.207906439, logdetD=-7.69912155950466e-05, t=45.8668
# xi=1353.00641013, logdetD=-1.04435488874482e-13, t=27.2927
# xi=541.695757093, logdetD=-1.42645787387495e-05, t=42.8333
# xi=1001.69809606, logdetD=-2.67340250809941e-10, t=28.6636
# xi=639.083445266, logdetD=-1.31295734193555e-06, t=37.5016
# xi=226.118486017, logdetD=-0.0490079633824691, t=52.7837
# xi=363.492435139, logdetD=-0.00130491308151015, t=49.6505
# xi=156.990390623, logdetD=-0.316208951726219, t=49.1711
# xi=354.909476643, logdetD=-0.00163072676707521, t=50.0089
# xi=159.233399688, logdetD=-0.29756207954063, t=49.4535
# xi=338.847387478, logdetD=-0.00247810848423338, t=50.6497
# xi=163.841660323, logdetD=-0.262643540284853, t=49.5006
# xi=317.493618899, logdetD=-0.00433425370897521, t=50.8356
# xi=170.962487633, logdetD=-0.216599210644442, t=50.4593
# xi=293.688403872, logdetD=-0.00811229724674218, t=51.4053
# xi=180.634961356, logdetD=-0.166753106922408, t=50.7735
# xi=269.657357194, logdetD=-0.0153311540671525, t=51.8786
# xi=192.95591733, logdetD=-0.11956843894314, t=51.2986
# xi=246.828382832, logdetD=-0.0281586380852853, t=52.1964
# xi=208.091565173, logdetD=-0.0795324934533387, t=53.1477
# xi=5.39805404284, logdetD=-18.8978230393284, t=36.1353
# xi=7.43626240448, logdetD=-18.1407347270553, t=37.2169
# xi=3.49460357158, logdetD=-19.4059676399219, t=36.5654
# xi=7.34626000594, logdetD=-18.1763741139603, t=36.9679
# xi=3.57332806451, logdetD=-19.3921736688178, t=36.2463
# xi=7.16802023924, logdetD=-18.2465329717333, t=37.1724
# xi=3.73060167488, logdetD=-19.3621105218789, t=35.7374
# xi=6.90899239905, logdetD=-18.3473885910472, t=37.3505
# xi=3.96245867443, logdetD=-19.3122475018634, t=35.5364
# xi=6.58572783146, logdetD=-18.4711431679303, t=36.7168
# xi=4.25743483375, logdetD=-19.2404635619756, t=35.7809
# xi=6.21529297735, logdetD=-18.609527745684, t=36.7701
# xi=4.60337337574, logdetD=-19.1461953249404, t=35.7877
# xi=5.81358652005, logdetD=-18.7545680543182, t=36.8883
# xi=4.98843378371, logdetD=-19.0306786765364, t=36.3176
# xi=1.6832641639, logdetD=-19.3343019690004, t=38.6719
# xi=3.46289733646, logdetD=-19.4112733702616, t=36.4021
# xi=0.0139371244602, logdetD=-15.5045107677967, t=38.0022
# xi=3.38448416826, logdetD=-19.4237541285977, t=36.0829
# xi=0.0831199937114, logdetD=-16.3851007923909, t=38.6947
# xi=3.22914900575, logdetD=-19.4456251927113, t=36.2227
# xi=0.221294996976, logdetD=-17.2323676302993, t=39.535
# xi=3.00329698252, logdetD=-19.4699402295543, t=37.0004
# xi=0.424907355504, logdetD=-17.9352684072436, t=39.2707
# xi=2.72125190117, logdetD=-19.4858140675366, t=37.7983
# xi=0.683796637045, logdetD=-18.4778670554826, t=39.5564
# xi=2.39780023424, logdetD=-19.4798010877173, t=38.2204
# xi=0.987195420146, logdetD=-18.8767022497458, t=39.7124
# xi=2.04673989884, logdetD=-19.4356850732653, t=38.8099
# xi=1.3246285539, logdetD=-19.1549242903511, t=39.4661
# xi=2.56628798758, logdetD=-19.4865232039605, t=37.9306
# xi=3.47082050925, logdetD=-19.4099612373614, t=36.5026
# xi=1.69068860264, logdetD=-19.3370777481062, t=38.96
# xi=3.43157511088, logdetD=-19.4163697666514, t=36.5593
# xi=1.72751459088, logdetD=-19.350363546762, t=38.6785
# xi=3.35366702533, logdetD=-19.4284017546441, t=36.3559
# xi=1.80092390529, logdetD=-19.3745475940901, t=38.9708
# xi=3.24000178048, logdetD=-19.4442263821853, t=36.323
# xi=1.90875713599, logdetD=-19.4049104736504, t=38.5901
# xi=3.09740401724, logdetD=-19.4609565733733, t=36.8218
# xi=2.04528074513, logdetD=-19.4354035291958, t=38.4465
# xi=2.93297349007, logdetD=-19.4755086472252, t=36.844
# xi=2.20444950032, logdetD=-19.4610576513411, t=38.2354
# xi=2.75341231018, logdetD=-19.4849114287133, t=37.4457
# xi=2.38043414451, logdetD=-19.4786236696224, t=38.4132
# xi=0.828272842552, logdetD=-18.6907923865568, t=39.5975
# xi=1.6758417713, logdetD=-19.331493738235, t=39.2932
# xi=0.00696763173433, logdetD=-15.332039928963, t=38.2989
# xi=1.63908632239, logdetD=-19.3170889268836, t=39.4489
# xi=0.0415269225084, logdetD=-15.9518957013568, t=38.7609
# xi=1.56611621078, logdetD=-19.2859259843119, t=39.4871
# xi=0.110413372672, logdetD=-16.6017399150605, t=38.9608
# xi=1.4596434801, logdetD=-19.233817690545, t=39.0276
# xi=0.211592188403, logdetD=-17.1875710286177, t=39.2582
# xi=1.32604918145, logdetD=-19.1558365983659, t=39.6495
# xi=0.339672736098, logdetD=-17.6848966097079, t=38.9484
# xi=1.17197319526, logdetD=-19.0453488251787, t=39.796
# xi=0.488972371951, logdetD=-18.095173156836, t=39.278
# xi=1.0036858082, logdetD=-18.8936285154365, t=39.4801
# xi=0.654013158107, logdetD=-18.4274692127737, t=39.4195
# xi=1.25234853794, logdetD=-19.1059876361576, t=39.5125
# xi=1.67955271188, logdetD=-19.33290192477, t=39.2505
# xi=0.831867897295, logdetD=-18.6955035688926, t=39.2859
# xi=1.66116618113, logdetD=-19.3258425081941, t=39.0144
# xi=0.849692304965, logdetD=-18.718486138657, t=39.2856
# xi=1.62462642273, logdetD=-19.3111897413937, t=38.8382
# xi=0.885186773515, logdetD=-18.7624561208202, t=39.2103
# xi=1.57122124641, logdetD=-19.2882214867877, t=38.9704
# xi=0.937236783473, logdetD=-18.8228817836665, t=39.4589
# xi=1.50406246324, logdetD=-19.256564057905, t=39.6946
# xi=1.00298401808, logdetD=-18.8929163497681, t=39.5817
# xi=1.42639957741, logdetD=-19.2157973333338, t=39.5998
# xi=1.07942404517, logdetD=-18.966421782987, t=39.7824
# xi=1.3413179116, logdetD=-19.1655260623385, t=39.3789
# xi=1.16367445738, logdetD=-19.0386862665925, t=39.6806
# xi=0.410875504573, logdetD=-17.8972903706422, t=39.274
# xi=0.82467827537, logdetD=-18.6860560024306, t=39.2993
# xi=0.00348358328982, logdetD=-15.2200019286913, t=38.1874
# xi=0.806870676029, logdetD=-18.6622044308771, t=39.5091
# xi=0.020755202534, logdetD=-15.6391609584563, t=38.7417
# xi=0.771480861701, logdetD=-18.6128155614229, t=39.7027
# xi=0.0551483404609, logdetD=-16.1131673522299, t=38.6215
# xi=0.719755030607, logdetD=-18.5355138481438, t=39.3337
# xi=0.1055820292, logdetD=-16.5660193796524, t=39.0605
# xi=0.654705768713, logdetD=-18.4286698903462, t=39.2577
# xi=0.169285387592, logdetD=-16.9728603835823, t=39.4343
# xi=0.579479137485, logdetD=-18.2895589539908, t=39.1458
# xi=0.243346029081, logdetD=-17.328994740596, t=39.0006
# xi=0.497062497755, logdetD=-18.1139380370821, t=39.2683
# xi=0.324970072154, logdetD=-17.6363497220756, t=39.1326
# xi=0.618749277638, logdetD=-18.3644348504328, t=39.6115
# xi=0.826475498022, logdetD=-18.6884273554074, t=39.736
# xi=0.412644775406, logdetD=-17.902142907746, t=39.1314
# xi=0.817569598614, logdetD=-18.6766124586809, t=39.6884
# xi=0.421415096474, logdetD=-17.9259236531454, t=39.5419
# xi=0.799861632873, logdetD=-18.6526363472856, t=39.0862
# xi=0.438870946127, logdetD=-17.9719461128786, t=39.4282
# xi=0.773958341875, logdetD=-18.616362127228, t=39.5334
# xi=0.46444737559, logdetD=-18.0364166445917, t=38.8625
# xi=0.741346996466, logdetD=-18.5685549967148, t=39.3068
# xi=0.496718253607, logdetD=-18.1131455969868, t=39.4178
# xi=0.703583382325, logdetD=-18.5100050496177, t=39.1524
# xi=0.534186907094, logdetD=-18.1963946055261, t=39.0361
# xi=0.662148686968, logdetD=-18.4414849020676, t=39.4811
# xi=0.575421096326, logdetD=-18.2815207576874, t=39.0679
# xi=0.204632114042, logdetD=-17.1545026092287, t=38.7097
# xi=0.409106352774, logdetD=-17.8924193618446, t=39.2605
# xi=0.00174173350639, logdetD=-15.150755469703, t=37.618
# xi=0.400340135305, logdetD=-17.8680016888608, t=38.9844
# xi=0.0103755378185, logdetD=-15.422406729597, t=38.4582
# xi=0.382909836, logdetD=-17.8180078824794, t=39.0532
# xi=0.0275596068733, logdetD=-15.7540220328185, t=38.0661
# xi=0.357412551525, logdetD=-17.7411735976665, t=38.9326
# xi=0.0527376606107, logdetD=-16.0863548342352, t=38.0862
# xi=0.325312075245, logdetD=-17.6374995551159, t=38.9401
# xi=0.0845056179021, logdetD=-16.3970646260116, t=38.974
# xi=0.288139653897, logdetD=-17.5063024772734, t=39.0806
# xi=0.121389964591, logdetD=-16.6793737760294, t=38.867
# xi=0.247353142619, logdetD=-17.3458383164915, t=39.355
# xi=0.16198065064, logdetD=-16.9320709341353, t=39.0328
#
# ier=0, integral=-15.7111067932909, neval=285, abserr=1.66274e-06, absrel=1.05832e-07
#
# L/R, L, R, T, ldim, F*(L+R)/(ħc)
0.0096747, 9.6747e-08, 1e-05, 0, 1034, -260.9581586946162

# finished at Di 5. Sep 21:29:52 CEST 2017
