# starting on alcc118 at So 27. Mai 23:23:24 CEST 2018
# compiler: icc
# compile time: Mar 20 2018 10:17:31
# compiled on: Linux alcc83 3.16.0-4-amd64 #1 SMP Debian 3.16.51-3 (2017-12-13) x86_64 GNU/Linux
# LAPACK support: false
# git HEAD: 6d0c9d2b97f5bf34953fe6036ede8a0e34487fd7
# git branch: master
# pid: 29433
# start time: Sun May 27 23:23:24 2018
#
# LbyR = 0.0279617834394904
# RbyL = 35.7630979498861
# L = 8.78e-07
# R = 3.14e-05
# T = 295
# cutoff = 1e-10
# epsrel = 1e-09
# iepsrel = 1e-08
# ldim = 358
# cores = 3
# alpha = 0.0544023793295743
# filename = /alcc/gpfs1/home/u/hartmmic/libcasimir-dev/data/materials/GoldDalvit.dat
# model = optical data (xi=0: Drude)
# plasma = -8.9663238193477 (logdetD(xi=0) for plasma model with omegap=9eV)
#
# xi=0, logdetD=-4.97973564582575, t=0.610854
# xi=26.1273147135917, logdetD=-2.00312535801054, t=14.7819
# xi=52.2546294271835, logdetD=-0.445579435411019, t=15.0601
# xi=78.3819441407752, logdetD=-0.10043946183871, t=15.1327
# xi=104.509258854367, logdetD=-0.0227161176855774, t=15.1294
# xi=130.636573567959, logdetD=-0.00514533323612633, t=14.6232
# xi=156.76388828155, logdetD=-0.00116693662478841, t=14.101
# xi=182.891202995142, logdetD=-0.000265190328038975, t=13.5689
# xi=209.018517708734, logdetD=-6.0313774545434e-05, t=12.573
# xi=235.145832422326, logdetD=-1.37373359732557e-05, t=11.8952
# xi=261.273147135917, logdetD=-3.13088044412351e-06, t=10.9424
# xi=287.400461849509, logdetD=-7.15572530293674e-07, t=9.91204
# xi=313.527776563101, logdetD=-1.63621360207756e-07, t=8.8683
# xi=339.655091276692, logdetD=-3.74811242354012e-08, t=7.43672
# xi=365.782405990284, logdetD=-8.59708388742409e-09, t=7.40903
# xi=391.909720703876, logdetD=-1.97356974112261e-09, t=7.2777
#
# 984 determinants computed
# stop time: Sun May 27 23:26:23 2018
#
# L/R, L, R, T, ldim, F*(L+R)/(ħc)
0.02796178343949045, 8.78e-07, 3.14e-05, 295, 358, -42.15163209448124
# finished at So 27. Mai 23:26:24 CEST 2018
