# starting on alcc117 at Do 17. Mai 13:29:20 CEST 2018
# compiler: icc
# compile time: Mar 20 2018 10:17:31
# compiled on: Linux alcc83 3.16.0-4-amd64 #1 SMP Debian 3.16.51-3 (2017-12-13) x86_64 GNU/Linux
# LAPACK support: false
# git HEAD: 6d0c9d2b97f5bf34953fe6036ede8a0e34487fd7
# git branch: master
# pid: 23599
# start time: Thu May 17 13:29:20 2018
#
# LbyR = 0.0207006369426752
# RbyL = 48.3076923076923
# L = 6.5e-07
# R = 3.14e-05
# T = 295
# cutoff = 1e-10
# epsrel = 1e-09
# iepsrel = 1e-08
# ldim = 484
# cores = 4
# alpha = 0.0405616224648986
# filename = /alcc/gpfs1/home/u/hartmmic/libcasimir-dev/data/materials/GoldDalvit.dat
# model = optical data (xi=0: Drude)
# plasma = -12.3672620836655 (logdetD(xi=0) for plasma model with omegap=9eV)
#
# xi=0, logdetD=-6.84528213971448, t=0.607052
# xi=25.9427609074483, logdetD=-3.94912305515087, t=17.537
# xi=51.8855218148965, logdetD=-1.26306232665309, t=18.0882
# xi=77.8282827223448, logdetD=-0.410468895235234, t=18.2424
# xi=103.771043629793, logdetD=-0.134127095936578, t=18.9078
# xi=129.713804537241, logdetD=-0.04393527869895, t=18.3068
# xi=155.65656544469, logdetD=-0.0144147598335623, t=18.1014
# xi=181.599326352138, logdetD=-0.00473929952870702, t=18.1858
# xi=207.542087259586, logdetD=-0.00155944049022858, t=17.2707
# xi=233.484848167034, logdetD=-0.000513855298863041, t=16.7864
# xi=259.427609074483, logdetD=-0.000169426274670742, t=16.1505
# xi=285.370369981931, logdetD=-5.60190356808763e-05, t=15.4526
# xi=311.313130889379, logdetD=-1.8530419149444e-05, t=14.9977
# xi=337.255891796827, logdetD=-6.14072963680557e-06, t=13.9093
# xi=363.198652704276, logdetD=-2.03761910513659e-06, t=12.8884
# xi=389.141413611724, logdetD=-6.76698039365382e-07, t=12.2391
# xi=415.084174519172, logdetD=-2.251740494691e-07, t=10.9925
# xi=441.02693542662, logdetD=-7.49742450034247e-08, t=9.97125
# xi=466.969696334069, logdetD=-2.49985253724617e-08, t=9.14032
# xi=492.912457241517, logdetD=-8.3437595250809e-09, t=9.05274
# xi=518.855218148965, logdetD=-2.78700604795815e-09, t=8.86006
#
# 1510 determinants computed
# stop time: Thu May 17 13:34:16 2018
#
# L/R, L, R, T, ldim, F*(L+R)/(ħc)
0.02070063694267516, 6.5e-07, 3.14e-05, 295, 484, -76.3423698203694
# finished at Do 17. Mai 13:34:17 CEST 2018
