# starting on alcc117 at Do 17. Mai 11:01:06 CEST 2018
# compiler: icc
# compile time: Mar 20 2018 10:17:31
# compiled on: Linux alcc83 3.16.0-4-amd64 #1 SMP Debian 3.16.51-3 (2017-12-13) x86_64 GNU/Linux
# LAPACK support: false
# git HEAD: 6d0c9d2b97f5bf34953fe6036ede8a0e34487fd7
# git branch: master
# pid: 10938
# start time: Thu May 17 11:01:06 2018
#
# LbyR = 0.00936305732484076
# RbyL = 106.802721088435
# L = 2.94e-07
# R = 3.14e-05
# T = 295
# cutoff = 1e-10
# epsrel = 1e-09
# iepsrel = 1e-08
# ldim = 1069
# cores = 4
# alpha = 0.0185524073957216
# filename = /alcc/gpfs1/home/u/hartmmic/libcasimir-dev/data/materials/GoldDalvit.dat
# model = optical data (xi=0: Drude)
# plasma = -27.8579692214538 (logdetD(xi=0) for plasma model with omegap=9eV)
#
# xi=0, logdetD=-15.5882933313203, t=1.82668
# xi=25.6545979469786, logdetD=-15.7510241163736, t=74.3232
# xi=51.3091958939573, logdetD=-8.93173834615459, t=77.4
# xi=76.9637938409359, logdetD=-5.13007759756563, t=78.8647
# xi=102.618391787915, logdetD=-2.96876712964042, t=80.668
# xi=128.272989734893, logdetD=-1.72599704381953, t=82.2334
# xi=153.927587681872, logdetD=-1.0066098981785, t=82.3875
# xi=179.58218562885, logdetD=-0.588829845164997, t=84.1703
# xi=205.236783575829, logdetD=-0.344886507670746, t=83.2564
# xi=230.891381522808, logdetD=-0.202339818073353, t=83.5236
# xi=256.545979469786, logdetD=-0.118793825953709, t=84.0573
# xi=282.200577416765, logdetD=-0.069939459980547, t=84.206
# xi=307.855175363744, logdetD=-0.0411939948724462, t=82.7868
# xi=333.509773310722, logdetD=-0.0243057204357759, t=82.1613
# xi=359.164371257701, logdetD=-0.0143591347732822, t=82.6831
# xi=384.818969204679, logdetD=-0.00848976874820227, t=81.5351
# xi=410.473567151658, logdetD=-0.00502913127159778, t=80.7549
# xi=436.128165098637, logdetD=-0.00298088337410177, t=79.7017
# xi=461.782763045615, logdetD=-0.00176925807087327, t=79.135
# xi=487.437360992594, logdetD=-0.00105116823563468, t=77.7946
# xi=513.091958939573, logdetD=-0.000624993650482217, t=77.2074
# xi=538.746556886551, logdetD=-0.000372119677097208, t=75.108
# xi=564.40115483353, logdetD=-0.00022168103604796, t=73.8704
# xi=590.055752780509, logdetD=-0.000132202677946063, t=72.5719
# xi=615.710350727487, logdetD=-7.89025714611797e-05, t=71.3011
# xi=641.364948674466, logdetD=-4.71212525569386e-05, t=69.8937
# xi=667.019546621444, logdetD=-2.81705806095715e-05, t=67.6759
# xi=692.674144568423, logdetD=-1.68492025306505e-05, t=65.3771
# xi=718.328742515402, logdetD=-1.00863550889221e-05, t=64.5991
# xi=743.98334046238, logdetD=-6.0416534911291e-06, t=63.6718
# xi=769.637938409359, logdetD=-3.62083450082098e-06, t=60.5509
# xi=795.292536356338, logdetD=-2.1717641012027e-06, t=59.063
# xi=820.947134303316, logdetD=-1.30313448400667e-06, t=55.92
# xi=846.601732250295, logdetD=-7.8247207043187e-07, t=53.2267
# xi=872.256330197274, logdetD=-4.70069443988971e-07, t=51.739
# xi=897.910928144252, logdetD=-2.82521519314638e-07, t=49.5984
# xi=923.565526091231, logdetD=-1.69910712141331e-07, t=46.7284
# xi=949.220124038209, logdetD=-1.0222011745695e-07, t=44.6432
# xi=974.874721985188, logdetD=-6.15325149350278e-08, t=42.176
# xi=1000.52931993217, logdetD=-3.7055044917182e-08, t=40.9524
# xi=1026.18391787915, logdetD=-2.23233258890407e-08, t=41.0565
# xi=1051.83851582612, logdetD=-1.3455452631807e-08, t=40.9093
#
# 4388 determinants computed
# stop time: Thu May 17 11:48:17 2018
#
# L/R, L, R, T, ldim, F*(L+R)/(ħc)
0.009363057324840765, 2.94e-07, 3.14e-05, 295, 1069, -365.3018526823375
# finished at Do 17. Mai 11:48:18 CEST 2018
