# starting on alcc117 at So 27. Mai 23:26:00 CEST 2018
# compiler: icc
# compile time: Mar 20 2018 10:17:31
# compiled on: Linux alcc83 3.16.0-4-amd64 #1 SMP Debian 3.16.51-3 (2017-12-13) x86_64 GNU/Linux
# LAPACK support: false
# git HEAD: 6d0c9d2b97f5bf34953fe6036ede8a0e34487fd7
# git branch: master
# pid: 5156
# start time: Sun May 27 23:26:00 2018
#
# LbyR = 0.0310191082802548
# RbyL = 32.2381930184805
# L = 9.74e-07
# R = 3.14e-05
# T = 295
# cutoff = 1e-10
# epsrel = 1e-09
# iepsrel = 1e-08
# ldim = 323
# cores = 3
# alpha = 0.060171742756533
# filename = /alcc/gpfs1/home/u/hartmmic/libcasimir-dev/data/materials/GoldDalvit.dat
# model = optical data (xi=0: Drude)
# plasma = -8.00946833338905 (logdetD(xi=0) for plasma model with omegap=9eV)
#
# xi=0, logdetD=-4.45702242652572, t=0.483967
# xi=26.2050215793363, logdetD=-1.54109131826086, t=11.9793
# xi=52.4100431586727, logdetD=-0.294159949960419, t=12.489
# xi=78.6150647380091, logdetD=-0.056815737114034, t=12.367
# xi=104.820086317345, logdetD=-0.0110024973709708, t=12.3129
# xi=131.025107896682, logdetD=-0.00213337097020316, t=11.6568
# xi=157.230129476018, logdetD=-0.000414166163533411, t=11.276
# xi=183.435151055354, logdetD=-8.05673423880308e-05, t=10.552
# xi=209.640172634691, logdetD=-1.56853976235558e-05, t=9.81234
# xi=235.845194214027, logdetD=-3.05817506831372e-06, t=8.9187
# xi=262.050215793364, logdetD=-5.96634891845793e-07, t=8.02112
# xi=288.2552373727, logdetD=-1.16728801877956e-07, t=7.14177
# xi=314.460258952036, logdetD=-2.28477847888523e-08, t=6.04489
# xi=340.665280531373, logdetD=-4.48014904335566e-09, t=6.00174
# xi=366.870302110709, logdetD=-8.79630716399359e-10, t=5.9584
#
# 880 determinants computed
# stop time: Sun May 27 23:28:15 2018
#
# L/R, L, R, T, ldim, F*(L+R)/(ħc)
0.03101910828025478, 9.739999999999999e-07, 3.14e-05, 295, 323, -34.48491065131402
# finished at So 27. Mai 23:28:16 CEST 2018
