# starting on alcc118 at Do 17. Mai 12:48:45 CEST 2018
# compiler: icc
# compile time: Mar 20 2018 10:17:31
# compiled on: Linux alcc83 3.16.0-4-amd64 #1 SMP Debian 3.16.51-3 (2017-12-13) x86_64 GNU/Linux
# LAPACK support: false
# git HEAD: 6d0c9d2b97f5bf34953fe6036ede8a0e34487fd7
# git branch: master
# pid: 338
# start time: Thu May 17 12:48:45 2018
#
# LbyR = 0.0129299363057325
# RbyL = 77.3399014778325
# L = 4.06e-07
# R = 3.14e-05
# T = 295
# cutoff = 1e-10
# epsrel = 1e-09
# iepsrel = 1e-08
# ldim = 774
# cores = 4
# alpha = 0.0255297742564296
# filename = /alcc/gpfs1/home/u/hartmmic/libcasimir-dev/data/materials/GoldDalvit.dat
# model = optical data (xi=0: Drude)
# plasma = -20.1460162715988 (logdetD(xi=0) for plasma model with omegap=9eV)
#
# xi=0, logdetD=-11.1793113692432, t=1.2278
# xi=25.745255957014, logdetD=-9.49040177739425, t=41.1669
# xi=51.490511914028, logdetD=-4.48533724717817, t=42.7599
# xi=77.2357678710421, logdetD=-2.15287099328237, t=43.7821
# xi=102.981023828056, logdetD=-1.04114642638107, t=45.0965
# xi=128.72627978507, logdetD=-0.505564620743002, t=45.0938
# xi=154.471535742084, logdetD=-0.246125002019874, t=44.9619
# xi=180.216791699098, logdetD=-0.120131820313854, t=45.0977
# xi=205.962047656112, logdetD=-0.0586946470951032, t=45.5113
# xi=231.707303613126, logdetD=-0.0287201032069772, t=45.1015
# xi=257.45255957014, logdetD=-0.0140618550941437, t=44.5482
# xi=283.197815527154, logdetD=-0.00690400709871486, t=43.7671
# xi=308.943071484168, logdetD=-0.00339109401625487, t=43.5328
# xi=334.688327441182, logdetD=-0.00166858107340519, t=42.9424
# xi=360.433583398196, logdetD=-0.000822070354147362, t=41.5665
# xi=386.17883935521, logdetD=-0.000405348254161783, t=41.383
# xi=411.924095312224, logdetD=-0.000200257590713121, t=39.8649
# xi=437.669351269238, logdetD=-9.89951492884882e-05, t=39.2461
# xi=463.414607226252, logdetD=-4.90052733620492e-05, t=37.7384
# xi=489.159863183266, logdetD=-2.42837006313912e-05, t=36.4773
# xi=514.90511914028, logdetD=-1.20424892209175e-05, t=35.3287
# xi=540.650375097294, logdetD=-5.98037379272174e-06, t=34.1882
# xi=566.395631054309, logdetD=-2.97155808554937e-06, t=32.8469
# xi=592.140887011323, logdetD=-1.47812378258157e-06, t=31.0959
# xi=617.886142968337, logdetD=-7.35834810058748e-07, t=29.7121
# xi=643.631398925351, logdetD=-3.66545119326026e-07, t=28.0946
# xi=669.376654882365, logdetD=-1.82780860804274e-07, t=26.2548
# xi=695.121910839379, logdetD=-9.1188458932696e-08, t=24.6663
# xi=720.867166796393, logdetD=-4.55325239616847e-08, t=22.1834
# xi=746.612422753407, logdetD=-2.27494458796785e-08, t=22.1595
# xi=772.357678710421, logdetD=-1.13723754733557e-08, t=22.0576
# xi=798.102934667435, logdetD=-5.68960919246517e-09, t=21.9928
#
# 2871 determinants computed
# stop time: Thu May 17 13:07:46 2018
#
# L/R, L, R, T, ldim, F*(L+R)/(ħc)
0.01292993630573249, 4.06e-07, 3.14e-05, 295, 774, -194.600185677052
# finished at Do 17. Mai 13:07:47 CEST 2018
