# starting on alcc114 at Mi 30. Mai 16:05:00 CEST 2018
# compiler: icc
# compile time: Mar 20 2018 10:17:31
# compiled on: Linux alcc83 3.16.0-4-amd64 #1 SMP Debian 3.16.51-3 (2017-12-13) x86_64 GNU/Linux
# LAPACK support: false
# git HEAD: 6d0c9d2b97f5bf34953fe6036ede8a0e34487fd7
# git branch: master
# pid: 13059
# start time: Wed May 30 16:05:07 2018
#
# LbyR = 0.00273885350318471
# RbyL = 365.116279069767
# L = 8.6e-08
# R = 3.14e-05
# T = 295
# cutoff = 1e-10
# epsrel = 1e-09
# iepsrel = 1e-08
# ldim = 3652
# cores = 16
# alpha = 0.00546274534713841
# filename = /alcc/gpfs1/home/u/hartmmic/libcasimir-dev/data/materials/GoldDalvit.dat
# model = optical data (xi=0: Drude)
# plasma = -88.3851560833319 (logdetD(xi=0) for plasma model with omegap=9eV)
#
# xi=0, logdetD=-54.3421730708426, t=2.42297
# xi=25.4862330711986, logdetD=-71.2456414945432, t=152.342
# xi=50.9724661423973, logdetD=-57.8617146388872, t=155.583
# xi=76.4586992135959, logdetD=-47.00693788086, t=158.032
# xi=101.944932284795, logdetD=-38.2836509025658, t=161.457
# xi=127.431165355993, logdetD=-31.2562780974833, t=161.215
# xi=152.917398427192, logdetD=-25.5758240772742, t=163.618
# xi=178.40363149839, logdetD=-20.9841600951802, t=167.523
# xi=203.889864569589, logdetD=-17.2375719432071, t=167.819
# xi=229.376097640788, logdetD=-14.1837260293025, t=168.78
# xi=254.862330711986, logdetD=-11.6799572197815, t=170.821
# xi=280.348563783185, logdetD=-9.645060377998, t=171.618
# xi=305.834796854384, logdetD=-7.96834060296754, t=171.658
# xi=331.321029925582, logdetD=-6.59445309644377, t=172.81
# xi=356.807262996781, logdetD=-5.46408065178043, t=174.33
# xi=382.293496067979, logdetD=-4.530909385924, t=173.679
# xi=407.779729139178, logdetD=-3.763908727874, t=176.844
# xi=433.265962210377, logdetD=-3.128405202471, t=177.329
# xi=458.752195281575, logdetD=-2.60351084471803, t=176.952
# xi=484.238428352774, logdetD=-2.16867200466603, t=177.95
# xi=509.724661423973, logdetD=-1.80766380334912, t=178.793
# xi=535.210894495171, logdetD=-1.50869299500179, t=179.196
# xi=560.69712756637, logdetD=-1.25977673015796, t=177.69
# xi=586.183360637568, logdetD=-1.05296708011525, t=180.589
# xi=611.669593708767, logdetD=-0.88073214322917, t=180.104
# xi=637.155826779966, logdetD=-0.737088759885785, t=179.617
# xi=662.642059851164, logdetD=-0.617470671552732, t=179.057
# xi=688.128292922363, logdetD=-0.517481352319512, t=180.364
# xi=713.614525993562, logdetD=-0.434027767208492, t=181.141
# xi=739.10075906476, logdetD=-0.364237725896425, t=180.828
# xi=764.586992135959, logdetD=-0.305818649779087, t=180.817
# xi=790.073225207157, logdetD=-0.256963980424451, t=180.886
# xi=815.559458278356, logdetD=-0.215992026409971, t=181.247
# xi=841.045691349555, logdetD=-0.181672134699627, t=178.718
# xi=866.531924420753, logdetD=-0.152875617901782, t=179.721
# xi=892.018157491952, logdetD=-0.128697985187763, t=179.376
# xi=917.504390563151, logdetD=-0.108410435573291, t=180.088
# xi=942.990623634349, logdetD=-0.0913497215066258, t=179.735
# xi=968.476856705548, logdetD=-0.0770167074128419, t=181.477
# xi=993.963089776746, logdetD=-0.0649573731935235, t=179.849
# xi=1019.44932284795, logdetD=-0.0548066432105811, t=180.019
# xi=1044.93555591914, logdetD=-0.0462655446180626, t=180.308
# xi=1070.42178899034, logdetD=-0.0390662926854846, t=178.943
# xi=1095.90802206154, logdetD=-0.0330031287389912, t=178.13
# xi=1121.39425513274, logdetD=-0.0278899786565899, t=178.557
# xi=1146.88048820394, logdetD=-0.0235767699691545, t=177.954
# xi=1172.36672127514, logdetD=-0.0199390916600497, t=177.864
# xi=1197.85295434634, logdetD=-0.0168667958203768, t=177.81
# xi=1223.33918741753, logdetD=-0.0142738823241709, t=178.501
# xi=1248.82542048873, logdetD=-0.0120829127350929, t=176.818
# xi=1274.31165355993, logdetD=-0.0102312613802146, t=177.532
# xi=1299.79788663113, logdetD=-0.00866651724956648, t=173.847
# xi=1325.28411970233, logdetD=-0.0073426789956851, t=174.796
# xi=1350.77035277353, logdetD=-0.00622337221634064, t=174.538
# xi=1376.25658584473, logdetD=-0.00527595180954154, t=174.794
# xi=1401.74281891592, logdetD=-0.00447395139869231, t=173.458
# xi=1427.22905198712, logdetD=-0.00379505480478572, t=173.97
# xi=1452.71528505832, logdetD=-0.00321980450039094, t=171.593
# xi=1478.20151812952, logdetD=-0.00273265630736698, t=170.086
# xi=1503.68775120072, logdetD=-0.00231969613333872, t=171.034
# xi=1529.17398427192, logdetD=-0.00196961747137458, t=170.952
# xi=1554.66021734312, logdetD=-0.00167282906063215, t=169.764
# xi=1580.14645041431, logdetD=-0.00142101122580998, t=169.832
# xi=1605.63268348551, logdetD=-0.00120856332631944, t=170.737
# xi=1631.11891655671, logdetD=-0.00102900778154021, t=166.65
# xi=1656.60514962791, logdetD=-0.000875632515761727, t=166.55
# xi=1682.09138269911, logdetD=-0.000744676198220543, t=165.371
# xi=1707.57761577031, logdetD=-0.000632911642483091, t=167.033
# xi=1733.06384884151, logdetD=-0.000537570644184103, t=164.632
# xi=1758.55008191271, logdetD=-0.00045659846592198, t=165.467
# xi=1784.0363149839, logdetD=-0.000389216277793646, t=164.976
# xi=1809.5225480551, logdetD=-0.000331618674965768, t=162.699
# xi=1835.0087811263, logdetD=-0.000282403176554241, t=161.819
# xi=1860.4950141975, logdetD=-0.000240366229388434, t=161.624
# xi=1885.9812472687, logdetD=-0.000204475233882438, t=160.921
# xi=1911.4674803399, logdetD=-0.00017384447019005, t=160.707
# xi=1936.9537134111, logdetD=-0.000148271566648649, t=160.071
# xi=1962.43994648229, logdetD=-0.000126469058089034, t=157.265
# xi=1987.92617955349, logdetD=-0.000107826265796279, t=155.934
# xi=2013.41241262469, logdetD=-9.18906836458982e-05, t=156.33
# xi=2038.89864569589, logdetD=-7.82739793247926e-05, t=154.178
# xi=2064.38487876709, logdetD=-6.66429674513975e-05, t=154.684
# xi=2089.87111183829, logdetD=-5.6842525541529e-05, t=152.317
# xi=2115.35734490949, logdetD=-4.8531538203568e-05, t=151.189
# xi=2140.84357798068, logdetD=-4.14203166655853e-05, t=149.19
# xi=2166.32981105188, logdetD=-3.53374907785255e-05, t=150.206
# xi=2191.81604412308, logdetD=-3.01359540021222e-05, t=148.409
# xi=2217.30227719428, logdetD=-2.56894507662488e-05, t=146.827
# xi=2242.78851026548, logdetD=-2.19154350557396e-05, t=145.044
# xi=2268.27474333668, logdetD=-1.87275192454438e-05, t=144.313
# xi=2293.76097640788, logdetD=-1.59981252866732e-05, t=141.834
# xi=2319.24720947908, logdetD=-1.36619289408433e-05, t=143.566
# xi=2344.73344255027, logdetD=-1.16628370675179e-05, t=142.297
# xi=2370.21967562147, logdetD=-9.95269367443103e-06, t=140.627
# xi=2395.70590869267, logdetD=-8.49271629390103e-06, t=139.363
# xi=2421.19214176387, logdetD=-7.26304387936059e-06, t=138.845
# xi=2446.67837483507, logdetD=-6.20963194671501e-06, t=138.581
# xi=2472.16460790627, logdetD=-5.30743106014169e-06, t=134.285
# xi=2497.65084097747, logdetD=-4.53492705508121e-06, t=134.504
# xi=2523.13707404866, logdetD=-3.87364283168598e-06, t=134.626
# xi=2548.62330711986, logdetD=-3.30771386927553e-06, t=132.171
# xi=2574.10954019106, logdetD=-2.82969760563224e-06, t=131.56
# xi=2599.59577326226, logdetD=-2.42108997279051e-06, t=129.26
# xi=2625.08200633346, logdetD=-2.07093983436019e-06, t=128.646
# xi=2650.56823940466, logdetD=-1.77095047215053e-06, t=126.61
# xi=2676.05447247586, logdetD=-1.51399481056174e-06, t=126.14
# xi=2701.54070554705, logdetD=-1.29395123249198e-06, t=123.556
# xi=2727.02693861825, logdetD=-1.10706492269044e-06, t=122.01
# xi=2752.51317168945, logdetD=-9.47847254318441e-07, t=119.97
# xi=2777.99940476065, logdetD=-8.11336741728574e-07, t=119.112
# xi=2803.48563783185, logdetD=-6.94318775380807e-07, t=117.522
# xi=2828.97187090305, logdetD=-5.94030511060088e-07, t=116.138
# xi=2854.45810397425, logdetD=-5.08098386671938e-07, t=116.411
# xi=2879.94433704544, logdetD=-4.34780095257729e-07, t=114.589
# xi=2905.43057011664, logdetD=-3.72480790474276e-07, t=112.113
# xi=2930.91680318784, logdetD=-3.19040577544447e-07, t=110.605
# xi=2956.40303625904, logdetD=-2.73208061694359e-07, t=109.715
# xi=2981.88926933024, logdetD=-2.33907489525197e-07, t=107.702
# xi=3007.37550240144, logdetD=-2.00214455121887e-07, t=106.829
# xi=3032.86173547264, logdetD=-1.7135627497607e-07, t=104.012
# xi=3058.34796854384, logdetD=-1.46886321952496e-07, t=104.126
# xi=3083.83420161503, logdetD=-1.25886523669899e-07, t=99.3766
# xi=3109.32043468623, logdetD=-1.0786772625306e-07, t=99.5987
# xi=3134.80666775743, logdetD=-9.24094457300591e-08, t=98.8133
# xi=3160.29290082863, logdetD=-7.91501281642492e-08, t=98.3785
# xi=3185.77913389983, logdetD=-6.77789976213452e-08, t=98.417
# xi=3211.26536697103, logdetD=-5.81111741559834e-08, t=98.4936
# xi=3236.75160004223, logdetD=-4.98302375056436e-08, t=98.8137
#
# 25865 determinants computed
# stop time: Wed May 30 21:32:45 2018
#
# L/R, L, R, T, ldim, F*(L+R)/(ħc)
0.002738853503184714, 8.6e-08, 3.14e-05, 295, 3652, -3402.983188376745
# finished at Mi 30. Mai 21:32:47 CEST 2018
