# starting on alcc114 at Mi 30. Mai 14:40:31 CEST 2018
# compiler: icc
# compile time: Mar 20 2018 10:17:31
# compiled on: Linux alcc83 3.16.0-4-amd64 #1 SMP Debian 3.16.51-3 (2017-12-13) x86_64 GNU/Linux
# LAPACK support: false
# git HEAD: 6d0c9d2b97f5bf34953fe6036ede8a0e34487fd7
# git branch: master
# pid: 22215
# start time: Wed May 30 14:40:36 2018
#
# LbyR = 0.00261146496815287
# RbyL = 382.926829268293
# L = 8.2e-08
# R = 3.14e-05
# T = 295
# cutoff = 1e-10
# epsrel = 1e-09
# iepsrel = 1e-08
# ldim = 3830
# cores = 17
# alpha = 0.00520932596404295
# filename = /alcc/gpfs1/home/u/hartmmic/libcasimir-dev/data/materials/GoldDalvit.dat
# model = optical data (xi=0: Drude)
# plasma = -92.1996038450964 (logdetD(xi=0) for plasma model with omegap=9eV)
#
# xi=0, logdetD=-57.0162857564564, t=2.53471
# xi=25.4829952851259, logdetD=-74.8650553914454, t=156.815
# xi=50.9659905702519, logdetD=-61.2668692092995, t=159.817
# xi=76.4489858553778, logdetD=-50.1356559847432, t=161.91
# xi=101.931981140504, logdetD=-41.1204846024727, t=163.6
# xi=127.41497642563, logdetD=-33.80532349109, t=167.351
# xi=152.897971710756, logdetD=-27.8510555038701, t=168.257
# xi=178.380966995882, logdetD=-23.0059352643007, t=170.734
# xi=203.863962281007, logdetD=-19.025705792683, t=171.812
# xi=229.346957566133, logdetD=-15.7600014220475, t=173.759
# xi=254.829952851259, logdetD=-13.0646447359827, t=174.999
# xi=280.312948136385, logdetD=-10.8602788117067, t=176.363
# xi=305.795943421511, logdetD=-9.03186031716687, t=176.965
# xi=331.278938706637, logdetD=-7.52410250726153, t=177.356
# xi=356.761933991763, logdetD=-6.27558838672099, t=178.525
# xi=382.244929276889, logdetD=-5.23817829413846, t=179.921
# xi=407.727924562015, logdetD=-4.38012726948945, t=179.456
# xi=433.210919847141, logdetD=-3.66455050337491, t=181.618
# xi=458.693915132267, logdetD=-3.06975543591547, t=181.689
# xi=484.176910417393, logdetD=-2.5738442237922, t=180.579
# xi=509.659905702519, logdetD=-2.15947352469297, t=183.389
# xi=535.142900987645, logdetD=-1.81413713781803, t=181.399
# xi=560.62589627277, logdetD=-1.52475542335857, t=182.775
# xi=586.108891557896, logdetD=-1.28279298412198, t=183.182
# xi=611.591886843022, logdetD=-1.07998832707541, t=183.691
# xi=637.074882128148, logdetD=-0.90976019868696, t=183.573
# xi=662.557877413274, logdetD=-0.767102707089939, t=184.318
# xi=688.0408726984, logdetD=-0.647084096935027, t=183.976
# xi=713.523867983526, logdetD=-0.546274369255939, t=184.56
# xi=739.006863268652, logdetD=-0.461428357793634, t=185.586
# xi=764.489858553778, logdetD=-0.389949398120122, t=185.72
# xi=789.972853838904, logdetD=-0.329792015543888, t=185.742
# xi=815.45584912403, logdetD=-0.279015488556508, t=185.909
# xi=840.938844409156, logdetD=-0.236211202182978, t=185.549
# xi=866.421839694282, logdetD=-0.200064980934294, t=186.313
# xi=891.904834979408, logdetD=-0.169521370809235, t=186.21
# xi=917.387830264533, logdetD=-0.143728437727205, t=186.192
# xi=942.870825549659, logdetD=-0.121898145082218, t=185.446
# xi=968.353820834785, logdetD=-0.103440890954103, t=183.764
# xi=993.836816119911, logdetD=-0.0878117343188131, t=183.981
# xi=1019.31981140504, logdetD=-0.0745716065400424, t=183.006
# xi=1044.80280669016, logdetD=-0.0633597569215331, t=183.272
# xi=1070.28580197529, logdetD=-0.0538484345183146, t=182.809
# xi=1095.76879726042, logdetD=-0.0457868187093182, t=181.852
# xi=1121.25179254554, logdetD=-0.0389446284448769, t=183.561
# xi=1146.73478783067, logdetD=-0.0331357869013333, t=182.286
# xi=1172.21778311579, logdetD=-0.0282053496033988, t=181.864
# xi=1197.70077840092, logdetD=-0.0240143874873501, t=182.624
# xi=1223.18377368604, logdetD=-0.0204547150931379, t=182.638
# xi=1248.66676897117, logdetD=-0.0174274984799685, t=182.816
# xi=1274.1497642563, logdetD=-0.0148526651114687, t=181.997
# xi=1299.63275954142, logdetD=-0.0126628450422061, t=181.811
# xi=1325.11575482655, logdetD=-0.0107982278370114, t=181.141
# xi=1350.59875011167, logdetD=-0.00921159196666395, t=179.625
# xi=1376.0817453968, logdetD=-0.00785996308292231, t=180.612
# xi=1401.56474068193, logdetD=-0.00670843964591664, t=180.346
# xi=1427.04773596705, logdetD=-0.00572741515239905, t=179.333
# xi=1452.53073125218, logdetD=-0.0048908048061998, t=179.526
# xi=1478.0137265373, logdetD=-0.00417778282848761, t=177.997
# xi=1503.49672182243, logdetD=-0.00356945441079538, t=176.436
# xi=1528.97971710756, logdetD=-0.00305043931889033, t=176.593
# xi=1554.46271239268, logdetD=-0.0026076043173648, t=175.119
# xi=1579.94570767781, logdetD=-0.00222944711154182, t=176.019
# xi=1605.42870296293, logdetD=-0.00190843830295726, t=175.3
# xi=1630.91169824806, logdetD=-0.00163544524481223, t=175.133
# xi=1656.39469353319, logdetD=-0.00140070963264922, t=175.288
# xi=1681.87768881831, logdetD=-0.00119895486864501, t=172.447
# xi=1707.36068410344, logdetD=-0.00102562314007828, t=171.509
# xi=1732.84367938856, logdetD=-0.000876778449773729, t=172.152
# xi=1758.32667467369, logdetD=-0.000749546104230916, t=171.473
# xi=1783.80966995882, logdetD=-0.000643077441885898, t=171.707
# xi=1809.29266524394, logdetD=-0.00055146740118529, t=170.187
# xi=1834.77566052907, logdetD=-0.000472671295488531, t=170.257
# xi=1860.25865581419, logdetD=-0.000404922664815946, t=170.335
# xi=1885.74165109932, logdetD=-0.000346695754694189, t=165.747
# xi=1911.22464638444, logdetD=-0.000296673020576149, t=165.82
# xi=1936.70764166957, logdetD=-0.000254673351099624, t=165.347
# xi=1962.1906369547, logdetD=-0.000218634352698067, t=163.98
# xi=1987.67363223982, logdetD=-0.000187614905833869, t=164.996
# xi=2013.15662752495, logdetD=-0.000160924836754042, t=163.484
# xi=2038.63962281007, logdetD=-0.000137967881502877, t=160.649
# xi=2064.1226180952, logdetD=-0.000118229010738347, t=160.621
# xi=2089.60561338033, logdetD=-0.000101496675254368, t=159.615
# xi=2115.08860866545, logdetD=-8.72189853336207e-05, t=159.607
# xi=2140.57160395058, logdetD=-7.49219472918293e-05, t=159.252
# xi=2166.0545992357, logdetD=-6.43339427035414e-05, t=159.231
# xi=2191.53759452083, logdetD=-5.52202486433095e-05, t=153.956
# xi=2217.02058980596, logdetD=-4.73780664353168e-05, t=154.55
# xi=2242.50358509108, logdetD=-4.06800591134981e-05, t=153.468
# xi=2267.98658037621, logdetD=-3.4988100991704e-05, t=152.849
# xi=2293.46957566133, logdetD=-3.00827814437361e-05, t=153.473
# xi=2318.95257094646, logdetD=-2.58565043936267e-05, t=151.984
# xi=2344.43556623159, logdetD=-2.22162636624097e-05, t=149.438
# xi=2369.91856151671, logdetD=-1.90816792650628e-05, t=149.411
# xi=2395.40155680184, logdetD=-1.63882196885464e-05, t=147.391
# xi=2420.88455208696, logdetD=-1.4106284985771e-05, t=146.927
# xi=2446.36754737209, logdetD=-1.21386044445932e-05, t=146.723
# xi=2471.85054265722, logdetD=-1.04423038722638e-05, t=144.148
# xi=2497.33353794234, logdetD=-8.98031204804297e-06, t=142.436
# xi=2522.81653322747, logdetD=-7.72058057597806e-06, t=142.426
# xi=2548.29952851259, logdetD=-6.63540881007656e-06, t=141.833
# xi=2573.78252379772, logdetD=-5.7133243092801e-06, t=141.01
# xi=2599.26551908285, logdetD=-4.92004323761162e-06, t=138.627
# xi=2624.74851436797, logdetD=-4.23579277443822e-06, t=137.702
# xi=2650.2315096531, logdetD=-3.64571731983638e-06, t=137.283
# xi=2675.71450493822, logdetD=-3.13697017180596e-06, t=134.082
# xi=2701.19750022335, logdetD=-2.69844422428999e-06, t=134.702
# xi=2726.68049550847, logdetD=-2.32368932291061e-06, t=133.332
# xi=2752.1634907936, logdetD=-2.00240828365593e-06, t=132.437
# xi=2777.64648607873, logdetD=-1.72514240304056e-06, t=130.041
# xi=2803.12948136385, logdetD=-1.4859091322658e-06, t=129.255
# xi=2828.61247664898, logdetD=-1.27953376610887e-06, t=128.795
# xi=2854.0954719341, logdetD=-1.1015407242643e-06, t=127.08
# xi=2879.57846721923, logdetD=-9.48706843969944e-07, t=123.849
# xi=2905.06146250436, logdetD=-8.18042582384409e-07, t=123.495
# xi=2930.54445778948, logdetD=-7.05224947826874e-07, t=122.197
# xi=2956.02745307461, logdetD=-6.07833943266867e-07, t=118.213
# xi=2981.51044835973, logdetD=-5.23775871756381e-07, t=117.697
# xi=3006.99344364486, logdetD=-4.5123916674976e-07, t=118.449
# xi=3032.47643892999, logdetD=-3.88706200489678e-07, t=116.469
# xi=3057.95943421511, logdetD=-3.3536114990901e-07, t=116.147
# xi=3083.44242950024, logdetD=-2.89281421293546e-07, t=113.764
# xi=3108.92542478536, logdetD=-2.49484122741653e-07, t=112.836
# xi=3134.40842007049, logdetD=-2.15118589557697e-07, t=109.943
# xi=3159.89141535562, logdetD=-1.85448492524246e-07, t=109.38
# xi=3185.37441064074, logdetD=-1.59836904635971e-07, t=105.293
# xi=3210.85740592587, logdetD=-1.37927790921117e-07, t=105.343
# xi=3236.34040121099, logdetD=-1.19040657978087e-07, t=104.726
# xi=3261.82339649612, logdetD=-1.02721466608591e-07, t=101.228
# xi=3287.30639178125, logdetD=-8.86232590231611e-08, t=101.187
# xi=3312.78938706637, logdetD=-7.64456979896371e-08, t=100.924
# xi=3338.2723823515, logdetD=-6.59288305769694e-08, t=100.641
# xi=3363.75537763662, logdetD=-5.68977035180324e-08, t=100.979
#
# 27605 determinants computed
# stop time: Wed May 30 20:31:07 2018
#
# L/R, L, R, T, ldim, F*(L+R)/(ħc)
0.002611464968152866, 8.200000000000001e-08, 3.14e-05, 295, 3830, -3688.965798384267
# finished at Mi 30. Mai 20:31:10 CEST 2018
