# L      = 5.04e-07
# R      = 0.0001513
# LbyR   = 0.00333113020489095
# T      = 295
# cutoff = 1e-09
# epsrel = 5e-08
# ldim   = 2102
# cores  = 28
# alpha  = 0.00664014123475007
# filename = /alcc/gpfs1/home/theo1/hartmmic/libcasimir-dev/data/materials/GoldEpsIm.dat
# model  = optical data (xi=0: Drude)
# plasma = -83.6488149394574 (logdetD(xi=0) for plasma model with omegap=9eV)
#
# xi=0, logdetD=-44.5964134462385, t=12.3377
# xi=122.877219244751, logdetD=-31.6255077827272, t=73.7181
# xi=245.754438489502, logdetD=-12.7114037344029, t=72.6634
# xi=368.631657734254, logdetD=-5.20800165636146, t=81.0182
# xi=491.508876979005, logdetD=-2.15027513302293, t=84.5038
# xi=614.386096223756, logdetD=-0.891123378364885, t=84.9003
# xi=737.263315468507, logdetD=-0.370139459567671, t=86.3551
# xi=860.140534713258, logdetD=-0.154112703895566, t=87.0866
# xi=983.01775395801, logdetD=-0.0642262613400831, t=87.5178
# xi=1105.89497320276, logdetD=-0.0268051875839202, t=83.5957
# xi=1228.77219244751, logdetD=-0.0111940762756814, t=84.4043
# xi=1351.64941169226, logdetD=-0.00468766242333943, t=84.2007
# xi=1474.52663093701, logdetD=-0.00196379827821715, t=80.3655
# xi=1597.40385018177, logdetD=-0.000824127327136086, t=77.2301
# xi=1720.28106942652, logdetD=-0.000346279958823051, t=77.1914
# xi=1843.15828867127, logdetD=-0.00014561044871588, t=73.0068
# xi=1966.03550791602, logdetD=-6.13434123907556e-05, t=69.895
# xi=2088.91272716077, logdetD=-2.5856477350486e-05, t=65.7715
# xi=2211.78994640552, logdetD=-1.09126828963662e-05, t=61.5439
# xi=2334.66716565027, logdetD=-4.60986692147871e-06, t=58.1235
# xi=2457.54438489502, logdetD=-1.9485951996398e-06, t=53.7187
#
# L/R, L, R, T, ldim, F*(L+R)/(ħc)
0.003331130204890945, 5.04e-07, 0.0001513, 295, 2102, -2953.779859217555
