# starting on alcc71 at Thu Apr  6 17:40:31 CEST 2017
# ./casimir -R 0.0001513 -L 3.66e-07 -T 295 --material /alcc/gpfs1/home/theo1/hartmmic/libcasimir-dev/data/materials/GoldEpsIm.dat --cutoff 1e-09 --epsrel 5e-08

# L      = 3.66e-07
# R      = 0.0001513
# LbyR   = 0.00241903502974223
# T      = 295
# cutoff = 1e-09
# epsrel = 5e-08
# ldim   = 2894
# cores  = 12
# alpha  = 0.00482639484129601
# filename = /alcc/gpfs1/home/theo1/hartmmic/libcasimir-dev/data/materials/GoldEpsIm.dat
# model  = optical data (xi=0: Drude)
# plasma = -117.487096952518 (logdetD(xi=0) for plasma model with omegap=9eV)
#
# xi=0, logdetD=-61.5900336211465, t=40.3587
# xi=122.765515625243, logdetD=-54.7243515498741, t=454.927
# xi=245.531031250487, logdetD=-27.4783005881831, t=539.475
# xi=368.29654687573, logdetD=-14.0377040727986, t=615.872
# xi=491.062062500973, logdetD=-7.23184912054751, t=635.687
# xi=613.827578126217, logdetD=-3.74301906596943, t=644.899
# xi=736.59309375146, logdetD=-1.94300052728934, t=664.192
# xi=859.358609376703, logdetD=-1.01146535510095, t=656.243
# xi=982.124125001946, logdetD=-0.527144244476128, t=667.137
# xi=1104.88964062719, logdetD=-0.275163391322645, t=662.222
# xi=1227.65515625243, logdetD=-0.143727446415964, t=646.319
# xi=1350.42067187768, logdetD=-0.0752832033688583, t=634.92
# xi=1473.18618750292, logdetD=-0.0394491479758255, t=625.993
# xi=1595.95170312816, logdetD=-0.0207081918874985, t=617.286
# xi=1718.71721875341, logdetD=-0.0108841364095208, t=606.266
# xi=1841.48273437865, logdetD=-0.00572524520654359, t=596.946
# xi=1964.24825000389, logdetD=-0.0030173355402236, t=602.342
# xi=2087.01376562914, logdetD=-0.00159112358248226, t=583.801
# xi=2209.77928125438, logdetD=-0.000840180313136823, t=581.604
# xi=2332.54479687962, logdetD=-0.000444085719634934, t=572.12
# xi=2455.31031250487, logdetD=-0.000234893643872656, t=553.241
# xi=2578.07582813011, logdetD=-0.000124412842197054, t=541.003
# xi=2700.84134375535, logdetD=-6.59295933854694e-05, t=520.346
# xi=2823.6068593806, logdetD=-3.49737227694293e-05, t=497.442
# xi=2946.37237500584, logdetD=-1.85660901570323e-05, t=483.541
# xi=3069.13789063108, logdetD=-9.86164956266815e-06, t=438.974
# xi=3191.90340625633, logdetD=-5.24331866050944e-06, t=432.554
# xi=3314.66892188157, logdetD=-2.78894280204659e-06, t=414.537
#
# L/R, L, R, T, ldim, F*(L+R)/(ħc)
0.002419035029742234, 3.66e-07, 0.0001513, 295, 2894, -5551.705215644729
# finished at Thu Apr  6 21:59:22 CEST 2017
