# L      = 5.1e-07
# R      = 0.0001513
# LbyR   = 0.00337078651685393
# T      = 295
# cutoff = 1e-09
# epsrel = 5e-08
# ldim   = 2077
# cores  = 28
# alpha  = 0.00671892497200448
# filename = /alcc/gpfs1/home/theo1/hartmmic/libcasimir-dev/data/materials/GoldEpsIm.dat
# model  = optical data (xi=0: Drude)
# plasma = -84.3439735801427 (logdetD(xi=0) for plasma model with omegap=9eV)
#
# xi=0, logdetD=-44.0662739515614, t=12.2086
# xi=122.88207592386, logdetD=-30.9433753646573, t=72.342
# xi=245.76415184772, logdetD=-12.3181722029521, t=71.0653
# xi=368.646227771581, logdetD=-4.99873057370022, t=79.9264
# xi=491.528303695441, logdetD=-2.04407727845483, t=83.1384
# xi=614.410379619301, logdetD=-0.838952724661287, t=83.4241
# xi=737.292455543161, logdetD=-0.345104249431095, t=84.8967
# xi=860.174531467022, logdetD=-0.142299324224104, t=85.4669
# xi=983.056607390882, logdetD=-0.0587291630950838, t=85.8679
# xi=1105.93868331474, logdetD=-0.0242736759280627, t=82.2864
# xi=1228.8207592386, logdetD=-0.010038753883149, t=82.7954
# xi=1351.70283516246, logdetD=-0.00416315125240109, t=79.3191
# xi=1474.58491108632, logdetD=-0.00172717499112475, t=78.7722
# xi=1597.46698701018, logdetD=-0.000717805016215902, t=75.0488
# xi=1720.34906293404, logdetD=-0.000298683398169323, t=75.6469
# xi=1843.2311388579, logdetD=-0.000124378813409619, t=71.4361
# xi=1966.11321478176, logdetD=-5.18908010963221e-05, t=67.8989
# xi=2088.99529070562, logdetD=-2.16600067398418e-05, t=64.3503
# xi=2211.87736662948, logdetD=-9.0528566600501e-06, t=60.1455
# xi=2334.75944255334, logdetD=-3.78708813583106e-06, t=56.0495
# xi=2457.6415184772, logdetD=-1.58525646791427e-06, t=52.6047
#
# L/R, L, R, T, ldim, F*(L+R)/(ħc)
0.003370786516853933, 5.1e-07, 0.0001513, 295, 2077, -2885.248219591298
