# L      = 4.95e-07
# R      = 0.0001513
# LbyR   = 0.00327164573694646
# T      = 295
# cutoff = 1e-09
# epsrel = 5e-08
# ldim   = 2140
# cores  = 28
# alpha  = 0.00652195395105241
# filename = /alcc/gpfs1/home/theo1/hartmmic/libcasimir-dev/data/materials/GoldEpsIm.dat
# model  = optical data (xi=0: Drude)
# plasma = -85.1486040472578 (logdetD(xi=0) for plasma model with omegap=9eV)
#
# xi=0, logdetD=-45.4157342842934, t=12.5144
# xi=122.869934226088, logdetD=-32.6856460909856, t=74.8966
# xi=245.739868452175, logdetD=-13.328522254262, t=74.3255
# xi=368.609802678263, logdetD=-5.53994679955831, t=84.0822
# xi=491.47973690435, logdetD=-2.32062751833328, t=87.1315
# xi=614.349671130438, logdetD=-0.975783971554705, t=87.5214
# xi=737.219605356526, logdetD=-0.411246922726229, t=88.7952
# xi=860.089539582613, logdetD=-0.173742528599212, t=89.4384
# xi=982.959473808701, logdetD=-0.0734708387308263, t=90.7028
# xi=1105.82940803479, logdetD=-0.0311141392110289, t=86.8502
# xi=1228.69934226088, logdetD=-0.0131845338363397, t=86.5146
# xi=1351.56927648696, logdetD=-0.00560236140732728, t=86.8557
# xi=1474.43921071305, logdetD=-0.00238150155897529, t=83.5636
# xi=1597.30914493914, logdetD=-0.00101411845639131, t=82.928
# xi=1720.17907916523, logdetD=-0.000432378064462342, t=79.3371
# xi=1843.04901339131, logdetD=-0.000184489933431049, t=75.1854
# xi=1965.9189476174, logdetD=-7.8866770294257e-05, t=74.4332
# xi=2088.78888184349, logdetD=-3.37321460288646e-05, t=70.7332
# xi=2211.65881606958, logdetD=-1.4446321183785e-05, t=67.4601
# xi=2334.52875029566, logdetD=-6.19252841129474e-06, t=62.7859
# xi=2457.39868452175, logdetD=-2.65618370603056e-06, t=58.7174
# xi=2580.26861874784, logdetD=-1.14078924185065e-06, t=52.5974
#
# L/R, L, R, T, ldim, F*(L+R)/(ħc)
0.003271645736946464, 4.95e-07, 0.0001513, 295, 2140, -3061.23102624104
