# starting on alcc57.physik.uni-augsburg.de at Fri Aug 14 09:06:12 CEST 2015
# casimir_T0 -x 0.493074620618078 -L 30 -N 80

# LbyR  = 0.493074620618078
# alpha = 0.660482220793443
# order = 80
# prec  = 1e-12
# lmax  = 30
# cores = 2
#
# k=0, x=0.0179604233006984, logdetD(xi = x/alpha)=-0.223673212720133
# k=1, x=0.094639912994354, logdetD(xi = x/alpha)=-0.223018045623163
# k=2, x=0.232622868125868, logdetD(xi = x/alpha)=-0.218180956708828
# k=3, x=0.431992547802387, logdetD(xi = x/alpha)=-0.202857681147006
# k=4, x=0.692828861352022, logdetD(xi = x/alpha)=-0.174306611761031
# k=5, x=1.01523255618947, logdetD(xi = x/alpha)=-0.137090330887636
# k=6, x=1.39932768784287, logdetD(xi = x/alpha)=-0.0990386373281286
# k=7, x=1.84526230383585, logdetD(xi = x/alpha)=-0.0661666572033374
# k=8, x=2.35320887160926, logdetD(xi = x/alpha)=-0.0411002163158409
# k=9, x=2.92336468655543, logdetD(xi = x/alpha)=-0.0238175023697493
# k=10, x=3.55595231404613, logdetD(xi = x/alpha)=-0.0129018063240987
# k=11, x=4.25122008230988, logdetD(xi = x/alpha)=-0.00654006077205109
# k=12, x=5.00944263362017, logdetD(xi = x/alpha)=-0.00310416843863172
# k=13, x=5.83092153860872, logdetD(xi = x/alpha)=-0.00137996801153739
# k=14, x=6.71598597785132, logdetD(xi = x/alpha)=-0.000574648244679123
# k=15, x=7.66499349489177, logdetD(xi = x/alpha)=-0.000224149823173434
# k=16, x=8.6783308251677, logdetD(xi = x/alpha)=-8.18895438166472e-05
# k=17, x=9.75641480574293, logdetD(xi = x/alpha)=-2.80146841728195e-05
# k=18, x=10.8996933712879, logdetD(xi = x/alpha)=-8.97203701418051e-06
# k=19, x=12.1086466423657, logdetD(xi = x/alpha)=-2.68903161884295e-06
# k=20, x=13.3837881127786, logdetD(xi = x/alpha)=-7.53919692842323e-07
# k=21, x=14.7256659435086, logdetD(xi = x/alpha)=-1.97641780048303e-07
# k=22, x=16.1348643716625, logdetD(xi = x/alpha)=-4.84210171607608e-08
# k=23, x=17.6120052438144, logdetD(xi = x/alpha)=-1.10801414589491e-08
# k=24, x=19.1577496842412, logdetD(xi = x/alpha)=-2.36671510081257e-09
# k=25, x=20.7727999097921, logdetD(xi = x/alpha)=-4.71571304968912e-10
# k=26, x=22.4579012045405, logdetD(xi = x/alpha)=-8.75868936450994e-11
# k=27, x=24.2138440689586, logdetD(xi = x/alpha)=-1.51526527038887e-11
# k=28, x=26.0414665601656, logdetD(xi = x/alpha)=-2.43972307958383e-12
# k=29, x=27.9416568418595, logdetD(xi = x/alpha)=-3.65271232021461e-13
# k=30, x=29.915355964901, logdetD(xi = x/alpha)=-5.08053424053929e-14
# k=31, x=31.9635609022089, logdetD(xi = x/alpha)=-6.55831253382896e-15
# k=32, x=34.0873278647262, logdetD(xi = x/alpha)=-7.84884981394605e-16
# k=33, x=36.2877759287815, logdetD(xi = x/alpha)=-8.69890284712789e-17
# k=34, x=38.5660910092922, logdetD(xi = x/alpha)=-8.91764487941684e-18
# k=35, x=40.9235302180313, logdetD(xi = x/alpha)=-8.44526459117939e-19
# k=36, x=43.3614266517312, logdetD(xi = x/alpha)=-7.37852232772026e-20
# k=37, x=45.8811946612789, logdetD(xi = x/alpha)=-5.93878448076873e-21
# k=38, x=48.4843356608332, logdetD(xi = x/alpha)=-4.39681024194907e-22
# k=39, x=51.172444544607, logdetD(xi = x/alpha)=-2.98942868544625e-23
# k=40, x=53.9472167895544, logdetD(xi = x/alpha)=-1.86338597331136e-24
# k=41, x=56.8104563346362, logdetD(xi = x/alpha)=-1.06288857504453e-25
# k=42, x=59.76408434211, logdetD(xi = x/alpha)=-5.53729711913551e-27
# k=43, x=62.8101489639265, logdetD(xi = x/alpha)=-2.62925486634378e-28
# k=44, x=65.9508362574561, logdetD(xi = x/alpha)=-1.13535611108317e-29
# k=45, x=69.1884824202363, logdetD(xi = x/alpha)=-4.44806289631779e-31
# k=46, x=72.5255875442633, logdetD(xi = x/alpha)=-1.57707820251511e-32
# k=47, x=75.9648311278642, logdetD(xi = x/alpha)=-5.04667984306223e-34
# k=48, x=79.5090896290888, logdetD(xi = x/alpha)=-1.45335036427143e-35
# k=49, x=83.1614564010537, logdetD(xi = x/alpha)=-3.75487320472256e-37
# k=50, x=86.9252644196156, logdetD(xi = x/alpha)=-8.67412391055628e-39
# k=51, x=90.8041123009408, logdetD(xi = x/alpha)=-1.78522001334459e-40
# k=52, x=94.8018942159474, logdetD(xi = x/alpha)=-3.26059157109644e-42
# k=53, x=98.9228344469406, logdetD(xi = x/alpha)=-5.26259135724515e-44
# k=54, x=103.171527508039, logdetD(xi = x/alpha)=-7.47138945246715e-46
# k=55, x=107.55298497754, logdetD(xi = x/alpha)=-9.28369528967579e-48
# k=56, x=112.072690484128, logdetD(xi = x/alpha)=-1.00409056165206e-49
# k=57, x=116.736664673504, logdetD(xi = x/alpha)=-9.39591841039049e-52
# k=58, x=121.551542490953, logdetD(xi = x/alpha)=-7.55675257909228e-54
# k=59, x=126.524665796516, logdetD(xi = x/alpha)=-5.1852431432647e-56
# k=60, x=131.66419525212, logdetD(xi = x/alpha)=-3.01088165241995e-58
# k=61, x=136.979246686937, logdetD(xi = x/alpha)=-1.46604233441027e-60
# k=62, x=142.480058912162, logdetD(xi = x/alpha)=-5.92484676268886e-63
# k=63, x=148.178202455004, logdetD(xi = x/alpha)=-1.96451822134779e-65
# k=64, x=154.086842281799, logdetD(xi = x/alpha)=-5.27424805751751e-68
# k=65, x=160.221072870096, logdetD(xi = x/alpha)=-1.12935032588174e-70
# k=66, x=166.598351934054, logdetD(xi = x/alpha)=-1.89526819720315e-73
# k=67, x=173.23907133425, logdetD(xi = x/alpha)=-2.44242078350857e-76
# k=68, x=180.167323049032, logdetD(xi = x/alpha)=-2.3594052425629e-79
# k=69, x=187.411949676964, logdetD(xi = x/alpha)=-1.65987233414039e-82
# k=70, x=195.008022441533, logdetD(xi = x/alpha)=-8.21079455571226e-86
# k=71, x=202.998984195075, logdetD(xi = x/alpha)=-2.73426360881905e-89
# k=72, x=211.439870494836, logdetD(xi = x/alpha)=-5.80100672714095e-93
# k=73, x=220.402368151736, logdetD(xi = x/alpha)=-7.29782180952437e-97
# k=74, x=229.98320607568, logdetD(xi = x/alpha)=-4.94122580987075e-101
# k=75, x=240.319087055842, logdetD(xi = x/alpha)=-1.5702245747349e-105
# k=76, x=251.6158793305, logdetD(xi = x/alpha)=-1.90553922955859e-110
# k=77, x=264.213823883199, logdetD(xi = x/alpha)=-6.28039120952247e-116
# k=78, x=278.766733046005, logdetD(xi = x/alpha)=-2.92030981977913e-122
# k=79, x=296.966511995651, logdetD(xi = x/alpha)=-3.51775342752784e-130
#
# L/R, lmax, order, alpha, F(T=0)
0.493074620618078, 30, 80, 0.660482220793443, -0.165750278726484
# finished at Fri Aug 14 09:06:17 CEST 2015
