# starting on alcc75 at Fri Aug 14 17:56:48 CEST 2015
# casimir_T0 -x 0.00832875216410448 -L 961 -N 80

# LbyR  = 0.00832875216410448
# alpha = 0.0165199140582455
# order = 80
# prec  = 1e-12
# lmax  = 961
# cores = 30
#
# k=28, x=26.0414665601656, logdetD(xi = x/alpha)=-1.45447686867642e-10
# k=27, x=24.2138440689586, logdetD(xi = x/alpha)=-9.07051457791636e-10
# k=26, x=22.4579012045405, logdetD(xi = x/alpha)=-5.26238955223616e-09
# k=25, x=20.7727999097921, logdetD(xi = x/alpha)=-2.84285818938063e-08
# k=31, x=31.9635609022089, logdetD(xi = x/alpha)=-3.84977109814246e-13
# k=32, x=34.0873278647262, logdetD(xi = x/alpha)=-4.57781321195262e-14
# k=30, x=29.915355964901, logdetD(xi = x/alpha)=-2.99953472591051e-12
# k=29, x=27.9416568418595, logdetD(xi = x/alpha)=-2.16766695691078e-11
# k=36, x=43.3614266517312, logdetD(xi = x/alpha)=-4.16466525594903e-18
# k=34, x=38.5660910092922, logdetD(xi = x/alpha)=-5.12394292810155e-16
# k=35, x=40.9235302180313, logdetD(xi = x/alpha)=-4.81116605752137e-17
# k=33, x=36.2877759287815, logdetD(xi = x/alpha)=-5.03759099188611e-15
# k=40, x=53.9472167895544, logdetD(xi = x/alpha)=-1.00678616095747e-22
# k=39, x=51.172444544607, logdetD(xi = x/alpha)=-1.63442821947966e-21
# k=38, x=48.4843356608332, logdetD(xi = x/alpha)=-2.4311096493988e-20
# k=37, x=45.8811946612789, logdetD(xi = x/alpha)=-3.31879720788968e-19
# k=42, x=59.76408434211, logdetD(xi = x/alpha)=-2.91721763670635e-25
# k=44, x=65.9508362574561, logdetD(xi = x/alpha)=-5.82225128182447e-28
# k=43, x=62.8101489639265, logdetD(xi = x/alpha)=-1.36687676776053e-26
# k=41, x=56.8104563346362, logdetD(xi = x/alpha)=-5.67212487937989e-24
# k=47, x=75.9648311278642, logdetD(xi = x/alpha)=-2.479730796983e-32
# k=48, x=79.5090896290888, logdetD(xi = x/alpha)=-7.03733407160674e-34
# k=46, x=72.5255875442633, logdetD(xi = x/alpha)=-7.86213093878277e-31
# k=45, x=69.1884824202363, logdetD(xi = x/alpha)=-2.24932461773439e-29
# k=24, x=19.1577496842412, logdetD(xi = x/alpha)=-1.43127693251436e-07
# k=51, x=90.8041123009408, logdetD(xi = x/alpha)=-8.26809428792998e-39
# k=50, x=86.9252644196156, logdetD(xi = x/alpha)=-4.07758350450952e-37
# k=49, x=83.1614564010537, logdetD(xi = x/alpha)=-1.79151182200986e-35
# k=52, x=94.8018942159474, logdetD(xi = x/alpha)=-1.48780454416322e-40
# k=53, x=98.9228344469406, logdetD(xi = x/alpha)=-2.36591175632112e-42
# k=57, x=116.736664673504, logdetD(xi = x/alpha)=-3.98385533755056e-50
# k=56, x=112.072690484128, logdetD(xi = x/alpha)=-4.31937772693356e-48
# k=55, x=107.55298497754, logdetD(xi = x/alpha)=-4.05236652132287e-46
# k=54, x=103.171527508039, logdetD(xi = x/alpha)=-3.30960368988195e-44
# k=58, x=121.551542490953, logdetD(xi = x/alpha)=-3.15847979886991e-52
# k=61, x=136.979246686937, logdetD(xi = x/alpha)=-5.87559159681371e-59
# k=62, x=142.480058912162, logdetD(xi = x/alpha)=-2.34237429041399e-61
# k=60, x=131.66419525212, logdetD(xi = x/alpha)=-1.22349738781891e-56
# k=59, x=126.524665796516, logdetD(xi = x/alpha)=-2.13677538681124e-54
# k=63, x=148.178202455004, logdetD(xi = x/alpha)=-7.66282371032263e-64
# k=66, x=166.598351934054, logdetD(xi = x/alpha)=-7.10783532237663e-72
# k=67, x=173.23907133425, logdetD(xi = x/alpha)=-9.04376879361548e-75
# k=65, x=160.221072870096, logdetD(xi = x/alpha)=-4.29048779626496e-69
# k=64, x=154.086842281799, logdetD(xi = x/alpha)=-2.03014273041406e-66
# k=68, x=180.167323049032, logdetD(xi = x/alpha)=-8.62706336572124e-78
# k=72, x=211.439870494836, logdetD(xi = x/alpha)=-2.0194636167819e-91
# k=71, x=202.998984195075, logdetD(xi = x/alpha)=-9.63480747965261e-88
# k=69, x=187.411949676964, logdetD(xi = x/alpha)=-5.99418290796352e-81
# k=70, x=195.008022441533, logdetD(xi = x/alpha)=-2.92880968320482e-84
# k=73, x=220.402368151736, logdetD(xi = x/alpha)=-2.50999215998464e-95
# k=77, x=264.213823883199, logdetD(xi = x/alpha)=-2.05565142024637e-114
