# starting on alcc64 at Mi 30. Sep 13:30:47 CEST 2015
# casimir_T0 -x 0.738569102645404 -L 30 -N 80

# LbyR  = 0.738569102645404
# alpha = 0.849628699281033
# order = 80
# prec  = 1e-12
# lmax  = 30
# cores = 2
#
# k=0, x=0.0179604233006984, logdetD(xi = x/alpha)=-0.113218481008647
# k=1, x=0.094639912994354, logdetD(xi = x/alpha)=-0.113025188860742
# k=2, x=0.232622868125868, logdetD(xi = x/alpha)=-0.11145593280724
# k=3, x=0.431992547802387, logdetD(xi = x/alpha)=-0.105893696027151
# k=4, x=0.692828861352022, logdetD(xi = x/alpha)=-0.0941640999931926
# k=5, x=1.01523255618947, logdetD(xi = x/alpha)=-0.0769467542862954
# k=6, x=1.39932768784287, logdetD(xi = x/alpha)=-0.0575306459232278
# k=7, x=1.84526230383585, logdetD(xi = x/alpha)=-0.039505926818094
# k=8, x=2.35320887160926, logdetD(xi = x/alpha)=-0.0250601134409001
# k=9, x=2.92336468655543, logdetD(xi = x/alpha)=-0.0147554066363727
# k=10, x=3.55595231404613, logdetD(xi = x/alpha)=-0.00809103032978095
# k=11, x=4.25122008230988, logdetD(xi = x/alpha)=-0.00414055042629396
# k=12, x=5.00944263362017, logdetD(xi = x/alpha)=-0.00198008744686861
# k=13, x=5.83092153860872, logdetD(xi = x/alpha)=-0.000885588819674673
# k=14, x=6.71598597785132, logdetD(xi = x/alpha)=-0.000370601000725916
# k=15, x=7.66499349489177, logdetD(xi = x/alpha)=-0.000145148716009207
# k=16, x=8.6783308251677, logdetD(xi = x/alpha)=-5.32087927015317e-05
# k=17, x=9.75641480574293, logdetD(xi = x/alpha)=-1.82553675980078e-05
# k=18, x=10.8996933712879, logdetD(xi = x/alpha)=-5.86085078184193e-06
# k=19, x=12.1086466423657, logdetD(xi = x/alpha)=-1.76027167756598e-06
# k=20, x=13.3837881127786, logdetD(xi = x/alpha)=-4.94423823251342e-07
# k=21, x=14.7256659435086, logdetD(xi = x/alpha)=-1.29819847683977e-07
# k=22, x=16.1348643716625, logdetD(xi = x/alpha)=-3.18492152630386e-08
# k=23, x=17.6120052438144, logdetD(xi = x/alpha)=-7.2969397187392e-09
# k=24, x=19.1577496842412, logdetD(xi = x/alpha)=-1.56031179059312e-09
# k=25, x=20.7727999097921, logdetD(xi = x/alpha)=-3.1119412755331e-10
# k=26, x=22.4579012045405, logdetD(xi = x/alpha)=-5.78493328021195e-11
# k=27, x=24.2138440689586, logdetD(xi = x/alpha)=-1.00158231898419e-11
# k=28, x=26.0414665601656, logdetD(xi = x/alpha)=-1.6137903539682e-12
# k=29, x=27.9416568418595, logdetD(xi = x/alpha)=-2.41772269434082e-13
# k=30, x=29.915355964901, logdetD(xi = x/alpha)=-3.36485702136912e-14
# k=31, x=31.9635609022089, logdetD(xi = x/alpha)=-4.34613771521051e-15
# k=32, x=34.0873278647262, logdetD(xi = x/alpha)=-5.20434452580898e-16
# k=33, x=36.2877759287815, logdetD(xi = x/alpha)=-5.77131562448764e-17
# k=34, x=38.5660910092922, logdetD(xi = x/alpha)=-5.91998259374232e-18
# k=35, x=40.9235302180313, logdetD(xi = x/alpha)=-5.60998520223638e-19
# k=36, x=43.3614266517312, logdetD(xi = x/alpha)=-4.90482875458788e-20
# k=37, x=45.8811946612789, logdetD(xi = x/alpha)=-3.95090041165176e-21
# k=38, x=48.4843356608332, logdetD(xi = x/alpha)=-2.92771828651986e-22
# k=39, x=51.172444544607, logdetD(xi = x/alpha)=-1.99265993185591e-23
# k=40, x=53.9472167895544, logdetD(xi = x/alpha)=-1.24357882036946e-24
# k=41, x=56.8104563346362, logdetD(xi = x/alpha)=-7.10342128895223e-26
# k=42, x=59.76408434211, logdetD(xi = x/alpha)=-3.70665716178903e-27
# k=43, x=62.8101489639265, logdetD(xi = x/alpha)=-1.7633098189019e-28
# k=44, x=65.9508362574561, logdetD(xi = x/alpha)=-7.63056171759492e-30
# k=45, x=69.1884824202363, logdetD(xi = x/alpha)=-2.99675057143633e-31
# k=46, x=72.5255875442633, logdetD(xi = x/alpha)=-1.06542684276817e-32
# k=47, x=75.9648311278642, logdetD(xi = x/alpha)=-3.41987186849101e-34
# k=48, x=79.5090896290888, logdetD(xi = x/alpha)=-9.88228204003534e-36
# k=49, x=83.1614564010537, logdetD(xi = x/alpha)=-2.56282577957534e-37
# k=50, x=86.9252644196156, logdetD(xi = x/alpha)=-5.9448908174917e-39
# k=51, x=90.8041123009408, logdetD(xi = x/alpha)=-1.2290348433743e-40
# k=52, x=94.8018942159474, logdetD(xi = x/alpha)=-2.25571189614871e-42
# k=53, x=98.9228344469406, logdetD(xi = x/alpha)=-3.65983806391989e-44
# k=54, x=103.171527508039, logdetD(xi = x/alpha)=-5.22513218155336e-46
# k=55, x=107.55298497754, logdetD(xi = x/alpha)=-6.53140496003852e-48
# k=56, x=112.072690484128, logdetD(xi = x/alpha)=-7.1088793370704e-50
# k=57, x=116.736664673504, logdetD(xi = x/alpha)=-6.69666402435132e-52
# k=58, x=121.551542490953, logdetD(xi = x/alpha)=-5.42361895743202e-54
# k=59, x=126.524665796516, logdetD(xi = x/alpha)=-3.74883384008938e-56
# k=60, x=131.66419525212, logdetD(xi = x/alpha)=-2.19344463951148e-58
# k=61, x=136.979246686937, logdetD(xi = x/alpha)=-1.07649627878155e-60
# k=62, x=142.480058912162, logdetD(xi = x/alpha)=-4.38629216200247e-63
# k=63, x=148.178202455004, logdetD(xi = x/alpha)=-1.46671838433563e-65
# k=64, x=154.086842281799, logdetD(xi = x/alpha)=-3.97220881235323e-68
# k=65, x=160.221072870096, logdetD(xi = x/alpha)=-8.58196867703703e-71
# k=66, x=166.598351934054, logdetD(xi = x/alpha)=-1.45350821444334e-73
# k=67, x=173.23907133425, logdetD(xi = x/alpha)=-1.89083919837596e-76
# k=68, x=180.167323049032, logdetD(xi = x/alpha)=-1.84425391595741e-79
# k=69, x=187.411949676964, logdetD(xi = x/alpha)=-1.3103075541852e-82
# k=70, x=195.008022441533, logdetD(xi = x/alpha)=-6.54729561149618e-86
# k=71, x=202.998984195075, logdetD(xi = x/alpha)=-2.20291254746818e-89
# k=72, x=211.439870494836, logdetD(xi = x/alpha)=-4.72334707960804e-93
# k=73, x=220.402368151736, logdetD(xi = x/alpha)=-6.00691462234106e-97
# k=74, x=229.98320607568, logdetD(xi = x/alpha)=-4.11288679536163e-101
# k=75, x=240.319087055842, logdetD(xi = x/alpha)=-1.32221388974472e-105
# k=76, x=251.6158793305, logdetD(xi = x/alpha)=-1.62409819728945e-110
# k=77, x=264.213823883199, logdetD(xi = x/alpha)=-5.42194408320358e-116
# k=78, x=278.766733046005, logdetD(xi = x/alpha)=-2.55669791117735e-122
# k=79, x=296.966511995651, logdetD(xi = x/alpha)=-3.13053262754993e-130
#
# L/R, lmax, order, alpha, F(T=0)
0.738569102645404, 30, 80, 0.849628699281033, -0.0717496479482561
# finished at Mi 30. Sep 13:30:52 CEST 2015
