# starting on alcc75 at Thu Oct  1 17:50:17 CEST 2015
# casimir_T0 -x 0.00523334878603364 -L 1529 -N 80

# LbyR  = 0.00523334878603364
# alpha = 0.0104122068619265
# order = 80
# prec  = 1e-12
# lmax  = 1529
# cores = 30
#
# k=27, x=24.2138440689586, logdetD(xi = x/alpha)=-1.44382874136914e-09
# k=26, x=22.4579012045405, logdetD(xi = x/alpha)=-8.37652720410876e-09
# k=28, x=26.0414665601656, logdetD(xi = x/alpha)=-2.31523376574014e-10
# k=25, x=20.7727999097921, logdetD(xi = x/alpha)=-4.52517118505684e-08
# k=29, x=27.9416568418595, logdetD(xi = x/alpha)=-3.45053411655704e-11
# k=30, x=29.915355964901, logdetD(xi = x/alpha)=-4.77479565004516e-12
# k=32, x=34.0873278647262, logdetD(xi = x/alpha)=-7.28747298338934e-14
# k=31, x=31.9635609022089, logdetD(xi = x/alpha)=-6.12835925122327e-13
# k=35, x=40.9235302180313, logdetD(xi = x/alpha)=-7.65955727336394e-17
# k=34, x=38.5660910092922, logdetD(xi = x/alpha)=-8.15727898367606e-16
# k=33, x=36.2877759287815, logdetD(xi = x/alpha)=-8.01959456467802e-15
# k=36, x=43.3614266517312, logdetD(xi = x/alpha)=-6.63050096441063e-18
# k=24, x=19.1577496842412, logdetD(xi = x/alpha)=-2.27826300951083e-07
# k=37, x=45.8811946612789, logdetD(xi = x/alpha)=-5.28397051177996e-19
# k=39, x=51.172444544607, logdetD(xi = x/alpha)=-2.60239622572589e-21
# k=38, x=48.4843356608332, logdetD(xi = x/alpha)=-3.87077589683698e-20
# k=40, x=53.9472167895544, logdetD(xi = x/alpha)=-1.60309429945316e-22
# k=41, x=56.8104563346362, logdetD(xi = x/alpha)=-9.0319592537672e-24
# k=44, x=65.9508362574561, logdetD(xi = x/alpha)=-9.2719270746693e-28
# k=43, x=62.8101489639265, logdetD(xi = x/alpha)=-2.17667818218232e-26
# k=42, x=59.76408434211, logdetD(xi = x/alpha)=-4.6453600606106e-25
# k=45, x=69.1884824202363, logdetD(xi = x/alpha)=-3.58216214078347e-29
# k=46, x=72.5255875442633, logdetD(xi = x/alpha)=-1.25212365036435e-30
# k=47, x=75.9648311278642, logdetD(xi = x/alpha)=-3.94934519149575e-32
# k=49, x=83.1614564010537, logdetD(xi = x/alpha)=-2.85342640414892e-35
# k=48, x=79.5090896290888, logdetD(xi = x/alpha)=-1.12083603223431e-33
# k=50, x=86.9252644196156, logdetD(xi = x/alpha)=-6.49475318726831e-37
# k=51, x=90.8041123009408, logdetD(xi = x/alpha)=-1.31697550772272e-38
# k=52, x=94.8018942159474, logdetD(xi = x/alpha)=-2.36990174241452e-40
# k=54, x=103.171527508039, logdetD(xi = x/alpha)=-5.27210291328913e-44
# k=53, x=98.9228344469406, logdetD(xi = x/alpha)=-3.76872867329864e-42
# k=55, x=107.55298497754, logdetD(xi = x/alpha)=-6.45546977779082e-46
# k=56, x=112.072690484128, logdetD(xi = x/alpha)=-6.88099522165208e-48
# k=23, x=17.6120052438144, logdetD(xi = x/alpha)=-1.06985611431267e-06
# k=59, x=126.524665796516, logdetD(xi = x/alpha)=-3.40423839518677e-54
# k=57, x=116.736664673504, logdetD(xi = x/alpha)=-6.34664587671419e-50
# k=58, x=121.551542490953, logdetD(xi = x/alpha)=-5.03186694112146e-52
# k=60, x=131.66419525212, logdetD(xi = x/alpha)=-1.94927856211461e-56
# k=61, x=136.979246686937, logdetD(xi = x/alpha)=-9.36120930325184e-59
# k=62, x=142.480058912162, logdetD(xi = x/alpha)=-3.73203646970143e-61
# k=63, x=148.178202455004, logdetD(xi = x/alpha)=-1.22092054112008e-63
# k=65, x=160.221072870096, logdetD(xi = x/alpha)=-6.83632159874146e-69
# k=64, x=154.086842281799, logdetD(xi = x/alpha)=-3.23469902076796e-66
# k=67, x=173.23907133425, logdetD(xi = x/alpha)=-1.44105861059711e-74
# k=66, x=166.598351934054, logdetD(xi = x/alpha)=-1.13256063665859e-71
# k=68, x=180.167323049032, logdetD(xi = x/alpha)=-1.37468463836111e-77
# k=71, x=202.998984195075, logdetD(xi = x/alpha)=-1.53534453264763e-87
# k=69, x=187.411949676964, logdetD(xi = x/alpha)=-9.55163692238857e-81
# k=70, x=195.008022441533, logdetD(xi = x/alpha)=-4.66709382061621e-84
# k=72, x=211.439870494836, logdetD(xi = x/alpha)=-3.21814900119055e-91
# k=74, x=229.98320607568, logdetD(xi = x/alpha)=-2.67570422433486e-99
# k=0, x=0.0179604233006984, logdetD(xi = x/alpha)=-54.1783507347036
# k=1, x=0.094639912994354, logdetD(xi = x/alpha)=-49.8897769929406
# k=2, x=0.232622868125868, logdetD(xi = x/alpha)=-42.5501096370235
# k=3, x=0.431992547802387, logdetD(xi = x/alpha)=-33.97693282895
# k=4, x=0.692828861352022, logdetD(xi = x/alpha)=-25.5444649269626
# k=5, x=1.01523255618947, logdetD(xi = x/alpha)=-18.1258358187566
# k=6, x=1.39932768784287, logdetD(xi = x/alpha)=-12.1475603622039
# k=7, x=1.84526230383585, logdetD(xi = x/alpha)=-7.68669861662719
# k=8, x=2.35320887160926, logdetD(xi = x/alpha)=-4.58870545670855
# k=9, x=2.92336468655543, logdetD(xi = x/alpha)=-2.58157338967163
# k=10, x=3.55595231404613, logdetD(xi = x/alpha)=-1.3672906353951
# k=11, x=4.25122008230988, logdetD(xi = x/alpha)=-0.681086644801283
# k=12, x=5.00944263362017, logdetD(xi = x/alpha)=-0.318828640735761
# k=13, x=5.83092153860872, logdetD(xi = x/alpha)=-0.140164145169668
# k=14, x=6.71598597785132, logdetD(xi = x/alpha)=-0.0578363057577497
# k=15, x=7.66499349489177, logdetD(xi = x/alpha)=-0.022389126472285
# k=16, x=8.6783308251677, logdetD(xi = x/alpha)=-0.00812734461093628
# k=17, x=9.75641480574293, logdetD(xi = x/alpha)=-0.00276526972601794
# k=18, x=10.8996933712879, logdetD(xi = x/alpha)=-0.000881450919477638
# k=19, x=12.1086466423657, logdetD(xi = x/alpha)=-0.000263094674165249
# k=20, x=13.3837881127786, logdetD(xi = x/alpha)=-7.34927545491266e-05
# k=21, x=14.7256659435086, logdetD(xi = x/alpha)=-1.9201828640859e-05
# k=22, x=16.1348643716625, logdetD(xi = x/alpha)=-4.6895783148749e-06
# k=79, x=296.966511995651, logdetD(xi = x/alpha)=-1.78253046651689e-128
# k=78, x=278.766733046005, logdetD(xi = x/alpha)=-1.50278188672425e-120
# k=76, x=251.6158793305, logdetD(xi = x/alpha)=-1.00680521144879e-108
# k=75, x=240.319087055842, logdetD(xi = x/alpha)=-8.39986662376028e-104
# k=77, x=264.213823883199, logdetD(xi = x/alpha)=-3.27608927435678e-114
# k=73, x=220.402368151736, logdetD(xi = x/alpha)=-3.99990520960015e-95
#
# L/R, lmax, order, alpha, F(T=0)
0.00523334878603364, 1529, 80, 0.0104122068619265, -1568.02824827546
# finished at Fri Oct  2 12:41:37 CEST 2015
