# starting on alcc59 at Mi 30. Sep 13:32:45 CEST 2015
# casimir_T0 -x 0.0850317729660095 -L 95 -N 80

# LbyR  = 0.0850317729660095
# alpha = 0.156736005496999
# order = 80
# prec  = 1e-12
# lmax  = 95
# cores = 2
#
# k=0, x=0.0179604233006984, logdetD(xi = x/alpha)=-2.54412741017285
# k=1, x=0.094639912994354, logdetD(xi = x/alpha)=-2.48437339659192
# k=2, x=0.232622868125868, logdetD(xi = x/alpha)=-2.25833119436297
# k=3, x=0.431992547802387, logdetD(xi = x/alpha)=-1.88587590418118
# k=4, x=0.692828861352022, logdetD(xi = x/alpha)=-1.45965633126882
# k=5, x=1.01523255618947, logdetD(xi = x/alpha)=-1.05567076569428
# k=6, x=1.39932768784287, logdetD(xi = x/alpha)=-0.716648356539767
# k=7, x=1.84526230383585, logdetD(xi = x/alpha)=-0.457558701324494
# k=8, x=2.35320887160926, logdetD(xi = x/alpha)=-0.274906386914159
# k=9, x=2.92336468655543, logdetD(xi = x/alpha)=-0.155392596224551
# k=10, x=3.55595231404613, logdetD(xi = x/alpha)=-0.0825949998413781
# k=11, x=4.25122008230988, logdetD(xi = x/alpha)=-0.041256256250771
# k=12, x=5.00944263362017, logdetD(xi = x/alpha)=-0.0193547494089948
# k=13, x=5.83092153860872, logdetD(xi = x/alpha)=-0.00852365825290175
# k=14, x=6.71598597785132, logdetD(xi = x/alpha)=-0.00352217392629336
# k=15, x=7.66499349489177, logdetD(xi = x/alpha)=-0.00136509433496309
# k=16, x=8.6783308251677, logdetD(xi = x/alpha)=-0.000496027521406197
# k=17, x=9.75641480574293, logdetD(xi = x/alpha)=-0.000168911098643304
# k=18, x=10.8996933712879, logdetD(xi = x/alpha)=-5.38797430517596e-05
# k=19, x=12.1086466423657, logdetD(xi = x/alpha)=-1.60915170525782e-05
# k=20, x=13.3837881127786, logdetD(xi = x/alpha)=-4.49720939334102e-06
# k=21, x=14.7256659435086, logdetD(xi = x/alpha)=-1.17547731994305e-06
# k=22, x=16.1348643716625, logdetD(xi = x/alpha)=-2.87170545224408e-07
# k=23, x=17.6120052438144, logdetD(xi = x/alpha)=-6.5528198956592e-08
# k=24, x=19.1577496842412, logdetD(xi = x/alpha)=-1.39561692839342e-08
# k=25, x=20.7727999097921, logdetD(xi = x/alpha)=-2.77217019888134e-09
# k=26, x=22.4579012045405, logdetD(xi = x/alpha)=-5.13138669485153e-10
# k=27, x=24.2138440689586, logdetD(xi = x/alpha)=-8.84374748115352e-11
# k=28, x=26.0414665601656, logdetD(xi = x/alpha)=-1.4178510383594e-11
# k=29, x=27.9416568418595, logdetD(xi = x/alpha)=-2.11253562202199e-12
# k=30, x=29.915355964901, logdetD(xi = x/alpha)=-2.92229088749378e-13
# k=31, x=31.9635609022089, logdetD(xi = x/alpha)=-3.74917169708612e-14
# k=32, x=34.0873278647262, logdetD(xi = x/alpha)=-4.45620223566851e-15
# k=33, x=36.2877759287815, logdetD(xi = x/alpha)=-4.9013369537063e-16
# k=34, x=38.5660910092922, logdetD(xi = x/alpha)=-4.98267058782873e-17
# k=35, x=40.9235302180313, logdetD(xi = x/alpha)=-4.67583125144938e-18
# k=36, x=43.3614266517312, logdetD(xi = x/alpha)=-4.04507312091158e-19
# k=37, x=45.8811946612789, logdetD(xi = x/alpha)=-3.22147438481712e-20
# k=38, x=48.4843356608332, logdetD(xi = x/alpha)=-2.3582974903943e-21
# k=39, x=51.172444544607, logdetD(xi = x/alpha)=-1.58443570093622e-22
# k=40, x=53.9472167895544, logdetD(xi = x/alpha)=-9.75343081604856e-24
# k=41, x=56.8104563346362, logdetD(xi = x/alpha)=-5.4913082509976e-25
# k=42, x=59.76408434211, logdetD(xi = x/alpha)=-2.82233629418876e-26
# k=43, x=62.8101489639265, logdetD(xi = x/alpha)=-1.32154069475364e-27
# k=44, x=65.9508362574561, logdetD(xi = x/alpha)=-5.62543179215124e-29
# k=45, x=69.1884824202363, logdetD(xi = x/alpha)=-2.17187201445588e-30
# k=46, x=72.5255875442633, logdetD(xi = x/alpha)=-7.58654002229213e-32
# k=47, x=75.9648311278642, logdetD(xi = x/alpha)=-2.39130100097422e-33
# k=48, x=79.5090896290888, logdetD(xi = x/alpha)=-6.78218206522897e-35
# k=49, x=83.1614564010537, logdetD(xi = x/alpha)=-1.72551301106859e-36
# k=50, x=86.9252644196156, logdetD(xi = x/alpha)=-3.92504559737541e-38
# k=51, x=90.8041123009408, logdetD(xi = x/alpha)=-7.95420425908286e-40
# k=52, x=94.8018942159474, logdetD(xi = x/alpha)=-1.43051688999267e-41
# k=53, x=98.9228344469406, logdetD(xi = x/alpha)=-2.27356730188625e-43
# k=54, x=103.171527508039, logdetD(xi = x/alpha)=-3.17873121196082e-45
# k=55, x=107.55298497754, logdetD(xi = x/alpha)=-3.89010581016723e-47
# k=56, x=112.072690484128, logdetD(xi = x/alpha)=-4.14433662884276e-49
# k=57, x=116.736664673504, logdetD(xi = x/alpha)=-3.82053954700568e-51
# k=58, x=121.551542490953, logdetD(xi = x/alpha)=-3.02755864967368e-53
# k=59, x=126.524665796516, logdetD(xi = x/alpha)=-2.04725774365595e-55
# k=60, x=131.66419525212, logdetD(xi = x/alpha)=-1.17171389012121e-57
# k=61, x=136.979246686937, logdetD(xi = x/alpha)=-5.62445594049889e-60
# k=62, x=142.480058912162, logdetD(xi = x/alpha)=-2.24130468435521e-62
# k=63, x=148.178202455004, logdetD(xi = x/alpha)=-7.32916022695969e-65
# k=64, x=154.086842281799, logdetD(xi = x/alpha)=-1.94096449546715e-67
# k=65, x=160.221072870096, logdetD(xi = x/alpha)=-4.10041629748073e-70
# k=66, x=166.598351934054, logdetD(xi = x/alpha)=-6.79036738650349e-73
# k=67, x=173.23907133425, logdetD(xi = x/alpha)=-8.63662591630214e-76
# k=68, x=180.167323049032, logdetD(xi = x/alpha)=-8.23569425364653e-79
# k=69, x=187.411949676964, logdetD(xi = x/alpha)=-5.72022756680879e-82
# k=70, x=195.008022441533, logdetD(xi = x/alpha)=-2.79398285425592e-85
# k=71, x=202.998984195075, logdetD(xi = x/alpha)=-9.18814191221749e-89
# k=72, x=211.439870494836, logdetD(xi = x/alpha)=-1.92519669946014e-92
# k=73, x=220.402368151736, logdetD(xi = x/alpha)=-2.39203580843908e-96
# k=74, x=229.98320607568, logdetD(xi = x/alpha)=-1.5995811672121e-100
# k=75, x=240.319087055842, logdetD(xi = x/alpha)=-5.01985275268469e-105
# k=76, x=251.6158793305, logdetD(xi = x/alpha)=-6.01468978875798e-110
# k=77, x=264.213823883199, logdetD(xi = x/alpha)=-1.95645173678815e-115
# k=78, x=278.766733046005, logdetD(xi = x/alpha)=-8.971125051732e-122
# k=79, x=296.966511995651, logdetD(xi = x/alpha)=-1.06366622546099e-129
#
# L/R, lmax, order, alpha, F(T=0)
0.0850317729660095, 95, 80, 0.156736005496999, -5.82289033911111
# finished at Mi 30. Sep 13:34:44 CEST 2015
