# starting on alcc92 at Mon Aug 17 13:51:23 CEST 2015
# casimir_T0 -x 0.00523334878603364 -L 1529 -N 80

# LbyR  = 0.00523334878603364
# alpha = 0.0104122068619265
# order = 80
# prec  = 1e-12
# lmax  = 1529
# cores = 25
#
# k=23, x=17.6120052438144, logdetD(xi = x/alpha)=-1.06985611431267e-06
# k=22, x=16.1348643716625, logdetD(xi = x/alpha)=-4.68957831494082e-06
# k=24, x=19.1577496842412, logdetD(xi = x/alpha)=-2.27826300951103e-07
# k=25, x=20.7727999097921, logdetD(xi = x/alpha)=-4.525171185061e-08
# k=26, x=22.4579012045405, logdetD(xi = x/alpha)=-8.37652720411715e-09
# k=27, x=24.2138440689586, logdetD(xi = x/alpha)=-1.44382874137071e-09
# k=28, x=26.0414665601656, logdetD(xi = x/alpha)=-2.31523376574287e-10
# k=29, x=27.9416568418595, logdetD(xi = x/alpha)=-3.45053411656143e-11
# k=30, x=29.915355964901, logdetD(xi = x/alpha)=-4.77479565005171e-12
# k=31, x=31.9635609022089, logdetD(xi = x/alpha)=-6.12835925123232e-13
# k=32, x=34.0873278647262, logdetD(xi = x/alpha)=-7.28747298340091e-14
# k=33, x=36.2877759287815, logdetD(xi = x/alpha)=-8.0195945646917e-15
# k=34, x=38.5660910092922, logdetD(xi = x/alpha)=-8.15727898369098e-16
# k=35, x=40.9235302180313, logdetD(xi = x/alpha)=-7.65955727337896e-17
# k=36, x=43.3614266517312, logdetD(xi = x/alpha)=-6.63050096442457e-18
# k=37, x=45.8811946612789, logdetD(xi = x/alpha)=-5.28397051179186e-19
# k=21, x=14.7256659435086, logdetD(xi = x/alpha)=-1.92018286409212e-05
# k=38, x=48.4843356608332, logdetD(xi = x/alpha)=-3.87077589684632e-20
# k=39, x=51.172444544607, logdetD(xi = x/alpha)=-2.60239622573261e-21
# k=40, x=53.9472167895544, logdetD(xi = x/alpha)=-1.60309429945759e-22
# k=41, x=56.8104563346362, logdetD(xi = x/alpha)=-9.03195925379394e-24
# k=42, x=59.76408434211, logdetD(xi = x/alpha)=-4.64536006062531e-25
# k=43, x=62.8101489639265, logdetD(xi = x/alpha)=-2.1766781821897e-26
# k=44, x=65.9508362574561, logdetD(xi = x/alpha)=-9.2719270747029e-28
# k=45, x=69.1884824202363, logdetD(xi = x/alpha)=-3.58216214079736e-29
# k=46, x=72.5255875442633, logdetD(xi = x/alpha)=-1.25212365036954e-30
# k=47, x=75.9648311278642, logdetD(xi = x/alpha)=-3.94934519151324e-32
# k=48, x=79.5090896290888, logdetD(xi = x/alpha)=-1.12083603223961e-33
# k=49, x=83.1614564010537, logdetD(xi = x/alpha)=-2.85342640416334e-35
# k=50, x=86.9252644196156, logdetD(xi = x/alpha)=-6.49475318730334e-37
# k=51, x=90.8041123009408, logdetD(xi = x/alpha)=-1.3169755077303e-38
# k=52, x=94.8018942159474, logdetD(xi = x/alpha)=-2.36990174242907e-40
# k=53, x=98.9228344469406, logdetD(xi = x/alpha)=-3.76872867332331e-42
# k=54, x=103.171527508039, logdetD(xi = x/alpha)=-5.2721029133259e-44
# k=55, x=107.55298497754, logdetD(xi = x/alpha)=-6.4554697778388e-46
# k=56, x=112.072690484128, logdetD(xi = x/alpha)=-6.88099522170654e-48
# k=57, x=116.736664673504, logdetD(xi = x/alpha)=-6.34664587676766e-50
# k=58, x=121.551542490953, logdetD(xi = x/alpha)=-5.03186694116657e-52
# k=59, x=126.524665796516, logdetD(xi = x/alpha)=-3.40423839521923e-54
# k=60, x=131.66419525212, logdetD(xi = x/alpha)=-1.94927856213438e-56
# k=61, x=136.979246686937, logdetD(xi = x/alpha)=-9.36120930335273e-59
# k=62, x=142.480058912162, logdetD(xi = x/alpha)=-3.73203646974416e-61
# k=20, x=13.3837881127786, logdetD(xi = x/alpha)=-7.34927545490303e-05
# k=63, x=148.178202455004, logdetD(xi = x/alpha)=-1.22092054113494e-63
# k=64, x=154.086842281799, logdetD(xi = x/alpha)=-3.23469902080978e-66
# k=65, x=160.221072870096, logdetD(xi = x/alpha)=-6.83632159883534e-69
# k=66, x=166.598351934054, logdetD(xi = x/alpha)=-1.13256063667511e-71
# k=67, x=173.23907133425, logdetD(xi = x/alpha)=-1.44105861061944e-74
# k=68, x=180.167323049032, logdetD(xi = x/alpha)=-1.37468463838374e-77
# k=69, x=187.411949676964, logdetD(xi = x/alpha)=-9.55163692255569e-81
# k=70, x=195.008022441533, logdetD(xi = x/alpha)=-4.66709382070304e-84
# k=71, x=202.998984195075, logdetD(xi = x/alpha)=-1.53534453267802e-87
# k=72, x=211.439870494836, logdetD(xi = x/alpha)=-3.21814900125839e-91
# k=73, x=220.402368151736, logdetD(xi = x/alpha)=-3.99990520969007e-95
# k=74, x=229.98320607568, logdetD(xi = x/alpha)=-2.67570422439909e-99
# k=75, x=240.319087055842, logdetD(xi = x/alpha)=-8.39986662397613e-104
