# starting on alcc86 at Mi 30. Sep 20:59:43 CEST 2015
# casimir_T0 -x 0.0106137054457874 -L 754 -N 80

# LbyR  = 0.0106137054457874
# alpha = 0.0210044755747808
# order = 80
# prec  = 1e-12
# lmax  = 754
# cores = 25
#
# k=23, x=17.6120052438144, logdetD(xi = x/alpha)=-5.27341851881993e-07
# k=22, x=16.1348643716625, logdetD(xi = x/alpha)=-2.31150945510254e-06
# k=24, x=19.1577496842412, logdetD(xi = x/alpha)=-1.12298178626945e-07
# k=25, x=20.7727999097921, logdetD(xi = x/alpha)=-2.23050287589036e-08
# k=21, x=14.7256659435086, logdetD(xi = x/alpha)=-9.46447536550786e-06
# k=26, x=22.4579012045405, logdetD(xi = x/alpha)=-4.1288355291313e-09
# k=27, x=24.2138440689586, logdetD(xi = x/alpha)=-7.11658997594949e-10
# k=28, x=26.0414665601656, logdetD(xi = x/alpha)=-1.14114468056705e-10
# k=20, x=13.3837881127786, logdetD(xi = x/alpha)=-3.62232687318171e-05
# k=29, x=27.9416568418595, logdetD(xi = x/alpha)=-1.70066512722655e-11
# k=30, x=29.915355964901, logdetD(xi = x/alpha)=-2.35326620771056e-12
# k=31, x=31.9635609022089, logdetD(xi = x/alpha)=-3.02024131110318e-13
# k=32, x=34.0873278647262, logdetD(xi = x/alpha)=-3.59131211813437e-14
# k=33, x=36.2877759287815, logdetD(xi = x/alpha)=-3.9518935933782e-15
# k=19, x=12.1086466423657, logdetD(xi = x/alpha)=-0.000129670552390022
# k=18, x=10.8996933712879, logdetD(xi = x/alpha)=-0.000434420701531869
# k=34, x=38.5660910092922, logdetD(xi = x/alpha)=-4.01950830170779e-16
# k=35, x=40.9235302180313, logdetD(xi = x/alpha)=-3.77402260139232e-17
# k=36, x=43.3614266517312, logdetD(xi = x/alpha)=-3.26677401665109e-18
# k=39, x=51.172444544607, logdetD(xi = x/alpha)=-1.28190764995012e-21
# k=37, x=45.8811946612789, logdetD(xi = x/alpha)=-2.60317897875217e-19
# k=38, x=48.4843356608332, logdetD(xi = x/alpha)=-1.90682916077845e-20
# k=17, x=9.75641480574293, logdetD(xi = x/alpha)=-0.00136279188187794
# k=40, x=53.9472167895544, logdetD(xi = x/alpha)=-7.89608118829861e-23
# k=41, x=56.8104563346362, logdetD(xi = x/alpha)=-4.44839720600195e-24
# k=42, x=59.76408434211, logdetD(xi = x/alpha)=-2.28775769038044e-25
# k=43, x=62.8101489639265, logdetD(xi = x/alpha)=-1.07189946995168e-26
# k=46, x=72.5255875442633, logdetD(xi = x/alpha)=-6.16476510930655e-31
# k=44, x=65.9508362574561, logdetD(xi = x/alpha)=-4.56561497969779e-28
# k=45, x=69.1884824202363, logdetD(xi = x/alpha)=-1.76377960777568e-29
# k=47, x=75.9648311278642, logdetD(xi = x/alpha)=-1.94430839557444e-32
# k=16, x=8.6783308251677, logdetD(xi = x/alpha)=-0.00400512881184043
# k=48, x=79.5090896290888, logdetD(xi = x/alpha)=-5.51764099508944e-34
# k=49, x=83.1614564010537, logdetD(xi = x/alpha)=-1.40459115384058e-35
# k=50, x=86.9252644196156, logdetD(xi = x/alpha)=-3.19682182664849e-37
# k=51, x=90.8041123009408, logdetD(xi = x/alpha)=-6.48196461690427e-39
# k=52, x=94.8018942159474, logdetD(xi = x/alpha)=-1.16636140506941e-40
# k=53, x=98.9228344469406, logdetD(xi = x/alpha)=-1.85469365536524e-42
# k=55, x=107.55298497754, logdetD(xi = x/alpha)=-3.17655377785649e-46
# k=54, x=103.171527508039, logdetD(xi = x/alpha)=-2.59439668875264e-44
# k=56, x=112.072690484128, logdetD(xi = x/alpha)=-3.38575974207958e-48
# k=57, x=116.736664673504, logdetD(xi = x/alpha)=-3.12267164602172e-50
# k=58, x=121.551542490953, logdetD(xi = x/alpha)=-2.47564867393682e-52
# k=59, x=126.524665796516, logdetD(xi = x/alpha)=-1.6747819200264e-54
# k=60, x=131.66419525212, logdetD(xi = x/alpha)=-9.58939577402927e-57
# k=61, x=136.979246686937, logdetD(xi = x/alpha)=-4.60499237935281e-59
# k=62, x=142.480058912162, logdetD(xi = x/alpha)=-1.83579011406508e-61
# k=63, x=148.178202455004, logdetD(xi = x/alpha)=-6.00544615091783e-64
# k=64, x=154.086842281799, logdetD(xi = x/alpha)=-1.59101033293646e-66
# k=15, x=7.66499349489177, logdetD(xi = x/alpha)=-0.0110325560063915
# k=66, x=166.598351934054, logdetD(xi = x/alpha)=-5.57011973094892e-72
# k=67, x=173.23907133425, logdetD(xi = x/alpha)=-7.08708032633469e-75
# k=65, x=160.221072870096, logdetD(xi = x/alpha)=-3.36235331568382e-69
# k=70, x=195.008022441533, logdetD(xi = x/alpha)=-2.29499891134571e-84
# k=68, x=180.167323049032, logdetD(xi = x/alpha)=-6.76039140475525e-78
# k=69, x=187.411949676964, logdetD(xi = x/alpha)=-4.69710201960389e-81
# k=0, x=0.0179604233006984, logdetD(xi = x/alpha)=-25.9791841964923
# k=1, x=0.094639912994354, logdetD(xi = x/alpha)=-24.1697631103018
# k=2, x=0.232622868125868, logdetD(xi = x/alpha)=-20.7515845020433
# k=3, x=0.431992547802387, logdetD(xi = x/alpha)=-16.6319709426586
# k=4, x=0.692828861352022, logdetD(xi = x/alpha)=-12.5313110751486
# k=5, x=1.01523255618947, logdetD(xi = x/alpha)=-8.90398115107859
# k=6, x=1.39932768784287, logdetD(xi = x/alpha)=-5.97257366404984
# k=7, x=1.84526230383585, logdetD(xi = x/alpha)=-3.78161891728027
# k=8, x=2.35320887160926, logdetD(xi = x/alpha)=-2.25848338591003
# k=9, x=2.92336468655543, logdetD(xi = x/alpha)=-1.27101146589674
# k=10, x=3.55595231404613, logdetD(xi = x/alpha)=-0.673332841932131
# k=11, x=4.25122008230988, logdetD(xi = x/alpha)=-0.335468256456544
# k=12, x=5.00944263362017, logdetD(xi = x/alpha)=-0.157061426136383
# k=13, x=5.83092153860872, logdetD(xi = x/alpha)=-0.0690557628719937
# k=14, x=6.71598597785132, logdetD(xi = x/alpha)=-0.0284973901929638
# k=73, x=220.402368151736, logdetD(xi = x/alpha)=-1.9667018882087e-95
# k=77, x=264.213823883199, logdetD(xi = x/alpha)=-1.61058071201784e-114
# k=75, x=240.319087055842, logdetD(xi = x/alpha)=-4.12981401268726e-104
# k=74, x=229.98320607568, logdetD(xi = x/alpha)=-1.31556273866165e-99
# k=79, x=296.966511995651, logdetD(xi = x/alpha)=-8.76250516347208e-129
# k=76, x=251.6158793305, logdetD(xi = x/alpha)=-4.94980481225889e-109
# k=72, x=211.439870494836, logdetD(xi = x/alpha)=-1.58237887877949e-91
# k=71, x=202.998984195075, logdetD(xi = x/alpha)=-7.54963338398466e-88
# k=78, x=278.766733046005, logdetD(xi = x/alpha)=-7.38764522953181e-121
#
# L/R, lmax, order, alpha, F(T=0)
0.0106137054457874, 754, 80, 0.0210044755747808, -380.347630771802
# finished at Mi 30. Sep 22:36:44 CEST 2015
