# starting on alcc118 at Di 20. Feb 18:33:15 CET 2018
# compiler: icc
# compile time: Feb  1 2018 09:49:34
# compiled on: Linux alcc83 3.16.0-4-amd64 #1 SMP Debian 3.16.51-3 (2017-12-13) x86_64 GNU/Linux
# LAPACK support: false
# git HEAD: b96c9c30c7b1cdd2d059ceccd0396c6d55d3da95
# git branch: dev
#
# LbyR = 0.02175
# L = 4.698e-06
# R = 0.000216
# T = 300
# cutoff = 5e-08
# epsrel = 1e-07
# iepsrel = 2e-07
# ldim = 368
# cores = 4
# alpha = 0.0425740151700514
# filename = /alcc/gpfs1/home/u/hartmmic/libcasimir-dev/data/materials/GoldDalvit.dat
# model = optical data (xi=0: Drude)
# plasma = -12.0649957985995 (logdetD(xi=0) for plasma model with omegap=1.36734e+16eV)
#
# xi=0, logdetD=-6.49819443277393, t=1.06965
# xi=181.671078984172, logdetD=-0.00463449075965456, t=9.63177
# xi=363.342157968345, logdetD=-1.89014184351252e-06, t=6.06602
# xi=545.013236952517, logdetD=-7.67965093821797e-10, t=3.25278
#
# 163 determinants computed
#
# L/R, L, R, T, ldim, F*(L+R)/(ħc)
0.02175, 4.698e-06, 0.000216, 300, 368, -188.1559319316984
# finished at Di 20. Feb 18:33:36 CET 2018
