# starting on alcc122 at Do 15. Feb 12:47:10 CET 2018
# compiler: icc
# compile time: Feb  1 2018 09:49:34
# compiled on: Linux alcc83 3.16.0-4-amd64 #1 SMP Debian 3.16.51-3 (2017-12-13) x86_64 GNU/Linux
# LAPACK support: false
# git HEAD: b96c9c30c7b1cdd2d059ceccd0396c6d55d3da95
# git branch: dev
#
# LbyR = 0.00985
# L = 2.1276e-06
# R = 0.000216
# T = 300
# cutoff = 5e-08
# epsrel = 1e-07
# iepsrel = 2e-07
# ldim = 813
# cores = 4
# alpha = 0.0195078477001535
# filename = /alcc/gpfs1/home/u/hartmmic/libcasimir-dev/data/materials/GoldDalvit.dat
# model = optical data (xi=0: Drude)
# plasma = -28.0126386115247 (logdetD(xi=0) for plasma model with omegap=1.36734e+16eV)
#
# xi=0, logdetD=-14.7977131358926, t=3.09419
# xi=179.555213224533, logdetD=-0.705319672629526, t=45.9274
# xi=359.110426449066, logdetD=-0.019771110319477, t=46.5049
# xi=538.665639673599, logdetD=-0.000555987840463725, t=41.3646
# xi=718.220852898132, logdetD=-1.56486899404486e-05, t=33.56
# xi=897.776066122665, logdetD=-4.40773879526313e-07, t=22.889
#
# 388 determinants computed
#
# L/R, L, R, T, ldim, F*(L+R)/(ħc)
0.009850000000000001, 2.1276e-06, 0.000216, 300, 813, -464.3504041207607
# finished at Do 15. Feb 12:50:24 CET 2018
