# starting on alcc114 at Do 15. Feb 14:12:38 CET 2018
# compiler: icc
# compile time: Feb  1 2018 09:49:34
# compiled on: Linux alcc83 3.16.0-4-amd64 #1 SMP Debian 3.16.51-3 (2017-12-13) x86_64 GNU/Linux
# LAPACK support: false
# git HEAD: b96c9c30c7b1cdd2d059ceccd0396c6d55d3da95
# git branch: dev
#
# LbyR = 0.006
# L = 1.296e-06
# R = 0.000216
# T = 300
# cutoff = 5e-08
# epsrel = 1e-07
# iepsrel = 2e-07
# ldim = 1334
# cores = 6
# alpha = 0.0119284294234592
# filename = /alcc/gpfs1/home/u/hartmmic/libcasimir-dev/data/materials/GoldDalvit.dat
# model = optical data (xi=0: Drude)
# plasma = -46.7320483365325 (logdetD(xi=0) for plasma model with omegap=1.36734e+16eV)
#
# xi=0, logdetD=-24.5601392793343, t=6.65481
# xi=178.870668419944, logdetD=-4.58422375352029, t=71.7073
# xi=357.741336839888, logdetD=-0.501314808621649, t=73.7731
# xi=536.612005259831, logdetD=-0.0554028999833865, t=72.7373
# xi=715.482673679775, logdetD=-0.00613524343771339, t=69.5291
# xi=894.353342099719, logdetD=-0.000680350225717546, t=64.3546
# xi=1073.22401051966, logdetD=-7.55467652271662e-05, t=57.9012
# xi=1252.09467893961, logdetD=-8.40916443123991e-06, t=50.0666
# xi=1430.96534735955, logdetD=-9.35188342553544e-07, t=40.1031
#
# 797 determinants computed
#
# L/R, L, R, T, ldim, F*(L+R)/(ħc)
0.006, 1.296e-06, 0.000216, 300, 1334, -992.2808391762925
# finished at Do 15. Feb 14:21:06 CET 2018
