# starting on alcc118 at Di 13. Feb 21:32:22 CET 2018
# compiler: icc
# compile time: Feb  1 2018 09:49:34
# compiled on: Linux alcc83 3.16.0-4-amd64 #1 SMP Debian 3.16.51-3 (2017-12-13) x86_64 GNU/Linux
# LAPACK support: false
# git HEAD: b96c9c30c7b1cdd2d059ceccd0396c6d55d3da95
# git branch: dev
#
# LbyR = 0.00985
# L = 2.4625e-06
# R = 0.00025
# T = 300
# cutoff = 5e-08
# epsrel = 1e-07
# iepsrel = 2e-07
# ldim = 813
# cores = 4
# alpha = 0.0195078477001535
# filename = /alcc/gpfs1/home/u/hartmmic/libcasimir-dev/data/materials/GoldDalvit.dat
# model = optical data (xi=0: Drude)
# plasma = -28.0522597657968 (logdetD(xi=0) for plasma model with omegap=1.36734e+16eV)
#
# xi=0, logdetD=-14.7977131358926, t=3.15854
# xi=207.818533824691, logdetD=-0.406173582126928, t=46.2802
# xi=415.637067649382, logdetD=-0.00656657728063384, t=45.1072
# xi=623.455601474073, logdetD=-0.000106368993624402, t=38.29
# xi=831.274135298764, logdetD=-1.72397143199456e-06, t=27.5921
# xi=1039.09266912345, logdetD=-2.79462034604921e-08, t=15.3227
#
# 391 determinants computed
#
# L/R, L, R, T, ldim, F*(L+R)/(ħc)
0.009850000000000001, 2.4625e-06, 0.00025, 300, 813, -516.7496958533624
# finished at Di 13. Feb 21:35:18 CET 2018
