# starting on alcc118 at Di 13. Feb 19:24:18 CET 2018
# compiler: icc
# compile time: Feb  1 2018 09:49:34
# compiled on: Linux alcc83 3.16.0-4-amd64 #1 SMP Debian 3.16.51-3 (2017-12-13) x86_64 GNU/Linux
# LAPACK support: false
# git HEAD: b96c9c30c7b1cdd2d059ceccd0396c6d55d3da95
# git branch: dev
#
# LbyR = 0.018775
# L = 4.69375e-06
# R = 0.00025
# T = 300
# cutoff = 5e-08
# epsrel = 1e-07
# iepsrel = 2e-07
# ldim = 427
# cores = 4
# alpha = 0.0368579912149395
# filename = /alcc/gpfs1/home/u/hartmmic/libcasimir-dev/data/materials/GoldDalvit.dat
# model = optical data (xi=0: Drude)
# plasma = -14.1555759713415 (logdetD(xi=0) for plasma model with omegap=1.36734e+16eV)
#
# xi=0, logdetD=-7.58368331444328, t=1.28453
# xi=209.655222852156, logdetD=-0.00540841285067658, t=13.0774
# xi=419.310445704312, logdetD=-2.22095179013184e-06, t=8.19024
# xi=628.965668556468, logdetD=-9.08744458583632e-10, t=4.2351
#
# 174 determinants computed
#
# L/R, L, R, T, ldim, F*(L+R)/(ħc)
0.018775, 4.69375e-06, 0.00025, 300, 427, -253.4108852659014
# finished at Di 13. Feb 19:24:46 CET 2018
