# starting on alcc118 at Di 13. Feb 19:21:57 CET 2018
# compiler: icc
# compile time: Feb  1 2018 09:49:34
# compiled on: Linux alcc83 3.16.0-4-amd64 #1 SMP Debian 3.16.51-3 (2017-12-13) x86_64 GNU/Linux
# LAPACK support: false
# git HEAD: b96c9c30c7b1cdd2d059ceccd0396c6d55d3da95
# git branch: dev
#
# LbyR = 0.01615
# L = 4.0375e-06
# R = 0.00025
# T = 300
# cutoff = 5e-08
# epsrel = 1e-07
# iepsrel = 2e-07
# ldim = 496
# cores = 4
# alpha = 0.0317866456723909
# filename = /alcc/gpfs1/home/u/hartmmic/libcasimir-dev/data/materials/GoldDalvit.dat
# model = optical data (xi=0: Drude)
# plasma = -16.6387541458998 (logdetD(xi=0) for plasma model with omegap=1.36734e+16eV)
#
# xi=0, logdetD=-8.87533953643421, t=1.56756
# xi=209.115020197019, logdetD=-0.01851995565072, t=17.6667
# xi=418.230040394038, logdetD=-2.24144971292123e-05, t=13.3379
# xi=627.345060591057, logdetD=-2.70846892582537e-08, t=5.99564
#
# 187 determinants computed
#
# L/R, L, R, T, ldim, F*(L+R)/(ħc)
0.01615, 4.0375e-06, 0.00025, 300, 496, -296.620536056894
# finished at Di 13. Feb 19:22:36 CET 2018
