# starting on alcc118 at Di 20. Feb 18:24:15 CET 2018
# compiler: icc
# compile time: Feb  1 2018 09:49:34
# compiled on: Linux alcc83 3.16.0-4-amd64 #1 SMP Debian 3.16.51-3 (2017-12-13) x86_64 GNU/Linux
# LAPACK support: false
# git HEAD: b96c9c30c7b1cdd2d059ceccd0396c6d55d3da95
# git branch: dev
#
# LbyR = 0.024375
# L = 6.09375e-06
# R = 0.00025
# T = 300
# cutoff = 5e-08
# epsrel = 1e-07
# iepsrel = 2e-07
# ldim = 329
# cores = 4
# alpha = 0.0475899938987187
# filename = /alcc/gpfs1/home/u/hartmmic/libcasimir-dev/data/materials/GoldDalvit.dat
# model = optical data (xi=0: Drude)
# plasma = -10.6628241760542 (logdetD(xi=0) for plasma model with omegap=1.36734e+16eV)
#
# xi=0, logdetD=-5.76149733427591, t=0.882256
# xi=210.807655183114, logdetD=-0.000415701894940071, t=7.04026
# xi=421.615310366228, logdetD=-1.69930298644055e-08, t=2.88071
#
# 104 determinants computed
#
# L/R, L, R, T, ldim, F*(L+R)/(ħc)
0.024375, 6.09375e-06, 0.00025, 300, 329, -193.3323557149266
# finished at Di 20. Feb 18:24:26 CET 2018
