# starting on alcc115 at Di 13. Feb 21:33:55 CET 2018
# compiler: icc
# compile time: Feb  1 2018 09:49:34
# compiled on: Linux alcc83 3.16.0-4-amd64 #1 SMP Debian 3.16.51-3 (2017-12-13) x86_64 GNU/Linux
# LAPACK support: false
# git HEAD: b96c9c30c7b1cdd2d059ceccd0396c6d55d3da95
# git branch: dev
#
# LbyR = 0.013875
# L = 3.46875e-06
# R = 0.00025
# T = 300
# cutoff = 5e-08
# epsrel = 1e-07
# iepsrel = 2e-07
# ldim = 577
# cores = 4
# alpha = 0.027370237948465
# filename = /alcc/gpfs1/home/u/hartmmic/libcasimir-dev/data/materials/GoldDalvit.dat
# model = optical data (xi=0: Drude)
# plasma = -19.5587323887448 (logdetD(xi=0) for plasma model with omegap=1.36734e+16eV)
#
# xi=0, logdetD=-10.391865336726, t=1.88667
# xi=208.646844562567, logdetD=-0.0549797731903777, t=24.1646
# xi=417.293689125135, logdetD=-0.000169746225367222, t=20.6693
# xi=625.940533687702, logdetD=-5.2391466381445e-07, t=12.5739
#
# 201 determinants computed
#
# L/R, L, R, T, ldim, F*(L+R)/(ħc)
0.013875, 3.46875e-06, 0.00025, 300, 577, -348.7472626598955
# finished at Di 13. Feb 21:34:55 CET 2018
