# starting on alcc90 at Fri Jul 31 14:35:40 CEST 2015
# casimir_T0 -x 0.101987407736797 -L 68 -N 80

# LbyR  = 0.101987407736797
# alpha = 0.185097228917077
# order = 80
# prec  = 1e-12
# lmax  = 68
# cores = 2
#
# k=0, x=0.0179604233006984, logdetD(xi = x/alpha)=-2.03529995785119
# k=1, x=0.094639912994354, logdetD(xi = x/alpha)=-1.99511477651969
# k=2, x=0.232622868125868, logdetD(xi = x/alpha)=-1.82916792124939
# k=3, x=0.431992547802387, logdetD(xi = x/alpha)=-1.53947590701579
# k=4, x=0.692828861352022, logdetD(xi = x/alpha)=-1.1982412594746
# k=5, x=1.01523255618947, logdetD(xi = x/alpha)=-0.869951665823647
# k=6, x=1.39932768784287, logdetD(xi = x/alpha)=-0.592147289989796
# k=7, x=1.84526230383585, logdetD(xi = x/alpha)=-0.378779517978101
# k=8, x=2.35320887160926, logdetD(xi = x/alpha)=-0.227883567741135
# k=9, x=2.92336468655543, logdetD(xi = x/alpha)=-0.128941304452945
# k=10, x=3.55595231404613, logdetD(xi = x/alpha)=-0.0685868388624989
# k=11, x=4.25122008230988, logdetD(xi = x/alpha)=-0.0342786655634864
# k=12, x=5.00944263362017, logdetD(xi = x/alpha)=-0.0160882658398123
# k=13, x=5.83092153860872, logdetD(xi = x/alpha)=-0.00708739123423493
# k=14, x=6.71598597785132, logdetD(xi = x/alpha)=-0.00292930807398896
# k=15, x=7.66499349489177, logdetD(xi = x/alpha)=-0.00113544033723838
# k=16, x=8.6783308251677, logdetD(xi = x/alpha)=-0.000412573477153504
# k=17, x=9.75641480574293, logdetD(xi = x/alpha)=-0.00014046940632118
# k=18, x=10.8996933712879, logdetD(xi = x/alpha)=-4.47913327753178e-05
# k=19, x=12.1086466423657, logdetD(xi = x/alpha)=-1.33692114222259e-05
# k=20, x=13.3837881127786, logdetD(xi = x/alpha)=-3.73304614713829e-06
# k=21, x=14.7256659435086, logdetD(xi = x/alpha)=-9.74522309572305e-07
# k=22, x=16.1348643716625, logdetD(xi = x/alpha)=-2.37682107535854e-07
# k=23, x=17.6120052438144, logdetD(xi = x/alpha)=-5.41209071447068e-08
# k=24, x=19.1577496842412, logdetD(xi = x/alpha)=-1.14965938613854e-08
# k=25, x=20.7727999097921, logdetD(xi = x/alpha)=-2.27649228986693e-09
# k=26, x=22.4579012045405, logdetD(xi = x/alpha)=-4.19855720267751e-10
# k=27, x=24.2138440689586, logdetD(xi = x/alpha)=-7.20612738109913e-11
# k=28, x=26.0414665601656, logdetD(xi = x/alpha)=-1.14997801127434e-11
# k=29, x=27.9416568418595, logdetD(xi = x/alpha)=-1.70477217365201e-12
# k=30, x=29.915355964901, logdetD(xi = x/alpha)=-2.34541654037575e-13
# k=31, x=31.9635609022089, logdetD(xi = x/alpha)=-2.99171499390171e-14
# k=32, x=34.0873278647262, logdetD(xi = x/alpha)=-3.53440802274552e-15
# k=33, x=36.2877759287815, logdetD(xi = x/alpha)=-3.86310350560524e-16
# k=34, x=38.5660910092922, logdetD(xi = x/alpha)=-3.90194193485128e-17
# k=35, x=40.9235302180313, logdetD(xi = x/alpha)=-3.63767166974346e-18
# k=36, x=43.3614266517312, logdetD(xi = x/alpha)=-3.12612831974542e-19
# k=37, x=45.8811946612789, logdetD(xi = x/alpha)=-2.47308475264497e-20
# k=38, x=48.4843356608332, logdetD(xi = x/alpha)=-1.798420182261e-21
# k=39, x=51.172444544607, logdetD(xi = x/alpha)=-1.2003112290494e-22
# k=40, x=53.9472167895544, logdetD(xi = x/alpha)=-7.34063570370009e-24
# k=41, x=56.8104563346362, logdetD(xi = x/alpha)=-4.10628802213812e-25
# k=42, x=59.76408434211, logdetD(xi = x/alpha)=-2.09714341233974e-26
# k=43, x=62.8101489639265, logdetD(xi = x/alpha)=-9.75889605994351e-28
# k=44, x=65.9508362574561, logdetD(xi = x/alpha)=-4.12892397001615e-29
# k=45, x=69.1884824202363, logdetD(xi = x/alpha)=-1.58467441440136e-30
# k=46, x=72.5255875442633, logdetD(xi = x/alpha)=-5.50352609649019e-32
# k=47, x=75.9648311278642, logdetD(xi = x/alpha)=-1.7250093683223e-33
# k=48, x=79.5090896290888, logdetD(xi = x/alpha)=-4.86582050943666e-35
# k=49, x=83.1614564010537, logdetD(xi = x/alpha)=-1.23141418313396e-36
# k=50, x=86.9252644196156, logdetD(xi = x/alpha)=-2.78675977505766e-38
# k=51, x=90.8041123009408, logdetD(xi = x/alpha)=-5.61939370919879e-40
# k=52, x=94.8018942159474, logdetD(xi = x/alpha)=-1.00575350177967e-41
# k=53, x=98.9228344469406, logdetD(xi = x/alpha)=-1.59103169167817e-43
# k=54, x=103.171527508039, logdetD(xi = x/alpha)=-2.2144317873715e-45
# k=55, x=107.55298497754, logdetD(xi = x/alpha)=-2.69817841876642e-47
# k=56, x=112.072690484128, logdetD(xi = x/alpha)=-2.86237395742805e-49
# k=57, x=116.736664673504, logdetD(xi = x/alpha)=-2.62795221178003e-51
# k=58, x=121.551542490953, logdetD(xi = x/alpha)=-2.0742636158613e-53
# k=59, x=126.524665796516, logdetD(xi = x/alpha)=-1.39726105403419e-55
# k=60, x=131.66419525212, logdetD(xi = x/alpha)=-7.96733465555166e-58
# k=61, x=136.979246686937, logdetD(xi = x/alpha)=-3.81073714443924e-60
# k=62, x=142.480058912162, logdetD(xi = x/alpha)=-1.51326372969677e-62
# k=63, x=148.178202455004, logdetD(xi = x/alpha)=-4.93172821750403e-65
# k=64, x=154.086842281799, logdetD(xi = x/alpha)=-1.3017791456558e-67
# k=65, x=160.221072870096, logdetD(xi = x/alpha)=-2.74134502385063e-70
# k=66, x=166.598351934054, logdetD(xi = x/alpha)=-4.52568011876836e-73
# k=67, x=173.23907133425, logdetD(xi = x/alpha)=-5.73886269996568e-76
# k=68, x=180.167323049032, logdetD(xi = x/alpha)=-5.45640746407113e-79
# k=69, x=187.411949676964, logdetD(xi = x/alpha)=-3.77898964335359e-82
# k=70, x=195.008022441533, logdetD(xi = x/alpha)=-1.8406446159487e-85
# k=71, x=202.998984195075, logdetD(xi = x/alpha)=-6.03646141460388e-89
# k=72, x=211.439870494836, logdetD(xi = x/alpha)=-1.26141887759482e-92
# k=73, x=220.402368151736, logdetD(xi = x/alpha)=-1.56313992521614e-96
# k=74, x=229.98320607568, logdetD(xi = x/alpha)=-1.04254133779739e-100
# k=75, x=240.319087055842, logdetD(xi = x/alpha)=-3.26315835857471e-105
# k=76, x=251.6158793305, logdetD(xi = x/alpha)=-3.89953663531287e-110
# k=77, x=264.213823883199, logdetD(xi = x/alpha)=-1.26501647279523e-115
# k=78, x=278.766733046005, logdetD(xi = x/alpha)=-5.78417798144243e-122
# k=79, x=296.966511995651, logdetD(xi = x/alpha)=-6.83624362056257e-130
#
# L/R, lmax, order, alpha, F(T=0)
0.101987407736797, 68, 80, 0.185097228917077, -4.03740750705024
# finished at Fri Jul 31 14:36:30 CEST 2015
