# starting on alcc82 at Fr 31. Jul 19:04:19 CEST 2015
# casimir_T0 -x 0.0084987266980658 -L 823 -N 80

# LbyR  = 0.0084987266980658
# alpha = 0.0168542140373177
# order = 80
# prec  = 1e-12
# lmax  = 823
# cores = 30
#
# k=28, x=26.0414665601656, logdetD(xi = x/alpha)=-1.39780899260289e-10
# k=26, x=22.4579012045405, logdetD(xi = x/alpha)=-5.09177575082891e-09
# k=27, x=24.2138440689586, logdetD(xi = x/alpha)=-8.74852811639805e-10
# k=25, x=20.7727999097921, logdetD(xi = x/alpha)=-2.75829485640375e-08
# k=29, x=27.9416568418595, logdetD(xi = x/alpha)=-2.07492681741449e-11
# k=30, x=29.915355964901, logdetD(xi = x/alpha)=-2.85876689210717e-12
# k=31, x=31.9635609022089, logdetD(xi = x/alpha)=-3.65205127551435e-13
# k=32, x=34.0873278647262, logdetD(xi = x/alpha)=-4.32134116558945e-14
# k=33, x=36.2877759287815, logdetD(xi = x/alpha)=-4.73089309172574e-15
# k=34, x=38.5660910092922, logdetD(xi = x/alpha)=-4.78635926622862e-16
# k=35, x=40.9235302180313, logdetD(xi = x/alpha)=-4.46963798101716e-17
# k=36, x=43.3614266517312, logdetD(xi = x/alpha)=-3.84752408976774e-18
# k=38, x=48.4843356608332, logdetD(xi = x/alpha)=-2.22077060975739e-20
# k=37, x=45.8811946612789, logdetD(xi = x/alpha)=-3.04884988173728e-19
# k=39, x=51.172444544607, logdetD(xi = x/alpha)=-1.48460790185638e-21
# k=40, x=53.9472167895544, logdetD(xi = x/alpha)=-9.09377679942332e-23
# k=41, x=56.8104563346362, logdetD(xi = x/alpha)=-5.09492880109621e-24
# k=42, x=59.76408434211, logdetD(xi = x/alpha)=-2.60602626928888e-25
# k=43, x=62.8101489639265, logdetD(xi = x/alpha)=-1.21449585493096e-26
# k=44, x=65.9508362574561, logdetD(xi = x/alpha)=-5.14587078783199e-28
# k=45, x=69.1884824202363, logdetD(xi = x/alpha)=-1.97774434933873e-29
# k=46, x=72.5255875442633, logdetD(xi = x/alpha)=-6.87797298212479e-31
# k=48, x=79.5090896290888, logdetD(xi = x/alpha)=-6.0967409269912e-34
# k=47, x=75.9648311278642, logdetD(xi = x/alpha)=-2.15864574750495e-32
# k=24, x=19.1577496842412, logdetD(xi = x/alpha)=-1.39195403879491e-07
# k=50, x=86.9252644196156, logdetD(xi = x/alpha)=-3.50017243471323e-37
# k=49, x=83.1614564010537, logdetD(xi = x/alpha)=-1.54482406729395e-35
# k=51, x=90.8041123009408, logdetD(xi = x/alpha)=-7.06604862891504e-39
# k=52, x=94.8018942159474, logdetD(xi = x/alpha)=-1.2660727524202e-40
# k=53, x=98.9228344469406, logdetD(xi = x/alpha)=-2.00497563523816e-42
# k=55, x=107.55298497754, logdetD(xi = x/alpha)=-3.40705481336534e-46
# k=54, x=103.171527508039, logdetD(xi = x/alpha)=-2.79344097927978e-44
# k=57, x=116.736664673504, logdetD(xi = x/alpha)=-3.32463397198848e-50
# k=56, x=112.072690484128, logdetD(xi = x/alpha)=-3.61785387897894e-48
# k=58, x=121.551542490953, logdetD(xi = x/alpha)=-2.62650470830992e-52
# k=59, x=126.524665796516, logdetD(xi = x/alpha)=-1.77078725242645e-54
# k=62, x=142.480058912162, logdetD(xi = x/alpha)=-1.92244399168302e-61
# k=60, x=131.66419525212, logdetD(xi = x/alpha)=-1.01056402312816e-56
# k=61, x=136.979246686937, logdetD(xi = x/alpha)=-4.83737380493257e-59
# k=63, x=148.178202455004, logdetD(xi = x/alpha)=-6.26997418975782e-64
# k=64, x=154.086842281799, logdetD(xi = x/alpha)=-1.65623206733522e-66
# k=65, x=160.221072870096, logdetD(xi = x/alpha)=-3.49023881812807e-69
# k=67, x=173.23907133425, logdetD(xi = x/alpha)=-7.31653928437306e-75
# k=66, x=166.598351934054, logdetD(xi = x/alpha)=-5.76598839451475e-72
# k=68, x=180.167323049032, logdetD(xi = x/alpha)=-6.9609538100808e-78
# k=72, x=211.439870494836, logdetD(xi = x/alpha)=-1.6131862576713e-91
# k=69, x=187.411949676964, logdetD(xi = x/alpha)=-4.82405785634041e-81
# k=71, x=202.998984195075, logdetD(xi = x/alpha)=-7.71525077497032e-88
# k=70, x=195.008022441533, logdetD(xi = x/alpha)=-2.3511213926188e-84
# k=73, x=220.402368151736, logdetD(xi = x/alpha)=-2.00021499720356e-95
# k=77, x=264.213823883199, logdetD(xi = x/alpha)=-1.62249640102497e-114
# k=0, x=0.0179604233006984, logdetD(xi = x/alpha)=-32.7858717935043
# k=1, x=0.094639912994354, logdetD(xi = x/alpha)=-30.3906284952741
# k=2, x=0.232622868125868, logdetD(xi = x/alpha)=-26.0269905911781
# k=3, x=0.431992547802387, logdetD(xi = x/alpha)=-20.8301682987276
# k=4, x=0.692828861352022, logdetD(xi = x/alpha)=-15.6811557594655
# k=5, x=1.01523255618947, logdetD(xi = x/alpha)=-11.1361649891173
# k=6, x=1.39932768784287, logdetD(xi = x/alpha)=-7.46725429312309
# k=7, x=1.84526230383585, logdetD(xi = x/alpha)=-4.7268552451913
# k=8, x=2.35320887160926, logdetD(xi = x/alpha)=-2.82251488380102
# k=9, x=2.92336468655543, logdetD(xi = x/alpha)=-1.5882277443786
# k=10, x=3.55595231404613, logdetD(xi = x/alpha)=-0.841297104847023
# k=11, x=4.25122008230988, logdetD(xi = x/alpha)=-0.419116444955794
# k=12, x=5.00944263362017, logdetD(xi = x/alpha)=-0.196209385096214
# k=13, x=5.83092153860872, logdetD(xi = x/alpha)=-0.0862613727314855
# k=14, x=6.71598597785132, logdetD(xi = x/alpha)=-0.0355944397687703
# k=15, x=7.66499349489177, logdetD(xi = x/alpha)=-0.0137785030880892
# k=16, x=8.6783308251677, logdetD(xi = x/alpha)=-0.00500116254628386
# k=17, x=9.75641480574293, logdetD(xi = x/alpha)=-0.00170130092650419
# k=18, x=10.8996933712879, logdetD(xi = x/alpha)=-0.000542142390037
# k=19, x=12.1086466423657, logdetD(xi = x/alpha)=-0.000161745441458605
# k=20, x=13.3837881127786, logdetD(xi = x/alpha)=-4.51525811353185e-05
# k=21, x=14.7256659435086, logdetD(xi = x/alpha)=-1.17866521869661e-05
# k=22, x=16.1348643716625, logdetD(xi = x/alpha)=-2.87515710202535e-06
# k=23, x=17.6120052438144, logdetD(xi = x/alpha)=-6.54912252204827e-07
# k=78, x=278.766733046005, logdetD(xi = x/alpha)=-7.42332517533037e-121
# k=79, x=296.966511995651, logdetD(xi = x/alpha)=-8.77962779358856e-129
# k=75, x=240.319087055842, logdetD(xi = x/alpha)=-4.18040014362468e-104
# k=76, x=251.6158793305, logdetD(xi = x/alpha)=-4.99854964545703e-109
# k=74, x=229.98320607568, logdetD(xi = x/alpha)=-1.33482108957557e-99
#
# L/R, lmax, order, alpha, F(T=0)
0.0084987266980658, 823, 80, 0.0168542140373177, -593.71661475887
# finished at Fr 31. Jul 21:52:09 CEST 2015
