# compiler: gcc
# compile time: Mar 16 2018 09:39:59
# compiled on: Linux jonas.physik.uni-augsburg.de 4.9.0-6-amd64 #1 SMP Debian 4.9.82-1+deb9u2 (2018-02-21) x86_64 GNU/Linux
# LAPACK support: false
# git HEAD: d8690740b22f555dc742fbe5355a8f48d72307b3
# git branch: master
# pid: 24264
# start time: Fri Mar 16 16:44:07 2018
#
# LbyR = 0.00142933714489905
# RbyL = 699.625
# L = 1
# R = 699.625
# high-temperature limit
# cutoff = 1e-14
# epsrel = 1e-06
# iepsrel = 1e-08
# ldim = 6997
# cores = 8
# alpha = 0.00285459411239964
#
# L/R, L, R, ldim, F_Drude/(kB*T), F_PR/(kB*T)
0.001429337144899053, 1, 699.625, 6997, -104.57797016289, -206.5019007238002
