# starting on alcc114 at Mi 21. Mär 17:18:38 CET 2018

# compiler: icc
# compile time: Mar 20 2018 10:17:31
# compiled on: Linux alcc83 3.16.0-4-amd64 #1 SMP Debian 3.16.51-3 (2017-12-13) x86_64 GNU/Linux
# LAPACK support: false
# git HEAD: 6d0c9d2b97f5bf34953fe6036ede8a0e34487fd7
# git branch: master
# pid: 13405
# start time: Wed Mar 21 17:18:40 2018
#
# LbyR = 3.27503766293312e-05
# RbyL = 30534
# L = 1
# R = 30534
# high-temperature limit
# cutoff = 1e-14
# epsrel = 1e-06
# iepsrel = 1e-08
# ldim = 305340
# cores = 16
# alpha = 6.54986081545767e-05
# m=0, xi=0, logdetD=-96.4570515822
# m=1, xi=0, logdetD=-94.8675710713
# m=14, xi=0, logdetD=-65.9981209705
# m=9, xi=0, logdetD=-74.8471453165
# m=3, xi=0, logdetD=-89.0136361344
# m=11, xi=0, logdetD=-71.0712222767
# m=5, xi=0, logdetD=-83.6938891752
# m=8, xi=0, logdetD=-76.8782500129
# m=4, xi=0, logdetD=-86.2635084618
# m=6, xi=0, logdetD=-81.2859402369
# m=2, xi=0, logdetD=-91.9393212752
# m=7, xi=0, logdetD=-79.0197770799
# m=10, xi=0, logdetD=-72.9147241112
# m=12, xi=0, logdetD=-69.3084350866
# m=13, xi=0, logdetD=-67.6193942591
# m=17, xi=0, logdetD=-61.4922822675
# m=15, xi=0, logdetD=-64.4394368268
# m=16, xi=0, logdetD=-62.9388181118
# m=29, xi=0, logdetD=-47.3592277919
# m=25, xi=0, logdetD=-51.5108004061
# m=27, xi=0, logdetD=-49.3761292123
# m=28, xi=0, logdetD=-48.3536135628
# m=24, xi=0, logdetD=-52.6258411846
# m=20, xi=0, logdetD=-57.443710179
# m=23, xi=0, logdetD=-53.7748075606
# m=19, xi=0, logdetD=-58.7477167215
# m=21, xi=0, logdetD=-56.1817291493
# m=18, xi=0, logdetD=-60.0962985162
# m=22, xi=0, logdetD=-54.9594627692
# m=26, xi=0, logdetD=-50.4280624627
# m=31, xi=0, logdetD=-45.4501325145
# m=30, xi=0, logdetD=-46.3917734386
# m=32, xi=0, logdetD=-44.5332598262
# m=41, xi=0, logdetD=-37.2520818507
# m=39, xi=0, logdetD=-38.733372582
# m=43, xi=0, logdetD=-35.8394566662
# m=42, xi=0, logdetD=-36.5374682603
# m=40, xi=0, logdetD=-37.9838546368
# m=38, xi=0, logdetD=-39.5012526115
# m=33, xi=0, logdetD=-43.6401727209
# m=37, xi=0, logdetD=-40.28814504
# m=36, xi=0, logdetD=-41.0947362584
# m=34, xi=0, logdetD=-42.7699592349
# m=35, xi=0, logdetD=-41.9217517152
# m=44, xi=0, logdetD=-35.1575166367
# m=45, xi=0, logdetD=-34.4911461205
# m=46, xi=0, logdetD=-33.8398560697
# m=47, xi=0, logdetD=-33.2031895212
# m=50, xi=0, logdetD=-31.3766253438
# m=49, xi=0, logdetD=-31.9719860521
# m=48, xi=0, logdetD=-32.5807064733
# m=54, xi=0, logdetD=-29.1212920613
# m=53, xi=0, logdetD=-29.6669197675
# m=51, xi=0, logdetD=-30.7942383199
# m=52, xi=0, logdetD=-30.2244548462
# m=57, xi=0, logdetD=-27.5526388622
# m=58, xi=0, logdetD=-27.0514867786
# m=56, xi=0, logdetD=-28.0644606896
# m=55, xi=0, logdetD=-28.5872440531
# m=59, xi=0, logdetD=-26.5607233777
# m=60, xi=0, logdetD=-26.080077783
# m=61, xi=0, logdetD=-25.6092887933
# m=62, xi=0, logdetD=-25.1481044059
# m=65, xi=0, logdetD=-23.8197844159
# m=64, xi=0, logdetD=-24.2535847739
# m=63, xi=0, logdetD=-24.6962813711
# m=66, xi=0, logdetD=-23.3946673669
# m=67, xi=0, logdetD=-22.9780214269
# m=69, xi=0, logdetD=-22.1693123868
# m=70, xi=0, logdetD=-21.7768614908
# m=68, xi=0, logdetD=-22.5696349154
# m=71, xi=0, logdetD=-21.392095916
# m=72, xi=0, logdetD=-21.0148351339
# m=73, xi=0, logdetD=-20.6449041555
# m=74, xi=0, logdetD=-20.2821333032
# m=75, xi=0, logdetD=-19.9263579931
# m=76, xi=0, logdetD=-19.5774185304
# m=77, xi=0, logdetD=-19.2351599142
# m=78, xi=0, logdetD=-18.8994316536
# m=80, xi=0, logdetD=-18.2469857416
# m=79, xi=0, logdetD=-18.570087592
# m=81, xi=0, logdetD=-17.9299881248
# m=85, xi=0, logdetD=-16.7204096282
# m=87, xi=0, logdetD=-16.1489335516
# m=86, xi=0, logdetD=-16.4319967442
# m=88, xi=0, logdetD=-15.871109296
# m=89, xi=0, logdetD=-15.5984132391
# m=84, xi=0, logdetD=-17.0142979563
# m=82, xi=0, logdetD=-17.6189606246
# m=83, xi=0, logdetD=-17.3137728412
# m=90, xi=0, logdetD=-15.330737531
# m=91, xi=0, logdetD=-15.067977112
# m=92, xi=0, logdetD=-14.8100296195
# m=93, xi=0, logdetD=-14.5567924352
# m=94, xi=0, logdetD=-14.3081769139
# m=96, xi=0, logdetD=-13.8244111389
# m=95, xi=0, logdetD=-14.0640796722
# m=97, xi=0, logdetD=-13.5890811657
# m=99, xi=0, logdetD=-13.1310872984
# m=98, xi=0, logdetD=-13.3580018162
# m=100, xi=0, logdetD=-12.9082538969
# m=101, xi=0, logdetD=-12.6894199094
# m=103, xi=0, logdetD=-12.2634330659
# m=104, xi=0, logdetD=-12.0561263295
# m=102, xi=0, logdetD=-12.4745055851
# m=105, xi=0, logdetD=-11.8525084491
# m=106, xi=0, logdetD=-11.6525149699
# m=107, xi=0, logdetD=-11.4560670008
# m=108, xi=0, logdetD=-11.2630980232
# m=109, xi=0, logdetD=-11.0735404157
# m=111, xi=0, logdetD=-10.7043964715
# m=112, xi=0, logdetD=-10.524682408
# m=110, xi=0, logdetD=-10.8873280951
# m=113, xi=0, logdetD=-10.3481241791
# m=114, xi=0, logdetD=-10.1746614325
# m=117, xi=0, logdetD=-9.67226237291
# m=118, xi=0, logdetD=-9.5106041971
# m=116, xi=0, logdetD=-9.83678761592
# m=115, xi=0, logdetD=-10.0042351509
# m=119, xi=0, logdetD=-9.3517590608
# m=120, xi=0, logdetD=-9.19567410183
# m=121, xi=0, logdetD=-9.04229759268
# m=122, xi=0, logdetD=-8.89157891167
# m=124, xi=0, logdetD=-8.5979179
# m=123, xi=0, logdetD=-8.74346851282
# m=125, xi=0, logdetD=-8.45487959884
# m=127, xi=0, logdetD=-8.17615498907
# m=128, xi=0, logdetD=-8.04037861302
# m=130, xi=0, logdetD=-7.77577950928
# m=126, xi=0, logdetD=-8.31430713086
# m=129, xi=0, logdetD=-7.90693436543
# m=135, xi=0, logdetD=-7.15291059029
# m=132, xi=0, logdetD=-7.52017139252
# m=134, xi=0, logdetD=-7.2732295475
# m=133, xi=0, logdetD=-7.39563696336
# m=131, xi=0, logdetD=-7.64687218572
# m=136, xi=0, logdetD=-7.03464231412
# m=137, xi=0, logdetD=-6.91838769996
# m=138, xi=0, logdetD=-6.80411046944
# m=139, xi=0, logdetD=-6.69177506749
# m=140, xi=0, logdetD=-6.58134664527
# m=141, xi=0, logdetD=-6.47279104441
# m=146, xi=0, logdetD=-5.9569561258
# m=145, xi=0, logdetD=-6.05663694501
# m=142, xi=0, logdetD=-6.3660747798
# m=143, xi=0, logdetD=-6.26116502539
# m=144, xi=0, logdetD=-6.15802959843
# m=147, xi=0, logdetD=-5.85895680221
# m=151, xi=0, logdetD=-5.48318797375
# m=150, xi=0, logdetD=-5.57475314996
# m=149, xi=0, logdetD=-5.66788421073
# m=148, xi=0, logdetD=-5.7626092229
# m=152, xi=0, logdetD=-5.39316115265
# m=154, xi=0, logdetD=-5.21761507009
# m=153, xi=0, logdetD=-5.30464568169
# m=157, xi=0, logdetD=-4.9651749565
# m=155, xi=0, logdetD=-5.13204332957
# m=161, xi=0, logdetD=-4.64785447993
# m=156, xi=0, logdetD=-5.04790496352
# m=160, xi=0, logdetD=-4.7251919377
# m=158, xi=0, logdetD=-4.8838287639
# m=159, xi=0, logdetD=-4.8038423019
# m=163, xi=0, logdetD=-4.49702767007
# m=167, xi=0, logdetD=-4.2101553815
# m=162, xi=0, logdetD=-4.57180716942
# m=164, xi=0, logdetD=-4.42349406004
# m=165, xi=0, logdetD=-4.35118482311
# m=166, xi=0, logdetD=-4.28007884026
# m=168, xi=0, logdetD=-4.14139409781
# m=169, xi=0, logdetD=-4.07377501336
# m=170, xi=0, logdetD=-4.00727851787
# m=171, xi=0, logdetD=-3.94188535917
# m=174, xi=0, logdetD=-3.75213860237
# m=175, xi=0, logdetD=-3.69097318058
# m=172, xi=0, logdetD=-3.87757663593
# m=178, xi=0, logdetD=-3.51348141994
# m=177, xi=0, logdetD=-3.57166168428
# m=176, xi=0, logdetD=-3.63081995797
# m=173, xi=0, logdetD=-3.81433379059
# m=179, xi=0, logdetD=-3.45626252992
# m=180, xi=0, logdetD=-3.39998867771
# m=182, xi=0, logdetD=-3.29021219804
# m=181, xi=0, logdetD=-3.34464381941
# m=185, xi=0, logdetD=-3.13224337174
# m=183, xi=0, logdetD=-3.23667833787
# m=184, xi=0, logdetD=-3.18402703895
# m=190, xi=0, logdetD=-2.88583525471
# m=186, xi=0, logdetD=-3.08131267186
# m=191, xi=0, logdetD=-2.83895835364
# m=188, xi=0, logdetD=-2.98195281166
# m=187, xi=0, logdetD=-3.03122053488
# m=189, xi=0, logdetD=-2.93349560298
# m=192, xi=0, logdetD=-2.79285172248
# m=193, xi=0, logdetD=-2.74750241545
# m=194, xi=0, logdetD=-2.7028977139
# m=195, xi=0, logdetD=-2.65902512201
# m=197, xi=0, logdetD=-2.57342737284
# m=196, xi=0, logdetD=-2.61587236257
# m=198, xi=0, logdetD=-2.53167830058
# m=200, xi=0, logdetD=-2.45022028572
# m=201, xi=0, logdetD=-2.41049114049
# m=199, xi=0, logdetD=-2.49061350003
# m=203, xi=0, logdetD=-2.33297111361
# m=202, xi=0, logdetD=-2.37141128819
# m=205, xi=0, logdetD=-2.25796730387
# m=204, xi=0, logdetD=-2.2951599472
# m=206, xi=0, logdetD=-2.22138287967
# m=207, xi=0, logdetD=-2.18539654836
# m=208, xi=0, logdetD=-2.14999835824
# m=210, xi=0, logdetD=-2.08092744798
# m=209, xi=0, logdetD=-2.11517852887
# m=212, xi=0, logdetD=-2.01409390488
# m=211, xi=0, logdetD=-2.04723566836
# m=213, xi=0, logdetD=-1.98149303155
# m=215, xi=0, logdetD=-1.91787822952
# m=214, xi=0, logdetD=-1.94942407858
# m=217, xi=0, logdetD=-1.8563213285
# m=216, xi=0, logdetD=-1.88684681887
# m=219, xi=0, logdetD=-1.79675476097
# m=218, xi=0, logdetD=-1.82629338582
# m=220, xi=0, logdetD=-1.76769736395
# m=221, xi=0, logdetD=-1.73911324234
# m=222, xi=0, logdetD=-1.71099457892
# m=223, xi=0, logdetD=-1.68333368888
# m=224, xi=0, logdetD=-1.65612301795
# m=225, xi=0, logdetD=-1.62935513977
# m=226, xi=0, logdetD=-1.60302275359
# m=227, xi=0, logdetD=-1.57711868238
# m=228, xi=0, logdetD=-1.55163587023
# m=229, xi=0, logdetD=-1.5265673802
# m=231, xi=0, logdetD=-1.47764620267
# m=230, xi=0, logdetD=-1.50190639261
# m=232, xi=0, logdetD=-1.45378021854
# m=233, xi=0, logdetD=-1.4303019593
# m=234, xi=0, logdetD=-1.40717446771
# m=235, xi=0, logdetD=-1.38448323493
# m=236, xi=0, logdetD=-1.36213034538
# m=237, xi=0, logdetD=-1.34014032811
# m=238, xi=0, logdetD=-1.31850722845
# m=239, xi=0, logdetD=-1.2972251915
# m=240, xi=0, logdetD=-1.27628846039
# m=242, xi=0, logdetD=-1.23542836833
# m=241, xi=0, logdetD=-1.25569137461
# m=243, xi=0, logdetD=-1.2154939687
# m=244, xi=0, logdetD=-1.19588279431
# m=245, xi=0, logdetD=-1.17658955357
# m=246, xi=0, logdetD=-1.15760904315
# m=247, xi=0, logdetD=-1.13893614647
# m=248, xi=0, logdetD=-1.1205658322
# m=250, xi=0, logdetD=-1.08471324297
# m=249, xi=0, logdetD=-1.10249315277
# m=251, xi=0, logdetD=-1.06722131848
# m=252, xi=0, logdetD=-1.05001267446
# m=253, xi=0, logdetD=-1.03308268449
# m=255, xi=0, logdetD=-1.00004054247
# m=254, xi=0, logdetD=-1.01642679857
# m=256, xi=0, logdetD=-0.983919516099
# m=257, xi=0, logdetD=-0.968059392321
# m=258, xi=0, logdetD=-0.952455915684
# m=259, xi=0, logdetD=-0.937104293572
# m=260, xi=0, logdetD=-0.922002233234
# m=261, xi=0, logdetD=-0.907143864106
# m=262, xi=0, logdetD=-0.892525813163
# m=263, xi=0, logdetD=-0.878144165525
# m=264, xi=0, logdetD=-0.863995070985
# m=265, xi=0, logdetD=-0.850074742921
# m=266, xi=0, logdetD=-0.836379457145
# m=267, xi=0, logdetD=-0.822905551166
# m=268, xi=0, logdetD=-0.809649422517
# m=271, xi=0, logdetD=-0.771152562855
# m=270, xi=0, logdetD=-0.783776384186
# m=269, xi=0, logdetD=-0.796607528363
# m=272, xi=0, logdetD=-0.75873269367
# m=274, xi=0, logdetD=-0.734491605273
# m=273, xi=0, logdetD=-0.746513461334
# m=275, xi=0, logdetD=-0.72266391841
# m=276, xi=0, logdetD=-0.711027246208
# m=277, xi=0, logdetD=-0.699578486319
# m=278, xi=0, logdetD=-0.688314122768
# m=279, xi=0, logdetD=-0.677232089549
# m=280, xi=0, logdetD=-0.666329414242
# m=281, xi=0, logdetD=-0.655602284565
# m=282, xi=0, logdetD=-0.645048302029
# m=283, xi=0, logdetD=-0.634664657336
# m=288, xi=0, logdetD=-0.585206356645
# m=285, xi=0, logdetD=-0.614397373755
# m=284, xi=0, logdetD=-0.624448587235
# m=289, xi=0, logdetD=-0.575788269244
# m=286, xi=0, logdetD=-0.604508343438
# m=287, xi=0, logdetD=-0.594778866611
# m=290, xi=0, logdetD=-0.566522101732
# m=292, xi=0, logdetD=-0.5484353432
# m=291, xi=0, logdetD=-0.557405392364
# m=295, xi=0, logdetD=-0.522385296159
# m=293, xi=0, logdetD=-0.539610701664
# m=294, xi=0, logdetD=-0.530927995426
# m=296, xi=0, logdetD=-0.513980336941
# m=297, xi=0, logdetD=-0.505710887551
# m=299, xi=0, logdetD=-0.48956915929
# m=302, xi=0, logdetD=-0.466320751068
# m=298, xi=0, logdetD=-0.497574754381
# m=300, xi=0, logdetD=-0.481693840419
# m=301, xi=0, logdetD=-0.473944848924
# m=305, xi=0, logdetD=-0.444177778295
# m=303, xi=0, logdetD=-0.458819526345
# m=304, xi=0, logdetD=-0.451439187169
# m=306, xi=0, logdetD=-0.437033376464
# m=307, xi=0, logdetD=-0.430003792416
# m=309, xi=0, logdetD=-0.416283446255
# m=310, xi=0, logdetD=-0.409588457714
# m=308, xi=0, logdetD=-0.423088056562
# m=311, xi=0, logdetD=-0.403001319119
# m=313, xi=0, logdetD=-0.390143647939
# m=312, xi=0, logdetD=-0.39652028735
# m=314, xi=0, logdetD=-0.383869714
# m=318, xi=0, logdetD=-0.359768248621
# m=315, xi=0, logdetD=-0.377696826242
# m=319, xi=0, logdetD=-0.353983241021
# m=316, xi=0, logdetD=-0.371623352298
# m=317, xi=0, logdetD=-0.36564768634
# m=320, xi=0, logdetD=-0.348291866792
# m=321, xi=0, logdetD=-0.342691889878
# m=322, xi=0, logdetD=-0.337182074729
# m=323, xi=0, logdetD=-0.331760965694
# m=324, xi=0, logdetD=-0.326427130862
# m=325, xi=0, logdetD=-0.32117916153
# m=327, xi=0, logdetD=-0.310935298422
# m=326, xi=0, logdetD=-0.316015671802
# m=329, xi=0, logdetD=-0.301018557118
# m=328, xi=0, logdetD=-0.305936700018
# m=330, xi=0, logdetD=-0.296179571609
# m=331, xi=0, logdetD=-0.291418466426
# m=332, xi=0, logdetD=-0.286733985197
# m=334, xi=0, logdetD=-0.277589970611
# m=333, xi=0, logdetD=-0.282124891919
# m=335, xi=0, logdetD=-0.273127839612
# m=336, xi=0, logdetD=-0.268737878152
# m=341, xi=0, logdetD=-0.247824251736
# m=340, xi=0, logdetD=-0.251872401622
# m=337, xi=0, logdetD=-0.264418372338
# m=339, xi=0, logdetD=-0.255986745639
# m=338, xi=0, logdetD=-0.260168368368
# m=343, xi=0, logdetD=-0.239922283167
# m=342, xi=0, logdetD=-0.24384122886
# m=345, xi=0, logdetD=-0.232272508752
# m=344, xi=0, logdetD=-0.236066381861
# m=346, xi=0, logdetD=-0.228539511883
# m=348, xi=0, logdetD=-0.221253142546
# m=349, xi=0, logdetD=-0.217697545932
# m=347, xi=0, logdetD=-0.224866864636
# m=350, xi=0, logdetD=-0.21419899668
# m=351, xi=0, logdetD=-0.210756998059
# m=352, xi=0, logdetD=-0.207370218821
# m=353, xi=0, logdetD=-0.204037908658
# m=357, xi=0, logdetD=-0.191236021386
# m=354, xi=0, logdetD=-0.200759190201
# m=356, xi=0, logdetD=-0.194359088997
# m=355, xi=0, logdetD=-0.197533200057
# m=358, xi=0, logdetD=-0.18816317513
# m=359, xi=0, logdetD=-0.185139741438
# m=360, xi=0, logdetD=-0.182164924497
# m=363, xi=0, logdetD=-0.173524408346
# m=362, xi=0, logdetD=-0.176358021973
# m=364, xi=0, logdetD=-0.170736354942
# m=361, xi=0, logdetD=-0.179237941437
# m=365, xi=0, logdetD=-0.16799312825
# m=367, xi=0, logdetD=-0.162638279702
# m=366, xi=0, logdetD=-0.16529400651
# m=368, xi=0, logdetD=-0.160025249206
# m=369, xi=0, logdetD=-0.157454227792
# m=370, xi=0, logdetD=-0.154924539155
# m=371, xi=0, logdetD=-0.152435518017
# m=373, xi=0, logdetD=-0.14757687049
# m=372, xi=0, logdetD=-0.149986509799
# m=374, xi=0, logdetD=-0.145205966443
# m=375, xi=0, logdetD=-0.142873174333
# m=376, xi=0, logdetD=-0.140577880739
# m=377, xi=0, logdetD=-0.138319482238
# m=378, xi=0, logdetD=-0.136097385106
# m=379, xi=0, logdetD=-0.133911005206
# m=380, xi=0, logdetD=-0.131759767807
# m=381, xi=0, logdetD=-0.129643107462
# m=384, xi=0, logdetD=-0.123495070015
# m=382, xi=0, logdetD=-0.127560467825
# m=383, xi=0, logdetD=-0.125511301508
# m=385, xi=0, logdetD=-0.121511243481
# m=386, xi=0, logdetD=-0.11955930054
# m=387, xi=0, logdetD=-0.117638728297
# m=388, xi=0, logdetD=-0.115749022104
# m=389, xi=0, logdetD=-0.113889685437
# m=390, xi=0, logdetD=-0.112060229787
# m=391, xi=0, logdetD=-0.110260174507
# m=392, xi=0, logdetD=-0.108489046702
# m=393, xi=0, logdetD=-0.106746381092
# m=395, xi=0, logdetD=-0.103344612705
# m=394, xi=0, logdetD=-0.105031719893
# m=396, xi=0, logdetD=-0.10168461635
# m=397, xi=0, logdetD=-0.100051294862
# m=398, xi=0, logdetD=-0.0984441639781
# m=399, xi=0, logdetD=-0.0968629132675
# m=401, xi=0, logdetD=-0.0937762806057
# m=404, xi=0, logdetD=-0.0893297618948
# m=400, xi=0, logdetD=-0.0953071240485
# m=403, xi=0, logdetD=-0.0907879918808
# m=402, xi=0, logdetD=-0.0922700350635
# m=405, xi=0, logdetD=-0.0878949621875
# m=406, xi=0, logdetD=-0.0864832160756
# m=407, xi=0, logdetD=-0.0850941528372
# m=408, xi=0, logdetD=-0.0837274077921
# m=409, xi=0, logdetD=-0.0823826221095
# m=411, xi=0, logdetD=-0.0797575222894
# m=410, xi=0, logdetD=-0.0810594427364
# m=412, xi=0, logdetD=-0.0784765190435
# m=413, xi=0, logdetD=-0.0772160966703
# m=414, xi=0, logdetD=-0.075975924327
# m=416, xi=0, logdetD=-0.073555032821
# m=415, xi=0, logdetD=-0.0747556764764
# m=417, xi=0, logdetD=-0.0723736782209
# m=418, xi=0, logdetD=-0.0712113026025
# m=419, xi=0, logdetD=-0.0700676008905
# m=420, xi=0, logdetD=-0.0689422729137
# m=427, xi=0, logdetD=-0.0615552223331
# m=425, xi=0, logdetD=-0.0635810668825
# m=423, xi=0, logdetD=-0.0656736016731
# m=421, xi=0, logdetD=-0.0678350233313
# m=422, xi=0, logdetD=-0.0667455615548
# m=424, xi=0, logdetD=-0.0646188623774
# m=426, xi=0, logdetD=-0.0625599428546
# m=428, xi=0, logdetD=-0.0605666417184
# m=430, xi=0, logdetD=-0.0586368666818
# m=429, xi=0, logdetD=-0.0595939415727
# m=431, xi=0, logdetD=-0.0576951659309
# m=432, xi=0, logdetD=-0.0567685922407
# m=433, xi=0, logdetD=-0.0558569025045
# m=434, xi=0, logdetD=-0.0549598575272
# m=435, xi=0, logdetD=-0.0540772219634
# m=436, xi=0, logdetD=-0.0532087642376
# m=437, xi=0, logdetD=-0.0523542565391
# m=439, xi=0, logdetD=-0.0506861981139
# m=438, xi=0, logdetD=-0.0515134746959
# m=440, xi=0, logdetD=-0.0498722097865
# m=441, xi=0, logdetD=-0.0490712961833
# m=442, xi=0, logdetD=-0.0482832261821
# m=443, xi=0, logdetD=-0.0475078561443
# m=444, xi=0, logdetD=-0.0467448995246
# m=445, xi=0, logdetD=-0.0459942374511
# m=446, xi=0, logdetD=-0.0452556127925
# m=447, xi=0, logdetD=-0.0445288518893
# m=449, xi=0, logdetD=-0.0431101619031
# m=448, xi=0, logdetD=-0.0438137641055
# m=450, xi=0, logdetD=-0.0424178607436
# m=452, xi=0, logdetD=-0.0410664381101
# m=451, xi=0, logdetD=-0.041736679026
# m=453, xi=0, logdetD=-0.0404069622089
# m=454, xi=0, logdetD=-0.0397580783662
# m=455, xi=0, logdetD=-0.0391196164059
# m=456, xi=0, logdetD=-0.0384914088853
# m=457, xi=0, logdetD=-0.0378732910589
# m=459, xi=0, logdetD=-0.0366666694446
# m=458, xi=0, logdetD=-0.0372650911367
# m=460, xi=0, logdetD=-0.0360778677121
# m=462, xi=0, logdetD=-0.0349284641045
# m=461, xi=0, logdetD=-0.0354985134963
# m=463, xi=0, logdetD=-0.0343675700803
# m=464, xi=0, logdetD=-0.0338156843122
# m=466, xi=0, logdetD=-0.0327383610316
# m=467, xi=0, logdetD=-0.0322126410404
# m=465, xi=0, logdetD=-0.0332726620873
# m=468, xi=0, logdetD=-0.0316953642486
# m=469, xi=0, logdetD=-0.0311863950293
# m=470, xi=0, logdetD=-0.0306855999286
# m=471, xi=0, logdetD=-0.0301928476364
# m=472, xi=0, logdetD=-0.0297079986772
# m=473, xi=0, logdetD=-0.0292309567529
# m=474, xi=0, logdetD=-0.0287615659633
# m=475, xi=0, logdetD=-0.0282997135054
# m=476, xi=0, logdetD=-0.0278452782964
# m=477, xi=0, logdetD=-0.0273981411862
# m=480, xi=0, logdetD=-0.0260993555237
# m=481, xi=0, logdetD=-0.0256802571787
# m=478, xi=0, logdetD=-0.026958176087
# m=479, xi=0, logdetD=-0.0265252855834
# m=482, xi=0, logdetD=-0.0252678893225
# m=483, xi=0, logdetD=-0.0248621438475
# m=484, xi=0, logdetD=-0.0244629143631
# m=488, xi=0, logdetD=-0.0229290813622
# m=485, xi=0, logdetD=-0.024070096221
# m=486, xi=0, logdetD=-0.023683586432
# m=487, xi=0, logdetD=-0.0233032836721
# m=489, xi=0, logdetD=-0.0225609020504
# m=490, xi=0, logdetD=-0.0221986285712
# m=493, xi=0, logdetD=-0.0211463423358
# m=494, xi=0, logdetD=-0.0208067851597
# m=492, xi=0, logdetD=-0.0214914414081
# m=491, xi=0, logdetD=-0.0218421728399
# m=495, xi=0, logdetD=-0.0204726792949
# m=496, xi=0, logdetD=-0.0201439403824
# m=497, xi=0, logdetD=-0.0198204820147
# m=498, xi=0, logdetD=-0.0195022164907
# m=499, xi=0, logdetD=-0.0191890618758
# m=500, xi=0, logdetD=-0.0188809360914
# m=501, xi=0, logdetD=-0.0185777583669
# m=502, xi=0, logdetD=-0.0182794492248
# m=503, xi=0, logdetD=-0.017985930476
# m=504, xi=0, logdetD=-0.0176971251802
# m=505, xi=0, logdetD=-0.0174129576413
# m=507, xi=0, logdetD=-0.0168582390718
# m=506, xi=0, logdetD=-0.0171333533706
# m=508, xi=0, logdetD=-0.0165875426519
# m=509, xi=0, logdetD=-0.0163211931439
# m=510, xi=0, logdetD=-0.0160591207386
# m=511, xi=0, logdetD=-0.0158012529653
# m=512, xi=0, logdetD=-0.0155475335719
# m=515, xi=0, logdetD=-0.0148105487414
# m=513, xi=0, logdetD=-0.0152978847217
# m=514, xi=0, logdetD=-0.015052244756
# m=516, xi=0, logdetD=-0.014572734992
# m=517, xi=0, logdetD=-0.0143387395103
# m=518, xi=0, logdetD=-0.0141085015251
# m=519, xi=0, logdetD=-0.0138819606874
# m=521, xi=0, logdetD=-0.0134397339179
# m=520, xi=0, logdetD=-0.0136590576266
# m=522, xi=0, logdetD=-0.0132239320784
# m=524, xi=0, logdetD=-0.0128026686832
# m=525, xi=0, logdetD=-0.0125970967187
# m=523, xi=0, logdetD=-0.0130115955511
# m=526, xi=0, logdetD=-0.0123948257763
# m=527, xi=0, logdetD=-0.0121958028475
# m=528, xi=0, logdetD=-0.0119999757691
# m=529, xi=0, logdetD=-0.0118072932203
# m=530, xi=0, logdetD=-0.0116177024439
# m=531, xi=0, logdetD=-0.0114311605202
# m=532, xi=0, logdetD=-0.0112476117957
# m=533, xi=0, logdetD=-0.0110670104183
# m=535, xi=0, logdetD=-0.0107144611518
# m=534, xi=0, logdetD=-0.0108893090657
# m=536, xi=0, logdetD=-0.010542420687
# m=537, xi=0, logdetD=-0.01037314311
# m=538, xi=0, logdetD=-0.0102065835312
# m=541, xi=0, logdetD=-0.00972278081379
# m=539, xi=0, logdetD=-0.0100426984716
# m=540, xi=0, logdetD=-0.00988144498567
# m=543, xi=0, logdetD=-0.00941305474948
# m=542, xi=0, logdetD=-0.00956666437419
# m=544, xi=0, logdetD=-0.00926191169426
# m=545, xi=0, logdetD=-0.00911319410781
# m=547, xi=0, logdetD=-0.00882288897207
# m=546, xi=0, logdetD=-0.00896686746543
# m=549, xi=0, logdetD=-0.00854183057513
# m=548, xi=0, logdetD=-0.00868122238823
# m=552, xi=0, logdetD=-0.00813694142935
# m=551, xi=0, logdetD=-0.00826972575019
# m=550, xi=0, logdetD=-0.00840467701053
# m=553, xi=0, logdetD=-0.0080062892544
# m=554, xi=0, logdetD=-0.00787773497992
# m=555, xi=0, logdetD=-0.00775124492157
# m=556, xi=0, logdetD=-0.00762678593107
# m=557, xi=0, logdetD=-0.00750432539433
# m=558, xi=0, logdetD=-0.00738383121889
# m=559, xi=0, logdetD=-0.00726527182902
# m=560, xi=0, logdetD=-0.00714861615525
# m=561, xi=0, logdetD=-0.00703383363001
# m=562, xi=0, logdetD=-0.00692089417087
# m=563, xi=0, logdetD=-0.00680976818595
# m=565, xi=0, logdetD=-0.00659284061745
# m=564, xi=0, logdetD=-0.00670042655422
# m=566, xi=0, logdetD=-0.00648698219071
# m=567, xi=0, logdetD=-0.006382823527
# m=568, xi=0, logdetD=-0.00628033733513
# m=572, xi=0, logdetD=-0.00588658659422
# m=569, xi=0, logdetD=-0.00617949676132
# m=570, xi=0, logdetD=-0.00608027537617
# m=571, xi=0, logdetD=-0.00598264718159
# m=573, xi=0, logdetD=-0.00579206843849
# m=574, xi=0, logdetD=-0.00569906795578
# m=578, xi=0, logdetD=-0.00534176111651
# m=576, xi=0, logdetD=-0.00551752289623
# m=577, xi=0, logdetD=-0.0054289307518
# m=575, xi=0, logdetD=-0.00560756076728
# m=579, xi=0, logdetD=-0.00525599114768
# m=581, xi=0, logdetD=-0.0050885606766
# m=580, xi=0, logdetD=-0.00517159837578
# m=582, xi=0, logdetD=-0.00500685630253
# m=584, xi=0, logdetD=-0.00484736221418
# m=583, xi=0, logdetD=-0.00492646383722
# m=587, xi=0, logdetD=-0.00461759678787
# m=586, xi=0, logdetD=-0.00469294891945
# m=585, xi=0, logdetD=-0.00476953070674
# m=588, xi=0, logdetD=-0.00454345456816
# m=590, xi=0, logdetD=-0.00439872245197
# m=589, xi=0, logdetD=-0.0044705028289
# m=594, xi=0, logdetD=-0.00412294258659
# m=591, xi=0, logdetD=-0.00432809425445
# m=592, xi=0, logdetD=-0.00425860086722
# m=593, xi=0, logdetD=-0.00419022293897
# m=596, xi=0, logdetD=-0.00399160645431
# m=595, xi=0, logdetD=-0.00405674322278
# m=598, xi=0, logdetD=-0.003864453767
# m=597, xi=0, logdetD=-0.00392751556771
# m=599, xi=0, logdetD=-0.0038024045242
# m=602, xi=0, logdetD=-0.00362217087891
# m=600, xi=0, logdetD=-0.00374135158443
# m=601, xi=0, logdetD=-0.00368127894982
# m=603, xi=0, logdetD=-0.00356401188178
# m=604, xi=0, logdetD=-0.00350678672087
# m=606, xi=0, logdetD=-0.00339507816741
# m=605, xi=0, logdetD=-0.00345048040049
# m=609, xi=0, logdetD=-0.00323415199081
# m=607, xi=0, logdetD=-0.00334056550627
# m=608, xi=0, logdetD=-0.00328692813289
# m=611, xi=0, logdetD=-0.00313112830966
# m=610, xi=0, logdetD=-0.00318222325279
# m=612, xi=0, logdetD=-0.00308085377532
# m=613, xi=0, logdetD=-0.0030313864738
# m=614, xi=0, logdetD=-0.0029827134465
# m=615, xi=0, logdetD=-0.00293482176676
# m=616, xi=0, logdetD=-0.0028876994125
# m=617, xi=0, logdetD=-0.00284133349689
# m=619, xi=0, logdetD=-0.00275082315277
# m=618, xi=0, logdetD=-0.00279571206426
# m=620, xi=0, logdetD=-0.00270665499033
# m=621, xi=0, logdetD=-0.00266319602542
# m=623, xi=0, logdetD=-0.0025783602728
# m=624, xi=0, logdetD=-0.00253696127024
# m=627, xi=0, logdetD=-0.00241671004756
# m=622, xi=0, logdetD=-0.00262043485388
# m=625, xi=0, logdetD=-0.00249622697443
# m=626, xi=0, logdetD=-0.00245614674781
# m=628, xi=0, logdetD=-0.00237790658259
# m=629, xi=0, logdetD=-0.00233972614249
# m=630, xi=0, logdetD=-0.0023021587622
# m=633, xi=0, logdetD=-0.00219303720722
# m=631, xi=0, logdetD=-0.00226519457173
# m=632, xi=0, logdetD=-0.00222882389457
# m=635, xi=0, logdetD=-0.00212317841496
# m=634, xi=0, logdetD=-0.00215782511038
# m=636, xi=0, logdetD=-0.00208908801002
# m=637, xi=0, logdetD=-0.00205554496947
# m=639, xi=0, logdetD=-0.00199006600166
# m=638, xi=0, logdetD=-0.00202254052509
# m=641, xi=0, logdetD=-0.00192667286614
# m=640, xi=0, logdetD=-0.0019581129024
# m=642, xi=0, logdetD=-0.00189573756074
# m=643, xi=0, logdetD=-0.00186529910266
# m=646, xi=0, logdetD=-0.0017768846756
# m=645, xi=0, logdetD=-0.00180588042326
# m=644, xi=0, logdetD=-0.00183534932347
# m=647, xi=0, logdetD=-0.00174835449961
# m=648, xi=0, logdetD=-0.00172028242556
# m=649, xi=0, logdetD=-0.00169266108411
# m=650, xi=0, logdetD=-0.00166548323141
# m=651, xi=0, logdetD=-0.00163874175001
# m=652, xi=0, logdetD=-0.0016124296598
# m=653, xi=0, logdetD=-0.00158654004358
# m=654, xi=0, logdetD=-0.00156106611627
# m=656, xi=0, logdetD=-0.0015113387261
# m=655, xi=0, logdetD=-0.00153600119701
# m=657, xi=0, logdetD=-0.00148707226386
# m=658, xi=0, logdetD=-0.00146319538774
# m=659, xi=0, logdetD=-0.00143970196827
# m=660, xi=0, logdetD=-0.00141658572057
# m=661, xi=0, logdetD=-0.0013938406253
# m=662, xi=0, logdetD=-0.00137146073605
# m=664, xi=0, logdetD=-0.00132777323355
# m=663, xi=0, logdetD=-0.00134944020109
# m=665, xi=0, logdetD=-0.00130645415677
# m=668, xi=0, logdetD=-0.00124452884551
# m=666, xi=0, logdetD=-0.00128547738306
# m=667, xi=0, logdetD=-0.00126483741645
# m=669, xi=0, logdetD=-0.00122454634185
# m=670, xi=0, logdetD=-0.00120488471181
# m=671, xi=0, logdetD=-0.00118553877378
# m=672, xi=0, logdetD=-0.00116650345794
# m=673, xi=0, logdetD=-0.00114777377914
# m=674, xi=0, logdetD=-0.00112934482837
# m=678, xi=0, logdetD=-0.0010585408777
# m=675, xi=0, logdetD=-0.00111121177713
# m=679, xi=0, logdetD=-0.00104154465349
# m=677, xi=0, logdetD=-0.00107581444082
# m=676, xi=0, logdetD=-0.00109336987351
# m=681, xi=0, logdetD=-0.00100836656487
# m=680, xi=0, logdetD=-0.00102482135183
# m=682, xi=0, logdetD=-0.000992175979569
# m=683, xi=0, logdetD=-0.000976245354159
# m=684, xi=0, logdetD=-0.000960570497207
# m=685, xi=0, logdetD=-0.00094514735379
# m=686, xi=0, logdetD=-0.000929971831831
# m=687, xi=0, logdetD=-0.00091503997135
# m=689, xi=0, logdetD=-0.000885891647095
# m=688, xi=0, logdetD=-0.000900347859011
# m=690, xi=0, logdetD=-0.000871667547483
# m=691, xi=0, logdetD=-0.000857671825908
# m=692, xi=0, logdetD=-0.000843900825204
# m=693, xi=0, logdetD=-0.00083035093712
# m=694, xi=0, logdetD=-0.000817018588639
# m=695, xi=0, logdetD=-0.000803900339472
# m=696, xi=0, logdetD=-0.000790992719449
# m=697, xi=0, logdetD=-0.000778292346709
# m=698, xi=0, logdetD=-0.000765795895324
# m=699, xi=0, logdetD=-0.000753500079548
# m=700, xi=0, logdetD=-0.000741401707731
# m=701, xi=0, logdetD=-0.000729497581095
# m=703, xi=0, logdetD=-0.000706259664664
# m=702, xi=0, logdetD=-0.000717784589336
# m=704, xi=0, logdetD=-0.000694919786358
# m=705, xi=0, logdetD=-0.000683761983829
# m=706, xi=0, logdetD=-0.000672783334636
# m=707, xi=0, logdetD=-0.000661980960739
# m=709, xi=0, logdetD=-0.000640893762216
# m=708, xi=0, logdetD=-0.000651352031141
# m=710, xi=0, logdetD=-0.000630603413595
# m=711, xi=0, logdetD=-0.000620478289992
# m=712, xi=0, logdetD=-0.000610515736597
# m=713, xi=0, logdetD=-0.00060071314482
# m=714, xi=0, logdetD=-0.000591067938961
# m=716, xi=0, logdetD=-0.000572239653921
# m=715, xi=0, logdetD=-0.000581577609469
# m=717, xi=0, logdetD=-0.000563051630401
# m=718, xi=0, logdetD=-0.000554011130654
# m=719, xi=0, logdetD=-0.000545115787214
# m=720, xi=0, logdetD=-0.000536363268651
# m=722, xi=0, logdetD=-0.000519277570512
# m=721, xi=0, logdetD=-0.000527751281971
# m=723, xi=0, logdetD=-0.000510939914096
# m=724, xi=0, logdetD=-0.000502736122489
# m=725, xi=0, logdetD=-0.000494664057294
# m=726, xi=0, logdetD=-0.00048672158573
# m=727, xi=0, logdetD=-0.000478906647047
# m=728, xi=0, logdetD=-0.000471217202902
# m=731, xi=0, logdetD=-0.000448881755113
# m=730, xi=0, logdetD=-0.00045620672427
# m=732, xi=0, logdetD=-0.000441674397379
# m=729, xi=0, logdetD=-0.000463651223159
# m=733, xi=0, logdetD=-0.000434582760154
# m=735, xi=0, logdetD=-0.000420739260965
# m=734, xi=0, logdetD=-0.000427604993677
# m=737, xi=0, logdetD=-0.000407336738082
# m=736, xi=0, logdetD=-0.000413983765658
# m=740, xi=0, logdetD=-0.000388029185486
# m=738, xi=0, logdetD=-0.000400796436931
# m=739, xi=0, logdetD=-0.000394361148077
# m=742, xi=0, logdetD=-0.000375668631354
# m=741, xi=0, logdetD=-0.000381798891801
# m=743, xi=0, logdetD=-0.000369636799224
# m=746, xi=0, logdetD=-0.000352116201643
# m=745, xi=0, logdetD=-0.000357862126837
# m=744, xi=0, logdetD=-0.000363701816796
# m=747, xi=0, logdetD=-0.000346462532909
# m=748, xi=0, logdetD=-0.000340899641029
# m=749, xi=0, logdetD=-0.000335426068059
# m=750, xi=0, logdetD=-0.000330040380112
# m=751, xi=0, logdetD=-0.000324741166138
# m=752, xi=0, logdetD=-0.000319527037057
# m=753, xi=0, logdetD=-0.000314396627519
# m=754, xi=0, logdetD=-0.000309348593096
# m=755, xi=0, logdetD=-0.000304381610411
# m=757, xi=0, logdetD=-0.000294685618443
# m=756, xi=0, logdetD=-0.000299494379351
# m=759, xi=0, logdetD=-0.000285298488093
# m=758, xi=0, logdetD=-0.000289954067977
# m=760, xi=0, logdetD=-0.000280717659231
# m=762, xi=0, logdetD=-0.000271775473499
# m=761, xi=0, logdetD=-0.000276210382273
# m=764, xi=0, logdetD=-0.000263118137711
# m=763, xi=0, logdetD=-0.000267411773555
# m=765, xi=0, logdetD=-0.000258893442043
# m=768, xi=0, logdetD=-0.000246622009832
# m=766, xi=0, logdetD=-0.000254736578273
# m=767, xi=0, logdetD=-0.000250646458027
# m=769, xi=0, logdetD=-0.000242662178824
# m=770, xi=0, logdetD=-0.000238765928528
# m=773, xi=0, logdetD=-0.000227448527718
# m=771, xi=0, logdetD=-0.000234932236411
# m=772, xi=0, logdetD=-0.00023116009906
# m=774, xi=0, logdetD=-0.000223796549879
# m=778, xi=0, logdetD=-0.000209765671308
# m=775, xi=0, logdetD=-0.00022020321011
# m=777, xi=0, logdetD=-0.000213188689742
# m=776, xi=0, logdetD=-0.000216667565592
# m=779, xi=0, logdetD=-0.000206397612546
# m=781, xi=0, logdetD=-0.000199822864897
# m=780, xi=0, logdetD=-0.000203083634223
# m=782, xi=0, logdetD=-0.000196614451046
# m=783, xi=0, logdetD=-0.000193457551889
# m=784, xi=0, logdetD=-0.000190351341974
# m=785, xi=0, logdetD=-0.00018729500423
# m=786, xi=0, logdetD=-0.000184287741241
# m=788, xi=0, logdetD=-0.000178417294677
# m=787, xi=0, logdetD=-0.000181328762895
# m=790, xi=0, logdetD=-0.000172733848159
# m=789, xi=0, logdetD=-0.000175552572909
# m=791, xi=0, logdetD=-0.000169960382398
# m=793, xi=0, logdetD=-0.000164546328036
# m=792, xi=0, logdetD=-0.000167231446586
# m=795, xi=0, logdetD=-0.000159304737611
# m=794, xi=0, logdetD=-0.000161904322444
# m=796, xi=0, logdetD=-0.000156746891425
# m=797, xi=0, logdetD=-0.000154230114884
# m=798, xi=0, logdetD=-0.000151753748162
# m=799, xi=0, logdetD=-0.00014931714366
# m=800, xi=0, logdetD=-0.000146919660978
# m=801, xi=0, logdetD=-0.000144560672461
# m=802, xi=0, logdetD=-0.00014223956088
# m=804, xi=0, logdetD=-0.000137708543274
# m=803, xi=0, logdetD=-0.000139955716823
# m=805, xi=0, logdetD=-0.000135497450641
# m=807, xi=0, logdetD=-0.000131181201046
# m=806, xi=0, logdetD=-0.000133321860742
# m=808, xi=0, logdetD=-0.000129074912731
# m=809, xi=0, logdetD=-0.000127002444056
# m=810, xi=0, logdetD=-0.000124963251719
# m=812, xi=0, logdetD=-0.000120982564672
# m=811, xi=0, logdetD=-0.000122956799369
# m=813, xi=0, logdetD=-0.000119040028127
# m=814, xi=0, logdetD=-0.000117128681544
# m=815, xi=0, logdetD=-0.000115248024268
# m=816, xi=0, logdetD=-0.000113397563038
# m=818, xi=0, logdetD=-0.000109785297151
# m=817, xi=0, logdetD=-0.000111576811914
# m=819, xi=0, logdetD=-0.000108022547293
# m=821, xi=0, logdetD=-0.000104581500241
# m=822, xi=0, logdetD=-0.000102902303076
# m=820, xi=0, logdetD=-0.000106288098707
# m=824, xi=0, logdetD=-9.96243609745e-05
# m=823, xi=0, logdetD=-0.000101250067501
# m=825, xi=0, logdetD=-9.80247560182e-05
# m=827, xi=0, logdetD=-9.49021860094e-05
# m=826, xi=0, logdetD=-9.64508352735e-05
# m=828, xi=0, logdetD=-9.33784026684e-05
# m=831, xi=0, logdetD=-8.89522831e-05
# m=829, xi=0, logdetD=-9.18790852149e-05
# m=830, xi=0, logdetD=-9.04038407902e-05
# m=832, xi=0, logdetD=-8.75240319095e-05
# m=833, xi=0, logdetD=-8.61187138787e-05
# m=838, xi=0, logdetD=-7.94234242534e-05
# m=834, xi=0, logdetD=-8.47359596801e-05
# m=837, xi=0, logdetD=-8.0719486798e-05
# m=836, xi=0, logdetD=-8.20367000192e-05
# m=835, xi=0, logdetD=-8.3375407293e-05
# m=839, xi=0, logdetD=-7.81481709493e-05
# m=840, xi=0, logdetD=-7.68933938083e-05
# m=841, xi=0, logdetD=-7.56587635286e-05
# m=844, xi=0, logdetD=-7.20725456118e-05
# m=842, xi=0, logdetD=-7.44439571167e-05
# m=843, xi=0, logdetD=-7.32486550043e-05
# m=846, xi=0, logdetD=-6.97766745923e-05
# m=845, xi=0, logdetD=-7.09153195566e-05
# m=847, xi=0, logdetD=-6.86563119993e-05
# m=848, xi=0, logdetD=-6.75539384862e-05
# m=849, xi=0, logdetD=-6.64692646296e-05
# m=853, xi=0, logdetD=-6.23019536022e-05
# m=852, xi=0, logdetD=-6.33186240141e-05
# m=851, xi=0, logdetD=-6.43518851244e-05
# m=850, xi=0, logdetD=-6.54020069557e-05
# m=854, xi=0, logdetD=-6.13016074176e-05
# m=857, xi=0, logdetD=-5.83959114527e-05
# m=855, xi=0, logdetD=-6.03173226047e-05
# m=856, xi=0, logdetD=-5.93488420239e-05
# m=858, xi=0, logdetD=-5.7458280965e-05
# m=859, xi=0, logdetD=-5.65357057597e-05
# m=861, xi=0, logdetD=-5.47347568554e-05
# m=860, xi=0, logdetD=-5.56279432866e-05
# m=862, xi=0, logdetD=-5.38559109431e-05
# m=864, xi=0, logdetD=-5.21403257815e-05
# m=863, xi=0, logdetD=-5.29911764154e-05
# m=868, xi=0, logdetD=-4.88713636127e-05
# m=866, xi=0, logdetD=-5.0479390719e-05
# m=865, xi=0, logdetD=-5.13031373506e-05
# m=867, xi=0, logdetD=-4.96688701078e-05
# m=869, xi=0, logdetD=-4.80866624581e-05
# m=870, xi=0, logdetD=-4.73145607994e-05
# m=873, xi=0, logdetD=-4.50718440578e-05
# m=871, xi=0, logdetD=-4.65548557948e-05
# m=872, xi=0, logdetD=-4.58073484148e-05
# m=877, xi=0, logdetD=-4.22460383672e-05
# m=874, xi=0, logdetD=-4.43481486124e-05
# m=875, xi=0, logdetD=-4.36360734051e-05
# m=876, xi=0, logdetD=-4.29354312981e-05
# m=878, xi=0, logdetD=-4.15677151097e-05
# m=879, xi=0, logdetD=-4.09002834206e-05
# m=881, xi=0, logdetD=-3.95973966116e-05
# m=883, xi=0, logdetD=-3.83360135946e-05
# m=882, xi=0, logdetD=-3.89616008633e-05
# m=880, xi=0, logdetD=-4.02435679059e-05
# m=884, xi=0, logdetD=-3.77204705342e-05
# m=885, xi=0, logdetD=-3.71148109262e-05
# m=889, xi=0, logdetD=-3.47878704239e-05
# m=890, xi=0, logdetD=-3.42292980386e-05
# m=887, xi=0, logdetD=-3.59325096828e-05
# m=886, xi=0, logdetD=-3.65188761968e-05
# m=888, xi=0, logdetD=-3.53555580942e-05
# m=892, xi=0, logdetD=-3.3138914409e-05
# m=891, xi=0, logdetD=-3.36796935932e-05
# m=893, xi=0, logdetD=-3.26068174626e-05
# m=894, xi=0, logdetD=-3.20832642997e-05
# m=897, xi=0, logdetD=-3.05625047001e-05
# m=898, xi=0, logdetD=-3.00717757054e-05
# m=895, xi=0, logdetD=-3.15681173324e-05
# m=896, xi=0, logdetD=-3.1061241677e-05
# m=900, xi=0, logdetD=-2.91138294828e-05
# m=899, xi=0, logdetD=-2.95889260595e-05
# m=901, xi=0, logdetD=-2.86463608687e-05
# m=904, xi=0, logdetD=-2.72885092965e-05
# m=902, xi=0, logdetD=-2.81863979223e-05
# m=905, xi=0, logdetD=-2.68503484726e-05
# m=903, xi=0, logdetD=-2.77338206536e-05
# m=906, xi=0, logdetD=-2.64192235695e-05
# m=907, xi=0, logdetD=-2.59950205555e-05
# m=908, xi=0, logdetD=-2.55776282762e-05
# m=909, xi=0, logdetD=-2.51669381442e-05
# m=910, xi=0, logdetD=-2.47628418953e-05
# m=911, xi=0, logdetD=-2.4365234044e-05
# m=912, xi=0, logdetD=-2.39740104732e-05
# m=913, xi=0, logdetD=-2.35890685666e-05
# m=914, xi=0, logdetD=-2.32103072833e-05
# m=915, xi=0, logdetD=-2.28376277265e-05
# m=916, xi=0, logdetD=-2.24709323076e-05
# m=917, xi=0, logdetD=-2.21101240452e-05
# m=922, xi=0, logdetD=-2.039114476e-05
# m=918, xi=0, logdetD=-2.17551090858e-05
# m=921, xi=0, logdetD=-2.07239018354e-05
# m=919, xi=0, logdetD=-2.14057946087e-05
# m=920, xi=0, logdetD=-2.10620888274e-05
# m=923, xi=0, logdetD=-2.0063730522e-05
# m=924, xi=0, logdetD=-1.9741573481e-05
# m=925, xi=0, logdetD=-1.94245891085e-05
# m=926, xi=0, logdetD=-1.91126935546e-05
# m=929, xi=0, logdetD=-1.82067368576e-05
# m=927, xi=0, logdetD=-1.88058072195e-05
# m=931, xi=0, logdetD=-1.76267493081e-05
# m=928, xi=0, logdetD=-1.85038481332e-05
# m=930, xi=0, logdetD=-1.79143959096e-05
# m=938, xi=0, logdetD=-1.57384726036e-05
# m=932, xi=0, logdetD=-1.73437211035e-05
# m=933, xi=0, logdetD=-1.70652375105e-05
# m=934, xi=0, logdetD=-1.67912259124e-05
# m=936, xi=0, logdetD=-1.62563290546e-05
# m=935, xi=0, logdetD=-1.65216129903e-05
# m=937, xi=0, logdetD=-1.59953055578e-05
# m=939, xi=0, logdetD=-1.54857631558e-05
# m=940, xi=0, logdetD=-1.52371118509e-05
# m=941, xi=0, logdetD=-1.49924529359e-05
# m=942, xi=0, logdetD=-1.47517215571e-05
# m=943, xi=0, logdetD=-1.45148563356e-05
# m=944, xi=0, logdetD=-1.42817942314e-05
# m=945, xi=0, logdetD=-1.40524741472e-05
# m=946, xi=0, logdetD=-1.38268361155e-05
# m=947, xi=0, logdetD=-1.36048207504e-05
# m=951, xi=0, logdetD=-1.27518406189e-05
# m=952, xi=0, logdetD=-1.25470863386e-05
# m=948, xi=0, logdetD=-1.33863704331e-05
# m=949, xi=0, logdetD=-1.31714280503e-05
# m=950, xi=0, logdetD=-1.29599362634e-05
# m=953, xi=0, logdetD=-1.23456190769e-05
# m=954, xi=0, logdetD=-1.21473870362e-05
# m=957, xi=0, logdetD=-1.15715848622e-05
# m=955, xi=0, logdetD=-1.19523377433e-05
# m=956, xi=0, logdetD=-1.1760420532e-05
# m=959, xi=0, logdetD=-1.12029605388e-05
# m=958, xi=0, logdetD=-1.13857813402e-05
# m=960, xi=0, logdetD=-1.10230754648e-05
# m=961, xi=0, logdetD=-1.08460789197e-05
# m=962, xi=0, logdetD=-1.06719240714e-05
# m=964, xi=0, logdetD=-1.03319587139e-05
# m=963, xi=0, logdetD=-1.05005658462e-05
# m=965, xi=0, logdetD=-1.01660593234e-05
# m=966, xi=0, logdetD=-1.00028229989e-05
# m=967, xi=0, logdetD=-9.84220797252e-06
# m=968, xi=0, logdetD=-9.68417198287e-06
# m=969, xi=0, logdetD=-9.52867356494e-06
# m=970, xi=0, logdetD=-9.37567133815e-06
# m=973, xi=0, logdetD=-8.93124892824e-06
# m=972, xi=0, logdetD=-9.07699827209e-06
# m=971, xi=0, logdetD=-9.22512630225e-06
# m=974, xi=0, logdetD=-8.78783951694e-06
# m=975, xi=0, logdetD=-8.64673290681e-06
# m=977, xi=0, logdetD=-8.37128066421e-06
# m=976, xi=0, logdetD=-8.50789198304e-06
# m=980, xi=0, logdetD=-7.97446633456e-06
# m=978, xi=0, logdetD=-8.23686233673e-06
# m=979, xi=0, logdetD=-8.10460257547e-06
# m=981, xi=0, logdetD=-7.84641963997e-06
# m=982, xi=0, logdetD=-7.72042888168e-06
# m=983, xi=0, logdetD=-7.59646118614e-06
# m=985, xi=0, logdetD=-7.35446550418e-06
# m=984, xi=0, logdetD=-7.47448417552e-06
# m=986, xi=0, logdetD=-7.23637377377e-06
# m=987, xi=0, logdetD=-7.12017831229e-06
# m=988, xi=0, logdetD=-7.00584864921e-06
# m=990, xi=0, logdetD=-6.78266692432e-06
# m=989, xi=0, logdetD=-6.89335457085e-06
# m=991, xi=0, logdetD=-6.67375638972e-06
# m=992, xi=0, logdetD=-6.56659466253e-06
# m=994, xi=0, logdetD=-6.35740563633e-06
# m=995, xi=0, logdetD=-6.25532332708e-06
# m=993, xi=0, logdetD=-6.46115362365e-06
# m=997, xi=0, logdetD=-6.05604987086e-06
# m=996, xi=0, logdetD=-6.15488021106e-06
# m=998, xi=0, logdetD=-5.95880641125e-06
# m=999, xi=0, logdetD=-5.86312453337e-06
# m=1001, xi=0, logdetD=-5.67634456014e-06
# m=1000, xi=0, logdetD=-5.76897889308e-06
# m=1003, xi=0, logdetD=-5.49551472187e-06
# m=1002, xi=0, logdetD=-5.58519794483e-06
# m=1004, xi=0, logdetD=-5.40727156782e-06
# m=1005, xi=0, logdetD=-5.32044534997e-06
# m=1006, xi=0, logdetD=-5.2350133113e-06
# m=1007, xi=0, logdetD=-5.1509532153e-06
# m=1010, xi=0, logdetD=-4.90678372778e-06
# m=1009, xi=0, logdetD=-4.98685957906e-06
# m=1008, xi=0, logdetD=-5.0682422278e-06
# m=1012, xi=0, logdetD=-4.75046865866e-06
# m=1011, xi=0, logdetD=-4.82799362873e-06
# m=1013, xi=0, logdetD=-4.6741885139e-06
# m=1014, xi=0, logdetD=-4.59913328675e-06
# m=1015, xi=0, logdetD=-4.52528280511e-06
# m=1016, xi=0, logdetD=-4.45261834992e-06
# m=1017, xi=0, logdetD=-4.38112064693e-06
# m=1018, xi=0, logdetD=-4.31077100624e-06
# m=1020, xi=0, logdetD=-4.1734422123e-06
# m=1019, xi=0, logdetD=-4.24155114217e-06
# m=1021, xi=0, logdetD=-4.10642729639e-06
# m=1022, xi=0, logdetD=-4.04048815891e-06
# m=1025, xi=0, logdetD=-3.84895601608e-06
# m=1024, xi=0, logdetD=-3.91176944643e-06
# m=1023, xi=0, logdetD=-3.97560822892e-06
# m=1026, xi=0, logdetD=-3.7871511583e-06
# m=1027, xi=0, logdetD=-3.72633869086e-06
# m=1028, xi=0, logdetD=-3.66650267563e-06
# m=1029, xi=0, logdetD=-3.60762743432e-06
# m=1030, xi=0, logdetD=-3.54969754037e-06
# m=1031, xi=0, logdetD=-3.49269796512e-06
# m=1032, xi=0, logdetD=-3.43661332276e-06
# m=1033, xi=0, logdetD=-3.38142963068e-06
# m=1035, xi=0, logdetD=-3.27370550972e-06
# m=1034, xi=0, logdetD=-3.32713149296e-06
# m=1036, xi=0, logdetD=-3.2211373388e-06
# m=1038, xi=0, logdetD=-3.11851967631e-06
# m=1037, xi=0, logdetD=-3.16941320362e-06
# m=1040, xi=0, logdetD=-3.01917095047e-06
# m=1039, xi=0, logdetD=-3.06844338997e-06
# m=1041, xi=0, logdetD=-2.97068980103e-06
# m=1042, xi=0, logdetD=-2.92298710712e-06
# m=1043, xi=0, logdetD=-2.87605054898e-06
# m=1044, xi=0, logdetD=-2.82986728967e-06
# m=1045, xi=0, logdetD=-2.78442580118e-06
# m=1046, xi=0, logdetD=-2.7397138934e-06
# m=1047, xi=0, logdetD=-2.69571995462e-06
# m=1048, xi=0, logdetD=-2.6524324748e-06
# m=1049, xi=0, logdetD=-2.60983995534e-06
# m=1050, xi=0, logdetD=-2.56793139218e-06
# m=1051, xi=0, logdetD=-2.52669575219e-06
# m=1053, xi=0, logdetD=-2.44620041248e-06
# m=1052, xi=0, logdetD=-2.48612231038e-06
# m=1054, xi=0, logdetD=-2.40691918811e-06
# m=1057, xi=0, logdetD=-2.29282022076e-06
# m=1056, xi=0, logdetD=-2.33023924651e-06
# m=1055, xi=0, logdetD=-2.36826891404e-06
# m=1059, xi=0, logdetD=-2.21977503301e-06
# m=1060, xi=0, logdetD=-2.18412973124e-06
# m=1058, xi=0, logdetD=-2.25600203204e-06
# m=1061, xi=0, logdetD=-2.14905678671e-06
# m=1062, xi=0, logdetD=-2.11454700938e-06
# m=1063, xi=0, logdetD=-2.08059135674e-06
# m=1066, xi=0, logdetD=-1.98196088593e-06
# m=1065, xi=0, logdetD=-2.01430697918e-06
# m=1064, xi=0, logdetD=-2.04718093149e-06
# m=1068, xi=0, logdetD=-1.91881851038e-06
# m=1067, xi=0, logdetD=-1.95013417616e-06
# m=1069, xi=0, logdetD=-1.88800595992e-06
# m=1070, xi=0, logdetD=-1.85768765305e-06
# m=1071, xi=0, logdetD=-1.82785650584e-06
# m=1072, xi=0, logdetD=-1.79850413895e-06
# m=1073, xi=0, logdetD=-1.76962334221e-06
# m=1074, xi=0, logdetD=-1.74120603147e-06
# m=1075, xi=0, logdetD=-1.71324515831e-06
# m=1076, xi=0, logdetD=-1.6857332852e-06
# m=1077, xi=0, logdetD=-1.6586632945e-06
# m=1079, xi=0, logdetD=-1.60581994469e-06
# m=1078, xi=0, logdetD=-1.6320276145e-06
# m=1080, xi=0, logdetD=-1.58003286534e-06
# m=1081, xi=0, logdetD=-1.554659969e-06
# m=1082, xi=0, logdetD=-1.52969449067e-06
# m=1083, xi=0, logdetD=-1.5051298886e-06
# m=1084, xi=0, logdetD=-1.48095972609e-06
# m=1088, xi=0, logdetD=-1.38809832014e-06
# m=1085, xi=0, logdetD=-1.45717766979e-06
# m=1086, xi=0, logdetD=-1.43377748803e-06
# m=1087, xi=0, logdetD=-1.4107530492e-06
# m=1089, xi=0, logdetD=-1.36580736457e-06
# m=1090, xi=0, logdetD=-1.34387435025e-06
# m=1091, xi=0, logdetD=-1.32229350378e-06
# m=1093, xi=0, logdetD=-1.28016585547e-06
# m=1092, xi=0, logdetD=-1.30105919647e-06
# m=1094, xi=0, logdetD=-1.259608006e-06
# m=1096, xi=0, logdetD=-1.21947732069e-06
# m=1095, xi=0, logdetD=-1.23938040087e-06
# m=1097, xi=0, logdetD=-1.19989398829e-06
# m=1100, xi=0, logdetD=-1.14301054418e-06
# m=1098, xi=0, logdetD=-1.1806250752e-06
# m=1099, xi=0, logdetD=-1.16166579701e-06
# m=1101, xi=0, logdetD=-1.12465510272e-06
# m=1104, xi=0, logdetD=-1.07133816936e-06
# m=1102, xi=0, logdetD=-1.10659429959e-06
# m=1103, xi=0, logdetD=-1.08882355798e-06
# m=1105, xi=0, logdetD=-1.05413355191e-06
# m=1107, xi=0, logdetD=-1.02054873131e-06
# m=1106, xi=0, logdetD=-1.03720531808e-06
# m=1108, xi=0, logdetD=-1.00415963511e-06
# m=1109, xi=0, logdetD=-9.88033707456e-07
# m=1110, xi=0, logdetD=-9.72166752363e-07
# m=1111, xi=0, logdetD=-9.5655458171e-07
# m=1113, xi=0, logdetD=-9.26078295375e-07
# m=1112, xi=0, logdetD=-9.41193104487e-07
# m=1114, xi=0, logdetD=-9.11206193685e-07
# m=1115, xi=0, logdetD=-8.96572902323e-07
# m=1117, xi=0, logdetD=-8.68007474064e-07
# m=1116, xi=0, logdetD=-8.82174586766e-07
# m=1119, xi=0, logdetD=-8.40352067339e-07
# m=1118, xi=0, logdetD=-8.54067851845e-07
# m=1120, xi=0, logdetD=-8.26856526434e-07
# m=1121, xi=0, logdetD=-8.13577767936e-07
# m=1122, xi=0, logdetD=-8.0051208658e-07
# m=1123, xi=0, logdetD=-7.87656284251e-07
# m=1127, xi=0, logdetD=-7.38264591795e-07
# m=1124, xi=0, logdetD=-7.75006916954e-07
# m=1125, xi=0, logdetD=-7.62560669999e-07
# m=1126, xi=0, logdetD=-7.50314281916e-07
# m=1131, xi=0, logdetD=-6.91969692182e-07
# m=1128, xi=0, logdetD=-7.26408311171e-07
# m=1130, xi=0, logdetD=-7.03263904225e-07
# m=1129, xi=0, logdetD=-7.14742516952e-07
# m=1132, xi=0, logdetD=-6.80856840952e-07
# m=1133, xi=0, logdetD=-6.69922438447e-07
# m=1134, xi=0, logdetD=-6.59163619335e-07
# m=1135, xi=0, logdetD=-6.48577564291e-07
# m=1136, xi=0, logdetD=-6.3816149926e-07
# m=1137, xi=0, logdetD=-6.27912694725e-07
# m=1139, xi=0, logdetD=-6.07906167519e-07
# m=1138, xi=0, logdetD=-6.17828465001e-07
# m=1140, xi=0, logdetD=-5.98143202144e-07
# m=1143, xi=0, logdetD=-5.69784919529e-07
# m=1142, xi=0, logdetD=-5.79085075247e-07
# m=1141, xi=0, logdetD=-5.8853701049e-07
# m=1144, xi=0, logdetD=-5.60634106214e-07
# m=1145, xi=0, logdetD=-5.51630237316e-07
# m=1146, xi=0, logdetD=-5.4277095335e-07
# m=1147, xi=0, logdetD=-5.34053932717e-07
# m=1148, xi=0, logdetD=-5.25476891092e-07
# m=1151, xi=0, logdetD=-5.00563343702e-07
# m=1149, xi=0, logdetD=-5.17037580835e-07
# m=1150, xi=0, logdetD=-5.08733790386e-07
# m=1152, xi=0, logdetD=-4.92524099676e-07
# m=1153, xi=0, logdetD=-4.84613951582e-07
# m=1154, xi=0, logdetD=-4.76830826518e-07
# m=1155, xi=0, logdetD=-4.69172684869e-07
# m=1156, xi=0, logdetD=-4.61637519764e-07
# m=1157, xi=0, logdetD=-4.5422335656e-07
# m=1158, xi=0, logdetD=-4.46928261622e-07
# m=1159, xi=0, logdetD=-4.39750295296e-07
# m=1160, xi=0, logdetD=-4.32687604447e-07
# m=1161, xi=0, logdetD=-4.25738328929e-07
# m=1163, xi=0, logdetD=-4.12172768627e-07
# m=1162, xi=0, logdetD=-4.18900647617e-07
# m=1164, xi=0, logdetD=-4.05552928847e-07
# m=1165, xi=0, logdetD=-3.99039393471e-07
# m=1166, xi=0, logdetD=-3.92630455555e-07
# m=1167, xi=0, logdetD=-3.86324435555e-07
# m=1168, xi=0, logdetD=-3.801196809e-07
# m=1171, xi=0, logdetD=-3.62096878744e-07
# m=1169, xi=0, logdetD=-3.74014565551e-07
# m=1170, xi=0, logdetD=-3.68007489579e-07
# m=1172, xi=0, logdetD=-3.56281184081e-07
# m=1173, xi=0, logdetD=-3.50558881499e-07
# m=1174, xi=0, logdetD=-3.44928471377e-07
# m=1179, xi=0, logdetD=-3.18103984983e-07
# m=1175, xi=0, logdetD=-3.39388478174e-07
# m=1176, xi=0, logdetD=-3.33937450038e-07
# m=1177, xi=0, logdetD=-3.28573958433e-07
# m=1178, xi=0, logdetD=-3.23296597759e-07
# m=1180, xi=0, logdetD=-3.1299475928e-07
# m=1181, xi=0, logdetD=-3.07967581678e-07
# m=1183, xi=0, logdetD=-2.98154122027e-07
# m=1182, xi=0, logdetD=-3.03021134701e-07
# m=1184, xi=0, logdetD=-2.93365268152e-07
# m=1185, xi=0, logdetD=-2.88653318048e-07
# m=1186, xi=0, logdetD=-2.84017036843e-07
# m=1190, xi=0, logdetD=-2.66204590837e-07
# m=1187, xi=0, logdetD=-2.79455209488e-07
# m=1188, xi=0, logdetD=-2.74966640448e-07
# m=1189, xi=0, logdetD=-2.70550153382e-07
# m=1191, xi=0, logdetD=-2.61928813946e-07
# m=1193, xi=0, logdetD=-2.53582152794e-07
# m=1194, xi=0, logdetD=-2.49509081059e-07
# m=1192, xi=0, logdetD=-2.57721702128e-07
# m=1195, xi=0, logdetD=-2.4550141946e-07
# m=1196, xi=0, logdetD=-2.4155811767e-07
# m=1197, xi=0, logdetD=-2.37678142231e-07
# m=1199, xi=0, logdetD=-2.30104119264e-07
# m=1198, xi=0, logdetD=-2.33860476275e-07
# m=1200, xi=0, logdetD=-2.26408086725e-07
# m=1201, xi=0, logdetD=-2.22771409992e-07
# m=1202, xi=0, logdetD=-2.19193135952e-07
# m=1203, xi=0, logdetD=-2.15672326798e-07
# m=1204, xi=0, logdetD=-2.12208059779e-07
# m=1206, xi=0, logdetD=-2.0544553499e-07
# m=1205, xi=0, logdetD=-2.08799426961e-07
# m=1208, xi=0, logdetD=-1.98898471653e-07
# m=1207, xi=0, logdetD=-2.02145504852e-07
# m=1209, xi=0, logdetD=-1.95703584382e-07
# m=1210, xi=0, logdetD=-1.92560005694e-07
# m=1212, xi=0, logdetD=-1.864234917e-07
# m=1211, xi=0, logdetD=-1.89466911691e-07
# m=1214, xi=0, logdetD=-1.80482495947e-07
# m=1213, xi=0, logdetD=-1.83428948067e-07
# m=1215, xi=0, logdetD=-1.77583363096e-07
# m=1216, xi=0, logdetD=-1.74730789669e-07
# m=1217, xi=0, logdetD=-1.71924028023e-07
# m=1220, xi=0, logdetD=-1.63771316252e-07
# m=1219, xi=0, logdetD=-1.6644500933e-07
# m=1218, xi=0, logdetD=-1.69162342519e-07
# m=1221, xi=0, logdetD=-1.61140562517e-07
# m=1224, xi=0, logdetD=-1.53499097379e-07
# m=1222, xi=0, logdetD=-1.58552058607e-07
# m=1223, xi=0, logdetD=-1.56005126078e-07
# m=1226, xi=0, logdetD=-1.48607134687e-07
# m=1227, xi=0, logdetD=-1.462199185e-07
# m=1225, xi=0, logdetD=-1.51033315677e-07
# m=1228, xi=0, logdetD=-1.43871041418e-07
# m=1229, xi=0, logdetD=-1.4155988779e-07
# m=1230, xi=0, logdetD=-1.39285851852e-07
# m=1231, xi=0, logdetD=-1.37048337564e-07
# m=1232, xi=0, logdetD=-1.34846758458e-07
# m=1233, xi=0, logdetD=-1.32680537484e-07
# m=1234, xi=0, logdetD=-1.30549106854e-07
# m=1235, xi=0, logdetD=-1.28451907902e-07
# m=1236, xi=0, logdetD=-1.26388390928e-07
# m=1239, xi=0, logdetD=-1.20394566449e-07
# m=1238, xi=0, logdetD=-1.22360248116e-07
# m=1237, xi=0, logdetD=-1.24358015062e-07
# m=1240, xi=0, logdetD=-1.18460454827e-07
# m=1242, xi=0, logdetD=-1.1468492202e-07
# m=1241, xi=0, logdetD=-1.16557406291e-07
# m=1243, xi=0, logdetD=-1.12842511204e-07
# m=1244, xi=0, logdetD=-1.11029690913e-07
# m=1245, xi=0, logdetD=-1.09245985973e-07
# m=1246, xi=0, logdetD=-1.07491167257e-07
# m=1247, xi=0, logdetD=-1.05765038706e-07
# m=1248, xi=0, logdetD=-1.04066628607e-07
# m=1250, xi=0, logdetD=-1.00751184735e-07
# m=1249, xi=0, logdetD=-1.02395486008e-07
# m=1251, xi=0, logdetD=-9.91332822483e-08
# m=1255, xi=0, logdetD=-9.29173507311e-08
# m=1253, xi=0, logdetD=-9.59750074861e-08
# m=1252, xi=0, logdetD=-9.75413659927e-08
# m=1254, xi=0, logdetD=-9.44338073559e-08
# m=1257, xi=0, logdetD=-8.99571116878e-08
# m=1256, xi=0, logdetD=-9.14252510015e-08
# m=1259, xi=0, logdetD=-8.70911763939e-08
# m=1258, xi=0, logdetD=-8.85125428946e-08
# m=1260, xi=0, logdetD=-8.56926294807e-08
# m=1262, xi=0, logdetD=-8.29625544851e-08
# m=1261, xi=0, logdetD=-8.43165456937e-08
# m=1263, xi=0, logdetD=-8.16303107843e-08
# m=1264, xi=0, logdetD=-8.0319455814e-08
# m=1265, xi=0, logdetD=-7.90296555309e-08
# m=1266, xi=0, logdetD=-7.77605671334e-08
# m=1267, xi=0, logdetD=-7.65118535151e-08
# m=1268, xi=0, logdetD=-7.52831965163e-08
# m=1269, xi=0, logdetD=-7.4074265176e-08
# m=1270, xi=0, logdetD=-7.28847515016e-08
# m=1271, xi=0, logdetD=-7.17143350444e-08
# m=1272, xi=0, logdetD=-7.05627176547e-08
# m=1274, xi=0, logdetD=-6.83146606464e-08
# m=1273, xi=0, logdetD=-6.94295932023e-08
# m=1275, xi=0, logdetD=-6.72176360137e-08
# m=1276, xi=0, logdetD=-6.61382237001e-08
# m=1277, xi=0, logdetD=-6.50761488075e-08
# m=1280, xi=0, logdetD=-6.19911559058e-08
# m=1278, xi=0, logdetD=-6.40311251213e-08
# m=1279, xi=0, logdetD=-6.30028865285e-08
# m=1281, xi=0, logdetD=-6.09956756444e-08
# m=1282, xi=0, logdetD=-6.00161810591e-08
# m=1283, xi=0, logdetD=-5.90524118673e-08
# m=1284, xi=0, logdetD=-5.81041227094e-08
# m=1285, xi=0, logdetD=-5.71710579475e-08
# m=1286, xi=0, logdetD=-5.62529800633e-08
# m=1287, xi=0, logdetD=-5.53496415386e-08
# m=1288, xi=0, logdetD=-5.44608124458e-08
# m=1289, xi=0, logdetD=-5.35862531287e-08
# m=1290, xi=0, logdetD=-5.2725741008e-08
# m=1292, xi=0, logdetD=-5.10459467576e-08
# m=1291, xi=0, logdetD=-5.1879047232e-08
# m=1293, xi=0, logdetD=-5.02262275897e-08
# m=1294, xi=0, logdetD=-4.94196686517e-08
# m=1295, xi=0, logdetD=-4.86260647235e-08
# m=1296, xi=0, logdetD=-4.78452017508e-08
# m=1297, xi=0, logdetD=-4.70768810721e-08
# m=1298, xi=0, logdetD=-4.63208954317e-08
# m=1299, xi=0, logdetD=-4.55770525177e-08
# m=1300, xi=0, logdetD=-4.48451544599e-08
# m=1301, xi=0, logdetD=-4.41250066838e-08
# m=1302, xi=0, logdetD=-4.34164260223e-08
# m=1304, xi=0, logdetD=-4.20332151655e-08
# m=1303, xi=0, logdetD=-4.27192212872e-08
# m=1305, xi=0, logdetD=-4.13582225415e-08
# m=1306, xi=0, logdetD=-4.06940717691e-08
# m=1307, xi=0, logdetD=-4.00405861453e-08
# m=1308, xi=0, logdetD=-3.93975919109e-08
# m=1309, xi=0, logdetD=-3.87649255824e-08
# m=1310, xi=0, logdetD=-3.81424163951e-08
# m=1311, xi=0, logdetD=-3.75299060903e-08
# m=1312, xi=0, logdetD=-3.69272293272e-08
# m=1313, xi=0, logdetD=-3.63342329054e-08
# m=1314, xi=0, logdetD=-3.5750756735e-08
# m=1315, xi=0, logdetD=-3.51766525124e-08
# m=1316, xi=0, logdetD=-3.4611767456e-08
# m=1317, xi=0, logdetD=-3.40559513314e-08
# m=1318, xi=0, logdetD=-3.35090628872e-08
# m=1319, xi=0, logdetD=-3.29709544445e-08
# m=1320, xi=0, logdetD=-3.24414892665e-08
# m=1322, xi=0, logdetD=-3.14079273726e-08
# m=1321, xi=0, logdetD=-3.19205243646e-08
# m=1325, xi=0, logdetD=-2.99189966669e-08
# m=1324, xi=0, logdetD=-3.04072936408e-08
# m=1323, xi=0, logdetD=-3.09035598432e-08
# m=1327, xi=0, logdetD=-2.89657986782e-08
# m=1326, xi=0, logdetD=-2.94385390267e-08
# m=1329, xi=0, logdetD=-2.80429685711e-08
# m=1328, xi=0, logdetD=-2.85006479067e-08
# m=1330, xi=0, logdetD=-2.7592637013e-08
# m=1331, xi=0, logdetD=-2.71495388675e-08
# m=1332, xi=0, logdetD=-2.67135561666e-08
# m=1334, xi=0, logdetD=-2.58624801752e-08
# m=1333, xi=0, logdetD=-2.62845729112e-08
# m=1335, xi=0, logdetD=-2.54471638862e-08
# m=1336, xi=0, logdetD=-2.50385185999e-08
# m=1337, xi=0, logdetD=-2.46364338665e-08
# m=1338, xi=0, logdetD=-2.42408076121e-08
# m=1339, xi=0, logdetD=-2.38515328949e-08
# m=1340, xi=0, logdetD=-2.34685109035e-08
# m=1341, xi=0, logdetD=-2.30916396399e-08
# m=1342, xi=0, logdetD=-2.27208188091e-08
# m=1343, xi=0, logdetD=-2.23559542994e-08
# m=1344, xi=0, logdetD=-2.19969474585e-08
# m=1345, xi=0, logdetD=-2.16437071831e-08
# m=1346, xi=0, logdetD=-2.12961379541e-08
# m=1347, xi=0, logdetD=-2.09541515801e-08
# m=1349, xi=0, logdetD=-2.0286564568e-08
# m=1348, xi=0, logdetD=-2.06176555755e-08
# m=1350, xi=0, logdetD=-1.99607903671e-08
# m=1351, xi=0, logdetD=-1.96402462559e-08
# m=1352, xi=0, logdetD=-1.93248509223e-08
# m=1355, xi=0, logdetD=-1.84087269439e-08
# m=1353, xi=0, logdetD=-1.90145190501e-08
# m=1354, xi=0, logdetD=-1.87091719262e-08
# m=1356, xi=0, logdetD=-1.81131079063e-08
# m=1357, xi=0, logdetD=-1.78222360565e-08
# m=1358, xi=0, logdetD=-1.7536033954e-08
# m=1359, xi=0, logdetD=-1.72544290261e-08
# m=1360, xi=0, logdetD=-1.69773450692e-08
# m=1361, xi=0, logdetD=-1.67047118304e-08
# m=1362, xi=0, logdetD=-1.64364555261e-08
# m=1363, xi=0, logdetD=-1.61725081492e-08
# m=1364, xi=0, logdetD=-1.59127982594e-08
# m=1366, xi=0, logdetD=-1.54058253453e-08
# m=1365, xi=0, logdetD=-1.56572600233e-08
# m=1367, xi=0, logdetD=-1.51584272689e-08
# m=1369, xi=0, logdetD=-1.46754869117e-08
# m=1370, xi=0, logdetD=-1.44398180305e-08
# m=1368, xi=0, logdetD=-1.49150030919e-08
# m=1371, xi=0, logdetD=-1.42079326387e-08
# m=1372, xi=0, logdetD=-1.39797719786e-08
# m=1373, xi=0, logdetD=-1.3755274267e-08
# m=1374, xi=0, logdetD=-1.35343826247e-08
# m=1375, xi=0, logdetD=-1.33170381742e-08
# m=1376, xi=0, logdetD=-1.31031830234e-08
# m=1377, xi=0, logdetD=-1.28927629985e-08
# m=1378, xi=0, logdetD=-1.26857211052e-08
# m=1393, xi=0, logdetD=-9.95067821772e-09
# m=1394, xi=0, logdetD=-9.79088210882e-09
# m=1395, xi=0, logdetD=-9.6336528115e-09
# m=1396, xi=0, logdetD=-9.47894769769e-09
# m=1397, xi=0, logdetD=-9.3267276217e-09
# m=1398, xi=0, logdetD=-9.17695130913e-09
# m=1399, xi=0, logdetD=-9.02958086573e-09
# m=1400, xi=0, logdetD=-8.88457698326e-09
# m=1401, xi=0, logdetD=-8.74190101255e-09
# m=1402, xi=0, logdetD=-8.6015168619e-09
# m=1403, xi=0, logdetD=-8.46338645602e-09
# m=1379, xi=0, logdetD=-1.24820049014e-08
# m=1404, xi=0, logdetD=-8.3274748571e-09
# m=1405, xi=0, logdetD=-8.19374519888e-09
# m=1406, xi=0, logdetD=-8.06216366048e-09
# m=1407, xi=0, logdetD=-7.93269513816e-09
# m=1408, xi=0, logdetD=-7.80530511697e-09
# m=1409, xi=0, logdetD=-7.67996138492e-09
# m=1410, xi=0, logdetD=-7.55662993311e-09
# m=1411, xi=0, logdetD=-7.43527957939e-09
# m=1412, xi=0, logdetD=-7.31587739479e-09
# m=1413, xi=0, logdetD=-7.19839319408e-09
# m=1415, xi=0, logdetD=-6.96905387416e-09
# m=1414, xi=0, logdetD=-7.08279509394e-09
# m=1416, xi=0, logdetD=-6.85713918271e-09
# m=1417, xi=0, logdetD=-6.74702117702e-09
# m=1418, xi=0, logdetD=-6.63867202697e-09
# m=1419, xi=0, logdetD=-6.53206232032e-09
# m=1420, xi=0, logdetD=-6.42716511668e-09
# m=1421, xi=0, logdetD=-6.32395193778e-09
# m=1422, xi=0, logdetD=-6.22239670458e-09
# m=1423, xi=0, logdetD=-6.12247184309e-09
# m=1424, xi=0, logdetD=-6.02415210806e-09
# m=1425, xi=0, logdetD=-5.92741125594e-09
# m=1426, xi=0, logdetD=-5.83222348399e-09
# m=1427, xi=0, logdetD=-5.73856474795e-09
# m=1428, xi=0, logdetD=-5.6464096109e-09
# m=1429, xi=0, logdetD=-5.55573479731e-09
# m=1430, xi=0, logdetD=-5.46651567797e-09
# m=1431, xi=0, logdetD=-5.37872972154e-09
# m=1432, xi=0, logdetD=-5.29235308084e-09
# m=1433, xi=0, logdetD=-5.20736394493e-09
# m=1434, xi=0, logdetD=-5.1237396226e-09
# m=1435, xi=0, logdetD=-5.04145780403e-09
# m=1436, xi=0, logdetD=-4.96049771588e-09
# m=1437, xi=0, logdetD=-4.88083735922e-09
# m=1438, xi=0, logdetD=-4.80245662487e-09
# m=1439, xi=0, logdetD=-4.72533421241e-09
# m=1440, xi=0, logdetD=-4.64945065565e-09
# m=1441, xi=0, logdetD=-4.57478569038e-09
# m=1442, xi=0, logdetD=-4.50131939316e-09
# m=1443, xi=0, logdetD=-4.4290332239e-09
# m=1444, xi=0, logdetD=-4.35790753295e-09
# m=1445, xi=0, logdetD=-4.28792437305e-09
# m=1446, xi=0, logdetD=-4.21906471844e-09
# m=1447, xi=0, logdetD=-4.15131119571e-09
# m=1448, xi=0, logdetD=-4.08464538321e-09
# m=1449, xi=0, logdetD=-4.01905046303e-09
# m=1450, xi=0, logdetD=-3.95450891386e-09
# m=1451, xi=0, logdetD=-3.89100350928e-09
# m=1452, xi=0, logdetD=-3.82851823146e-09
# m=1453, xi=0, logdetD=-3.76703608646e-09
# m=1454, xi=0, logdetD=-3.70654156864e-09
# m=1455, xi=0, logdetD=-3.64701822359e-09
# m=1456, xi=0, logdetD=-3.58845104151e-09
# m=1457, xi=0, logdetD=-3.53082409042e-09
# m=1458, xi=0, logdetD=-3.47412284045e-09
# m=1459, xi=0, logdetD=-3.41833214192e-09
# m=1460, xi=0, logdetD=-3.36343710029e-09
# m=1461, xi=0, logdetD=-3.30942387694e-09
# m=1462, xi=0, logdetD=-3.25627777464e-09
# m=1463, xi=0, logdetD=-3.20398539726e-09
# m=1464, xi=0, logdetD=-3.15253251422e-09
# m=1465, xi=0, logdetD=-3.10190615776e-09
# m=1466, xi=0, logdetD=-3.05209279853e-09
# m=1467, xi=0, logdetD=-3.00307913516e-09
# m=1468, xi=0, logdetD=-2.95485281687e-09
# m=1469, xi=0, logdetD=-2.90740071587e-09
# m=1470, xi=0, logdetD=-2.86071087634e-09
# m=1471, xi=0, logdetD=-2.8147705873e-09
# m=1472, xi=0, logdetD=-2.76956827524e-09
# m=1473, xi=0, logdetD=-2.72509163274e-09
# m=1474, xi=0, logdetD=-2.68132945639e-09
# m=1475, xi=0, logdetD=-2.63827004808e-09
# m=1476, xi=0, logdetD=-2.59590190698e-09
# m=1477, xi=0, logdetD=-2.55421436268e-09
# m=1478, xi=0, logdetD=-2.51319606156e-09
# m=1479, xi=0, logdetD=-2.47283667445e-09
# m=1480, xi=0, logdetD=-2.43312520818e-09
# m=1481, xi=0, logdetD=-2.39405166388e-09
# m=1482, xi=0, logdetD=-2.35560539743e-09
# m=1483, xi=0, logdetD=-2.31777672968e-09
# m=1484, xi=0, logdetD=-2.28055554594e-09
# m=1485, xi=0, logdetD=-2.24393190214e-09
# m=1486, xi=0, logdetD=-2.20789657969e-09
# m=1487, xi=0, logdetD=-2.17243975932e-09
# m=1488, xi=0, logdetD=-2.13755251722e-09
# m=1489, xi=0, logdetD=-2.10322534588e-09
# m=1490, xi=0, logdetD=-2.06944960686e-09
# m=1491, xi=0, logdetD=-2.03621626725e-09
# m=1492, xi=0, logdetD=-2.0035164466e-09
# m=1493, xi=0, logdetD=-1.97134191751e-09
# m=1494, xi=0, logdetD=-1.93968390924e-09
# m=1495, xi=0, logdetD=-1.90853445747e-09
# m=1496, xi=0, logdetD=-1.87788506992e-09
# m=1497, xi=0, logdetD=-1.84772803697e-09
# m=1498, xi=0, logdetD=-1.81805513594e-09
# m=1499, xi=0, logdetD=-1.78885890378e-09
# m=1500, xi=0, logdetD=-1.76013153019e-09
# m=1501, xi=0, logdetD=-1.73186533679e-09
# m=1502, xi=0, logdetD=-1.70405321564e-09
# m=1503, xi=0, logdetD=-1.67668758125e-09
# m=1504, xi=0, logdetD=-1.64976155299e-09
# m=1505, xi=0, logdetD=-1.62326778618e-09
# m=1506, xi=0, logdetD=-1.59719962024e-09
# m=1507, xi=0, logdetD=-1.57154994366e-09
# m=1509, xi=0, logdetD=-1.52147996269e-09
# m=1508, xi=0, logdetD=-1.54631230887e-09
# m=1510, xi=0, logdetD=-1.4970462661e-09
# m=1511, xi=0, logdetD=-1.47300507833e-09
# m=1512, xi=0, logdetD=-1.44934983894e-09
# m=1513, xi=0, logdetD=-1.42607460353e-09
# m=1514, xi=0, logdetD=-1.40317301997e-09
# m=1515, xi=0, logdetD=-1.38063933398e-09
# m=1516, xi=0, logdetD=-1.3584675146e-09
# m=1517, xi=0, logdetD=-1.33665163293e-09
# m=1518, xi=0, logdetD=-1.31518620849e-09
# m=1519, xi=0, logdetD=-1.29406538135e-09
# m=1520, xi=0, logdetD=-1.27328384633e-09
# m=1521, xi=0, logdetD=-1.25283592952e-09
# m=1522, xi=0, logdetD=-1.2327164954e-09
# m=1523, xi=0, logdetD=-1.21292005021e-09
# m=1524, xi=0, logdetD=-1.19344162266e-09
# m=1525, xi=0, logdetD=-1.17427599811e-09
# m=1526, xi=0, logdetD=-1.15541805014e-09
# m=1527, xi=0, logdetD=-1.13686304404e-09
# m=1528, xi=0, logdetD=-1.11860591175e-09
# m=1529, xi=0, logdetD=-1.10064206998e-09
# m=1530, xi=0, logdetD=-1.08296661155e-09
# m=1531, xi=0, logdetD=-1.06557509976e-09
# m=1532, xi=0, logdetD=-1.04846278321e-09
# m=1533, xi=0, logdetD=-1.0316253671e-09
# m=1534, xi=0, logdetD=-1.01505834256e-09
# m=1535, xi=0, logdetD=-9.98757277094e-10
# m=1536, xi=0, logdetD=-9.82718080266e-10
# m=1537, xi=0, logdetD=-9.66936368854e-10
# m=1538, xi=0, logdetD=-9.51408183257e-10
# m=1539, xi=0, logdetD=-9.36129279401e-10
# m=1540, xi=0, logdetD=-9.21095824323e-10
# m=1541, xi=0, logdetD=-9.06303791364e-10
# m=1542, xi=0, logdetD=-8.91749222098e-10
# m=1543, xi=0, logdetD=-8.77428465972e-10
# m=1544, xi=0, logdetD=-8.6333760776e-10
# m=1545, xi=0, logdetD=-8.4947311367e-10
# m=1546, xi=0, logdetD=-8.35831192763e-10
# m=1547, xi=0, logdetD=-8.22408424272e-10
# m=1548, xi=0, logdetD=-8.09201137608e-10
# m=1549, xi=0, logdetD=-7.96206021408e-10
# m=1550, xi=0, logdetD=-7.83419594002e-10
# m=1551, xi=0, logdetD=-7.70838432756e-10
# m=1552, xi=0, logdetD=-7.58459383899e-10
# m=1553, xi=0, logdetD=-7.46279061251e-10
# m=1554, xi=0, logdetD=-7.3429441191e-10
# m=1555, xi=0, logdetD=-7.22502157196e-10
# m=1556, xi=0, logdetD=-7.10899341852e-10
# m=1557, xi=0, logdetD=-6.99482791272e-10
# m=1558, xi=0, logdetD=-6.88249644728e-10
# m=1559, xi=0, logdetD=-6.77196891769e-10
# m=1560, xi=0, logdetD=-6.66321573033e-10
# m=1561, xi=0, logdetD=-6.55620963933e-10
# m=1562, xi=0, logdetD=-6.45092135842e-10
# m=1563, xi=0, logdetD=-6.34732451322e-10
# m=1564, xi=0, logdetD=-6.24539074712e-10
# m=1565, xi=0, logdetD=-6.14509452938e-10
# m=1566, xi=0, logdetD=-6.04640840347e-10
# m=1567, xi=0, logdetD=-5.94930765531e-10
# m=1568, xi=0, logdetD=-5.85376625481e-10
# m=1569, xi=0, logdetD=-5.75975861388e-10
# m=1570, xi=0, logdetD=-5.66726119464e-10
# m=1571, xi=0, logdetD=-5.57624866794e-10
# m=1572, xi=0, logdetD=-5.48669824878e-10
# m=1573, xi=0, logdetD=-5.39858541204e-10
# m=1574, xi=0, logdetD=-5.31188810155e-10
# m=1575, xi=0, logdetD=-5.22658307094e-10
# m=1576, xi=0, logdetD=-5.14264746885e-10
# m=1577, xi=0, logdetD=-5.06006028879e-10
# m=1578, xi=0, logdetD=-4.97879890588e-10
# m=1579, xi=0, logdetD=-4.89884298559e-10
# m=1580, xi=0, logdetD=-4.82017062123e-10
# m=1581, xi=0, logdetD=-4.74276212868e-10
# m=1582, xi=0, logdetD=-4.66659629666e-10
# m=1583, xi=0, logdetD=-4.59165407071e-10
# m=1584, xi=0, logdetD=-4.51791535063e-10
# m=1585, xi=0, logdetD=-4.44536037804e-10
# m=1586, xi=0, logdetD=-4.37397100537e-10
# m=1587, xi=0, logdetD=-4.30372766474e-10
# m=1588, xi=0, logdetD=-4.23461278909e-10
# m=1589, xi=0, logdetD=-4.16660743167e-10
# m=1590, xi=0, logdetD=-4.09969458737e-10
# m=1591, xi=0, logdetD=-4.03385591084e-10
# m=1592, xi=0, logdetD=-3.96907494095e-10
# m=1593, xi=0, logdetD=-3.90533429785e-10
# m=1594, xi=0, logdetD=-3.84261689744e-10
# m=1595, xi=0, logdetD=-3.78090706206e-10
# m=1596, xi=0, logdetD=-3.72018786772e-10
# m=1597, xi=0, logdetD=-3.66044413826e-10
# m=1598, xi=0, logdetD=-3.60165948691e-10
# m=1599, xi=0, logdetD=-3.54381922296e-10
# m=1600, xi=0, logdetD=-3.48690782521e-10
# m=1601, xi=0, logdetD=-3.43091003667e-10
# m=1602, xi=0, logdetD=-3.3758118659e-10
# m=1603, xi=0, logdetD=-3.32159819572e-10
# m=1604, xi=0, logdetD=-3.26825548222e-10
# m=1605, xi=0, logdetD=-3.21576908807e-10
# m=1606, xi=0, logdetD=-3.16412590267e-10
# m=1607, xi=0, logdetD=-3.11331175325e-10
# m=1608, xi=0, logdetD=-3.06331394864e-10
# m=1609, xi=0, logdetD=-3.0141190682e-10
# m=1610, xi=0, logdetD=-2.96571391997e-10
# m=1611, xi=0, logdetD=-2.91808641681e-10
# m=1612, xi=0, logdetD=-2.87122348405e-10
# m=1613, xi=0, logdetD=-2.8251134212e-10
# m=1614, xi=0, logdetD=-2.77974356858e-10
# m=1615, xi=0, logdetD=-2.73510260004e-10
# m=1616, xi=0, logdetD=-2.69117825771e-10
# m=1617, xi=0, logdetD=-2.64795957777e-10
# m=1618, xi=0, logdetD=-2.60543495588e-10
# m=1619, xi=0, logdetD=-2.5635929856e-10
# m=1620, xi=0, logdetD=-2.52242322497e-10
# m=1621, xi=0, logdetD=-2.48191436578e-10
# m=1622, xi=0, logdetD=-2.44205630014e-10
# m=1623, xi=0, logdetD=-2.40283807877e-10
# m=1624, xi=0, logdetD=-2.36424991716e-10
# m=1625, xi=0, logdetD=-2.3262814519e-10
# m=1626, xi=0, logdetD=-2.28892249642e-10
# m=1627, xi=0, logdetD=-2.25216373194e-10
# m=1628, xi=0, logdetD=-2.21599505746e-10
# m=1629, xi=0, logdetD=-2.18040745231e-10
# m=1630, xi=0, logdetD=-2.14539113611e-10
# m=1631, xi=0, logdetD=-2.11093737678e-10
# m=1632, xi=0, logdetD=-2.07703670436e-10
# m=1633, xi=0, logdetD=-2.04368066614e-10
# m=1634, xi=0, logdetD=-2.01086030125e-10
# m=1635, xi=0, logdetD=-1.97856680183e-10
# m=1636, xi=0, logdetD=-1.94679211752e-10
# m=1637, xi=0, logdetD=-1.91552751202e-10
# m=1638, xi=0, logdetD=-1.88476519253e-10
# m=1639, xi=0, logdetD=-1.85449670002e-10
# m=1640, xi=0, logdetD=-1.82471449102e-10
# m=1641, xi=0, logdetD=-1.79541037497e-10
# m=1642, xi=0, logdetD=-1.76657704976e-10
# m=1643, xi=0, logdetD=-1.73820676719e-10
# m=1644, xi=0, logdetD=-1.71029191153e-10
# m=1645, xi=0, logdetD=-1.6828255282e-10
# m=1646, xi=0, logdetD=-1.65580006121e-10
# m=1647, xi=0, logdetD=-1.62920877851e-10
# m=1648, xi=0, logdetD=-1.60304436392e-10
# m=1649, xi=0, logdetD=-1.57730030076e-10
# m=1650, xi=0, logdetD=-1.55196966944e-10
# m=1651, xi=0, logdetD=-1.52704566866e-10
# m=1652, xi=0, logdetD=-1.50252209196e-10
# m=1653, xi=0, logdetD=-1.47839218995e-10
# m=1654, xi=0, logdetD=-1.45464995475e-10
# m=1655, xi=0, logdetD=-1.43128885117e-10
# m=1656, xi=0, logdetD=-1.40830306356e-10
# m=1657, xi=0, logdetD=-1.38568626413e-10
# m=1658, xi=0, logdetD=-1.36343282331e-10
# m=1659, xi=0, logdetD=-1.34153675794e-10
# m=1660, xi=0, logdetD=-1.31999218721e-10
# m=1661, xi=0, logdetD=-1.29879374954e-10
# m=1662, xi=0, logdetD=-1.27793560736e-10
# m=1663, xi=0, logdetD=-1.25741257061e-10
# m=1664, xi=0, logdetD=-1.23721898701e-10
# m=1665, xi=0, logdetD=-1.21734983255e-10
# m=1666, xi=0, logdetD=-1.19779963436e-10
# m=1667, xi=0, logdetD=-1.17856352916e-10
# m=1668, xi=0, logdetD=-1.15963634352e-10
# m=1669, xi=0, logdetD=-1.14101299254e-10
# m=1670, xi=0, logdetD=-1.12268884451e-10
# m=1671, xi=0, logdetD=-1.10465885048e-10
# m=1672, xi=0, logdetD=-1.08691852694e-10
# m=1673, xi=0, logdetD=-1.06946298518e-10
# m=1674, xi=0, logdetD=-1.05228788514e-10
# m=1675, xi=0, logdetD=-1.03538860657e-10
# m=1676, xi=0, logdetD=-1.01876060839e-10
# m=1677, xi=0, logdetD=-1.00239975713e-10
# m=1678, xi=0, logdetD=-9.86301542825e-11
# m=1381, xi=0, logdetD=-1.20843332441e-08
# m=1679, xi=0, logdetD=-9.70461964259e-11
# m=1680, xi=0, logdetD=-9.54876654592e-11
# m=1681, xi=0, logdetD=-9.39541740647e-11
# m=1682, xi=0, logdetD=-9.24452994169e-11
# m=1683, xi=0, logdetD=-9.09606665915e-11
# m=1684, xi=0, logdetD=-8.94998760887e-11
# m=1685, xi=0, logdetD=-8.80625352591e-11
# m=1686, xi=0, logdetD=-8.66482870276e-11
# m=1687, xi=0, logdetD=-8.52567413232e-11
# m=1688, xi=0, logdetD=-8.38875524955e-11
# m=1689, xi=0, logdetD=-8.25403428532e-11
# m=1690, xi=0, logdetD=-8.12147778068e-11
# m=1382, xi=0, logdetD=-1.18902744452e-08
# m=1691, xi=0, logdetD=-7.99104916506e-11
# m=1692, xi=0, logdetD=-7.86271605017e-11
# m=1693, xi=0, logdetD=-7.73644389237e-11
# m=1694, xi=0, logdetD=-7.6121987408e-11
# m=1695, xi=0, logdetD=-7.48994974907e-11
# m=1696, xi=0, logdetD=-7.36966317957e-11
# m=1697, xi=0, logdetD=-7.25130917296e-11
# m=1698, xi=0, logdetD=-7.13485506233e-11
# m=1699, xi=0, logdetD=-7.0202719438e-11
# m=1700, xi=0, logdetD=-6.90752818719e-11
# m=1701, xi=0, logdetD=-6.79659581347e-11
# m=1702, xi=0, logdetD=-6.68744495371e-11
# m=1703, xi=0, logdetD=-6.58004625191e-11
# m=1704, xi=0, logdetD=-6.47437306111e-11
# m=1705, xi=0, logdetD=-6.37039620134e-11
# m=1706, xi=0, logdetD=-6.2680898783e-11
# m=1707, xi=0, logdetD=-6.16742583807e-11
# m=1708, xi=0, logdetD=-6.06837911178e-11
# m=1709, xi=0, logdetD=-5.9709230244e-11
# m=1710, xi=0, logdetD=-5.87503135925e-11
# m=1380, xi=0, logdetD=-1.22815592029e-08
# m=1711, xi=0, logdetD=-5.78068033625e-11
# m=1712, xi=0, logdetD=-5.68784389008e-11
# m=1713, xi=0, logdetD=-5.5964990016e-11
# m=1714, xi=0, logdetD=-5.50662043269e-11
# m=1715, xi=0, logdetD=-5.41818590083e-11
# m=1716, xi=0, logdetD=-5.33117096883e-11
# m=1717, xi=0, logdetD=-5.24555406721e-11
# m=1718, xi=0, logdetD=-5.16131213078e-11
# m=1719, xi=0, logdetD=-5.07842249088e-11
# m=1720, xi=0, logdetD=-4.99686460503e-11
# m=1721, xi=0, logdetD=-4.91661592895e-11
# m=1722, xi=0, logdetD=-4.83765657756e-11
# m=1723, xi=0, logdetD=-4.75996472199e-11
# m=1724, xi=0, logdetD=-4.68352111345e-11
# m=1725, xi=0, logdetD=-4.60830461587e-11
# m=1726, xi=0, logdetD=-4.53429659643e-11
# m=1727, xi=0, logdetD=-4.46147711118e-11
# m=1728, xi=0, logdetD=-4.38982655936e-11
# m=1729, xi=0, logdetD=-4.31932719537e-11
# m=1730, xi=0, logdetD=-4.24995952028e-11
# m=1731, xi=0, logdetD=-4.18170635636e-11
# m=1732, xi=0, logdetD=-4.11454882349e-11
# m=1733, xi=0, logdetD=-4.04847029363e-11
# m=1734, xi=0, logdetD=-3.98345295542e-11
# m=1736, xi=0, logdetD=-3.85653350357e-11
# m=1735, xi=0, logdetD=-3.91947930417e-11
# m=1737, xi=0, logdetD=-3.79459813595e-11
# m=1738, xi=0, logdetD=-3.73365787181e-11
# m=1739, xi=0, logdetD=-3.67369584619e-11
# m=1740, xi=0, logdetD=-3.61469722017e-11
# m=1741, xi=0, logdetD=-3.556645664e-11
# m=1742, xi=0, logdetD=-3.49952681361e-11
# m=1743, xi=0, logdetD=-3.44332526793e-11
# m=1744, xi=0, logdetD=-3.38802589123e-11
# m=1745, xi=0, logdetD=-3.33361500342e-11
# m=1746, xi=0, logdetD=-3.28007753963e-11
# m=1747, xi=0, logdetD=-3.22740025753e-11
# m=1748, xi=0, logdetD=-3.17556857033e-11
# m=1749, xi=0, logdetD=-3.12456965952e-11
# m=1750, xi=0, logdetD=-3.07438940116e-11
# m=1751, xi=0, logdetD=-3.02501538699e-11
# m=1752, xi=0, logdetD=-2.97643429999e-11
# m=1753, xi=0, logdetD=-2.92863305283e-11
# m=1754, xi=0, logdetD=-2.88159982807e-11
# m=1755, xi=0, logdetD=-2.83532159579e-11
# m=1756, xi=0, logdetD=-2.78978691674e-11
# m=1757, xi=0, logdetD=-2.74498317448e-11
# m=1758, xi=0, logdetD=-2.70089929588e-11
# m=1759, xi=0, logdetD=-2.65752338786e-11
# m=1760, xi=0, logdetD=-2.61484376259e-11
# m=1761, xi=0, logdetD=-2.57284987422e-11
# m=1762, xi=0, logdetD=-2.53153008351e-11
# m=1763, xi=0, logdetD=-2.49087418212e-11
# m=1765, xi=0, logdetD=-2.41151035599e-11
# m=1766, xi=0, logdetD=-2.37278163735e-11
# m=1767, xi=0, logdetD=-2.33467517889e-11
# m=1768, xi=0, logdetD=-2.29718069687e-11
# m=1764, xi=0, logdetD=-2.45087090015e-11
# m=1769, xi=0, logdetD=-2.2602880852e-11
# m=1770, xi=0, logdetD=-2.223988234e-11
# m=1771, xi=0, logdetD=-2.18827107622e-11
# m=1772, xi=0, logdetD=-2.15312779354e-11
# m=1773, xi=0, logdetD=-2.11854863833e-11
# m=1774, xi=0, logdetD=-2.08452507453e-11
# m=1775, xi=0, logdetD=-2.05104766383e-11
# m=1776, xi=0, logdetD=-2.01810814336e-11
# m=1777, xi=0, logdetD=-1.98569762097e-11
# m=1778, xi=0, logdetD=-1.95380735824e-11
# m=1779, xi=0, logdetD=-1.92242948576e-11
# m=1780, xi=0, logdetD=-1.89155529626e-11
# m=1781, xi=0, logdetD=-1.86117717221e-11
# m=1782, xi=0, logdetD=-1.83128668264e-11
# m=1783, xi=0, logdetD=-1.80187645381e-11
# m=1784, xi=0, logdetD=-1.77293854439e-11
# m=1785, xi=0, logdetD=-1.74446515036e-11
# m=1786, xi=0, logdetD=-1.71644924916e-11
# m=1787, xi=0, logdetD=-1.68888306279e-11
# m=1788, xi=0, logdetD=-1.66175979346e-11
# m=1789, xi=0, logdetD=-1.63507191e-11
# m=1790, xi=0, logdetD=-1.60881283217e-11
# m=1791, xi=0, logdetD=-1.58297526779e-11
# m=1792, xi=0, logdetD=-1.55755284723e-11
# m=1793, xi=0, logdetD=-1.53253870374e-11
# m=1794, xi=0, logdetD=-1.50792608942e-11
# m=1795, xi=0, logdetD=-1.48370893798e-11
# m=1796, xi=0, logdetD=-1.45988052204e-11
# m=1797, xi=0, logdetD=-1.43643496945e-11
# m=1798, xi=0, logdetD=-1.4133657663e-11
# m=1799, xi=0, logdetD=-1.39066722841e-11
# m=1800, xi=0, logdetD=-1.36833304856e-11
# m=1801, xi=0, logdetD=-1.34635772449e-11
# m=1802, xi=0, logdetD=-1.32473531865e-11
# m=1803, xi=0, logdetD=-1.30345999632e-11
# m=1804, xi=0, logdetD=-1.28252651729e-11
# m=1805, xi=0, logdetD=-1.26192906284e-11
# m=1806, xi=0, logdetD=-1.24166256048e-11
# m=1807, xi=0, logdetD=-1.22172137613e-11
# m=1808, xi=0, logdetD=-1.20210059966e-11
# m=1809, xi=0, logdetD=-1.18279492836e-11
# m=1810, xi=0, logdetD=-1.16379915145e-11
# m=1811, xi=0, logdetD=-1.14510859264e-11
# m=1812, xi=0, logdetD=-1.12671805419e-11
# m=1813, xi=0, logdetD=-1.10862300952e-11
# m=1814, xi=0, logdetD=-1.09081842581e-11
# m=1815, xi=0, logdetD=-1.07329992136e-11
# m=1816, xi=0, logdetD=-1.05606262305e-11
# m=1817, xi=0, logdetD=-1.03910228943e-11
# m=1818, xi=0, logdetD=-1.02241433533e-11
# m=1819, xi=0, logdetD=-1.0059942551e-11
# m=1820, xi=0, logdetD=-9.89838009308e-12
# m=1821, xi=0, logdetD=-9.73941102247e-12
# m=1822, xi=0, logdetD=-9.58299623762e-12
# m=1823, xi=0, logdetD=-9.4290922081e-12
# m=1824, xi=0, logdetD=-9.27766108403e-12
# m=1825, xi=0, logdetD=-9.12866071608e-12
# m=1826, xi=0, logdetD=-8.98205446597e-12
# m=1827, xi=0, logdetD=-8.83780268632e-12
# m=1828, xi=0, logdetD=-8.69586641805e-12
# m=1829, xi=0, logdetD=-8.55621076781e-12
# m=1831, xi=0, logdetD=-8.28359089023e-12
# m=1830, xi=0, logdetD=-8.41879685065e-12
# m=1832, xi=0, logdetD=-8.15055523538e-12
# m=1833, xi=0, logdetD=-8.01965719091e-12
# m=1834, xi=0, logdetD=-7.89086030038e-12
# m=1835, xi=0, logdetD=-7.76413291513e-12
# m=1836, xi=0, logdetD=-7.63944075256e-12
# m=1837, xi=0, logdetD=-7.51675012578e-12
# m=1838, xi=0, logdetD=-7.39603089349e-12
# m=1839, xi=0, logdetD=-7.27724942267e-12
# m=1840, xi=0, logdetD=-7.16037653689e-12
# m=1841, xi=0, logdetD=-7.04537967033e-12
# m=1842, xi=0, logdetD=-6.93223058045e-12
# m=1843, xi=0, logdetD=-6.82089865023e-12
# m=1844, xi=0, logdetD=-6.71135379481e-12
# m=1845, xi=0, logdetD=-6.60356911686e-12
# m=1846, xi=0, logdetD=-6.49751457268e-12
# m=1847, xi=0, logdetD=-6.39316412594e-12
# m=1848, xi=0, logdetD=-6.29048868614e-12
# m=1849, xi=0, logdetD=-6.18946305049e-12
# m=1850, xi=0, logdetD=-6.09005905146e-12
# m=1851, xi=0, logdetD=-5.99225229302e-12
# m=1852, xi=0, logdetD=-5.89601630089e-12
# m=1853, xi=0, logdetD=-5.80132506149e-12
# m=1854, xi=0, logdetD=-5.70815534071e-12
# m=1855, xi=0, logdetD=-5.61648115254e-12
# m=1856, xi=0, logdetD=-5.52628000666e-12
# m=1857, xi=0, logdetD=-5.43752674155e-12
# m=1858, xi=0, logdetD=-5.35019958686e-12
# m=1859, xi=0, logdetD=-5.26427417937e-12
# m=1860, xi=0, logdetD=-5.17972944569e-12
# m=1861, xi=0, logdetD=-5.0965424938e-12
# m=1862, xi=0, logdetD=-5.01469083034e-12
# m=1863, xi=0, logdetD=-4.93415438562e-12
# m=1864, xi=0, logdetD=-4.85491068327e-12
# m=1865, xi=0, logdetD=-4.77694029607e-12
# m=1866, xi=0, logdetD=-4.70022146075e-12
# m=1867, xi=0, logdetD=-4.62473537209e-12
# m=1868, xi=0, logdetD=-4.55046158561e-12
# m=1869, xi=0, logdetD=-4.47738001313e-12
# m=1870, xi=0, logdetD=-4.40547274509e-12
# m=1871, xi=0, logdetD=-4.33471970367e-12
# m=1872, xi=0, logdetD=-4.26510355268e-12
# m=1873, xi=0, logdetD=-4.1966048513e-12
# m=1874, xi=0, logdetD=-4.12920681837e-12
# m=1875, xi=0, logdetD=-4.06289062985e-12
# m=1876, xi=0, logdetD=-3.9976400418e-12
# m=1877, xi=0, logdetD=-3.9334373761e-12
# m=1878, xi=0, logdetD=-3.87026526289e-12
# m=1879, xi=0, logdetD=-3.80810823198e-12
# m=1880, xi=0, logdetD=-3.74694891716e-12
# m=1881, xi=0, logdetD=-3.68677234347e-12
# m=1882, xi=0, logdetD=-3.62756169567e-12
# m=1883, xi=0, logdetD=-3.56930247824e-12
# m=1884, xi=0, logdetD=-3.51197840946e-12
# m=1885, xi=0, logdetD=-3.45557545786e-12
# m=1886, xi=0, logdetD=-3.4000783373e-12
# m=1887, xi=0, logdetD=-3.34547202846e-12
# m=1888, xi=0, logdetD=-3.29174316825e-12
# m=1889, xi=0, logdetD=-3.23887673583e-12
# m=1890, xi=0, logdetD=-3.18685979593e-12
# m=1891, xi=0, logdetD=-3.13567780427e-12
# m=1893, xi=0, logdetD=-3.03576745048e-12
# m=1894, xi=0, logdetD=-2.98701202316e-12
# m=1895, xi=0, logdetD=-2.93904003308e-12
# m=1896, xi=0, logdetD=-2.89183806229e-12
# m=1892, xi=0, logdetD=-3.08531823972e-12
# m=1897, xi=0, logdetD=-2.84539456786e-12
# m=1898, xi=0, logdetD=-2.79969655755e-12
# m=1899, xi=0, logdetD=-2.754732858e-12
# m=1900, xi=0, logdetD=-2.71049088914e-12
# m=1901, xi=0, logdetD=-2.66695983537e-12
# m=1902, xi=0, logdetD=-2.62412789206e-12
# m=1903, xi=0, logdetD=-2.58198346091e-12
# m=1904, xi=0, logdetD=-2.54051624152e-12
# m=1905, xi=0, logdetD=-2.49971462803e-12
# m=1906, xi=0, logdetD=-2.45956864981e-12
# m=1907, xi=0, logdetD=-2.42006706922e-12
# m=1908, xi=0, logdetD=-2.38120023485e-12
# m=1909, xi=0, logdetD=-2.34295726559e-12
# m=1910, xi=0, logdetD=-2.30532881904e-12
# m=1911, xi=0, logdetD=-2.2683046878e-12
# m=1912, xi=0, logdetD=-2.23187484308e-12
# m=1913, xi=0, logdetD=-2.1960303875e-12
# m=1914, xi=0, logdetD=-2.16076128258e-12
# m=1915, xi=0, logdetD=-2.12605891583e-12
# m=1916, xi=0, logdetD=-2.09191356724e-12
# m=1917, xi=0, logdetD=-2.05831690009e-12
# m=1918, xi=0, logdetD=-2.02525979829e-12
# m=1919, xi=0, logdetD=-1.99273330535e-12
# m=1920, xi=0, logdetD=-1.96072948168e-12
# m=1921, xi=0, logdetD=-1.92923935998e-12
# m=1922, xi=0, logdetD=-1.89825525485e-12
# m=1923, xi=0, logdetD=-1.8677684835e-12
# m=1924, xi=0, logdetD=-1.8377716066e-12
# m=1925, xi=0, logdetD=-1.80825621682e-12
# m=1926, xi=0, logdetD=-1.77921511303e-12
# m=1927, xi=0, logdetD=-1.75064041261e-12
# m=1928, xi=0, logdetD=-1.72252437104e-12
# m=1929, xi=0, logdetD=-1.69486013024e-12
# m=1930, xi=0, logdetD=-1.66763993392e-12
# m=1931, xi=0, logdetD=-1.64085714359e-12
# m=1932, xi=0, logdetD=-1.61450424903e-12
# m=1933, xi=0, logdetD=-1.58857482432e-12
# m=1934, xi=0, logdetD=-1.5630615975e-12
# m=1935, xi=0, logdetD=-1.53795834837e-12
# m=1936, xi=0, logdetD=-1.51325826088e-12
# m=1937, xi=0, logdetD=-1.48895463846e-12
# m=1938, xi=0, logdetD=-1.46504155726e-12
# m=1939, xi=0, logdetD=-1.44151230844e-12
# m=1940, xi=0, logdetD=-1.41836115782e-12
# m=1941, xi=0, logdetD=-1.39558160942e-12
# m=1942, xi=0, logdetD=-1.37316811265e-12
# m=1943, xi=0, logdetD=-1.35111458016e-12
# m=1944, xi=0, logdetD=-1.32941503142e-12
# m=1945, xi=0, logdetD=-1.30806418029e-12
# m=1946, xi=0, logdetD=-1.28705603379e-12
# m=1947, xi=0, logdetD=-1.26638547505e-12
# m=1948, xi=0, logdetD=-1.24604670122e-12
# m=1949, xi=0, logdetD=-1.22603475926e-12
# m=1951, xi=0, logdetD=-1.18696972029e-12
# m=1950, xi=0, logdetD=-1.20634403043e-12
# m=1952, xi=0, logdetD=-1.16790656511e-12
# m=1953, xi=0, logdetD=-1.14914939362e-12
# m=1954, xi=0, logdetD=-1.1306936398e-12
# m=1955, xi=0, logdetD=-1.11253411998e-12
# m=1956, xi=0, logdetD=-1.09466641435e-12
# m=1957, xi=0, logdetD=-1.07708550369e-12
# m=1958, xi=0, logdetD=-1.05978710972e-12
# m=1959, xi=0, logdetD=-1.04276637245e-12
# m=1960, xi=0, logdetD=-1.02601915058e-12
# m=1961, xi=0, logdetD=-1.0095408926e-12
# m=1962, xi=0, logdetD=-9.93327126968e-13
# m=1963, xi=0, logdetD=-9.77373909694e-13
# m=1964, xi=0, logdetD=-9.6167675713e-13
# m=1965, xi=0, logdetD=-9.46231851572e-13
# m=1966, xi=0, logdetD=-9.31034851607e-13
# m=1967, xi=0, logdetD=-9.16082061788e-13
# m=1968, xi=0, logdetD=-9.01369278422e-13
# m=1384, xi=0, logdetD=-1.15114548785e-08
# m=1383, xi=0, logdetD=-1.16993311069e-08
# m=1385, xi=0, logdetD=-1.1326594853e-08
# m=1386, xi=0, logdetD=-1.11447042251e-08
# m=1387, xi=0, logdetD=-1.09657337044e-08
# m=1388, xi=0, logdetD=-1.07896379823e-08
# m=1389, xi=0, logdetD=-1.06163693333e-08
# m=1390, xi=0, logdetD=-1.04458838973e-08
# m=1391, xi=0, logdetD=-1.02781362119e-08
# m=1392, xi=0, logdetD=-1.01130815767e-08
#
# L/R, L, R, ldim, F_Drude/(kB*T), F_PR/(kB*T)
3.275037662933123e-05, 1, 30534, 305340, -4587.298282653532, -9167.844874381983

# finished at Mi 21. Mär 18:48:48 CET 2018
